IQ-TREE multicore version 2.1.0 for Linux 64-bit built Jul 18 2020
Developed by Bui Quang Minh, James Barbetti, Nguyen Lam Tung,
Olga Chernomor, Heiko Schmidt, Dominik Schrempf, Michael Woodhams.

Host:    node-hp0507.linux.crg.es (AVX, 125 GB RAM)
Command: /users/asebe/xgraubove/Programes/iqtree-2.1.0-Linux/bin/iqtree2 -s results_broccoli_metc/alignments/OG_1080.lt.fasta -m TEST -mset LG,WAG,JTT -nt AUTO -ntmax 2 -bb 1000 -pre results_broccoli_metc/alignments/OG_1080.iqtree -nm 10000 -nstop 200 -cptime 1800
Seed:    822915 (Using SPRNG - Scalable Parallel Random Number Generator)
Time:    Fri Jun  3 08:50:52 2022
Kernel:  AVX - auto-detect threads (2 CPU cores detected)

Reading alignment file results_broccoli_metc/alignments/OG_1080.lt.fasta ... Fasta format detected
Alignment most likely contains protein sequences
Alignment has 77 sequences with 280 columns, 280 distinct patterns
261 parsimony-informative, 0 singleton sites, 19 constant sites
                                                                  Gap/Ambiguity  Composition  p-value
   1  Bralan_BLAG13000827_1                                               0.36%    passed     55.91%
   2  Cgig_XM_011433579.3                                                 3.21%    passed     97.95%
   3  Acagra_model.g7169.t1                                              32.14%    passed     45.31%
   4  Ctel_gnl_WGS_AMQN_CAPTEDRAFT_mRNA210368                             6.43%    passed     98.52%
   5  Dpul_mRNA13217                                                      2.50%    passed     96.43%
   6  Cscu_XM_023372951.1                                                 2.86%    passed     42.29%
   7  Spur_XM_030995681.1                                                 2.50%    passed     99.17%
   8  Skow_XM_002741603.2                                                 0.71%    passed     93.87%
   9  Nvec_v1g23808                                                       3.93%    passed     96.18%
  10  Amil_Amillepora25459-RA                                             9.29%    passed     99.41%
  11  Gfas_gfas1.m1.1162.m1                                               9.29%    passed     89.46%
  12  Fspp_ffun1.m4.5639.m1                                               7.14%    passed     90.54%
  13  Gasp_gasp1.m3.20290.m1                                              4.29%    passed     98.34%
  14  Pocdam_XM_027193606.1                                               5.71%    passed     99.92%
  15  Spis_XP_022807875_1                                                20.36%    passed     10.48%
  16  Dgig_XM_028547794.1                                                 2.86%    passed     91.07%
  17  Xesp_000805-T1                                                     12.50%    passed     98.24%
  18  Adig_XM_015923595.1                                                16.79%    passed     95.65%
  19  Aaur_scaffold32.g30.t1                                             37.86%    passed     90.19%
  20  Nemnom_g3747.t1                                                     4.64%    passed     99.61%
  21  Rhoesc_Res_016304-T1                                                4.64%    passed     99.36%
  22  Sanmal_Sma_011998-T1                                                2.86%    passed     89.25%
  23  Ocar_g11118                                                        38.57%    passed     97.50%
  24  Opea_EP00118_Oscarella_pearsei_P006622                             10.71%    passed     90.96%
  25  Plajan_Pjan_C546313_01                                              8.93%    passed     98.85%
  26  Chem_TCONS_00061560                                                 2.14%    passed     84.25%
  27  Hvul_g31009_1                                                       4.29%    passed     63.44%
  28  Aque_Aqu2.1.43454_001                                               6.07%    passed     32.21%
  29  Halamb_c32885_g1_i1m.7358                                           7.14%    passed     72.86%
  30  Xestes_augustus_masked-XT_scaffold2819-processed-gene-0.8-mRNA-1    6.43%    passed     63.19%
  31  Emue_Em0020g629a.t1                                                35.00%    passed     81.84%
  32  Spolac_c97811_g1_i1_m.15837c97811-g1                                7.86%    passed     81.76%
  33  Plespi_Pspi_C601624_01                                              7.14%    passed     36.33%
  34  Tadh_TriadT60181                                                    6.43%    passed     98.85%
  35  TrH2_TrispH2_000746-RA                                              6.43%    passed     98.77%
  36  HoiH06_mRNA7535                                                     6.79%    passed     98.96%
  37  HoiH23_PlH23_008343-RA                                              6.79%    passed     96.92%
  38  Hhon_g04989.t1                                                      6.79%    passed     99.65%
  39  HoiH04_mRNA5830                                                     6.79%    passed     99.85%
  40  HoiH11_mRNA4859                                                     6.79%    passed     98.59%
  41  Scil_scict020669.1                                                 44.64%    passed     64.31%
  42  Lcom_lcpid106937                                                   19.64%    passed     82.48%
  43  Gracom_Gcom_scaffold9572_01                                        13.57%    passed     21.87%
  44  Leuniv_Lniv_scaffold16112_01                                       12.50%    passed     46.86%
  45  Clacor_Ccor_C509125_01                                             47.86%    passed     57.50%
  46  Tcas_TC011978_001                                                   1.43%    passed     96.11%
  47  Mbre_EDQ89890                                                       8.57%    passed     73.01%
  48  Choper_EP00045_Choanoeca_perplexa_P003394                           0.36%    passed     97.12%
  49  Chofle_EP00730_Choanoeca_flexa_P010488                              0.36%    passed     79.94%
  50  Saldol_EP00054_Salpingoeca_dolichothecata_P032990                   7.50%    passed     86.58%
  51  Salkve_EP00050_Salpingoeca_kvevrii_P007113                          5.00%    passed     65.70%
  52  Salmac_EP00052_Salpingoeca_macrocollata_P011475                     5.36%    passed     88.16%
  53  Salpun_EP00053_Salpingoeca_punica_P016069                           8.21%    passed     42.33%
  54  Salurc_EP00051_Salpingoeca_urceolata_P012794                        0.71%    passed     25.15%
  55  Mylflu_EP00047_Mylnosiga_fluctuans_P002049                          3.93%    passed     70.42%
  56  Acaspe_EP00035_Acanthoeca_spectabilis_P037317                       4.29%    passed     78.11%
  57  Helnan_EP00037_Helgoeca_nana_P015244                                3.93%    passed     20.60%
  58  Stedip_EP00041_Stephanoeca_diplocostata_P021216                     2.50%    passed     18.56%
  59  Salinf_EP00049_Salpingoeca_infusionum_P000710                       0.00%    passed     99.41%
  60  Diagra_EP00040_Diaphanoeca_grandis_P002082                          0.71%    passed     30.78%
  61  Didcos_EP00039_Didymoeca_costata_P000406                            3.57%    passed     93.60%
  62  Pbac_sb2640386                                                     26.79%    passed     97.12%
  63  Horcal_Hcv1.av93.c6.g135.i1                                         4.64%    passed     98.40%
  64  Bolinf_Binf_sb1256034                                               2.86%    passed     98.11%
  65  Mertsp_Mesp_sb581105                                                9.29%    passed     99.29%
  66  Drygla_Dgla_sb299218                                                3.21%    passed     85.59%
  67  Beraby_Baby_sb342747                                                3.21%    passed     96.63%
  68  Vmul_Simscaffold15496_01                                            4.29%    passed     99.27%
  69  Coeast_Cast_sb778778                                               44.29%    passed     93.65%
  70  Coemet_Cmet_C594213_01                                              6.07%    passed     93.96%
  71  Lampan_Lpan_C414057_01                                              4.29%    passed     84.64%
  72  Eupdun_Edun_sb10629454                                              2.86%    passed     99.66%
  73  Exapal_XM_021055789.2                                               4.64%    passed     52.43%
  74  Codhol_EP00042_Codosiga_hollandica_P036892                          1.79%    passed     67.27%
  75  Sros_EGD78804                                                      11.79%    passed     34.01%
  76  Microa_EP00043_Microstomoeca_roanoka_P025862                       17.14%    passed     89.20%
  77  Morvir_scaffold214.g9.t1                                           31.79%    passed     18.38%
****  TOTAL                                                               9.71%  0 sequences failed composition chi2 test (p-value<5%; df=19)


Create initial parsimony tree by phylogenetic likelihood library (PLL)... 0.038 seconds
Measuring multi-threading efficiency up to 2 CPU cores
Increase to 10 rounds for branch lengths
4 trees examined
Threads: 1 / Time: 2.241 sec / Speedup: 1.000 / Efficiency: 100% / LogL: -28907
Threads: 2 / Time: 1.200 sec / Speedup: 1.867 / Efficiency: 93% / LogL: -28907
BEST NUMBER OF THREADS: 2

Perform fast likelihood tree search using LG+I+G model...
Estimate model parameters (epsilon = 5.000)
Perform nearest neighbor interchange...
Estimate model parameters (epsilon = 1.000)
1. Initial log-likelihood: -20749.387
Optimal log-likelihood: -20749.285
Proportion of invariable sites: 0.056
Gamma shape alpha: 1.200
Parameters optimization took 1 rounds (0.124 sec)
Time for fast ML tree search: 1.077 seconds

NOTE: ModelFinder requires 15 MB RAM!
ModelFinder will test up to 24 protein models (sample size: 280) ...
 No. Model         -LnL         df  AIC          AICc         BIC
  1  LG            22047.030    151 44396.059    44754.684    44944.913
  2  LG+I          21804.866    152 43913.732    44279.968    44466.220
  3  LG+G4         20763.841    152 41831.681    42197.918    42384.169
  4  LG+I+G4       20749.277    153 41804.555    42178.555    42360.677
  8  LG+F+I+G4     20840.430    172 42024.860    42581.047    42650.044
 12  WAG+I+G4      20870.427    153 42046.854    42420.854    42602.976
 16  WAG+F+I+G4    20967.778    172 42279.556    42835.743    42904.740
 20  JTT+I+G4      20983.412    153 42272.824    42646.824    42828.947
 24  JTT+F+I+G4    21009.998    172 42363.997    42920.184    42989.181
Akaike Information Criterion:           LG+I+G4
Corrected Akaike Information Criterion: LG+I+G4
Bayesian Information Criterion:         LG+I+G4
Best-fit model: LG+I+G4 chosen according to BIC

All model information printed to results_broccoli_metc/alignments/OG_1080.iqtree.model.gz
CPU time for ModelFinder: 12.850 seconds (0h:0m:12s)
Wall-clock time for ModelFinder: 7.573 seconds (0h:0m:7s)
Generating 1000 samples for ultrafast bootstrap (seed: 822915)...

NOTE: 15 MB RAM (0 GB) is required!
Estimate model parameters (epsilon = 0.100)
Thoroughly optimizing +I+G parameters from 10 start values...
Init pinv, alpha: 0.000, 1.206 / Estimate: 0.000, 0.910 / LogL: -20763.799
Init pinv, alpha: 0.008, 1.206 / Estimate: 0.056, 1.202 / LogL: -20749.281
Init pinv, alpha: 0.015, 1.206 / Estimate: 0.056, 1.201 / LogL: -20749.282
Init pinv, alpha: 0.023, 1.206 / Estimate: 0.056, 1.199 / LogL: -20749.286
Init pinv, alpha: 0.030, 1.206 / Estimate: 0.056, 1.202 / LogL: -20749.280
Init pinv, alpha: 0.038, 1.206 / Estimate: 0.055, 1.200 / LogL: -20749.284
Init pinv, alpha: 0.045, 1.206 / Estimate: 0.056, 1.202 / LogL: -20749.280
Init pinv, alpha: 0.053, 1.206 / Estimate: 0.056, 1.203 / LogL: -20749.279
Init pinv, alpha: 0.060, 1.206 / Estimate: 0.057, 1.212 / LogL: -20749.278
Init pinv, alpha: 0.068, 1.206 / Estimate: 0.057, 1.213 / LogL: -20749.278
Optimal pinv,alpha: 0.057, 1.212 / LogL: -20749.278

Parameters optimization took 4.142 sec
Computing ML distances based on estimated model parameters...
Computing ML distances took 0.367946 sec (of wall-clock time) 0.735415 sec(of CPU time)
Computing RapidNJ tree took 0.001284 sec (of wall-clock time) 0.001568 sec (of CPU time)
Log-likelihood of RapidNJ tree: -20826.735
--------------------------------------------------------------------
|             INITIALIZING CANDIDATE TREE SET                      |
--------------------------------------------------------------------
Generating 98 parsimony trees... 2.563 second
Computing log-likelihood of 98 initial trees ... 3.835 seconds
Current best score: -20749.278

Do NNI search on 20 best initial trees
Estimate model parameters (epsilon = 0.100)
BETTER TREE FOUND at iteration 1: -20749.276
Estimate model parameters (epsilon = 0.100)
BETTER TREE FOUND at iteration 2: -20740.956
Iteration 10 / LogL: -20743.660 / Time: 0h:0m:17s
Iteration 20 / LogL: -20744.721 / Time: 0h:0m:23s
Finish initializing candidate tree set (16)
Current best tree score: -20740.956 / CPU time: 18.790
Number of iterations: 20
--------------------------------------------------------------------
|               OPTIMIZING CANDIDATE TREE SET                      |
--------------------------------------------------------------------
Estimate model parameters (epsilon = 0.100)
UPDATE BEST LOG-LIKELIHOOD: -20740.920
Iteration 30 / LogL: -20742.289 / Time: 0h:0m:31s (0h:3m:7s left)
Iteration 40 / LogL: -20741.174 / Time: 0h:0m:39s (0h:2m:45s left)
Iteration 50 / LogL: -20745.143 / Time: 0h:0m:47s (0h:2m:27s left)
Log-likelihood cutoff on original alignment: -20799.436
Iteration 60 / LogL: -20812.885 / Time: 0h:0m:55s (0h:2m:14s left)
Iteration 70 / LogL: -20740.980 / Time: 0h:1m:3s (0h:2m:2s left)
Iteration 80 / LogL: -20740.934 / Time: 0h:1m:12s (0h:1m:51s left)
Iteration 90 / LogL: -20741.314 / Time: 0h:1m:20s (0h:1m:41s left)
Iteration 100 / LogL: -20741.951 / Time: 0h:1m:28s (0h:1m:31s left)
Log-likelihood cutoff on original alignment: -20799.436
NOTE: Bootstrap correlation coefficient of split occurrence frequencies: 0.998
Estimate model parameters (epsilon = 0.100)
BETTER TREE FOUND at iteration 103: -20740.775
Iteration 110 / LogL: -20741.467 / Time: 0h:1m:37s (0h:2m:52s left)
Iteration 120 / LogL: -20745.250 / Time: 0h:1m:44s (0h:2m:39s left)
Estimate model parameters (epsilon = 0.100)
BETTER TREE FOUND at iteration 129: -20740.643
Iteration 130 / LogL: -20741.770 / Time: 0h:1m:52s (0h:2m:52s left)
Iteration 140 / LogL: -20740.847 / Time: 0h:2m:0s (0h:2m:44s left)
Iteration 150 / LogL: -20748.217 / Time: 0h:2m:8s (0h:2m:34s left)
Log-likelihood cutoff on original alignment: -20799.436
Iteration 160 / LogL: -20743.071 / Time: 0h:2m:17s (0h:2m:26s left)
Iteration 170 / LogL: -20740.702 / Time: 0h:2m:25s (0h:2m:17s left)
Iteration 180 / LogL: -20741.555 / Time: 0h:2m:33s (0h:2m:7s left)
Iteration 190 / LogL: -20741.829 / Time: 0h:2m:41s (0h:1m:58s left)
Iteration 200 / LogL: -20740.822 / Time: 0h:2m:49s (0h:1m:50s left)
Log-likelihood cutoff on original alignment: -20799.436
NOTE: Bootstrap correlation coefficient of split occurrence frequencies: 0.994
Iteration 210 / LogL: -20740.754 / Time: 0h:2m:58s (0h:1m:41s left)
Iteration 220 / LogL: -20744.527 / Time: 0h:3m:6s (0h:1m:32s left)
Iteration 230 / LogL: -20747.759 / Time: 0h:3m:14s (0h:1m:24s left)
Iteration 240 / LogL: -20740.643 / Time: 0h:3m:23s (0h:1m:15s left)
Iteration 250 / LogL: -20740.686 / Time: 0h:3m:32s (0h:1m:7s left)
Log-likelihood cutoff on original alignment: -20779.766
Iteration 260 / LogL: -20741.019 / Time: 0h:3m:40s (0h:0m:58s left)
Iteration 270 / LogL: -20741.517 / Time: 0h:3m:48s (0h:0m:50s left)
Iteration 280 / LogL: -20740.906 / Time: 0h:3m:57s (0h:0m:41s left)
Iteration 290 / LogL: -20818.686 / Time: 0h:4m:5s (0h:0m:33s left)
Iteration 300 / LogL: -20740.911 / Time: 0h:4m:13s (0h:0m:24s left)
Log-likelihood cutoff on original alignment: -20779.766
NOTE: Bootstrap correlation coefficient of split occurrence frequencies: 0.998
Iteration 310 / LogL: -20743.185 / Time: 0h:4m:22s (0h:1m:16s left)
Iteration 320 / LogL: -20745.937 / Time: 0h:4m:30s (0h:1m:7s left)
Iteration 330 / LogL: -20741.469 / Time: 0h:4m:38s (0h:0m:59s left)
TREE SEARCH COMPLETED AFTER 330 ITERATIONS / Time: 0h:4m:38s

--------------------------------------------------------------------
|                    FINALIZING TREE SEARCH                        |
--------------------------------------------------------------------
Performs final model parameters optimization
Estimate model parameters (epsilon = 0.010)
1. Initial log-likelihood: -20740.643
Optimal log-likelihood: -20740.642
Proportion of invariable sites: 0.057
Gamma shape alpha: 1.214
Parameters optimization took 1 rounds (0.121 sec)
BEST SCORE FOUND : -20740.642
Creating bootstrap support values...
Split supports printed to NEXUS file results_broccoli_metc/alignments/OG_1080.iqtree.splits.nex
Total tree length: 24.331

Total number of iterations: 330
CPU time used for tree search: 541.086 sec (0h:9m:1s)
Wall-clock time used for tree search: 273.695 sec (0h:4m:33s)
Total CPU time used: 551.300 sec (0h:9m:11s)
Total wall-clock time used: 278.913 sec (0h:4m:38s)

Computing bootstrap consensus tree...
Reading input file results_broccoli_metc/alignments/OG_1080.iqtree.splits.nex...
77 taxa and 401 splits.
Consensus tree written to results_broccoli_metc/alignments/OG_1080.iqtree.contree
Reading input trees file results_broccoli_metc/alignments/OG_1080.iqtree.contree
Log-likelihood of consensus tree: -20743.219

Analysis results written to: 
  IQ-TREE report:                results_broccoli_metc/alignments/OG_1080.iqtree.iqtree
  Maximum-likelihood tree:       results_broccoli_metc/alignments/OG_1080.iqtree.treefile
  Likelihood distances:          results_broccoli_metc/alignments/OG_1080.iqtree.mldist

Ultrafast bootstrap approximation results written to:
  Split support values:          results_broccoli_metc/alignments/OG_1080.iqtree.splits.nex
  Consensus tree:                results_broccoli_metc/alignments/OG_1080.iqtree.contree
  Screen log file:               results_broccoli_metc/alignments/OG_1080.iqtree.log

Date and Time: Fri Jun  3 08:55:39 2022
