IQ-TREE multicore version 2.1.0 for Linux 64-bit built Jul 18 2020
Developed by Bui Quang Minh, James Barbetti, Nguyen Lam Tung,
Olga Chernomor, Heiko Schmidt, Dominik Schrempf, Michael Woodhams.

Host:    node-hp0509.linux.crg.es (AVX, 125 GB RAM)
Command: /users/asebe/xgraubove/Programes/iqtree-2.1.0-Linux/bin/iqtree2 -s results_broccoli_metc/alignments/OG_1417.lt.fasta -m TEST -mset LG,WAG,JTT -nt AUTO -ntmax 2 -bb 1000 -pre results_broccoli_metc/alignments/OG_1417.iqtree -nm 10000 -nstop 200 -cptime 1800
Seed:    505202 (Using SPRNG - Scalable Parallel Random Number Generator)
Time:    Fri Jun  3 09:58:07 2022
Kernel:  AVX - auto-detect threads (2 CPU cores detected)

Reading alignment file results_broccoli_metc/alignments/OG_1417.lt.fasta ... Fasta format detected
Alignment most likely contains protein sequences
Alignment has 76 sequences with 254 columns, 252 distinct patterns
233 parsimony-informative, 0 singleton sites, 21 constant sites
                                                                    Gap/Ambiguity  Composition  p-value
   1  Hsap_ENST00000290541                                                  1.57%    passed     71.00%
   2  Bralan_BLAG19000650_1                                                 3.54%    passed     72.09%
   3  Aque_Aqu2.1.38598_001                                                 7.48%    passed     91.03%
   4  Xestes_augustus_masked-XT_scaffold117886-processed-gene-0.1-mRNA-1   65.35%    passed     92.57%
   5  Halamb_c31278_g1_i1m.6602                                             4.33%    passed     81.68%
   6  Tetwil_g11134.t1                                                      7.09%    passed     15.80%
   7  Plespi_Pspi_scaffold15215_01                                         28.74%    passed     70.65%
   8  Spur_XM_790050.5                                                      3.94%    passed     99.10%
   9  Ocar_g10030                                                          16.93%    passed     96.11%
  10  Opea_EP00118_Oscarella_pearsei_P013284                                1.57%    passed     95.48%
  11  Plajan_Pjan_scaffold22439_01                                          4.33%    passed     90.90%
  12  Exapal_XM_021060815.1                                                 2.76%    passed     90.65%
  13  Nvec_v1g167347                                                        1.57%    passed     99.77%
  14  Adig_XM_015917550.1                                                   1.57%    passed     99.89%
  15  Fspp_ffun1.m4.17506.m1                                                1.57%    passed     99.15%
  16  Gasp_gasp1.m3.22143.m1                                                1.57%    passed     98.71%
  17  Spis_XP_022797884_1                                                   0.79%    passed     99.90%
  18  Pocdam_XM_027184201.1                                                 0.79%    passed     99.96%
  19  Gfas_gfas1.m1.9515.m1                                                13.39%    passed     92.77%
  20  Amil_Amillepora31479-RA                                               9.84%    passed     78.31%
  21  Dgig_XM_028536182.1                                                   3.15%    passed     94.01%
  22  Skow_XM_002740721.2                                                  22.44%    passed     99.41%
  23  Ctel_gnl_WGS_AMQN_CAPTEDRAFT_mRNA178772                              19.69%    passed     98.43%
  24  Acagra_model.g10775.t1_model.g10779.t1                                3.15%    passed     99.37%
  25  Cgig_XM_011419121.3                                                   2.36%    passed     99.40%
  26  Lcom_lcpid127888                                                      1.18%    passed     84.68%
  27  Tadh_TriadT23895                                                      2.76%    passed     25.66%
  28  TrH2_TrispH2_007873-RA                                                2.76%    passed     27.53%
  29  HoiH06_mRNA12054                                                      2.76%    passed     19.02%
  30  HoiH23_PlH23_002004-RA                                                2.76%    passed     13.44%
  31  Hhon_g03247.t1                                                        3.15%    passed     34.73%
  32  HoiH04_mRNA6489                                                       2.76%    passed     23.72%
  33  Hvul_g30531_1                                                         6.30%    passed     84.96%
  34  Chem_TCONS_00073437                                                   5.12%    passed     44.68%
  35  Aaur_scaffold317.g9.t1                                                7.09%    passed     64.16%
  36  Nemnom_g3250.t1                                                       9.45%    passed     69.28%
  37  Rhoesc_Res_011553-T1                                                  6.69%    passed     74.53%
  38  Sanmal_Sma_009849-T1                                                  0.00%    passed     85.01%
  39  Mbre_EDQ85595                                                        16.54%    passed     73.14%
  40  Choper_EP00045_Choanoeca_perplexa_P005218                             1.97%    passed     59.26%
  41  Chofle_EP00730_Choanoeca_flexa_P016305                                1.97%    passed     92.99%
  42  Sros_EGD74908                                                         7.87%    passed     94.20%
  43  Microa_EP00043_Microstomoeca_roanoka_P005720                          0.79%    passed     82.58%
  44  Saldol_EP00054_Salpingoeca_dolichothecata_P031858                     2.36%    passed     91.76%
  45  Salmac_EP00052_Salpingoeca_macrocollata_P030709                       1.18%    passed     31.60%
  46  Salkve_EP00050_Salpingoeca_kvevrii_P006130                            4.33%    passed     99.54%
  47  Acaspe_EP00035_Acanthoeca_spectabilis_P020214                         1.97%    passed     90.90%
  48  Helnan_EP00037_Helgoeca_nana_P002827                                  1.97%    passed     90.35%
  49  Diagra_EP00040_Diaphanoeca_grandis_P034630                            0.39%    passed     57.35%
  50  Stedip_EP00041_Stephanoeca_diplocostata_P012935                       2.76%    passed     81.88%
  51  Mylflu_EP00047_Mylnosiga_fluctuans_P002437                            3.15%    passed     84.64%
  52  Salurc_EP00051_Salpingoeca_urceolata_P027215                          1.18%    passed     95.37%
  53  Emue_Em0010g1010a.t1                                                  5.91%    passed     90.79%
  54  Spolac_c94269_g1_i1_m.9857c94269-g1                                   3.15%    passed     72.52%
  55  Tcas_TC008617_001                                                     4.33%    passed     81.73%
  56  Dpul_mRNA3481                                                         1.18%    passed     52.96%
  57  Salinf_EP00049_Salpingoeca_infusionum_P017695                         1.18%    passed     63.01%
  58  Codhol_EP00042_Codosiga_hollandica_P009051                            3.54%    passed     60.70%
  59  Didcos_EP00039_Didymoeca_costata_P018399                              4.72%    passed     54.15%
  60  Salpun_EP00053_Salpingoeca_punica_P003979                             1.57%    passed     47.79%
  61  Mlei_ML2825.g12.i1                                                    7.09%    passed     97.21%
  62  Vmul_sbMO408446                                                      15.75%    passed     97.09%
  63  Bolinf_Binf_sb1263472                                                 7.48%    passed     97.52%
  64  Mertsp_Mesp_sb577072                                                  7.09%    passed     96.60%
  65  Beraby_Baby_sb341425                                                  7.48%    passed     75.16%
  66  Drygla_Dgla_sb295398                                                  7.09%    passed     92.00%
  67  Lampan_Lpan_4160_01                                                   7.09%    passed     99.01%
  68  Pbac_sb2663373                                                        7.48%    passed     94.61%
  69  Horcal_Hcv1.av93.c4.g596.i1                                           7.48%    passed     94.61%
  70  Coeast_Cast_sb799851                                                  7.09%    passed     47.01%
  71  Eupdun_Edun_sb10637584                                                6.69%    passed     91.32%
  72  Clacor_Ccor_scaffold15356_01                                          1.97%    passed     87.38%
  73  Gracom_Gcom_scaffold5212_01                                           2.36%    passed     75.67%
  74  Leuniv_Lniv_scaffold11086_01                                          2.36%    passed     87.04%
  75  Cscu_XM_023388850.1                                                   5.12%    passed     95.13%
  76  Xesp_006997-T1                                                       61.81%    passed     39.65%
WARNING: 2 sequences contain more than 50% gaps/ambiguity
****  TOTAL                                                                 6.81%  0 sequences failed composition chi2 test (p-value<5%; df=19)
NOTE: Horcal_Hcv1.av93.c4.g596.i1 is identical to Pbac_sb2663373 but kept for subsequent analysis


Create initial parsimony tree by phylogenetic likelihood library (PLL)... 0.022 seconds
Measuring multi-threading efficiency up to 2 CPU cores
Increase to 10 rounds for branch lengths
4 trees examined
Threads: 1 / Time: 2.016 sec / Speedup: 1.000 / Efficiency: 100% / LogL: -26964
Threads: 2 / Time: 1.079 sec / Speedup: 1.869 / Efficiency: 93% / LogL: -26964
BEST NUMBER OF THREADS: 2

Perform fast likelihood tree search using LG+I+G model...
Estimate model parameters (epsilon = 5.000)
Perform nearest neighbor interchange...
Estimate model parameters (epsilon = 1.000)
1. Initial log-likelihood: -19156.273
Optimal log-likelihood: -19156.153
Proportion of invariable sites: 0.070
Gamma shape alpha: 1.223
Parameters optimization took 1 rounds (0.188 sec)
Time for fast ML tree search: 1.091 seconds

NOTE: ModelFinder requires 13 MB RAM!
ModelFinder will test up to 24 protein models (sample size: 254) ...
 No. Model         -LnL         df  AIC          AICc         BIC
  1  LG            20144.448    149 40586.896    41016.704    41113.959
  2  LG+I          19913.813    150 40127.625    40567.431    40658.225
  3  LG+G4         19177.601    150 38655.202    39095.007    39185.802
  4  LG+I+G4       19156.154    151 38614.308    39064.347    39148.446
  8  LG+F+I+G4     19156.770    170 38653.540    39354.022    39254.887
 12  WAG+I+G4      19299.961    151 38901.921    39351.960    39436.059
 16  WAG+F+I+G4    19288.911    170 38917.822    39618.304    39519.169
 20  JTT+I+G4      19448.116    151 39198.232    39648.271    39732.369
 24  JTT+F+I+G4    19475.396    170 39290.791    39991.273    39892.138
Akaike Information Criterion:           LG+I+G4
Corrected Akaike Information Criterion: LG+I+G4
Bayesian Information Criterion:         LG+I+G4
Best-fit model: LG+I+G4 chosen according to BIC

All model information printed to results_broccoli_metc/alignments/OG_1417.iqtree.model.gz
CPU time for ModelFinder: 10.901 seconds (0h:0m:10s)
Wall-clock time for ModelFinder: 6.441 seconds (0h:0m:6s)
Generating 1000 samples for ultrafast bootstrap (seed: 505202)...

NOTE: 13 MB RAM (0 GB) is required!
Estimate model parameters (epsilon = 0.100)
Thoroughly optimizing +I+G parameters from 10 start values...
Init pinv, alpha: 0.000, 1.221 / Estimate: 0.070, 1.221 / LogL: -19156.153
Init pinv, alpha: 0.009, 1.221 / Estimate: 0.070, 1.221 / LogL: -19156.153
Init pinv, alpha: 0.018, 1.221 / Estimate: 0.069, 1.219 / LogL: -19156.155
Init pinv, alpha: 0.028, 1.221 / Estimate: 0.070, 1.221 / LogL: -19156.153
Init pinv, alpha: 0.037, 1.221 / Estimate: 0.070, 1.222 / LogL: -19156.153
Init pinv, alpha: 0.046, 1.221 / Estimate: 0.069, 1.219 / LogL: -19156.156
Init pinv, alpha: 0.055, 1.221 / Estimate: 0.070, 1.221 / LogL: -19156.154
Init pinv, alpha: 0.064, 1.221 / Estimate: 0.069, 1.219 / LogL: -19156.156
Init pinv, alpha: 0.073, 1.221 / Estimate: 0.071, 1.223 / LogL: -19156.154
Init pinv, alpha: 0.083, 1.221 / Estimate: 0.070, 1.222 / LogL: -19156.154
Optimal pinv,alpha: 0.070, 1.221 / LogL: -19156.153

Parameters optimization took 3.897 sec
Computing ML distances based on estimated model parameters...
Computing ML distances took 0.349207 sec (of wall-clock time) 0.697359 sec(of CPU time)
Computing RapidNJ tree took 0.001143 sec (of wall-clock time) 0.001283 sec (of CPU time)
Log-likelihood of RapidNJ tree: -19261.121
--------------------------------------------------------------------
|             INITIALIZING CANDIDATE TREE SET                      |
--------------------------------------------------------------------
Generating 98 parsimony trees... 1.901 second
Computing log-likelihood of 98 initial trees ... 3.233 seconds
Current best score: -19156.153

Do NNI search on 20 best initial trees
Estimate model parameters (epsilon = 0.100)
BETTER TREE FOUND at iteration 1: -19156.153
Estimate model parameters (epsilon = 0.100)
BETTER TREE FOUND at iteration 5: -19151.797
Iteration 10 / LogL: -19165.139 / Time: 0h:0m:14s
Estimate model parameters (epsilon = 0.100)
BETTER TREE FOUND at iteration 20: -19151.327
Iteration 20 / LogL: -19151.327 / Time: 0h:0m:20s
Finish initializing candidate tree set (19)
Current best tree score: -19151.327 / CPU time: 16.430
Number of iterations: 20
--------------------------------------------------------------------
|               OPTIMIZING CANDIDATE TREE SET                      |
--------------------------------------------------------------------
Estimate model parameters (epsilon = 0.100)
BETTER TREE FOUND at iteration 30: -19149.396
Iteration 30 / LogL: -19149.396 / Time: 0h:0m:28s (0h:3m:13s left)
Estimate model parameters (epsilon = 0.100)
BETTER TREE FOUND at iteration 34: -19148.844
Iteration 40 / LogL: -19159.202 / Time: 0h:0m:35s (0h:2m:54s left)
Iteration 50 / LogL: -19153.632 / Time: 0h:0m:42s (0h:2m:38s left)
Log-likelihood cutoff on original alignment: -19216.672
Estimate model parameters (epsilon = 0.100)
BETTER TREE FOUND at iteration 55: -19148.826
Iteration 60 / LogL: -19153.839 / Time: 0h:0m:49s (0h:2m:42s left)
Estimate model parameters (epsilon = 0.100)
BETTER TREE FOUND at iteration 66: -19148.391
Iteration 70 / LogL: -19153.487 / Time: 0h:0m:55s (0h:2m:37s left)
Iteration 80 / LogL: -19148.924 / Time: 0h:1m:2s (0h:2m:26s left)
Iteration 90 / LogL: -19150.132 / Time: 0h:1m:8s (0h:2m:16s left)
Iteration 100 / LogL: -19148.736 / Time: 0h:1m:15s (0h:2m:6s left)
Log-likelihood cutoff on original alignment: -19216.672
NOTE: Bootstrap correlation coefficient of split occurrence frequencies: 0.989
NOTE: UFBoot does not converge, continue at least 100 more iterations
Iteration 110 / LogL: -19155.014 / Time: 0h:1m:22s (0h:1m:57s left)
Estimate model parameters (epsilon = 0.100)
BETTER TREE FOUND at iteration 120: -19148.333
Iteration 120 / LogL: -19148.333 / Time: 0h:1m:28s (0h:2m:29s left)
Iteration 130 / LogL: -19154.348 / Time: 0h:1m:35s (0h:2m:21s left)
Iteration 140 / LogL: -19148.807 / Time: 0h:1m:43s (0h:2m:13s left)
Iteration 150 / LogL: -19148.559 / Time: 0h:1m:49s (0h:2m:5s left)
Log-likelihood cutoff on original alignment: -19216.672
Iteration 160 / LogL: -19149.162 / Time: 0h:1m:56s (0h:1m:57s left)
Iteration 170 / LogL: -19169.904 / Time: 0h:2m:2s (0h:1m:49s left)
Iteration 180 / LogL: -19149.150 / Time: 0h:2m:9s (0h:1m:40s left)
Iteration 190 / LogL: -19149.524 / Time: 0h:2m:15s (0h:1m:33s left)
Iteration 200 / LogL: -19148.358 / Time: 0h:2m:22s (0h:1m:25s left)
Log-likelihood cutoff on original alignment: -19216.672
NOTE: Bootstrap correlation coefficient of split occurrence frequencies: 0.997
Iteration 210 / LogL: -19148.504 / Time: 0h:2m:29s (0h:1m:18s left)
Iteration 220 / LogL: -19148.439 / Time: 0h:2m:36s (0h:1m:11s left)
Iteration 230 / LogL: -19148.822 / Time: 0h:2m:43s (0h:1m:4s left)
Iteration 240 / LogL: -19153.021 / Time: 0h:2m:50s (0h:0m:56s left)
Iteration 250 / LogL: -19162.016 / Time: 0h:2m:57s (0h:0m:49s left)
Log-likelihood cutoff on original alignment: -19216.672
Iteration 260 / LogL: -19149.996 / Time: 0h:3m:4s (0h:0m:42s left)
Iteration 270 / LogL: -19149.226 / Time: 0h:3m:11s (0h:0m:35s left)
Iteration 280 / LogL: -19148.366 / Time: 0h:3m:17s (0h:0m:28s left)
Iteration 290 / LogL: -19152.221 / Time: 0h:3m:24s (0h:0m:21s left)
Iteration 300 / LogL: -19150.610 / Time: 0h:3m:31s (0h:0m:14s left)
Log-likelihood cutoff on original alignment: -19216.672
NOTE: Bootstrap correlation coefficient of split occurrence frequencies: 0.999
Iteration 310 / LogL: -19162.227 / Time: 0h:3m:38s (0h:1m:3s left)
Iteration 320 / LogL: -19152.791 / Time: 0h:3m:44s (0h:0m:56s left)
TREE SEARCH COMPLETED AFTER 321 ITERATIONS / Time: 0h:3m:45s

--------------------------------------------------------------------
|                    FINALIZING TREE SEARCH                        |
--------------------------------------------------------------------
Performs final model parameters optimization
Estimate model parameters (epsilon = 0.010)
1. Initial log-likelihood: -19148.333
Optimal log-likelihood: -19148.333
Proportion of invariable sites: 0.070
Gamma shape alpha: 1.236
Parameters optimization took 1 rounds (0.103 sec)
BEST SCORE FOUND : -19148.333
Creating bootstrap support values...
Split supports printed to NEXUS file results_broccoli_metc/alignments/OG_1417.iqtree.splits.nex
Total tree length: 25.547

Total number of iterations: 321
CPU time used for tree search: 437.729 sec (0h:7m:17s)
Wall-clock time used for tree search: 220.971 sec (0h:3m:40s)
Total CPU time used: 447.231 sec (0h:7m:27s)
Total wall-clock time used: 225.820 sec (0h:3m:45s)

Computing bootstrap consensus tree...
Reading input file results_broccoli_metc/alignments/OG_1417.iqtree.splits.nex...
76 taxa and 513 splits.
Consensus tree written to results_broccoli_metc/alignments/OG_1417.iqtree.contree
Reading input trees file results_broccoli_metc/alignments/OG_1417.iqtree.contree
Log-likelihood of consensus tree: -19148.447

Analysis results written to: 
  IQ-TREE report:                results_broccoli_metc/alignments/OG_1417.iqtree.iqtree
  Maximum-likelihood tree:       results_broccoli_metc/alignments/OG_1417.iqtree.treefile
  Likelihood distances:          results_broccoli_metc/alignments/OG_1417.iqtree.mldist

Ultrafast bootstrap approximation results written to:
  Split support values:          results_broccoli_metc/alignments/OG_1417.iqtree.splits.nex
  Consensus tree:                results_broccoli_metc/alignments/OG_1417.iqtree.contree
  Screen log file:               results_broccoli_metc/alignments/OG_1417.iqtree.log

Date and Time: Fri Jun  3 10:02:00 2022
