IQ-TREE multicore version 2.1.0 for Linux 64-bit built Jul 18 2020
Developed by Bui Quang Minh, James Barbetti, Nguyen Lam Tung,
Olga Chernomor, Heiko Schmidt, Dominik Schrempf, Michael Woodhams.

Host:    node-hp0411.linux.crg.es (AVX, 125 GB RAM)
Command: /users/asebe/xgraubove/Programes/iqtree-2.1.0-Linux/bin/iqtree2 -s results_broccoli_metc/alignments/OG_1522.lt.fasta -m TEST -mset LG,WAG,JTT -nt AUTO -ntmax 2 -bb 1000 -pre results_broccoli_metc/alignments/OG_1522.iqtree -nm 10000 -nstop 200 -cptime 1800
Seed:    736167 (Using SPRNG - Scalable Parallel Random Number Generator)
Time:    Fri Jun  3 10:12:59 2022
Kernel:  AVX - auto-detect threads (2 CPU cores detected)

Reading alignment file results_broccoli_metc/alignments/OG_1522.lt.fasta ... Fasta format detected
Alignment most likely contains protein sequences
Alignment has 68 sequences with 538 columns, 536 distinct patterns
504 parsimony-informative, 0 singleton sites, 34 constant sites
                                                         Gap/Ambiguity  Composition  p-value
   1  Dpul_mRNA1905                                             73.05%    passed      6.65%
   2  Cgig_XM_011416728.3                                        4.28%    passed     22.44%
   3  Ctel_gnl_WGS_AMQN_CAPTEDRAFT_mRNA173738                   10.41%    passed     41.03%
   4  Lcom_lcpid222148                                          83.83%    passed     73.24%
   5  Acagra_model.g8912.t1.2.5d3b85c9                           7.43%    passed     21.35%
   6  Exapal_XM_028658400.1                                     19.89%    passed      6.67%
   7  Fspp_ffun1.m4.9904.m1                                     12.27%    passed     13.25%
   8  Spis_XP_022795162_1                                        7.81%    passed     86.79%
   9  Pocdam_XM_027180094.1                                      7.62%    passed     76.21%
  10  Gasp_gasp1.m3.7681.m1                                     13.01%    passed     88.03%
  11  Nvec_v1g114224                                            15.61%    passed     24.05%
  12  Amil_Amillepora03644-RA                                   21.00%    passed     86.12%
  13  Nemnom_g8686.t1                                            4.09%    passed     81.37%
  14  Rhoesc_Res_013448-T1                                       4.28%    passed     69.81%
  15  Aaur_scaffold196.g15.t1                                    4.83%    passed     96.01%
  16  Adig_XM_015919112.1                                       28.07%    passed     74.03%
  17  Morvir_scaffold269.g25.t1                                  7.99%    passed     96.96%
  18  Sanmal_Sma_009253-T1                                       5.58%    passed     46.24%
  19  Tadh_TriadT55450                                          21.56%    passed     47.66%
  20  TrH2_TrispH2_004758-RA                                    21.56%    passed     47.94%
  21  HoiH06_mRNA5311                                           22.49%    passed     77.78%
  22  HoiH23_PlH23_008988-RA                                    22.49%    passed     68.56%
  23  Hhon_g10063.t1                                            22.30%    passed     79.67%
  24  HoiH04_mRNA2285                                           22.30%    passed     77.92%
  25  HoiH11_mRNA6446                                           22.68%    passed     91.18%
  26  Chem_TCONS_00067581                                        3.35%    passed     58.44%
  27  Plajan_Pjan_C572114_01                                    16.17%    passed     77.27%
  28  Dgig_XM_028542339.1                                        2.60%    passed     25.12%
  29  Xesp_003370-T1                                             3.72%    passed      8.12%
  30  Gfas_gfas1.m1.6076.m1                                     56.13%    passed     34.43%
  31  Spolac_c97367_g1_i2_m.14834c97367-g1                      15.61%    passed      7.30%
  32  Opea_EP00118_Oscarella_pearsei_P003043                    18.40%    passed     86.03%
  33  Mbre_EDQ89787                                             26.77%    failed      1.63%
  34  Sros_EGD72229                                             24.54%    failed      4.10%
  35  Microa_EP00043_Microstomoeca_roanoka_P006093              89.22%    passed     83.36%
  36  Salinf_EP00049_Salpingoeca_infusionum_P000267             24.91%    failed      0.04%
  37  Diagra_EP00040_Diaphanoeca_grandis_P019143                21.38%    passed     38.31%
  38  Salkve_EP00050_Salpingoeca_kvevrii_P008024                21.75%    passed     16.54%
  39  Mylflu_EP00047_Mylnosiga_fluctuans_P018756                18.77%    failed      0.02%
  40  Choper_EP00045_Choanoeca_perplexa_P012266                 21.93%    failed      0.04%
  41  Chofle_EP00730_Choanoeca_flexa_P001026                    25.28%    failed      3.88%
  42  Salurc_EP00051_Salpingoeca_urceolata_P009330              14.31%    failed      0.00%
  43  Salmac_EP00052_Salpingoeca_macrocollata_P022313           65.61%    failed      2.90%
  44  Salpun_EP00053_Salpingoeca_punica_P015993                 16.91%    failed      1.42%
  45  Didcos_EP00039_Didymoeca_costata_P024099                  29.55%    passed     97.79%
  46  Aque_Aqu2.1.42598_001                                     21.00%    passed     87.02%
  47  Halamb_c35693_g1_i1mm.382                                 20.07%    passed     73.99%
  48  Xestes_maker-XT_scaffold4231-snap-gene-0.12-mRNA-1        18.96%    passed     62.59%
  49  Mlei_ML1089.g1.i1                                         10.59%    passed     91.04%
  50  Vmul_sbMO383192                                           52.97%    passed     72.10%
  51  Bolinf_Binf_sb1245221                                      6.69%    failed      2.20%
  52  Coeast_Cast_sb795005                                      65.43%    passed      8.15%
  53  Coemet_Cmet_scaffold12112_01                              18.03%    failed      0.11%
  54  Lampan_Lpan_5610_01                                       15.24%    passed     57.98%
  55  Beraby_Baby_sb342010                                      10.78%    passed     82.51%
  56  Drygla_Dgla_sb288669                                       7.43%    passed     11.01%
  57  Mertsp_Mesp_sb593803                                      33.27%    failed      0.88%
  58  Eupdun_Edun_sb10631958                                    49.44%    failed      3.47%
  59  Pbac_sb2664389                                            74.91%    passed     36.44%
  60  Horcal_Hcv1.av93.c8.g196.i3                               16.17%    passed     37.41%
  61  Stycar_maker-SC_scaffold6518-augustus-gene-0.116-mRNA-1   31.60%    passed     17.72%
  62  Acaspe_EP00035_Acanthoeca_spectabilis_P010252             26.77%    passed     92.27%
  63  Helnan_EP00037_Helgoeca_nana_P036745                      23.05%    passed     58.97%
  64  Stedip_EP00041_Stephanoeca_diplocostata_P001463           23.98%    failed      2.74%
  65  Hvul_g16444_1                                             17.66%    passed     78.64%
  66  Codhol_EP00042_Codosiga_hollandica_P040787                19.70%    failed      4.23%
  67  Tetwil_g11641.t1                                          18.96%    passed     50.50%
  68  Saldol_EP00054_Salpingoeca_dolichothecata_P033896         51.67%    passed      9.22%
WARNING: 9 sequences contain more than 50% gaps/ambiguity
****  TOTAL                                                     24.08%  15 sequences failed composition chi2 test (p-value<5%; df=19)


Create initial parsimony tree by phylogenetic likelihood library (PLL)... 0.033 seconds
Measuring multi-threading efficiency up to 2 CPU cores
Increase to 10 rounds for branch lengths
3 trees examined
Threads: 1 / Time: 2.743 sec / Speedup: 1.000 / Efficiency: 100% / LogL: -47217
Threads: 2 / Time: 1.490 sec / Speedup: 1.840 / Efficiency: 92% / LogL: -47217
BEST NUMBER OF THREADS: 2

Perform fast likelihood tree search using LG+I+G model...
Estimate model parameters (epsilon = 5.000)
Perform nearest neighbor interchange...
Estimate model parameters (epsilon = 1.000)
1. Initial log-likelihood: -36098.971
Optimal log-likelihood: -36098.382
Proportion of invariable sites: 0.062
Gamma shape alpha: 1.195
Parameters optimization took 1 rounds (0.315 sec)
Time for fast ML tree search: 1.769 seconds

NOTE: ModelFinder requires 25 MB RAM!
ModelFinder will test up to 24 protein models (sample size: 538) ...
 No. Model         -LnL         df  AIC          AICc         BIC
  1  LG            38376.001    133 77018.001    77106.229    77588.287
  2  LG+I          37765.788    134 75799.577    75889.353    76374.150
  3  LG+G4         36171.313    134 72610.626    72700.403    73185.199
  4  LG+I+G4       36098.048    135 72466.096    72557.440    73044.957
  8  LG+F+I+G4     36045.144    154 72398.288    72522.936    73058.619
 12  WAG+I+G4      36165.394    135 72600.787    72692.130    73179.648
 16  WAG+F+I+G4    36179.498    154 72666.995    72791.643    73327.326
 20  JTT+I+G4      36313.614    135 72897.229    72988.572    73476.090
 24  JTT+F+I+G4    36221.577    154 72751.154    72875.801    73411.484
Akaike Information Criterion:           LG+F+I+G4
Corrected Akaike Information Criterion: LG+F+I+G4
Bayesian Information Criterion:         LG+I+G4
Best-fit model: LG+I+G4 chosen according to BIC

All model information printed to results_broccoli_metc/alignments/OG_1522.iqtree.model.gz
CPU time for ModelFinder: 20.687 seconds (0h:0m:20s)
Wall-clock time for ModelFinder: 11.723 seconds (0h:0m:11s)
Generating 1000 samples for ultrafast bootstrap (seed: 736167)...

NOTE: 25 MB RAM (0 GB) is required!
Estimate model parameters (epsilon = 0.100)
Thoroughly optimizing +I+G parameters from 10 start values...
Init pinv, alpha: 0.000, 1.180 / Estimate: 0.062, 1.181 / LogL: -36098.066
Init pinv, alpha: 0.007, 1.180 / Estimate: 0.062, 1.172 / LogL: -36097.928
Init pinv, alpha: 0.014, 1.180 / Estimate: 0.062, 1.176 / LogL: -36097.989
Init pinv, alpha: 0.021, 1.180 / Estimate: 0.062, 1.174 / LogL: -36097.966
Init pinv, alpha: 0.028, 1.180 / Estimate: 0.062, 1.175 / LogL: -36097.981
Init pinv, alpha: 0.035, 1.180 / Estimate: 0.062, 1.176 / LogL: -36097.994
Init pinv, alpha: 0.042, 1.180 / Estimate: 0.062, 1.177 / LogL: -36098.001
Init pinv, alpha: 0.049, 1.180 / Estimate: 0.062, 1.177 / LogL: -36098.003
Init pinv, alpha: 0.056, 1.180 / Estimate: 0.062, 1.173 / LogL: -36097.954
Init pinv, alpha: 0.063, 1.180 / Estimate: 0.062, 1.173 / LogL: -36097.945
Optimal pinv,alpha: 0.062, 1.172 / LogL: -36097.928

Parameters optimization took 6.748 sec
Computing ML distances based on estimated model parameters...
Computing ML distances took 0.281770 sec (of wall-clock time) 0.563496 sec(of CPU time)
WARNING: Some pairwise ML distances are too long (saturated)
Computing RapidNJ tree took 0.000933 sec (of wall-clock time) 0.000000 sec (of CPU time)
Log-likelihood of RapidNJ tree: -36307.320
--------------------------------------------------------------------
|             INITIALIZING CANDIDATE TREE SET                      |
--------------------------------------------------------------------
Generating 98 parsimony trees... 2.229 second
Computing log-likelihood of 98 initial trees ... 5.304 seconds
Current best score: -36097.928

Do NNI search on 20 best initial trees
Estimate model parameters (epsilon = 0.100)
BETTER TREE FOUND at iteration 1: -36097.648
Estimate model parameters (epsilon = 0.100)
BETTER TREE FOUND at iteration 2: -36095.737
Estimate model parameters (epsilon = 0.100)
UPDATE BEST LOG-LIKELIHOOD: -36095.116
Iteration 10 / LogL: -36104.956 / Time: 0h:0m:24s
BETTER TREE FOUND at iteration 12: -36095.112
Estimate model parameters (epsilon = 0.100)
BETTER TREE FOUND at iteration 18: -36093.093
Iteration 20 / LogL: -36096.141 / Time: 0h:0m:33s
Finish initializing candidate tree set (16)
Current best tree score: -36093.093 / CPU time: 25.442
Number of iterations: 20
--------------------------------------------------------------------
|               OPTIMIZING CANDIDATE TREE SET                      |
--------------------------------------------------------------------
Estimate model parameters (epsilon = 0.100)
BETTER TREE FOUND at iteration 22: -36090.542
Estimate model parameters (epsilon = 0.100)
BETTER TREE FOUND at iteration 28: -36081.204
UPDATE BEST LOG-LIKELIHOOD: -36081.203
Iteration 30 / LogL: -36081.203 / Time: 0h:0m:44s (0h:5m:5s left)
Estimate model parameters (epsilon = 0.100)
BETTER TREE FOUND at iteration 35: -36079.758
Estimate model parameters (epsilon = 0.100)
BETTER TREE FOUND at iteration 38: -36079.038
Iteration 40 / LogL: -36088.699 / Time: 0h:0m:56s (0h:4m:45s left)
Iteration 50 / LogL: -36080.219 / Time: 0h:1m:6s (0h:4m:15s left)
Log-likelihood cutoff on original alignment: -36143.885
Iteration 60 / LogL: -36082.085 / Time: 0h:1m:18s (0h:3m:56s left)
Estimate model parameters (epsilon = 0.100)
UPDATE BEST LOG-LIKELIHOOD: -36078.932
Iteration 70 / LogL: -36079.821 / Time: 0h:1m:28s (0h:3m:36s left)
Iteration 80 / LogL: -36079.153 / Time: 0h:1m:39s (0h:3m:18s left)
Iteration 90 / LogL: -36079.083 / Time: 0h:1m:49s (0h:3m:1s left)
Iteration 100 / LogL: -36079.182 / Time: 0h:2m:1s (0h:2m:48s left)
Log-likelihood cutoff on original alignment: -36143.885
NOTE: Bootstrap correlation coefficient of split occurrence frequencies: 0.997
Iteration 110 / LogL: -36078.971 / Time: 0h:2m:12s (0h:2m:35s left)
Iteration 120 / LogL: -36079.567 / Time: 0h:2m:24s (0h:2m:22s left)
Iteration 130 / LogL: -36083.773 / Time: 0h:2m:33s (0h:2m:8s left)
Iteration 140 / LogL: -36085.053 / Time: 0h:2m:44s (0h:1m:55s left)
Iteration 150 / LogL: -36079.779 / Time: 0h:2m:55s (0h:1m:43s left)
Log-likelihood cutoff on original alignment: -36143.885
Iteration 160 / LogL: -36081.287 / Time: 0h:3m:6s (0h:1m:31s left)
Estimate model parameters (epsilon = 0.100)
UPDATE BEST LOG-LIKELIHOOD: -36078.885
Iteration 170 / LogL: -36079.087 / Time: 0h:3m:17s (0h:1m:19s left)
Iteration 180 / LogL: -36081.546 / Time: 0h:3m:27s (0h:1m:7s left)
Iteration 190 / LogL: -36184.547 / Time: 0h:3m:38s (0h:0m:55s left)
Iteration 200 / LogL: -36080.969 / Time: 0h:3m:48s (0h:0m:43s left)
Log-likelihood cutoff on original alignment: -36143.885
NOTE: Bootstrap correlation coefficient of split occurrence frequencies: 0.999
Iteration 210 / LogL: -36084.321 / Time: 0h:3m:57s (0h:1m:42s left)
Iteration 220 / LogL: -36079.592 / Time: 0h:4m:8s (0h:1m:30s left)
Iteration 230 / LogL: -36078.969 / Time: 0h:4m:18s (0h:1m:19s left)
TREE SEARCH COMPLETED AFTER 239 ITERATIONS / Time: 0h:4m:28s

--------------------------------------------------------------------
|                    FINALIZING TREE SEARCH                        |
--------------------------------------------------------------------
Performs final model parameters optimization
Estimate model parameters (epsilon = 0.010)
1. Initial log-likelihood: -36078.885
Optimal log-likelihood: -36078.879
Proportion of invariable sites: 0.062
Gamma shape alpha: 1.178
Parameters optimization took 1 rounds (0.173 sec)
BEST SCORE FOUND : -36078.879
Creating bootstrap support values...
Split supports printed to NEXUS file results_broccoli_metc/alignments/OG_1522.iqtree.splits.nex
Total tree length: 37.414

Total number of iterations: 239
CPU time used for tree search: 517.675 sec (0h:8m:37s)
Wall-clock time used for tree search: 260.727 sec (0h:4m:20s)
Total CPU time used: 534.143 sec (0h:8m:54s)
Total wall-clock time used: 269.064 sec (0h:4m:29s)

Computing bootstrap consensus tree...
Reading input file results_broccoli_metc/alignments/OG_1522.iqtree.splits.nex...
68 taxa and 326 splits.
Consensus tree written to results_broccoli_metc/alignments/OG_1522.iqtree.contree
Reading input trees file results_broccoli_metc/alignments/OG_1522.iqtree.contree
Log-likelihood of consensus tree: -36079.378

Analysis results written to: 
  IQ-TREE report:                results_broccoli_metc/alignments/OG_1522.iqtree.iqtree
  Maximum-likelihood tree:       results_broccoli_metc/alignments/OG_1522.iqtree.treefile
  Likelihood distances:          results_broccoli_metc/alignments/OG_1522.iqtree.mldist

Ultrafast bootstrap approximation results written to:
  Split support values:          results_broccoli_metc/alignments/OG_1522.iqtree.splits.nex
  Consensus tree:                results_broccoli_metc/alignments/OG_1522.iqtree.contree
  Screen log file:               results_broccoli_metc/alignments/OG_1522.iqtree.log

Date and Time: Fri Jun  3 10:17:41 2022
