IQ-TREE multicore version 2.1.0 for Linux 64-bit built Jul 18 2020
Developed by Bui Quang Minh, James Barbetti, Nguyen Lam Tung,
Olga Chernomor, Heiko Schmidt, Dominik Schrempf, Michael Woodhams.

Host:    node-hp0506.linux.crg.es (AVX, 125 GB RAM)
Command: /users/asebe/xgraubove/Programes/iqtree-2.1.0-Linux/bin/iqtree2 -s results_broccoli_metc/alignments/OG_1010.lt.fasta -m TEST -mset LG,WAG,JTT -nt AUTO -ntmax 2 -bb 1000 -pre results_broccoli_metc/alignments/OG_1010.iqtree -nm 10000 -nstop 200 -cptime 1800
Seed:    999856 (Using SPRNG - Scalable Parallel Random Number Generator)
Time:    Fri Jun  3 08:51:36 2022
Kernel:  AVX - auto-detect threads (2 CPU cores detected)

Reading alignment file results_broccoli_metc/alignments/OG_1010.lt.fasta ... Fasta format detected
Alignment most likely contains protein sequences
Alignment has 70 sequences with 547 columns, 547 distinct patterns
541 parsimony-informative, 2 singleton sites, 4 constant sites
                                                              Gap/Ambiguity  Composition  p-value
   1  Bralan_BLAG15000729_1                                           9.14%    passed     87.22%
   2  Spur_XM_030998540.1                                             8.78%    failed      4.77%
   3  Skow_XM_006818082.1                                             8.96%    passed     50.25%
   4  Exapal_XM_021038665.2                                           8.04%    passed     99.84%
   5  Nvec_v1g108036                                                  6.03%    passed     95.72%
   6  Adig_XM_015899840.1                                            10.42%    passed     97.20%
   7  Amil_Amillepora07355-RA                                        27.61%    passed     65.04%
   8  Gfas_gfas1.m1.15135.m1                                         37.48%    passed     40.81%
   9  Fspp_ffun1.m4.25377.m1                                         11.88%    passed     95.71%
  10  Gasp_gasp1.m3.10604.m1                                         42.78%    passed      5.34%
  11  Spis_XP_022790967_1                                             8.59%    passed     84.89%
  12  Pocdam_XM_027183091.1                                           8.78%    passed     96.82%
  13  Dgig_XM_028540530.1                                            11.88%    passed     91.40%
  14  Xesp_011790-T1                                                 37.11%    passed     30.73%
  15  Cgig_XM_034468106.1                                             8.96%    passed     38.74%
  16  Acagra_model.g15547.t1                                          9.14%    passed     86.76%
  17  Morvir_scaffold7.g27.t1                                        52.65%    passed     92.79%
  18  Tadh_TriadT57087                                               15.90%    failed      2.26%
  19  TrH2_TrispH2_002425-RA                                         13.16%    failed      2.20%
  20  HoiH06_mRNA12810                                               13.71%    passed      6.00%
  21  HoiH23_PlH23_003232-RA                                         16.82%    passed     15.84%
  22  Hhon_g08241.t1                                                 13.71%    passed      7.21%
  23  HoiH04_mRNA14041                                               13.71%    passed      7.16%
  24  HoiH11_mRNA9283                                                23.95%    passed     23.87%
  25  Tetwil_g27543.t3                                               13.35%    passed     60.07%
  26  Stycar_snap_masked-SC_scaffold852-processed-gene-0.12-mRNA-1   19.20%    passed     36.85%
  27  Plespi_Pspi_scaffold9089_01                                    66.54%    passed     26.12%
  28  Emue_Em0019g709a.t1                                            42.60%    passed     22.92%
  29  Spolac_c96515_g1_i1_m.13230c96515-g1                           26.33%    passed      6.33%
  30  Ctel_gnl_WGS_AMQN_CAPTEDRAFT_mRNA226826                        12.98%    passed     92.75%
  31  Aque_Aqu2.1.24886_001                                          10.24%    passed     51.68%
  32  Halamb_c52339_g2_i1m.32776                                     49.54%    passed     39.75%
  33  Nemnom_g9000.t1                                                11.15%    passed     24.39%
  34  Rhoesc_Res_002035-T1                                           11.52%    passed     13.48%
  35  Sanmal_Sma_027051-T1                                           12.43%    failed      0.40%
  36  Opea_EP00118_Oscarella_pearsei_P029215                         11.88%    passed     11.31%
  37  Plajan_Pjan_C563842_01                                         10.79%    passed     60.08%
  38  Choper_EP00045_Choanoeca_perplexa_P002575                      84.46%    failed      1.64%
  39  Chofle_EP00730_Choanoeca_flexa_P014097                         17.73%    failed      1.10%
  40  Acaspe_EP00035_Acanthoeca_spectabilis_P008363                  29.62%    failed      0.01%
  41  Helnan_EP00037_Helgoeca_nana_P012617                           13.71%    failed      0.00%
  42  Diagra_EP00040_Diaphanoeca_grandis_P009493                     64.17%    failed      2.54%
  43  Stedip_EP00041_Stephanoeca_diplocostata_P043365                 9.14%    failed      0.00%
  44  Didcos_EP00039_Didymoeca_costata_P002507                       21.57%    passed     93.15%
  45  Sros_EGD80933                                                  12.98%    failed      0.00%
  46  Microa_EP00043_Microstomoeca_roanoka_P015539                   18.46%    failed      0.05%
  47  Mlei_ML2056.g27.i1                                             10.60%    passed     27.59%
  48  Bolinf_Binf_sb1244033                                          56.86%    failed      1.62%
  49  Drygla_Dgla_sb293690                                            7.86%    passed     29.64%
  50  Beraby_Baby_sb341014                                           48.63%    failed      0.64%
  51  Mertsp_Mesp_sb554782                                           67.64%    failed      0.26%
  52  Lampan_Lpan_7300_01                                             9.51%    failed      0.06%
  53  Vmul_SimC400898                                                14.08%    passed     18.65%
  54  Coemet_Cmet_scaffold8375_01                                    71.30%    failed      0.03%
  55  Coeast_Cast_sb814353                                           52.29%    passed     48.93%
  56  Pbac_sb2655533                                                 17.18%    failed      0.11%
  57  Horcal_Hcv1.av93.c1.g1212.i1                                   17.37%    failed      0.26%
  58  Mbre_EDQ92267                                                  25.96%    failed      0.00%
  59  Salurc_EP00051_Salpingoeca_urceolata_P001230                   50.27%    failed      0.01%
  60  Aaur_scaffold656.g4.t1                                         13.71%    passed     28.53%
  61  Scil_scict010841.1                                             14.08%    passed      5.16%
  62  Gracom_Gcom_scaffold18525_01                                   11.52%    passed     63.08%
  63  Lcom_lcpid62127                                                12.25%    passed     66.87%
  64  Codhol_EP00042_Codosiga_hollandica_P005187                     32.91%    failed      0.02%
  65  Hvul_g32155_1                                                  37.11%    failed      0.00%
  66  Salinf_EP00049_Salpingoeca_infusionum_P024473                  21.57%    failed      0.00%
  67  Chem_TCONS_00006389                                            43.51%    passed     38.14%
  68  Saldol_EP00054_Salpingoeca_dolichothecata_P012550              34.73%    failed      0.88%
  69  Salkve_EP00050_Salpingoeca_kvevrii_P022354                     36.01%    failed      0.00%
  70  Salmac_EP00052_Salpingoeca_macrocollata_P020315                31.08%    failed      0.00%
WARNING: 9 sequences contain more than 50% gaps/ambiguity
****  TOTAL                                                          24.68%  27 sequences failed composition chi2 test (p-value<5%; df=19)


Create initial parsimony tree by phylogenetic likelihood library (PLL)... 0.028 seconds
Measuring multi-threading efficiency up to 2 CPU cores
Increase to 10 rounds for branch lengths
2 trees examined
Threads: 1 / Time: 2.064 sec / Speedup: 1.000 / Efficiency: 100% / LogL: -54744
Threads: 2 / Time: 1.087 sec / Speedup: 1.898 / Efficiency: 95% / LogL: -54744
BEST NUMBER OF THREADS: 2

Perform fast likelihood tree search using LG+I+G model...
Estimate model parameters (epsilon = 5.000)
Perform nearest neighbor interchange...
Estimate model parameters (epsilon = 1.000)
1. Initial log-likelihood: -43072.554
Optimal log-likelihood: -43072.435
Proportion of invariable sites: 0.006
Gamma shape alpha: 1.531
Parameters optimization took 1 rounds (0.206 sec)
Time for fast ML tree search: 2.192 seconds

NOTE: ModelFinder requires 26 MB RAM!
ModelFinder will test up to 24 protein models (sample size: 547) ...
 No. Model         -LnL         df  AIC          AICc         BIC
  1  LG            44538.801    137 89351.601    89444.051    89941.311
  2  LG+I          44484.344    138 89244.689    89338.718    89838.703
  3  LG+G4         43079.112    138 86434.225    86528.254    87028.239
  4  LG+I+G4       43072.468    139 86422.937    86518.563    87021.255
  7  LG+F+G4       42819.024    157 85952.047    86079.584    86627.846
  8  LG+F+I+G4     42813.381    158 85942.762    86072.257    86622.865
 11  WAG+G4        43105.149    138 86486.298    86580.327    87080.312
 12  WAG+I+G4      43098.231    139 86474.461    86570.088    87072.780
 15  WAG+F+G4      42951.728    157 86217.455    86344.993    86893.254
 16  WAG+F+I+G4    42944.985    158 86205.970    86335.465    86886.073
 19  JTT+G4        43011.918    138 86299.837    86393.866    86893.851
 20  JTT+I+G4      43007.633    139 86293.267    86388.894    86891.585
 23  JTT+F+G4      42750.070    157 85814.140    85941.677    86489.939
 24  JTT+F+I+G4    42743.695    158 85803.390    85932.884    86483.492
Akaike Information Criterion:           JTT+F+I+G4
Corrected Akaike Information Criterion: JTT+F+I+G4
Bayesian Information Criterion:         JTT+F+I+G4
Best-fit model: JTT+F+I+G4 chosen according to BIC

All model information printed to results_broccoli_metc/alignments/OG_1010.iqtree.model.gz
CPU time for ModelFinder: 35.349 seconds (0h:0m:35s)
Wall-clock time for ModelFinder: 18.785 seconds (0h:0m:18s)
Generating 1000 samples for ultrafast bootstrap (seed: 999856)...

NOTE: 26 MB RAM (0 GB) is required!
Estimate model parameters (epsilon = 0.100)
Thoroughly optimizing +I+G parameters from 10 start values...
Init pinv, alpha: 0.000, 1.490 / Estimate: 0.005, 1.491 / LogL: -42743.700
Init pinv, alpha: 0.001, 1.490 / Estimate: 0.005, 1.490 / LogL: -42743.697
Init pinv, alpha: 0.002, 1.490 / Estimate: 0.005, 1.487 / LogL: -42743.703
Init pinv, alpha: 0.002, 1.490 / Estimate: 0.005, 1.489 / LogL: -42743.698
Init pinv, alpha: 0.003, 1.490 / Estimate: 0.005, 1.490 / LogL: -42743.696
Init pinv, alpha: 0.004, 1.490 / Estimate: 0.005, 1.487 / LogL: -42743.701
Init pinv, alpha: 0.005, 1.490 / Estimate: 0.005, 1.489 / LogL: -42743.696
Init pinv, alpha: 0.006, 1.490 / Estimate: 0.006, 1.490 / LogL: -42743.695
Init pinv, alpha: 0.006, 1.490 / Estimate: 0.006, 1.492 / LogL: -42743.696
Init pinv, alpha: 0.007, 1.490 / Estimate: 0.006, 1.489 / LogL: -42743.695
Optimal pinv,alpha: 0.006, 1.490 / LogL: -42743.695

Parameters optimization took 3.829 sec
Computing ML distances based on estimated model parameters...
Computing ML distances took 0.361452 sec (of wall-clock time) 0.722349 sec(of CPU time)
WARNING: Some pairwise ML distances are too long (saturated)
Computing RapidNJ tree took 0.000933 sec (of wall-clock time) 0.001835 sec (of CPU time)
Log-likelihood of RapidNJ tree: -42933.036
--------------------------------------------------------------------
|             INITIALIZING CANDIDATE TREE SET                      |
--------------------------------------------------------------------
Generating 98 parsimony trees... 3.571 second
Computing log-likelihood of 98 initial trees ... 6.736 seconds
Current best score: -42743.695

Do NNI search on 20 best initial trees
Estimate model parameters (epsilon = 0.100)
BETTER TREE FOUND at iteration 1: -42733.373
Estimate model parameters (epsilon = 0.100)
BETTER TREE FOUND at iteration 3: -42726.615
Iteration 10 / LogL: -42737.649 / Time: 0h:0m:28s
Iteration 20 / LogL: -42727.055 / Time: 0h:0m:40s
Finish initializing candidate tree set (13)
Current best tree score: -42726.615 / CPU time: 36.087
Number of iterations: 20
--------------------------------------------------------------------
|               OPTIMIZING CANDIDATE TREE SET                      |
--------------------------------------------------------------------
Estimate model parameters (epsilon = 0.100)
UPDATE BEST LOG-LIKELIHOOD: -42726.449
Iteration 30 / LogL: -42726.564 / Time: 0h:0m:54s (0h:5m:27s left)
Iteration 40 / LogL: -42726.798 / Time: 0h:1m:9s (0h:4m:51s left)
Iteration 50 / LogL: -42730.635 / Time: 0h:1m:23s (0h:4m:20s left)
Log-likelihood cutoff on original alignment: -42763.617
Iteration 60 / LogL: -42729.859 / Time: 0h:1m:38s (0h:3m:59s left)
Iteration 70 / LogL: -42734.966 / Time: 0h:1m:52s (0h:3m:36s left)
Iteration 80 / LogL: -42729.693 / Time: 0h:2m:6s (0h:3m:17s left)
Iteration 90 / LogL: -42730.325 / Time: 0h:2m:21s (0h:3m:0s left)
Iteration 100 / LogL: -42726.515 / Time: 0h:2m:36s (0h:2m:42s left)
Log-likelihood cutoff on original alignment: -42763.617
NOTE: Bootstrap correlation coefficient of split occurrence frequencies: 0.998
Iteration 110 / LogL: -42728.388 / Time: 0h:2m:50s (0h:2m:25s left)
Iteration 120 / LogL: -42737.910 / Time: 0h:3m:5s (0h:2m:9s left)
Iteration 130 / LogL: -42726.613 / Time: 0h:3m:18s (0h:1m:52s left)
Iteration 140 / LogL: -42730.883 / Time: 0h:3m:31s (0h:1m:35s left)
Iteration 150 / LogL: -42726.593 / Time: 0h:3m:45s (0h:1m:20s left)
Log-likelihood cutoff on original alignment: -42763.617
Iteration 160 / LogL: -42728.940 / Time: 0h:3m:59s (0h:1m:4s left)
Iteration 170 / LogL: -42729.331 / Time: 0h:4m:13s (0h:0m:49s left)
Iteration 180 / LogL: -42730.520 / Time: 0h:4m:26s (0h:0m:34s left)
Iteration 190 / LogL: -42728.548 / Time: 0h:4m:40s (0h:0m:19s left)
Iteration 200 / LogL: -42734.309 / Time: 0h:4m:54s (0h:0m:4s left)
Log-likelihood cutoff on original alignment: -42763.617
NOTE: Bootstrap correlation coefficient of split occurrence frequencies: 0.999
TREE SEARCH COMPLETED AFTER 204 ITERATIONS / Time: 0h:4m:59s

--------------------------------------------------------------------
|                    FINALIZING TREE SEARCH                        |
--------------------------------------------------------------------
Performs final model parameters optimization
Estimate model parameters (epsilon = 0.010)
1. Initial log-likelihood: -42726.449
Optimal log-likelihood: -42726.449
Proportion of invariable sites: 0.006
Gamma shape alpha: 1.485
Parameters optimization took 1 rounds (0.198 sec)
BEST SCORE FOUND : -42726.449
Creating bootstrap support values...
Split supports printed to NEXUS file results_broccoli_metc/alignments/OG_1010.iqtree.splits.nex
Total tree length: 43.042

Total number of iterations: 204
CPU time used for tree search: 582.665 sec (0h:9m:42s)
Wall-clock time used for tree search: 294.632 sec (0h:4m:54s)
Total CPU time used: 593.024 sec (0h:9m:53s)
Total wall-clock time used: 299.867 sec (0h:4m:59s)

Computing bootstrap consensus tree...
Reading input file results_broccoli_metc/alignments/OG_1010.iqtree.splits.nex...
70 taxa and 330 splits.
Consensus tree written to results_broccoli_metc/alignments/OG_1010.iqtree.contree
Reading input trees file results_broccoli_metc/alignments/OG_1010.iqtree.contree
Log-likelihood of consensus tree: -42726.450

Analysis results written to: 
  IQ-TREE report:                results_broccoli_metc/alignments/OG_1010.iqtree.iqtree
  Maximum-likelihood tree:       results_broccoli_metc/alignments/OG_1010.iqtree.treefile
  Likelihood distances:          results_broccoli_metc/alignments/OG_1010.iqtree.mldist

Ultrafast bootstrap approximation results written to:
  Split support values:          results_broccoli_metc/alignments/OG_1010.iqtree.splits.nex
  Consensus tree:                results_broccoli_metc/alignments/OG_1010.iqtree.contree
  Screen log file:               results_broccoli_metc/alignments/OG_1010.iqtree.log

Date and Time: Fri Jun  3 08:56:55 2022
