IQ-TREE multicore version 2.1.0 for Linux 64-bit built Jul 18 2020
Developed by Bui Quang Minh, James Barbetti, Nguyen Lam Tung,
Olga Chernomor, Heiko Schmidt, Dominik Schrempf, Michael Woodhams.

Host:    node-hp0512.linux.crg.es (AVX, 125 GB RAM)
Command: /users/asebe/xgraubove/Programes/iqtree-2.1.0-Linux/bin/iqtree2 -s results_broccoli_metc/alignments/OG_1618.lt.fasta -m TEST -mset LG,WAG,JTT -nt AUTO -ntmax 2 -bb 1000 -pre results_broccoli_metc/alignments/OG_1618.iqtree -nm 10000 -nstop 200 -cptime 1800
Seed:    846609 (Using SPRNG - Scalable Parallel Random Number Generator)
Time:    Fri Jun  3 10:31:39 2022
Kernel:  AVX - auto-detect threads (2 CPU cores detected)

Reading alignment file results_broccoli_metc/alignments/OG_1618.lt.fasta ... Fasta format detected
Alignment most likely contains protein sequences
Alignment has 70 sequences with 357 columns, 347 distinct patterns
301 parsimony-informative, 0 singleton sites, 56 constant sites
                                                         Gap/Ambiguity  Composition  p-value
   1  Spur_XM_782442.5                                           0.56%    passed     99.14%
   2  Ctel_gnl_WGS_AMQN_CAPTEDRAFT_mRNA180564                    0.56%    passed     99.29%
   3  Cgig_XM_011428854.3                                        0.56%    passed    100.00%
   4  Scil_scict022177.1                                        32.21%    passed     88.98%
   5  Gracom_Gcom_C548652_01                                     0.56%    passed     95.45%
   6  Leuniv_Lniv_scaffold15387_01                              18.49%    passed     97.34%
   7  Lcom_lcpid67672                                            0.56%    passed     87.42%
   8  Clacor_Ccor_C540279_01                                     0.84%    passed     93.12%
   9  Exapal_XM_021040150.1                                      0.84%    passed     97.95%
  10  Nvec_v1g241460                                             0.56%    passed     99.66%
  11  Adig_XM_015911224.1                                        4.76%    passed     99.35%
  12  Amil_Amillepora26817-RA                                   14.57%    passed     94.36%
  13  Gfas_gfas1.m1.6138.m1                                     14.29%    passed     95.50%
  14  Fspp_ffun1.m4.22962.m1                                    11.48%    passed     95.89%
  15  Gasp_gasp1.m3.18838.m1                                    66.39%    passed     26.31%
  16  Spis_XP_022802454_1                                        1.12%    passed     98.89%
  17  Pocdam_XM_027189417.1                                      1.40%    passed     98.94%
  18  Aaur_scaffold93.g13.t1                                    65.83%    passed     98.99%
  19  Nemnom_g3133.t1                                            0.84%    passed     94.43%
  20  Rhoesc_Res_004390-T1                                       0.84%    passed     97.39%
  21  Sanmal_Sma_023322-T1                                       4.76%    passed     92.91%
  22  Tadh_TriadT49733                                           1.68%    passed     98.11%
  23  TrH2_TrispH2_007011-RA                                     1.68%    passed     98.11%
  24  HoiH06_mRNA2112                                            0.84%    passed     89.58%
  25  HoiH23_PlH23_000831-RA                                     0.84%    passed     93.22%
  26  Hhon_g04051.t1                                             0.84%    passed     96.31%
  27  HoiH04_mRNA3705                                            0.84%    passed     97.87%
  28  HoiH11_mRNA4244                                            0.84%    passed     76.08%
  29  Morvir_scaffold349.g14.t1                                 36.41%    passed     98.43%
  30  Aque_Aqu2.1.24512_001                                      1.12%    passed     98.14%
  31  Xestes_maker-XT_scaffold13524-augustus-gene-0.63-mRNA-1    0.28%    passed     87.34%
  32  Halamb_c2816_g1_i1m.424                                    0.84%    passed     99.54%
  33  Dgig_XM_028547077.1                                        0.56%    passed     99.06%
  34  Xesp_021840-T1                                             0.56%    passed     86.71%
  35  Ocar_g1827                                                74.79%    passed     74.16%
  36  Opea_EP00118_Oscarella_pearsei_P025052                     0.00%    passed     80.21%
  37  Plajan_Pjan_C560338_01                                     0.28%    passed     96.35%
  38  Emue_Em0010g72a.t1                                        17.93%    passed     97.90%
  39  Spolac_c103187_g1_i4_m.32895c103187-g1                     0.56%    passed     98.77%
  40  Mbre_EDQ91251                                              0.84%    passed     95.24%
  41  Choper_EP00045_Choanoeca_perplexa_P011555                  1.12%    passed     81.99%
  42  Chofle_EP00730_Choanoeca_flexa_P018688                     1.40%    passed     94.73%
  43  Salkve_EP00050_Salpingoeca_kvevrii_P006698                 0.56%    passed     99.48%
  44  Salinf_EP00049_Salpingoeca_infusionum_P018308              0.28%    passed     95.38%
  45  Saldol_EP00054_Salpingoeca_dolichothecata_P031488          0.56%    passed     93.39%
  46  Salurc_EP00051_Salpingoeca_urceolata_P027157               0.28%    passed     93.42%
  47  Hvul_g31925_1                                              1.12%    passed     99.60%
  48  Chem_TCONS_00071736                                        0.84%    passed     95.29%
  49  Acaspe_EP00035_Acanthoeca_spectabilis_P019923              0.84%    passed     38.75%
  50  Helnan_EP00037_Helgoeca_nana_P012408                       0.28%    passed     67.42%
  51  Stedip_EP00041_Stephanoeca_diplocostata_P023493            0.84%    passed     98.86%
  52  Acagra_model.g10797.t1                                    36.41%    passed     96.52%
  53  Salpun_EP00053_Salpingoeca_punica_P009019                  0.00%    passed     42.18%
  54  Salmac_EP00052_Salpingoeca_macrocollata_P001021            1.68%    passed     99.48%
  55  Pbac_sb2649783                                             1.12%    passed     99.87%
  56  Horcal_Hcv1.av93.c2.g576.i1                                1.12%    passed     99.45%
  57  Bolinf_Binf_sb1244277                                      1.12%    passed     96.98%
  58  Mertsp_Mesp_sb572111                                       1.12%    passed     95.15%
  59  Drygla_Dgla_sb298876                                       0.56%    passed     99.60%
  60  Vmul_SimC403202                                            0.56%    passed     99.79%
  61  Coeast_Cast_sb808422                                       8.96%    passed     99.98%
  62  Coemet_Cmet_C598371_01                                     0.84%    passed     99.95%
  63  Lampan_Lpan_14978_01                                       5.32%    passed     99.58%
  64  Beraby_Baby_sb332405                                       0.84%    passed     99.90%
  65  Eupdun_Edun_sb10673820                                     4.20%    passed     96.29%
  66  Codhol_EP00042_Codosiga_hollandica_P027781                 1.96%    passed     69.34%
  67  Didcos_EP00039_Didymoeca_costata_P015619                   1.40%    passed     84.97%
  68  Diagra_EP00040_Diaphanoeca_grandis_P030821                 0.56%    passed     56.92%
  69  Tetwil_g26745.t2                                          48.74%    passed     80.22%
  70  Sros_EGD80576                                              2.24%    passed     85.40%
WARNING: 3 sequences contain more than 50% gaps/ambiguity
****  TOTAL                                                      7.29%  0 sequences failed composition chi2 test (p-value<5%; df=19)
NOTE: TrH2_TrispH2_007011-RA is identical to Tadh_TriadT49733 but kept for subsequent analysis


Create initial parsimony tree by phylogenetic likelihood library (PLL)... 0.018 seconds
Measuring multi-threading efficiency up to 2 CPU cores
Increase to 10 rounds for branch lengths
4 trees examined
Threads: 1 / Time: 2.496 sec / Speedup: 1.000 / Efficiency: 100% / LogL: -27738
Threads: 2 / Time: 1.491 sec / Speedup: 1.674 / Efficiency: 84% / LogL: -27738
BEST NUMBER OF THREADS: 2

Perform fast likelihood tree search using LG+I+G model...
Estimate model parameters (epsilon = 5.000)
Perform nearest neighbor interchange...
Estimate model parameters (epsilon = 1.000)
1. Initial log-likelihood: -19640.161
Optimal log-likelihood: -19639.948
Proportion of invariable sites: 0.142
Gamma shape alpha: 1.274
Parameters optimization took 1 rounds (0.246 sec)
Time for fast ML tree search: 1.642 seconds

NOTE: ModelFinder requires 17 MB RAM!
ModelFinder will test up to 24 protein models (sample size: 357) ...
 No. Model         -LnL         df  AIC          AICc         BIC
  1  LG            20979.271    137 42232.541    42405.199    42763.791
  2  LG+I          20473.562    138 41223.125    41399.106    41758.252
  3  LG+G4         19684.940    138 39645.879    39821.861    40181.007
  4  LG+I+G4       19639.956    139 39557.911    39737.266    40096.917
  8  LG+F+I+G4     19709.988    158 39735.977    39989.735    40348.659
 12  WAG+I+G4      19732.291    139 39742.582    39921.937    40281.587
 16  WAG+F+I+G4    19789.616    158 39895.233    40148.990    40507.915
 20  JTT+I+G4      19945.217    139 40168.433    40347.788    40707.439
 24  JTT+F+I+G4    20050.410    158 40416.820    40670.578    41029.503
Akaike Information Criterion:           LG+I+G4
Corrected Akaike Information Criterion: LG+I+G4
Bayesian Information Criterion:         LG+I+G4
Best-fit model: LG+I+G4 chosen according to BIC

All model information printed to results_broccoli_metc/alignments/OG_1618.iqtree.model.gz
CPU time for ModelFinder: 16.205 seconds (0h:0m:16s)
Wall-clock time for ModelFinder: 9.345 seconds (0h:0m:9s)
Generating 1000 samples for ultrafast bootstrap (seed: 846609)...

NOTE: 17 MB RAM (0 GB) is required!
Estimate model parameters (epsilon = 0.100)
Thoroughly optimizing +I+G parameters from 10 start values...
Init pinv, alpha: 0.000, 1.275 / Estimate: 0.000, 0.731 / LogL: -19684.934
Init pinv, alpha: 0.017, 1.275 / Estimate: 0.142, 1.276 / LogL: -19639.953
Init pinv, alpha: 0.035, 1.275 / Estimate: 0.142, 1.276 / LogL: -19639.952
Init pinv, alpha: 0.052, 1.275 / Estimate: 0.141, 1.275 / LogL: -19639.958
Init pinv, alpha: 0.070, 1.275 / Estimate: 0.142, 1.275 / LogL: -19639.952
Init pinv, alpha: 0.087, 1.275 / Estimate: 0.142, 1.276 / LogL: -19639.955
Init pinv, alpha: 0.105, 1.275 / Estimate: 0.142, 1.275 / LogL: -19639.950
Init pinv, alpha: 0.122, 1.275 / Estimate: 0.142, 1.275 / LogL: -19639.956
Init pinv, alpha: 0.139, 1.275 / Estimate: 0.142, 1.274 / LogL: -19639.950
Init pinv, alpha: 0.157, 1.275 / Estimate: 0.142, 1.273 / LogL: -19639.951
Optimal pinv,alpha: 0.142, 1.275 / LogL: -19639.950

Parameters optimization took 5.452 sec
Computing ML distances based on estimated model parameters...
Computing ML distances took 0.251653 sec (of wall-clock time) 0.502165 sec(of CPU time)
WARNING: Some pairwise ML distances are too long (saturated)
Computing RapidNJ tree took 0.001168 sec (of wall-clock time) 0.002084 sec (of CPU time)
Log-likelihood of RapidNJ tree: -19776.851
--------------------------------------------------------------------
|             INITIALIZING CANDIDATE TREE SET                      |
--------------------------------------------------------------------
Generating 98 parsimony trees... 2.107 second
Computing log-likelihood of 98 initial trees ... 4.430 seconds
Current best score: -19639.950

Do NNI search on 20 best initial trees
Estimate model parameters (epsilon = 0.100)
BETTER TREE FOUND at iteration 1: -19639.947
Estimate model parameters (epsilon = 0.100)
BETTER TREE FOUND at iteration 6: -19635.358
Estimate model parameters (epsilon = 0.100)
BETTER TREE FOUND at iteration 7: -19631.622
Iteration 10 / LogL: -19638.131 / Time: 0h:0m:19s
Iteration 20 / LogL: -19650.449 / Time: 0h:0m:26s
Finish initializing candidate tree set (19)
Current best tree score: -19631.622 / CPU time: 20.539
Number of iterations: 20
--------------------------------------------------------------------
|               OPTIMIZING CANDIDATE TREE SET                      |
--------------------------------------------------------------------
Estimate model parameters (epsilon = 0.100)
BETTER TREE FOUND at iteration 21: -19627.421
Iteration 30 / LogL: -19627.717 / Time: 0h:0m:36s (0h:3m:57s left)
Estimate model parameters (epsilon = 0.100)
BETTER TREE FOUND at iteration 37: -19625.203
Estimate model parameters (epsilon = 0.100)
BETTER TREE FOUND at iteration 38: -19624.278
Iteration 40 / LogL: -19627.430 / Time: 0h:0m:46s (0h:3m:55s left)
Estimate model parameters (epsilon = 0.100)
BETTER TREE FOUND at iteration 45: -19624.128
Iteration 50 / LogL: -19635.939 / Time: 0h:0m:56s (0h:3m:44s left)
Log-likelihood cutoff on original alignment: -19699.042
Iteration 60 / LogL: -19633.251 / Time: 0h:1m:7s (0h:3m:30s left)
Iteration 70 / LogL: -19624.721 / Time: 0h:1m:17s (0h:3m:16s left)
Iteration 80 / LogL: -19624.146 / Time: 0h:1m:28s (0h:3m:4s left)
Iteration 90 / LogL: -19630.241 / Time: 0h:1m:38s (0h:2m:52s left)
Iteration 100 / LogL: -19624.147 / Time: 0h:1m:49s (0h:2m:40s left)
Log-likelihood cutoff on original alignment: -19699.042
NOTE: Bootstrap correlation coefficient of split occurrence frequencies: 0.998
Iteration 110 / LogL: -19624.128 / Time: 0h:2m:1s (0h:2m:31s left)
Iteration 120 / LogL: -19626.225 / Time: 0h:2m:13s (0h:2m:19s left)
Iteration 130 / LogL: -19624.608 / Time: 0h:2m:22s (0h:2m:7s left)
Iteration 140 / LogL: -19624.638 / Time: 0h:2m:34s (0h:1m:56s left)
UPDATE BEST LOG-LIKELIHOOD: -19624.128
Iteration 150 / LogL: -19628.639 / Time: 0h:2m:44s (0h:1m:44s left)
Log-likelihood cutoff on original alignment: -19699.042
Iteration 160 / LogL: -19638.554 / Time: 0h:2m:54s (0h:1m:33s left)
Iteration 170 / LogL: -19624.128 / Time: 0h:3m:5s (0h:1m:22s left)
Iteration 180 / LogL: -19624.801 / Time: 0h:3m:16s (0h:1m:11s left)
Iteration 190 / LogL: -19627.139 / Time: 0h:3m:26s (0h:1m:0s left)
Iteration 200 / LogL: -19624.550 / Time: 0h:3m:37s (0h:0m:49s left)
Log-likelihood cutoff on original alignment: -19699.042
NOTE: Bootstrap correlation coefficient of split occurrence frequencies: 0.999
Iteration 210 / LogL: -19624.645 / Time: 0h:3m:48s (0h:1m:38s left)
Iteration 220 / LogL: -19624.137 / Time: 0h:3m:59s (0h:1m:27s left)
Iteration 230 / LogL: -19634.170 / Time: 0h:4m:10s (0h:1m:16s left)
UPDATE BEST LOG-LIKELIHOOD: -19624.128
Iteration 240 / LogL: -19625.609 / Time: 0h:4m:21s (0h:1m:5s left)
TREE SEARCH COMPLETED AFTER 246 ITERATIONS / Time: 0h:4m:28s

--------------------------------------------------------------------
|                    FINALIZING TREE SEARCH                        |
--------------------------------------------------------------------
Performs final model parameters optimization
Estimate model parameters (epsilon = 0.010)
1. Initial log-likelihood: -19624.128
Optimal log-likelihood: -19624.128
Proportion of invariable sites: 0.142
Gamma shape alpha: 1.255
Parameters optimization took 1 rounds (0.142 sec)
BEST SCORE FOUND : -19624.128
Creating bootstrap support values...
Split supports printed to NEXUS file results_broccoli_metc/alignments/OG_1618.iqtree.splits.nex
Total tree length: 18.900

Total number of iterations: 246
CPU time used for tree search: 519.130 sec (0h:8m:39s)
Wall-clock time used for tree search: 262.011 sec (0h:4m:22s)
Total CPU time used: 532.176 sec (0h:8m:52s)
Total wall-clock time used: 268.630 sec (0h:4m:28s)

Computing bootstrap consensus tree...
Reading input file results_broccoli_metc/alignments/OG_1618.iqtree.splits.nex...
70 taxa and 491 splits.
Consensus tree written to results_broccoli_metc/alignments/OG_1618.iqtree.contree
Reading input trees file results_broccoli_metc/alignments/OG_1618.iqtree.contree
Log-likelihood of consensus tree: -19626.935

Analysis results written to: 
  IQ-TREE report:                results_broccoli_metc/alignments/OG_1618.iqtree.iqtree
  Maximum-likelihood tree:       results_broccoli_metc/alignments/OG_1618.iqtree.treefile
  Likelihood distances:          results_broccoli_metc/alignments/OG_1618.iqtree.mldist

Ultrafast bootstrap approximation results written to:
  Split support values:          results_broccoli_metc/alignments/OG_1618.iqtree.splits.nex
  Consensus tree:                results_broccoli_metc/alignments/OG_1618.iqtree.contree
  Screen log file:               results_broccoli_metc/alignments/OG_1618.iqtree.log

Date and Time: Fri Jun  3 10:36:18 2022
