IQ-TREE multicore version 2.1.0 for Linux 64-bit built Jul 18 2020
Developed by Bui Quang Minh, James Barbetti, Nguyen Lam Tung,
Olga Chernomor, Heiko Schmidt, Dominik Schrempf, Michael Woodhams.

Host:    node-hp0506.linux.crg.es (AVX, 125 GB RAM)
Command: /users/asebe/xgraubove/Programes/iqtree-2.1.0-Linux/bin/iqtree2 -s results_broccoli_metc/alignments/OG_1453.lt.fasta -m TEST -mset LG,WAG,JTT -nt AUTO -ntmax 2 -bb 1000 -pre results_broccoli_metc/alignments/OG_1453.iqtree -nm 10000 -nstop 200 -cptime 1800
Seed:    614141 (Using SPRNG - Scalable Parallel Random Number Generator)
Time:    Fri Jun  3 10:04:58 2022
Kernel:  AVX - auto-detect threads (2 CPU cores detected)

Reading alignment file results_broccoli_metc/alignments/OG_1453.lt.fasta ... Fasta format detected
Alignment most likely contains protein sequences
Alignment has 60 sequences with 286 columns, 284 distinct patterns
280 parsimony-informative, 0 singleton sites, 6 constant sites
                                                              Gap/Ambiguity  Composition  p-value
   1  Hsap_ENST00000453386                                           10.14%    passed     56.95%
   2  Cscu_XM_023355619.1                                            51.40%    passed     14.84%
   3  Cgig_XM_034458523.1                                            13.29%    passed     77.96%
   4  Ocar_g10133                                                    48.25%    passed     32.38%
   5  Opea_EP00118_Oscarella_pearsei_P009021                         12.94%    passed      8.20%
   6  Plajan_Pjan_C558121_01                                         21.68%    passed     40.05%
   7  Ctel_gnl_WGS_AMQN_CAPTEDRAFT_mRNA155471                        15.03%    passed     96.04%
   8  Acagra_model.g19876.t1                                         17.13%    passed     36.47%
   9  Tcas_TC034297_002                                              13.99%    passed     77.69%
  10  Exapal_XM_021039476.2                                          11.89%    passed     81.67%
  11  Nvec_v1g94276                                                  48.95%    failed      1.69%
  12  Adig_XM_015921180.1                                             8.74%    passed     49.56%
  13  Gfas_gfas1.m1.13958.m1                                         12.59%    failed      0.31%
  14  Fspp_ffun1.m4.25572.m1                                         44.41%    passed      9.10%
  15  Spis_XP_022787313_1                                             8.74%    passed     33.19%
  16  Pocdam_XM_027203284.1                                           8.74%    passed     65.59%
  17  Amil_Amillepora08325-RA                                        23.43%    passed     47.66%
  18  Skow_XM_006814011.1                                            12.24%    passed     35.21%
  19  Hvul_g11725_1                                                  28.67%    passed     78.18%
  20  Chem_TCONS_00036753                                            51.05%    failed      2.21%
  21  Morvir_scaffold140.g47.t1                                      22.38%    failed      2.19%
  22  Nemnom_g17770.t1                                               32.17%    passed     38.29%
  23  Rhoesc_Res_005228-T1                                           26.57%    passed     71.30%
  24  Aque_Aqu2.1.41072_001                                          26.92%    passed     10.39%
  25  Xestes_snap_masked-XT_scaffold4935-processed-gene-0.6-mRNA-1   25.87%    passed     84.85%
  26  Emue_Em0004g1578a.t1                                           27.97%    passed     87.78%
  27  Spolac_c103158_g1_i2_m.32746c103158-g1                         25.87%    passed     90.71%
  28  Dpul_mRNA187                                                   25.87%    passed     53.03%
  29  Pbac_sb2666003                                                  1.75%    failed      0.00%
  30  Horcal_Hcv1.av93.c4.g695.i1                                    25.17%    passed     71.88%
  31  Vmul_sbMO435805                                                35.31%    passed     82.57%
  32  Lampan_Lpan_11176_01                                           34.27%    passed     84.00%
  33  Beraby_Baby_sb332885                                           28.32%    passed     23.17%
  34  Hhon_g11475.t1                                                 17.48%    passed     22.84%
  35  HoiH11_mRNA1297                                                17.48%    passed     51.60%
  36  HoiH04_mRNA10223                                               18.88%    passed     79.99%
  37  Lcom_lcpid105598                                               13.29%    passed      8.23%
  38  Gracom_Gcom_scaffold9693_01                                    17.13%    passed     27.06%
  39  Leuniv_Lniv_scaffold24607_01                                   17.83%    passed     12.77%
  40  Clacor_Ccor_scaffold14284_01                                   15.03%    passed     24.74%
  41  Mbre_EDQ90533                                                  72.73%    failed      0.02%
  42  Choper_EP00045_Choanoeca_perplexa_P008768                      21.33%    failed      0.01%
  43  Chofle_EP00730_Choanoeca_flexa_P003608                         20.28%    failed      2.78%
  44  Microa_EP00043_Microstomoeca_roanoka_P006079                   13.99%    failed      0.90%
  45  Salinf_EP00049_Salpingoeca_infusionum_P027255                  40.91%    passed      7.80%
  46  Codhol_EP00042_Codosiga_hollandica_P030292                     29.72%    passed     48.90%
  47  Spur_XM_030990381.1                                            12.94%    passed     10.53%
  48  Sros_EGD83325                                                  23.08%    failed      0.00%
  49  Bralan_BLAG10000695_1                                          15.38%    failed      0.00%
  50  Scil_scict007411.1                                             39.16%    failed      1.43%
  51  Aaur_scaffold232.g12.t1                                        68.18%    failed      0.13%
  52  Sanmal_Sma_005543-T1                                           35.31%    failed      0.00%
  53  HoiH06_mRNA6525                                                24.83%    failed      0.00%
  54  HoiH23_PlH23_003005-RA                                         24.83%    failed      0.00%
  55  Mlei_ML1906.g12.i1                                             15.38%    failed      0.00%
  56  Coeast_Cast_sb770959                                           24.83%    failed      0.00%
  57  Coemet_Cmet_C589367_01                                         24.48%    failed      0.31%
  58  Bolinf_Binf_sb1228984                                          24.48%    failed      0.00%
  59  Mertsp_Mesp_sb564274                                           28.67%    failed      0.00%
  60  Drygla_Dgla_sb296150                                           13.64%    failed      0.02%
WARNING: 4 sequences contain more than 50% gaps/ambiguity
****  TOTAL                                                          24.88%  22 sequences failed composition chi2 test (p-value<5%; df=19)


Create initial parsimony tree by phylogenetic likelihood library (PLL)... 0.015 seconds
Measuring multi-threading efficiency up to 2 CPU cores
Increase to 10 rounds for branch lengths
5 trees examined
Threads: 1 / Time: 2.229 sec / Speedup: 1.000 / Efficiency: 100% / LogL: -21553
Threads: 2 / Time: 1.175 sec / Speedup: 1.898 / Efficiency: 95% / LogL: -21553
BEST NUMBER OF THREADS: 2

Perform fast likelihood tree search using LG+I+G model...
Estimate model parameters (epsilon = 5.000)
Perform nearest neighbor interchange...
Estimate model parameters (epsilon = 1.000)
1. Initial log-likelihood: -17129.204
Optimal log-likelihood: -17129.111
Proportion of invariable sites: 0.016
Gamma shape alpha: 1.564
Parameters optimization took 1 rounds (0.090 sec)
Time for fast ML tree search: 1.024 seconds

NOTE: ModelFinder requires 12 MB RAM!
ModelFinder will test up to 24 protein models (sample size: 286) ...
 No. Model         -LnL         df  AIC          AICc         BIC
  1  LG            17704.956    117 35643.912    35808.269    36071.663
  2  LG+I          17648.391    118 35532.782    35700.950    35964.189
  3  LG+G4         17137.776    118 34511.551    34679.719    34942.958
  4  LG+I+G4       17129.118    119 34496.237    34668.285    34931.300
  8  LG+F+I+G4     16556.504    138 33389.008    33649.987    33893.534
 12  WAG+I+G4      17005.114    119 34248.228    34420.276    34683.291
 16  WAG+F+I+G4    16545.352    138 33366.703    33627.683    33871.230
 20  JTT+I+G4      17168.175    119 34574.351    34746.399    35009.414
 24  JTT+F+I+G4    16664.296    138 33604.592    33865.572    34109.119
Akaike Information Criterion:           WAG+F+I+G4
Corrected Akaike Information Criterion: WAG+F+I+G4
Bayesian Information Criterion:         WAG+F+I+G4
Best-fit model: WAG+F+I+G4 chosen according to BIC

All model information printed to results_broccoli_metc/alignments/OG_1453.iqtree.model.gz
CPU time for ModelFinder: 12.183 seconds (0h:0m:12s)
Wall-clock time for ModelFinder: 7.181 seconds (0h:0m:7s)
Generating 1000 samples for ultrafast bootstrap (seed: 614141)...

NOTE: 12 MB RAM (0 GB) is required!
Estimate model parameters (epsilon = 0.100)
Thoroughly optimizing +I+G parameters from 10 start values...
Init pinv, alpha: 0.000, 1.699 / Estimate: 0.019, 1.703 / LogL: -16545.356
Init pinv, alpha: 0.002, 1.699 / Estimate: 0.019, 1.703 / LogL: -16545.353
Init pinv, alpha: 0.005, 1.699 / Estimate: 0.019, 1.703 / LogL: -16545.350
Init pinv, alpha: 0.007, 1.699 / Estimate: 0.019, 1.701 / LogL: -16545.352
Init pinv, alpha: 0.009, 1.699 / Estimate: 0.019, 1.701 / LogL: -16545.350
Init pinv, alpha: 0.012, 1.699 / Estimate: 0.019, 1.702 / LogL: -16545.349
Init pinv, alpha: 0.014, 1.699 / Estimate: 0.019, 1.702 / LogL: -16545.348
Init pinv, alpha: 0.016, 1.699 / Estimate: 0.019, 1.697 / LogL: -16545.349
Init pinv, alpha: 0.019, 1.699 / Estimate: 0.019, 1.699 / LogL: -16545.348
Init pinv, alpha: 0.021, 1.699 / Estimate: 0.020, 1.701 / LogL: -16545.349
Optimal pinv,alpha: 0.019, 1.702 / LogL: -16545.348

Parameters optimization took 2.308 sec
Computing ML distances based on estimated model parameters...
Computing ML distances took 0.228079 sec (of wall-clock time) 0.453794 sec(of CPU time)
Computing RapidNJ tree took 0.000911 sec (of wall-clock time) 0.001811 sec (of CPU time)
Log-likelihood of RapidNJ tree: -16612.112
--------------------------------------------------------------------
|             INITIALIZING CANDIDATE TREE SET                      |
--------------------------------------------------------------------
Generating 98 parsimony trees... 1.816 second
Computing log-likelihood of 98 initial trees ... 2.816 seconds
Current best score: -16545.348

Do NNI search on 20 best initial trees
Estimate model parameters (epsilon = 0.100)
BETTER TREE FOUND at iteration 1: -16529.045
Estimate model parameters (epsilon = 0.100)
BETTER TREE FOUND at iteration 2: -16513.372
Estimate model parameters (epsilon = 0.100)
BETTER TREE FOUND at iteration 6: -16507.995
Iteration 10 / LogL: -16514.520 / Time: 0h:0m:14s
Iteration 20 / LogL: -16522.052 / Time: 0h:0m:20s
Finish initializing candidate tree set (17)
Current best tree score: -16507.995 / CPU time: 17.163
Number of iterations: 20
--------------------------------------------------------------------
|               OPTIMIZING CANDIDATE TREE SET                      |
--------------------------------------------------------------------
Estimate model parameters (epsilon = 0.100)
BETTER TREE FOUND at iteration 26: -16507.949
Estimate model parameters (epsilon = 0.100)
BETTER TREE FOUND at iteration 28: -16507.615
Iteration 30 / LogL: -16508.183 / Time: 0h:0m:26s (0h:3m:3s left)
Iteration 40 / LogL: -16507.629 / Time: 0h:0m:33s (0h:2m:40s left)
Estimate model parameters (epsilon = 0.100)
UPDATE BEST LOG-LIKELIHOOD: -16507.573
Iteration 50 / LogL: -16507.845 / Time: 0h:0m:39s (0h:2m:22s left)
Log-likelihood cutoff on original alignment: -16558.182
Iteration 60 / LogL: -16512.194 / Time: 0h:0m:45s (0h:2m:9s left)
Iteration 70 / LogL: -16526.630 / Time: 0h:0m:51s (0h:1m:57s left)
Iteration 80 / LogL: -16509.463 / Time: 0h:0m:57s (0h:1m:48s left)
Estimate model parameters (epsilon = 0.100)
BETTER TREE FOUND at iteration 89: -16507.220
Iteration 90 / LogL: -16507.654 / Time: 0h:1m:3s (0h:2m:23s left)
Iteration 100 / LogL: -16507.658 / Time: 0h:1m:10s (0h:2m:13s left)
Log-likelihood cutoff on original alignment: -16558.182
NOTE: Bootstrap correlation coefficient of split occurrence frequencies: 0.999
Iteration 110 / LogL: -16510.148 / Time: 0h:1m:15s (0h:2m:4s left)
Iteration 120 / LogL: -16507.610 / Time: 0h:1m:22s (0h:1m:56s left)
Iteration 130 / LogL: -16508.200 / Time: 0h:1m:27s (0h:1m:48s left)
Iteration 140 / LogL: -16509.092 / Time: 0h:1m:33s (0h:1m:40s left)
Estimate model parameters (epsilon = 0.100)
UPDATE BEST LOG-LIKELIHOOD: -16507.158
Iteration 150 / LogL: -16509.156 / Time: 0h:1m:39s (0h:1m:33s left)
Log-likelihood cutoff on original alignment: -16558.182
Iteration 160 / LogL: -16511.668 / Time: 0h:1m:45s (0h:1m:25s left)
Iteration 170 / LogL: -16508.225 / Time: 0h:1m:51s (0h:1m:18s left)
Iteration 180 / LogL: -16509.079 / Time: 0h:1m:57s (0h:1m:11s left)
Iteration 190 / LogL: -16508.748 / Time: 0h:2m:3s (0h:1m:4s left)
Iteration 200 / LogL: -16507.572 / Time: 0h:2m:8s (0h:0m:57s left)
Log-likelihood cutoff on original alignment: -16558.182
NOTE: Bootstrap correlation coefficient of split occurrence frequencies: 0.998
Iteration 210 / LogL: -16507.611 / Time: 0h:2m:14s (0h:0m:58s left)
Iteration 220 / LogL: -16507.364 / Time: 0h:2m:20s (0h:0m:51s left)
Iteration 230 / LogL: -16509.533 / Time: 0h:2m:26s (0h:0m:44s left)
Iteration 240 / LogL: -16509.773 / Time: 0h:2m:31s (0h:0m:38s left)
Iteration 250 / LogL: -16514.234 / Time: 0h:2m:37s (0h:0m:31s left)
Log-likelihood cutoff on original alignment: -16558.182
Iteration 260 / LogL: -16513.876 / Time: 0h:2m:43s (0h:0m:25s left)
Iteration 270 / LogL: -16510.362 / Time: 0h:2m:49s (0h:0m:18s left)
Iteration 280 / LogL: -16509.121 / Time: 0h:2m:54s (0h:0m:12s left)
Iteration 290 / LogL: -16507.265 / Time: 0h:3m:0s (0h:0m:6s left)
TREE SEARCH COMPLETED AFTER 290 ITERATIONS / Time: 0h:3m:0s

--------------------------------------------------------------------
|                    FINALIZING TREE SEARCH                        |
--------------------------------------------------------------------
Performs final model parameters optimization
Estimate model parameters (epsilon = 0.010)
1. Initial log-likelihood: -16507.158
Optimal log-likelihood: -16507.157
Proportion of invariable sites: 0.020
Gamma shape alpha: 1.677
Parameters optimization took 1 rounds (0.089 sec)
BEST SCORE FOUND : -16507.157
Creating bootstrap support values...
Split supports printed to NEXUS file results_broccoli_metc/alignments/OG_1453.iqtree.splits.nex
Total tree length: 29.969

Total number of iterations: 290
CPU time used for tree search: 350.618 sec (0h:5m:50s)
Wall-clock time used for tree search: 177.075 sec (0h:2m:57s)
Total CPU time used: 358.034 sec (0h:5m:58s)
Total wall-clock time used: 180.875 sec (0h:3m:0s)

Computing bootstrap consensus tree...
Reading input file results_broccoli_metc/alignments/OG_1453.iqtree.splits.nex...
60 taxa and 446 splits.
Consensus tree written to results_broccoli_metc/alignments/OG_1453.iqtree.contree
Reading input trees file results_broccoli_metc/alignments/OG_1453.iqtree.contree
Log-likelihood of consensus tree: -16509.382

Analysis results written to: 
  IQ-TREE report:                results_broccoli_metc/alignments/OG_1453.iqtree.iqtree
  Maximum-likelihood tree:       results_broccoli_metc/alignments/OG_1453.iqtree.treefile
  Likelihood distances:          results_broccoli_metc/alignments/OG_1453.iqtree.mldist

Ultrafast bootstrap approximation results written to:
  Split support values:          results_broccoli_metc/alignments/OG_1453.iqtree.splits.nex
  Consensus tree:                results_broccoli_metc/alignments/OG_1453.iqtree.contree
  Screen log file:               results_broccoli_metc/alignments/OG_1453.iqtree.log

Date and Time: Fri Jun  3 10:08:06 2022
