IQ-TREE multicore version 2.1.0 for Linux 64-bit built Jul 18 2020
Developed by Bui Quang Minh, James Barbetti, Nguyen Lam Tung,
Olga Chernomor, Heiko Schmidt, Dominik Schrempf, Michael Woodhams.

Host:    node-hp0507.linux.crg.es (AVX, 125 GB RAM)
Command: /users/asebe/xgraubove/Programes/iqtree-2.1.0-Linux/bin/iqtree2 -s results_broccoli_metc/alignments/OG_1603.lt.fasta -m TEST -mset LG,WAG,JTT -nt AUTO -ntmax 2 -bb 1000 -pre results_broccoli_metc/alignments/OG_1603.iqtree -nm 10000 -nstop 200 -cptime 1800
Seed:    855248 (Using SPRNG - Scalable Parallel Random Number Generator)
Time:    Fri Jun  3 10:34:45 2022
Kernel:  AVX - auto-detect threads (2 CPU cores detected)

Reading alignment file results_broccoli_metc/alignments/OG_1603.lt.fasta ... Fasta format detected
Alignment most likely contains protein sequences
Alignment has 60 sequences with 870 columns, 869 distinct patterns
847 parsimony-informative, 0 singleton sites, 23 constant sites
                                                         Gap/Ambiguity  Composition  p-value
   1  Hsap_ENST00000339995                                      10.00%    passed     20.43%
   2  Cgig_XM_020062823.2                                       18.97%    failed      0.32%
   3  Acagra_model.g370.t1                                       9.20%    passed     32.74%
   4  Xestes_maker-XT_scaffold121194-augustus-gene-0.3-mRNA-1   92.41%    passed      6.45%
   5  Halamb_c50662_g1_i1mm.3582                                33.91%    failed      2.57%
   6  Stycar_maker-SC_scaffold140852-snap-gene-0.106-mRNA-1     93.79%    passed      5.63%
   7  Plespi_Pspi_scaffold18274_01                              52.41%    failed      1.60%
   8  Spolac_c102785_g1_i3_m.30948c102785-g1                    11.84%    failed      0.00%
   9  Exapal_XM_028662788.1                                     31.38%    passed     69.14%
  10  Nvec_v1g218869                                            21.15%    passed     76.77%
  11  Adig_XM_015897027.1                                       21.61%    passed     77.00%
  12  Amil_Amillepora10265-RA                                   88.39%    passed     11.06%
  13  Fspp_ffun1.m4.3673.m1                                     23.33%    passed     94.34%
  14  Gasp_gasp1.m3.6281.m1                                     20.00%    passed     89.71%
  15  Spis_XP_022792755_1                                       19.54%    passed     98.67%
  16  Pocdam_XM_027189450.1                                     19.54%    passed     95.58%
  17  Gfas_gfas1.m1.15145.m1                                    23.45%    passed     85.92%
  18  Stedip_EP00041_Stephanoeca_diplocostata_P034404           10.34%    passed      5.10%
  19  Codhol_EP00042_Codosiga_hollandica_P056457                94.60%    failed      0.51%
  20  Salurc_EP00051_Salpingoeca_urceolata_P033355              31.49%    passed     14.35%
  21  Salkve_EP00050_Salpingoeca_kvevrii_P011525                18.97%    failed      3.84%
  22  Saldol_EP00054_Salpingoeca_dolichothecata_P027554         12.30%    passed     52.14%
  23  Skow_XM_006819103.1                                       16.78%    passed      6.49%
  24  Aaur_scaffold138.g9.t1                                    76.21%    passed      5.32%
  25  Sanmal_Sma_024312-T1                                      11.61%    failed      0.20%
  26  Nemnom_g16551.t1                                           7.01%    passed     78.80%
  27  Rhoesc_Res_017084-T1                                       7.36%    passed     67.84%
  28  Morvir_scaffold107.g52.t1                                  8.39%    failed      2.53%
  29  Bralan_BLAG03001906_1                                      8.28%    passed      5.00%
  30  Spur_XM_030989182.1                                       10.00%    passed     17.79%
  31  Dgig_XM_028560598.1                                       10.34%    passed     90.18%
  32  Xesp_025823-T1                                            10.34%    passed     70.74%
  33  Dpul_mRNA2194                                             13.56%    passed     53.75%
  34  Tadh_TriadT63472                                          12.18%    passed     14.52%
  35  TrH2_TrispH2_005282-RA                                    10.69%    passed     16.03%
  36  HoiH06_mRNA5197                                           11.95%    passed     15.42%
  37  HoiH23_PlH23_004730-RA                                    11.95%    passed     11.64%
  38  Hhon_g08612.t1                                            11.38%    failed      4.29%
  39  HoiH04_mRNA2376                                           12.18%    passed      5.52%
  40  HoiH11_mRNA4681                                           11.84%    passed      6.53%
  41  Tcas_TC008408_001                                         11.15%    passed     39.05%
  42  Ctel_gnl_WGS_AMQN_CAPTEDRAFT_mRNA169721                   20.69%    failed      2.31%
  43  Salmac_EP00052_Salpingoeca_macrocollata_P012702           37.01%    failed      0.00%
  44  Salpun_EP00053_Salpingoeca_punica_P014122                 76.90%    failed      0.71%
  45  Acaspe_EP00035_Acanthoeca_spectabilis_P021573             12.07%    failed      0.00%
  46  Helnan_EP00037_Helgoeca_nana_P000030                      10.57%    failed      0.00%
  47  Didcos_EP00039_Didymoeca_costata_P001155                   9.20%    passed     34.52%
  48  Mylflu_EP00047_Mylnosiga_fluctuans_P003743                24.02%    failed      0.00%
  49  Diagra_EP00040_Diaphanoeca_grandis_P022402                12.53%    passed     67.89%
  50  Ocar_g5547                                                29.31%    passed     19.29%
  51  Opea_EP00118_Oscarella_pearsei_P024992                    33.68%    passed     33.80%
  52  Scil_scict003950.1                                         9.54%    passed     16.51%
  53  Leuniv_Lniv_scaffold23761_01                              21.03%    failed      2.88%
  54  Gracom_Gcom_scaffold8257_01                               10.11%    failed      0.90%
  55  Lcom_lcpid37480                                           19.66%    failed      0.01%
  56  Clacor_Ccor_scaffold5158_01                               46.67%    failed      0.00%
  57  Plajan_Pjan_scaffold19576_01                              33.68%    failed      2.87%
  58  Emue_Em0003g211a.t1                                       12.64%    failed      0.00%
  59  Aque_Aqu2.1.28471_001                                     23.56%    failed      0.45%
  60  Hvul_g28177_1                                             46.21%    failed      1.56%
WARNING: 7 sequences contain more than 50% gaps/ambiguity
****  TOTAL                                                     25.35%  23 sequences failed composition chi2 test (p-value<5%; df=19)


Create initial parsimony tree by phylogenetic likelihood library (PLL)... 0.038 seconds
Measuring multi-threading efficiency up to 2 CPU cores
Increase to 10 rounds for branch lengths
2 trees examined
Threads: 1 / Time: 2.660 sec / Speedup: 1.000 / Efficiency: 100% / LogL: -76258
Threads: 2 / Time: 1.368 sec / Speedup: 1.944 / Efficiency: 97% / LogL: -76258
BEST NUMBER OF THREADS: 2

Perform fast likelihood tree search using LG+I+G model...
Estimate model parameters (epsilon = 5.000)
Perform nearest neighbor interchange...
Estimate model parameters (epsilon = 1.000)
1. Initial log-likelihood: -58797.625
Optimal log-likelihood: -58796.799
Proportion of invariable sites: 0.024
Gamma shape alpha: 1.778
Parameters optimization took 1 rounds (0.271 sec)
Time for fast ML tree search: 2.506 seconds

NOTE: ModelFinder requires 36 MB RAM!
ModelFinder will test up to 24 protein models (sample size: 870) ...
 No. Model         -LnL         df  AIC          AICc         BIC
  1  LG            60387.015    117 121008.030   121044.748   121565.943
  2  LG+I          60105.259    118 120446.518   120483.914   121009.201
  3  LG+G4         58842.793    118 117921.586   117958.981   118484.268
  4  LG+I+G4       58796.326    119 117830.652   117868.732   118398.103
  8  LG+F+I+G4     58759.420    138 117794.840   117847.321   118452.892
 12  WAG+I+G4      58916.677    119 118071.354   118109.434   118638.805
 16  WAG+F+I+G4    59130.783    138 118537.565   118590.047   119195.618
 20  JTT+I+G4      58804.420    119 117846.839   117884.919   118414.290
 24  JTT+F+I+G4    58850.722    138 117977.445   118029.926   118635.497
Akaike Information Criterion:           LG+F+I+G4
Corrected Akaike Information Criterion: LG+F+I+G4
Bayesian Information Criterion:         LG+I+G4
Best-fit model: LG+I+G4 chosen according to BIC

All model information printed to results_broccoli_metc/alignments/OG_1603.iqtree.model.gz
CPU time for ModelFinder: 25.556 seconds (0h:0m:25s)
Wall-clock time for ModelFinder: 14.121 seconds (0h:0m:14s)
Generating 1000 samples for ultrafast bootstrap (seed: 855248)...

NOTE: 36 MB RAM (0 GB) is required!
Estimate model parameters (epsilon = 0.100)
Thoroughly optimizing +I+G parameters from 10 start values...
Init pinv, alpha: 0.000, 1.776 / Estimate: 0.024, 1.763 / LogL: -58796.333
Init pinv, alpha: 0.003, 1.776 / Estimate: 0.024, 1.771 / LogL: -58796.321
Init pinv, alpha: 0.006, 1.776 / Estimate: 0.024, 1.774 / LogL: -58796.324
Init pinv, alpha: 0.009, 1.776 / Estimate: 0.024, 1.778 / LogL: -58796.331
Init pinv, alpha: 0.012, 1.776 / Estimate: 0.024, 1.777 / LogL: -58796.327
Init pinv, alpha: 0.015, 1.776 / Estimate: 0.024, 1.776 / LogL: -58796.330
Init pinv, alpha: 0.018, 1.776 / Estimate: 0.024, 1.775 / LogL: -58796.325
Init pinv, alpha: 0.021, 1.776 / Estimate: 0.024, 1.776 / LogL: -58796.322
Init pinv, alpha: 0.023, 1.776 / Estimate: 0.024, 1.774 / LogL: -58796.321
Init pinv, alpha: 0.026, 1.776 / Estimate: 0.024, 1.772 / LogL: -58796.319
Optimal pinv,alpha: 0.024, 1.772 / LogL: -58796.319

Parameters optimization took 7.638 sec
Computing ML distances based on estimated model parameters...
Computing ML distances took 0.246479 sec (of wall-clock time) 0.491887 sec(of CPU time)
Computing RapidNJ tree took 0.000873 sec (of wall-clock time) 0.000746 sec (of CPU time)
Log-likelihood of RapidNJ tree: -59022.401
--------------------------------------------------------------------
|             INITIALIZING CANDIDATE TREE SET                      |
--------------------------------------------------------------------
Generating 98 parsimony trees... 3.538 second
Computing log-likelihood of 98 initial trees ... 7.919 seconds
Current best score: -58796.319

Do NNI search on 20 best initial trees
Estimate model parameters (epsilon = 0.100)
BETTER TREE FOUND at iteration 1: -58793.909
Estimate model parameters (epsilon = 0.100)
BETTER TREE FOUND at iteration 2: -58793.071
Iteration 10 / LogL: -58797.378 / Time: 0h:0m:34s
Iteration 20 / LogL: -58798.773 / Time: 0h:0m:49s
Finish initializing candidate tree set (13)
Current best tree score: -58793.071 / CPU time: 41.282
Number of iterations: 20
--------------------------------------------------------------------
|               OPTIMIZING CANDIDATE TREE SET                      |
--------------------------------------------------------------------
Iteration 30 / LogL: -58794.693 / Time: 0h:1m:8s (0h:6m:44s left)
Iteration 40 / LogL: -58794.849 / Time: 0h:1m:28s (0h:6m:8s left)
Estimate model parameters (epsilon = 0.100)
BETTER TREE FOUND at iteration 46: -58792.254
Iteration 50 / LogL: -58795.140 / Time: 0h:1m:47s (0h:7m:11s left)
Log-likelihood cutoff on original alignment: -58852.592
Iteration 60 / LogL: -58794.970 / Time: 0h:2m:6s (0h:6m:37s left)
Iteration 70 / LogL: -58796.876 / Time: 0h:2m:25s (0h:6m:10s left)
Iteration 80 / LogL: -58793.630 / Time: 0h:2m:43s (0h:5m:44s left)
Estimate model parameters (epsilon = 0.100)
BETTER TREE FOUND at iteration 85: -58791.072
Iteration 90 / LogL: -58793.307 / Time: 0h:3m:3s (0h:6m:40s left)
Iteration 100 / LogL: -58792.000 / Time: 0h:3m:20s (0h:6m:14s left)
Log-likelihood cutoff on original alignment: -58824.858
NOTE: Bootstrap correlation coefficient of split occurrence frequencies: 0.990
Iteration 110 / LogL: -58791.580 / Time: 0h:3m:39s (0h:5m:52s left)
Iteration 120 / LogL: -58791.496 / Time: 0h:3m:59s (0h:5m:31s left)
Estimate model parameters (epsilon = 0.100)
UPDATE BEST LOG-LIKELIHOOD: -58791.029
Iteration 130 / LogL: -58792.299 / Time: 0h:4m:17s (0h:5m:9s left)
Iteration 140 / LogL: -58793.052 / Time: 0h:4m:35s (0h:4m:46s left)
Iteration 150 / LogL: -58792.105 / Time: 0h:4m:54s (0h:4m:26s left)
Log-likelihood cutoff on original alignment: -58824.858
Iteration 160 / LogL: -58791.130 / Time: 0h:5m:14s (0h:4m:6s left)
Iteration 170 / LogL: -58791.808 / Time: 0h:5m:34s (0h:3m:47s left)
Iteration 180 / LogL: -58794.805 / Time: 0h:5m:54s (0h:3m:27s left)
Iteration 190 / LogL: -58791.460 / Time: 0h:6m:14s (0h:3m:7s left)
Iteration 200 / LogL: -58793.191 / Time: 0h:6m:33s (0h:2m:48s left)
Log-likelihood cutoff on original alignment: -58824.623
NOTE: Bootstrap correlation coefficient of split occurrence frequencies: 0.994
Iteration 210 / LogL: -58792.117 / Time: 0h:6m:54s (0h:2m:58s left)
Iteration 220 / LogL: -58802.632 / Time: 0h:7m:13s (0h:2m:38s left)
Iteration 230 / LogL: -58792.296 / Time: 0h:7m:33s (0h:2m:18s left)
Iteration 240 / LogL: -58792.013 / Time: 0h:7m:51s (0h:1m:58s left)
Iteration 250 / LogL: -58792.015 / Time: 0h:8m:10s (0h:1m:38s left)
Log-likelihood cutoff on original alignment: -58824.623
Iteration 260 / LogL: -58791.449 / Time: 0h:8m:31s (0h:1m:18s left)
Iteration 270 / LogL: -58808.549 / Time: 0h:8m:50s (0h:0m:59s left)
Iteration 280 / LogL: -58791.577 / Time: 0h:9m:9s (0h:0m:39s left)
TREE SEARCH COMPLETED AFTER 286 ITERATIONS / Time: 0h:9m:22s

--------------------------------------------------------------------
|                    FINALIZING TREE SEARCH                        |
--------------------------------------------------------------------
Performs final model parameters optimization
Estimate model parameters (epsilon = 0.010)
1. Initial log-likelihood: -58791.029
Optimal log-likelihood: -58791.021
Proportion of invariable sites: 0.024
Gamma shape alpha: 1.754
Parameters optimization took 1 rounds (0.259 sec)
BEST SCORE FOUND : -58791.021
Creating bootstrap support values...
Split supports printed to NEXUS file results_broccoli_metc/alignments/OG_1603.iqtree.splits.nex
Total tree length: 34.381

Total number of iterations: 286
CPU time used for tree search: 1101.308 sec (0h:18m:21s)
Wall-clock time used for tree search: 554.121 sec (0h:9m:14s)
Total CPU time used: 1118.983 sec (0h:18m:38s)
Total wall-clock time used: 563.104 sec (0h:9m:23s)

Computing bootstrap consensus tree...
Reading input file results_broccoli_metc/alignments/OG_1603.iqtree.splits.nex...
60 taxa and 268 splits.
Consensus tree written to results_broccoli_metc/alignments/OG_1603.iqtree.contree
Reading input trees file results_broccoli_metc/alignments/OG_1603.iqtree.contree
Log-likelihood of consensus tree: -58796.486

Analysis results written to: 
  IQ-TREE report:                results_broccoli_metc/alignments/OG_1603.iqtree.iqtree
  Maximum-likelihood tree:       results_broccoli_metc/alignments/OG_1603.iqtree.treefile
  Likelihood distances:          results_broccoli_metc/alignments/OG_1603.iqtree.mldist

Ultrafast bootstrap approximation results written to:
  Split support values:          results_broccoli_metc/alignments/OG_1603.iqtree.splits.nex
  Consensus tree:                results_broccoli_metc/alignments/OG_1603.iqtree.contree
  Screen log file:               results_broccoli_metc/alignments/OG_1603.iqtree.log

Date and Time: Fri Jun  3 10:44:24 2022
