IQ-TREE multicore version 2.1.0 for Linux 64-bit built Jul 18 2020
Developed by Bui Quang Minh, James Barbetti, Nguyen Lam Tung,
Olga Chernomor, Heiko Schmidt, Dominik Schrempf, Michael Woodhams.

Host:    trantor09.linux.crg.es (AVX, FMA3, 503 GB RAM)
Command: /users/asebe/xgraubove/Programes/iqtree-2.1.0-Linux/bin/iqtree2 -s results_broccoli_metc/alignments/OG_1020.lt.fasta -m TEST -mset LG,WAG,JTT -nt AUTO -ntmax 2 -bb 1000 -pre results_broccoli_metc/alignments/OG_1020.iqtree -nm 10000 -nstop 200 -cptime 1800
Seed:    804064 (Using SPRNG - Scalable Parallel Random Number Generator)
Time:    Fri Jun  3 08:53:26 2022
Kernel:  AVX+FMA - auto-detect threads (2 CPU cores detected)

Reading alignment file results_broccoli_metc/alignments/OG_1020.lt.fasta ... Fasta format detected
Alignment most likely contains protein sequences
Alignment has 41 sequences with 168 columns, 151 distinct patterns
121 parsimony-informative, 0 singleton sites, 47 constant sites
                                                       Gap/Ambiguity  Composition  p-value
   1  Hsap_ENST00000341162                                     0.00%    passed     99.77%
   2  Spur_XM_003725646.3                                      0.00%    passed     99.98%
   3  Skow_XM_002741697.2                                      0.00%    passed     99.79%
   4  Exapal_XM_021041110.1                                    0.60%    passed    100.00%
   5  Gfas_gfas1.m1.15611.m1                                   0.00%    passed    100.00%
   6  Fspp_ffun1.m4.18167.m1                                   0.00%    passed    100.00%
   7  Pocdam_XM_027196017.1                                    0.00%    passed     99.99%
   8  Nvec_v1g209526                                          48.21%    passed     82.58%
   9  Ocar_g2930                                               0.00%    passed    100.00%
  10  Opea_EP00118_Oscarella_pearsei_P004161                   0.00%    passed    100.00%
  11  Gasp_gasp1.m3.30341.m1                                   0.00%    passed    100.00%
  12  Adig_XM_015910770.1                                      0.00%    passed     99.89%
  13  Amil_Amillepora04379-RA                                 13.69%    passed     97.83%
  14  Dgig_XM_028542689.1                                      0.00%    passed    100.00%
  15  Xesp_012103-T1                                           0.00%    passed     99.96%
  16  Emue_Em0019g864a.t1                                      7.14%    passed     99.98%
  17  Spolac_c98582_g1_i2_m.17557c104482-g1                    0.00%    passed     99.98%
  18  Hvul_g9012_1                                             0.00%    passed     99.96%
  19  Chem_TCONS_00017375                                      0.00%    passed     99.82%
  20  Aaur_scaffold27.g35.t1                                   0.00%    passed     99.90%
  21  Nemnom_g18337.t1                                         0.60%    passed    100.00%
  22  Rhoesc_Res_001613-T1                                     0.60%    passed    100.00%
  23  Sanmal_Sma_027198-T1                                     0.60%    passed     98.86%
  24  Morvir_scaffold29.g53.t1                                 0.60%    passed     99.84%
  25  Plespi_Pspi_C592776_01                                   0.00%    passed     99.83%
  26  Clacor_Ccor_scaffold11442_01                             0.00%    passed     81.38%
  27  Bralan_BLAG04002070_1                                    0.60%    passed     88.92%
  28  Tcas_TC032943_001                                        0.00%    passed     99.50%
  29  Cscu_XM_023378452.1                                      0.60%    passed     85.54%
  30  Acagra_model.g16385.t1                                   0.60%    passed     98.05%
  31  Dpul_mRNA10806                                           0.60%    passed     98.47%
  32  Cgig_XM_034469170.1                                      0.00%    passed     98.24%
  33  Aque_Aqu2.1.34821_001                                    0.00%    passed    100.00%
  34  Halamb_c50595_g1_i4mm.3558                               0.00%    passed     99.98%
  35  Xestes_maker-XT_scaffold5361-augustus-gene-0.6-mRNA-1    1.79%    passed     99.93%
  36  Stycar_maker-SC_scaffold5531-augustus-gene-0.7-mRNA-1   27.98%    passed     94.19%
  37  Scil_scict025138.1                                       7.14%    passed     98.87%
  38  Gracom_Gcom_scaffold8590_01                              0.60%    passed     99.91%
  39  Leuniv_Lniv_scaffold20811_01                             0.60%    passed     99.08%
  40  Lcom_lcpid99018                                          0.00%    passed    100.00%
  41  Spis_XP_022801595_1                                      7.14%    failed      0.02%
****  TOTAL                                                    2.92%  1 sequences failed composition chi2 test (p-value<5%; df=19)


Create initial parsimony tree by phylogenetic likelihood library (PLL)... 0.008 seconds
Measuring multi-threading efficiency up to 2 CPU cores
Increase to 10 rounds for branch lengths
7 trees examined
Threads: 1 / Time: 2.076 sec / Speedup: 1.000 / Efficiency: 100% / LogL: -6293
Threads: 2 / Time: 1.726 sec / Speedup: 1.203 / Efficiency: 60% / LogL: -6293
BEST NUMBER OF THREADS: 2

Perform fast likelihood tree search using LG+I+G model...
Estimate model parameters (epsilon = 5.000)
Perform nearest neighbor interchange...
Estimate model parameters (epsilon = 1.000)
1. Initial log-likelihood: -4954.624
2. Current log-likelihood: -4953.592
Optimal log-likelihood: -4953.417
Proportion of invariable sites: 0.243
Gamma shape alpha: 1.639
Parameters optimization took 2 rounds (0.352 sec)
Time for fast ML tree search: 1.070 seconds

NOTE: ModelFinder requires 5 MB RAM!
ModelFinder will test up to 24 protein models (sample size: 168) ...
 No. Model         -LnL         df  AIC          AICc         BIC
  1  LG            5233.027     79  10624.053    10767.689    10870.846
  2  LG+I          5056.365     80  10272.729    10421.695    10522.646
  3  LG+G4         4967.273     80  10094.545    10243.511    10344.462
  4  LG+I+G4       4953.395     81  10068.790    10223.256    10321.832
  8  LG+F+I+G4     4958.719     100 10117.439    10418.931    10429.835
 12  WAG+I+G4      4990.334     81  10142.668    10297.133    10395.709
 16  WAG+F+I+G4    4971.029     100 10142.059    10443.551    10454.455
 20  JTT+I+G4      5017.171     81  10196.342    10350.807    10449.383
 24  JTT+F+I+G4    5001.847     100 10203.695    10505.187    10516.091
Akaike Information Criterion:           LG+I+G4
Corrected Akaike Information Criterion: LG+I+G4
Bayesian Information Criterion:         LG+I+G4
Best-fit model: LG+I+G4 chosen according to BIC

All model information printed to results_broccoli_metc/alignments/OG_1020.iqtree.model.gz
CPU time for ModelFinder: 11.633 seconds (0h:0m:11s)
Wall-clock time for ModelFinder: 6.835 seconds (0h:0m:6s)
Generating 1000 samples for ultrafast bootstrap (seed: 804064)...

NOTE: 5 MB RAM (0 GB) is required!
Estimate model parameters (epsilon = 0.100)
Thoroughly optimizing +I+G parameters from 10 start values...
Init pinv, alpha: 0.000, 1.662 / Estimate: 0.000, 0.648 / LogL: -4967.272
Init pinv, alpha: 0.031, 1.662 / Estimate: 0.244, 1.653 / LogL: -4953.403
Init pinv, alpha: 0.062, 1.662 / Estimate: 0.245, 1.661 / LogL: -4953.397
Init pinv, alpha: 0.093, 1.662 / Estimate: 0.245, 1.656 / LogL: -4953.400
Init pinv, alpha: 0.124, 1.662 / Estimate: 0.244, 1.652 / LogL: -4953.403
Init pinv, alpha: 0.155, 1.662 / Estimate: 0.245, 1.660 / LogL: -4953.397
Init pinv, alpha: 0.187, 1.662 / Estimate: 0.245, 1.659 / LogL: -4953.398
Init pinv, alpha: 0.218, 1.662 / Estimate: 0.244, 1.651 / LogL: -4953.402
Init pinv, alpha: 0.249, 1.662 / Estimate: 0.247, 1.678 / LogL: -4953.390
Init pinv, alpha: 0.280, 1.662 / Estimate: 0.249, 1.695 / LogL: -4953.399
Optimal pinv,alpha: 0.247, 1.678 / LogL: -4953.390

Parameters optimization took 6.416 sec
Computing ML distances based on estimated model parameters...
Computing ML distances took 0.164621 sec (of wall-clock time) 0.326685 sec(of CPU time)
Computing RapidNJ tree took 0.000819 sec (of wall-clock time) 0.000622 sec (of CPU time)
Log-likelihood of RapidNJ tree: -4966.685
--------------------------------------------------------------------
|             INITIALIZING CANDIDATE TREE SET                      |
--------------------------------------------------------------------
Generating 98 parsimony trees... 0.721 second
Computing log-likelihood of 98 initial trees ... 2.992 seconds
Current best score: -4953.390

Do NNI search on 20 best initial trees
Estimate model parameters (epsilon = 0.100)
BETTER TREE FOUND at iteration 1: -4953.165
Estimate model parameters (epsilon = 0.100)
BETTER TREE FOUND at iteration 8: -4952.572
Iteration 10 / LogL: -4952.661 / Time: 0h:0m:13s
Iteration 20 / LogL: -4955.093 / Time: 0h:0m:17s
Finish initializing candidate tree set (14)
Current best tree score: -4952.572 / CPU time: 10.377
Number of iterations: 20
--------------------------------------------------------------------
|               OPTIMIZING CANDIDATE TREE SET                      |
--------------------------------------------------------------------
Iteration 30 / LogL: -4952.749 / Time: 0h:0m:23s (0h:2m:22s left)
Iteration 40 / LogL: -4952.807 / Time: 0h:0m:29s (0h:2m:6s left)
Estimate model parameters (epsilon = 0.100)
BETTER TREE FOUND at iteration 49: -4951.642
Iteration 50 / LogL: -4952.731 / Time: 0h:0m:34s (0h:2m:20s left)
Log-likelihood cutoff on original alignment: -4979.993
Iteration 60 / LogL: -4951.660 / Time: 0h:0m:40s (0h:2m:10s left)
Iteration 70 / LogL: -4952.735 / Time: 0h:0m:46s (0h:1m:59s left)
Iteration 80 / LogL: -4951.963 / Time: 0h:0m:52s (0h:1m:51s left)
Iteration 90 / LogL: -4953.034 / Time: 0h:0m:57s (0h:1m:42s left)
Iteration 100 / LogL: -4951.834 / Time: 0h:1m:3s (0h:1m:35s left)
Log-likelihood cutoff on original alignment: -4980.717
NOTE: Bootstrap correlation coefficient of split occurrence frequencies: 0.996
Iteration 110 / LogL: -4951.696 / Time: 0h:1m:9s (0h:1m:28s left)
Iteration 120 / LogL: -4951.810 / Time: 0h:1m:14s (0h:1m:21s left)
Iteration 130 / LogL: -4951.878 / Time: 0h:1m:20s (0h:1m:14s left)
Iteration 140 / LogL: -4952.022 / Time: 0h:1m:25s (0h:1m:7s left)
Iteration 150 / LogL: -4953.136 / Time: 0h:4m:59s (0h:3m:18s left)
Log-likelihood cutoff on original alignment: -4980.516
Iteration 160 / LogL: -4951.650 / Time: 0h:5m:5s (0h:2m:50s left)
Iteration 170 / LogL: -4951.654 / Time: 0h:5m:10s (0h:2m:25s left)
Iteration 180 / LogL: -4952.615 / Time: 0h:5m:16s (0h:2m:1s left)
Iteration 190 / LogL: -4951.965 / Time: 0h:5m:21s (0h:1m:40s left)
Iteration 200 / LogL: -4951.661 / Time: 0h:5m:27s (0h:1m:20s left)
Log-likelihood cutoff on original alignment: -4980.516
NOTE: Bootstrap correlation coefficient of split occurrence frequencies: 0.997
Iteration 210 / LogL: -4954.076 / Time: 0h:5m:33s (0h:2m:23s left)
Iteration 220 / LogL: -4952.822 / Time: 0h:5m:39s (0h:2m:4s left)
Iteration 230 / LogL: -4951.700 / Time: 0h:5m:45s (0h:1m:45s left)
Iteration 240 / LogL: -4952.294 / Time: 0h:5m:50s (0h:1m:28s left)
Iteration 250 / LogL: -4954.197 / Time: 0h:5m:56s (0h:1m:11s left)
Log-likelihood cutoff on original alignment: -4980.516
TREE SEARCH COMPLETED AFTER 250 ITERATIONS / Time: 0h:5m:56s

--------------------------------------------------------------------
|                    FINALIZING TREE SEARCH                        |
--------------------------------------------------------------------
Performs final model parameters optimization
Estimate model parameters (epsilon = 0.010)
1. Initial log-likelihood: -4951.642
Optimal log-likelihood: -4951.641
Proportion of invariable sites: 0.249
Gamma shape alpha: 1.723
Parameters optimization took 1 rounds (0.098 sec)
BEST SCORE FOUND : -4951.641
Creating bootstrap support values...
Split supports printed to NEXUS file results_broccoli_metc/alignments/OG_1020.iqtree.splits.nex
Total tree length: 6.879

Total number of iterations: 250
CPU time used for tree search: 281.980 sec (0h:4m:41s)
Wall-clock time used for tree search: 349.648 sec (0h:5m:49s)
Total CPU time used: 296.174 sec (0h:4m:56s)
Total wall-clock time used: 356.844 sec (0h:5m:56s)

Computing bootstrap consensus tree...
Reading input file results_broccoli_metc/alignments/OG_1020.iqtree.splits.nex...
41 taxa and 358 splits.
Consensus tree written to results_broccoli_metc/alignments/OG_1020.iqtree.contree
Reading input trees file results_broccoli_metc/alignments/OG_1020.iqtree.contree
Log-likelihood of consensus tree: -4955.017

Analysis results written to: 
  IQ-TREE report:                results_broccoli_metc/alignments/OG_1020.iqtree.iqtree
  Maximum-likelihood tree:       results_broccoli_metc/alignments/OG_1020.iqtree.treefile
  Likelihood distances:          results_broccoli_metc/alignments/OG_1020.iqtree.mldist

Ultrafast bootstrap approximation results written to:
  Split support values:          results_broccoli_metc/alignments/OG_1020.iqtree.splits.nex
  Consensus tree:                results_broccoli_metc/alignments/OG_1020.iqtree.contree
  Screen log file:               results_broccoli_metc/alignments/OG_1020.iqtree.log

Date and Time: Fri Jun  3 08:59:30 2022
