IQ-TREE multicore version 2.1.0 for Linux 64-bit built Jul 18 2020
Developed by Bui Quang Minh, James Barbetti, Nguyen Lam Tung,
Olga Chernomor, Heiko Schmidt, Dominik Schrempf, Michael Woodhams.

Host:    node-hp0506.linux.crg.es (AVX, 125 GB RAM)
Command: /users/asebe/xgraubove/Programes/iqtree-2.1.0-Linux/bin/iqtree2 -s results_broccoli_metc/alignments/OG_1146.lt.fasta -m TEST -mset LG,WAG,JTT -nt AUTO -ntmax 2 -bb 1000 -pre results_broccoli_metc/alignments/OG_1146.iqtree -nm 10000 -nstop 200 -cptime 1800
Seed:    392231 (Using SPRNG - Scalable Parallel Random Number Generator)
Time:    Fri Jun  3 09:06:47 2022
Kernel:  AVX - auto-detect threads (2 CPU cores detected)

Reading alignment file results_broccoli_metc/alignments/OG_1146.lt.fasta ... Fasta format detected
Alignment most likely contains protein sequences
Alignment has 71 sequences with 519 columns, 485 distinct patterns
401 parsimony-informative, 0 singleton sites, 118 constant sites
                                                             Gap/Ambiguity  Composition  p-value
   1  Bralan_BLAG15000500_1                                          0.96%    passed     99.93%
   2  Ctel_gnl_WGS_AMQN_CAPTEDRAFT_mRNA170344                        2.12%    passed     94.73%
   3  Cgig_XM_011432860.3                                            1.54%    passed     99.39%
   4  Acagra_model.g4312.t1                                          0.58%    passed     99.43%
   5  Exapal_XM_021054333.2                                          1.35%    passed     98.46%
   6  Nvec_v1g188125                                                 0.77%    passed     99.96%
   7  Adig_XM_015910227.1                                           40.08%    passed     29.11%
   8  Gfas_gfas1.m1.5285.m1                                          0.77%    passed    100.00%
   9  Spis_XP_022797114_1                                            0.77%    passed    100.00%
  10  Pocdam_XM_027204760.1                                          0.77%    passed    100.00%
  11  Fspp_ffun1.m4.21173.m1                                        13.68%    passed     99.98%
  12  Gasp_gasp1.m3.16161.m1                                         0.77%    passed    100.00%
  13  Amil_Amillepora06626-RA                                       11.75%    passed     99.58%
  14  Hvul_g33648_1                                                  0.96%    passed     99.16%
  15  Chem_TCONS_00023298                                           61.46%    passed      8.43%
  16  Morvir_scaffold147.g25.t1                                      0.77%    passed     99.82%
  17  Nemnom_g16224.t1                                               0.77%    passed    100.00%
  18  Rhoesc_Res_000115-T1                                           1.35%    passed     99.99%
  19  Dgig_XM_028548145.1                                            1.54%    passed     98.59%
  20  Xesp_015854-T1                                                 1.73%    passed     86.25%
  21  Ocar_g1531                                                     0.77%    passed    100.00%
  22  Opea_EP00118_Oscarella_pearsei_P003395                         0.19%    passed    100.00%
  23  Plajan_Pjan_scaffold21052_01                                   0.77%    passed     99.74%
  24  Scil_scict014263.1                                            12.91%    passed     99.95%
  25  Gracom_Gcom_C554212_01                                         0.58%    passed     99.99%
  26  Leuniv_Lniv_scaffold7397_01                                    0.96%    passed     99.90%
  27  Lcom_lcpid54180                                                0.39%    passed     99.99%
  28  Clacor_Ccor_scaffold15317_01                                  46.05%    failed      3.58%
  29  Tadh_TriadT29152                                               1.16%    passed     97.59%
  30  TrH2_TrispH2_007343-RA                                         3.47%    passed     96.64%
  31  HoiH06_mRNA2315                                                4.05%    passed     97.71%
  32  HoiH23_PlH23_007650-RA                                         0.58%    passed     96.88%
  33  Hhon_g09019.t1                                                21.58%    passed     69.38%
  34  HoiH04_mRNA3770                                                3.08%    passed     82.21%
  35  Emue_Em0021g559a.t1                                            0.58%    passed     94.52%
  36  Spolac_c102943_g1_i1_m.31758c102943-g1                         0.00%    passed     99.10%
  37  Stycar_maker-SC_scaffold6783-snap-gene-0.23-mRNA-1            17.15%    passed     97.85%
  38  Salurc_EP00051_Salpingoeca_urceolata_P033279                   0.00%    passed     62.67%
  39  Salmac_EP00052_Salpingoeca_macrocollata_P002347                0.58%    passed     97.72%
  40  Salpun_EP00053_Salpingoeca_punica_P013638                      0.39%    passed     82.66%
  41  Mylflu_EP00047_Mylnosiga_fluctuans_P023507                     0.00%    passed     94.80%
  42  Salkve_EP00050_Salpingoeca_kvevrii_P014377                     0.96%    passed     92.04%
  43  Mbre_EDQ89101                                                  0.00%    passed     57.17%
  44  Choper_EP00045_Choanoeca_perplexa_P014031                      1.16%    passed     97.92%
  45  Chofle_EP00730_Choanoeca_flexa_P018173                         1.16%    passed     99.39%
  46  Sros_EGD77562                                                  0.00%    passed     63.49%
  47  Microa_EP00043_Microstomoeca_roanoka_P005193                   0.00%    passed     94.97%
  48  Salinf_EP00049_Salpingoeca_infusionum_P009948                  0.58%    passed     80.33%
  49  Saldol_EP00054_Salpingoeca_dolichothecata_P003606              0.00%    passed     79.62%
  50  Mlei_ML0760.g13.i1                                             1.93%    passed     99.82%
  51  Bolinf_Binf_sb1239854                                         64.16%    failed      0.72%
  52  Beraby_Baby_sb345837                                           4.24%    passed     99.17%
  53  Lampan_Lpan_11650_01                                           1.73%    passed     97.20%
  54  Pbac_sb2640019                                                17.15%    passed     99.47%
  55  Horcal_Hcv1.av93.c9.g725.i1                                    1.35%    passed     98.98%
  56  Drygla_Dgla_sb303446                                           5.39%    passed     88.13%
  57  Vmul_sbMO450929                                                1.93%    passed     46.41%
  58  Coemet_Cmet_scaffold10348_01                                   1.73%    passed     92.13%
  59  Eupdun_Edun_sb10650832                                        47.01%    passed     35.50%
  60  Acaspe_EP00035_Acanthoeca_spectabilis_P023210                  0.39%    passed     75.87%
  61  Helnan_EP00037_Helgoeca_nana_P032815                           0.77%    passed     56.65%
  62  Stedip_EP00041_Stephanoeca_diplocostata_P015709                0.19%    passed     65.87%
  63  Diagra_EP00040_Diaphanoeca_grandis_P034988                     0.19%    passed     99.86%
  64  Didcos_EP00039_Didymoeca_costata_P000569                       0.00%    passed     97.94%
  65  Plespi_Pspi_C610976_01                                         0.19%    passed     99.31%
  66  Codhol_EP00042_Codosiga_hollandica_P028813                     0.77%    passed     69.35%
  67  Tetwil_g5047.t2                                                8.86%    passed     98.17%
  68  Aaur_scaffold373.g11.t2                                        8.86%    passed     99.46%
  69  Aque_Aqu2.1.30434_001                                         26.20%    passed     12.30%
  70  Sanmal_Sma_010763-T1                                          52.79%    failed      1.28%
  71  Xestes_snap_masked-XT_scaffold161-processed-gene-0.7-mRNA-1   72.45%    passed     17.46%
WARNING: 4 sequences contain more than 50% gaps/ambiguity
****  TOTAL                                                          8.20%  3 sequences failed composition chi2 test (p-value<5%; df=19)


Create initial parsimony tree by phylogenetic likelihood library (PLL)... 0.035 seconds
Measuring multi-threading efficiency up to 2 CPU cores
Increase to 10 rounds for branch lengths
3 trees examined
Threads: 1 / Time: 2.657 sec / Speedup: 1.000 / Efficiency: 100% / LogL: -36051
Threads: 2 / Time: 1.406 sec / Speedup: 1.890 / Efficiency: 94% / LogL: -36051
BEST NUMBER OF THREADS: 2

Perform fast likelihood tree search using LG+I+G model...
Estimate model parameters (epsilon = 5.000)
Perform nearest neighbor interchange...
Estimate model parameters (epsilon = 1.000)
1. Initial log-likelihood: -24974.639
Optimal log-likelihood: -24973.825
Proportion of invariable sites: 0.209
Gamma shape alpha: 0.912
Parameters optimization took 1 rounds (0.332 sec)
Time for fast ML tree search: 1.778 seconds

NOTE: ModelFinder requires 24 MB RAM!
ModelFinder will test up to 24 protein models (sample size: 519) ...
 No. Model         -LnL         df  AIC          AICc         BIC
  1  LG            27525.459    139 55328.918    55431.609    55919.933
  2  LG+I          26515.569    140 53311.138    53415.583    53906.405
  3  LG+G4         25061.886    140 50403.771    50508.216    50999.038
  4  LG+I+G4       24973.488    141 50228.977    50335.194    50828.495
  8  LG+F+I+G4     24987.818    160 50295.636    50439.547    50975.941
 12  WAG+I+G4      25187.468    141 50656.937    50763.154    51256.455
 16  WAG+F+I+G4    25136.431    160 50592.862    50736.772    51273.167
 20  JTT+I+G4      25202.911    141 50687.822    50794.039    51287.340
 24  JTT+F+I+G4    25128.895    160 50577.791    50721.701    51258.095
Akaike Information Criterion:           LG+I+G4
Corrected Akaike Information Criterion: LG+I+G4
Bayesian Information Criterion:         LG+I+G4
Best-fit model: LG+I+G4 chosen according to BIC

All model information printed to results_broccoli_metc/alignments/OG_1146.iqtree.model.gz
CPU time for ModelFinder: 20.076 seconds (0h:0m:20s)
Wall-clock time for ModelFinder: 11.391 seconds (0h:0m:11s)
Generating 1000 samples for ultrafast bootstrap (seed: 392231)...

NOTE: 24 MB RAM (0 GB) is required!
Estimate model parameters (epsilon = 0.100)
Thoroughly optimizing +I+G parameters from 10 start values...
Init pinv, alpha: 0.000, 0.898 / Estimate: 0.000, 0.530 / LogL: -25061.900
Init pinv, alpha: 0.025, 0.898 / Estimate: 0.210, 0.892 / LogL: -24973.441
Init pinv, alpha: 0.051, 0.898 / Estimate: 0.210, 0.892 / LogL: -24973.442
Init pinv, alpha: 0.076, 0.898 / Estimate: 0.210, 0.895 / LogL: -24973.459
Init pinv, alpha: 0.101, 0.898 / Estimate: 0.210, 0.896 / LogL: -24973.461
Init pinv, alpha: 0.126, 0.898 / Estimate: 0.210, 0.897 / LogL: -24973.469
Init pinv, alpha: 0.152, 0.898 / Estimate: 0.210, 0.897 / LogL: -24973.472
Init pinv, alpha: 0.177, 0.898 / Estimate: 0.210, 0.897 / LogL: -24973.466
Init pinv, alpha: 0.202, 0.898 / Estimate: 0.210, 0.897 / LogL: -24973.467
Init pinv, alpha: 0.227, 0.898 / Estimate: 0.210, 0.889 / LogL: -24973.443
Optimal pinv,alpha: 0.210, 0.892 / LogL: -24973.441

Parameters optimization took 8.135 sec
Computing ML distances based on estimated model parameters...
Computing ML distances took 0.249175 sec (of wall-clock time) 0.496223 sec(of CPU time)
Computing RapidNJ tree took 0.001100 sec (of wall-clock time) 0.001178 sec (of CPU time)
Log-likelihood of RapidNJ tree: -25275.499
--------------------------------------------------------------------
|             INITIALIZING CANDIDATE TREE SET                      |
--------------------------------------------------------------------
Generating 98 parsimony trees... 2.694 second
Computing log-likelihood of 98 initial trees ... 5.447 seconds
Current best score: -24973.441

Do NNI search on 20 best initial trees
Estimate model parameters (epsilon = 0.100)
BETTER TREE FOUND at iteration 1: -24973.440
Estimate model parameters (epsilon = 0.100)
BETTER TREE FOUND at iteration 3: -24958.350
Iteration 10 / LogL: -24972.394 / Time: 0h:0m:26s
Iteration 20 / LogL: -24985.962 / Time: 0h:0m:34s
Finish initializing candidate tree set (17)
Current best tree score: -24958.350 / CPU time: 25.522
Number of iterations: 20
--------------------------------------------------------------------
|               OPTIMIZING CANDIDATE TREE SET                      |
--------------------------------------------------------------------
Estimate model parameters (epsilon = 0.100)
BETTER TREE FOUND at iteration 26: -24956.304
Estimate model parameters (epsilon = 0.100)
BETTER TREE FOUND at iteration 29: -24955.881
Iteration 30 / LogL: -24959.574 / Time: 0h:0m:47s (0h:5m:24s left)
Estimate model parameters (epsilon = 0.100)
BETTER TREE FOUND at iteration 39: -24954.519
Iteration 40 / LogL: -24962.002 / Time: 0h:1m:0s (0h:5m:10s left)
Iteration 50 / LogL: -24960.957 / Time: 0h:1m:12s (0h:4m:39s left)
Log-likelihood cutoff on original alignment: -25033.623
Iteration 60 / LogL: -24959.214 / Time: 0h:1m:24s (0h:4m:17s left)
Iteration 70 / LogL: -24955.423 / Time: 0h:1m:37s (0h:3m:58s left)
Iteration 80 / LogL: -24954.588 / Time: 0h:1m:49s (0h:3m:41s left)
Iteration 90 / LogL: -24954.866 / Time: 0h:2m:1s (0h:3m:22s left)
Iteration 100 / LogL: -24964.164 / Time: 0h:2m:13s (0h:3m:7s left)
Log-likelihood cutoff on original alignment: -25033.623
NOTE: Bootstrap correlation coefficient of split occurrence frequencies: 0.999
Iteration 110 / LogL: -24959.431 / Time: 0h:2m:26s (0h:2m:53s left)
Iteration 120 / LogL: -24954.583 / Time: 0h:2m:37s (0h:2m:37s left)
Iteration 130 / LogL: -24955.673 / Time: 0h:2m:49s (0h:2m:23s left)
Iteration 140 / LogL: -24955.316 / Time: 0h:3m:1s (0h:2m:9s left)
Iteration 150 / LogL: -24955.403 / Time: 0h:3m:13s (0h:1m:55s left)
Log-likelihood cutoff on original alignment: -25033.623
Iteration 160 / LogL: -24954.948 / Time: 0h:3m:24s (0h:1m:41s left)
Iteration 170 / LogL: -24954.790 / Time: 0h:3m:38s (0h:1m:29s left)
Iteration 180 / LogL: -24954.605 / Time: 0h:3m:50s (0h:1m:16s left)
Iteration 190 / LogL: -24955.887 / Time: 0h:4m:2s (0h:1m:2s left)
Iteration 200 / LogL: -24955.060 / Time: 0h:4m:12s (0h:0m:49s left)
Log-likelihood cutoff on original alignment: -25033.623
NOTE: Bootstrap correlation coefficient of split occurrence frequencies: 0.999
Iteration 210 / LogL: -24955.260 / Time: 0h:4m:24s (0h:1m:53s left)
Iteration 220 / LogL: -24954.534 / Time: 0h:4m:34s (0h:1m:40s left)
Iteration 230 / LogL: -24955.637 / Time: 0h:4m:45s (0h:1m:27s left)
Iteration 240 / LogL: -24954.802 / Time: 0h:4m:57s (0h:1m:14s left)
TREE SEARCH COMPLETED AFTER 240 ITERATIONS / Time: 0h:4m:57s

--------------------------------------------------------------------
|                    FINALIZING TREE SEARCH                        |
--------------------------------------------------------------------
Performs final model parameters optimization
Estimate model parameters (epsilon = 0.010)
1. Initial log-likelihood: -24954.519
Optimal log-likelihood: -24954.515
Proportion of invariable sites: 0.210
Gamma shape alpha: 0.877
Parameters optimization took 1 rounds (0.174 sec)
BEST SCORE FOUND : -24954.515
Creating bootstrap support values...
Split supports printed to NEXUS file results_broccoli_metc/alignments/OG_1146.iqtree.splits.nex
Total tree length: 23.362

Total number of iterations: 240
CPU time used for tree search: 570.766 sec (0h:9m:30s)
Wall-clock time used for tree search: 288.146 sec (0h:4m:48s)
Total CPU time used: 590.029 sec (0h:9m:50s)
Total wall-clock time used: 297.898 sec (0h:4m:57s)

Computing bootstrap consensus tree...
Reading input file results_broccoli_metc/alignments/OG_1146.iqtree.splits.nex...
71 taxa and 352 splits.
Consensus tree written to results_broccoli_metc/alignments/OG_1146.iqtree.contree
Reading input trees file results_broccoli_metc/alignments/OG_1146.iqtree.contree
Log-likelihood of consensus tree: -24954.857

Analysis results written to: 
  IQ-TREE report:                results_broccoli_metc/alignments/OG_1146.iqtree.iqtree
  Maximum-likelihood tree:       results_broccoli_metc/alignments/OG_1146.iqtree.treefile
  Likelihood distances:          results_broccoli_metc/alignments/OG_1146.iqtree.mldist

Ultrafast bootstrap approximation results written to:
  Split support values:          results_broccoli_metc/alignments/OG_1146.iqtree.splits.nex
  Consensus tree:                results_broccoli_metc/alignments/OG_1146.iqtree.contree
  Screen log file:               results_broccoli_metc/alignments/OG_1146.iqtree.log

Date and Time: Fri Jun  3 09:11:57 2022
