IQ-TREE multicore version 2.1.0 for Linux 64-bit built Jul 18 2020
Developed by Bui Quang Minh, James Barbetti, Nguyen Lam Tung,
Olga Chernomor, Heiko Schmidt, Dominik Schrempf, Michael Woodhams.

Host:    node-hp0506.linux.crg.es (AVX, 125 GB RAM)
Command: /users/asebe/xgraubove/Programes/iqtree-2.1.0-Linux/bin/iqtree2 -s results_broccoli_metc/alignments/OG_1282.lt.fasta -m TEST -mset LG,WAG,JTT -nt AUTO -ntmax 2 -bb 1000 -pre results_broccoli_metc/alignments/OG_1282.iqtree -nm 10000 -nstop 200 -cptime 1800
Seed:    331632 (Using SPRNG - Scalable Parallel Random Number Generator)
Time:    Fri Jun  3 09:37:23 2022
Kernel:  AVX - auto-detect threads (2 CPU cores detected)

Reading alignment file results_broccoli_metc/alignments/OG_1282.lt.fasta ... Fasta format detected
Alignment most likely contains protein sequences
Alignment has 66 sequences with 168 columns, 168 distinct patterns
163 parsimony-informative, 0 singleton sites, 5 constant sites
                                                         Gap/Ambiguity  Composition  p-value
   1  Hsap_ENST00000271375                                      10.12%    passed     93.24%
   2  Dpul_mRNA17453                                            10.12%    passed     69.02%
   3  Cscu_XM_023377328.1                                       10.12%    passed     85.25%
   4  Cgig_XM_034476597.1                                       10.12%    passed     98.96%
   5  Ctel_gnl_WGS_AMQN_CAPTEDRAFT_mRNA208465                   10.12%    passed     97.80%
   6  Skow_XM_006825398.1                                       10.12%    passed     99.48%
   7  Bralan_BLAG01000250_1                                     10.12%    passed     95.15%
   8  Exapal_XM_021048392.2                                      8.33%    passed     99.90%
   9  Adig_XM_015894491.1                                        7.74%    passed     96.18%
  10  Gfas_gfas1.m1.11324.m1                                     3.57%    passed     99.00%
  11  Fspp_ffun1.m4.51.m1                                        3.57%    passed     96.11%
  12  Gasp_gasp1.m3.18801.m1                                     3.57%    passed     71.47%
  13  Spis_XP_022796642_1                                        7.74%    passed     94.15%
  14  Pocdam_XM_027188279.1                                      7.74%    passed     95.67%
  15  Nvec_v1g188140                                             7.74%    passed     97.50%
  16  Dgig_XM_028557746.1                                        7.14%    passed     67.28%
  17  Xesp_011493-T1                                             2.98%    passed     83.13%
  18  Rhoesc_Res_008200-T1                                      10.71%    passed     98.48%
  19  Sanmal_Sma_001744-T1                                      10.71%    passed     97.47%
  20  Morvir_scaffold180.g52.t1                                 35.12%    passed     84.46%
  21  Chem_TCONS_00011040                                       11.31%    passed     98.46%
  22  Hvul_g26221_1                                             36.31%    passed     88.60%
  23  Tcas_TC005307_001                                         10.12%    passed     88.19%
  24  Scil_scict007259.1                                         5.95%    passed     99.39%
  25  Lcom_lcpid91750                                            5.95%    passed     95.70%
  26  Gracom_Gcom_scaffold7228_01                                5.95%    passed     96.64%
  27  Leuniv_Lniv_C781609_01                                     5.95%    passed     97.14%
  28  Clacor_Ccor_C533023_01                                     5.95%    passed     79.05%
  29  Opea_EP00118_Oscarella_pearsei_P025626                     1.79%    passed     93.18%
  30  Plajan_Pjan_C541058_01                                     5.95%    passed     94.87%
  31  Nemnom_g15155.t1                                          16.07%    passed     96.27%
  32  TrH2_TrispH2_001085-RA                                    10.12%    passed     78.09%
  33  HoiH06_mRNA468                                             9.52%    passed     98.42%
  34  HoiH23_PlH23_003142-RA                                     9.52%    passed     98.90%
  35  Hhon_g05097.t1                                             2.38%    passed     97.94%
  36  HoiH04_mRNA12922                                           2.38%    passed     97.87%
  37  Amil_Amillepora20175-RA                                   11.90%    passed     85.52%
  38  Sros_EGD78752                                             19.64%    passed     78.42%
  39  Microa_EP00043_Microstomoeca_roanoka_P021248               0.00%    passed     48.82%
  40  Choper_EP00045_Choanoeca_perplexa_P000307                  2.98%    passed     46.58%
  41  Chofle_EP00730_Choanoeca_flexa_P014336                     2.98%    passed     85.85%
  42  Salinf_EP00049_Salpingoeca_infusionum_P018861              0.60%    passed     78.30%
  43  Saldol_EP00054_Salpingoeca_dolichothecata_P009995          0.60%    passed     75.15%
  44  Salmac_EP00052_Salpingoeca_macrocollata_P013621            0.00%    passed     59.20%
  45  Mylflu_EP00047_Mylnosiga_fluctuans_P005995                 0.00%    passed     86.99%
  46  Salpun_EP00053_Salpingoeca_punica_P005869                  0.00%    passed     62.84%
  47  Salurc_EP00051_Salpingoeca_urceolata_P013916               0.00%    passed     97.87%
  48  Acaspe_EP00035_Acanthoeca_spectabilis_P034718              0.00%    passed     43.45%
  49  Helnan_EP00037_Helgoeca_nana_P033465                       0.00%    passed     94.09%
  50  Stedip_EP00041_Stephanoeca_diplocostata_P009140            0.00%    passed     71.64%
  51  Didcos_EP00039_Didymoeca_costata_P009363                   0.00%    passed     59.40%
  52  Diagra_EP00040_Diaphanoeca_grandis_P029354                 0.00%    passed     81.93%
  53  Salkve_EP00050_Salpingoeca_kvevrii_P010275                 2.38%    passed     43.93%
  54  Codhol_EP00042_Codosiga_hollandica_P025697                22.62%    failed      4.77%
  55  Mlei_ML0930.g45.i1                                        10.12%    passed     97.22%
  56  Horcal_Hcv1.av93.c3.g999.i1                               10.12%    passed     99.26%
  57  Vmul_Simscaffold14743_01                                  13.69%    passed     97.07%
  58  Coemet_Cmet_scaffold5475_01                                7.14%    passed     52.04%
  59  Beraby_Baby_sb342611                                       7.14%    passed     99.90%
  60  Lampan_Lpan_5197_01                                        8.93%    passed     96.82%
  61  Pbac_sb2637531                                            25.60%    passed     43.17%
  62  Plespi_Pspi_scaffold16526_01                              29.76%    passed     50.33%
  63  Emue_Em0023g483a.t1                                       10.71%    passed     79.85%
  64  Aque_Aqu2.1.33092_001                                      7.14%    failed      0.84%
  65  Xestes_maker-XT_scaffold129794-augustus-gene-0.1-mRNA-1   64.88%    failed      1.21%
  66  Tetwil_g9692.t2                                           14.29%    passed     52.36%
WARNING: 1 sequences contain more than 50% gaps/ambiguity
****  TOTAL                                                      9.18%  3 sequences failed composition chi2 test (p-value<5%; df=19)


Create initial parsimony tree by phylogenetic likelihood library (PLL)... 0.019 seconds
Measuring multi-threading efficiency up to 2 CPU cores
Increase to 10 rounds for branch lengths
7 trees examined
Threads: 1 / Time: 2.046 sec / Speedup: 1.000 / Efficiency: 100% / LogL: -16569
Threads: 2 / Time: 1.361 sec / Speedup: 1.503 / Efficiency: 75% / LogL: -16569
BEST NUMBER OF THREADS: 2

Perform fast likelihood tree search using LG+I+G model...
Estimate model parameters (epsilon = 5.000)
Perform nearest neighbor interchange...
Estimate model parameters (epsilon = 1.000)
1. Initial log-likelihood: -12009.957
Optimal log-likelihood: -12009.382
Proportion of invariable sites: 0.026
Gamma shape alpha: 1.921
Parameters optimization took 1 rounds (0.116 sec)
Time for fast ML tree search: 0.668 seconds

NOTE: ModelFinder requires 8 MB RAM!
ModelFinder will test up to 24 protein models (sample size: 168) ...
 No. Model         -LnL         df  AIC          AICc         BIC
  1  LG            12372.840    129 25003.680    25886.311    25406.671
  2  LG+I          12312.195    130 24884.390    25804.931    25290.506
  3  LG+G4         12018.100    130 24296.200    25216.741    24702.316
  4  LG+I+G4       12009.364    131 24280.727    25241.394    24689.967
  8  LG+F+I+G4     11944.965    150 24189.931    26854.637    24658.525
 12  WAG+I+G4      12142.819    131 24547.638    25508.305    24956.877
 16  WAG+F+I+G4    12005.923    150 24311.847    26976.553    24780.442
 20  JTT+I+G4      12214.285    131 24690.571    25651.238    25099.810
 24  JTT+F+I+G4    12056.946    150 24413.891    27078.597    24882.486
Akaike Information Criterion:           LG+F+I+G4
Corrected Akaike Information Criterion: LG+G4
Bayesian Information Criterion:         LG+F+I+G4
Best-fit model: LG+F+I+G4 chosen according to BIC

All model information printed to results_broccoli_metc/alignments/OG_1282.iqtree.model.gz
CPU time for ModelFinder: 9.614 seconds (0h:0m:9s)
Wall-clock time for ModelFinder: 5.813 seconds (0h:0m:5s)
Generating 1000 samples for ultrafast bootstrap (seed: 331632)...

NOTE: 8 MB RAM (0 GB) is required!
Estimate model parameters (epsilon = 0.100)
Thoroughly optimizing +I+G parameters from 10 start values...
Init pinv, alpha: 0.000, 1.686 / Estimate: 0.025, 1.681 / LogL: -11944.969
Init pinv, alpha: 0.003, 1.686 / Estimate: 0.025, 1.679 / LogL: -11944.970
Init pinv, alpha: 0.007, 1.686 / Estimate: 0.025, 1.682 / LogL: -11944.967
Init pinv, alpha: 0.010, 1.686 / Estimate: 0.025, 1.679 / LogL: -11944.970
Init pinv, alpha: 0.013, 1.686 / Estimate: 0.025, 1.680 / LogL: -11944.968
Init pinv, alpha: 0.017, 1.686 / Estimate: 0.025, 1.682 / LogL: -11944.966
Init pinv, alpha: 0.020, 1.686 / Estimate: 0.025, 1.684 / LogL: -11944.966
Init pinv, alpha: 0.023, 1.686 / Estimate: 0.025, 1.683 / LogL: -11944.966
Init pinv, alpha: 0.026, 1.686 / Estimate: 0.026, 1.688 / LogL: -11944.965
Init pinv, alpha: 0.030, 1.686 / Estimate: 0.026, 1.690 / LogL: -11944.966
Optimal pinv,alpha: 0.026, 1.688 / LogL: -11944.965

Parameters optimization took 2.015 sec
Computing ML distances based on estimated model parameters...
Computing ML distances took 0.280664 sec (of wall-clock time) 0.558272 sec(of CPU time)
Computing RapidNJ tree took 0.001636 sec (of wall-clock time) 0.002262 sec (of CPU time)
Log-likelihood of RapidNJ tree: -11991.578
--------------------------------------------------------------------
|             INITIALIZING CANDIDATE TREE SET                      |
--------------------------------------------------------------------
Generating 98 parsimony trees... 1.358 second
Computing log-likelihood of 98 initial trees ... 2.307 seconds
Current best score: -11944.965

Do NNI search on 20 best initial trees
Estimate model parameters (epsilon = 0.100)
BETTER TREE FOUND at iteration 1: -11943.626
Estimate model parameters (epsilon = 0.100)
BETTER TREE FOUND at iteration 2: -11941.143
Iteration 10 / LogL: -11951.780 / Time: 0h:0m:9s
Iteration 20 / LogL: -11944.252 / Time: 0h:0m:12s
Finish initializing candidate tree set (20)
Current best tree score: -11941.143 / CPU time: 10.153
Number of iterations: 20
--------------------------------------------------------------------
|               OPTIMIZING CANDIDATE TREE SET                      |
--------------------------------------------------------------------
Estimate model parameters (epsilon = 0.100)
UPDATE BEST LOG-LIKELIHOOD: -11940.762
Estimate model parameters (epsilon = 0.100)
BETTER TREE FOUND at iteration 24: -11937.245
Iteration 30 / LogL: -11941.103 / Time: 0h:0m:17s (0h:1m:54s left)
Iteration 40 / LogL: -11937.459 / Time: 0h:0m:21s (0h:1m:42s left)
Iteration 50 / LogL: -11938.601 / Time: 0h:0m:26s (0h:1m:32s left)
Log-likelihood cutoff on original alignment: -11994.578
Iteration 60 / LogL: -11937.727 / Time: 0h:0m:30s (0h:1m:25s left)
Iteration 70 / LogL: -11937.581 / Time: 0h:0m:35s (0h:1m:18s left)
Iteration 80 / LogL: -11937.680 / Time: 0h:0m:39s (0h:1m:11s left)
Iteration 90 / LogL: -11944.693 / Time: 0h:0m:44s (0h:1m:6s left)
Iteration 100 / LogL: -11937.296 / Time: 0h:0m:48s (0h:1m:0s left)
Log-likelihood cutoff on original alignment: -11994.578
NOTE: Bootstrap correlation coefficient of split occurrence frequencies: 0.999
Iteration 110 / LogL: -11986.163 / Time: 0h:0m:52s (0h:0m:55s left)
Iteration 120 / LogL: -11937.736 / Time: 0h:0m:57s (0h:0m:50s left)
Iteration 130 / LogL: -11941.071 / Time: 0h:1m:1s (0h:0m:44s left)
Iteration 140 / LogL: -11937.808 / Time: 0h:1m:6s (0h:0m:39s left)
Iteration 150 / LogL: -11937.744 / Time: 0h:1m:10s (0h:0m:35s left)
Log-likelihood cutoff on original alignment: -11994.578
Iteration 160 / LogL: -11942.448 / Time: 0h:1m:15s (0h:0m:30s left)
Iteration 170 / LogL: -11938.708 / Time: 0h:1m:19s (0h:0m:25s left)
Iteration 180 / LogL: -11937.513 / Time: 0h:1m:24s (0h:0m:20s left)
Iteration 190 / LogL: -11938.132 / Time: 0h:1m:28s (0h:0m:15s left)
Iteration 200 / LogL: -11941.537 / Time: 0h:1m:33s (0h:0m:11s left)
Log-likelihood cutoff on original alignment: -11994.578
NOTE: Bootstrap correlation coefficient of split occurrence frequencies: 1.000
Iteration 210 / LogL: -11937.791 / Time: 0h:1m:37s (0h:0m:42s left)
Iteration 220 / LogL: -11937.756 / Time: 0h:1m:42s (0h:0m:37s left)
TREE SEARCH COMPLETED AFTER 225 ITERATIONS / Time: 0h:1m:44s

--------------------------------------------------------------------
|                    FINALIZING TREE SEARCH                        |
--------------------------------------------------------------------
Performs final model parameters optimization
Estimate model parameters (epsilon = 0.010)
1. Initial log-likelihood: -11937.245
Optimal log-likelihood: -11937.244
Proportion of invariable sites: 0.025
Gamma shape alpha: 1.689
Parameters optimization took 1 rounds (0.070 sec)
BEST SCORE FOUND : -11937.244
Creating bootstrap support values...
Split supports printed to NEXUS file results_broccoli_metc/alignments/OG_1282.iqtree.splits.nex
Total tree length: 24.968

Total number of iterations: 225
CPU time used for tree search: 201.576 sec (0h:3m:21s)
Wall-clock time used for tree search: 102.346 sec (0h:1m:42s)
Total CPU time used: 206.962 sec (0h:3m:26s)
Total wall-clock time used: 105.129 sec (0h:1m:45s)

Computing bootstrap consensus tree...
Reading input file results_broccoli_metc/alignments/OG_1282.iqtree.splits.nex...
66 taxa and 422 splits.
Consensus tree written to results_broccoli_metc/alignments/OG_1282.iqtree.contree
Reading input trees file results_broccoli_metc/alignments/OG_1282.iqtree.contree
Log-likelihood of consensus tree: -11938.280

Analysis results written to: 
  IQ-TREE report:                results_broccoli_metc/alignments/OG_1282.iqtree.iqtree
  Maximum-likelihood tree:       results_broccoli_metc/alignments/OG_1282.iqtree.treefile
  Likelihood distances:          results_broccoli_metc/alignments/OG_1282.iqtree.mldist

Ultrafast bootstrap approximation results written to:
  Split support values:          results_broccoli_metc/alignments/OG_1282.iqtree.splits.nex
  Consensus tree:                results_broccoli_metc/alignments/OG_1282.iqtree.contree
  Screen log file:               results_broccoli_metc/alignments/OG_1282.iqtree.log

Date and Time: Fri Jun  3 09:39:14 2022
