IQ-TREE multicore version 2.1.0 for Linux 64-bit built Jul 18 2020
Developed by Bui Quang Minh, James Barbetti, Nguyen Lam Tung,
Olga Chernomor, Heiko Schmidt, Dominik Schrempf, Michael Woodhams.

Host:    node-hp0210.linux.crg.es (AVX, 125 GB RAM)
Command: /users/asebe/xgraubove/Programes/iqtree-2.1.0-Linux/bin/iqtree2 -s results_broccoli_metc/alignments/OG_1123.lt.fasta -m TEST -mset LG,WAG,JTT -nt AUTO -ntmax 2 -bb 1000 -pre results_broccoli_metc/alignments/OG_1123.iqtree -nm 10000 -nstop 200 -cptime 1800
Seed:    620525 (Using SPRNG - Scalable Parallel Random Number Generator)
Time:    Fri Jun  3 09:01:45 2022
Kernel:  AVX - auto-detect threads (2 CPU cores detected)

Reading alignment file results_broccoli_metc/alignments/OG_1123.lt.fasta ... Fasta format detected
Alignment most likely contains protein sequences
Alignment has 57 sequences with 842 columns, 841 distinct patterns
831 parsimony-informative, 0 singleton sites, 11 constant sites
                                                         Gap/Ambiguity  Composition  p-value
   1  Hsap_ENST00000322886                                      18.88%    passed      8.24%
   2  Bralan_BLAG18000061_1                                      9.14%    passed     21.62%
   3  Spur_XM_030988308.1                                       20.31%    passed     69.59%
   4  Skow_XM_006815275.1                                       72.57%    failed      2.94%
   5  Exapal_XM_021047187.2                                     15.08%    passed     78.64%
   6  Tadh_TriadT6275                                           85.75%    passed     66.88%
   7  TrH2_TrispH2_002193-RA                                    28.03%    failed      0.89%
   8  HoiH11_mRNA8511                                           26.37%    failed      1.13%
   9  HoiH06_mRNA8060                                           26.60%    passed      9.33%
  10  HoiH23_PlH23_002176-RA                                    27.20%    passed     29.86%
  11  Hhon_g04734.t1                                            26.84%    failed      2.99%
  12  HoiH04_mRNA3187                                           27.79%    passed      7.58%
  13  Nvec_v1g137233                                            37.65%    passed     27.71%
  14  Spis_XP_022806502_1                                       15.20%    passed     44.56%
  15  Pocdam_XM_027202660.1                                     15.56%    passed     58.60%
  16  Dgig_XM_028554470.1                                       16.03%    passed     35.26%
  17  Xesp_008485-T1                                            49.29%    passed     39.26%
  18  Cgig_XM_011437812.3                                       19.24%    passed     54.45%
  19  Acagra_model.g2981.t1                                      9.74%    failed      0.00%
  20  Aaur_scaffold89.g23.t2                                    63.90%    failed      0.62%
  21  Nemnom_g8584.t1                                           14.49%    failed      0.81%
  22  Rhoesc_Res_002206-T1                                      18.17%    failed      0.35%
  23  Sanmal_Sma_017530-T1                                      20.78%    passed     13.07%
  24  Acaspe_EP00035_Acanthoeca_spectabilis_P037727             56.06%    failed      0.36%
  25  Helnan_EP00037_Helgoeca_nana_P014022                      50.95%    failed      0.11%
  26  Stedip_EP00041_Stephanoeca_diplocostata_P010060           43.59%    failed      0.26%
  27  Mylflu_EP00047_Mylnosiga_fluctuans_P018453                68.05%    failed      0.11%
  28  Salpun_EP00053_Salpingoeca_punica_P008394                 55.82%    failed      0.01%
  29  Saldol_EP00054_Salpingoeca_dolichothecata_P000757         41.33%    failed      0.07%
  30  Salkve_EP00050_Salpingoeca_kvevrii_P006946                52.14%    passed      9.82%
  31  Didcos_EP00039_Didymoeca_costata_P000836                  41.45%    failed      0.04%
  32  Diagra_EP00040_Diaphanoeca_grandis_P044434                49.05%    passed     25.85%
  33  Hvul_g5731_1                                              29.69%    failed      0.26%
  34  Chem_TCONS_00026068                                       20.31%    failed      2.26%
  35  Ocar_g1946                                                48.57%    failed      4.13%
  36  Opea_EP00118_Oscarella_pearsei_P005382                    37.53%    failed      1.97%
  37  Cscu_XM_023381884.1                                       60.93%    failed      0.79%
  38  Ctel_gnl_WGS_AMQN_CAPTEDRAFT_mRNA198117                   27.32%    passed     57.64%
  39  Scil_scict016848.1                                        23.52%    failed      0.00%
  40  Gracom_Gcom_C559836_01                                    25.77%    failed      0.03%
  41  Lcom_lcpid42686                                           21.62%    failed      0.00%
  42  Aque_Aqu2.1.29368_001                                     22.68%    passed     10.40%
  43  Halamb_c50311_g1_i2mm.3447                                21.50%    passed      8.97%
  44  Xestes_maker-XT_scaffold29147-augustus-gene-0.11-mRNA-1   18.29%    passed     68.53%
  45  Emue_Em0021g258a.t1                                       40.26%    passed     81.72%
  46  Spolac_c100724_g1_i2_m.23346c100724-g1                    37.53%    passed     85.67%
  47  Tetwil_g3027.t1                                           29.81%    failed      0.20%
  48  Plespi_Pspi_scaffold7008_01                               62.59%    passed     40.19%
  49  Sros_EGD82756                                             27.43%    failed      0.00%
  50  Microa_EP00043_Microstomoeca_roanoka_P008927              42.64%    failed      0.17%
  51  Salinf_EP00049_Salpingoeca_infusionum_P004240             47.62%    failed      0.03%
  52  Salmac_EP00052_Salpingoeca_macrocollata_P024928           66.75%    passed     21.33%
  53  Choper_EP00045_Choanoeca_perplexa_P014898                 43.47%    passed      5.88%
  54  Chofle_EP00730_Choanoeca_flexa_P013176                    46.56%    failed      1.15%
  55  Salurc_EP00051_Salpingoeca_urceolata_P008161              53.80%    failed      4.42%
  56  Morvir_scaffold333.g6.t1                                  27.79%    passed      9.70%
  57  Clacor_Ccor_C540589_01                                    62.00%    failed      0.13%
WARNING: 13 sequences contain more than 50% gaps/ambiguity
****  TOTAL                                                     36.30%  30 sequences failed composition chi2 test (p-value<5%; df=19)


Create initial parsimony tree by phylogenetic likelihood library (PLL)... 0.056 seconds
Measuring multi-threading efficiency up to 2 CPU cores
Increase to 10 rounds for branch lengths
2 trees examined
Threads: 1 / Time: 2.486 sec / Speedup: 1.000 / Efficiency: 100% / LogL: -67869
Threads: 2 / Time: 1.310 sec / Speedup: 1.898 / Efficiency: 95% / LogL: -67869
BEST NUMBER OF THREADS: 2

Perform fast likelihood tree search using LG+I+G model...
Estimate model parameters (epsilon = 5.000)
Perform nearest neighbor interchange...
Estimate model parameters (epsilon = 1.000)
1. Initial log-likelihood: -57785.261
Optimal log-likelihood: -57784.957
Proportion of invariable sites: 0.012
Gamma shape alpha: 1.063
Parameters optimization took 1 rounds (0.239 sec)
Time for fast ML tree search: 2.380 seconds

NOTE: ModelFinder requires 33 MB RAM!
ModelFinder will test up to 24 protein models (sample size: 842) ...
 No. Model         -LnL         df  AIC          AICc         BIC
  1  LG            59973.013    111 120168.025   120202.085   120693.697
  2  LG+I          59700.096    112 119624.192   119658.914   120154.600
  3  LG+G4         57816.511    112 115857.022   115891.743   116387.429
  4  LG+I+G4       57784.888    113 115795.776   115831.167   116330.920
  8  LG+F+I+G4     57336.255    132 114936.510   114986.034   115561.633
 12  WAG+I+G4      57705.245    113 115636.491   115671.881   116171.634
 16  WAG+F+I+G4    57404.519    132 115073.038   115122.562   115698.161
 20  JTT+I+G4      57625.604    113 115477.209   115512.599   116012.352
 24  JTT+F+I+G4    57307.553    132 114879.105   114928.629   115504.228
Akaike Information Criterion:           JTT+F+I+G4
Corrected Akaike Information Criterion: JTT+F+I+G4
Bayesian Information Criterion:         JTT+F+I+G4
Best-fit model: JTT+F+I+G4 chosen according to BIC

All model information printed to results_broccoli_metc/alignments/OG_1123.iqtree.model.gz
CPU time for ModelFinder: 30.727 seconds (0h:0m:30s)
Wall-clock time for ModelFinder: 16.661 seconds (0h:0m:16s)
Generating 1000 samples for ultrafast bootstrap (seed: 620525)...

NOTE: 33 MB RAM (0 GB) is required!
Estimate model parameters (epsilon = 0.100)
Thoroughly optimizing +I+G parameters from 10 start values...
Init pinv, alpha: 0.000, 1.012 / Estimate: 0.012, 1.009 / LogL: -57307.572
Init pinv, alpha: 0.001, 1.012 / Estimate: 0.012, 1.017 / LogL: -57307.545
Init pinv, alpha: 0.003, 1.012 / Estimate: 0.012, 1.017 / LogL: -57307.545
Init pinv, alpha: 0.004, 1.012 / Estimate: 0.012, 1.016 / LogL: -57307.546
Init pinv, alpha: 0.006, 1.012 / Estimate: 0.012, 1.016 / LogL: -57307.545
Init pinv, alpha: 0.007, 1.012 / Estimate: 0.012, 1.016 / LogL: -57307.545
Init pinv, alpha: 0.009, 1.012 / Estimate: 0.012, 1.015 / LogL: -57307.545
Init pinv, alpha: 0.010, 1.012 / Estimate: 0.012, 1.016 / LogL: -57307.545
Init pinv, alpha: 0.012, 1.012 / Estimate: 0.012, 1.014 / LogL: -57307.546
Init pinv, alpha: 0.013, 1.012 / Estimate: 0.012, 1.014 / LogL: -57307.547
Optimal pinv,alpha: 0.012, 1.016 / LogL: -57307.545

Parameters optimization took 5.607 sec
Computing ML distances based on estimated model parameters...
Computing ML distances took 0.285352 sec (of wall-clock time) 0.570482 sec(of CPU time)
Computing RapidNJ tree took 0.000784 sec (of wall-clock time) 0.001553 sec (of CPU time)
Log-likelihood of RapidNJ tree: -57469.491
--------------------------------------------------------------------
|             INITIALIZING CANDIDATE TREE SET                      |
--------------------------------------------------------------------
Generating 98 parsimony trees... 3.242 second
Computing log-likelihood of 98 initial trees ... 7.691 seconds
Current best score: -57307.545

Do NNI search on 20 best initial trees
Estimate model parameters (epsilon = 0.100)
BETTER TREE FOUND at iteration 1: -57305.041
Iteration 10 / LogL: -57312.212 / Time: 0h:0m:36s
UPDATE BEST LOG-LIKELIHOOD: -57305.036
Iteration 20 / LogL: -57307.272 / Time: 0h:0m:55s
Finish initializing candidate tree set (19)
Current best tree score: -57305.036 / CPU time: 48.663
Number of iterations: 20
--------------------------------------------------------------------
|               OPTIMIZING CANDIDATE TREE SET                      |
--------------------------------------------------------------------
Estimate model parameters (epsilon = 0.100)
BETTER TREE FOUND at iteration 21: -57304.279
Iteration 30 / LogL: -57306.476 / Time: 0h:1m:16s (0h:8m:22s left)
Iteration 40 / LogL: -57308.361 / Time: 0h:1m:35s (0h:7m:24s left)
Iteration 50 / LogL: -57306.989 / Time: 0h:1m:53s (0h:6m:34s left)
Log-likelihood cutoff on original alignment: -57339.908
Iteration 60 / LogL: -57307.611 / Time: 0h:2m:13s (0h:6m:5s left)
Iteration 70 / LogL: -57308.467 / Time: 0h:2m:32s (0h:5m:33s left)
Iteration 80 / LogL: -57305.020 / Time: 0h:2m:49s (0h:5m:3s left)
Iteration 90 / LogL: -57305.711 / Time: 0h:3m:7s (0h:4m:35s left)
Iteration 100 / LogL: -57306.022 / Time: 0h:3m:24s (0h:4m:10s left)
Log-likelihood cutoff on original alignment: -57339.908
NOTE: Bootstrap correlation coefficient of split occurrence frequencies: 1.000
Iteration 110 / LogL: -57305.601 / Time: 0h:3m:42s (0h:3m:46s left)
Iteration 120 / LogL: -57305.042 / Time: 0h:3m:59s (0h:3m:23s left)
Iteration 130 / LogL: -57307.076 / Time: 0h:4m:20s (0h:3m:3s left)
Iteration 140 / LogL: -57305.047 / Time: 0h:4m:37s (0h:2m:41s left)
Iteration 150 / LogL: -57305.266 / Time: 0h:4m:55s (0h:2m:20s left)
Log-likelihood cutoff on original alignment: -57340.269
Iteration 160 / LogL: -57313.788 / Time: 0h:5m:15s (0h:2m:0s left)
Iteration 170 / LogL: -57304.762 / Time: 0h:5m:31s (0h:1m:40s left)
Iteration 180 / LogL: -57305.014 / Time: 0h:5m:50s (0h:1m:20s left)
Iteration 190 / LogL: -57305.874 / Time: 0h:6m:5s (0h:1m:0s left)
Iteration 200 / LogL: -57306.506 / Time: 0h:6m:23s (0h:0m:40s left)
Log-likelihood cutoff on original alignment: -57340.269
NOTE: Bootstrap correlation coefficient of split occurrence frequencies: 0.999
Iteration 210 / LogL: -57308.427 / Time: 0h:6m:40s (0h:2m:52s left)
Iteration 220 / LogL: -57304.880 / Time: 0h:6m:58s (0h:2m:32s left)
TREE SEARCH COMPLETED AFTER 222 ITERATIONS / Time: 0h:7m:1s

--------------------------------------------------------------------
|                    FINALIZING TREE SEARCH                        |
--------------------------------------------------------------------
Performs final model parameters optimization
Estimate model parameters (epsilon = 0.010)
1. Initial log-likelihood: -57304.279
Optimal log-likelihood: -57304.276
Proportion of invariable sites: 0.012
Gamma shape alpha: 1.019
Parameters optimization took 1 rounds (0.263 sec)
BEST SCORE FOUND : -57304.276
Creating bootstrap support values...
Split supports printed to NEXUS file results_broccoli_metc/alignments/OG_1123.iqtree.splits.nex
Total tree length: 66.576

Total number of iterations: 222
CPU time used for tree search: 823.727 sec (0h:13m:43s)
Wall-clock time used for tree search: 414.581 sec (0h:6m:54s)
Total CPU time used: 838.719 sec (0h:13m:58s)
Total wall-clock time used: 422.128 sec (0h:7m:2s)

Computing bootstrap consensus tree...
Reading input file results_broccoli_metc/alignments/OG_1123.iqtree.splits.nex...
57 taxa and 304 splits.
Consensus tree written to results_broccoli_metc/alignments/OG_1123.iqtree.contree
Reading input trees file results_broccoli_metc/alignments/OG_1123.iqtree.contree
Log-likelihood of consensus tree: -57304.278

Analysis results written to: 
  IQ-TREE report:                results_broccoli_metc/alignments/OG_1123.iqtree.iqtree
  Maximum-likelihood tree:       results_broccoli_metc/alignments/OG_1123.iqtree.treefile
  Likelihood distances:          results_broccoli_metc/alignments/OG_1123.iqtree.mldist

Ultrafast bootstrap approximation results written to:
  Split support values:          results_broccoli_metc/alignments/OG_1123.iqtree.splits.nex
  Consensus tree:                results_broccoli_metc/alignments/OG_1123.iqtree.contree
  Screen log file:               results_broccoli_metc/alignments/OG_1123.iqtree.log

Date and Time: Fri Jun  3 09:09:05 2022
