IQ-TREE multicore version 2.1.0 for Linux 64-bit built Jul 18 2020
Developed by Bui Quang Minh, James Barbetti, Nguyen Lam Tung,
Olga Chernomor, Heiko Schmidt, Dominik Schrempf, Michael Woodhams.

Host:    node-hp0506.linux.crg.es (AVX, 125 GB RAM)
Command: /users/asebe/xgraubove/Programes/iqtree-2.1.0-Linux/bin/iqtree2 -s results_broccoli_metc/alignments/OG_1835.lt.fasta -m TEST -mset LG,WAG,JTT -nt AUTO -ntmax 2 -bb 1000 -pre results_broccoli_metc/alignments/OG_1835.iqtree -nm 10000 -nstop 200 -cptime 1800
Seed:    18392 (Using SPRNG - Scalable Parallel Random Number Generator)
Time:    Fri Jun  3 10:52:42 2022
Kernel:  AVX - auto-detect threads (2 CPU cores detected)

Reading alignment file results_broccoli_metc/alignments/OG_1835.lt.fasta ... Fasta format detected
Alignment most likely contains protein sequences
Alignment has 58 sequences with 239 columns, 237 distinct patterns
209 parsimony-informative, 0 singleton sites, 30 constant sites
                                                      Gap/Ambiguity  Composition  p-value
   1  Hsap_ENST00000418988                                    5.86%    passed     94.69%
   2  Bralan_BLAG18000831_1                                  11.30%    passed     84.19%
   3  Spur_XM_030988513.1                                     0.84%    passed     99.94%
   4  Skow_XM_006818114.1                                    66.11%    passed     66.65%
   5  Ctel_gnl_WGS_AMQN_CAPTEDRAFT_mRNA178575                 0.42%    passed     99.86%
   6  Exapal_XM_021036423.1                                  19.25%    passed     99.89%
   7  Nvec_v1g10968                                           2.09%    passed     99.98%
   8  Gfas_gfas1.m1.4529.m1                                   5.44%    passed     98.96%
   9  Fspp_ffun1.m4.19207.m1                                  5.86%    passed     99.36%
  10  Pocdam_XM_027200825.1                                   4.60%    passed     99.92%
  11  Spis_XP_022781836_1                                     0.84%    passed     99.34%
  12  Gasp_gasp1.m3.28252.m1                                  4.60%    passed     99.96%
  13  Amil_Amillepora00120-RA                                34.73%    passed     61.75%
  14  Cgig_XM_034476592.1                                     0.84%    passed     99.52%
  15  Mlei_ML0708.g18.i1                                      6.69%    passed     99.18%
  16  Bolinf_Binf_sb1240840                                  12.55%    passed     99.94%
  17  Pbac_sb2669650                                          8.37%    passed     99.81%
  18  Horcal_Hcv1.av93.c7.g33.i1                             78.24%    passed     79.40%
  19  Beraby_Baby_sb348193                                    7.53%    passed     98.38%
  20  Lampan_Lpan_15999_01                                    7.95%    passed     99.80%
  21  Vmul_SimC396370                                         7.11%    passed     99.62%
  22  Coeast_Cast_sb798728                                   12.97%    passed     98.74%
  23  Coemet_Cmet_scaffold15055_01                            7.11%    passed     93.69%
  24  Drygla_Dgla_sb279251                                   14.23%    passed     96.32%
  25  Mertsp_Mesp_sb574285                                   27.62%    passed     96.16%
  26  Eupdun_Edun_sb10638042                                 25.10%    passed     97.77%
  27  Acagra_model.g3713.t1                                   0.00%    passed     94.33%
  28  Cscu_XM_023371873.1                                     0.42%    passed     88.06%
  29  Dgig_XM_028551263.1                                     1.67%    passed     99.20%
  30  Xesp_003096-T1                                          0.42%    passed     99.36%
  31  Dpul_mRNA29036                                          0.00%    passed     99.46%
  32  Hvul_g1171_1                                            1.26%    passed     77.87%
  33  Chem_TCONS_00049355                                     4.18%    passed     93.88%
  34  Morvir_scaffold227.g14.t1                               0.84%    passed     99.12%
  35  Nemnom_g12319.t1                                        1.67%    passed     93.27%
  36  Rhoesc_Res_009172-T1                                    1.67%    passed     76.91%
  37  Aque_Aqu2.1.29389_001                                   0.42%    passed     73.16%
  38  Halamb_c26328_g1_i1m.5088                               0.42%    passed     61.08%
  39  Spolac_c98385_g1_i1_m.17067c101892-g1                   0.00%    passed     97.66%
  40  Tcas_TC000258_001                                       0.42%    passed     95.64%
  41  Plajan_Pjan_scaffold22968_01                            0.00%    passed     98.51%
  42  Opea_EP00118_Oscarella_pearsei_P001483                  2.09%    passed     97.94%
  43  Tadh_TriadT33023                                       17.57%    passed     55.06%
  44  TrH2_TrispH2_005537-RA                                 17.15%    passed     57.56%
  45  Hhon_g03390.t1                                         10.04%    passed     90.18%
  46  HoiH04_mRNA2767                                        13.39%    passed     86.13%
  47  HoiH23_PlH23_004639-RA                                 10.04%    passed     69.24%
  48  HoiH11_mRNA3370                                        13.81%    passed     56.50%
  49  Xestes_maker-XT_scaffold5384-snap-gene-0.14-mRNA-1     36.82%    passed     81.13%
  50  Tetwil_g10684.t2                                       38.49%    passed     13.34%
  51  Lcom_lcpid61790                                         9.62%    passed     90.69%
  52  Gracom_Gcom_C552508_01                                  6.28%    passed     86.79%
  53  Leuniv_Lniv_scaffold21299_01                            3.77%    passed     66.51%
  54  Clacor_Ccor_C540575_01                                  9.62%    failed      0.68%
  55  Plespi_Pspi_scaffold4370_01                            44.77%    failed      4.47%
  56  Stycar_maker-SC_scaffold145438-snap-gene-0.59-mRNA-1   30.13%    passed     95.55%
  57  Ocar_g10950                                            32.64%    passed     16.91%
  58  Aaur_scaffold52.g2.t1                                  29.29%    passed     82.97%
WARNING: 2 sequences contain more than 50% gaps/ambiguity
****  TOTAL                                                  12.36%  2 sequences failed composition chi2 test (p-value<5%; df=19)


Create initial parsimony tree by phylogenetic likelihood library (PLL)... 0.011 seconds
Measuring multi-threading efficiency up to 2 CPU cores
Increase to 10 rounds for branch lengths
6 trees examined
Threads: 1 / Time: 2.054 sec / Speedup: 1.000 / Efficiency: 100% / LogL: -15214
Threads: 2 / Time: 1.166 sec / Speedup: 1.761 / Efficiency: 88% / LogL: -15214
BEST NUMBER OF THREADS: 2

Perform fast likelihood tree search using LG+I+G model...
Estimate model parameters (epsilon = 5.000)
Perform nearest neighbor interchange...
Estimate model parameters (epsilon = 1.000)
1. Initial log-likelihood: -10214.324
2. Current log-likelihood: -10212.517
Optimal log-likelihood: -10211.381
Proportion of invariable sites: 0.090
Gamma shape alpha: 0.976
Parameters optimization took 2 rounds (0.246 sec)
Time for fast ML tree search: 0.808 seconds

NOTE: ModelFinder requires 10 MB RAM!
ModelFinder will test up to 24 protein models (sample size: 239) ...
 No. Model         -LnL         df  AIC          AICc         BIC
  1  LG            10979.694    113 22185.388    22391.500    22578.228
  2  LG+I          10787.700    114 21803.400    22014.852    22199.717
  3  LG+G4         10215.433    114 20658.867    20870.318    21055.184
  4  LG+I+G4       10210.368    115 20650.736    20867.647    21050.529
  7  LG+F+G4       10184.096    133 20634.192    20973.659    21096.562
  8  LG+F+I+G4     10177.065    134 20622.129    20970.014    21087.975
 11  WAG+G4        10252.015    114 20732.030    20943.482    21128.347
 12  WAG+I+G4      10244.277    115 20718.554    20935.464    21118.347
 15  WAG+F+G4      10227.882    133 20721.765    21061.231    21184.134
 16  WAG+F+I+G4    10219.749    134 20707.498    21055.382    21173.344
 19  JTT+G4        10296.590    114 20821.179    21032.631    21217.496
 20  JTT+I+G4      10291.056    115 20812.111    21029.022    21211.905
 23  JTT+F+G4      10280.430    133 20826.859    21166.326    21289.229
 24  JTT+F+I+G4    10274.365    134 20816.730    21164.615    21282.576
Akaike Information Criterion:           LG+F+I+G4
Corrected Akaike Information Criterion: LG+I+G4
Bayesian Information Criterion:         LG+I+G4
Best-fit model: LG+I+G4 chosen according to BIC

All model information printed to results_broccoli_metc/alignments/OG_1835.iqtree.model.gz
CPU time for ModelFinder: 12.928 seconds (0h:0m:12s)
Wall-clock time for ModelFinder: 7.458 seconds (0h:0m:7s)
Generating 1000 samples for ultrafast bootstrap (seed: 18392)...

NOTE: 10 MB RAM (0 GB) is required!
Estimate model parameters (epsilon = 0.100)
Thoroughly optimizing +I+G parameters from 10 start values...
Init pinv, alpha: 0.000, 0.993 / Estimate: 0.000, 0.586 / LogL: -10215.435
Init pinv, alpha: 0.014, 0.993 / Estimate: 0.017, 0.617 / LogL: -10215.413
Init pinv, alpha: 0.028, 0.993 / Estimate: 0.101, 0.994 / LogL: -10210.385
Init pinv, alpha: 0.042, 0.993 / Estimate: 0.100, 0.994 / LogL: -10210.401
Init pinv, alpha: 0.056, 0.993 / Estimate: 0.101, 0.994 / LogL: -10210.381
Init pinv, alpha: 0.070, 0.993 / Estimate: 0.101, 0.993 / LogL: -10210.368
Init pinv, alpha: 0.084, 0.993 / Estimate: 0.100, 0.990 / LogL: -10210.352
Init pinv, alpha: 0.098, 0.993 / Estimate: 0.101, 0.990 / LogL: -10210.328
Init pinv, alpha: 0.112, 0.993 / Estimate: 0.103, 0.989 / LogL: -10210.281
Init pinv, alpha: 0.126, 0.993 / Estimate: 0.103, 0.987 / LogL: -10210.268
Optimal pinv,alpha: 0.103, 0.987 / LogL: -10210.268

Parameters optimization took 2.703 sec
Computing ML distances based on estimated model parameters...
Computing ML distances took 0.173336 sec (of wall-clock time) 0.345631 sec(of CPU time)
Computing RapidNJ tree took 0.000825 sec (of wall-clock time) 0.001649 sec (of CPU time)
Log-likelihood of RapidNJ tree: -10318.443
--------------------------------------------------------------------
|             INITIALIZING CANDIDATE TREE SET                      |
--------------------------------------------------------------------
Generating 98 parsimony trees... 1.159 second
Computing log-likelihood of 98 initial trees ... 2.262 seconds
Current best score: -10210.268

Do NNI search on 20 best initial trees
Estimate model parameters (epsilon = 0.100)
BETTER TREE FOUND at iteration 1: -10209.605
Estimate model parameters (epsilon = 0.100)
BETTER TREE FOUND at iteration 2: -10206.199
Estimate model parameters (epsilon = 0.100)
BETTER TREE FOUND at iteration 3: -10200.513
Estimate model parameters (epsilon = 0.100)
BETTER TREE FOUND at iteration 7: -10198.129
Iteration 10 / LogL: -10203.155 / Time: 0h:0m:11s
Estimate model parameters (epsilon = 0.100)
BETTER TREE FOUND at iteration 19: -10198.010
Iteration 20 / LogL: -10204.658 / Time: 0h:0m:16s
Finish initializing candidate tree set (14)
Current best tree score: -10198.010 / CPU time: 13.285
Number of iterations: 20
--------------------------------------------------------------------
|               OPTIMIZING CANDIDATE TREE SET                      |
--------------------------------------------------------------------
Estimate model parameters (epsilon = 0.100)
BETTER TREE FOUND at iteration 21: -10196.240
Estimate model parameters (epsilon = 0.100)
BETTER TREE FOUND at iteration 23: -10196.172
Estimate model parameters (epsilon = 0.100)
BETTER TREE FOUND at iteration 24: -10195.063
Estimate model parameters (epsilon = 0.100)
BETTER TREE FOUND at iteration 28: -10194.394
Iteration 30 / LogL: -10198.799 / Time: 0h:0m:22s (0h:2m:34s left)
Iteration 40 / LogL: -10194.423 / Time: 0h:0m:27s (0h:2m:14s left)
Iteration 50 / LogL: -10194.399 / Time: 0h:0m:33s (0h:2m:1s left)
Log-likelihood cutoff on original alignment: -10239.680
Iteration 60 / LogL: -10197.432 / Time: 0h:0m:39s (0h:1m:52s left)
Iteration 70 / LogL: -10194.412 / Time: 0h:0m:45s (0h:1m:43s left)
Iteration 80 / LogL: -10195.033 / Time: 0h:0m:51s (0h:1m:35s left)
Iteration 90 / LogL: -10194.396 / Time: 0h:0m:56s (0h:1m:28s left)
Iteration 100 / LogL: -10194.561 / Time: 0h:1m:2s (0h:1m:20s left)
Log-likelihood cutoff on original alignment: -10239.680
NOTE: Bootstrap correlation coefficient of split occurrence frequencies: 0.998
Iteration 110 / LogL: -10197.892 / Time: 0h:1m:8s (0h:1m:13s left)
Iteration 120 / LogL: -10197.164 / Time: 0h:1m:13s (0h:1m:6s left)
Iteration 130 / LogL: -10194.402 / Time: 0h:1m:19s (0h:1m:0s left)
Iteration 140 / LogL: -10202.378 / Time: 0h:1m:24s (0h:0m:53s left)
Iteration 150 / LogL: -10194.401 / Time: 0h:1m:30s (0h:0m:47s left)
Log-likelihood cutoff on original alignment: -10239.680
Iteration 160 / LogL: -10194.394 / Time: 0h:1m:36s (0h:0m:41s left)
Iteration 170 / LogL: -10195.966 / Time: 0h:1m:43s (0h:0m:35s left)
Iteration 180 / LogL: -10194.396 / Time: 0h:1m:48s (0h:0m:29s left)
Iteration 190 / LogL: -10195.464 / Time: 0h:1m:54s (0h:0m:23s left)
Iteration 200 / LogL: -10195.259 / Time: 0h:2m:0s (0h:0m:16s left)
Log-likelihood cutoff on original alignment: -10239.680
NOTE: Bootstrap correlation coefficient of split occurrence frequencies: 0.999
Iteration 210 / LogL: -10198.647 / Time: 0h:2m:5s (0h:0m:54s left)
Iteration 220 / LogL: -10196.124 / Time: 0h:2m:11s (0h:0m:48s left)
TREE SEARCH COMPLETED AFTER 229 ITERATIONS / Time: 0h:2m:17s

--------------------------------------------------------------------
|                    FINALIZING TREE SEARCH                        |
--------------------------------------------------------------------
Performs final model parameters optimization
Estimate model parameters (epsilon = 0.010)
1. Initial log-likelihood: -10194.394
Optimal log-likelihood: -10194.394
Proportion of invariable sites: 0.102
Gamma shape alpha: 0.942
Parameters optimization took 1 rounds (0.076 sec)
BEST SCORE FOUND : -10194.394
Creating bootstrap support values...
Split supports printed to NEXUS file results_broccoli_metc/alignments/OG_1835.iqtree.splits.nex
Total tree length: 21.647

Total number of iterations: 229
CPU time used for tree search: 265.498 sec (0h:4m:25s)
Wall-clock time used for tree search: 133.955 sec (0h:2m:13s)
Total CPU time used: 272.461 sec (0h:4m:32s)
Total wall-clock time used: 137.504 sec (0h:2m:17s)

Computing bootstrap consensus tree...
Reading input file results_broccoli_metc/alignments/OG_1835.iqtree.splits.nex...
58 taxa and 349 splits.
Consensus tree written to results_broccoli_metc/alignments/OG_1835.iqtree.contree
Reading input trees file results_broccoli_metc/alignments/OG_1835.iqtree.contree
Log-likelihood of consensus tree: -10194.395

Analysis results written to: 
  IQ-TREE report:                results_broccoli_metc/alignments/OG_1835.iqtree.iqtree
  Maximum-likelihood tree:       results_broccoli_metc/alignments/OG_1835.iqtree.treefile
  Likelihood distances:          results_broccoli_metc/alignments/OG_1835.iqtree.mldist

Ultrafast bootstrap approximation results written to:
  Split support values:          results_broccoli_metc/alignments/OG_1835.iqtree.splits.nex
  Consensus tree:                results_broccoli_metc/alignments/OG_1835.iqtree.contree
  Screen log file:               results_broccoli_metc/alignments/OG_1835.iqtree.log

Date and Time: Fri Jun  3 10:55:07 2022
