IQ-TREE multicore version 2.1.0 for Linux 64-bit built Jul 18 2020
Developed by Bui Quang Minh, James Barbetti, Nguyen Lam Tung,
Olga Chernomor, Heiko Schmidt, Dominik Schrempf, Michael Woodhams.

Host:    node-hp0506.linux.crg.es (AVX, 125 GB RAM)
Command: /users/asebe/xgraubove/Programes/iqtree-2.1.0-Linux/bin/iqtree2 -s results_broccoli_metc/alignments/OG_1508.lt.fasta -m TEST -mset LG,WAG,JTT -nt AUTO -ntmax 2 -bb 1000 -pre results_broccoli_metc/alignments/OG_1508.iqtree -nm 10000 -nstop 200 -cptime 1800
Seed:    564813 (Using SPRNG - Scalable Parallel Random Number Generator)
Time:    Fri Jun  3 10:10:15 2022
Kernel:  AVX - auto-detect threads (2 CPU cores detected)

Reading alignment file results_broccoli_metc/alignments/OG_1508.lt.fasta ... Fasta format detected
Alignment most likely contains protein sequences
Alignment has 61 sequences with 435 columns, 434 distinct patterns
425 parsimony-informative, 0 singleton sites, 10 constant sites
                                                         Gap/Ambiguity  Composition  p-value
   1  Hsap_ENST00000226247                                      13.10%    failed      0.00%
   2  Ctel_gnl_WGS_AMQN_CAPTEDRAFT_mRNA129521                   82.99%    passed     15.38%
   3  Acagra_model.g2371.t1                                     19.08%    passed     25.96%
   4  Cgig_XM_034447304.1                                       32.87%    passed     86.27%
   5  Bralan_BLAG05000614_1                                     36.09%    passed      6.96%
   6  Exapal_XM_021036785.2                                     17.24%    passed     68.28%
   7  Nvec_v1g121754                                            15.63%    passed     76.39%
   8  Adig_XM_015911197.1                                       15.17%    passed     90.14%
   9  Amil_Amillepora10392-RA                                   15.63%    passed     86.83%
  10  Gfas_gfas1.m1.7267.m1                                     14.71%    passed     58.54%
  11  Fspp_ffun1.m4.601.m1                                      14.48%    passed     97.67%
  12  Gasp_gasp1.m3.16222.m1                                    14.48%    passed     89.21%
  13  Spis_XP_022799620_1                                       16.32%    passed     86.13%
  14  Pocdam_XM_027181765.1                                     15.86%    passed     79.12%
  15  Dgig_XM_028552774.1                                       18.39%    passed      5.35%
  16  Xesp_021632-T1                                            18.85%    passed     24.23%
  17  Hvul_g25835_1                                             16.78%    passed     43.45%
  18  Chem_TCONS_00029222                                       39.08%    passed     24.74%
  19  Aaur_scaffold1189.g6.t1                                   58.16%    passed     71.55%
  20  Nemnom_g1521.t1                                           20.69%    passed     79.50%
  21  Rhoesc_Res_004117-T1                                      20.46%    passed     82.35%
  22  Sanmal_Sma_022746-T1                                      17.01%    passed     57.97%
  23  Morvir_scaffold489.g4.t1                                  59.31%    failed      1.46%
  24  Mbre_EDQ91050                                             84.37%    failed      2.20%
  25  Choper_EP00045_Choanoeca_perplexa_P004136                 31.72%    failed      2.52%
  26  Chofle_EP00730_Choanoeca_flexa_P010988                    31.95%    failed      1.46%
  27  Salurc_EP00051_Salpingoeca_urceolata_P005291              71.03%    failed      2.21%
  28  Didcos_EP00039_Didymoeca_costata_P025605                  29.66%    passed     10.60%
  29  Mylflu_EP00047_Mylnosiga_fluctuans_P006436                37.24%    failed      0.31%
  30  Salmac_EP00052_Salpingoeca_macrocollata_P009058           67.13%    failed      0.00%
  31  Salpun_EP00053_Salpingoeca_punica_P004502                 79.54%    failed      3.64%
  32  Saldol_EP00054_Salpingoeca_dolichothecata_P015100         16.09%    passed      6.29%
  33  Stedip_EP00041_Stephanoeca_diplocostata_P017993           24.14%    passed     10.52%
  34  Acaspe_EP00035_Acanthoeca_spectabilis_P019737             29.43%    failed      0.17%
  35  Helnan_EP00037_Helgoeca_nana_P009340                      25.98%    failed      0.22%
  36  Diagra_EP00040_Diaphanoeca_grandis_P008767                42.30%    failed      0.03%
  37  Sros_EGD81601                                              9.89%    failed      0.26%
  38  Coeast_Cast_sb787107                                      73.33%    failed      1.99%
  39  Coemet_Cmet_scaffold13678_01                              61.15%    failed      0.83%
  40  Lampan_Lpan_15204_01                                      38.16%    passed     11.56%
  41  Bolinf_Binf_sb1205852                                     67.36%    passed     12.30%
  42  Microa_EP00043_Microstomoeca_roanoka_P013152              28.74%    failed      1.04%
  43  Pbac_sb2650885                                            57.47%    passed     21.58%
  44  Horcal_Hcv1.av93.c1.g1462.i1                              57.47%    passed     13.21%
  45  Emue_Em0006g1430a.t1                                      18.85%    passed     11.24%
  46  Salinf_EP00049_Salpingoeca_infusionum_P022085             18.39%    failed      0.00%
  47  Scil_scict001208.1                                        29.43%    failed      0.02%
  48  Lcom_lcpid79031                                           28.28%    failed      0.00%
  49  Gracom_Gcom_C552144_01                                    33.56%    failed      4.06%
  50  Tadh_TriadT51743                                          11.95%    failed      2.35%
  51  TrH2_TrispH2_003390-RA                                     9.20%    failed      0.65%
  52  HoiH06_mRNA11497                                          12.18%    passed      7.48%
  53  HoiH23_PlH23_009830-RA                                    12.18%    passed      6.62%
  54  Hhon_g07678.t1                                            12.18%    passed      7.44%
  55  HoiH04_mRNA5446                                           12.18%    passed      9.15%
  56  HoiH11_mRNA1879                                           14.25%    passed     12.90%
  57  Mertsp_Mesp_sb534673                                      49.20%    failed      0.54%
  58  Xestes_maker-XT_scaffold113941-augustus-gene-0.3-mRNA-1   30.57%    failed      0.63%
  59  Tetwil_g17975.t1                                          28.51%    passed     36.40%
  60  Aque_Aqu2.1.33416_001                                     35.86%    passed     42.60%
  61  Salkve_EP00050_Salpingoeca_kvevrii_P002683                57.93%    failed      0.04%
WARNING: 13 sequences contain more than 50% gaps/ambiguity
****  TOTAL                                                     32.32%  25 sequences failed composition chi2 test (p-value<5%; df=19)


Create initial parsimony tree by phylogenetic likelihood library (PLL)... 0.020 seconds
Measuring multi-threading efficiency up to 2 CPU cores
Increase to 10 rounds for branch lengths
3 trees examined
Threads: 1 / Time: 2.119 sec / Speedup: 1.000 / Efficiency: 100% / LogL: -35178
Threads: 2 / Time: 1.210 sec / Speedup: 1.751 / Efficiency: 88% / LogL: -35178
BEST NUMBER OF THREADS: 2

Perform fast likelihood tree search using LG+I+G model...
Estimate model parameters (epsilon = 5.000)
Perform nearest neighbor interchange...
Estimate model parameters (epsilon = 1.000)
1. Initial log-likelihood: -26734.216
Optimal log-likelihood: -26734.110
Proportion of invariable sites: 0.018
Gamma shape alpha: 1.251
Parameters optimization took 1 rounds (0.156 sec)
Time for fast ML tree search: 1.387 seconds

NOTE: ModelFinder requires 18 MB RAM!
ModelFinder will test up to 24 protein models (sample size: 435) ...
 No. Model         -LnL         df  AIC          AICc         BIC
  1  LG            27558.003    119 55354.005    55444.672    55838.972
  2  LG+I          27401.022    120 55042.044    55134.528    55531.085
  3  LG+G4         26754.839    120 53749.678    53842.162    54238.719
  4  LG+I+G4       26734.108    121 53710.216    53804.542    54203.333
  8  LG+F+I+G4     26438.437    140 53156.875    53291.160    53727.423
 12  WAG+I+G4      26750.758    121 53743.515    53837.841    54236.632
 16  WAG+F+I+G4    26557.906    140 53395.812    53530.097    53966.360
 20  JTT+I+G4      26687.475    121 53616.949    53711.275    54110.066
 24  JTT+F+I+G4    26484.290    140 53248.580    53382.866    53819.128
Akaike Information Criterion:           LG+F+I+G4
Corrected Akaike Information Criterion: LG+F+I+G4
Bayesian Information Criterion:         LG+F+I+G4
Best-fit model: LG+F+I+G4 chosen according to BIC

All model information printed to results_broccoli_metc/alignments/OG_1508.iqtree.model.gz
CPU time for ModelFinder: 15.106 seconds (0h:0m:15s)
Wall-clock time for ModelFinder: 8.623 seconds (0h:0m:8s)
Generating 1000 samples for ultrafast bootstrap (seed: 564813)...

NOTE: 18 MB RAM (0 GB) is required!
Estimate model parameters (epsilon = 0.100)
Thoroughly optimizing +I+G parameters from 10 start values...
Init pinv, alpha: 0.000, 1.215 / Estimate: 0.018, 1.211 / LogL: -26438.439
Init pinv, alpha: 0.003, 1.215 / Estimate: 0.018, 1.211 / LogL: -26438.438
Init pinv, alpha: 0.005, 1.215 / Estimate: 0.018, 1.212 / LogL: -26438.437
Init pinv, alpha: 0.008, 1.215 / Estimate: 0.018, 1.213 / LogL: -26438.437
Init pinv, alpha: 0.010, 1.215 / Estimate: 0.018, 1.211 / LogL: -26438.439
Init pinv, alpha: 0.013, 1.215 / Estimate: 0.018, 1.212 / LogL: -26438.437
Init pinv, alpha: 0.015, 1.215 / Estimate: 0.018, 1.211 / LogL: -26438.441
Init pinv, alpha: 0.018, 1.215 / Estimate: 0.018, 1.213 / LogL: -26438.436
Init pinv, alpha: 0.020, 1.215 / Estimate: 0.019, 1.215 / LogL: -26438.437
Init pinv, alpha: 0.023, 1.215 / Estimate: 0.018, 1.215 / LogL: -26438.437
Optimal pinv,alpha: 0.018, 1.213 / LogL: -26438.436

Parameters optimization took 3.683 sec
Computing ML distances based on estimated model parameters...
Computing ML distances took 0.285009 sec (of wall-clock time) 0.568782 sec(of CPU time)
WARNING: Some pairwise ML distances are too long (saturated)
Computing RapidNJ tree took 0.000989 sec (of wall-clock time) 0.000976 sec (of CPU time)
Log-likelihood of RapidNJ tree: -26571.061
--------------------------------------------------------------------
|             INITIALIZING CANDIDATE TREE SET                      |
--------------------------------------------------------------------
Generating 98 parsimony trees... 2.418 second
Computing log-likelihood of 98 initial trees ... 4.644 seconds
Current best score: -26438.436

Do NNI search on 20 best initial trees
Estimate model parameters (epsilon = 0.100)
BETTER TREE FOUND at iteration 1: -26437.686
Estimate model parameters (epsilon = 0.100)
BETTER TREE FOUND at iteration 2: -26437.221
Iteration 10 / LogL: -26438.154 / Time: 0h:0m:18s
Estimate model parameters (epsilon = 0.100)
BETTER TREE FOUND at iteration 11: -26436.615
Iteration 20 / LogL: -26437.779 / Time: 0h:0m:27s
Finish initializing candidate tree set (14)
Current best tree score: -26436.615 / CPU time: 22.847
Number of iterations: 20
--------------------------------------------------------------------
|               OPTIMIZING CANDIDATE TREE SET                      |
--------------------------------------------------------------------
Estimate model parameters (epsilon = 0.100)
BETTER TREE FOUND at iteration 30: -26436.245
Iteration 30 / LogL: -26436.245 / Time: 0h:0m:36s (0h:4m:12s left)
Estimate model parameters (epsilon = 0.100)
BETTER TREE FOUND at iteration 31: -26435.807
Iteration 40 / LogL: -26523.034 / Time: 0h:0m:47s (0h:3m:51s left)
Iteration 50 / LogL: -26436.637 / Time: 0h:0m:55s (0h:3m:26s left)
Log-likelihood cutoff on original alignment: -26481.885
Iteration 60 / LogL: -26492.714 / Time: 0h:1m:5s (0h:3m:10s left)
Iteration 70 / LogL: -26437.014 / Time: 0h:1m:15s (0h:2m:55s left)
Iteration 80 / LogL: -26538.109 / Time: 0h:1m:24s (0h:2m:42s left)
Iteration 90 / LogL: -26436.106 / Time: 0h:1m:34s (0h:2m:30s left)
Iteration 100 / LogL: -26436.778 / Time: 0h:1m:44s (0h:2m:18s left)
Log-likelihood cutoff on original alignment: -26481.885
NOTE: Bootstrap correlation coefficient of split occurrence frequencies: 1.000
Iteration 110 / LogL: -26436.027 / Time: 0h:1m:54s (0h:2m:6s left)
Iteration 120 / LogL: -26436.337 / Time: 0h:2m:4s (0h:1m:56s left)
Iteration 130 / LogL: -26436.702 / Time: 0h:2m:15s (0h:1m:45s left)
Iteration 140 / LogL: -26437.020 / Time: 0h:2m:24s (0h:1m:34s left)
Iteration 150 / LogL: -26435.821 / Time: 0h:2m:34s (0h:1m:23s left)
Log-likelihood cutoff on original alignment: -26481.885
Iteration 160 / LogL: -26437.298 / Time: 0h:2m:45s (0h:1m:13s left)
Iteration 170 / LogL: -26440.980 / Time: 0h:2m:55s (0h:1m:3s left)
Iteration 180 / LogL: -26436.612 / Time: 0h:3m:4s (0h:0m:52s left)
Iteration 190 / LogL: -26439.922 / Time: 0h:3m:14s (0h:0m:42s left)
Iteration 200 / LogL: -26436.177 / Time: 0h:3m:24s (0h:0m:31s left)
Log-likelihood cutoff on original alignment: -26478.932
NOTE: Bootstrap correlation coefficient of split occurrence frequencies: 0.999
Iteration 210 / LogL: -26436.002 / Time: 0h:3m:34s (0h:1m:32s left)
Iteration 220 / LogL: -26436.484 / Time: 0h:3m:44s (0h:1m:22s left)
Iteration 230 / LogL: -26436.318 / Time: 0h:3m:54s (0h:1m:11s left)
TREE SEARCH COMPLETED AFTER 232 ITERATIONS / Time: 0h:3m:56s

--------------------------------------------------------------------
|                    FINALIZING TREE SEARCH                        |
--------------------------------------------------------------------
Performs final model parameters optimization
Estimate model parameters (epsilon = 0.010)
1. Initial log-likelihood: -26435.807
Optimal log-likelihood: -26435.804
Proportion of invariable sites: 0.019
Gamma shape alpha: 1.233
Parameters optimization took 1 rounds (0.154 sec)
BEST SCORE FOUND : -26435.804
Creating bootstrap support values...
Split supports printed to NEXUS file results_broccoli_metc/alignments/OG_1508.iqtree.splits.nex
Total tree length: 47.702

Total number of iterations: 232
CPU time used for tree search: 458.977 sec (0h:7m:38s)
Wall-clock time used for tree search: 231.826 sec (0h:3m:51s)
Total CPU time used: 468.287 sec (0h:7m:48s)
Total wall-clock time used: 236.580 sec (0h:3m:56s)

Computing bootstrap consensus tree...
Reading input file results_broccoli_metc/alignments/OG_1508.iqtree.splits.nex...
61 taxa and 328 splits.
Consensus tree written to results_broccoli_metc/alignments/OG_1508.iqtree.contree
Reading input trees file results_broccoli_metc/alignments/OG_1508.iqtree.contree
Log-likelihood of consensus tree: -26435.975

Analysis results written to: 
  IQ-TREE report:                results_broccoli_metc/alignments/OG_1508.iqtree.iqtree
  Maximum-likelihood tree:       results_broccoli_metc/alignments/OG_1508.iqtree.treefile
  Likelihood distances:          results_broccoli_metc/alignments/OG_1508.iqtree.mldist

Ultrafast bootstrap approximation results written to:
  Split support values:          results_broccoli_metc/alignments/OG_1508.iqtree.splits.nex
  Consensus tree:                results_broccoli_metc/alignments/OG_1508.iqtree.contree
  Screen log file:               results_broccoli_metc/alignments/OG_1508.iqtree.log

Date and Time: Fri Jun  3 10:14:21 2022
