IQ-TREE multicore version 2.1.0 for Linux 64-bit built Jul 18 2020
Developed by Bui Quang Minh, James Barbetti, Nguyen Lam Tung,
Olga Chernomor, Heiko Schmidt, Dominik Schrempf, Michael Woodhams.

Host:    node-hp0414.linux.crg.es (AVX, 125 GB RAM)
Command: /users/asebe/xgraubove/Programes/iqtree-2.1.0-Linux/bin/iqtree2 -s results_broccoli_metc/alignments/OG_1.lt.fasta -m TEST -mset LG,WAG,JTT -nt AUTO -ntmax 2 -bb 1000 -pre results_broccoli_metc/alignments/OG_1.iqtree -nm 10000 -nstop 200 -cptime 1800
Seed:    321529 (Using SPRNG - Scalable Parallel Random Number Generator)
Time:    Fri Jun  3 11:21:29 2022
Kernel:  AVX - auto-detect threads (2 CPU cores detected)

Reading alignment file results_broccoli_metc/alignments/OG_1.lt.fasta ... Fasta format detected
Alignment most likely contains protein sequences
Alignment has 73 sequences with 481 columns, 475 distinct patterns
446 parsimony-informative, 0 singleton sites, 35 constant sites
                                                   Gap/Ambiguity  Composition  p-value
   1  Hsap_ENST00000602402                                 0.83%    passed     99.41%
   2  Ctel_gnl_WGS_AMQN_CAPTEDRAFT_mRNA228061              7.28%    passed     99.01%
   3  Cgig_XM_011432835.3                                  1.66%    passed     94.75%
   4  Acagra_model.g22001.t1                               1.04%    passed     89.93%
   5  Scil_scict001841.1                                   1.46%    passed     84.82%
   6  Lcom_lcpid6940                                       1.66%    passed     34.67%
   7  Leuniv_Lniv_C810586_01                               5.20%    passed     95.10%
   8  Gracom_Gcom_C554780_01                               1.25%    passed     98.13%
   9  Clacor_Ccor_scaffold4740_01                         60.08%    passed     37.06%
  10  Exapal_XM_021039525.2                                2.08%    passed     97.35%
  11  Nvec_v1g174406                                       2.70%    passed     95.46%
  12  Adig_XM_015892663.1                                  2.70%    passed     57.52%
  13  Gfas_gfas1.m1.15093.m1                               7.28%    passed     77.50%
  14  Fspp_ffun1.m4.24761.m1                               2.29%    passed     87.92%
  15  Spis_XP_022788655_1                                  1.87%    passed     94.14%
  16  Pocdam_XM_027203881.1                                1.87%    passed     99.51%
  17  Gasp_gasp1.m3.23109.m1                               5.41%    passed     90.54%
  18  Dgig_XM_028547594.1                                  3.12%    passed     96.94%
  19  Xesp_015759-T1                                       3.74%    passed     87.23%
  20  Aaur_scaffold226.g3.t1                              18.09%    passed     57.11%
  21  Nemnom_g17986.t1                                     1.66%    passed     86.20%
  22  Rhoesc_Res_007438-T1                                 1.66%    passed     84.86%
  23  Sanmal_Sma_015311-T1                                 5.61%    passed     72.95%
  24  Morvir_scaffold1.g240.t2                             2.08%    passed     99.48%
  25  Hvul_g5530_1                                         1.87%    passed     28.17%
  26  Chem_TCONS_00007078                                  1.66%    passed     93.36%
  27  Cscu_XM_023382418.1                                  7.07%    passed     95.03%
  28  Bralan_BLAG14000210_1                                0.62%    passed     24.43%
  29  Tadh_TriadT32828                                     2.08%    passed     95.16%
  30  TrH2_TrispH2_008110-RA                               2.08%    passed     89.59%
  31  HoiH06_mRNA12641                                     2.29%    passed     64.43%
  32  HoiH23_PlH23_004943-RA                               4.37%    passed     70.54%
  33  Hhon_g05565.t1                                       2.08%    passed     72.55%
  34  HoiH04_mRNA15920                                     2.08%    passed     69.74%
  35  HoiH11_mRNA5046                                     12.68%    passed     71.99%
  36  Plespi_Pspi_C608308_01                               2.29%    passed     89.82%
  37  Dpul_mRNA28523                                       2.29%    passed     89.18%
  38  Mlei_ML0697.g1.i1                                   11.23%    passed     49.55%
  39  Pbac_sb2667769                                      48.86%    passed     65.20%
  40  Horcal_Hcv1.av93.c13.g652.i1                         3.95%    passed     92.91%
  41  Bolinf_Binf_sb1245967                                7.28%    passed     48.10%
  42  Mertsp_Mesp_sb587836                                11.85%    passed     54.63%
  43  Beraby_Baby_sb343225                                 5.20%    passed     33.35%
  44  Lampan_Lpan_9478_01                                 45.32%    passed     66.78%
  45  Drygla_Dgla_sb298488                                17.05%    passed     45.44%
  46  Vmul_SimC398226                                      6.03%    passed     91.96%
  47  Coemet_Cmet_scaffold19985_01                         5.41%    passed     97.28%
  48  Eupdun_Edun_sb10648705                               4.16%    passed     79.26%
  49  Aque_Aqu2.1.16047_001                                3.95%    passed     43.02%
  50  Halamb_c53405_g1_i4mm.5168                           3.12%    passed     82.74%
  51  Emue_Em0001g1059a.t1                                 2.08%    passed     68.35%
  52  Spolac_c101796_g1_i1_m.26800c101796-g1               2.49%    passed     60.52%
  53  Tetwil_g6044.t1                                      2.70%    passed     97.98%
  54  Tcas_TC002097_001                                    2.91%    passed     85.55%
  55  Spur_XM_030981581.1                                  1.46%    passed     63.26%
  56  Skow_XM_006823230.1                                 13.31%    passed     89.39%
  57  Mbre_EDQ91297                                        4.37%    failed      3.20%
  58  Choper_EP00045_Choanoeca_perplexa_P007875            3.53%    passed     19.18%
  59  Chofle_EP00730_Choanoeca_flexa_P011177               3.53%    failed      4.13%
  60  Salinf_EP00049_Salpingoeca_infusionum_P000337        4.99%    passed     66.21%
  61  Sros_EGD80829                                        4.37%    passed     27.89%
  62  Microa_EP00043_Microstomoeca_roanoka_P017755         3.33%    passed     66.45%
  63  Salkve_EP00050_Salpingoeca_kvevrii_P008188           3.74%    passed     26.31%
  64  Saldol_EP00054_Salpingoeca_dolichothecata_P037188    6.44%    passed     86.73%
  65  Salurc_EP00051_Salpingoeca_urceolata_P033500         6.44%    passed     16.20%
  66  Acaspe_EP00035_Acanthoeca_spectabilis_P000990        3.33%    passed     62.92%
  67  Helnan_EP00037_Helgoeca_nana_P032793                 4.37%    passed     94.90%
  68  Stedip_EP00041_Stephanoeca_diplocostata_P008263      4.99%    passed     87.95%
  69  Diagra_EP00040_Diaphanoeca_grandis_P033454           4.57%    passed     99.24%
  70  Didcos_EP00039_Didymoeca_costata_P018686             3.53%    passed     76.92%
  71  Salmac_EP00052_Salpingoeca_macrocollata_P023722      4.57%    passed      6.37%
  72  Salpun_EP00053_Salpingoeca_punica_P019735            2.70%    passed      7.65%
  73  Codhol_EP00042_Codosiga_hollandica_P058611           5.61%    passed     91.19%
WARNING: 1 sequences contain more than 50% gaps/ambiguity
****  TOTAL                                                6.29%  2 sequences failed composition chi2 test (p-value<5%; df=19)


Create initial parsimony tree by phylogenetic likelihood library (PLL)... 0.028 seconds
Measuring multi-threading efficiency up to 2 CPU cores
Increase to 10 rounds for branch lengths
3 trees examined
Threads: 1 / Time: 2.640 sec / Speedup: 1.000 / Efficiency: 100% / LogL: -52964
Threads: 2 / Time: 1.348 sec / Speedup: 1.958 / Efficiency: 98% / LogL: -52964
BEST NUMBER OF THREADS: 2

Perform fast likelihood tree search using LG+I+G model...
Estimate model parameters (epsilon = 5.000)
Perform nearest neighbor interchange...
Estimate model parameters (epsilon = 1.000)
1. Initial log-likelihood: -38275.417
Optimal log-likelihood: -38275.401
Proportion of invariable sites: 0.070
Gamma shape alpha: 1.390
Parameters optimization took 1 rounds (0.174 sec)
Time for fast ML tree search: 2.126 seconds

NOTE: ModelFinder requires 24 MB RAM!
ModelFinder will test up to 24 protein models (sample size: 481) ...
 No. Model         -LnL         df  AIC          AICc         BIC
  1  LG            40223.873    143 80733.747    80855.954    81330.896
  2  LG+I          39671.914    144 79631.827    79756.113    80233.152
  3  LG+G4         38331.789    144 76951.578    77075.863    77552.903
  4  LG+I+G4       38275.403    145 76840.805    76967.193    77446.306
  8  LG+F+I+G4     38342.851    164 77013.702    77184.968    77698.544
 12  WAG+I+G4      38516.473    145 77322.947    77449.335    77928.448
 16  WAG+F+I+G4    38634.190    164 77596.381    77767.647    78281.223
 20  JTT+I+G4      38696.484    145 77682.969    77809.357    78288.469
 24  JTT+F+I+G4    38661.864    164 77651.727    77822.993    78336.569
Akaike Information Criterion:           LG+I+G4
Corrected Akaike Information Criterion: LG+I+G4
Bayesian Information Criterion:         LG+I+G4
Best-fit model: LG+I+G4 chosen according to BIC

All model information printed to results_broccoli_metc/alignments/OG_1.iqtree.model.gz
CPU time for ModelFinder: 18.269 seconds (0h:0m:18s)
Wall-clock time for ModelFinder: 10.458 seconds (0h:0m:10s)
Generating 1000 samples for ultrafast bootstrap (seed: 321529)...

NOTE: 24 MB RAM (0 GB) is required!
Estimate model parameters (epsilon = 0.100)
Thoroughly optimizing +I+G parameters from 10 start values...
Init pinv, alpha: 0.000, 1.390 / Estimate: 0.070, 1.392 / LogL: -38275.404
Init pinv, alpha: 0.008, 1.390 / Estimate: 0.069, 1.390 / LogL: -38275.419
Init pinv, alpha: 0.016, 1.390 / Estimate: 0.069, 1.390 / LogL: -38275.406
Init pinv, alpha: 0.024, 1.390 / Estimate: 0.070, 1.392 / LogL: -38275.406
Init pinv, alpha: 0.032, 1.390 / Estimate: 0.070, 1.392 / LogL: -38275.404
Init pinv, alpha: 0.040, 1.390 / Estimate: 0.070, 1.392 / LogL: -38275.406
Init pinv, alpha: 0.049, 1.390 / Estimate: 0.069, 1.390 / LogL: -38275.409
Init pinv, alpha: 0.057, 1.390 / Estimate: 0.069, 1.390 / LogL: -38275.409
Init pinv, alpha: 0.065, 1.390 / Estimate: 0.070, 1.390 / LogL: -38275.403
Init pinv, alpha: 0.073, 1.390 / Estimate: 0.070, 1.393 / LogL: -38275.402
Optimal pinv,alpha: 0.070, 1.393 / LogL: -38275.402

Parameters optimization took 6.816 sec
Computing ML distances based on estimated model parameters...
Computing ML distances took 0.336972 sec (of wall-clock time) 0.673828 sec(of CPU time)
Computing RapidNJ tree took 0.001000 sec (of wall-clock time) 0.000989 sec (of CPU time)
Log-likelihood of RapidNJ tree: -38310.430
--------------------------------------------------------------------
|             INITIALIZING CANDIDATE TREE SET                      |
--------------------------------------------------------------------
Generating 98 parsimony trees... 2.368 second
Computing log-likelihood of 98 initial trees ... 5.293 seconds
Current best score: -38275.402

Do NNI search on 20 best initial trees
Estimate model parameters (epsilon = 0.100)
BETTER TREE FOUND at iteration 1: -38275.401
Estimate model parameters (epsilon = 0.100)
BETTER TREE FOUND at iteration 6: -38271.731
Iteration 10 / LogL: -38278.683 / Time: 0h:0m:22s
Estimate model parameters (epsilon = 0.100)
BETTER TREE FOUND at iteration 15: -38269.470
Iteration 20 / LogL: -38272.340 / Time: 0h:0m:29s
Finish initializing candidate tree set (18)
Current best tree score: -38269.470 / CPU time: 22.119
Number of iterations: 20
--------------------------------------------------------------------
|               OPTIMIZING CANDIDATE TREE SET                      |
--------------------------------------------------------------------
Estimate model parameters (epsilon = 0.100)
BETTER TREE FOUND at iteration 23: -38269.242
Estimate model parameters (epsilon = 0.100)
BETTER TREE FOUND at iteration 24: -38267.966
Iteration 30 / LogL: -38268.013 / Time: 0h:0m:40s (0h:4m:32s left)
Estimate model parameters (epsilon = 0.100)
BETTER TREE FOUND at iteration 33: -38266.643
Iteration 40 / LogL: -38300.272 / Time: 0h:0m:52s (0h:4m:17s left)
Iteration 50 / LogL: -38266.845 / Time: 0h:1m:2s (0h:3m:53s left)
Log-likelihood cutoff on original alignment: -38320.090
Estimate model parameters (epsilon = 0.100)
BETTER TREE FOUND at iteration 52: -38264.557
Iteration 60 / LogL: -38268.114 / Time: 0h:1m:14s (0h:4m:2s left)
Estimate model parameters (epsilon = 0.100)
BETTER TREE FOUND at iteration 61: -38264.367
Iteration 70 / LogL: -38267.001 / Time: 0h:1m:24s (0h:3m:54s left)
Iteration 80 / LogL: -38267.189 / Time: 0h:1m:35s (0h:3m:38s left)
Iteration 90 / LogL: -38264.924 / Time: 0h:1m:45s (0h:3m:23s left)
Iteration 100 / LogL: -38268.146 / Time: 0h:1m:56s (0h:3m:9s left)
Log-likelihood cutoff on original alignment: -38320.618
NOTE: Bootstrap correlation coefficient of split occurrence frequencies: 0.995
Iteration 110 / LogL: -38264.511 / Time: 0h:2m:7s (0h:2m:56s left)
Iteration 120 / LogL: -38264.675 / Time: 0h:2m:18s (0h:2m:43s left)
Iteration 130 / LogL: -38266.969 / Time: 0h:2m:28s (0h:2m:31s left)
Iteration 140 / LogL: -38264.784 / Time: 0h:2m:39s (0h:2m:18s left)
Iteration 150 / LogL: -38265.705 / Time: 0h:2m:50s (0h:2m:6s left)
Log-likelihood cutoff on original alignment: -38320.618
Iteration 160 / LogL: -38265.370 / Time: 0h:3m:1s (0h:1m:55s left)
Iteration 170 / LogL: -38267.086 / Time: 0h:3m:12s (0h:1m:43s left)
Iteration 180 / LogL: -38267.062 / Time: 0h:3m:22s (0h:1m:31s left)
Iteration 190 / LogL: -38267.311 / Time: 0h:3m:33s (0h:1m:20s left)
Iteration 200 / LogL: -38278.816 / Time: 0h:3m:44s (0h:1m:8s left)
Log-likelihood cutoff on original alignment: -38320.090
NOTE: Bootstrap correlation coefficient of split occurrence frequencies: 0.998
Iteration 210 / LogL: -38275.642 / Time: 0h:3m:55s (0h:1m:41s left)
Iteration 220 / LogL: -38271.688 / Time: 0h:4m:6s (0h:1m:30s left)
Iteration 230 / LogL: -38269.645 / Time: 0h:4m:17s (0h:1m:18s left)
Iteration 240 / LogL: -38269.269 / Time: 0h:4m:27s (0h:1m:7s left)
Iteration 250 / LogL: -38292.053 / Time: 0h:4m:38s (0h:0m:55s left)
Log-likelihood cutoff on original alignment: -38320.090
Iteration 260 / LogL: -38267.073 / Time: 0h:4m:48s (0h:0m:44s left)
TREE SEARCH COMPLETED AFTER 262 ITERATIONS / Time: 0h:4m:50s

--------------------------------------------------------------------
|                    FINALIZING TREE SEARCH                        |
--------------------------------------------------------------------
Performs final model parameters optimization
Estimate model parameters (epsilon = 0.010)
1. Initial log-likelihood: -38264.367
Optimal log-likelihood: -38264.366
Proportion of invariable sites: 0.070
Gamma shape alpha: 1.402
Parameters optimization took 1 rounds (0.172 sec)
BEST SCORE FOUND : -38264.366
Creating bootstrap support values...
Split supports printed to NEXUS file results_broccoli_metc/alignments/OG_1.iqtree.splits.nex
Total tree length: 26.735

Total number of iterations: 262
CPU time used for tree search: 560.478 sec (0h:9m:20s)
Wall-clock time used for tree search: 282.439 sec (0h:4m:42s)
Total CPU time used: 576.376 sec (0h:9m:36s)
Total wall-clock time used: 290.494 sec (0h:4m:50s)

Computing bootstrap consensus tree...
Reading input file results_broccoli_metc/alignments/OG_1.iqtree.splits.nex...
73 taxa and 349 splits.
Consensus tree written to results_broccoli_metc/alignments/OG_1.iqtree.contree
Reading input trees file results_broccoli_metc/alignments/OG_1.iqtree.contree
Log-likelihood of consensus tree: -38264.933

Analysis results written to: 
  IQ-TREE report:                results_broccoli_metc/alignments/OG_1.iqtree.iqtree
  Maximum-likelihood tree:       results_broccoli_metc/alignments/OG_1.iqtree.treefile
  Likelihood distances:          results_broccoli_metc/alignments/OG_1.iqtree.mldist

Ultrafast bootstrap approximation results written to:
  Split support values:          results_broccoli_metc/alignments/OG_1.iqtree.splits.nex
  Consensus tree:                results_broccoli_metc/alignments/OG_1.iqtree.contree
  Screen log file:               results_broccoli_metc/alignments/OG_1.iqtree.log

Date and Time: Fri Jun  3 11:26:30 2022
