IQ-TREE multicore version 2.1.0 for Linux 64-bit built Jul 18 2020
Developed by Bui Quang Minh, James Barbetti, Nguyen Lam Tung,
Olga Chernomor, Heiko Schmidt, Dominik Schrempf, Michael Woodhams.

Host:    node-hp0103.linux.crg.es (AVX, 125 GB RAM)
Command: /users/asebe/xgraubove/Programes/iqtree-2.1.0-Linux/bin/iqtree2 -s results_broccoli_metc/alignments/OG_25.lt.fasta -m TEST -mset LG,WAG,JTT -nt AUTO -ntmax 2 -bb 1000 -pre results_broccoli_metc/alignments/OG_25.iqtree -nm 10000 -nstop 200 -cptime 1800
Seed:    933889 (Using SPRNG - Scalable Parallel Random Number Generator)
Time:    Fri Jun  3 12:34:41 2022
Kernel:  AVX - auto-detect threads (2 CPU cores detected)

Reading alignment file results_broccoli_metc/alignments/OG_25.lt.fasta ... Fasta format detected
Alignment most likely contains protein sequences
Alignment has 59 sequences with 410 columns, 410 distinct patterns
390 parsimony-informative, 0 singleton sites, 20 constant sites
                                                        Gap/Ambiguity  Composition  p-value
   1  Spur_XM_030978055.1                                       1.22%    passed     76.88%
   2  Skow_XM_006823755.1                                       1.71%    failed      3.91%
   3  Dpul_mRNA27189                                            1.22%    passed     91.36%
   4  Cgig_XM_011439957.3                                       1.46%    passed     90.68%
   5  Aaur_scaffold195.g11.t1                                  60.49%    passed     96.08%
   6  Nemnom_g18009.t1                                         18.29%    passed     20.47%
   7  Rhoesc_Res_007695-T1                                     19.51%    passed     48.59%
   8  Nvec_v1g186301                                            3.41%    passed     98.20%
   9  Adig_XM_015918406.1                                      79.27%    passed     97.39%
  10  Gfas_gfas1.m1.13287.m1                                    3.41%    passed     99.97%
  11  Fspp_ffun1.m4.26284.m1                                   11.95%    passed    100.00%
  12  Spis_XP_022802144_1                                       2.20%    passed     98.28%
  13  Pocdam_XM_027198319.1                                     3.66%    passed     76.68%
  14  Gasp_gasp1.m3.10947.m1                                   27.32%    passed     78.40%
  15  Amil_Amillepora32568-RA                                  26.83%    passed     90.15%
  16  Ocar_g5199                                               16.10%    passed      9.36%
  17  Opea_EP00118_Oscarella_pearsei_P021122                    2.20%    passed     55.07%
  18  Exapal_XM_021046708.2                                     4.39%    passed     97.41%
  19  Morvir_scaffold84.g22.t1                                  3.41%    passed     93.93%
  20  Emue_Em0001g1442a.t1                                     13.90%    passed     65.36%
  21  Spolac_c101620_g1_i1_m.26214c101620-g1                    2.44%    passed     48.09%
  22  Stycar_maker-SC_scaffold5622-augustus-gene-0.6-mRNA-1    71.46%    passed     33.88%
  23  Dgig_XM_028562597.1                                       4.39%    passed     99.61%
  24  Xesp_015271-T1                                            5.37%    passed     98.42%
  25  Scil_scict010189.1                                        0.49%    passed     13.42%
  26  Leuniv_Lniv_scaffold20469_01                             61.22%    passed     39.66%
  27  Lcom_lcpid67711                                           0.98%    passed      6.74%
  28  Clacor_Ccor_C519337_01                                   57.32%    passed     43.50%
  29  Tcas_TC008817_001                                         2.68%    passed     90.42%
  30  Cscu_XM_023368602.1                                      23.66%    passed      5.35%
  31  Hvul_g991_1                                               5.61%    passed     84.44%
  32  Chem_TCONS_00005128                                       4.88%    passed     90.37%
  33  Mlei_ML1046.g9.i1                                         4.88%    passed     99.88%
  34  Bolinf_Binf_sb1263659                                     3.66%    passed     99.24%
  35  Beraby_Baby_sb335054                                      9.27%    passed     97.94%
  36  Pbac_sb2664710                                            9.51%    passed     95.53%
  37  Horcal_Hcv1.av93.c5.g520.i1                               3.90%    passed     96.98%
  38  Vmul_SimC400388                                           2.68%    passed     73.36%
  39  Coeast_Cast_sb758629                                     66.34%    passed     82.99%
  40  Coemet_Cmet_C597099_01                                    3.41%    passed     76.80%
  41  Mertsp_Mesp_sb591489                                     19.27%    passed     99.16%
  42  Lampan_Lpan_C416233_01                                    2.68%    passed     60.30%
  43  Eupdun_Edun_sb10642387                                    9.76%    passed     87.81%
  44  Aque_Aqu2.1.20813_001                                    27.07%    passed     75.32%
  45  Halamb_c46044_g1_i2m.19931                                3.66%    passed     97.31%
  46  Xestes_maker-XT_scaffold14950-augustus-gene-0.5-mRNA-1   76.59%    passed     63.32%
  47  Tadh_TriadT63291                                          7.80%    passed     93.58%
  48  TrH2_TrispH2_004366-RA                                    1.46%    passed     94.09%
  49  HoiH06_mRNA1204                                           8.29%    passed     25.53%
  50  HoiH23_PlH23_006142-RA                                    0.73%    passed     33.29%
  51  Hhon_g07993.t1                                            1.46%    passed     89.56%
  52  HoiH04_mRNA17840                                          0.73%    passed     92.50%
  53  HoiH11_mRNA4943                                           0.98%    passed     47.32%
  54  Ctel_gnl_WGS_AMQN_CAPTEDRAFT_mRNA178707                   3.17%    passed     88.02%
  55  Sanmal_Sma_015617-T1                                     34.63%    passed     70.77%
  56  Saldol_EP00054_Salpingoeca_dolichothecata_P022800         2.44%    passed     81.77%
  57  Codhol_EP00042_Codosiga_hollandica_P025833                2.44%    passed     64.79%
  58  Tetwil_g25541.t2                                         42.20%    passed     22.36%
  59  Acagra_model.g25188.t1                                   26.59%    failed      0.01%
WARNING: 7 sequences contain more than 50% gaps/ambiguity
****  TOTAL                                                    15.56%  2 sequences failed composition chi2 test (p-value<5%; df=19)


Create initial parsimony tree by phylogenetic likelihood library (PLL)... 0.023 seconds
Measuring multi-threading efficiency up to 2 CPU cores
Increase to 10 rounds for branch lengths
4 trees examined
Threads: 1 / Time: 2.418 sec / Speedup: 1.000 / Efficiency: 100% / LogL: -34954
Threads: 2 / Time: 1.358 sec / Speedup: 1.780 / Efficiency: 89% / LogL: -34954
BEST NUMBER OF THREADS: 2

Perform fast likelihood tree search using LG+I+G model...
Estimate model parameters (epsilon = 5.000)
Perform nearest neighbor interchange...
Estimate model parameters (epsilon = 1.000)
1. Initial log-likelihood: -26994.185
Optimal log-likelihood: -26994.097
Proportion of invariable sites: 0.044
Gamma shape alpha: 1.464
Parameters optimization took 1 rounds (0.127 sec)
Time for fast ML tree search: 1.721 seconds

NOTE: ModelFinder requires 17 MB RAM!
ModelFinder will test up to 24 protein models (sample size: 410) ...
 No. Model         -LnL         df  AIC          AICc         BIC
  1  LG            28198.108    115 56626.216    56716.964    57088.074
  2  LG+I          27959.137    116 56150.274    56242.916    56616.149
  3  LG+G4         27019.573    116 54271.146    54363.787    54737.020
  4  LG+I+G4       26994.095    117 54222.190    54316.752    54692.080
  8  LG+F+I+G4     26935.935    136 54143.870    54280.368    54690.067
 12  WAG+I+G4      27135.299    117 54504.597    54599.159    54974.488
 16  WAG+F+I+G4    27070.532    136 54413.065    54549.563    54959.262
 20  JTT+I+G4      27292.457    117 54818.914    54913.476    55288.805
 24  JTT+F+I+G4    27180.907    136 54633.813    54770.311    55180.011
Akaike Information Criterion:           LG+F+I+G4
Corrected Akaike Information Criterion: LG+F+I+G4
Bayesian Information Criterion:         LG+F+I+G4
Best-fit model: LG+F+I+G4 chosen according to BIC

All model information printed to results_broccoli_metc/alignments/OG_25.iqtree.model.gz
CPU time for ModelFinder: 16.130 seconds (0h:0m:16s)
Wall-clock time for ModelFinder: 9.265 seconds (0h:0m:9s)
Generating 1000 samples for ultrafast bootstrap (seed: 933889)...

NOTE: 17 MB RAM (0 GB) is required!
Estimate model parameters (epsilon = 0.100)
Thoroughly optimizing +I+G parameters from 10 start values...
Init pinv, alpha: 0.000, 1.414 / Estimate: 0.044, 1.413 / LogL: -26935.939
Init pinv, alpha: 0.005, 1.414 / Estimate: 0.044, 1.414 / LogL: -26935.936
Init pinv, alpha: 0.011, 1.414 / Estimate: 0.043, 1.414 / LogL: -26935.948
Init pinv, alpha: 0.016, 1.414 / Estimate: 0.043, 1.415 / LogL: -26935.954
Init pinv, alpha: 0.022, 1.414 / Estimate: 0.044, 1.415 / LogL: -26935.944
Init pinv, alpha: 0.027, 1.414 / Estimate: 0.043, 1.413 / LogL: -26935.950
Init pinv, alpha: 0.033, 1.414 / Estimate: 0.043, 1.414 / LogL: -26935.939
Init pinv, alpha: 0.038, 1.414 / Estimate: 0.044, 1.414 / LogL: -26935.932
Init pinv, alpha: 0.043, 1.414 / Estimate: 0.044, 1.414 / LogL: -26935.929
Init pinv, alpha: 0.049, 1.414 / Estimate: 0.044, 1.413 / LogL: -26935.927
Optimal pinv,alpha: 0.044, 1.413 / LogL: -26935.927

Parameters optimization took 4.712 sec
Computing ML distances based on estimated model parameters...
Computing ML distances took 0.230542 sec (of wall-clock time) 0.460822 sec(of CPU time)
WARNING: Some pairwise ML distances are too long (saturated)
Computing RapidNJ tree took 0.000769 sec (of wall-clock time) 0.000536 sec (of CPU time)
Log-likelihood of RapidNJ tree: -27176.921
--------------------------------------------------------------------
|             INITIALIZING CANDIDATE TREE SET                      |
--------------------------------------------------------------------
Generating 98 parsimony trees... 2.103 second
Computing log-likelihood of 98 initial trees ... 3.952 seconds
Current best score: -26935.927

Do NNI search on 20 best initial trees
Estimate model parameters (epsilon = 0.100)
BETTER TREE FOUND at iteration 1: -26935.927
Estimate model parameters (epsilon = 0.100)
BETTER TREE FOUND at iteration 2: -26925.370
Iteration 10 / LogL: -26944.671 / Time: 0h:0m:18s
Estimate model parameters (epsilon = 0.100)
BETTER TREE FOUND at iteration 14: -26921.221
Iteration 20 / LogL: -26944.366 / Time: 0h:0m:26s
Finish initializing candidate tree set (19)
Current best tree score: -26921.221 / CPU time: 21.415
Number of iterations: 20
--------------------------------------------------------------------
|               OPTIMIZING CANDIDATE TREE SET                      |
--------------------------------------------------------------------
Estimate model parameters (epsilon = 0.100)
BETTER TREE FOUND at iteration 22: -26917.642
Iteration 30 / LogL: -26917.997 / Time: 0h:0m:35s (0h:3m:58s left)
Estimate model parameters (epsilon = 0.100)
BETTER TREE FOUND at iteration 36: -26917.441
Iteration 40 / LogL: -26919.674 / Time: 0h:0m:44s (0h:3m:43s left)
Estimate model parameters (epsilon = 0.100)
BETTER TREE FOUND at iteration 42: -26916.965
Iteration 50 / LogL: -26917.984 / Time: 0h:0m:53s (0h:3m:28s left)
Log-likelihood cutoff on original alignment: -26978.487
Iteration 60 / LogL: -26917.992 / Time: 0h:1m:1s (0h:3m:8s left)
Iteration 70 / LogL: -26918.233 / Time: 0h:1m:9s (0h:2m:54s left)
Iteration 80 / LogL: -26919.497 / Time: 0h:1m:17s (0h:2m:39s left)
Iteration 90 / LogL: -26917.011 / Time: 0h:1m:26s (0h:2m:28s left)
Iteration 100 / LogL: -26917.388 / Time: 0h:1m:34s (0h:2m:16s left)
Log-likelihood cutoff on original alignment: -26978.487
NOTE: Bootstrap correlation coefficient of split occurrence frequencies: 0.999
Iteration 110 / LogL: -26917.804 / Time: 0h:1m:43s (0h:2m:5s left)
Iteration 120 / LogL: -26931.435 / Time: 0h:1m:51s (0h:1m:54s left)
Iteration 130 / LogL: -26922.149 / Time: 0h:2m:0s (0h:1m:44s left)
Iteration 140 / LogL: -26917.028 / Time: 0h:2m:8s (0h:1m:34s left)
Iteration 150 / LogL: -26917.195 / Time: 0h:2m:16s (0h:1m:24s left)
Log-likelihood cutoff on original alignment: -26966.656
Iteration 160 / LogL: -26917.820 / Time: 0h:2m:25s (0h:1m:14s left)
Iteration 170 / LogL: -26918.209 / Time: 0h:2m:33s (0h:1m:5s left)
Iteration 180 / LogL: -26917.989 / Time: 0h:2m:41s (0h:0m:55s left)
Iteration 190 / LogL: -26916.975 / Time: 0h:2m:50s (0h:0m:47s left)
Iteration 200 / LogL: -26917.977 / Time: 0h:2m:59s (0h:0m:37s left)
Log-likelihood cutoff on original alignment: -26966.295
NOTE: Bootstrap correlation coefficient of split occurrence frequencies: 1.000
Iteration 210 / LogL: -26925.416 / Time: 0h:3m:8s (0h:1m:21s left)
Iteration 220 / LogL: -26929.872 / Time: 0h:3m:17s (0h:1m:12s left)
Iteration 230 / LogL: -26917.354 / Time: 0h:3m:26s (0h:1m:3s left)
Iteration 240 / LogL: -26918.917 / Time: 0h:3m:35s (0h:0m:54s left)
TREE SEARCH COMPLETED AFTER 243 ITERATIONS / Time: 0h:3m:38s

--------------------------------------------------------------------
|                    FINALIZING TREE SEARCH                        |
--------------------------------------------------------------------
Performs final model parameters optimization
Estimate model parameters (epsilon = 0.010)
1. Initial log-likelihood: -26916.965
Optimal log-likelihood: -26916.954
Proportion of invariable sites: 0.044
Gamma shape alpha: 1.406
Parameters optimization took 1 rounds (0.128 sec)
BEST SCORE FOUND : -26916.954
Creating bootstrap support values...
Split supports printed to NEXUS file results_broccoli_metc/alignments/OG_25.iqtree.splits.nex
Total tree length: 29.817

Total number of iterations: 243
CPU time used for tree search: 421.656 sec (0h:7m:1s)
Wall-clock time used for tree search: 212.674 sec (0h:3m:32s)
Total CPU time used: 432.875 sec (0h:7m:12s)
Total wall-clock time used: 218.371 sec (0h:3m:38s)

Computing bootstrap consensus tree...
Reading input file results_broccoli_metc/alignments/OG_25.iqtree.splits.nex...
59 taxa and 488 splits.
Consensus tree written to results_broccoli_metc/alignments/OG_25.iqtree.contree
Reading input trees file results_broccoli_metc/alignments/OG_25.iqtree.contree
Log-likelihood of consensus tree: -26918.066

Analysis results written to: 
  IQ-TREE report:                results_broccoli_metc/alignments/OG_25.iqtree.iqtree
  Maximum-likelihood tree:       results_broccoli_metc/alignments/OG_25.iqtree.treefile
  Likelihood distances:          results_broccoli_metc/alignments/OG_25.iqtree.mldist

Ultrafast bootstrap approximation results written to:
  Split support values:          results_broccoli_metc/alignments/OG_25.iqtree.splits.nex
  Consensus tree:                results_broccoli_metc/alignments/OG_25.iqtree.contree
  Screen log file:               results_broccoli_metc/alignments/OG_25.iqtree.log

Date and Time: Fri Jun  3 12:38:30 2022
