IQ-TREE multicore version 2.1.0 for Linux 64-bit built Jul 18 2020
Developed by Bui Quang Minh, James Barbetti, Nguyen Lam Tung,
Olga Chernomor, Heiko Schmidt, Dominik Schrempf, Michael Woodhams.

Host:    node-hp0506.linux.crg.es (AVX, 125 GB RAM)
Command: /users/asebe/xgraubove/Programes/iqtree-2.1.0-Linux/bin/iqtree2 -s results_broccoli_metc/alignments/OG_2981.lt.fasta -m TEST -mset LG,WAG,JTT -nt AUTO -ntmax 2 -bb 1000 -pre results_broccoli_metc/alignments/OG_2981.iqtree -nm 10000 -nstop 200 -cptime 1800
Seed:    187187 (Using SPRNG - Scalable Parallel Random Number Generator)
Time:    Fri Jun  3 13:08:42 2022
Kernel:  AVX - auto-detect threads (2 CPU cores detected)

Reading alignment file results_broccoli_metc/alignments/OG_2981.lt.fasta ... Fasta format detected
Alignment most likely contains protein sequences
Alignment has 57 sequences with 537 columns, 535 distinct patterns
525 parsimony-informative, 0 singleton sites, 12 constant sites
                                                        Gap/Ambiguity  Composition  p-value
   1  Hsap_ENST00000379504                                     13.41%    passed     61.07%
   2  Bralan_BLAG09000455_2                                     3.72%    passed     66.76%
   3  Tcas_TC003525_001                                        17.13%    passed     43.85%
   4  Dpul_mRNA15657                                           52.51%    passed     68.72%
   5  Cscu_XM_023387385.1                                      16.57%    passed     81.41%
   6  Cgig_XM_011454286.3                                       9.87%    passed     98.05%
   7  Acagra_model.g4543.t1                                    10.43%    passed     70.42%
   8  Ctel_gnl_WGS_AMQN_CAPTEDRAFT_mRNA174498                  13.78%    passed     77.52%
   9  Exapal_XM_021058472.2                                     9.68%    passed     90.20%
  10  Nvec_v1g100273                                            8.38%    passed     90.69%
  11  Adig_XM_015922555.1                                      11.55%    passed     71.46%
  12  Amil_Amillepora14747-RA                                  15.83%    passed     63.12%
  13  Gfas_gfas1.m1.4780.m1                                    18.06%    passed     95.73%
  14  Fspp_ffun1.m4.1725.m1                                    10.06%    passed     99.34%
  15  Gasp_gasp1.m3.24195.m1                                   23.09%    passed     99.06%
  16  Spis_XP_022785016_1                                       9.87%    passed     97.72%
  17  Pocdam_XM_027183534.1                                    38.18%    passed     45.25%
  18  Spur_XM_030984499.1                                       5.59%    passed     95.58%
  19  Skow_XM_006821754.1                                       9.68%    passed     97.96%
  20  Chem_TCONS_00046788                                      13.97%    passed     84.44%
  21  Nemnom_g7444.t1                                          13.97%    passed     96.08%
  22  Rhoesc_Res_013974-T1                                     14.53%    passed     89.48%
  23  Sanmal_Sma_012669-T1                                     12.85%    passed     77.89%
  24  Dgig_XM_028539727.1                                      10.43%    passed     49.93%
  25  Xesp_018686-T1                                           16.20%    passed     48.09%
  26  Aque_Aqu2.1.43468_001                                    11.55%    passed     41.04%
  27  Xestes_maker-XT_scaffold4268-augustus-gene-0.36-mRNA-1   16.76%    passed     21.96%
  28  Halamb_c45026_g1_i1m.18353                               14.34%    passed     46.30%
  29  Emue_Em0020g1053a.t1                                     11.92%    passed     98.70%
  30  Spolac_c103510_g1_i2_m.34634c103510-g1                   10.43%    passed     74.86%
  31  Tetwil_g4041.t1                                           8.19%    passed     27.74%
  32  Stycar_maker-SC_scaffold7233-augustus-gene-0.35-mRNA-1   65.18%    passed     24.62%
  33  Plespi_Pspi_scaffold14168_01                             42.46%    passed     60.76%
  34  Hvul_g32537_1                                            13.59%    passed      6.24%
  35  Ocar_g4447                                                7.82%    passed     79.76%
  36  Opea_EP00118_Oscarella_pearsei_P028517                    7.26%    passed     90.46%
  37  Plajan_Pjan_scaffold17512_01                             40.22%    passed     20.60%
  38  Lcom_lcpid47210                                           5.59%    failed      2.00%
  39  Clacor_Ccor_C504451_01                                   72.63%    passed     64.76%
  40  Tadh_TriadT63602                                          9.31%    passed     38.43%
  41  TrH2_TrispH2_004221-RA                                    8.01%    passed     38.39%
  42  Hhon_g03474.t1                                            6.15%    failed      3.55%
  43  HoiH04_mRNA9953                                           7.08%    failed      1.01%
  44  HoiH23_PlH23_002872-RA                                    6.70%    failed      1.47%
  45  Salpun_EP00053_Salpingoeca_punica_P019564                78.40%    failed      0.55%
  46  Scil_scict020131.1                                       15.08%    passed     25.44%
  47  Leuniv_Lniv_scaffold1950_01                              13.22%    failed      3.36%
  48  Saldol_EP00054_Salpingoeca_dolichothecata_P028563         2.23%    passed      6.56%
  49  Mlei_ML0135.g1.i1                                         8.75%    passed     28.05%
  50  Beraby_Baby_sb344384                                     10.43%    passed     42.63%
  51  Lampan_Lpan_8357_01                                      14.34%    passed     22.02%
  52  Vmul_Simscaffold13397_01                                 15.64%    failed      1.17%
  53  Coeast_Cast_sb823161                                     32.96%    passed     60.18%
  54  Coemet_Cmet_scaffold12240_01                             31.47%    passed     73.26%
  55  Pbac_sb2653708                                           19.37%    passed     50.45%
  56  Eupdun_Edun_sb10645358                                   56.61%    passed      8.71%
  57  Gracom_Gcom_scaffold18373_01                             44.32%    failed      0.20%
WARNING: 5 sequences contain more than 50% gaps/ambiguity
****  TOTAL                                                    19.08%  8 sequences failed composition chi2 test (p-value<5%; df=19)


Create initial parsimony tree by phylogenetic likelihood library (PLL)... 0.021 seconds
Measuring multi-threading efficiency up to 2 CPU cores
Increase to 10 rounds for branch lengths
3 trees examined
Threads: 1 / Time: 2.334 sec / Speedup: 1.000 / Efficiency: 100% / LogL: -45328
Threads: 2 / Time: 1.246 sec / Speedup: 1.873 / Efficiency: 94% / LogL: -45328
BEST NUMBER OF THREADS: 2

Perform fast likelihood tree search using LG+I+G model...
Estimate model parameters (epsilon = 5.000)
Perform nearest neighbor interchange...
Estimate model parameters (epsilon = 1.000)
1. Initial log-likelihood: -34441.339
Optimal log-likelihood: -34441.226
Proportion of invariable sites: 0.019
Gamma shape alpha: 1.565
Parameters optimization took 1 rounds (0.171 sec)
Time for fast ML tree search: 1.508 seconds

NOTE: ModelFinder requires 21 MB RAM!
ModelFinder will test up to 24 protein models (sample size: 537) ...
 No. Model         -LnL         df  AIC          AICc         BIC
  1  LG            35630.668    111 71483.335    71541.839    71959.081
  2  LG+I          35495.337    112 71214.673    71274.371    71694.705
  3  LG+G4         34460.572    112 69145.144    69204.842    69625.175
  4  LG+I+G4       34441.219    113 69108.437    69169.345    69592.755
  8  LG+F+I+G4     33997.608    132 68259.216    68346.127    68824.968
 12  WAG+I+G4      34456.605    113 69139.210    69200.117    69623.527
 16  WAG+F+I+G4    34203.378    132 68670.757    68757.668    69236.509
 20  JTT+I+G4      34402.617    113 69031.234    69092.141    69515.551
 24  JTT+F+I+G4    34119.670    132 68503.340    68590.251    69069.092
Akaike Information Criterion:           LG+F+I+G4
Corrected Akaike Information Criterion: LG+F+I+G4
Bayesian Information Criterion:         LG+F+I+G4
Best-fit model: LG+F+I+G4 chosen according to BIC

All model information printed to results_broccoli_metc/alignments/OG_2981.iqtree.model.gz
CPU time for ModelFinder: 18.886 seconds (0h:0m:18s)
Wall-clock time for ModelFinder: 10.666 seconds (0h:0m:10s)
Generating 1000 samples for ultrafast bootstrap (seed: 187187)...

NOTE: 21 MB RAM (0 GB) is required!
Estimate model parameters (epsilon = 0.100)
Thoroughly optimizing +I+G parameters from 10 start values...
Init pinv, alpha: 0.000, 1.455 / Estimate: 0.017, 1.453 / LogL: -33997.612
Init pinv, alpha: 0.002, 1.455 / Estimate: 0.017, 1.455 / LogL: -33997.609
Init pinv, alpha: 0.005, 1.455 / Estimate: 0.017, 1.454 / LogL: -33997.611
Init pinv, alpha: 0.007, 1.455 / Estimate: 0.017, 1.455 / LogL: -33997.608
Init pinv, alpha: 0.010, 1.455 / Estimate: 0.017, 1.453 / LogL: -33997.612
Init pinv, alpha: 0.012, 1.455 / Estimate: 0.017, 1.454 / LogL: -33997.607
Init pinv, alpha: 0.015, 1.455 / Estimate: 0.017, 1.454 / LogL: -33997.605
Init pinv, alpha: 0.017, 1.455 / Estimate: 0.018, 1.453 / LogL: -33997.605
Init pinv, alpha: 0.020, 1.455 / Estimate: 0.018, 1.456 / LogL: -33997.607
Init pinv, alpha: 0.022, 1.455 / Estimate: 0.018, 1.454 / LogL: -33997.605
Optimal pinv,alpha: 0.018, 1.453 / LogL: -33997.605

Parameters optimization took 4.400 sec
Computing ML distances based on estimated model parameters...
Computing ML distances took 0.229303 sec (of wall-clock time) 0.458484 sec(of CPU time)
Computing RapidNJ tree took 0.001561 sec (of wall-clock time) 0.003119 sec (of CPU time)
Log-likelihood of RapidNJ tree: -34069.151
--------------------------------------------------------------------
|             INITIALIZING CANDIDATE TREE SET                      |
--------------------------------------------------------------------
Generating 98 parsimony trees... 2.509 second
Computing log-likelihood of 98 initial trees ... 5.000 seconds
Current best score: -33997.605

Do NNI search on 20 best initial trees
Estimate model parameters (epsilon = 0.100)
BETTER TREE FOUND at iteration 1: -33972.962
Estimate model parameters (epsilon = 0.100)
BETTER TREE FOUND at iteration 5: -33972.783
Iteration 10 / LogL: -33982.254 / Time: 0h:0m:21s
Iteration 20 / LogL: -33983.298 / Time: 0h:0m:31s
Finish initializing candidate tree set (10)
Current best tree score: -33972.783 / CPU time: 26.008
Number of iterations: 20
--------------------------------------------------------------------
|               OPTIMIZING CANDIDATE TREE SET                      |
--------------------------------------------------------------------
Iteration 30 / LogL: -33972.843 / Time: 0h:0m:41s (0h:4m:12s left)
Iteration 40 / LogL: -33973.100 / Time: 0h:0m:52s (0h:3m:43s left)
Iteration 50 / LogL: -33974.837 / Time: 0h:1m:4s (0h:3m:23s left)
Log-likelihood cutoff on original alignment: -34017.643
Iteration 60 / LogL: -33979.714 / Time: 0h:1m:16s (0h:3m:6s left)
Iteration 70 / LogL: -33982.354 / Time: 0h:1m:26s (0h:2m:49s left)
Iteration 80 / LogL: -33973.096 / Time: 0h:1m:36s (0h:2m:32s left)
Iteration 90 / LogL: -33975.107 / Time: 0h:1m:47s (0h:2m:19s left)
Iteration 100 / LogL: -33978.412 / Time: 0h:1m:58s (0h:2m:5s left)
Log-likelihood cutoff on original alignment: -34017.643
NOTE: Bootstrap correlation coefficient of split occurrence frequencies: 1.000
Iteration 110 / LogL: -34088.270 / Time: 0h:2m:10s (0h:1m:53s left)
Iteration 120 / LogL: -33975.193 / Time: 0h:2m:21s (0h:1m:41s left)
Iteration 130 / LogL: -33978.236 / Time: 0h:2m:32s (0h:1m:28s left)
Iteration 140 / LogL: -33973.361 / Time: 0h:2m:43s (0h:1m:16s left)
Iteration 150 / LogL: -33974.517 / Time: 0h:2m:54s (0h:1m:4s left)
Log-likelihood cutoff on original alignment: -34017.643
Iteration 160 / LogL: -33976.475 / Time: 0h:3m:5s (0h:0m:52s left)
Iteration 170 / LogL: -33973.183 / Time: 0h:3m:15s (0h:0m:40s left)
Iteration 180 / LogL: -33974.860 / Time: 0h:3m:26s (0h:0m:28s left)
Iteration 190 / LogL: -33974.808 / Time: 0h:3m:37s (0h:0m:17s left)
Iteration 200 / LogL: -33975.161 / Time: 0h:3m:47s (0h:0m:5s left)
Log-likelihood cutoff on original alignment: -34017.643
NOTE: Bootstrap correlation coefficient of split occurrence frequencies: 1.000
TREE SEARCH COMPLETED AFTER 206 ITERATIONS / Time: 0h:3m:53s

--------------------------------------------------------------------
|                    FINALIZING TREE SEARCH                        |
--------------------------------------------------------------------
Performs final model parameters optimization
Estimate model parameters (epsilon = 0.010)
1. Initial log-likelihood: -33972.783
Optimal log-likelihood: -33972.779
Proportion of invariable sites: 0.017
Gamma shape alpha: 1.444
Parameters optimization took 1 rounds (0.162 sec)
BEST SCORE FOUND : -33972.779
Creating bootstrap support values...
Split supports printed to NEXUS file results_broccoli_metc/alignments/OG_2981.iqtree.splits.nex
Total tree length: 33.295

Total number of iterations: 206
CPU time used for tree search: 451.034 sec (0h:7m:31s)
Wall-clock time used for tree search: 228.442 sec (0h:3m:48s)
Total CPU time used: 461.944 sec (0h:7m:41s)
Total wall-clock time used: 234.020 sec (0h:3m:54s)

Computing bootstrap consensus tree...
Reading input file results_broccoli_metc/alignments/OG_2981.iqtree.splits.nex...
57 taxa and 303 splits.
Consensus tree written to results_broccoli_metc/alignments/OG_2981.iqtree.contree
Reading input trees file results_broccoli_metc/alignments/OG_2981.iqtree.contree
Log-likelihood of consensus tree: -33972.780

Analysis results written to: 
  IQ-TREE report:                results_broccoli_metc/alignments/OG_2981.iqtree.iqtree
  Maximum-likelihood tree:       results_broccoli_metc/alignments/OG_2981.iqtree.treefile
  Likelihood distances:          results_broccoli_metc/alignments/OG_2981.iqtree.mldist

Ultrafast bootstrap approximation results written to:
  Split support values:          results_broccoli_metc/alignments/OG_2981.iqtree.splits.nex
  Consensus tree:                results_broccoli_metc/alignments/OG_2981.iqtree.contree
  Screen log file:               results_broccoli_metc/alignments/OG_2981.iqtree.log

Date and Time: Fri Jun  3 13:12:47 2022
