IQ-TREE multicore version 2.1.0 for Linux 64-bit built Jul 18 2020
Developed by Bui Quang Minh, James Barbetti, Nguyen Lam Tung,
Olga Chernomor, Heiko Schmidt, Dominik Schrempf, Michael Woodhams.

Host:    node-hp0108.linux.crg.es (AVX, 125 GB RAM)
Command: /users/asebe/xgraubove/Programes/iqtree-2.1.0-Linux/bin/iqtree2 -s results_broccoli_metc/alignments/OG_2032.lt.fasta -m TEST -mset LG,WAG,JTT -nt AUTO -ntmax 2 -bb 1000 -pre results_broccoli_metc/alignments/OG_2032.iqtree -nm 10000 -nstop 200 -cptime 1800
Seed:    634142 (Using SPRNG - Scalable Parallel Random Number Generator)
Time:    Fri Jun  3 11:25:27 2022
Kernel:  AVX - auto-detect threads (2 CPU cores detected)

Reading alignment file results_broccoli_metc/alignments/OG_2032.lt.fasta ... Fasta format detected
Alignment most likely contains protein sequences
Alignment has 72 sequences with 1335 columns, 1284 distinct patterns
1188 parsimony-informative, 0 singleton sites, 147 constant sites
                                                       Gap/Ambiguity  Composition  p-value
   1  Hsap_ENST00000366923                                     1.35%    passed     48.22%
   2  Bralan_BLAG04102214_1                                    1.20%    passed     23.94%
   3  Exapal_XM_021061639.2                                    5.17%    passed     64.67%
   4  Adig_XM_015901526.1                                     18.50%    passed     98.68%
   5  Gfas_gfas1.m1.5141.m1                                   31.84%    passed     21.41%
   6  Fspp_ffun1.m4.1237.m1                                   32.96%    passed     80.12%
   7  Gasp_gasp1.m3.6784.m1                                    7.27%    passed     19.23%
   8  Spis_XP_022801938_1                                     10.04%    passed     83.01%
   9  Amil_Amillepora27477-RA                                 25.69%    passed     79.84%
  10  Dgig_XM_028537100.1                                     10.94%    passed     96.63%
  11  Xesp_022053-T1                                           4.79%    passed     36.50%
  12  Nvec_NVE18925                                           39.03%    passed     35.82%
  13  Cgig_XM_034469491.1                                      1.57%    passed     90.26%
  14  Acagra_model.g15810.t1                                   1.50%    passed     99.07%
  15  Tadh_TriadT54976                                        17.98%    passed     21.40%
  16  TrH2_TrispH2_004843-RA                                  11.84%    passed     14.21%
  17  HoiH06_mRNA7088                                         17.08%    passed     12.80%
  18  HoiH23_PlH23_001298-RA                                  11.76%    passed      6.24%
  19  Hhon_g08634.t1                                          11.84%    passed      5.09%
  20  HoiH04_mRNA14849                                        11.84%    failed      2.96%
  21  HoiH11_mRNA9581                                         22.70%    passed     10.45%
  22  Hvul_g13985_1                                           62.10%    failed      4.67%
  23  Chem_TCONS_00058467                                     34.01%    passed     11.65%
  24  Aaur_scaffold144.g9.t3                                   4.34%    passed     56.50%
  25  Nemnom_g9688.t1                                         28.76%    passed     95.02%
  26  Rhoesc_Res_004475-T1                                     4.12%    passed     94.12%
  27  Skow_XM_006812442.1                                      1.05%    passed     94.86%
  28  Emue_Em0014g773a.t1                                     11.91%    passed     43.37%
  29  Spolac_c104653_g1_i2_m.42145c104653-g1                   8.99%    passed     58.42%
  30  Tetwil_g27138.t1                                        30.56%    passed      7.60%
  31  Spur_XM_011676904.2                                      1.80%    passed     94.89%
  32  Aque_Aqu2.1.34594_001                                    8.69%    passed     68.32%
  33  Halamb_c55983_g1_i1m.42202                              10.86%    passed     60.99%
  34  Xestes_maker-XT_scaffold1492-augustus-gene-0.9-mRNA-1   78.43%    passed     23.82%
  35  Ctel_gnl_WGS_AMQN_CAPTEDRAFT_mRNA165979                 11.39%    passed     28.91%
  36  Opea_EP00118_Oscarella_pearsei_P000259                  10.64%    passed     49.97%
  37  Plajan_Pjan_C572052_01                                  10.26%    passed     30.77%
  38  Plespi_Pspi_scaffold2451_01                             24.27%    failed      0.79%
  39  Dpul_mRNA28360                                           1.65%    passed     61.63%
  40  Cscu_XM_023371128.1                                     14.01%    failed      0.00%
  41  Mlei_ML0332.g37.i1                                       5.39%    passed     98.00%
  42  Vmul_sbMO455722                                         13.11%    passed     97.13%
  43  Coeast_Cast_sb801861                                    28.39%    passed     29.17%
  44  Bolinf_Binf_sb1275063                                   46.22%    passed     51.30%
  45  Mertsp_Mesp_sb599783                                    45.92%    passed     56.06%
  46  Lampan_Lpan_14946_01                                    59.03%    failed      4.65%
  47  Beraby_Baby_sb351142                                    41.20%    passed     47.98%
  48  Drygla_Dgla_sb305104                                    44.12%    passed     60.17%
  49  Coemet_Cmet_scaffold15100_01                            40.22%    failed      0.27%
  50  Tcas_TC033636_001                                       48.91%    passed     15.84%
  51  Scil_scict008490.2                                      20.22%    failed      0.00%
  52  Lcom_lcpid58614                                         45.17%    passed     85.82%
  53  Gracom_Gcom_scaffold3369_01                             13.11%    passed      5.13%
  54  Leuniv_Lniv_scaffold23896_01                            11.84%    passed     37.44%
  55  Mbre_EDQ91921                                           15.58%    passed     20.90%
  56  Choper_EP00045_Choanoeca_perplexa_P016303                2.17%    failed      0.12%
  57  Chofle_EP00730_Choanoeca_flexa_P003635                   6.89%    passed     33.92%
  58  Salinf_EP00049_Salpingoeca_infusionum_P005541           15.81%    passed     38.47%
  59  Sros_EGD73791                                            3.60%    failed      0.35%
  60  Microa_EP00043_Microstomoeca_roanoka_P010925             4.49%    failed      3.39%
  61  Mylflu_EP00047_Mylnosiga_fluctuans_P020508              46.37%    failed      0.12%
  62  Salmac_EP00052_Salpingoeca_macrocollata_P009268         46.14%    passed     82.75%
  63  Salpun_EP00053_Salpingoeca_punica_P012179               46.37%    failed      1.88%
  64  Salurc_EP00051_Salpingoeca_urceolata_P028061             3.82%    failed      0.01%
  65  Salkve_EP00050_Salpingoeca_kvevrii_P015278              44.04%    passed      5.16%
  66  Codhol_EP00042_Codosiga_hollandica_P052093               3.60%    failed      0.00%
  67  Acaspe_EP00035_Acanthoeca_spectabilis_P020551            4.27%    failed      0.37%
  68  Helnan_EP00037_Helgoeca_nana_P029143                     5.39%    failed      0.01%
  69  Stedip_EP00041_Stephanoeca_diplocostata_P035200          9.51%    passed     11.92%
  70  Didcos_EP00039_Didymoeca_costata_P018529                 4.12%    passed     54.62%
  71  Saldol_EP00054_Salpingoeca_dolichothecata_P009129       46.59%    passed     57.12%
  72  Sanmal_Sma_023823-T1                                    73.33%    passed     37.23%
WARNING: 4 sequences contain more than 50% gaps/ambiguity
****  TOTAL                                                   20.83%  16 sequences failed composition chi2 test (p-value<5%; df=19)


Create initial parsimony tree by phylogenetic likelihood library (PLL)... 0.099 seconds
Measuring multi-threading efficiency up to 2 CPU cores
7 trees examined
Threads: 1 / Time: 2.216 sec / Speedup: 1.000 / Efficiency: 100% / LogL: -114941
Threads: 2 / Time: 1.115 sec / Speedup: 1.988 / Efficiency: 99% / LogL: -114941
BEST NUMBER OF THREADS: 2

Perform fast likelihood tree search using LG+I+G model...
Estimate model parameters (epsilon = 5.000)
Perform nearest neighbor interchange...
Estimate model parameters (epsilon = 1.000)
1. Initial log-likelihood: -89533.418
Optimal log-likelihood: -89533.385
Proportion of invariable sites: 0.104
Gamma shape alpha: 1.357
Parameters optimization took 1 rounds (0.476 sec)
Time for fast ML tree search: 4.756 seconds

NOTE: ModelFinder requires 62 MB RAM!
ModelFinder will test up to 24 protein models (sample size: 1335) ...
 No. Model         -LnL         df  AIC          AICc         BIC
  1  LG            95203.196    141 190688.391   190721.957   191421.124
  2  LG+I          93105.744    142 186495.488   186529.559   187233.418
  3  LG+G4         89744.210    142 179772.420   179806.490   180510.349
  4  LG+I+G4       89533.387    143 179352.773   179387.352   180095.899
  8  LG+F+I+G4     89220.612    162 178765.224   178810.286   179607.088
 12  WAG+I+G4      89484.116    143 179254.233   179288.812   179997.359
 16  WAG+F+I+G4    89527.664    162 179379.327   179424.389   180221.190
 20  JTT+I+G4      90458.091    143 181202.181   181236.761   181945.308
 24  JTT+F+I+G4    90049.372    162 180422.745   180467.806   181264.608
Akaike Information Criterion:           LG+F+I+G4
Corrected Akaike Information Criterion: LG+F+I+G4
Bayesian Information Criterion:         LG+F+I+G4
Best-fit model: LG+F+I+G4 chosen according to BIC

All model information printed to results_broccoli_metc/alignments/OG_2032.iqtree.model.gz
CPU time for ModelFinder: 41.233 seconds (0h:0m:41s)
Wall-clock time for ModelFinder: 21.855 seconds (0h:0m:21s)
Generating 1000 samples for ultrafast bootstrap (seed: 634142)...

NOTE: 63 MB RAM (0 GB) is required!
Estimate model parameters (epsilon = 0.100)
Thoroughly optimizing +I+G parameters from 10 start values...
Init pinv, alpha: 0.000, 1.373 / Estimate: 0.104, 1.374 / LogL: -89220.622
Init pinv, alpha: 0.012, 1.373 / Estimate: 0.104, 1.374 / LogL: -89220.615
Init pinv, alpha: 0.024, 1.373 / Estimate: 0.104, 1.373 / LogL: -89220.614
Init pinv, alpha: 0.037, 1.373 / Estimate: 0.104, 1.373 / LogL: -89220.618
Init pinv, alpha: 0.049, 1.373 / Estimate: 0.104, 1.373 / LogL: -89220.615
Init pinv, alpha: 0.061, 1.373 / Estimate: 0.104, 1.374 / LogL: -89220.613
Init pinv, alpha: 0.073, 1.373 / Estimate: 0.104, 1.374 / LogL: -89220.615
Init pinv, alpha: 0.086, 1.373 / Estimate: 0.104, 1.373 / LogL: -89220.615
Init pinv, alpha: 0.098, 1.373 / Estimate: 0.104, 1.373 / LogL: -89220.616
Init pinv, alpha: 0.110, 1.373 / Estimate: 0.104, 1.373 / LogL: -89220.612
Optimal pinv,alpha: 0.104, 1.373 / LogL: -89220.612

Parameters optimization took 22.440 sec
Computing ML distances based on estimated model parameters...
Computing ML distances took 0.321470 sec (of wall-clock time) 0.642538 sec(of CPU time)
Computing RapidNJ tree took 0.001151 sec (of wall-clock time) 0.001301 sec (of CPU time)
Log-likelihood of RapidNJ tree: -90762.801
--------------------------------------------------------------------
|             INITIALIZING CANDIDATE TREE SET                      |
--------------------------------------------------------------------
Generating 98 parsimony trees... 6.513 second
Computing log-likelihood of 98 initial trees ... 14.518 seconds
Current best score: -89220.612

Do NNI search on 20 best initial trees
Estimate model parameters (epsilon = 0.100)
BETTER TREE FOUND at iteration 1: -89219.349
Estimate model parameters (epsilon = 0.100)
BETTER TREE FOUND at iteration 10: -89218.144
Iteration 10 / LogL: -89218.144 / Time: 0h:1m:5s
Estimate model parameters (epsilon = 0.100)
BETTER TREE FOUND at iteration 11: -89215.709
Estimate model parameters (epsilon = 0.100)
BETTER TREE FOUND at iteration 19: -89215.542
Iteration 20 / LogL: -89223.311 / Time: 0h:1m:30s
Finish initializing candidate tree set (11)
Current best tree score: -89215.542 / CPU time: 65.205
Number of iterations: 20
--------------------------------------------------------------------
|               OPTIMIZING CANDIDATE TREE SET                      |
--------------------------------------------------------------------
Iteration 30 / LogL: -89215.827 / Time: 0h:2m:0s (0h:13m:4s left)
Iteration 40 / LogL: -89225.465 / Time: 0h:2m:32s (0h:11m:39s left)
Iteration 50 / LogL: -89226.261 / Time: 0h:3m:0s (0h:10m:22s left)
Log-likelihood cutoff on original alignment: -89299.594
Iteration 60 / LogL: -89215.594 / Time: 0h:3m:28s (0h:9m:22s left)
Iteration 70 / LogL: -89219.365 / Time: 0h:3m:59s (0h:8m:37s left)
Iteration 80 / LogL: -89219.537 / Time: 0h:4m:30s (0h:7m:55s left)
Iteration 90 / LogL: -89216.697 / Time: 0h:4m:59s (0h:7m:14s left)
Iteration 100 / LogL: -89216.524 / Time: 0h:5m:29s (0h:6m:35s left)
Log-likelihood cutoff on original alignment: -89299.594
NOTE: Bootstrap correlation coefficient of split occurrence frequencies: 0.999
Iteration 110 / LogL: -89230.885 / Time: 0h:5m:59s (0h:5m:59s left)
Iteration 120 / LogL: -89216.895 / Time: 0h:6m:30s (0h:5m:24s left)
Iteration 130 / LogL: -89225.562 / Time: 0h:7m:0s (0h:4m:49s left)
Iteration 140 / LogL: -89218.339 / Time: 0h:7m:30s (0h:4m:16s left)
Iteration 150 / LogL: -89215.732 / Time: 0h:8m:3s (0h:3m:43s left)
Log-likelihood cutoff on original alignment: -89299.594
Iteration 160 / LogL: -89216.540 / Time: 0h:8m:33s (0h:3m:10s left)
Iteration 170 / LogL: -89219.482 / Time: 0h:9m:0s (0h:2m:36s left)
Iteration 180 / LogL: -89215.918 / Time: 0h:9m:31s (0h:2m:4s left)
Iteration 190 / LogL: -89216.833 / Time: 0h:10m:1s (0h:1m:32s left)
Iteration 200 / LogL: -89216.458 / Time: 0h:10m:32s (0h:1m:0s left)
Log-likelihood cutoff on original alignment: -89299.594
NOTE: Bootstrap correlation coefficient of split occurrence frequencies: 1.000
Iteration 210 / LogL: -89215.645 / Time: 0h:11m:2s (0h:4m:45s left)
Iteration 220 / LogL: -89216.400 / Time: 0h:11m:33s (0h:4m:13s left)
TREE SEARCH COMPLETED AFTER 220 ITERATIONS / Time: 0h:11m:33s

--------------------------------------------------------------------
|                    FINALIZING TREE SEARCH                        |
--------------------------------------------------------------------
Performs final model parameters optimization
Estimate model parameters (epsilon = 0.010)
1. Initial log-likelihood: -89215.542
Optimal log-likelihood: -89215.536
Proportion of invariable sites: 0.104
Gamma shape alpha: 1.380
Parameters optimization took 1 rounds (0.463 sec)
BEST SCORE FOUND : -89215.536
Creating bootstrap support values...
Split supports printed to NEXUS file results_broccoli_metc/alignments/OG_2032.iqtree.splits.nex
Total tree length: 26.755

Total number of iterations: 220
CPU time used for tree search: 1325.765 sec (0h:22m:5s)
Wall-clock time used for tree search: 668.534 sec (0h:11m:8s)
Total CPU time used: 1376.530 sec (0h:22m:56s)
Total wall-clock time used: 694.057 sec (0h:11m:34s)

Computing bootstrap consensus tree...
Reading input file results_broccoli_metc/alignments/OG_2032.iqtree.splits.nex...
72 taxa and 285 splits.
Consensus tree written to results_broccoli_metc/alignments/OG_2032.iqtree.contree
Reading input trees file results_broccoli_metc/alignments/OG_2032.iqtree.contree
Log-likelihood of consensus tree: -89215.710

Analysis results written to: 
  IQ-TREE report:                results_broccoli_metc/alignments/OG_2032.iqtree.iqtree
  Maximum-likelihood tree:       results_broccoli_metc/alignments/OG_2032.iqtree.treefile
  Likelihood distances:          results_broccoli_metc/alignments/OG_2032.iqtree.mldist

Ultrafast bootstrap approximation results written to:
  Split support values:          results_broccoli_metc/alignments/OG_2032.iqtree.splits.nex
  Consensus tree:                results_broccoli_metc/alignments/OG_2032.iqtree.contree
  Screen log file:               results_broccoli_metc/alignments/OG_2032.iqtree.log

Date and Time: Fri Jun  3 11:37:25 2022
