IQ-TREE multicore version 2.1.0 for Linux 64-bit built Jul 18 2020
Developed by Bui Quang Minh, James Barbetti, Nguyen Lam Tung,
Olga Chernomor, Heiko Schmidt, Dominik Schrempf, Michael Woodhams.

Host:    trantor09.linux.crg.es (AVX, FMA3, 503 GB RAM)
Command: /users/asebe/xgraubove/Programes/iqtree-2.1.0-Linux/bin/iqtree2 -s results_broccoli_metc/alignments/OG_2356.lt.fasta -m TEST -mset LG,WAG,JTT -nt AUTO -ntmax 2 -bb 1000 -pre results_broccoli_metc/alignments/OG_2356.iqtree -nm 10000 -nstop 200 -cptime 1800
Seed:    84031 (Using SPRNG - Scalable Parallel Random Number Generator)
Time:    Fri Jun  3 12:26:34 2022
Kernel:  AVX+FMA - auto-detect threads (2 CPU cores detected)

Reading alignment file results_broccoli_metc/alignments/OG_2356.lt.fasta ... Fasta format detected
Alignment most likely contains protein sequences
Alignment has 57 sequences with 266 columns, 265 distinct patterns
260 parsimony-informative, 0 singleton sites, 6 constant sites
                                                       Gap/Ambiguity  Composition  p-value
   1  Tcas_TC015890_001                                        5.64%    passed     66.79%
   2  Dpul_mRNA8184                                            3.38%    passed     96.30%
   3  Cscu_XM_023386727.1                                      3.76%    passed     23.04%
   4  Cgig_XM_011431168.3                                      3.76%    passed     24.19%
   5  Acagra_model.g2319.t1                                    3.76%    passed     92.55%
   6  Exapal_XM_021059601.1                                    3.01%    passed     97.59%
   7  Nvec_v1g88457                                            3.38%    passed     99.36%
   8  Adig_XM_015908377.1                                      2.63%    passed     97.87%
   9  Gfas_gfas1.m1.16397.m1                                  24.81%    passed     88.06%
  10  Gasp_gasp1.m3.26799.m1                                  24.44%    passed     81.14%
  11  Spis_XP_022779464_1                                      2.63%    passed     97.67%
  12  Pocdam_XM_027199628.1                                    2.63%    passed     99.94%
  13  Amil_Amillepora15517-RA                                 36.09%    passed     26.15%
  14  Tadh_TriadT59843                                        20.68%    passed     99.41%
  15  TrH2_TrispH2_000427-RA                                   1.13%    passed     86.20%
  16  Hhon_g10568.t1                                           1.13%    passed     75.04%
  17  HoiH04_mRNA5283                                          1.13%    passed     73.04%
  18  HoiH23_PlH23_009721-RA                                   1.13%    passed     72.81%
  19  HoiH11_mRNA5039                                         13.16%    passed     84.45%
  20  Spolac_c98434_g1_i3_m.17181c98434-g1                     2.63%    passed     91.50%
  21  Aaur_scaffold348.g3.t2                                   8.27%    passed     34.22%
  22  Nemnom_g16115.t1                                         8.65%    passed      6.94%
  23  Rhoesc_Res_001955-T1                                     3.01%    passed     98.56%
  24  Sanmal_Sma_027031-T1                                     0.38%    passed     71.69%
  25  Morvir_scaffold122.g28.t1                                3.01%    passed     94.65%
  26  Mlei_ML1823.g6.i1                                        7.52%    passed     60.98%
  27  Bolinf_Binf_sb1299191                                   17.29%    passed     77.53%
  28  Mertsp_Mesp_sb606363                                    29.32%    passed     83.30%
  29  Beraby_Baby_sb333578                                     6.77%    passed     46.07%
  30  Lampan_Lpan_C415173_01                                   7.14%    passed     17.82%
  31  Drygla_Dgla_sb278936                                     6.77%    passed     58.31%
  32  Eupdun_Edun_sb10633645                                  21.05%    passed     99.95%
  33  Vmul_SimC392472                                          7.14%    passed     60.21%
  34  Coemet_Cmet_scaffold8578_01                              8.27%    passed     70.30%
  35  Pbac_sb2661267                                           8.27%    passed     40.83%
  36  Horcal_Hcv1.av93.c11.g135.i1                             9.02%    passed     28.43%
  37  Hvul_g9875_1                                             3.38%    failed      1.13%
  38  Chem_TCONS_00058867                                      1.88%    passed     18.81%
  39  Scil_scict000024.2                                      43.23%    passed     18.04%
  40  Lcom_lcpid82803                                          4.51%    passed     56.81%
  41  Gracom_Gcom_scaffold18674_01                             4.51%    passed     73.03%
  42  Leuniv_Lniv_C805074_01                                   4.51%    passed     60.79%
  43  Fspp_ffun1.m4.19099.m1                                  32.33%    failed      2.13%
  44  Salkve_EP00050_Salpingoeca_kvevrii_P020791               8.27%    passed      8.38%
  45  Salurc_EP00051_Salpingoeca_urceolata_P001425             3.38%    failed      0.01%
  46  Salmac_EP00052_Salpingoeca_macrocollata_P013362         48.12%    failed      4.21%
  47  Salpun_EP00053_Salpingoeca_punica_P005758                4.89%    passed     10.20%
  48  Mylflu_EP00047_Mylnosiga_fluctuans_P008565               7.89%    passed     83.39%
  49  Codhol_EP00042_Codosiga_hollandica_P053172               1.13%    passed     24.27%
  50  Acaspe_EP00035_Acanthoeca_spectabilis_P036833            1.50%    failed      1.34%
  51  Helnan_EP00037_Helgoeca_nana_P011606                     2.63%    failed      0.25%
  52  Diagra_EP00040_Diaphanoeca_grandis_P027869               3.76%    passed     57.83%
  53  Didcos_EP00039_Didymoeca_costata_P008612                 5.26%    passed     93.60%
  54  Mbre_EDQ92411                                            2.26%    failed      0.00%
  55  Choper_EP00045_Choanoeca_perplexa_P016924                0.38%    failed      0.08%
  56  Stycar_maker-SC_scaffold2385-augustus-gene-0.3-mRNA-1   48.50%    passed      8.33%
  57  Salinf_EP00049_Salpingoeca_infusionum_P022051            4.51%    failed      0.03%
****  TOTAL                                                    9.64%  9 sequences failed composition chi2 test (p-value<5%; df=19)


Create initial parsimony tree by phylogenetic likelihood library (PLL)... 0.024 seconds
Measuring multi-threading efficiency up to 2 CPU cores
Increase to 10 rounds for branch lengths
3 trees examined
Threads: 1 / Time: 2.208 sec / Speedup: 1.000 / Efficiency: 100% / LogL: -26462
Threads: 2 / Time: 1.731 sec / Speedup: 1.276 / Efficiency: 64% / LogL: -26462
BEST NUMBER OF THREADS: 2

Perform fast likelihood tree search using LG+I+G model...
Estimate model parameters (epsilon = 5.000)
Perform nearest neighbor interchange...
Estimate model parameters (epsilon = 1.000)
1. Initial log-likelihood: -21049.946
Optimal log-likelihood: -21049.937
Proportion of invariable sites: 0.022
Gamma shape alpha: 2.063
Parameters optimization took 1 rounds (0.226 sec)
Time for fast ML tree search: 3.106 seconds

NOTE: ModelFinder requires 11 MB RAM!
ModelFinder will test up to 24 protein models (sample size: 266) ...
 No. Model         -LnL         df  AIC          AICc         BIC
  1  LG            21656.481    111 43534.962    43696.416    43932.730
  2  LG+I          21563.031    112 43350.063    43515.501    43751.414
  3  LG+G4         21074.903    112 42373.806    42539.244    42775.157
  4  LG+I+G4       21049.930    113 42325.859    42495.359    42730.794
  8  LG+F+I+G4     21038.444    132 42340.888    42604.888    42813.909
 12  WAG+I+G4      21161.506    113 42549.011    42718.511    42953.946
 16  WAG+F+I+G4    21119.744    132 42503.488    42767.488    42976.510
 20  JTT+I+G4      21177.853    113 42581.707    42751.207    42986.642
 24  JTT+F+I+G4    21103.789    132 42471.579    42735.579    42944.600
Akaike Information Criterion:           LG+I+G4
Corrected Akaike Information Criterion: LG+I+G4
Bayesian Information Criterion:         LG+I+G4
Best-fit model: LG+I+G4 chosen according to BIC

All model information printed to results_broccoli_metc/alignments/OG_2356.iqtree.model.gz
CPU time for ModelFinder: 24.820 seconds (0h:0m:24s)
Wall-clock time for ModelFinder: 13.565 seconds (0h:0m:13s)
Generating 1000 samples for ultrafast bootstrap (seed: 84031)...

NOTE: 11 MB RAM (0 GB) is required!
Estimate model parameters (epsilon = 0.100)
Thoroughly optimizing +I+G parameters from 10 start values...
Init pinv, alpha: 0.000, 2.071 / Estimate: 0.022, 2.065 / LogL: -21049.919
Init pinv, alpha: 0.003, 2.071 / Estimate: 0.022, 2.067 / LogL: -21049.922
Init pinv, alpha: 0.005, 2.071 / Estimate: 0.022, 2.071 / LogL: -21049.927
Init pinv, alpha: 0.008, 2.071 / Estimate: 0.022, 2.070 / LogL: -21049.925
Init pinv, alpha: 0.010, 2.071 / Estimate: 0.022, 2.069 / LogL: -21049.923
Init pinv, alpha: 0.013, 2.071 / Estimate: 0.022, 2.067 / LogL: -21049.921
Init pinv, alpha: 0.015, 2.071 / Estimate: 0.022, 2.067 / LogL: -21049.920
Init pinv, alpha: 0.018, 2.071 / Estimate: 0.022, 2.066 / LogL: -21049.919
Init pinv, alpha: 0.020, 2.071 / Estimate: 0.022, 2.066 / LogL: -21049.920
Init pinv, alpha: 0.023, 2.071 / Estimate: 0.022, 2.065 / LogL: -21049.919
Optimal pinv,alpha: 0.022, 2.065 / LogL: -21049.919

Parameters optimization took 4.874 sec
Computing ML distances based on estimated model parameters...
Computing ML distances took 0.491332 sec (of wall-clock time) 0.978207 sec(of CPU time)
WARNING: Some pairwise ML distances are too long (saturated)
Computing RapidNJ tree took 0.001255 sec (of wall-clock time) 0.000487 sec (of CPU time)
Log-likelihood of RapidNJ tree: -21158.628
--------------------------------------------------------------------
|             INITIALIZING CANDIDATE TREE SET                      |
--------------------------------------------------------------------
Generating 98 parsimony trees... 2.243 second
Computing log-likelihood of 98 initial trees ... 6.819 seconds
Current best score: -21049.919

Do NNI search on 20 best initial trees
Estimate model parameters (epsilon = 0.100)
BETTER TREE FOUND at iteration 1: -21049.918
Estimate model parameters (epsilon = 0.100)
BETTER TREE FOUND at iteration 2: -21045.521
Estimate model parameters (epsilon = 0.100)
BETTER TREE FOUND at iteration 3: -21043.571
Iteration 10 / LogL: -21044.839 / Time: 0h:0m:26s
Estimate model parameters (epsilon = 0.100)
BETTER TREE FOUND at iteration 12: -21042.235
Iteration 20 / LogL: -21044.085 / Time: 0h:0m:38s
Finish initializing candidate tree set (14)
Current best tree score: -21042.235 / CPU time: 32.030
Number of iterations: 20
--------------------------------------------------------------------
|               OPTIMIZING CANDIDATE TREE SET                      |
--------------------------------------------------------------------
Iteration 30 / LogL: -21043.913 / Time: 0h:0m:52s (0h:5m:28s left)
Estimate model parameters (epsilon = 0.100)
BETTER TREE FOUND at iteration 36: -21041.515
Iteration 40 / LogL: -21048.896 / Time: 0h:6m:10s (0h:30m:59s left)
Iteration 50 / LogL: -21042.218 / Time: 0h:6m:24s (0h:24m:18s left)
Log-likelihood cutoff on original alignment: -21079.557
Iteration 60 / LogL: -21042.446 / Time: 0h:6m:38s (0h:19m:47s left)
Estimate model parameters (epsilon = 0.100)
BETTER TREE FOUND at iteration 66: -21040.624
Iteration 70 / LogL: -21042.691 / Time: 0h:6m:53s (0h:19m:33s left)
Iteration 80 / LogL: -21041.236 / Time: 0h:7m:6s (0h:16m:44s left)
Iteration 90 / LogL: -21044.476 / Time: 0h:7m:19s (0h:14m:29s left)
Iteration 100 / LogL: -21041.572 / Time: 0h:7m:35s (0h:12m:42s left)
Log-likelihood cutoff on original alignment: -21079.557
NOTE: Bootstrap correlation coefficient of split occurrence frequencies: 0.994
Iteration 110 / LogL: -21040.718 / Time: 0h:7m:48s (0h:11m:10s left)
Iteration 120 / LogL: -21040.852 / Time: 0h:8m:1s (0h:9m:50s left)
Iteration 130 / LogL: -21041.935 / Time: 0h:8m:14s (0h:8m:41s left)
Iteration 140 / LogL: -21043.748 / Time: 0h:8m:29s (0h:7m:41s left)
Iteration 150 / LogL: -21045.021 / Time: 0h:8m:42s (0h:6m:46s left)
Log-likelihood cutoff on original alignment: -21077.307
Iteration 160 / LogL: -21041.448 / Time: 0h:8m:56s (0h:5m:57s left)
Iteration 170 / LogL: -21046.875 / Time: 0h:12m:50s (0h:7m:17s left)
Iteration 180 / LogL: -21063.679 / Time: 0h:13m:5s (0h:6m:17s left)
Iteration 190 / LogL: -21040.870 / Time: 0h:13m:18s (0h:5m:20s left)
Iteration 200 / LogL: -21041.380 / Time: 0h:13m:31s (0h:4m:29s left)
Log-likelihood cutoff on original alignment: -21077.307
NOTE: Bootstrap correlation coefficient of split occurrence frequencies: 0.998
Iteration 210 / LogL: -21040.856 / Time: 0h:13m:45s (0h:5m:55s left)
Iteration 220 / LogL: -21049.104 / Time: 0h:13m:58s (0h:5m:6s left)
Iteration 230 / LogL: -21041.391 / Time: 0h:14m:12s (0h:4m:20s left)
Iteration 240 / LogL: -21042.139 / Time: 0h:14m:25s (0h:3m:37s left)
Iteration 250 / LogL: -21042.645 / Time: 0h:14m:40s (0h:2m:56s left)
Log-likelihood cutoff on original alignment: -21077.307
Iteration 260 / LogL: -21041.540 / Time: 0h:14m:54s (0h:2m:18s left)
TREE SEARCH COMPLETED AFTER 267 ITERATIONS / Time: 0h:15m:24s

--------------------------------------------------------------------
|                    FINALIZING TREE SEARCH                        |
--------------------------------------------------------------------
Performs final model parameters optimization
Estimate model parameters (epsilon = 0.010)
1. Initial log-likelihood: -21040.624
Optimal log-likelihood: -21040.621
Proportion of invariable sites: 0.022
Gamma shape alpha: 2.083
Parameters optimization took 1 rounds (0.221 sec)
BEST SCORE FOUND : -21040.621
Creating bootstrap support values...
Split supports printed to NEXUS file results_broccoli_metc/alignments/OG_2356.iqtree.splits.nex
Total tree length: 39.035

Total number of iterations: 267
CPU time used for tree search: 742.140 sec (0h:12m:22s)
Wall-clock time used for tree search: 917.338 sec (0h:15m:17s)
Total CPU time used: 756.361 sec (0h:12m:36s)
Total wall-clock time used: 924.600 sec (0h:15m:24s)

Computing bootstrap consensus tree...
Reading input file results_broccoli_metc/alignments/OG_2356.iqtree.splits.nex...
57 taxa and 399 splits.
Consensus tree written to results_broccoli_metc/alignments/OG_2356.iqtree.contree
Reading input trees file results_broccoli_metc/alignments/OG_2356.iqtree.contree
Log-likelihood of consensus tree: -21041.638

Analysis results written to: 
  IQ-TREE report:                results_broccoli_metc/alignments/OG_2356.iqtree.iqtree
  Maximum-likelihood tree:       results_broccoli_metc/alignments/OG_2356.iqtree.treefile
  Likelihood distances:          results_broccoli_metc/alignments/OG_2356.iqtree.mldist

Ultrafast bootstrap approximation results written to:
  Split support values:          results_broccoli_metc/alignments/OG_2356.iqtree.splits.nex
  Consensus tree:                results_broccoli_metc/alignments/OG_2356.iqtree.contree
  Screen log file:               results_broccoli_metc/alignments/OG_2356.iqtree.log

Date and Time: Fri Jun  3 12:42:12 2022
