IQ-TREE multicore version 2.1.0 for Linux 64-bit built Jul 18 2020
Developed by Bui Quang Minh, James Barbetti, Nguyen Lam Tung,
Olga Chernomor, Heiko Schmidt, Dominik Schrempf, Michael Woodhams.

Host:    node-hp0108.linux.crg.es (AVX, 125 GB RAM)
Command: /users/asebe/xgraubove/Programes/iqtree-2.1.0-Linux/bin/iqtree2 -s results_broccoli_metc/alignments/OG_2367.lt.fasta -m TEST -mset LG,WAG,JTT -nt AUTO -ntmax 2 -bb 1000 -pre results_broccoli_metc/alignments/OG_2367.iqtree -nm 10000 -nstop 200 -cptime 1800
Seed:    167568 (Using SPRNG - Scalable Parallel Random Number Generator)
Time:    Fri Jun  3 12:14:35 2022
Kernel:  AVX - auto-detect threads (2 CPU cores detected)

Reading alignment file results_broccoli_metc/alignments/OG_2367.lt.fasta ... Fasta format detected
Alignment most likely contains protein sequences
Alignment has 64 sequences with 226 columns, 226 distinct patterns
225 parsimony-informative, 0 singleton sites, 1 constant sites
                                                    Gap/Ambiguity  Composition  p-value
   1  Hsap_ENST00000389682                                  5.31%    passed     82.41%
   2  Bralan_BLAG12000667_1                                 3.98%    passed     95.16%
   3  Gfas_gfas1.m1.4978.m1                                 1.33%    passed     93.88%
   4  Fspp_ffun1.m4.10732.m1                                1.33%    passed     99.76%
   5  Gasp_gasp1.m3.22593.m1                                2.21%    passed     99.42%
   6  Spis_XP_022799916_1                                  59.29%    passed     71.05%
   7  Spur_XM_776249.5                                      4.42%    passed     73.83%
   8  Skow_XM_002734422.2                                   5.31%    passed     89.30%
   9  Cgig_XM_011452460.3                                   4.42%    passed     96.48%
  10  Sanmal_Sma_005551-T1                                  1.77%    passed     56.27%
  11  Exapal_XM_021061589.2                                 5.31%    passed     99.13%
  12  Tetwil_g24428.t2                                      3.98%    passed     96.33%
  13  Stycar_maker-SC_scaffold2605-snap-gene-0.13-mRNA-1   32.30%    passed     81.24%
  14  Acagra_model.g6154.t1                                 5.31%    passed     99.56%
  15  Cscu_XM_023354130.1                                   4.42%    passed     95.22%
  16  Dgig_XM_028537967.1                                   5.75%    passed     89.31%
  17  Xesp_009923-T2                                        6.19%    passed     62.50%
  18  Ctel_gnl_WGS_AMQN_CAPTEDRAFT_mRNA173535               3.54%    passed     85.94%
  19  Tcas_TC009885_001                                     5.31%    passed     91.02%
  20  Dpul_mRNA3458                                         6.19%    passed     90.47%
  21  Adig_XM_015903298.1                                  32.74%    passed     77.68%
  22  Nemnom_g17775.t1                                      2.65%    passed     76.89%
  23  Rhoesc_Res_005233-T1                                  3.10%    passed     96.12%
  24  Spolac_c96082_g1_i2_m.12512c104209-g3                 0.00%    passed     13.75%
  25  Aaur_scaffold440.g14.t1                              34.51%    failed      1.50%
  26  Nvec_v1g215929                                        3.54%    passed     96.96%
  27  Halamb_c40820_g1_i1m.13126                            4.87%    passed     65.81%
  28  Chem_TCONS_00010101                                   3.54%    passed     97.24%
  29  Amil_Amillepora11334-RA                               7.52%    passed     33.89%
  30  Scil_scict003206.1                                   16.81%    passed     83.62%
  31  Leuniv_Lniv_C804046_01                                0.88%    passed     59.80%
  32  Gracom_Gcom_scaffold8619_01                           3.10%    passed     57.29%
  33  Lcom_lcpid84663                                       1.77%    passed     91.04%
  34  Clacor_Ccor_C537077_01                                3.10%    passed     89.76%
  35  Pbac_sb2668436                                        7.52%    passed     99.46%
  36  Horcal_Hcv1.av93.c2.g1009.i1                          7.52%    passed     99.75%
  37  Eupdun_Edun_sb10640130                               20.35%    passed     58.73%
  38  Lampan_Lpan_C408053_01                                2.65%    passed     76.23%
  39  Vmul_sbMO480189                                       7.08%    passed     41.07%
  40  Coemet_Cmet_C599785_01                                4.87%    passed     53.00%
  41  Tadh_TriadT20923                                     18.14%    passed     89.03%
  42  TrH2_TrispH2_002773-RA                                6.64%    passed     91.23%
  43  HoiH06_mRNA15076                                     25.66%    passed     82.93%
  44  HoiH23_PlH23_001789-RA                                3.54%    passed     89.40%
  45  Hhon_g00413.t1                                        7.52%    passed     93.70%
  46  HoiH04_mRNA11050                                      7.52%    passed     94.64%
  47  Aque_Aqu2.1.38667_001                                 7.96%    passed     32.32%
  48  Plespi_Pspi_scaffold2316_01                           9.73%    passed     97.34%
  49  Mbre_EDQ92542                                         9.29%    passed     68.61%
  50  Choper_EP00045_Choanoeca_perplexa_P000500             6.19%    passed     74.99%
  51  Chofle_EP00730_Choanoeca_flexa_P010721                8.85%    passed     94.95%
  52  Sros_EGD74387                                         7.96%    passed     34.98%
  53  Microa_EP00043_Microstomoeca_roanoka_P000665          1.77%    passed     34.05%
  54  Codhol_EP00042_Codosiga_hollandica_P027278            0.44%    passed     21.55%
  55  Salurc_EP00051_Salpingoeca_urceolata_P032210          3.10%    passed     34.54%
  56  Salmac_EP00052_Salpingoeca_macrocollata_P000785       5.75%    passed     36.60%
  57  Salpun_EP00053_Salpingoeca_punica_P012339             5.31%    passed     68.41%
  58  Salkve_EP00050_Salpingoeca_kvevrii_P013585           16.81%    passed     25.76%
  59  Mylflu_EP00047_Mylnosiga_fluctuans_P017454            7.96%    failed      0.23%
  60  Salinf_EP00049_Salpingoeca_infusionum_P004076         7.96%    failed      3.41%
  61  Morvir_scaffold39.g98.t1                              9.73%    failed      0.00%
  62  Helnan_EP00037_Helgoeca_nana_P011254                 13.27%    passed     10.79%
  63  Stedip_EP00041_Stephanoeca_diplocostata_P026469      11.50%    passed     92.97%
  64  Diagra_EP00040_Diaphanoeca_grandis_P035247           10.62%    passed     15.57%
WARNING: 1 sequences contain more than 50% gaps/ambiguity
****  TOTAL                                                 8.58%  4 sequences failed composition chi2 test (p-value<5%; df=19)


Create initial parsimony tree by phylogenetic likelihood library (PLL)... 0.013 seconds
Measuring multi-threading efficiency up to 2 CPU cores
Increase to 10 rounds for branch lengths
5 trees examined
Threads: 1 / Time: 2.289 sec / Speedup: 1.000 / Efficiency: 100% / LogL: -23602
Threads: 2 / Time: 1.247 sec / Speedup: 1.835 / Efficiency: 92% / LogL: -23602
BEST NUMBER OF THREADS: 2

Perform fast likelihood tree search using LG+I+G model...
Estimate model parameters (epsilon = 5.000)
Perform nearest neighbor interchange...
Estimate model parameters (epsilon = 1.000)
1. Initial log-likelihood: -19190.125
Optimal log-likelihood: -19190.032
Proportion of invariable sites: 0.004
Gamma shape alpha: 1.247
Parameters optimization took 1 rounds (0.101 sec)
Time for fast ML tree search: 0.985 seconds

NOTE: ModelFinder requires 10 MB RAM!
ModelFinder will test up to 24 protein models (sample size: 226) ...
 No. Model         -LnL         df  AIC          AICc         BIC
  1  LG            20040.569    125 40331.139    40646.139    40758.706
  2  LG+I          20023.395    126 40298.789    40622.062    40729.776
  3  LG+G4         19191.008    126 38634.016    38957.288    39065.003
  4  LG+I+G4       19190.024    127 38634.048    38965.803    39068.456
  7  LG+F+G4       19206.897    145 38703.794    39233.044    39199.772
  8  LG+F+I+G4     19206.123    146 38704.246    39247.588    39203.644
 11  WAG+G4        19313.340    126 38878.680    39201.952    39309.667
 12  WAG+I+G4      19312.340    127 38878.681    39210.436    39313.089
 15  WAG+F+G4      19357.075    145 39004.151    39533.401    39500.128
 16  WAG+F+I+G4    19356.357    146 39004.713    39548.055    39504.111
 19  JTT+G4        19379.883    126 39011.766    39335.039    39442.754
 20  JTT+I+G4      19376.907    127 39007.814    39339.569    39442.222
 23  JTT+F+G4      19354.214    145 38998.429    39527.679    39494.406
 24  JTT+F+I+G4    19352.174    146 38996.348    39539.690    39495.746
Akaike Information Criterion:           LG+G4
Corrected Akaike Information Criterion: LG+G4
Bayesian Information Criterion:         LG+G4
Best-fit model: LG+G4 chosen according to BIC

All model information printed to results_broccoli_metc/alignments/OG_2367.iqtree.model.gz
CPU time for ModelFinder: 15.667 seconds (0h:0m:15s)
Wall-clock time for ModelFinder: 8.967 seconds (0h:0m:8s)
Generating 1000 samples for ultrafast bootstrap (seed: 167568)...

NOTE: 10 MB RAM (0 GB) is required!
Estimate model parameters (epsilon = 0.100)
1. Initial log-likelihood: -19191.008
Optimal log-likelihood: -19191.000
Gamma shape alpha: 1.227
Parameters optimization took 1 rounds (0.082 sec)
Computing ML distances based on estimated model parameters...
Computing ML distances took 0.332316 sec (of wall-clock time) 0.664292 sec(of CPU time)
Computing RapidNJ tree took 0.001145 sec (of wall-clock time) 0.000271 sec (of CPU time)
Log-likelihood of RapidNJ tree: -19338.847
--------------------------------------------------------------------
|             INITIALIZING CANDIDATE TREE SET                      |
--------------------------------------------------------------------
Generating 98 parsimony trees... 1.702 second
Computing log-likelihood of 98 initial trees ... 2.963 seconds
Current best score: -19191.000

Do NNI search on 20 best initial trees
Estimate model parameters (epsilon = 0.100)
BETTER TREE FOUND at iteration 1: -19190.999
Estimate model parameters (epsilon = 0.100)
BETTER TREE FOUND at iteration 2: -19169.219
Iteration 10 / LogL: -19174.450 / Time: 0h:0m:11s
Iteration 20 / LogL: -19182.965 / Time: 0h:0m:18s
Finish initializing candidate tree set (20)
Current best tree score: -19169.219 / CPU time: 17.968
Number of iterations: 20
--------------------------------------------------------------------
|               OPTIMIZING CANDIDATE TREE SET                      |
--------------------------------------------------------------------
Estimate model parameters (epsilon = 0.100)
BETTER TREE FOUND at iteration 21: -19164.261
Iteration 30 / LogL: -19164.614 / Time: 0h:0m:24s (0h:2m:43s left)
Iteration 40 / LogL: -19165.863 / Time: 0h:0m:30s (0h:2m:22s left)
Iteration 50 / LogL: -19164.412 / Time: 0h:0m:36s (0h:2m:8s left)
Log-likelihood cutoff on original alignment: -19222.349
Iteration 60 / LogL: -19164.646 / Time: 0h:0m:43s (0h:1m:58s left)
Iteration 70 / LogL: -19166.377 / Time: 0h:0m:48s (0h:1m:46s left)
Iteration 80 / LogL: -19166.848 / Time: 0h:0m:54s (0h:1m:37s left)
Iteration 90 / LogL: -19164.334 / Time: 0h:1m:0s (0h:1m:28s left)
Iteration 100 / LogL: -19166.377 / Time: 0h:1m:6s (0h:1m:21s left)
Log-likelihood cutoff on original alignment: -19222.349
NOTE: Bootstrap correlation coefficient of split occurrence frequencies: 0.995
Iteration 110 / LogL: -19164.896 / Time: 0h:1m:13s (0h:1m:14s left)
Iteration 120 / LogL: -19165.230 / Time: 0h:1m:19s (0h:1m:7s left)
Iteration 130 / LogL: -19165.104 / Time: 0h:1m:25s (0h:1m:0s left)
Estimate model parameters (epsilon = 0.100)
UPDATE BEST LOG-LIKELIHOOD: -19164.124
Iteration 140 / LogL: -19166.573 / Time: 0h:1m:31s (0h:0m:53s left)
Iteration 150 / LogL: -19164.379 / Time: 0h:1m:36s (0h:0m:46s left)
Log-likelihood cutoff on original alignment: -19222.349
Iteration 160 / LogL: -19164.660 / Time: 0h:1m:42s (0h:0m:39s left)
Iteration 170 / LogL: -19165.424 / Time: 0h:1m:48s (0h:0m:32s left)
Iteration 180 / LogL: -19164.368 / Time: 0h:1m:53s (0h:0m:26s left)
Iteration 190 / LogL: -19170.492 / Time: 0h:1m:59s (0h:0m:19s left)
Iteration 200 / LogL: -19172.672 / Time: 0h:2m:6s (0h:0m:13s left)
Log-likelihood cutoff on original alignment: -19222.349
NOTE: Bootstrap correlation coefficient of split occurrence frequencies: 0.999
Iteration 210 / LogL: -19165.775 / Time: 0h:2m:12s (0h:0m:56s left)
Iteration 220 / LogL: -19165.594 / Time: 0h:2m:19s (0h:0m:50s left)
TREE SEARCH COMPLETED AFTER 222 ITERATIONS / Time: 0h:2m:20s

--------------------------------------------------------------------
|                    FINALIZING TREE SEARCH                        |
--------------------------------------------------------------------
Performs final model parameters optimization
Estimate model parameters (epsilon = 0.010)
1. Initial log-likelihood: -19164.124
Optimal log-likelihood: -19164.114
Gamma shape alpha: 1.225
Parameters optimization took 1 rounds (0.082 sec)
BEST SCORE FOUND : -19164.114
Creating bootstrap support values...
Split supports printed to NEXUS file results_broccoli_metc/alignments/OG_2367.iqtree.splits.nex
Total tree length: 37.206

Total number of iterations: 222
CPU time used for tree search: 275.439 sec (0h:4m:35s)
Wall-clock time used for tree search: 139.526 sec (0h:2m:19s)
Total CPU time used: 277.517 sec (0h:4m:37s)
Total wall-clock time used: 140.635 sec (0h:2m:20s)

Computing bootstrap consensus tree...
Reading input file results_broccoli_metc/alignments/OG_2367.iqtree.splits.nex...
64 taxa and 547 splits.
Consensus tree written to results_broccoli_metc/alignments/OG_2367.iqtree.contree
Reading input trees file results_broccoli_metc/alignments/OG_2367.iqtree.contree
Log-likelihood of consensus tree: -19165.319

Analysis results written to: 
  IQ-TREE report:                results_broccoli_metc/alignments/OG_2367.iqtree.iqtree
  Maximum-likelihood tree:       results_broccoli_metc/alignments/OG_2367.iqtree.treefile
  Likelihood distances:          results_broccoli_metc/alignments/OG_2367.iqtree.mldist

Ultrafast bootstrap approximation results written to:
  Split support values:          results_broccoli_metc/alignments/OG_2367.iqtree.splits.nex
  Consensus tree:                results_broccoli_metc/alignments/OG_2367.iqtree.contree
  Screen log file:               results_broccoli_metc/alignments/OG_2367.iqtree.log

Date and Time: Fri Jun  3 12:17:05 2022
