IQ-TREE multicore version 2.1.0 for Linux 64-bit built Jul 18 2020
Developed by Bui Quang Minh, James Barbetti, Nguyen Lam Tung,
Olga Chernomor, Heiko Schmidt, Dominik Schrempf, Michael Woodhams.

Host:    node-hp0512.linux.crg.es (AVX, 125 GB RAM)
Command: /users/asebe/xgraubove/Programes/iqtree-2.1.0-Linux/bin/iqtree2 -s results_broccoli_metc/alignments/OG_275.lt.fasta -m TEST -mset LG,WAG,JTT -nt AUTO -ntmax 2 -bb 1000 -pre results_broccoli_metc/alignments/OG_275.iqtree -nm 10000 -nstop 200 -cptime 1800
Seed:    995671 (Using SPRNG - Scalable Parallel Random Number Generator)
Time:    Fri Jun  3 12:50:03 2022
Kernel:  AVX - auto-detect threads (2 CPU cores detected)

Reading alignment file results_broccoli_metc/alignments/OG_275.lt.fasta ... Fasta format detected
Alignment most likely contains protein sequences
Alignment has 67 sequences with 245 columns, 244 distinct patterns
231 parsimony-informative, 0 singleton sites, 14 constant sites
                                                      Gap/Ambiguity  Composition  p-value
   1  Bralan_BLAG12000686_1                                   1.22%    passed     98.50%
   2  Skow_XM_006824693.1                                     3.27%    passed     91.53%
   3  Cgig_XM_011427680.3                                     2.04%    passed     99.67%
   4  Exapal_XM_021037485.1                                   2.45%    passed     97.06%
   5  Nvec_v1g139747                                          2.45%    passed     97.42%
   6  Adig_XM_015901102.1                                     3.27%    passed     93.17%
   7  Amil_Amillepora23489-RA                                27.76%    passed     98.75%
   8  Gfas_gfas1.m1.5846.m1                                   2.04%    passed     74.02%
   9  Gasp_gasp1.m3.28173.m1                                  2.04%    passed     99.71%
  10  Pocdam_XM_027195583.1                                   2.04%    passed     99.74%
  11  Fspp_ffun1.m4.351.m1                                    0.00%    passed     97.42%
  12  Spis_XP_022788933_1                                    14.69%    passed     68.50%
  13  Ctel_gnl_WGS_AMQN_CAPTEDRAFT_mRNA196103                 0.00%    passed     92.60%
  14  Stycar_maker-SC_scaffold29010-snap-gene-0.112-mRNA-1    0.00%    passed    100.00%
  15  Spolac_c102398_g1_i1_m.29167c102398-g1                  0.00%    passed     97.11%
  16  Dpul_mRNA30848                                          1.63%    passed     99.99%
  17  Sros_EGD73456                                          64.49%    passed     13.34%
  18  Microa_EP00043_Microstomoeca_roanoka_P016001            0.41%    passed     89.33%
  19  Salinf_EP00049_Salpingoeca_infusionum_P023700           0.41%    passed     77.11%
  20  Salurc_EP00051_Salpingoeca_urceolata_P021271           12.24%    passed     90.58%
  21  Codhol_EP00042_Codosiga_hollandica_P057418              1.63%    passed     65.32%
  22  Mylflu_EP00047_Mylnosiga_fluctuans_P011380              0.41%    passed     54.57%
  23  Lcom_lcpid104385                                        1.22%    passed     88.55%
  24  Leuniv_Lniv_C805072_01                                  1.22%    passed     83.29%
  25  Gracom_Gcom_scaffold10351_01                            1.22%    passed     90.51%
  26  Clacor_Ccor_scaffold13704_01                           16.73%    passed     99.98%
  27  Mbre_EDQ92339                                           1.22%    passed     99.24%
  28  Choper_EP00045_Choanoeca_perplexa_P008440              21.63%    passed     82.42%
  29  Chofle_EP00730_Choanoeca_flexa_P012098                  4.08%    passed     98.57%
  30  Dgig_XM_028549688.1                                     1.22%    passed     97.68%
  31  Xesp_014280-T1                                          0.00%    passed     95.15%
  32  Plajan_Pjan_scaffold19011_01                           28.57%    passed     75.18%
  33  Spur_XM_030990272.1                                     0.00%    passed     99.58%
  34  Tadh_TriadT56014                                        1.63%    passed     94.02%
  35  TrH2_TrispH2_004381-RA                                  1.63%    passed     94.02%
  36  HoiH06_mRNA1960                                        11.84%    passed     92.81%
  37  Hhon_g07979.t1                                          2.04%    passed     99.21%
  38  HoiH04_mRNA9902                                         2.04%    passed     98.24%
  39  HoiH23_PlH23_006156-RA                                  6.94%    passed     88.56%
  40  HoiH11_mRNA1482                                        35.51%    passed     90.72%
  41  Salmac_EP00052_Salpingoeca_macrocollata_P000919         1.22%    passed     40.43%
  42  Salpun_EP00053_Salpingoeca_punica_P023579               0.00%    passed     22.74%
  43  Salkve_EP00050_Salpingoeca_kvevrii_P015972              0.41%    passed     96.79%
  44  Nemnom_g5450.t1                                         0.41%    passed     88.93%
  45  Rhoesc_Res_007758-T1                                    0.41%    passed     91.91%
  46  Sanmal_Sma_015543-T1                                    6.53%    passed     55.10%
  47  Opea_EP00118_Oscarella_pearsei_P009878                  0.82%    passed     99.91%
  48  Saldol_EP00054_Salpingoeca_dolichothecata_P004969       0.41%    passed     74.83%
  49  Aaur_scaffold518.g11.t1                                10.61%    passed     43.74%
  50  Tetwil_g23666.t1                                        8.16%    passed     98.98%
  51  Stedip_EP00041_Stephanoeca_diplocostata_P025436         0.82%    passed     82.44%
  52  Vmul_SimC388046                                         0.00%    passed     61.36%
  53  Coeast_Cast_sb756984                                    2.86%    passed     98.83%
  54  Coemet_Cmet_C586959_01                                  2.86%    passed     95.46%
  55  Drygla_Dgla_sb289439                                   32.24%    passed     89.90%
  56  Beraby_Baby_sb345487                                    0.82%    passed     76.55%
  57  Lampan_Lpan_C411893_01                                  2.86%    passed     84.30%
  58  Eupdun_Edun_sb10645991                                  2.86%    passed     99.15%
  59  Acaspe_EP00035_Acanthoeca_spectabilis_P022182           0.41%    passed     20.73%
  60  Helnan_EP00037_Helgoeca_nana_P028922                    0.00%    passed     61.29%
  61  Didcos_EP00039_Didymoeca_costata_P031211                1.22%    passed     89.71%
  62  Diagra_EP00040_Diaphanoeca_grandis_P000574              0.00%    passed     53.26%
  63  Pbac_sb2647696                                          0.00%    passed     70.80%
  64  Horcal_Hcv1.av93.c5.g652.i1                             2.86%    passed     69.26%
  65  Emue_Em0006g646a.t1                                     2.45%    passed     38.10%
  66  Acagra_model.g9207.t1                                   6.94%    passed     71.20%
  67  Ocar_g7434                                             65.71%    passed     60.09%
WARNING: 2 sequences contain more than 50% gaps/ambiguity
****  TOTAL                                                   6.52%  0 sequences failed composition chi2 test (p-value<5%; df=19)
NOTE: TrH2_TrispH2_004381-RA is identical to Tadh_TriadT56014 but kept for subsequent analysis


Create initial parsimony tree by phylogenetic likelihood library (PLL)... 0.012 seconds
Measuring multi-threading efficiency up to 2 CPU cores
Increase to 10 rounds for branch lengths
5 trees examined
Threads: 1 / Time: 2.040 sec / Speedup: 1.000 / Efficiency: 100% / LogL: -22459
Threads: 2 / Time: 1.133 sec / Speedup: 1.801 / Efficiency: 90% / LogL: -22459
BEST NUMBER OF THREADS: 2

Perform fast likelihood tree search using LG+I+G model...
Estimate model parameters (epsilon = 5.000)
Perform nearest neighbor interchange...
Estimate model parameters (epsilon = 1.000)
1. Initial log-likelihood: -17474.100
Optimal log-likelihood: -17474.090
Proportion of invariable sites: 0.052
Gamma shape alpha: 1.458
Parameters optimization took 1 rounds (0.087 sec)
Time for fast ML tree search: 1.243 seconds

NOTE: ModelFinder requires 11 MB RAM!
ModelFinder will test up to 24 protein models (sample size: 245) ...
 No. Model         -LnL         df  AIC          AICc         BIC
  1  LG            18322.490    131 36906.979    37213.032    37365.644
  2  LG+I          18152.061    132 36568.123    36881.623    37030.289
  3  LG+G4         17496.977    132 35257.955    35571.455    35720.121
  4  LG+I+G4       17474.096    133 35214.193    35535.310    35679.860
  8  LG+F+I+G4     17434.347    152 35172.694    35678.259    35704.885
 12  WAG+I+G4      17562.271    133 35390.541    35711.658    35856.209
 16  WAG+F+I+G4    17532.807    152 35369.615    35875.180    35901.806
 20  JTT+I+G4      17711.934    133 35689.869    36010.986    36155.536
 24  JTT+F+I+G4    17677.532    152 35659.064    36164.629    36191.255
Akaike Information Criterion:           LG+F+I+G4
Corrected Akaike Information Criterion: LG+I+G4
Bayesian Information Criterion:         LG+I+G4
Best-fit model: LG+I+G4 chosen according to BIC

All model information printed to results_broccoli_metc/alignments/OG_275.iqtree.model.gz
CPU time for ModelFinder: 11.144 seconds (0h:0m:11s)
Wall-clock time for ModelFinder: 6.564 seconds (0h:0m:6s)
Generating 1000 samples for ultrafast bootstrap (seed: 995671)...

NOTE: 11 MB RAM (0 GB) is required!
Estimate model parameters (epsilon = 0.100)
Thoroughly optimizing +I+G parameters from 10 start values...
Init pinv, alpha: 0.000, 1.458 / Estimate: 0.052, 1.456 / LogL: -17474.101
Init pinv, alpha: 0.006, 1.458 / Estimate: 0.052, 1.456 / LogL: -17474.098
Init pinv, alpha: 0.013, 1.458 / Estimate: 0.052, 1.458 / LogL: -17474.098
Init pinv, alpha: 0.019, 1.458 / Estimate: 0.052, 1.458 / LogL: -17474.095
Init pinv, alpha: 0.025, 1.458 / Estimate: 0.052, 1.459 / LogL: -17474.093
Init pinv, alpha: 0.032, 1.458 / Estimate: 0.052, 1.456 / LogL: -17474.102
Init pinv, alpha: 0.038, 1.458 / Estimate: 0.052, 1.457 / LogL: -17474.096
Init pinv, alpha: 0.044, 1.458 / Estimate: 0.052, 1.458 / LogL: -17474.093
Init pinv, alpha: 0.051, 1.458 / Estimate: 0.052, 1.458 / LogL: -17474.092
Init pinv, alpha: 0.057, 1.458 / Estimate: 0.052, 1.460 / LogL: -17474.093
Optimal pinv,alpha: 0.052, 1.458 / LogL: -17474.092

Parameters optimization took 2.812 sec
Computing ML distances based on estimated model parameters...
Computing ML distances took 0.255463 sec (of wall-clock time) 0.510845 sec(of CPU time)
Computing RapidNJ tree took 0.000951 sec (of wall-clock time) 0.000903 sec (of CPU time)
Log-likelihood of RapidNJ tree: -17542.342
--------------------------------------------------------------------
|             INITIALIZING CANDIDATE TREE SET                      |
--------------------------------------------------------------------
Generating 98 parsimony trees... 1.464 second
Computing log-likelihood of 98 initial trees ... 2.717 seconds
Current best score: -17474.092

Do NNI search on 20 best initial trees
Estimate model parameters (epsilon = 0.100)
BETTER TREE FOUND at iteration 1: -17474.090
Estimate model parameters (epsilon = 0.100)
BETTER TREE FOUND at iteration 2: -17442.311
Iteration 10 / LogL: -17447.461 / Time: 0h:0m:13s
Estimate model parameters (epsilon = 0.100)
BETTER TREE FOUND at iteration 15: -17438.320
Iteration 20 / LogL: -17459.612 / Time: 0h:0m:19s
Finish initializing candidate tree set (20)
Current best tree score: -17438.320 / CPU time: 16.457
Number of iterations: 20
--------------------------------------------------------------------
|               OPTIMIZING CANDIDATE TREE SET                      |
--------------------------------------------------------------------
Estimate model parameters (epsilon = 0.100)
BETTER TREE FOUND at iteration 27: -17438.299
Iteration 30 / LogL: -17438.299 / Time: 0h:0m:26s (0h:3m:2s left)
Estimate model parameters (epsilon = 0.100)
BETTER TREE FOUND at iteration 36: -17437.426
Iteration 40 / LogL: -17440.421 / Time: 0h:0m:33s (0h:2m:48s left)
Estimate model parameters (epsilon = 0.100)
BETTER TREE FOUND at iteration 41: -17437.334
Estimate model parameters (epsilon = 0.100)
BETTER TREE FOUND at iteration 42: -17437.056
Iteration 50 / LogL: -17437.296 / Time: 0h:0m:40s (0h:2m:37s left)
Log-likelihood cutoff on original alignment: -17492.380
Estimate model parameters (epsilon = 0.100)
BETTER TREE FOUND at iteration 54: -17436.328
Iteration 60 / LogL: -17436.339 / Time: 0h:0m:46s (0h:2m:32s left)
Estimate model parameters (epsilon = 0.100)
BETTER TREE FOUND at iteration 67: -17435.742
Iteration 70 / LogL: -17439.646 / Time: 0h:0m:52s (0h:2m:30s left)
Estimate model parameters (epsilon = 0.100)
BETTER TREE FOUND at iteration 79: -17435.693
Iteration 80 / LogL: -17442.180 / Time: 0h:0m:59s (0h:2m:28s left)
Iteration 90 / LogL: -17442.929 / Time: 0h:1m:5s (0h:2m:19s left)
Iteration 100 / LogL: -17435.939 / Time: 0h:1m:11s (0h:2m:9s left)
Log-likelihood cutoff on original alignment: -17492.380
NOTE: Bootstrap correlation coefficient of split occurrence frequencies: 0.998
Iteration 110 / LogL: -17435.936 / Time: 0h:1m:17s (0h:2m:0s left)
Estimate model parameters (epsilon = 0.100)
BETTER TREE FOUND at iteration 115: -17435.152
Estimate model parameters (epsilon = 0.100)
BETTER TREE FOUND at iteration 116: -17435.099
Iteration 120 / LogL: -17437.100 / Time: 0h:1m:24s (0h:2m:19s left)
Estimate model parameters (epsilon = 0.100)
BETTER TREE FOUND at iteration 124: -17434.265
Iteration 130 / LogL: -17436.438 / Time: 0h:1m:31s (0h:2m:17s left)
Iteration 140 / LogL: -17439.020 / Time: 0h:1m:38s (0h:2m:10s left)
Iteration 150 / LogL: -17434.266 / Time: 0h:1m:44s (0h:2m:2s left)
Log-likelihood cutoff on original alignment: -17492.380
Iteration 160 / LogL: -17436.822 / Time: 0h:1m:51s (0h:1m:55s left)
Iteration 170 / LogL: -17435.167 / Time: 0h:1m:58s (0h:1m:47s left)
Iteration 180 / LogL: -17434.268 / Time: 0h:2m:4s (0h:1m:40s left)
Iteration 190 / LogL: -17441.620 / Time: 0h:2m:11s (0h:1m:33s left)
Iteration 200 / LogL: -17435.790 / Time: 0h:2m:18s (0h:1m:26s left)
Log-likelihood cutoff on original alignment: -17492.380
NOTE: Bootstrap correlation coefficient of split occurrence frequencies: 0.997
Iteration 210 / LogL: -17435.109 / Time: 0h:2m:26s (0h:1m:19s left)
Iteration 220 / LogL: -17444.285 / Time: 0h:2m:33s (0h:1m:12s left)
Iteration 230 / LogL: -17445.474 / Time: 0h:2m:39s (0h:1m:5s left)
Iteration 240 / LogL: -17438.075 / Time: 0h:2m:46s (0h:0m:58s left)
Iteration 250 / LogL: -17437.270 / Time: 0h:2m:52s (0h:0m:51s left)
Log-likelihood cutoff on original alignment: -17492.380
Iteration 260 / LogL: -17442.538 / Time: 0h:2m:59s (0h:0m:44s left)
Iteration 270 / LogL: -17435.586 / Time: 0h:3m:6s (0h:0m:37s left)
Iteration 280 / LogL: -17436.612 / Time: 0h:3m:13s (0h:0m:30s left)
Iteration 290 / LogL: -17435.700 / Time: 0h:3m:20s (0h:0m:23s left)
Iteration 300 / LogL: -17436.699 / Time: 0h:3m:27s (0h:0m:16s left)
Log-likelihood cutoff on original alignment: -17492.380
NOTE: Bootstrap correlation coefficient of split occurrence frequencies: 0.999
Iteration 310 / LogL: -17437.601 / Time: 0h:3m:34s (0h:1m:2s left)
Iteration 320 / LogL: -17434.808 / Time: 0h:3m:41s (0h:0m:55s left)
TREE SEARCH COMPLETED AFTER 325 ITERATIONS / Time: 0h:3m:45s

--------------------------------------------------------------------
|                    FINALIZING TREE SEARCH                        |
--------------------------------------------------------------------
Performs final model parameters optimization
Estimate model parameters (epsilon = 0.010)
1. Initial log-likelihood: -17434.265
Optimal log-likelihood: -17434.265
Proportion of invariable sites: 0.052
Gamma shape alpha: 1.468
Parameters optimization took 1 rounds (0.090 sec)
BEST SCORE FOUND : -17434.265
Creating bootstrap support values...
Split supports printed to NEXUS file results_broccoli_metc/alignments/OG_275.iqtree.splits.nex
Total tree length: 27.225

Total number of iterations: 325
CPU time used for tree search: 439.362 sec (0h:7m:19s)
Wall-clock time used for tree search: 221.739 sec (0h:3m:41s)
Total CPU time used: 446.536 sec (0h:7m:26s)
Total wall-clock time used: 225.406 sec (0h:3m:45s)

Computing bootstrap consensus tree...
Reading input file results_broccoli_metc/alignments/OG_275.iqtree.splits.nex...
67 taxa and 740 splits.
Consensus tree written to results_broccoli_metc/alignments/OG_275.iqtree.contree
Reading input trees file results_broccoli_metc/alignments/OG_275.iqtree.contree
Log-likelihood of consensus tree: -17435.733

Analysis results written to: 
  IQ-TREE report:                results_broccoli_metc/alignments/OG_275.iqtree.iqtree
  Maximum-likelihood tree:       results_broccoli_metc/alignments/OG_275.iqtree.treefile
  Likelihood distances:          results_broccoli_metc/alignments/OG_275.iqtree.mldist

Ultrafast bootstrap approximation results written to:
  Split support values:          results_broccoli_metc/alignments/OG_275.iqtree.splits.nex
  Consensus tree:                results_broccoli_metc/alignments/OG_275.iqtree.contree
  Screen log file:               results_broccoli_metc/alignments/OG_275.iqtree.log

Date and Time: Fri Jun  3 12:53:56 2022
