IQ-TREE multicore version 2.1.0 for Linux 64-bit built Jul 18 2020
Developed by Bui Quang Minh, James Barbetti, Nguyen Lam Tung,
Olga Chernomor, Heiko Schmidt, Dominik Schrempf, Michael Woodhams.

Host:    node-hp0515.linux.crg.es (AVX, 125 GB RAM)
Command: /users/asebe/xgraubove/Programes/iqtree-2.1.0-Linux/bin/iqtree2 -s results_broccoli_metc/alignments/OG_2039.lt.fasta -m TEST -mset LG,WAG,JTT -nt AUTO -ntmax 2 -bb 1000 -pre results_broccoli_metc/alignments/OG_2039.iqtree -nm 10000 -nstop 200 -cptime 1800
Seed:    423751 (Using SPRNG - Scalable Parallel Random Number Generator)
Time:    Fri Jun  3 11:32:00 2022
Kernel:  AVX - auto-detect threads (2 CPU cores detected)

Reading alignment file results_broccoli_metc/alignments/OG_2039.lt.fasta ... Fasta format detected
Alignment most likely contains protein sequences
Alignment has 62 sequences with 1010 columns, 839 distinct patterns
577 parsimony-informative, 0 singleton sites, 433 constant sites
                                                     Gap/Ambiguity  Composition  p-value
   1  Hsap_ENST00000314595                                   0.50%    passed    100.00%
   2  Bralan_BLAG03000941_1                                  0.30%    passed    100.00%
   3  Spur_XM_030986339.1                                    0.40%    passed     99.89%
   4  Skow_XM_002740536.2                                    0.40%    passed    100.00%
   5  Tcas_TC011771_001                                      0.50%    passed     99.46%
   6  Dpul_mRNA12831                                         0.50%    passed     99.61%
   7  Cscu_XM_023376545.1                                    0.69%    passed     99.92%
   8  Cgig_XM_034474438.1                                    0.20%    passed     99.72%
   9  Acagra_model.g1260.t1                                  0.40%    passed    100.00%
  10  Ctel_gnl_WGS_AMQN_CAPTEDRAFT_mRNA172112                0.69%    passed    100.00%
  11  Clacor_Ccor_C536223_01                                63.66%    passed     95.06%
  12  Scil_scict009364.1                                     1.09%    passed     99.99%
  13  Gracom_Gcom_scaffold12020_01                           1.19%    passed    100.00%
  14  Lcom_lcpid26091                                        1.19%    passed     99.88%
  15  Leuniv_Lniv_scaffold15726_01                          33.96%    passed     94.02%
  16  Exapal_XM_028659544.1                                  8.51%    passed    100.00%
  17  Nvec_v1g189883                                         0.10%    passed    100.00%
  18  Amil_Amillepora04583-RA                                5.84%    passed     99.94%
  19  Gfas_gfas1.m1.18069.m1                                 8.12%    passed    100.00%
  20  Spis_XP_022778986_1                                    0.10%    passed     99.99%
  21  Pocdam_XM_027183285.1                                  0.10%    passed    100.00%
  22  Fspp_ffun1.m4.15756.m1                                 0.10%    passed    100.00%
  23  Adig_XM_015915460.1                                   35.84%    passed     84.90%
  24  Dgig_XM_028535050.1                                    0.10%    passed    100.00%
  25  Xesp_013985-T1                                        12.87%    passed     99.99%
  26  Gasp_gasp1.m3.13486.m1                                51.29%    passed     71.71%
  27  Hvul_g22806_1                                          0.00%    passed     99.99%
  28  Chem_TCONS_00004688                                   27.23%    passed     99.91%
  29  Nemnom_g9359.t1                                        0.30%    passed     99.63%
  30  Rhoesc_Res_002964-T1                                   0.30%    passed     99.96%
  31  Sanmal_Sma_008446-T1                                   0.10%    passed    100.00%
  32  Morvir_scaffold4.g135.t1                               4.36%    passed    100.00%
  33  Aque_Aqu2.1.19194_001                                  0.50%    passed     99.99%
  34  Halamb_c47099_g1_i1m.21755                             0.79%    passed    100.00%
  35  Xestes_maker-XT_scaffold56-snap-gene-0.9-mRNA-1       47.03%    passed     69.76%
  36  Emue_Em0013g645a.t1                                    0.30%    passed     99.84%
  37  Spolac_c103100_g1_i1_m.32480c103100-g1                21.98%    passed     99.99%
  38  Plespi_Pspi_scaffold12742_01                           1.68%    passed    100.00%
  39  Ocar_g6655                                             4.55%    passed     97.76%
  40  Opea_EP00118_Oscarella_pearsei_P025653                 0.20%    passed     99.89%
  41  Plajan_Pjan_C571506_01                                 0.59%    passed     99.97%
  42  Tadh_TriadT58512                                       1.68%    passed     99.42%
  43  TrH2_TrispH2_005160-RA                                 0.40%    passed     99.63%
  44  HoiH06_mRNA5557                                        0.40%    passed     99.98%
  45  HoiH23_PlH23_003282-RA                                 0.40%    passed     99.93%
  46  HoiH11_mRNA7402                                        0.40%    passed     99.69%
  47  Hhon_g02251.t1                                         0.40%    passed     99.99%
  48  HoiH04_mRNA1666                                        0.40%    passed     99.98%
  49  Mlei_ML0061.g23.i1                                     0.79%    passed     98.52%
  50  Bolinf_Binf_sb1256712                                 31.29%    passed     97.10%
  51  Drygla_Dgla_sb299631                                  40.00%    passed     89.72%
  52  Mertsp_Mesp_sb567554                                  50.69%    passed     90.23%
  53  Lampan_Lpan_C420375_01                                 0.79%    passed     87.50%
  54  Beraby_Baby_sb340007                                  58.22%    passed     95.12%
  55  Pbac_sb2660051                                        56.44%    passed     66.17%
  56  Horcal_Hcv1.av93.c6.g607.i1                            0.79%    passed     96.22%
  57  Vmul_SimC406746                                        0.89%    passed     87.66%
  58  Coeast_Cast_sb811990                                   3.86%    passed     83.36%
  59  Coemet_Cmet_C607688_01                                 0.89%    passed     86.53%
  60  Eupdun_Edun_sb10669297                                 3.86%    passed     99.90%
  61  Stycar_maker-SC_scaffold30334-snap-gene-0.24-mRNA-1   12.48%    passed     98.05%
  62  Saldol_EP00054_Salpingoeca_dolichothecata_P008910      1.09%    passed     99.18%
WARNING: 5 sequences contain more than 50% gaps/ambiguity
****  TOTAL                                                  9.75%  0 sequences failed composition chi2 test (p-value<5%; df=19)


Create initial parsimony tree by phylogenetic likelihood library (PLL)... 0.023 seconds
Measuring multi-threading efficiency up to 2 CPU cores
Increase to 10 rounds for branch lengths
2 trees examined
Threads: 1 / Time: 2.462 sec / Speedup: 1.000 / Efficiency: 100% / LogL: -37558
Threads: 2 / Time: 1.265 sec / Speedup: 1.946 / Efficiency: 97% / LogL: -37558
BEST NUMBER OF THREADS: 2

Perform fast likelihood tree search using LG+I+G model...
Estimate model parameters (epsilon = 5.000)
Perform nearest neighbor interchange...
Estimate model parameters (epsilon = 1.000)
1. Initial log-likelihood: -21437.249
2. Current log-likelihood: -21435.742
Optimal log-likelihood: -21434.701
Proportion of invariable sites: 0.312
Gamma shape alpha: 0.813
Parameters optimization took 2 rounds (0.870 sec)
Time for fast ML tree search: 3.430 seconds

NOTE: ModelFinder requires 36 MB RAM!
ModelFinder will test up to 24 protein models (sample size: 1010) ...
 No. Model         -LnL         df  AIC          AICc         BIC
  1  LG            23274.102    121 46790.204    46823.452    47385.246
  2  LG+I          22060.657    122 44365.315    44399.150    44965.275
  3  LG+G4         21491.830    122 43227.660    43261.495    43827.620
  4  LG+I+G4       21432.838    123 43111.676    43146.105    43716.553
  8  LG+F+I+G4     21392.949    142 43069.899    43116.741    43768.213
 12  WAG+I+G4      21652.704    123 43551.407    43585.836    44156.285
 16  WAG+F+I+G4    21593.540    142 43471.079    43517.921    44169.394
 20  JTT+I+G4      21592.259    123 43430.518    43464.947    44035.396
 24  JTT+F+I+G4    21559.364    142 43402.728    43449.570    44101.042
Akaike Information Criterion:           LG+F+I+G4
Corrected Akaike Information Criterion: LG+F+I+G4
Bayesian Information Criterion:         LG+I+G4
Best-fit model: LG+I+G4 chosen according to BIC

All model information printed to results_broccoli_metc/alignments/OG_2039.iqtree.model.gz
CPU time for ModelFinder: 28.903 seconds (0h:0m:28s)
Wall-clock time for ModelFinder: 15.689 seconds (0h:0m:15s)
Generating 1000 samples for ultrafast bootstrap (seed: 423751)...

NOTE: 36 MB RAM (0 GB) is required!
Estimate model parameters (epsilon = 0.100)
Thoroughly optimizing +I+G parameters from 10 start values...
Init pinv, alpha: 0.000, 0.974 / Estimate: 0.000, 0.404 / LogL: -21491.829
Init pinv, alpha: 0.048, 0.974 / Estimate: 0.349, 0.975 / LogL: -21432.831
Init pinv, alpha: 0.095, 0.974 / Estimate: 0.348, 0.969 / LogL: -21432.858
Init pinv, alpha: 0.143, 0.974 / Estimate: 0.349, 0.977 / LogL: -21432.826
Init pinv, alpha: 0.191, 0.974 / Estimate: 0.349, 0.977 / LogL: -21432.825
Init pinv, alpha: 0.238, 0.974 / Estimate: 0.349, 0.978 / LogL: -21432.823
Init pinv, alpha: 0.286, 0.974 / Estimate: 0.347, 0.968 / LogL: -21432.866
Init pinv, alpha: 0.333, 0.974 / Estimate: 0.349, 0.978 / LogL: -21432.820
Init pinv, alpha: 0.381, 0.974 / Estimate: 0.361, 1.044 / LogL: -21432.771
Init pinv, alpha: 0.429, 0.974 / Estimate: 0.362, 1.051 / LogL: -21432.795
Optimal pinv,alpha: 0.361, 1.044 / LogL: -21432.771

Parameters optimization took 38.011 sec
Computing ML distances based on estimated model parameters...
Computing ML distances took 0.343015 sec (of wall-clock time) 0.682891 sec(of CPU time)
Computing RapidNJ tree took 0.000913 sec (of wall-clock time) 0.000825 sec (of CPU time)
Log-likelihood of RapidNJ tree: -21658.941
--------------------------------------------------------------------
|             INITIALIZING CANDIDATE TREE SET                      |
--------------------------------------------------------------------
Generating 98 parsimony trees... 2.026 second
Computing log-likelihood of 98 initial trees ... 7.867 seconds
Current best score: -21432.771

Do NNI search on 20 best initial trees
Estimate model parameters (epsilon = 0.100)
BETTER TREE FOUND at iteration 1: -21432.755
Estimate model parameters (epsilon = 0.100)
BETTER TREE FOUND at iteration 2: -21429.772
Estimate model parameters (epsilon = 0.100)
BETTER TREE FOUND at iteration 4: -21427.945
Iteration 10 / LogL: -21429.849 / Time: 0h:0m:58s
Estimate model parameters (epsilon = 0.100)
BETTER TREE FOUND at iteration 18: -21426.596
Iteration 20 / LogL: -21433.762 / Time: 0h:1m:11s
Finish initializing candidate tree set (6)
Current best tree score: -21426.596 / CPU time: 32.095
Number of iterations: 20
--------------------------------------------------------------------
|               OPTIMIZING CANDIDATE TREE SET                      |
--------------------------------------------------------------------
Estimate model parameters (epsilon = 0.100)
BETTER TREE FOUND at iteration 22: -21422.504
Iteration 30 / LogL: -21422.634 / Time: 0h:1m:27s (0h:9m:39s left)
Iteration 40 / LogL: -21423.326 / Time: 0h:1m:43s (0h:8m:3s left)
Iteration 50 / LogL: -21462.660 / Time: 0h:1m:59s (0h:6m:58s left)
Log-likelihood cutoff on original alignment: -21466.949
Iteration 60 / LogL: -21422.906 / Time: 0h:2m:13s (0h:6m:7s left)
Iteration 70 / LogL: -21428.274 / Time: 0h:2m:30s (0h:5m:31s left)
Iteration 80 / LogL: -21424.354 / Time: 0h:2m:46s (0h:4m:58s left)
Iteration 90 / LogL: -21423.684 / Time: 0h:3m:2s (0h:4m:30s left)
Iteration 100 / LogL: -21422.541 / Time: 0h:3m:17s (0h:4m:3s left)
Log-likelihood cutoff on original alignment: -21466.949
NOTE: Bootstrap correlation coefficient of split occurrence frequencies: 0.996
Iteration 110 / LogL: -21424.257 / Time: 0h:3m:33s (0h:3m:39s left)
Iteration 120 / LogL: -21423.451 / Time: 0h:3m:49s (0h:3m:16s left)
Iteration 130 / LogL: -21423.110 / Time: 0h:4m:5s (0h:2m:55s left)
Iteration 140 / LogL: -21423.164 / Time: 0h:4m:22s (0h:2m:34s left)
Iteration 150 / LogL: -21425.254 / Time: 0h:4m:36s (0h:2m:13s left)
Log-likelihood cutoff on original alignment: -21467.710
Iteration 160 / LogL: -21430.003 / Time: 0h:4m:52s (0h:1m:54s left)
Iteration 170 / LogL: -21423.593 / Time: 0h:5m:8s (0h:1m:34s left)
Iteration 180 / LogL: -21423.687 / Time: 0h:5m:23s (0h:1m:15s left)
Iteration 190 / LogL: -21423.685 / Time: 0h:5m:39s (0h:0m:57s left)
Iteration 200 / LogL: -21423.747 / Time: 0h:5m:56s (0h:0m:39s left)
Log-likelihood cutoff on original alignment: -21467.710
NOTE: Bootstrap correlation coefficient of split occurrence frequencies: 0.999
Iteration 210 / LogL: -21422.532 / Time: 0h:6m:12s (0h:2m:40s left)
Iteration 220 / LogL: -21423.132 / Time: 0h:6m:27s (0h:2m:21s left)
TREE SEARCH COMPLETED AFTER 223 ITERATIONS / Time: 0h:6m:32s

--------------------------------------------------------------------
|                    FINALIZING TREE SEARCH                        |
--------------------------------------------------------------------
Performs final model parameters optimization
Estimate model parameters (epsilon = 0.010)
1. Initial log-likelihood: -21422.504
Optimal log-likelihood: -21422.504
Proportion of invariable sites: 0.355
Gamma shape alpha: 1.009
Parameters optimization took 1 rounds (0.258 sec)
BEST SCORE FOUND : -21422.504
Creating bootstrap support values...
Split supports printed to NEXUS file results_broccoli_metc/alignments/OG_2039.iqtree.splits.nex
Total tree length: 5.115

Total number of iterations: 223
CPU time used for tree search: 702.712 sec (0h:11m:42s)
Wall-clock time used for tree search: 353.524 sec (0h:5m:53s)
Total CPU time used: 781.328 sec (0h:13m:1s)
Total wall-clock time used: 393.055 sec (0h:6m:33s)

Computing bootstrap consensus tree...
Reading input file results_broccoli_metc/alignments/OG_2039.iqtree.splits.nex...
62 taxa and 283 splits.
Consensus tree written to results_broccoli_metc/alignments/OG_2039.iqtree.contree
Reading input trees file results_broccoli_metc/alignments/OG_2039.iqtree.contree
Log-likelihood of consensus tree: -21422.515

Analysis results written to: 
  IQ-TREE report:                results_broccoli_metc/alignments/OG_2039.iqtree.iqtree
  Maximum-likelihood tree:       results_broccoli_metc/alignments/OG_2039.iqtree.treefile
  Likelihood distances:          results_broccoli_metc/alignments/OG_2039.iqtree.mldist

Ultrafast bootstrap approximation results written to:
  Split support values:          results_broccoli_metc/alignments/OG_2039.iqtree.splits.nex
  Consensus tree:                results_broccoli_metc/alignments/OG_2039.iqtree.contree
  Screen log file:               results_broccoli_metc/alignments/OG_2039.iqtree.log

Date and Time: Fri Jun  3 11:38:49 2022
