IQ-TREE multicore version 2.1.0 for Linux 64-bit built Jul 18 2020
Developed by Bui Quang Minh, James Barbetti, Nguyen Lam Tung,
Olga Chernomor, Heiko Schmidt, Dominik Schrempf, Michael Woodhams.

Host:    node-hp0515.linux.crg.es (AVX, 125 GB RAM)
Command: /users/asebe/xgraubove/Programes/iqtree-2.1.0-Linux/bin/iqtree2 -s results_broccoli_metc/alignments/OG_3931.lt.fasta -m TEST -mset LG,WAG,JTT -nt AUTO -ntmax 2 -bb 1000 -pre results_broccoli_metc/alignments/OG_3931.iqtree -nm 10000 -nstop 200 -cptime 1800
Seed:    528946 (Using SPRNG - Scalable Parallel Random Number Generator)
Time:    Fri Jun  3 14:30:21 2022
Kernel:  AVX - auto-detect threads (2 CPU cores detected)

Reading alignment file results_broccoli_metc/alignments/OG_3931.lt.fasta ... Fasta format detected
Alignment most likely contains protein sequences
Alignment has 65 sequences with 1035 columns, 1035 distinct patterns
1010 parsimony-informative, 0 singleton sites, 25 constant sites
                                                   Gap/Ambiguity  Composition  p-value
   1  Hsap_ENST00000635101                                14.30%    failed      0.35%
   2  Hvul_g22305_1                                       57.87%    failed      1.82%
   3  Chem_TCONS_00006022                                 15.65%    failed      0.00%
   4  Rhoesc_Res_017260-T1                                39.13%    failed      0.02%
   5  Morvir_scaffold249.g25.t1                           23.29%    passed     60.22%
   6  Skow_XM_006815983.1                                 14.40%    failed      3.16%
   7  Tcas_TC011557_002                                   30.05%    failed      0.27%
   8  Dpul_mRNA10495                                      43.19%    failed      0.00%
   9  Cscu_XM_023363974.1                                 19.81%    failed      0.26%
  10  Exapal_XM_021043914.2                                8.60%    passed      7.22%
  11  Adig_XM_015907471.1                                 84.25%    passed     32.80%
  12  Gasp_gasp1.m3.5405.m1                               11.21%    passed     39.16%
  13  Gfas_gfas1.m1.14952.m1                              11.98%    passed     82.52%
  14  Spis_XP_022781981_1                                 17.49%    passed     47.96%
  15  Pocdam_XM_027185236.1                               11.79%    passed     25.23%
  16  Fspp_ffun1.m4.6577.m1                               12.46%    passed     90.64%
  17  Nvec_v1g100135                                      15.17%    passed     65.06%
  18  Amil_Amillepora36532-RA                             62.42%    failed      0.00%
  19  Dgig_XM_028541752.1                                 15.65%    passed     68.21%
  20  Xesp_015815-T1                                      15.75%    passed     40.05%
  21  Bralan_BLAG03000230_1                               13.72%    failed      0.01%
  22  Ctel_gnl_WGS_AMQN_CAPTEDRAFT_mRNA109432             16.81%    failed      3.82%
  23  Acagra_model.g1495.t1                               15.75%    passed     84.13%
  24  Cgig_XM_011442843.3                                 15.94%    passed     37.32%
  25  Spur_XM_030989645.1                                 12.17%    failed      1.43%
  26  Aque_Aqu2.1.36417_001                                8.41%    failed      0.00%
  27  Halamb_c53404_g1_i1m.35430                          38.45%    failed      0.10%
  28  Emue_Em0003g45a.t1                                  10.05%    failed      0.60%
  29  Spolac_c99955_g2_i2_m.21086c99955-g2                56.23%    passed     20.59%
  30  Tetwil_g6021.t1                                     20.58%    failed      0.00%
  31  Plajan_Pjan_C572148_01                               2.03%    failed      3.13%
  32  Opea_EP00118_Oscarella_pearsei_P002048               3.86%    failed      0.00%
  33  Tadh_TriadT18343                                    44.06%    failed      0.00%
  34  TrH2_TrispH2_005272-RA                               5.80%    failed      1.95%
  35  HoiH06_mRNA10973                                     5.41%    passed     28.39%
  36  HoiH23_PlH23_004719-RA                               5.41%    passed     29.59%
  37  Hhon_g08601.t1                                       5.60%    passed      5.09%
  38  HoiH04_mRNA10150                                     5.60%    passed      6.30%
  39  HoiH11_mRNA912                                      11.50%    failed      0.11%
  40  Scil_scict020840.1                                   9.18%    failed      0.13%
  41  Lcom_lcpid57202                                     27.63%    failed      1.16%
  42  Leuniv_Lniv_scaffold20506_01                        18.84%    failed      0.02%
  43  Gracom_Gcom_scaffold18454_01                        18.84%    failed      0.63%
  44  Choper_EP00045_Choanoeca_perplexa_P012534           24.54%    passed     51.04%
  45  Chofle_EP00730_Choanoeca_flexa_P007550              31.79%    failed      3.25%
  46  Mylflu_EP00047_Mylnosiga_fluctuans_P018676          27.63%    failed      0.00%
  47  Salmac_EP00052_Salpingoeca_macrocollata_P010745     36.71%    passed     14.65%
  48  Salpun_EP00053_Salpingoeca_punica_P018097           14.20%    failed      0.00%
  49  Salkve_EP00050_Salpingoeca_kvevrii_P022707          11.98%    failed      0.01%
  50  Salurc_EP00051_Salpingoeca_urceolata_P016885        21.64%    failed      1.97%
  51  Saldol_EP00054_Salpingoeca_dolichothecata_P024165   25.31%    failed      1.05%
  52  Sros_EGD83576                                       15.56%    failed      0.00%
  53  Microa_EP00043_Microstomoeca_roanoka_P019856        19.71%    failed      0.16%
  54  Acaspe_EP00035_Acanthoeca_spectabilis_P022622       18.84%    failed      0.64%
  55  Helnan_EP00037_Helgoeca_nana_P002093                19.81%    failed      0.10%
  56  Stedip_EP00041_Stephanoeca_diplocostata_P020273     20.39%    failed      0.13%
  57  Diagra_EP00040_Diaphanoeca_grandis_P028570          36.71%    passed      5.26%
  58  Didcos_EP00039_Didymoeca_costata_P033645            24.64%    passed     30.16%
  59  Codhol_EP00042_Codosiga_hollandica_P050829           7.63%    failed      0.00%
  60  Salinf_EP00049_Salpingoeca_infusionum_P001233       25.12%    failed      0.01%
  61  Ocar_g878                                           33.53%    failed      1.64%
  62  Aaur_scaffold961.g2.t1                              34.88%    failed      0.00%
  63  Nemnom_g2317.t1                                     59.71%    failed      3.43%
  64  Sanmal_Sma_023991-T1                                38.74%    failed      4.57%
  65  Plespi_Pspi_scaffold19601_01                        43.67%    failed      0.32%
WARNING: 5 sequences contain more than 50% gaps/ambiguity
****  TOTAL                                               22.91%  43 sequences failed composition chi2 test (p-value<5%; df=19)


Create initial parsimony tree by phylogenetic likelihood library (PLL)... 0.050 seconds
Measuring multi-threading efficiency up to 2 CPU cores
9 trees examined
Threads: 1 / Time: 2.165 sec / Speedup: 1.000 / Efficiency: 100% / LogL: -97127
Threads: 2 / Time: 1.081 sec / Speedup: 2.002 / Efficiency: 100% / LogL: -97127
BEST NUMBER OF THREADS: 2

Perform fast likelihood tree search using LG+I+G model...
Estimate model parameters (epsilon = 5.000)
Perform nearest neighbor interchange...
Estimate model parameters (epsilon = 1.000)
1. Initial log-likelihood: -74077.633
Optimal log-likelihood: -74077.528
Proportion of invariable sites: 0.021
Gamma shape alpha: 1.703
Parameters optimization took 1 rounds (0.349 sec)
Time for fast ML tree search: 2.933 seconds

NOTE: ModelFinder requires 46 MB RAM!
ModelFinder will test up to 24 protein models (sample size: 1035) ...
 No. Model         -LnL         df  AIC          AICc         BIC
  1  LG            76204.756    127 152663.512   152699.357   153291.166
  2  LG+I          75901.181    128 152058.362   152094.813   152690.958
  3  LG+G4         74129.394    128 148514.787   148551.237   149147.383
  4  LG+I+G4       74077.531    129 148413.062   148450.122   149050.600
  8  LG+F+I+G4     73246.303    148 146788.606   146838.385   147520.045
 12  WAG+I+G4      74359.174    129 148976.348   149013.409   149613.886
 16  WAG+F+I+G4    73800.415    148 147896.830   147946.608   148628.269
 20  JTT+I+G4      74193.044    129 148644.088   148681.149   149281.626
 24  JTT+F+I+G4    73620.976    148 147537.952   147587.731   148269.391
Akaike Information Criterion:           LG+F+I+G4
Corrected Akaike Information Criterion: LG+F+I+G4
Bayesian Information Criterion:         LG+F+I+G4
Best-fit model: LG+F+I+G4 chosen according to BIC

All model information printed to results_broccoli_metc/alignments/OG_3931.iqtree.model.gz
CPU time for ModelFinder: 34.003 seconds (0h:0m:34s)
Wall-clock time for ModelFinder: 18.304 seconds (0h:0m:18s)
Generating 1000 samples for ultrafast bootstrap (seed: 528946)...

NOTE: 46 MB RAM (0 GB) is required!
Estimate model parameters (epsilon = 0.100)
Thoroughly optimizing +I+G parameters from 10 start values...
Init pinv, alpha: 0.000, 1.535 / Estimate: 0.021, 1.530 / LogL: -73246.284
Init pinv, alpha: 0.003, 1.535 / Estimate: 0.021, 1.530 / LogL: -73246.283
Init pinv, alpha: 0.005, 1.535 / Estimate: 0.021, 1.532 / LogL: -73246.286
Init pinv, alpha: 0.008, 1.535 / Estimate: 0.021, 1.532 / LogL: -73246.285
Init pinv, alpha: 0.011, 1.535 / Estimate: 0.021, 1.534 / LogL: -73246.289
Init pinv, alpha: 0.013, 1.535 / Estimate: 0.021, 1.533 / LogL: -73246.294
Init pinv, alpha: 0.016, 1.535 / Estimate: 0.021, 1.532 / LogL: -73246.289
Init pinv, alpha: 0.019, 1.535 / Estimate: 0.021, 1.534 / LogL: -73246.286
Init pinv, alpha: 0.021, 1.535 / Estimate: 0.021, 1.533 / LogL: -73246.285
Init pinv, alpha: 0.024, 1.535 / Estimate: 0.021, 1.531 / LogL: -73246.282
Optimal pinv,alpha: 0.021, 1.531 / LogL: -73246.282

Parameters optimization took 10.521 sec
Computing ML distances based on estimated model parameters...
Computing ML distances took 0.295674 sec (of wall-clock time) 0.590575 sec(of CPU time)
Computing RapidNJ tree took 0.000938 sec (of wall-clock time) 0.000876 sec (of CPU time)
Log-likelihood of RapidNJ tree: -73770.641
--------------------------------------------------------------------
|             INITIALIZING CANDIDATE TREE SET                      |
--------------------------------------------------------------------
Generating 98 parsimony trees... 4.597 second
Computing log-likelihood of 98 initial trees ... 11.303 seconds
Current best score: -73246.282

Do NNI search on 20 best initial trees
Estimate model parameters (epsilon = 0.100)
BETTER TREE FOUND at iteration 1: -73246.282
Iteration 10 / LogL: -73258.239 / Time: 0h:0m:43s
Estimate model parameters (epsilon = 0.100)
UPDATE BEST LOG-LIKELIHOOD: -73243.071
Iteration 20 / LogL: -73245.054 / Time: 0h:1m:1s
Finish initializing candidate tree set (4)
Current best tree score: -73243.071 / CPU time: 49.835
Number of iterations: 20
--------------------------------------------------------------------
|               OPTIMIZING CANDIDATE TREE SET                      |
--------------------------------------------------------------------
Iteration 30 / LogL: -73247.798 / Time: 0h:1m:26s (0h:8m:30s left)
Iteration 40 / LogL: -73243.929 / Time: 0h:1m:50s (0h:7m:34s left)
Iteration 50 / LogL: -73244.137 / Time: 0h:2m:14s (0h:6m:54s left)
Log-likelihood cutoff on original alignment: -73294.632
Iteration 60 / LogL: -73245.297 / Time: 0h:2m:37s (0h:6m:15s left)
Iteration 70 / LogL: -73246.706 / Time: 0h:3m:0s (0h:5m:42s left)
Iteration 80 / LogL: -73246.703 / Time: 0h:3m:24s (0h:5m:12s left)
Iteration 90 / LogL: -73243.265 / Time: 0h:3m:47s (0h:4m:43s left)
Iteration 100 / LogL: -73243.132 / Time: 0h:4m:10s (0h:4m:15s left)
Log-likelihood cutoff on original alignment: -73294.632
NOTE: Bootstrap correlation coefficient of split occurrence frequencies: 0.999
Iteration 110 / LogL: -73243.544 / Time: 0h:4m:31s (0h:3m:47s left)
Iteration 120 / LogL: -73243.991 / Time: 0h:4m:53s (0h:3m:19s left)
Iteration 130 / LogL: -73247.157 / Time: 0h:5m:17s (0h:2m:54s left)
Iteration 140 / LogL: -73245.295 / Time: 0h:5m:38s (0h:2m:28s left)
Iteration 150 / LogL: -73243.589 / Time: 0h:5m:59s (0h:2m:3s left)
Log-likelihood cutoff on original alignment: -73294.632
Iteration 160 / LogL: -73243.117 / Time: 0h:6m:23s (0h:1m:38s left)
Iteration 170 / LogL: -73243.310 / Time: 0h:6m:44s (0h:1m:14s left)
Iteration 180 / LogL: -73244.101 / Time: 0h:7m:6s (0h:0m:50s left)
Iteration 190 / LogL: -73243.250 / Time: 0h:7m:29s (0h:0m:26s left)
Iteration 200 / LogL: -73246.466 / Time: 0h:7m:52s (0h:0m:2s left)
Log-likelihood cutoff on original alignment: -73294.632
NOTE: Bootstrap correlation coefficient of split occurrence frequencies: 1.000
TREE SEARCH COMPLETED AFTER 202 ITERATIONS / Time: 0h:7m:56s

--------------------------------------------------------------------
|                    FINALIZING TREE SEARCH                        |
--------------------------------------------------------------------
Performs final model parameters optimization
Estimate model parameters (epsilon = 0.010)
1. Initial log-likelihood: -73243.071
Optimal log-likelihood: -73243.068
Proportion of invariable sites: 0.021
Gamma shape alpha: 1.529
Parameters optimization took 1 rounds (0.345 sec)
BEST SCORE FOUND : -73243.068
Creating bootstrap support values...
Split supports printed to NEXUS file results_broccoli_metc/alignments/OG_3931.iqtree.splits.nex
Total tree length: 35.249

Total number of iterations: 202
CPU time used for tree search: 919.104 sec (0h:15m:19s)
Wall-clock time used for tree search: 464.554 sec (0h:7m:44s)
Total CPU time used: 944.100 sec (0h:15m:44s)
Total wall-clock time used: 477.191 sec (0h:7m:57s)

Computing bootstrap consensus tree...
Reading input file results_broccoli_metc/alignments/OG_3931.iqtree.splits.nex...
65 taxa and 235 splits.
Consensus tree written to results_broccoli_metc/alignments/OG_3931.iqtree.contree
Reading input trees file results_broccoli_metc/alignments/OG_3931.iqtree.contree
Log-likelihood of consensus tree: -73243.068

Analysis results written to: 
  IQ-TREE report:                results_broccoli_metc/alignments/OG_3931.iqtree.iqtree
  Maximum-likelihood tree:       results_broccoli_metc/alignments/OG_3931.iqtree.treefile
  Likelihood distances:          results_broccoli_metc/alignments/OG_3931.iqtree.mldist

Ultrafast bootstrap approximation results written to:
  Split support values:          results_broccoli_metc/alignments/OG_3931.iqtree.splits.nex
  Consensus tree:                results_broccoli_metc/alignments/OG_3931.iqtree.contree
  Screen log file:               results_broccoli_metc/alignments/OG_3931.iqtree.log

Date and Time: Fri Jun  3 14:38:38 2022
