IQ-TREE multicore version 2.1.0 for Linux 64-bit built Jul 18 2020
Developed by Bui Quang Minh, James Barbetti, Nguyen Lam Tung,
Olga Chernomor, Heiko Schmidt, Dominik Schrempf, Michael Woodhams.

Host:    node-hp0509.linux.crg.es (AVX, 125 GB RAM)
Command: /users/asebe/xgraubove/Programes/iqtree-2.1.0-Linux/bin/iqtree2 -s results_broccoli_metc/alignments/OG_3532.lt.fasta -m TEST -mset LG,WAG,JTT -nt AUTO -ntmax 2 -bb 1000 -pre results_broccoli_metc/alignments/OG_3532.iqtree -nm 10000 -nstop 200 -cptime 1800
Seed:    392561 (Using SPRNG - Scalable Parallel Random Number Generator)
Time:    Fri Jun  3 13:56:31 2022
Kernel:  AVX - auto-detect threads (2 CPU cores detected)

Reading alignment file results_broccoli_metc/alignments/OG_3532.lt.fasta ... Fasta format detected
Alignment most likely contains protein sequences
Alignment has 78 sequences with 549 columns, 549 distinct patterns
543 parsimony-informative, 0 singleton sites, 6 constant sites
                                                    Gap/Ambiguity  Composition  p-value
   1  Hsap_ENST00000270223                                  3.28%    failed      0.00%
   2  Spur_XM_775644.5                                      7.10%    passed     87.50%
   3  Skow_XM_002737113.1                                   6.19%    passed     94.51%
   4  Tcas_TC010153_001                                    28.60%    failed      4.09%
   5  Ctel_gnl_WGS_AMQN_CAPTEDRAFT_mRNA6102                 5.83%    passed     87.52%
   6  Acagra_model.g18106.t1                                2.91%    passed     98.69%
   7  Dpul_mRNA18816                                        4.74%    passed     67.93%
   8  Cgig_XM_011454360.3                                   3.83%    passed     94.52%
   9  Cscu_XM_023364667.1                                  21.49%    passed     64.24%
  10  Exapal_XM_021039215.2                                10.75%    passed     97.19%
  11  Nvec_v1g229595                                        8.74%    passed     91.61%
  12  Adig_XM_015909206.1                                   6.19%    passed     99.73%
  13  Amil_Amillepora14888-RA                               8.20%    passed     98.79%
  14  Gfas_gfas1.m1.13458.m1                                6.38%    passed     99.68%
  15  Fspp_ffun1.m4.2996.m1                                 7.83%    passed     98.31%
  16  Gasp_gasp1.m3.24029.m1                                7.29%    passed     98.90%
  17  Spis_XP_022804235_1                                   6.74%    passed     98.45%
  18  Pocdam_XM_027194312.1                                 6.74%    passed     97.45%
  19  Dgig_XM_028554032.1                                  13.48%    passed     72.71%
  20  Xesp_012263-T1                                       13.48%    passed     33.20%
  21  Hvul_g9843_1                                         10.20%    passed     21.94%
  22  Chem_TCONS_00018926                                   9.65%    passed     78.55%
  23  Aaur_scaffold1130.g5.t1                              12.02%    passed     19.63%
  24  Nemnom_g18444.t1                                      6.56%    passed     59.72%
  25  Rhoesc_Res_001170-T1                                  6.56%    passed     87.74%
  26  Sanmal_Sma_026735-T1                                  6.19%    passed     94.37%
  27  Morvir_scaffold527.g5.t1                              9.29%    passed     54.46%
  28  Bralan_BLAG04001736_1                                16.21%    passed     69.45%
  29  Aque_Aqu2.1.37094_001                                 4.01%    passed     39.17%
  30  Halamb_c39439_g1_i1m.11740                           31.33%    passed     39.90%
  31  Emue_Em0019g94a.t1                                    5.28%    passed     56.43%
  32  Spolac_c101464_g1_i1_m.25691c101464-g1                4.01%    passed     24.35%
  33  Tetwil_g25488.t1                                      2.91%    passed     61.83%
  34  Stycar_maker-SC_scaffold4769-snap-gene-0.53-mRNA-1    0.73%    passed     33.29%
  35  Tadh_TriadT26155                                     14.21%    failed      0.00%
  36  TrH2_TrispH2_002406-RA                                2.55%    failed      0.00%
  37  HoiH06_mRNA11799                                      2.37%    failed      0.00%
  38  HoiH23_PlH23_010968-RA                                2.37%    failed      0.00%
  39  Hhon_g07502.t1                                        2.55%    failed      0.00%
  40  HoiH04_mRNA2351                                       2.55%    failed      0.00%
  41  HoiH11_mRNA427                                       19.67%    failed      0.00%
  42  Mlei_ML1042.g1.i1                                    42.26%    passed     59.79%
  43  Bolinf_Binf_sb1263411                                57.01%    passed     64.93%
  44  Beraby_Baby_sb328632                                 51.37%    passed     81.91%
  45  Lampan_Lpan_C414715_01                               14.21%    passed     81.38%
  46  Vmul_Simscaffold618_01                                8.20%    passed     47.86%
  47  Coeast_Cast_sb792795                                 20.40%    passed     43.16%
  48  Coemet_Cmet_scaffold16725_01                          8.20%    passed     17.74%
  49  Drygla_Dgla_sb285702                                 55.74%    passed     39.43%
  50  Eupdun_Edun_sb10639529                               15.85%    passed     30.68%
  51  Pbac_sb2652642                                       35.15%    passed     71.20%
  52  Horcal_Hcv1.av93.c12.g49.i1                          12.75%    passed     75.88%
  53  Plespi_Pspi_scaffold18516_01                          3.64%    passed     39.80%
  54  Scil_scict015127.2                                    3.10%    failed      0.68%
  55  Lcom_lcpid47362                                       5.46%    failed      1.58%
  56  Leuniv_Lniv_scaffold3146_01                          42.99%    passed     18.86%
  57  Gracom_Gcom_scaffold3994_01                          29.14%    failed      0.16%
  58  Clacor_Ccor_scaffold14470_01                         35.88%    failed      3.96%
  59  Ocar_g8594                                           32.97%    passed     89.85%
  60  Opea_EP00118_Oscarella_pearsei_P001669               13.48%    passed     73.54%
  61  Plajan_Pjan_scaffold22693_01                         31.88%    passed     81.42%
  62  Mylflu_EP00047_Mylnosiga_fluctuans_P020633           30.05%    failed      0.00%
  63  Salkve_EP00050_Salpingoeca_kvevrii_P011313           28.05%    failed      0.03%
  64  Salurc_EP00051_Salpingoeca_urceolata_P021325         26.78%    passed     21.87%
  65  Salmac_EP00052_Salpingoeca_macrocollata_P012527      25.87%    passed      7.07%
  66  Salpun_EP00053_Salpingoeca_punica_P010337            30.42%    failed      0.07%
  67  Saldol_EP00054_Salpingoeca_dolichothecata_P000921    26.41%    passed     17.79%
  68  Didcos_EP00039_Didymoeca_costata_P011966             24.59%    passed     59.28%
  69  Codhol_EP00042_Codosiga_hollandica_P020131           29.14%    passed     20.40%
  70  Mbre_EDQ90880                                        40.07%    failed      4.02%
  71  Choper_EP00045_Choanoeca_perplexa_P006136            24.23%    passed     20.45%
  72  Chofle_EP00730_Choanoeca_flexa_P017387               24.23%    passed     70.02%
  73  Stedip_EP00041_Stephanoeca_diplocostata_P024762      53.92%    failed      0.00%
  74  Sros_EGD81672                                        39.53%    failed      1.08%
  75  Microa_EP00043_Microstomoeca_roanoka_P019367         24.95%    passed     18.36%
  76  Acaspe_EP00035_Acanthoeca_spectabilis_P022670        35.15%    failed      0.47%
  77  Helnan_EP00037_Helgoeca_nana_P032573                 36.07%    failed      0.00%
  78  Diagra_EP00040_Diaphanoeca_grandis_P004027           31.51%    passed      6.60%
WARNING: 4 sequences contain more than 50% gaps/ambiguity
****  TOTAL                                                17.97%  21 sequences failed composition chi2 test (p-value<5%; df=19)


Create initial parsimony tree by phylogenetic likelihood library (PLL)... 0.040 seconds
Measuring multi-threading efficiency up to 2 CPU cores
Increase to 10 rounds for branch lengths
2 trees examined
Threads: 1 / Time: 2.241 sec / Speedup: 1.000 / Efficiency: 100% / LogL: -65461
Threads: 2 / Time: 1.160 sec / Speedup: 1.932 / Efficiency: 97% / LogL: -65461
BEST NUMBER OF THREADS: 2

Perform fast likelihood tree search using LG+I+G model...
Estimate model parameters (epsilon = 5.000)
Perform nearest neighbor interchange...
Estimate model parameters (epsilon = 1.000)
1. Initial log-likelihood: -46602.036
Optimal log-likelihood: -46601.905
Proportion of invariable sites: 0.010
Gamma shape alpha: 1.455
Parameters optimization took 1 rounds (0.207 sec)
Time for fast ML tree search: 1.977 seconds

NOTE: ModelFinder requires 29 MB RAM!
ModelFinder will test up to 24 protein models (sample size: 549) ...
 No. Model         -LnL         df  AIC          AICc         BIC
  1  LG            48055.921    153 96417.841    96537.142    97076.980
  2  LG+I          47949.939    154 96207.877    96329.045    96871.325
  3  LG+G4         46618.461    154 93544.922    93666.089    94208.369
  4  LG+I+G4       46601.906    155 93513.813    93636.866    94181.568
  8  LG+F+I+G4     46381.382    174 93110.765    93273.599    93860.374
 12  WAG+I+G4      46777.360    155 93864.720    93987.774    94532.476
 16  WAG+F+I+G4    46618.995    174 93585.991    93748.825    94335.600
 20  JTT+I+G4      46685.337    155 93680.674    93803.727    94348.429
 24  JTT+F+I+G4    46558.995    174 93465.990    93628.824    94215.599
Akaike Information Criterion:           LG+F+I+G4
Corrected Akaike Information Criterion: LG+F+I+G4
Bayesian Information Criterion:         LG+F+I+G4
Best-fit model: LG+F+I+G4 chosen according to BIC

All model information printed to results_broccoli_metc/alignments/OG_3532.iqtree.model.gz
CPU time for ModelFinder: 19.998 seconds (0h:0m:19s)
Wall-clock time for ModelFinder: 11.134 seconds (0h:0m:11s)
Generating 1000 samples for ultrafast bootstrap (seed: 392561)...

NOTE: 29 MB RAM (0 GB) is required!
Estimate model parameters (epsilon = 0.100)
Thoroughly optimizing +I+G parameters from 10 start values...
Init pinv, alpha: 0.000, 1.450 / Estimate: 0.010, 1.450 / LogL: -46381.374
Init pinv, alpha: 0.001, 1.450 / Estimate: 0.010, 1.448 / LogL: -46381.372
Init pinv, alpha: 0.002, 1.450 / Estimate: 0.010, 1.450 / LogL: -46381.371
Init pinv, alpha: 0.004, 1.450 / Estimate: 0.010, 1.448 / LogL: -46381.374
Init pinv, alpha: 0.005, 1.450 / Estimate: 0.010, 1.448 / LogL: -46381.372
Init pinv, alpha: 0.006, 1.450 / Estimate: 0.010, 1.448 / LogL: -46381.371
Init pinv, alpha: 0.007, 1.450 / Estimate: 0.010, 1.448 / LogL: -46381.370
Init pinv, alpha: 0.008, 1.450 / Estimate: 0.010, 1.447 / LogL: -46381.372
Init pinv, alpha: 0.010, 1.450 / Estimate: 0.010, 1.449 / LogL: -46381.370
Init pinv, alpha: 0.011, 1.450 / Estimate: 0.010, 1.449 / LogL: -46381.369
Optimal pinv,alpha: 0.010, 1.449 / LogL: -46381.369

Parameters optimization took 5.130 sec
Computing ML distances based on estimated model parameters...
Computing ML distances took 0.435166 sec (of wall-clock time) 0.864378 sec(of CPU time)
Computing RapidNJ tree took 0.001212 sec (of wall-clock time) 0.000000 sec (of CPU time)
Log-likelihood of RapidNJ tree: -46520.153
--------------------------------------------------------------------
|             INITIALIZING CANDIDATE TREE SET                      |
--------------------------------------------------------------------
Generating 98 parsimony trees... 3.526 second
Computing log-likelihood of 98 initial trees ... 6.915 seconds
Current best score: -46381.369

Do NNI search on 20 best initial trees
Estimate model parameters (epsilon = 0.100)
BETTER TREE FOUND at iteration 1: -46380.783
Iteration 10 / LogL: -46386.787 / Time: 0h:0m:27s
Iteration 20 / LogL: -46381.396 / Time: 0h:0m:38s
Finish initializing candidate tree set (11)
Current best tree score: -46380.783 / CPU time: 32.486
Number of iterations: 20
--------------------------------------------------------------------
|               OPTIMIZING CANDIDATE TREE SET                      |
--------------------------------------------------------------------
Iteration 30 / LogL: -46381.053 / Time: 0h:0m:53s (0h:5m:13s left)
Estimate model parameters (epsilon = 0.100)
BETTER TREE FOUND at iteration 32: -46380.730
Estimate model parameters (epsilon = 0.100)
BETTER TREE FOUND at iteration 36: -46380.075
Iteration 40 / LogL: -46383.879 / Time: 0h:1m:8s (0h:5m:41s left)
Iteration 50 / LogL: -46381.163 / Time: 0h:1m:21s (0h:5m:10s left)
Log-likelihood cutoff on original alignment: -46419.655
Iteration 60 / LogL: -46380.437 / Time: 0h:1m:35s (0h:4m:45s left)
Iteration 70 / LogL: -46380.585 / Time: 0h:1m:50s (0h:4m:25s left)
Iteration 80 / LogL: -46381.483 / Time: 0h:2m:5s (0h:4m:7s left)
Iteration 90 / LogL: -46381.041 / Time: 0h:2m:21s (0h:3m:51s left)
Iteration 100 / LogL: -46389.410 / Time: 0h:2m:35s (0h:3m:33s left)
Log-likelihood cutoff on original alignment: -46419.655
NOTE: Bootstrap correlation coefficient of split occurrence frequencies: 0.999
Iteration 110 / LogL: -46385.538 / Time: 0h:2m:51s (0h:3m:17s left)
Iteration 120 / LogL: -46380.811 / Time: 0h:3m:6s (0h:3m:1s left)
Iteration 130 / LogL: -46383.126 / Time: 0h:3m:20s (0h:2m:44s left)
Iteration 140 / LogL: -46390.741 / Time: 0h:3m:34s (0h:2m:28s left)
Iteration 150 / LogL: -46381.545 / Time: 0h:3m:49s (0h:2m:12s left)
Log-likelihood cutoff on original alignment: -46419.655
Iteration 160 / LogL: -46383.011 / Time: 0h:4m:4s (0h:1m:57s left)
Iteration 170 / LogL: -46380.301 / Time: 0h:4m:18s (0h:1m:41s left)
Iteration 180 / LogL: -46380.395 / Time: 0h:4m:32s (0h:1m:25s left)
Iteration 190 / LogL: -46380.857 / Time: 0h:4m:46s (0h:1m:9s left)
Iteration 200 / LogL: -46383.054 / Time: 0h:5m:0s (0h:0m:54s left)
Log-likelihood cutoff on original alignment: -46419.655
NOTE: Bootstrap correlation coefficient of split occurrence frequencies: 0.999
Iteration 210 / LogL: -46381.436 / Time: 0h:5m:16s (0h:2m:16s left)
Iteration 220 / LogL: -46380.370 / Time: 0h:5m:31s (0h:2m:1s left)
Iteration 230 / LogL: -46382.432 / Time: 0h:5m:47s (0h:1m:46s left)
TREE SEARCH COMPLETED AFTER 237 ITERATIONS / Time: 0h:5m:58s

--------------------------------------------------------------------
|                    FINALIZING TREE SEARCH                        |
--------------------------------------------------------------------
Performs final model parameters optimization
Estimate model parameters (epsilon = 0.010)
1. Initial log-likelihood: -46380.075
Optimal log-likelihood: -46380.068
Proportion of invariable sites: 0.010
Gamma shape alpha: 1.450
Parameters optimization took 1 rounds (0.229 sec)
BEST SCORE FOUND : -46380.068
Creating bootstrap support values...
Split supports printed to NEXUS file results_broccoli_metc/alignments/OG_3532.iqtree.splits.nex
Total tree length: 45.121

Total number of iterations: 237
CPU time used for tree search: 696.392 sec (0h:11m:36s)
Wall-clock time used for tree search: 352.015 sec (0h:5m:52s)
Total CPU time used: 709.411 sec (0h:11m:49s)
Total wall-clock time used: 358.629 sec (0h:5m:58s)

Computing bootstrap consensus tree...
Reading input file results_broccoli_metc/alignments/OG_3532.iqtree.splits.nex...
78 taxa and 339 splits.
Consensus tree written to results_broccoli_metc/alignments/OG_3532.iqtree.contree
Reading input trees file results_broccoli_metc/alignments/OG_3532.iqtree.contree
Log-likelihood of consensus tree: -46380.312

Analysis results written to: 
  IQ-TREE report:                results_broccoli_metc/alignments/OG_3532.iqtree.iqtree
  Maximum-likelihood tree:       results_broccoli_metc/alignments/OG_3532.iqtree.treefile
  Likelihood distances:          results_broccoli_metc/alignments/OG_3532.iqtree.mldist

Ultrafast bootstrap approximation results written to:
  Split support values:          results_broccoli_metc/alignments/OG_3532.iqtree.splits.nex
  Consensus tree:                results_broccoli_metc/alignments/OG_3532.iqtree.contree
  Screen log file:               results_broccoli_metc/alignments/OG_3532.iqtree.log

Date and Time: Fri Jun  3 14:02:41 2022
