IQ-TREE multicore version 2.1.0 for Linux 64-bit built Jul 18 2020
Developed by Bui Quang Minh, James Barbetti, Nguyen Lam Tung,
Olga Chernomor, Heiko Schmidt, Dominik Schrempf, Michael Woodhams.

Host:    trantor09.linux.crg.es (AVX, FMA3, 503 GB RAM)
Command: /users/asebe/xgraubove/Programes/iqtree-2.1.0-Linux/bin/iqtree2 -s results_broccoli_metc/alignments/OG_3808.lt.fasta -m TEST -mset LG,WAG,JTT -nt AUTO -ntmax 2 -bb 1000 -pre results_broccoli_metc/alignments/OG_3808.iqtree -nm 10000 -nstop 200 -cptime 1800
Seed:    170689 (Using SPRNG - Scalable Parallel Random Number Generator)
Time:    Fri Jun  3 14:30:40 2022
Kernel:  AVX+FMA - auto-detect threads (2 CPU cores detected)

Reading alignment file results_broccoli_metc/alignments/OG_3808.lt.fasta ... Fasta format detected
Alignment most likely contains protein sequences
Alignment has 76 sequences with 483 columns, 483 distinct patterns
481 parsimony-informative, 0 singleton sites, 2 constant sites
                                                        Gap/Ambiguity  Composition  p-value
   1  Hsap_ENST00000233575                                      6.83%    failed      0.34%
   2  Bralan_BLAG16000758_1                                     8.90%    passed     71.88%
   3  Ctel_gnl_WGS_AMQN_CAPTEDRAFT_mRNA150546                   6.83%    passed     89.70%
   4  Cgig_XM_011456446.3                                      12.22%    passed     86.14%
   5  Acagra_model.g19409.t1                                    5.80%    passed     99.25%
   6  Spur_XM_030974220.1                                       4.14%    passed     94.79%
   7  Cscu_XM_023356195.1                                       7.25%    passed     92.65%
   8  Exapal_XM_021039868.2                                     5.80%    passed     78.56%
   9  Nvec_v1g230183                                            6.21%    passed     96.39%
  10  Adig_XM_015901937.1                                       4.14%    passed     99.46%
  11  Amil_Amillepora20346-RA                                   4.14%    passed     99.25%
  12  Gfas_gfas1.m1.644.m1                                      6.00%    passed     99.88%
  13  Fspp_ffun1.m4.2657.m1                                    11.59%    passed     95.04%
  14  Spis_XP_022802942_1                                       4.55%    passed     91.07%
  15  Pocdam_XM_027185399.1                                     4.55%    passed     99.92%
  16  Gasp_gasp1.m3.11265.m1                                   15.73%    passed     98.76%
  17  Skow_XM_006817710.1                                      22.36%    passed     32.28%
  18  Tcas_TC031492_001                                         7.04%    passed     25.74%
  19  Hvul_g19502_1                                            12.84%    failed      1.81%
  20  Chem_TCONS_00073657                                      10.14%    passed     10.09%
  21  Aaur_scaffold83.g31.t1                                   30.23%    passed     96.53%
  22  Nemnom_g10892.t1                                          6.63%    passed     26.53%
  23  Rhoesc_Res_012219-T1                                      6.42%    passed     38.55%
  24  Sanmal_Sma_016493-T1                                     28.36%    passed     34.05%
  25  Ocar_g3696                                               15.73%    passed     96.75%
  26  Opea_EP00118_Oscarella_pearsei_P025695                    5.59%    passed     90.60%
  27  Plajan_Pjan_C564420_01                                    5.38%    passed     86.45%
  28  Scil_scict022833.1                                        2.90%    passed     99.59%
  29  Leuniv_Lniv_C813932_01                                    3.31%    passed     97.80%
  30  Gracom_Gcom_scaffold14316_01                              3.11%    passed     94.29%
  31  Lcom_lcpid46134                                           2.69%    passed     97.76%
  32  Clacor_Ccor_C541459_01                                    2.48%    passed     46.70%
  33  Mlei_ML0616.g3.i1                                        15.32%    passed     63.27%
  34  Bolinf_Binf_sb1269503                                    65.01%    passed     66.46%
  35  Drygla_Dgla_sb311422                                     44.51%    passed     69.93%
  36  Lampan_Lpan_C417383_01                                   15.32%    passed     64.46%
  37  Vmul_Simscaffold13927_01                                 15.32%    passed     55.20%
  38  Coemet_Cmet_C603976_01                                   15.11%    passed     84.91%
  39  Pbac_sb2641592                                           15.53%    passed     45.12%
  40  Horcal_Hcv1.av93.c2.g1398.i2                             15.53%    passed     42.80%
  41  Eupdun_Edun_sb10619667                                   54.45%    passed     37.21%
  42  Stycar_maker-SC_scaffold4091-augustus-gene-0.3-mRNA-1    82.40%    passed     81.55%
  43  Acaspe_EP00035_Acanthoeca_spectabilis_P012731             3.52%    failed      2.27%
  44  Helnan_EP00037_Helgoeca_nana_P027322                      5.18%    failed      0.45%
  45  Dgig_XM_028550220.1                                       6.63%    passed      8.77%
  46  Xesp_002514-T1                                            7.04%    passed     27.86%
  47  Tadh_TriadT61139                                         10.35%    passed     23.92%
  48  TrH2_TrispH2_010588-RA                                    7.04%    passed     43.81%
  49  HoiH06_mRNA1496                                          10.14%    passed     22.29%
  50  Hhon_g06629.t1                                            7.04%    passed     52.32%
  51  HoiH04_mRNA8405                                           7.04%    passed     44.60%
  52  HoiH23_PlH23_011390-RA                                   28.36%    passed     23.65%
  53  Aque_Aqu2.1.32954_001                                     4.55%    failed      1.47%
  54  Halamb_c43039_g1_i2mm.1213                                6.42%    passed     34.01%
  55  Xestes_maker-XT_scaffold3424-augustus-gene-0.19-mRNA-1   11.39%    passed     49.77%
  56  Tetwil_g25853.t1                                          5.38%    passed     45.71%
  57  Dpul_mRNA9970                                             7.04%    passed      7.77%
  58  Morvir_scaffold1151.g1.t1                                60.25%    passed     14.64%
  59  Mbre_EDQ91616                                            25.47%    passed     15.78%
  60  Choper_EP00045_Choanoeca_perplexa_P002478                 8.28%    passed     80.59%
  61  Chofle_EP00730_Choanoeca_flexa_P016313                    8.49%    passed     82.01%
  62  Salinf_EP00049_Salpingoeca_infusionum_P018697            10.77%    passed     49.55%
  63  Sros_EGD83192                                            12.01%    failed      0.80%
  64  Microa_EP00043_Microstomoeca_roanoka_P011320              9.94%    passed     55.78%
  65  Saldol_EP00054_Salpingoeca_dolichothecata_P024349         8.49%    passed     80.73%
  66  Didcos_EP00039_Didymoeca_costata_P006144                  7.45%    passed     82.89%
  67  Diagra_EP00040_Diaphanoeca_grandis_P030938                7.66%    passed     88.94%
  68  Stedip_EP00041_Stephanoeca_diplocostata_P007025           6.83%    passed     89.97%
  69  Salkve_EP00050_Salpingoeca_kvevrii_P023090                7.45%    passed     81.95%
  70  Salurc_EP00051_Salpingoeca_urceolata_P032675              7.04%    passed     59.73%
  71  Salmac_EP00052_Salpingoeca_macrocollata_P033883          10.56%    passed     89.48%
  72  Salpun_EP00053_Salpingoeca_punica_P017163                15.11%    passed     92.47%
  73  Mylflu_EP00047_Mylnosiga_fluctuans_P008006               11.18%    failed      0.64%
  74  Codhol_EP00042_Codosiga_hollandica_P048056                4.76%    failed      0.31%
  75  Emue_Em0017g949a.t1                                       7.25%    passed     83.74%
  76  Spolac_c98230_g1_i2_m.16754c98230-g1                      6.21%    passed     60.92%
WARNING: 4 sequences contain more than 50% gaps/ambiguity
****  TOTAL                                                    12.90%  8 sequences failed composition chi2 test (p-value<5%; df=19)


Create initial parsimony tree by phylogenetic likelihood library (PLL)... 0.056 seconds
Measuring multi-threading efficiency up to 2 CPU cores
10 trees examined
Threads: 1 / Time: 2.134 sec / Speedup: 1.000 / Efficiency: 100% / LogL: -60938
Threads: 2 / Time: 1.607 sec / Speedup: 1.328 / Efficiency: 66% / LogL: -60938
BEST NUMBER OF THREADS: 2

Perform fast likelihood tree search using LG+I+G model...
Estimate model parameters (epsilon = 5.000)
Perform nearest neighbor interchange...
Estimate model parameters (epsilon = 1.000)
1. Initial log-likelihood: -42979.370
Optimal log-likelihood: -42979.321
Proportion of invariable sites: 0.004
Gamma shape alpha: 1.882
Parameters optimization took 1 rounds (0.499 sec)
Time for fast ML tree search: 4.700 seconds

NOTE: ModelFinder requires 25 MB RAM!
ModelFinder will test up to 24 protein models (sample size: 483) ...
 No. Model         -LnL         df  AIC          AICc         BIC
  1  LG            44133.535    149 88565.070    88699.304    89187.892
  2  LG+I          44099.394    150 88498.787    88635.233    89125.790
  3  LG+G4         42984.499    150 86268.999    86405.445    86896.001
  4  LG+I+G4       42979.333    151 86260.666    86399.349    86891.848
  7  LG+F+G4       42953.843    169 86245.686    86429.265    86952.109
  8  LG+F+I+G4     42947.159    170 86234.318    86420.664    86944.921
 11  WAG+G4        43168.224    150 86636.448    86772.894    87263.451
 12  WAG+I+G4      43158.616    151 86619.232    86757.915    87250.415
 15  WAG+F+G4      43237.518    169 86813.036    86996.615    87519.459
 16  WAG+F+I+G4    43227.585    170 86795.170    86981.516    87505.773
 19  JTT+G4        43296.375    150 86892.751    87029.197    87519.753
 20  JTT+I+G4      43288.176    151 86878.351    87017.034    87509.534
 23  JTT+F+G4      43185.955    169 86709.911    86893.489    87416.333
 24  JTT+F+I+G4    43176.547    170 86693.094    86879.440    87403.697
Akaike Information Criterion:           LG+F+I+G4
Corrected Akaike Information Criterion: LG+I+G4
Bayesian Information Criterion:         LG+I+G4
Best-fit model: LG+I+G4 chosen according to BIC

All model information printed to results_broccoli_metc/alignments/OG_3808.iqtree.model.gz
CPU time for ModelFinder: 55.850 seconds (0h:0m:55s)
Wall-clock time for ModelFinder: 29.695 seconds (0h:0m:29s)
Generating 1000 samples for ultrafast bootstrap (seed: 170689)...

NOTE: 25 MB RAM (0 GB) is required!
Estimate model parameters (epsilon = 0.100)
Thoroughly optimizing +I+G parameters from 10 start values...
Init pinv, alpha: 0.000, 1.882 / Estimate: 0.004, 1.881 / LogL: -42979.324
Init pinv, alpha: 0.000, 1.882 / Estimate: 0.004, 1.881 / LogL: -42979.324
Init pinv, alpha: 0.001, 1.882 / Estimate: 0.004, 1.881 / LogL: -42979.323
Init pinv, alpha: 0.001, 1.882 / Estimate: 0.004, 1.881 / LogL: -42979.322
Init pinv, alpha: 0.002, 1.882 / Estimate: 0.004, 1.883 / LogL: -42979.322
Init pinv, alpha: 0.002, 1.882 / Estimate: 0.004, 1.882 / LogL: -42979.322
Init pinv, alpha: 0.003, 1.882 / Estimate: 0.004, 1.882 / LogL: -42979.322
Init pinv, alpha: 0.003, 1.882 / Estimate: 0.004, 1.882 / LogL: -42979.323
Init pinv, alpha: 0.004, 1.882 / Estimate: 0.004, 1.882 / LogL: -42979.322
Init pinv, alpha: 0.004, 1.882 / Estimate: 0.004, 1.882 / LogL: -42979.322
Optimal pinv,alpha: 0.004, 1.882 / LogL: -42979.322

Parameters optimization took 9.406 sec
Computing ML distances based on estimated model parameters...
Computing ML distances took 0.816173 sec (of wall-clock time) 1.628033 sec(of CPU time)
Computing RapidNJ tree took 0.001565 sec (of wall-clock time) 0.002079 sec (of CPU time)
Log-likelihood of RapidNJ tree: -43130.575
--------------------------------------------------------------------
|             INITIALIZING CANDIDATE TREE SET                      |
--------------------------------------------------------------------
Generating 98 parsimony trees... 4.412 second
Computing log-likelihood of 98 initial trees ... 15.017 seconds
Current best score: -42979.322

Do NNI search on 20 best initial trees
Estimate model parameters (epsilon = 0.100)
BETTER TREE FOUND at iteration 1: -42978.153
Estimate model parameters (epsilon = 0.100)
BETTER TREE FOUND at iteration 2: -42967.638
Iteration 10 / LogL: -42969.357 / Time: 0h:0m:53s
Iteration 20 / LogL: -42969.353 / Time: 0h:2m:41s
Finish initializing candidate tree set (12)
Current best tree score: -42967.638 / CPU time: 265.424
Number of iterations: 20
--------------------------------------------------------------------
|               OPTIMIZING CANDIDATE TREE SET                      |
--------------------------------------------------------------------
Estimate model parameters (epsilon = 0.100)
BETTER TREE FOUND at iteration 22: -42966.662
Estimate model parameters (epsilon = 0.100)
BETTER TREE FOUND at iteration 25: -42966.026
Iteration 30 / LogL: -42966.599 / Time: 0h:5m:12s (0h:35m:1s left)
Estimate model parameters (epsilon = 0.100)
BETTER TREE FOUND at iteration 32: -42961.254
Iteration 40 / LogL: -42967.089 / Time: 0h:5m:43s (0h:28m:13s left)
Iteration 50 / LogL: -42962.883 / Time: 0h:6m:15s (0h:23m:13s left)
Log-likelihood cutoff on original alignment: -43009.360
Estimate model parameters (epsilon = 0.100)
BETTER TREE FOUND at iteration 52: -42960.276
Estimate model parameters (epsilon = 0.100)
BETTER TREE FOUND at iteration 54: -42958.984
Iteration 60 / LogL: -42963.735 / Time: 0h:6m:51s (0h:22m:33s left)
Iteration 70 / LogL: -42960.137 / Time: 0h:7m:23s (0h:19m:42s left)
Iteration 80 / LogL: -42965.890 / Time: 0h:8m:26s (0h:18m:35s left)
Iteration 90 / LogL: -42962.010 / Time: 0h:9m:25s (0h:17m:21s left)
Iteration 100 / LogL: -42962.185 / Time: 0h:10m:1s (0h:15m:34s left)
Log-likelihood cutoff on original alignment: -43009.360
NOTE: Bootstrap correlation coefficient of split occurrence frequencies: 0.989
NOTE: UFBoot does not converge, continue at least 100 more iterations
Estimate model parameters (epsilon = 0.100)
UPDATE BEST LOG-LIKELIHOOD: -42958.896
Iteration 110 / LogL: -42961.013 / Time: 0h:10m:34s (0h:13m:57s left)
Iteration 120 / LogL: -42978.783 / Time: 0h:11m:5s (0h:12m:29s left)
Iteration 130 / LogL: -42967.450 / Time: 0h:11m:37s (0h:11m:10s left)
Iteration 140 / LogL: -42960.253 / Time: 0h:12m:11s (0h:9m:59s left)
Iteration 150 / LogL: -42963.429 / Time: 0h:12m:41s (0h:8m:51s left)
Log-likelihood cutoff on original alignment: -43009.360
Iteration 160 / LogL: -42961.742 / Time: 0h:13m:25s (0h:7m:56s left)
Iteration 170 / LogL: -42961.561 / Time: 0h:13m:56s (0h:6m:55s left)
Iteration 180 / LogL: -42960.605 / Time: 0h:14m:25s (0h:5m:57s left)
Iteration 190 / LogL: -42959.131 / Time: 0h:14m:56s (0h:5m:3s left)
Iteration 200 / LogL: -42966.193 / Time: 0h:15m:54s (0h:4m:19s left)
Log-likelihood cutoff on original alignment: -43009.360
NOTE: Bootstrap correlation coefficient of split occurrence frequencies: 0.998
Iteration 210 / LogL: -42967.630 / Time: 0h:17m:20s (0h:7m:28s left)
Iteration 220 / LogL: -42960.723 / Time: 0h:17m:53s (0h:6m:32s left)
Iteration 230 / LogL: -42959.441 / Time: 0h:18m:26s (0h:5m:38s left)
Iteration 240 / LogL: -42966.511 / Time: 0h:18m:56s (0h:4m:45s left)
Iteration 250 / LogL: -42980.169 / Time: 0h:19m:29s (0h:3m:54s left)
Log-likelihood cutoff on original alignment: -43009.360
TREE SEARCH COMPLETED AFTER 255 ITERATIONS / Time: 0h:20m:5s

--------------------------------------------------------------------
|                    FINALIZING TREE SEARCH                        |
--------------------------------------------------------------------
Performs final model parameters optimization
Estimate model parameters (epsilon = 0.010)
1. Initial log-likelihood: -42958.896
Optimal log-likelihood: -42958.893
Proportion of invariable sites: 0.004
Gamma shape alpha: 1.910
Parameters optimization took 1 rounds (0.485 sec)
BEST SCORE FOUND : -42958.893
Creating bootstrap support values...
Split supports printed to NEXUS file results_broccoli_metc/alignments/OG_3808.iqtree.splits.nex
Total tree length: 34.183

Total number of iterations: 255
CPU time used for tree search: 1616.328 sec (0h:26m:56s)
Wall-clock time used for tree search: 1194.050 sec (0h:19m:54s)
Total CPU time used: 1640.247 sec (0h:27m:20s)
Total wall-clock time used: 1206.352 sec (0h:20m:6s)

Computing bootstrap consensus tree...
Reading input file results_broccoli_metc/alignments/OG_3808.iqtree.splits.nex...
76 taxa and 383 splits.
Consensus tree written to results_broccoli_metc/alignments/OG_3808.iqtree.contree
Reading input trees file results_broccoli_metc/alignments/OG_3808.iqtree.contree
Log-likelihood of consensus tree: -42959.660

Analysis results written to: 
  IQ-TREE report:                results_broccoli_metc/alignments/OG_3808.iqtree.iqtree
  Maximum-likelihood tree:       results_broccoli_metc/alignments/OG_3808.iqtree.treefile
  Likelihood distances:          results_broccoli_metc/alignments/OG_3808.iqtree.mldist

Ultrafast bootstrap approximation results written to:
  Split support values:          results_broccoli_metc/alignments/OG_3808.iqtree.splits.nex
  Consensus tree:                results_broccoli_metc/alignments/OG_3808.iqtree.contree
  Screen log file:               results_broccoli_metc/alignments/OG_3808.iqtree.log

Date and Time: Fri Jun  3 14:51:18 2022
