IQ-TREE multicore version 2.1.0 for Linux 64-bit built Jul 18 2020
Developed by Bui Quang Minh, James Barbetti, Nguyen Lam Tung,
Olga Chernomor, Heiko Schmidt, Dominik Schrempf, Michael Woodhams.

Host:    node-hp0110.linux.crg.es (AVX, 125 GB RAM)
Command: /users/asebe/xgraubove/Programes/iqtree-2.1.0-Linux/bin/iqtree2 -s results_broccoli_metc/alignments/OG_4367.lt.fasta -m TEST -mset LG,WAG,JTT -nt AUTO -ntmax 2 -bb 1000 -pre results_broccoli_metc/alignments/OG_4367.iqtree -nm 10000 -nstop 200 -cptime 1800
Seed:    726115 (Using SPRNG - Scalable Parallel Random Number Generator)
Time:    Fri Jun  3 15:15:49 2022
Kernel:  AVX - auto-detect threads (2 CPU cores detected)

Reading alignment file results_broccoli_metc/alignments/OG_4367.lt.fasta ... Fasta format detected
Alignment most likely contains protein sequences
Alignment has 72 sequences with 515 columns, 515 distinct patterns
512 parsimony-informative, 0 singleton sites, 3 constant sites
                                                   Gap/Ambiguity  Composition  p-value
   1  Hsap_ENST00000264866                                 0.78%    passed     42.43%
   2  Bralan_BLAG04000841_1                                8.54%    passed     80.35%
   3  Skow_XM_006814653.1                                  0.58%    passed     98.66%
   4  Ctel_gnl_WGS_AMQN_CAPTEDRAFT_mRNA108817              9.51%    passed     99.88%
   5  Cgig_XM_034446388.1                                  1.17%    passed     88.89%
   6  Acagra_model.g9563.t1.1.5d3b861a                     1.36%    passed     75.16%
   7  Mlei_ML0388.g26.i1                                   4.85%    passed     34.79%
   8  Pbac_sb2669066                                      47.18%    passed     50.74%
   9  Horcal_Hcv1.av93.c6.g1268.i1                         2.91%    passed     32.97%
  10  Bolinf_Binf_sb1305241                               71.46%    passed     49.06%
  11  Drygla_Dgla_sb298865                                16.31%    passed     39.09%
  12  Lampan_Lpan_8305_01                                  4.47%    passed     33.09%
  13  Mertsp_Mesp_sb539061                                66.02%    passed     25.30%
  14  Eupdun_Edun_sb10662383                              46.02%    passed     20.91%
  15  Beraby_Baby_sb327921                                67.96%    failed      3.10%
  16  Exapal_XM_021059398.2                                0.19%    passed     97.37%
  17  Nvec_v1g186234                                      20.58%    passed     40.01%
  18  Adig_XM_015894711.1                                 15.53%    passed     90.03%
  19  Amil_Amillepora06426-RA                              0.19%    passed     97.01%
  20  Fspp_ffun1.m4.8563.m1                               73.40%    passed     25.10%
  21  Gasp_gasp1.m3.14425.m1                              10.49%    passed     77.30%
  22  Spis_XP_022787946_1                                  0.39%    passed     90.78%
  23  Pocdam_XM_027198169.1                                0.39%    passed     76.56%
  24  Dgig_XM_028545920.1                                  0.97%    passed     44.08%
  25  Xesp_014799-T1                                       0.97%    passed     40.37%
  26  Tadh_TriadT57017                                     3.11%    failed      2.76%
  27  TrH2_TrispH2_004314-RA                               3.11%    failed      1.85%
  28  Hhon_g06480.t1                                       1.17%    failed      0.17%
  29  HoiH04_mRNA5266                                      4.08%    failed      0.51%
  30  HoiH23_PlH23_003942-RA                               1.17%    failed      0.21%
  31  Cscu_XM_023380079.1                                 14.56%    passed     95.77%
  32  Emue_Em0001g154a.t1                                 43.88%    passed     40.98%
  33  Spolac_c93157_g1_i1_m.8542c93157-g1                 16.50%    passed      8.65%
  34  Tetwil_g9878.t2                                      1.75%    passed     22.61%
  35  Stycar_maker-SC_scaffold3467-snap-gene-0.4-mRNA-1   60.19%    passed     55.96%
  36  Hvul_g28254_1                                       37.48%    failed      1.54%
  37  Chem_TCONS_00007801                                  3.30%    passed     12.48%
  38  Aaur_scaffold2949.g1.t1                             78.06%    failed      1.52%
  39  Nemnom_g7956.t1                                     10.68%    passed     54.08%
  40  Rhoesc_Res_000759-T1                                 1.17%    passed     86.96%
  41  Morvir_scaffold26.g80.t2                            38.83%    passed     46.52%
  42  Tcas_TC007094_001                                    4.47%    passed     21.38%
  43  Opea_EP00118_Oscarella_pearsei_P014325               9.32%    passed     55.84%
  44  Plajan_Pjan_C562068_01                               5.63%    passed     35.80%
  45  Acaspe_EP00035_Acanthoeca_spectabilis_P016445        3.50%    failed      0.00%
  46  Helnan_EP00037_Helgoeca_nana_P021794                 2.14%    failed      0.86%
  47  Diagra_EP00040_Diaphanoeca_grandis_P022156          51.65%    passed     61.44%
  48  Didcos_EP00039_Didymoeca_costata_P016115             1.75%    passed     41.93%
  49  Saldol_EP00054_Salpingoeca_dolichothecata_P012189    2.33%    passed     85.00%
  50  Salmac_EP00052_Salpingoeca_macrocollata_P002411      2.72%    failed      3.70%
  51  Mylflu_EP00047_Mylnosiga_fluctuans_P014495          29.90%    failed      0.96%
  52  Salpun_EP00053_Salpingoeca_punica_P004067            3.30%    passed     12.63%
  53  Salurc_EP00051_Salpingoeca_urceolata_P003394         2.91%    failed      0.84%
  54  Codhol_EP00042_Codosiga_hollandica_P036663           4.47%    passed     26.37%
  55  Salkve_EP00050_Salpingoeca_kvevrii_P021867           3.50%    failed      0.33%
  56  Aque_Aqu2.1.31930_001                               11.65%    failed      3.42%
  57  Halamb_c47534_g3_i2m.22496                          49.71%    passed     11.57%
  58  Spur_XM_030981132.1                                 41.17%    passed     48.00%
  59  Sros_EGD73534                                        8.16%    failed      2.59%
  60  Microa_EP00043_Microstomoeca_roanoka_P009708        13.98%    passed     61.31%
  61  Salinf_EP00049_Salpingoeca_infusionum_P010949        9.71%    passed      5.92%
  62  Gfas_gfas1.m1.1458.m1                               75.73%    passed     28.77%
  63  Stedip_EP00041_Stephanoeca_diplocostata_P038171      9.71%    failed      0.00%
  64  Mbre_EDQ91025                                       14.37%    failed      0.01%
  65  Choper_EP00045_Choanoeca_perplexa_P002173            8.93%    failed      3.51%
  66  Chofle_EP00730_Choanoeca_flexa_P002545               9.32%    failed      1.36%
  67  Dpul_mRNA16371                                      25.63%    passed     44.23%
  68  Scil_scict024447.1                                   5.05%    failed      1.93%
  69  Gracom_Gcom_C555420_01                               3.30%    passed     57.63%
  70  Lcom_lcpid49033                                      2.33%    passed      8.18%
  71  Sanmal_Sma_011040-T1                                48.16%    failed      0.16%
  72  Plespi_Pspi_scaffold18908_01                        30.68%    passed     26.07%
WARNING: 8 sequences contain more than 50% gaps/ambiguity
****  TOTAL                                               17.87%  22 sequences failed composition chi2 test (p-value<5%; df=19)


Create initial parsimony tree by phylogenetic likelihood library (PLL)... 0.030 seconds
Measuring multi-threading efficiency up to 2 CPU cores
Increase to 10 rounds for branch lengths
2 trees examined
Threads: 1 / Time: 2.062 sec / Speedup: 1.000 / Efficiency: 100% / LogL: -58264
Threads: 2 / Time: 1.067 sec / Speedup: 1.933 / Efficiency: 97% / LogL: -58264
BEST NUMBER OF THREADS: 2

Perform fast likelihood tree search using LG+I+G model...
Estimate model parameters (epsilon = 5.000)
Perform nearest neighbor interchange...
Estimate model parameters (epsilon = 1.000)
1. Initial log-likelihood: -46398.333
Optimal log-likelihood: -46398.273
Proportion of invariable sites: 0.005
Gamma shape alpha: 1.716
Parameters optimization took 1 rounds (0.208 sec)
Time for fast ML tree search: 2.403 seconds

NOTE: ModelFinder requires 25 MB RAM!
ModelFinder will test up to 24 protein models (sample size: 515) ...
 No. Model         -LnL         df  AIC          AICc         BIC
  1  LG            47721.854    141 95725.708    95833.065    96324.136
  2  LG+I          47674.191    142 95632.383    95741.555    96235.054
  3  LG+G4         46407.377    142 93098.753    93207.925    93701.425
  4  LG+I+G4       46398.267    143 93082.534    93193.542    93689.450
  8  LG+F+I+G4     46253.230    162 92830.459    92980.493    93518.014
 12  WAG+I+G4      46583.380    143 93452.761    93563.769    94059.677
 16  WAG+F+I+G4    46462.395    162 93248.791    93398.825    93936.346
 20  JTT+I+G4      46651.818    143 93589.635    93700.643    94196.551
 24  JTT+F+I+G4    46485.759    162 93295.518    93445.552    93983.073
Akaike Information Criterion:           LG+F+I+G4
Corrected Akaike Information Criterion: LG+F+I+G4
Bayesian Information Criterion:         LG+F+I+G4
Best-fit model: LG+F+I+G4 chosen according to BIC

All model information printed to results_broccoli_metc/alignments/OG_4367.iqtree.model.gz
CPU time for ModelFinder: 20.871 seconds (0h:0m:20s)
Wall-clock time for ModelFinder: 11.510 seconds (0h:0m:11s)
Generating 1000 samples for ultrafast bootstrap (seed: 726115)...

NOTE: 25 MB RAM (0 GB) is required!
Estimate model parameters (epsilon = 0.100)
Thoroughly optimizing +I+G parameters from 10 start values...
Init pinv, alpha: 0.000, 1.773 / Estimate: 0.006, 1.772 / LogL: -46253.230
Init pinv, alpha: 0.001, 1.773 / Estimate: 0.006, 1.774 / LogL: -46253.231
Init pinv, alpha: 0.001, 1.773 / Estimate: 0.006, 1.774 / LogL: -46253.230
Init pinv, alpha: 0.002, 1.773 / Estimate: 0.006, 1.774 / LogL: -46253.230
Init pinv, alpha: 0.003, 1.773 / Estimate: 0.006, 1.773 / LogL: -46253.230
Init pinv, alpha: 0.003, 1.773 / Estimate: 0.006, 1.771 / LogL: -46253.229
Init pinv, alpha: 0.004, 1.773 / Estimate: 0.006, 1.771 / LogL: -46253.229
Init pinv, alpha: 0.005, 1.773 / Estimate: 0.006, 1.771 / LogL: -46253.229
Init pinv, alpha: 0.005, 1.773 / Estimate: 0.006, 1.771 / LogL: -46253.229
Init pinv, alpha: 0.006, 1.773 / Estimate: 0.006, 1.771 / LogL: -46253.228
Optimal pinv,alpha: 0.006, 1.771 / LogL: -46253.228

Parameters optimization took 3.745 sec
Computing ML distances based on estimated model parameters...
Computing ML distances took 0.385196 sec (of wall-clock time) 0.766706 sec(of CPU time)
Computing RapidNJ tree took 0.001198 sec (of wall-clock time) 0.000392 sec (of CPU time)
Log-likelihood of RapidNJ tree: -46495.267
--------------------------------------------------------------------
|             INITIALIZING CANDIDATE TREE SET                      |
--------------------------------------------------------------------
Generating 98 parsimony trees... 3.223 second
Computing log-likelihood of 98 initial trees ... 6.316 seconds
Current best score: -46253.228

Do NNI search on 20 best initial trees
Estimate model parameters (epsilon = 0.100)
BETTER TREE FOUND at iteration 1: -46251.812
Estimate model parameters (epsilon = 0.100)
BETTER TREE FOUND at iteration 2: -46223.369
Iteration 10 / LogL: -46227.293 / Time: 0h:0m:27s
Iteration 20 / LogL: -46224.429 / Time: 0h:0m:40s
Finish initializing candidate tree set (10)
Current best tree score: -46223.369 / CPU time: 35.042
Number of iterations: 20
--------------------------------------------------------------------
|               OPTIMIZING CANDIDATE TREE SET                      |
--------------------------------------------------------------------
Iteration 30 / LogL: -46230.069 / Time: 0h:0m:53s (0h:5m:14s left)
Estimate model parameters (epsilon = 0.100)
UPDATE BEST LOG-LIKELIHOOD: -46223.060
Iteration 40 / LogL: -46225.305 / Time: 0h:1m:7s (0h:4m:41s left)
Iteration 50 / LogL: -46223.948 / Time: 0h:1m:20s (0h:4m:10s left)
Log-likelihood cutoff on original alignment: -46267.142
Iteration 60 / LogL: -46223.486 / Time: 0h:1m:34s (0h:3m:46s left)
Iteration 70 / LogL: -46224.595 / Time: 0h:1m:48s (0h:3m:27s left)
Iteration 80 / LogL: -46238.158 / Time: 0h:2m:3s (0h:3m:10s left)
Iteration 90 / LogL: -46223.989 / Time: 0h:2m:17s (0h:2m:52s left)
Iteration 100 / LogL: -46224.826 / Time: 0h:2m:32s (0h:2m:37s left)
Log-likelihood cutoff on original alignment: -46263.003
NOTE: Bootstrap correlation coefficient of split occurrence frequencies: 1.000
Iteration 110 / LogL: -46232.018 / Time: 0h:2m:45s (0h:2m:20s left)
Iteration 120 / LogL: -46223.373 / Time: 0h:3m:0s (0h:2m:4s left)
Iteration 130 / LogL: -46238.184 / Time: 0h:3m:13s (0h:1m:48s left)
Iteration 140 / LogL: -46224.296 / Time: 0h:3m:26s (0h:1m:32s left)
Iteration 150 / LogL: -46224.727 / Time: 0h:3m:39s (0h:1m:16s left)
Log-likelihood cutoff on original alignment: -46263.003
Iteration 160 / LogL: -46224.081 / Time: 0h:3m:53s (0h:1m:1s left)
Iteration 170 / LogL: -46224.026 / Time: 0h:4m:7s (0h:0m:46s left)
Iteration 180 / LogL: -46224.056 / Time: 0h:4m:19s (0h:0m:31s left)
Iteration 190 / LogL: -46225.492 / Time: 0h:4m:32s (0h:0m:17s left)
Iteration 200 / LogL: -46224.838 / Time: 0h:4m:46s (0h:0m:2s left)
Log-likelihood cutoff on original alignment: -46263.003
NOTE: Bootstrap correlation coefficient of split occurrence frequencies: 1.000
TREE SEARCH COMPLETED AFTER 203 ITERATIONS / Time: 0h:4m:51s

--------------------------------------------------------------------
|                    FINALIZING TREE SEARCH                        |
--------------------------------------------------------------------
Performs final model parameters optimization
Estimate model parameters (epsilon = 0.010)
1. Initial log-likelihood: -46223.060
Optimal log-likelihood: -46223.059
Proportion of invariable sites: 0.006
Gamma shape alpha: 1.770
Parameters optimization took 1 rounds (0.202 sec)
BEST SCORE FOUND : -46223.059
Creating bootstrap support values...
Split supports printed to NEXUS file results_broccoli_metc/alignments/OG_4367.iqtree.splits.nex
Total tree length: 47.537

Total number of iterations: 203
CPU time used for tree search: 565.891 sec (0h:9m:25s)
Wall-clock time used for tree search: 286.500 sec (0h:4m:46s)
Total CPU time used: 576.541 sec (0h:9m:36s)
Total wall-clock time used: 291.922 sec (0h:4m:51s)

Computing bootstrap consensus tree...
Reading input file results_broccoli_metc/alignments/OG_4367.iqtree.splits.nex...
72 taxa and 341 splits.
Consensus tree written to results_broccoli_metc/alignments/OG_4367.iqtree.contree
Reading input trees file results_broccoli_metc/alignments/OG_4367.iqtree.contree
Log-likelihood of consensus tree: -46223.060

Analysis results written to: 
  IQ-TREE report:                results_broccoli_metc/alignments/OG_4367.iqtree.iqtree
  Maximum-likelihood tree:       results_broccoli_metc/alignments/OG_4367.iqtree.treefile
  Likelihood distances:          results_broccoli_metc/alignments/OG_4367.iqtree.mldist

Ultrafast bootstrap approximation results written to:
  Split support values:          results_broccoli_metc/alignments/OG_4367.iqtree.splits.nex
  Consensus tree:                results_broccoli_metc/alignments/OG_4367.iqtree.contree
  Screen log file:               results_broccoli_metc/alignments/OG_4367.iqtree.log

Date and Time: Fri Jun  3 15:20:53 2022
