IQ-TREE multicore version 2.1.0 for Linux 64-bit built Jul 18 2020
Developed by Bui Quang Minh, James Barbetti, Nguyen Lam Tung,
Olga Chernomor, Heiko Schmidt, Dominik Schrempf, Michael Woodhams.

Host:    node-hp0507.linux.crg.es (AVX, 125 GB RAM)
Command: /users/asebe/xgraubove/Programes/iqtree-2.1.0-Linux/bin/iqtree2 -s results_broccoli_metc/alignments/OG_4689.lt.fasta -m TEST -mset LG,WAG,JTT -nt AUTO -ntmax 2 -bb 1000 -pre results_broccoli_metc/alignments/OG_4689.iqtree -nm 10000 -nstop 200 -cptime 1800
Seed:    766231 (Using SPRNG - Scalable Parallel Random Number Generator)
Time:    Fri Jun  3 16:16:26 2022
Kernel:  AVX - auto-detect threads (2 CPU cores detected)

Reading alignment file results_broccoli_metc/alignments/OG_4689.lt.fasta ... Fasta format detected
Alignment most likely contains protein sequences
Alignment has 73 sequences with 1476 columns, 1476 distinct patterns
1463 parsimony-informative, 0 singleton sites, 12 constant sites
                                                        Gap/Ambiguity  Composition  p-value
   1  Hsap_ENST00000262879                                      4.47%    passed     74.18%
   2  Bralan_BLAG04102198_2                                     4.34%    passed     15.90%
   3  Skow_XM_006821915.1                                      23.10%    passed     68.71%
   4  Cscu_XM_023382901.1                                      52.51%    passed     91.34%
   5  Ctel_gnl_WGS_AMQN_CAPTEDRAFT_mRNA133737                   5.15%    passed     99.25%
   6  Cgig_XM_034469205.1                                       4.00%    passed     65.61%
   7  Acagra_model.g15927.t1.1.5d3b8850                         2.44%    passed     84.03%
   8  Tcas_TC008477_001                                         7.66%    passed     93.56%
   9  Spur_XM_030998862.1                                       5.42%    passed     64.64%
  10  Dpul_mRNA6106                                             9.35%    passed      6.76%
  11  Exapal_XM_021041255.2                                     3.18%    passed     93.76%
  12  Nvec_v1g88469                                             3.12%    passed     85.80%
  13  Adig_XM_015908114.1                                      29.27%    passed     11.61%
  14  Amil_Amillepora15277-RA                                  72.43%    passed     18.77%
  15  Gfas_gfas1.m1.3130.m1                                     8.40%    passed     91.00%
  16  Fspp_ffun1.m4.2297.m1                                     2.64%    passed     72.06%
  17  Gasp_gasp1.m3.30079.m1                                    9.01%    passed     96.72%
  18  Spis_XP_022804969_1                                       3.12%    passed     92.41%
  19  Pocdam_XM_027199503.1                                     2.85%    passed     85.15%
  20  Dgig_XM_028540163.1                                       5.35%    passed      5.44%
  21  Xesp_011792-T1                                           44.38%    failed      1.76%
  22  Hvul_g26842_1                                            54.88%    failed      0.10%
  23  Aaur_scaffold851.g3.t1                                   43.09%    passed     37.85%
  24  Nemnom_g8902.t1                                           4.20%    passed     30.89%
  25  Rhoesc_Res_001463-T1                                      4.27%    passed     34.69%
  26  Sanmal_Sma_026506-T1                                      3.93%    failed      2.12%
  27  Chem_TCONS_00014743                                      42.01%    failed      1.11%
  28  Aque_Aqu2.1.29125_001                                     6.91%    failed      0.16%
  29  Halamb_c54929_g1_i1mm.6250                                6.84%    passed     35.43%
  30  Xestes_maker-XT_scaffold5410-augustus-gene-0.30-mRNA-1    7.32%    failed      4.86%
  31  Stycar_maker-SC_scaffold7527-snap-gene-0.8-mRNA-1        76.96%    passed     14.58%
  32  Emue_Em0019g178a.t1                                      72.09%    failed      0.28%
  33  Spolac_c100581_g1_i2_m.22887c100581-g1                   58.81%    passed     21.07%
  34  Plespi_Pspi_scaffold12123_01                             63.28%    passed     27.76%
  35  Tetwil_g11650.t2                                         41.67%    passed     76.39%
  36  Scil_scict002103.1                                        6.44%    failed      0.00%
  37  Gracom_Gcom_scaffold17768_01                              7.25%    failed      0.10%
  38  Leuniv_Lniv_scaffold22513_01                             72.02%    passed     28.60%
  39  Lcom_lcpid15892                                           7.72%    failed      0.00%
  40  Clacor_Ccor_scaffold886_01                               79.61%    passed     48.35%
  41  Ocar_g4622                                               40.31%    failed      3.39%
  42  Opea_EP00118_Oscarella_pearsei_P007179                    4.74%    failed      3.92%
  43  Plajan_Pjan_scaffold20578_01                             57.45%    passed     28.97%
  44  Mlei_ML1498.g9.i1                                        72.83%    failed      1.15%
  45  Bolinf_Binf_sb1236940                                    84.69%    passed     36.74%
  46  Drygla_Dgla_sb281375                                     81.37%    passed     14.77%
  47  Lampan_Lpan_C420189_01                                   31.17%    failed      0.00%
  48  Coeast_Cast_sb773535                                     86.52%    passed     16.10%
  49  Vmul_sbMO420471                                          79.54%    passed     45.23%
  50  Pbac_sb2650356                                           21.14%    failed      0.02%
  51  Horcal_Hcv1.av93.c10.g538.i1                             11.92%    failed      0.00%
  52  Coemet_Cmet_scaffold18938_01                             35.57%    failed      0.00%
  53  Tadh_TriadT57133                                          6.64%    failed      0.01%
  54  TrH2_TrispH2_002474-RA                                    7.25%    failed      0.03%
  55  HoiH06_mRNA8426                                           6.71%    failed      0.00%
  56  HoiH23_PlH23_005002-RA                                    6.98%    failed      0.10%
  57  Hhon_g09490.t1                                            7.45%    failed      0.00%
  58  HoiH04_mRNA6303                                           7.45%    failed      0.00%
  59  HoiH11_mRNA1933                                           7.52%    failed      0.01%
  60  Saldol_EP00054_Salpingoeca_dolichothecata_P028798        27.24%    passed     11.61%
  61  Salinf_EP00049_Salpingoeca_infusionum_P008233            18.97%    failed      0.00%
  62  Salmac_EP00052_Salpingoeca_macrocollata_P008153          31.10%    failed      0.00%
  63  Salurc_EP00051_Salpingoeca_urceolata_P022348             24.73%    failed      0.01%
  64  Salpun_EP00053_Salpingoeca_punica_P017324                47.02%    failed      0.00%
  65  Choper_EP00045_Choanoeca_perplexa_P016043                24.25%    failed      0.89%
  66  Chofle_EP00730_Choanoeca_flexa_P003958                   25.88%    failed      4.65%
  67  Microa_EP00043_Microstomoeca_roanoka_P003717             26.96%    failed      1.89%
  68  Salkve_EP00050_Salpingoeca_kvevrii_P003515               26.22%    failed      0.00%
  69  Acaspe_EP00035_Acanthoeca_spectabilis_P013528            27.57%    failed      0.00%
  70  Helnan_EP00037_Helgoeca_nana_P028034                     27.30%    failed      0.00%
  71  Stedip_EP00041_Stephanoeca_diplocostata_P038478          58.06%    failed      0.00%
  72  Mylflu_EP00047_Mylnosiga_fluctuans_P007650               27.10%    failed      0.00%
  73  Didcos_EP00039_Didymoeca_costata_P011912                 44.92%    passed     35.65%
WARNING: 16 sequences contain more than 50% gaps/ambiguity
****  TOTAL                                                    28.16%  36 sequences failed composition chi2 test (p-value<5%; df=19)


Create initial parsimony tree by phylogenetic likelihood library (PLL)... 0.062 seconds
Measuring multi-threading efficiency up to 2 CPU cores
6 trees examined
Threads: 1 / Time: 2.156 sec / Speedup: 1.000 / Efficiency: 100% / LogL: -157147
Threads: 2 / Time: 1.091 sec / Speedup: 1.976 / Efficiency: 99% / LogL: -157147
BEST NUMBER OF THREADS: 2

Perform fast likelihood tree search using LG+I+G model...
Estimate model parameters (epsilon = 5.000)
Perform nearest neighbor interchange...
Estimate model parameters (epsilon = 1.000)
1. Initial log-likelihood: -115348.370
Optimal log-likelihood: -115348.278
Proportion of invariable sites: 0.008
Gamma shape alpha: 1.636
Parameters optimization took 1 rounds (0.491 sec)
Time for fast ML tree search: 4.564 seconds

NOTE: ModelFinder requires 73 MB RAM!
ModelFinder will test up to 24 protein models (sample size: 1476) ...
 No. Model         -LnL         df  AIC          AICc         BIC
  1  LG            118763.862   143 237813.724   237844.643   238571.208
  2  LG+I          118539.994   144 237367.987   237399.362   238130.768
  3  LG+G4         115397.957   144 231083.914   231115.289   231846.695
  4  LG+I+G4       115348.284   145 230986.569   231018.403   231754.647
  8  LG+F+I+G4     114808.017   164 229944.033   229985.315   230812.756
 12  WAG+I+G4      115559.365   145 231408.730   231440.564   232176.808
 16  WAG+F+I+G4    115154.162   164 230636.325   230677.606   231505.048
 20  JTT+I+G4      115395.389   145 231080.777   231112.612   231848.855
 24  JTT+F+I+G4    115119.851   164 230567.703   230608.984   231436.426
Akaike Information Criterion:           LG+F+I+G4
Corrected Akaike Information Criterion: LG+F+I+G4
Bayesian Information Criterion:         LG+F+I+G4
Best-fit model: LG+F+I+G4 chosen according to BIC

All model information printed to results_broccoli_metc/alignments/OG_4689.iqtree.model.gz
CPU time for ModelFinder: 48.442 seconds (0h:0m:48s)
Wall-clock time for ModelFinder: 25.555 seconds (0h:0m:25s)
Generating 1000 samples for ultrafast bootstrap (seed: 766231)...

NOTE: 73 MB RAM (0 GB) is required!
Estimate model parameters (epsilon = 0.100)
Thoroughly optimizing +I+G parameters from 10 start values...
Init pinv, alpha: 0.000, 1.600 / Estimate: 0.008, 1.599 / LogL: -114808.007
Init pinv, alpha: 0.001, 1.600 / Estimate: 0.008, 1.600 / LogL: -114808.013
Init pinv, alpha: 0.002, 1.600 / Estimate: 0.008, 1.599 / LogL: -114808.011
Init pinv, alpha: 0.003, 1.600 / Estimate: 0.008, 1.600 / LogL: -114808.015
Init pinv, alpha: 0.004, 1.600 / Estimate: 0.008, 1.600 / LogL: -114808.013
Init pinv, alpha: 0.005, 1.600 / Estimate: 0.008, 1.600 / LogL: -114808.011
Init pinv, alpha: 0.006, 1.600 / Estimate: 0.008, 1.600 / LogL: -114808.010
Init pinv, alpha: 0.007, 1.600 / Estimate: 0.008, 1.599 / LogL: -114808.008
Init pinv, alpha: 0.008, 1.600 / Estimate: 0.008, 1.599 / LogL: -114808.008
Init pinv, alpha: 0.009, 1.600 / Estimate: 0.008, 1.599 / LogL: -114808.008
Optimal pinv,alpha: 0.008, 1.599 / LogL: -114808.007

Parameters optimization took 11.597 sec
Computing ML distances based on estimated model parameters...
Computing ML distances took 0.403470 sec (of wall-clock time) 0.806809 sec(of CPU time)
WARNING: Some pairwise ML distances are too long (saturated)
Computing RapidNJ tree took 0.001005 sec (of wall-clock time) 0.000999 sec (of CPU time)
Log-likelihood of RapidNJ tree: -116033.504
--------------------------------------------------------------------
|             INITIALIZING CANDIDATE TREE SET                      |
--------------------------------------------------------------------
Generating 98 parsimony trees... 7.426 second
Computing log-likelihood of 98 initial trees ... 16.684 seconds
Current best score: -114808.007

Do NNI search on 20 best initial trees
Estimate model parameters (epsilon = 0.100)
BETTER TREE FOUND at iteration 1: -114807.633
Iteration 10 / LogL: -114809.700 / Time: 0h:1m:4s
Iteration 20 / LogL: -114810.756 / Time: 0h:1m:32s
Finish initializing candidate tree set (7)
Current best tree score: -114807.633 / CPU time: 78.740
Number of iterations: 20
--------------------------------------------------------------------
|               OPTIMIZING CANDIDATE TREE SET                      |
--------------------------------------------------------------------
Iteration 30 / LogL: -114808.281 / Time: 0h:2m:8s (0h:12m:37s left)
Iteration 40 / LogL: -114808.003 / Time: 0h:2m:46s (0h:11m:28s left)
Iteration 50 / LogL: -114810.193 / Time: 0h:3m:21s (0h:10m:21s left)
Log-likelihood cutoff on original alignment: -114866.135
Iteration 60 / LogL: -114807.730 / Time: 0h:4m:3s (0h:9m:42s left)
Iteration 70 / LogL: -114809.955 / Time: 0h:4m:43s (0h:8m:57s left)
Iteration 80 / LogL: -114809.704 / Time: 0h:5m:22s (0h:8m:13s left)
Iteration 90 / LogL: -114809.079 / Time: 0h:6m:1s (0h:7m:30s left)
Iteration 100 / LogL: -114808.195 / Time: 0h:6m:37s (0h:6m:45s left)
Log-likelihood cutoff on original alignment: -114866.135
NOTE: Bootstrap correlation coefficient of split occurrence frequencies: 0.999
Iteration 110 / LogL: -114808.241 / Time: 0h:7m:15s (0h:6m:3s left)
Iteration 120 / LogL: -114809.192 / Time: 0h:7m:53s (0h:5m:22s left)
Iteration 130 / LogL: -114807.843 / Time: 0h:8m:33s (0h:4m:42s left)
Iteration 140 / LogL: -114811.229 / Time: 0h:9m:12s (0h:4m:2s left)
Iteration 150 / LogL: -114807.737 / Time: 0h:9m:47s (0h:3m:21s left)
Log-likelihood cutoff on original alignment: -114866.135
Iteration 160 / LogL: -114810.331 / Time: 0h:10m:28s (0h:2m:41s left)
Iteration 170 / LogL: -114809.138 / Time: 0h:11m:7s (0h:2m:2s left)
Iteration 180 / LogL: -114808.062 / Time: 0h:11m:49s (0h:1m:23s left)
Iteration 190 / LogL: -114810.562 / Time: 0h:12m:28s (0h:0m:43s left)
Iteration 200 / LogL: -114808.034 / Time: 0h:13m:2s (0h:0m:3s left)
Log-likelihood cutoff on original alignment: -114866.135
NOTE: Bootstrap correlation coefficient of split occurrence frequencies: 1.000
TREE SEARCH COMPLETED AFTER 202 ITERATIONS / Time: 0h:13m:9s

--------------------------------------------------------------------
|                    FINALIZING TREE SEARCH                        |
--------------------------------------------------------------------
Performs final model parameters optimization
Estimate model parameters (epsilon = 0.010)
1. Initial log-likelihood: -114807.633
Optimal log-likelihood: -114807.633
Proportion of invariable sites: 0.008
Gamma shape alpha: 1.602
Parameters optimization took 1 rounds (0.537 sec)
BEST SCORE FOUND : -114807.633
Creating bootstrap support values...
Split supports printed to NEXUS file results_broccoli_metc/alignments/OG_4689.iqtree.splits.nex
Total tree length: 52.068

Total number of iterations: 202
CPU time used for tree search: 1547.376 sec (0h:25m:47s)
Wall-clock time used for tree search: 776.385 sec (0h:12m:56s)
Total CPU time used: 1575.421 sec (0h:26m:15s)
Total wall-clock time used: 790.512 sec (0h:13m:10s)

Computing bootstrap consensus tree...
Reading input file results_broccoli_metc/alignments/OG_4689.iqtree.splits.nex...
73 taxa and 269 splits.
Consensus tree written to results_broccoli_metc/alignments/OG_4689.iqtree.contree
Reading input trees file results_broccoli_metc/alignments/OG_4689.iqtree.contree
Log-likelihood of consensus tree: -114807.638

Analysis results written to: 
  IQ-TREE report:                results_broccoli_metc/alignments/OG_4689.iqtree.iqtree
  Maximum-likelihood tree:       results_broccoli_metc/alignments/OG_4689.iqtree.treefile
  Likelihood distances:          results_broccoli_metc/alignments/OG_4689.iqtree.mldist

Ultrafast bootstrap approximation results written to:
  Split support values:          results_broccoli_metc/alignments/OG_4689.iqtree.splits.nex
  Consensus tree:                results_broccoli_metc/alignments/OG_4689.iqtree.contree
  Screen log file:               results_broccoli_metc/alignments/OG_4689.iqtree.log

Date and Time: Fri Jun  3 16:30:04 2022
