IQ-TREE multicore version 2.1.0 for Linux 64-bit built Jul 18 2020
Developed by Bui Quang Minh, James Barbetti, Nguyen Lam Tung,
Olga Chernomor, Heiko Schmidt, Dominik Schrempf, Michael Woodhams.

Host:    node-hp0509.linux.crg.es (AVX, 125 GB RAM)
Command: /users/asebe/xgraubove/Programes/iqtree-2.1.0-Linux/bin/iqtree2 -s results_broccoli_metc/alignments/OG_4642.lt.fasta -m TEST -mset LG,WAG,JTT -nt AUTO -ntmax 2 -bb 1000 -pre results_broccoli_metc/alignments/OG_4642.iqtree -nm 10000 -nstop 200 -cptime 1800
Seed:    994283 (Using SPRNG - Scalable Parallel Random Number Generator)
Time:    Fri Jun  3 15:43:51 2022
Kernel:  AVX - auto-detect threads (2 CPU cores detected)

Reading alignment file results_broccoli_metc/alignments/OG_4642.lt.fasta ... Fasta format detected
Alignment most likely contains protein sequences
Alignment has 75 sequences with 933 columns, 929 distinct patterns
899 parsimony-informative, 0 singleton sites, 34 constant sites
                                                       Gap/Ambiguity  Composition  p-value
   1  Hsap_ENST00000380989                                     2.47%    failed      4.51%
   2  Exapal_XM_028659842.1                                    9.11%    passed     99.02%
   3  Nvec_v1g88690                                            0.54%    passed     99.06%
   4  Adig_XM_015912158.1                                     18.01%    passed     38.64%
   5  Amil_Amillepora20003-RA                                 17.79%    passed     71.13%
   6  Fspp_ffun1.m4.24126.m1                                   1.07%    passed     80.04%
   7  Gasp_gasp1.m3.4149.m1                                   48.66%    passed     47.16%
   8  Spis_XP_022782361_1                                      1.07%    passed     95.91%
   9  Pocdam_XM_027196730.1                                    5.14%    passed     99.84%
  10  Gfas_gfas1.m1.1400.m1                                   12.11%    passed     54.17%
  11  Aaur_scaffold90.g13.t1                                  49.62%    failed      3.80%
  12  Nemnom_g11236.t1                                         1.93%    passed     19.92%
  13  Rhoesc_Res_008668-T1                                     1.71%    passed     61.73%
  14  Sanmal_Sma_001774-T1                                     1.93%    passed     47.71%
  15  Morvir_scaffold246.g11.t3                               10.83%    passed     24.21%
  16  Dgig_XM_028554785.1                                      1.29%    passed     73.43%
  17  Xesp_011337-T1                                           1.07%    passed     94.73%
  18  Hvul_g19911_1                                           25.62%    failed      3.12%
  19  Ctel_gnl_WGS_AMQN_CAPTEDRAFT_mRNA179632                  3.32%    passed     11.17%
  20  Acagra_model.g21388.t1                                   1.82%    passed     62.61%
  21  Aque_Aqu2.1.39957_001                                    2.36%    passed     74.10%
  22  Halamb_c55338_g1_i2m.40580                               1.50%    passed     26.67%
  23  Emue_Em0023g557a.t1                                     48.55%    passed     32.42%
  24  Plespi_Pspi_C614288_01                                   2.47%    passed     45.64%
  25  Tadh_TriadT25744                                         9.00%    passed     61.65%
  26  TrH2_TrispH2_005890-RA                                   2.68%    passed     71.97%
  27  HoiH06_mRNA12672                                         6.75%    passed     24.69%
  28  HoiH23_PlH23_010363-RA                                   3.00%    passed     21.00%
  29  Hhon_g07548.t1                                           2.25%    passed     34.27%
  30  HoiH04_mRNA851                                           4.50%    passed     16.36%
  31  HoiH11_mRNA2885                                          4.50%    passed     41.60%
  32  Dpul_mRNA15843                                           4.82%    passed     89.19%
  33  Skow_XM_006818578.1                                     21.01%    passed      6.21%
  34  Tetwil_g5374.t2                                         49.52%    passed     81.43%
  35  Spolac_c98729_g2_i1_m.17893c98729-g1                    47.27%    passed     97.56%
  36  Stycar_maker-SC_scaffold6604-augustus-gene-0.3-mRNA-1   73.63%    passed     43.83%
  37  Chem_TCONS_00009266                                     23.90%    passed     26.82%
  38  Acaspe_EP00035_Acanthoeca_spectabilis_P030710            0.86%    failed      0.00%
  39  Helnan_EP00037_Helgoeca_nana_P000402                     0.54%    failed      0.00%
  40  Diagra_EP00040_Diaphanoeca_grandis_P012992               0.32%    passed     58.79%
  41  Stedip_EP00041_Stephanoeca_diplocostata_P018599          1.50%    failed      0.68%
  42  Didcos_EP00039_Didymoeca_costata_P009846                 2.79%    passed     38.53%
  43  Codhol_EP00042_Codosiga_hollandica_P049515               2.25%    passed     14.67%
  44  Lcom_lcpid27036                                          1.39%    passed     89.01%
  45  Gracom_Gcom_C561090_01                                   1.29%    passed     13.06%
  46  Leuniv_Lniv_C807486_01                                  42.34%    failed      2.58%
  47  Clacor_Ccor_scaffold15315_01                            52.95%    passed     19.33%
  48  Mlei_ML3007.g5.i1                                        3.22%    failed      0.39%
  49  Pbac_sb2652866                                           5.14%    passed     20.91%
  50  Horcal_Hcv1.av93.c2.g783.i1                              4.29%    passed     22.33%
  51  Lampan_Lpan_12364_01                                    43.30%    failed      4.14%
  52  Bolinf_Binf_sb1197809                                   71.92%    passed      7.19%
  53  Mertsp_Mesp_sb547667                                    69.56%    failed      3.00%
  54  Drygla_Dgla_sb303541                                    20.79%    passed     40.20%
  55  Beraby_Baby_sb339560                                    13.29%    passed     51.79%
  56  Vmul_Simscaffold11531_01                                 3.64%    passed     16.79%
  57  Coemet_Cmet_scaffold425_01                              43.62%    failed      1.30%
  58  Coeast_Cast_sb775964                                    77.92%    passed     99.69%
  59  Eupdun_Edun_sb10629610                                  71.38%    passed     59.31%
  60  Mylflu_EP00047_Mylnosiga_fluctuans_P018881               2.68%    failed      0.00%
  61  Ocar_g2113                                              30.87%    passed      5.76%
  62  Opea_EP00118_Oscarella_pearsei_P020581                  18.01%    passed     86.66%
  63  Tcas_TC010168_001                                        1.07%    failed      0.00%
  64  Salkve_EP00050_Salpingoeca_kvevrii_P018644               4.18%    failed      1.63%
  65  Saldol_EP00054_Salpingoeca_dolichothecata_P030788       22.29%    passed     24.49%
  66  Mbre_EDQ89853                                            3.75%    failed      0.03%
  67  Choper_EP00045_Choanoeca_perplexa_P016713                1.93%    failed      0.72%
  68  Chofle_EP00730_Choanoeca_flexa_P005741                   2.47%    passed     15.61%
  69  Sros_EGD77472                                            7.93%    failed      0.00%
  70  Microa_EP00043_Microstomoeca_roanoka_P008740             1.71%    passed     88.72%
  71  Salurc_EP00051_Salpingoeca_urceolata_P021057             1.39%    failed      0.00%
  72  Salpun_EP00053_Salpingoeca_punica_P017297                2.25%    passed     13.50%
  73  Salinf_EP00049_Salpingoeca_infusionum_P004444            1.18%    failed      3.59%
  74  Salmac_EP00052_Salpingoeca_macrocollata_P028157         25.51%    failed      0.15%
  75  Scil_scict021836.1                                      20.15%    failed      0.00%
WARNING: 6 sequences contain more than 50% gaps/ambiguity
****  TOTAL                                                   16.06%  21 sequences failed composition chi2 test (p-value<5%; df=19)


Create initial parsimony tree by phylogenetic likelihood library (PLL)... 0.057 seconds
Measuring multi-threading efficiency up to 2 CPU cores
9 trees examined
Threads: 1 / Time: 2.087 sec / Speedup: 1.000 / Efficiency: 100% / LogL: -106246
Threads: 2 / Time: 1.077 sec / Speedup: 1.939 / Efficiency: 97% / LogL: -106246
BEST NUMBER OF THREADS: 2

Perform fast likelihood tree search using LG+I+G model...
Estimate model parameters (epsilon = 5.000)
Perform nearest neighbor interchange...
Estimate model parameters (epsilon = 1.000)
1. Initial log-likelihood: -81448.032
Optimal log-likelihood: -81447.718
Proportion of invariable sites: 0.034
Gamma shape alpha: 1.627
Parameters optimization took 1 rounds (0.360 sec)
Time for fast ML tree search: 3.271 seconds

NOTE: ModelFinder requires 47 MB RAM!
ModelFinder will test up to 24 protein models (sample size: 933) ...
 No. Model         -LnL         df  AIC          AICc         BIC
  1  LG            84366.976    147 169027.952   169083.381   169739.198
  2  LG+I          83818.064    148 167932.129   167988.384   168648.213
  3  LG+G4         81534.161    148 163364.321   163420.576   164080.405
  4  LG+I+G4       81447.704    149 163193.408   163250.496   163914.330
  8  LG+F+I+G4     81319.862    168 162975.723   163050.048   163788.575
 12  WAG+I+G4      81773.209    149 163844.418   163901.506   164565.340
 16  WAG+F+I+G4    81657.161    168 163650.323   163724.647   164463.175
 20  JTT+I+G4      82280.879    149 164859.759   164916.847   165580.681
 24  JTT+F+I+G4    82157.793    168 164651.586   164725.911   165464.439
Akaike Information Criterion:           LG+F+I+G4
Corrected Akaike Information Criterion: LG+F+I+G4
Bayesian Information Criterion:         LG+F+I+G4
Best-fit model: LG+F+I+G4 chosen according to BIC

All model information printed to results_broccoli_metc/alignments/OG_4642.iqtree.model.gz
CPU time for ModelFinder: 30.877 seconds (0h:0m:30s)
Wall-clock time for ModelFinder: 16.653 seconds (0h:0m:16s)
Generating 1000 samples for ultrafast bootstrap (seed: 994283)...

NOTE: 47 MB RAM (0 GB) is required!
Estimate model parameters (epsilon = 0.100)
Thoroughly optimizing +I+G parameters from 10 start values...
Init pinv, alpha: 0.000, 1.638 / Estimate: 0.035, 1.637 / LogL: -81319.864
Init pinv, alpha: 0.004, 1.638 / Estimate: 0.035, 1.637 / LogL: -81319.863
Init pinv, alpha: 0.008, 1.638 / Estimate: 0.035, 1.637 / LogL: -81319.863
Init pinv, alpha: 0.012, 1.638 / Estimate: 0.035, 1.639 / LogL: -81319.862
Init pinv, alpha: 0.016, 1.638 / Estimate: 0.035, 1.639 / LogL: -81319.864
Init pinv, alpha: 0.020, 1.638 / Estimate: 0.035, 1.637 / LogL: -81319.867
Init pinv, alpha: 0.024, 1.638 / Estimate: 0.035, 1.637 / LogL: -81319.870
Init pinv, alpha: 0.028, 1.638 / Estimate: 0.035, 1.637 / LogL: -81319.864
Init pinv, alpha: 0.032, 1.638 / Estimate: 0.035, 1.637 / LogL: -81319.863
Init pinv, alpha: 0.036, 1.638 / Estimate: 0.035, 1.638 / LogL: -81319.861
Optimal pinv,alpha: 0.035, 1.638 / LogL: -81319.861

Parameters optimization took 10.762 sec
Computing ML distances based on estimated model parameters...
Computing ML distances took 0.384298 sec (of wall-clock time) 0.767205 sec(of CPU time)
WARNING: Some pairwise ML distances are too long (saturated)
Computing RapidNJ tree took 0.001229 sec (of wall-clock time) 0.001443 sec (of CPU time)
Log-likelihood of RapidNJ tree: -82506.773
--------------------------------------------------------------------
|             INITIALIZING CANDIDATE TREE SET                      |
--------------------------------------------------------------------
Generating 98 parsimony trees... 5.584 second
Computing log-likelihood of 98 initial trees ... 11.255 seconds
Current best score: -81319.861

Do NNI search on 20 best initial trees
Estimate model parameters (epsilon = 0.100)
BETTER TREE FOUND at iteration 1: -81319.697
Estimate model parameters (epsilon = 0.100)
BETTER TREE FOUND at iteration 2: -81297.007
Iteration 10 / LogL: -81303.078 / Time: 0h:0m:47s
Estimate model parameters (epsilon = 0.100)
BETTER TREE FOUND at iteration 12: -81294.322
Estimate model parameters (epsilon = 0.100)
BETTER TREE FOUND at iteration 14: -81287.235
Iteration 20 / LogL: -81297.982 / Time: 0h:1m:8s
Finish initializing candidate tree set (16)
Current best tree score: -81287.235 / CPU time: 55.919
Number of iterations: 20
--------------------------------------------------------------------
|               OPTIMIZING CANDIDATE TREE SET                      |
--------------------------------------------------------------------
Estimate model parameters (epsilon = 0.100)
BETTER TREE FOUND at iteration 25: -81283.734
Iteration 30 / LogL: -81288.336 / Time: 0h:1m:33s (0h:10m:29s left)
Iteration 40 / LogL: -81289.472 / Time: 0h:1m:56s (0h:9m:10s left)
Iteration 50 / LogL: -81286.549 / Time: 0h:2m:18s (0h:8m:15s left)
Log-likelihood cutoff on original alignment: -81331.165
Iteration 60 / LogL: -81286.760 / Time: 0h:2m:42s (0h:7m:34s left)
Iteration 70 / LogL: -81283.858 / Time: 0h:3m:9s (0h:7m:4s left)
Iteration 80 / LogL: -81284.767 / Time: 0h:3m:32s (0h:6m:29s left)
Iteration 90 / LogL: -81290.541 / Time: 0h:3m:57s (0h:6m:0s left)
Iteration 100 / LogL: -81289.235 / Time: 0h:4m:21s (0h:5m:29s left)
Log-likelihood cutoff on original alignment: -81331.165
NOTE: Bootstrap correlation coefficient of split occurrence frequencies: 0.999
Iteration 110 / LogL: -81290.867 / Time: 0h:4m:45s (0h:5m:0s left)
Iteration 120 / LogL: -81284.623 / Time: 0h:5m:9s (0h:4m:32s left)
Iteration 130 / LogL: -81285.759 / Time: 0h:5m:32s (0h:4m:5s left)
Iteration 140 / LogL: -81285.941 / Time: 0h:5m:57s (0h:3m:38s left)
Iteration 150 / LogL: -81292.414 / Time: 0h:6m:22s (0h:3m:12s left)
Log-likelihood cutoff on original alignment: -81329.513
Iteration 160 / LogL: -81284.523 / Time: 0h:6m:44s (0h:2m:45s left)
Iteration 170 / LogL: -81291.141 / Time: 0h:7m:8s (0h:2m:19s left)
Iteration 180 / LogL: -81289.636 / Time: 0h:7m:31s (0h:1m:53s left)
Iteration 190 / LogL: -81291.392 / Time: 0h:7m:53s (0h:1m:27s left)
Iteration 200 / LogL: -81286.577 / Time: 0h:8m:15s (0h:1m:2s left)
Log-likelihood cutoff on original alignment: -81329.960
NOTE: Bootstrap correlation coefficient of split occurrence frequencies: 0.999
Iteration 210 / LogL: -81293.196 / Time: 0h:8m:39s (0h:3m:43s left)
Iteration 220 / LogL: -81286.771 / Time: 0h:9m:3s (0h:3m:18s left)
TREE SEARCH COMPLETED AFTER 226 ITERATIONS / Time: 0h:9m:17s

--------------------------------------------------------------------
|                    FINALIZING TREE SEARCH                        |
--------------------------------------------------------------------
Performs final model parameters optimization
Estimate model parameters (epsilon = 0.010)
1. Initial log-likelihood: -81283.734
Optimal log-likelihood: -81283.733
Proportion of invariable sites: 0.035
Gamma shape alpha: 1.619
Parameters optimization took 1 rounds (0.348 sec)
BEST SCORE FOUND : -81283.733
Creating bootstrap support values...
Split supports printed to NEXUS file results_broccoli_metc/alignments/OG_4642.iqtree.splits.nex
Total tree length: 35.380

Total number of iterations: 226
CPU time used for tree search: 1082.319 sec (0h:18m:2s)
Wall-clock time used for tree search: 545.370 sec (0h:9m:5s)
Total CPU time used: 1107.919 sec (0h:18m:27s)
Total wall-clock time used: 558.297 sec (0h:9m:18s)

Computing bootstrap consensus tree...
Reading input file results_broccoli_metc/alignments/OG_4642.iqtree.splits.nex...
75 taxa and 331 splits.
Consensus tree written to results_broccoli_metc/alignments/OG_4642.iqtree.contree
Reading input trees file results_broccoli_metc/alignments/OG_4642.iqtree.contree
Log-likelihood of consensus tree: -81283.734

Analysis results written to: 
  IQ-TREE report:                results_broccoli_metc/alignments/OG_4642.iqtree.iqtree
  Maximum-likelihood tree:       results_broccoli_metc/alignments/OG_4642.iqtree.treefile
  Likelihood distances:          results_broccoli_metc/alignments/OG_4642.iqtree.mldist

Ultrafast bootstrap approximation results written to:
  Split support values:          results_broccoli_metc/alignments/OG_4642.iqtree.splits.nex
  Consensus tree:                results_broccoli_metc/alignments/OG_4642.iqtree.contree
  Screen log file:               results_broccoli_metc/alignments/OG_4642.iqtree.log

Date and Time: Fri Jun  3 15:53:28 2022
