IQ-TREE multicore version 2.1.0 for Linux 64-bit built Jul 18 2020
Developed by Bui Quang Minh, James Barbetti, Nguyen Lam Tung,
Olga Chernomor, Heiko Schmidt, Dominik Schrempf, Michael Woodhams.

Host:    node-hp0305.linux.crg.es (AVX, 125 GB RAM)
Command: /users/asebe/xgraubove/Programes/iqtree-2.1.0-Linux/bin/iqtree2 -s results_broccoli_metc/alignments/OG_594.lt.fasta -m TEST -mset LG,WAG,JTT -nt AUTO -ntmax 2 -bb 1000 -pre results_broccoli_metc/alignments/OG_594.iqtree -nm 10000 -nstop 200 -cptime 1800
Seed:    475046 (Using SPRNG - Scalable Parallel Random Number Generator)
Time:    Fri Jun  3 18:05:50 2022
Kernel:  AVX - auto-detect threads (2 CPU cores detected)

Reading alignment file results_broccoli_metc/alignments/OG_594.lt.fasta ... Fasta format detected
Alignment most likely contains protein sequences
Alignment has 74 sequences with 396 columns, 396 distinct patterns
384 parsimony-informative, 3 singleton sites, 9 constant sites
                                                        Gap/Ambiguity  Composition  p-value
   1  Hsap_ENST00000368594                                      4.55%    passed     98.62%
   2  Bralan_BLAG03102287_2                                     3.28%    passed     91.29%
   3  Skow_XM_006816211.1                                       6.06%    passed      7.02%
   4  Ctel_gnl_WGS_AMQN_CAPTEDRAFT_mRNA131585                   9.60%    passed     42.14%
   5  Acagra_model.g2117.t1.1.5d3b838f                          0.51%    passed     58.75%
   6  Cgig_XM_034474054.1                                       1.52%    passed     78.33%
   7  Tcas_TC011918_001                                         1.77%    passed     89.01%
   8  Spur_XM_030985880.1                                       2.78%    passed     91.32%
   9  Cscu_XM_023386464.1                                       7.32%    passed     47.04%
  10  Tadh_TriadT31282                                         32.32%    passed     99.26%
  11  TrH2_TrispH2_005013-RA                                    6.82%    passed     88.40%
  12  HoiH06_mRNA5385                                          12.37%    passed     34.74%
  13  HoiH23_PlH23_004922-RA                                   11.11%    passed     42.19%
  14  Hhon_g07160.t1                                            6.57%    passed     80.34%
  15  HoiH04_mRNA3600                                          12.88%    passed     70.95%
  16  HoiH11_mRNA8031                                          17.17%    passed     49.23%
  17  Nvec_v1g196982                                            5.30%    passed     69.04%
  18  Adig_XM_015906385.1                                       1.77%    passed     43.27%
  19  Fspp_ffun1.m4.10394.m1                                    5.05%    passed     64.67%
  20  Spis_XP_022802895_1                                       1.26%    passed     29.67%
  21  Pocdam_XM_027201382.1                                     0.76%    passed     39.38%
  22  Amil_Amillepora03919-RA                                  24.49%    passed     69.30%
  23  Gfas_gfas1.m1.7674.m1                                    15.91%    passed     35.40%
  24  Gasp_gasp1.m3.25262.m1                                   26.26%    passed     37.88%
  25  Ocar_g6095                                               16.67%    passed     87.79%
  26  Opea_EP00118_Oscarella_pearsei_P007509                    5.30%    passed     99.14%
  27  Plajan_Pjan_scaffold524_01                               38.89%    passed     24.65%
  28  Lcom_lcpid33247                                           3.54%    passed     91.86%
  29  Gracom_Gcom_scaffold3365_01                               2.78%    passed     22.62%
  30  Leuniv_Lniv_scaffold2889_01                               2.53%    passed     89.64%
  31  Dgig_XM_028535728.1                                       3.28%    passed     73.64%
  32  Clacor_Ccor_scaffold14992_01                             28.28%    passed     66.16%
  33  Aque_Aqu2.1.40608_001                                     2.27%    passed     90.32%
  34  Halamb_c41328_g1_i1mm.915                                 7.07%    passed     84.13%
  35  Emue_Em0013g706a.t1                                       7.58%    passed     99.88%
  36  Spolac_c101293_g2_i1_m.25192c101293-g2                    7.58%    passed     88.68%
  37  Stycar_maker-SC_scaffold6363-snap-gene-0.8-mRNA-1        20.45%    passed     79.23%
  38  Plespi_Pspi_scaffold6371_01                              60.61%    passed     64.73%
  39  Mlei_ML0820.g3.i1                                        27.78%    passed     14.49%
  40  Pbac_sb2656640                                           10.35%    passed     67.65%
  41  Horcal_Hcv1.av93.c11.g195.i1                              4.29%    passed     46.18%
  42  Drygla_Dgla_sb289567                                     18.43%    passed     80.57%
  43  Vmul_Simscaffold9651_01                                   4.04%    passed     75.27%
  44  Coemet_Cmet_scaffold19586_01                              2.78%    passed     58.71%
  45  Lampan_Lpan_1982_01                                      21.72%    passed     10.88%
  46  Eupdun_Edun_sb10624627                                   64.39%    passed     51.65%
  47  Scil_scict017260.2                                        2.53%    passed     50.35%
  48  Hvul_g29456_1                                            12.63%    failed      2.68%
  49  Chem_TCONS_00070482                                       8.33%    passed     99.06%
  50  Aaur_scaffold533.g11.t1                                  10.61%    passed      9.82%
  51  Nemnom_g13476.t1                                          6.31%    passed     36.36%
  52  Rhoesc_Res_003047-T1                                      6.31%    passed     20.20%
  53  Sanmal_Sma_008333-T1                                      7.83%    passed     47.58%
  54  Mbre_EDQ87562                                            25.51%    failed      0.14%
  55  Microa_EP00043_Microstomoeca_roanoka_P019668              9.09%    passed     98.45%
  56  Choper_EP00045_Choanoeca_perplexa_P004487                12.37%    failed      0.00%
  57  Chofle_EP00730_Choanoeca_flexa_P007006                   12.12%    failed      2.38%
  58  Salinf_EP00049_Salpingoeca_infusionum_P023728             8.59%    passed     22.81%
  59  Sros_EGD73887                                            35.61%    passed     37.39%
  60  Salkve_EP00050_Salpingoeca_kvevrii_P007235               12.63%    failed      0.88%
  61  Salmac_EP00052_Salpingoeca_macrocollata_P024982           9.85%    failed      4.10%
  62  Saldol_EP00054_Salpingoeca_dolichothecata_P014822        11.87%    passed     94.88%
  63  Salpun_EP00053_Salpingoeca_punica_P013595                22.73%    passed     42.53%
  64  Codhol_EP00042_Codosiga_hollandica_P056924                8.33%    passed      5.48%
  65  Acaspe_EP00035_Acanthoeca_spectabilis_P006936            10.61%    failed      2.73%
  66  Helnan_EP00037_Helgoeca_nana_P010462                      9.09%    failed      0.15%
  67  Stedip_EP00041_Stephanoeca_diplocostata_P019149          10.35%    passed     23.38%
  68  Didcos_EP00039_Didymoeca_costata_P021897                 10.35%    passed     54.53%
  69  Diagra_EP00040_Diaphanoeca_grandis_P043918               12.37%    passed     55.67%
  70  Mylflu_EP00047_Mylnosiga_fluctuans_P006655               12.37%    failed      1.87%
  71  Salurc_EP00051_Salpingoeca_urceolata_P032603             11.87%    failed      0.10%
  72  Tetwil_g23247.t1                                         48.74%    passed     65.34%
  73  Xesp_012796-T1                                           35.86%    passed     15.69%
  74  Xestes_maker-XT_scaffold3854-augustus-gene-0.53-mRNA-1   34.09%    passed     65.06%
WARNING: 2 sequences contain more than 50% gaps/ambiguity
****  TOTAL                                                    13.47%  10 sequences failed composition chi2 test (p-value<5%; df=19)


Create initial parsimony tree by phylogenetic likelihood library (PLL)... 0.023 seconds
Measuring multi-threading efficiency up to 2 CPU cores
Increase to 10 rounds for branch lengths
3 trees examined
Threads: 1 / Time: 2.315 sec / Speedup: 1.000 / Efficiency: 100% / LogL: -50062
Threads: 2 / Time: 1.200 sec / Speedup: 1.929 / Efficiency: 96% / LogL: -50062
BEST NUMBER OF THREADS: 2

Perform fast likelihood tree search using LG+I+G model...
Estimate model parameters (epsilon = 5.000)
Perform nearest neighbor interchange...
Estimate model parameters (epsilon = 1.000)
1. Initial log-likelihood: -38841.111
Optimal log-likelihood: -38841.084
Proportion of invariable sites: 0.022
Gamma shape alpha: 1.550
Parameters optimization took 1 rounds (0.156 sec)
Time for fast ML tree search: 1.767 seconds

NOTE: ModelFinder requires 20 MB RAM!
ModelFinder will test up to 24 protein models (sample size: 396) ...
 No. Model         -LnL         df  AIC          AICc         BIC
  1  LG            40270.233    145 80830.467    80999.827    81407.772
  2  LG+I          40060.172    146 80412.344    80584.729    80993.630
  3  LG+G4         38873.340    146 78038.679    78211.065    78619.966
  4  LG+I+G4       38841.086    147 77976.172    78151.624    78561.440
  8  LG+F+I+G4     38778.500    166 77889.000    78131.114    78549.915
 12  WAG+I+G4      38917.736    147 78129.473    78304.924    78714.741
 16  WAG+F+I+G4    38907.260    166 78146.520    78388.634    78807.435
 20  JTT+I+G4      39115.571    147 78525.142    78700.594    79110.410
 24  JTT+F+I+G4    39041.920    166 78415.839    78657.953    79076.754
Akaike Information Criterion:           LG+F+I+G4
Corrected Akaike Information Criterion: LG+F+I+G4
Bayesian Information Criterion:         LG+F+I+G4
Best-fit model: LG+F+I+G4 chosen according to BIC

All model information printed to results_broccoli_metc/alignments/OG_594.iqtree.model.gz
CPU time for ModelFinder: 16.147 seconds (0h:0m:16s)
Wall-clock time for ModelFinder: 9.218 seconds (0h:0m:9s)
Generating 1000 samples for ultrafast bootstrap (seed: 475046)...

NOTE: 20 MB RAM (0 GB) is required!
Estimate model parameters (epsilon = 0.100)
Thoroughly optimizing +I+G parameters from 10 start values...
Init pinv, alpha: 0.000, 1.556 / Estimate: 0.022, 1.557 / LogL: -38778.505
Init pinv, alpha: 0.003, 1.556 / Estimate: 0.022, 1.557 / LogL: -38778.508
Init pinv, alpha: 0.005, 1.556 / Estimate: 0.022, 1.557 / LogL: -38778.505
Init pinv, alpha: 0.008, 1.556 / Estimate: 0.022, 1.555 / LogL: -38778.511
Init pinv, alpha: 0.010, 1.556 / Estimate: 0.022, 1.557 / LogL: -38778.507
Init pinv, alpha: 0.013, 1.556 / Estimate: 0.022, 1.557 / LogL: -38778.503
Init pinv, alpha: 0.015, 1.556 / Estimate: 0.022, 1.557 / LogL: -38778.501
Init pinv, alpha: 0.018, 1.556 / Estimate: 0.022, 1.556 / LogL: -38778.499
Init pinv, alpha: 0.020, 1.556 / Estimate: 0.022, 1.556 / LogL: -38778.499
Init pinv, alpha: 0.023, 1.556 / Estimate: 0.022, 1.556 / LogL: -38778.497
Optimal pinv,alpha: 0.022, 1.556 / LogL: -38778.497

Parameters optimization took 3.516 sec
Computing ML distances based on estimated model parameters...
Computing ML distances took 0.390303 sec (of wall-clock time) 0.780525 sec(of CPU time)
Computing RapidNJ tree took 0.001035 sec (of wall-clock time) 0.002070 sec (of CPU time)
Log-likelihood of RapidNJ tree: -38974.312
--------------------------------------------------------------------
|             INITIALIZING CANDIDATE TREE SET                      |
--------------------------------------------------------------------
Generating 98 parsimony trees... 2.968 second
Computing log-likelihood of 98 initial trees ... 4.775 seconds
Current best score: -38778.497

Do NNI search on 20 best initial trees
Estimate model parameters (epsilon = 0.100)
BETTER TREE FOUND at iteration 1: -38778.497
Estimate model parameters (epsilon = 0.100)
BETTER TREE FOUND at iteration 3: -38775.597
Iteration 10 / LogL: -38776.675 / Time: 0h:0m:19s
Estimate model parameters (epsilon = 0.100)
BETTER TREE FOUND at iteration 15: -38774.845
Iteration 20 / LogL: -38816.146 / Time: 0h:0m:28s
Finish initializing candidate tree set (18)
Current best tree score: -38774.845 / CPU time: 24.367
Number of iterations: 20
--------------------------------------------------------------------
|               OPTIMIZING CANDIDATE TREE SET                      |
--------------------------------------------------------------------
Estimate model parameters (epsilon = 0.100)
BETTER TREE FOUND at iteration 27: -38774.158
Iteration 30 / LogL: -38793.479 / Time: 0h:0m:39s (0h:4m:26s left)
Iteration 40 / LogL: -38774.311 / Time: 0h:0m:49s (0h:3m:55s left)
Iteration 50 / LogL: -38774.582 / Time: 0h:0m:58s (0h:3m:30s left)
Log-likelihood cutoff on original alignment: -38820.416
Iteration 60 / LogL: -38774.816 / Time: 0h:1m:7s (0h:3m:11s left)
Iteration 70 / LogL: -38775.980 / Time: 0h:1m:16s (0h:2m:54s left)
Iteration 80 / LogL: -38776.508 / Time: 0h:1m:26s (0h:2m:41s left)
Iteration 90 / LogL: -38774.749 / Time: 0h:1m:35s (0h:2m:27s left)
Iteration 100 / LogL: -38774.388 / Time: 0h:1m:46s (0h:2m:16s left)
Log-likelihood cutoff on original alignment: -38820.416
NOTE: Bootstrap correlation coefficient of split occurrence frequencies: 0.999
Iteration 110 / LogL: -38776.520 / Time: 0h:1m:56s (0h:2m:4s left)
Iteration 120 / LogL: -38777.820 / Time: 0h:2m:6s (0h:1m:53s left)
Iteration 130 / LogL: -38775.227 / Time: 0h:2m:16s (0h:1m:42s left)
Iteration 140 / LogL: -38778.258 / Time: 0h:2m:25s (0h:1m:30s left)
Iteration 150 / LogL: -38774.451 / Time: 0h:2m:35s (0h:1m:20s left)
Log-likelihood cutoff on original alignment: -38820.416
Iteration 160 / LogL: -38784.816 / Time: 0h:2m:45s (0h:1m:9s left)
Iteration 170 / LogL: -38774.314 / Time: 0h:2m:55s (0h:0m:59s left)
Iteration 180 / LogL: -38775.158 / Time: 0h:3m:4s (0h:0m:48s left)
Iteration 190 / LogL: -38778.674 / Time: 0h:3m:13s (0h:0m:37s left)
Iteration 200 / LogL: -38774.419 / Time: 0h:3m:24s (0h:0m:27s left)
Log-likelihood cutoff on original alignment: -38820.416
NOTE: Bootstrap correlation coefficient of split occurrence frequencies: 1.000
Iteration 210 / LogL: -38774.334 / Time: 0h:3m:34s (0h:1m:32s left)
Iteration 220 / LogL: -38774.287 / Time: 0h:3m:44s (0h:1m:21s left)
TREE SEARCH COMPLETED AFTER 228 ITERATIONS / Time: 0h:3m:51s

--------------------------------------------------------------------
|                    FINALIZING TREE SEARCH                        |
--------------------------------------------------------------------
Performs final model parameters optimization
Estimate model parameters (epsilon = 0.010)
1. Initial log-likelihood: -38774.158
Optimal log-likelihood: -38774.157
Proportion of invariable sites: 0.022
Gamma shape alpha: 1.539
Parameters optimization took 1 rounds (0.155 sec)
BEST SCORE FOUND : -38774.157
Creating bootstrap support values...
Split supports printed to NEXUS file results_broccoli_metc/alignments/OG_594.iqtree.splits.nex
Total tree length: 43.808

Total number of iterations: 228
CPU time used for tree search: 449.489 sec (0h:7m:29s)
Wall-clock time used for tree search: 227.029 sec (0h:3m:47s)
Total CPU time used: 459.157 sec (0h:7m:39s)
Total wall-clock time used: 231.957 sec (0h:3m:51s)

Computing bootstrap consensus tree...
Reading input file results_broccoli_metc/alignments/OG_594.iqtree.splits.nex...
74 taxa and 388 splits.
Consensus tree written to results_broccoli_metc/alignments/OG_594.iqtree.contree
Reading input trees file results_broccoli_metc/alignments/OG_594.iqtree.contree
Log-likelihood of consensus tree: -38774.201

Analysis results written to: 
  IQ-TREE report:                results_broccoli_metc/alignments/OG_594.iqtree.iqtree
  Maximum-likelihood tree:       results_broccoli_metc/alignments/OG_594.iqtree.treefile
  Likelihood distances:          results_broccoli_metc/alignments/OG_594.iqtree.mldist

Ultrafast bootstrap approximation results written to:
  Split support values:          results_broccoli_metc/alignments/OG_594.iqtree.splits.nex
  Consensus tree:                results_broccoli_metc/alignments/OG_594.iqtree.contree
  Screen log file:               results_broccoli_metc/alignments/OG_594.iqtree.log

Date and Time: Fri Jun  3 18:09:52 2022
