IQ-TREE multicore version 2.1.0 for Linux 64-bit built Jul 18 2020
Developed by Bui Quang Minh, James Barbetti, Nguyen Lam Tung,
Olga Chernomor, Heiko Schmidt, Dominik Schrempf, Michael Woodhams.

Host:    node-hp0210.linux.crg.es (AVX, 125 GB RAM)
Command: /users/asebe/xgraubove/Programes/iqtree-2.1.0-Linux/bin/iqtree2 -s results_broccoli_metc/alignments/OG_5183.lt.fasta -m TEST -mset LG,WAG,JTT -nt AUTO -ntmax 2 -bb 1000 -pre results_broccoli_metc/alignments/OG_5183.iqtree -nm 10000 -nstop 200 -cptime 1800
Seed:    532682 (Using SPRNG - Scalable Parallel Random Number Generator)
Time:    Fri Jun  3 16:20:01 2022
Kernel:  AVX - auto-detect threads (2 CPU cores detected)

Reading alignment file results_broccoli_metc/alignments/OG_5183.lt.fasta ... Fasta format detected
Alignment most likely contains protein sequences
Alignment has 61 sequences with 270 columns, 270 distinct patterns
268 parsimony-informative, 0 singleton sites, 2 constant sites
                                                   Gap/Ambiguity  Composition  p-value
   1  Hsap_ENST00000340541                                 2.96%    passed     30.32%
   2  Bralan_BLAG07000159_1                                8.15%    passed     98.23%
   3  Skow_XM_006816853.1                                 15.56%    passed     85.88%
   4  Cgig_XM_034482508.1                                 13.70%    passed     85.76%
   5  Adig_XM_015911775.1                                  7.78%    passed     78.83%
   6  Gasp_gasp1.m3.27158.m1                              15.19%    passed     73.79%
   7  Spis_XP_022805525_1                                  6.30%    passed      9.88%
   8  Pocdam_XM_027182152.1                                6.30%    passed     14.43%
   9  Fspp_ffun1.m4.31130.m1                              31.48%    passed     95.76%
  10  Tcas_TC002864_001                                   19.63%    passed     19.44%
  11  Exapal_XM_021037337.2                                8.52%    passed     43.45%
  12  Ctel_gnl_WGS_AMQN_CAPTEDRAFT_mRNA168430             18.89%    passed     52.58%
  13  Dgig_XM_028560450.1                                 13.70%    passed     34.33%
  14  Tadh_TriadT52486                                    32.59%    passed     57.93%
  15  TrH2_TrispH2_000140-RA                              17.78%    passed     28.12%
  16  HoiH11_mRNA3186                                     23.70%    passed     42.91%
  17  HoiH06_mRNA8967                                     17.41%    passed     63.32%
  18  HoiH23_PlH23_001867-RA                              17.41%    passed     57.25%
  19  Hhon_g04431.t1                                      17.41%    passed     29.83%
  20  HoiH04_mRNA1911                                     17.41%    passed     29.83%
  21  Nvec_v1g111113                                      33.70%    passed     74.46%
  22  Nemnom_g12269.t1                                     4.44%    passed     52.44%
  23  Rhoesc_Res_010898-T1                                 4.07%    passed     98.60%
  24  Sanmal_Sma_025335-T1                                 2.59%    passed     51.18%
  25  Pbac_sb2668565                                      20.74%    passed     85.60%
  26  Horcal_Hcv1.av93.c5.g792.i1                         24.07%    passed     91.93%
  27  Vmul_Simscaffold12428_01                            18.15%    passed     59.15%
  28  Coeast_Cast_sb771392                                25.19%    passed     55.29%
  29  Coemet_Cmet_scaffold22570_01                        22.96%    passed     94.13%
  30  Drygla_Dgla_sb291600                                19.26%    passed     98.95%
  31  Lampan_Lpan_10608_01                                23.33%    passed     60.22%
  32  Beraby_Baby_sb336636                                19.26%    passed     85.81%
  33  Eupdun_Edun_sb10681093                              20.00%    passed     63.14%
  34  Scil_scict018556.1                                  11.11%    passed      9.13%
  35  Lcom_lcpid83060                                     11.85%    passed     16.21%
  36  Leuniv_Lniv_scaffold23567_01                         8.52%    passed     24.04%
  37  Gracom_Gcom_scaffold14139_01                        14.81%    passed     58.74%
  38  Clacor_Ccor_scaffold14169_01                         3.33%    passed     52.56%
  39  Cscu_XM_023377280.1                                 13.70%    failed      0.95%
  40  Morvir_scaffold64.g49.t1                             2.96%    passed     67.97%
  41  Acagra_model.g28988.t1                              29.26%    passed     54.57%
  42  Dpul_mRNA10615                                       7.41%    passed     66.48%
  43  Xesp_006271-T1                                      22.96%    failed      1.46%
  44  Gfas_gfas1.m1.20408.m1                              56.30%    passed     17.96%
  45  Mbre_EDQ86436                                       15.93%    passed     65.70%
  46  Choper_EP00045_Choanoeca_perplexa_P002493           23.33%    passed     98.68%
  47  Chofle_EP00730_Choanoeca_flexa_P012564              22.59%    passed     98.92%
  48  Sros_EGD77236                                        8.89%    passed      8.92%
  49  Microa_EP00043_Microstomoeca_roanoka_P000657         8.89%    passed     40.19%
  50  Diagra_EP00040_Diaphanoeca_grandis_P001247          11.48%    passed     59.05%
  51  Salkve_EP00050_Salpingoeca_kvevrii_P010340          13.33%    failed      0.00%
  52  Salurc_EP00051_Salpingoeca_urceolata_P027874        10.37%    failed      0.28%
  53  Salmac_EP00052_Salpingoeca_macrocollata_P017830     31.11%    passed     60.58%
  54  Salpun_EP00053_Salpingoeca_punica_P009042           11.85%    failed      3.59%
  55  Stedip_EP00041_Stephanoeca_diplocostata_P014919     13.70%    passed     92.41%
  56  Didcos_EP00039_Didymoeca_costata_P018411            24.07%    passed     85.14%
  57  Saldol_EP00054_Salpingoeca_dolichothecata_P004041   20.00%    failed      4.66%
  58  Codhol_EP00042_Codosiga_hollandica_P047760          15.93%    passed     11.17%
  59  Mylflu_EP00047_Mylnosiga_fluctuans_P003844           1.85%    failed      0.00%
  60  Mlei_ML0117.g9.i1                                   27.04%    failed      0.01%
  61  Emue_Em0022g542a.t1                                 12.59%    passed     11.18%
WARNING: 1 sequences contain more than 50% gaps/ambiguity
****  TOTAL                                               16.47%  8 sequences failed composition chi2 test (p-value<5%; df=19)
NOTE: HoiH04_mRNA1911 is identical to Hhon_g04431.t1 but kept for subsequent analysis


Create initial parsimony tree by phylogenetic likelihood library (PLL)... 0.013 seconds
Measuring multi-threading efficiency up to 2 CPU cores
Increase to 10 rounds for branch lengths
5 trees examined
Threads: 1 / Time: 2.104 sec / Speedup: 1.000 / Efficiency: 100% / LogL: -27657
Threads: 2 / Time: 1.162 sec / Speedup: 1.811 / Efficiency: 91% / LogL: -27657
BEST NUMBER OF THREADS: 2

Perform fast likelihood tree search using LG+I+G model...
Estimate model parameters (epsilon = 5.000)
Perform nearest neighbor interchange...
Estimate model parameters (epsilon = 1.000)
1. Initial log-likelihood: -22969.803
Optimal log-likelihood: -22969.754
Proportion of invariable sites: 0.007
Gamma shape alpha: 1.751
Parameters optimization took 1 rounds (0.084 sec)
Time for fast ML tree search: 1.241 seconds

NOTE: ModelFinder requires 12 MB RAM!
ModelFinder will test up to 24 protein models (sample size: 270) ...
 No. Model         -LnL         df  AIC          AICc         BIC
  1  LG            23584.450    119 47406.899    47597.299    47835.111
  2  LG+I          23539.750    120 47319.500    47514.400    47751.311
  3  LG+G4         22976.312    120 46192.624    46387.524    46624.435
  4  LG+I+G4       22969.766    121 46181.531    46381.018    46616.941
  7  LG+F+G4       22764.112    139 45806.223    46105.608    46306.404
  8  LG+F+I+G4     22758.978    140 45797.956    46104.002    46301.735
 11  WAG+G4        22982.450    120 46204.900    46399.800    46636.711
 12  WAG+I+G4      22974.897    121 46191.793    46391.280    46627.202
 15  WAG+F+G4      22838.175    139 45954.350    46253.734    46454.530
 16  WAG+F+I+G4    22831.774    140 45943.547    46249.594    46447.326
 19  JTT+G4        23014.232    120 46268.463    46463.362    46700.274
 20  JTT+I+G4      23008.353    121 46258.705    46458.192    46694.114
 23  JTT+F+G4      22827.572    139 45933.144    46232.529    46433.325
 24  JTT+F+I+G4    22823.061    140 45926.122    46232.169    46429.901
Akaike Information Criterion:           LG+F+I+G4
Corrected Akaike Information Criterion: LG+F+I+G4
Bayesian Information Criterion:         LG+F+I+G4
Best-fit model: LG+F+I+G4 chosen according to BIC

All model information printed to results_broccoli_metc/alignments/OG_5183.iqtree.model.gz
CPU time for ModelFinder: 15.620 seconds (0h:0m:15s)
Wall-clock time for ModelFinder: 8.852 seconds (0h:0m:8s)
Generating 1000 samples for ultrafast bootstrap (seed: 532682)...

NOTE: 12 MB RAM (0 GB) is required!
Estimate model parameters (epsilon = 0.100)
Thoroughly optimizing +I+G parameters from 10 start values...
Init pinv, alpha: 0.000, 1.694 / Estimate: 0.007, 1.692 / LogL: -22758.977
Init pinv, alpha: 0.001, 1.694 / Estimate: 0.007, 1.690 / LogL: -22758.975
Init pinv, alpha: 0.002, 1.694 / Estimate: 0.007, 1.691 / LogL: -22758.973
Init pinv, alpha: 0.002, 1.694 / Estimate: 0.007, 1.691 / LogL: -22758.973
Init pinv, alpha: 0.003, 1.694 / Estimate: 0.007, 1.691 / LogL: -22758.972
Init pinv, alpha: 0.004, 1.694 / Estimate: 0.007, 1.691 / LogL: -22758.972
Init pinv, alpha: 0.005, 1.694 / Estimate: 0.007, 1.693 / LogL: -22758.971
Init pinv, alpha: 0.006, 1.694 / Estimate: 0.007, 1.691 / LogL: -22758.972
Init pinv, alpha: 0.007, 1.694 / Estimate: 0.007, 1.691 / LogL: -22758.972
Init pinv, alpha: 0.007, 1.694 / Estimate: 0.007, 1.692 / LogL: -22758.971
Optimal pinv,alpha: 0.007, 1.692 / LogL: -22758.971

Parameters optimization took 1.698 sec
Computing ML distances based on estimated model parameters...
Computing ML distances took 0.267960 sec (of wall-clock time) 0.534665 sec(of CPU time)
Computing RapidNJ tree took 0.000855 sec (of wall-clock time) 0.000712 sec (of CPU time)
Log-likelihood of RapidNJ tree: -22843.997
--------------------------------------------------------------------
|             INITIALIZING CANDIDATE TREE SET                      |
--------------------------------------------------------------------
Generating 98 parsimony trees... 1.686 second
Computing log-likelihood of 98 initial trees ... 2.766 seconds
Current best score: -22758.971

Do NNI search on 20 best initial trees
Estimate model parameters (epsilon = 0.100)
BETTER TREE FOUND at iteration 1: -22757.950
Estimate model parameters (epsilon = 0.100)
BETTER TREE FOUND at iteration 5: -22755.635
Iteration 10 / LogL: -22768.870 / Time: 0h:0m:12s
Estimate model parameters (epsilon = 0.100)
BETTER TREE FOUND at iteration 14: -22753.145
Estimate model parameters (epsilon = 0.100)
BETTER TREE FOUND at iteration 19: -22752.972
Iteration 20 / LogL: -22755.852 / Time: 0h:0m:19s
Finish initializing candidate tree set (19)
Current best tree score: -22752.972 / CPU time: 17.230
Number of iterations: 20
--------------------------------------------------------------------
|               OPTIMIZING CANDIDATE TREE SET                      |
--------------------------------------------------------------------
Estimate model parameters (epsilon = 0.100)
BETTER TREE FOUND at iteration 23: -22751.036
Iteration 30 / LogL: -22752.681 / Time: 0h:0m:25s (0h:2m:48s left)
Estimate model parameters (epsilon = 0.100)
BETTER TREE FOUND at iteration 39: -22748.096
Iteration 40 / LogL: -22750.542 / Time: 0h:0m:31s (0h:2m:41s left)
Estimate model parameters (epsilon = 0.100)
BETTER TREE FOUND at iteration 45: -22747.776
Iteration 50 / LogL: -22753.375 / Time: 0h:0m:38s (0h:2m:31s left)
Log-likelihood cutoff on original alignment: -22808.436
Iteration 60 / LogL: -22748.834 / Time: 0h:0m:44s (0h:2m:18s left)
Iteration 70 / LogL: -22747.786 / Time: 0h:0m:50s (0h:2m:7s left)
Iteration 80 / LogL: -22747.903 / Time: 0h:0m:56s (0h:1m:57s left)
Iteration 90 / LogL: -22750.350 / Time: 0h:1m:2s (0h:1m:48s left)
Iteration 100 / LogL: -22748.319 / Time: 0h:1m:8s (0h:1m:40s left)
Log-likelihood cutoff on original alignment: -22808.436
NOTE: Bootstrap correlation coefficient of split occurrence frequencies: 0.998
Iteration 110 / LogL: -22749.835 / Time: 0h:1m:14s (0h:1m:32s left)
Iteration 120 / LogL: -22748.298 / Time: 0h:1m:21s (0h:1m:25s left)
Iteration 130 / LogL: -22747.819 / Time: 0h:1m:26s (0h:1m:17s left)
Iteration 140 / LogL: -22747.919 / Time: 0h:1m:33s (0h:1m:10s left)
Iteration 150 / LogL: -22758.890 / Time: 0h:1m:39s (0h:1m:3s left)
Log-likelihood cutoff on original alignment: -22808.436
Iteration 160 / LogL: -22754.542 / Time: 0h:1m:45s (0h:0m:56s left)
Iteration 170 / LogL: -22750.287 / Time: 0h:1m:51s (0h:0m:49s left)
Iteration 180 / LogL: -22752.007 / Time: 0h:1m:57s (0h:0m:42s left)
Iteration 190 / LogL: -22748.375 / Time: 0h:2m:3s (0h:0m:35s left)
Iteration 200 / LogL: -22753.441 / Time: 0h:2m:9s (0h:0m:29s left)
Log-likelihood cutoff on original alignment: -22808.436
NOTE: Bootstrap correlation coefficient of split occurrence frequencies: 0.999
Iteration 210 / LogL: -22757.216 / Time: 0h:2m:15s (0h:0m:58s left)
Iteration 220 / LogL: -22748.989 / Time: 0h:2m:21s (0h:0m:51s left)
Iteration 230 / LogL: -22748.217 / Time: 0h:2m:27s (0h:0m:44s left)
Iteration 240 / LogL: -22748.020 / Time: 0h:2m:33s (0h:0m:38s left)
TREE SEARCH COMPLETED AFTER 246 ITERATIONS / Time: 0h:2m:37s

--------------------------------------------------------------------
|                    FINALIZING TREE SEARCH                        |
--------------------------------------------------------------------
Performs final model parameters optimization
Estimate model parameters (epsilon = 0.010)
1. Initial log-likelihood: -22747.776
Optimal log-likelihood: -22747.775
Proportion of invariable sites: 0.007
Gamma shape alpha: 1.644
Parameters optimization took 1 rounds (0.091 sec)
BEST SCORE FOUND : -22747.775
Creating bootstrap support values...
Split supports printed to NEXUS file results_broccoli_metc/alignments/OG_5183.iqtree.splits.nex
Total tree length: 40.699

Total number of iterations: 246
CPU time used for tree search: 305.729 sec (0h:5m:5s)
Wall-clock time used for tree search: 154.750 sec (0h:2m:34s)
Total CPU time used: 310.779 sec (0h:5m:10s)
Total wall-clock time used: 157.352 sec (0h:2m:37s)

Computing bootstrap consensus tree...
Reading input file results_broccoli_metc/alignments/OG_5183.iqtree.splits.nex...
61 taxa and 522 splits.
Consensus tree written to results_broccoli_metc/alignments/OG_5183.iqtree.contree
Reading input trees file results_broccoli_metc/alignments/OG_5183.iqtree.contree
Log-likelihood of consensus tree: -22747.776

Analysis results written to: 
  IQ-TREE report:                results_broccoli_metc/alignments/OG_5183.iqtree.iqtree
  Maximum-likelihood tree:       results_broccoli_metc/alignments/OG_5183.iqtree.treefile
  Likelihood distances:          results_broccoli_metc/alignments/OG_5183.iqtree.mldist

Ultrafast bootstrap approximation results written to:
  Split support values:          results_broccoli_metc/alignments/OG_5183.iqtree.splits.nex
  Consensus tree:                results_broccoli_metc/alignments/OG_5183.iqtree.contree
  Screen log file:               results_broccoli_metc/alignments/OG_5183.iqtree.log

Date and Time: Fri Jun  3 16:22:48 2022
