IQ-TREE multicore version 2.1.0 for Linux 64-bit built Jul 18 2020
Developed by Bui Quang Minh, James Barbetti, Nguyen Lam Tung,
Olga Chernomor, Heiko Schmidt, Dominik Schrempf, Michael Woodhams.

Host:    node-hp0512.linux.crg.es (AVX, 125 GB RAM)
Command: /users/asebe/xgraubove/Programes/iqtree-2.1.0-Linux/bin/iqtree2 -s results_broccoli_metc/alignments/OG_508.lt.fasta -m TEST -mset LG,WAG,JTT -nt AUTO -ntmax 2 -bb 1000 -pre results_broccoli_metc/alignments/OG_508.iqtree -nm 10000 -nstop 200 -cptime 1800
Seed:    784690 (Using SPRNG - Scalable Parallel Random Number Generator)
Time:    Fri Jun  3 16:14:14 2022
Kernel:  AVX - auto-detect threads (2 CPU cores detected)

Reading alignment file results_broccoli_metc/alignments/OG_508.lt.fasta ... Fasta format detected
Alignment most likely contains protein sequences
Alignment has 77 sequences with 439 columns, 438 distinct patterns
428 parsimony-informative, 0 singleton sites, 11 constant sites
                                                          Gap/Ambiguity  Composition  p-value
   1  Hsap_ENST00000262554                                        3.19%    passed     97.07%
   2  Bralan_BLAG13000444_1                                       2.96%    passed     86.80%
   3  Cgig_NM_001308844.1                                         5.01%    passed     84.62%
   4  Acagra_model.g12423.t1                                      2.28%    passed     73.62%
   5  Ocar_g9770                                                 41.00%    passed     96.63%
   6  Opea_EP00118_Oscarella_pearsei_P002334                      4.10%    passed     98.64%
   7  Plajan_Pjan_C561798_01                                      2.73%    passed     74.75%
   8  Skow_XM_006811254.1                                        14.35%    passed     89.44%
   9  Mlei_ML0163.g57.i1                                         10.25%    passed     73.53%
  10  Horcal_Hcv1.av93.c9.g153.i1                                 4.10%    passed     90.18%
  11  Bolinf_Binf_sb1272309                                      20.73%    passed     76.86%
  12  Mertsp_Mesp_sb562893                                       45.56%    passed     83.86%
  13  Drygla_Dgla_sb282674                                       52.85%    passed     86.88%
  14  Lampan_Lpan_2626_01                                         4.56%    passed     81.36%
  15  Vmul_sbMO457819                                             3.42%    passed     64.26%
  16  Beraby_Baby_sb345470                                       10.48%    passed     96.51%
  17  Coemet_Cmet_scaffold21008_01                               36.67%    passed     12.61%
  18  Exapal_XM_021040120.2                                       1.37%    passed     82.02%
  19  Nvec_v1g120739                                              1.14%    passed     88.66%
  20  Adig_XM_015919989.1                                         1.14%    passed     86.19%
  21  Amil_Amillepora25277-RA                                     1.14%    passed     87.83%
  22  Gfas_gfas1.m1.19402.m1                                      9.11%    passed     95.40%
  23  Gasp_gasp1.m3.482.m1                                        1.14%    passed     80.01%
  24  Spis_XP_022782062_1                                         0.91%    passed     42.21%
  25  Pocdam_XM_027200086.1                                       0.91%    passed     53.16%
  26  Fspp_ffun1.m4.14929.m1                                     13.21%    passed     12.33%
  27  Hvul_g19467_1                                               5.92%    passed     92.25%
  28  Chem_TCONS_00068023                                         1.37%    passed     20.33%
  29  Morvir_scaffold367.g17.t1                                   1.14%    passed     98.38%
  30  Aaur_scaffold72.g28.t2                                      6.15%    passed     86.88%
  31  Nemnom_g3775.t1                                             1.37%    passed     87.40%
  32  Rhoesc_Res_016334-T1                                        2.05%    passed     89.44%
  33  Dgig_XM_028547925.1                                         1.14%    passed     96.28%
  34  Xesp_001160-T1                                              0.68%    passed     66.39%
  35  Ctel_gnl_WGS_AMQN_CAPTEDRAFT_mRNA226782                     5.24%    passed     97.84%
  36  Spur_XM_011662341.2                                         1.59%    passed     71.31%
  37  Scil_scict002664.3                                          2.28%    passed     53.12%
  38  Lcom_lcpid60864                                             2.51%    passed     96.15%
  39  Gracom_Gcom_scaffold1133_01                                26.20%    passed     84.96%
  40  Leuniv_Lniv_scaffold25320_01                                0.68%    passed     15.16%
  41  Clacor_Ccor_scaffold6641_01                                37.59%    passed     84.49%
  42  Cscu_XM_023367530.1                                         4.56%    passed     90.74%
  43  Dpul_mRNA6608                                               4.33%    passed     71.37%
  44  Saldol_EP00054_Salpingoeca_dolichothecata_P019307           4.33%    passed     35.67%
  45  Aque_Aqu2.1.43070_001                                       0.91%    passed     99.84%
  46  Halamb_c34783_g1_i1mm.349                                   2.51%    passed     99.76%
  47  Xestes_maker-XT_scaffold1200-snap-gene-0.11-mRNA-1         22.78%    passed     94.45%
  48  Emue_Em0011g63a.t1                                          3.42%    passed     96.14%
  49  Spolac_c101521_g1_i2_m.25874c101521-g1                      2.05%    passed     90.86%
  50  Tetwil_g13742.t2                                           23.92%    passed     98.84%
  51  Plespi_Pspi_C608416_01                                      2.73%    passed     99.25%
  52  Mylflu_EP00047_Mylnosiga_fluctuans_P017461                  2.05%    passed     12.96%
  53  Salmac_EP00052_Salpingoeca_macrocollata_P003399             4.33%    passed     20.95%
  54  Salpun_EP00053_Salpingoeca_punica_P010525                   4.56%    passed     73.48%
  55  Mbre_EDQ85095                                               4.10%    passed     92.73%
  56  Choper_EP00045_Choanoeca_perplexa_P005874                   3.19%    passed     74.60%
  57  Chofle_EP00730_Choanoeca_flexa_P014669                      2.96%    passed     91.23%
  58  Sros_EGD77288                                              17.77%    passed     31.45%
  59  Microa_EP00043_Microstomoeca_roanoka_P003973                1.37%    passed     61.19%
  60  Acaspe_EP00035_Acanthoeca_spectabilis_P001679               2.73%    passed     85.99%
  61  Helnan_EP00037_Helgoeca_nana_P015382                        3.19%    passed     75.49%
  62  Stedip_EP00041_Stephanoeca_diplocostata_P024034             0.91%    passed     40.11%
  63  Diagra_EP00040_Diaphanoeca_grandis_P025055                  0.23%    passed     82.50%
  64  Didcos_EP00039_Didymoeca_costata_P000420                    2.28%    passed     98.68%
  65  Salkve_EP00050_Salpingoeca_kvevrii_P013681                  5.92%    passed      9.91%
  66  Salurc_EP00051_Salpingoeca_urceolata_P006217                2.73%    passed     40.16%
  67  TrH2_TrispH2_010626-RA                                      2.73%    passed     56.05%
  68  HoiH06_mRNA14992                                           13.67%    passed     85.31%
  69  HoiH23_PlH23_003402-RA                                      2.51%    passed     82.10%
  70  Hhon_g04567.t1                                              2.05%    passed     93.98%
  71  HoiH04_mRNA2990                                             2.05%    passed     93.89%
  72  HoiH11_mRNA2407                                             7.97%    passed     91.07%
  73  Salinf_EP00049_Salpingoeca_infusionum_P001465               1.37%    passed     70.39%
  74  Codhol_EP00042_Codosiga_hollandica_P026602                  1.82%    passed     38.83%
  75  Pbac_sb2646658                                              4.33%    passed      9.74%
  76  Sanmal_Sma_011492-T1                                       16.40%    passed     17.15%
  77  Stycar_maker-SC_scaffold141898-augustus-gene-0.43-mRNA-1   39.64%    passed     55.53%
WARNING: 1 sequences contain more than 50% gaps/ambiguity
****  TOTAL                                                       7.98%  0 sequences failed composition chi2 test (p-value<5%; df=19)


Create initial parsimony tree by phylogenetic likelihood library (PLL)... 0.033 seconds
Measuring multi-threading efficiency up to 2 CPU cores
Increase to 10 rounds for branch lengths
3 trees examined
Threads: 1 / Time: 2.630 sec / Speedup: 1.000 / Efficiency: 100% / LogL: -49579
Threads: 2 / Time: 1.363 sec / Speedup: 1.929 / Efficiency: 96% / LogL: -49579
BEST NUMBER OF THREADS: 2

Perform fast likelihood tree search using LG+I+G model...
Estimate model parameters (epsilon = 5.000)
Perform nearest neighbor interchange...
Estimate model parameters (epsilon = 1.000)
1. Initial log-likelihood: -38331.064
Optimal log-likelihood: -38330.989
Proportion of invariable sites: 0.020
Gamma shape alpha: 1.335
Parameters optimization took 1 rounds (0.175 sec)
Time for fast ML tree search: 1.990 seconds

NOTE: ModelFinder requires 23 MB RAM!
ModelFinder will test up to 24 protein models (sample size: 439) ...
 No. Model         -LnL         df  AIC          AICc         BIC
  1  LG            40298.416    151 80898.832    81058.776    81515.591
  2  LG+I          40162.689    152 80629.378    80792.007    81250.222
  3  LG+G4         38344.365    152 76992.731    77155.360    77613.575
  4  LG+I+G4       38330.996    153 76967.993    77133.340    77592.921
  8  LG+F+I+G4     38344.391    172 77032.782    77256.511    77735.316
 12  WAG+I+G4      38543.360    153 77392.720    77558.068    78017.649
 16  WAG+F+I+G4    38498.026    172 77340.051    77563.780    78042.585
 20  JTT+I+G4      38866.414    153 78038.827    78204.175    78663.756
 24  JTT+F+I+G4    38770.875    172 77885.751    78109.480    78588.285
Akaike Information Criterion:           LG+I+G4
Corrected Akaike Information Criterion: LG+I+G4
Bayesian Information Criterion:         LG+I+G4
Best-fit model: LG+I+G4 chosen according to BIC

All model information printed to results_broccoli_metc/alignments/OG_508.iqtree.model.gz
CPU time for ModelFinder: 19.129 seconds (0h:0m:19s)
Wall-clock time for ModelFinder: 10.879 seconds (0h:0m:10s)
Generating 1000 samples for ultrafast bootstrap (seed: 784690)...

NOTE: 23 MB RAM (0 GB) is required!
Estimate model parameters (epsilon = 0.100)
Thoroughly optimizing +I+G parameters from 10 start values...
Init pinv, alpha: 0.000, 1.335 / Estimate: 0.020, 1.335 / LogL: -38330.997
Init pinv, alpha: 0.003, 1.335 / Estimate: 0.020, 1.335 / LogL: -38330.996
Init pinv, alpha: 0.006, 1.335 / Estimate: 0.020, 1.335 / LogL: -38331.000
Init pinv, alpha: 0.008, 1.335 / Estimate: 0.020, 1.335 / LogL: -38330.995
Init pinv, alpha: 0.011, 1.335 / Estimate: 0.019, 1.334 / LogL: -38331.001
Init pinv, alpha: 0.014, 1.335 / Estimate: 0.020, 1.335 / LogL: -38330.995
Init pinv, alpha: 0.017, 1.335 / Estimate: 0.020, 1.335 / LogL: -38330.991
Init pinv, alpha: 0.019, 1.335 / Estimate: 0.020, 1.335 / LogL: -38330.990
Init pinv, alpha: 0.022, 1.335 / Estimate: 0.020, 1.337 / LogL: -38330.990
Init pinv, alpha: 0.025, 1.335 / Estimate: 0.020, 1.335 / LogL: -38330.989
Optimal pinv,alpha: 0.020, 1.335 / LogL: -38330.989

Parameters optimization took 4.523 sec
Computing ML distances based on estimated model parameters...
Computing ML distances took 0.386271 sec (of wall-clock time) 0.770287 sec(of CPU time)
Computing RapidNJ tree took 0.001138 sec (of wall-clock time) 0.002275 sec (of CPU time)
Log-likelihood of RapidNJ tree: -38431.271
--------------------------------------------------------------------
|             INITIALIZING CANDIDATE TREE SET                      |
--------------------------------------------------------------------
Generating 98 parsimony trees... 2.980 second
Computing log-likelihood of 98 initial trees ... 5.366 seconds
Current best score: -38330.989

Do NNI search on 20 best initial trees
Estimate model parameters (epsilon = 0.100)
BETTER TREE FOUND at iteration 1: -38330.989
Estimate model parameters (epsilon = 0.100)
BETTER TREE FOUND at iteration 3: -38328.040
Estimate model parameters (epsilon = 0.100)
BETTER TREE FOUND at iteration 5: -38322.813
Iteration 10 / LogL: -38328.166 / Time: 0h:0m:23s
Iteration 20 / LogL: -38334.431 / Time: 0h:0m:32s
Finish initializing candidate tree set (19)
Current best tree score: -38322.813 / CPU time: 26.683
Number of iterations: 20
--------------------------------------------------------------------
|               OPTIMIZING CANDIDATE TREE SET                      |
--------------------------------------------------------------------
Estimate model parameters (epsilon = 0.100)
BETTER TREE FOUND at iteration 24: -38318.780
Iteration 30 / LogL: -38319.816 / Time: 0h:0m:43s (0h:4m:47s left)
Iteration 40 / LogL: -38318.801 / Time: 0h:0m:53s (0h:4m:12s left)
Iteration 50 / LogL: -38319.906 / Time: 0h:1m:3s (0h:3m:46s left)
Log-likelihood cutoff on original alignment: -38391.980
Estimate model parameters (epsilon = 0.100)
UPDATE BEST LOG-LIKELIHOOD: -38318.651
Iteration 60 / LogL: -38318.956 / Time: 0h:1m:15s (0h:3m:29s left)
Iteration 70 / LogL: -38319.538 / Time: 0h:1m:26s (0h:3m:12s left)
Iteration 80 / LogL: -38321.406 / Time: 0h:1m:37s (0h:2m:57s left)
Iteration 90 / LogL: -38319.182 / Time: 0h:1m:47s (0h:2m:42s left)
UPDATE BEST LOG-LIKELIHOOD: -38318.646
Iteration 100 / LogL: -38320.747 / Time: 0h:1m:58s (0h:2m:28s left)
Log-likelihood cutoff on original alignment: -38391.980
NOTE: Bootstrap correlation coefficient of split occurrence frequencies: 0.998
Iteration 110 / LogL: -38321.618 / Time: 0h:2m:9s (0h:2m:15s left)
Iteration 120 / LogL: -38320.384 / Time: 0h:2m:19s (0h:2m:2s left)
Iteration 130 / LogL: -38319.007 / Time: 0h:2m:31s (0h:1m:50s left)
Estimate model parameters (epsilon = 0.100)
UPDATE BEST LOG-LIKELIHOOD: -38318.600
Iteration 140 / LogL: -38318.657 / Time: 0h:2m:42s (0h:1m:38s left)
Iteration 150 / LogL: -38322.741 / Time: 0h:2m:53s (0h:1m:26s left)
Log-likelihood cutoff on original alignment: -38391.980
Iteration 160 / LogL: -38318.956 / Time: 0h:3m:4s (0h:1m:14s left)
Iteration 170 / LogL: -38320.675 / Time: 0h:3m:14s (0h:1m:2s left)
Iteration 180 / LogL: -38318.779 / Time: 0h:3m:25s (0h:0m:50s left)
Iteration 190 / LogL: -38319.242 / Time: 0h:3m:36s (0h:0m:38s left)
Iteration 200 / LogL: -38333.517 / Time: 0h:3m:47s (0h:0m:27s left)
Log-likelihood cutoff on original alignment: -38391.980
NOTE: Bootstrap correlation coefficient of split occurrence frequencies: 0.999
Iteration 210 / LogL: -38318.940 / Time: 0h:3m:59s (0h:1m:42s left)
Iteration 220 / LogL: -38319.065 / Time: 0h:4m:10s (0h:1m:31s left)
TREE SEARCH COMPLETED AFTER 225 ITERATIONS / Time: 0h:4m:15s

--------------------------------------------------------------------
|                    FINALIZING TREE SEARCH                        |
--------------------------------------------------------------------
Performs final model parameters optimization
Estimate model parameters (epsilon = 0.010)
1. Initial log-likelihood: -38318.600
Optimal log-likelihood: -38318.597
Proportion of invariable sites: 0.020
Gamma shape alpha: 1.350
Parameters optimization took 1 rounds (0.173 sec)
BEST SCORE FOUND : -38318.597
Creating bootstrap support values...
Split supports printed to NEXUS file results_broccoli_metc/alignments/OG_508.iqtree.splits.nex
Total tree length: 35.335

Total number of iterations: 225
CPU time used for tree search: 495.576 sec (0h:8m:15s)
Wall-clock time used for tree search: 250.122 sec (0h:4m:10s)
Total CPU time used: 507.169 sec (0h:8m:27s)
Total wall-clock time used: 256.000 sec (0h:4m:15s)

Computing bootstrap consensus tree...
Reading input file results_broccoli_metc/alignments/OG_508.iqtree.splits.nex...
77 taxa and 367 splits.
Consensus tree written to results_broccoli_metc/alignments/OG_508.iqtree.contree
Reading input trees file results_broccoli_metc/alignments/OG_508.iqtree.contree
Log-likelihood of consensus tree: -38320.812

Analysis results written to: 
  IQ-TREE report:                results_broccoli_metc/alignments/OG_508.iqtree.iqtree
  Maximum-likelihood tree:       results_broccoli_metc/alignments/OG_508.iqtree.treefile
  Likelihood distances:          results_broccoli_metc/alignments/OG_508.iqtree.mldist

Ultrafast bootstrap approximation results written to:
  Split support values:          results_broccoli_metc/alignments/OG_508.iqtree.splits.nex
  Consensus tree:                results_broccoli_metc/alignments/OG_508.iqtree.contree
  Screen log file:               results_broccoli_metc/alignments/OG_508.iqtree.log

Date and Time: Fri Jun  3 16:18:42 2022
