IQ-TREE multicore version 2.1.0 for Linux 64-bit built Jul 18 2020
Developed by Bui Quang Minh, James Barbetti, Nguyen Lam Tung,
Olga Chernomor, Heiko Schmidt, Dominik Schrempf, Michael Woodhams.

Host:    node-hp0211.linux.crg.es (AVX, 125 GB RAM)
Command: /users/asebe/xgraubove/Programes/iqtree-2.1.0-Linux/bin/iqtree2 -s results_broccoli_metc/alignments/OG_5665.lt.fasta -m TEST -mset LG,WAG,JTT -nt AUTO -ntmax 2 -bb 1000 -pre results_broccoli_metc/alignments/OG_5665.iqtree -nm 10000 -nstop 200 -cptime 1800
Seed:    802346 (Using SPRNG - Scalable Parallel Random Number Generator)
Time:    Fri Jun  3 17:25:25 2022
Kernel:  AVX - auto-detect threads (2 CPU cores detected)

Reading alignment file results_broccoli_metc/alignments/OG_5665.lt.fasta ... Fasta format detected
Alignment most likely contains protein sequences
Alignment has 72 sequences with 883 columns, 875 distinct patterns
818 parsimony-informative, 0 singleton sites, 65 constant sites
                                                   Gap/Ambiguity  Composition  p-value
   1  Hsap_ENST00000377191                                10.65%    passed     97.63%
   2  Cgig_XM_011453483.3                                  6.00%    passed     15.81%
   3  Exapal_XM_021051263.2                                7.93%    passed     98.53%
   4  Fspp_ffun1.m4.14109.m1                              92.87%    passed     33.57%
   5  Spis_XP_022794628_1                                  8.04%    passed     99.29%
   6  Gasp_gasp1.m3.4131.m1                               11.55%    passed     94.96%
   7  Amil_Amillepora26574-RA                             20.61%    passed     78.09%
   8  Adig_XM_015905799.1                                  8.38%    passed     56.41%
   9  Dgig_XM_028553203.1                                  4.64%    passed     98.85%
  10  Plajan_Pjan_scaffold7014_01                         30.01%    passed     87.98%
  11  Xesp_021494-T1                                       3.40%    passed     81.12%
  12  Aaur_scaffold1428.g1.t1                             69.88%    passed     38.33%
  13  Nemnom_g9693.t1                                      3.85%    passed     97.11%
  14  Rhoesc_Res_004472-T1                                 5.44%    passed     90.95%
  15  Sanmal_Sma_023438-T1                                20.84%    passed     77.72%
  16  Scil_scict005038.1                                   5.55%    passed     41.31%
  17  Leuniv_Lniv_C755472_01                              82.90%    passed     10.19%
  18  Lcom_lcpid26561                                      5.32%    passed     40.01%
  19  Gracom_Gcom_scaffold13617_01                         7.25%    passed     50.01%
  20  Acagra_model.g15888.t1                               8.83%    passed     83.84%
  21  Spur_XM_030999833.1                                  6.23%    passed     95.48%
  22  Tetwil_g20688.t1                                     2.04%    passed     53.65%
  23  Mlei_ML0789.g41.i1                                  13.25%    passed     59.04%
  24  Mertsp_Mesp_sb564151                                59.12%    failed      3.93%
  25  Lampan_Lpan_C419779_01                              12.68%    passed     88.00%
  26  Beraby_Baby_sb347749                                13.59%    passed     64.52%
  27  Vmul_sbMO464254                                     62.63%    passed     13.83%
  28  Coeast_Cast_sb792297                                33.75%    passed     57.34%
  29  Coemet_Cmet_C606354_01                              12.00%    passed     76.09%
  30  Bolinf_Binf_sb1265129                               60.02%    passed     35.39%
  31  Pbac_sb2639637                                      11.89%    passed     99.87%
  32  Horcal_Hcv1.av93.c1.g477.i1                         12.00%    passed     95.89%
  33  Eupdun_Edun_sb10642296                              18.01%    passed     70.75%
  34  Plespi_Pspi_scaffold19677_01                        15.06%    passed     98.15%
  35  Emue_Em0028g6a.t1                                   26.05%    passed     50.67%
  36  Spolac_c98334_g2_i2_m.16965c98334-g1                46.43%    passed     36.63%
  37  Bralan_BLAG04001573_1                                4.42%    passed     71.01%
  38  Chem_TCONS_00022023                                  7.25%    passed     19.44%
  39  Ocar_g3558                                          37.15%    passed     12.19%
  40  Opea_EP00118_Oscarella_pearsei_P017760               8.95%    passed     18.76%
  41  Tcas_TC009846_001                                    9.17%    passed     75.63%
  42  Mbre_EDQ90292                                       79.39%    passed     13.13%
  43  Chofle_EP00730_Choanoeca_flexa_P017190              15.06%    failed      1.85%
  44  Choper_EP00045_Choanoeca_perplexa_P011240           21.97%    passed      8.92%
  45  Salinf_EP00049_Salpingoeca_infusionum_P016149       10.08%    failed      0.00%
  46  Acaspe_EP00035_Acanthoeca_spectabilis_P009053       18.57%    passed     12.13%
  47  Helnan_EP00037_Helgoeca_nana_P002692                15.18%    failed      0.45%
  48  Aque_Aqu2.1.32737_001                                4.76%    passed     35.86%
  49  Halamb_c53781_g1_i5m.36464                           8.72%    passed     82.31%
  50  Tadh_wf_g491.t1                                      7.81%    passed     30.32%
  51  TrH2_TrispH2_003388-RA                               6.12%    passed     33.74%
  52  Hhon_g07680.t1                                       5.66%    failed      0.02%
  53  HoiH04_mRNA3376                                      5.66%    failed      0.01%
  54  HoiH23_PlH23_009828-RA                               6.91%    failed      1.89%
  55  Diagra_EP00040_Diaphanoeca_grandis_P020096          19.59%    passed     11.90%
  56  Hvul_g20431_1                                       10.65%    passed     23.50%
  57  Mylflu_EP00047_Mylnosiga_fluctuans_P022032          19.14%    failed      0.01%
  58  Microa_EP00043_Microstomoeca_roanoka_P018411        13.70%    failed      2.18%
  59  Sros_EGD81361                                       12.91%    failed      0.02%
  60  Cscu_XM_023376261.1                                 43.60%    passed      8.90%
  61  Nvec_v1g227937                                      27.75%    passed     88.13%
  62  Pocdam_XM_027200871.1                               44.28%    failed      3.94%
  63  Didcos_EP00039_Didymoeca_costata_P033147            14.61%    passed     24.02%
  64  Salpun_EP00053_Salpingoeca_punica_P001958           59.68%    passed     44.21%
  65  Saldol_EP00054_Salpingoeca_dolichothecata_P028147   28.31%    failed      3.65%
  66  Drygla_Dgla_sb287248                                79.73%    failed      1.37%
  67  Morvir_scaffold3.g125.t4                            27.29%    passed      5.23%
  68  Salurc_EP00051_Salpingoeca_urceolata_P009718        40.09%    failed      1.03%
  69  Salkve_EP00050_Salpingoeca_kvevrii_P020486          45.19%    failed      2.79%
  70  Salmac_EP00052_Salpingoeca_macrocollata_P026877     38.39%    failed      0.01%
  71  Codhol_EP00042_Codosiga_hollandica_P008248          18.23%    passed     10.74%
  72  Skow_XM_006820957.1                                 29.11%    failed      4.54%
WARNING: 9 sequences contain more than 50% gaps/ambiguity
****  TOTAL                                               23.11%  17 sequences failed composition chi2 test (p-value<5%; df=19)


Create initial parsimony tree by phylogenetic likelihood library (PLL)... 0.036 seconds
Measuring multi-threading efficiency up to 2 CPU cores
10 trees examined
Threads: 1 / Time: 2.103 sec / Speedup: 1.000 / Efficiency: 100% / LogL: -82159
Threads: 2 / Time: 1.097 sec / Speedup: 1.916 / Efficiency: 96% / LogL: -82159
BEST NUMBER OF THREADS: 2

Perform fast likelihood tree search using LG+I+G model...
Estimate model parameters (epsilon = 5.000)
Perform nearest neighbor interchange...
Estimate model parameters (epsilon = 1.000)
1. Initial log-likelihood: -62661.619
Optimal log-likelihood: -62661.582
Proportion of invariable sites: 0.069
Gamma shape alpha: 1.170
Parameters optimization took 1 rounds (0.315 sec)
Time for fast ML tree search: 3.097 seconds

NOTE: ModelFinder requires 43 MB RAM!
ModelFinder will test up to 24 protein models (sample size: 883) ...
 No. Model         -LnL         df  AIC          AICc         BIC
  1  LG            66311.822    141 132905.644   132959.685   133580.093
  2  LG+I          65290.355    142 130864.710   130919.591   131543.942
  3  LG+G4         62779.999    142 125843.998   125898.879   126523.230
  4  LG+I+G4       62661.584    143 125609.167   125664.896   126293.183
  8  LG+F+I+G4     62591.215    162 125506.431   125579.781   126281.329
 12  WAG+I+G4      62737.601    143 125761.203   125816.932   126445.218
 16  WAG+F+I+G4    62833.163    162 125990.325   126063.675   126765.224
 20  JTT+I+G4      63102.882    143 126491.765   126547.494   127175.780
 24  JTT+F+I+G4    63149.263    162 126622.526   126695.876   127397.425
Akaike Information Criterion:           LG+F+I+G4
Corrected Akaike Information Criterion: LG+F+I+G4
Bayesian Information Criterion:         LG+F+I+G4
Best-fit model: LG+F+I+G4 chosen according to BIC

All model information printed to results_broccoli_metc/alignments/OG_5665.iqtree.model.gz
CPU time for ModelFinder: 32.204 seconds (0h:0m:32s)
Wall-clock time for ModelFinder: 17.893 seconds (0h:0m:17s)
Generating 1000 samples for ultrafast bootstrap (seed: 802346)...

NOTE: 43 MB RAM (0 GB) is required!
Estimate model parameters (epsilon = 0.100)
Thoroughly optimizing +I+G parameters from 10 start values...
Init pinv, alpha: 0.000, 1.213 / Estimate: 0.070, 1.218 / LogL: -62591.207
Init pinv, alpha: 0.008, 1.213 / Estimate: 0.070, 1.217 / LogL: -62591.204
Init pinv, alpha: 0.016, 1.213 / Estimate: 0.070, 1.216 / LogL: -62591.205
Init pinv, alpha: 0.025, 1.213 / Estimate: 0.070, 1.218 / LogL: -62591.205
Init pinv, alpha: 0.033, 1.213 / Estimate: 0.070, 1.218 / LogL: -62591.208
Init pinv, alpha: 0.041, 1.213 / Estimate: 0.070, 1.218 / LogL: -62591.212
Init pinv, alpha: 0.049, 1.213 / Estimate: 0.070, 1.217 / LogL: -62591.214
Init pinv, alpha: 0.057, 1.213 / Estimate: 0.070, 1.217 / LogL: -62591.210
Init pinv, alpha: 0.065, 1.213 / Estimate: 0.070, 1.217 / LogL: -62591.204
Init pinv, alpha: 0.074, 1.213 / Estimate: 0.070, 1.215 / LogL: -62591.208
Optimal pinv,alpha: 0.070, 1.217 / LogL: -62591.204

Parameters optimization took 12.266 sec
Computing ML distances based on estimated model parameters...
Computing ML distances took 0.367553 sec (of wall-clock time) 0.705976 sec(of CPU time)
WARNING: Some pairwise ML distances are too long (saturated)
Computing RapidNJ tree took 0.001129 sec (of wall-clock time) 0.001233 sec (of CPU time)
Log-likelihood of RapidNJ tree: -63289.710
--------------------------------------------------------------------
|             INITIALIZING CANDIDATE TREE SET                      |
--------------------------------------------------------------------
Generating 98 parsimony trees... 4.629 second
Computing log-likelihood of 98 initial trees ... 10.594 seconds
Current best score: -62591.204

Do NNI search on 20 best initial trees
Estimate model parameters (epsilon = 0.100)
BETTER TREE FOUND at iteration 1: -62591.203
Iteration 10 / LogL: -62597.713 / Time: 0h:0m:42s
Estimate model parameters (epsilon = 0.100)
BETTER TREE FOUND at iteration 11: -62588.460
Estimate model parameters (epsilon = 0.100)
BETTER TREE FOUND at iteration 16: -62583.854
Iteration 20 / LogL: -62591.948 / Time: 0h:1m:1s
Finish initializing candidate tree set (16)
Current best tree score: -62583.854 / CPU time: 47.765
Number of iterations: 20
--------------------------------------------------------------------
|               OPTIMIZING CANDIDATE TREE SET                      |
--------------------------------------------------------------------
Estimate model parameters (epsilon = 0.100)
UPDATE BEST LOG-LIKELIHOOD: -62583.032
Iteration 30 / LogL: -62595.433 / Time: 0h:1m:24s (0h:8m:59s left)
Iteration 40 / LogL: -62586.095 / Time: 0h:1m:47s (0h:8m:3s left)
Iteration 50 / LogL: -62583.376 / Time: 0h:2m:8s (0h:7m:14s left)
Log-likelihood cutoff on original alignment: -62636.122
Iteration 60 / LogL: -62586.564 / Time: 0h:2m:30s (0h:6m:38s left)
Iteration 70 / LogL: -62595.127 / Time: 0h:2m:53s (0h:6m:7s left)
Iteration 80 / LogL: -62583.495 / Time: 0h:3m:15s (0h:5m:37s left)
Iteration 90 / LogL: -62583.226 / Time: 0h:3m:39s (0h:5m:10s left)
Iteration 100 / LogL: -62583.496 / Time: 0h:4m:2s (0h:4m:43s left)
Log-likelihood cutoff on original alignment: -62636.122
NOTE: Bootstrap correlation coefficient of split occurrence frequencies: 0.999
Iteration 110 / LogL: -62613.461 / Time: 0h:4m:24s (0h:4m:17s left)
Iteration 120 / LogL: -62583.159 / Time: 0h:4m:46s (0h:3m:51s left)
Iteration 130 / LogL: -62584.274 / Time: 0h:5m:11s (0h:3m:27s left)
Iteration 140 / LogL: -62587.404 / Time: 0h:5m:32s (0h:3m:2s left)
Iteration 150 / LogL: -62583.841 / Time: 0h:5m:56s (0h:2m:37s left)
Log-likelihood cutoff on original alignment: -62636.122
Iteration 160 / LogL: -62583.543 / Time: 0h:6m:19s (0h:2m:13s left)
Iteration 170 / LogL: -62583.150 / Time: 0h:6m:40s (0h:1m:48s left)
Iteration 180 / LogL: -62583.300 / Time: 0h:7m:3s (0h:1m:25s left)
Iteration 190 / LogL: -62584.259 / Time: 0h:7m:24s (0h:1m:1s left)
Iteration 200 / LogL: -62584.196 / Time: 0h:7m:45s (0h:0m:37s left)
Log-likelihood cutoff on original alignment: -62636.122
NOTE: Bootstrap correlation coefficient of split occurrence frequencies: 1.000
Iteration 210 / LogL: -62583.677 / Time: 0h:8m:8s (0h:3m:30s left)
TREE SEARCH COMPLETED AFTER 217 ITERATIONS / Time: 0h:8m:23s

--------------------------------------------------------------------
|                    FINALIZING TREE SEARCH                        |
--------------------------------------------------------------------
Performs final model parameters optimization
Estimate model parameters (epsilon = 0.010)
1. Initial log-likelihood: -62583.032
Optimal log-likelihood: -62583.029
Proportion of invariable sites: 0.070
Gamma shape alpha: 1.202
Parameters optimization took 1 rounds (0.314 sec)
BEST SCORE FOUND : -62583.029
Creating bootstrap support values...
Split supports printed to NEXUS file results_broccoli_metc/alignments/OG_5665.iqtree.splits.nex
Total tree length: 39.359

Total number of iterations: 217
CPU time used for tree search: 938.744 sec (0h:15m:38s)
Wall-clock time used for tree search: 490.120 sec (0h:8m:10s)
Total CPU time used: 966.018 sec (0h:16m:6s)
Total wall-clock time used: 504.331 sec (0h:8m:24s)

Computing bootstrap consensus tree...
Reading input file results_broccoli_metc/alignments/OG_5665.iqtree.splits.nex...
72 taxa and 357 splits.
Consensus tree written to results_broccoli_metc/alignments/OG_5665.iqtree.contree
Reading input trees file results_broccoli_metc/alignments/OG_5665.iqtree.contree
Log-likelihood of consensus tree: -62583.028

Analysis results written to: 
  IQ-TREE report:                results_broccoli_metc/alignments/OG_5665.iqtree.iqtree
  Maximum-likelihood tree:       results_broccoli_metc/alignments/OG_5665.iqtree.treefile
  Likelihood distances:          results_broccoli_metc/alignments/OG_5665.iqtree.mldist

Ultrafast bootstrap approximation results written to:
  Split support values:          results_broccoli_metc/alignments/OG_5665.iqtree.splits.nex
  Consensus tree:                results_broccoli_metc/alignments/OG_5665.iqtree.contree
  Screen log file:               results_broccoli_metc/alignments/OG_5665.iqtree.log

Date and Time: Fri Jun  3 17:34:09 2022
