IQ-TREE multicore version 2.1.0 for Linux 64-bit built Jul 18 2020
Developed by Bui Quang Minh, James Barbetti, Nguyen Lam Tung,
Olga Chernomor, Heiko Schmidt, Dominik Schrempf, Michael Woodhams.

Host:    node-hp0108.linux.crg.es (AVX, 125 GB RAM)
Command: /users/asebe/xgraubove/Programes/iqtree-2.1.0-Linux/bin/iqtree2 -s results_broccoli_metc/alignments/OG_5.lt.fasta -m TEST -mset LG,WAG,JTT -nt AUTO -ntmax 2 -bb 1000 -pre results_broccoli_metc/alignments/OG_5.iqtree -nm 10000 -nstop 200 -cptime 1800
Seed:    539111 (Using SPRNG - Scalable Parallel Random Number Generator)
Time:    Fri Jun  3 18:20:48 2022
Kernel:  AVX - auto-detect threads (2 CPU cores detected)

Reading alignment file results_broccoli_metc/alignments/OG_5.lt.fasta ... Fasta format detected
Alignment most likely contains protein sequences
Alignment has 60 sequences with 369 columns, 360 distinct patterns
334 parsimony-informative, 0 singleton sites, 35 constant sites
                                                                  Gap/Ambiguity  Composition  p-value
   1  Bralan_BLAG05000541_1                                               1.90%    passed     77.57%
   2  Exapal_XM_021051472.2                                               4.07%    passed     91.95%
   3  Nvec_v1g137645                                                     15.72%    passed     59.99%
   4  Adig_XM_015916114.1                                                32.52%    passed     84.64%
   5  Amil_Amillepora17091-RA                                            56.64%    passed     88.48%
   6  Gfas_gfas1.m1.4157.m1                                              18.43%    passed     41.66%
   7  Fspp_ffun1.m4.13459.m1                                              4.34%    passed     96.22%
   8  Gasp_gasp1.m3.23611.m1                                             51.22%    passed     88.95%
   9  Spis_XP_022803847_1                                                 3.52%    passed     90.43%
  10  Pocdam_XM_027204134.1                                              15.99%    passed     93.48%
  11  Dgig_XM_028542288.1                                                 2.44%    passed     85.76%
  12  Xesp_003337-T1                                                     15.72%    passed     94.49%
  13  Morvir_scaffold269.g6.t1                                            2.98%    passed     98.24%
  14  Ctel_gnl_WGS_AMQN_CAPTEDRAFT_mRNA170641                            15.45%    passed     96.78%
  15  Cgig_XM_011436102.2                                                 4.07%    passed     67.00%
  16  Acagra_model.g8027.t1                                               3.52%    passed     98.90%
  17  Skow_XM_002738599.2                                                 1.63%    passed     95.96%
  18  Chem_TCONS_00025152                                                 7.86%    passed     93.37%
  19  Nemnom_g9489.t1                                                    21.68%    passed     78.17%
  20  Rhoesc_Res_013407-T1                                                2.71%    passed     86.20%
  21  Spur_XM_779992.5                                                    2.71%    passed     98.13%
  22  Sanmal_Sma_009287-T1                                               15.99%    passed     33.83%
  23  Hvul_g9625_1                                                        4.61%    passed     58.28%
  24  Cscu_XM_023363201.1                                                 2.17%    passed     84.59%
  25  Ocar_g2560                                                         16.80%    passed     95.29%
  26  Opea_EP00118_Oscarella_pearsei_P027030                              1.36%    passed     99.82%
  27  Mlei_ML1496.g43.i1                                                  4.34%    passed     95.45%
  28  Bolinf_Binf_sb1238884                                              33.06%    passed     83.92%
  29  Drygla_Dgla_sb303246                                               10.84%    passed     56.88%
  30  Pbac_sb2659862                                                     41.46%    passed     46.17%
  31  Horcal_Hcv1.av93.c8.g587.i1                                         6.23%    passed     83.67%
  32  Mertsp_Mesp_sb579259                                               22.22%    passed     64.43%
  33  Beraby_Baby_sb323151                                                5.42%    passed     98.49%
  34  Vmul_Simscaffold9035_01                                             5.96%    passed     82.57%
  35  Coeast_Cast_sb774488                                               43.90%    passed     97.00%
  36  Coemet_Cmet_scaffold6312_01                                         5.42%    passed     99.29%
  37  Lampan_Lpan_C415673_01                                              5.15%    passed     91.80%
  38  Eupdun_Edun_sb10665503                                             12.47%    passed     95.56%
  39  Dpul_mRNA27020                                                      4.07%    passed     89.02%
  40  Tetwil_g1165.t1                                                    78.59%    passed     60.57%
  41  Scil_scict013975.1                                                  1.63%    passed     11.88%
  42  Lcom_lcpid74066                                                     4.34%    passed     62.21%
  43  Gracom_Gcom_scaffold7887_01                                         1.63%    passed     18.39%
  44  Leuniv_Lniv_scaffold1257_01                                        14.91%    passed     29.69%
  45  Clacor_Ccor_scaffold2771_01                                         5.15%    passed     45.06%
  46  Tadh_TriadT18436                                                   12.20%    passed     44.12%
  47  TrH2_TrispH2_007548-RA                                              0.81%    passed     30.57%
  48  HoiH06_mRNA1800                                                     0.81%    passed     89.36%
  49  HoiH23_PlH23_004082-RA                                              0.81%    passed     92.58%
  50  HoiH11_mRNA6769                                                    25.75%    passed     98.74%
  51  Hhon_g07642.t1                                                      1.36%    passed     94.53%
  52  HoiH04_mRNA154                                                      1.36%    passed     93.49%
  53  Aque_Aqu2.1.37515_001                                               4.34%    passed     78.40%
  54  Halamb_c37050_g1_i1mm.472                                           3.25%    passed     44.04%
  55  Emue_Em0001g1103a.t1                                                6.50%    passed     60.81%
  56  Spolac_c104553_g5_i1_m.41357c104553-g5                              4.34%    passed     74.44%
  57  Xestes_augustus_masked-XT_scaffold4953-processed-gene-0.4-mRNA-1    2.17%    passed     97.36%
  58  Stycar_maker-SC_scaffold3546-snap-gene-0.38-mRNA-1                 47.97%    passed     91.75%
  59  Codhol_EP00042_Codosiga_hollandica_P016454                          3.79%    passed     50.81%
  60  Salkve_EP00050_Salpingoeca_kvevrii_P021376                          1.36%    failed      1.79%
WARNING: 3 sequences contain more than 50% gaps/ambiguity
****  TOTAL                                                              12.49%  1 sequences failed composition chi2 test (p-value<5%; df=19)


Create initial parsimony tree by phylogenetic likelihood library (PLL)... 0.022 seconds
Measuring multi-threading efficiency up to 2 CPU cores
Increase to 10 rounds for branch lengths
3 trees examined
Threads: 1 / Time: 2.059 sec / Speedup: 1.000 / Efficiency: 100% / LogL: -30653
Threads: 2 / Time: 1.045 sec / Speedup: 1.971 / Efficiency: 99% / LogL: -30653
BEST NUMBER OF THREADS: 2

Perform fast likelihood tree search using LG+I+G model...
Estimate model parameters (epsilon = 5.000)
Perform nearest neighbor interchange...
Estimate model parameters (epsilon = 1.000)
1. Initial log-likelihood: -22426.451
Optimal log-likelihood: -22426.302
Proportion of invariable sites: 0.086
Gamma shape alpha: 1.361
Parameters optimization took 1 rounds (0.133 sec)
Time for fast ML tree search: 1.272 seconds

NOTE: ModelFinder requires 15 MB RAM!
ModelFinder will test up to 24 protein models (sample size: 369) ...
 No. Model         -LnL         df  AIC          AICc         BIC
  1  LG            23652.505    117 47539.010    47649.018    47996.573
  2  LG+I          23268.996    118 46773.991    46886.327    47235.465
  3  LG+G4         22468.015    118 45172.030    45284.366    45633.504
  4  LG+I+G4       22426.278    119 45090.556    45205.255    45555.941
  8  LG+F+I+G4     22436.271    138 45148.542    45315.342    45688.232
 12  WAG+I+G4      22473.424    119 45184.848    45299.546    45650.232
 16  WAG+F+I+G4    22473.053    138 45222.105    45388.905    45761.795
 20  JTT+I+G4      22619.070    119 45476.140    45590.838    45941.524
 24  JTT+F+I+G4    22638.748    138 45553.497    45720.297    46093.187
Akaike Information Criterion:           LG+I+G4
Corrected Akaike Information Criterion: LG+I+G4
Bayesian Information Criterion:         LG+I+G4
Best-fit model: LG+I+G4 chosen according to BIC

All model information printed to results_broccoli_metc/alignments/OG_5.iqtree.model.gz
CPU time for ModelFinder: 13.203 seconds (0h:0m:13s)
Wall-clock time for ModelFinder: 7.622 seconds (0h:0m:7s)
Generating 1000 samples for ultrafast bootstrap (seed: 539111)...

NOTE: 15 MB RAM (0 GB) is required!
Estimate model parameters (epsilon = 0.100)
Thoroughly optimizing +I+G parameters from 10 start values...
Init pinv, alpha: 0.000, 1.362 / Estimate: 0.000, 0.901 / LogL: -22467.926
Init pinv, alpha: 0.011, 1.362 / Estimate: 0.086, 1.360 / LogL: -22426.271
Init pinv, alpha: 0.021, 1.362 / Estimate: 0.086, 1.359 / LogL: -22426.273
Init pinv, alpha: 0.032, 1.362 / Estimate: 0.086, 1.360 / LogL: -22426.274
Init pinv, alpha: 0.042, 1.362 / Estimate: 0.086, 1.360 / LogL: -22426.272
Init pinv, alpha: 0.053, 1.362 / Estimate: 0.086, 1.360 / LogL: -22426.274
Init pinv, alpha: 0.063, 1.362 / Estimate: 0.086, 1.359 / LogL: -22426.277
Init pinv, alpha: 0.074, 1.362 / Estimate: 0.086, 1.360 / LogL: -22426.276
Init pinv, alpha: 0.084, 1.362 / Estimate: 0.086, 1.359 / LogL: -22426.272
Init pinv, alpha: 0.095, 1.362 / Estimate: 0.087, 1.359 / LogL: -22426.271
Optimal pinv,alpha: 0.087, 1.359 / LogL: -22426.271

Parameters optimization took 4.448 sec
Computing ML distances based on estimated model parameters...
Computing ML distances took 0.268982 sec (of wall-clock time) 0.535697 sec(of CPU time)
WARNING: Some pairwise ML distances are too long (saturated)
Computing RapidNJ tree took 0.001022 sec (of wall-clock time) 0.001046 sec (of CPU time)
Log-likelihood of RapidNJ tree: -22648.317
--------------------------------------------------------------------
|             INITIALIZING CANDIDATE TREE SET                      |
--------------------------------------------------------------------
Generating 98 parsimony trees... 1.983 second
Computing log-likelihood of 98 initial trees ... 4.096 seconds
Current best score: -22426.271

Do NNI search on 20 best initial trees
Estimate model parameters (epsilon = 0.100)
BETTER TREE FOUND at iteration 1: -22426.270
Estimate model parameters (epsilon = 0.100)
BETTER TREE FOUND at iteration 2: -22414.889
Estimate model parameters (epsilon = 0.100)
BETTER TREE FOUND at iteration 3: -22410.167
Iteration 10 / LogL: -22414.392 / Time: 0h:0m:17s
Estimate model parameters (epsilon = 0.100)
BETTER TREE FOUND at iteration 17: -22409.595
Iteration 20 / LogL: -22411.401 / Time: 0h:0m:24s
Finish initializing candidate tree set (14)
Current best tree score: -22409.595 / CPU time: 19.627
Number of iterations: 20
--------------------------------------------------------------------
|               OPTIMIZING CANDIDATE TREE SET                      |
--------------------------------------------------------------------
Iteration 30 / LogL: -22410.083 / Time: 0h:0m:33s (0h:3m:39s left)
Iteration 40 / LogL: -22450.316 / Time: 0h:0m:41s (0h:3m:9s left)
Iteration 50 / LogL: -22409.714 / Time: 0h:0m:50s (0h:2m:52s left)
Log-likelihood cutoff on original alignment: -22462.803
Iteration 60 / LogL: -22424.170 / Time: 0h:0m:59s (0h:2m:37s left)
Iteration 70 / LogL: -22411.291 / Time: 0h:1m:8s (0h:2m:25s left)
Iteration 80 / LogL: -22410.260 / Time: 0h:1m:17s (0h:2m:14s left)
Iteration 90 / LogL: -22410.199 / Time: 0h:1m:26s (0h:2m:3s left)
Iteration 100 / LogL: -22418.422 / Time: 0h:1m:34s (0h:1m:51s left)
Log-likelihood cutoff on original alignment: -22462.803
NOTE: Bootstrap correlation coefficient of split occurrence frequencies: 0.997
Iteration 110 / LogL: -22418.900 / Time: 0h:1m:43s (0h:1m:41s left)
Iteration 120 / LogL: -22410.333 / Time: 0h:1m:52s (0h:1m:31s left)
Iteration 130 / LogL: -22414.519 / Time: 0h:2m:1s (0h:1m:21s left)
Iteration 140 / LogL: -22415.100 / Time: 0h:2m:9s (0h:1m:11s left)
Iteration 150 / LogL: -22410.021 / Time: 0h:2m:18s (0h:1m:2s left)
Log-likelihood cutoff on original alignment: -22462.803
Iteration 160 / LogL: -22421.555 / Time: 0h:2m:27s (0h:0m:52s left)
Iteration 170 / LogL: -22409.682 / Time: 0h:2m:35s (0h:0m:43s left)
Iteration 180 / LogL: -22412.629 / Time: 0h:2m:44s (0h:0m:33s left)
Iteration 190 / LogL: -22409.983 / Time: 0h:2m:52s (0h:0m:24s left)
Iteration 200 / LogL: -22411.626 / Time: 0h:3m:2s (0h:0m:15s left)
Log-likelihood cutoff on original alignment: -22462.803
NOTE: Bootstrap correlation coefficient of split occurrence frequencies: 0.999
Iteration 210 / LogL: -22410.667 / Time: 0h:3m:10s (0h:1m:21s left)
TREE SEARCH COMPLETED AFTER 218 ITERATIONS / Time: 0h:3m:16s

--------------------------------------------------------------------
|                    FINALIZING TREE SEARCH                        |
--------------------------------------------------------------------
Performs final model parameters optimization
Estimate model parameters (epsilon = 0.010)
1. Initial log-likelihood: -22409.595
Optimal log-likelihood: -22409.593
Proportion of invariable sites: 0.087
Gamma shape alpha: 1.373
Parameters optimization took 1 rounds (0.133 sec)
BEST SCORE FOUND : -22409.593
Creating bootstrap support values...
Split supports printed to NEXUS file results_broccoli_metc/alignments/OG_5.iqtree.splits.nex
Total tree length: 23.190

Total number of iterations: 218
CPU time used for tree search: 379.689 sec (0h:6m:19s)
Wall-clock time used for tree search: 191.620 sec (0h:3m:11s)
Total CPU time used: 390.331 sec (0h:6m:30s)
Total wall-clock time used: 197.035 sec (0h:3m:17s)

Computing bootstrap consensus tree...
Reading input file results_broccoli_metc/alignments/OG_5.iqtree.splits.nex...
60 taxa and 326 splits.
Consensus tree written to results_broccoli_metc/alignments/OG_5.iqtree.contree
Reading input trees file results_broccoli_metc/alignments/OG_5.iqtree.contree
Log-likelihood of consensus tree: -22409.594

Analysis results written to: 
  IQ-TREE report:                results_broccoli_metc/alignments/OG_5.iqtree.iqtree
  Maximum-likelihood tree:       results_broccoli_metc/alignments/OG_5.iqtree.treefile
  Likelihood distances:          results_broccoli_metc/alignments/OG_5.iqtree.mldist

Ultrafast bootstrap approximation results written to:
  Split support values:          results_broccoli_metc/alignments/OG_5.iqtree.splits.nex
  Consensus tree:                results_broccoli_metc/alignments/OG_5.iqtree.contree
  Screen log file:               results_broccoli_metc/alignments/OG_5.iqtree.log

Date and Time: Fri Jun  3 18:24:13 2022
