IQ-TREE multicore version 2.1.0 for Linux 64-bit built Jul 18 2020
Developed by Bui Quang Minh, James Barbetti, Nguyen Lam Tung,
Olga Chernomor, Heiko Schmidt, Dominik Schrempf, Michael Woodhams.

Host:    node-hp0507.linux.crg.es (AVX, 125 GB RAM)
Command: /users/asebe/xgraubove/Programes/iqtree-2.1.0-Linux/bin/iqtree2 -s results_broccoli_metc/alignments/OG_5306.lt.fasta -m TEST -mset LG,WAG,JTT -nt AUTO -ntmax 2 -bb 1000 -pre results_broccoli_metc/alignments/OG_5306.iqtree -nm 10000 -nstop 200 -cptime 1800
Seed:    507468 (Using SPRNG - Scalable Parallel Random Number Generator)
Time:    Fri Jun  3 16:29:16 2022
Kernel:  AVX - auto-detect threads (2 CPU cores detected)

Reading alignment file results_broccoli_metc/alignments/OG_5306.lt.fasta ... Fasta format detected
Alignment most likely contains protein sequences
Alignment has 72 sequences with 820 columns, 820 distinct patterns
802 parsimony-informative, 0 singleton sites, 18 constant sites
                                                     Gap/Ambiguity  Composition  p-value
   1  Hsap_ENST00000321867                                   9.27%    passed      9.24%
   2  Bralan_BLAG01001398_1                                  9.02%    passed     35.98%
   3  Skow_XM_002731635.2                                   11.95%    passed     19.50%
   4  Exapal_XM_021052692.2                                  8.17%    passed     78.23%
   5  Nvec_v1g115643                                        70.98%    passed     24.17%
   6  Adig_XM_015900380.1                                   14.15%    passed      7.48%
   7  Amil_Amillepora23385-RA                               20.49%    passed     16.08%
   8  Gfas_gfas1.m1.16978.m1                                11.46%    passed     50.62%
   9  Fspp_ffun1.m4.710.m1                                   6.71%    passed     42.74%
  10  Spis_XP_022809336_1                                   79.76%    failed      1.04%
  11  Pocdam_XM_027198025.1                                 14.76%    passed     19.32%
  12  Gasp_gasp1.m3.21601.m1                                 6.59%    passed     66.82%
  13  Dgig_XM_028540946.1                                    7.56%    passed     78.15%
  14  Aaur_scaffold67.g28.t1                                58.90%    passed     74.81%
  15  Nemnom_g11787.t1                                      12.44%    passed     46.78%
  16  Rhoesc_Res_006616-T1                                  10.73%    passed     87.63%
  17  Morvir_scaffold21.g25.t1                               9.39%    passed     78.26%
  18  Chem_TCONS_00032227                                   10.12%    failed      1.14%
  19  Tadh_TriadT29099                                      80.24%    passed      5.28%
  20  TrH2_TrispH2_001976-RA                                15.24%    failed      0.49%
  21  HoiH23_PlH23_007748-RA                                17.32%    passed      8.47%
  22  HoiH11_mRNA1822                                       30.61%    failed      0.57%
  23  HoiH06_mRNA12732                                      27.20%    passed     23.00%
  24  Hhon_g00795.t1                                        14.63%    failed      0.78%
  25  HoiH04_mRNA6341                                       14.63%    failed      1.22%
  26  Dpul_mRNA10066                                        21.83%    passed     42.47%
  27  Tcas_TC005477_001                                     17.32%    passed     28.86%
  28  Ctel_gnl_WGS_AMQN_CAPTEDRAFT_mRNA170802               12.56%    passed     63.45%
  29  Xesp_004944-T1                                        12.07%    passed     53.15%
  30  Cgig_XM_011451167.3                                    9.63%    passed     40.77%
  31  Cscu_XM_023374923.1                                   16.34%    passed     25.37%
  32  Acagra_model.g14337.t1                                13.78%    passed     30.02%
  33  Clacor_Ccor_C509543_01                                81.71%    passed     30.76%
  34  Ocar_g11107                                           61.95%    passed     41.06%
  35  Opea_EP00118_Oscarella_pearsei_P004505                20.37%    passed     85.51%
  36  Plajan_Pjan_scaffold8977_01                           23.29%    passed     45.46%
  37  Spur_XM_011678609.2                                    7.20%    passed     27.05%
  38  Emue_Em0015g296a.t1                                   14.39%    passed     79.99%
  39  Spolac_c103510_g2_i3_m.34639c103510-g2                13.66%    passed     45.86%
  40  Aque_Aqu2.1.39760_001                                 18.17%    passed     25.72%
  41  Halamb_c53841_g1_i6mm.5473                            19.02%    passed     14.52%
  42  Xestes_maker-XT_scaffold14726-snap-gene-0.34-mRNA-1   18.41%    failed      1.54%
  43  Lcom_lcpid31228                                       19.51%    passed      6.76%
  44  Mlei_ML1500.g7.i1                                     40.49%    passed     31.05%
  45  Pbac_sb2658670                                        34.76%    passed     41.14%
  46  Horcal_Hcv1.av93.c3.g793.i1                           17.44%    passed     73.71%
  47  Coeast_Cast_sb785744                                  30.98%    passed     82.90%
  48  Coemet_Cmet_scaffold7013_01                           19.88%    passed     97.23%
  49  Lampan_Lpan_C420315_01                                16.95%    passed     69.49%
  50  Tetwil_g9642.t2                                       14.88%    passed     81.18%
  51  Mbre_EDQ86072                                         31.83%    failed      0.29%
  52  Sros_EGD75705                                         20.49%    failed      0.00%
  53  Microa_EP00043_Microstomoeca_roanoka_P028586          67.68%    passed     73.64%
  54  Choper_EP00045_Choanoeca_perplexa_P015885             36.34%    failed      0.52%
  55  Chofle_EP00730_Choanoeca_flexa_P017986                36.71%    failed      0.11%
  56  Salinf_EP00049_Salpingoeca_infusionum_P013979         38.54%    failed      0.03%
  57  Acaspe_EP00035_Acanthoeca_spectabilis_P022650         34.88%    passed      5.48%
  58  Helnan_EP00037_Helgoeca_nana_P000574                  34.15%    failed      0.42%
  59  Diagra_EP00040_Diaphanoeca_grandis_P012567            67.93%    passed     11.82%
  60  Stedip_EP00041_Stephanoeca_diplocostata_P034970       29.76%    failed      0.83%
  61  Saldol_EP00054_Salpingoeca_dolichothecata_P021405     35.98%    passed     23.65%
  62  Salurc_EP00051_Salpingoeca_urceolata_P003795          36.22%    failed      1.69%
  63  Mylflu_EP00047_Mylnosiga_fluctuans_P002025            38.17%    failed      0.06%
  64  Didcos_EP00039_Didymoeca_costata_P009358              38.41%    passed     14.56%
  65  Sanmal_Sma_019146-T1                                  17.07%    passed     56.36%
  66  Leuniv_Lniv_C786722_01                                69.88%    passed     37.85%
  67  Codhol_EP00042_Codosiga_hollandica_P059197            32.80%    failed      0.76%
  68  Gracom_Gcom_C559542_01                                22.68%    passed     35.24%
  69  Salkve_EP00050_Salpingoeca_kvevrii_P018334            52.93%    passed      8.58%
  70  Salpun_EP00053_Salpingoeca_punica_P014116             50.61%    failed      0.03%
  71  Hvul_g11468_1                                         72.20%    failed      0.97%
  72  Salmac_EP00052_Salpingoeca_macrocollata_P013858       71.34%    passed      5.35%
WARNING: 13 sequences contain more than 50% gaps/ambiguity
****  TOTAL                                                 28.97%  19 sequences failed composition chi2 test (p-value<5%; df=19)


Create initial parsimony tree by phylogenetic likelihood library (PLL)... 0.037 seconds
Measuring multi-threading efficiency up to 2 CPU cores
10 trees examined
Threads: 1 / Time: 2.027 sec / Speedup: 1.000 / Efficiency: 100% / LogL: -84706
Threads: 2 / Time: 1.048 sec / Speedup: 1.935 / Efficiency: 97% / LogL: -84706
BEST NUMBER OF THREADS: 2

Perform fast likelihood tree search using LG+I+G model...
Estimate model parameters (epsilon = 5.000)
Perform nearest neighbor interchange...
Estimate model parameters (epsilon = 1.000)
1. Initial log-likelihood: -64066.193
Optimal log-likelihood: -64066.171
Proportion of invariable sites: 0.020
Gamma shape alpha: 1.256
Parameters optimization took 1 rounds (0.316 sec)
Time for fast ML tree search: 3.417 seconds

NOTE: ModelFinder requires 40 MB RAM!
ModelFinder will test up to 24 protein models (sample size: 820) ...
 No. Model         -LnL         df  AIC          AICc         BIC
  1  LG            66525.054    141 133332.108   133391.170   133996.120
  2  LG+I          66147.510    142 132579.019   132639.007   133247.740
  3  LG+G4         64121.372    142 128526.744   128586.733   129195.466
  4  LG+I+G4       64066.271    143 128418.542   128479.465   129091.973
  8  LG+F+I+G4     63745.155    162 127814.311   127894.694   128577.218
 12  WAG+I+G4      64175.153    143 128636.305   128697.229   129309.736
 16  WAG+F+I+G4    63920.372    162 128164.745   128245.128   128927.652
 20  JTT+I+G4      64092.432    143 128470.864   128531.787   129144.294
 24  JTT+F+I+G4    63903.209    162 128130.418   128210.801   128893.325
Akaike Information Criterion:           LG+F+I+G4
Corrected Akaike Information Criterion: LG+F+I+G4
Bayesian Information Criterion:         LG+F+I+G4
Best-fit model: LG+F+I+G4 chosen according to BIC

All model information printed to results_broccoli_metc/alignments/OG_5306.iqtree.model.gz
CPU time for ModelFinder: 32.857 seconds (0h:0m:32s)
Wall-clock time for ModelFinder: 17.591 seconds (0h:0m:17s)
Generating 1000 samples for ultrafast bootstrap (seed: 507468)...

NOTE: 40 MB RAM (0 GB) is required!
Estimate model parameters (epsilon = 0.100)
Thoroughly optimizing +I+G parameters from 10 start values...
Init pinv, alpha: 0.000, 1.251 / Estimate: 0.020, 1.251 / LogL: -63745.142
Init pinv, alpha: 0.002, 1.251 / Estimate: 0.020, 1.251 / LogL: -63745.137
Init pinv, alpha: 0.005, 1.251 / Estimate: 0.020, 1.251 / LogL: -63745.144
Init pinv, alpha: 0.007, 1.251 / Estimate: 0.020, 1.251 / LogL: -63745.154
Init pinv, alpha: 0.010, 1.251 / Estimate: 0.020, 1.251 / LogL: -63745.146
Init pinv, alpha: 0.012, 1.251 / Estimate: 0.020, 1.251 / LogL: -63745.139
Init pinv, alpha: 0.015, 1.251 / Estimate: 0.020, 1.250 / LogL: -63745.133
Init pinv, alpha: 0.017, 1.251 / Estimate: 0.020, 1.249 / LogL: -63745.129
Init pinv, alpha: 0.020, 1.251 / Estimate: 0.020, 1.249 / LogL: -63745.129
Init pinv, alpha: 0.022, 1.251 / Estimate: 0.020, 1.249 / LogL: -63745.126
Optimal pinv,alpha: 0.020, 1.249 / LogL: -63745.126

Parameters optimization took 7.394 sec
Computing ML distances based on estimated model parameters...
Computing ML distances took 0.401757 sec (of wall-clock time) 0.801278 sec(of CPU time)
Computing RapidNJ tree took 0.001120 sec (of wall-clock time) 0.002238 sec (of CPU time)
Log-likelihood of RapidNJ tree: -64122.664
--------------------------------------------------------------------
|             INITIALIZING CANDIDATE TREE SET                      |
--------------------------------------------------------------------
Generating 98 parsimony trees... 4.383 second
Computing log-likelihood of 98 initial trees ... 9.449 seconds
Current best score: -63745.126

Do NNI search on 20 best initial trees
Estimate model parameters (epsilon = 0.100)
BETTER TREE FOUND at iteration 1: -63745.124
Estimate model parameters (epsilon = 0.100)
BETTER TREE FOUND at iteration 2: -63719.756
Estimate model parameters (epsilon = 0.100)
BETTER TREE FOUND at iteration 6: -63716.058
Estimate model parameters (epsilon = 0.100)
BETTER TREE FOUND at iteration 8: -63710.918
Iteration 10 / LogL: -63717.983 / Time: 0h:0m:50s
Iteration 20 / LogL: -63727.347 / Time: 0h:1m:17s
Finish initializing candidate tree set (18)
Current best tree score: -63710.918 / CPU time: 67.979
Number of iterations: 20
--------------------------------------------------------------------
|               OPTIMIZING CANDIDATE TREE SET                      |
--------------------------------------------------------------------
Estimate model parameters (epsilon = 0.100)
BETTER TREE FOUND at iteration 23: -63710.812
Estimate model parameters (epsilon = 0.100)
BETTER TREE FOUND at iteration 27: -63710.295
Iteration 30 / LogL: -63710.478 / Time: 0h:1m:48s (0h:12m:17s left)
Iteration 40 / LogL: -63715.162 / Time: 0h:2m:16s (0h:10m:56s left)
Iteration 50 / LogL: -63712.014 / Time: 0h:2m:45s (0h:9m:57s left)
Log-likelihood cutoff on original alignment: -63789.051
Iteration 60 / LogL: -63715.589 / Time: 0h:3m:14s (0h:9m:9s left)
Iteration 70 / LogL: -63728.517 / Time: 0h:3m:47s (0h:8m:37s left)
Iteration 80 / LogL: -63710.964 / Time: 0h:4m:17s (0h:7m:58s left)
Iteration 90 / LogL: -63710.766 / Time: 0h:4m:44s (0h:7m:18s left)
Iteration 100 / LogL: -63712.019 / Time: 0h:5m:12s (0h:6m:41s left)
Log-likelihood cutoff on original alignment: -63789.051
NOTE: Bootstrap correlation coefficient of split occurrence frequencies: 0.999
Iteration 110 / LogL: -63710.766 / Time: 0h:5m:42s (0h:6m:7s left)
Iteration 120 / LogL: -63711.214 / Time: 0h:6m:8s (0h:5m:31s left)
Iteration 130 / LogL: -63715.164 / Time: 0h:6m:37s (0h:4m:58s left)
Iteration 140 / LogL: -63710.626 / Time: 0h:7m:6s (0h:4m:26s left)
Iteration 150 / LogL: -63727.023 / Time: 0h:7m:36s (0h:3m:55s left)
Log-likelihood cutoff on original alignment: -63789.051
Iteration 160 / LogL: -63725.074 / Time: 0h:8m:4s (0h:3m:23s left)
Iteration 170 / LogL: -63710.378 / Time: 0h:8m:33s (0h:2m:53s left)
Iteration 180 / LogL: -63710.297 / Time: 0h:9m:4s (0h:2m:22s left)
Iteration 190 / LogL: -63711.771 / Time: 0h:9m:33s (0h:1m:52s left)
Iteration 200 / LogL: -63710.399 / Time: 0h:10m:3s (0h:1m:21s left)
Log-likelihood cutoff on original alignment: -63789.051
NOTE: Bootstrap correlation coefficient of split occurrence frequencies: 0.999
Iteration 210 / LogL: -63714.843 / Time: 0h:10m:33s (0h:4m:32s left)
Iteration 220 / LogL: -63715.907 / Time: 0h:11m:1s (0h:4m:1s left)
TREE SEARCH COMPLETED AFTER 228 ITERATIONS / Time: 0h:11m:24s

--------------------------------------------------------------------
|                    FINALIZING TREE SEARCH                        |
--------------------------------------------------------------------
Performs final model parameters optimization
Estimate model parameters (epsilon = 0.010)
1. Initial log-likelihood: -63710.295
Optimal log-likelihood: -63710.295
Proportion of invariable sites: 0.020
Gamma shape alpha: 1.210
Parameters optimization took 1 rounds (0.298 sec)
BEST SCORE FOUND : -63710.295
Creating bootstrap support values...
Split supports printed to NEXUS file results_broccoli_metc/alignments/OG_5306.iqtree.splits.nex
Total tree length: 57.393

Total number of iterations: 228
CPU time used for tree search: 1339.721 sec (0h:22m:19s)
Wall-clock time used for tree search: 674.965 sec (0h:11m:14s)
Total CPU time used: 1358.681 sec (0h:22m:38s)
Total wall-clock time used: 684.574 sec (0h:11m:24s)

Computing bootstrap consensus tree...
Reading input file results_broccoli_metc/alignments/OG_5306.iqtree.splits.nex...
72 taxa and 357 splits.
Consensus tree written to results_broccoli_metc/alignments/OG_5306.iqtree.contree
Reading input trees file results_broccoli_metc/alignments/OG_5306.iqtree.contree
Log-likelihood of consensus tree: -63710.296

Analysis results written to: 
  IQ-TREE report:                results_broccoli_metc/alignments/OG_5306.iqtree.iqtree
  Maximum-likelihood tree:       results_broccoli_metc/alignments/OG_5306.iqtree.treefile
  Likelihood distances:          results_broccoli_metc/alignments/OG_5306.iqtree.mldist

Ultrafast bootstrap approximation results written to:
  Split support values:          results_broccoli_metc/alignments/OG_5306.iqtree.splits.nex
  Consensus tree:                results_broccoli_metc/alignments/OG_5306.iqtree.contree
  Screen log file:               results_broccoli_metc/alignments/OG_5306.iqtree.log

Date and Time: Fri Jun  3 16:40:59 2022
