IQ-TREE multicore version 2.1.0 for Linux 64-bit built Jul 18 2020
Developed by Bui Quang Minh, James Barbetti, Nguyen Lam Tung,
Olga Chernomor, Heiko Schmidt, Dominik Schrempf, Michael Woodhams.

Host:    node-hp0403.linux.crg.es (AVX, 125 GB RAM)
Command: /users/asebe/xgraubove/Programes/iqtree-2.1.0-Linux/bin/iqtree2 -s results_broccoli_metc/alignments/OG_5227.lt.fasta -m TEST -mset LG,WAG,JTT -nt AUTO -ntmax 2 -bb 1000 -pre results_broccoli_metc/alignments/OG_5227.iqtree -nm 10000 -nstop 200 -cptime 1800
Seed:    254586 (Using SPRNG - Scalable Parallel Random Number Generator)
Time:    Fri Jun  3 16:22:27 2022
Kernel:  AVX - auto-detect threads (2 CPU cores detected)

Reading alignment file results_broccoli_metc/alignments/OG_5227.lt.fasta ... Fasta format detected
Alignment most likely contains protein sequences
Alignment has 61 sequences with 492 columns, 476 distinct patterns
447 parsimony-informative, 0 singleton sites, 45 constant sites
                                                 Gap/Ambiguity  Composition  p-value
   1  Bralan_BLAG08000642_1                              2.64%    passed     59.22%
   2  Cgig_XM_034452896.1                                1.02%    passed     94.86%
   3  Acagra_model.g19758.t1                             1.42%    passed     80.07%
   4  Spur_XM_030997908.1                                1.83%    passed     96.75%
   5  Skow_XM_002736549.2                                1.83%    passed     99.38%
   6  Exapal_XM_021036766.2                              0.41%    passed     87.25%
   7  Nvec_v1g192075                                     0.61%    passed     99.74%
   8  Adig_XM_015892048.1                                0.61%    passed     91.77%
   9  Amil_Amillepora35795-RA                            4.27%    passed     96.01%
  10  Gfas_gfas1.m1.18154.m1                             0.41%    passed     99.44%
  11  Fspp_ffun1.m4.22174.m1                             0.41%    passed     98.54%
  12  Gasp_gasp1.m3.2926.m1                              1.22%    passed     99.82%
  13  Spis_XP_022793361_1                                1.02%    passed     97.29%
  14  Pocdam_XM_027201719.1                              1.02%    passed     98.75%
  15  Aaur_scaffold624.g8.t1                            69.11%    passed     98.07%
  16  Sanmal_Sma_021880-T1                               1.42%    passed     79.03%
  17  Nemnom_g10351.t1                                   1.42%    passed     99.84%
  18  Rhoesc_Res_015382-T1                               1.83%    passed     96.73%
  19  Ocar_g10031                                       41.06%    passed     98.86%
  20  Opea_EP00118_Oscarella_pearsei_P003458             4.27%    passed     97.39%
  21  Plajan_Pjan_C563704_01                             2.85%    passed     87.16%
  22  Ctel_gnl_WGS_AMQN_CAPTEDRAFT_mRNA176705            1.83%    passed     83.18%
  23  Tadh_TriadT21102                                   0.81%    passed     80.85%
  24  TrH2_TrispH2_004156-RA                             0.81%    passed     79.35%
  25  HoiH06_mRNA4761                                    0.61%    passed     69.06%
  26  HoiH23_PlH23_003618-RA                             0.81%    passed     91.86%
  27  Hhon_g09692.t1                                     0.61%    passed     68.84%
  28  HoiH04_mRNA9245                                    0.61%    passed     77.58%
  29  HoiH11_mRNA3326                                    0.61%    passed     31.76%
  30  Hvul_g1726_1                                      66.87%    passed     12.38%
  31  Chem_TCONS_00030259                                2.03%    passed     26.16%
  32  Dpul_mRNA10107                                     3.25%    passed     19.21%
  33  Mbre_EDQ85766                                      2.64%    failed      0.02%
  34  Sros_EGD82849                                     75.81%    passed     99.68%
  35  Microa_EP00043_Microstomoeca_roanoka_P017141       3.05%    passed     42.93%
  36  Salurc_EP00051_Salpingoeca_urceolata_P032293       1.02%    failed      0.68%
  37  Salmac_EP00052_Salpingoeca_macrocollata_P032973    6.91%    failed      2.95%
  38  Salkve_EP00050_Salpingoeca_kvevrii_P000957         9.55%    failed      0.00%
  39  Choper_EP00045_Choanoeca_perplexa_P011715          1.63%    passed     21.99%
  40  Chofle_EP00730_Choanoeca_flexa_P000335             2.44%    failed      3.18%
  41  Salpun_EP00053_Salpingoeca_punica_P011814          0.41%    passed      6.38%
  42  Mlei_ML0149.g8.i1                                  6.30%    passed     82.69%
  43  Bolinf_Binf_sb1240422                             14.23%    passed     96.56%
  44  Mertsp_Mesp_sb573398                              14.23%    passed     93.75%
  45  Beraby_Baby_sb324297                              26.02%    passed     53.38%
  46  Pbac_sb2640003                                    69.51%    passed     47.68%
  47  Horcal_Hcv1.av93.c2.g1187.i1                       5.08%    passed     97.08%
  48  Vmul_sbMO456134                                    5.08%    passed     23.08%
  49  Coeast_Cast_sb793976                              28.25%    passed     95.66%
  50  Coemet_Cmet_scaffold11472_01                       5.08%    passed     78.32%
  51  Eupdun_Edun_sb10636920                            11.59%    passed     41.43%
  52  Lampan_Lpan_15896_01                              34.96%    passed     97.49%
  53  Cscu_XM_023388966.1                                2.64%    passed     16.68%
  54  Scil_scict016474.1                                 1.42%    passed     75.74%
  55  Gracom_Gcom_C555546_01                             2.24%    passed     22.21%
  56  Leuniv_Lniv_C810552_01                             4.47%    passed     33.28%
  57  Lcom_lcpid70530                                    2.03%    passed     75.72%
  58  Clacor_Ccor_scaffold10107_01                      66.06%    passed     68.86%
  59  Dgig_XM_028538929.1                                3.46%    passed     95.59%
  60  Xesp_007972-T1                                     9.15%    passed     53.79%
  61  Salinf_EP00049_Salpingoeca_infusionum_P014092      5.49%    passed     23.35%
WARNING: 5 sequences contain more than 50% gaps/ambiguity
****  TOTAL                                             10.50%  5 sequences failed composition chi2 test (p-value<5%; df=19)


Create initial parsimony tree by phylogenetic likelihood library (PLL)... 0.019 seconds
Measuring multi-threading efficiency up to 2 CPU cores
Increase to 10 rounds for branch lengths
3 trees examined
Threads: 1 / Time: 2.052 sec / Speedup: 1.000 / Efficiency: 100% / LogL: -40333
Threads: 2 / Time: 1.092 sec / Speedup: 1.879 / Efficiency: 94% / LogL: -40333
BEST NUMBER OF THREADS: 2

Perform fast likelihood tree search using LG+I+G model...
Estimate model parameters (epsilon = 5.000)
Perform nearest neighbor interchange...
Estimate model parameters (epsilon = 1.000)
1. Initial log-likelihood: -29986.575
Optimal log-likelihood: -29986.426
Proportion of invariable sites: 0.077
Gamma shape alpha: 1.201
Parameters optimization took 1 rounds (0.140 sec)
Time for fast ML tree search: 1.423 seconds

NOTE: ModelFinder requires 20 MB RAM!
ModelFinder will test up to 24 protein models (sample size: 492) ...
 No. Model         -LnL         df  AIC          AICc         BIC
  1  LG            31752.526    119 63743.053    63819.827    64242.671
  2  LG+I          31311.229    120 62862.458    62940.732    63366.275
  3  LG+G4         30020.444    120 60280.888    60359.162    60784.705
  4  LG+I+G4       29986.423    121 60214.845    60294.640    60722.861
  8  LG+F+I+G4     29994.304    140 60268.608    60381.087    60856.395
 12  WAG+I+G4      30189.606    121 60621.212    60701.006    61129.228
 16  WAG+F+I+G4    30163.120    140 60606.240    60718.719    61194.027
 20  JTT+I+G4      30366.602    121 60975.203    61054.998    61483.219
 24  JTT+F+I+G4    30396.603    140 61073.206    61185.685    61660.993
Akaike Information Criterion:           LG+I+G4
Corrected Akaike Information Criterion: LG+I+G4
Bayesian Information Criterion:         LG+I+G4
Best-fit model: LG+I+G4 chosen according to BIC

All model information printed to results_broccoli_metc/alignments/OG_5227.iqtree.model.gz
CPU time for ModelFinder: 13.575 seconds (0h:0m:13s)
Wall-clock time for ModelFinder: 7.781 seconds (0h:0m:7s)
Generating 1000 samples for ultrafast bootstrap (seed: 254586)...

NOTE: 20 MB RAM (0 GB) is required!
Estimate model parameters (epsilon = 0.100)
Thoroughly optimizing +I+G parameters from 10 start values...
Init pinv, alpha: 0.000, 1.198 / Estimate: 0.000, 0.866 / LogL: -30020.399
Init pinv, alpha: 0.010, 1.198 / Estimate: 0.076, 1.197 / LogL: -29986.425
Init pinv, alpha: 0.020, 1.198 / Estimate: 0.076, 1.196 / LogL: -29986.427
Init pinv, alpha: 0.030, 1.198 / Estimate: 0.076, 1.197 / LogL: -29986.426
Init pinv, alpha: 0.041, 1.198 / Estimate: 0.076, 1.195 / LogL: -29986.429
Init pinv, alpha: 0.051, 1.198 / Estimate: 0.076, 1.196 / LogL: -29986.427
Init pinv, alpha: 0.061, 1.198 / Estimate: 0.076, 1.194 / LogL: -29986.436
Init pinv, alpha: 0.071, 1.198 / Estimate: 0.075, 1.193 / LogL: -29986.431
Init pinv, alpha: 0.081, 1.198 / Estimate: 0.077, 1.203 / LogL: -29986.423
Init pinv, alpha: 0.091, 1.198 / Estimate: 0.077, 1.202 / LogL: -29986.428
Optimal pinv,alpha: 0.077, 1.203 / LogL: -29986.423

Parameters optimization took 5.241 sec
Computing ML distances based on estimated model parameters...
Computing ML distances took 0.207756 sec (of wall-clock time) 0.413451 sec(of CPU time)
Computing RapidNJ tree took 0.000840 sec (of wall-clock time) 0.000683 sec (of CPU time)
Log-likelihood of RapidNJ tree: -30157.910
--------------------------------------------------------------------
|             INITIALIZING CANDIDATE TREE SET                      |
--------------------------------------------------------------------
Generating 98 parsimony trees... 1.996 second
Computing log-likelihood of 98 initial trees ... 4.274 seconds
Current best score: -29986.423

Do NNI search on 20 best initial trees
Estimate model parameters (epsilon = 0.100)
BETTER TREE FOUND at iteration 1: -29985.502
Estimate model parameters (epsilon = 0.100)
BETTER TREE FOUND at iteration 2: -29974.920
Estimate model parameters (epsilon = 0.100)
BETTER TREE FOUND at iteration 3: -29969.230
Iteration 10 / LogL: -29981.314 / Time: 0h:0m:18s
UPDATE BEST LOG-LIKELIHOOD: -29969.227
Iteration 20 / LogL: -29971.620 / Time: 0h:0m:24s
Finish initializing candidate tree set (13)
Current best tree score: -29969.227 / CPU time: 18.217
Number of iterations: 20
--------------------------------------------------------------------
|               OPTIMIZING CANDIDATE TREE SET                      |
--------------------------------------------------------------------
Iteration 30 / LogL: -29972.160 / Time: 0h:0m:31s (0h:3m:9s left)
Iteration 40 / LogL: -29976.030 / Time: 0h:0m:40s (0h:2m:47s left)
Iteration 50 / LogL: -29978.858 / Time: 0h:0m:48s (0h:2m:32s left)
Log-likelihood cutoff on original alignment: -30043.909
Iteration 60 / LogL: -29984.472 / Time: 0h:0m:57s (0h:2m:18s left)
Iteration 70 / LogL: -29969.278 / Time: 0h:1m:6s (0h:2m:7s left)
Iteration 80 / LogL: -29974.282 / Time: 0h:1m:14s (0h:1m:55s left)
Iteration 90 / LogL: -29970.017 / Time: 0h:1m:22s (0h:1m:45s left)
Iteration 100 / LogL: -29982.912 / Time: 0h:1m:31s (0h:1m:35s left)
Log-likelihood cutoff on original alignment: -30043.909
NOTE: Bootstrap correlation coefficient of split occurrence frequencies: 0.999
Iteration 110 / LogL: -29975.988 / Time: 0h:1m:40s (0h:1m:25s left)
Iteration 120 / LogL: -29971.586 / Time: 0h:1m:50s (0h:1m:16s left)
Iteration 130 / LogL: -29978.639 / Time: 0h:1m:58s (0h:1m:7s left)
Iteration 140 / LogL: -29969.282 / Time: 0h:2m:7s (0h:0m:57s left)
Iteration 150 / LogL: -29980.231 / Time: 0h:2m:16s (0h:0m:48s left)
Log-likelihood cutoff on original alignment: -30043.909
Iteration 160 / LogL: -29969.433 / Time: 0h:2m:25s (0h:0m:39s left)
Iteration 170 / LogL: -29970.404 / Time: 0h:2m:33s (0h:0m:29s left)
Iteration 180 / LogL: -29970.078 / Time: 0h:2m:42s (0h:0m:20s left)
Iteration 190 / LogL: -29979.075 / Time: 0h:2m:50s (0h:0m:11s left)
Iteration 200 / LogL: -29969.293 / Time: 0h:2m:59s (0h:0m:2s left)
Log-likelihood cutoff on original alignment: -30043.909
NOTE: Bootstrap correlation coefficient of split occurrence frequencies: 1.000
TREE SEARCH COMPLETED AFTER 204 ITERATIONS / Time: 0h:3m:2s

--------------------------------------------------------------------
|                    FINALIZING TREE SEARCH                        |
--------------------------------------------------------------------
Performs final model parameters optimization
Estimate model parameters (epsilon = 0.010)
1. Initial log-likelihood: -29969.227
Optimal log-likelihood: -29969.223
Proportion of invariable sites: 0.077
Gamma shape alpha: 1.207
Parameters optimization took 1 rounds (0.138 sec)
BEST SCORE FOUND : -29969.223
Creating bootstrap support values...
Split supports printed to NEXUS file results_broccoli_metc/alignments/OG_5227.iqtree.splits.nex
Total tree length: 23.815

Total number of iterations: 204
CPU time used for tree search: 350.197 sec (0h:5m:50s)
Wall-clock time used for tree search: 176.621 sec (0h:2m:56s)
Total CPU time used: 362.550 sec (0h:6m:2s)
Total wall-clock time used: 182.887 sec (0h:3m:2s)

Computing bootstrap consensus tree...
Reading input file results_broccoli_metc/alignments/OG_5227.iqtree.splits.nex...
61 taxa and 342 splits.
Consensus tree written to results_broccoli_metc/alignments/OG_5227.iqtree.contree
Reading input trees file results_broccoli_metc/alignments/OG_5227.iqtree.contree
Log-likelihood of consensus tree: -29969.224

Analysis results written to: 
  IQ-TREE report:                results_broccoli_metc/alignments/OG_5227.iqtree.iqtree
  Maximum-likelihood tree:       results_broccoli_metc/alignments/OG_5227.iqtree.treefile
  Likelihood distances:          results_broccoli_metc/alignments/OG_5227.iqtree.mldist

Ultrafast bootstrap approximation results written to:
  Split support values:          results_broccoli_metc/alignments/OG_5227.iqtree.splits.nex
  Consensus tree:                results_broccoli_metc/alignments/OG_5227.iqtree.contree
  Screen log file:               results_broccoli_metc/alignments/OG_5227.iqtree.log

Date and Time: Fri Jun  3 16:25:38 2022
