IQ-TREE multicore version 2.1.0 for Linux 64-bit built Jul 18 2020
Developed by Bui Quang Minh, James Barbetti, Nguyen Lam Tung,
Olga Chernomor, Heiko Schmidt, Dominik Schrempf, Michael Woodhams.

Host:    node-hp0507.linux.crg.es (AVX, 125 GB RAM)
Command: /users/asebe/xgraubove/Programes/iqtree-2.1.0-Linux/bin/iqtree2 -s results_broccoli_metc/alignments/OG_683.lt.fasta -m TEST -mset LG,WAG,JTT -nt AUTO -ntmax 2 -bb 1000 -pre results_broccoli_metc/alignments/OG_683.iqtree -nm 10000 -nstop 200 -cptime 1800
Seed:    106941 (Using SPRNG - Scalable Parallel Random Number Generator)
Time:    Fri Jun  3 18:45:16 2022
Kernel:  AVX - auto-detect threads (2 CPU cores detected)

Reading alignment file results_broccoli_metc/alignments/OG_683.lt.fasta ... Fasta format detected
Alignment most likely contains protein sequences
Alignment has 58 sequences with 644 columns, 644 distinct patterns
632 parsimony-informative, 0 singleton sites, 12 constant sites
                                                       Gap/Ambiguity  Composition  p-value
   1  Hsap_ENST00000366991                                     8.70%    passed      7.34%
   2  Bralan_BLAG04000934_1                                    5.43%    passed     59.40%
   3  Skow_XM_002736596.1                                     59.94%    passed     72.38%
   4  Nvec_v1g96181                                            5.43%    passed     35.38%
   5  Exapal_XM_021053605.2                                    5.28%    passed     20.92%
   6  Dgig_XM_028542995.1                                     13.82%    passed     74.27%
   7  Gfas_gfas1.m1.458.m1                                    33.07%    passed     90.17%
   8  Fspp_ffun1.m4.21637.m1                                   3.26%    passed     96.21%
   9  Gasp_gasp1.m3.9942.m1                                   45.96%    passed     78.71%
  10  Spis_XP_022784347_1                                      4.66%    passed     74.89%
  11  Pocdam_XM_027195513.1                                    3.73%    passed     72.27%
  12  Aaur_scaffold342.g17.t2                                  9.47%    passed     69.49%
  13  Nemnom_g10953.t1                                        10.56%    passed     91.58%
  14  Rhoesc_Res_001875-T1                                    11.18%    passed     73.19%
  15  Sanmal_Sma_027222-T1                                     7.61%    passed     83.09%
  16  Xesp_012215-T1                                          17.08%    passed     87.10%
  17  Acagra_model.g15769.t1                                  12.11%    passed     55.93%
  18  Tadh_TriadT62034                                        26.24%    passed     16.80%
  19  TrH2_TrispH2_009548-RA                                  26.24%    passed     16.80%
  20  HoiH06_mRNA8882                                         42.86%    failed      4.15%
  21  Hhon_g03118.t1                                          25.16%    failed      1.69%
  22  HoiH04_mRNA13202                                        25.16%    failed      1.63%
  23  HoiH23_PlH23_007544-RA                                  25.47%    failed      3.21%
  24  HoiH11_mRNA2940                                         45.81%    failed      0.94%
  25  Spur_XM_784567.5                                         7.61%    passed     15.39%
  26  Mlei_ML0902.g23.i1                                       4.19%    failed      0.88%
  27  Beraby_Baby_sb326519                                    74.53%    passed     25.38%
  28  Horcal_Hcv1.av93.c7.g441.i1                              9.16%    failed      0.53%
  29  Pbac_sb2667844                                          16.46%    failed      1.85%
  30  Bolinf_Binf_sb1267327                                   69.88%    passed     42.93%
  31  Mertsp_Mesp_sb540978                                    73.14%    passed     44.04%
  32  Cscu_XM_023360512.1                                     18.48%    failed      0.06%
  33  Chem_TCONS_00022897                                      8.07%    failed      0.02%
  34  Ocar_g8923                                              33.54%    passed     96.93%
  35  Opea_EP00118_Oscarella_pearsei_P020067                  28.26%    passed     90.67%
  36  Cgig_XM_011453085.3                                      8.85%    passed     14.82%
  37  Plespi_Pspi_scaffold9955_01                             70.50%    passed     52.13%
  38  Aque_Aqu2.1.30410_001                                   35.56%    passed     96.85%
  39  Halamb_c45798_g1_i1m.19553                              33.54%    passed     30.13%
  40  Xestes_maker-XT_scaffold1286-augustus-gene-0.9-mRNA-1   45.34%    passed     69.21%
  41  Tetwil_g4669.t1                                         13.35%    passed     24.82%
  42  Emue_Em0015g318a.t1                                     26.40%    passed     21.54%
  43  Spolac_c102003_g1_i3_m.27567c102003-g1                  36.18%    passed     18.00%
  44  Codhol_EP00042_Codosiga_hollandica_P009002              73.14%    passed     11.85%
  45  Morvir_scaffold478.g14.t2                               15.99%    passed     96.96%
  46  Tcas_TC008061_001                                       24.53%    failed      0.36%
  47  Dpul_mRNA27672                                          56.99%    passed     74.56%
  48  Scil_scict025727.1                                      33.54%    failed      0.00%
  49  Lcom_lcpid51454                                         12.58%    failed      0.00%
  50  Gracom_Gcom_C556148_01                                  13.20%    failed      0.02%
  51  Leuniv_Lniv_C799356_01                                  39.13%    failed      0.05%
  52  Ctel_gnl_WGS_AMQN_CAPTEDRAFT_mRNA229258                 15.06%    passed     62.29%
  53  Plajan_Pjan_scaffold7416_01                             72.98%    passed     91.46%
  54  Stycar_maker-SC_scaffold6575-snap-gene-0.5-mRNA-1       56.06%    passed     73.41%
  55  Didcos_EP00039_Didymoeca_costata_P010340                40.06%    passed     56.84%
  56  Hvul_g819_1                                             58.23%    failed      0.48%
  57  Clacor_Ccor_C537125_01                                  51.40%    failed      0.00%
  58  Salpun_EP00053_Salpingoeca_punica_P010439               48.76%    failed      0.09%
WARNING: 11 sequences contain more than 50% gaps/ambiguity
****  TOTAL                                                   29.29%  18 sequences failed composition chi2 test (p-value<5%; df=19)
NOTE: TrH2_TrispH2_009548-RA is identical to Tadh_TriadT62034 but kept for subsequent analysis


Create initial parsimony tree by phylogenetic likelihood library (PLL)... 0.025 seconds
Measuring multi-threading efficiency up to 2 CPU cores
Increase to 10 rounds for branch lengths
3 trees examined
Threads: 1 / Time: 2.828 sec / Speedup: 1.000 / Efficiency: 100% / LogL: -55391
Threads: 2 / Time: 1.520 sec / Speedup: 1.860 / Efficiency: 93% / LogL: -55391
BEST NUMBER OF THREADS: 2

Perform fast likelihood tree search using LG+I+G model...
Estimate model parameters (epsilon = 5.000)
Perform nearest neighbor interchange...
Estimate model parameters (epsilon = 1.000)
1. Initial log-likelihood: -44142.266
Optimal log-likelihood: -44142.207
Proportion of invariable sites: 0.018
Gamma shape alpha: 1.466
Parameters optimization took 1 rounds (0.188 sec)
Time for fast ML tree search: 2.190 seconds

NOTE: ModelFinder requires 26 MB RAM!
ModelFinder will test up to 24 protein models (sample size: 644) ...
 No. Model         -LnL         df  AIC          AICc         BIC
  1  LG            45673.211    113 91572.422    91621.033    92077.272
  2  LG+I          45475.849    114 91179.699    91229.264    91689.017
  3  LG+G4         44181.594    114 88591.189    88640.754    89100.507
  4  LG+I+G4       44142.206    115 88514.413    88564.943    89028.198
  8  LG+F+I+G4     43839.963    134 87947.926    88019.006    88546.598
 12  WAG+I+G4      44200.009    115 88630.019    88680.549    89143.804
 16  WAG+F+I+G4    43918.866    134 88105.732    88176.813    88704.404
 20  JTT+I+G4      44235.232    115 88700.464    88750.994    89214.249
 24  JTT+F+I+G4    44016.911    134 88301.822    88372.902    88900.493
Akaike Information Criterion:           LG+F+I+G4
Corrected Akaike Information Criterion: LG+F+I+G4
Bayesian Information Criterion:         LG+F+I+G4
Best-fit model: LG+F+I+G4 chosen according to BIC

All model information printed to results_broccoli_metc/alignments/OG_683.iqtree.model.gz
CPU time for ModelFinder: 24.669 seconds (0h:0m:24s)
Wall-clock time for ModelFinder: 13.762 seconds (0h:0m:13s)
Generating 1000 samples for ultrafast bootstrap (seed: 106941)...

NOTE: 26 MB RAM (0 GB) is required!
Estimate model parameters (epsilon = 0.100)
Thoroughly optimizing +I+G parameters from 10 start values...
Init pinv, alpha: 0.000, 1.329 / Estimate: 0.018, 1.320 / LogL: -43839.973
Init pinv, alpha: 0.002, 1.329 / Estimate: 0.018, 1.328 / LogL: -43839.960
Init pinv, alpha: 0.004, 1.329 / Estimate: 0.018, 1.328 / LogL: -43839.960
Init pinv, alpha: 0.006, 1.329 / Estimate: 0.018, 1.330 / LogL: -43839.964
Init pinv, alpha: 0.008, 1.329 / Estimate: 0.018, 1.329 / LogL: -43839.962
Init pinv, alpha: 0.010, 1.329 / Estimate: 0.018, 1.329 / LogL: -43839.961
Init pinv, alpha: 0.012, 1.329 / Estimate: 0.018, 1.328 / LogL: -43839.959
Init pinv, alpha: 0.014, 1.329 / Estimate: 0.018, 1.328 / LogL: -43839.959
Init pinv, alpha: 0.017, 1.329 / Estimate: 0.018, 1.328 / LogL: -43839.959
Init pinv, alpha: 0.019, 1.329 / Estimate: 0.018, 1.327 / LogL: -43839.958
Optimal pinv,alpha: 0.018, 1.327 / LogL: -43839.958

Parameters optimization took 4.260 sec
Computing ML distances based on estimated model parameters...
Computing ML distances took 0.258144 sec (of wall-clock time) 0.516282 sec(of CPU time)
WARNING: Some pairwise ML distances are too long (saturated)
Computing RapidNJ tree took 0.000799 sec (of wall-clock time) 0.001591 sec (of CPU time)
Log-likelihood of RapidNJ tree: -44046.382
--------------------------------------------------------------------
|             INITIALIZING CANDIDATE TREE SET                      |
--------------------------------------------------------------------
Generating 98 parsimony trees... 2.373 second
Computing log-likelihood of 98 initial trees ... 5.934 seconds
Current best score: -43839.958

Do NNI search on 20 best initial trees
Estimate model parameters (epsilon = 0.100)
BETTER TREE FOUND at iteration 1: -43838.402
Estimate model parameters (epsilon = 0.100)
BETTER TREE FOUND at iteration 3: -43837.613
Iteration 10 / LogL: -43837.657 / Time: 0h:0m:27s
Iteration 20 / LogL: -43852.027 / Time: 0h:0m:42s
Finish initializing candidate tree set (15)
Current best tree score: -43837.613 / CPU time: 36.564
Number of iterations: 20
--------------------------------------------------------------------
|               OPTIMIZING CANDIDATE TREE SET                      |
--------------------------------------------------------------------
Estimate model parameters (epsilon = 0.100)
BETTER TREE FOUND at iteration 22: -43837.262
Iteration 30 / LogL: -43837.764 / Time: 0h:0m:56s (0h:6m:10s left)
Iteration 40 / LogL: -43845.246 / Time: 0h:1m:9s (0h:5m:25s left)
Estimate model parameters (epsilon = 0.100)
BETTER TREE FOUND at iteration 41: -43836.570
Iteration 50 / LogL: -43837.444 / Time: 0h:1m:23s (0h:5m:23s left)
Log-likelihood cutoff on original alignment: -43880.312
Iteration 60 / LogL: -43838.956 / Time: 0h:1m:37s (0h:4m:57s left)
Estimate model parameters (epsilon = 0.100)
UPDATE BEST LOG-LIKELIHOOD: -43836.553
Iteration 70 / LogL: -43838.471 / Time: 0h:1m:51s (0h:4m:35s left)
Iteration 80 / LogL: -43838.528 / Time: 0h:2m:5s (0h:4m:14s left)
Iteration 90 / LogL: -43838.194 / Time: 0h:2m:17s (0h:3m:52s left)
Iteration 100 / LogL: -43838.393 / Time: 0h:2m:30s (0h:3m:33s left)
Log-likelihood cutoff on original alignment: -43880.312
NOTE: Bootstrap correlation coefficient of split occurrence frequencies: 0.996
Iteration 110 / LogL: -43836.698 / Time: 0h:2m:43s (0h:3m:16s left)
Iteration 120 / LogL: -43836.786 / Time: 0h:2m:56s (0h:2m:59s left)
Iteration 130 / LogL: -43839.299 / Time: 0h:3m:9s (0h:2m:43s left)
Iteration 140 / LogL: -43836.618 / Time: 0h:3m:24s (0h:2m:28s left)
Estimate model parameters (epsilon = 0.100)
UPDATE BEST LOG-LIKELIHOOD: -43836.455
Iteration 150 / LogL: -43837.363 / Time: 0h:3m:39s (0h:2m:14s left)
Log-likelihood cutoff on original alignment: -43880.312
Estimate model parameters (epsilon = 0.100)
BETTER TREE FOUND at iteration 155: -43836.385
Iteration 160 / LogL: -43843.577 / Time: 0h:3m:53s (0h:4m:46s left)
Iteration 170 / LogL: -43837.522 / Time: 0h:4m:5s (0h:4m:28s left)
Iteration 180 / LogL: -43837.399 / Time: 0h:4m:17s (0h:4m:11s left)
Iteration 190 / LogL: -43836.930 / Time: 0h:4m:30s (0h:3m:55s left)
Iteration 200 / LogL: -43840.509 / Time: 0h:4m:42s (0h:3m:40s left)
Log-likelihood cutoff on original alignment: -43880.312
NOTE: Bootstrap correlation coefficient of split occurrence frequencies: 0.998
Iteration 210 / LogL: -43837.189 / Time: 0h:4m:56s (0h:3m:26s left)
Iteration 220 / LogL: -43836.623 / Time: 0h:5m:9s (0h:3m:11s left)
Iteration 230 / LogL: -43847.610 / Time: 0h:5m:22s (0h:2m:56s left)
Iteration 240 / LogL: -43839.290 / Time: 0h:5m:35s (0h:2m:41s left)
Iteration 250 / LogL: -43836.606 / Time: 0h:5m:49s (0h:2m:27s left)
Log-likelihood cutoff on original alignment: -43880.312
Iteration 260 / LogL: -43836.780 / Time: 0h:6m:2s (0h:2m:13s left)
Iteration 270 / LogL: -43869.440 / Time: 0h:6m:15s (0h:1m:58s left)
Iteration 280 / LogL: -43836.791 / Time: 0h:6m:29s (0h:1m:44s left)
Iteration 290 / LogL: -43836.642 / Time: 0h:6m:43s (0h:1m:30s left)
Iteration 300 / LogL: -43845.645 / Time: 0h:6m:56s (0h:1m:16s left)
Log-likelihood cutoff on original alignment: -43880.312
NOTE: Bootstrap correlation coefficient of split occurrence frequencies: 0.999
Iteration 310 / LogL: -43846.077 / Time: 0h:7m:9s (0h:2m:5s left)
Iteration 320 / LogL: -43836.563 / Time: 0h:7m:23s (0h:1m:51s left)
Iteration 330 / LogL: -43836.419 / Time: 0h:7m:36s (0h:1m:37s left)
Iteration 340 / LogL: -43839.485 / Time: 0h:7m:49s (0h:1m:23s left)
Iteration 350 / LogL: -43836.617 / Time: 0h:8m:2s (0h:1m:9s left)
Log-likelihood cutoff on original alignment: -43880.312
TREE SEARCH COMPLETED AFTER 356 ITERATIONS / Time: 0h:8m:10s

--------------------------------------------------------------------
|                    FINALIZING TREE SEARCH                        |
--------------------------------------------------------------------
Performs final model parameters optimization
Estimate model parameters (epsilon = 0.010)
1. Initial log-likelihood: -43836.385
Optimal log-likelihood: -43836.384
Proportion of invariable sites: 0.018
Gamma shape alpha: 1.326
Parameters optimization took 1 rounds (0.189 sec)
BEST SCORE FOUND : -43836.384
Creating bootstrap support values...
Split supports printed to NEXUS file results_broccoli_metc/alignments/OG_683.iqtree.splits.nex
Total tree length: 55.222

Total number of iterations: 356
CPU time used for tree search: 964.412 sec (0h:16m:4s)
Wall-clock time used for tree search: 484.589 sec (0h:8m:4s)
Total CPU time used: 976.196 sec (0h:16m:16s)
Total wall-clock time used: 490.550 sec (0h:8m:10s)

Computing bootstrap consensus tree...
Reading input file results_broccoli_metc/alignments/OG_683.iqtree.splits.nex...
58 taxa and 478 splits.
Consensus tree written to results_broccoli_metc/alignments/OG_683.iqtree.contree
Reading input trees file results_broccoli_metc/alignments/OG_683.iqtree.contree
Log-likelihood of consensus tree: -43838.190

Analysis results written to: 
  IQ-TREE report:                results_broccoli_metc/alignments/OG_683.iqtree.iqtree
  Maximum-likelihood tree:       results_broccoli_metc/alignments/OG_683.iqtree.treefile
  Likelihood distances:          results_broccoli_metc/alignments/OG_683.iqtree.mldist

Ultrafast bootstrap approximation results written to:
  Split support values:          results_broccoli_metc/alignments/OG_683.iqtree.splits.nex
  Consensus tree:                results_broccoli_metc/alignments/OG_683.iqtree.contree
  Screen log file:               results_broccoli_metc/alignments/OG_683.iqtree.log

Date and Time: Fri Jun  3 18:53:40 2022
