IQ-TREE multicore version 2.1.0 for Linux 64-bit built Jul 18 2020
Developed by Bui Quang Minh, James Barbetti, Nguyen Lam Tung,
Olga Chernomor, Heiko Schmidt, Dominik Schrempf, Michael Woodhams.

Host:    node-hp0515.linux.crg.es (AVX, 125 GB RAM)
Command: /users/asebe/xgraubove/Programes/iqtree-2.1.0-Linux/bin/iqtree2 -s results_broccoli_metc/alignments/OG_6018.lt.fasta -m TEST -mset LG,WAG,JTT -nt AUTO -ntmax 2 -bb 1000 -pre results_broccoli_metc/alignments/OG_6018.iqtree -nm 10000 -nstop 200 -cptime 1800
Seed:    573011 (Using SPRNG - Scalable Parallel Random Number Generator)
Time:    Fri Jun  3 18:18:04 2022
Kernel:  AVX - auto-detect threads (2 CPU cores detected)

Reading alignment file results_broccoli_metc/alignments/OG_6018.lt.fasta ... Fasta format detected
Alignment most likely contains protein sequences
Alignment has 62 sequences with 736 columns, 736 distinct patterns
729 parsimony-informative, 0 singleton sites, 7 constant sites
                                                               Gap/Ambiguity  Composition  p-value
   1  Hsap_ENST00000367840                                             5.30%    passed     10.14%
   2  Ctel_gnl_WGS_AMQN_CAPTEDRAFT_mRNA219756                         16.17%    passed     30.29%
   3  Cgig_XM_034476956.1                                              2.85%    passed      8.06%
   4  Exapal_XM_028659622.1                                           11.96%    passed     73.31%
   5  Nvec_v1g11764                                                   59.10%    passed     91.81%
   6  Gfas_gfas1.m1.6515.m1                                            8.15%    passed     96.39%
   7  Fspp_ffun1.m4.7684.m1                                            7.47%    passed     56.97%
   8  Gasp_gasp1.m3.3456.m1                                            7.61%    passed     60.08%
   9  Spis_XP_022789978_1                                              8.02%    passed     80.72%
  10  Pocdam_XM_027184545.1                                            7.88%    passed     72.81%
  11  Adig_XM_015913948.1                                             17.26%    passed     35.75%
  12  Amil_Amillepora20143-RA                                         53.12%    passed      5.37%
  13  Morvir_scaffold229.g5.t1                                         7.88%    passed     85.46%
  14  Aaur_scaffold564.g3.t1                                          42.66%    passed     62.54%
  15  Rhoesc_Res_008774-T1                                             5.98%    passed     53.95%
  16  Nemnom_g11302.t1                                                 7.61%    failed      3.41%
  17  Chem_TCONS_00059418                                              2.99%    passed     36.09%
  18  Aque_Aqu2.1.33063_001                                           12.36%    passed     23.10%
  19  Emue_Em0023g319a.t1                                             19.16%    passed     49.22%
  20  Tetwil_g4811.t1                                                 12.23%    passed     87.91%
  21  Stycar_maker-SC_scaffold50310-augustus-gene-0.2-mRNA-1          89.81%    passed      5.00%
  22  Halamb_c43398_g1_i3mm.1261                                      17.26%    passed     37.54%
  23  Spolac_c97218_g1_i1_m.14536c97218-g1                            29.62%    failed      2.67%
  24  Acagra_model.g3179.t1                                            2.45%    passed     86.79%
  25  Xesp_011652-T1                                                  13.59%    failed      4.72%
  26  Tadh_TriadT31737                                                75.54%    passed     22.10%
  27  TrH2_TrispH2_006959-RA                                          17.26%    failed      1.69%
  28  HoiH11_mRNA7482                                                 15.76%    passed     28.97%
  29  HoiH06_mRNA4131                                                 42.93%    failed      2.32%
  30  HoiH23_PlH23_004755-RA                                          14.13%    failed      0.49%
  31  Hhon_g09462.t1                                                  14.13%    passed      8.46%
  32  HoiH04_mRNA8482                                                 14.13%    passed      8.25%
  33  Cscu_XM_023383077.1                                              3.94%    passed     11.27%
  34  Spur_XM_030994983.1                                              4.21%    passed      8.37%
  35  Clacor_Ccor_scaffold8509_01                                     80.71%    passed     21.80%
  36  Plajan_Pjan_scaffold22996_01                                    19.29%    passed      9.31%
  37  Ocar_g6746                                                      22.28%    passed     77.87%
  38  Opea_EP00118_Oscarella_pearsei_P011447                          22.28%    passed     79.34%
  39  Bralan_BLAG01000896_1                                            1.77%    failed      0.29%
  40  Dpul_mRNA3457                                                   56.93%    failed      0.48%
  41  Dgig_XM_028558903.1                                             12.91%    passed      9.09%
  42  Bolinf_Binf_sb1210342                                           79.89%    passed     58.50%
  43  Mertsp_Mesp_sb607120                                            53.67%    passed     56.31%
  44  Vmul_sbMO401302                                                 68.61%    passed     31.71%
  45  Coeast_Cast_sb820096                                            33.70%    passed     61.11%
  46  Coemet_Cmet_scaffold4192_01                                     36.55%    passed     45.42%
  47  Lampan_Lpan_11984_01                                            65.90%    passed     40.05%
  48  Eupdun_Edun_sb10624467                                          57.47%    passed     36.46%
  49  Mlei_ML2588.g4.i1                                               41.98%    failed      1.35%
  50  Sanmal_Sma_001392-T1                                            11.82%    failed      2.12%
  51  Xestes_snap_masked-XT_scaffold45327-processed-gene-0.3-mRNA-1   21.33%    failed      1.45%
  52  Tcas_TC004403_001                                               21.33%    failed      0.07%
  53  Salmac_EP00052_Salpingoeca_macrocollata_P004371                 74.73%    passed     11.17%
  54  Acaspe_EP00035_Acanthoeca_spectabilis_P018712                   46.74%    passed     21.94%
  55  Helnan_EP00037_Helgoeca_nana_P030349                            45.11%    failed      0.00%
  56  Diagra_EP00040_Diaphanoeca_grandis_P029198                      45.79%    passed     11.80%
  57  Stedip_EP00041_Stephanoeca_diplocostata_P029633                 45.79%    failed      2.40%
  58  Codhol_EP00042_Codosiga_hollandica_P037464                      48.37%    failed      0.28%
  59  Mylflu_EP00047_Mylnosiga_fluctuans_P006947                      54.35%    failed      0.24%
  60  Skow_XM_006824209.1                                             21.20%    failed      1.01%
  61  Salkve_EP00050_Salpingoeca_kvevrii_P007990                      49.18%    failed      0.00%
  62  Salurc_EP00051_Salpingoeca_urceolata_P024886                    50.14%    passed     85.03%
WARNING: 14 sequences contain more than 50% gaps/ambiguity
****  TOTAL                                                           30.01%  18 sequences failed composition chi2 test (p-value<5%; df=19)


Create initial parsimony tree by phylogenetic likelihood library (PLL)... 0.037 seconds
Measuring multi-threading efficiency up to 2 CPU cores
Increase to 10 rounds for branch lengths
2 trees examined
Threads: 1 / Time: 2.332 sec / Speedup: 1.000 / Efficiency: 100% / LogL: -63223
Threads: 2 / Time: 1.211 sec / Speedup: 1.925 / Efficiency: 96% / LogL: -63223
BEST NUMBER OF THREADS: 2

Perform fast likelihood tree search using LG+I+G model...
Estimate model parameters (epsilon = 5.000)
Perform nearest neighbor interchange...
Estimate model parameters (epsilon = 1.000)
1. Initial log-likelihood: -51617.357
Optimal log-likelihood: -51617.188
Proportion of invariable sites: 0.007
Gamma shape alpha: 1.121
Parameters optimization took 1 rounds (0.216 sec)
Time for fast ML tree search: 2.542 seconds

NOTE: ModelFinder requires 31 MB RAM!
ModelFinder will test up to 24 protein models (sample size: 736) ...
 No. Model         -LnL         df  AIC          AICc         BIC
  1  LG            53799.591    121 107841.182   107889.267   108397.931
  2  LG+I          53703.133    122 107650.266   107699.226   108211.617
  3  LG+G4         51627.619    122 103499.238   103548.197   104060.588
  4  LG+I+G4       51617.206    123 103480.412   103530.255   104046.364
  8  LG+F+I+G4     51189.373    142 102662.747   102731.232   103316.121
 12  WAG+I+G4      51709.112    123 103664.223   103714.066   104230.175
 16  WAG+F+I+G4    51229.675    142 102743.350   102811.836   103396.725
 20  JTT+I+G4      51715.215    123 103676.431   103726.274   104242.382
 24  JTT+F+I+G4    51322.110    142 102928.219   102996.705   103581.594
Akaike Information Criterion:           LG+F+I+G4
Corrected Akaike Information Criterion: LG+F+I+G4
Bayesian Information Criterion:         LG+F+I+G4
Best-fit model: LG+F+I+G4 chosen according to BIC

All model information printed to results_broccoli_metc/alignments/OG_6018.iqtree.model.gz
CPU time for ModelFinder: 24.708 seconds (0h:0m:24s)
Wall-clock time for ModelFinder: 13.550 seconds (0h:0m:13s)
Generating 1000 samples for ultrafast bootstrap (seed: 573011)...

NOTE: 31 MB RAM (0 GB) is required!
Estimate model parameters (epsilon = 0.100)
Thoroughly optimizing +I+G parameters from 10 start values...
Init pinv, alpha: 0.000, 1.057 / Estimate: 0.008, 1.057 / LogL: -51189.368
Init pinv, alpha: 0.001, 1.057 / Estimate: 0.007, 1.055 / LogL: -51189.368
Init pinv, alpha: 0.002, 1.057 / Estimate: 0.008, 1.056 / LogL: -51189.366
Init pinv, alpha: 0.003, 1.057 / Estimate: 0.008, 1.056 / LogL: -51189.366
Init pinv, alpha: 0.004, 1.057 / Estimate: 0.007, 1.055 / LogL: -51189.368
Init pinv, alpha: 0.005, 1.057 / Estimate: 0.007, 1.055 / LogL: -51189.366
Init pinv, alpha: 0.006, 1.057 / Estimate: 0.007, 1.055 / LogL: -51189.369
Init pinv, alpha: 0.007, 1.057 / Estimate: 0.008, 1.056 / LogL: -51189.366
Init pinv, alpha: 0.008, 1.057 / Estimate: 0.008, 1.057 / LogL: -51189.366
Init pinv, alpha: 0.010, 1.057 / Estimate: 0.008, 1.056 / LogL: -51189.365
Optimal pinv,alpha: 0.008, 1.056 / LogL: -51189.365

Parameters optimization took 5.265 sec
Computing ML distances based on estimated model parameters...
Computing ML distances took 0.303300 sec (of wall-clock time) 0.606234 sec(of CPU time)
WARNING: Some pairwise ML distances are too long (saturated)
Computing RapidNJ tree took 0.000902 sec (of wall-clock time) 0.000804 sec (of CPU time)
Log-likelihood of RapidNJ tree: -51369.805
--------------------------------------------------------------------
|             INITIALIZING CANDIDATE TREE SET                      |
--------------------------------------------------------------------
Generating 98 parsimony trees... 3.224 second
Computing log-likelihood of 98 initial trees ... 7.125 seconds
Current best score: -51189.365

Do NNI search on 20 best initial trees
Estimate model parameters (epsilon = 0.100)
BETTER TREE FOUND at iteration 1: -51184.808
Estimate model parameters (epsilon = 0.100)
BETTER TREE FOUND at iteration 4: -51172.852
Estimate model parameters (epsilon = 0.100)
BETTER TREE FOUND at iteration 5: -51170.270
Iteration 10 / LogL: -51184.744 / Time: 0h:0m:32s
Estimate model parameters (epsilon = 0.100)
BETTER TREE FOUND at iteration 11: -51168.423
Iteration 20 / LogL: -51170.782 / Time: 0h:0m:48s
Finish initializing candidate tree set (14)
Current best tree score: -51168.423 / CPU time: 41.830
Number of iterations: 20
--------------------------------------------------------------------
|               OPTIMIZING CANDIDATE TREE SET                      |
--------------------------------------------------------------------
Iteration 30 / LogL: -51169.370 / Time: 0h:1m:3s (0h:6m:33s left)
Estimate model parameters (epsilon = 0.100)
BETTER TREE FOUND at iteration 31: -51168.227
Iteration 40 / LogL: -51168.806 / Time: 0h:1m:17s (0h:6m:20s left)
Iteration 50 / LogL: -51170.483 / Time: 0h:1m:34s (0h:5m:48s left)
Log-likelihood cutoff on original alignment: -51217.402
Iteration 60 / LogL: -51179.038 / Time: 0h:1m:49s (0h:5m:17s left)
Iteration 70 / LogL: -51169.043 / Time: 0h:2m:4s (0h:4m:50s left)
Iteration 80 / LogL: -51169.440 / Time: 0h:2m:18s (0h:4m:24s left)
Iteration 90 / LogL: -51169.081 / Time: 0h:2m:34s (0h:4m:5s left)
Iteration 100 / LogL: -51168.542 / Time: 0h:2m:49s (0h:3m:44s left)
Log-likelihood cutoff on original alignment: -51212.967
NOTE: Bootstrap correlation coefficient of split occurrence frequencies: 0.999
Iteration 110 / LogL: -51168.410 / Time: 0h:3m:7s (0h:3m:27s left)
Iteration 120 / LogL: -51170.255 / Time: 0h:3m:21s (0h:3m:8s left)
Iteration 130 / LogL: -51174.518 / Time: 0h:3m:36s (0h:2m:49s left)
Iteration 140 / LogL: -51176.438 / Time: 0h:3m:52s (0h:2m:32s left)
Iteration 150 / LogL: -51168.326 / Time: 0h:4m:7s (0h:2m:14s left)
Log-likelihood cutoff on original alignment: -51212.967
Iteration 160 / LogL: -51225.015 / Time: 0h:4m:23s (0h:1m:57s left)
Iteration 170 / LogL: -51168.645 / Time: 0h:4m:39s (0h:1m:40s left)
Iteration 180 / LogL: -51168.607 / Time: 0h:4m:55s (0h:1m:24s left)
Iteration 190 / LogL: -51168.455 / Time: 0h:5m:10s (0h:1m:7s left)
Iteration 200 / LogL: -51168.935 / Time: 0h:5m:25s (0h:0m:50s left)
Log-likelihood cutoff on original alignment: -51212.967
NOTE: Bootstrap correlation coefficient of split occurrence frequencies: 0.999
Iteration 210 / LogL: -51168.285 / Time: 0h:5m:41s (0h:2m:27s left)
Iteration 220 / LogL: -51168.356 / Time: 0h:5m:58s (0h:2m:10s left)
Iteration 230 / LogL: -51168.519 / Time: 0h:6m:13s (0h:1m:54s left)
TREE SEARCH COMPLETED AFTER 232 ITERATIONS / Time: 0h:6m:17s

--------------------------------------------------------------------
|                    FINALIZING TREE SEARCH                        |
--------------------------------------------------------------------
Performs final model parameters optimization
Estimate model parameters (epsilon = 0.010)
1. Initial log-likelihood: -51168.227
Optimal log-likelihood: -51168.218
Proportion of invariable sites: 0.008
Gamma shape alpha: 1.058
Parameters optimization took 1 rounds (0.231 sec)
BEST SCORE FOUND : -51168.218
Creating bootstrap support values...
Split supports printed to NEXUS file results_broccoli_metc/alignments/OG_6018.iqtree.splits.nex
Total tree length: 67.118

Total number of iterations: 232
CPU time used for tree search: 736.721 sec (0h:12m:16s)
Wall-clock time used for tree search: 370.968 sec (0h:6m:10s)
Total CPU time used: 750.144 sec (0h:12m:30s)
Total wall-clock time used: 377.744 sec (0h:6m:17s)

Computing bootstrap consensus tree...
Reading input file results_broccoli_metc/alignments/OG_6018.iqtree.splits.nex...
62 taxa and 338 splits.
Consensus tree written to results_broccoli_metc/alignments/OG_6018.iqtree.contree
Reading input trees file results_broccoli_metc/alignments/OG_6018.iqtree.contree
Log-likelihood of consensus tree: -51168.508

Analysis results written to: 
  IQ-TREE report:                results_broccoli_metc/alignments/OG_6018.iqtree.iqtree
  Maximum-likelihood tree:       results_broccoli_metc/alignments/OG_6018.iqtree.treefile
  Likelihood distances:          results_broccoli_metc/alignments/OG_6018.iqtree.mldist

Ultrafast bootstrap approximation results written to:
  Split support values:          results_broccoli_metc/alignments/OG_6018.iqtree.splits.nex
  Consensus tree:                results_broccoli_metc/alignments/OG_6018.iqtree.contree
  Screen log file:               results_broccoli_metc/alignments/OG_6018.iqtree.log

Date and Time: Fri Jun  3 18:24:36 2022
