IQ-TREE multicore version 2.1.0 for Linux 64-bit built Jul 18 2020
Developed by Bui Quang Minh, James Barbetti, Nguyen Lam Tung,
Olga Chernomor, Heiko Schmidt, Dominik Schrempf, Michael Woodhams.

Host:    node-hp0211.linux.crg.es (AVX, 125 GB RAM)
Command: /users/asebe/xgraubove/Programes/iqtree-2.1.0-Linux/bin/iqtree2 -s results_broccoli_metc/alignments/OG_7637.lt.fasta -m TEST -mset LG,WAG,JTT -nt AUTO -ntmax 2 -bb 1000 -pre results_broccoli_metc/alignments/OG_7637.iqtree -nm 10000 -nstop 200 -cptime 1800
Seed:    143811 (Using SPRNG - Scalable Parallel Random Number Generator)
Time:    Fri Jun  3 19:06:09 2022
Kernel:  AVX - auto-detect threads (2 CPU cores detected)

Reading alignment file results_broccoli_metc/alignments/OG_7637.lt.fasta ... Fasta format detected
Alignment most likely contains protein sequences
Alignment has 67 sequences with 195 columns, 192 distinct patterns
184 parsimony-informative, 0 singleton sites, 11 constant sites
                                                        Gap/Ambiguity  Composition  p-value
   1  Hsap_ENST00000327158                                      5.64%    passed     89.27%
   2  Bralan_BLAG01002521_1                                    42.56%    passed     97.69%
   3  HoiH06_mRNA12776                                          7.18%    passed     99.96%
   4  HoiH23_PlH23_008595-RA                                    4.62%    passed     99.90%
   5  Hhon_g04520.t1                                            4.62%    passed     99.93%
   6  HoiH04_mRNA550                                            4.62%    passed     99.81%
   7  HoiH11_mRNA8872                                           4.62%    passed     99.73%
   8  Dgig_XM_028544767.1                                       6.67%    passed     98.49%
   9  Xesp_004791-T1                                            7.18%    passed     99.97%
  10  Exapal_XM_021057625.2                                     7.18%    passed     96.56%
  11  Nvec_v1g160394                                            8.21%    passed     99.88%
  12  Adig_XM_015906969.1                                       7.69%    passed     98.63%
  13  Amil_Amillepora22307-RA                                   7.69%    passed     98.87%
  14  Gfas_gfas1.m1.597.m1                                     38.46%    passed     51.59%
  15  Fspp_ffun1.m4.6227.m1                                    19.49%    passed     80.13%
  16  Gasp_gasp1.m3.17891.m1                                    7.69%    passed     99.34%
  17  Spis_XP_022781512_1                                       8.21%    passed     98.49%
  18  Pocdam_XM_027201716.1                                     7.69%    passed     97.93%
  19  Hvul_g13521_1                                            11.79%    passed     96.74%
  20  Chem_TCONS_00065834                                      10.26%    passed     63.92%
  21  Aaur_scaffold256.g13.t2                                   3.08%    passed     97.16%
  22  Nemnom_g10673.t1                                          9.74%    passed     99.25%
  23  Rhoesc_Res_006280-T1                                     10.26%    passed     97.93%
  24  Sanmal_Sma_019248-T1                                      7.18%    passed     92.75%
  25  Morvir_scaffold325.g29.t1                                 9.74%    passed     86.53%
  26  Tcas_TC033352_001                                        45.64%    passed     87.59%
  27  Dpul_mRNA16678                                           11.28%    passed     86.46%
  28  Cscu_XM_023371418.1                                      11.79%    passed     28.07%
  29  Ctel_gnl_WGS_AMQN_CAPTEDRAFT_mRNA138199                   6.67%    passed     73.52%
  30  Cgig_XM_011421226.3                                       5.13%    passed     95.30%
  31  Acagra_model.g26206.t1_model.g26207.t1                    5.64%    passed     93.93%
  32  Aque_Aqu2.1.26022_001                                     8.21%    passed     75.87%
  33  Halamb_c37790_g1_i1m.10325                                7.18%    passed     56.29%
  34  Xestes_maker-XT_scaffold4356-augustus-gene-0.37-mRNA-1    6.15%    passed     73.66%
  35  Emue_Em0015g1011a.t1                                     18.97%    passed     92.96%
  36  Spolac_c81840_g1_i1_m.2934c81840-g1                       7.69%    passed     96.70%
  37  Tetwil_g13349.t1                                          9.74%    passed     80.79%
  38  Stycar_maker-SC_scaffold145759-snap-gene-0.34-mRNA-1      8.72%    passed     86.33%
  39  Plespi_Pspi_scaffold19715_01                              6.67%    passed     75.01%
  40  Spur_XM_030992260.1                                       7.18%    passed     85.32%
  41  Skow_XM_002741008.2                                       8.72%    passed     34.19%
  42  Scil_scict017284.1                                        1.54%    passed     77.28%
  43  Lcom_lcpid94506                                           1.03%    passed     79.74%
  44  Gracom_Gcom_C540588_01                                    2.05%    passed     98.41%
  45  Leuniv_Lniv_C795246_01                                    3.59%    passed     99.62%
  46  Mlei_ML0513.g2.i1                                        14.36%    passed     86.36%
  47  Pbac_sb2657442                                           15.38%    passed     98.31%
  48  Horcal_Hcv1.av93.c7.g80.i1                               15.38%    passed     92.95%
  49  Lampan_Lpan_15138_01                                     13.85%    passed     55.99%
  50  Eupdun_Edun_sb10628426                                   13.33%    passed     83.95%
  51  Mbre_EDQ92600                                            29.23%    passed     92.17%
  52  Choper_EP00045_Choanoeca_perplexa_P000041                23.08%    passed     86.21%
  53  Chofle_EP00730_Choanoeca_flexa_P013736                   23.59%    passed     53.11%
  54  Sros_EGD82017                                            28.21%    passed     50.43%
  55  Microa_EP00043_Microstomoeca_roanoka_P004645             28.21%    passed     79.95%
  56  Salinf_EP00049_Salpingoeca_infusionum_P024717            26.67%    passed     56.45%
  57  Codhol_EP00042_Codosiga_hollandica_P015600               12.31%    passed     66.07%
  58  Salkve_EP00050_Salpingoeca_kvevrii_P018482               25.13%    passed      5.84%
  59  Salurc_EP00051_Salpingoeca_urceolata_P002390              6.67%    passed     24.64%
  60  Mylflu_EP00047_Mylnosiga_fluctuans_P023774               19.49%    passed     55.59%
  61  Salmac_EP00052_Salpingoeca_macrocollata_P029620           9.74%    passed     25.28%
  62  Salpun_EP00053_Salpingoeca_punica_P003552                14.87%    passed     66.16%
  63  Didcos_EP00039_Didymoeca_costata_P025400                 13.33%    passed     56.47%
  64  Stedip_EP00041_Stephanoeca_diplocostata_P015094           7.18%    passed     67.62%
  65  Diagra_EP00040_Diaphanoeca_grandis_P003518                4.62%    passed     50.38%
  66  Acaspe_EP00035_Acanthoeca_spectabilis_P000007            10.77%    passed     31.61%
  67  Helnan_EP00037_Helgoeca_nana_P037964                      6.67%    passed     84.41%
****  TOTAL                                                    12.06%  0 sequences failed composition chi2 test (p-value<5%; df=19)


Create initial parsimony tree by phylogenetic likelihood library (PLL)... 0.016 seconds
Measuring multi-threading efficiency up to 2 CPU cores
Increase to 10 rounds for branch lengths
6 trees examined
Threads: 1 / Time: 2.049 sec / Speedup: 1.000 / Efficiency: 100% / LogL: -19684
Threads: 2 / Time: 1.121 sec / Speedup: 1.828 / Efficiency: 91% / LogL: -19684
BEST NUMBER OF THREADS: 2

Perform fast likelihood tree search using LG+I+G model...
Estimate model parameters (epsilon = 5.000)
Perform nearest neighbor interchange...
Estimate model parameters (epsilon = 1.000)
1. Initial log-likelihood: -13743.304
Optimal log-likelihood: -13742.977
Proportion of invariable sites: 0.055
Gamma shape alpha: 1.367
Parameters optimization took 1 rounds (0.071 sec)
Time for fast ML tree search: 0.687 seconds

NOTE: ModelFinder requires 9 MB RAM!
ModelFinder will test up to 24 protein models (sample size: 195) ...
 No. Model         -LnL         df  AIC          AICc         BIC
  1  LG            14416.605    131 29095.210    29644.162    29523.973
  2  LG+I          14278.601    132 28821.201    29387.524    29253.237
  3  LG+G4         13759.830    132 27783.660    28349.982    28215.696
  4  LG+I+G4       13742.981    133 27751.962    28336.290    28187.271
  8  LG+F+I+G4     13701.299    152 27706.597    28814.026    28204.093
 12  WAG+I+G4      13822.682    133 27911.364    28495.692    28346.673
 16  WAG+F+I+G4    13754.571    152 27813.142    28920.571    28310.638
 20  JTT+I+G4      13830.796    133 27927.592    28511.920    28362.901
 24  JTT+F+I+G4    13819.851    152 27943.701    29051.130    28441.197
Akaike Information Criterion:           LG+F+I+G4
Corrected Akaike Information Criterion: LG+I+G4
Bayesian Information Criterion:         LG+I+G4
Best-fit model: LG+I+G4 chosen according to BIC

All model information printed to results_broccoli_metc/alignments/OG_7637.iqtree.model.gz
CPU time for ModelFinder: 9.666 seconds (0h:0m:9s)
Wall-clock time for ModelFinder: 5.827 seconds (0h:0m:5s)
Generating 1000 samples for ultrafast bootstrap (seed: 143811)...

NOTE: 9 MB RAM (0 GB) is required!
Estimate model parameters (epsilon = 0.100)
Thoroughly optimizing +I+G parameters from 10 start values...
Init pinv, alpha: 0.000, 1.368 / Estimate: 0.000, 0.860 / LogL: -13759.779
Init pinv, alpha: 0.006, 1.368 / Estimate: 0.055, 1.368 / LogL: -13742.981
Init pinv, alpha: 0.013, 1.368 / Estimate: 0.055, 1.367 / LogL: -13742.982
Init pinv, alpha: 0.019, 1.368 / Estimate: 0.055, 1.367 / LogL: -13742.980
Init pinv, alpha: 0.025, 1.368 / Estimate: 0.054, 1.367 / LogL: -13742.983
Init pinv, alpha: 0.031, 1.368 / Estimate: 0.054, 1.368 / LogL: -13742.986
Init pinv, alpha: 0.038, 1.368 / Estimate: 0.054, 1.368 / LogL: -13742.982
Init pinv, alpha: 0.044, 1.368 / Estimate: 0.055, 1.368 / LogL: -13742.979
Init pinv, alpha: 0.050, 1.368 / Estimate: 0.054, 1.366 / LogL: -13742.979
Init pinv, alpha: 0.056, 1.368 / Estimate: 0.055, 1.366 / LogL: -13742.977
Optimal pinv,alpha: 0.055, 1.366 / LogL: -13742.977

Parameters optimization took 1.759 sec
Computing ML distances based on estimated model parameters...
Computing ML distances took 0.299913 sec (of wall-clock time) 0.599762 sec(of CPU time)
Computing RapidNJ tree took 0.000943 sec (of wall-clock time) 0.000886 sec (of CPU time)
Log-likelihood of RapidNJ tree: -13781.607
--------------------------------------------------------------------
|             INITIALIZING CANDIDATE TREE SET                      |
--------------------------------------------------------------------
Generating 98 parsimony trees... 1.418 second
Computing log-likelihood of 98 initial trees ... 2.251 seconds
Current best score: -13742.977

Do NNI search on 20 best initial trees
Estimate model parameters (epsilon = 0.100)
BETTER TREE FOUND at iteration 1: -13742.977
Iteration 10 / LogL: -13744.148 / Time: 0h:0m:9s
Iteration 20 / LogL: -13749.221 / Time: 0h:0m:12s
Finish initializing candidate tree set (11)
Current best tree score: -13742.977 / CPU time: 10.565
Number of iterations: 20
--------------------------------------------------------------------
|               OPTIMIZING CANDIDATE TREE SET                      |
--------------------------------------------------------------------
Iteration 30 / LogL: -13744.819 / Time: 0h:0m:17s (0h:1m:44s left)
Iteration 40 / LogL: -13747.563 / Time: 0h:0m:22s (0h:1m:32s left)
Iteration 50 / LogL: -13743.848 / Time: 0h:0m:27s (0h:1m:23s left)
Log-likelihood cutoff on original alignment: -13780.829
Iteration 60 / LogL: -13832.894 / Time: 0h:0m:32s (0h:1m:17s left)
Iteration 70 / LogL: -13745.535 / Time: 0h:0m:36s (0h:1m:10s left)
Iteration 80 / LogL: -13745.822 / Time: 0h:0m:41s (0h:1m:4s left)
Iteration 90 / LogL: -13743.549 / Time: 0h:0m:46s (0h:0m:58s left)
Iteration 100 / LogL: -13743.007 / Time: 0h:0m:51s (0h:0m:52s left)
Log-likelihood cutoff on original alignment: -13780.829
NOTE: Bootstrap correlation coefficient of split occurrence frequencies: 0.998
Iteration 110 / LogL: -13747.779 / Time: 0h:0m:56s (0h:0m:47s left)
Iteration 120 / LogL: -13746.429 / Time: 0h:1m:0s (0h:0m:41s left)
Iteration 130 / LogL: -13743.235 / Time: 0h:1m:5s (0h:0m:36s left)
Iteration 140 / LogL: -13755.806 / Time: 0h:1m:10s (0h:0m:30s left)
Iteration 150 / LogL: -13743.469 / Time: 0h:1m:14s (0h:0m:25s left)
Log-likelihood cutoff on original alignment: -13780.829
Iteration 160 / LogL: -13743.434 / Time: 0h:1m:19s (0h:0m:20s left)
Iteration 170 / LogL: -13755.264 / Time: 0h:1m:23s (0h:0m:15s left)
Iteration 180 / LogL: -13743.072 / Time: 0h:1m:28s (0h:0m:10s left)
Iteration 190 / LogL: -13805.776 / Time: 0h:1m:32s (0h:0m:5s left)
Iteration 200 / LogL: -13743.574 / Time: 0h:1m:36s (0h:0m:0s left)
Log-likelihood cutoff on original alignment: -13780.829
NOTE: Bootstrap correlation coefficient of split occurrence frequencies: 0.999
TREE SEARCH COMPLETED AFTER 202 ITERATIONS / Time: 0h:1m:38s

--------------------------------------------------------------------
|                    FINALIZING TREE SEARCH                        |
--------------------------------------------------------------------
Performs final model parameters optimization
Estimate model parameters (epsilon = 0.010)
1. Initial log-likelihood: -13742.977
Optimal log-likelihood: -13742.977
Proportion of invariable sites: 0.055
Gamma shape alpha: 1.366
Parameters optimization took 1 rounds (0.069 sec)
BEST SCORE FOUND : -13742.977
Creating bootstrap support values...
Split supports printed to NEXUS file results_broccoli_metc/alignments/OG_7637.iqtree.splits.nex
Total tree length: 36.421

Total number of iterations: 202
CPU time used for tree search: 189.137 sec (0h:3m:9s)
Wall-clock time used for tree search: 95.765 sec (0h:1m:35s)
Total CPU time used: 194.215 sec (0h:3m:14s)
Total wall-clock time used: 98.377 sec (0h:1m:38s)

Computing bootstrap consensus tree...
Reading input file results_broccoli_metc/alignments/OG_7637.iqtree.splits.nex...
67 taxa and 330 splits.
Consensus tree written to results_broccoli_metc/alignments/OG_7637.iqtree.contree
Reading input trees file results_broccoli_metc/alignments/OG_7637.iqtree.contree
Log-likelihood of consensus tree: -13742.977

Analysis results written to: 
  IQ-TREE report:                results_broccoli_metc/alignments/OG_7637.iqtree.iqtree
  Maximum-likelihood tree:       results_broccoli_metc/alignments/OG_7637.iqtree.treefile
  Likelihood distances:          results_broccoli_metc/alignments/OG_7637.iqtree.mldist

Ultrafast bootstrap approximation results written to:
  Split support values:          results_broccoli_metc/alignments/OG_7637.iqtree.splits.nex
  Consensus tree:                results_broccoli_metc/alignments/OG_7637.iqtree.contree
  Screen log file:               results_broccoli_metc/alignments/OG_7637.iqtree.log

Date and Time: Fri Jun  3 19:07:53 2022
