IQ-TREE multicore version 2.1.0 for Linux 64-bit built Jul 18 2020
Developed by Bui Quang Minh, James Barbetti, Nguyen Lam Tung,
Olga Chernomor, Heiko Schmidt, Dominik Schrempf, Michael Woodhams.

Host:    trantor09.linux.crg.es (AVX, FMA3, 503 GB RAM)
Command: /users/asebe/xgraubove/Programes/iqtree-2.1.0-Linux/bin/iqtree2 -s results_broccoli_metc/alignments/OG_7621.lt.fasta -m TEST -mset LG,WAG,JTT -nt AUTO -ntmax 2 -bb 1000 -pre results_broccoli_metc/alignments/OG_7621.iqtree -nm 10000 -nstop 200 -cptime 1800
Seed:    508198 (Using SPRNG - Scalable Parallel Random Number Generator)
Time:    Fri Jun  3 19:05:01 2022
Kernel:  AVX+FMA - auto-detect threads (2 CPU cores detected)

Reading alignment file results_broccoli_metc/alignments/OG_7621.lt.fasta ... Fasta format detected
Alignment most likely contains protein sequences
Alignment has 75 sequences with 433 columns, 432 distinct patterns
424 parsimony-informative, 0 singleton sites, 9 constant sites
                                                         Gap/Ambiguity  Composition  p-value
   1  Hsap_ENST00000264169                                       1.85%    passed     21.07%
   2  Bralan_BLAG12000476_1                                      1.62%    passed     99.59%
   3  Skow_XM_006820785.1                                        2.31%    passed     98.21%
   4  Cgig_XM_034482199.1                                        0.23%    passed     98.74%
   5  Exapal_XM_021037434.2                                      1.39%    passed     91.19%
   6  Nvec_v1g99492                                              1.39%    passed     80.33%
   7  Adig_XM_015917865.1                                       33.03%    passed     50.19%
   8  Gfas_gfas1.m1.22957.m1                                    58.20%    passed     97.60%
   9  Fspp_ffun1.m4.4321.m1                                     13.39%    passed     96.39%
  10  Gasp_gasp1.m3.7051.m1                                      0.69%    passed     96.58%
  11  Spis_XP_022779258_1                                       49.65%    passed     87.27%
  12  Pocdam_XM_027203308.1                                      1.39%    passed     98.13%
  13  Amil_Amillepora21893-RA                                   11.32%    passed     99.07%
  14  Spur_XM_030973107.1                                        0.23%    passed     97.42%
  15  Dgig_XM_028541979.1                                        4.39%    passed     86.62%
  16  Xesp_009872-T1                                             4.62%    passed     21.72%
  17  Ctel_gnl_WGS_AMQN_CAPTEDRAFT_mRNA227802                    5.08%    passed     99.18%
  18  Acagra_model.g5772.t1                                      0.92%    passed     93.67%
  19  Aaur_scaffold155.g23.t1                                    2.31%    passed     63.21%
  20  Nemnom_g15791.t1                                           1.15%    passed     21.00%
  21  Rhoesc_Res_005289-T1                                       1.15%    passed     48.59%
  22  Sanmal_Sma_006039-T1                                       0.69%    passed     79.83%
  23  Hvul_g32785_1                                             44.34%    passed     14.17%
  24  Chem_TCONS_00042771                                       35.57%    passed      5.35%
  25  Morvir_scaffold752.g2.t2                                   0.92%    passed     82.27%
  26  Cscu_XM_023362466.1                                        2.77%    passed     59.57%
  27  Emue_Em0023g811a.t1                                        6.70%    passed     95.16%
  28  Spolac_c101943_g1_i1_m.27360c101943-g1                     3.00%    passed     85.31%
  29  Tetwil_g4763.t1                                           30.72%    passed     99.11%
  30  Stycar_maker-SC_scaffold6189-augustus-gene-0.3-mRNA-1     33.95%    passed     73.70%
  31  Aque_Aqu2.1.26324_001                                      5.54%    failed      4.28%
  32  Halamb_c48469_g1_i4m.24256                                 5.77%    passed     41.64%
  33  Xestes_maker-XT_scaffold22011-augustus-gene-0.29-mRNA-1    4.16%    passed     59.73%
  34  Tadh_TriadT31116                                           4.85%    passed     40.06%
  35  TrH2_TrispH2_008801-RA                                     4.85%    passed     40.06%
  36  HoiH06_mRNA7055                                           18.48%    passed     81.93%
  37  HoiH04_mRNA5011                                            5.08%    passed     49.02%
  38  Hhon_g08870.t1                                             4.85%    passed     61.30%
  39  HoiH23_PlH23_007386-RA                                     6.70%    passed     21.31%
  40  HoiH11_mRNA1387                                            4.85%    passed     54.08%
  41  Tcas_TC009879_001                                          5.31%    passed     17.87%
  42  Dpul_mRNA20215                                             8.55%    passed     95.19%
  43  Ocar_g318                                                 32.10%    passed     90.59%
  44  Opea_EP00118_Oscarella_pearsei_P012903                     3.46%    passed     90.39%
  45  Plajan_Pjan_scaffold7697_01                               53.58%    passed     99.88%
  46  Plespi_Pspi_scaffold6269_01                               22.86%    passed     93.54%
  47  Mlei_ML0052.g5.i1                                          6.47%    passed     81.30%
  48  Bolinf_Binf_sb1194119                                     31.64%    passed     44.81%
  49  Mertsp_Mesp_sb575438                                       7.85%    passed     23.82%
  50  Lampan_Lpan_C410475_01                                     7.62%    passed     14.86%
  51  Drygla_Dgla_sb293569                                      17.55%    passed     87.64%
  52  Beraby_Baby_sb332458                                       9.93%    passed     10.38%
  53  Pbac_sb2663010                                             8.78%    passed     43.90%
  54  Horcal_Hcv1.av93.c11.g626.i1                               8.78%    passed     66.87%
  55  Scil_scict005052.1                                        52.19%    passed     39.56%
  56  Gracom_Gcom_scaffold7701_01                                5.77%    passed     86.08%
  57  Lcom_lcpid52148                                            5.77%    passed     12.72%
  58  Leuniv_Lniv_C811320_01                                     5.77%    passed     40.20%
  59  Mbre_EDQ92241                                             10.16%    failed      0.00%
  60  Choper_EP00045_Choanoeca_perplexa_P006303                  2.31%    failed      0.00%
  61  Chofle_EP00730_Choanoeca_flexa_P011229                     2.31%    failed      0.40%
  62  Sros_EGD72567                                              1.15%    failed      0.25%
  63  Microa_EP00043_Microstomoeca_roanoka_P027537               1.15%    failed      0.49%
  64  Salinf_EP00049_Salpingoeca_infusionum_P010065              1.15%    passed     30.80%
  65  Acaspe_EP00035_Acanthoeca_spectabilis_P022627              1.39%    failed      0.00%
  66  Helnan_EP00037_Helgoeca_nana_P036752                       1.85%    failed      0.00%
  67  Diagra_EP00040_Diaphanoeca_grandis_P016732                29.10%    passed     46.43%
  68  Stedip_EP00041_Stephanoeca_diplocostata_P021234            0.92%    failed      3.51%
  69  Didcos_EP00039_Didymoeca_costata_P014824                   3.23%    passed     22.02%
  70  Saldol_EP00054_Salpingoeca_dolichothecata_P002992          0.46%    passed     94.37%
  71  Salmac_EP00052_Salpingoeca_macrocollata_P000667           27.48%    failed      0.13%
  72  Salpun_EP00053_Salpingoeca_punica_P019009                 29.10%    passed      7.36%
  73  Codhol_EP00042_Codosiga_hollandica_P020651                 2.54%    passed     22.23%
  74  Salurc_EP00051_Salpingoeca_urceolata_P022855              26.33%    failed      0.00%
  75  Salkve_EP00050_Salpingoeca_kvevrii_P011829                45.96%    failed      0.01%
WARNING: 3 sequences contain more than 50% gaps/ambiguity
****  TOTAL                                                     12.01%  12 sequences failed composition chi2 test (p-value<5%; df=19)
NOTE: TrH2_TrispH2_008801-RA is identical to Tadh_TriadT31116 but kept for subsequent analysis


Create initial parsimony tree by phylogenetic likelihood library (PLL)... 0.052 seconds
Measuring multi-threading efficiency up to 2 CPU cores
Increase to 10 rounds for branch lengths
2 trees examined
Threads: 1 / Time: 2.813 sec / Speedup: 1.000 / Efficiency: 100% / LogL: -50910
Threads: 2 / Time: 2.153 sec / Speedup: 1.307 / Efficiency: 65% / LogL: -50910
BEST NUMBER OF THREADS: 2

Perform fast likelihood tree search using LG+I+G model...
Estimate model parameters (epsilon = 5.000)
Perform nearest neighbor interchange...
Estimate model parameters (epsilon = 1.000)
1. Initial log-likelihood: -37948.945
Optimal log-likelihood: -37948.848
Proportion of invariable sites: 0.019
Gamma shape alpha: 1.431
Parameters optimization took 1 rounds (0.437 sec)
Time for fast ML tree search: 4.160 seconds

NOTE: ModelFinder requires 22 MB RAM!
ModelFinder will test up to 24 protein models (sample size: 433) ...
 No. Model         -LnL         df  AIC          AICc         BIC
  1  LG            39558.015    147 79410.030    79562.703    80008.428
  2  LG+I          39374.011    148 79044.022    79199.318    79646.492
  3  LG+G4         37975.807    148 76247.614    76402.909    76850.083
  4  LG+I+G4       37948.839    149 76195.678    76353.629    76802.218
  8  LG+F+I+G4     37857.221    168 76050.442    76265.533    76734.326
 12  WAG+I+G4      38174.184    149 76646.368    76804.319    77252.908
 16  WAG+F+I+G4    38111.094    168 76558.188    76773.279    77242.072
 20  JTT+I+G4      38230.708    149 76759.415    76917.366    77365.955
 24  JTT+F+I+G4    38080.216    168 76496.432    76711.523    77180.316
Akaike Information Criterion:           LG+F+I+G4
Corrected Akaike Information Criterion: LG+F+I+G4
Bayesian Information Criterion:         LG+F+I+G4
Best-fit model: LG+F+I+G4 chosen according to BIC

All model information printed to results_broccoli_metc/alignments/OG_7621.iqtree.model.gz
CPU time for ModelFinder: 36.988 seconds (0h:0m:36s)
Wall-clock time for ModelFinder: 20.138 seconds (0h:0m:20s)
Generating 1000 samples for ultrafast bootstrap (seed: 508198)...

NOTE: 22 MB RAM (0 GB) is required!
Estimate model parameters (epsilon = 0.100)
Thoroughly optimizing +I+G parameters from 10 start values...
Init pinv, alpha: 0.000, 1.416 / Estimate: 0.019, 1.414 / LogL: -37857.195
Init pinv, alpha: 0.002, 1.416 / Estimate: 0.019, 1.416 / LogL: -37857.208
Init pinv, alpha: 0.005, 1.416 / Estimate: 0.019, 1.414 / LogL: -37857.201
Init pinv, alpha: 0.007, 1.416 / Estimate: 0.019, 1.414 / LogL: -37857.213
Init pinv, alpha: 0.009, 1.416 / Estimate: 0.019, 1.414 / LogL: -37857.206
Init pinv, alpha: 0.012, 1.416 / Estimate: 0.019, 1.414 / LogL: -37857.199
Init pinv, alpha: 0.014, 1.416 / Estimate: 0.019, 1.415 / LogL: -37857.194
Init pinv, alpha: 0.016, 1.416 / Estimate: 0.019, 1.414 / LogL: -37857.189
Init pinv, alpha: 0.018, 1.416 / Estimate: 0.019, 1.414 / LogL: -37857.192
Init pinv, alpha: 0.021, 1.416 / Estimate: 0.019, 1.414 / LogL: -37857.186
Optimal pinv,alpha: 0.019, 1.414 / LogL: -37857.186

Parameters optimization took 10.333 sec
Computing ML distances based on estimated model parameters...
Computing ML distances took 0.818819 sec (of wall-clock time) 1.635599 sec(of CPU time)
WARNING: Some pairwise ML distances are too long (saturated)
Computing RapidNJ tree took 0.001431 sec (of wall-clock time) 0.001841 sec (of CPU time)
Log-likelihood of RapidNJ tree: -37966.196
--------------------------------------------------------------------
|             INITIALIZING CANDIDATE TREE SET                      |
--------------------------------------------------------------------
Generating 98 parsimony trees... 4.175 second
Computing log-likelihood of 98 initial trees ... 12.700 seconds
Current best score: -37857.186

Do NNI search on 20 best initial trees
Estimate model parameters (epsilon = 0.100)
BETTER TREE FOUND at iteration 1: -37857.009
Estimate model parameters (epsilon = 0.100)
BETTER TREE FOUND at iteration 2: -37850.993
Iteration 10 / LogL: -37855.914 / Time: 0h:0m:49s
Estimate model parameters (epsilon = 0.100)
BETTER TREE FOUND at iteration 11: -37847.334
Iteration 20 / LogL: -37849.989 / Time: 0h:1m:12s
Finish initializing candidate tree set (19)
Current best tree score: -37847.334 / CPU time: 182.563
Number of iterations: 20
--------------------------------------------------------------------
|               OPTIMIZING CANDIDATE TREE SET                      |
--------------------------------------------------------------------
Estimate model parameters (epsilon = 0.100)
BETTER TREE FOUND at iteration 26: -37846.432
Iteration 30 / LogL: -37847.254 / Time: 0h:3m:49s (0h:25m:48s left)
Estimate model parameters (epsilon = 0.100)
BETTER TREE FOUND at iteration 36: -37845.998
Iteration 40 / LogL: -37847.090 / Time: 0h:6m:41s (0h:33m:35s left)
Iteration 50 / LogL: -37852.655 / Time: 0h:7m:10s (0h:27m:12s left)
Log-likelihood cutoff on original alignment: -37891.307
Iteration 60 / LogL: -37847.849 / Time: 0h:7m:39s (0h:22m:49s left)
Estimate model parameters (epsilon = 0.100)
UPDATE BEST LOG-LIKELIHOOD: -37845.973
Iteration 70 / LogL: -37850.979 / Time: 0h:8m:8s (0h:19m:35s left)
Iteration 80 / LogL: -37858.518 / Time: 0h:8m:36s (0h:16m:59s left)
Iteration 90 / LogL: -37846.152 / Time: 0h:9m:4s (0h:14m:53s left)
Iteration 100 / LogL: -37853.483 / Time: 0h:10m:12s (0h:14m:1s left)
Log-likelihood cutoff on original alignment: -37891.307
NOTE: Bootstrap correlation coefficient of split occurrence frequencies: 0.998
Iteration 110 / LogL: -37850.190 / Time: 0h:10m:42s (0h:12m:22s left)
Iteration 120 / LogL: -37855.438 / Time: 0h:11m:10s (0h:10m:53s left)
Iteration 130 / LogL: -37846.511 / Time: 0h:11m:40s (0h:9m:35s left)
Iteration 140 / LogL: -37848.310 / Time: 0h:12m:7s (0h:8m:22s left)
Iteration 150 / LogL: -37847.442 / Time: 0h:12m:35s (0h:7m:16s left)
Log-likelihood cutoff on original alignment: -37891.307
Iteration 160 / LogL: -37846.362 / Time: 0h:14m:25s (0h:6m:53s left)
Iteration 170 / LogL: -37851.968 / Time: 0h:14m:54s (0h:5m:49s left)
Iteration 180 / LogL: -37846.480 / Time: 0h:15m:24s (0h:4m:49s left)
Iteration 190 / LogL: -37846.825 / Time: 0h:15m:51s (0h:3m:51s left)
Iteration 200 / LogL: -37850.193 / Time: 0h:16m:19s (0h:2m:57s left)
Log-likelihood cutoff on original alignment: -37891.307
NOTE: Bootstrap correlation coefficient of split occurrence frequencies: 0.998
Iteration 210 / LogL: -37847.562 / Time: 0h:16m:49s (0h:7m:14s left)
Iteration 220 / LogL: -37847.659 / Time: 0h:17m:18s (0h:6m:19s left)
Iteration 230 / LogL: -37846.645 / Time: 0h:17m:44s (0h:5m:25s left)
TREE SEARCH COMPLETED AFTER 237 ITERATIONS / Time: 0h:19m:44s

--------------------------------------------------------------------
|                    FINALIZING TREE SEARCH                        |
--------------------------------------------------------------------
Performs final model parameters optimization
Estimate model parameters (epsilon = 0.010)
1. Initial log-likelihood: -37845.973
Optimal log-likelihood: -37845.971
Proportion of invariable sites: 0.019
Gamma shape alpha: 1.423
Parameters optimization took 1 rounds (0.447 sec)
BEST SCORE FOUND : -37845.971
Creating bootstrap support values...
Split supports printed to NEXUS file results_broccoli_metc/alignments/OG_7621.iqtree.splits.nex
Total tree length: 37.376

Total number of iterations: 237
CPU time used for tree search: 1359.118 sec (0h:22m:39s)
Wall-clock time used for tree search: 1171.491 sec (0h:19m:31s)
Total CPU time used: 1385.736 sec (0h:23m:5s)
Total wall-clock time used: 1185.077 sec (0h:19m:45s)

Computing bootstrap consensus tree...
Reading input file results_broccoli_metc/alignments/OG_7621.iqtree.splits.nex...
75 taxa and 431 splits.
Consensus tree written to results_broccoli_metc/alignments/OG_7621.iqtree.contree
Reading input trees file results_broccoli_metc/alignments/OG_7621.iqtree.contree
Log-likelihood of consensus tree: -37846.194

Analysis results written to: 
  IQ-TREE report:                results_broccoli_metc/alignments/OG_7621.iqtree.iqtree
  Maximum-likelihood tree:       results_broccoli_metc/alignments/OG_7621.iqtree.treefile
  Likelihood distances:          results_broccoli_metc/alignments/OG_7621.iqtree.mldist

Ultrafast bootstrap approximation results written to:
  Split support values:          results_broccoli_metc/alignments/OG_7621.iqtree.splits.nex
  Consensus tree:                results_broccoli_metc/alignments/OG_7621.iqtree.contree
  Screen log file:               results_broccoli_metc/alignments/OG_7621.iqtree.log

Date and Time: Fri Jun  3 19:25:08 2022
