IQ-TREE multicore version 2.1.0 for Linux 64-bit built Jul 18 2020
Developed by Bui Quang Minh, James Barbetti, Nguyen Lam Tung,
Olga Chernomor, Heiko Schmidt, Dominik Schrempf, Michael Woodhams.

Host:    node-hp0109.linux.crg.es (AVX, 125 GB RAM)
Command: /users/asebe/xgraubove/Programes/iqtree-2.1.0-Linux/bin/iqtree2 -s results_broccoli_metc/alignments/OG_806.lt.fasta -m TEST -mset LG,WAG,JTT -nt AUTO -ntmax 2 -bb 1000 -pre results_broccoli_metc/alignments/OG_806.iqtree -nm 10000 -nstop 200 -cptime 1800
Seed:    32101 (Using SPRNG - Scalable Parallel Random Number Generator)
Time:    Fri Jun  3 19:45:08 2022
Kernel:  AVX - auto-detect threads (2 CPU cores detected)

Reading alignment file results_broccoli_metc/alignments/OG_806.lt.fasta ... Fasta format detected
Alignment most likely contains protein sequences
Alignment has 73 sequences with 780 columns, 780 distinct patterns
780 parsimony-informative, 0 singleton sites, 0 constant sites
                                                        Gap/Ambiguity  Composition  p-value
   1  Hsap_ENST00000294952                                      1.79%    passed     91.25%
   2  Bralan_BLAG04001620_1                                     1.15%    passed     61.30%
   3  Ocar_g10868                                              94.23%    passed     70.66%
   4  Opea_EP00118_Oscarella_pearsei_P024070                   28.59%    passed     83.63%
   5  Plajan_Pjan_C568750_01                                    2.95%    failed      2.49%
   6  Adig_XM_015897166.1                                      19.23%    passed     58.22%
   7  Amil_Amillepora26549-RA                                  22.56%    passed     76.29%
   8  Gfas_gfas1.m1.2012.m1                                     1.41%    passed     95.35%
   9  Gasp_gasp1.m3.5100.m1                                     4.62%    passed     96.18%
  10  Spis_XP_022785203_1                                       1.41%    passed     94.00%
  11  Pocdam_XM_027182587.1                                     8.21%    passed     66.42%
  12  Cgig_XM_034468620.1                                       2.05%    passed     57.96%
  13  Acagra_model.g17655.t1                                    2.44%    passed     39.21%
  14  Exapal_XM_021050269.2                                     2.05%    passed     64.95%
  15  Nvec_v1g165225                                            7.69%    passed     88.81%
  16  Lcom_lcpid89205                                          41.54%    passed     66.01%
  17  Gracom_Gcom_C559426_01                                    1.28%    passed     13.83%
  18  Leuniv_Lniv_scaffold23660_01                             16.28%    passed     39.63%
  19  Clacor_Ccor_scaffold12011_01                             51.54%    passed     10.90%
  20  Tadh_wf_g5369.t1                                          4.87%    failed      4.37%
  21  TrH2_TrispH2_001874-RA                                    4.87%    passed      5.50%
  22  HoiH06_mRNA5721                                           3.59%    failed      0.11%
  23  HoiH23_PlH23_002678-RA                                    2.69%    failed      0.42%
  24  Hhon_g05883.t1                                            2.18%    failed      3.10%
  25  HoiH04_mRNA17753                                          2.69%    failed      2.21%
  26  HoiH11_mRNA447                                            2.82%    passed     12.53%
  27  Aaur_scaffold66.g6.t2                                     2.95%    passed      7.90%
  28  Nemnom_g18518.t1                                          1.92%    passed     21.05%
  29  Rhoesc_Res_004866-T1                                      1.92%    passed     27.78%
  30  Morvir_scaffold16.g72.t1                                 58.33%    passed      9.77%
  31  Sanmal_Sma_023379-T1                                     22.56%    failed      4.82%
  32  Ctel_gnl_WGS_AMQN_CAPTEDRAFT_mRNA222323                   4.74%    passed     67.70%
  33  Plespi_Pspi_C612654_01                                    7.18%    passed     22.36%
  34  Spur_XM_030998963.1                                      12.18%    passed     93.34%
  35  Skow_XM_006822104.1                                       4.49%    passed     60.17%
  36  Dgig_XM_028537314.1                                       2.69%    passed     78.18%
  37  Xesp_021887-T1                                            6.54%    failed      1.13%
  38  Cscu_XM_023360384.1                                      10.38%    failed      0.00%
  39  Aque_Aqu2.1.30558_001                                    12.56%    passed     95.40%
  40  Xestes_maker-XT_scaffold62913-augustus-gene-0.3-mRNA-1   89.23%    failed      3.06%
  41  Halamb_c46264_g1_i5mm.1894                               14.62%    passed      5.72%
  42  Emue_Em0016g546a.t1                                       5.26%    passed     67.50%
  43  Spolac_c102948_g3_i1_m.31775c102948-g3                   29.62%    passed     42.92%
  44  Tetwil_g23285.t2                                          2.44%    passed      5.28%
  45  Chem_TCONS_00052397                                      22.44%    passed     14.39%
  46  Stycar_maker-SC_scaffold1994-snap-gene-0.5-mRNA-1        57.82%    failed      0.96%
  47  Hvul_g24812_1                                            17.05%    failed      0.06%
  48  Pbac_sb2649451                                           45.38%    failed      0.17%
  49  Horcal_Hcv1.av93.c6.g1215.i1                              7.56%    failed      3.19%
  50  Bolinf_Binf_sb1267231                                    16.03%    passed      9.35%
  51  Mertsp_Mesp_sb592065                                     11.67%    passed     12.64%
  52  Beraby_Baby_sb333280                                     30.64%    passed     19.27%
  53  Vmul_Simscaffold8619_01                                  10.00%    passed     50.08%
  54  Coeast_Cast_sb791991                                      9.62%    passed     16.47%
  55  Coemet_Cmet_C587725_01                                   60.26%    passed      6.12%
  56  Lampan_Lpan_C419133_01                                   10.00%    failed      4.21%
  57  Drygla_Dgla_sb304574                                     50.00%    failed      0.92%
  58  Eupdun_Edun_sb10619639                                   75.13%    passed     50.71%
  59  Tcas_TC008917_001                                        59.49%    failed      0.01%
  60  Didcos_EP00039_Didymoeca_costata_P028427                  9.23%    passed     23.13%
  61  Acaspe_EP00035_Acanthoeca_spectabilis_P011750            10.51%    failed      0.00%
  62  Helnan_EP00037_Helgoeca_nana_P027182                     10.38%    failed      0.00%
  63  Stedip_EP00041_Stephanoeca_diplocostata_P036215           9.10%    failed      0.00%
  64  Diagra_EP00040_Diaphanoeca_grandis_P023687                9.74%    failed      1.46%
  65  Salkve_EP00050_Salpingoeca_kvevrii_P017467                8.33%    failed      0.00%
  66  Salmac_EP00052_Salpingoeca_macrocollata_P009917           7.31%    failed      0.00%
  67  Salpun_EP00053_Salpingoeca_punica_P018229                36.28%    failed      0.00%
  68  Saldol_EP00054_Salpingoeca_dolichothecata_P025014         6.28%    passed      7.96%
  69  Choper_EP00045_Choanoeca_perplexa_P011738                10.90%    failed      0.00%
  70  Chofle_EP00730_Choanoeca_flexa_P005243                   10.00%    failed      0.00%
  71  Mylflu_EP00047_Mylnosiga_fluctuans_P007051                8.33%    failed      0.00%
  72  Salurc_EP00051_Salpingoeca_urceolata_P031342             26.54%    failed      0.03%
  73  Codhol_EP00042_Codosiga_hollandica_P049487                8.59%    failed      0.00%
WARNING: 8 sequences contain more than 50% gaps/ambiguity
****  TOTAL                                                    17.52%  29 sequences failed composition chi2 test (p-value<5%; df=19)


Create initial parsimony tree by phylogenetic likelihood library (PLL)... 0.047 seconds
Measuring multi-threading efficiency up to 2 CPU cores
Increase to 10 rounds for branch lengths
2 trees examined
Threads: 1 / Time: 2.975 sec / Speedup: 1.000 / Efficiency: 100% / LogL: -95398
Threads: 2 / Time: 1.525 sec / Speedup: 1.951 / Efficiency: 98% / LogL: -95398
BEST NUMBER OF THREADS: 2

Perform fast likelihood tree search using LG+G model...
Estimate model parameters (epsilon = 5.000)
Perform nearest neighbor interchange...
Estimate model parameters (epsilon = 1.000)
1. Initial log-likelihood: -70428.518
Optimal log-likelihood: -70428.449
Gamma shape alpha: 2.132
Parameters optimization took 1 rounds (0.256 sec)
Time for fast ML tree search: 2.898 seconds

NOTE: ModelFinder requires 39 MB RAM!
ModelFinder will test up to 12 protein models (sample size: 780) ...
 No. Model         -LnL         df  AIC          AICc         BIC
  1  LG            71876.267    143 144038.534   144103.289   144704.813
  2  LG+G4         70428.463    144 141144.925   141210.689   141815.864
  4  LG+F+G4       70405.158    163 141136.316   141223.109   141895.781
  6  WAG+G4        70759.720    144 141807.439   141873.203   142478.378
  8  WAG+F+G4      70955.569    163 142237.138   142323.930   142996.603
 10  JTT+G4        70720.174    144 141728.349   141794.112   142399.287
 12  JTT+F+G4      70382.288    163 141090.576   141177.369   141850.041
Akaike Information Criterion:           JTT+F+G4
Corrected Akaike Information Criterion: JTT+F+G4
Bayesian Information Criterion:         LG+G4
Best-fit model: LG+G4 chosen according to BIC

All model information printed to results_broccoli_metc/alignments/OG_806.iqtree.model.gz
CPU time for ModelFinder: 24.732 seconds (0h:0m:24s)
Wall-clock time for ModelFinder: 13.981 seconds (0h:0m:13s)
Generating 1000 samples for ultrafast bootstrap (seed: 32101)...

NOTE: 39 MB RAM (0 GB) is required!
Estimate model parameters (epsilon = 0.100)
1. Initial log-likelihood: -70428.463
Optimal log-likelihood: -70428.450
Gamma shape alpha: 2.133
Parameters optimization took 1 rounds (0.283 sec)
Computing ML distances based on estimated model parameters...
Computing ML distances took 0.377052 sec (of wall-clock time) 0.750669 sec(of CPU time)
Computing RapidNJ tree took 0.001073 sec (of wall-clock time) 0.001143 sec (of CPU time)
Log-likelihood of RapidNJ tree: -70690.786
--------------------------------------------------------------------
|             INITIALIZING CANDIDATE TREE SET                      |
--------------------------------------------------------------------
Generating 98 parsimony trees... 4.555 second
Computing log-likelihood of 98 initial trees ... 9.086 seconds
Current best score: -70428.450

Do NNI search on 20 best initial trees
Estimate model parameters (epsilon = 0.100)
BETTER TREE FOUND at iteration 1: -70428.449
Estimate model parameters (epsilon = 0.100)
BETTER TREE FOUND at iteration 4: -70426.173
Iteration 10 / LogL: -70430.845 / Time: 0h:0m:27s
Estimate model parameters (epsilon = 0.100)
UPDATE BEST LOG-LIKELIHOOD: -70425.380
Iteration 20 / LogL: -70428.610 / Time: 0h:0m:41s
Finish initializing candidate tree set (8)
Current best tree score: -70425.380 / CPU time: 39.749
Number of iterations: 20
--------------------------------------------------------------------
|               OPTIMIZING CANDIDATE TREE SET                      |
--------------------------------------------------------------------
Iteration 30 / LogL: -70429.698 / Time: 0h:1m:1s (0h:6m:11s left)
Iteration 40 / LogL: -70428.894 / Time: 0h:1m:21s (0h:5m:42s left)
Estimate model parameters (epsilon = 0.100)
BETTER TREE FOUND at iteration 44: -70420.378
Iteration 50 / LogL: -70421.949 / Time: 0h:1m:41s (0h:6m:40s left)
Log-likelihood cutoff on original alignment: -70463.277
Iteration 60 / LogL: -70423.984 / Time: 0h:2m:2s (0h:6m:20s left)
Iteration 70 / LogL: -70423.810 / Time: 0h:2m:22s (0h:5m:59s left)
Iteration 80 / LogL: -70421.834 / Time: 0h:2m:43s (0h:5m:39s left)
Iteration 90 / LogL: -70421.515 / Time: 0h:3m:2s (0h:5m:16s left)
Iteration 100 / LogL: -70423.703 / Time: 0h:3m:22s (0h:4m:53s left)
Log-likelihood cutoff on original alignment: -70463.277
NOTE: Bootstrap correlation coefficient of split occurrence frequencies: 0.992
Iteration 110 / LogL: -70433.927 / Time: 0h:3m:43s (0h:4m:34s left)
Iteration 120 / LogL: -70426.187 / Time: 0h:4m:2s (0h:4m:12s left)
Iteration 130 / LogL: -70421.136 / Time: 0h:4m:23s (0h:3m:52s left)
Iteration 140 / LogL: -70430.376 / Time: 0h:4m:43s (0h:3m:32s left)
Iteration 150 / LogL: -70438.918 / Time: 0h:5m:2s (0h:3m:10s left)
Log-likelihood cutoff on original alignment: -70457.792
Iteration 160 / LogL: -70422.512 / Time: 0h:5m:22s (0h:2m:50s left)
Iteration 170 / LogL: -70421.192 / Time: 0h:5m:41s (0h:2m:29s left)
Iteration 180 / LogL: -70421.441 / Time: 0h:6m:2s (0h:2m:9s left)
Iteration 190 / LogL: -70433.037 / Time: 0h:6m:21s (0h:1m:49s left)
Iteration 200 / LogL: -70426.201 / Time: 0h:6m:41s (0h:1m:28s left)
Log-likelihood cutoff on original alignment: -70457.792
NOTE: Bootstrap correlation coefficient of split occurrence frequencies: 0.999
Iteration 210 / LogL: -70422.195 / Time: 0h:7m:2s (0h:3m:1s left)
Iteration 220 / LogL: -70422.760 / Time: 0h:7m:20s (0h:2m:40s left)
Iteration 230 / LogL: -70433.563 / Time: 0h:7m:39s (0h:2m:20s left)
Iteration 240 / LogL: -70428.742 / Time: 0h:7m:58s (0h:2m:0s left)
TREE SEARCH COMPLETED AFTER 245 ITERATIONS / Time: 0h:8m:9s

--------------------------------------------------------------------
|                    FINALIZING TREE SEARCH                        |
--------------------------------------------------------------------
Performs final model parameters optimization
Estimate model parameters (epsilon = 0.010)
1. Initial log-likelihood: -70420.378
Optimal log-likelihood: -70420.377
Gamma shape alpha: 2.148
Parameters optimization took 1 rounds (0.253 sec)
BEST SCORE FOUND : -70420.377
Creating bootstrap support values...
Split supports printed to NEXUS file results_broccoli_metc/alignments/OG_806.iqtree.splits.nex
Total tree length: 39.936

Total number of iterations: 245
CPU time used for tree search: 968.229 sec (0h:16m:8s)
Wall-clock time used for tree search: 487.893 sec (0h:8m:7s)
Total CPU time used: 971.649 sec (0h:16m:11s)
Total wall-clock time used: 489.695 sec (0h:8m:9s)

Computing bootstrap consensus tree...
Reading input file results_broccoli_metc/alignments/OG_806.iqtree.splits.nex...
73 taxa and 321 splits.
Consensus tree written to results_broccoli_metc/alignments/OG_806.iqtree.contree
Reading input trees file results_broccoli_metc/alignments/OG_806.iqtree.contree
Log-likelihood of consensus tree: -70422.706

Analysis results written to: 
  IQ-TREE report:                results_broccoli_metc/alignments/OG_806.iqtree.iqtree
  Maximum-likelihood tree:       results_broccoli_metc/alignments/OG_806.iqtree.treefile
  Likelihood distances:          results_broccoli_metc/alignments/OG_806.iqtree.mldist

Ultrafast bootstrap approximation results written to:
  Split support values:          results_broccoli_metc/alignments/OG_806.iqtree.splits.nex
  Consensus tree:                results_broccoli_metc/alignments/OG_806.iqtree.contree
  Screen log file:               results_broccoli_metc/alignments/OG_806.iqtree.log

Date and Time: Fri Jun  3 19:53:32 2022
