IQ-TREE multicore version 2.1.0 for Linux 64-bit built Jul 18 2020
Developed by Bui Quang Minh, James Barbetti, Nguyen Lam Tung,
Olga Chernomor, Heiko Schmidt, Dominik Schrempf, Michael Woodhams.

Host:    node-hp0406.linux.crg.es (AVX, 125 GB RAM)
Command: /users/asebe/xgraubove/Programes/iqtree-2.1.0-Linux/bin/iqtree2 -s results_broccoli_metc/alignments/OG_8443.lt.fasta -m TEST -mset LG,WAG,JTT -nt AUTO -ntmax 2 -bb 1000 -pre results_broccoli_metc/alignments/OG_8443.iqtree -nm 10000 -nstop 200 -cptime 1800
Seed:    742569 (Using SPRNG - Scalable Parallel Random Number Generator)
Time:    Fri Jun  3 20:06:37 2022
Kernel:  AVX - auto-detect threads (2 CPU cores detected)

Reading alignment file results_broccoli_metc/alignments/OG_8443.lt.fasta ... Fasta format detected
Alignment most likely contains protein sequences
Alignment has 70 sequences with 295 columns, 295 distinct patterns
279 parsimony-informative, 0 singleton sites, 16 constant sites
                                                                   Gap/Ambiguity  Composition  p-value
   1  Hsap_ENST00000361505                                                 5.76%    passed     55.11%
   2  Bralan_BLAG07000358_1                                                3.73%    passed     97.14%
   3  Scil_scict010969.1                                                   6.78%    passed     98.01%
   4  Gracom_Gcom_scaffold5719_01                                          4.75%    passed     99.81%
   5  Leuniv_Lniv_C803362_01                                               6.10%    passed     96.70%
   6  Clacor_Ccor_scaffold12448_01                                         2.37%    passed     99.80%
   7  Cgig_XM_011419277.3                                                  2.03%    passed     99.92%
   8  Acagra_model.g29613.t1.1.5d3b8cad                                    4.07%    passed     93.84%
   9  Dpul_mRNA20133                                                       0.68%    passed     86.87%
  10  Cscu_XM_023357085.1                                                  3.73%    passed     96.53%
  11  Opea_EP00118_Oscarella_pearsei_P025029                               6.44%    passed     92.10%
  12  Plajan_Pjan_scaffold22385_01                                         6.78%    passed     99.03%
  13  Aque_Aqu2.1.44210_001                                                1.02%    passed     98.45%
  14  Halamb_c48105_g1_i1mm.2509                                           2.71%    passed     99.03%
  15  Xestes_augustus_masked-XT_scaffold1074-processed-gene-0.1-mRNA-1    18.31%    passed     98.45%
  16  Tetwil_g10351.t1                                                     0.34%    passed     95.82%
  17  Stycar_augustus_masked-SC_scaffold88627-processed-gene-0.1-mRNA-1    1.36%    passed     82.77%
  18  Spolac_c97270_g1_i1_m.14618c97270-g1                                 4.75%    passed     97.22%
  19  Plespi_Pspi_C613788_01                                               5.08%    passed     92.61%
  20  Dgig_XM_028554282.1                                                  6.78%    passed     92.24%
  21  Xesp_005313-T1                                                       2.37%    passed     44.27%
  22  Aaur_scaffold118.g28.t1                                             13.22%    passed     98.11%
  23  Nemnom_g11906.t1                                                     7.12%    passed     65.33%
  24  Rhoesc_Res_010971-T1                                                 7.12%    passed     71.90%
  25  Sanmal_Sma_025058-T1                                                 5.76%    passed     65.72%
  26  Morvir_scaffold454.g16.t1                                            7.46%    passed     64.19%
  27  Mlei_ML0359.g16.i1                                                   6.10%    passed     27.62%
  28  Pbac_sb2640880                                                       6.10%    passed     90.35%
  29  Horcal_Hcv1.av93.c2.g239.i1                                          0.34%    passed     81.48%
  30  Bolinf_Binf_sb1246343                                               21.36%    passed     44.78%
  31  Mertsp_Mesp_sb595788                                                 4.07%    passed     81.68%
  32  Lampan_Lpan_C406257_01                                               4.07%    passed     82.76%
  33  Vmul_Simscaffold11716_01                                             5.08%    passed     94.02%
  34  Coeast_Cast_sb809199                                                 4.07%    passed     96.10%
  35  Coemet_Cmet_C596103_01                                               4.07%    passed     97.56%
  36  Eupdun_Edun_sb10681023                                              32.20%    passed     79.03%
  37  Drygla_Dgla_sb294196                                                 4.07%    passed     98.66%
  38  Beraby_Baby_sb343172                                                 4.75%    passed     57.14%
  39  Spur_XM_011677029.2                                                  1.36%    passed     90.55%
  40  Exapal_XM_021059896.2                                                4.75%    passed     89.33%
  41  Nvec_v1g207799                                                       4.41%    passed     54.71%
  42  Adig_XM_015899645.1                                                 47.12%    passed     87.48%
  43  Amil_Amillepora10772-RA                                             15.59%    passed     91.55%
  44  Fspp_ffun1.m4.22937.m1                                               5.08%    passed     89.04%
  45  Gasp_gasp1.m3.16648.m1                                               3.73%    passed     96.50%
  46  Spis_XP_022796834_1                                                  5.08%    passed     99.84%
  47  Pocdam_XM_027182879.1                                                5.08%    passed     98.49%
  48  Gfas_gfas1.m1.23292.m1                                              19.32%    passed     85.86%
  49  Tcas_TC003914_001                                                    1.02%    passed     60.70%
  50  Hvul_g20080_1                                                       31.19%    passed     62.82%
  51  Chem_TCONS_00070766                                                  7.80%    passed     95.83%
  52  Didcos_EP00039_Didymoeca_costata_P005480                             5.08%    passed     48.73%
  53  Diagra_EP00040_Diaphanoeca_grandis_P010773                           4.75%    passed     92.51%
  54  HoiH23_PlH23_007535-RA                                               2.37%    passed     92.46%
  55  Acaspe_EP00035_Acanthoeca_spectabilis_P020939                        4.41%    passed     87.37%
  56  Helnan_EP00037_Helgoeca_nana_P032190                                 3.39%    passed     82.55%
  57  Stedip_EP00041_Stephanoeca_diplocostata_P031200                      3.05%    passed     80.18%
  58  Ctel_gnl_WGS_AMQN_CAPTEDRAFT_mRNA224918                              5.76%    passed     81.13%
  59  Sros_EGD79701                                                        1.69%    passed     65.02%
  60  Microa_EP00043_Microstomoeca_roanoka_P029082                         2.71%    passed     58.67%
  61  Choper_EP00045_Choanoeca_perplexa_P004076                            1.36%    passed     59.18%
  62  Chofle_EP00730_Choanoeca_flexa_P003883                               4.41%    passed     76.04%
  63  Salinf_EP00049_Salpingoeca_infusionum_P025500                        2.03%    passed     62.64%
  64  Emue_Em0018g126a.t1                                                 73.22%    passed     41.23%
  65  Lcom_lcpid122071                                                     7.12%    passed     67.38%
  66  Tadh_TriadT55524                                                     5.42%    passed     10.21%
  67  TrH2_TrispH2_004455-RA                                               5.42%    passed     10.21%
  68  HoiH06_mRNA10004                                                    14.58%    passed      6.75%
  69  Hhon_g10299.t1                                                       4.41%    passed     23.89%
  70  HoiH04_mRNA11274                                                     5.42%    passed     20.72%
WARNING: 1 sequences contain more than 50% gaps/ambiguity
****  TOTAL                                                                7.73%  0 sequences failed composition chi2 test (p-value<5%; df=19)
NOTE: TrH2_TrispH2_004455-RA is identical to Tadh_TriadT55524 but kept for subsequent analysis


Create initial parsimony tree by phylogenetic likelihood library (PLL)... 0.023 seconds
Measuring multi-threading efficiency up to 2 CPU cores
Increase to 10 rounds for branch lengths
4 trees examined
Threads: 1 / Time: 2.005 sec / Speedup: 1.000 / Efficiency: 100% / LogL: -30034
Threads: 2 / Time: 2.054 sec / Speedup: 0.976 / Efficiency: 49% / LogL: -30034
BEST NUMBER OF THREADS: 1

Perform fast likelihood tree search using LG+I+G model...
Estimate model parameters (epsilon = 5.000)
Perform nearest neighbor interchange...
Estimate model parameters (epsilon = 1.000)
1. Initial log-likelihood: -22159.798
Optimal log-likelihood: -22159.325
Proportion of invariable sites: 0.042
Gamma shape alpha: 1.052
Parameters optimization took 1 rounds (0.330 sec)
Time for fast ML tree search: 2.627 seconds

NOTE: ModelFinder requires 14 MB RAM!
ModelFinder will test up to 24 protein models (sample size: 295) ...
 No. Model         -LnL         df  AIC          AICc         BIC
  1  LG            23481.306    137 47236.612    47477.453    47741.728
  2  LG+I          23284.255    138 46844.510    47090.433    47353.312
  3  LG+G4         22173.638    138 44623.276    44869.199    45132.079
  4  LG+I+G4       22159.332    139 44596.664    44847.760    45109.153
  8  LG+F+I+G4     22165.141    158 44646.282    45015.723    45228.824
 12  WAG+I+G4      22271.261    139 44820.521    45071.618    45333.011
 16  WAG+F+I+G4    22261.286    158 44838.571    45208.013    45421.113
 20  JTT+I+G4      22419.319    139 45116.638    45367.735    45629.128
 24  JTT+F+I+G4    22462.506    158 45241.012    45610.453    45823.554
Akaike Information Criterion:           LG+I+G4
Corrected Akaike Information Criterion: LG+I+G4
Bayesian Information Criterion:         LG+I+G4
Best-fit model: LG+I+G4 chosen according to BIC

All model information printed to results_broccoli_metc/alignments/OG_8443.iqtree.model.gz
CPU time for ModelFinder: 15.298 seconds (0h:0m:15s)
Wall-clock time for ModelFinder: 12.942 seconds (0h:0m:12s)
Generating 1000 samples for ultrafast bootstrap (seed: 742569)...

NOTE: 14 MB RAM (0 GB) is required!
Estimate model parameters (epsilon = 0.100)
Thoroughly optimizing +I+G parameters from 10 start values...
Init pinv, alpha: 0.000, 1.059 / Estimate: 0.043, 1.057 / LogL: -22159.317
Init pinv, alpha: 0.006, 1.059 / Estimate: 0.043, 1.057 / LogL: -22159.318
Init pinv, alpha: 0.012, 1.059 / Estimate: 0.043, 1.057 / LogL: -22159.318
Init pinv, alpha: 0.018, 1.059 / Estimate: 0.042, 1.058 / LogL: -22159.332
Init pinv, alpha: 0.024, 1.059 / Estimate: 0.043, 1.058 / LogL: -22159.324
Init pinv, alpha: 0.030, 1.059 / Estimate: 0.042, 1.057 / LogL: -22159.328
Init pinv, alpha: 0.036, 1.059 / Estimate: 0.043, 1.057 / LogL: -22159.319
Init pinv, alpha: 0.042, 1.059 / Estimate: 0.043, 1.057 / LogL: -22159.316
Init pinv, alpha: 0.048, 1.059 / Estimate: 0.044, 1.059 / LogL: -22159.316
Init pinv, alpha: 0.054, 1.059 / Estimate: 0.043, 1.056 / LogL: -22159.313
Optimal pinv,alpha: 0.043, 1.056 / LogL: -22159.313

Parameters optimization took 6.636 sec
Computing ML distances based on estimated model parameters...
Computing ML distances took 0.594579 sec (of wall-clock time) 0.594514 sec(of CPU time)
WARNING: Some pairwise ML distances are too long (saturated)
Computing RapidNJ tree took 0.000812 sec (of wall-clock time) 0.000568 sec (of CPU time)
Log-likelihood of RapidNJ tree: -22234.852
--------------------------------------------------------------------
|             INITIALIZING CANDIDATE TREE SET                      |
--------------------------------------------------------------------
Generating 98 parsimony trees... 1.880 second
Computing log-likelihood of 98 initial trees ... 5.759 seconds
Current best score: -22159.313

Do NNI search on 20 best initial trees
Estimate model parameters (epsilon = 0.100)
BETTER TREE FOUND at iteration 1: -22158.212
Estimate model parameters (epsilon = 0.100)
BETTER TREE FOUND at iteration 2: -22127.532
Iteration 10 / LogL: -22156.863 / Time: 0h:0m:25s
Iteration 20 / LogL: -22156.715 / Time: 0h:0m:35s
Finish initializing candidate tree set (20)
Current best tree score: -22127.532 / CPU time: 27.630
Number of iterations: 20
--------------------------------------------------------------------
|               OPTIMIZING CANDIDATE TREE SET                      |
--------------------------------------------------------------------
Estimate model parameters (epsilon = 0.100)
BETTER TREE FOUND at iteration 25: -22125.910
Iteration 30 / LogL: -22128.023 / Time: 0h:0m:47s (0h:5m:20s left)
Estimate model parameters (epsilon = 0.100)
BETTER TREE FOUND at iteration 35: -22125.772
Estimate model parameters (epsilon = 0.100)
BETTER TREE FOUND at iteration 36: -22124.381
Iteration 40 / LogL: -22140.843 / Time: 0h:1m:0s (0h:5m:3s left)
Iteration 50 / LogL: -22125.194 / Time: 0h:1m:12s (0h:4m:33s left)
Log-likelihood cutoff on original alignment: -22203.656
Estimate model parameters (epsilon = 0.100)
BETTER TREE FOUND at iteration 56: -22124.300
Iteration 60 / LogL: -22142.373 / Time: 0h:1m:24s (0h:4m:39s left)
Iteration 70 / LogL: -22125.087 / Time: 0h:1m:35s (0h:4m:18s left)
Iteration 80 / LogL: -22125.020 / Time: 0h:1m:47s (0h:3m:59s left)
Iteration 90 / LogL: -22127.367 / Time: 0h:1m:59s (0h:3m:42s left)
Iteration 100 / LogL: -22131.075 / Time: 0h:2m:11s (0h:3m:27s left)
Log-likelihood cutoff on original alignment: -22203.656
NOTE: Bootstrap correlation coefficient of split occurrence frequencies: 0.998
Iteration 110 / LogL: -22131.033 / Time: 0h:2m:23s (0h:3m:12s left)
Iteration 120 / LogL: -22129.166 / Time: 0h:2m:35s (0h:2m:57s left)
Iteration 130 / LogL: -22128.363 / Time: 0h:2m:47s (0h:2m:43s left)
Iteration 140 / LogL: -22124.419 / Time: 0h:2m:59s (0h:2m:29s left)
Iteration 150 / LogL: -22128.783 / Time: 0h:3m:11s (0h:2m:16s left)
Log-likelihood cutoff on original alignment: -22203.656
Iteration 160 / LogL: -22125.530 / Time: 0h:3m:22s (0h:2m:2s left)
Iteration 170 / LogL: -22126.221 / Time: 0h:3m:34s (0h:1m:49s left)
Iteration 180 / LogL: -22124.414 / Time: 0h:3m:47s (0h:1m:36s left)
Iteration 190 / LogL: -22128.130 / Time: 0h:4m:0s (0h:1m:23s left)
Iteration 200 / LogL: -22125.192 / Time: 0h:4m:12s (0h:1m:10s left)
Log-likelihood cutoff on original alignment: -22203.656
NOTE: Bootstrap correlation coefficient of split occurrence frequencies: 0.999
Iteration 210 / LogL: -22149.191 / Time: 0h:4m:23s (0h:1m:53s left)
Iteration 220 / LogL: -22131.312 / Time: 0h:4m:35s (0h:1m:40s left)
Iteration 230 / LogL: -22126.270 / Time: 0h:4m:47s (0h:1m:27s left)
Iteration 240 / LogL: -22126.098 / Time: 0h:4m:59s (0h:1m:15s left)
Iteration 250 / LogL: -22124.548 / Time: 0h:5m:11s (0h:1m:2s left)
Log-likelihood cutoff on original alignment: -22203.656
TREE SEARCH COMPLETED AFTER 257 ITERATIONS / Time: 0h:5m:19s

--------------------------------------------------------------------
|                    FINALIZING TREE SEARCH                        |
--------------------------------------------------------------------
Performs final model parameters optimization
Estimate model parameters (epsilon = 0.010)
1. Initial log-likelihood: -22124.300
Optimal log-likelihood: -22124.293
Proportion of invariable sites: 0.043
Gamma shape alpha: 1.051
Parameters optimization took 1 rounds (0.188 sec)
BEST SCORE FOUND : -22124.293
Creating bootstrap support values...
Split supports printed to NEXUS file results_broccoli_metc/alignments/OG_8443.iqtree.splits.nex
Total tree length: 32.041

Total number of iterations: 257
CPU time used for tree search: 311.641 sec (0h:5m:11s)
Wall-clock time used for tree search: 311.856 sec (0h:5m:11s)
Total CPU time used: 320.149 sec (0h:5m:20s)
Total wall-clock time used: 320.254 sec (0h:5m:20s)

Computing bootstrap consensus tree...
Reading input file results_broccoli_metc/alignments/OG_8443.iqtree.splits.nex...
70 taxa and 540 splits.
Consensus tree written to results_broccoli_metc/alignments/OG_8443.iqtree.contree
Reading input trees file results_broccoli_metc/alignments/OG_8443.iqtree.contree
Log-likelihood of consensus tree: -22124.540

Analysis results written to: 
  IQ-TREE report:                results_broccoli_metc/alignments/OG_8443.iqtree.iqtree
  Maximum-likelihood tree:       results_broccoli_metc/alignments/OG_8443.iqtree.treefile
  Likelihood distances:          results_broccoli_metc/alignments/OG_8443.iqtree.mldist

Ultrafast bootstrap approximation results written to:
  Split support values:          results_broccoli_metc/alignments/OG_8443.iqtree.splits.nex
  Consensus tree:                results_broccoli_metc/alignments/OG_8443.iqtree.contree
  Screen log file:               results_broccoli_metc/alignments/OG_8443.iqtree.log

Date and Time: Fri Jun  3 20:12:11 2022
