IQ-TREE multicore version 2.1.0 for Linux 64-bit built Jul 18 2020
Developed by Bui Quang Minh, James Barbetti, Nguyen Lam Tung,
Olga Chernomor, Heiko Schmidt, Dominik Schrempf, Michael Woodhams.

Host:    node-hp0507.linux.crg.es (AVX, 125 GB RAM)
Command: /users/asebe/xgraubove/Programes/iqtree-2.1.0-Linux/bin/iqtree2 -s results_broccoli_metc/alignments/OG_869.lt.fasta -m TEST -mset LG,WAG,JTT -nt AUTO -ntmax 2 -bb 1000 -pre results_broccoli_metc/alignments/OG_869.iqtree -nm 10000 -nstop 200 -cptime 1800
Seed:    245848 (Using SPRNG - Scalable Parallel Random Number Generator)
Time:    Fri Jun  3 20:24:06 2022
Kernel:  AVX - auto-detect threads (2 CPU cores detected)

Reading alignment file results_broccoli_metc/alignments/OG_869.lt.fasta ... Fasta format detected
Alignment most likely contains protein sequences
Alignment has 73 sequences with 283 columns, 283 distinct patterns
282 parsimony-informative, 0 singleton sites, 1 constant sites
                                                    Gap/Ambiguity  Composition  p-value
   1  Hsap_ENST00000285420                                  2.83%    passed     70.90%
   2  Cscu_XM_023381107.1                                  34.63%    passed     74.05%
   3  Bralan_BLAG07000815_1                                 0.35%    passed     99.26%
   4  Exapal_XM_021038713.2                                 1.41%    passed     49.95%
   5  Adig_XM_015900925.1                                  62.19%    passed     23.09%
   6  Amil_Amillepora09009-RA                              24.73%    passed     44.64%
   7  Fspp_ffun1.m4.8365.m1                                 3.18%    passed     75.87%
   8  Spis_XP_022794076_1                                   1.77%    passed     99.42%
   9  Pocdam_XM_027194901.1                                10.95%    passed     75.27%
  10  Gfas_gfas1.m1.17936.m1                               13.43%    passed     99.71%
  11  Gasp_gasp1.m3.2477.m1                                 0.71%    failed      0.00%
  12  Nvec_v1g90769                                         0.71%    passed     97.97%
  13  Dgig_XM_028536939.1                                   2.83%    passed     70.90%
  14  Xesp_005528-T1                                        2.47%    passed     85.30%
  15  Acagra_model.g29386.t1                                0.00%    passed     97.39%
  16  Spur_XM_030975694.1                                   2.47%    passed     62.49%
  17  Aaur_scaffold210.g1.t1                               14.13%    passed     99.58%
  18  Nemnom_g18176.t1                                      6.71%    passed     96.48%
  19  Rhoesc_Res_010869-T1                                  7.07%    passed     14.67%
  20  Sanmal_Sma_025575-T1                                  5.30%    passed     98.60%
  21  Skow_XM_006811843.1                                   9.19%    passed     96.53%
  22  Morvir_scaffold10.g80.t1                             14.84%    passed     90.42%
  23  Tadh_TriadT24299                                      2.47%    passed     29.88%
  24  TrH2_TrispH2_001586-RA                                2.47%    passed     31.05%
  25  HoiH06_mRNA9538                                      37.81%    failed      0.48%
  26  HoiH23_PlH23_002798-RA                                0.71%    failed      4.08%
  27  Hhon_g08215.t1                                        2.12%    passed      7.79%
  28  HoiH04_mRNA11125                                      2.12%    passed      7.39%
  29  Cgig_XM_034482170.1                                   3.89%    passed     57.57%
  30  Hvul_g14154_1                                         7.77%    passed     20.25%
  31  Tcas_TC014563_001                                     4.24%    passed     29.65%
  32  Dpul_mRNA3479                                         4.24%    passed     90.27%
  33  Aque_Aqu2.1.24197_001                                 3.18%    passed     32.64%
  34  Xestes_maker-XT_scaffold54448-snap-gene-0.5-mRNA-1   28.62%    passed     12.70%
  35  Halamb_c44955_g1_i1m.18248                            3.53%    passed     18.56%
  36  Emue_Em0018g1090a.t1                                  6.71%    passed     32.28%
  37  Spolac_c101479_g2_i2_m.25741c101479-g2                7.42%    passed     16.93%
  38  Tetwil_g9221.t2                                       2.83%    passed     84.96%
  39  Stycar_maker-SC_scaffold3637-snap-gene-0.4-mRNA-1    63.25%    failed      3.69%
  40  Ctel_gnl_WGS_AMQN_CAPTEDRAFT_mRNA156592               9.89%    passed     46.06%
  41  Plespi_Pspi_scaffold14100_01                         21.55%    passed     98.42%
  42  Mbre_EDQ92626                                         6.01%    failed      4.25%
  43  Sros_EGD75172                                         6.71%    passed     54.75%
  44  Microa_EP00043_Microstomoeca_roanoka_P009212          5.65%    passed     70.94%
  45  Salurc_EP00051_Salpingoeca_urceolata_P000784          2.47%    passed     48.36%
  46  Choper_EP00045_Choanoeca_perplexa_P012355             7.07%    passed     23.37%
  47  Chofle_EP00730_Choanoeca_flexa_P003749                9.54%    passed      8.26%
  48  Salpun_EP00053_Salpingoeca_punica_P018387             0.35%    failed      1.13%
  49  Salinf_EP00049_Salpingoeca_infusionum_P010657         3.89%    passed     65.91%
  50  Saldol_EP00054_Salpingoeca_dolichothecata_P017073     6.71%    passed     46.26%
  51  Acaspe_EP00035_Acanthoeca_spectabilis_P017356         7.07%    failed      0.11%
  52  Helnan_EP00037_Helgoeca_nana_P005200                  8.13%    passed     17.17%
  53  Stedip_EP00041_Stephanoeca_diplocostata_P011382       8.13%    passed     46.37%
  54  Diagra_EP00040_Diaphanoeca_grandis_P011443            8.48%    passed     31.35%
  55  Mylflu_EP00047_Mylnosiga_fluctuans_P012307            4.59%    passed     59.50%
  56  Salmac_EP00052_Salpingoeca_macrocollata_P009375       0.71%    passed     41.73%
  57  Mlei_ML0327.g2.i1                                     7.77%    passed     86.21%
  58  Bolinf_Binf_sb1224367                                 7.07%    passed     66.09%
  59  Pbac_sb2648964                                        6.71%    passed     89.27%
  60  Horcal_Hcv1.av93.c3.g88.i3                            8.48%    passed     93.63%
  61  Mertsp_Mesp_sb534879                                 19.79%    passed     29.74%
  62  Lampan_Lpan_C404825_01                                7.42%    passed     14.49%
  63  Vmul_SimC398138                                       3.89%    passed     85.30%
  64  Coeast_Cast_sb795979                                 31.45%    passed     31.42%
  65  Coemet_Cmet_scaffold21174_01                         31.10%    passed     96.46%
  66  Eupdun_Edun_sb10628245                               21.91%    passed     28.15%
  67  Lcom_lcpid86376                                       3.18%    failed      3.85%
  68  Gracom_Gcom_C552442_01                                5.30%    passed     10.21%
  69  Leuniv_Lniv_C811520_01                                1.06%    failed      1.32%
  70  Chem_TCONS_00002169                                  26.50%    passed      9.83%
  71  Opea_EP00118_Oscarella_pearsei_P010271                7.77%    failed      1.69%
  72  Salkve_EP00050_Salpingoeca_kvevrii_P022040            4.59%    failed      2.70%
  73  Codhol_EP00042_Codosiga_hollandica_P053650            6.36%    failed      0.01%
WARNING: 2 sequences contain more than 50% gaps/ambiguity
****  TOTAL                                                 9.90%  12 sequences failed composition chi2 test (p-value<5%; df=19)


Create initial parsimony tree by phylogenetic likelihood library (PLL)... 0.030 seconds
Measuring multi-threading efficiency up to 2 CPU cores
Increase to 10 rounds for branch lengths
4 trees examined
Threads: 1 / Time: 2.146 sec / Speedup: 1.000 / Efficiency: 100% / LogL: -35325
Threads: 2 / Time: 1.141 sec / Speedup: 1.881 / Efficiency: 94% / LogL: -35325
BEST NUMBER OF THREADS: 2

Perform fast likelihood tree search using LG+I+G model...
Estimate model parameters (epsilon = 5.000)
Perform nearest neighbor interchange...
Estimate model parameters (epsilon = 1.000)
1. Initial log-likelihood: -28479.298
Optimal log-likelihood: -28479.188
Proportion of invariable sites: 0.003
Gamma shape alpha: 1.478
Parameters optimization took 1 rounds (0.111 sec)
Time for fast ML tree search: 1.408 seconds

NOTE: ModelFinder requires 14 MB RAM!
ModelFinder will test up to 24 protein models (sample size: 283) ...
 No. Model         -LnL         df  AIC          AICc         BIC
  1  LG            29693.678    143 59673.357    59969.645    60194.656
  2  LG+I          29671.629    144 59631.257    59933.866    60156.202
  3  LG+G4         28481.947    144 57251.894    57554.502    57776.838
  4  LG+I+G4       28479.194    145 57248.388    57557.439    57776.978
  7  LG+F+G4       28444.428    163 57214.856    57664.133    57809.064
  8  LG+F+I+G4     28439.674    164 57207.348    57665.992    57805.202
 11  WAG+G4        28576.361    144 57440.722    57743.331    57965.667
 12  WAG+I+G4      28573.129    145 57436.259    57745.310    57964.849
 15  WAG+F+G4      28577.940    163 57481.880    57931.157    58076.088
 16  WAG+F+I+G4    28573.658    164 57475.315    57933.959    58073.168
 19  JTT+G4        28756.645    144 57801.291    58103.900    58326.235
 20  JTT+I+G4      28752.809    145 57795.617    58104.668    58324.207
 23  JTT+F+G4      28595.984    163 57517.969    57967.246    58112.176
 24  JTT+F+I+G4    28590.480    164 57508.960    57967.604    58106.814
Akaike Information Criterion:           LG+F+I+G4
Corrected Akaike Information Criterion: LG+G4
Bayesian Information Criterion:         LG+G4
Best-fit model: LG+G4 chosen according to BIC

All model information printed to results_broccoli_metc/alignments/OG_869.iqtree.model.gz
CPU time for ModelFinder: 17.307 seconds (0h:0m:17s)
Wall-clock time for ModelFinder: 9.728 seconds (0h:0m:9s)
Generating 1000 samples for ultrafast bootstrap (seed: 245848)...

NOTE: 14 MB RAM (0 GB) is required!
Estimate model parameters (epsilon = 0.100)
1. Initial log-likelihood: -28481.947
Optimal log-likelihood: -28481.944
Gamma shape alpha: 1.448
Parameters optimization took 1 rounds (0.097 sec)
Computing ML distances based on estimated model parameters...
Computing ML distances took 0.351430 sec (of wall-clock time) 0.702737 sec(of CPU time)
Computing RapidNJ tree took 0.001039 sec (of wall-clock time) 0.002077 sec (of CPU time)
Log-likelihood of RapidNJ tree: -28564.875
--------------------------------------------------------------------
|             INITIALIZING CANDIDATE TREE SET                      |
--------------------------------------------------------------------
Generating 98 parsimony trees... 2.445 second
Computing log-likelihood of 98 initial trees ... 3.482 seconds
Current best score: -28481.944

Do NNI search on 20 best initial trees
Estimate model parameters (epsilon = 0.100)
BETTER TREE FOUND at iteration 1: -28481.944
Estimate model parameters (epsilon = 0.100)
BETTER TREE FOUND at iteration 2: -28466.864
Estimate model parameters (epsilon = 0.100)
BETTER TREE FOUND at iteration 6: -28456.513
Estimate model parameters (epsilon = 0.100)
BETTER TREE FOUND at iteration 7: -28449.317
Iteration 10 / LogL: -28466.852 / Time: 0h:0m:14s
Iteration 20 / LogL: -28490.956 / Time: 0h:0m:21s
Finish initializing candidate tree set (20)
Current best tree score: -28449.317 / CPU time: 20.521
Number of iterations: 20
--------------------------------------------------------------------
|               OPTIMIZING CANDIDATE TREE SET                      |
--------------------------------------------------------------------
Iteration 30 / LogL: -28451.611 / Time: 0h:0m:29s (0h:3m:0s left)
Iteration 40 / LogL: -28460.335 / Time: 0h:0m:37s (0h:2m:38s left)
Estimate model parameters (epsilon = 0.100)
BETTER TREE FOUND at iteration 44: -28448.965
Iteration 50 / LogL: -28452.847 / Time: 0h:0m:44s (0h:2m:55s left)
Log-likelihood cutoff on original alignment: -28519.023
Iteration 60 / LogL: -28450.088 / Time: 0h:0m:52s (0h:2m:43s left)
Iteration 70 / LogL: -28450.404 / Time: 0h:1m:0s (0h:2m:32s left)
Iteration 80 / LogL: -28449.063 / Time: 0h:1m:8s (0h:2m:21s left)
Iteration 90 / LogL: -28449.485 / Time: 0h:1m:15s (0h:2m:10s left)
Iteration 100 / LogL: -28449.826 / Time: 0h:1m:23s (0h:2m:2s left)
Log-likelihood cutoff on original alignment: -28516.708
NOTE: Bootstrap correlation coefficient of split occurrence frequencies: 0.998
Iteration 110 / LogL: -28449.430 / Time: 0h:1m:31s (0h:1m:52s left)
Iteration 120 / LogL: -28448.970 / Time: 0h:1m:39s (0h:1m:43s left)
Iteration 130 / LogL: -28449.188 / Time: 0h:1m:47s (0h:1m:34s left)
Iteration 140 / LogL: -28458.468 / Time: 0h:1m:55s (0h:1m:26s left)
Iteration 150 / LogL: -28455.257 / Time: 0h:2m:3s (0h:1m:18s left)
Log-likelihood cutoff on original alignment: -28501.418
Iteration 160 / LogL: -28449.869 / Time: 0h:2m:11s (0h:1m:9s left)
Iteration 170 / LogL: -28450.071 / Time: 0h:2m:19s (0h:1m:1s left)
Iteration 180 / LogL: -28449.721 / Time: 0h:2m:26s (0h:0m:52s left)
Iteration 190 / LogL: -28450.566 / Time: 0h:2m:34s (0h:0m:44s left)
Iteration 200 / LogL: -28448.977 / Time: 0h:2m:42s (0h:0m:35s left)
Log-likelihood cutoff on original alignment: -28501.418
NOTE: Bootstrap correlation coefficient of split occurrence frequencies: 0.999
Iteration 210 / LogL: -28449.484 / Time: 0h:2m:50s (0h:1m:13s left)
Iteration 220 / LogL: -28454.624 / Time: 0h:2m:57s (0h:1m:4s left)
Iteration 230 / LogL: -28449.772 / Time: 0h:3m:5s (0h:0m:56s left)
Iteration 240 / LogL: -28449.247 / Time: 0h:3m:13s (0h:0m:48s left)
TREE SEARCH COMPLETED AFTER 245 ITERATIONS / Time: 0h:3m:17s

--------------------------------------------------------------------
|                    FINALIZING TREE SEARCH                        |
--------------------------------------------------------------------
Performs final model parameters optimization
Estimate model parameters (epsilon = 0.010)
1. Initial log-likelihood: -28448.965
Optimal log-likelihood: -28448.962
Gamma shape alpha: 1.433
Parameters optimization took 1 rounds (0.101 sec)
BEST SCORE FOUND : -28448.962
Creating bootstrap support values...
Split supports printed to NEXUS file results_broccoli_metc/alignments/OG_869.iqtree.splits.nex
Total tree length: 43.136

Total number of iterations: 245
CPU time used for tree search: 387.825 sec (0h:6m:27s)
Wall-clock time used for tree search: 196.114 sec (0h:3m:16s)
Total CPU time used: 390.138 sec (0h:6m:30s)
Total wall-clock time used: 197.324 sec (0h:3m:17s)

Computing bootstrap consensus tree...
Reading input file results_broccoli_metc/alignments/OG_869.iqtree.splits.nex...
73 taxa and 441 splits.
Consensus tree written to results_broccoli_metc/alignments/OG_869.iqtree.contree
Reading input trees file results_broccoli_metc/alignments/OG_869.iqtree.contree
Log-likelihood of consensus tree: -28451.511

Analysis results written to: 
  IQ-TREE report:                results_broccoli_metc/alignments/OG_869.iqtree.iqtree
  Maximum-likelihood tree:       results_broccoli_metc/alignments/OG_869.iqtree.treefile
  Likelihood distances:          results_broccoli_metc/alignments/OG_869.iqtree.mldist

Ultrafast bootstrap approximation results written to:
  Split support values:          results_broccoli_metc/alignments/OG_869.iqtree.splits.nex
  Consensus tree:                results_broccoli_metc/alignments/OG_869.iqtree.contree
  Screen log file:               results_broccoli_metc/alignments/OG_869.iqtree.log

Date and Time: Fri Jun  3 20:27:33 2022
