IQ-TREE multicore version 2.1.0 for Linux 64-bit built Jul 18 2020
Developed by Bui Quang Minh, James Barbetti, Nguyen Lam Tung,
Olga Chernomor, Heiko Schmidt, Dominik Schrempf, Michael Woodhams.

Host:    node-hp0509.linux.crg.es (AVX, 125 GB RAM)
Command: /users/asebe/xgraubove/Programes/iqtree-2.1.0-Linux/bin/iqtree2 -s results_broccoli_meto/alignments_prefiltering/OG_13266.lt.fasta -m TEST -mset LG,WAG,JTT -nt AUTO -ntmax 2 -bb 1000 -pre results_broccoli_meto/alignments_prefiltering/OG_13266.iqtree -nm 10000 -nstop 200 -cptime 1800
Seed:    759230 (Using SPRNG - Scalable Parallel Random Number Generator)
Time:    Tue Dec 13 12:08:03 2022
Kernel:  AVX - auto-detect threads (2 CPU cores detected)

Reading alignment file results_broccoli_meto/alignments_prefiltering/OG_13266.lt.fasta ... Fasta format detected
Alignment most likely contains protein sequences
Alignment has 67 sequences with 81 columns, 81 distinct patterns
78 parsimony-informative, 0 singleton sites, 3 constant sites
                                                          Gap/Ambiguity  Composition  p-value
   1  Lcom_lcpid253582                                            2.47%    passed     45.75%
   2  Lcom_lcpid184470                                            2.47%    passed     97.65%
   3  Lcom_lcpid10273                                             2.47%    passed      7.20%
   4  Emue_Em0018g51a.t1                                          2.47%    passed     99.64%
   5  Spolac_c9264_g1_i1_m.322c9264-g1                            0.00%    passed     99.34%
   6  Cgig_XM_011450537.3                                         2.47%    passed     99.57%
   7  Fspp_ffun1.m4.3534.m1                                       1.23%    passed     99.93%
   8  Bralan_BLAG07000869_1                                       2.47%    passed     99.98%
   9  Acagra_model.g28919.t1                                      2.47%    passed     99.99%
  10  Acagra_model.g28919.t1.1.5d3b8c72                           7.41%    passed     99.85%
  11  Dgig_XM_028536243.1                                         3.70%    passed    100.00%
  12  Xesp_028504-T1                                              3.70%    passed    100.00%
  13  Nvec_v1g237378                                              3.70%    passed     99.96%
  14  Sanmal_Sma_025577-T1                                        2.47%    passed    100.00%
  15  Skow_XM_002741625.2                                         3.70%    passed    100.00%
  16  Nemnom_g18174.t1                                            3.70%    passed    100.00%
  17  Rhoesc_Res_010867-T1                                        3.70%    passed    100.00%
  18  Pbac_sb2663345                                              2.47%    passed     99.70%
  19  Horcal_Hcv1.av93.c8.g163.i1                                 2.47%    passed     99.70%
  20  Mlei_ML0117.g27.i1                                          2.47%    passed     99.99%
  21  Pbac_sb2638267                                              2.47%    passed     99.97%
  22  Horcal_Hcv1.av93.c1.g244.i1                                 2.47%    passed     99.97%
  23  Mlei_ML2582.g47.i1                                          2.47%    passed     99.59%
  24  Amil_Amillepora10840-RA                                     0.00%    passed     99.91%
  25  Gfas_gfas1.m1.23595.m1                                      0.00%    passed     99.99%
  26  Hvul_g6104_1                                               30.86%    passed     99.25%
  27  Aque_Aqu2.1.38447_001                                       2.47%    passed     99.54%
  28  Halamb_c33449_g1_i1m.7661                                   1.23%    passed     99.89%
  29  Stycar_maker-SC_scaffold13501-snap-gene-0.7-mRNA-1         27.16%    passed     97.96%
  30  Xestes_maker-XT_scaffold135647-augustus-gene-0.14-mRNA-1    2.47%    passed     97.97%
  31  Tetwil_g4965.t1                                             2.47%    passed     97.24%
  32  Gasp_gasp1.m3.14868.m1                                     16.05%    failed      0.00%
  33  Hsap_ENST00000562982                                        1.23%    passed     99.93%
  34  Morvir_scaffold243.g28.t1                                   3.70%    passed     96.53%
  35  Spis_XP_022803007_1                                         0.00%    passed     98.17%
  36  Pocdam_XM_027191793.1                                       0.00%    passed     98.20%
  37  HoiH23_PlH23_001635-RA                                      3.70%    passed     99.99%
  38  TrH2_TrispH2_005332-RA                                      3.70%    passed     99.99%
  39  Hhon_g00980.t1                                              3.70%    passed     99.98%
  40  Tadh_TriadT63883                                            1.23%    passed     99.98%
  41  HoiH06_mRNA5269                                             3.70%    passed     99.98%
  42  HoiH04_mRNA13266                                            3.70%    passed     99.99%
  43  HoiH11_mRNA7080                                             1.23%    passed     99.97%
  44  HoiH23_PlH23_001634-RA                                      4.94%    passed     98.11%
  45  HoiH06_mRNA5267                                             3.70%    passed     98.50%
  46  Hhon_g00981.t1                                              3.70%    passed     99.09%
  47  HoiH04_mRNA13264                                            4.94%    passed     98.05%
  48  HoiH11_mRNA7082                                             4.94%    passed     98.11%
  49  TrH2_TrispH2_005331-RA                                      3.70%    passed     99.22%
  50  Tadh_wf_g4578.t1                                           22.22%    passed     10.83%
  51  Dpul_mRNA1553                                               1.23%    passed     99.92%
  52  Tcas_TC030050_001                                           2.47%    passed     99.38%
  53  Cscu_XM_023385450.1                                         2.47%    passed     96.21%
  54  Adig_XM_015899369.1                                         3.70%    passed     99.47%
  55  Exapal_XM_021059962.2                                       0.00%    passed     99.39%
  56  Opea_EP00118_Oscarella_pearsei_P025076                      0.00%    passed     99.23%
  57  Ocar_g3901                                                  0.00%    passed     98.28%
  58  Hsap_ENST00000374846                                        1.23%    passed     91.76%
  59  Ctel_gnl_WGS_AMQN_CAPTEDRAFT_mRNA219151                     3.70%    passed     94.50%
  60  Ctel_gnl_WGS_AMQN_CAPTEDRAFT_mRNA219154                     3.70%    passed     55.65%
  61  Spur_XM_030975712.1                                         2.47%    passed      9.03%
  62  Spur_XM_030975807.1                                         2.47%    passed     25.47%
  63  Coemet_Cmet_scaffold16020_01                                4.94%    passed     73.16%
  64  Lcom_lcpid157972                                            0.00%    passed     98.35%
  65  Cscu_XM_023371099.1                                         1.23%    passed     68.76%
  66  Lcom_lcpid112255                                            0.00%    passed     71.47%
  67  Aque_Aqu2.1.34884_001                                       0.00%    passed     39.53%
****  TOTAL                                                       3.76%  1 sequences failed composition chi2 test (p-value<5%; df=19)
NOTE: Xesp_028504-T1 is identical to Dgig_XM_028536243.1 but kept for subsequent analysis
NOTE: Horcal_Hcv1.av93.c8.g163.i1 is identical to Pbac_sb2663345 but kept for subsequent analysis
NOTE: Horcal_Hcv1.av93.c1.g244.i1 is identical to Pbac_sb2638267 but kept for subsequent analysis
NOTE: TrH2_TrispH2_005332-RA is identical to HoiH23_PlH23_001635-RA but kept for subsequent analysis
NOTE: HoiH11_mRNA7082 is identical to HoiH23_PlH23_001634-RA but kept for subsequent analysis


Create initial parsimony tree by phylogenetic likelihood library (PLL)... 0.008 seconds
Measuring multi-threading efficiency up to 2 CPU cores
Increase to 10 rounds for branch lengths
13 trees examined
Threads: 1 / Time: 2.043 sec / Speedup: 1.000 / Efficiency: 100% / LogL: -5049
Threads: 2 / Time: 1.256 sec / Speedup: 1.627 / Efficiency: 81% / LogL: -5049
BEST NUMBER OF THREADS: 2

Perform fast likelihood tree search using LG+I+G model...
Estimate model parameters (epsilon = 5.000)
Perform nearest neighbor interchange...
Estimate model parameters (epsilon = 1.000)
1. Initial log-likelihood: -3729.424
Optimal log-likelihood: -3729.408
Proportion of invariable sites: 0.027
Gamma shape alpha: 1.643
Parameters optimization took 1 rounds (0.037 sec)
Time for fast ML tree search: 0.393 seconds

NOTE: ModelFinder requires 4 MB RAM!
ModelFinder will test up to 24 protein models (sample size: 81) ...
 No. Model         -LnL         df  AIC          AICc         BIC
  1  LG            3832.840     131 7927.679     42511.679    8241.352
  2  LG+I          3818.867     132 7901.735     43013.735    8217.802
  3  LG+G4         3730.737     132 7725.474     42837.474    8041.542
  4  LG+I+G4       3729.405     133 7724.811     43368.811    8043.273
  7  LG+F+G4       3763.492     151 7828.985     53732.985    8190.546
  8  LG+F+I+G4     3762.222     152 7828.445     54340.445    8192.401
 11  WAG+G4        3783.802     132 7831.605     42943.605    8147.672
 12  WAG+I+G4      3781.436     133 7828.873     43472.873    8147.334
 15  WAG+F+G4      3811.685     151 7925.370     53829.370    8286.932
 16  WAG+F+I+G4    3809.705     152 7923.410     54435.410    8287.366
 19  JTT+G4        3777.914     132 7819.828     42931.828    8135.895
 20  JTT+I+G4      3776.149     133 7818.298     43462.298    8136.760
 23  JTT+F+G4      3809.387     151 7920.774     53824.774    8282.335
 24  JTT+F+I+G4    3808.497     152 7920.993     54432.993    8284.950
Akaike Information Criterion:           LG+I+G4
Corrected Akaike Information Criterion: LG
Bayesian Information Criterion:         LG+G4
Best-fit model: LG+G4 chosen according to BIC

All model information printed to results_broccoli_meto/alignments_prefiltering/OG_13266.iqtree.model.gz
CPU time for ModelFinder: 8.040 seconds (0h:0m:8s)
Wall-clock time for ModelFinder: 5.086 seconds (0h:0m:5s)
Generating 1000 samples for ultrafast bootstrap (seed: 759230)...

NOTE: 4 MB RAM (0 GB) is required!
Estimate model parameters (epsilon = 0.100)
1. Initial log-likelihood: -3730.737
Optimal log-likelihood: -3730.732
Gamma shape alpha: 1.418
Parameters optimization took 1 rounds (0.034 sec)
Computing ML distances based on estimated model parameters...
Computing ML distances took 0.184329 sec (of wall-clock time) 0.367788 sec(of CPU time)
Computing RapidNJ tree took 0.000971 sec (of wall-clock time) 0.000000 sec (of CPU time)
Log-likelihood of RapidNJ tree: -3759.961
--------------------------------------------------------------------
|             INITIALIZING CANDIDATE TREE SET                      |
--------------------------------------------------------------------
Generating 98 parsimony trees... 0.854 second
Computing log-likelihood of 98 initial trees ... 1.203 seconds
Current best score: -3721.155

Do NNI search on 20 best initial trees
Estimate model parameters (epsilon = 0.100)
BETTER TREE FOUND at iteration 1: -3710.879
Estimate model parameters (epsilon = 0.100)
BETTER TREE FOUND at iteration 2: -3703.142
Iteration 10 / LogL: -3723.874 / Time: 0h:0m:6s
Iteration 20 / LogL: -3712.698 / Time: 0h:0m:11s
Finish initializing candidate tree set (20)
Current best tree score: -3703.142 / CPU time: 10.818
Number of iterations: 20
--------------------------------------------------------------------
|               OPTIMIZING CANDIDATE TREE SET                      |
--------------------------------------------------------------------
Estimate model parameters (epsilon = 0.100)
BETTER TREE FOUND at iteration 24: -3701.324
Iteration 30 / LogL: -3708.951 / Time: 0h:0m:16s (0h:1m:47s left)
Estimate model parameters (epsilon = 0.100)
BETTER TREE FOUND at iteration 34: -3700.035
Estimate model parameters (epsilon = 0.100)
BETTER TREE FOUND at iteration 35: -3699.566
Estimate model parameters (epsilon = 0.100)
BETTER TREE FOUND at iteration 36: -3699.304
Iteration 40 / LogL: -3700.968 / Time: 0h:0m:21s (0h:1m:45s left)
Iteration 50 / LogL: -3700.603 / Time: 0h:0m:26s (0h:1m:39s left)
Log-likelihood cutoff on original alignment: -3746.877
BETTER TREE FOUND at iteration 53: -3699.296
Iteration 60 / LogL: -3700.561 / Time: 0h:0m:31s (0h:1m:42s left)
Iteration 70 / LogL: -3699.312 / Time: 0h:0m:36s (0h:1m:37s left)
Estimate model parameters (epsilon = 0.100)
BETTER TREE FOUND at iteration 75: -3699.027
Iteration 80 / LogL: -3700.060 / Time: 0h:0m:42s (0h:1m:43s left)
Estimate model parameters (epsilon = 0.100)
BETTER TREE FOUND at iteration 85: -3698.205
Iteration 90 / LogL: -3701.551 / Time: 0h:0m:46s (0h:1m:42s left)
BETTER TREE FOUND at iteration 95: -3698.204
Iteration 100 / LogL: -3700.297 / Time: 0h:0m:51s (0h:1m:41s left)
Log-likelihood cutoff on original alignment: -3746.877
NOTE: Bootstrap correlation coefficient of split occurrence frequencies: 0.985
NOTE: UFBoot does not converge, continue at least 100 more iterations
Estimate model parameters (epsilon = 0.100)
BETTER TREE FOUND at iteration 104: -3695.590
Iteration 110 / LogL: -3718.243 / Time: 0h:0m:56s (0h:1m:40s left)
Iteration 120 / LogL: -3700.145 / Time: 0h:1m:1s (0h:1m:35s left)
BETTER TREE FOUND at iteration 128: -3695.585
Iteration 130 / LogL: -3699.187 / Time: 0h:1m:6s (0h:1m:42s left)
Iteration 140 / LogL: -3710.407 / Time: 0h:1m:11s (0h:1m:37s left)
UPDATE BEST LOG-LIKELIHOOD: -3695.576
Iteration 150 / LogL: -3695.576 / Time: 0h:1m:16s (0h:1m:31s left)
Log-likelihood cutoff on original alignment: -3746.877
Iteration 160 / LogL: -3695.589 / Time: 0h:1m:22s (0h:1m:26s left)
Iteration 170 / LogL: -3695.577 / Time: 0h:1m:27s (0h:1m:21s left)
UPDATE BEST LOG-LIKELIHOOD: -3695.576
Iteration 180 / LogL: -3695.576 / Time: 0h:1m:32s (0h:1m:16s left)
Iteration 190 / LogL: -3695.590 / Time: 0h:1m:37s (0h:1m:11s left)
Iteration 200 / LogL: -3695.589 / Time: 0h:1m:42s (0h:1m:5s left)
Log-likelihood cutoff on original alignment: -3746.877
NOTE: Bootstrap correlation coefficient of split occurrence frequencies: 0.983
NOTE: UFBoot does not converge, continue at least 100 more iterations
Iteration 210 / LogL: -3697.670 / Time: 0h:1m:47s (0h:1m:0s left)
BETTER TREE FOUND at iteration 220: -3695.576
Iteration 220 / LogL: -3695.576 / Time: 0h:1m:52s (0h:1m:42s left)
Iteration 230 / LogL: -3697.891 / Time: 0h:1m:56s (0h:1m:36s left)
Iteration 240 / LogL: -3697.759 / Time: 0h:2m:1s (0h:1m:31s left)
BETTER TREE FOUND at iteration 246: -3695.576
Iteration 250 / LogL: -3697.420 / Time: 0h:2m:6s (0h:1m:39s left)
Log-likelihood cutoff on original alignment: -3746.877
Iteration 260 / LogL: -3695.578 / Time: 0h:2m:12s (0h:1m:34s left)
Iteration 270 / LogL: -3697.904 / Time: 0h:2m:17s (0h:1m:30s left)
Iteration 280 / LogL: -3706.300 / Time: 0h:2m:22s (0h:1m:24s left)
Iteration 290 / LogL: -3695.577 / Time: 0h:2m:27s (0h:1m:19s left)
Iteration 300 / LogL: -3700.481 / Time: 0h:2m:31s (0h:1m:14s left)
Log-likelihood cutoff on original alignment: -3746.877
NOTE: Bootstrap correlation coefficient of split occurrence frequencies: 0.996
Iteration 310 / LogL: -3700.489 / Time: 0h:2m:36s (0h:1m:9s left)
Iteration 320 / LogL: -3701.107 / Time: 0h:2m:41s (0h:1m:3s left)
Iteration 330 / LogL: -3702.381 / Time: 0h:2m:46s (0h:0m:58s left)
Iteration 340 / LogL: -3695.576 / Time: 0h:2m:51s (0h:0m:53s left)
Iteration 350 / LogL: -3695.590 / Time: 0h:2m:57s (0h:0m:48s left)
Log-likelihood cutoff on original alignment: -3746.877
Iteration 360 / LogL: -3743.304 / Time: 0h:3m:2s (0h:0m:43s left)
Iteration 370 / LogL: -3696.265 / Time: 0h:3m:6s (0h:0m:38s left)
Iteration 380 / LogL: -3695.590 / Time: 0h:3m:11s (0h:0m:33s left)
Iteration 390 / LogL: -3697.541 / Time: 0h:3m:16s (0h:0m:28s left)
Iteration 400 / LogL: -3695.585 / Time: 0h:3m:22s (0h:0m:23s left)
Log-likelihood cutoff on original alignment: -3746.877
NOTE: Bootstrap correlation coefficient of split occurrence frequencies: 0.997
Iteration 410 / LogL: -3697.838 / Time: 0h:3m:27s (0h:0m:45s left)
Iteration 420 / LogL: -3698.721 / Time: 0h:3m:32s (0h:0m:40s left)
Iteration 430 / LogL: -3695.577 / Time: 0h:3m:37s (0h:0m:35s left)
Iteration 440 / LogL: -3697.245 / Time: 0h:3m:42s (0h:0m:30s left)
TREE SEARCH COMPLETED AFTER 447 ITERATIONS / Time: 0h:3m:46s

--------------------------------------------------------------------
|                    FINALIZING TREE SEARCH                        |
--------------------------------------------------------------------
Performs final model parameters optimization
Estimate model parameters (epsilon = 0.010)
1. Initial log-likelihood: -3695.576
Optimal log-likelihood: -3695.576
Gamma shape alpha: 1.573
Parameters optimization took 1 rounds (0.034 sec)
BEST SCORE FOUND : -3695.576
Creating bootstrap support values...
Split supports printed to NEXUS file results_broccoli_meto/alignments_prefiltering/OG_13266.iqtree.splits.nex
Total tree length: 14.569

Total number of iterations: 447
CPU time used for tree search: 442.866 sec (0h:7m:22s)
Wall-clock time used for tree search: 225.497 sec (0h:3m:45s)
Total CPU time used: 444.261 sec (0h:7m:24s)
Total wall-clock time used: 226.334 sec (0h:3m:46s)

Computing bootstrap consensus tree...
Reading input file results_broccoli_meto/alignments_prefiltering/OG_13266.iqtree.splits.nex...
67 taxa and 1302 splits.
Consensus tree written to results_broccoli_meto/alignments_prefiltering/OG_13266.iqtree.contree
Reading input trees file results_broccoli_meto/alignments_prefiltering/OG_13266.iqtree.contree
Log-likelihood of consensus tree: -3695.790

Analysis results written to: 
  IQ-TREE report:                results_broccoli_meto/alignments_prefiltering/OG_13266.iqtree.iqtree
  Maximum-likelihood tree:       results_broccoli_meto/alignments_prefiltering/OG_13266.iqtree.treefile
  Likelihood distances:          results_broccoli_meto/alignments_prefiltering/OG_13266.iqtree.mldist

Ultrafast bootstrap approximation results written to:
  Split support values:          results_broccoli_meto/alignments_prefiltering/OG_13266.iqtree.splits.nex
  Consensus tree:                results_broccoli_meto/alignments_prefiltering/OG_13266.iqtree.contree
  Screen log file:               results_broccoli_meto/alignments_prefiltering/OG_13266.iqtree.log

Date and Time: Tue Dec 13 12:11:55 2022
