IQ-TREE multicore version 2.1.0 for Linux 64-bit built Jul 18 2020
Developed by Bui Quang Minh, James Barbetti, Nguyen Lam Tung,
Olga Chernomor, Heiko Schmidt, Dominik Schrempf, Michael Woodhams.

Host:    node-hp0310.linux.crg.es (AVX, 125 GB RAM)
Command: /users/asebe/xgraubove/Programes/iqtree-2.1.0-Linux/bin/iqtree2 -s results_broccoli_meto/alignments_prefiltering/OG_1793.lt.fasta -m TEST -mset LG,WAG,JTT -nt AUTO -ntmax 2 -bb 1000 -pre results_broccoli_meto/alignments_prefiltering/OG_1793.iqtree -nm 10000 -nstop 200 -cptime 1800
Seed:    764055 (Using SPRNG - Scalable Parallel Random Number Generator)
Time:    Tue Dec 13 00:12:32 2022
Kernel:  AVX - auto-detect threads (2 CPU cores detected)

Reading alignment file results_broccoli_meto/alignments_prefiltering/OG_1793.lt.fasta ... Fasta format detected
Alignment most likely contains protein sequences
Alignment has 79 sequences with 505 columns, 474 distinct patterns
388 parsimony-informative, 0 singleton sites, 117 constant sites
                                                             Gap/Ambiguity  Composition  p-value
   1  Lcom_lcpid118008                                              59.01%    failed      3.93%
   2  Acagra_model.g4312.t1                                          0.00%    passed     99.77%
   3  Cgig_XM_011432860.3                                            0.99%    passed     99.91%
   4  Ctel_gnl_WGS_AMQN_CAPTEDRAFT_mRNA170344                        1.39%    passed     90.41%
   5  Lcom_lcpid241781                                              82.57%    passed     89.81%
   6  Tcas_TC001563_001                                              1.19%    passed     99.87%
   7  Dpul_mRNA29468                                                 0.59%    passed     86.85%
   8  Lcom_lcpid182184                                              72.48%    passed     44.42%
   9  Sanmal_Sma_010762-T1                                          54.65%    passed     21.95%
  10  Rhoesc_Res_000115-T1                                           0.59%    passed    100.00%
  11  Nemnom_g16224.t1                                               0.00%    passed    100.00%
  12  Morvir_scaffold147.g25.t1                                      0.00%    passed     98.69%
  13  Chem_TCONS_00023298                                           62.18%    passed      9.09%
  14  Hvul_g33648_1                                                  0.20%    passed     99.04%
  15  Adig_XM_015910227.1                                           40.99%    passed     11.84%
  16  Gfas_gfas1.m1.5285.m1                                          0.00%    passed    100.00%
  17  Spis_XP_022797114_1                                            0.00%    passed     99.98%
  18  Pocdam_XM_027204760.1                                          0.00%    passed     99.96%
  19  Fspp_ffun1.m4.21173.m1                                        12.48%    passed     99.98%
  20  Gasp_gasp1.m3.16161.m1                                         0.00%    passed    100.00%
  21  Amil_Amillepora06626-RA                                        9.90%    passed     99.76%
  22  Nvec_v1g188125                                                 0.00%    passed     99.75%
  23  Exapal_XM_021054333.2                                          0.59%    passed     98.13%
  24  Skow_XM_006819313.1                                            8.91%    passed     93.54%
  25  Hsap_ENST00000371142                                           0.00%    passed     99.70%
  26  Cscu_XM_023361218.1                                            1.78%    passed     99.93%
  27  Spur_XM_780108.5                                               0.20%    passed     99.74%
  28  Bralan_BLAG15000500_1                                          0.20%    passed     99.87%
  29  Dgig_XM_028548145.1                                            0.79%    passed     99.95%
  30  Xesp_015854-T1                                                 0.99%    passed     97.45%
  31  Opea_EP00118_Oscarella_pearsei_P003395                         0.00%    passed    100.00%
  32  Ocar_g1531                                                     0.59%    passed    100.00%
  33  Plajan_Pjan_scaffold21052_01                                   0.59%    passed     98.71%
  34  Clacor_Ccor_scaffold15317_01                                  46.34%    failed      1.45%
  35  Lcom_lcpid54180                                                0.20%    passed     99.99%
  36  Gracom_Gcom_C554212_01                                         0.40%    passed     99.98%
  37  Leuniv_Lniv_scaffold7396_01                                    0.79%    passed     99.91%
  38  HoiH23_PlH23_007650-RA                                         0.00%    passed     99.48%
  39  HoiH06_mRNA2315                                                3.37%    passed     99.84%
  40  Hhon_g09019.t1                                                20.00%    passed     79.45%
  41  HoiH04_mRNA3770                                                2.38%    passed     96.35%
  42  TrH2_TrispH2_007343-RA                                         2.77%    passed     99.66%
  43  Tadh_TriadT29152                                               0.20%    passed     99.32%
  44  Stycar_maker-SC_scaffold6783-snap-gene-0.23-mRNA-1            17.62%    passed     88.00%
  45  Clacor_Ccor_scaffold7929_01                                   46.73%    passed     10.45%
  46  Emue_Em0021g559a.t1                                            0.00%    passed     95.09%
  47  Spolac_c102943_g1_i1_m.31758c102943-g1                         0.00%    passed     98.00%
  48  Spolac_c102943_g1_i2_m.31759c102943-g1                        65.54%    passed     34.42%
  49  Bolinf_Binf_sb1239854                                         64.75%    failed      1.80%
  50  Mlei_ML0760.g13.i1                                             1.58%    passed     99.99%
  51  Vmul_sbMO415324                                               67.33%    failed      3.46%
  52  Beraby_Baby_sb345835                                           3.56%    passed     99.81%
  53  Lampan_Lpan_11650_01                                           1.58%    passed     98.39%
  54  Eupdun_Edun_sb10650828                                        54.06%    failed      3.22%
  55  Pbac_sb2640019                                                16.04%    passed     99.82%
  56  Horcal_Hcv1.av93.c9.g725.i1                                    0.99%    passed     99.93%
  57  Drygla_Dgla_sb303448                                          47.13%    failed      0.12%
  58  Drygla_Dgla_sb303446                                           4.95%    passed     83.59%
  59  Vmul_sbMO450929                                                1.19%    passed     59.52%
  60  Coemet_Cmet_scaffold10348_01                                   0.40%    passed     94.45%
  61  Eupdun_Edun_sb10650837                                        60.59%    passed     65.83%
  62  Eupdun_Edun_sb10650842                                        71.68%    passed     10.84%
  63  Eupdun_Edun_sb10650830                                        66.93%    failed      2.23%
  64  Eupdun_Edun_sb10650832                                        46.14%    passed     44.86%
  65  Eupdun_Edun_sb10650836                                        57.23%    passed     11.81%
  66  Eupdun_Edun_sb10650840                                        70.89%    passed     16.91%
  67  Plespi_Pspi_C610976_01                                         0.00%    passed     99.39%
  68  Lcom_lcpid173427                                              69.31%    failed      0.33%
  69  Chem_TCONS_00045131                                           82.57%    passed     93.25%
  70  Aaur_scaffold373.g11.t2                                        8.51%    passed     99.83%
  71  Sanmal_Sma_010763-T1                                          50.69%    passed     17.40%
  72  Chem_TCONS_00023299                                           67.72%    passed     21.06%
  73  Lcom_lcpid251412                                              82.38%    passed     24.66%
  74  Tetwil_g5047.t2                                                8.71%    passed     94.30%
  75  Lcom_lcpid249521                                              80.79%    failed      1.27%
  76  Aque_Aqu2.1.06588_001                                         70.69%    passed     32.05%
  77  Aque_Aqu2.1.30434_001                                         26.34%    passed     37.65%
  78  Clacor_Ccor_C509029_01                                        73.47%    passed     28.54%
  79  Xestes_snap_masked-XT_scaffold161-processed-gene-0.7-mRNA-1   70.50%    passed     37.53%
WARNING: 23 sequences contain more than 50% gaps/ambiguity
****  TOTAL                                                         24.67%  9 sequences failed composition chi2 test (p-value<5%; df=19)


Create initial parsimony tree by phylogenetic likelihood library (PLL)... 0.024 seconds
Measuring multi-threading efficiency up to 2 CPU cores
Increase to 10 rounds for branch lengths
3 trees examined
Threads: 1 / Time: 2.869 sec / Speedup: 1.000 / Efficiency: 100% / LogL: -31032
Threads: 2 / Time: 1.506 sec / Speedup: 1.904 / Efficiency: 95% / LogL: -31032
BEST NUMBER OF THREADS: 2

Perform fast likelihood tree search using LG+I+G model...
Estimate model parameters (epsilon = 5.000)
Perform nearest neighbor interchange...
Estimate model parameters (epsilon = 1.000)
1. Initial log-likelihood: -20867.980
Optimal log-likelihood: -20867.473
Proportion of invariable sites: 0.204
Gamma shape alpha: 0.918
Parameters optimization took 1 rounds (0.348 sec)
Time for fast ML tree search: 2.875 seconds

NOTE: ModelFinder requires 26 MB RAM!
ModelFinder will test up to 24 protein models (sample size: 505) ...
 No. Model         -LnL         df  AIC          AICc         BIC
  1  LG            22921.818    155 46153.637    46292.204    46808.443
  2  LG+I          22146.003    156 44604.006    44744.764    45263.037
  3  LG+G4         20913.006    156 42138.012    42278.770    42797.043
  4  LG+I+G4       20867.476    157 42048.951    42191.926    42712.207
  8  LG+F+I+G4     20825.608    176 42003.215    42193.167    42746.738
 12  WAG+I+G4      21017.154    157 42348.308    42491.283    43011.564
 16  WAG+F+I+G4    20924.796    176 42201.591    42391.542    42945.114
 20  JTT+I+G4      21009.200    157 42332.400    42475.374    42995.655
 24  JTT+F+I+G4    20921.711    176 42195.422    42385.373    42938.944
Akaike Information Criterion:           LG+F+I+G4
Corrected Akaike Information Criterion: LG+I+G4
Bayesian Information Criterion:         LG+I+G4
Best-fit model: LG+I+G4 chosen according to BIC

All model information printed to results_broccoli_meto/alignments_prefiltering/OG_1793.iqtree.model.gz
CPU time for ModelFinder: 24.119 seconds (0h:0m:24s)
Wall-clock time for ModelFinder: 13.523 seconds (0h:0m:13s)
Generating 1000 samples for ultrafast bootstrap (seed: 764055)...

NOTE: 26 MB RAM (0 GB) is required!
Estimate model parameters (epsilon = 0.100)
Thoroughly optimizing +I+G parameters from 10 start values...
Init pinv, alpha: 0.000, 0.922 / Estimate: 0.000, 0.533 / LogL: -20913.060
Init pinv, alpha: 0.026, 0.922 / Estimate: 0.206, 0.921 / LogL: -20867.455
Init pinv, alpha: 0.051, 0.922 / Estimate: 0.205, 0.922 / LogL: -20867.469
Init pinv, alpha: 0.077, 0.922 / Estimate: 0.206, 0.921 / LogL: -20867.450
Init pinv, alpha: 0.103, 0.922 / Estimate: 0.205, 0.922 / LogL: -20867.468
Init pinv, alpha: 0.129, 0.922 / Estimate: 0.206, 0.922 / LogL: -20867.455
Init pinv, alpha: 0.154, 0.922 / Estimate: 0.205, 0.921 / LogL: -20867.465
Init pinv, alpha: 0.180, 0.922 / Estimate: 0.206, 0.922 / LogL: -20867.456
Init pinv, alpha: 0.206, 0.922 / Estimate: 0.206, 0.921 / LogL: -20867.435
Init pinv, alpha: 0.232, 0.922 / Estimate: 0.207, 0.917 / LogL: -20867.425
Optimal pinv,alpha: 0.207, 0.917 / LogL: -20867.425

Parameters optimization took 11.694 sec
Computing ML distances based on estimated model parameters...
Computing ML distances took 0.329000 sec (of wall-clock time) 0.656415 sec(of CPU time)
WARNING: Some pairwise ML distances are too long (saturated)
Computing RapidNJ tree took 0.000977 sec (of wall-clock time) 0.001934 sec (of CPU time)
Log-likelihood of RapidNJ tree: -21891.033
--------------------------------------------------------------------
|             INITIALIZING CANDIDATE TREE SET                      |
--------------------------------------------------------------------
Generating 98 parsimony trees... 2.932 second
Computing log-likelihood of 98 initial trees ... 6.053 seconds
Current best score: -20763.118

Do NNI search on 20 best initial trees
Estimate model parameters (epsilon = 0.100)
BETTER TREE FOUND at iteration 1: -20649.389
Iteration 10 / LogL: -20669.466 / Time: 0h:0m:46s
Estimate model parameters (epsilon = 0.100)
BETTER TREE FOUND at iteration 18: -20648.418
Iteration 20 / LogL: -20666.692 / Time: 0h:1m:12s
Finish initializing candidate tree set (20)
Current best tree score: -20648.418 / CPU time: 59.362
Number of iterations: 20
--------------------------------------------------------------------
|               OPTIMIZING CANDIDATE TREE SET                      |
--------------------------------------------------------------------
Estimate model parameters (epsilon = 0.100)
BETTER TREE FOUND at iteration 26: -20645.968
Iteration 30 / LogL: -20652.539 / Time: 0h:1m:31s (0h:10m:19s left)
Estimate model parameters (epsilon = 0.100)
BETTER TREE FOUND at iteration 33: -20645.832
Estimate model parameters (epsilon = 0.100)
BETTER TREE FOUND at iteration 36: -20645.107
Iteration 40 / LogL: -20646.807 / Time: 0h:1m:50s (0h:9m:13s left)
Iteration 50 / LogL: -20651.366 / Time: 0h:2m:10s (0h:8m:14s left)
Log-likelihood cutoff on original alignment: -20716.036
Iteration 60 / LogL: -20645.181 / Time: 0h:2m:28s (0h:7m:24s left)
Estimate model parameters (epsilon = 0.100)
BETTER TREE FOUND at iteration 62: -20644.582
Iteration 70 / LogL: -20647.922 / Time: 0h:2m:48s (0h:7m:47s left)
Iteration 80 / LogL: -20648.396 / Time: 0h:3m:7s (0h:7m:12s left)
Estimate model parameters (epsilon = 0.100)
BETTER TREE FOUND at iteration 89: -20644.153
Iteration 90 / LogL: -20645.334 / Time: 0h:3m:26s (0h:7m:42s left)
Iteration 100 / LogL: -20651.759 / Time: 0h:3m:45s (0h:7m:9s left)
Log-likelihood cutoff on original alignment: -20716.036
NOTE: Bootstrap correlation coefficient of split occurrence frequencies: 0.996
Estimate model parameters (epsilon = 0.100)
BETTER TREE FOUND at iteration 102: -20639.783
UPDATE BEST LOG-LIKELIHOOD: -20639.783
Iteration 110 / LogL: -20646.367 / Time: 0h:4m:5s (0h:7m:12s left)
UPDATE BEST LOG-LIKELIHOOD: -20639.783
Iteration 120 / LogL: -20644.964 / Time: 0h:4m:25s (0h:6m:45s left)
Iteration 130 / LogL: -20644.157 / Time: 0h:4m:43s (0h:6m:18s left)
Iteration 140 / LogL: -20641.962 / Time: 0h:5m:2s (0h:5m:52s left)
Iteration 150 / LogL: -20644.214 / Time: 0h:5m:21s (0h:5m:27s left)
Log-likelihood cutoff on original alignment: -20716.036
Iteration 160 / LogL: -20651.103 / Time: 0h:5m:40s (0h:5m:4s left)
Iteration 170 / LogL: -20644.605 / Time: 0h:5m:58s (0h:4m:39s left)
Iteration 180 / LogL: -20647.665 / Time: 0h:6m:14s (0h:4m:15s left)
Iteration 190 / LogL: -20647.387 / Time: 0h:6m:32s (0h:3m:52s left)
Iteration 200 / LogL: -20639.783 / Time: 0h:6m:50s (0h:3m:30s left)
Log-likelihood cutoff on original alignment: -20716.036
NOTE: Bootstrap correlation coefficient of split occurrence frequencies: 0.987
NOTE: UFBoot does not converge, continue at least 100 more iterations
Iteration 210 / LogL: -20641.110 / Time: 0h:7m:8s (0h:3m:8s left)
Iteration 220 / LogL: -20642.362 / Time: 0h:7m:27s (0h:2m:47s left)
Iteration 230 / LogL: -20646.923 / Time: 0h:7m:47s (0h:2m:26s left)
Iteration 240 / LogL: -20641.111 / Time: 0h:8m:5s (0h:2m:5s left)
Iteration 250 / LogL: -20640.303 / Time: 0h:8m:23s (0h:1m:45s left)
Log-likelihood cutoff on original alignment: -20716.036
Iteration 260 / LogL: -20642.845 / Time: 0h:8m:41s (0h:1m:24s left)
Iteration 270 / LogL: -20639.783 / Time: 0h:8m:58s (0h:1m:4s left)
UPDATE BEST LOG-LIKELIHOOD: -20639.783
Iteration 280 / LogL: -20639.805 / Time: 0h:9m:17s (0h:0m:43s left)
Iteration 290 / LogL: -20639.786 / Time: 0h:9m:33s (0h:0m:23s left)
Iteration 300 / LogL: -20639.801 / Time: 0h:9m:52s (0h:0m:3s left)
Log-likelihood cutoff on original alignment: -20716.036
NOTE: Bootstrap correlation coefficient of split occurrence frequencies: 0.996
TREE SEARCH COMPLETED AFTER 303 ITERATIONS / Time: 0h:9m:57s

--------------------------------------------------------------------
|                    FINALIZING TREE SEARCH                        |
--------------------------------------------------------------------
Performs final model parameters optimization
Estimate model parameters (epsilon = 0.010)
1. Initial log-likelihood: -20639.783
Optimal log-likelihood: -20639.782
Proportion of invariable sites: 0.206
Gamma shape alpha: 0.871
Parameters optimization took 1 rounds (0.200 sec)
BEST SCORE FOUND : -20639.782
Creating bootstrap support values...
Split supports printed to NEXUS file results_broccoli_meto/alignments_prefiltering/OG_1793.iqtree.splits.nex
Total tree length: 22.502

Total number of iterations: 303
CPU time used for tree search: 1163.850 sec (0h:19m:23s)
Wall-clock time used for tree search: 584.889 sec (0h:9m:44s)
Total CPU time used: 1190.449 sec (0h:19m:50s)
Total wall-clock time used: 598.404 sec (0h:9m:58s)

Computing bootstrap consensus tree...
Reading input file results_broccoli_meto/alignments_prefiltering/OG_1793.iqtree.splits.nex...
79 taxa and 615 splits.
Consensus tree written to results_broccoli_meto/alignments_prefiltering/OG_1793.iqtree.contree
Reading input trees file results_broccoli_meto/alignments_prefiltering/OG_1793.iqtree.contree
Log-likelihood of consensus tree: -20640.462

Analysis results written to: 
  IQ-TREE report:                results_broccoli_meto/alignments_prefiltering/OG_1793.iqtree.iqtree
  Maximum-likelihood tree:       results_broccoli_meto/alignments_prefiltering/OG_1793.iqtree.treefile
  Likelihood distances:          results_broccoli_meto/alignments_prefiltering/OG_1793.iqtree.mldist

Ultrafast bootstrap approximation results written to:
  Split support values:          results_broccoli_meto/alignments_prefiltering/OG_1793.iqtree.splits.nex
  Consensus tree:                results_broccoli_meto/alignments_prefiltering/OG_1793.iqtree.contree
  Screen log file:               results_broccoli_meto/alignments_prefiltering/OG_1793.iqtree.log

Date and Time: Tue Dec 13 00:22:45 2022
