IQ-TREE multicore version 2.1.0 for Linux 64-bit built Jul 18 2020
Developed by Bui Quang Minh, James Barbetti, Nguyen Lam Tung,
Olga Chernomor, Heiko Schmidt, Dominik Schrempf, Michael Woodhams.

Host:    node-hp0207.linux.crg.es (AVX, 125 GB RAM)
Command: /users/asebe/xgraubove/Programes/iqtree-2.1.0-Linux/bin/iqtree2 -s results_broccoli_meto/alignments_prefiltering/OG_12214.lt.fasta -m TEST -mset LG,WAG,JTT -nt AUTO -ntmax 2 -bb 1000 -pre results_broccoli_meto/alignments_prefiltering/OG_12214.iqtree -nm 10000 -nstop 200 -cptime 1800
Seed:    782465 (Using SPRNG - Scalable Parallel Random Number Generator)
Time:    Mon Dec 12 14:58:36 2022
Kernel:  AVX - auto-detect threads (2 CPU cores detected)

Reading alignment file results_broccoli_meto/alignments_prefiltering/OG_12214.lt.fasta ... Fasta format detected
Alignment most likely contains protein sequences
Alignment has 56 sequences with 341 columns, 341 distinct patterns
339 parsimony-informative, 0 singleton sites, 2 constant sites
                                                       Gap/Ambiguity  Composition  p-value
   1  Tadh_TriadT52333                                        47.21%    passed     88.53%
   2  TrH2_TrispH2_007024-RA                                  11.44%    passed     64.33%
   3  HoiH23_PlH23_000849-RA                                  12.02%    passed     25.38%
   4  HoiH06_mRNA8801                                         27.27%    passed     42.45%
   5  Hhon_g04034.t1                                           4.40%    passed     44.21%
   6  HoiH04_mRNA7758                                          4.40%    passed     20.79%
   7  Tadh_TriadT52334                                        71.55%    passed     42.80%
   8  Spolac_c98409_g1_i1_m.17116c98409-g1                    26.69%    passed     93.02%
   9  Spolac_c98409_g1_i2_m.17117c98409-g1                    10.56%    passed     75.04%
  10  Spolac_c98409_g1_i6_m.17119c98409-g1                     3.52%    passed     79.31%
  11  Emue_Em0019g710a.t1                                      4.69%    passed     57.32%
  12  Stycar_maker-SC_scaffold852-augustus-gene-0.21-mRNA-1   65.10%    failed      2.07%
  13  Bralan_BLAG19000760_1                                    0.88%    failed      0.38%
  14  Spis_XP_022786944_1                                      1.47%    passed     90.61%
  15  Pocdam_XM_027197518.1                                    1.47%    passed     92.25%
  16  Gasp_gasp1.m3.9209.m1                                    1.47%    passed     65.38%
  17  Fspp_ffun1.m4.21139.m1                                   1.17%    passed     92.99%
  18  Gfas_gfas1.m1.127.m1                                     1.47%    passed     95.72%
  19  Dgig_XM_028552601.1                                      4.69%    passed     47.05%
  20  Xesp_015629-T1                                           4.69%    passed     16.93%
  21  Xesp_015632-T1                                          10.56%    passed      7.36%
  22  Skow_XM_006818853.1                                      1.76%    passed     81.28%
  23  Cscu_XM_023355878.1                                     77.13%    passed      6.48%
  24  Tcas_TC000231_002                                        2.35%    passed     59.99%
  25  Acagra_model.g27444.t1.1.5d3b8bef                        0.88%    passed     75.41%
  26  Spur_XM_779869.4                                         1.17%    passed     87.50%
  27  Exapal_XM_021060858.2                                    7.62%    passed     98.03%
  28  Hsap_ENST00000531072                                     4.69%    failed      0.00%
  29  Leuniv_Lniv_scaffold22363_01                            52.79%    failed      3.10%
  30  Scil_scict019652.1                                      52.20%    failed      1.98%
  31  Leuniv_Lniv_scaffold5487_01                             52.79%    failed      1.51%
  32  Leuniv_Lniv_scaffold5486_01                             65.10%    passed      9.18%
  33  Gracom_Gcom_C559196_01                                   2.93%    failed      0.00%
  34  Scil_scict003947.1                                      66.86%    passed      6.57%
  35  Clacor_Ccor_scaffold13975_01                             4.99%    passed     11.87%
  36  Nvec_v1g14682                                            7.04%    passed     92.35%
  37  Lcom_lcpid90257                                         17.60%    failed      1.52%
  38  Cgig_XM_034466308.1                                      2.35%    passed     68.04%
  39  Opea_EP00118_Oscarella_pearsei_P017537                  65.69%    passed     12.41%
  40  Opea_EP00118_Oscarella_pearsei_P017539                   3.81%    passed     60.65%
  41  Plajan_Pjan_scaffold20287_01                            48.39%    passed     37.52%
  42  Sanmal_Sma_024821-T1                                     2.05%    passed     84.34%
  43  Sanmal_Sma_026426-T1                                     2.05%    passed     82.16%
  44  Aaur_scaffold3025.g3.t1                                  4.40%    passed     31.79%
  45  Nemnom_g18243.t1                                         4.99%    passed     52.45%
  46  Rhoesc_Res_010580-T1                                     4.99%    failed      4.91%
  47  Ctel_gnl_WGS_AMQN_CAPTEDRAFT_mRNA145958                 13.49%    passed     89.26%
  48  Cscu_XM_023353934.1                                     53.08%    passed     45.31%
  49  Stycar_maker-SC_scaffold852-snap-gene-0.25-mRNA-1       62.76%    passed     28.26%
  50  Chem_TCONS_00020044                                      7.04%    failed      0.55%
  51  Hvul_g21142_1                                            3.81%    failed      1.14%
  52  Eupdun_Edun_sb10634473                                  13.78%    failed      1.03%
  53  Lampan_Lpan_C405243_01                                  16.72%    failed      0.25%
  54  Coemet_Cmet_scaffold19801_01                            17.30%    failed      1.39%
  55  Coeast_Cast_sb772259                                    30.21%    failed      0.16%
  56  Horcal_Hcv1.av93.c7.g36.i1                              17.60%    passed     35.23%
WARNING: 11 sequences contain more than 50% gaps/ambiguity
****  TOTAL                                                   19.81%  15 sequences failed composition chi2 test (p-value<5%; df=19)


Create initial parsimony tree by phylogenetic likelihood library (PLL)... 0.030 seconds
Measuring multi-threading efficiency up to 2 CPU cores
Increase to 10 rounds for branch lengths
4 trees examined
Threads: 1 / Time: 2.134 sec / Speedup: 1.000 / Efficiency: 100% / LogL: -32459
Threads: 2 / Time: 2.140 sec / Speedup: 0.997 / Efficiency: 50% / LogL: -32459
BEST NUMBER OF THREADS: 1

Perform fast likelihood tree search using LG+I+G model...
Estimate model parameters (epsilon = 5.000)
Perform nearest neighbor interchange...
Estimate model parameters (epsilon = 1.000)
1. Initial log-likelihood: -25193.217
Optimal log-likelihood: -25193.179
Proportion of invariable sites: 0.006
Gamma shape alpha: 1.676
Parameters optimization took 1 rounds (0.202 sec)
Time for fast ML tree search: 2.226 seconds

NOTE: ModelFinder requires 13 MB RAM!
ModelFinder will test up to 24 protein models (sample size: 341) ...
 No. Model         -LnL         df  AIC          AICc         BIC
  1  LG            25900.142    109 52018.285    52122.094    52435.960
  2  LG+I          25867.583    110 51955.165    52061.339    52376.672
  3  LG+G4         25198.136    110 50616.271    50722.445    51037.778
  4  LG+I+G4       25193.217    111 50608.435    50717.011    51033.774
  7  LG+F+G4       25108.758    129 50475.516    50634.473    50969.829
  8  LG+F+I+G4     25104.367    130 50468.734    50630.924    50966.878
 11  WAG+G4        25301.327    110 50822.655    50928.829    51244.162
 12  WAG+I+G4      25294.704    111 50811.408    50919.985    51236.747
 15  WAG+F+G4      25175.608    129 50609.217    50768.174    51103.529
 16  WAG+F+I+G4    25169.813    130 50599.626    50761.816    51097.771
 19  JTT+G4        25303.572    110 50827.143    50933.317    51248.650
 20  JTT+I+G4      25296.544    111 50815.088    50923.664    51240.427
 23  JTT+F+G4      25172.017    129 50602.033    50760.991    51096.346
 24  JTT+F+I+G4    25165.524    130 50591.048    50753.238    51089.193
Akaike Information Criterion:           LG+F+I+G4
Corrected Akaike Information Criterion: LG+F+I+G4
Bayesian Information Criterion:         LG+F+I+G4
Best-fit model: LG+F+I+G4 chosen according to BIC

All model information printed to results_broccoli_meto/alignments_prefiltering/OG_12214.iqtree.model.gz
CPU time for ModelFinder: 17.980 seconds (0h:0m:17s)
Wall-clock time for ModelFinder: 15.602 seconds (0h:0m:15s)
Generating 1000 samples for ultrafast bootstrap (seed: 782465)...

NOTE: 13 MB RAM (0 GB) is required!
Estimate model parameters (epsilon = 0.100)
Thoroughly optimizing +I+G parameters from 10 start values...
Init pinv, alpha: 0.000, 1.638 / Estimate: 0.006, 1.638 / LogL: -25104.361
Init pinv, alpha: 0.001, 1.638 / Estimate: 0.006, 1.635 / LogL: -25104.361
Init pinv, alpha: 0.001, 1.638 / Estimate: 0.006, 1.636 / LogL: -25104.360
Init pinv, alpha: 0.002, 1.638 / Estimate: 0.006, 1.636 / LogL: -25104.360
Init pinv, alpha: 0.003, 1.638 / Estimate: 0.006, 1.637 / LogL: -25104.359
Init pinv, alpha: 0.003, 1.638 / Estimate: 0.006, 1.637 / LogL: -25104.359
Init pinv, alpha: 0.004, 1.638 / Estimate: 0.006, 1.637 / LogL: -25104.359
Init pinv, alpha: 0.005, 1.638 / Estimate: 0.006, 1.636 / LogL: -25104.360
Init pinv, alpha: 0.005, 1.638 / Estimate: 0.006, 1.636 / LogL: -25104.359
Init pinv, alpha: 0.006, 1.638 / Estimate: 0.006, 1.636 / LogL: -25104.359
Optimal pinv,alpha: 0.006, 1.637 / LogL: -25104.359

Parameters optimization took 3.935 sec
Computing ML distances based on estimated model parameters...
Computing ML distances took 0.470689 sec (of wall-clock time) 0.470155 sec(of CPU time)
WARNING: Some pairwise ML distances are too long (saturated)
Computing RapidNJ tree took 0.000333 sec (of wall-clock time) 0.000393 sec (of CPU time)
Log-likelihood of RapidNJ tree: -25261.055
--------------------------------------------------------------------
|             INITIALIZING CANDIDATE TREE SET                      |
--------------------------------------------------------------------
Generating 98 parsimony trees... 1.638 second
Computing log-likelihood of 98 initial trees ... 6.095 seconds
Current best score: -25104.359

Do NNI search on 20 best initial trees
Estimate model parameters (epsilon = 0.100)
BETTER TREE FOUND at iteration 1: -25102.518
Estimate model parameters (epsilon = 0.100)
BETTER TREE FOUND at iteration 2: -25063.564
Estimate model parameters (epsilon = 0.100)
BETTER TREE FOUND at iteration 8: -25058.083
Iteration 10 / LogL: -25087.951 / Time: 0h:0m:27s
Iteration 20 / LogL: -25085.152 / Time: 0h:0m:42s
Finish initializing candidate tree set (19)
Current best tree score: -25058.083 / CPU time: 37.321
Number of iterations: 20
--------------------------------------------------------------------
|               OPTIMIZING CANDIDATE TREE SET                      |
--------------------------------------------------------------------
Iteration 30 / LogL: -25061.601 / Time: 0h:0m:57s (0h:5m:51s left)
Estimate model parameters (epsilon = 0.100)
BETTER TREE FOUND at iteration 35: -25057.743
Iteration 40 / LogL: -25058.243 / Time: 0h:1m:12s (0h:6m:2s left)
BETTER TREE FOUND at iteration 48: -25057.735
Iteration 50 / LogL: -25059.767 / Time: 0h:1m:26s (0h:5m:51s left)
Log-likelihood cutoff on original alignment: -25124.463
Iteration 60 / LogL: -25057.901 / Time: 0h:1m:42s (0h:5m:27s left)
Iteration 70 / LogL: -25058.493 / Time: 0h:1m:57s (0h:5m:2s left)
Estimate model parameters (epsilon = 0.100)
UPDATE BEST LOG-LIKELIHOOD: -25057.666
Iteration 80 / LogL: -25061.924 / Time: 0h:2m:14s (0h:4m:45s left)
Iteration 90 / LogL: -25057.943 / Time: 0h:2m:27s (0h:4m:22s left)
Iteration 100 / LogL: -25057.698 / Time: 0h:2m:42s (0h:4m:2s left)
Log-likelihood cutoff on original alignment: -25124.463
NOTE: Bootstrap correlation coefficient of split occurrence frequencies: 0.998
Estimate model parameters (epsilon = 0.100)
UPDATE BEST LOG-LIKELIHOOD: -25057.475
Iteration 110 / LogL: -25057.475 / Time: 0h:2m:57s (0h:3m:45s left)
BETTER TREE FOUND at iteration 116: -25057.474
Iteration 120 / LogL: -25060.544 / Time: 0h:3m:14s (0h:5m:19s left)
Estimate model parameters (epsilon = 0.100)
UPDATE BEST LOG-LIKELIHOOD: -25057.399
Iteration 130 / LogL: -25057.399 / Time: 0h:3m:29s (0h:5m:2s left)
Iteration 140 / LogL: -25058.492 / Time: 0h:3m:44s (0h:4m:44s left)
Iteration 150 / LogL: -25057.860 / Time: 0h:4m:0s (0h:4m:28s left)
Log-likelihood cutoff on original alignment: -25124.463
Iteration 160 / LogL: -25058.340 / Time: 0h:4m:15s (0h:4m:11s left)
Iteration 170 / LogL: -25057.630 / Time: 0h:4m:29s (0h:3m:52s left)
Iteration 180 / LogL: -25057.604 / Time: 0h:4m:45s (0h:3m:37s left)
Iteration 190 / LogL: -25060.326 / Time: 0h:5m:0s (0h:3m:20s left)
UPDATE BEST LOG-LIKELIHOOD: -25057.396
Iteration 200 / LogL: -25058.229 / Time: 0h:5m:14s (0h:3m:3s left)
Log-likelihood cutoff on original alignment: -25124.463
NOTE: Bootstrap correlation coefficient of split occurrence frequencies: 0.999
Iteration 210 / LogL: -25057.559 / Time: 0h:5m:28s (0h:2m:46s left)
Iteration 220 / LogL: -25058.659 / Time: 0h:5m:42s (0h:2m:30s left)
Iteration 230 / LogL: -25057.584 / Time: 0h:5m:58s (0h:2m:14s left)
Iteration 240 / LogL: -25057.781 / Time: 0h:6m:13s (0h:1m:58s left)
Iteration 250 / LogL: -25057.639 / Time: 0h:6m:27s (0h:1m:42s left)
Log-likelihood cutoff on original alignment: -25124.463
Iteration 260 / LogL: -25058.214 / Time: 0h:6m:43s (0h:1m:27s left)
Iteration 270 / LogL: -25058.309 / Time: 0h:6m:57s (0h:1m:11s left)
Iteration 280 / LogL: -25058.257 / Time: 0h:7m:12s (0h:0m:55s left)
Iteration 290 / LogL: -25062.251 / Time: 0h:7m:29s (0h:0m:40s left)
Iteration 300 / LogL: -25060.051 / Time: 0h:7m:42s (0h:0m:24s left)
Log-likelihood cutoff on original alignment: -25124.463
NOTE: Bootstrap correlation coefficient of split occurrence frequencies: 0.999
Iteration 310 / LogL: -25057.861 / Time: 0h:7m:57s (0h:2m:19s left)
TREE SEARCH COMPLETED AFTER 317 ITERATIONS / Time: 0h:8m:7s

--------------------------------------------------------------------
|                    FINALIZING TREE SEARCH                        |
--------------------------------------------------------------------
Performs final model parameters optimization
Estimate model parameters (epsilon = 0.010)
1. Initial log-likelihood: -25057.396
Optimal log-likelihood: -25057.384
Proportion of invariable sites: 0.006
Gamma shape alpha: 1.632
Parameters optimization took 1 rounds (0.201 sec)
BEST SCORE FOUND : -25057.384
Creating bootstrap support values...
Split supports printed to NEXUS file results_broccoli_meto/alignments_prefiltering/OG_12214.iqtree.splits.nex
Total tree length: 38.867

Total number of iterations: 317
CPU time used for tree search: 480.808 sec (0h:8m:0s)
Wall-clock time used for tree search: 482.365 sec (0h:8m:2s)
Total CPU time used: 486.702 sec (0h:8m:6s)
Total wall-clock time used: 488.187 sec (0h:8m:8s)

Computing bootstrap consensus tree...
Reading input file results_broccoli_meto/alignments_prefiltering/OG_12214.iqtree.splits.nex...
56 taxa and 506 splits.
Consensus tree written to results_broccoli_meto/alignments_prefiltering/OG_12214.iqtree.contree
Reading input trees file results_broccoli_meto/alignments_prefiltering/OG_12214.iqtree.contree
Log-likelihood of consensus tree: -25057.559

Analysis results written to: 
  IQ-TREE report:                results_broccoli_meto/alignments_prefiltering/OG_12214.iqtree.iqtree
  Maximum-likelihood tree:       results_broccoli_meto/alignments_prefiltering/OG_12214.iqtree.treefile
  Likelihood distances:          results_broccoli_meto/alignments_prefiltering/OG_12214.iqtree.mldist

Ultrafast bootstrap approximation results written to:
  Split support values:          results_broccoli_meto/alignments_prefiltering/OG_12214.iqtree.splits.nex
  Consensus tree:                results_broccoli_meto/alignments_prefiltering/OG_12214.iqtree.contree
  Screen log file:               results_broccoli_meto/alignments_prefiltering/OG_12214.iqtree.log

Date and Time: Mon Dec 12 15:07:01 2022
