IQ-TREE multicore version 2.1.0 for Linux 64-bit built Jul 18 2020
Developed by Bui Quang Minh, James Barbetti, Nguyen Lam Tung,
Olga Chernomor, Heiko Schmidt, Dominik Schrempf, Michael Woodhams.

Host:    trantor09.linux.crg.es (AVX, FMA3, 503 GB RAM)
Command: /users/asebe/xgraubove/Programes/iqtree-2.1.0-Linux/bin/iqtree2 -s results_broccoli_meto/alignments_prefiltering/OG_10067.lt.fasta -m TEST -mset LG,WAG,JTT -nt AUTO -ntmax 2 -bb 1000 -pre results_broccoli_meto/alignments_prefiltering/OG_10067.iqtree -nm 10000 -nstop 200 -cptime 1800
Seed:    387557 (Using SPRNG - Scalable Parallel Random Number Generator)
Time:    Mon Dec 12 14:03:45 2022
Kernel:  AVX+FMA - auto-detect threads (2 CPU cores detected)

Reading alignment file results_broccoli_meto/alignments_prefiltering/OG_10067.lt.fasta ... Fasta format detected
Alignment most likely contains protein sequences
Alignment has 67 sequences with 319 columns, 319 distinct patterns
313 parsimony-informative, 0 singleton sites, 6 constant sites
                                                                     Gap/Ambiguity  Composition  p-value
   1  Xestes_augustus_masked-XT_scaffold12078-processed-gene-0.0-mRNA-1     30.41%    passed      6.30%
   2  Xestes_augustus_masked-XT_scaffold185456-processed-gene-0.0-mRNA-1    68.34%    passed     13.02%
   3  Stycar_augustus_masked-SC_scaffold76761-processed-gene-0.1-mRNA-1     12.54%    passed     16.49%
   4  Xestes_augustus_masked-XT_scaffold39190-processed-gene-0.1-mRNA-1     11.91%    passed     66.00%
   5  Xestes_augustus_masked-XT_scaffold147912-processed-gene-0.11-mRNA-1   17.55%    passed     41.83%
   6  Xestes_augustus_masked-XT_scaffold64478-processed-gene-0.0-mRNA-1     46.08%    passed     40.04%
   7  Xestes_augustus_masked-XT_scaffold143272-processed-gene-0.5-mRNA-1    13.17%    passed      5.92%
   8  Xestes_augustus_masked-XT_scaffold39689-processed-gene-0.0-mRNA-1     31.66%    passed     12.61%
   9  Clacor_Ccor_scaffold8283_01                                            4.08%    passed     74.30%
  10  Xesp_012734-T1                                                         3.76%    passed     78.90%
  11  Dgig_XM_028538312.1                                                    5.33%    passed     92.26%
  12  Skow_XM_002738275.2                                                    2.19%    passed     70.47%
  13  Skow_XM_002730938.2                                                    2.51%    passed     78.01%
  14  Skow_XM_006811764.1                                                   41.07%    passed     31.19%
  15  Plajan_Pjan_scaffold14182_01                                          45.77%    passed     92.91%
  16  Bralan_BLAG06000995_1                                                  1.57%    passed     89.39%
  17  Spur_XM_787066.5                                                       1.57%    passed     98.76%
  18  Spur_XM_030981127.1                                                   50.78%    passed     95.84%
  19  Spur_XM_030981125.1                                                    3.76%    passed     99.95%
  20  Spur_XM_030981129.1                                                    4.08%    passed     98.98%
  21  Spur_XM_789125.5                                                       8.46%    passed     98.82%
  22  Spur_XM_030981126.1                                                    4.08%    passed     99.91%
  23  Xesp_013773-T1                                                         3.13%    passed     96.80%
  24  Xesp_013775-T1                                                        12.85%    passed     97.97%
  25  Xesp_013777-T1                                                        12.85%    passed     99.25%
  26  Dgig_XM_028535242.1                                                   10.66%    passed     32.48%
  27  Ctel_gnl_WGS_AMQN_CAPTEDRAFT_mRNA189664                                3.76%    passed     72.82%
  28  HoiH06_mRNA14610                                                       6.90%    passed     57.93%
  29  HoiH23_PlH23_010669-RA                                                 6.90%    passed     70.19%
  30  HoiH04_mRNA17802                                                      12.23%    passed     71.77%
  31  Hhon_g10605.t1                                                        18.50%    passed     98.11%
  32  TrH2_TrispH2_010419-RA                                                 6.90%    passed     97.75%
  33  Tadh_TriadT60698                                                       6.90%    passed     97.54%
  34  Hhon_g10606.t1                                                         2.82%    passed     24.50%
  35  HoiH04_mRNA17800                                                       2.82%    passed     27.38%
  36  HoiH06_mRNA1140                                                       63.32%    passed     64.90%
  37  HoiH23_PlH23_011406-RA                                                32.92%    passed     89.31%
  38  HoiH23_PlH23_011405-RA                                                31.97%    passed     94.52%
  39  HoiH11_mRNA4349                                                       32.60%    passed     54.60%
  40  HoiH06_mRNA1139                                                       57.99%    passed     24.82%
  41  TrH2_TrispH2_010420-RA                                                 8.46%    passed     41.50%
  42  Tadh_TriadT64295                                                       8.46%    passed     41.50%
  43  Gracom_Gcom_C541770_01                                                 1.57%    passed     61.28%
  44  Scil_scict019607.1                                                     0.63%    passed     94.78%
  45  Lcom_lcpid93671                                                        2.19%    passed     94.19%
  46  Xestes_augustus_masked-XT_scaffold29663-processed-gene-0.0-mRNA-1     12.23%    passed     55.20%
  47  Ctel_gnl_WGS_AMQN_CAPTEDRAFT_mRNA110004                               13.17%    passed     57.49%
  48  Xestes_augustus_masked-XT_scaffold174197-processed-gene-0.0-mRNA-1    60.19%    failed      4.57%
  49  Xestes_augustus_masked-XT_scaffold177543-processed-gene-0.0-mRNA-1    12.23%    failed      0.00%
  50  Xestes_augustus_masked-XT_scaffold15905-processed-gene-0.0-mRNA-1     13.17%    failed      3.80%
  51  Xestes_augustus_masked-XT_scaffold112492-processed-gene-0.1-mRNA-1    14.11%    failed      0.28%
  52  Xestes_augustus_masked-XT_scaffold123285-processed-gene-0.0-mRNA-1    18.50%    passed     27.40%
  53  Mlei_ML0071.g2.i1                                                     42.95%    passed     88.76%
  54  Drygla_Dgla_sb304579                                                  10.03%    passed     25.73%
  55  Beraby_Baby_sb325668                                                  25.71%    passed     37.08%
  56  Bolinf_Binf_sb1295173                                                 48.28%    passed     94.68%
  57  Mertsp_Mesp_sb606242                                                  32.60%    passed     65.74%
  58  Bolinf_Binf_sb1226433                                                 41.38%    passed     17.71%
  59  Lampan_Lpan_3334_01                                                   10.34%    passed     82.33%
  60  Vmul_Simscaffold8002_01                                               10.97%    passed     89.44%
  61  Coemet_Cmet_scaffold5172_01                                           10.97%    passed     91.63%
  62  Pbac_sb2651905                                                        10.34%    passed     24.20%
  63  Horcal_Hcv1.av93.c10.g737.i1                                          10.34%    passed     34.91%
  64  Plajan_Pjan_C555149_01                                                12.54%    passed     56.28%
  65  Opea_EP00118_Oscarella_pearsei_P013114                                11.91%    passed     85.31%
  66  Emue_Em0012g136a.t1                                                   16.61%    failed      0.65%
  67  Emue_Em0012g139a.t1                                                   29.15%    failed      0.06%
WARNING: 5 sequences contain more than 50% gaps/ambiguity
****  TOTAL                                                                 18.29%  6 sequences failed composition chi2 test (p-value<5%; df=19)
NOTE: Tadh_TriadT64295 is identical to TrH2_TrispH2_010420-RA but kept for subsequent analysis


Create initial parsimony tree by phylogenetic likelihood library (PLL)... 0.022 seconds
Measuring multi-threading efficiency up to 2 CPU cores
Increase to 10 rounds for branch lengths
3 trees examined
Threads: 1 / Time: 2.844 sec / Speedup: 1.000 / Efficiency: 100% / LogL: -31700
Threads: 2 / Time: 2.317 sec / Speedup: 1.227 / Efficiency: 61% / LogL: -31700
BEST NUMBER OF THREADS: 2

Perform fast likelihood tree search using LG+I+G model...
Estimate model parameters (epsilon = 5.000)
Perform nearest neighbor interchange...
Estimate model parameters (epsilon = 1.000)
1. Initial log-likelihood: -19814.492
Optimal log-likelihood: -19814.448
Proportion of invariable sites: 0.015
Gamma shape alpha: 1.658
Parameters optimization took 1 rounds (0.309 sec)
Time for fast ML tree search: 3.766 seconds

NOTE: ModelFinder requires 15 MB RAM!
ModelFinder will test up to 24 protein models (sample size: 319) ...
 No. Model         -LnL         df  AIC          AICc         BIC
  1  LG            20403.841    131 41069.682    41254.623    41562.922
  2  LG+I          20336.428    132 40936.855    41125.629    41433.860
  3  LG+G4         19825.341    132 39914.681    40103.455    40411.686
  4  LG+I+G4       19814.454    133 39894.907    40087.578    40395.678
  8  LG+F+I+G4     19799.713    152 39903.426    40183.619    40475.735
 12  WAG+I+G4      19883.091    133 40032.182    40224.852    40532.952
 16  WAG+F+I+G4    19847.132    152 39998.264    40278.457    40570.573
 20  JTT+I+G4      20040.106    133 40346.212    40538.882    40846.982
 24  JTT+F+I+G4    20021.228    152 40346.455    40626.648    40918.764
Akaike Information Criterion:           LG+I+G4
Corrected Akaike Information Criterion: LG+I+G4
Bayesian Information Criterion:         LG+I+G4
Best-fit model: LG+I+G4 chosen according to BIC

All model information printed to results_broccoli_meto/alignments_prefiltering/OG_10067.iqtree.model.gz
CPU time for ModelFinder: 30.358 seconds (0h:0m:30s)
Wall-clock time for ModelFinder: 16.872 seconds (0h:0m:16s)
Generating 1000 samples for ultrafast bootstrap (seed: 387557)...

NOTE: 15 MB RAM (0 GB) is required!
Estimate model parameters (epsilon = 0.100)
Thoroughly optimizing +I+G parameters from 10 start values...
Init pinv, alpha: 0.000, 1.658 / Estimate: 0.015, 1.654 / LogL: -19814.447
Init pinv, alpha: 0.002, 1.658 / Estimate: 0.015, 1.654 / LogL: -19814.449
Init pinv, alpha: 0.004, 1.658 / Estimate: 0.015, 1.655 / LogL: -19814.448
Init pinv, alpha: 0.006, 1.658 / Estimate: 0.014, 1.652 / LogL: -19814.451
Init pinv, alpha: 0.008, 1.658 / Estimate: 0.015, 1.653 / LogL: -19814.449
Init pinv, alpha: 0.010, 1.658 / Estimate: 0.015, 1.654 / LogL: -19814.448
Init pinv, alpha: 0.013, 1.658 / Estimate: 0.014, 1.653 / LogL: -19814.450
Init pinv, alpha: 0.015, 1.658 / Estimate: 0.015, 1.656 / LogL: -19814.447
Init pinv, alpha: 0.017, 1.658 / Estimate: 0.015, 1.658 / LogL: -19814.448
Init pinv, alpha: 0.019, 1.658 / Estimate: 0.015, 1.656 / LogL: -19814.447
Optimal pinv,alpha: 0.015, 1.656 / LogL: -19814.447

Parameters optimization took 7.159 sec
Computing ML distances based on estimated model parameters...
Computing ML distances took 0.694006 sec (of wall-clock time) 1.386952 sec(of CPU time)
WARNING: Some pairwise ML distances are too long (saturated)
Computing RapidNJ tree took 0.001320 sec (of wall-clock time) 0.001617 sec (of CPU time)
Log-likelihood of RapidNJ tree: -20126.425
--------------------------------------------------------------------
|             INITIALIZING CANDIDATE TREE SET                      |
--------------------------------------------------------------------
Generating 98 parsimony trees... 2.549 second
Computing log-likelihood of 98 initial trees ... 8.960 seconds
Current best score: -19814.447

Do NNI search on 20 best initial trees
Estimate model parameters (epsilon = 0.100)
BETTER TREE FOUND at iteration 1: -19814.447
Estimate model parameters (epsilon = 0.100)
BETTER TREE FOUND at iteration 10: -19813.669
Iteration 10 / LogL: -19813.669 / Time: 0h:0m:36s
Iteration 20 / LogL: -19814.629 / Time: 0h:0m:50s
Finish initializing candidate tree set (10)
Current best tree score: -19813.669 / CPU time: 41.704
Number of iterations: 20
--------------------------------------------------------------------
|               OPTIMIZING CANDIDATE TREE SET                      |
--------------------------------------------------------------------
Estimate model parameters (epsilon = 0.100)
BETTER TREE FOUND at iteration 22: -19805.149
Estimate model parameters (epsilon = 0.100)
BETTER TREE FOUND at iteration 27: -19804.997
Estimate model parameters (epsilon = 0.100)
BETTER TREE FOUND at iteration 28: -19804.232
Iteration 30 / LogL: -19805.217 / Time: 0h:1m:9s (0h:7m:56s left)
Estimate model parameters (epsilon = 0.100)
BETTER TREE FOUND at iteration 33: -19802.160
Iteration 40 / LogL: -19805.210 / Time: 0h:1m:29s (0h:7m:24s left)
Iteration 50 / LogL: -19802.274 / Time: 0h:1m:47s (0h:6m:41s left)
Log-likelihood cutoff on original alignment: -19856.356
BETTER TREE FOUND at iteration 52: -19802.152
Estimate model parameters (epsilon = 0.100)
UPDATE BEST LOG-LIKELIHOOD: -19802.124
Iteration 60 / LogL: -19804.309 / Time: 0h:2m:6s (0h:6m:51s left)
Iteration 70 / LogL: -19804.446 / Time: 0h:2m:24s (0h:6m:22s left)
Iteration 80 / LogL: -19802.151 / Time: 0h:2m:45s (0h:6m:0s left)
Iteration 90 / LogL: -19802.304 / Time: 0h:3m:5s (0h:5m:38s left)
Iteration 100 / LogL: -19802.243 / Time: 0h:3m:24s (0h:5m:14s left)
Log-likelihood cutoff on original alignment: -19856.356
NOTE: Bootstrap correlation coefficient of split occurrence frequencies: 0.996
Estimate model parameters (epsilon = 0.100)
UPDATE BEST LOG-LIKELIHOOD: -19801.979
Iteration 110 / LogL: -19805.377 / Time: 0h:3m:43s (0h:4m:51s left)
Iteration 120 / LogL: -19802.140 / Time: 0h:4m:3s (0h:4m:30s left)
Iteration 130 / LogL: -19802.920 / Time: 0h:4m:22s (0h:4m:7s left)
Iteration 140 / LogL: -19802.202 / Time: 0h:4m:40s (0h:3m:46s left)
Iteration 150 / LogL: -19802.382 / Time: 0h:5m:0s (0h:3m:25s left)
Log-likelihood cutoff on original alignment: -19856.356
Iteration 160 / LogL: -19805.673 / Time: 0h:5m:22s (0h:3m:6s left)
Iteration 170 / LogL: -19808.817 / Time: 0h:5m:41s (0h:2m:45s left)
Iteration 180 / LogL: -19807.741 / Time: 0h:6m:2s (0h:2m:25s left)
Iteration 190 / LogL: -19808.852 / Time: 0h:6m:24s (0h:2m:5s left)
Iteration 200 / LogL: -19802.757 / Time: 0h:6m:41s (0h:1m:44s left)
Log-likelihood cutoff on original alignment: -19856.356
NOTE: Bootstrap correlation coefficient of split occurrence frequencies: 0.998
Iteration 210 / LogL: -19802.285 / Time: 0h:7m:0s (0h:3m:1s left)
Iteration 220 / LogL: -19802.388 / Time: 0h:7m:18s (0h:2m:40s left)
Iteration 230 / LogL: -19802.200 / Time: 0h:7m:37s (0h:2m:19s left)
Iteration 240 / LogL: -19803.128 / Time: 0h:7m:55s (0h:1m:59s left)
Iteration 250 / LogL: -19826.626 / Time: 0h:8m:13s (0h:1m:39s left)
Log-likelihood cutoff on original alignment: -19856.356
TREE SEARCH COMPLETED AFTER 253 ITERATIONS / Time: 0h:8m:19s

--------------------------------------------------------------------
|                    FINALIZING TREE SEARCH                        |
--------------------------------------------------------------------
Performs final model parameters optimization
Estimate model parameters (epsilon = 0.010)
1. Initial log-likelihood: -19801.979
Optimal log-likelihood: -19801.972
Proportion of invariable sites: 0.015
Gamma shape alpha: 1.661
Parameters optimization took 1 rounds (0.294 sec)
BEST SCORE FOUND : -19801.972
Creating bootstrap support values...
Split supports printed to NEXUS file results_broccoli_meto/alignments_prefiltering/OG_10067.iqtree.splits.nex
Total tree length: 29.205

Total number of iterations: 253
CPU time used for tree search: 973.332 sec (0h:16m:13s)
Wall-clock time used for tree search: 490.339 sec (0h:8m:10s)
Total CPU time used: 992.129 sec (0h:16m:32s)
Total wall-clock time used: 499.941 sec (0h:8m:19s)

Computing bootstrap consensus tree...
Reading input file results_broccoli_meto/alignments_prefiltering/OG_10067.iqtree.splits.nex...
67 taxa and 377 splits.
Consensus tree written to results_broccoli_meto/alignments_prefiltering/OG_10067.iqtree.contree
Reading input trees file results_broccoli_meto/alignments_prefiltering/OG_10067.iqtree.contree
Log-likelihood of consensus tree: -19802.126

Analysis results written to: 
  IQ-TREE report:                results_broccoli_meto/alignments_prefiltering/OG_10067.iqtree.iqtree
  Maximum-likelihood tree:       results_broccoli_meto/alignments_prefiltering/OG_10067.iqtree.treefile
  Likelihood distances:          results_broccoli_meto/alignments_prefiltering/OG_10067.iqtree.mldist

Ultrafast bootstrap approximation results written to:
  Split support values:          results_broccoli_meto/alignments_prefiltering/OG_10067.iqtree.splits.nex
  Consensus tree:                results_broccoli_meto/alignments_prefiltering/OG_10067.iqtree.contree
  Screen log file:               results_broccoli_meto/alignments_prefiltering/OG_10067.iqtree.log

Date and Time: Mon Dec 12 14:12:22 2022
