IQ-TREE multicore version 2.1.0 for Linux 64-bit built Jul 18 2020
Developed by Bui Quang Minh, James Barbetti, Nguyen Lam Tung,
Olga Chernomor, Heiko Schmidt, Dominik Schrempf, Michael Woodhams.

Host:    node-hp0406.linux.crg.es (AVX, 125 GB RAM)
Command: /users/asebe/xgraubove/Programes/iqtree-2.1.0-Linux/bin/iqtree2 -s results_broccoli_meto/alignments_prefiltering/OG_13040.lt.fasta -m TEST -mset LG,WAG,JTT -nt AUTO -ntmax 2 -bb 1000 -pre results_broccoli_meto/alignments_prefiltering/OG_13040.iqtree -nm 10000 -nstop 200 -cptime 1800
Seed:    559848 (Using SPRNG - Scalable Parallel Random Number Generator)
Time:    Mon Dec 12 17:15:10 2022
Kernel:  AVX - auto-detect threads (2 CPU cores detected)

Reading alignment file results_broccoli_meto/alignments_prefiltering/OG_13040.lt.fasta ... Fasta format detected
Alignment most likely contains protein sequences
Alignment has 58 sequences with 621 columns, 621 distinct patterns
617 parsimony-informative, 0 singleton sites, 4 constant sites
                                                         Gap/Ambiguity  Composition  p-value
   1  Bolinf_Binf_sb1241172                                     69.24%    passed     20.03%
   2  Mertsp_Mesp_sb563852                                      69.08%    passed     41.60%
   3  Beraby_Baby_sb338713                                      17.71%    failed      2.83%
   4  Drygla_Dgla_sb279992                                      74.07%    passed     44.47%
   5  Vmul_sbMO451136                                            9.66%    passed     66.14%
   6  Vmul_sbMO451139                                           70.21%    failed      2.90%
   7  Coeast_Cast_sb831654                                      60.55%    passed     74.97%
   8  Lampan_Lpan_C419147_01                                    10.14%    failed      4.93%
   9  Bolinf_Binf_sb1198526                                     75.04%    passed     27.97%
  10  Horcal_Hcv1.av93.c9.g889.i1                               56.04%    passed     16.75%
  11  Pbac_sb2644043                                            39.29%    failed      0.24%
  12  Eupdun_Edun_sb10624636                                    56.04%    failed      1.94%
  13  Gracom_Gcom_C542848_01                                    54.27%    failed      0.41%
  14  Scil_scict023300.2                                         3.86%    failed      0.01%
  15  Lcom_lcpid77901                                           50.56%    failed      0.00%
  16  Emue_Em0011g859a.t1                                       31.56%    failed      0.00%
  17  Spolac_c91816_g1_i1_m.7247c91816-g1                       72.14%    failed      2.52%
  18  Tetwil_g9504.t1                                           44.93%    passed     38.94%
  19  Plespi_Pspi_scaffold19487_01                               4.35%    passed     56.19%
  20  Dgig_XM_028547864.1                                       14.49%    passed     76.32%
  21  Xesp_001057-T1                                            23.03%    passed     54.61%
  22  Fspp_ffun1.m4.876.m1                                      19.48%    passed     54.43%
  23  Gasp_gasp1.m3.7742.m1                                     22.06%    passed     17.36%
  24  Spis_XP_022796927_1                                       22.38%    passed     40.08%
  25  Amil_Amillepora30436-RA                                   34.30%    passed     54.45%
  26  Adig_XM_015920396.1                                       24.15%    passed     62.57%
  27  Exapal_XM_021040899.2                                      7.41%    passed     14.33%
  28  Nvec_v1g234751                                            29.15%    passed     46.41%
  29  Bralan_BLAG13000284_1                                     12.40%    passed      7.68%
  30  Skow_XM_006812200.1                                        9.82%    failed      2.45%
  31  Ctel_gnl_WGS_AMQN_CAPTEDRAFT_mRNA154284                   10.31%    passed     71.47%
  32  Acagra_model.g24539.t1_model.g24536.t1.1.5d400fe9          9.34%    passed     27.68%
  33  Cgig_XM_034456608.1                                        1.61%    passed     42.25%
  34  Chem_TCONS_00023113                                        6.12%    passed     47.19%
  35  Aaur_scaffold277.g8.t1                                    29.15%    passed     36.02%
  36  Nemnom_g12080.t1                                           9.18%    passed     97.51%
  37  Rhoesc_Res_016374-T1                                       6.92%    passed     93.84%
  38  Morvir_scaffold49.g9.t2                                    9.18%    passed     82.35%
  39  Spur_XM_030996088.1                                       10.95%    passed     33.03%
  40  Hsap_ENST00000371088                                       6.92%    passed     14.10%
  41  Opea_EP00118_Oscarella_pearsei_P005436                     3.38%    passed     12.19%
  42  Ocar_g1639                                                34.30%    passed      6.56%
  43  Plajan_Pjan_scaffold20139_01                               3.70%    failed      3.35%
  44  Aque_Aqu2.1.27608_001                                     19.00%    passed      5.74%
  45  Halamb_c50897_g1_i1m.29336                                23.67%    failed      3.14%
  46  Emue_Em0001g2260a.t1                                      77.46%    passed     33.66%
  47  Emue_Em0001g2240a.t1                                      77.46%    passed     32.24%
  48  Xestes_maker-XT_scaffold39164-augustus-gene-0.10-mRNA-1   41.38%    passed     19.94%
  49  Aque_Aqu2.1.01720_001                                     79.07%    passed     24.47%
  50  HoiH04_mRNA9101                                           12.24%    passed     28.22%
  51  Hhon_g07521.t1                                             2.58%    passed     46.42%
  52  HoiH23_PlH23_005272-RA                                     2.25%    passed     50.93%
  53  HoiH06_mRNA3648                                            2.25%    passed     79.65%
  54  Tadh_TriadT59376                                           9.34%    passed     87.75%
  55  TrH2_TrispH2_006785-RA                                     5.48%    passed     61.43%
  56  Hvul_g12521_1                                             26.41%    failed      0.00%
  57  Plespi_Pspi_scaffold8267_01                               61.51%    passed     27.82%
  58  Hvul_g12518_1                                             43.96%    failed      0.92%
WARNING: 15 sequences contain more than 50% gaps/ambiguity
****  TOTAL                                                     29.53%  15 sequences failed composition chi2 test (p-value<5%; df=19)


Create initial parsimony tree by phylogenetic likelihood library (PLL)... 0.040 seconds
Measuring multi-threading efficiency up to 2 CPU cores
Increase to 10 rounds for branch lengths
3 trees examined
Threads: 1 / Time: 2.785 sec / Speedup: 1.000 / Efficiency: 100% / LogL: -51341
Threads: 2 / Time: 2.844 sec / Speedup: 0.979 / Efficiency: 49% / LogL: -51341
BEST NUMBER OF THREADS: 1

Perform fast likelihood tree search using LG+I+G model...
Estimate model parameters (epsilon = 5.000)
Perform nearest neighbor interchange...
Estimate model parameters (epsilon = 1.000)
1. Initial log-likelihood: -40683.203
Optimal log-likelihood: -40683.135
Proportion of invariable sites: 0.005
Gamma shape alpha: 2.139
Parameters optimization took 1 rounds (0.351 sec)
Time for fast ML tree search: 4.135 seconds

NOTE: ModelFinder requires 25 MB RAM!
ModelFinder will test up to 24 protein models (sample size: 621) ...
 No. Model         -LnL         df  AIC          AICc         BIC
  1  LG            41532.215    113 83290.429    83341.246    83791.170
  2  LG+I          41482.077    114 83192.154    83243.973    83697.326
  3  LG+G4         40693.995    114 81615.989    81667.808    82121.161
  4  LG+I+G4       40683.120    115 81596.240    81649.072    82105.843
  8  LG+F+I+G4     40545.735    134 81359.469    81433.914    81953.268
 12  WAG+I+G4      40801.483    115 81832.966    81885.798    82342.569
 16  WAG+F+I+G4    40669.433    134 81606.865    81681.310    82200.664
 20  JTT+I+G4      40899.566    115 82029.132    82081.963    82538.735
 24  JTT+F+I+G4    40640.771    134 81549.541    81623.986    82143.340
Akaike Information Criterion:           LG+F+I+G4
Corrected Akaike Information Criterion: LG+F+I+G4
Bayesian Information Criterion:         LG+F+I+G4
Best-fit model: LG+F+I+G4 chosen according to BIC

All model information printed to results_broccoli_meto/alignments_prefiltering/OG_13040.iqtree.model.gz
CPU time for ModelFinder: 23.139 seconds (0h:0m:23s)
Wall-clock time for ModelFinder: 20.052 seconds (0h:0m:20s)
Generating 1000 samples for ultrafast bootstrap (seed: 559848)...

NOTE: 25 MB RAM (0 GB) is required!
Estimate model parameters (epsilon = 0.100)
Thoroughly optimizing +I+G parameters from 10 start values...
Init pinv, alpha: 0.000, 2.003 / Estimate: 0.005, 1.999 / LogL: -40545.731
Init pinv, alpha: 0.001, 2.003 / Estimate: 0.005, 2.000 / LogL: -40545.733
Init pinv, alpha: 0.001, 2.003 / Estimate: 0.005, 2.000 / LogL: -40545.732
Init pinv, alpha: 0.002, 2.003 / Estimate: 0.005, 2.000 / LogL: -40545.731
Init pinv, alpha: 0.003, 2.003 / Estimate: 0.005, 2.002 / LogL: -40545.731
Init pinv, alpha: 0.004, 2.003 / Estimate: 0.005, 2.002 / LogL: -40545.731
Init pinv, alpha: 0.004, 2.003 / Estimate: 0.005, 2.001 / LogL: -40545.732
Init pinv, alpha: 0.005, 2.003 / Estimate: 0.005, 2.001 / LogL: -40545.731
Init pinv, alpha: 0.006, 2.003 / Estimate: 0.005, 2.001 / LogL: -40545.731
Init pinv, alpha: 0.006, 2.003 / Estimate: 0.005, 2.001 / LogL: -40545.731
Optimal pinv,alpha: 0.005, 1.999 / LogL: -40545.731

Parameters optimization took 6.376 sec
Computing ML distances based on estimated model parameters...
Computing ML distances took 0.478057 sec (of wall-clock time) 0.477544 sec(of CPU time)
WARNING: Some pairwise ML distances are too long (saturated)
Computing RapidNJ tree took 0.000344 sec (of wall-clock time) 0.000370 sec (of CPU time)
Log-likelihood of RapidNJ tree: -40908.393
--------------------------------------------------------------------
|             INITIALIZING CANDIDATE TREE SET                      |
--------------------------------------------------------------------
Generating 98 parsimony trees... 2.638 second
Computing log-likelihood of 98 initial trees ... 10.931 seconds
Current best score: -40545.731

Do NNI search on 20 best initial trees
Estimate model parameters (epsilon = 0.100)
BETTER TREE FOUND at iteration 1: -40545.730
Estimate model parameters (epsilon = 0.100)
BETTER TREE FOUND at iteration 2: -40543.423
Iteration 10 / LogL: -40543.800 / Time: 0h:0m:45s
Iteration 20 / LogL: -40543.851 / Time: 0h:1m:9s
Finish initializing candidate tree set (7)
Current best tree score: -40543.423 / CPU time: 60.034
Number of iterations: 20
--------------------------------------------------------------------
|               OPTIMIZING CANDIDATE TREE SET                      |
--------------------------------------------------------------------
Iteration 30 / LogL: -40875.303 / Time: 0h:1m:36s (0h:9m:29s left)
Iteration 40 / LogL: -40544.882 / Time: 0h:2m:1s (0h:8m:26s left)
Iteration 50 / LogL: -40556.792 / Time: 0h:2m:26s (0h:7m:35s left)
Log-likelihood cutoff on original alignment: -40581.700
Iteration 60 / LogL: -40545.227 / Time: 0h:2m:50s (0h:6m:50s left)
Iteration 70 / LogL: -40544.203 / Time: 0h:3m:16s (0h:6m:15s left)
Estimate model parameters (epsilon = 0.100)
UPDATE BEST LOG-LIKELIHOOD: -40543.253
Estimate model parameters (epsilon = 0.100)
UPDATE BEST LOG-LIKELIHOOD: -40542.840
Iteration 80 / LogL: -40544.429 / Time: 0h:3m:44s (0h:5m:46s left)
Iteration 90 / LogL: -40543.979 / Time: 0h:4m:10s (0h:5m:14s left)
Iteration 100 / LogL: -40555.701 / Time: 0h:4m:34s (0h:4m:42s left)
Log-likelihood cutoff on original alignment: -40582.266
NOTE: Bootstrap correlation coefficient of split occurrence frequencies: 0.997
Iteration 110 / LogL: -40543.785 / Time: 0h:4m:58s (0h:4m:12s left)
Iteration 120 / LogL: -40543.701 / Time: 0h:5m:22s (0h:3m:42s left)
Iteration 130 / LogL: -40544.601 / Time: 0h:5m:47s (0h:3m:13s left)
Iteration 140 / LogL: -40542.870 / Time: 0h:6m:12s (0h:2m:46s left)
Iteration 150 / LogL: -40543.719 / Time: 0h:6m:36s (0h:2m:18s left)
Log-likelihood cutoff on original alignment: -40582.191
Iteration 160 / LogL: -40543.923 / Time: 0h:7m:0s (0h:1m:51s left)
Iteration 170 / LogL: -40542.968 / Time: 0h:7m:23s (0h:1m:23s left)
Iteration 180 / LogL: -40543.353 / Time: 0h:7m:48s (0h:0m:57s left)
Iteration 190 / LogL: -40543.065 / Time: 0h:8m:12s (0h:0m:31s left)
Iteration 200 / LogL: -40543.694 / Time: 0h:8m:36s (0h:0m:5s left)
Log-likelihood cutoff on original alignment: -40582.191
NOTE: Bootstrap correlation coefficient of split occurrence frequencies: 0.999
TREE SEARCH COMPLETED AFTER 203 ITERATIONS / Time: 0h:8m:43s

--------------------------------------------------------------------
|                    FINALIZING TREE SEARCH                        |
--------------------------------------------------------------------
Performs final model parameters optimization
Estimate model parameters (epsilon = 0.010)
1. Initial log-likelihood: -40542.840
Optimal log-likelihood: -40542.839
Proportion of invariable sites: 0.005
Gamma shape alpha: 2.000
Parameters optimization took 1 rounds (0.345 sec)
BEST SCORE FOUND : -40542.839
Creating bootstrap support values...
Split supports printed to NEXUS file results_broccoli_meto/alignments_prefiltering/OG_13040.iqtree.splits.nex
Total tree length: 42.840

Total number of iterations: 203
CPU time used for tree search: 513.873 sec (0h:8m:33s)
Wall-clock time used for tree search: 514.422 sec (0h:8m:34s)
Total CPU time used: 523.803 sec (0h:8m:43s)
Total wall-clock time used: 524.264 sec (0h:8m:44s)

Computing bootstrap consensus tree...
Reading input file results_broccoli_meto/alignments_prefiltering/OG_13040.iqtree.splits.nex...
58 taxa and 309 splits.
Consensus tree written to results_broccoli_meto/alignments_prefiltering/OG_13040.iqtree.contree
Reading input trees file results_broccoli_meto/alignments_prefiltering/OG_13040.iqtree.contree
Log-likelihood of consensus tree: -40544.592

Analysis results written to: 
  IQ-TREE report:                results_broccoli_meto/alignments_prefiltering/OG_13040.iqtree.iqtree
  Maximum-likelihood tree:       results_broccoli_meto/alignments_prefiltering/OG_13040.iqtree.treefile
  Likelihood distances:          results_broccoli_meto/alignments_prefiltering/OG_13040.iqtree.mldist

Ultrafast bootstrap approximation results written to:
  Split support values:          results_broccoli_meto/alignments_prefiltering/OG_13040.iqtree.splits.nex
  Consensus tree:                results_broccoli_meto/alignments_prefiltering/OG_13040.iqtree.contree
  Screen log file:               results_broccoli_meto/alignments_prefiltering/OG_13040.iqtree.log

Date and Time: Mon Dec 12 17:24:16 2022
