IQ-TREE multicore version 2.1.0 for Linux 64-bit built Jul 18 2020
Developed by Bui Quang Minh, James Barbetti, Nguyen Lam Tung,
Olga Chernomor, Heiko Schmidt, Dominik Schrempf, Michael Woodhams.

Host:    node-hp0501.linux.crg.es (AVX, 125 GB RAM)
Command: /users/asebe/xgraubove/Programes/iqtree-2.1.0-Linux/bin/iqtree2 -s results_broccoli_meto/alignments_prefiltering/OG_12900.lt.fasta -m TEST -mset LG,WAG,JTT -nt AUTO -ntmax 2 -bb 1000 -pre results_broccoli_meto/alignments_prefiltering/OG_12900.iqtree -nm 10000 -nstop 200 -cptime 1800
Seed:    935283 (Using SPRNG - Scalable Parallel Random Number Generator)
Time:    Mon Dec 12 16:47:25 2022
Kernel:  AVX - auto-detect threads (2 CPU cores detected)

Reading alignment file results_broccoli_meto/alignments_prefiltering/OG_12900.lt.fasta ... Fasta format detected
Alignment most likely contains protein sequences
Alignment has 73 sequences with 692 columns, 692 distinct patterns
684 parsimony-informative, 0 singleton sites, 8 constant sites
                                                                  Gap/Ambiguity  Composition  p-value
   1  Lcom_lcpid46707                                                    15.32%    failed      0.18%
   2  Leuniv_Lniv_C772919_01                                             75.29%    failed      0.08%
   3  Gracom_Gcom_scaffold15685_01                                       14.60%    failed      0.29%
   4  Emue_Em0004g1646a.t1                                               64.45%    failed      2.62%
   5  Spolac_c86228_g1_i2_m.3902c86228-g1                                71.97%    passed     11.06%
   6  Aque_Aqu2.1.43720_001                                              24.28%    passed     31.82%
   7  Ctel_gnl_WGS_AMQN_CAPTEDRAFT_mRNA129495                            78.76%    failed      0.03%
   8  Ctel_gnl_WGS_AMQN_CAPTEDRAFT_mRNA154557                            81.79%    failed      0.87%
   9  Cgig_XM_034454720.1                                                38.01%    passed     89.75%
  10  Fspp_ffun1.m4.20952.m1                                             89.88%    failed      0.02%
  11  Gfas_gfas1.m1.7770.m1                                              92.92%    failed      4.97%
  12  Spis_XP_022792339_1                                                12.86%    failed      2.18%
  13  Pocdam_XM_027188685.1                                              12.28%    failed      1.90%
  14  Amil_Amillepora11352-RA                                            11.56%    failed      0.27%
  15  Adig_XM_015923858.1                                                11.56%    failed      0.12%
  16  Exapal_XM_021061640.1                                              11.42%    failed      1.52%
  17  Dgig_XM_028540727.1                                                15.03%    passed     14.43%
  18  Xesp_001308-T1                                                     17.63%    passed      5.04%
  19  Skow_XM_006818421.1                                                87.14%    passed     16.23%
  20  Hsap_ENST00000307729                                               18.21%    failed      0.72%
  21  Hsap_ENST00000621332                                               16.76%    failed      0.00%
  22  Bralan_BLAG10000253_1                                               9.39%    failed      0.10%
  23  Spur_XM_011676703.2                                                13.15%    passed     13.54%
  24  Nvec_v1g96791                                                      14.74%    failed      1.53%
  25  Gasp_gasp1.m3.21036.m1                                             17.49%    failed      2.25%
  26  Aaur_scaffold1915.g4.t1                                            50.87%    passed     21.85%
  27  Nemnom_g13052.t1                                                   18.79%    passed     12.50%
  28  Rhoesc_Res_005674-T1                                               16.91%    passed     57.78%
  29  Cscu_XM_023387489.1                                                15.03%    failed      0.87%
  30  Dpul_mRNA377                                                       15.03%    failed      4.79%
  31  Tcas_TC013701_001                                                  15.03%    passed      7.43%
  32  Pbac_sb2669654                                                     69.80%    passed     66.41%
  33  Horcal_Hcv1.av93.c7.g29.i1                                         33.53%    passed     41.94%
  34  Bolinf_Binf_sb1218365                                              72.25%    passed     54.38%
  35  Mertsp_Mesp_sb567862                                               72.25%    passed     54.38%
  36  Bolinf_Binf_sb1218366                                              80.92%    passed      7.09%
  37  Mertsp_Mesp_sb567863                                               81.07%    passed     10.90%
  38  Mertsp_Mesp_sb567864                                               75.00%    passed     77.55%
  39  Lampan_Lpan_15970_01                                               32.51%    passed     21.55%
  40  Mlei_ML0708.g14.i1                                                 32.95%    failed      1.65%
  41  Vmul_sbMO399937                                                    71.53%    passed     22.68%
  42  Beraby_Baby_sb334374                                               32.95%    passed     58.88%
  43  Mertsp_Mesp_sb567797                                               77.46%    passed     90.23%
  44  Vmul_sbMO413698                                                    32.95%    passed     43.78%
  45  Coemet_Cmet_scaffold4374_01                                        33.96%    passed      5.29%
  46  Coeast_Cast_sb799035                                               33.96%    failed      3.30%
  47  Coeast_Cast_sb799038                                               37.28%    failed      1.58%
  48  Coeast_Cast_sb799039                                               42.20%    failed      0.94%
  49  Coeast_Cast_sb799040                                               45.81%    failed      0.59%
  50  Bolinf_Binf_sb1270037                                              51.30%    passed      8.83%
  51  Mertsp_Mesp_sb567795                                               51.30%    passed      8.83%
  52  Drygla_Dgla_sb295206                                               36.85%    passed     19.88%
  53  Pbac_sb2669655                                                     31.07%    passed     30.38%
  54  Morvir_scaffold329.g9.t2                                           19.22%    failed      1.75%
  55  Hvul_g30166_1                                                      29.62%    failed      3.56%
  56  Sanmal_Sma_005350-T1                                               11.56%    passed     34.55%
  57  Chem_TCONS_00033986                                                26.01%    passed      7.91%
  58  Fspp_ffun1.m4.11534.m1                                             16.04%    failed      1.49%
  59  Plespi_Pspi_scaffold20304_01                                       30.92%    passed     26.93%
  60  Opea_EP00118_Oscarella_pearsei_P007748                             29.34%    passed     39.36%
  61  Clacor_Ccor_C517293_01                                             72.25%    failed      1.49%
  62  Acagra_model.g22593.t1                                             17.92%    passed      6.30%
  63  Plajan_Pjan_C568202_01                                             24.42%    failed      1.27%
  64  Eupdun_Edun_sb10624402                                             51.30%    passed     68.77%
  65  Tetwil_g1904.t1                                                    37.28%    failed      1.56%
  66  Xestes_augustus_masked-XT_scaffold4411-processed-gene-0.3-mRNA-1   32.51%    failed      0.08%
  67  TrH2_TrispH2_005732-RA                                             23.12%    failed      0.00%
  68  Tadh_TriadT55039                                                   22.69%    failed      0.00%
  69  Hhon_g09435.t1                                                     22.69%    failed      0.01%
  70  HoiH04_mRNA976                                                     39.16%    failed      0.00%
  71  HoiH23_PlH23_002454-RA                                             26.73%    failed      0.00%
  72  HoiH06_mRNA14881                                                   43.21%    failed      0.00%
  73  Skow_XM_006825508.1                                                38.29%    passed      5.26%
WARNING: 21 sequences contain more than 50% gaps/ambiguity
****  TOTAL                                                              38.24%  38 sequences failed composition chi2 test (p-value<5%; df=19)
NOTE: Mertsp_Mesp_sb567862 is identical to Bolinf_Binf_sb1218365 but kept for subsequent analysis
NOTE: Mertsp_Mesp_sb567795 is identical to Bolinf_Binf_sb1270037 but kept for subsequent analysis


Create initial parsimony tree by phylogenetic likelihood library (PLL)... 0.043 seconds
Measuring multi-threading efficiency up to 2 CPU cores
Increase to 10 rounds for branch lengths
2 trees examined
Threads: 1 / Time: 2.555 sec / Speedup: 1.000 / Efficiency: 100% / LogL: -63310
Threads: 2 / Time: 1.354 sec / Speedup: 1.887 / Efficiency: 94% / LogL: -63310
BEST NUMBER OF THREADS: 2

Perform fast likelihood tree search using LG+I+G model...
Estimate model parameters (epsilon = 5.000)
Perform nearest neighbor interchange...
Estimate model parameters (epsilon = 1.000)
1. Initial log-likelihood: -45182.115
Optimal log-likelihood: -45182.035
Proportion of invariable sites: 0.009
Gamma shape alpha: 1.344
Parameters optimization took 1 rounds (0.256 sec)
Time for fast ML tree search: 3.217 seconds

NOTE: ModelFinder requires 34 MB RAM!
ModelFinder will test up to 24 protein models (sample size: 692) ...
 No. Model         -LnL         df  AIC          AICc         BIC
  1  LG            46641.580    143 93569.160    93644.314    94218.321
  2  LG+I          46529.217    144 93346.433    93422.777    94000.134
  3  LG+G4         45194.602    144 90677.203    90753.547    91330.904
  4  LG+I+G4       45182.020    145 90654.040    90731.586    91312.280
  8  LG+F+I+G4     44613.767    164 89555.534    89658.229    90300.026
 12  WAG+I+G4      45023.243    145 90336.485    90414.031    90994.725
 16  WAG+F+I+G4    44635.181    164 89598.363    89701.057    90342.855
 20  JTT+I+G4      44955.693    145 90201.385    90278.931    90859.625
 24  JTT+F+I+G4    44484.609    164 89297.217    89399.912    90041.709
Akaike Information Criterion:           JTT+F+I+G4
Corrected Akaike Information Criterion: JTT+F+I+G4
Bayesian Information Criterion:         JTT+F+I+G4
Best-fit model: JTT+F+I+G4 chosen according to BIC

All model information printed to results_broccoli_meto/alignments_prefiltering/OG_12900.iqtree.model.gz
CPU time for ModelFinder: 29.838 seconds (0h:0m:29s)
Wall-clock time for ModelFinder: 17.407 seconds (0h:0m:17s)
Generating 1000 samples for ultrafast bootstrap (seed: 935283)...

NOTE: 34 MB RAM (0 GB) is required!
Estimate model parameters (epsilon = 0.100)
Thoroughly optimizing +I+G parameters from 10 start values...
Init pinv, alpha: 0.000, 1.191 / Estimate: 0.010, 1.190 / LogL: -44484.591
Init pinv, alpha: 0.001, 1.191 / Estimate: 0.010, 1.190 / LogL: -44484.599
Init pinv, alpha: 0.003, 1.191 / Estimate: 0.010, 1.190 / LogL: -44484.596
Init pinv, alpha: 0.004, 1.191 / Estimate: 0.010, 1.190 / LogL: -44484.596
Init pinv, alpha: 0.005, 1.191 / Estimate: 0.010, 1.189 / LogL: -44484.599
Init pinv, alpha: 0.006, 1.191 / Estimate: 0.010, 1.190 / LogL: -44484.598
Init pinv, alpha: 0.008, 1.191 / Estimate: 0.010, 1.190 / LogL: -44484.597
Init pinv, alpha: 0.009, 1.191 / Estimate: 0.010, 1.191 / LogL: -44484.599
Init pinv, alpha: 0.010, 1.191 / Estimate: 0.010, 1.192 / LogL: -44484.599
Init pinv, alpha: 0.012, 1.191 / Estimate: 0.010, 1.191 / LogL: -44484.596
Optimal pinv,alpha: 0.010, 1.190 / LogL: -44484.591

Parameters optimization took 6.800 sec
Computing ML distances based on estimated model parameters...
Computing ML distances took 0.434592 sec (of wall-clock time) 0.858001 sec(of CPU time)
WARNING: Some pairwise ML distances are too long (saturated)
Computing RapidNJ tree took 0.000863 sec (of wall-clock time) 0.000727 sec (of CPU time)
Log-likelihood of RapidNJ tree: -46589.652
--------------------------------------------------------------------
|             INITIALIZING CANDIDATE TREE SET                      |
--------------------------------------------------------------------
Generating 98 parsimony trees... 3.778 second
Computing log-likelihood of 98 initial trees ... 7.908 seconds
Current best score: -44484.591

Do NNI search on 20 best initial trees
Estimate model parameters (epsilon = 0.100)
BETTER TREE FOUND at iteration 1: -44479.431
Estimate model parameters (epsilon = 0.100)
BETTER TREE FOUND at iteration 2: -44460.774
Estimate model parameters (epsilon = 0.100)
BETTER TREE FOUND at iteration 5: -44458.484
Iteration 10 / LogL: -44458.722 / Time: 0h:0m:44s
Iteration 20 / LogL: -44477.522 / Time: 0h:1m:7s
Finish initializing candidate tree set (14)
Current best tree score: -44458.484 / CPU time: 57.619
Number of iterations: 20
--------------------------------------------------------------------
|               OPTIMIZING CANDIDATE TREE SET                      |
--------------------------------------------------------------------
Estimate model parameters (epsilon = 0.100)
BETTER TREE FOUND at iteration 25: -44458.459
Iteration 30 / LogL: -44458.715 / Time: 0h:1m:30s (0h:10m:7s left)
UPDATE BEST LOG-LIKELIHOOD: -44458.459
Iteration 40 / LogL: -44458.718 / Time: 0h:1m:56s (0h:9m:13s left)
Iteration 50 / LogL: -44458.926 / Time: 0h:2m:19s (0h:8m:17s left)
Log-likelihood cutoff on original alignment: -44496.593
Iteration 60 / LogL: -44460.434 / Time: 0h:2m:45s (0h:7m:42s left)
UPDATE BEST LOG-LIKELIHOOD: -44458.459
Iteration 70 / LogL: -44459.423 / Time: 0h:3m:10s (0h:7m:7s left)
BETTER TREE FOUND at iteration 73: -44458.459
Iteration 80 / LogL: -44507.820 / Time: 0h:3m:32s (0h:8m:39s left)
Iteration 90 / LogL: -44458.928 / Time: 0h:3m:58s (0h:8m:9s left)
UPDATE BEST LOG-LIKELIHOOD: -44458.459
Iteration 100 / LogL: -44458.459 / Time: 0h:4m:22s (0h:7m:38s left)
Log-likelihood cutoff on original alignment: -44496.593
NOTE: Bootstrap correlation coefficient of split occurrence frequencies: 0.999
Iteration 110 / LogL: -44458.459 / Time: 0h:4m:45s (0h:7m:7s left)
UPDATE BEST LOG-LIKELIHOOD: -44458.459
Iteration 120 / LogL: -44458.460 / Time: 0h:5m:11s (0h:6m:41s left)
Iteration 130 / LogL: -44458.675 / Time: 0h:5m:36s (0h:6m:13s left)
Iteration 140 / LogL: -44458.461 / Time: 0h:6m:1s (0h:5m:45s left)
Iteration 150 / LogL: -44458.459 / Time: 0h:6m:25s (0h:5m:17s left)
Log-likelihood cutoff on original alignment: -44496.593
Iteration 160 / LogL: -44459.113 / Time: 0h:6m:47s (0h:4m:49s left)
Iteration 170 / LogL: -44458.461 / Time: 0h:7m:10s (0h:4m:22s left)
Iteration 180 / LogL: -44458.460 / Time: 0h:7m:36s (0h:3m:57s left)
Iteration 190 / LogL: -44459.748 / Time: 0h:8m:1s (0h:3m:31s left)
Iteration 200 / LogL: -44459.822 / Time: 0h:8m:24s (0h:3m:5s left)
Log-likelihood cutoff on original alignment: -44496.593
NOTE: Bootstrap correlation coefficient of split occurrence frequencies: 1.000
Iteration 210 / LogL: -44459.302 / Time: 0h:8m:46s (0h:3m:46s left)
Iteration 220 / LogL: -44458.459 / Time: 0h:9m:11s (0h:3m:21s left)
Iteration 230 / LogL: -44458.614 / Time: 0h:9m:33s (0h:2m:55s left)
Iteration 240 / LogL: -44458.927 / Time: 0h:9m:56s (0h:2m:29s left)
Iteration 250 / LogL: -44460.775 / Time: 0h:10m:22s (0h:2m:5s left)
Log-likelihood cutoff on original alignment: -44495.415
Iteration 260 / LogL: -44458.926 / Time: 0h:10m:48s (0h:1m:40s left)
Iteration 270 / LogL: -44460.167 / Time: 0h:11m:11s (0h:1m:14s left)
TREE SEARCH COMPLETED AFTER 274 ITERATIONS / Time: 0h:11m:20s

--------------------------------------------------------------------
|                    FINALIZING TREE SEARCH                        |
--------------------------------------------------------------------
Performs final model parameters optimization
Estimate model parameters (epsilon = 0.010)
1. Initial log-likelihood: -44458.459
Optimal log-likelihood: -44458.459
Proportion of invariable sites: 0.010
Gamma shape alpha: 1.180
Parameters optimization took 1 rounds (0.258 sec)
BEST SCORE FOUND : -44458.459
Creating bootstrap support values...
Split supports printed to NEXUS file results_broccoli_meto/alignments_prefiltering/OG_12900.iqtree.splits.nex
Total tree length: 46.089

Total number of iterations: 274
CPU time used for tree search: 1311.868 sec (0h:21m:51s)
Wall-clock time used for tree search: 671.843 sec (0h:11m:11s)
Total CPU time used: 1329.402 sec (0h:22m:9s)
Total wall-clock time used: 681.803 sec (0h:11m:21s)

Computing bootstrap consensus tree...
Reading input file results_broccoli_meto/alignments_prefiltering/OG_12900.iqtree.splits.nex...
73 taxa and 340 splits.
Consensus tree written to results_broccoli_meto/alignments_prefiltering/OG_12900.iqtree.contree
Reading input trees file results_broccoli_meto/alignments_prefiltering/OG_12900.iqtree.contree
Log-likelihood of consensus tree: -44458.465

Analysis results written to: 
  IQ-TREE report:                results_broccoli_meto/alignments_prefiltering/OG_12900.iqtree.iqtree
  Maximum-likelihood tree:       results_broccoli_meto/alignments_prefiltering/OG_12900.iqtree.treefile
  Likelihood distances:          results_broccoli_meto/alignments_prefiltering/OG_12900.iqtree.mldist

Ultrafast bootstrap approximation results written to:
  Split support values:          results_broccoli_meto/alignments_prefiltering/OG_12900.iqtree.splits.nex
  Consensus tree:                results_broccoli_meto/alignments_prefiltering/OG_12900.iqtree.contree
  Screen log file:               results_broccoli_meto/alignments_prefiltering/OG_12900.iqtree.log

Date and Time: Mon Dec 12 16:59:07 2022
