IQ-TREE multicore version 2.1.0 for Linux 64-bit built Jul 18 2020
Developed by Bui Quang Minh, James Barbetti, Nguyen Lam Tung,
Olga Chernomor, Heiko Schmidt, Dominik Schrempf, Michael Woodhams.

Host:    node-hp0507.linux.crg.es (AVX, 125 GB RAM)
Command: /users/asebe/xgraubove/Programes/iqtree-2.1.0-Linux/bin/iqtree2 -s results_broccoli_meto/alignments_prefiltering/OG_11662.lt.fasta -m TEST -mset LG,WAG,JTT -nt AUTO -ntmax 2 -bb 1000 -pre results_broccoli_meto/alignments_prefiltering/OG_11662.iqtree -nm 10000 -nstop 200 -cptime 1800
Seed:    488338 (Using SPRNG - Scalable Parallel Random Number Generator)
Time:    Mon Dec 12 14:28:23 2022
Kernel:  AVX - auto-detect threads (2 CPU cores detected)

Reading alignment file results_broccoli_meto/alignments_prefiltering/OG_11662.lt.fasta ... Fasta format detected
Alignment most likely contains protein sequences
Alignment has 34 sequences with 129 columns, 129 distinct patterns
126 parsimony-informative, 0 singleton sites, 3 constant sites
                                        Gap/Ambiguity  Composition  p-value
   1  HoiH23_PlH23_001510-RA                   30.23%    passed     83.85%
   2  HoiH06_mRNA10112                          3.88%    passed     49.01%
   3  HoiH11_mRNA4953                           4.65%    passed     76.24%
   4  Hhon_g10120.t1                            3.88%    passed     95.91%
   5  HoiH04_mRNA14781                          3.88%    passed     93.35%
   6  TrH2_TrispH2_001373-RA                    0.78%    passed     70.77%
   7  Tadh_hyp_clust2733.t1                    43.41%    passed     29.85%
   8  Cgig_XM_011442881.3                       5.43%    passed     86.70%
   9  Fspp_ffun1.m4.19045.m1                    6.20%    passed     68.70%
  10  Gfas_gfas1.m1.22686.m1                   23.26%    passed     72.89%
  11  Spis_XP_022789496_1                       6.20%    passed     81.38%
  12  Pocdam_XM_027193333.1                     6.20%    passed     73.07%
  13  Adig_XM_015917092.1                      12.40%    passed     66.22%
  14  Nvec_v1g246523                            0.78%    passed     49.87%
  15  Spur_XM_030995611.1                       7.75%    passed     45.15%
  16  Acagra_model.g11714.t1                    5.43%    passed     37.61%
  17  Hsap_ENST00000252329                      6.98%    passed      7.10%
  18  Sanmal_Sma_011513-T1                      5.43%    passed     37.77%
  19  Aaur_scaffold72.g9.t1                     1.55%    passed     82.85%
  20  Nemnom_g19125.t1                          1.55%    passed     92.36%
  21  Rhoesc_Res_016138-T1                      1.55%    passed     70.70%
  22  Morvir_scaffold60.g29.t1                  0.78%    passed     41.21%
  23  Dgig_XM_028547800.1                       3.88%    passed     61.80%
  24  Xesp_001088-T1                            4.65%    passed     91.74%
  25  Tetwil_g7486.t2                           6.98%    passed     26.60%
  26  Opea_EP00118_Oscarella_pearsei_P027689    3.88%    passed     85.31%
  27  Pbac_sb2661443                            2.33%    passed     96.09%
  28  Cscu_XM_023376406.1                       7.75%    passed     57.01%
  29  Dpul_mRNA10714                            5.43%    passed     78.27%
  30  Hvul_g4935_1                              2.33%    passed     17.97%
  31  Chem_TCONS_00051831                       1.55%    passed     42.21%
  32  Lcom_lcpid75980                           4.65%    failed      2.25%
  33  Scil_scict014372.1                        3.10%    passed     51.44%
  34  Aque_Aqu2.1.33584_001                     4.65%    passed     33.73%
****  TOTAL                                     6.86%  1 sequences failed composition chi2 test (p-value<5%; df=19)


Create initial parsimony tree by phylogenetic likelihood library (PLL)... 0.003 seconds
Measuring multi-threading efficiency up to 2 CPU cores
Increase to 10 rounds for branch lengths
18 trees examined
Threads: 1 / Time: 2.056 sec / Speedup: 1.000 / Efficiency: 100% / LogL: -8376
Threads: 2 / Time: 1.184 sec / Speedup: 1.737 / Efficiency: 87% / LogL: -8376
BEST NUMBER OF THREADS: 2

Perform fast likelihood tree search using LG+I+G model...
Estimate model parameters (epsilon = 5.000)
Perform nearest neighbor interchange...
Estimate model parameters (epsilon = 1.000)
1. Initial log-likelihood: -6805.848
Optimal log-likelihood: -6805.809
Proportion of invariable sites: 0.011
Gamma shape alpha: 1.404
Parameters optimization took 1 rounds (0.047 sec)
Time for fast ML tree search: 0.239 seconds

NOTE: ModelFinder requires 3 MB RAM!
ModelFinder will test up to 24 protein models (sample size: 129) ...
 No. Model         -LnL         df  AIC          AICc         BIC
  1  LG            6973.416     65  14076.833    14213.023    14262.720
  2  LG+I          6955.707     66  14043.413    14186.058    14232.161
  3  LG+G4         6806.269     66  13744.538    13887.183    13933.285
  4  LG+I+G4       6805.809     67  13745.618    13894.995    13937.225
  7  LG+F+G4       6790.160     85  13750.320    14090.320    13993.404
  8  LG+F+I+G4     6789.562     86  13751.123    14107.409    13997.067
 11  WAG+G4        6848.253     66  13828.506    13971.151    14017.254
 12  WAG+I+G4      6847.429     67  13828.858    13978.235    14020.465
 15  WAG+F+G4      6817.906     85  13805.812    14145.812    14048.896
 16  WAG+F+I+G4    6816.972     86  13805.944    14162.230    14051.888
 19  JTT+G4        6856.173     66  13844.345    13986.991    14033.093
 20  JTT+I+G4      6854.912     67  13843.824    13993.201    14035.431
 23  JTT+F+G4      6829.316     85  13828.632    14168.632    14071.716
 24  JTT+F+I+G4    6828.085     86  13828.171    14184.457    14074.115
Akaike Information Criterion:           LG+G4
Corrected Akaike Information Criterion: LG+G4
Bayesian Information Criterion:         LG+G4
Best-fit model: LG+G4 chosen according to BIC

All model information printed to results_broccoli_meto/alignments_prefiltering/OG_11662.iqtree.model.gz
CPU time for ModelFinder: 7.293 seconds (0h:0m:7s)
Wall-clock time for ModelFinder: 4.633 seconds (0h:0m:4s)
Generating 1000 samples for ultrafast bootstrap (seed: 488338)...

NOTE: 3 MB RAM (0 GB) is required!
Estimate model parameters (epsilon = 0.100)
1. Initial log-likelihood: -6806.269
Optimal log-likelihood: -6806.268
Gamma shape alpha: 1.290
Parameters optimization took 1 rounds (0.021 sec)
Computing ML distances based on estimated model parameters...
Computing ML distances took 0.080861 sec (of wall-clock time) 0.161493 sec(of CPU time)
Computing RapidNJ tree took 0.000357 sec (of wall-clock time) 0.000697 sec (of CPU time)
Log-likelihood of RapidNJ tree: -6846.680
--------------------------------------------------------------------
|             INITIALIZING CANDIDATE TREE SET                      |
--------------------------------------------------------------------
Generating 98 parsimony trees... 0.369 second
Computing log-likelihood of 98 initial trees ... 0.802 seconds
Current best score: -6806.268

Do NNI search on 20 best initial trees
Estimate model parameters (epsilon = 0.100)
BETTER TREE FOUND at iteration 1: -6806.268
Estimate model parameters (epsilon = 0.100)
BETTER TREE FOUND at iteration 4: -6804.104
Iteration 10 / LogL: -6812.837 / Time: 0h:0m:2s
Estimate model parameters (epsilon = 0.100)
BETTER TREE FOUND at iteration 14: -6803.441
Iteration 20 / LogL: -6813.683 / Time: 0h:0m:4s
Finish initializing candidate tree set (12)
Current best tree score: -6803.441 / CPU time: 3.949
Number of iterations: 20
--------------------------------------------------------------------
|               OPTIMIZING CANDIDATE TREE SET                      |
--------------------------------------------------------------------
Estimate model parameters (epsilon = 0.100)
BETTER TREE FOUND at iteration 27: -6802.983
Iteration 30 / LogL: -6804.133 / Time: 0h:0m:5s (0h:0m:40s left)
Iteration 40 / LogL: -6803.065 / Time: 0h:0m:7s (0h:0m:36s left)
Iteration 50 / LogL: -6806.282 / Time: 0h:0m:9s (0h:0m:34s left)
Log-likelihood cutoff on original alignment: -6840.592
Iteration 60 / LogL: -6804.887 / Time: 0h:0m:11s (0h:0m:31s left)
UPDATE BEST LOG-LIKELIHOOD: -6802.982
Iteration 70 / LogL: -6803.930 / Time: 0h:0m:12s (0h:0m:29s left)
Iteration 80 / LogL: -6803.932 / Time: 0h:0m:14s (0h:0m:27s left)
Iteration 90 / LogL: -6802.984 / Time: 0h:0m:16s (0h:0m:25s left)
UPDATE BEST LOG-LIKELIHOOD: -6802.975
Iteration 100 / LogL: -6854.892 / Time: 0h:0m:18s (0h:0m:23s left)
Log-likelihood cutoff on original alignment: -6840.592
NOTE: Bootstrap correlation coefficient of split occurrence frequencies: 0.998
Iteration 110 / LogL: -6803.059 / Time: 0h:0m:20s (0h:0m:21s left)
Iteration 120 / LogL: -6805.693 / Time: 0h:0m:22s (0h:0m:19s left)
Iteration 130 / LogL: -6802.999 / Time: 0h:0m:24s (0h:0m:18s left)
Iteration 140 / LogL: -6804.156 / Time: 0h:0m:25s (0h:0m:16s left)
Iteration 150 / LogL: -6818.952 / Time: 0h:0m:27s (0h:0m:14s left)
Log-likelihood cutoff on original alignment: -6840.592
Iteration 160 / LogL: -6802.991 / Time: 0h:0m:29s (0h:0m:12s left)
Iteration 170 / LogL: -6803.083 / Time: 0h:0m:30s (0h:0m:10s left)
Iteration 180 / LogL: -6803.075 / Time: 0h:0m:32s (0h:0m:8s left)
Iteration 190 / LogL: -6803.010 / Time: 0h:0m:34s (0h:0m:6s left)
Iteration 200 / LogL: -6803.228 / Time: 0h:0m:36s (0h:0m:4s left)
Log-likelihood cutoff on original alignment: -6840.592
NOTE: Bootstrap correlation coefficient of split occurrence frequencies: 0.998
Iteration 210 / LogL: -6803.045 / Time: 0h:0m:38s (0h:0m:16s left)
Iteration 220 / LogL: -6803.030 / Time: 0h:0m:40s (0h:0m:14s left)
TREE SEARCH COMPLETED AFTER 228 ITERATIONS / Time: 0h:0m:41s

--------------------------------------------------------------------
|                    FINALIZING TREE SEARCH                        |
--------------------------------------------------------------------
Performs final model parameters optimization
Estimate model parameters (epsilon = 0.010)
1. Initial log-likelihood: -6802.975
Optimal log-likelihood: -6802.968
Gamma shape alpha: 1.326
Parameters optimization took 1 rounds (0.024 sec)
BEST SCORE FOUND : -6802.968
Creating bootstrap support values...
Split supports printed to NEXUS file results_broccoli_meto/alignments_prefiltering/OG_11662.iqtree.splits.nex
Total tree length: 24.488

Total number of iterations: 228
CPU time used for tree search: 81.916 sec (0h:1m:21s)
Wall-clock time used for tree search: 41.263 sec (0h:0m:41s)
Total CPU time used: 82.566 sec (0h:1m:22s)
Total wall-clock time used: 41.645 sec (0h:0m:41s)

Computing bootstrap consensus tree...
Reading input file results_broccoli_meto/alignments_prefiltering/OG_11662.iqtree.splits.nex...
34 taxa and 305 splits.
Consensus tree written to results_broccoli_meto/alignments_prefiltering/OG_11662.iqtree.contree
Reading input trees file results_broccoli_meto/alignments_prefiltering/OG_11662.iqtree.contree
Log-likelihood of consensus tree: -6805.305

Analysis results written to: 
  IQ-TREE report:                results_broccoli_meto/alignments_prefiltering/OG_11662.iqtree.iqtree
  Maximum-likelihood tree:       results_broccoli_meto/alignments_prefiltering/OG_11662.iqtree.treefile
  Likelihood distances:          results_broccoli_meto/alignments_prefiltering/OG_11662.iqtree.mldist

Ultrafast bootstrap approximation results written to:
  Split support values:          results_broccoli_meto/alignments_prefiltering/OG_11662.iqtree.splits.nex
  Consensus tree:                results_broccoli_meto/alignments_prefiltering/OG_11662.iqtree.contree
  Screen log file:               results_broccoli_meto/alignments_prefiltering/OG_11662.iqtree.log

Date and Time: Mon Dec 12 14:29:09 2022
