IQ-TREE multicore version 2.1.0 for Linux 64-bit built Jul 18 2020
Developed by Bui Quang Minh, James Barbetti, Nguyen Lam Tung,
Olga Chernomor, Heiko Schmidt, Dominik Schrempf, Michael Woodhams.

Host:    node-hp0306.linux.crg.es (AVX, 125 GB RAM)
Command: /users/asebe/xgraubove/Programes/iqtree-2.1.0-Linux/bin/iqtree2 -s results_broccoli_meto/alignments_prefiltering/OG_13628.lt.fasta -m TEST -mset LG,WAG,JTT -nt AUTO -ntmax 2 -bb 1000 -pre results_broccoli_meto/alignments_prefiltering/OG_13628.iqtree -nm 10000 -nstop 200 -cptime 1800
Seed:    749205 (Using SPRNG - Scalable Parallel Random Number Generator)
Time:    Mon Dec 12 22:03:27 2022
Kernel:  AVX - auto-detect threads (2 CPU cores detected)

Reading alignment file results_broccoli_meto/alignments_prefiltering/OG_13628.lt.fasta ... Fasta format detected
Alignment most likely contains protein sequences
Alignment has 103 sequences with 502 columns, 502 distinct patterns
497 parsimony-informative, 0 singleton sites, 5 constant sites
                                                               Gap/Ambiguity  Composition  p-value
   1  Pbac_sb2652207                                                  84.46%    failed      0.08%
   2  Pbac_sb2663142                                                   9.96%    passed     66.44%
   3  Horcal_Hcv1.av93.c2.g1303.i1                                     9.76%    passed     34.49%
   4  Bolinf_Binf_sb1281430                                           14.14%    passed     82.27%
   5  Mertsp_Mesp_sb591135                                            45.42%    passed      8.53%
   6  Bolinf_Binf_sb1281431                                           23.90%    passed     85.12%
   7  Mertsp_Mesp_sb554174                                            65.34%    failed      2.30%
   8  Bolinf_Binf_sb1281432                                           55.18%    passed     32.12%
   9  Bolinf_Binf_sb1281433                                           56.97%    passed     37.63%
  10  Mlei_ML0724.g6.i1                                                8.96%    passed     82.05%
  11  Vmul_sbMO427073                                                 66.73%    passed     84.20%
  12  Mertsp_Mesp_sb562434                                            59.56%    passed     86.92%
  13  Beraby_Baby_sb339921                                            49.40%    failed      2.41%
  14  Beraby_Baby_sb339920                                             9.16%    passed     75.86%
  15  Mertsp_Mesp_sb591137                                             9.96%    passed     18.46%
  16  Coeast_Cast_sb770035                                            52.19%    passed     12.50%
  17  Coeast_Cast_sb770036                                            53.19%    passed     10.33%
  18  Coemet_Cmet_C606798_01                                           7.57%    passed     95.57%
  19  Vmul_Simscaffold8289_01                                         10.36%    passed     74.81%
  20  Lampan_Lpan_1075_01                                             55.78%    passed     25.59%
  21  Eupdun_Edun_sb10637547                                          39.64%    passed     19.21%
  22  Plajan_Pjan_scaffold9882_01                                     34.86%    passed     32.21%
  23  Acagra_model.g12191.t1.2.5d3b86e1                                3.78%    passed     63.97%
  24  Lcom_lcpid243147                                                80.68%    failed      0.76%
  25  Scil_scict000454.3                                               4.38%    passed     25.48%
  26  Gracom_Gcom_scaffold11103_01                                    12.75%    passed     58.31%
  27  Gracom_Gcom_scaffold11104_01                                     9.96%    passed     53.28%
  28  Lcom_lcpid68113                                                  4.38%    passed     16.38%
  29  Clacor_Ccor_C529413_01                                          44.22%    passed     56.15%
  30  Leuniv_Lniv_scaffold25616_01                                    26.69%    failed      0.88%
  31  Clacor_Ccor_scaffold9343_01                                     62.75%    passed     33.42%
  32  Dpul_mRNA4791                                                    4.38%    passed     22.41%
  33  Tcas_TC000537_001                                                6.97%    passed     96.59%
  34  Opea_EP00118_Oscarella_pearsei_P025916                          39.84%    passed     76.00%
  35  Opea_EP00118_Oscarella_pearsei_P022741                          44.62%    failed      0.44%
  36  Ocar_g4840                                                      21.91%    passed     30.77%
  37  Sanmal_Sma_011564-T1                                             6.57%    passed     41.23%
  38  Nemnom_g3799.t1                                                  6.97%    passed     24.88%
  39  Rhoesc_Res_016458-T1                                             5.18%    passed     23.49%
  40  Plajan_Pjan_scaffold9883_01                                     66.93%    passed     87.40%
  41  Chem_TCONS_00058531                                              5.18%    passed     87.14%
  42  Hvul_g12524_1                                                   71.31%    passed     58.85%
  43  Fspp_ffun1.m4.22256.m1                                           4.18%    passed     75.97%
  44  Gasp_gasp1.m3.30545.m1                                           8.96%    passed     89.71%
  45  Spis_XP_022779787_1                                              3.59%    passed     80.03%
  46  Pocdam_XM_027195228.1                                            3.98%    passed     88.07%
  47  Adig_XM_015894841.1                                             54.98%    passed     10.84%
  48  Amil_Amillepora32107-RA                                          9.96%    passed     58.47%
  49  Adig_XM_015903497.1                                             75.90%    failed      0.02%
  50  Gfas_gfas1.m1.4930.m1                                           28.69%    passed     33.80%
  51  Exapal_XM_021062186.2                                            5.98%    passed     24.14%
  52  Nvec_v1g245724                                                   5.38%    passed     84.73%
  53  Tetwil_g5064.t2                                                  7.57%    passed     98.25%
  54  Stycar_snap_masked-SC_scaffold1389-processed-gene-0.14-mRNA-1    7.77%    passed     87.58%
  55  Spolac_c101421_g1_i1_m.25570c101421-g1                           8.57%    failed      4.69%
  56  Ctel_gnl_WGS_AMQN_CAPTEDRAFT_mRNA173651                          5.98%    passed     12.51%
  57  Dgig_XM_028549604.1                                              6.97%    passed     21.62%
  58  Xesp_000840-T1                                                   6.97%    passed     19.21%
  59  Skow_XM_006816077.1                                             31.08%    passed     38.88%
  60  Spur_XM_030995563.1                                              2.19%    passed     99.58%
  61  HoiH06_mRNA6784                                                 42.23%    passed     23.90%
  62  HoiH23_PlH23_008363-RA                                           7.57%    passed     26.86%
  63  Hhon_g06846.t1                                                   7.37%    passed     52.02%
  64  HoiH04_mRNA13390                                                 7.37%    passed     43.71%
  65  HoiH11_mRNA4913                                                  8.96%    passed      5.66%
  66  TrH2_TrispH2_008100-RA                                           7.77%    passed     63.21%
  67  Tadh_TriadT64136                                                 7.77%    passed     63.21%
  68  Cgig_XM_011433748.3                                              6.57%    passed     52.83%
  69  Skow_XM_006811796.1                                             79.68%    passed     11.51%
  70  Bralan_BLAG13000675_1                                            2.39%    passed      9.47%
  71  Morvir_scaffold428.g9.t1                                         5.78%    passed     38.76%
  72  Hsap_ENST00000592741                                             6.57%    failed      0.73%
  73  Aque_Aqu2.1.06256_001                                           14.54%    passed     93.28%
  74  Aque_Aqu2.1.15843_001                                            8.96%    passed     89.00%
  75  Halamb_c47582_g1_i1m.22606                                       8.17%    passed     72.32%
  76  Cscu_XM_023379375.1                                              3.78%    passed     44.58%
  77  Aaur_scaffold711.g1.t1                                          75.90%    failed      2.29%
  78  Hvul_g12526_1                                                   35.46%    passed     94.08%
  79  Ctel_gnl_WGS_AMQN_CAPTEDRAFT_mRNA200240                         51.00%    failed      3.14%
  80  Cscu_XM_023374276.1                                             76.49%    failed      0.78%
  81  Skow_XM_006823245.1                                             80.08%    passed     15.27%
  82  Spis_XP_022786331_1                                             77.49%    failed      0.57%
  83  Pocdam_XM_027188438.1                                           77.49%    failed      0.16%
  84  Gasp_gasp1.m3.9685.m1                                           77.49%    failed      0.06%
  85  Gfas_gfas1.m1.16190.m1                                          77.49%    failed      0.92%
  86  Amil_Amillepora20421-RA                                         77.49%    failed      0.11%
  87  Amil_Amillepora20432-RA                                         77.49%    failed      0.13%
  88  Adig_XM_015901864.1                                             77.49%    failed      0.02%
  89  Rhoesc_Res_012831-T1                                            78.88%    failed      1.92%
  90  Hvul_g18350_1                                                   82.87%    failed      1.18%
  91  Aaur_scaffold409.g9.t1                                          80.48%    failed      0.75%
  92  Leuniv_Lniv_C812862_01                                          50.80%    failed      0.13%
  93  Lcom_lcpid69046                                                 50.40%    passed     10.24%
  94  Scil_scict020019.1                                              50.20%    failed      0.03%
  95  Acagra_model.g19217.t1.1.5d3b8997                               50.20%    failed      1.34%
  96  Bralan_BLAG12000572_1                                           75.70%    failed      1.64%
  97  Spur_XM_011679703.2                                             50.40%    failed      0.55%
  98  Cgig_XM_011428408.3                                             51.20%    failed      1.15%
  99  Clacor_Ccor_C525337_01                                          61.16%    failed      0.00%
 100  Mertsp_Mesp_sb570452                                            79.88%    passed     11.14%
 101  Mlei_ML0864.g11.i1                                              79.08%    passed     33.85%
 102  Eupdun_Edun_sb10643479                                          79.88%    failed      1.63%
 103  Horcal_Hcv1.av93.c11.g180.i1                                    80.08%    failed      0.08%
WARNING: 42 sequences contain more than 50% gaps/ambiguity
****  TOTAL                                                           36.10%  31 sequences failed composition chi2 test (p-value<5%; df=19)
NOTE: Tadh_TriadT64136 is identical to TrH2_TrispH2_008100-RA but kept for subsequent analysis


Create initial parsimony tree by phylogenetic likelihood library (PLL)... 0.109 seconds
Measuring multi-threading efficiency up to 2 CPU cores
Increase to 10 rounds for branch lengths
2 trees examined
Threads: 1 / Time: 3.012 sec / Speedup: 1.000 / Efficiency: 100% / LogL: -62993
Threads: 2 / Time: 1.561 sec / Speedup: 1.930 / Efficiency: 96% / LogL: -62993
BEST NUMBER OF THREADS: 2

Perform fast likelihood tree search using LG+I+G model...
Estimate model parameters (epsilon = 5.000)
Perform nearest neighbor interchange...
Estimate model parameters (epsilon = 1.000)
1. Initial log-likelihood: -44599.964
Optimal log-likelihood: -44599.861
Proportion of invariable sites: 0.009
Gamma shape alpha: 1.531
Parameters optimization took 1 rounds (0.277 sec)
Time for fast ML tree search: 3.326 seconds

NOTE: ModelFinder requires 35 MB RAM!
ModelFinder will test up to 24 protein models (sample size: 502) ...
 No. Model         -LnL         df  AIC          AICc         BIC
  1  LG            46009.760    203 92425.521    92703.453    93281.896
  2  LG+I          45901.718    204 92211.436    92493.052    93072.031
  3  LG+G4         44617.338    204 89642.676    89924.292    90503.270
  4  LG+I+G4       44599.850    205 89609.701    89895.039    90474.514
  8  LG+F+I+G4     44797.602    224 90043.205    90407.104    90988.171
 12  WAG+I+G4      44660.421    205 89730.841    90016.179    90595.654
 16  WAG+F+I+G4    44875.967    224 90199.935    90563.833    91144.901
 20  JTT+I+G4      44981.612    205 90373.225    90658.563    91238.038
 24  JTT+F+I+G4    45039.138    224 90526.276    90890.175    91471.243
Akaike Information Criterion:           LG+I+G4
Corrected Akaike Information Criterion: LG+I+G4
Bayesian Information Criterion:         LG+I+G4
Best-fit model: LG+I+G4 chosen according to BIC

All model information printed to results_broccoli_meto/alignments_prefiltering/OG_13628.iqtree.model.gz
CPU time for ModelFinder: 27.818 seconds (0h:0m:27s)
Wall-clock time for ModelFinder: 15.832 seconds (0h:0m:15s)
Generating 1000 samples for ultrafast bootstrap (seed: 749205)...

NOTE: 35 MB RAM (0 GB) is required!
Estimate model parameters (epsilon = 0.100)
Thoroughly optimizing +I+G parameters from 10 start values...
Init pinv, alpha: 0.000, 1.528 / Estimate: 0.009, 1.524 / LogL: -44599.846
Init pinv, alpha: 0.001, 1.528 / Estimate: 0.009, 1.527 / LogL: -44599.848
Init pinv, alpha: 0.002, 1.528 / Estimate: 0.009, 1.527 / LogL: -44599.851
Init pinv, alpha: 0.003, 1.528 / Estimate: 0.009, 1.528 / LogL: -44599.850
Init pinv, alpha: 0.004, 1.528 / Estimate: 0.009, 1.528 / LogL: -44599.849
Init pinv, alpha: 0.006, 1.528 / Estimate: 0.009, 1.528 / LogL: -44599.848
Init pinv, alpha: 0.007, 1.528 / Estimate: 0.009, 1.526 / LogL: -44599.847
Init pinv, alpha: 0.008, 1.528 / Estimate: 0.009, 1.526 / LogL: -44599.848
Init pinv, alpha: 0.009, 1.528 / Estimate: 0.009, 1.526 / LogL: -44599.847
Init pinv, alpha: 0.010, 1.528 / Estimate: 0.009, 1.526 / LogL: -44599.847
Optimal pinv,alpha: 0.009, 1.524 / LogL: -44599.846

Parameters optimization took 5.738 sec
Computing ML distances based on estimated model parameters...
Computing ML distances took 0.789730 sec (of wall-clock time) 1.568688 sec(of CPU time)
WARNING: Some pairwise ML distances are too long (saturated)
Computing RapidNJ tree took 0.001649 sec (of wall-clock time) 0.002254 sec (of CPU time)
Log-likelihood of RapidNJ tree: -46591.843
--------------------------------------------------------------------
|             INITIALIZING CANDIDATE TREE SET                      |
--------------------------------------------------------------------
Generating 98 parsimony trees... 5.158 second
Computing log-likelihood of 98 initial trees ... 9.082 seconds
Current best score: -44599.846

Do NNI search on 20 best initial trees
Estimate model parameters (epsilon = 0.100)
BETTER TREE FOUND at iteration 1: -44599.808
Estimate model parameters (epsilon = 0.100)
BETTER TREE FOUND at iteration 2: -44553.771
Estimate model parameters (epsilon = 0.100)
BETTER TREE FOUND at iteration 6: -44552.898
Estimate model parameters (epsilon = 0.100)
BETTER TREE FOUND at iteration 8: -44550.163
Iteration 10 / LogL: -44560.252 / Time: 0h:0m:49s
Iteration 20 / LogL: -44585.220 / Time: 0h:1m:13s
Finish initializing candidate tree set (20)
Current best tree score: -44550.163 / CPU time: 64.440
Number of iterations: 20
--------------------------------------------------------------------
|               OPTIMIZING CANDIDATE TREE SET                      |
--------------------------------------------------------------------
Iteration 30 / LogL: -44551.920 / Time: 0h:1m:40s (0h:10m:18s left)
Estimate model parameters (epsilon = 0.100)
BETTER TREE FOUND at iteration 33: -44548.885
Iteration 40 / LogL: -44549.972 / Time: 0h:2m:8s (0h:10m:34s left)
UPDATE BEST LOG-LIKELIHOOD: -44548.885
Iteration 50 / LogL: -44550.503 / Time: 0h:2m:34s (0h:9m:36s left)
Log-likelihood cutoff on original alignment: -44611.410
Iteration 60 / LogL: -44549.238 / Time: 0h:3m:2s (0h:8m:54s left)
Iteration 70 / LogL: -44548.886 / Time: 0h:3m:29s (0h:8m:15s left)
UPDATE BEST LOG-LIKELIHOOD: -44548.885
Iteration 80 / LogL: -44548.964 / Time: 0h:3m:54s (0h:7m:34s left)
Iteration 90 / LogL: -44548.964 / Time: 0h:4m:21s (0h:6m:59s left)
Iteration 100 / LogL: -44548.885 / Time: 0h:4m:50s (0h:6m:29s left)
Log-likelihood cutoff on original alignment: -44611.410
NOTE: Bootstrap correlation coefficient of split occurrence frequencies: 0.997
Iteration 110 / LogL: -44548.886 / Time: 0h:5m:16s (0h:5m:56s left)
Iteration 120 / LogL: -44548.920 / Time: 0h:5m:45s (0h:5m:27s left)
Iteration 130 / LogL: -44560.415 / Time: 0h:6m:14s (0h:4m:58s left)
UPDATE BEST LOG-LIKELIHOOD: -44548.885
Iteration 140 / LogL: -44551.686 / Time: 0h:6m:40s (0h:4m:27s left)
Iteration 150 / LogL: -44566.937 / Time: 0h:7m:8s (0h:3m:58s left)
Log-likelihood cutoff on original alignment: -44611.410
Iteration 160 / LogL: -44548.886 / Time: 0h:7m:38s (0h:3m:30s left)
UPDATE BEST LOG-LIKELIHOOD: -44548.885
Iteration 170 / LogL: -44562.486 / Time: 0h:8m:7s (0h:3m:1s left)
Iteration 180 / LogL: -44548.885 / Time: 0h:8m:34s (0h:2m:32s left)
Iteration 190 / LogL: -44548.885 / Time: 0h:9m:1s (0h:2m:3s left)
Iteration 200 / LogL: -44549.182 / Time: 0h:9m:27s (0h:1m:34s left)
Log-likelihood cutoff on original alignment: -44611.410
NOTE: Bootstrap correlation coefficient of split occurrence frequencies: 0.999
Iteration 210 / LogL: -44549.238 / Time: 0h:9m:54s (0h:4m:16s left)
Iteration 220 / LogL: -44548.921 / Time: 0h:10m:22s (0h:3m:47s left)
Iteration 230 / LogL: -44548.925 / Time: 0h:10m:50s (0h:3m:18s left)
TREE SEARCH COMPLETED AFTER 234 ITERATIONS / Time: 0h:11m:2s

--------------------------------------------------------------------
|                    FINALIZING TREE SEARCH                        |
--------------------------------------------------------------------
Performs final model parameters optimization
Estimate model parameters (epsilon = 0.010)
1. Initial log-likelihood: -44548.885
Optimal log-likelihood: -44548.885
Proportion of invariable sites: 0.009
Gamma shape alpha: 1.523
Parameters optimization took 1 rounds (0.281 sec)
BEST SCORE FOUND : -44548.885
Creating bootstrap support values...
Split supports printed to NEXUS file results_broccoli_meto/alignments_prefiltering/OG_13628.iqtree.splits.nex
Total tree length: 58.338

Total number of iterations: 234
CPU time used for tree search: 1290.157 sec (0h:21m:30s)
Wall-clock time used for tree search: 653.525 sec (0h:10m:53s)
Total CPU time used: 1309.199 sec (0h:21m:49s)
Total wall-clock time used: 663.313 sec (0h:11m:3s)

Computing bootstrap consensus tree...
Reading input file results_broccoli_meto/alignments_prefiltering/OG_13628.iqtree.splits.nex...
103 taxa and 660 splits.
Consensus tree written to results_broccoli_meto/alignments_prefiltering/OG_13628.iqtree.contree
Reading input trees file results_broccoli_meto/alignments_prefiltering/OG_13628.iqtree.contree
Log-likelihood of consensus tree: -44548.891

Analysis results written to: 
  IQ-TREE report:                results_broccoli_meto/alignments_prefiltering/OG_13628.iqtree.iqtree
  Maximum-likelihood tree:       results_broccoli_meto/alignments_prefiltering/OG_13628.iqtree.treefile
  Likelihood distances:          results_broccoli_meto/alignments_prefiltering/OG_13628.iqtree.mldist

Ultrafast bootstrap approximation results written to:
  Split support values:          results_broccoli_meto/alignments_prefiltering/OG_13628.iqtree.splits.nex
  Consensus tree:                results_broccoli_meto/alignments_prefiltering/OG_13628.iqtree.contree
  Screen log file:               results_broccoli_meto/alignments_prefiltering/OG_13628.iqtree.log

Date and Time: Mon Dec 12 22:14:48 2022
