IQ-TREE multicore version 2.1.0 for Linux 64-bit built Jul 18 2020
Developed by Bui Quang Minh, James Barbetti, Nguyen Lam Tung,
Olga Chernomor, Heiko Schmidt, Dominik Schrempf, Michael Woodhams.

Host:    node-hp0108.linux.crg.es (AVX, 125 GB RAM)
Command: /users/asebe/xgraubove/Programes/iqtree-2.1.0-Linux/bin/iqtree2 -s results_broccoli_meto/alignments_prefiltering/OG_1047.lt.fasta -m TEST -mset LG,WAG,JTT -nt AUTO -ntmax 2 -bb 1000 -pre results_broccoli_meto/alignments_prefiltering/OG_1047.iqtree -nm 10000 -nstop 200 -cptime 1800
Seed:    614797 (Using SPRNG - Scalable Parallel Random Number Generator)
Time:    Mon Dec 12 13:10:29 2022
Kernel:  AVX - auto-detect threads (2 CPU cores detected)

Reading alignment file results_broccoli_meto/alignments_prefiltering/OG_1047.lt.fasta ... Fasta format detected
Alignment most likely contains protein sequences
Alignment has 63 sequences with 1023 columns, 1021 distinct patterns
987 parsimony-informative, 0 singleton sites, 36 constant sites
                                                      Gap/Ambiguity  Composition  p-value
   1  Lcom_lcpid23672                                        13.20%    failed      0.00%
   2  Lcom_lcpid18524                                        26.30%    failed      0.01%
   3  Leuniv_Lniv_scaffold25557_01                           15.35%    failed      0.00%
   4  Scil_scict009220.2                                     42.91%    failed      0.00%
   5  Gracom_Gcom_scaffold17532_01                           50.93%    failed      0.00%
   6  Clacor_Ccor_scaffold15481_01                           46.53%    failed      0.31%
   7  Emue_Em0022g196a.t1                                    15.93%    passed     79.13%
   8  Spolac_c104101_g2_i2_m.38168c104101-g2                 15.84%    passed     27.63%
   9  Tetwil_g12380.t1                                       11.34%    failed      0.03%
  10  Aque_Aqu2.1.22257_001                                  20.14%    passed     12.83%
  11  Halamb_c45498_g1_i1m.19072                             42.33%    passed     25.42%
  12  Xestes_maker-XT_scaffold822-augustus-gene-0.3-mRNA-1   64.81%    passed     60.87%
  13  Cgig_XM_011433458.3                                    12.22%    passed     48.40%
  14  Acagra_model.g10257.t1                                 13.88%    passed     42.12%
  15  Gasp_gasp1.m3.13147.m1                                 11.14%    passed     99.64%
  16  Spis_XP_022795402_1                                    13.10%    passed     99.91%
  17  Pocdam_XM_027189531.1                                  11.24%    passed     99.93%
  18  Gfas_gfas1.m1.1671.m1                                  13.20%    passed     99.31%
  19  Amil_Amillepora08057-RA                                17.99%    passed     99.61%
  20  Adig_XM_015919264.1                                    26.20%    passed     89.71%
  21  Exapal_XM_021054576.2                                  12.22%    failed      2.09%
  22  Nvec_v1g175092                                         80.45%    passed     17.04%
  23  Bralan_BLAG06000872_1                                  12.32%    passed     40.63%
  24  Hsap_ENST00000649983                                   10.95%    failed      0.25%
  25  Hsap_ENST00000518297                                   12.32%    failed      2.32%
  26  Spur_XM_030980426.1                                    29.33%    passed     81.18%
  27  Spur_XM_030981262.1                                    78.69%    failed      1.06%
  28  Dgig_XM_028544468.1                                    13.49%    passed     68.94%
  29  Xesp_004084-T1                                         57.97%    failed      0.08%
  30  Xesp_014850-T1                                         16.81%    failed      3.26%
  31  Hvul_g6399_1                                           27.17%    failed      0.02%
  32  Sanmal_Sma_010692-T1                                   13.88%    passed     74.48%
  33  Aaur_scaffold2287.g2.t1                                74.58%    failed      0.00%
  34  Nemnom_g15379.t1                                       26.30%    passed     84.06%
  35  Rhoesc_Res_000429-T1                                   14.08%    passed     22.41%
  36  Morvir_scaffold147.g42.t1                              14.08%    passed     48.42%
  37  Pbac_sb2655599                                         48.09%    passed      7.95%
  38  Horcal_Hcv1.av93.c7.g125.i1                            19.45%    passed     20.56%
  39  Mlei_ML1207.g57.i1                                     19.16%    passed     65.18%
  40  Vmul_sbMO421698                                        42.33%    passed     42.82%
  41  Vmul_Simscaffold16661_01                               21.21%    passed     61.53%
  42  Coemet_Cmet_scaffold19868_01                           20.92%    passed      9.49%
  43  Coeast_Cast_sb772446                                   64.22%    passed     28.34%
  44  Lampan_Lpan_4970_01                                    86.71%    passed     67.24%
  45  Beraby_Baby_sb348713                                   39.20%    passed     31.41%
  46  Opea_EP00118_Oscarella_pearsei_P025487                 24.93%    failed      0.31%
  47  Ocar_g5491                                             48.09%    failed      0.00%
  48  Plajan_Pjan_scaffold19575_01                           22.19%    failed      0.00%
  49  Tcas_TC013624_001                                      15.74%    failed      3.83%
  50  HoiH23_PlH23_005187-RA                                 17.40%    failed      1.71%
  51  HoiH06_mRNA14532                                       17.50%    failed      0.66%
  52  Hhon_g05638.t1                                         44.67%    failed      0.98%
  53  Hhon_g05639.t1                                         17.40%    failed      0.40%
  54  HoiH04_mRNA9670                                        17.40%    failed      0.59%
  55  HoiH11_mRNA7658                                        56.60%    failed      0.02%
  56  TrH2_TrispH2_007972-RA                                 17.40%    failed      0.58%
  57  Tadh_TriadT56647                                       31.67%    failed      0.16%
  58  Dpul_mRNA14278                                         13.39%    failed      1.77%
  59  Cscu_XM_023383080.1                                    17.11%    passed     69.69%
  60  Skow_XM_006813882.1                                    60.51%    passed     25.85%
  61  Ctel_gnl_WGS_AMQN_CAPTEDRAFT_mRNA201110                50.15%    passed     29.08%
  62  Plespi_Pspi_scaffold10097_01                           43.79%    passed     69.82%
  63  Lcom_lcpid79072                                        60.90%    failed      0.00%
WARNING: 12 sequences contain more than 50% gaps/ambiguity
****  TOTAL                                                  30.43%  29 sequences failed composition chi2 test (p-value<5%; df=19)


Create initial parsimony tree by phylogenetic likelihood library (PLL)... 0.090 seconds
Measuring multi-threading efficiency up to 2 CPU cores
9 trees examined
Threads: 1 / Time: 2.038 sec / Speedup: 1.000 / Efficiency: 100% / LogL: -89531
Threads: 2 / Time: 2.110 sec / Speedup: 0.966 / Efficiency: 48% / LogL: -89531
BEST NUMBER OF THREADS: 1

Perform fast likelihood tree search using LG+I+G model...
Estimate model parameters (epsilon = 5.000)
Perform nearest neighbor interchange...
Estimate model parameters (epsilon = 1.000)
1. Initial log-likelihood: -64493.175
Optimal log-likelihood: -64492.991
Proportion of invariable sites: 0.033
Gamma shape alpha: 1.571
Parameters optimization took 1 rounds (0.664 sec)
Time for fast ML tree search: 6.503 seconds

NOTE: ModelFinder requires 44 MB RAM!
ModelFinder will test up to 24 protein models (sample size: 1023) ...
 No. Model         -LnL         df  AIC          AICc         BIC
  1  LG            66847.496    123 133940.991   133974.922   134547.442
  2  LG+I          66316.804    124 132881.607   132916.128   133492.989
  3  LG+G4         64573.829    124 129395.659   129430.180   130007.040
  4  LG+I+G4       64492.992    125 129235.984   129271.101   129852.296
  8  LG+F+I+G4     64212.641    144 128713.282   128760.845   129423.273
 12  WAG+I+G4      64309.563    125 128869.127   128904.244   129485.439
 16  WAG+F+I+G4    64368.690    144 129025.380   129072.943   129735.371
 20  JTT+I+G4      64300.345    125 128850.689   128885.806   129467.001
 24  JTT+F+I+G4    64139.749    144 128567.498   128615.061   129277.490
Akaike Information Criterion:           JTT+F+I+G4
Corrected Akaike Information Criterion: JTT+F+I+G4
Bayesian Information Criterion:         JTT+F+I+G4
Best-fit model: JTT+F+I+G4 chosen according to BIC

All model information printed to results_broccoli_meto/alignments_prefiltering/OG_1047.iqtree.model.gz
CPU time for ModelFinder: 32.543 seconds (0h:0m:32s)
Wall-clock time for ModelFinder: 33.382 seconds (0h:0m:33s)
Generating 1000 samples for ultrafast bootstrap (seed: 614797)...

NOTE: 44 MB RAM (0 GB) is required!
Estimate model parameters (epsilon = 0.100)
Thoroughly optimizing +I+G parameters from 10 start values...
Init pinv, alpha: 0.000, 1.605 / Estimate: 0.032, 1.608 / LogL: -64139.747
Init pinv, alpha: 0.004, 1.605 / Estimate: 0.032, 1.607 / LogL: -64139.744
Init pinv, alpha: 0.008, 1.605 / Estimate: 0.032, 1.608 / LogL: -64139.744
Init pinv, alpha: 0.012, 1.605 / Estimate: 0.032, 1.610 / LogL: -64139.745
Init pinv, alpha: 0.016, 1.605 / Estimate: 0.032, 1.610 / LogL: -64139.748
Init pinv, alpha: 0.020, 1.605 / Estimate: 0.032, 1.609 / LogL: -64139.750
Init pinv, alpha: 0.023, 1.605 / Estimate: 0.032, 1.609 / LogL: -64139.746
Init pinv, alpha: 0.027, 1.605 / Estimate: 0.032, 1.610 / LogL: -64139.744
Init pinv, alpha: 0.031, 1.605 / Estimate: 0.032, 1.608 / LogL: -64139.744
Init pinv, alpha: 0.035, 1.605 / Estimate: 0.032, 1.607 / LogL: -64139.745
Optimal pinv,alpha: 0.032, 1.610 / LogL: -64139.744

Parameters optimization took 19.382 sec
Computing ML distances based on estimated model parameters...
Computing ML distances took 0.585552 sec (of wall-clock time) 0.582146 sec(of CPU time)
Computing RapidNJ tree took 0.000653 sec (of wall-clock time) 0.000646 sec (of CPU time)
Log-likelihood of RapidNJ tree: -64381.543
--------------------------------------------------------------------
|             INITIALIZING CANDIDATE TREE SET                      |
--------------------------------------------------------------------
Generating 98 parsimony trees... 4.063 second
Computing log-likelihood of 98 initial trees ... 20.191 seconds
Current best score: -64139.744

Do NNI search on 20 best initial trees
Estimate model parameters (epsilon = 0.100)
BETTER TREE FOUND at iteration 1: -64131.846
Estimate model parameters (epsilon = 0.100)
BETTER TREE FOUND at iteration 2: -64120.366
Iteration 10 / LogL: -64126.491 / Time: 0h:1m:26s
Iteration 20 / LogL: -64121.498 / Time: 0h:2m:3s
Finish initializing candidate tree set (13)
Current best tree score: -64120.366 / CPU time: 101.287
Number of iterations: 20
--------------------------------------------------------------------
|               OPTIMIZING CANDIDATE TREE SET                      |
--------------------------------------------------------------------
Iteration 30 / LogL: -64121.408 / Time: 0h:2m:50s (0h:16m:53s left)
Iteration 40 / LogL: -64123.173 / Time: 0h:3m:38s (0h:15m:8s left)
Iteration 50 / LogL: -64120.868 / Time: 0h:4m:22s (0h:13m:33s left)
Log-likelihood cutoff on original alignment: -64166.128
Iteration 60 / LogL: -64121.373 / Time: 0h:5m:10s (0h:12m:26s left)
Iteration 70 / LogL: -64125.259 / Time: 0h:5m:57s (0h:11m:23s left)
Iteration 80 / LogL: -64127.314 / Time: 0h:6m:39s (0h:10m:16s left)
Iteration 90 / LogL: -64120.586 / Time: 0h:7m:28s (0h:9m:24s left)
Iteration 100 / LogL: -64122.130 / Time: 0h:8m:10s (0h:8m:25s left)
Log-likelihood cutoff on original alignment: -64161.723
NOTE: Bootstrap correlation coefficient of split occurrence frequencies: 0.999
Iteration 110 / LogL: -64120.844 / Time: 0h:8m:55s (0h:7m:32s left)
Iteration 120 / LogL: -64120.897 / Time: 0h:9m:41s (0h:6m:40s left)
Iteration 130 / LogL: -64120.543 / Time: 0h:10m:28s (0h:5m:50s left)
Iteration 140 / LogL: -64123.715 / Time: 0h:11m:11s (0h:4m:59s left)
Iteration 150 / LogL: -64120.535 / Time: 0h:11m:58s (0h:4m:10s left)
Log-likelihood cutoff on original alignment: -64161.723
Iteration 160 / LogL: -64120.951 / Time: 0h:12m:46s (0h:3m:22s left)
Iteration 170 / LogL: -64120.420 / Time: 0h:13m:35s (0h:2m:34s left)
Iteration 180 / LogL: -64123.578 / Time: 0h:14m:21s (0h:1m:45s left)
Iteration 190 / LogL: -64121.406 / Time: 0h:15m:8s (0h:0m:57s left)
Iteration 200 / LogL: -64126.350 / Time: 0h:15m:55s (0h:0m:9s left)
Log-likelihood cutoff on original alignment: -64161.723
NOTE: Bootstrap correlation coefficient of split occurrence frequencies: 1.000
TREE SEARCH COMPLETED AFTER 203 ITERATIONS / Time: 0h:16m:10s

--------------------------------------------------------------------
|                    FINALIZING TREE SEARCH                        |
--------------------------------------------------------------------
Performs final model parameters optimization
Estimate model parameters (epsilon = 0.010)
1. Initial log-likelihood: -64120.366
Optimal log-likelihood: -64120.364
Proportion of invariable sites: 0.032
Gamma shape alpha: 1.598
Parameters optimization took 1 rounds (0.639 sec)
BEST SCORE FOUND : -64120.364
Creating bootstrap support values...
Split supports printed to NEXUS file results_broccoli_meto/alignments_prefiltering/OG_1047.iqtree.splits.nex
Total tree length: 36.645

Total number of iterations: 203
CPU time used for tree search: 945.433 sec (0h:15m:45s)
Wall-clock time used for tree search: 947.747 sec (0h:15m:47s)
Total CPU time used: 968.016 sec (0h:16m:8s)
Total wall-clock time used: 971.856 sec (0h:16m:11s)

Computing bootstrap consensus tree...
Reading input file results_broccoli_meto/alignments_prefiltering/OG_1047.iqtree.splits.nex...
63 taxa and 239 splits.
Consensus tree written to results_broccoli_meto/alignments_prefiltering/OG_1047.iqtree.contree
Reading input trees file results_broccoli_meto/alignments_prefiltering/OG_1047.iqtree.contree
Log-likelihood of consensus tree: -64120.364

Analysis results written to: 
  IQ-TREE report:                results_broccoli_meto/alignments_prefiltering/OG_1047.iqtree.iqtree
  Maximum-likelihood tree:       results_broccoli_meto/alignments_prefiltering/OG_1047.iqtree.treefile
  Likelihood distances:          results_broccoli_meto/alignments_prefiltering/OG_1047.iqtree.mldist

Ultrafast bootstrap approximation results written to:
  Split support values:          results_broccoli_meto/alignments_prefiltering/OG_1047.iqtree.splits.nex
  Consensus tree:                results_broccoli_meto/alignments_prefiltering/OG_1047.iqtree.contree
  Screen log file:               results_broccoli_meto/alignments_prefiltering/OG_1047.iqtree.log

Date and Time: Mon Dec 12 13:27:19 2022
