IQ-TREE multicore version 2.1.0 for Linux 64-bit built Jul 18 2020
Developed by Bui Quang Minh, James Barbetti, Nguyen Lam Tung,
Olga Chernomor, Heiko Schmidt, Dominik Schrempf, Michael Woodhams.

Host:    node-hp0514.linux.crg.es (AVX, 125 GB RAM)
Command: /users/asebe/xgraubove/Programes/iqtree-2.1.0-Linux/bin/iqtree2 -s results_broccoli_meto/alignments_prefiltering/OG_1903.lt.fasta -m TEST -mset LG,WAG,JTT -nt AUTO -ntmax 2 -bb 1000 -pre results_broccoli_meto/alignments_prefiltering/OG_1903.iqtree -nm 10000 -nstop 200 -cptime 1800
Seed:    423933 (Using SPRNG - Scalable Parallel Random Number Generator)
Time:    Tue Dec 13 00:29:34 2022
Kernel:  AVX - auto-detect threads (2 CPU cores detected)

Reading alignment file results_broccoli_meto/alignments_prefiltering/OG_1903.lt.fasta ... Fasta format detected
Alignment most likely contains protein sequences
Alignment has 73 sequences with 438 columns, 437 distinct patterns
423 parsimony-informative, 0 singleton sites, 15 constant sites
                                                         Gap/Ambiguity  Composition  p-value
   1  Lcom_lcpid139636                                          71.46%    failed      0.97%
   2  Aque_Aqu2.1.39129_001                                     31.96%    passed     44.33%
   3  Aque_Aqu2.1.39131_001                                      5.25%    passed     15.44%
   4  Xestes_maker-XT_scaffold11089-augustus-gene-0.17-mRNA-1    8.45%    passed     77.73%
   5  Halamb_c51677_g1_i1m.31136                                 4.57%    passed     71.51%
   6  Adig_XM_015898768.1                                       32.19%    passed     77.03%
   7  Amil_Amillepora18827-RA                                    7.08%    passed     97.88%
   8  Fspp_ffun1.m4.25518.m1                                     1.83%    passed     74.63%
   9  Gasp_gasp1.m3.25370.m1                                     1.37%    passed     95.20%
  10  Spis_XP_022786997_1                                       14.38%    passed     99.69%
  11  Pocdam_XM_027197526.1                                     14.61%    passed     99.66%
  12  Gfas_gfas1.m1.18296.m1                                    15.75%    passed     99.30%
  13  Skow_XM_006820041.1                                       68.26%    passed     83.59%
  14  Tcas_TC013702_001                                          5.02%    passed     93.45%
  15  Spur_XM_030979208.1                                        4.11%    passed     41.08%
  16  Hsap_ENST00000480945                                      17.35%    passed     93.29%
  17  Hsap_ENST00000302259                                      19.63%    passed     86.40%
  18  Sanmal_Sma_020393-T1                                      14.84%    passed     93.13%
  19  Aaur_scaffold786.g2.t1                                    16.89%    passed     97.99%
  20  Nemnom_g3917.t1                                           39.50%    passed     95.62%
  21  Rhoesc_Res_009852-T1                                      15.53%    passed     97.35%
  22  Morvir_scaffold65.g20.t1                                  45.21%    passed     32.88%
  23  Cgig_XM_011448085.3                                        4.11%    passed     92.14%
  24  Acagra_model.g31030.t1                                     3.42%    passed     75.45%
  25  Nvec_v1g105931                                             6.85%    passed     98.43%
  26  Exapal_XM_021058940.2                                      7.99%    passed     96.31%
  27  Cscu_XM_023385145.1                                       68.95%    passed     93.98%
  28  Cscu_XM_023388069.1                                        6.85%    passed     92.27%
  29  Opea_EP00118_Oscarella_pearsei_P024163                    44.75%    passed     67.68%
  30  Bralan_BLAG11000233_4                                      1.83%    passed     45.05%
  31  Pbac_sb2639192                                            65.98%    passed     91.70%
  32  Horcal_Hcv1.av93.c4.g208.i1                               15.30%    passed     69.62%
  33  Pbac_sb2638000                                            15.07%    passed     82.00%
  34  Mlei_ML2176.g2.i1                                         13.93%    passed     21.61%
  35  Bolinf_Binf_sb1247645                                     59.36%    passed     40.41%
  36  Mertsp_Mesp_sb544285                                      64.84%    passed     49.27%
  37  Drygla_Dgla_sb282787                                      64.84%    passed     90.91%
  38  Lampan_Lpan_1268_01                                       49.54%    passed     44.77%
  39  Coeast_Cast_sb785760                                      64.16%    passed     51.57%
  40  Coeast_Cast_sb785761                                      65.53%    passed     31.82%
  41  Coemet_Cmet_scaffold12626_01                              13.01%    passed     37.62%
  42  Vmul_SimC400700                                           10.96%    passed     88.47%
  43  Vmul_sbMO462580                                           56.39%    passed      6.47%
  44  Coemet_Cmet_scaffold12522_01                              69.63%    passed     33.73%
  45  Coeast_Cast_sb784916                                      48.17%    failed      0.08%
  46  Hvul_g31892_1                                             18.49%    passed     42.24%
  47  Chem_TCONS_00028726                                       15.07%    passed     86.71%
  48  Leuniv_Lniv_C799658_01                                    31.05%    passed     69.13%
  49  Lcom_lcpid80223                                           31.28%    passed     15.76%
  50  Gracom_Gcom_scaffold971_01                                 2.28%    passed     76.46%
  51  Scil_scict017657.2                                        31.74%    passed     84.08%
  52  Plajan_Pjan_C560686_01                                     7.08%    passed     95.53%
  53  Clacor_Ccor_C539989_01                                    60.27%    passed     34.51%
  54  Xesp_001258-T1                                            76.94%    passed     19.63%
  55  Xesp_012565-T1                                            11.87%    passed     58.43%
  56  Dgig_XM_028538022.1                                        6.85%    passed     98.61%
  57  Emue_Em0008g1082a.t1                                      13.47%    passed     26.68%
  58  Spolac_c98838_g1_i2_m.18134c100724-g3                      5.02%    passed     28.21%
  59  Spolac_c98838_g1_i1_m.18132c100724-g3                     63.47%    failed      0.00%
  60  Tetwil_g24748.t1                                           4.34%    passed     99.73%
  61  Stycar_maker-SC_scaffold931-snap-gene-0.25-mRNA-1          2.28%    passed     88.63%
  62  Plespi_Pspi_scaffold7933_01                               29.91%    passed     75.30%
  63  Plespi_Pspi_scaffold7932_01                                9.36%    passed     96.13%
  64  HoiH23_PlH23_009725-RA                                    19.86%    passed     78.98%
  65  HoiH06_mRNA708                                            19.86%    passed     67.07%
  66  Hhon_g01750.t1                                            21.23%    passed     66.41%
  67  HoiH04_mRNA10092                                          21.46%    passed     62.10%
  68  TrH2_TrispH2_008449-RA                                    19.41%    passed     74.48%
  69  Tadh_wf_g6602.t1                                          19.41%    passed     74.48%
  70  Leuniv_Lniv_C752647_01                                    69.63%    failed      0.02%
  71  Opea_EP00118_Oscarella_pearsei_P024164                    82.65%    passed     42.74%
  72  Morvir_scaffold65.g21.t1                                  61.19%    passed     34.49%
  73  Spur_XM_030989004.1                                       56.39%    failed      4.31%
WARNING: 18 sequences contain more than 50% gaps/ambiguity
****  TOTAL                                                     28.61%  5 sequences failed composition chi2 test (p-value<5%; df=19)
NOTE: Tadh_wf_g6602.t1 is identical to TrH2_TrispH2_008449-RA but kept for subsequent analysis


Create initial parsimony tree by phylogenetic likelihood library (PLL)... 0.029 seconds
Measuring multi-threading efficiency up to 2 CPU cores
Increase to 10 rounds for branch lengths
3 trees examined
Threads: 1 / Time: 2.497 sec / Speedup: 1.000 / Efficiency: 100% / LogL: -38785
Threads: 2 / Time: 1.279 sec / Speedup: 1.951 / Efficiency: 98% / LogL: -38785
BEST NUMBER OF THREADS: 2

Perform fast likelihood tree search using LG+I+G model...
Estimate model parameters (epsilon = 5.000)
Perform nearest neighbor interchange...
Estimate model parameters (epsilon = 1.000)
1. Initial log-likelihood: -27514.670
Optimal log-likelihood: -27514.618
Proportion of invariable sites: 0.029
Gamma shape alpha: 1.274
Parameters optimization took 1 rounds (0.164 sec)
Time for fast ML tree search: 2.103 seconds

NOTE: ModelFinder requires 22 MB RAM!
ModelFinder will test up to 24 protein models (sample size: 438) ...
 No. Model         -LnL         df  AIC          AICc         BIC
  1  LG            28784.447    143 57854.895    57994.976    58438.652
  2  LG+I          28597.806    144 57483.612    57626.137    58071.451
  3  LG+G4         27535.822    144 55359.643    55502.169    55947.483
  4  LG+I+G4       27514.635    145 55319.270    55464.270    55911.192
  8  LG+F+I+G4     27359.786    164 55047.572    55245.813    55717.055
 12  WAG+I+G4      27629.829    145 55549.659    55694.659    56141.580
 16  WAG+F+I+G4    27498.648    164 55325.296    55523.538    55994.780
 20  JTT+I+G4      27590.561    145 55471.122    55616.122    56063.044
 24  JTT+F+I+G4    27455.159    164 55238.317    55436.559    55907.801
Akaike Information Criterion:           LG+F+I+G4
Corrected Akaike Information Criterion: LG+F+I+G4
Bayesian Information Criterion:         LG+F+I+G4
Best-fit model: LG+F+I+G4 chosen according to BIC

All model information printed to results_broccoli_meto/alignments_prefiltering/OG_1903.iqtree.model.gz
CPU time for ModelFinder: 18.816 seconds (0h:0m:18s)
Wall-clock time for ModelFinder: 10.897 seconds (0h:0m:10s)
Generating 1000 samples for ultrafast bootstrap (seed: 423933)...

NOTE: 22 MB RAM (0 GB) is required!
Estimate model parameters (epsilon = 0.100)
Thoroughly optimizing +I+G parameters from 10 start values...
Init pinv, alpha: 0.000, 1.259 / Estimate: 0.030, 1.258 / LogL: -27359.772
Init pinv, alpha: 0.004, 1.259 / Estimate: 0.030, 1.257 / LogL: -27359.779
Init pinv, alpha: 0.008, 1.259 / Estimate: 0.030, 1.257 / LogL: -27359.776
Init pinv, alpha: 0.011, 1.259 / Estimate: 0.030, 1.260 / LogL: -27359.781
Init pinv, alpha: 0.015, 1.259 / Estimate: 0.030, 1.259 / LogL: -27359.778
Init pinv, alpha: 0.019, 1.259 / Estimate: 0.030, 1.258 / LogL: -27359.781
Init pinv, alpha: 0.023, 1.259 / Estimate: 0.030, 1.259 / LogL: -27359.777
Init pinv, alpha: 0.027, 1.259 / Estimate: 0.029, 1.257 / LogL: -27359.778
Init pinv, alpha: 0.030, 1.259 / Estimate: 0.030, 1.258 / LogL: -27359.774
Init pinv, alpha: 0.034, 1.259 / Estimate: 0.030, 1.257 / LogL: -27359.771
Optimal pinv,alpha: 0.030, 1.257 / LogL: -27359.771

Parameters optimization took 4.835 sec
Computing ML distances based on estimated model parameters...
Computing ML distances took 0.352091 sec (of wall-clock time) 0.697434 sec(of CPU time)
WARNING: Some pairwise ML distances are too long (saturated)
Computing RapidNJ tree took 0.000870 sec (of wall-clock time) 0.001740 sec (of CPU time)
Log-likelihood of RapidNJ tree: -28193.444
--------------------------------------------------------------------
|             INITIALIZING CANDIDATE TREE SET                      |
--------------------------------------------------------------------
Generating 98 parsimony trees... 3.009 second
Computing log-likelihood of 98 initial trees ... 5.152 seconds
Current best score: -27359.771

Do NNI search on 20 best initial trees
Estimate model parameters (epsilon = 0.100)
BETTER TREE FOUND at iteration 1: -27359.602
Estimate model parameters (epsilon = 0.100)
BETTER TREE FOUND at iteration 2: -27338.613
Estimate model parameters (epsilon = 0.100)
BETTER TREE FOUND at iteration 3: -27337.119
Iteration 10 / LogL: -27347.314 / Time: 0h:0m:26s
Estimate model parameters (epsilon = 0.100)
BETTER TREE FOUND at iteration 13: -27336.436
Iteration 20 / LogL: -27337.058 / Time: 0h:0m:38s
Finish initializing candidate tree set (15)
Current best tree score: -27336.436 / CPU time: 32.219
Number of iterations: 20
--------------------------------------------------------------------
|               OPTIMIZING CANDIDATE TREE SET                      |
--------------------------------------------------------------------
Estimate model parameters (epsilon = 0.100)
BETTER TREE FOUND at iteration 21: -27335.714
Estimate model parameters (epsilon = 0.100)
UPDATE BEST LOG-LIKELIHOOD: -27335.656
Iteration 30 / LogL: -27337.493 / Time: 0h:0m:52s (0h:5m:47s left)
Iteration 40 / LogL: -27365.037 / Time: 0h:1m:5s (0h:5m:5s left)
Iteration 50 / LogL: -27337.525 / Time: 0h:1m:18s (0h:4m:34s left)
Log-likelihood cutoff on original alignment: -27381.934
Iteration 60 / LogL: -27359.936 / Time: 0h:1m:31s (0h:4m:10s left)
Iteration 70 / LogL: -27337.095 / Time: 0h:1m:45s (0h:3m:51s left)
Iteration 80 / LogL: -27338.786 / Time: 0h:1m:58s (0h:3m:31s left)
Iteration 90 / LogL: -27336.545 / Time: 0h:2m:10s (0h:3m:12s left)
Iteration 100 / LogL: -27335.708 / Time: 0h:2m:22s (0h:2m:54s left)
Log-likelihood cutoff on original alignment: -27381.934
NOTE: Bootstrap correlation coefficient of split occurrence frequencies: 0.998
Iteration 110 / LogL: -27338.061 / Time: 0h:2m:35s (0h:2m:38s left)
Iteration 120 / LogL: -27336.775 / Time: 0h:2m:47s (0h:2m:22s left)
Iteration 130 / LogL: -27336.475 / Time: 0h:3m:1s (0h:2m:7s left)
Iteration 140 / LogL: -27341.361 / Time: 0h:3m:13s (0h:1m:53s left)
Iteration 150 / LogL: -27340.289 / Time: 0h:3m:26s (0h:1m:38s left)
Log-likelihood cutoff on original alignment: -27381.934
Iteration 160 / LogL: -27335.732 / Time: 0h:3m:38s (0h:1m:23s left)
Iteration 170 / LogL: -27336.525 / Time: 0h:3m:51s (0h:1m:9s left)
Iteration 180 / LogL: -27335.751 / Time: 0h:4m:4s (0h:0m:55s left)
Iteration 190 / LogL: -27335.801 / Time: 0h:4m:17s (0h:0m:42s left)
Iteration 200 / LogL: -27337.046 / Time: 0h:4m:30s (0h:0m:28s left)
Log-likelihood cutoff on original alignment: -27381.934
NOTE: Bootstrap correlation coefficient of split occurrence frequencies: 0.999
Iteration 210 / LogL: -27336.656 / Time: 0h:4m:42s (0h:2m:1s left)
Iteration 220 / LogL: -27349.024 / Time: 0h:4m:54s (0h:1m:47s left)
TREE SEARCH COMPLETED AFTER 222 ITERATIONS / Time: 0h:4m:57s

--------------------------------------------------------------------
|                    FINALIZING TREE SEARCH                        |
--------------------------------------------------------------------
Performs final model parameters optimization
Estimate model parameters (epsilon = 0.010)
1. Initial log-likelihood: -27335.656
Optimal log-likelihood: -27335.654
Proportion of invariable sites: 0.030
Gamma shape alpha: 1.241
Parameters optimization took 1 rounds (0.163 sec)
BEST SCORE FOUND : -27335.654
Creating bootstrap support values...
Split supports printed to NEXUS file results_broccoli_meto/alignments_prefiltering/OG_1903.iqtree.splits.nex
Total tree length: 36.782

Total number of iterations: 222
CPU time used for tree search: 574.942 sec (0h:9m:34s)
Wall-clock time used for tree search: 290.514 sec (0h:4m:50s)
Total CPU time used: 587.976 sec (0h:9m:47s)
Total wall-clock time used: 297.666 sec (0h:4m:57s)

Computing bootstrap consensus tree...
Reading input file results_broccoli_meto/alignments_prefiltering/OG_1903.iqtree.splits.nex...
73 taxa and 373 splits.
Consensus tree written to results_broccoli_meto/alignments_prefiltering/OG_1903.iqtree.contree
Reading input trees file results_broccoli_meto/alignments_prefiltering/OG_1903.iqtree.contree
Log-likelihood of consensus tree: -27335.658

Analysis results written to: 
  IQ-TREE report:                results_broccoli_meto/alignments_prefiltering/OG_1903.iqtree.iqtree
  Maximum-likelihood tree:       results_broccoli_meto/alignments_prefiltering/OG_1903.iqtree.treefile
  Likelihood distances:          results_broccoli_meto/alignments_prefiltering/OG_1903.iqtree.mldist

Ultrafast bootstrap approximation results written to:
  Split support values:          results_broccoli_meto/alignments_prefiltering/OG_1903.iqtree.splits.nex
  Consensus tree:                results_broccoli_meto/alignments_prefiltering/OG_1903.iqtree.contree
  Screen log file:               results_broccoli_meto/alignments_prefiltering/OG_1903.iqtree.log

Date and Time: Tue Dec 13 00:34:44 2022
