IQ-TREE multicore version 2.1.0 for Linux 64-bit built Jul 18 2020
Developed by Bui Quang Minh, James Barbetti, Nguyen Lam Tung,
Olga Chernomor, Heiko Schmidt, Dominik Schrempf, Michael Woodhams.

Host:    node-hp0501.linux.crg.es (AVX, 125 GB RAM)
Command: /users/asebe/xgraubove/Programes/iqtree-2.1.0-Linux/bin/iqtree2 -s results_broccoli_meto/alignments_prefiltering/OG_11833.lt.fasta -m TEST -mset LG,WAG,JTT -nt AUTO -ntmax 2 -bb 1000 -pre results_broccoli_meto/alignments_prefiltering/OG_11833.iqtree -nm 10000 -nstop 200 -cptime 1800
Seed:    989305 (Using SPRNG - Scalable Parallel Random Number Generator)
Time:    Mon Dec 12 14:35:53 2022
Kernel:  AVX - auto-detect threads (2 CPU cores detected)

Reading alignment file results_broccoli_meto/alignments_prefiltering/OG_11833.lt.fasta ... Fasta format detected
Alignment most likely contains protein sequences
Alignment has 42 sequences with 287 columns, 285 distinct patterns
268 parsimony-informative, 0 singleton sites, 19 constant sites
                                                                   Gap/Ambiguity  Composition  p-value
   1  TrH2_TrispH2_007744-RA                                              44.60%    passed     97.71%
   2  Tadh_TriadT56276                                                    39.02%    passed     97.95%
   3  HoiH23_PlH23_010554-RA                                              34.84%    passed     78.57%
   4  HoiH06_mRNA9455                                                     28.92%    passed     36.28%
   5  Hhon_g02951.t1                                                      28.22%    passed     40.59%
   6  HoiH04_mRNA1578                                                     28.22%    passed     21.52%
   7  Fspp_ffun1.m4.11461.m1                                              16.38%    passed     81.28%
   8  Gasp_gasp1.m3.13909.m1                                              16.38%    passed     70.49%
   9  Spis_XP_022787954_1                                                 16.38%    passed     92.90%
  10  Pocdam_XM_027198201.1                                               16.38%    passed     86.58%
  11  Gfas_gfas1.m1.20269.m1                                              16.38%    passed     30.22%
  12  Amil_Amillepora06376-RA                                             13.94%    passed     95.19%
  13  Adig_XM_015907670.1                                                 15.68%    passed     91.04%
  14  Nvec_v1g112080                                                      17.07%    passed     87.77%
  15  Exapal_XM_021059425.2                                               16.38%    passed     25.85%
  16  Bralan_BLAG06000774_1                                                8.36%    passed     43.97%
  17  Acagra_model.g10094.t1                                              11.15%    passed     42.87%
  18  Ctel_gnl_WGS_AMQN_CAPTEDRAFT_mRNA45346                              43.55%    passed     68.05%
  19  Hsap_ENST00000204517                                                12.54%    passed     58.54%
  20  Skow_XM_002738737.2                                                 11.50%    passed     75.07%
  21  Cgig_XM_011438581.3                                                  9.76%    passed     76.58%
  22  Cscu_XM_023373901.1                                                  5.57%    passed     17.27%
  23  Spur_XM_778795.5                                                     4.18%    passed     11.22%
  24  Dpul_mRNA10532                                                       3.48%    passed     92.01%
  25  Tcas_TC007652_001                                                   11.85%    passed     21.59%
  26  Morvir_scaffold112.g66.t1                                           27.87%    passed     89.94%
  27  Sanmal_Sma_011140-T1                                                39.02%    passed     60.12%
  28  Rhoesc_Res_000345-T1                                                32.75%    passed     14.03%
  29  Nemnom_g7331.t1                                                     32.75%    passed      7.49%
  30  Opea_EP00118_Oscarella_pearsei_P008254                              24.04%    failed      0.01%
  31  Ocar_g1815                                                          24.04%    failed      0.01%
  32  Emue_Em0022g217a.t1                                                 14.29%    passed     25.73%
  33  Spolac_c99435_g3_i1_m.19664c99435-g3                                28.22%    passed     41.47%
  34  Aque_Aqu2.1.30486_001                                               14.29%    passed     57.48%
  35  Halamb_c40005_g1_i1m.12285                                          13.94%    passed     45.14%
  36  Xestes_augustus_masked-XT_scaffold42808-processed-gene-0.0-mRNA-1   49.13%    passed     14.03%
  37  Xestes_maker-XT_scaffold185487-augustus-gene-0.1-mRNA-1             83.62%    passed     11.30%
  38  Tetwil_g10985.t1                                                    13.59%    passed     33.45%
  39  Stycar_maker-SC_scaffold641-augustus-gene-0.3-mRNA-1                13.59%    passed     54.37%
  40  Plespi_Pspi_scaffold15091_01                                        22.65%    passed     83.94%
  41  Hvul_g24113_1                                                       45.64%    passed      5.18%
  42  Chem_TCONS_00059722                                                 31.36%    passed      8.36%
WARNING: 1 sequences contain more than 50% gaps/ambiguity
****  TOTAL                                                               23.37%  2 sequences failed composition chi2 test (p-value<5%; df=19)
NOTE: Ocar_g1815 is identical to Opea_EP00118_Oscarella_pearsei_P008254 but kept for subsequent analysis


Create initial parsimony tree by phylogenetic likelihood library (PLL)... 0.008 seconds
Measuring multi-threading efficiency up to 2 CPU cores
Increase to 10 rounds for branch lengths
7 trees examined
Threads: 1 / Time: 2.010 sec / Speedup: 1.000 / Efficiency: 100% / LogL: -16991
Threads: 2 / Time: 1.128 sec / Speedup: 1.782 / Efficiency: 89% / LogL: -16991
BEST NUMBER OF THREADS: 2

Perform fast likelihood tree search using LG+I+G model...
Estimate model parameters (epsilon = 5.000)
Perform nearest neighbor interchange...
Estimate model parameters (epsilon = 1.000)
1. Initial log-likelihood: -12208.622
Optimal log-likelihood: -12208.581
Proportion of invariable sites: 0.064
Gamma shape alpha: 1.412
Parameters optimization took 1 rounds (0.062 sec)
Time for fast ML tree search: 0.553 seconds

NOTE: ModelFinder requires 9 MB RAM!
ModelFinder will test up to 24 protein models (sample size: 287) ...
 No. Model         -LnL         df  AIC          AICc         BIC
  1  LG            12777.944    81  25717.889    25782.689    26014.307
  2  LG+I          12553.026    82  25270.052    25336.778    25570.130
  3  LG+G4         12236.807    82  24637.613    24704.339    24937.691
  4  LG+I+G4       12208.583    83  24583.166    24651.856    24886.903
  8  LG+F+I+G4     12203.083    102 24610.165    24724.361    24983.432
 12  WAG+I+G4      12251.300    83  24668.600    24737.289    24972.337
 16  WAG+F+I+G4    12265.394    102 24734.788    24848.984    25108.055
 20  JTT+I+G4      12156.524    83  24479.049    24547.738    24782.786
 24  JTT+F+I+G4    12131.711    102 24467.421    24581.617    24840.689
Akaike Information Criterion:           JTT+F+I+G4
Corrected Akaike Information Criterion: JTT+I+G4
Bayesian Information Criterion:         JTT+I+G4
Best-fit model: JTT+I+G4 chosen according to BIC

All model information printed to results_broccoli_meto/alignments_prefiltering/OG_11833.iqtree.model.gz
CPU time for ModelFinder: 8.450 seconds (0h:0m:8s)
Wall-clock time for ModelFinder: 5.193 seconds (0h:0m:5s)
Generating 1000 samples for ultrafast bootstrap (seed: 989305)...

NOTE: 9 MB RAM (0 GB) is required!
Estimate model parameters (epsilon = 0.100)
Thoroughly optimizing +I+G parameters from 10 start values...
Init pinv, alpha: 0.000, 1.500 / Estimate: 0.000, 0.937 / LogL: -12184.274
Init pinv, alpha: 0.007, 1.500 / Estimate: 0.064, 1.504 / LogL: -12156.514
Init pinv, alpha: 0.015, 1.500 / Estimate: 0.064, 1.504 / LogL: -12156.515
Init pinv, alpha: 0.022, 1.500 / Estimate: 0.064, 1.504 / LogL: -12156.515
Init pinv, alpha: 0.029, 1.500 / Estimate: 0.064, 1.507 / LogL: -12156.516
Init pinv, alpha: 0.037, 1.500 / Estimate: 0.064, 1.504 / LogL: -12156.519
Init pinv, alpha: 0.044, 1.500 / Estimate: 0.064, 1.504 / LogL: -12156.516
Init pinv, alpha: 0.051, 1.500 / Estimate: 0.064, 1.504 / LogL: -12156.515
Init pinv, alpha: 0.059, 1.500 / Estimate: 0.063, 1.503 / LogL: -12156.515
Init pinv, alpha: 0.066, 1.500 / Estimate: 0.064, 1.503 / LogL: -12156.516
Optimal pinv,alpha: 0.064, 1.504 / LogL: -12156.514

Parameters optimization took 1.821 sec
Computing ML distances based on estimated model parameters...
Computing ML distances took 0.108796 sec (of wall-clock time) 0.217166 sec(of CPU time)
Computing RapidNJ tree took 0.000408 sec (of wall-clock time) 0.000811 sec (of CPU time)
Log-likelihood of RapidNJ tree: -12274.097
--------------------------------------------------------------------
|             INITIALIZING CANDIDATE TREE SET                      |
--------------------------------------------------------------------
Generating 98 parsimony trees... 0.913 second
Computing log-likelihood of 98 initial trees ... 1.885 seconds
Current best score: -12156.514

Do NNI search on 20 best initial trees
Estimate model parameters (epsilon = 0.100)
BETTER TREE FOUND at iteration 1: -12156.514
Estimate model parameters (epsilon = 0.100)
BETTER TREE FOUND at iteration 2: -12147.342
Estimate model parameters (epsilon = 0.100)
BETTER TREE FOUND at iteration 3: -12144.664
Estimate model parameters (epsilon = 0.100)
BETTER TREE FOUND at iteration 10: -12143.911
Iteration 10 / LogL: -12143.911 / Time: 0h:0m:8s
Estimate model parameters (epsilon = 0.100)
BETTER TREE FOUND at iteration 16: -12143.643
Iteration 20 / LogL: -12143.936 / Time: 0h:0m:11s
Finish initializing candidate tree set (12)
Current best tree score: -12143.643 / CPU time: 9.601
Number of iterations: 20
--------------------------------------------------------------------
|               OPTIMIZING CANDIDATE TREE SET                      |
--------------------------------------------------------------------
Estimate model parameters (epsilon = 0.100)
BETTER TREE FOUND at iteration 22: -12142.867
Iteration 30 / LogL: -12145.644 / Time: 0h:0m:15s (0h:1m:43s left)
Iteration 40 / LogL: -12144.856 / Time: 0h:0m:19s (0h:1m:32s left)
Iteration 50 / LogL: -12145.245 / Time: 0h:0m:23s (0h:1m:24s left)
Log-likelihood cutoff on original alignment: -12172.108
Iteration 60 / LogL: -12142.936 / Time: 0h:0m:27s (0h:1m:16s left)
Iteration 70 / LogL: -12143.877 / Time: 0h:0m:31s (0h:1m:9s left)
Estimate model parameters (epsilon = 0.100)
UPDATE BEST LOG-LIKELIHOOD: -12142.719
Iteration 80 / LogL: -12142.719 / Time: 0h:0m:35s (0h:1m:4s left)
Iteration 90 / LogL: -12146.185 / Time: 0h:0m:39s (0h:0m:59s left)
Iteration 100 / LogL: -12143.110 / Time: 0h:0m:44s (0h:0m:54s left)
Log-likelihood cutoff on original alignment: -12172.108
NOTE: Bootstrap correlation coefficient of split occurrence frequencies: 0.997
Iteration 110 / LogL: -12143.875 / Time: 0h:0m:48s (0h:0m:49s left)
Iteration 120 / LogL: -12166.636 / Time: 0h:0m:51s (0h:0m:44s left)
Iteration 130 / LogL: -12143.936 / Time: 0h:0m:55s (0h:0m:39s left)
Iteration 140 / LogL: -12143.782 / Time: 0h:0m:59s (0h:0m:35s left)
Iteration 150 / LogL: -12143.552 / Time: 0h:1m:4s (0h:0m:30s left)
Log-likelihood cutoff on original alignment: -12172.333
Iteration 160 / LogL: -12145.092 / Time: 0h:1m:8s (0h:0m:26s left)
Iteration 170 / LogL: -12143.805 / Time: 0h:1m:11s (0h:0m:22s left)
Iteration 180 / LogL: -12143.387 / Time: 0h:1m:15s (0h:0m:17s left)
Iteration 190 / LogL: -12144.933 / Time: 0h:1m:19s (0h:0m:13s left)
Iteration 200 / LogL: -12143.782 / Time: 0h:1m:24s (0h:0m:9s left)
Log-likelihood cutoff on original alignment: -12173.111
NOTE: Bootstrap correlation coefficient of split occurrence frequencies: 1.000
Iteration 210 / LogL: -12143.763 / Time: 0h:1m:28s (0h:0m:38s left)
Iteration 220 / LogL: -12145.259 / Time: 0h:1m:32s (0h:0m:33s left)
TREE SEARCH COMPLETED AFTER 223 ITERATIONS / Time: 0h:1m:33s

--------------------------------------------------------------------
|                    FINALIZING TREE SEARCH                        |
--------------------------------------------------------------------
Performs final model parameters optimization
Estimate model parameters (epsilon = 0.010)
1. Initial log-likelihood: -12142.719
Optimal log-likelihood: -12142.718
Proportion of invariable sites: 0.063
Gamma shape alpha: 1.484
Parameters optimization took 1 rounds (0.061 sec)
BEST SCORE FOUND : -12142.718
Creating bootstrap support values...
Split supports printed to NEXUS file results_broccoli_meto/alignments_prefiltering/OG_11833.iqtree.splits.nex
Total tree length: 22.852

Total number of iterations: 223
CPU time used for tree search: 182.175 sec (0h:3m:2s)
Wall-clock time used for tree search: 91.674 sec (0h:1m:31s)
Total CPU time used: 186.797 sec (0h:3m:6s)
Total wall-clock time used: 94.054 sec (0h:1m:34s)

Computing bootstrap consensus tree...
Reading input file results_broccoli_meto/alignments_prefiltering/OG_11833.iqtree.splits.nex...
42 taxa and 269 splits.
Consensus tree written to results_broccoli_meto/alignments_prefiltering/OG_11833.iqtree.contree
Reading input trees file results_broccoli_meto/alignments_prefiltering/OG_11833.iqtree.contree
Log-likelihood of consensus tree: -12142.720

Analysis results written to: 
  IQ-TREE report:                results_broccoli_meto/alignments_prefiltering/OG_11833.iqtree.iqtree
  Maximum-likelihood tree:       results_broccoli_meto/alignments_prefiltering/OG_11833.iqtree.treefile
  Likelihood distances:          results_broccoli_meto/alignments_prefiltering/OG_11833.iqtree.mldist

Ultrafast bootstrap approximation results written to:
  Split support values:          results_broccoli_meto/alignments_prefiltering/OG_11833.iqtree.splits.nex
  Consensus tree:                results_broccoli_meto/alignments_prefiltering/OG_11833.iqtree.contree
  Screen log file:               results_broccoli_meto/alignments_prefiltering/OG_11833.iqtree.log

Date and Time: Mon Dec 12 14:37:33 2022
