IQ-TREE multicore version 2.1.0 for Linux 64-bit built Jul 18 2020
Developed by Bui Quang Minh, James Barbetti, Nguyen Lam Tung,
Olga Chernomor, Heiko Schmidt, Dominik Schrempf, Michael Woodhams.

Host:    node-hp0107.linux.crg.es (AVX, 125 GB RAM)
Command: /users/asebe/xgraubove/Programes/iqtree-2.1.0-Linux/bin/iqtree2 -s results_broccoli_meto/alignments_prefiltering/OG_11336.lt.fasta -m TEST -mset LG,WAG,JTT -nt AUTO -ntmax 2 -bb 1000 -pre results_broccoli_meto/alignments_prefiltering/OG_11336.iqtree -nm 10000 -nstop 200 -cptime 1800
Seed:    216705 (Using SPRNG - Scalable Parallel Random Number Generator)
Time:    Mon Dec 12 14:04:29 2022
Kernel:  AVX - auto-detect threads (2 CPU cores detected)

Reading alignment file results_broccoli_meto/alignments_prefiltering/OG_11336.lt.fasta ... Fasta format detected
Alignment most likely contains protein sequences
Alignment has 59 sequences with 655 columns, 648 distinct patterns
589 parsimony-informative, 2 singleton sites, 64 constant sites
                                                                   Gap/Ambiguity  Composition  p-value
   1  Halamb_c42055_g2_i1m.14493                                          78.02%    passed     15.28%
   2  Lcom_lcpid44395                                                      1.53%    passed     52.99%
   3  Gracom_Gcom_scaffold14233_01                                         1.22%    passed     75.48%
   4  Leuniv_Lniv_C808576_01                                              41.53%    passed     79.15%
   5  Scil_scict020585.1                                                   1.07%    passed     77.29%
   6  Clacor_Ccor_C506615_01                                              77.86%    passed     74.13%
   7  Hsap_ENST00000325468                                                 5.65%    failed      0.00%
   8  Fspp_ffun1.m4.1106.m1                                               10.53%    passed     99.67%
   9  Gasp_gasp1.m3.27019.m1                                              57.10%    passed     95.54%
  10  Gasp_gasp1.m3.27018.m1                                              88.40%    passed     87.00%
  11  Spis_XP_022780600_1                                                  1.68%    passed     96.82%
  12  Pocdam_XM_027183448.1                                                1.37%    passed     94.47%
  13  Gfas_gfas1.m1.6224.m1                                                6.56%    passed     61.17%
  14  Amil_Amillepora12979-RA                                             16.79%    passed     23.56%
  15  Adig_XM_015910807.1                                                 17.25%    passed     81.10%
  16  Nvec_v1g159012                                                       1.07%    passed     91.55%
  17  Nvec_v1g224874                                                      78.78%    passed     23.88%
  18  Bralan_BLAG03001931_1                                                2.29%    passed     55.42%
  19  Cscu_XM_023375278.1                                                  2.44%    passed     97.25%
  20  Skow_XM_006821676.1                                                  3.66%    passed     41.72%
  21  Spur_XM_030982639.1                                                  0.76%    passed     83.41%
  22  Acagra_model.g1948.t1                                                2.14%    passed     97.47%
  23  Ctel_gnl_WGS_AMQN_CAPTEDRAFT_mRNA168890                              5.04%    passed     90.66%
  24  Opea_EP00118_Oscarella_pearsei_P005239                               2.14%    passed     99.96%
  25  Ocar_g4929                                                          52.21%    passed     99.12%
  26  Plajan_Pjan_scaffold1013_01                                          5.19%    passed     48.31%
  27  Plajan_Pjan_scaffold1014_01                                          5.65%    passed     70.11%
  28  Hsap_ENST00000354992                                                 0.76%    passed     19.06%
  29  Hvul_g12406_1                                                        5.95%    passed     51.71%
  30  Sanmal_Sma_023968-T1                                                 4.27%    passed     93.59%
  31  Aaur_scaffold17.g7.t1                                               40.61%    passed     50.75%
  32  Nemnom_g2203.t1                                                     11.76%    passed     97.91%
  33  Rhoesc_Res_017847-T1                                                 6.11%    passed     49.61%
  34  Morvir_scaffold91.g1.t1                                             74.05%    passed     68.68%
  35  Chem_TCONS_00058900                                                  4.89%    passed     45.69%
  36  Dgig_XM_028552278.1                                                  6.26%    passed     86.22%
  37  Xesp_004372-T1                                                       4.43%    passed     99.66%
  38  Cgig_XM_034478779.1                                                  3.97%    passed     97.97%
  39  Scil_scict003306.1                                                   5.95%    passed     23.34%
  40  HoiH23_PlH23_004284-RA                                               3.36%    failed      0.13%
  41  HoiH06_mRNA5585                                                      2.75%    failed      0.12%
  42  HoiH04_mRNA15984                                                     3.21%    failed      0.73%
  43  HoiH11_mRNA2975                                                     33.13%    failed      0.01%
  44  TrH2_TrispH2_008050-RA                                               8.55%    failed      0.00%
  45  Tadh_TriadT32796                                                    19.39%    failed      0.02%
  46  Emue_Em0016g1033a.t1                                                10.08%    passed      6.95%
  47  Emue_Em0016g1036a.t1                                                12.98%    passed      7.33%
  48  Stycar_augustus_masked-SC_scaffold60273-processed-gene-0.2-mRNA-1    7.02%    passed     97.13%
  49  Tetwil_g8179.t1                                                      4.89%    passed     92.64%
  50  Dpul_mRNA24000                                                       6.41%    passed     81.05%
  51  Morvir_scaffold537.g7.t2                                            56.03%    passed     46.92%
  52  Xestes_snap_masked-XT_scaffold6600-processed-gene-0.3-mRNA-1        49.77%    passed     69.03%
  53  Halamb_c46934_g1_i2mm.2104                                          61.53%    passed     68.10%
  54  Tcas_TC007106_001                                                    7.79%    passed     17.25%
  55  Plespi_Pspi_scaffold13127_01                                        71.76%    passed     49.98%
  56  Halamb_c11341_g1_i1m.1857                                           86.56%    failed      1.05%
  57  Morvir_scaffold91.g4.t1                                             76.79%    failed      0.02%
  58  Aaur_scaffold17.g8.t3                                               65.19%    failed      3.11%
  59  Plespi_Pspi_scaffold12277_01                                        84.43%    passed     26.80%
WARNING: 14 sequences contain more than 50% gaps/ambiguity
****  TOTAL                                                               23.87%  10 sequences failed composition chi2 test (p-value<5%; df=19)


Create initial parsimony tree by phylogenetic likelihood library (PLL)... 0.046 seconds
Measuring multi-threading efficiency up to 2 CPU cores
Increase to 10 rounds for branch lengths
2 trees examined
Threads: 1 / Time: 2.052 sec / Speedup: 1.000 / Efficiency: 100% / LogL: -46730
Threads: 2 / Time: 2.629 sec / Speedup: 0.780 / Efficiency: 39% / LogL: -46730
BEST NUMBER OF THREADS: 1

Perform fast likelihood tree search using LG+I+G model...
Estimate model parameters (epsilon = 5.000)
Perform nearest neighbor interchange...
Estimate model parameters (epsilon = 1.000)
1. Initial log-likelihood: -35081.275
Optimal log-likelihood: -35081.010
Proportion of invariable sites: 0.088
Gamma shape alpha: 1.286
Parameters optimization took 1 rounds (0.363 sec)
Time for fast ML tree search: 4.747 seconds

NOTE: ModelFinder requires 26 MB RAM!
ModelFinder will test up to 24 protein models (sample size: 655) ...
 No. Model         -LnL         df  AIC          AICc         BIC
  1  LG            37097.467    115 74424.933    74474.432    74940.666
  2  LG+I          36469.967    116 73171.934    73222.388    73692.152
  3  LG+G4         35155.735    116 70543.470    70593.924    71063.688
  4  LG+I+G4       35080.906    117 70395.813    70447.232    70920.515
  8  LG+F+I+G4     35043.481    136 70358.962    70430.900    70968.872
 12  WAG+I+G4      35228.343    117 70690.686    70742.105    71215.389
 16  WAG+F+I+G4    35154.331    136 70580.662    70652.600    71190.573
 20  JTT+I+G4      35243.810    117 70721.621    70773.040    71246.323
 24  JTT+F+I+G4    35098.122    136 70468.244    70540.182    71078.154
Akaike Information Criterion:           LG+F+I+G4
Corrected Akaike Information Criterion: LG+F+I+G4
Bayesian Information Criterion:         LG+I+G4
Best-fit model: LG+I+G4 chosen according to BIC

All model information printed to results_broccoli_meto/alignments_prefiltering/OG_11336.iqtree.model.gz
CPU time for ModelFinder: 20.696 seconds (0h:0m:20s)
Wall-clock time for ModelFinder: 20.902 seconds (0h:0m:20s)
Generating 1000 samples for ultrafast bootstrap (seed: 216705)...

NOTE: 26 MB RAM (0 GB) is required!
Estimate model parameters (epsilon = 0.100)
Thoroughly optimizing +I+G parameters from 10 start values...
Init pinv, alpha: 0.000, 1.286 / Estimate: 0.000, 0.841 / LogL: -35155.663
Init pinv, alpha: 0.011, 1.286 / Estimate: 0.088, 1.282 / LogL: -35080.895
Init pinv, alpha: 0.022, 1.286 / Estimate: 0.088, 1.284 / LogL: -35080.894
Init pinv, alpha: 0.033, 1.286 / Estimate: 0.088, 1.282 / LogL: -35080.895
Init pinv, alpha: 0.043, 1.286 / Estimate: 0.088, 1.283 / LogL: -35080.894
Init pinv, alpha: 0.054, 1.286 / Estimate: 0.088, 1.285 / LogL: -35080.895
Init pinv, alpha: 0.065, 1.286 / Estimate: 0.088, 1.284 / LogL: -35080.897
Init pinv, alpha: 0.076, 1.286 / Estimate: 0.088, 1.285 / LogL: -35080.903
Init pinv, alpha: 0.087, 1.286 / Estimate: 0.088, 1.283 / LogL: -35080.897
Init pinv, alpha: 0.098, 1.286 / Estimate: 0.089, 1.282 / LogL: -35080.895
Optimal pinv,alpha: 0.088, 1.283 / LogL: -35080.894

Parameters optimization took 12.922 sec
Computing ML distances based on estimated model parameters...
Computing ML distances took 0.427079 sec (of wall-clock time) 0.423818 sec(of CPU time)
WARNING: Some pairwise ML distances are too long (saturated)
Computing RapidNJ tree took 0.000400 sec (of wall-clock time) 0.000464 sec (of CPU time)
Log-likelihood of RapidNJ tree: -35891.058
--------------------------------------------------------------------
|             INITIALIZING CANDIDATE TREE SET                      |
--------------------------------------------------------------------
Generating 98 parsimony trees... 2.487 second
Computing log-likelihood of 98 initial trees ... 11.083 seconds
Current best score: -35080.894

Do NNI search on 20 best initial trees
Estimate model parameters (epsilon = 0.100)
BETTER TREE FOUND at iteration 1: -35080.331
Estimate model parameters (epsilon = 0.100)
BETTER TREE FOUND at iteration 2: -35062.306
Iteration 10 / LogL: -35067.491 / Time: 0h:0m:48s
Iteration 20 / LogL: -35062.379 / Time: 0h:1m:11s
Finish initializing candidate tree set (8)
Current best tree score: -35062.306 / CPU time: 56.620
Number of iterations: 20
--------------------------------------------------------------------
|               OPTIMIZING CANDIDATE TREE SET                      |
--------------------------------------------------------------------
Estimate model parameters (epsilon = 0.100)
BETTER TREE FOUND at iteration 22: -35059.628
Estimate model parameters (epsilon = 0.100)
BETTER TREE FOUND at iteration 28: -35057.659
Iteration 30 / LogL: -35059.598 / Time: 0h:1m:42s (0h:11m:40s left)
Iteration 40 / LogL: -35058.438 / Time: 0h:2m:8s (0h:10m:17s left)
Iteration 50 / LogL: -35085.695 / Time: 0h:2m:36s (0h:9m:29s left)
Log-likelihood cutoff on original alignment: -35117.793
Iteration 60 / LogL: -35058.520 / Time: 0h:3m:4s (0h:8m:45s left)
Iteration 70 / LogL: -35058.449 / Time: 0h:3m:31s (0h:8m:4s left)
Iteration 80 / LogL: -35067.764 / Time: 0h:4m:0s (0h:7m:31s left)
Iteration 90 / LogL: -35061.795 / Time: 0h:4m:30s (0h:6m:58s left)
Iteration 100 / LogL: -35058.421 / Time: 0h:4m:58s (0h:6m:26s left)
Log-likelihood cutoff on original alignment: -35117.793
NOTE: Bootstrap correlation coefficient of split occurrence frequencies: 0.999
Iteration 110 / LogL: -35057.745 / Time: 0h:5m:24s (0h:5m:51s left)
Iteration 120 / LogL: -35062.601 / Time: 0h:5m:51s (0h:5m:18s left)
Iteration 130 / LogL: -35087.862 / Time: 0h:6m:17s (0h:4m:46s left)
Iteration 140 / LogL: -35058.404 / Time: 0h:6m:44s (0h:4m:16s left)
Iteration 150 / LogL: -35059.191 / Time: 0h:7m:9s (0h:3m:44s left)
Log-likelihood cutoff on original alignment: -35117.793
Iteration 160 / LogL: -35058.388 / Time: 0h:7m:38s (0h:3m:16s left)
Iteration 170 / LogL: -35062.933 / Time: 0h:8m:5s (0h:2m:46s left)
Iteration 180 / LogL: -35057.814 / Time: 0h:8m:35s (0h:2m:18s left)
Iteration 190 / LogL: -35060.301 / Time: 0h:9m:2s (0h:1m:49s left)
Iteration 200 / LogL: -35057.987 / Time: 0h:9m:28s (0h:1m:20s left)
Log-likelihood cutoff on original alignment: -35117.793
NOTE: Bootstrap correlation coefficient of split occurrence frequencies: 0.999
Iteration 210 / LogL: -35058.427 / Time: 0h:9m:57s (0h:4m:17s left)
Iteration 220 / LogL: -35058.494 / Time: 0h:10m:27s (0h:3m:49s left)
TREE SEARCH COMPLETED AFTER 229 ITERATIONS / Time: 0h:10m:54s

--------------------------------------------------------------------
|                    FINALIZING TREE SEARCH                        |
--------------------------------------------------------------------
Performs final model parameters optimization
Estimate model parameters (epsilon = 0.010)
1. Initial log-likelihood: -35057.659
Optimal log-likelihood: -35057.651
Proportion of invariable sites: 0.089
Gamma shape alpha: 1.306
Parameters optimization took 1 rounds (0.377 sec)
BEST SCORE FOUND : -35057.651
Creating bootstrap support values...
Split supports printed to NEXUS file results_broccoli_meto/alignments_prefiltering/OG_11336.iqtree.splits.nex
Total tree length: 29.177

Total number of iterations: 229
CPU time used for tree search: 637.730 sec (0h:10m:37s)
Wall-clock time used for tree search: 639.276 sec (0h:10m:39s)
Total CPU time used: 652.732 sec (0h:10m:52s)
Total wall-clock time used: 654.916 sec (0h:10m:54s)

Computing bootstrap consensus tree...
Reading input file results_broccoli_meto/alignments_prefiltering/OG_11336.iqtree.splits.nex...
59 taxa and 343 splits.
Consensus tree written to results_broccoli_meto/alignments_prefiltering/OG_11336.iqtree.contree
Reading input trees file results_broccoli_meto/alignments_prefiltering/OG_11336.iqtree.contree
Log-likelihood of consensus tree: -35057.650

Analysis results written to: 
  IQ-TREE report:                results_broccoli_meto/alignments_prefiltering/OG_11336.iqtree.iqtree
  Maximum-likelihood tree:       results_broccoli_meto/alignments_prefiltering/OG_11336.iqtree.treefile
  Likelihood distances:          results_broccoli_meto/alignments_prefiltering/OG_11336.iqtree.mldist

Ultrafast bootstrap approximation results written to:
  Split support values:          results_broccoli_meto/alignments_prefiltering/OG_11336.iqtree.splits.nex
  Consensus tree:                results_broccoli_meto/alignments_prefiltering/OG_11336.iqtree.contree
  Screen log file:               results_broccoli_meto/alignments_prefiltering/OG_11336.iqtree.log

Date and Time: Mon Dec 12 14:15:46 2022
