IQ-TREE multicore version 2.1.0 for Linux 64-bit built Jul 18 2020
Developed by Bui Quang Minh, James Barbetti, Nguyen Lam Tung,
Olga Chernomor, Heiko Schmidt, Dominik Schrempf, Michael Woodhams.

Host:    node-hp0514.linux.crg.es (AVX, 125 GB RAM)
Command: /users/asebe/xgraubove/Programes/iqtree-2.1.0-Linux/bin/iqtree2 -s results_broccoli_meto/alignments_prefiltering/OG_13036.lt.fasta -m TEST -mset LG,WAG,JTT -nt AUTO -ntmax 2 -bb 1000 -pre results_broccoli_meto/alignments_prefiltering/OG_13036.iqtree -nm 10000 -nstop 200 -cptime 1800
Seed:    340890 (Using SPRNG - Scalable Parallel Random Number Generator)
Time:    Mon Dec 12 17:13:32 2022
Kernel:  AVX - auto-detect threads (2 CPU cores detected)

Reading alignment file results_broccoli_meto/alignments_prefiltering/OG_13036.lt.fasta ... Fasta format detected
Alignment most likely contains protein sequences
Alignment has 131 sequences with 294 columns, 294 distinct patterns
282 parsimony-informative, 0 singleton sites, 11 constant sites
                                                        Gap/Ambiguity  Composition  p-value
   1  Lcom_lcpid97182                                           2.04%    passed     63.61%
   2  Lcom_lcpid103463                                          3.06%    passed     65.02%
   3  Scil_scict013499.1                                        3.06%    passed     65.02%
   4  Leuniv_Lniv_C805608_01                                    2.04%    passed     60.25%
   5  Gracom_Gcom_C530328_01                                    9.86%    passed     26.49%
   6  Clacor_Ccor_scaffold8256_01                               3.06%    passed     90.27%
   7  HoiH23_PlH23_007189-RA                                    2.04%    passed     89.93%
   8  HoiH06_mRNA10905                                          2.04%    passed     79.63%
   9  Hhon_g06672.t1                                            2.04%    passed     79.97%
  10  HoiH11_mRNA214                                            2.04%    passed     56.60%
  11  TrH2_TrispH2_002904-RA                                    2.04%    passed     71.17%
  12  Tadh_TriadT63119                                          2.04%    passed     71.17%
  13  Coemet_Cmet_C571493_01                                   48.30%    passed     24.71%
  14  Dgig_XM_028549187.1                                       1.36%    passed     73.21%
  15  Xesp_002746-T1                                            2.04%    passed     72.99%
  16  Gasp_gasp1.m3.3554.m1                                     1.36%    passed     62.88%
  17  Fspp_ffun1.m4.15712.m1                                    1.36%    passed     99.30%
  18  Fspp_ffun1.m4.20081.m1                                    6.12%    passed     90.35%
  19  Spis_XP_022795065_1                                       2.04%    passed     99.90%
  20  Pocdam_XM_027192131.1                                    20.07%    passed     88.15%
  21  Gfas_gfas1.m1.14755.m1                                   20.75%    passed     77.31%
  22  Exapal_XM_021039694.2                                     2.38%    passed     96.06%
  23  Nvec_v1g191860                                            2.04%    passed     94.93%
  24  Adig_XM_015916361.1                                      17.01%    passed     98.50%
  25  Amil_Amillepora20678-RA                                  28.23%    passed     86.06%
  26  Gfas_gfas1.m1.14751.m1                                    8.50%    passed     99.79%
  27  Lcom_lcpid110545                                          2.04%    passed     73.51%
  28  Cgig_XM_034456497.1                                       2.38%    passed     99.37%
  29  Lcom_lcpid106561                                         26.19%    passed     58.60%
  30  Lcom_lcpid98124                                           2.38%    passed     85.34%
  31  Lcom_lcpid124725                                         25.51%    passed     66.77%
  32  Skow_XM_006820690.1                                      48.30%    passed     50.39%
  33  Sanmal_Sma_007428-T1                                      4.42%    passed     68.85%
  34  Sanmal_Sma_007416-T1                                      1.36%    passed     76.13%
  35  Nemnom_g9997.t1                                           1.70%    passed     86.25%
  36  Rhoesc_Res_011574-T1                                      2.04%    passed     82.32%
  37  Aaur_scaffold237.g2.t2                                    1.36%    passed     99.56%
  38  Morvir_scaffold98.g53.t1                                  1.36%    passed     97.70%
  39  Hsap_ENST00000505496                                      2.38%    passed     98.71%
  40  Tcas_TC002955_001                                         1.70%    passed     98.70%
  41  Dpul_mRNA21441                                           79.59%    passed     44.74%
  42  Dpul_mRNA22152                                            1.02%    passed     99.75%
  43  Tetwil_g18114.t2                                          5.44%    passed     95.95%
  44  Acagra_model.g18867.t1                                    2.04%    passed     99.37%
  45  Halamb_c54_g1_i1m.2                                      50.34%    passed     31.80%
  46  Halamb_c46867_g1_i1m.21348                                3.74%    passed    100.00%
  47  Aque_Aqu2.1.23414_001                                     2.38%    passed     99.97%
  48  Aque_Aqu2.1.23412_001                                     3.06%    passed     75.95%
  49  Aque_Aqu2.1.23413_001                                    21.77%    passed     80.27%
  50  Halamb_c31033_g1_i1m.6517                                 3.40%    passed     98.81%
  51  Mertsp_Mesp_sb585410                                     37.07%    passed     98.00%
  52  Mertsp_Mesp_sb585412                                     48.64%    passed     64.90%
  53  Bolinf_Binf_sb1256430                                     3.06%    passed     97.05%
  54  Mertsp_Mesp_sb585407                                      3.40%    passed     97.56%
  55  Bolinf_Binf_sb1283593                                    33.33%    passed     77.65%
  56  Bolinf_Binf_sb1283589                                    11.22%    passed     90.47%
  57  Mertsp_Mesp_sb583744                                     11.56%    passed     90.98%
  58  Bolinf_Binf_sb1283592                                    27.21%    passed     69.69%
  59  Vmul_sbMO407248                                           3.06%    passed     79.53%
  60  Eupdun_Edun_sb10638104                                   35.37%    passed     96.55%
  61  Eupdun_Edun_sb10638103                                    4.76%    passed     97.96%
  62  Vmul_SimC383008                                          31.63%    passed     98.64%
  63  Coemet_Cmet_C598731_01                                    3.40%    passed     99.78%
  64  Coeast_Cast_sb794654                                      3.40%    passed     99.56%
  65  Lampan_Lpan_6911_01                                       2.38%    passed     84.24%
  66  Beraby_Baby_sb336088                                      2.72%    passed     99.93%
  67  Bolinf_Binf_sb1220352                                    26.53%    passed     99.99%
  68  Beraby_Baby_sb336087                                      2.72%    passed     99.93%
  69  Beraby_Baby_sb336089                                      2.72%    passed     99.93%
  70  Mertsp_Mesp_sb554930                                     43.20%    passed     89.78%
  71  Drygla_Dgla_sb311779                                     44.56%    passed     80.92%
  72  Beraby_Baby_sb336092                                     33.33%    passed     99.91%
  73  Beraby_Baby_sb336090                                     33.33%    passed     99.91%
  74  Beraby_Baby_sb336091                                     33.33%    passed     99.91%
  75  Pbac_sb2666892                                           12.93%    passed     84.51%
  76  Horcal_Hcv1.av93.c7.g930.i1                               4.08%    passed     96.10%
  77  Spolac_c101478_g3_i1_m.25739c101478-g3                   62.59%    passed     78.22%
  78  Spolac_c101478_g2_i1_m.25738c101478-g2                    4.08%    passed     93.70%
  79  Emue_Em0005g1662a.t1                                      4.08%    passed     81.49%
  80  Stycar_maker-SC_scaffold7049-augustus-gene-0.28-mRNA-1   10.20%    passed     99.93%
  81  Hvul_g24237_1                                             0.34%    passed     83.08%
  82  Ctel_gnl_WGS_AMQN_CAPTEDRAFT_mRNA221292                   1.02%    passed     99.94%
  83  Opea_EP00118_Oscarella_pearsei_P003227                    4.42%    passed     92.27%
  84  Ocar_g430                                                19.05%    passed     96.98%
  85  Lcom_lcpid179837                                         53.06%    passed     16.75%
  86  Lcom_lcpid145602                                         50.68%    passed     22.94%
  87  Cscu_XM_023357287.1                                      38.10%    passed     84.64%
  88  Cscu_XM_023377902.1                                      17.35%    passed     81.75%
  89  Cscu_XM_023385235.1                                       2.72%    passed     92.41%
  90  Cscu_XM_023385242.1                                      31.97%    passed     36.16%
  91  Lcom_lcpid109607                                          1.36%    passed     95.96%
  92  Clacor_Ccor_C534995_01                                    2.04%    passed     98.25%
  93  Bralan_BLAG16000465_6                                     2.38%    passed     99.87%
  94  Chem_TCONS_00017240                                       4.42%    passed     99.51%
  95  Spur_XM_030974180.1                                       3.74%    passed     91.16%
  96  Chem_TCONS_00017238                                       2.38%    passed     80.56%
  97  Skow_XM_006824742.1                                      68.03%    passed     86.21%
  98  Lcom_lcpid135934                                         25.51%    passed     21.05%
  99  Plajan_Pjan_C556873_01                                    3.40%    passed     89.95%
 100  Xestes_maker-XT_scaffold3516-augustus-gene-0.26-mRNA-1   55.10%    passed     73.08%
 101  Xestes_maker-XT_scaffold39444-snap-gene-0.7-mRNA-1       46.26%    passed     79.67%
 102  Tcas_TC002953_001                                         1.70%    passed     94.67%
 103  Tcas_TC002952_001                                         1.70%    passed     56.78%
 104  Lcom_lcpid186203                                         57.48%    passed     85.27%
 105  Lcom_lcpid112850                                          1.02%    passed     99.92%
 106  Lcom_lcpid236395                                         67.69%    passed     35.00%
 107  Lcom_lcpid110400                                          2.38%    passed     51.23%
 108  Lcom_lcpid118547                                          4.76%    passed     97.12%
 109  Lcom_lcpid119304                                          8.16%    passed     78.07%
 110  Lcom_lcpid114489                                          4.42%    failed      3.85%
 111  Clacor_Ccor_C536609_01                                    3.40%    passed     50.27%
 112  Opea_EP00118_Oscarella_pearsei_P009769                    4.08%    passed     61.79%
 113  Opea_EP00118_Oscarella_pearsei_P025876                    6.12%    passed     56.02%
 114  Lcom_lcpid91261                                           3.40%    passed      7.36%
 115  Leuniv_Lniv_scaffold11270_01                              4.08%    passed     56.88%
 116  Gracom_Gcom_scaffold16135_01                              4.08%    passed     34.05%
 117  Lcom_lcpid117048                                          4.08%    passed     93.37%
 118  Gfas_gfas1.m1.14756.m1                                   45.92%    passed     61.05%
 119  Tcas_TC005432_001                                         6.80%    passed      9.51%
 120  Tcas_TC005431_001                                         6.46%    passed     95.88%
 121  Tcas_TC002954_001                                         7.48%    passed     21.10%
 122  Plespi_Pspi_C581992_01                                   52.04%    passed     45.52%
 123  Tcas_TC005953_001                                         9.52%    passed     73.70%
 124  Opea_EP00118_Oscarella_pearsei_P010078                    5.44%    passed     18.66%
 125  Lcom_lcpid129221                                         18.03%    passed     35.53%
 126  Plajan_Pjan_scaffold2308_01                              48.30%    passed     22.97%
 127  Plajan_Pjan_scaffold2309_01                              46.94%    passed     10.40%
 128  Dpul_mRNA27239                                            5.10%    passed     47.40%
 129  Mlei_ML0525.g3.i1                                        38.10%    passed     29.31%
 130  Lcom_lcpid133191                                         22.79%    passed     80.52%
 131  Dpul_mRNA20739                                           50.00%    passed     76.57%
WARNING: 10 sequences contain more than 50% gaps/ambiguity
****  TOTAL                                                    15.63%  1 sequences failed composition chi2 test (p-value<5%; df=19)
NOTE: Scil_scict013499.1 is identical to Lcom_lcpid103463 but kept for subsequent analysis
NOTE: Tadh_TriadT63119 is identical to TrH2_TrispH2_002904-RA but kept for subsequent analysis
NOTE: Beraby_Baby_sb336087 is identical to Beraby_Baby_sb336088 but kept for subsequent analysis
NOTE: Beraby_Baby_sb336090 is identical to Beraby_Baby_sb336092 but kept for subsequent analysis
NOTE: 2 identical sequences (see below) will be ignored for subsequent analysis
NOTE: Beraby_Baby_sb336089 (identical to Beraby_Baby_sb336088) is ignored but added at the end
NOTE: Beraby_Baby_sb336091 (identical to Beraby_Baby_sb336092) is ignored but added at the end
Alignment was printed to results_broccoli_meto/alignments_prefiltering/OG_13036.iqtree.uniqueseq.phy

For your convenience alignment with unique sequences printed to results_broccoli_meto/alignments_prefiltering/OG_13036.iqtree.uniqueseq.phy


Create initial parsimony tree by phylogenetic likelihood library (PLL)... 0.123 seconds
Measuring multi-threading efficiency up to 2 CPU cores
Increase to 10 rounds for branch lengths
2 trees examined
Threads: 1 / Time: 2.055 sec / Speedup: 1.000 / Efficiency: 100% / LogL: -51524
Threads: 2 / Time: 2.708 sec / Speedup: 0.759 / Efficiency: 38% / LogL: -51524
BEST NUMBER OF THREADS: 1

Perform fast likelihood tree search using LG+I+G model...
Estimate model parameters (epsilon = 5.000)
Perform nearest neighbor interchange...
Estimate model parameters (epsilon = 1.000)
1. Initial log-likelihood: -36761.538
Optimal log-likelihood: -36761.509
Proportion of invariable sites: 0.040
Gamma shape alpha: 1.291
Parameters optimization took 1 rounds (0.401 sec)
Time for fast ML tree search: 6.426 seconds

NOTE: ModelFinder requires 26 MB RAM!
ModelFinder will test up to 24 protein models (sample size: 294) ...
 No. Model         -LnL         df  AIC          AICc         BIC
  1  LG            38776.464    255 78062.928    81498.718    79002.241
  2  LG+I          38486.675    256 77485.349    81041.673    78428.346
  3  LG+G4         36801.859    256 74115.719    77672.043    75058.715
  4  LG+I+G4       36761.509    257 74037.018    77720.685    74983.698
  8  LG+F+I+G4     36875.752    276 74303.505    83297.858    75320.173
 12  WAG+I+G4      36723.373    257 73960.746    77644.413    74907.426
 16  WAG+F+I+G4    36782.423    276 74116.846    83111.199    75133.514
 20  JTT+I+G4      37268.951    257 75051.902    78735.569    75998.582
 24  JTT+F+I+G4    37295.916    276 75143.832    84138.185    76160.500
Akaike Information Criterion:           WAG+I+G4
Corrected Akaike Information Criterion: WAG+I+G4
Bayesian Information Criterion:         WAG+I+G4
Best-fit model: WAG+I+G4 chosen according to BIC

All model information printed to results_broccoli_meto/alignments_prefiltering/OG_13036.iqtree.model.gz
CPU time for ModelFinder: 21.260 seconds (0h:0m:21s)
Wall-clock time for ModelFinder: 21.542 seconds (0h:0m:21s)
Generating 1000 samples for ultrafast bootstrap (seed: 340890)...

NOTE: 26 MB RAM (0 GB) is required!
Estimate model parameters (epsilon = 0.100)
Thoroughly optimizing +I+G parameters from 10 start values...
Init pinv, alpha: 0.000, 1.422 / Estimate: 0.038, 1.417 / LogL: -36723.372
Init pinv, alpha: 0.005, 1.422 / Estimate: 0.038, 1.416 / LogL: -36723.375
Init pinv, alpha: 0.009, 1.422 / Estimate: 0.038, 1.417 / LogL: -36723.371
Init pinv, alpha: 0.014, 1.422 / Estimate: 0.038, 1.418 / LogL: -36723.370
Init pinv, alpha: 0.018, 1.422 / Estimate: 0.038, 1.416 / LogL: -36723.372
Init pinv, alpha: 0.023, 1.422 / Estimate: 0.038, 1.416 / LogL: -36723.373
Init pinv, alpha: 0.027, 1.422 / Estimate: 0.038, 1.417 / LogL: -36723.371
Init pinv, alpha: 0.032, 1.422 / Estimate: 0.038, 1.418 / LogL: -36723.369
Init pinv, alpha: 0.036, 1.422 / Estimate: 0.038, 1.418 / LogL: -36723.369
Init pinv, alpha: 0.041, 1.422 / Estimate: 0.038, 1.422 / LogL: -36723.371
Optimal pinv,alpha: 0.038, 1.418 / LogL: -36723.369

Parameters optimization took 11.515 sec
Computing ML distances based on estimated model parameters...
Computing ML distances took 1.985939 sec (of wall-clock time) 1.984680 sec(of CPU time)
WARNING: Some pairwise ML distances are too long (saturated)
Computing RapidNJ tree took 0.001473 sec (of wall-clock time) 0.001472 sec (of CPU time)
Log-likelihood of RapidNJ tree: -37554.391
--------------------------------------------------------------------
|             INITIALIZING CANDIDATE TREE SET                      |
--------------------------------------------------------------------
Generating 98 parsimony trees... 5.105 second
Computing log-likelihood of 98 initial trees ... 12.180 seconds
Current best score: -36723.369

Do NNI search on 20 best initial trees
Estimate model parameters (epsilon = 0.100)
BETTER TREE FOUND at iteration 1: -36722.537
Estimate model parameters (epsilon = 0.100)
BETTER TREE FOUND at iteration 2: -36696.278
Estimate model parameters (epsilon = 0.100)
BETTER TREE FOUND at iteration 7: -36667.237
Iteration 10 / LogL: -36705.135 / Time: 0h:1m:0s
Iteration 20 / LogL: -36780.678 / Time: 0h:1m:28s
Finish initializing candidate tree set (20)
Current best tree score: -36667.237 / CPU time: 72.436
Number of iterations: 20
--------------------------------------------------------------------
|               OPTIMIZING CANDIDATE TREE SET                      |
--------------------------------------------------------------------
Estimate model parameters (epsilon = 0.100)
BETTER TREE FOUND at iteration 26: -36666.680
Iteration 30 / LogL: -36679.947 / Time: 0h:1m:59s (0h:13m:26s left)
Estimate model parameters (epsilon = 0.100)
BETTER TREE FOUND at iteration 35: -36661.792
Estimate model parameters (epsilon = 0.100)
BETTER TREE FOUND at iteration 38: -36660.909
Iteration 40 / LogL: -36691.004 / Time: 0h:2m:31s (0h:12m:49s left)
Estimate model parameters (epsilon = 0.100)
BETTER TREE FOUND at iteration 46: -36660.426
Iteration 50 / LogL: -36666.471 / Time: 0h:3m:5s (0h:12m:21s left)
Log-likelihood cutoff on original alignment: -36765.165
Iteration 60 / LogL: -36674.303 / Time: 0h:3m:38s (0h:11m:27s left)
Iteration 70 / LogL: -36662.518 / Time: 0h:4m:9s (0h:10m:35s left)
Estimate model parameters (epsilon = 0.100)
BETTER TREE FOUND at iteration 76: -36659.502
Iteration 80 / LogL: -36661.223 / Time: 0h:4m:39s (0h:11m:33s left)
Estimate model parameters (epsilon = 0.100)
BETTER TREE FOUND at iteration 86: -36657.768
Iteration 90 / LogL: -36731.314 / Time: 0h:5m:11s (0h:11m:25s left)
Estimate model parameters (epsilon = 0.100)
BETTER TREE FOUND at iteration 96: -36657.548
Estimate model parameters (epsilon = 0.100)
BETTER TREE FOUND at iteration 97: -36657.442
Iteration 100 / LogL: -36657.648 / Time: 0h:5m:48s (0h:11m:32s left)
Log-likelihood cutoff on original alignment: -36765.165
NOTE: Bootstrap correlation coefficient of split occurrence frequencies: 0.995
Iteration 110 / LogL: -36658.496 / Time: 0h:6m:21s (0h:10m:55s left)
Iteration 120 / LogL: -36657.625 / Time: 0h:6m:54s (0h:10m:17s left)
BETTER TREE FOUND at iteration 124: -36657.442
Iteration 130 / LogL: -36681.826 / Time: 0h:7m:27s (0h:11m:12s left)
Iteration 140 / LogL: -36657.649 / Time: 0h:7m:58s (0h:10m:33s left)
Estimate model parameters (epsilon = 0.100)
BETTER TREE FOUND at iteration 150: -36657.352
Iteration 150 / LogL: -36657.352 / Time: 0h:8m:31s (0h:11m:26s left)
Log-likelihood cutoff on original alignment: -36765.165
Iteration 160 / LogL: -36658.332 / Time: 0h:9m:4s (0h:10m:50s left)
Iteration 170 / LogL: -36657.811 / Time: 0h:9m:39s (0h:10m:17s left)
Iteration 180 / LogL: -36663.065 / Time: 0h:10m:10s (0h:9m:39s left)
Iteration 190 / LogL: -36675.664 / Time: 0h:10m:47s (0h:9m:8s left)
Iteration 200 / LogL: -36661.007 / Time: 0h:11m:22s (0h:8m:34s left)
Log-likelihood cutoff on original alignment: -36765.165
NOTE: Bootstrap correlation coefficient of split occurrence frequencies: 0.997
Iteration 210 / LogL: -36657.550 / Time: 0h:11m:58s (0h:8m:1s left)
Iteration 220 / LogL: -36670.555 / Time: 0h:12m:31s (0h:7m:26s left)
Iteration 230 / LogL: -36658.251 / Time: 0h:13m:5s (0h:6m:51s left)
Iteration 240 / LogL: -36658.475 / Time: 0h:13m:40s (0h:6m:17s left)
Iteration 250 / LogL: -36660.368 / Time: 0h:14m:14s (0h:5m:43s left)
Log-likelihood cutoff on original alignment: -36765.165
Iteration 260 / LogL: -36657.678 / Time: 0h:14m:49s (0h:5m:9s left)
Iteration 270 / LogL: -36670.094 / Time: 0h:15m:21s (0h:4m:33s left)
Iteration 280 / LogL: -36657.981 / Time: 0h:15m:55s (0h:3m:59s left)
Iteration 290 / LogL: -36657.586 / Time: 0h:16m:29s (0h:3m:25s left)
Iteration 300 / LogL: -36658.651 / Time: 0h:17m:2s (0h:2m:50s left)
Log-likelihood cutoff on original alignment: -36765.165
NOTE: Bootstrap correlation coefficient of split occurrence frequencies: 0.999
Iteration 310 / LogL: -36657.936 / Time: 0h:17m:34s (0h:5m:7s left)
Iteration 320 / LogL: -36658.195 / Time: 0h:18m:9s (0h:4m:33s left)
Iteration 330 / LogL: -36685.356 / Time: 0h:18m:43s (0h:3m:58s left)
Estimate model parameters (epsilon = 0.100)
BETTER TREE FOUND at iteration 332: -36656.950
Iteration 340 / LogL: -36657.675 / Time: 0h:19m:14s (0h:10m:53s left)
Iteration 350 / LogL: -36657.634 / Time: 0h:19m:45s (0h:10m:18s left)
Log-likelihood cutoff on original alignment: -36765.165
Iteration 360 / LogL: -36667.090 / Time: 0h:20m:16s (0h:9m:43s left)
Iteration 370 / LogL: -36671.860 / Time: 0h:20m:45s (0h:9m:7s left)
Iteration 380 / LogL: -36657.507 / Time: 0h:21m:18s (0h:8m:32s left)
Iteration 390 / LogL: -36657.124 / Time: 0h:21m:48s (0h:7m:57s left)
Iteration 400 / LogL: -36661.799 / Time: 0h:22m:17s (0h:7m:22s left)
Log-likelihood cutoff on original alignment: -36765.165
NOTE: Bootstrap correlation coefficient of split occurrence frequencies: 0.999
Estimate model parameters (epsilon = 0.100)
BETTER TREE FOUND at iteration 403: -36656.676
Iteration 410 / LogL: -36664.471 / Time: 0h:22m:48s (0h:10m:45s left)

******************************************************
CHECKPOINT: Resuming analysis from results_broccoli_meto/alignments_prefiltering/OG_13036.iqtree.ckp.gz

IQ-TREE multicore version 2.1.0 for Linux 64-bit built Jul 18 2020
Developed by Bui Quang Minh, James Barbetti, Nguyen Lam Tung,
Olga Chernomor, Heiko Schmidt, Dominik Schrempf, Michael Woodhams.

Host:    node-hp0502.linux.crg.es (AVX, 125 GB RAM)
Command: /users/asebe/xgraubove/Programes/iqtree-2.1.0-Linux/bin/iqtree2 -s results_broccoli_meto/alignments_prefiltering/OG_13036.lt.fasta -m TEST -mset LG,WAG,JTT -nt AUTO -ntmax 2 -bb 1000 -pre results_broccoli_meto/alignments_prefiltering/OG_13036.iqtree -nm 10000 -nstop 200 -cptime 1800
Seed:    762611 (Using SPRNG - Scalable Parallel Random Number Generator)
Time:    Mon Dec 12 20:24:21 2022
Kernel:  AVX - auto-detect threads (2 CPU cores detected)

Reading alignment file results_broccoli_meto/alignments_prefiltering/OG_13036.lt.fasta ... Fasta format detected
Alignment most likely contains protein sequences
Alignment has 131 sequences with 294 columns, 294 distinct patterns
282 parsimony-informative, 0 singleton sites, 11 constant sites
                                                        Gap/Ambiguity  Composition  p-value
   1  Lcom_lcpid97182                                           2.04%    passed     63.61%
   2  Lcom_lcpid103463                                          3.06%    passed     65.02%
   3  Scil_scict013499.1                                        3.06%    passed     65.02%
   4  Leuniv_Lniv_C805608_01                                    2.04%    passed     60.25%
   5  Gracom_Gcom_C530328_01                                    9.86%    passed     26.49%
   6  Clacor_Ccor_scaffold8256_01                               3.06%    passed     90.27%
   7  HoiH23_PlH23_007189-RA                                    2.04%    passed     89.93%
   8  HoiH06_mRNA10905                                          2.04%    passed     79.63%
   9  Hhon_g06672.t1                                            2.04%    passed     79.97%
  10  HoiH11_mRNA214                                            2.04%    passed     56.60%
  11  TrH2_TrispH2_002904-RA                                    2.04%    passed     71.17%
  12  Tadh_TriadT63119                                          2.04%    passed     71.17%
  13  Coemet_Cmet_C571493_01                                   48.30%    passed     24.71%
  14  Dgig_XM_028549187.1                                       1.36%    passed     73.21%
  15  Xesp_002746-T1                                            2.04%    passed     72.99%
  16  Gasp_gasp1.m3.3554.m1                                     1.36%    passed     62.88%
  17  Fspp_ffun1.m4.15712.m1                                    1.36%    passed     99.30%
  18  Fspp_ffun1.m4.20081.m1                                    6.12%    passed     90.35%
  19  Spis_XP_022795065_1                                       2.04%    passed     99.90%
  20  Pocdam_XM_027192131.1                                    20.07%    passed     88.15%
  21  Gfas_gfas1.m1.14755.m1                                   20.75%    passed     77.31%
  22  Exapal_XM_021039694.2                                     2.38%    passed     96.06%
  23  Nvec_v1g191860                                            2.04%    passed     94.93%
  24  Adig_XM_015916361.1                                      17.01%    passed     98.50%
  25  Amil_Amillepora20678-RA                                  28.23%    passed     86.06%
  26  Gfas_gfas1.m1.14751.m1                                    8.50%    passed     99.79%
  27  Lcom_lcpid110545                                          2.04%    passed     73.51%
  28  Cgig_XM_034456497.1                                       2.38%    passed     99.37%
  29  Lcom_lcpid106561                                         26.19%    passed     58.60%
  30  Lcom_lcpid98124                                           2.38%    passed     85.34%
  31  Lcom_lcpid124725                                         25.51%    passed     66.77%
  32  Skow_XM_006820690.1                                      48.30%    passed     50.39%
  33  Sanmal_Sma_007428-T1                                      4.42%    passed     68.85%
  34  Sanmal_Sma_007416-T1                                      1.36%    passed     76.13%
  35  Nemnom_g9997.t1                                           1.70%    passed     86.25%
  36  Rhoesc_Res_011574-T1                                      2.04%    passed     82.32%
  37  Aaur_scaffold237.g2.t2                                    1.36%    passed     99.56%
  38  Morvir_scaffold98.g53.t1                                  1.36%    passed     97.70%
  39  Hsap_ENST00000505496                                      2.38%    passed     98.71%
  40  Tcas_TC002955_001                                         1.70%    passed     98.70%
  41  Dpul_mRNA21441                                           79.59%    passed     44.74%
  42  Dpul_mRNA22152                                            1.02%    passed     99.75%
  43  Tetwil_g18114.t2                                          5.44%    passed     95.95%
  44  Acagra_model.g18867.t1                                    2.04%    passed     99.37%
  45  Halamb_c54_g1_i1m.2                                      50.34%    passed     31.80%
  46  Halamb_c46867_g1_i1m.21348                                3.74%    passed    100.00%
  47  Aque_Aqu2.1.23414_001                                     2.38%    passed     99.97%
  48  Aque_Aqu2.1.23412_001                                     3.06%    passed     75.95%
  49  Aque_Aqu2.1.23413_001                                    21.77%    passed     80.27%
  50  Halamb_c31033_g1_i1m.6517                                 3.40%    passed     98.81%
  51  Mertsp_Mesp_sb585410                                     37.07%    passed     98.00%
  52  Mertsp_Mesp_sb585412                                     48.64%    passed     64.90%
  53  Bolinf_Binf_sb1256430                                     3.06%    passed     97.05%
  54  Mertsp_Mesp_sb585407                                      3.40%    passed     97.56%
  55  Bolinf_Binf_sb1283593                                    33.33%    passed     77.65%
  56  Bolinf_Binf_sb1283589                                    11.22%    passed     90.47%
  57  Mertsp_Mesp_sb583744                                     11.56%    passed     90.98%
  58  Bolinf_Binf_sb1283592                                    27.21%    passed     69.69%
  59  Vmul_sbMO407248                                           3.06%    passed     79.53%
  60  Eupdun_Edun_sb10638104                                   35.37%    passed     96.55%
  61  Eupdun_Edun_sb10638103                                    4.76%    passed     97.96%
  62  Vmul_SimC383008                                          31.63%    passed     98.64%
  63  Coemet_Cmet_C598731_01                                    3.40%    passed     99.78%
  64  Coeast_Cast_sb794654                                      3.40%    passed     99.56%
  65  Lampan_Lpan_6911_01                                       2.38%    passed     84.24%
  66  Beraby_Baby_sb336088                                      2.72%    passed     99.93%
  67  Bolinf_Binf_sb1220352                                    26.53%    passed     99.99%
  68  Beraby_Baby_sb336087                                      2.72%    passed     99.93%
  69  Beraby_Baby_sb336089                                      2.72%    passed     99.93%
  70  Mertsp_Mesp_sb554930                                     43.20%    passed     89.78%
  71  Drygla_Dgla_sb311779                                     44.56%    passed     80.92%
  72  Beraby_Baby_sb336092                                     33.33%    passed     99.91%
  73  Beraby_Baby_sb336090                                     33.33%    passed     99.91%
  74  Beraby_Baby_sb336091                                     33.33%    passed     99.91%
  75  Pbac_sb2666892                                           12.93%    passed     84.51%
  76  Horcal_Hcv1.av93.c7.g930.i1                               4.08%    passed     96.10%
  77  Spolac_c101478_g3_i1_m.25739c101478-g3                   62.59%    passed     78.22%
  78  Spolac_c101478_g2_i1_m.25738c101478-g2                    4.08%    passed     93.70%
  79  Emue_Em0005g1662a.t1                                      4.08%    passed     81.49%
  80  Stycar_maker-SC_scaffold7049-augustus-gene-0.28-mRNA-1   10.20%    passed     99.93%
  81  Hvul_g24237_1                                             0.34%    passed     83.08%
  82  Ctel_gnl_WGS_AMQN_CAPTEDRAFT_mRNA221292                   1.02%    passed     99.94%
  83  Opea_EP00118_Oscarella_pearsei_P003227                    4.42%    passed     92.27%
  84  Ocar_g430                                                19.05%    passed     96.98%
  85  Lcom_lcpid179837                                         53.06%    passed     16.75%
  86  Lcom_lcpid145602                                         50.68%    passed     22.94%
  87  Cscu_XM_023357287.1                                      38.10%    passed     84.64%
  88  Cscu_XM_023377902.1                                      17.35%    passed     81.75%
  89  Cscu_XM_023385235.1                                       2.72%    passed     92.41%
  90  Cscu_XM_023385242.1                                      31.97%    passed     36.16%
  91  Lcom_lcpid109607                                          1.36%    passed     95.96%
  92  Clacor_Ccor_C534995_01                                    2.04%    passed     98.25%
  93  Bralan_BLAG16000465_6                                     2.38%    passed     99.87%
  94  Chem_TCONS_00017240                                       4.42%    passed     99.51%
  95  Spur_XM_030974180.1                                       3.74%    passed     91.16%
  96  Chem_TCONS_00017238                                       2.38%    passed     80.56%
  97  Skow_XM_006824742.1                                      68.03%    passed     86.21%
  98  Lcom_lcpid135934                                         25.51%    passed     21.05%
  99  Plajan_Pjan_C556873_01                                    3.40%    passed     89.95%
 100  Xestes_maker-XT_scaffold3516-augustus-gene-0.26-mRNA-1   55.10%    passed     73.08%
 101  Xestes_maker-XT_scaffold39444-snap-gene-0.7-mRNA-1       46.26%    passed     79.67%
 102  Tcas_TC002953_001                                         1.70%    passed     94.67%
 103  Tcas_TC002952_001                                         1.70%    passed     56.78%
 104  Lcom_lcpid186203                                         57.48%    passed     85.27%
 105  Lcom_lcpid112850                                          1.02%    passed     99.92%
 106  Lcom_lcpid236395                                         67.69%    passed     35.00%
 107  Lcom_lcpid110400                                          2.38%    passed     51.23%
 108  Lcom_lcpid118547                                          4.76%    passed     97.12%
 109  Lcom_lcpid119304                                          8.16%    passed     78.07%
 110  Lcom_lcpid114489                                          4.42%    failed      3.85%
 111  Clacor_Ccor_C536609_01                                    3.40%    passed     50.27%
 112  Opea_EP00118_Oscarella_pearsei_P009769                    4.08%    passed     61.79%
 113  Opea_EP00118_Oscarella_pearsei_P025876                    6.12%    passed     56.02%
 114  Lcom_lcpid91261                                           3.40%    passed      7.36%
 115  Leuniv_Lniv_scaffold11270_01                              4.08%    passed     56.88%
 116  Gracom_Gcom_scaffold16135_01                              4.08%    passed     34.05%
 117  Lcom_lcpid117048                                          4.08%    passed     93.37%
 118  Gfas_gfas1.m1.14756.m1                                   45.92%    passed     61.05%
 119  Tcas_TC005432_001                                         6.80%    passed      9.51%
 120  Tcas_TC005431_001                                         6.46%    passed     95.88%
 121  Tcas_TC002954_001                                         7.48%    passed     21.10%
 122  Plespi_Pspi_C581992_01                                   52.04%    passed     45.52%
 123  Tcas_TC005953_001                                         9.52%    passed     73.70%
 124  Opea_EP00118_Oscarella_pearsei_P010078                    5.44%    passed     18.66%
 125  Lcom_lcpid129221                                         18.03%    passed     35.53%
 126  Plajan_Pjan_scaffold2308_01                              48.30%    passed     22.97%
 127  Plajan_Pjan_scaffold2309_01                              46.94%    passed     10.40%
 128  Dpul_mRNA27239                                            5.10%    passed     47.40%
 129  Mlei_ML0525.g3.i1                                        38.10%    passed     29.31%
 130  Lcom_lcpid133191                                         22.79%    passed     80.52%
 131  Dpul_mRNA20739                                           50.00%    passed     76.57%
WARNING: 10 sequences contain more than 50% gaps/ambiguity
****  TOTAL                                                    15.63%  1 sequences failed composition chi2 test (p-value<5%; df=19)
NOTE: Scil_scict013499.1 is identical to Lcom_lcpid103463 but kept for subsequent analysis
NOTE: Tadh_TriadT63119 is identical to TrH2_TrispH2_002904-RA but kept for subsequent analysis
NOTE: Beraby_Baby_sb336087 is identical to Beraby_Baby_sb336088 but kept for subsequent analysis
NOTE: Beraby_Baby_sb336090 is identical to Beraby_Baby_sb336092 but kept for subsequent analysis
NOTE: 2 identical sequences (see below) will be ignored for subsequent analysis
NOTE: Beraby_Baby_sb336089 (identical to Beraby_Baby_sb336088) is ignored but added at the end
NOTE: Beraby_Baby_sb336091 (identical to Beraby_Baby_sb336092) is ignored but added at the end
Alignment was printed to results_broccoli_meto/alignments_prefiltering/OG_13036.iqtree.uniqueseq.phy

For your convenience alignment with unique sequences printed to results_broccoli_meto/alignments_prefiltering/OG_13036.iqtree.uniqueseq.phy

NOTE: Restoring information from model checkpoint file results_broccoli_meto/alignments_prefiltering/OG_13036.iqtree.model.gz

CHECKPOINT: Initial tree restored
Measuring multi-threading efficiency up to 2 CPU cores
Increase to 10 rounds for branch lengths
3 trees examined
Threads: 1 / Time: 2.895 sec / Speedup: 1.000 / Efficiency: 100% / LogL: -51690
Threads: 2 / Time: 1.576 sec / Speedup: 1.837 / Efficiency: 92% / LogL: -51690
BEST NUMBER OF THREADS: 2

Perform fast likelihood tree search using LG+I+G model...
CHECKPOINT: Tree restored, LogL: -36792.899
NOTE: ModelFinder requires 26 MB RAM!
ModelFinder will test up to 24 protein models (sample size: 294) ...
 No. Model         -LnL         df  AIC          AICc         BIC
  1  LG            38776.464    255 78062.928    81498.718    79002.241
  2  LG+I          38486.675    256 77485.349    81041.673    78428.346
  3  LG+G4         36801.859    256 74115.719    77672.043    75058.715
  4  LG+I+G4       36761.509    257 74037.018    77720.685    74983.698
  8  LG+F+I+G4     36875.752    276 74303.505    83297.858    75320.173
 12  WAG+I+G4      36723.373    257 73960.746    77644.413    74907.426
 16  WAG+F+I+G4    36782.423    276 74116.846    83111.199    75133.514
 20  JTT+I+G4      37268.951    257 75051.902    78735.569    75998.582
 24  JTT+F+I+G4    37295.916    276 75143.832    84138.185    76160.500
Akaike Information Criterion:           WAG+I+G4
Corrected Akaike Information Criterion: WAG+I+G4
Bayesian Information Criterion:         WAG+I+G4
Best-fit model: WAG+I+G4 chosen according to BIC

All model information printed to results_broccoli_meto/alignments_prefiltering/OG_13036.iqtree.model.gz
CPU time for ModelFinder: 6.261 seconds (0h:0m:6s)
Wall-clock time for ModelFinder: 4.622 seconds (0h:0m:4s)
Generating 1000 samples for ultrafast bootstrap (seed: 762611)...

NOTE: 26 MB RAM (0 GB) is required!
CHECKPOINT: Model parameters restored, LogL: -36723.369
Computing ML distances based on estimated model parameters...
Computing ML distances took 1.038307 sec (of wall-clock time) 2.073383 sec(of CPU time)
WARNING: Some pairwise ML distances are too long (saturated)
Computing RapidNJ tree took 0.002388 sec (of wall-clock time) 0.002757 sec (of CPU time)
Log-likelihood of RapidNJ tree: -37553.346
--------------------------------------------------------------------
|             INITIALIZING CANDIDATE TREE SET                      |
--------------------------------------------------------------------
Generating 98 parsimony trees... 5.570 second
Computing log-likelihood of 98 initial trees ... 6.982 seconds
Current best score: -36723.369

Do NNI search on 20 best initial trees
Estimate model parameters (epsilon = 0.100)
BETTER TREE FOUND at iteration 1: -36722.538
Estimate model parameters (epsilon = 0.100)
BETTER TREE FOUND at iteration 2: -36692.166
Estimate model parameters (epsilon = 0.100)
BETTER TREE FOUND at iteration 4: -36682.948
Iteration 10 / LogL: -36713.321 / Time: 0h:0m:37s
Estimate model parameters (epsilon = 0.100)
BETTER TREE FOUND at iteration 15: -36668.473
Iteration 20 / LogL: -36722.350 / Time: 0h:0m:54s
Finish initializing candidate tree set (20)
Current best tree score: -36668.473 / CPU time: 52.716
Number of iterations: 20
--------------------------------------------------------------------
|               OPTIMIZING CANDIDATE TREE SET                      |
--------------------------------------------------------------------
Estimate model parameters (epsilon = 0.100)
BETTER TREE FOUND at iteration 28: -36661.349
Iteration 30 / LogL: -36671.764 / Time: 0h:1m:14s (0h:8m:26s left)
Estimate model parameters (epsilon = 0.100)
BETTER TREE FOUND at iteration 31: -36660.143
Estimate model parameters (epsilon = 0.100)
BETTER TREE FOUND at iteration 33: -36659.755
Estimate model parameters (epsilon = 0.100)
BETTER TREE FOUND at iteration 35: -36645.415
Iteration 40 / LogL: -36672.171 / Time: 0h:1m:32s (0h:7m:43s left)
Iteration 50 / LogL: -36646.279 / Time: 0h:1m:51s (0h:6m:59s left)
Log-likelihood cutoff on original alignment: -36743.931
Estimate model parameters (epsilon = 0.100)
BETTER TREE FOUND at iteration 53: -36645.233
Iteration 60 / LogL: -36648.091 / Time: 0h:2m:9s (0h:7m:4s left)
Iteration 70 / LogL: -36656.445 / Time: 0h:2m:26s (0h:6m:28s left)
Iteration 80 / LogL: -36651.699 / Time: 0h:2m:44s (0h:6m:0s left)
Iteration 90 / LogL: -36646.458 / Time: 0h:3m:1s (0h:5m:31s left)
Iteration 100 / LogL: -36645.612 / Time: 0h:3m:18s (0h:5m:6s left)
Log-likelihood cutoff on original alignment: -36742.808
NOTE: Bootstrap correlation coefficient of split occurrence frequencies: 0.998
Iteration 110 / LogL: -36646.744 / Time: 0h:3m:36s (0h:4m:44s left)
Iteration 120 / LogL: -36650.077 / Time: 0h:3m:54s (0h:4m:22s left)
Iteration 130 / LogL: -36645.750 / Time: 0h:4m:12s (0h:4m:0s left)
Iteration 140 / LogL: -36645.329 / Time: 0h:4m:30s (0h:3m:39s left)
Iteration 150 / LogL: -36649.321 / Time: 0h:4m:48s (0h:3m:19s left)
Log-likelihood cutoff on original alignment: -36742.808
Iteration 160 / LogL: -36660.250 / Time: 0h:5m:6s (0h:2m:59s left)
Iteration 170 / LogL: -36646.082 / Time: 0h:5m:24s (0h:2m:39s left)
Estimate model parameters (epsilon = 0.100)
BETTER TREE FOUND at iteration 180: -36645.124
Iteration 180 / LogL: -36645.124 / Time: 0h:5m:43s (0h:6m:23s left)
Iteration 190 / LogL: -36645.588 / Time: 0h:6m:2s (0h:6m:4s left)
Iteration 200 / LogL: -36661.258 / Time: 0h:6m:19s (0h:5m:43s left)
Log-likelihood cutoff on original alignment: -36742.808
NOTE: Bootstrap correlation coefficient of split occurrence frequencies: 0.999
Estimate model parameters (epsilon = 0.100)
BETTER TREE FOUND at iteration 202: -36643.429
Iteration 210 / LogL: -36650.060 / Time: 0h:6m:37s (0h:6m:5s left)
Iteration 220 / LogL: -36656.554 / Time: 0h:6m:55s (0h:5m:45s left)
Iteration 230 / LogL: -36650.428 / Time: 0h:7m:13s (0h:5m:25s left)
Estimate model parameters (epsilon = 0.100)
BETTER TREE FOUND at iteration 231: -36643.369
Estimate model parameters (epsilon = 0.100)
BETTER TREE FOUND at iteration 238: -36643.295
Iteration 240 / LogL: -36649.375 / Time: 0h:7m:31s (0h:6m:14s left)
Iteration 250 / LogL: -36656.230 / Time: 0h:7m:49s (0h:5m:54s left)
Log-likelihood cutoff on original alignment: -36742.808
Iteration 260 / LogL: -36643.844 / Time: 0h:8m:8s (0h:5m:35s left)
Iteration 270 / LogL: -36643.936 / Time: 0h:8m:28s (0h:5m:17s left)
Iteration 280 / LogL: -36644.218 / Time: 0h:8m:47s (0h:4m:58s left)
Iteration 290 / LogL: -36666.819 / Time: 0h:9m:5s (0h:4m:39s left)
BETTER TREE FOUND at iteration 293: -36643.293
Iteration 300 / LogL: -36660.984 / Time: 0h:9m:24s (0h:6m:4s left)
Log-likelihood cutoff on original alignment: -36742.808
NOTE: Bootstrap correlation coefficient of split occurrence frequencies: 0.998
Iteration 310 / LogL: -36644.154 / Time: 0h:9m:42s (0h:5m:45s left)
UPDATE BEST LOG-LIKELIHOOD: -36643.293
Iteration 320 / LogL: -36644.374 / Time: 0h:10m:2s (0h:5m:26s left)
Iteration 330 / LogL: -36646.042 / Time: 0h:10m:20s (0h:5m:7s left)
Iteration 340 / LogL: -36645.981 / Time: 0h:10m:37s (0h:4m:47s left)
BETTER TREE FOUND at iteration 347: -36643.292
Iteration 350 / LogL: -36656.905 / Time: 0h:10m:57s (0h:6m:11s left)
Log-likelihood cutoff on original alignment: -36742.808
Iteration 360 / LogL: -36648.825 / Time: 0h:11m:16s (0h:5m:52s left)
Iteration 370 / LogL: -36645.504 / Time: 0h:11m:33s (0h:5m:32s left)
Iteration 380 / LogL: -36658.498 / Time: 0h:11m:53s (0h:5m:14s left)
Iteration 390 / LogL: -36643.435 / Time: 0h:12m:11s (0h:4m:55s left)
Iteration 400 / LogL: -36645.420 / Time: 0h:12m:31s (0h:4m:36s left)
Log-likelihood cutoff on original alignment: -36742.808
NOTE: Bootstrap correlation coefficient of split occurrence frequencies: 0.997
Iteration 410 / LogL: -36651.120 / Time: 0h:12m:49s (0h:4m:17s left)
Iteration 420 / LogL: -36653.570 / Time: 0h:13m:9s (0h:3m:59s left)
Iteration 430 / LogL: -36643.429 / Time: 0h:13m:25s (0h:3m:39s left)
Iteration 440 / LogL: -36652.013 / Time: 0h:13m:43s (0h:3m:20s left)
Iteration 450 / LogL: -36646.998 / Time: 0h:14m:3s (0h:3m:2s left)
Log-likelihood cutoff on original alignment: -36742.808
Iteration 460 / LogL: -36644.634 / Time: 0h:14m:23s (0h:2m:43s left)
Iteration 470 / LogL: -36646.287 / Time: 0h:14m:41s (0h:2m:24s left)
Iteration 480 / LogL: -36655.103 / Time: 0h:15m:0s (0h:2m:5s left)
Iteration 490 / LogL: -36650.182 / Time: 0h:15m:19s (0h:1m:47s left)
Iteration 500 / LogL: -36643.293 / Time: 0h:15m:38s (0h:1m:28s left)
Log-likelihood cutoff on original alignment: -36742.808
NOTE: Bootstrap correlation coefficient of split occurrence frequencies: 0.998
Iteration 510 / LogL: -36643.795 / Time: 0h:15m:57s (0h:2m:49s left)
Iteration 520 / LogL: -36648.592 / Time: 0h:16m:15s (0h:2m:30s left)
Iteration 530 / LogL: -36643.293 / Time: 0h:16m:33s (0h:2m:11s left)
Iteration 540 / LogL: -36653.512 / Time: 0h:16m:51s (0h:1m:52s left)
TREE SEARCH COMPLETED AFTER 548 ITERATIONS / Time: 0h:17m:6s

--------------------------------------------------------------------
|                    FINALIZING TREE SEARCH                        |
--------------------------------------------------------------------
Performs final model parameters optimization
Estimate model parameters (epsilon = 0.010)
1. Initial log-likelihood: -36643.292
Optimal log-likelihood: -36643.292
Proportion of invariable sites: 0.038
Gamma shape alpha: 1.453
Parameters optimization took 1 rounds (0.222 sec)
BEST SCORE FOUND : -36643.292
Creating bootstrap support values...
Split supports printed to NEXUS file results_broccoli_meto/alignments_prefiltering/OG_13036.iqtree.splits.nex
Total tree length: 42.095

Total number of iterations: 548
CPU time used for tree search: 2025.309 sec (0h:33m:45s)
Wall-clock time used for tree search: 1024.636 sec (0h:17m:4s)
Total CPU time used: 2030.828 sec (0h:33m:50s)
Total wall-clock time used: 1027.624 sec (0h:17m:7s)

Computing bootstrap consensus tree...
Reading input file results_broccoli_meto/alignments_prefiltering/OG_13036.iqtree.splits.nex...
129 taxa and 944 splits.
Consensus tree written to results_broccoli_meto/alignments_prefiltering/OG_13036.iqtree.contree
Reading input trees file results_broccoli_meto/alignments_prefiltering/OG_13036.iqtree.contree
Log-likelihood of consensus tree: -36648.442

Analysis results written to: 
  IQ-TREE report:                results_broccoli_meto/alignments_prefiltering/OG_13036.iqtree.iqtree
  Maximum-likelihood tree:       results_broccoli_meto/alignments_prefiltering/OG_13036.iqtree.treefile
  Likelihood distances:          results_broccoli_meto/alignments_prefiltering/OG_13036.iqtree.mldist

Ultrafast bootstrap approximation results written to:
  Split support values:          results_broccoli_meto/alignments_prefiltering/OG_13036.iqtree.splits.nex
  Consensus tree:                results_broccoli_meto/alignments_prefiltering/OG_13036.iqtree.contree
  Screen log file:               results_broccoli_meto/alignments_prefiltering/OG_13036.iqtree.log

Date and Time: Mon Dec 12 20:41:35 2022
