IQ-TREE multicore version 2.1.0 for Linux 64-bit built Jul 18 2020
Developed by Bui Quang Minh, James Barbetti, Nguyen Lam Tung,
Olga Chernomor, Heiko Schmidt, Dominik Schrempf, Michael Woodhams.

Host:    node-hp0310.linux.crg.es (AVX, 125 GB RAM)
Command: /users/asebe/xgraubove/Programes/iqtree-2.1.0-Linux/bin/iqtree2 -s results_broccoli_meto/alignments_prefiltering/OG_19493.lt.fasta -m TEST -mset LG,WAG,JTT -nt AUTO -ntmax 2 -bb 1000 -pre results_broccoli_meto/alignments_prefiltering/OG_19493.iqtree -nm 10000 -nstop 200 -cptime 1800
Seed:    160195 (Using SPRNG - Scalable Parallel Random Number Generator)
Time:    Tue Dec 13 00:39:09 2022
Kernel:  AVX - auto-detect threads (2 CPU cores detected)

Reading alignment file results_broccoli_meto/alignments_prefiltering/OG_19493.lt.fasta ... Fasta format detected
Alignment most likely contains protein sequences
Alignment has 63 sequences with 636 columns, 636 distinct patterns
634 parsimony-informative, 0 singleton sites, 2 constant sites
                                                          Gap/Ambiguity  Composition  p-value
   1  Scil_scict024572.1                                         69.18%    passed     85.85%
   2  Gracom_Gcom_C531028_01                                     75.16%    failed      4.27%
   3  Lcom_lcpid132925                                           75.47%    failed      1.46%
   4  Leuniv_Lniv_scaffold21855_01                               75.00%    passed      8.41%
   5  Clacor_Ccor_C520303_01                                     74.37%    passed     25.51%
   6  Amil_Amillepora26591-RA                                     8.18%    passed     99.37%
   7  Gasp_gasp1.m3.4140.m1                                       8.96%    passed     40.19%
   8  Fspp_ffun1.m4.14103.m1                                      7.86%    passed     70.12%
   9  Gfas_gfas1.m1.779.m1                                        1.42%    passed     99.29%
  10  Pocdam_XM_027183111.1                                      26.26%    passed     28.63%
  11  Spis_XP_022798347_1                                         6.13%    passed     53.07%
  12  Adig_XM_015905802.1                                        23.43%    passed     70.31%
  13  Nvec_v1g238105                                              2.04%    passed     28.38%
  14  Exapal_XM_021061375.1                                       1.57%    passed     94.84%
  15  Dgig_XM_028537106.1                                         1.73%    passed     94.51%
  16  Xesp_021560-T1                                              2.83%    passed     72.19%
  17  Xesp_027846-T1                                              6.60%    passed     48.97%
  18  Plajan_Pjan_scaffold13798_01                               86.95%    failed      0.81%
  19  HoiH11_mRNA6250                                            14.62%    passed      5.58%
  20  HoiH23_PlH23_008734-RA                                      6.76%    passed      7.03%
  21  HoiH06_mRNA9079                                             7.55%    passed      6.62%
  22  HoiH04_mRNA9359                                            12.11%    failed      2.00%
  23  TrH2_TrispH2_003139-RA                                      6.92%    failed      3.23%
  24  Tadh_TriadT51818                                            6.92%    failed      3.53%
  25  Lampan_Lpan_2339_01                                        79.25%    passed     63.52%
  26  Horcal_Hcv1.av93.c6.g1007.i1                               75.31%    passed     21.50%
  27  Pbac_sb2647144                                             13.21%    failed      0.01%
  28  Pbac_sb2646597                                             19.50%    failed      0.20%
  29  Mlei_ML3759.g23.i1                                         78.14%    passed      5.80%
  30  Beraby_Baby_sb331068                                       78.46%    passed      7.57%
  31  Mertsp_Mesp_sb567320                                       75.79%    failed      3.13%
  32  Drygla_Dgla_sb289780                                       75.94%    passed     10.30%
  33  Vmul_Simscaffold15184_01                                   74.84%    passed     33.23%
  34  Coemet_Cmet_scaffold20485_01                               75.63%    passed     16.87%
  35  Eupdun_Edun_sb10641807                                     76.57%    passed     72.86%
  36  Opea_EP00118_Oscarella_pearsei_P010882                     10.85%    passed     40.21%
  37  Aque_Aqu2.1.32896_001                                      12.74%    passed     11.70%
  38  Halamb_c53228_g2_i1m.35004                                 13.21%    passed      9.99%
  39  Xestes_maker-XT_scaffold4670-snap-gene-0.4-mRNA-1          50.31%    passed     14.72%
  40  Stycar_maker-SC_scaffold121297-augustus-gene-0.31-mRNA-1   24.06%    failed      0.46%
  41  Stycar_maker-SC_scaffold141364-snap-gene-0.4-mRNA-1        55.97%    failed      0.03%
  42  Tetwil_g6309.t1                                            10.22%    passed     42.51%
  43  Tetwil_g6310.t2                                            83.02%    passed     31.10%
  44  Tetwil_g6308.t1                                            74.06%    passed      7.41%
  45  Nemnom_g9667.t1                                             2.83%    passed     71.96%
  46  Rhoesc_Res_004490-T1                                        2.36%    passed     69.95%
  47  Sanmal_Sma_023849-T1                                        2.20%    passed     19.36%
  48  Cgig_XM_011418971.3                                         5.03%    passed     84.21%
  49  Acagra_model.g15339.t1                                      3.77%    passed     99.87%
  50  Ctel_gnl_WGS_AMQN_CAPTEDRAFT_mRNA102327                    14.31%    passed     29.25%
  51  Bralan_BLAG04000137_1                                       2.83%    failed      0.15%
  52  Spur_XM_030998988.1                                         1.10%    passed     39.02%
  53  Skow_XM_006816242.1                                         3.46%    passed     98.06%
  54  Hsap_ENST00000407426                                        1.89%    passed     84.18%
  55  Spolac_c98064_g1_i1_m.16344c100091-g1                      65.72%    passed     16.89%
  56  Plespi_Pspi_scaffold2266_01                                18.55%    failed      0.62%
  57  Dpul_mRNA10858                                              2.20%    passed     50.34%
  58  Morvir_scaffold435.g9.t1                                    1.89%    passed     50.30%
  59  Spolac_c100091_g1_i1_m.21477c100091-g1                     43.71%    failed      0.16%
  60  Hvul_g28066_1                                               9.59%    failed      0.33%
  61  Chem_TCONS_00059727                                         3.30%    failed      0.63%
  62  Tcas_TC003821_001                                           9.12%    passed     46.80%
  63  Cscu_XM_023379342.1                                        25.63%    failed      4.38%
WARNING: 20 sequences contain more than 50% gaps/ambiguity
****  TOTAL                                                      29.91%  17 sequences failed composition chi2 test (p-value<5%; df=19)


Create initial parsimony tree by phylogenetic likelihood library (PLL)... 0.022 seconds
Measuring multi-threading efficiency up to 2 CPU cores
Increase to 10 rounds for branch lengths
2 trees examined
Threads: 1 / Time: 2.019 sec / Speedup: 1.000 / Efficiency: 100% / LogL: -56092
Threads: 2 / Time: 1.073 sec / Speedup: 1.882 / Efficiency: 94% / LogL: -56092
BEST NUMBER OF THREADS: 2

Perform fast likelihood tree search using LG+I+G model...
Estimate model parameters (epsilon = 5.000)
Perform nearest neighbor interchange...
Estimate model parameters (epsilon = 1.000)
1. Initial log-likelihood: -42161.800
Optimal log-likelihood: -42161.524
Proportion of invariable sites: 0.002
Gamma shape alpha: 1.961
Parameters optimization took 1 rounds (0.205 sec)
Time for fast ML tree search: 2.225 seconds

NOTE: ModelFinder requires 28 MB RAM!
ModelFinder will test up to 24 protein models (sample size: 636) ...
 No. Model         -LnL         df  AIC          AICc         BIC
  1  LG            43065.138    123 86376.275    86435.853    86924.265
  2  LG+I          43037.567    124 86323.135    86383.800    86875.579
  3  LG+G4         42166.528    124 84581.056    84641.721    85133.500
  4  LG+I+G4       42161.250    125 84572.499    84634.264    85129.399
  7  LG+F+G4       41880.838    143 84047.677    84131.384    84684.770
  8  LG+F+I+G4     41873.644    144 84035.288    84120.338    84676.836
 11  WAG+G4        42319.815    124 84887.630    84948.295    85440.074
 12  WAG+I+G4      42314.685    125 84879.370    84941.135    85436.270
 15  WAG+F+G4      42116.604    143 84519.209    84602.916    85156.302
 16  WAG+F+I+G4    42110.715    144 84509.430    84594.481    85150.979
 19  JTT+G4        42286.002    124 84820.004    84880.669    85372.448
 20  JTT+I+G4      42279.830    125 84809.660    84871.425    85366.560
 23  JTT+F+G4      41976.816    143 84239.632    84323.339    84876.725
 24  JTT+F+I+G4    41970.269    144 84228.539    84313.590    84870.088
Akaike Information Criterion:           LG+F+I+G4
Corrected Akaike Information Criterion: LG+F+I+G4
Bayesian Information Criterion:         LG+F+I+G4
Best-fit model: LG+F+I+G4 chosen according to BIC

All model information printed to results_broccoli_meto/alignments_prefiltering/OG_19493.iqtree.model.gz
CPU time for ModelFinder: 28.358 seconds (0h:0m:28s)
Wall-clock time for ModelFinder: 15.248 seconds (0h:0m:15s)
Generating 1000 samples for ultrafast bootstrap (seed: 160195)...

NOTE: 28 MB RAM (0 GB) is required!
Estimate model parameters (epsilon = 0.100)
Thoroughly optimizing +I+G parameters from 10 start values...
Init pinv, alpha: 0.000, 1.896 / Estimate: 0.002, 1.896 / LogL: -41873.641
Init pinv, alpha: 0.000, 1.896 / Estimate: 0.002, 1.894 / LogL: -41873.641
Init pinv, alpha: 0.001, 1.896 / Estimate: 0.002, 1.894 / LogL: -41873.641
Init pinv, alpha: 0.001, 1.896 / Estimate: 0.002, 1.894 / LogL: -41873.641
Init pinv, alpha: 0.001, 1.896 / Estimate: 0.002, 1.894 / LogL: -41873.641
Init pinv, alpha: 0.002, 1.896 / Estimate: 0.002, 1.894 / LogL: -41873.641
Init pinv, alpha: 0.002, 1.896 / Estimate: 0.002, 1.896 / LogL: -41873.641
Init pinv, alpha: 0.002, 1.896 / Estimate: 0.002, 1.896 / LogL: -41873.641
Init pinv, alpha: 0.003, 1.896 / Estimate: 0.002, 1.894 / LogL: -41873.641
Init pinv, alpha: 0.003, 1.896 / Estimate: 0.002, 1.894 / LogL: -41873.641
Optimal pinv,alpha: 0.002, 1.894 / LogL: -41873.641

Parameters optimization took 3.097 sec
Computing ML distances based on estimated model parameters...
Computing ML distances took 0.264761 sec (of wall-clock time) 0.527995 sec(of CPU time)
WARNING: Some pairwise ML distances are too long (saturated)
Computing RapidNJ tree took 0.000708 sec (of wall-clock time) 0.001398 sec (of CPU time)
Log-likelihood of RapidNJ tree: -42028.815
--------------------------------------------------------------------
|             INITIALIZING CANDIDATE TREE SET                      |
--------------------------------------------------------------------
Generating 98 parsimony trees... 2.690 second
Computing log-likelihood of 98 initial trees ... 6.454 seconds
Current best score: -41873.641

Do NNI search on 20 best initial trees
Estimate model parameters (epsilon = 0.100)
BETTER TREE FOUND at iteration 1: -41873.640
Estimate model parameters (epsilon = 0.100)
BETTER TREE FOUND at iteration 2: -41862.940
Estimate model parameters (epsilon = 0.100)
BETTER TREE FOUND at iteration 3: -41860.894
Estimate model parameters (epsilon = 0.100)
BETTER TREE FOUND at iteration 5: -41857.060
Iteration 10 / LogL: -41865.648 / Time: 0h:0m:27s
Estimate model parameters (epsilon = 0.100)
BETTER TREE FOUND at iteration 14: -41853.581
Iteration 20 / LogL: -41877.359 / Time: 0h:0m:40s
Finish initializing candidate tree set (18)
Current best tree score: -41853.581 / CPU time: 36.585
Number of iterations: 20
--------------------------------------------------------------------
|               OPTIMIZING CANDIDATE TREE SET                      |
--------------------------------------------------------------------
Estimate model parameters (epsilon = 0.100)
BETTER TREE FOUND at iteration 24: -41851.267
Iteration 30 / LogL: -41851.873 / Time: 0h:0m:56s (0h:6m:17s left)
Iteration 40 / LogL: -41855.175 / Time: 0h:1m:10s (0h:5m:33s left)
Iteration 50 / LogL: -41858.013 / Time: 0h:1m:23s (0h:4m:57s left)
Log-likelihood cutoff on original alignment: -41909.717
Iteration 60 / LogL: -41851.333 / Time: 0h:1m:38s (0h:4m:33s left)
Estimate model parameters (epsilon = 0.100)
UPDATE BEST LOG-LIKELIHOOD: -41850.893
Iteration 70 / LogL: -41852.389 / Time: 0h:1m:52s (0h:4m:11s left)
Estimate model parameters (epsilon = 0.100)
UPDATE BEST LOG-LIKELIHOOD: -41850.720
BETTER TREE FOUND at iteration 79: -41850.713
Iteration 80 / LogL: -41853.824 / Time: 0h:2m:7s (0h:5m:20s left)
Iteration 90 / LogL: -41858.411 / Time: 0h:2m:20s (0h:4m:58s left)
Iteration 100 / LogL: -41851.082 / Time: 0h:2m:35s (0h:4m:40s left)
Log-likelihood cutoff on original alignment: -41903.817
NOTE: Bootstrap correlation coefficient of split occurrence frequencies: 0.999
Iteration 110 / LogL: -41858.802 / Time: 0h:2m:48s (0h:4m:21s left)
Iteration 120 / LogL: -41852.230 / Time: 0h:3m:2s (0h:4m:4s left)
Iteration 130 / LogL: -41853.631 / Time: 0h:3m:17s (0h:3m:48s left)
Iteration 140 / LogL: -41850.833 / Time: 0h:3m:30s (0h:3m:30s left)
Iteration 150 / LogL: -41855.191 / Time: 0h:3m:44s (0h:3m:13s left)
Log-likelihood cutoff on original alignment: -41903.817
Iteration 160 / LogL: -41852.235 / Time: 0h:3m:59s (0h:2m:58s left)
Iteration 170 / LogL: -41853.916 / Time: 0h:4m:12s (0h:2m:42s left)
Iteration 180 / LogL: -41850.808 / Time: 0h:4m:26s (0h:2m:27s left)
Iteration 190 / LogL: -41855.297 / Time: 0h:4m:40s (0h:2m:11s left)
Iteration 200 / LogL: -41851.327 / Time: 0h:4m:53s (0h:1m:56s left)
Log-likelihood cutoff on original alignment: -41903.817
NOTE: Bootstrap correlation coefficient of split occurrence frequencies: 0.999
Iteration 210 / LogL: -41854.588 / Time: 0h:5m:7s (0h:2m:12s left)
Iteration 220 / LogL: -41857.440 / Time: 0h:5m:21s (0h:1m:57s left)
Iteration 230 / LogL: -41854.413 / Time: 0h:5m:36s (0h:1m:42s left)
Iteration 240 / LogL: -41855.354 / Time: 0h:5m:50s (0h:1m:27s left)
Iteration 250 / LogL: -41855.734 / Time: 0h:6m:4s (0h:1m:13s left)
Log-likelihood cutoff on original alignment: -41903.817
Iteration 260 / LogL: -41853.781 / Time: 0h:6m:18s (0h:0m:58s left)
Iteration 270 / LogL: -41851.664 / Time: 0h:6m:30s (0h:0m:43s left)
Iteration 280 / LogL: -41851.181 / Time: 0h:6m:43s (0h:0m:28s left)
TREE SEARCH COMPLETED AFTER 280 ITERATIONS / Time: 0h:6m:43s

--------------------------------------------------------------------
|                    FINALIZING TREE SEARCH                        |
--------------------------------------------------------------------
Performs final model parameters optimization
Estimate model parameters (epsilon = 0.010)
1. Initial log-likelihood: -41850.713
2. Current log-likelihood: -41850.690
Optimal log-likelihood: -41850.688
Proportion of invariable sites: 0.002
Gamma shape alpha: 1.925
Parameters optimization took 2 rounds (0.403 sec)
BEST SCORE FOUND : -41850.688
Creating bootstrap support values...
Split supports printed to NEXUS file results_broccoli_meto/alignments_prefiltering/OG_19493.iqtree.splits.nex
Total tree length: 37.282

Total number of iterations: 280
CPU time used for tree search: 795.000 sec (0h:13m:15s)
Wall-clock time used for tree search: 399.704 sec (0h:6m:39s)
Total CPU time used: 804.457 sec (0h:13m:24s)
Total wall-clock time used: 404.563 sec (0h:6m:44s)

Computing bootstrap consensus tree...
Reading input file results_broccoli_meto/alignments_prefiltering/OG_19493.iqtree.splits.nex...
63 taxa and 361 splits.
Consensus tree written to results_broccoli_meto/alignments_prefiltering/OG_19493.iqtree.contree
Reading input trees file results_broccoli_meto/alignments_prefiltering/OG_19493.iqtree.contree
Log-likelihood of consensus tree: -41850.792

Analysis results written to: 
  IQ-TREE report:                results_broccoli_meto/alignments_prefiltering/OG_19493.iqtree.iqtree
  Maximum-likelihood tree:       results_broccoli_meto/alignments_prefiltering/OG_19493.iqtree.treefile
  Likelihood distances:          results_broccoli_meto/alignments_prefiltering/OG_19493.iqtree.mldist

Ultrafast bootstrap approximation results written to:
  Split support values:          results_broccoli_meto/alignments_prefiltering/OG_19493.iqtree.splits.nex
  Consensus tree:                results_broccoli_meto/alignments_prefiltering/OG_19493.iqtree.contree
  Screen log file:               results_broccoli_meto/alignments_prefiltering/OG_19493.iqtree.log

Date and Time: Tue Dec 13 00:46:09 2022
