IQ-TREE multicore version 2.1.0 for Linux 64-bit built Jul 18 2020
Developed by Bui Quang Minh, James Barbetti, Nguyen Lam Tung,
Olga Chernomor, Heiko Schmidt, Dominik Schrempf, Michael Woodhams.

Host:    node-hp0407.linux.crg.es (AVX, 125 GB RAM)
Command: /users/asebe/xgraubove/Programes/iqtree-2.1.0-Linux/bin/iqtree2 -s results_broccoli_meto/alignments_prefiltering/OG_11442.lt.fasta -m TEST -mset LG,WAG,JTT -nt AUTO -ntmax 2 -bb 1000 -pre results_broccoli_meto/alignments_prefiltering/OG_11442.iqtree -nm 10000 -nstop 200 -cptime 1800
Seed:    115165 (Using SPRNG - Scalable Parallel Random Number Generator)
Time:    Mon Dec 12 14:13:24 2022
Kernel:  AVX - auto-detect threads (2 CPU cores detected)

Reading alignment file results_broccoli_meto/alignments_prefiltering/OG_11442.lt.fasta ... Fasta format detected
Alignment most likely contains protein sequences
Alignment has 47 sequences with 505 columns, 505 distinct patterns
505 parsimony-informative, 0 singleton sites, 0 constant sites
                                         Gap/Ambiguity  Composition  p-value
   1  Leuniv_Lniv_C762410_01                    69.11%    failed      1.56%
   2  Leuniv_Lniv_C795322_01                    43.56%    passed     13.18%
   3  Plespi_Pspi_scaffold20183_01              48.32%    failed      2.80%
   4  Spis_XP_022782839_1                       52.87%    passed     81.98%
   5  Pocdam_XM_027204362.1                     28.12%    passed     65.64%
   6  Fspp_ffun1.m2b.42318.m1                   51.29%    passed     95.29%
   7  Gfas_gfas1.m1.15983.m1                    75.84%    passed     28.15%
   8  Gfas_gfas1.m1.15979.m1                    39.41%    passed     41.09%
   9  Fspp_ffun1.m4.10964.m1                     8.91%    passed     96.33%
  10  Gasp_gasp1.m3.16108.m1                    16.44%    passed     64.09%
  11  Spis_XP_022782749_1                        5.15%    passed     99.53%
  12  Pocdam_XM_027204339.1                      4.95%    passed     98.63%
  13  Amil_Amillepora33906-RA                    9.11%    passed     46.05%
  14  Amil_Amillepora33909-RA                   15.64%    passed     44.54%
  15  Adig_XM_015897782.1                       37.62%    passed     34.51%
  16  Gfas_gfas1.m1.15985.m1                    63.56%    passed     31.13%
  17  Nvec_v1g239446                             2.57%    passed     88.30%
  18  Exapal_XM_021036771.2                      4.16%    passed     56.73%
  19  Spis_XP_022782760_1                       53.27%    passed     10.20%
  20  Gasp_gasp1.m3.16106.m1                    55.84%    passed     21.15%
  21  Dpul_mRNA15980                            22.57%    passed     23.01%
  22  Tcas_TC004399_001                          1.98%    passed     77.53%
  23  Cscu_XM_023373012.1                        2.77%    passed     67.61%
  24  Acagra_model.g27996.t1                     1.98%    passed     86.01%
  25  Cgig_XM_034443691.1                        9.50%    passed     65.47%
  26  Spur_XM_030976859.1                        7.52%    passed     99.03%
  27  Bralan_BLAG08000941_1                      1.78%    passed     73.60%
  28  Skow_XM_006821401.1                        5.54%    passed     88.32%
  29  Ctel_gnl_WGS_AMQN_CAPTEDRAFT_mRNA200821   11.29%    passed     98.00%
  30  Dgig_XM_028555110.1                        4.95%    passed     72.46%
  31  Xesp_008025-T1                             8.32%    passed      8.06%
  32  Ctel_gnl_WGS_AMQN_CAPTEDRAFT_mRNA200538   48.32%    failed      2.23%
  33  Morvir_scaffold96.g2.t1                   16.63%    passed     12.25%
  34  Sanmal_Sma_021983-T1                       6.34%    passed     12.35%
  35  Nemnom_g10384.t1                           9.11%    passed     36.75%
  36  Rhoesc_Res_015370-T1                       4.95%    passed      5.61%
  37  Aaur_scaffold295.g12.t1                   40.00%    failed      3.40%
  38  Hsap_ENST00000331890                       5.54%    failed      0.00%
  39  Hvul_g30529_1                              9.70%    failed      3.16%
  40  Leuniv_Lniv_scaffold23516_01              63.17%    passed     26.72%
  41  Scil_scict017045.3                        13.86%    passed     15.03%
  42  Scil_scict022205.1                        18.22%    passed     16.72%
  43  Lcom_lcpid74610                           20.99%    passed      6.91%
  44  Gracom_Gcom_scaffold18873_01              15.05%    passed      5.76%
  45  Leuniv_Lniv_C759178_01                    66.93%    passed     82.37%
  46  Chem_TCONS_00037604                       22.38%    passed     29.05%
  47  Opea_EP00118_Oscarella_pearsei_P021965    11.88%    passed     62.34%
WARNING: 9 sequences contain more than 50% gaps/ambiguity
****  TOTAL                                     24.19%  6 sequences failed composition chi2 test (p-value<5%; df=19)


Create initial parsimony tree by phylogenetic likelihood library (PLL)... 0.014 seconds
Measuring multi-threading efficiency up to 2 CPU cores
Increase to 10 rounds for branch lengths
4 trees examined
Threads: 1 / Time: 2.155 sec / Speedup: 1.000 / Efficiency: 100% / LogL: -38890
Threads: 2 / Time: 1.114 sec / Speedup: 1.934 / Efficiency: 97% / LogL: -38890
BEST NUMBER OF THREADS: 2

Perform fast likelihood tree search using LG+G model...
Estimate model parameters (epsilon = 5.000)
Perform nearest neighbor interchange...
Estimate model parameters (epsilon = 1.000)
1. Initial log-likelihood: -34273.071
Optimal log-likelihood: -34273.053
Gamma shape alpha: 2.112
Parameters optimization took 1 rounds (0.102 sec)
Time for fast ML tree search: 1.513 seconds

NOTE: ModelFinder requires 17 MB RAM!
ModelFinder will test up to 12 protein models (sample size: 505) ...
 No. Model         -LnL         df  AIC          AICc         BIC
  1  LG            34882.282    91  69946.564    69987.106    70330.998
  2  LG+G4         34273.054    92  68730.108    68771.642    69118.768
  4  LG+F+G4       34128.574    111 68479.148    68542.415    68948.074
  6  WAG+G4        34331.713    92  68847.426    68888.960    69236.085
  8  WAG+F+G4      34193.434    111 68608.868    68672.135    69077.794
 10  JTT+G4        34385.822    92  68955.643    68997.177    69344.303
 12  JTT+F+G4      34256.756    111 68735.512    68798.780    69204.438
Akaike Information Criterion:           LG+F+G4
Corrected Akaike Information Criterion: LG+F+G4
Bayesian Information Criterion:         LG+F+G4
Best-fit model: LG+F+G4 chosen according to BIC

All model information printed to results_broccoli_meto/alignments_prefiltering/OG_11442.iqtree.model.gz
CPU time for ModelFinder: 13.465 seconds (0h:0m:13s)
Wall-clock time for ModelFinder: 7.796 seconds (0h:0m:7s)
Generating 1000 samples for ultrafast bootstrap (seed: 115165)...

NOTE: 17 MB RAM (0 GB) is required!
Estimate model parameters (epsilon = 0.100)
1. Initial log-likelihood: -34128.574
Optimal log-likelihood: -34128.572
Gamma shape alpha: 2.147
Parameters optimization took 1 rounds (0.104 sec)
Computing ML distances based on estimated model parameters...
Computing ML distances took 0.161530 sec (of wall-clock time) 0.322798 sec(of CPU time)
WARNING: Some pairwise ML distances are too long (saturated)
Computing RapidNJ tree took 0.000501 sec (of wall-clock time) 0.000998 sec (of CPU time)
Log-likelihood of RapidNJ tree: -34416.354
--------------------------------------------------------------------
|             INITIALIZING CANDIDATE TREE SET                      |
--------------------------------------------------------------------
Generating 98 parsimony trees... 1.414 second
Computing log-likelihood of 98 initial trees ... 3.581 seconds
Current best score: -34128.572

Do NNI search on 20 best initial trees
Estimate model parameters (epsilon = 0.100)
BETTER TREE FOUND at iteration 1: -34128.427
Estimate model parameters (epsilon = 0.100)
BETTER TREE FOUND at iteration 2: -34123.951
Estimate model parameters (epsilon = 0.100)
BETTER TREE FOUND at iteration 3: -34123.611
Estimate model parameters (epsilon = 0.100)
BETTER TREE FOUND at iteration 4: -34122.650
Estimate model parameters (epsilon = 0.100)
BETTER TREE FOUND at iteration 5: -34122.514
Iteration 10 / LogL: -34132.980 / Time: 0h:0m:15s
Iteration 20 / LogL: -34123.716 / Time: 0h:0m:26s
Finish initializing candidate tree set (13)
Current best tree score: -34122.514 / CPU time: 25.829
Number of iterations: 20
--------------------------------------------------------------------
|               OPTIMIZING CANDIDATE TREE SET                      |
--------------------------------------------------------------------
Estimate model parameters (epsilon = 0.100)
BETTER TREE FOUND at iteration 23: -34121.777
Iteration 30 / LogL: -34122.862 / Time: 0h:0m:35s (0h:3m:54s left)
Estimate model parameters (epsilon = 0.100)
BETTER TREE FOUND at iteration 33: -34120.757
Iteration 40 / LogL: -34122.105 / Time: 0h:0m:43s (0h:3m:37s left)
Iteration 50 / LogL: -34122.261 / Time: 0h:0m:51s (0h:3m:12s left)
Log-likelihood cutoff on original alignment: -34165.551
Iteration 60 / LogL: -34122.189 / Time: 0h:0m:59s (0h:2m:54s left)
Iteration 70 / LogL: -34122.592 / Time: 0h:1m:6s (0h:2m:38s left)
Estimate model parameters (epsilon = 0.100)
BETTER TREE FOUND at iteration 72: -34119.964
Iteration 80 / LogL: -34120.196 / Time: 0h:1m:14s (0h:3m:1s left)
Iteration 90 / LogL: -34124.174 / Time: 0h:1m:22s (0h:2m:48s left)
Iteration 100 / LogL: -34121.724 / Time: 0h:1m:29s (0h:2m:35s left)
Log-likelihood cutoff on original alignment: -34165.551
NOTE: Bootstrap correlation coefficient of split occurrence frequencies: 0.991
Iteration 110 / LogL: -34120.493 / Time: 0h:1m:37s (0h:2m:24s left)
Iteration 120 / LogL: -34126.935 / Time: 0h:1m:44s (0h:2m:13s left)
Iteration 130 / LogL: -34120.097 / Time: 0h:1m:52s (0h:2m:3s left)
Iteration 140 / LogL: -34120.021 / Time: 0h:1m:59s (0h:1m:53s left)
Iteration 150 / LogL: -34120.177 / Time: 0h:2m:7s (0h:1m:44s left)
Log-likelihood cutoff on original alignment: -34151.135
Iteration 160 / LogL: -34121.317 / Time: 0h:2m:15s (0h:1m:35s left)
Iteration 170 / LogL: -34120.781 / Time: 0h:2m:22s (0h:1m:26s left)
Iteration 180 / LogL: -34120.178 / Time: 0h:2m:29s (0h:1m:16s left)
Iteration 190 / LogL: -34121.666 / Time: 0h:2m:37s (0h:1m:8s left)
Iteration 200 / LogL: -34123.211 / Time: 0h:2m:45s (0h:0m:59s left)
Log-likelihood cutoff on original alignment: -34150.957
NOTE: Bootstrap correlation coefficient of split occurrence frequencies: 0.995
Iteration 210 / LogL: -34122.570 / Time: 0h:2m:53s (0h:1m:14s left)
Iteration 220 / LogL: -34122.540 / Time: 0h:3m:0s (0h:1m:5s left)
Iteration 230 / LogL: -34121.851 / Time: 0h:3m:8s (0h:0m:57s left)
Iteration 240 / LogL: -34121.702 / Time: 0h:3m:15s (0h:0m:49s left)
Iteration 250 / LogL: -34120.582 / Time: 0h:3m:22s (0h:0m:40s left)
Log-likelihood cutoff on original alignment: -34150.957
Iteration 260 / LogL: -34126.407 / Time: 0h:3m:30s (0h:0m:32s left)
Iteration 270 / LogL: -34124.903 / Time: 0h:3m:38s (0h:0m:24s left)
TREE SEARCH COMPLETED AFTER 273 ITERATIONS / Time: 0h:3m:40s

--------------------------------------------------------------------
|                    FINALIZING TREE SEARCH                        |
--------------------------------------------------------------------
Performs final model parameters optimization
Estimate model parameters (epsilon = 0.010)
1. Initial log-likelihood: -34119.964
Optimal log-likelihood: -34119.960
Gamma shape alpha: 2.128
Parameters optimization took 1 rounds (0.108 sec)
BEST SCORE FOUND : -34119.960
Creating bootstrap support values...
Split supports printed to NEXUS file results_broccoli_meto/alignments_prefiltering/OG_11442.iqtree.splits.nex
Total tree length: 41.810

Total number of iterations: 273
CPU time used for tree search: 438.091 sec (0h:7m:18s)
Wall-clock time used for tree search: 220.296 sec (0h:3m:40s)
Total CPU time used: 439.922 sec (0h:7m:19s)
Total wall-clock time used: 221.251 sec (0h:3m:41s)

Computing bootstrap consensus tree...
Reading input file results_broccoli_meto/alignments_prefiltering/OG_11442.iqtree.splits.nex...
47 taxa and 314 splits.
Consensus tree written to results_broccoli_meto/alignments_prefiltering/OG_11442.iqtree.contree
Reading input trees file results_broccoli_meto/alignments_prefiltering/OG_11442.iqtree.contree
Log-likelihood of consensus tree: -34122.182

Analysis results written to: 
  IQ-TREE report:                results_broccoli_meto/alignments_prefiltering/OG_11442.iqtree.iqtree
  Maximum-likelihood tree:       results_broccoli_meto/alignments_prefiltering/OG_11442.iqtree.treefile
  Likelihood distances:          results_broccoli_meto/alignments_prefiltering/OG_11442.iqtree.mldist

Ultrafast bootstrap approximation results written to:
  Split support values:          results_broccoli_meto/alignments_prefiltering/OG_11442.iqtree.splits.nex
  Consensus tree:                results_broccoli_meto/alignments_prefiltering/OG_11442.iqtree.contree
  Screen log file:               results_broccoli_meto/alignments_prefiltering/OG_11442.iqtree.log

Date and Time: Mon Dec 12 14:17:13 2022
