IQ-TREE multicore version 2.1.0 for Linux 64-bit built Jul 18 2020
Developed by Bui Quang Minh, James Barbetti, Nguyen Lam Tung,
Olga Chernomor, Heiko Schmidt, Dominik Schrempf, Michael Woodhams.

Host:    node-hp0507.linux.crg.es (AVX, 125 GB RAM)
Command: /users/asebe/xgraubove/Programes/iqtree-2.1.0-Linux/bin/iqtree2 -s results_broccoli_meto/alignments_prefiltering/OG_13065.lt.fasta -m TEST -mset LG,WAG,JTT -nt AUTO -ntmax 2 -bb 1000 -pre results_broccoli_meto/alignments_prefiltering/OG_13065.iqtree -nm 10000 -nstop 200 -cptime 1800
Seed:    144935 (Using SPRNG - Scalable Parallel Random Number Generator)
Time:    Mon Dec 12 17:22:01 2022
Kernel:  AVX - auto-detect threads (2 CPU cores detected)

Reading alignment file results_broccoli_meto/alignments_prefiltering/OG_13065.lt.fasta ... Fasta format detected
Alignment most likely contains protein sequences
Alignment has 133 sequences with 1052 columns, 1052 distinct patterns
1047 parsimony-informative, 0 singleton sites, 5 constant sites
                                                                  Gap/Ambiguity  Composition  p-value
   1  Xesp_011386-T1                                                     64.92%    failed      1.80%
   2  Xesp_011390-T1                                                      8.56%    passed     86.01%
   3  Xesp_011385-T1                                                     30.23%    passed     92.85%
   4  Dgig_XM_028559176.1                                                 0.19%    passed     42.75%
   5  Fspp_ffun1.m4.22529.m1                                             90.49%    passed     67.47%
   6  Fspp_ffun1.m4.34001.m1                                             85.55%    passed     31.09%
   7  Spis_XP_022781850_1                                                 1.81%    passed     59.72%
   8  Pocdam_XM_027196722.1                                               0.10%    passed     85.62%
   9  Gasp_gasp1.m3.17688.m1                                              0.10%    passed     81.02%
  10  Gfas_gfas1.m1.9062.m1                                              53.23%    passed     87.56%
  11  Fspp_ffun1.m4.22528.m1                                             24.71%    passed     22.01%
  12  Amil_Amillepora19986-RA                                            18.06%    passed     89.01%
  13  Adig_XM_015912148.1                                                 1.33%    passed     99.58%
  14  Adig_XM_015895319.1                                                84.41%    passed     64.15%
  15  Gfas_gfas1.m1.9061.m1                                              57.13%    passed     62.19%
  16  Exapal_XM_021056533.2                                               0.38%    passed     99.12%
  17  Nvec_v1g113902                                                      0.29%    passed     98.60%
  18  Spolac_c90735_g1_i1_m.6428c103353-g2                               85.55%    passed     16.85%
  19  Emue_Em0009g967a.t1                                                64.64%    passed     91.06%
  20  Stycar_maker-SC_scaffold73421-snap-gene-0.38-mRNA-1                94.96%    passed     37.27%
  21  Stycar_maker-SC_scaffold10708-augustus-gene-0.10-mRNA-1            89.16%    passed     63.97%
  22  Stycar_maker-SC_scaffold49255-augustus-gene-0.3-mRNA-1             91.35%    passed     46.22%
  23  Stycar_maker-SC_scaffold19369-augustus-gene-0.5-mRNA-1             81.56%    passed      5.93%
  24  Tetwil_g6471.t1                                                     1.71%    passed      7.94%
  25  Tetwil_g1417.t1                                                     2.38%    passed     24.86%
  26  Tetwil_g17973.t1                                                   54.28%    passed     76.57%
  27  Tetwil_g10136.t1                                                   91.06%    passed     75.74%
  28  Skow_XM_006818930.1                                                79.85%    failed      0.58%
  29  Cgig_XM_034458595.1                                                 0.38%    passed     86.32%
  30  Sanmal_Sma_001233-T1                                               30.70%    passed     99.65%
  31  Sanmal_Sma_001297-T1                                                0.19%    passed     79.54%
  32  Nemnom_g6034.t1                                                     1.05%    passed     64.12%
  33  Rhoesc_Res_008494-T1                                                0.38%    passed     86.85%
  34  Aaur_scaffold7.g51.t1                                              25.86%    passed     45.13%
  35  Gasp_gasp1.m3.18800.m1                                             68.16%    passed      5.55%
  36  Fspp_ffun1.m4.53.m1                                                 3.80%    passed      9.00%
  37  Lcom_lcpid13270                                                     0.48%    failed      0.86%
  38  Gracom_Gcom_scaffold19142_01                                        0.67%    failed      2.31%
  39  Leuniv_Lniv_scaffold16327_01                                        0.57%    failed      1.72%
  40  Scil_scict025527.1                                                  0.48%    failed      1.11%
  41  Aque_Aqu2.1.44061_001                                               1.81%    passed     56.55%
  42  Halamb_c55751_g1_i1mm.6760                                          2.38%    passed     68.94%
  43  Xestes_maker-XT_scaffold100096-augustus-gene-0.0-mRNA-1            97.62%    passed      7.12%
  44  Hsap_ENST00000351948                                                1.43%    passed     82.47%
  45  Morvir_scaffold103.g62.t1                                           0.48%    passed     93.66%
  46  Xestes_maker-XT_scaffold3797-snap-gene-0.3-mRNA-1                  91.16%    passed     30.45%
  47  HoiH11_mRNA4607                                                    80.61%    failed      1.19%
  48  HoiH23_PlH23_010837-RA                                             12.74%    failed      0.00%
  49  HoiH06_mRNA3642                                                    14.16%    failed      0.00%
  50  Tadh_TriadT31729                                                   77.76%    passed      5.18%
  51  TrH2_TrispH2_010610-RA                                              2.85%    failed      0.00%
  52  Hhon_g10638.t1                                                     70.72%    passed     28.66%
  53  Hhon_g11097.t1                                                     16.16%    failed      0.00%
  54  Bralan_BLAG02001872_1                                               0.29%    passed     16.34%
  55  Spur_XM_011667998.2                                                55.70%    passed     26.26%
  56  Spur_XM_030976328.1                                                 0.10%    passed     51.49%
  57  Spis_XP_022796389_1                                                80.04%    failed      0.23%
  58  Hvul_g7521_1                                                       84.22%    failed      0.08%
  59  Chem_TCONS_00059573                                                 4.28%    passed     36.01%
  60  Vmul_sbMO481297                                                    86.98%    failed      0.15%
  61  Mlei_ML1029.g7.i1                                                  80.80%    failed      1.31%
  62  Lampan_Lpan_16230_01                                                4.56%    passed     98.82%
  63  Eupdun_Edun_sb10693542                                             84.51%    failed      4.62%
  64  Coemet_Cmet_scaffold22143_01                                       49.14%    passed     58.84%
  65  Coeast_Cast_sb800715                                               37.26%    passed     67.26%
  66  Coeast_Cast_sb800717                                               42.59%    passed     91.16%
  67  Coeast_Cast_sb800718                                               26.62%    passed     78.55%
  68  Coeast_Cast_sb800720                                               31.94%    passed     85.20%
  69  Drygla_Dgla_sb291093                                               76.71%    passed     21.97%
  70  Mertsp_Mesp_sb558787                                               82.13%    passed     18.48%
  71  Bolinf_Binf_sb1244444                                              31.94%    passed     27.10%
  72  Bolinf_Binf_sb1244445                                              55.42%    passed     90.39%
  73  Mertsp_Mesp_sb570101                                               76.33%    passed     96.18%
  74  Mertsp_Mesp_sb570095                                               16.92%    passed     77.95%
  75  Bolinf_Binf_sb1189797                                              78.61%    passed     21.46%
  76  Mertsp_Mesp_sb570097                                               53.90%    passed     92.78%
  77  Mertsp_Mesp_sb570096                                               52.38%    passed     96.63%
  78  Mertsp_Mesp_sb570100                                               74.81%    passed     95.18%
  79  Bolinf_Binf_sb1224962                                              37.36%    passed     65.05%
  80  Pbac_sb2657741                                                     24.14%    passed     65.15%
  81  Horcal_Hcv1.av93.c7.g544.i1                                         4.47%    passed     60.56%
  82  Pbac_sb2657739                                                     80.61%    passed     22.01%
  83  Beraby_Baby_sb340022                                               33.08%    passed     81.16%
  84  Drygla_Dgla_sb283442                                               75.19%    passed     60.20%
  85  Stycar_maker-SC_scaffold19369-augustus-gene-0.4-mRNA-1             94.39%    passed     47.53%
  86  Stycar_maker-SC_scaffold73421-snap-gene-0.40-mRNA-1                63.97%    passed     32.40%
  87  Stycar_maker-SC_scaffold3906-snap-gene-0.123-mRNA-1                51.52%    passed     54.17%
  88  Stycar_maker-SC_scaffold6288-snap-gene-0.3-mRNA-1                  82.79%    failed      0.09%
  89  Emue_Em0009g963a.t1                                                31.94%    passed      8.60%
  90  Spolac_c103353_g2_i1_m.33822c103353-g2                             14.73%    passed      5.25%
  91  Ctel_gnl_WGS_AMQN_CAPTEDRAFT_mRNA218959                             1.14%    passed     88.01%
  92  Cscu_XM_023384956.1                                                46.48%    passed     18.05%
  93  Opea_EP00118_Oscarella_pearsei_P021815                              1.62%    passed     11.43%
  94  Ocar_g7173                                                         79.94%    passed     66.85%
  95  Ocar_g3427                                                         92.21%    passed     25.84%
  96  Opea_EP00118_Oscarella_pearsei_P021814                             92.49%    passed     40.12%
  97  Ocar_g4457                                                         72.81%    passed     32.42%
  98  Ocar_g8059                                                         41.73%    passed     29.35%
  99  Opea_EP00118_Oscarella_pearsei_P000048                              0.95%    passed     43.71%
 100  HoiH23_PlH23_011535-RA                                             71.96%    failed      1.01%
 101  TrH2_TrispH2_012044-RA                                             92.68%    failed      0.31%
 102  Tadh_TriadT61012                                                   71.20%    passed     15.21%
 103  TrH2_TrispH2_010389-RA                                             53.14%    passed     84.12%
 104  HoiH23_PlH23_011763-RA                                             88.40%    passed      7.11%
 105  TrH2_TrispH2_010611-RA                                             58.65%    passed     21.38%
 106  Tadh_TriadT61011                                                   54.94%    passed     27.56%
 107  Tadh_TriadT61013                                                   30.80%    passed      6.11%
 108  Hhon_g10637.t1                                                      3.42%    failed      0.22%
 109  HoiH23_PlH23_011904-RA                                             94.58%    passed     62.69%
 110  HoiH23_PlH23_011523-RA                                             65.59%    passed     27.59%
 111  Exapal_XM_028663885.1                                              16.06%    passed     61.16%
 112  Xestes_maker-XT_scaffold31578-augustus-gene-0.3-mRNA-1             93.06%    passed     39.26%
 113  Spur_XM_030981667.1                                                 1.52%    failed      0.02%
 114  Plespi_Pspi_C574744_01                                             86.60%    passed     13.70%
 115  Hvul_g7523_1                                                       30.51%    passed     12.39%
 116  Tcas_TC005764_001                                                   3.61%    passed     20.55%
 117  Gfas_gfas1.m1.10957.m1                                             20.82%    passed     93.21%
 118  Spis_XP_022796486_1                                                46.29%    passed     92.76%
 119  Plajan_Pjan_scaffold19862_01                                       85.74%    failed      0.22%
 120  Dpul_mRNA13857                                                      4.47%    passed     75.22%
 121  Dpul_mRNA13692                                                      4.47%    passed     75.10%
 122  Clacor_Ccor_C506117_01                                             85.17%    passed     15.27%
 123  Skow_XM_006824524.1                                                83.46%    passed     14.41%
 124  Plespi_Pspi_scaffold14594_01                                       20.15%    passed      5.87%
 125  Xestes_augustus_masked-XT_scaffold2234-processed-gene-0.1-mRNA-1   78.52%    passed     20.42%
 126  Cscu_XM_023367049.1                                                56.46%    failed      4.25%
 127  Gracom_Gcom_scaffold16291_01                                       56.65%    failed      0.44%
 128  Skow_XM_006818931.1                                                73.00%    passed      8.74%
 129  Clacor_Ccor_scaffold11092_01                                       81.46%    passed      7.84%
 130  Gracom_Gcom_C528740_01                                             71.96%    passed     12.66%
 131  Leuniv_Lniv_C805338_01                                             48.10%    failed      0.19%
 132  Clacor_Ccor_scaffold11987_01                                       65.97%    failed      0.00%
 133  Leuniv_Lniv_scaffold14925_01                                       71.39%    passed     25.32%
WARNING: 67 sequences contain more than 50% gaps/ambiguity
****  TOTAL                                                              45.29%  26 sequences failed composition chi2 test (p-value<5%; df=19)


Create initial parsimony tree by phylogenetic likelihood library (PLL)... 0.148 seconds
Measuring multi-threading efficiency up to 2 CPU cores
5 trees examined
Threads: 1 / Time: 2.397 sec / Speedup: 1.000 / Efficiency: 100% / LogL: -152938
Threads: 2 / Time: 1.224 sec / Speedup: 1.958 / Efficiency: 98% / LogL: -152938
BEST NUMBER OF THREADS: 2

Perform fast likelihood tree search using LG+I+G model...
Estimate model parameters (epsilon = 5.000)
Perform nearest neighbor interchange...
Estimate model parameters (epsilon = 1.000)
1. Initial log-likelihood: -103700.037
Optimal log-likelihood: -103699.962
Proportion of invariable sites: 0.004
Gamma shape alpha: 1.864
Parameters optimization took 1 rounds (0.713 sec)
Time for fast ML tree search: 11.055 seconds

NOTE: ModelFinder requires 92 MB RAM!
ModelFinder will test up to 24 protein models (sample size: 1052) ...
 No. Model         -LnL         df  AIC          AICc         BIC
  1  LG            106538.034   263 213602.067   213778.291   214906.139
  2  LG+I          106464.908   264 213457.816   213635.605   214766.847
  3  LG+G4         103709.104   264 207946.209   208123.998   209255.239
  4  LG+I+G4       103699.918   265 207929.835   208109.199   209243.824
  8  LG+F+I+G4     103534.577   284 207637.155   207848.211   209045.354
 12  WAG+I+G4      104346.323   265 209222.646   209402.010   210536.635
 16  WAG+F+I+G4    104028.897   284 208625.793   208836.849   210033.992
 20  JTT+I+G4      104586.779   265 209703.558   209882.922   211017.547
 24  JTT+F+I+G4    103763.552   284 208095.104   208306.160   209503.303
Akaike Information Criterion:           LG+F+I+G4
Corrected Akaike Information Criterion: LG+F+I+G4
Bayesian Information Criterion:         LG+F+I+G4
Best-fit model: LG+F+I+G4 chosen according to BIC

All model information printed to results_broccoli_meto/alignments_prefiltering/OG_13065.iqtree.model.gz
CPU time for ModelFinder: 72.995 seconds (0h:1m:12s)
Wall-clock time for ModelFinder: 37.922 seconds (0h:0m:37s)
Generating 1000 samples for ultrafast bootstrap (seed: 144935)...

NOTE: 92 MB RAM (0 GB) is required!
Estimate model parameters (epsilon = 0.100)
Thoroughly optimizing +I+G parameters from 10 start values...
Init pinv, alpha: 0.000, 1.725 / Estimate: 0.004, 1.724 / LogL: -103534.565
Init pinv, alpha: 0.001, 1.725 / Estimate: 0.004, 1.724 / LogL: -103534.565
Init pinv, alpha: 0.001, 1.725 / Estimate: 0.004, 1.726 / LogL: -103534.564
Init pinv, alpha: 0.002, 1.725 / Estimate: 0.003, 1.724 / LogL: -103534.568
Init pinv, alpha: 0.002, 1.725 / Estimate: 0.004, 1.724 / LogL: -103534.567
Init pinv, alpha: 0.003, 1.725 / Estimate: 0.004, 1.726 / LogL: -103534.565
Init pinv, alpha: 0.003, 1.725 / Estimate: 0.004, 1.725 / LogL: -103534.568
Init pinv, alpha: 0.004, 1.725 / Estimate: 0.004, 1.725 / LogL: -103534.567
Init pinv, alpha: 0.004, 1.725 / Estimate: 0.004, 1.725 / LogL: -103534.569
Init pinv, alpha: 0.005, 1.725 / Estimate: 0.004, 1.726 / LogL: -103534.565
Optimal pinv,alpha: 0.004, 1.726 / LogL: -103534.564

Parameters optimization took 13.319 sec
Computing ML distances based on estimated model parameters...
Computing ML distances took 1.155075 sec (of wall-clock time) 2.306544 sec(of CPU time)
WARNING: Some pairwise ML distances are too long (saturated)
Computing RapidNJ tree took 0.002057 sec (of wall-clock time) 0.004099 sec (of CPU time)
Log-likelihood of RapidNJ tree: -110683.131
--------------------------------------------------------------------
|             INITIALIZING CANDIDATE TREE SET                      |
--------------------------------------------------------------------
Generating 98 parsimony trees... 13.957 second
Computing log-likelihood of 98 initial trees ... 22.746 seconds
Current best score: -103534.564

Do NNI search on 20 best initial trees
Estimate model parameters (epsilon = 0.100)
BETTER TREE FOUND at iteration 1: -103534.474
Estimate model parameters (epsilon = 0.100)
BETTER TREE FOUND at iteration 3: -103521.449
Estimate model parameters (epsilon = 0.100)
BETTER TREE FOUND at iteration 4: -103510.111
Iteration 10 / LogL: -103562.394 / Time: 0h:2m:2s
Estimate model parameters (epsilon = 0.100)
BETTER TREE FOUND at iteration 15: -103504.088
Iteration 20 / LogL: -103510.103 / Time: 0h:3m:14s
Finish initializing candidate tree set (20)
Current best tree score: -103504.088 / CPU time: 171.690
Number of iterations: 20
--------------------------------------------------------------------
|               OPTIMIZING CANDIDATE TREE SET                      |
--------------------------------------------------------------------
Iteration 30 / LogL: -103504.236 / Time: 0h:4m:26s (0h:28m:20s left)
Estimate model parameters (epsilon = 0.100)
BETTER TREE FOUND at iteration 36: -103502.041
Estimate model parameters (epsilon = 0.100)
BETTER TREE FOUND at iteration 38: -103501.565
Iteration 40 / LogL: -103509.804 / Time: 0h:5m:38s (0h:28m:40s left)
Estimate model parameters (epsilon = 0.100)
BETTER TREE FOUND at iteration 43: -103500.912
Estimate model parameters (epsilon = 0.100)
BETTER TREE FOUND at iteration 49: -103500.844
Iteration 50 / LogL: -103505.457 / Time: 0h:6m:52s (0h:27m:54s left)
Log-likelihood cutoff on original alignment: -103588.090
Iteration 60 / LogL: -103501.726 / Time: 0h:8m:11s (0h:26m:14s left)
Estimate model parameters (epsilon = 0.100)
BETTER TREE FOUND at iteration 62: -103500.436
Estimate model parameters (epsilon = 0.100)
BETTER TREE FOUND at iteration 66: -103500.235
Estimate model parameters (epsilon = 0.100)
BETTER TREE FOUND at iteration 68: -103500.059
Estimate model parameters (epsilon = 0.100)
BETTER TREE FOUND at iteration 70: -103499.872
Iteration 70 / LogL: -103499.872 / Time: 0h:9m:25s (0h:27m:20s left)
Iteration 80 / LogL: -103502.356 / Time: 0h:10m:38s (0h:25m:34s left)
Iteration 90 / LogL: -103621.169 / Time: 0h:11m:50s (0h:23m:57s left)
Iteration 100 / LogL: -103503.089 / Time: 0h:13m:1s (0h:22m:21s left)
Log-likelihood cutoff on original alignment: -103588.090
NOTE: Bootstrap correlation coefficient of split occurrence frequencies: 0.997

******************************************************
CHECKPOINT: Resuming analysis from results_broccoli_meto/alignments_prefiltering/OG_13065.iqtree.ckp.gz

IQ-TREE multicore version 2.1.0 for Linux 64-bit built Jul 18 2020
Developed by Bui Quang Minh, James Barbetti, Nguyen Lam Tung,
Olga Chernomor, Heiko Schmidt, Dominik Schrempf, Michael Woodhams.

Host:    trantor09.linux.crg.es (AVX, FMA3, 503 GB RAM)
Command: /users/asebe/xgraubove/Programes/iqtree-2.1.0-Linux/bin/iqtree2 -s results_broccoli_meto/alignments_prefiltering/OG_13065.lt.fasta -m TEST -mset LG,WAG,JTT -nt AUTO -ntmax 2 -bb 1000 -pre results_broccoli_meto/alignments_prefiltering/OG_13065.iqtree -nm 10000 -nstop 200 -cptime 1800
Seed:    812071 (Using SPRNG - Scalable Parallel Random Number Generator)
Time:    Mon Dec 12 21:29:39 2022
Kernel:  AVX+FMA - auto-detect threads (2 CPU cores detected)

Reading alignment file results_broccoli_meto/alignments_prefiltering/OG_13065.lt.fasta ... Fasta format detected
Alignment most likely contains protein sequences
Alignment has 133 sequences with 1052 columns, 1052 distinct patterns
1047 parsimony-informative, 0 singleton sites, 5 constant sites
                                                                  Gap/Ambiguity  Composition  p-value
   1  Xesp_011386-T1                                                     64.92%    failed      1.80%
   2  Xesp_011390-T1                                                      8.56%    passed     86.01%
   3  Xesp_011385-T1                                                     30.23%    passed     92.85%
   4  Dgig_XM_028559176.1                                                 0.19%    passed     42.75%
   5  Fspp_ffun1.m4.22529.m1                                             90.49%    passed     67.47%
   6  Fspp_ffun1.m4.34001.m1                                             85.55%    passed     31.09%
   7  Spis_XP_022781850_1                                                 1.81%    passed     59.72%
   8  Pocdam_XM_027196722.1                                               0.10%    passed     85.62%
   9  Gasp_gasp1.m3.17688.m1                                              0.10%    passed     81.02%
  10  Gfas_gfas1.m1.9062.m1                                              53.23%    passed     87.56%
  11  Fspp_ffun1.m4.22528.m1                                             24.71%    passed     22.01%
  12  Amil_Amillepora19986-RA                                            18.06%    passed     89.01%
  13  Adig_XM_015912148.1                                                 1.33%    passed     99.58%
  14  Adig_XM_015895319.1                                                84.41%    passed     64.15%
  15  Gfas_gfas1.m1.9061.m1                                              57.13%    passed     62.19%
  16  Exapal_XM_021056533.2                                               0.38%    passed     99.12%
  17  Nvec_v1g113902                                                      0.29%    passed     98.60%
  18  Spolac_c90735_g1_i1_m.6428c103353-g2                               85.55%    passed     16.85%
  19  Emue_Em0009g967a.t1                                                64.64%    passed     91.06%
  20  Stycar_maker-SC_scaffold73421-snap-gene-0.38-mRNA-1                94.96%    passed     37.27%
  21  Stycar_maker-SC_scaffold10708-augustus-gene-0.10-mRNA-1            89.16%    passed     63.97%
  22  Stycar_maker-SC_scaffold49255-augustus-gene-0.3-mRNA-1             91.35%    passed     46.22%
  23  Stycar_maker-SC_scaffold19369-augustus-gene-0.5-mRNA-1             81.56%    passed      5.93%
  24  Tetwil_g6471.t1                                                     1.71%    passed      7.94%
  25  Tetwil_g1417.t1                                                     2.38%    passed     24.86%
  26  Tetwil_g17973.t1                                                   54.28%    passed     76.57%
  27  Tetwil_g10136.t1                                                   91.06%    passed     75.74%
  28  Skow_XM_006818930.1                                                79.85%    failed      0.58%
  29  Cgig_XM_034458595.1                                                 0.38%    passed     86.32%
  30  Sanmal_Sma_001233-T1                                               30.70%    passed     99.65%
  31  Sanmal_Sma_001297-T1                                                0.19%    passed     79.54%
  32  Nemnom_g6034.t1                                                     1.05%    passed     64.12%
  33  Rhoesc_Res_008494-T1                                                0.38%    passed     86.85%
  34  Aaur_scaffold7.g51.t1                                              25.86%    passed     45.13%
  35  Gasp_gasp1.m3.18800.m1                                             68.16%    passed      5.55%
  36  Fspp_ffun1.m4.53.m1                                                 3.80%    passed      9.00%
  37  Lcom_lcpid13270                                                     0.48%    failed      0.86%
  38  Gracom_Gcom_scaffold19142_01                                        0.67%    failed      2.31%
  39  Leuniv_Lniv_scaffold16327_01                                        0.57%    failed      1.72%
  40  Scil_scict025527.1                                                  0.48%    failed      1.11%
  41  Aque_Aqu2.1.44061_001                                               1.81%    passed     56.55%
  42  Halamb_c55751_g1_i1mm.6760                                          2.38%    passed     68.94%
  43  Xestes_maker-XT_scaffold100096-augustus-gene-0.0-mRNA-1            97.62%    passed      7.12%
  44  Hsap_ENST00000351948                                                1.43%    passed     82.47%
  45  Morvir_scaffold103.g62.t1                                           0.48%    passed     93.66%
  46  Xestes_maker-XT_scaffold3797-snap-gene-0.3-mRNA-1                  91.16%    passed     30.45%
  47  HoiH11_mRNA4607                                                    80.61%    failed      1.19%
  48  HoiH23_PlH23_010837-RA                                             12.74%    failed      0.00%
  49  HoiH06_mRNA3642                                                    14.16%    failed      0.00%
  50  Tadh_TriadT31729                                                   77.76%    passed      5.18%
  51  TrH2_TrispH2_010610-RA                                              2.85%    failed      0.00%
  52  Hhon_g10638.t1                                                     70.72%    passed     28.66%
  53  Hhon_g11097.t1                                                     16.16%    failed      0.00%
  54  Bralan_BLAG02001872_1                                               0.29%    passed     16.34%
  55  Spur_XM_011667998.2                                                55.70%    passed     26.26%
  56  Spur_XM_030976328.1                                                 0.10%    passed     51.49%
  57  Spis_XP_022796389_1                                                80.04%    failed      0.23%
  58  Hvul_g7521_1                                                       84.22%    failed      0.08%
  59  Chem_TCONS_00059573                                                 4.28%    passed     36.01%
  60  Vmul_sbMO481297                                                    86.98%    failed      0.15%
  61  Mlei_ML1029.g7.i1                                                  80.80%    failed      1.31%
  62  Lampan_Lpan_16230_01                                                4.56%    passed     98.82%
  63  Eupdun_Edun_sb10693542                                             84.51%    failed      4.62%
  64  Coemet_Cmet_scaffold22143_01                                       49.14%    passed     58.84%
  65  Coeast_Cast_sb800715                                               37.26%    passed     67.26%
  66  Coeast_Cast_sb800717                                               42.59%    passed     91.16%
  67  Coeast_Cast_sb800718                                               26.62%    passed     78.55%
  68  Coeast_Cast_sb800720                                               31.94%    passed     85.20%
  69  Drygla_Dgla_sb291093                                               76.71%    passed     21.97%
  70  Mertsp_Mesp_sb558787                                               82.13%    passed     18.48%
  71  Bolinf_Binf_sb1244444                                              31.94%    passed     27.10%
  72  Bolinf_Binf_sb1244445                                              55.42%    passed     90.39%
  73  Mertsp_Mesp_sb570101                                               76.33%    passed     96.18%
  74  Mertsp_Mesp_sb570095                                               16.92%    passed     77.95%
  75  Bolinf_Binf_sb1189797                                              78.61%    passed     21.46%
  76  Mertsp_Mesp_sb570097                                               53.90%    passed     92.78%
  77  Mertsp_Mesp_sb570096                                               52.38%    passed     96.63%
  78  Mertsp_Mesp_sb570100                                               74.81%    passed     95.18%
  79  Bolinf_Binf_sb1224962                                              37.36%    passed     65.05%
  80  Pbac_sb2657741                                                     24.14%    passed     65.15%
  81  Horcal_Hcv1.av93.c7.g544.i1                                         4.47%    passed     60.56%
  82  Pbac_sb2657739                                                     80.61%    passed     22.01%
  83  Beraby_Baby_sb340022                                               33.08%    passed     81.16%
  84  Drygla_Dgla_sb283442                                               75.19%    passed     60.20%
  85  Stycar_maker-SC_scaffold19369-augustus-gene-0.4-mRNA-1             94.39%    passed     47.53%
  86  Stycar_maker-SC_scaffold73421-snap-gene-0.40-mRNA-1                63.97%    passed     32.40%
  87  Stycar_maker-SC_scaffold3906-snap-gene-0.123-mRNA-1                51.52%    passed     54.17%
  88  Stycar_maker-SC_scaffold6288-snap-gene-0.3-mRNA-1                  82.79%    failed      0.09%
  89  Emue_Em0009g963a.t1                                                31.94%    passed      8.60%
  90  Spolac_c103353_g2_i1_m.33822c103353-g2                             14.73%    passed      5.25%
  91  Ctel_gnl_WGS_AMQN_CAPTEDRAFT_mRNA218959                             1.14%    passed     88.01%
  92  Cscu_XM_023384956.1                                                46.48%    passed     18.05%
  93  Opea_EP00118_Oscarella_pearsei_P021815                              1.62%    passed     11.43%
  94  Ocar_g7173                                                         79.94%    passed     66.85%
  95  Ocar_g3427                                                         92.21%    passed     25.84%
  96  Opea_EP00118_Oscarella_pearsei_P021814                             92.49%    passed     40.12%
  97  Ocar_g4457                                                         72.81%    passed     32.42%
  98  Ocar_g8059                                                         41.73%    passed     29.35%
  99  Opea_EP00118_Oscarella_pearsei_P000048                              0.95%    passed     43.71%
 100  HoiH23_PlH23_011535-RA                                             71.96%    failed      1.01%
 101  TrH2_TrispH2_012044-RA                                             92.68%    failed      0.31%
 102  Tadh_TriadT61012                                                   71.20%    passed     15.21%
 103  TrH2_TrispH2_010389-RA                                             53.14%    passed     84.12%
 104  HoiH23_PlH23_011763-RA                                             88.40%    passed      7.11%
 105  TrH2_TrispH2_010611-RA                                             58.65%    passed     21.38%
 106  Tadh_TriadT61011                                                   54.94%    passed     27.56%
 107  Tadh_TriadT61013                                                   30.80%    passed      6.11%
 108  Hhon_g10637.t1                                                      3.42%    failed      0.22%
 109  HoiH23_PlH23_011904-RA                                             94.58%    passed     62.69%
 110  HoiH23_PlH23_011523-RA                                             65.59%    passed     27.59%
 111  Exapal_XM_028663885.1                                              16.06%    passed     61.16%
 112  Xestes_maker-XT_scaffold31578-augustus-gene-0.3-mRNA-1             93.06%    passed     39.26%
 113  Spur_XM_030981667.1                                                 1.52%    failed      0.02%
 114  Plespi_Pspi_C574744_01                                             86.60%    passed     13.70%
 115  Hvul_g7523_1                                                       30.51%    passed     12.39%
 116  Tcas_TC005764_001                                                   3.61%    passed     20.55%
 117  Gfas_gfas1.m1.10957.m1                                             20.82%    passed     93.21%
 118  Spis_XP_022796486_1                                                46.29%    passed     92.76%
 119  Plajan_Pjan_scaffold19862_01                                       85.74%    failed      0.22%
 120  Dpul_mRNA13857                                                      4.47%    passed     75.22%
 121  Dpul_mRNA13692                                                      4.47%    passed     75.10%
 122  Clacor_Ccor_C506117_01                                             85.17%    passed     15.27%
 123  Skow_XM_006824524.1                                                83.46%    passed     14.41%
 124  Plespi_Pspi_scaffold14594_01                                       20.15%    passed      5.87%
 125  Xestes_augustus_masked-XT_scaffold2234-processed-gene-0.1-mRNA-1   78.52%    passed     20.42%
 126  Cscu_XM_023367049.1                                                56.46%    failed      4.25%
 127  Gracom_Gcom_scaffold16291_01                                       56.65%    failed      0.44%
 128  Skow_XM_006818931.1                                                73.00%    passed      8.74%
 129  Clacor_Ccor_scaffold11092_01                                       81.46%    passed      7.84%
 130  Gracom_Gcom_C528740_01                                             71.96%    passed     12.66%
 131  Leuniv_Lniv_C805338_01                                             48.10%    failed      0.19%
 132  Clacor_Ccor_scaffold11987_01                                       65.97%    failed      0.00%
 133  Leuniv_Lniv_scaffold14925_01                                       71.39%    passed     25.32%
WARNING: 67 sequences contain more than 50% gaps/ambiguity
****  TOTAL                                                              45.29%  26 sequences failed composition chi2 test (p-value<5%; df=19)

NOTE: Restoring information from model checkpoint file results_broccoli_meto/alignments_prefiltering/OG_13065.iqtree.model.gz

CHECKPOINT: Initial tree restored
Measuring multi-threading efficiency up to 2 CPU cores
3 trees examined
Threads: 1 / Time: 2.387 sec / Speedup: 1.000 / Efficiency: 100% / LogL: -153911
Threads: 2 / Time: 1.742 sec / Speedup: 1.370 / Efficiency: 69% / LogL: -153911
BEST NUMBER OF THREADS: 2

Perform fast likelihood tree search using LG+I+G model...
CHECKPOINT: Tree restored, LogL: -103731.807
NOTE: ModelFinder requires 92 MB RAM!
ModelFinder will test up to 24 protein models (sample size: 1052) ...
 No. Model         -LnL         df  AIC          AICc         BIC
  1  LG            106538.034   263 213602.067   213778.291   214906.139
  2  LG+I          106464.908   264 213457.816   213635.605   214766.847
  3  LG+G4         103709.105   264 207946.209   208123.998   209255.239
  4  LG+I+G4       103699.918   265 207929.835   208109.199   209243.824
  8  LG+F+I+G4     103534.577   284 207637.155   207848.211   209045.354
 12  WAG+I+G4      104346.323   265 209222.646   209402.010   210536.635
 16  WAG+F+I+G4    104028.897   284 208625.793   208836.849   210033.993
 20  JTT+I+G4      104586.779   265 209703.558   209882.922   211017.547
 24  JTT+F+I+G4    103763.552   284 208095.104   208306.160   209503.303
Akaike Information Criterion:           LG+F+I+G4
Corrected Akaike Information Criterion: LG+F+I+G4
Bayesian Information Criterion:         LG+F+I+G4
Best-fit model: LG+F+I+G4 chosen according to BIC

All model information printed to results_broccoli_meto/alignments_prefiltering/OG_13065.iqtree.model.gz
CPU time for ModelFinder: 6.314 seconds (0h:0m:6s)
Wall-clock time for ModelFinder: 4.397 seconds (0h:0m:4s)
Generating 1000 samples for ultrafast bootstrap (seed: 812071)...

NOTE: 92 MB RAM (0 GB) is required!
CHECKPOINT: Model parameters restored, LogL: -103534.564
Computing ML distances based on estimated model parameters...
Computing ML distances took 2.465182 sec (of wall-clock time) 4.920204 sec(of CPU time)
WARNING: Some pairwise ML distances are too long (saturated)
Computing RapidNJ tree took 0.003187 sec (of wall-clock time) 0.003368 sec (of CPU time)
Log-likelihood of RapidNJ tree: -110683.131
--------------------------------------------------------------------
|             INITIALIZING CANDIDATE TREE SET                      |
--------------------------------------------------------------------
Generating 98 parsimony trees... 20.130 second
Computing log-likelihood of 98 initial trees ... 55.113 seconds
Current best score: -103534.564

Do NNI search on 20 best initial trees
Estimate model parameters (epsilon = 0.100)
BETTER TREE FOUND at iteration 1: -103534.470
Estimate model parameters (epsilon = 0.100)
BETTER TREE FOUND at iteration 2: -103516.311
Estimate model parameters (epsilon = 0.100)
BETTER TREE FOUND at iteration 4: -103508.867
Estimate model parameters (epsilon = 0.100)
BETTER TREE FOUND at iteration 6: -103503.741
Iteration 10 / LogL: -103556.229 / Time: 0h:4m:57s
Estimate model parameters (epsilon = 0.100)
BETTER TREE FOUND at iteration 15: -103503.598
Iteration 20 / LogL: -103528.127 / Time: 0h:8m:1s
Finish initializing candidate tree set (20)
Current best tree score: -103503.598 / CPU time: 457.148
Number of iterations: 20
--------------------------------------------------------------------
|               OPTIMIZING CANDIDATE TREE SET                      |
--------------------------------------------------------------------
Estimate model parameters (epsilon = 0.100)
BETTER TREE FOUND at iteration 21: -103502.869
Estimate model parameters (epsilon = 0.100)
BETTER TREE FOUND at iteration 24: -103501.529
Estimate model parameters (epsilon = 0.100)
BETTER TREE FOUND at iteration 26: -103500.245
Iteration 30 / LogL: -103501.803 / Time: 0h:11m:11s (1h:15m:38s left)
Estimate model parameters (epsilon = 0.100)
BETTER TREE FOUND at iteration 32: -103499.983
Estimate model parameters (epsilon = 0.100)
BETTER TREE FOUND at iteration 36: -103498.389
Estimate model parameters (epsilon = 0.100)
BETTER TREE FOUND at iteration 39: -103497.592
Iteration 40 / LogL: -103497.942 / Time: 0h:14m:17s (1h:12m:53s left)
Iteration 50 / LogL: -103497.985 / Time: 0h:17m:19s (1h:6m:50s left)
Log-likelihood cutoff on original alignment: -103573.625
Iteration 60 / LogL: -103497.791 / Time: 0h:20m:17s (1h:1m:32s left)
Iteration 70 / LogL: -103509.647 / Time: 0h:23m:22s (0h:57m:14s left)
Estimate model parameters (epsilon = 0.100)
BETTER TREE FOUND at iteration 75: -103497.240
Iteration 80 / LogL: -103504.031 / Time: 0h:26m:32s (1h:5m:31s left)
Iteration 90 / LogL: -103498.464 / Time: 0h:29m:29s (1h:1m:17s left)
Iteration 100 / LogL: -103497.589 / Time: 0h:32m:34s (0h:57m:34s left)
Log-likelihood cutoff on original alignment: -103573.625
NOTE: Bootstrap correlation coefficient of split occurrence frequencies: 0.997
Iteration 110 / LogL: -103497.920 / Time: 0h:35m:32s (0h:53m:48s left)
Iteration 120 / LogL: -103504.576 / Time: 0h:38m:41s (0h:50m:23s left)
Iteration 130 / LogL: -103498.435 / Time: 0h:41m:42s (0h:46m:53s left)
Iteration 140 / LogL: -103497.328 / Time: 0h:44m:59s (0h:43m:41s left)
Iteration 150 / LogL: -103506.685 / Time: 0h:48m:8s (0h:40m:23s left)
Log-likelihood cutoff on original alignment: -103573.625
Iteration 160 / LogL: -103504.050 / Time: 0h:51m:15s (0h:37m:4s left)
Estimate model parameters (epsilon = 0.100)
BETTER TREE FOUND at iteration 170: -103497.137
Iteration 170 / LogL: -103497.137 / Time: 0h:54m:30s (1h:4m:29s left)
Iteration 180 / LogL: -103499.589 / Time: 0h:57m:47s (1h:1m:20s left)
Iteration 190 / LogL: -103497.856 / Time: 1h:0m:55s (0h:58m:1s left)
Estimate model parameters (epsilon = 0.100)
BETTER TREE FOUND at iteration 196: -103497.071
Iteration 200 / LogL: -103501.698 / Time: 1h:3m:51s (1h:2m:54s left)
Log-likelihood cutoff on original alignment: -103573.625
NOTE: Bootstrap correlation coefficient of split occurrence frequencies: 0.999
Iteration 210 / LogL: -103497.498 / Time: 1h:6m:52s (0h:59m:30s left)
Iteration 220 / LogL: -103506.911 / Time: 1h:9m:46s (0h:56m:4s left)
Iteration 230 / LogL: -103509.153 / Time: 1h:12m:49s (0h:52m:47s left)
Estimate model parameters (epsilon = 0.100)
BETTER TREE FOUND at iteration 235: -103497.035
Iteration 240 / LogL: -103505.218 / Time: 1h:15m:48s (1h:1m:51s left)
Iteration 250 / LogL: -103503.396 / Time: 1h:18m:50s (0h:58m:34s left)
Log-likelihood cutoff on original alignment: -103573.625
Iteration 260 / LogL: -103533.771 / Time: 1h:22m:3s (0h:55m:26s left)
Iteration 270 / LogL: -103497.119 / Time: 1h:25m:6s (0h:52m:12s left)
Iteration 280 / LogL: -103509.445 / Time: 1h:28m:14s (0h:49m:1s left)
Iteration 290 / LogL: -103497.678 / Time: 1h:31m:17s (0h:45m:48s left)
Iteration 300 / LogL: -103499.468 / Time: 1h:34m:17s (0h:42m:34s left)
Log-likelihood cutoff on original alignment: -103573.625
NOTE: Bootstrap correlation coefficient of split occurrence frequencies: 0.998
Iteration 310 / LogL: -103513.647 / Time: 1h:37m:16s (0h:39m:21s left)
Iteration 320 / LogL: -103499.278 / Time: 1h:40m:26s (0h:36m:12s left)
Iteration 330 / LogL: -103504.539 / Time: 1h:43m:18s (0h:32m:58s left)
Iteration 340 / LogL: -103499.976 / Time: 1h:46m:11s (0h:29m:45s left)
UPDATE BEST LOG-LIKELIHOOD: -103497.034
Iteration 350 / LogL: -103503.855 / Time: 1h:49m:11s (0h:26m:35s left)
Log-likelihood cutoff on original alignment: -103573.625
Iteration 360 / LogL: -103579.006 / Time: 1h:52m:16s (0h:23m:27s left)
Iteration 370 / LogL: -103501.656 / Time: 1h:55m:14s (0h:20m:18s left)
Iteration 380 / LogL: -103498.533 / Time: 1h:58m:8s (0h:17m:8s left)
Iteration 390 / LogL: -103506.454 / Time: 2h:1m:4s (0h:14m:0s left)
Iteration 400 / LogL: -103500.270 / Time: 2h:4m:0s (0h:10m:52s left)
Log-likelihood cutoff on original alignment: -103573.625
NOTE: Bootstrap correlation coefficient of split occurrence frequencies: 0.999
Iteration 410 / LogL: -103498.471 / Time: 2h:7m:2s (0h:27m:57s left)
Iteration 420 / LogL: -103498.176 / Time: 2h:10m:11s (0h:24m:51s left)
Iteration 430 / LogL: -103497.045 / Time: 2h:13m:10s (0h:21m:43s left)
TREE SEARCH COMPLETED AFTER 436 ITERATIONS / Time: 2h:14m:55s

--------------------------------------------------------------------
|                    FINALIZING TREE SEARCH                        |
--------------------------------------------------------------------
Performs final model parameters optimization
Estimate model parameters (epsilon = 0.010)
1. Initial log-likelihood: -103497.034
2. Current log-likelihood: -103496.996
Optimal log-likelihood: -103496.986
Proportion of invariable sites: 0.004
Gamma shape alpha: 1.715
Parameters optimization took 2 rounds (3.625 sec)
BEST SCORE FOUND : -103496.986
Creating bootstrap support values...
Split supports printed to NEXUS file results_broccoli_meto/alignments_prefiltering/OG_13065.iqtree.splits.nex
Total tree length: 57.739

Total number of iterations: 436
CPU time used for tree search: 16085.419 sec (4h:28m:5s)
Wall-clock time used for tree search: 8071.920 sec (2h:14m:31s)
Total CPU time used: 16141.281 sec (4h:29m:1s)
Total wall-clock time used: 8100.306 sec (2h:15m:0s)

Computing bootstrap consensus tree...
Reading input file results_broccoli_meto/alignments_prefiltering/OG_13065.iqtree.splits.nex...
133 taxa and 709 splits.
Consensus tree written to results_broccoli_meto/alignments_prefiltering/OG_13065.iqtree.contree
Reading input trees file results_broccoli_meto/alignments_prefiltering/OG_13065.iqtree.contree
Log-likelihood of consensus tree: -103497.002

Analysis results written to: 
  IQ-TREE report:                results_broccoli_meto/alignments_prefiltering/OG_13065.iqtree.iqtree
  Maximum-likelihood tree:       results_broccoli_meto/alignments_prefiltering/OG_13065.iqtree.treefile
  Likelihood distances:          results_broccoli_meto/alignments_prefiltering/OG_13065.iqtree.mldist

Ultrafast bootstrap approximation results written to:
  Split support values:          results_broccoli_meto/alignments_prefiltering/OG_13065.iqtree.splits.nex
  Consensus tree:                results_broccoli_meto/alignments_prefiltering/OG_13065.iqtree.contree
  Screen log file:               results_broccoli_meto/alignments_prefiltering/OG_13065.iqtree.log

Date and Time: Mon Dec 12 23:45:27 2022
