IQ-TREE multicore version 2.1.0 for Linux 64-bit built Jul 18 2020
Developed by Bui Quang Minh, James Barbetti, Nguyen Lam Tung,
Olga Chernomor, Heiko Schmidt, Dominik Schrempf, Michael Woodhams.

Host:    node-hp0509.linux.crg.es (AVX, 125 GB RAM)
Command: /users/asebe/xgraubove/Programes/iqtree-2.1.0-Linux/bin/iqtree2 -s results_broccoli_meto/alignments_prefiltering/OG_13801.lt.fasta -m TEST -mset LG,WAG,JTT -nt AUTO -ntmax 2 -bb 1000 -pre results_broccoli_meto/alignments_prefiltering/OG_13801.iqtree -nm 10000 -nstop 200 -cptime 1800
Seed:    923464 (Using SPRNG - Scalable Parallel Random Number Generator)
Time:    Tue Dec 13 12:56:06 2022
Kernel:  AVX - auto-detect threads (2 CPU cores detected)

Reading alignment file results_broccoli_meto/alignments_prefiltering/OG_13801.lt.fasta ... Fasta format detected
Alignment most likely contains protein sequences
Alignment has 95 sequences with 469 columns, 458 distinct patterns
435 parsimony-informative, 0 singleton sites, 34 constant sites
                                                        Gap/Ambiguity  Composition  p-value
   1  Bolinf_Binf_sb1255877                                    63.33%    failed      3.68%
   2  Bolinf_Binf_sb1255880                                    70.79%    passed     38.11%
   3  Bolinf_Binf_sb1255876                                    59.91%    failed      1.77%
   4  Bolinf_Binf_sb1255878                                    64.61%    passed      6.24%
   5  Bolinf_Binf_sb1255883                                    72.07%    passed     49.80%
   6  Bolinf_Binf_sb1255879                                    67.38%    passed     13.71%
   7  Mertsp_Mesp_sb560753                                     69.08%    passed      9.65%
   8  Mertsp_Mesp_sb560754                                     69.94%    passed     22.56%
   9  Bolinf_Binf_sb1255882                                    71.00%    failed      0.89%
  10  Bolinf_Binf_sb1217629                                    46.06%    failed      0.68%
  11  Bolinf_Binf_sb1217630                                    53.52%    passed     12.43%
  12  Beraby_Baby_sb333680                                     46.06%    failed      0.68%
  13  Beraby_Baby_sb333681                                     53.52%    passed     12.43%
  14  Mertsp_Mesp_sb565657                                     46.06%    failed      0.68%
  15  Bolinf_Binf_sb1217628                                    31.13%    passed     14.19%
  16  Bolinf_Binf_sb1217627                                    23.67%    passed     20.55%
  17  Mertsp_Mesp_sb565656                                     23.88%    passed     22.92%
  18  Drygla_Dgla_sb281844                                     47.55%    passed     40.69%
  19  Drygla_Dgla_sb281845                                     47.55%    passed     40.69%
  20  Vmul_sbMO363584                                          60.77%    failed      3.44%
  21  Drygla_Dgla_sb275550                                     59.91%    passed     28.88%
  22  Drygla_Dgla_sb275551                                     67.38%    passed     65.09%
  23  Mertsp_Mesp_sb582008                                     66.52%    passed     11.61%
  24  Xestes_maker-XT_scaffold19623-augustus-gene-0.4-mRNA-1   58.21%    passed     15.79%
  25  Halamb_c35056_g1_i1m.8493                                21.32%    passed     85.08%
  26  Halamb_c35958_g1_i1m.9042                                14.71%    passed     90.49%
  27  Aque_Aqu2.1.41520_001                                     4.90%    passed     54.81%
  28  Halamb_c29315_g2_i1m.5941                                77.19%    failed      0.96%
  29  Spolac_c97124_g3_i1_m.14348c97124-g3                     68.87%    passed     17.36%
  30  Spolac_c97124_g4_i1_m.14351c97124-g4                     81.45%    passed     16.26%
  31  Emue_Em0021g307a.t1                                       2.56%    passed      7.82%
  32  Spolac_c97124_g2_i1_m.14344c97124-g1                     66.95%    failed      0.00%
  33  Vmul_sbMO459014                                          71.64%    failed      0.77%
  34  Vmul_sbMO459016                                          62.05%    passed     59.36%
  35  Coeast_Cast_sb797400                                     10.87%    failed      1.00%
  36  Coeast_Cast_sb797399                                     10.87%    failed      1.00%
  37  Coeast_Cast_sb797402                                     26.23%    failed      0.04%
  38  Coeast_Cast_sb797401                                     26.23%    failed      0.04%
  39  Tetwil_g23953.t1                                          0.00%    passed     13.99%
  40  Halamb_c29315_g1_i1m.5940                                76.97%    passed     27.39%
  41  Hvul_g13846_1                                            13.01%    passed     12.05%
  42  Nemnom_g7017.t1                                          85.07%    failed      4.05%
  43  Rhoesc_Res_002454-T1                                      8.32%    passed     81.22%
  44  Sanmal_Sma_017569-T1                                      4.26%    passed     56.12%
  45  Aaur_scaffold114.g5.t1                                    9.38%    passed     17.75%
  46  Nemnom_g7018.t1                                          58.85%    failed      0.01%
  47  Amil_Amillepora05425-RA                                  22.17%    passed     55.09%
  48  Adig_XM_015895140.1                                      86.14%    passed     61.60%
  49  Gfas_gfas1.m1.14115.m1                                   11.51%    passed     22.21%
  50  Fspp_ffun1.m4.15937.m1                                    5.54%    passed     20.63%
  51  Pocdam_XM_027194593.1                                     1.49%    passed     45.48%
  52  Spis_XP_022779903_1                                       8.96%    passed     97.23%
  53  Gasp_gasp1.m3.17520.m1                                    4.90%    passed     59.34%
  54  Dgig_XM_028541476.1                                       0.85%    passed     10.98%
  55  Xesp_008596-T1                                            2.13%    passed      8.66%
  56  Exapal_XM_021040281.2                                     8.32%    failed      0.00%
  57  Lcom_lcpid154255                                         66.52%    passed     49.69%
  58  Acagra_model.g3629.t1                                     2.35%    passed     52.61%
  59  Acagra_model.g3629.t1.3.5d3b8297                          9.81%    passed     32.32%
  60  Acagra_model.g3629.t1.7.5d3b8297                         13.65%    passed     34.28%
  61  Acagra_model.g3629.t1.4.5d3b8297                          9.81%    passed     32.32%
  62  Acagra_model.g3629.t1.2.5d3b8296                          2.35%    passed     52.61%
  63  Acagra_model.g3629.t1.6.5d3b8297                          2.56%    passed     56.07%
  64  Acagra_model.g3629.t1.1.5d3b8296                          2.35%    passed     60.05%
  65  Opea_EP00118_Oscarella_pearsei_P005227                   68.87%    passed     58.77%
  66  Spur_XM_030990151.1                                       1.49%    failed      4.02%
  67  Cscu_XM_023376569.1                                       4.69%    passed      7.35%
  68  Lcom_lcpid229830                                         77.61%    passed     47.77%
  69  Lcom_lcpid62051                                           9.17%    passed     27.15%
  70  Leuniv_Lniv_scaffold11208_01                              2.56%    passed      8.99%
  71  Skow_XM_006815210.1                                      80.60%    passed     40.26%
  72  Clacor_Ccor_scaffold11503_01                             16.63%    passed     41.54%
  73  Hhon_g04703.t1                                           83.80%    passed     15.55%
  74  Tadh_TriadT21918                                         47.33%    failed      0.04%
  75  Ctel_gnl_WGS_AMQN_CAPTEDRAFT_mRNA104529                  19.62%    passed      6.35%
  76  Lampan_Lpan_6274_01                                      72.07%    failed      4.95%
  77  Lcom_lcpid210371                                         76.76%    passed     17.40%
  78  Scil_scict005084.3                                       21.96%    failed      2.41%
  79  Morvir_scaffold372.g5.t2                                 15.99%    passed      6.93%
  80  Plajan_Pjan_scaffold10449_01                             24.31%    passed     19.18%
  81  Plajan_Pjan_scaffold10448_01                             29.42%    passed     13.62%
  82  Lcom_lcpid143171                                         57.36%    passed     34.83%
  83  Dpul_mRNA19142                                           21.75%    failed      0.00%
  84  Tcas_TC011562_001                                        37.74%    failed      1.31%
  85  Lampan_Lpan_15427_01                                     65.46%    failed      0.02%
  86  Drygla_Dgla_sb288796                                     37.74%    failed      0.00%
  87  Drygla_Dgla_sb288797                                     37.74%    failed      0.00%
  88  Mertsp_Mesp_sb560755                                     72.28%    failed      3.45%
  89  Bolinf_Binf_sb1255875                                    59.91%    failed      0.00%
  90  Bolinf_Binf_sb1260916                                    54.80%    failed      0.00%
  91  Bolinf_Binf_sb1260919                                    69.94%    passed     35.88%
  92  Mertsp_Mesp_sb582007                                     57.78%    failed      0.00%
  93  Eupdun_Edun_sb10629508                                   64.82%    passed      5.01%
  94  Lcom_lcpid152566                                         65.46%    passed      7.51%
  95  Lcom_lcpid252474                                         81.88%    failed      4.08%
WARNING: 43 sequences contain more than 50% gaps/ambiguity
****  TOTAL                                                    40.43%  31 sequences failed composition chi2 test (p-value<5%; df=19)
NOTE: Beraby_Baby_sb333680 is identical to Bolinf_Binf_sb1217629 but kept for subsequent analysis
NOTE: Beraby_Baby_sb333681 is identical to Bolinf_Binf_sb1217630 but kept for subsequent analysis
NOTE: Drygla_Dgla_sb281845 is identical to Drygla_Dgla_sb281844 but kept for subsequent analysis
NOTE: Coeast_Cast_sb797399 is identical to Coeast_Cast_sb797400 but kept for subsequent analysis
NOTE: Coeast_Cast_sb797401 is identical to Coeast_Cast_sb797402 but kept for subsequent analysis
NOTE: Acagra_model.g3629.t1.2.5d3b8296 is identical to Acagra_model.g3629.t1 but kept for subsequent analysis
NOTE: Acagra_model.g3629.t1.4.5d3b8297 is identical to Acagra_model.g3629.t1.3.5d3b8297 but kept for subsequent analysis
NOTE: Drygla_Dgla_sb288797 is identical to Drygla_Dgla_sb288796 but kept for subsequent analysis
NOTE: 1 identical sequences (see below) will be ignored for subsequent analysis
NOTE: Mertsp_Mesp_sb565657 (identical to Bolinf_Binf_sb1217629) is ignored but added at the end
Alignment was printed to results_broccoli_meto/alignments_prefiltering/OG_13801.iqtree.uniqueseq.phy

For your convenience alignment with unique sequences printed to results_broccoli_meto/alignments_prefiltering/OG_13801.iqtree.uniqueseq.phy


Create initial parsimony tree by phylogenetic likelihood library (PLL)... 0.036 seconds
Measuring multi-threading efficiency up to 2 CPU cores
Increase to 10 rounds for branch lengths
2 trees examined
Threads: 1 / Time: 2.239 sec / Speedup: 1.000 / Efficiency: 100% / LogL: -39653
Threads: 2 / Time: 1.208 sec / Speedup: 1.854 / Efficiency: 93% / LogL: -39653
BEST NUMBER OF THREADS: 2

Perform fast likelihood tree search using LG+I+G model...
Estimate model parameters (epsilon = 5.000)
Perform nearest neighbor interchange...
Estimate model parameters (epsilon = 1.000)
1. Initial log-likelihood: -23689.761
Optimal log-likelihood: -23689.725
Proportion of invariable sites: 0.058
Gamma shape alpha: 1.700
Parameters optimization took 1 rounds (0.224 sec)
Time for fast ML tree search: 3.037 seconds

NOTE: ModelFinder requires 29 MB RAM!
ModelFinder will test up to 24 protein models (sample size: 469) ...
 No. Model         -LnL         df  AIC          AICc         BIC
  1  LG            24494.814    185 49359.628    49602.808    50127.490
  2  LG+I          24262.367    186 48896.733    49143.414    49668.746
  3  LG+G4         23718.355    186 47808.711    48055.392    48580.723
  4  LG+I+G4       23689.735    187 47753.470    48003.690    48529.632
  8  LG+F+I+G4     23659.682    206 47731.364    48056.875    48586.388
 12  WAG+I+G4      23689.101    187 47752.202    48002.423    48528.365
 16  WAG+F+I+G4    23717.910    206 47847.820    48173.331    48702.844
 20  JTT+I+G4      24005.165    187 48384.330    48634.551    49160.493
 24  JTT+F+I+G4    23889.287    206 48190.574    48516.086    49045.598
Akaike Information Criterion:           LG+F+I+G4
Corrected Akaike Information Criterion: WAG+I+G4
Bayesian Information Criterion:         WAG+I+G4
Best-fit model: WAG+I+G4 chosen according to BIC

All model information printed to results_broccoli_meto/alignments_prefiltering/OG_13801.iqtree.model.gz
CPU time for ModelFinder: 25.034 seconds (0h:0m:25s)
Wall-clock time for ModelFinder: 14.229 seconds (0h:0m:14s)
Generating 1000 samples for ultrafast bootstrap (seed: 923464)...

NOTE: 29 MB RAM (0 GB) is required!
Estimate model parameters (epsilon = 0.100)
Thoroughly optimizing +I+G parameters from 10 start values...
Init pinv, alpha: 0.000, 1.991 / Estimate: 0.056, 1.988 / LogL: -23689.105
Init pinv, alpha: 0.008, 1.991 / Estimate: 0.056, 1.987 / LogL: -23689.108
Init pinv, alpha: 0.016, 1.991 / Estimate: 0.056, 1.990 / LogL: -23689.100
Init pinv, alpha: 0.024, 1.991 / Estimate: 0.056, 1.987 / LogL: -23689.105
Init pinv, alpha: 0.032, 1.991 / Estimate: 0.056, 1.989 / LogL: -23689.104
Init pinv, alpha: 0.040, 1.991 / Estimate: 0.056, 1.990 / LogL: -23689.099
Init pinv, alpha: 0.048, 1.991 / Estimate: 0.056, 1.989 / LogL: -23689.099
Init pinv, alpha: 0.056, 1.991 / Estimate: 0.057, 1.991 / LogL: -23689.097
Init pinv, alpha: 0.064, 1.991 / Estimate: 0.057, 1.994 / LogL: -23689.100
Init pinv, alpha: 0.072, 1.991 / Estimate: 0.057, 1.996 / LogL: -23689.108
Optimal pinv,alpha: 0.057, 1.991 / LogL: -23689.097

Parameters optimization took 9.328 sec
Computing ML distances based on estimated model parameters...
Computing ML distances took 0.429224 sec (of wall-clock time) 0.854355 sec(of CPU time)
WARNING: Some pairwise ML distances are too long (saturated)
Computing RapidNJ tree took 0.001526 sec (of wall-clock time) 0.002025 sec (of CPU time)
Log-likelihood of RapidNJ tree: -24594.941
--------------------------------------------------------------------
|             INITIALIZING CANDIDATE TREE SET                      |
--------------------------------------------------------------------
Generating 98 parsimony trees... 3.699 second
Computing log-likelihood of 98 initial trees ... 6.958 seconds
Current best score: -23689.097

Do NNI search on 20 best initial trees
Estimate model parameters (epsilon = 0.100)
BETTER TREE FOUND at iteration 1: -23687.617
Estimate model parameters (epsilon = 0.100)
BETTER TREE FOUND at iteration 2: -23685.200
Estimate model parameters (epsilon = 0.100)
BETTER TREE FOUND at iteration 3: -23682.329
Iteration 10 / LogL: -23694.849 / Time: 0h:0m:40s
Estimate model parameters (epsilon = 0.100)
BETTER TREE FOUND at iteration 15: -23681.654
Iteration 20 / LogL: -23702.124 / Time: 0h:1m:0s
Finish initializing candidate tree set (20)
Current best tree score: -23681.654 / CPU time: 49.558
Number of iterations: 20
--------------------------------------------------------------------
|               OPTIMIZING CANDIDATE TREE SET                      |
--------------------------------------------------------------------
Estimate model parameters (epsilon = 0.100)
BETTER TREE FOUND at iteration 22: -23681.411
Estimate model parameters (epsilon = 0.100)
BETTER TREE FOUND at iteration 30: -23680.132
Iteration 30 / LogL: -23680.132 / Time: 0h:1m:23s (0h:9m:38s left)
Estimate model parameters (epsilon = 0.100)
BETTER TREE FOUND at iteration 35: -23678.853
Estimate model parameters (epsilon = 0.100)
BETTER TREE FOUND at iteration 39: -23676.506
Iteration 40 / LogL: -23686.856 / Time: 0h:1m:48s (0h:9m:11s left)
Iteration 50 / LogL: -23678.978 / Time: 0h:2m:8s (0h:8m:17s left)
Log-likelihood cutoff on original alignment: -23735.723
Iteration 60 / LogL: -23677.474 / Time: 0h:2m:33s (0h:7m:44s left)
Iteration 70 / LogL: -23676.513 / Time: 0h:2m:57s (0h:7m:15s left)
BETTER TREE FOUND at iteration 73: -23676.506
Estimate model parameters (epsilon = 0.100)
BETTER TREE FOUND at iteration 80: -23675.072
Iteration 80 / LogL: -23675.072 / Time: 0h:3m:22s (0h:8m:32s left)
Estimate model parameters (epsilon = 0.100)
BETTER TREE FOUND at iteration 81: -23673.465
Iteration 90 / LogL: -23673.472 / Time: 0h:3m:45s (0h:8m:4s left)
Iteration 100 / LogL: -23673.467 / Time: 0h:4m:8s (0h:7m:34s left)
Log-likelihood cutoff on original alignment: -23735.723
NOTE: Bootstrap correlation coefficient of split occurrence frequencies: 0.991
Iteration 110 / LogL: -23673.704 / Time: 0h:4m:30s (0h:7m:4s left)
Iteration 120 / LogL: -23679.861 / Time: 0h:4m:53s (0h:6m:36s left)
Iteration 130 / LogL: -23691.893 / Time: 0h:5m:15s (0h:6m:8s left)
Iteration 140 / LogL: -23673.479 / Time: 0h:5m:36s (0h:5m:41s left)
Iteration 150 / LogL: -23673.467 / Time: 0h:6m:0s (0h:5m:16s left)
Log-likelihood cutoff on original alignment: -23735.723
Iteration 160 / LogL: -23673.469 / Time: 0h:6m:22s (0h:4m:51s left)
Iteration 170 / LogL: -23675.378 / Time: 0h:6m:44s (0h:4m:25s left)
Iteration 180 / LogL: -23673.468 / Time: 0h:7m:6s (0h:4m:0s left)
Iteration 190 / LogL: -23673.467 / Time: 0h:7m:28s (0h:3m:35s left)
Iteration 200 / LogL: -23673.468 / Time: 0h:7m:49s (0h:3m:11s left)
Log-likelihood cutoff on original alignment: -23735.723
NOTE: Bootstrap correlation coefficient of split occurrence frequencies: 0.998
Iteration 210 / LogL: -23673.466 / Time: 0h:8m:13s (0h:3m:32s left)
Iteration 220 / LogL: -23674.872 / Time: 0h:8m:37s (0h:3m:9s left)
Iteration 230 / LogL: -23677.940 / Time: 0h:9m:0s (0h:2m:45s left)
Iteration 240 / LogL: -23673.467 / Time: 0h:9m:22s (0h:2m:21s left)
Iteration 250 / LogL: -23679.415 / Time: 0h:9m:46s (0h:1m:57s left)
Log-likelihood cutoff on original alignment: -23735.723
Iteration 260 / LogL: -23676.728 / Time: 0h:10m:7s (0h:1m:33s left)
Iteration 270 / LogL: -23673.467 / Time: 0h:10m:30s (0h:1m:10s left)
Iteration 280 / LogL: -23673.467 / Time: 0h:10m:54s (0h:0m:46s left)
TREE SEARCH COMPLETED AFTER 282 ITERATIONS / Time: 0h:10m:59s

--------------------------------------------------------------------
|                    FINALIZING TREE SEARCH                        |
--------------------------------------------------------------------
Performs final model parameters optimization
Estimate model parameters (epsilon = 0.010)
1. Initial log-likelihood: -23673.465
Optimal log-likelihood: -23673.465
Proportion of invariable sites: 0.057
Gamma shape alpha: 2.005
Parameters optimization took 1 rounds (0.243 sec)
BEST SCORE FOUND : -23673.465
Creating bootstrap support values...
Split supports printed to NEXUS file results_broccoli_meto/alignments_prefiltering/OG_13801.iqtree.splits.nex
Total tree length: 21.265

Total number of iterations: 282
CPU time used for tree search: 1286.272 sec (0h:21m:26s)
Wall-clock time used for tree search: 648.421 sec (0h:10m:48s)
Total CPU time used: 1308.230 sec (0h:21m:48s)
Total wall-clock time used: 660.034 sec (0h:11m:0s)

Computing bootstrap consensus tree...
Reading input file results_broccoli_meto/alignments_prefiltering/OG_13801.iqtree.splits.nex...
94 taxa and 785 splits.
Consensus tree written to results_broccoli_meto/alignments_prefiltering/OG_13801.iqtree.contree
Reading input trees file results_broccoli_meto/alignments_prefiltering/OG_13801.iqtree.contree
Log-likelihood of consensus tree: -23673.476

Analysis results written to: 
  IQ-TREE report:                results_broccoli_meto/alignments_prefiltering/OG_13801.iqtree.iqtree
  Maximum-likelihood tree:       results_broccoli_meto/alignments_prefiltering/OG_13801.iqtree.treefile
  Likelihood distances:          results_broccoli_meto/alignments_prefiltering/OG_13801.iqtree.mldist

Ultrafast bootstrap approximation results written to:
  Split support values:          results_broccoli_meto/alignments_prefiltering/OG_13801.iqtree.splits.nex
  Consensus tree:                results_broccoli_meto/alignments_prefiltering/OG_13801.iqtree.contree
  Screen log file:               results_broccoli_meto/alignments_prefiltering/OG_13801.iqtree.log

Date and Time: Tue Dec 13 13:07:22 2022
