IQ-TREE multicore version 2.1.0 for Linux 64-bit built Jul 18 2020
Developed by Bui Quang Minh, James Barbetti, Nguyen Lam Tung,
Olga Chernomor, Heiko Schmidt, Dominik Schrempf, Michael Woodhams.

Host:    node-hp0301.linux.crg.es (AVX, 125 GB RAM)
Command: /users/asebe/xgraubove/Programes/iqtree-2.1.0-Linux/bin/iqtree2 -s results_broccoli_meto/alignments_prefiltering/OG_12715.lt.fasta -m TEST -mset LG,WAG,JTT -nt AUTO -ntmax 2 -bb 1000 -pre results_broccoli_meto/alignments_prefiltering/OG_12715.iqtree -nm 10000 -nstop 200 -cptime 1800
Seed:    892855 (Using SPRNG - Scalable Parallel Random Number Generator)
Time:    Mon Dec 12 15:58:03 2022
Kernel:  AVX - auto-detect threads (2 CPU cores detected)

Reading alignment file results_broccoli_meto/alignments_prefiltering/OG_12715.lt.fasta ... Fasta format detected
Alignment most likely contains protein sequences
Alignment has 81 sequences with 771 columns, 771 distinct patterns
763 parsimony-informative, 0 singleton sites, 8 constant sites
                                                                    Gap/Ambiguity  Composition  p-value
   1  Aaur_scaffold1935.g1.t1                                              79.51%    failed      0.00%
   2  Lcom_lcpid109591                                                     66.28%    failed      0.57%
   3  Scil_scict021395.1                                                   11.28%    failed      0.00%
   4  HoiH23_PlH23_008007-RA                                               26.20%    failed      0.02%
   5  TrH2_TrispH2_001069-RA                                               30.74%    failed      0.28%
   6  Tadh_TriadT7832                                                      86.64%    failed      0.00%
   7  Hhon_g09110.t1                                                       27.37%    failed      0.00%
   8  HoiH04_mRNA6006                                                      27.37%    failed      0.00%
   9  HoiH06_mRNA12566                                                     26.85%    failed      0.00%
  10  Lcom_lcpid245058                                                     89.62%    failed      0.02%
  11  Fspp_ffun1.m4.27032.m1                                               78.47%    failed      0.00%
  12  Gasp_gasp1.m3.11085.m1                                               59.27%    failed      0.00%
  13  Spis_XP_022796060_1                                                   5.84%    passed     26.08%
  14  Pocdam_XM_027188269.1                                                 5.71%    passed     20.31%
  15  Nvec_v1g132837                                                       86.38%    failed      0.00%
  16  Exapal_XM_021056591.2                                                12.84%    passed     13.66%
  17  Gfas_gfas1.m1.4824.m1                                                10.64%    passed     10.40%
  18  Amil_Amillepora20136-RA                                               7.39%    passed     58.58%
  19  Adig_XM_015913965.1                                                  16.21%    failed      0.05%
  20  Acagra_model.g24728.t1                                               13.23%    passed      9.45%
  21  Ctel_gnl_WGS_AMQN_CAPTEDRAFT_mRNA163872                              78.60%    failed      0.05%
  22  Hsap_ENST00000374389                                                 18.55%    failed      0.02%
  23  Dpul_mRNA892                                                         90.53%    failed      0.00%
  24  Cgig_XM_011433638.3                                                  18.55%    failed      0.96%
  25  Stycar_augustus_masked-SC_scaffold100695-processed-gene-0.1-mRNA-1   86.77%    failed      0.00%
  26  Stycar_augustus_masked-SC_scaffold127426-processed-gene-0.1-mRNA-1   90.01%    failed      0.00%
  27  Stycar_maker-SC_scaffold136964-snap-gene-0.5-mRNA-1                  76.78%    failed      0.01%
  28  Spolac_c104452_g1_i1_m.40605c104452-g1                               20.36%    failed      0.00%
  29  Spolac_c104452_g1_i4_m.40614c104452-g1                               84.95%    failed      0.00%
  30  Tetwil_g23563.t2                                                     58.50%    failed      0.00%
  31  Plespi_Pspi_scaffold20376_01                                         76.78%    failed      0.00%
  32  Plajan_Pjan_C569020_01                                               21.66%    passed      7.79%
  33  Spur_XM_030994556.1                                                  71.60%    failed      0.00%
  34  Cscu_XM_023370426.1                                                  33.59%    failed      0.00%
  35  Aque_Aqu2.1.41381_001                                                33.46%    failed      0.00%
  36  Halamb_c51208_g6_i2m.30056                                           64.46%    failed      0.20%
  37  Xestes_maker-XT_scaffold120316-snap-gene-0.3-mRNA-1                  91.44%    failed      0.00%
  38  Dgig_XM_028556715.1                                                  13.23%    passed     18.45%
  39  Xesp_010885-T1                                                       29.57%    failed      0.28%
  40  Bralan_BLAG01000423_27                                               15.82%    failed      0.37%
  41  Opea_EP00118_Oscarella_pearsei_P027380                               68.35%    failed      1.04%
  42  Skow_XM_006812070.1                                                  17.12%    passed     47.30%
  43  Morvir_scaffold274.g6.t1                                              4.15%    failed      0.10%
  44  Horcal_Hcv1.av93.c11.g834.i1                                         56.42%    passed     23.87%
  45  Bolinf_Binf_sb1261944                                                38.78%    passed     32.44%
  46  Mertsp_Mesp_sb576533                                                 52.27%    failed      4.38%
  47  Beraby_Baby_sb346260                                                 23.22%    failed      0.51%
  48  Drygla_Dgla_sb292793                                                 29.44%    failed      0.76%
  49  Drygla_Dgla_sb303279                                                 73.41%    passed     76.19%
  50  Drygla_Dgla_sb303277                                                 26.85%    failed      0.00%
  51  Bolinf_Binf_sb1263746                                                31.65%    failed      0.02%
  52  Mertsp_Mesp_sb575690                                                 29.05%    failed      0.05%
  53  Mlei_ML2340.g23.i1                                                   28.27%    failed      0.58%
  54  Vmul_sbMO424271                                                      36.19%    failed      0.00%
  55  Bolinf_Binf_sb1266149                                                43.45%    passed     87.02%
  56  Bolinf_Binf_sb1266150                                                45.40%    passed     77.52%
  57  Mertsp_Mesp_sb596012                                                 19.46%    failed      0.04%
  58  Lampan_Lpan_3782_01                                                  39.69%    passed     30.49%
  59  Vmul_Simscaffold15990_01                                             34.50%    passed     60.35%
  60  Coemet_Cmet_scaffold21750_01                                         28.02%    passed     80.61%
  61  Coeast_Cast_sb815145                                                 35.41%    passed     19.16%
  62  Sanmal_Sma_001699-T1                                                  7.91%    passed     68.62%
  63  Nemnom_g11222.t1                                                     33.20%    failed      3.10%
  64  Rhoesc_Res_008661-T1                                                  5.71%    passed     14.23%
  65  Rhoesc_Res_002735-T1                                                 92.35%    failed      0.00%
  66  Aaur_scaffold4725.g1.t1                                              97.80%    failed      0.46%
  67  Aaur_scaffold90.g1.t1                                                14.66%    passed      9.15%
  68  Chem_TCONS_00012817                                                  11.54%    failed      1.24%
  69  Hvul_g27819_1                                                        20.62%    failed      0.00%
  70  Nvec_v1g16334                                                        98.44%    failed      0.04%
  71  Chem_TCONS_00022299                                                  67.06%    failed      0.55%
  72  Hvul_g22860_1                                                        81.84%    failed      0.00%
  73  Tcas_TC013178_001                                                    18.16%    failed      0.00%
  74  Eupdun_Edun_sb10658788                                               42.93%    failed      0.23%
  75  Emue_Em0017g777a.t1                                                  24.25%    failed      0.00%
  76  Xestes_snap_masked-XT_scaffold123457-processed-gene-0.2-mRNA-1       82.88%    failed      0.14%
  77  Clacor_Ccor_scaffold15021_01                                         42.15%    failed      0.00%
  78  Gracom_Gcom_C553712_01                                               29.70%    failed      0.00%
  79  Leuniv_Lniv_C815578_01                                               22.05%    failed      0.00%
  80  Exapal_XM_021053668.2                                                12.45%    failed      0.00%
  81  Morvir_scaffold85.g54.t1                                             89.75%    failed      0.00%
WARNING: 29 sequences contain more than 50% gaps/ambiguity
****  TOTAL                                                                43.21%  60 sequences failed composition chi2 test (p-value<5%; df=19)


Create initial parsimony tree by phylogenetic likelihood library (PLL)... 0.051 seconds
Measuring multi-threading efficiency up to 2 CPU cores
10 trees examined
Threads: 1 / Time: 2.131 sec / Speedup: 1.000 / Efficiency: 100% / LogL: -68707
Threads: 2 / Time: 2.116 sec / Speedup: 1.007 / Efficiency: 50% / LogL: -68707
BEST NUMBER OF THREADS: 1

Perform fast likelihood tree search using LG+I+G model...
Estimate model parameters (epsilon = 5.000)
Perform nearest neighbor interchange...
Estimate model parameters (epsilon = 1.000)
1. Initial log-likelihood: -51864.933
Optimal log-likelihood: -51864.705
Proportion of invariable sites: 0.009
Gamma shape alpha: 1.843
Parameters optimization took 1 rounds (0.620 sec)
Time for fast ML tree search: 10.805 seconds

NOTE: ModelFinder requires 42 MB RAM!
ModelFinder will test up to 24 protein models (sample size: 771) ...
 No. Model         -LnL         df  AIC          AICc         BIC
  1  LG            53286.267    159 106890.534   106973.807   107629.516
  2  LG+I          53182.517    160 106685.034   106769.493   107428.665
  3  LG+G4         51886.596    160 104093.192   104177.651   104836.822
  4  LG+I+G4       51864.290    161 104050.581   104136.236   104798.859
  8  LG+F+I+G4     51271.262    180 102902.524   103012.965   103739.108
 12  WAG+I+G4      51643.042    161 103608.085   103693.740   104356.363
 16  WAG+F+I+G4    51131.265    180 102622.529   102732.970   103459.113
 20  JTT+I+G4      52075.049    161 104472.098   104557.754   105220.376
 24  JTT+F+I+G4    51303.800    180 102967.600   103078.041   103804.184
Akaike Information Criterion:           WAG+F+I+G4
Corrected Akaike Information Criterion: WAG+F+I+G4
Bayesian Information Criterion:         WAG+F+I+G4
Best-fit model: WAG+F+I+G4 chosen according to BIC

All model information printed to results_broccoli_meto/alignments_prefiltering/OG_12715.iqtree.model.gz
CPU time for ModelFinder: 41.271 seconds (0h:0m:41s)
Wall-clock time for ModelFinder: 38.991 seconds (0h:0m:38s)
Generating 1000 samples for ultrafast bootstrap (seed: 892855)...

NOTE: 42 MB RAM (0 GB) is required!
Estimate model parameters (epsilon = 0.100)
Thoroughly optimizing +I+G parameters from 10 start values...
Init pinv, alpha: 0.000, 1.609 / Estimate: 0.009, 1.610 / LogL: -51131.253
Init pinv, alpha: 0.001, 1.609 / Estimate: 0.009, 1.611 / LogL: -51131.253
Init pinv, alpha: 0.002, 1.609 / Estimate: 0.009, 1.611 / LogL: -51131.252
Init pinv, alpha: 0.003, 1.609 / Estimate: 0.009, 1.610 / LogL: -51131.255
Init pinv, alpha: 0.005, 1.609 / Estimate: 0.009, 1.610 / LogL: -51131.254
Init pinv, alpha: 0.006, 1.609 / Estimate: 0.009, 1.611 / LogL: -51131.253
Init pinv, alpha: 0.007, 1.609 / Estimate: 0.009, 1.611 / LogL: -51131.253
Init pinv, alpha: 0.008, 1.609 / Estimate: 0.009, 1.609 / LogL: -51131.255
Init pinv, alpha: 0.009, 1.609 / Estimate: 0.009, 1.611 / LogL: -51131.256
Init pinv, alpha: 0.010, 1.609 / Estimate: 0.009, 1.612 / LogL: -51131.258
Optimal pinv,alpha: 0.009, 1.611 / LogL: -51131.252

Parameters optimization took 12.806 sec
Computing ML distances based on estimated model parameters...
Computing ML distances took 0.911820 sec (of wall-clock time) 0.910797 sec(of CPU time)
WARNING: Some pairwise ML distances are too long (saturated)
Computing RapidNJ tree took 0.000616 sec (of wall-clock time) 0.000639 sec (of CPU time)
Log-likelihood of RapidNJ tree: -51852.393
--------------------------------------------------------------------
|             INITIALIZING CANDIDATE TREE SET                      |
--------------------------------------------------------------------
Generating 98 parsimony trees... 4.616 second
Computing log-likelihood of 98 initial trees ... 19.129 seconds
Current best score: -51131.252

Do NNI search on 20 best initial trees
Estimate model parameters (epsilon = 0.100)
BETTER TREE FOUND at iteration 1: -51120.491
Estimate model parameters (epsilon = 0.100)
BETTER TREE FOUND at iteration 2: -51096.579
Estimate model parameters (epsilon = 0.100)
BETTER TREE FOUND at iteration 3: -51073.221
Estimate model parameters (epsilon = 0.100)
BETTER TREE FOUND at iteration 6: -51060.666
Iteration 10 / LogL: -51074.502 / Time: 0h:1m:44s
Iteration 20 / LogL: -51091.885 / Time: 0h:2m:57s
Finish initializing candidate tree set (20)
Current best tree score: -51060.666 / CPU time: 156.540
Number of iterations: 20
--------------------------------------------------------------------
|               OPTIMIZING CANDIDATE TREE SET                      |
--------------------------------------------------------------------
Estimate model parameters (epsilon = 0.100)
BETTER TREE FOUND at iteration 22: -51056.231
Estimate model parameters (epsilon = 0.100)
BETTER TREE FOUND at iteration 25: -51055.498
Estimate model parameters (epsilon = 0.100)
BETTER TREE FOUND at iteration 30: -51055.417
Iteration 30 / LogL: -51055.417 / Time: 0h:4m:1s (0h:27m:42s left)
Estimate model parameters (epsilon = 0.100)
BETTER TREE FOUND at iteration 34: -51055.052
Iteration 40 / LogL: -51055.381 / Time: 0h:5m:4s (0h:25m:16s left)
Estimate model parameters (epsilon = 0.100)
BETTER TREE FOUND at iteration 41: -51053.953
Iteration 50 / LogL: -51060.289 / Time: 0h:6m:10s (0h:24m:3s left)
Log-likelihood cutoff on original alignment: -51145.542
Estimate model parameters (epsilon = 0.100)
BETTER TREE FOUND at iteration 60: -51052.803
Iteration 60 / LogL: -51052.803 / Time: 0h:7m:8s (0h:24m:11s left)
Estimate model parameters (epsilon = 0.100)
BETTER TREE FOUND at iteration 64: -51052.767
Iteration 70 / LogL: -51056.004 / Time: 0h:8m:3s (0h:22m:38s left)
BETTER TREE FOUND at iteration 77: -51052.763
Estimate model parameters (epsilon = 0.100)
BETTER TREE FOUND at iteration 80: -51052.102
Iteration 80 / LogL: -51052.102 / Time: 0h:9m:4s (0h:22m:59s left)
Iteration 90 / LogL: -51054.391 / Time: 0h:10m:8s (0h:21m:39s left)
Iteration 100 / LogL: -51056.435 / Time: 0h:11m:6s (0h:20m:11s left)
Log-likelihood cutoff on original alignment: -51145.542
NOTE: Bootstrap correlation coefficient of split occurrence frequencies: 0.997
Iteration 110 / LogL: -51054.366 / Time: 0h:12m:6s (0h:18m:53s left)
Estimate model parameters (epsilon = 0.100)
BETTER TREE FOUND at iteration 111: -51052.086
Estimate model parameters (epsilon = 0.100)
BETTER TREE FOUND at iteration 120: -51051.060
Iteration 120 / LogL: -51051.060 / Time: 0h:12m:58s (0h:21m:49s left)
Iteration 130 / LogL: -51054.120 / Time: 0h:13m:53s (0h:20m:27s left)
Estimate model parameters (epsilon = 0.100)
BETTER TREE FOUND at iteration 138: -51050.735
Iteration 140 / LogL: -51051.343 / Time: 0h:14m:47s (0h:21m:4s left)

******************************************************
CHECKPOINT: Resuming analysis from results_broccoli_meto/alignments_prefiltering/OG_12715.iqtree.ckp.gz

IQ-TREE multicore version 2.1.0 for Linux 64-bit built Jul 18 2020
Developed by Bui Quang Minh, James Barbetti, Nguyen Lam Tung,
Olga Chernomor, Heiko Schmidt, Dominik Schrempf, Michael Woodhams.

Host:    node-hp0407.linux.crg.es (AVX, 125 GB RAM)
Command: /users/asebe/xgraubove/Programes/iqtree-2.1.0-Linux/bin/iqtree2 -s results_broccoli_meto/alignments_prefiltering/OG_12715.lt.fasta -m TEST -mset LG,WAG,JTT -nt AUTO -ntmax 2 -bb 1000 -pre results_broccoli_meto/alignments_prefiltering/OG_12715.iqtree -nm 10000 -nstop 200 -cptime 1800
Seed:    164179 (Using SPRNG - Scalable Parallel Random Number Generator)
Time:    Mon Dec 12 19:28:44 2022
Kernel:  AVX - auto-detect threads (2 CPU cores detected)

Reading alignment file results_broccoli_meto/alignments_prefiltering/OG_12715.lt.fasta ... Fasta format detected
Alignment most likely contains protein sequences
Alignment has 81 sequences with 771 columns, 771 distinct patterns
763 parsimony-informative, 0 singleton sites, 8 constant sites
                                                                    Gap/Ambiguity  Composition  p-value
   1  Aaur_scaffold1935.g1.t1                                              79.51%    failed      0.00%
   2  Lcom_lcpid109591                                                     66.28%    failed      0.57%
   3  Scil_scict021395.1                                                   11.28%    failed      0.00%
   4  HoiH23_PlH23_008007-RA                                               26.20%    failed      0.02%
   5  TrH2_TrispH2_001069-RA                                               30.74%    failed      0.28%
   6  Tadh_TriadT7832                                                      86.64%    failed      0.00%
   7  Hhon_g09110.t1                                                       27.37%    failed      0.00%
   8  HoiH04_mRNA6006                                                      27.37%    failed      0.00%
   9  HoiH06_mRNA12566                                                     26.85%    failed      0.00%
  10  Lcom_lcpid245058                                                     89.62%    failed      0.02%
  11  Fspp_ffun1.m4.27032.m1                                               78.47%    failed      0.00%
  12  Gasp_gasp1.m3.11085.m1                                               59.27%    failed      0.00%
  13  Spis_XP_022796060_1                                                   5.84%    passed     26.08%
  14  Pocdam_XM_027188269.1                                                 5.71%    passed     20.31%
  15  Nvec_v1g132837                                                       86.38%    failed      0.00%
  16  Exapal_XM_021056591.2                                                12.84%    passed     13.66%
  17  Gfas_gfas1.m1.4824.m1                                                10.64%    passed     10.40%
  18  Amil_Amillepora20136-RA                                               7.39%    passed     58.58%
  19  Adig_XM_015913965.1                                                  16.21%    failed      0.05%
  20  Acagra_model.g24728.t1                                               13.23%    passed      9.45%
  21  Ctel_gnl_WGS_AMQN_CAPTEDRAFT_mRNA163872                              78.60%    failed      0.05%
  22  Hsap_ENST00000374389                                                 18.55%    failed      0.02%
  23  Dpul_mRNA892                                                         90.53%    failed      0.00%
  24  Cgig_XM_011433638.3                                                  18.55%    failed      0.96%
  25  Stycar_augustus_masked-SC_scaffold100695-processed-gene-0.1-mRNA-1   86.77%    failed      0.00%
  26  Stycar_augustus_masked-SC_scaffold127426-processed-gene-0.1-mRNA-1   90.01%    failed      0.00%
  27  Stycar_maker-SC_scaffold136964-snap-gene-0.5-mRNA-1                  76.78%    failed      0.01%
  28  Spolac_c104452_g1_i1_m.40605c104452-g1                               20.36%    failed      0.00%
  29  Spolac_c104452_g1_i4_m.40614c104452-g1                               84.95%    failed      0.00%
  30  Tetwil_g23563.t2                                                     58.50%    failed      0.00%
  31  Plespi_Pspi_scaffold20376_01                                         76.78%    failed      0.00%
  32  Plajan_Pjan_C569020_01                                               21.66%    passed      7.79%
  33  Spur_XM_030994556.1                                                  71.60%    failed      0.00%
  34  Cscu_XM_023370426.1                                                  33.59%    failed      0.00%
  35  Aque_Aqu2.1.41381_001                                                33.46%    failed      0.00%
  36  Halamb_c51208_g6_i2m.30056                                           64.46%    failed      0.20%
  37  Xestes_maker-XT_scaffold120316-snap-gene-0.3-mRNA-1                  91.44%    failed      0.00%
  38  Dgig_XM_028556715.1                                                  13.23%    passed     18.45%
  39  Xesp_010885-T1                                                       29.57%    failed      0.28%
  40  Bralan_BLAG01000423_27                                               15.82%    failed      0.37%
  41  Opea_EP00118_Oscarella_pearsei_P027380                               68.35%    failed      1.04%
  42  Skow_XM_006812070.1                                                  17.12%    passed     47.30%
  43  Morvir_scaffold274.g6.t1                                              4.15%    failed      0.10%
  44  Horcal_Hcv1.av93.c11.g834.i1                                         56.42%    passed     23.87%
  45  Bolinf_Binf_sb1261944                                                38.78%    passed     32.44%
  46  Mertsp_Mesp_sb576533                                                 52.27%    failed      4.38%
  47  Beraby_Baby_sb346260                                                 23.22%    failed      0.51%
  48  Drygla_Dgla_sb292793                                                 29.44%    failed      0.76%
  49  Drygla_Dgla_sb303279                                                 73.41%    passed     76.19%
  50  Drygla_Dgla_sb303277                                                 26.85%    failed      0.00%
  51  Bolinf_Binf_sb1263746                                                31.65%    failed      0.02%
  52  Mertsp_Mesp_sb575690                                                 29.05%    failed      0.05%
  53  Mlei_ML2340.g23.i1                                                   28.27%    failed      0.58%
  54  Vmul_sbMO424271                                                      36.19%    failed      0.00%
  55  Bolinf_Binf_sb1266149                                                43.45%    passed     87.02%
  56  Bolinf_Binf_sb1266150                                                45.40%    passed     77.52%
  57  Mertsp_Mesp_sb596012                                                 19.46%    failed      0.04%
  58  Lampan_Lpan_3782_01                                                  39.69%    passed     30.49%
  59  Vmul_Simscaffold15990_01                                             34.50%    passed     60.35%
  60  Coemet_Cmet_scaffold21750_01                                         28.02%    passed     80.61%
  61  Coeast_Cast_sb815145                                                 35.41%    passed     19.16%
  62  Sanmal_Sma_001699-T1                                                  7.91%    passed     68.62%
  63  Nemnom_g11222.t1                                                     33.20%    failed      3.10%
  64  Rhoesc_Res_008661-T1                                                  5.71%    passed     14.23%
  65  Rhoesc_Res_002735-T1                                                 92.35%    failed      0.00%
  66  Aaur_scaffold4725.g1.t1                                              97.80%    failed      0.46%
  67  Aaur_scaffold90.g1.t1                                                14.66%    passed      9.15%
  68  Chem_TCONS_00012817                                                  11.54%    failed      1.24%
  69  Hvul_g27819_1                                                        20.62%    failed      0.00%
  70  Nvec_v1g16334                                                        98.44%    failed      0.04%
  71  Chem_TCONS_00022299                                                  67.06%    failed      0.55%
  72  Hvul_g22860_1                                                        81.84%    failed      0.00%
  73  Tcas_TC013178_001                                                    18.16%    failed      0.00%
  74  Eupdun_Edun_sb10658788                                               42.93%    failed      0.23%
  75  Emue_Em0017g777a.t1                                                  24.25%    failed      0.00%
  76  Xestes_snap_masked-XT_scaffold123457-processed-gene-0.2-mRNA-1       82.88%    failed      0.14%
  77  Clacor_Ccor_scaffold15021_01                                         42.15%    failed      0.00%
  78  Gracom_Gcom_C553712_01                                               29.70%    failed      0.00%
  79  Leuniv_Lniv_C815578_01                                               22.05%    failed      0.00%
  80  Exapal_XM_021053668.2                                                12.45%    failed      0.00%
  81  Morvir_scaffold85.g54.t1                                             89.75%    failed      0.00%
WARNING: 29 sequences contain more than 50% gaps/ambiguity
****  TOTAL                                                                43.21%  60 sequences failed composition chi2 test (p-value<5%; df=19)

NOTE: Restoring information from model checkpoint file results_broccoli_meto/alignments_prefiltering/OG_12715.iqtree.model.gz

CHECKPOINT: Initial tree restored
Measuring multi-threading efficiency up to 2 CPU cores
10 trees examined
Threads: 1 / Time: 2.199 sec / Speedup: 1.000 / Efficiency: 100% / LogL: -69280
Threads: 2 / Time: 2.785 sec / Speedup: 0.789 / Efficiency: 39% / LogL: -69280
BEST NUMBER OF THREADS: 1

Perform fast likelihood tree search using LG+I+G model...
CHECKPOINT: Tree restored, LogL: -51906.124
NOTE: ModelFinder requires 42 MB RAM!
ModelFinder will test up to 24 protein models (sample size: 771) ...
 No. Model         -LnL         df  AIC          AICc         BIC
  1  LG            53286.267    159 106890.534   106973.807   107629.516
  2  LG+I          53182.517    160 106685.034   106769.493   107428.665
  3  LG+G4         51886.596    160 104093.192   104177.651   104836.822
  4  LG+I+G4       51864.290    161 104050.581   104136.236   104798.859
  8  LG+F+I+G4     51271.262    180 102902.524   103012.965   103739.108
 12  WAG+I+G4      51643.042    161 103608.085   103693.740   104356.363
 16  WAG+F+I+G4    51131.265    180 102622.529   102732.970   103459.113
 20  JTT+I+G4      52075.049    161 104472.098   104557.754   105220.376
 24  JTT+F+I+G4    51303.800    180 102967.600   103078.041   103804.184
Akaike Information Criterion:           WAG+F+I+G4
Corrected Akaike Information Criterion: WAG+F+I+G4
Bayesian Information Criterion:         WAG+F+I+G4
Best-fit model: WAG+F+I+G4 chosen according to BIC

All model information printed to results_broccoli_meto/alignments_prefiltering/OG_12715.iqtree.model.gz
CPU time for ModelFinder: 5.056 seconds (0h:0m:5s)
Wall-clock time for ModelFinder: 5.135 seconds (0h:0m:5s)
Generating 1000 samples for ultrafast bootstrap (seed: 164179)...

NOTE: 42 MB RAM (0 GB) is required!
CHECKPOINT: Model parameters restored, LogL: -51131.252
Computing ML distances based on estimated model parameters...
Computing ML distances took 0.919834 sec (of wall-clock time) 0.919037 sec(of CPU time)
WARNING: Some pairwise ML distances are too long (saturated)
Computing RapidNJ tree took 0.000564 sec (of wall-clock time) 0.000568 sec (of CPU time)
Log-likelihood of RapidNJ tree: -51852.393
--------------------------------------------------------------------
|             INITIALIZING CANDIDATE TREE SET                      |
--------------------------------------------------------------------
Generating 98 parsimony trees... 4.792 second
Computing log-likelihood of 98 initial trees ... 19.467 seconds
Current best score: -51131.252

Do NNI search on 20 best initial trees
Estimate model parameters (epsilon = 0.100)
BETTER TREE FOUND at iteration 1: -51120.482
Estimate model parameters (epsilon = 0.100)
BETTER TREE FOUND at iteration 2: -51069.166
Iteration 10 / LogL: -51074.694 / Time: 0h:1m:44s
Estimate model parameters (epsilon = 0.100)
BETTER TREE FOUND at iteration 19: -51068.425
Iteration 20 / LogL: -51084.131 / Time: 0h:2m:57s
Finish initializing candidate tree set (20)
Current best tree score: -51068.425 / CPU time: 168.825
Number of iterations: 20
--------------------------------------------------------------------
|               OPTIMIZING CANDIDATE TREE SET                      |
--------------------------------------------------------------------
Estimate model parameters (epsilon = 0.100)
BETTER TREE FOUND at iteration 22: -51063.701
Iteration 30 / LogL: -51067.421 / Time: 0h:3m:58s (0h:26m:18s left)
Estimate model parameters (epsilon = 0.100)
BETTER TREE FOUND at iteration 38: -51063.675
Estimate model parameters (epsilon = 0.100)
BETTER TREE FOUND at iteration 40: -51059.065
Iteration 40 / LogL: -51059.065 / Time: 0h:5m:3s (0h:25m:56s left)
UPDATE BEST LOG-LIKELIHOOD: -51059.063
Iteration 50 / LogL: -51060.594 / Time: 0h:6m:13s (0h:24m:10s left)
Log-likelihood cutoff on original alignment: -51134.328
Iteration 60 / LogL: -51060.006 / Time: 0h:7m:19s (0h:22m:21s left)
Estimate model parameters (epsilon = 0.100)
BETTER TREE FOUND at iteration 68: -51058.847
Iteration 70 / LogL: -51059.043 / Time: 0h:8m:17s (0h:23m:47s left)
Estimate model parameters (epsilon = 0.100)
BETTER TREE FOUND at iteration 79: -51057.581
Iteration 80 / LogL: -51078.307 / Time: 0h:9m:39s (0h:24m:19s left)
Iteration 90 / LogL: -51057.814 / Time: 0h:10m:43s (0h:22m:47s left)
Iteration 100 / LogL: -51058.520 / Time: 0h:11m:44s (0h:21m:14s left)
Log-likelihood cutoff on original alignment: -51134.328
NOTE: Bootstrap correlation coefficient of split occurrence frequencies: 0.993
Estimate model parameters (epsilon = 0.100)
BETTER TREE FOUND at iteration 105: -51057.418
Estimate model parameters (epsilon = 0.100)
BETTER TREE FOUND at iteration 107: -51057.045
Iteration 110 / LogL: -51068.541 / Time: 0h:12m:46s (0h:23m:5s left)
Estimate model parameters (epsilon = 0.100)
BETTER TREE FOUND at iteration 112: -51057.022
Estimate model parameters (epsilon = 0.100)
BETTER TREE FOUND at iteration 114: -51056.891
Iteration 120 / LogL: -51062.102 / Time: 0h:13m:49s (0h:22m:31s left)
Iteration 130 / LogL: -51057.344 / Time: 0h:14m:43s (0h:21m:0s left)
Iteration 140 / LogL: -51058.456 / Time: 0h:15m:42s (0h:19m:39s left)
Iteration 150 / LogL: -51058.254 / Time: 0h:16m:47s (0h:18m:29s left)
Log-likelihood cutoff on original alignment: -51134.328
Estimate model parameters (epsilon = 0.100)
BETTER TREE FOUND at iteration 159: -51056.349
Iteration 160 / LogL: -51056.894 / Time: 0h:17m:47s (0h:22m:16s left)
Estimate model parameters (epsilon = 0.100)
UPDATE BEST LOG-LIKELIHOOD: -51056.226
Iteration 170 / LogL: -51056.992 / Time: 0h:18m:44s (0h:20m:57s left)
Iteration 180 / LogL: -51058.150 / Time: 0h:19m:35s (0h:19m:35s left)
Iteration 190 / LogL: -51056.706 / Time: 0h:20m:45s (0h:18m:33s left)
Iteration 200 / LogL: -51056.468 / Time: 0h:21m:39s (0h:17m:18s left)
Log-likelihood cutoff on original alignment: -51134.328
NOTE: Bootstrap correlation coefficient of split occurrence frequencies: 0.995
Iteration 210 / LogL: -51058.879 / Time: 0h:22m:30s (0h:16m:2s left)
Iteration 220 / LogL: -51063.358 / Time: 0h:23m:29s (0h:14m:54s left)
Iteration 230 / LogL: -51061.667 / Time: 0h:24m:30s (0h:13m:48s left)
Iteration 240 / LogL: -51056.861 / Time: 0h:25m:23s (0h:12m:38s left)
Iteration 250 / LogL: -51061.392 / Time: 0h:26m:13s (0h:11m:28s left)
Log-likelihood cutoff on original alignment: -51134.328
Iteration 260 / LogL: -51065.147 / Time: 0h:27m:9s (0h:10m:22s left)
Iteration 270 / LogL: -51058.603 / Time: 0h:28m:6s (0h:9m:18s left)
Iteration 280 / LogL: -51056.300 / Time: 0h:28m:59s (0h:8m:12s left)
Iteration 290 / LogL: -51057.538 / Time: 0h:29m:54s (0h:7m:8s left)
Iteration 300 / LogL: -51057.798 / Time: 0h:30m:48s (0h:6m:4s left)
Log-likelihood cutoff on original alignment: -51134.328
NOTE: Bootstrap correlation coefficient of split occurrence frequencies: 0.997
Iteration 310 / LogL: -51059.559 / Time: 0h:31m:45s (0h:9m:15s left)
Iteration 320 / LogL: -51059.861 / Time: 0h:32m:37s (0h:8m:10s left)
Iteration 330 / LogL: -51056.986 / Time: 0h:33m:27s (0h:7m:7s left)
Iteration 340 / LogL: -51058.250 / Time: 0h:34m:30s (0h:6m:6s left)
Estimate model parameters (epsilon = 0.100)
BETTER TREE FOUND at iteration 343: -51056.125
Iteration 350 / LogL: -51057.026 / Time: 0h:35m:25s (0h:19m:35s left)
Log-likelihood cutoff on original alignment: -51134.328
Iteration 360 / LogL: -51056.851 / Time: 0h:36m:25s (0h:18m:34s left)
Iteration 370 / LogL: -51056.584 / Time: 0h:37m:16s (0h:17m:28s left)
Estimate model parameters (epsilon = 0.100)
BETTER TREE FOUND at iteration 374: -51055.769
Iteration 380 / LogL: -51060.538 / Time: 0h:38m:6s (0h:19m:30s left)
Estimate model parameters (epsilon = 0.100)
BETTER TREE FOUND at iteration 382: -51049.337
Iteration 390 / LogL: -51057.302 / Time: 0h:39m:1s (0h:19m:15s left)
Iteration 400 / LogL: -51050.492 / Time: 0h:39m:57s (0h:18m:13s left)
Log-likelihood cutoff on original alignment: -51134.328
NOTE: Bootstrap correlation coefficient of split occurrence frequencies: 0.983
NOTE: UFBoot does not converge, continue at least 100 more iterations
Iteration 410 / LogL: -51051.978 / Time: 0h:41m:4s (0h:17m:16s left)
Iteration 420 / LogL: -51050.540 / Time: 0h:41m:54s (0h:16m:12s left)
Iteration 430 / LogL: -51052.963 / Time: 0h:42m:50s (0h:15m:10s left)
Estimate model parameters (epsilon = 0.100)
BETTER TREE FOUND at iteration 432: -51049.307
Iteration 440 / LogL: -51049.403 / Time: 0h:43m:54s (0h:19m:12s left)
Iteration 450 / LogL: -51051.255 / Time: 0h:44m:51s (0h:18m:10s left)
Log-likelihood cutoff on original alignment: -51134.328
Iteration 460 / LogL: -51049.357 / Time: 0h:45m:54s (0h:17m:12s left)
Iteration 470 / LogL: -51057.690 / Time: 0h:46m:55s (0h:16m:12s left)
Iteration 480 / LogL: -51053.620 / Time: 0h:47m:56s (0h:15m:12s left)
Iteration 490 / LogL: -51063.775 / Time: 0h:48m:55s (0h:14m:12s left)
Iteration 500 / LogL: -51055.181 / Time: 0h:49m:49s (0h:13m:10s left)
Log-likelihood cutoff on original alignment: -51134.328
NOTE: Bootstrap correlation coefficient of split occurrence frequencies: 0.964
NOTE: UFBoot does not converge, continue at least 100 more iterations
Iteration 510 / LogL: -51059.156 / Time: 0h:50m:40s (0h:12m:8s left)
Iteration 520 / LogL: -51069.333 / Time: 0h:51m:35s (0h:11m:8s left)
UPDATE BEST LOG-LIKELIHOOD: -51049.302
Iteration 530 / LogL: -51052.569 / Time: 0h:52m:26s (0h:10m:6s left)
Iteration 540 / LogL: -51050.301 / Time: 0h:53m:22s (0h:9m:6s left)
Iteration 550 / LogL: -51050.273 / Time: 0h:54m:13s (0h:8m:5s left)
Log-likelihood cutoff on original alignment: -51134.328
Iteration 560 / LogL: -51053.224 / Time: 0h:55m:12s (0h:7m:6s left)
Iteration 570 / LogL: -51055.301 / Time: 0h:56m:2s (0h:6m:6s left)
Iteration 580 / LogL: -51054.619 / Time: 0h:57m:0s (0h:5m:7s left)
Iteration 590 / LogL: -51049.941 / Time: 0h:57m:51s (0h:4m:7s left)
Iteration 600 / LogL: -51050.445 / Time: 0h:58m:49s (0h:3m:8s left)
Log-likelihood cutoff on original alignment: -51134.328
NOTE: Bootstrap correlation coefficient of split occurrence frequencies: 0.957
NOTE: UFBoot does not converge, continue at least 100 more iterations
Iteration 610 / LogL: -51055.618 / Time: 0h:59m:42s (0h:8m:49s left)
Iteration 620 / LogL: -51062.998 / Time: 1h:0m:31s (0h:7m:49s left)
Iteration 630 / LogL: -51050.288 / Time: 1h:1m:21s (0h:6m:49s left)
Iteration 640 / LogL: -51052.943 / Time: 1h:2m:20s (0h:5m:51s left)
Estimate model parameters (epsilon = 0.100)
UPDATE BEST LOG-LIKELIHOOD: -51048.994
Iteration 650 / LogL: -51051.360 / Time: 1h:3m:12s (0h:4m:52s left)
Log-likelihood cutoff on original alignment: -51134.328
Iteration 660 / LogL: -51050.083 / Time: 1h:4m:1s (0h:3m:53s left)
Iteration 670 / LogL: -51049.862 / Time: 1h:4m:56s (0h:2m:54s left)
Iteration 680 / LogL: -51055.256 / Time: 1h:5m:50s (0h:1m:56s left)
Iteration 690 / LogL: -51065.598 / Time: 1h:6m:41s (0h:0m:58s left)
Iteration 700 / LogL: -51051.242 / Time: 1h:7m:35s (0h:0m:0s left)
Log-likelihood cutoff on original alignment: -51134.328
NOTE: Bootstrap correlation coefficient of split occurrence frequencies: 0.960
NOTE: UFBoot does not converge, continue at least 100 more iterations
Iteration 710 / LogL: -51050.370 / Time: 1h:8m:35s (0h:8m:42s left)
Iteration 720 / LogL: -51051.929 / Time: 1h:9m:29s (0h:7m:43s left)
Iteration 730 / LogL: -51064.558 / Time: 1h:10m:19s (0h:6m:45s left)
Iteration 740 / LogL: -51051.897 / Time: 1h:11m:15s (0h:5m:47s left)
Iteration 750 / LogL: -51050.485 / Time: 1h:12m:9s (0h:4m:49s left)
Log-likelihood cutoff on original alignment: -51134.328
Iteration 760 / LogL: -51055.084 / Time: 1h:12m:59s (0h:3m:50s left)
Iteration 770 / LogL: -51081.138 / Time: 1h:13m:51s (0h:2m:52s left)
Iteration 780 / LogL: -51049.667 / Time: 1h:14m:53s (0h:1m:55s left)
Iteration 790 / LogL: -51051.856 / Time: 1h:15m:40s (0h:0m:57s left)
Iteration 800 / LogL: -51052.435 / Time: 1h:16m:29s (0h:0m:0s left)
Log-likelihood cutoff on original alignment: -51134.328
NOTE: Bootstrap correlation coefficient of split occurrence frequencies: 0.982
NOTE: UFBoot does not converge, continue at least 100 more iterations
Iteration 810 / LogL: -51049.334 / Time: 1h:17m:25s (0h:8m:36s left)
Iteration 820 / LogL: -51056.768 / Time: 1h:18m:15s (0h:7m:38s left)
Iteration 830 / LogL: -51056.615 / Time: 1h:19m:11s (0h:6m:41s left)
Iteration 840 / LogL: -51049.853 / Time: 1h:20m:5s (0h:5m:43s left)
Iteration 850 / LogL: -51050.207 / Time: 1h:21m:3s (0h:4m:46s left)
Log-likelihood cutoff on original alignment: -51134.328
Iteration 860 / LogL: -51049.349 / Time: 1h:22m:0s (0h:3m:49s left)
Iteration 870 / LogL: -51049.958 / Time: 1h:22m:49s (0h:2m:51s left)
Iteration 880 / LogL: -51050.212 / Time: 1h:23m:44s (0h:1m:54s left)
Iteration 890 / LogL: -51050.093 / Time: 1h:24m:34s (0h:0m:57s left)
Iteration 900 / LogL: -51049.374 / Time: 1h:25m:28s (0h:0m:0s left)
Log-likelihood cutoff on original alignment: -51134.328
NOTE: Bootstrap correlation coefficient of split occurrence frequencies: 0.994
TREE SEARCH COMPLETED AFTER 900 ITERATIONS / Time: 1h:25m:28s

--------------------------------------------------------------------
|                    FINALIZING TREE SEARCH                        |
--------------------------------------------------------------------
Performs final model parameters optimization
Estimate model parameters (epsilon = 0.010)
1. Initial log-likelihood: -51048.994
2. Current log-likelihood: -51048.975
Optimal log-likelihood: -51048.963
Proportion of invariable sites: 0.009
Gamma shape alpha: 1.548
Parameters optimization took 2 rounds (1.211 sec)
BEST SCORE FOUND : -51048.963
Creating bootstrap support values...
Split supports printed to NEXUS file results_broccoli_meto/alignments_prefiltering/OG_12715.iqtree.splits.nex
Total tree length: 57.521

Total number of iterations: 900
CPU time used for tree search: 5095.758 sec (1h:24m:55s)
Wall-clock time used for tree search: 5119.454 sec (1h:25m:19s)
Total CPU time used: 5106.040 sec (1h:25m:6s)
Total wall-clock time used: 5129.816 sec (1h:25m:29s)

Computing bootstrap consensus tree...
Reading input file results_broccoli_meto/alignments_prefiltering/OG_12715.iqtree.splits.nex...
81 taxa and 792 splits.
Consensus tree written to results_broccoli_meto/alignments_prefiltering/OG_12715.iqtree.contree
Reading input trees file results_broccoli_meto/alignments_prefiltering/OG_12715.iqtree.contree
Log-likelihood of consensus tree: -51051.595

Analysis results written to: 
  IQ-TREE report:                results_broccoli_meto/alignments_prefiltering/OG_12715.iqtree.iqtree
  Maximum-likelihood tree:       results_broccoli_meto/alignments_prefiltering/OG_12715.iqtree.treefile
  Likelihood distances:          results_broccoli_meto/alignments_prefiltering/OG_12715.iqtree.mldist

Ultrafast bootstrap approximation results written to:
  Split support values:          results_broccoli_meto/alignments_prefiltering/OG_12715.iqtree.splits.nex
  Consensus tree:                results_broccoli_meto/alignments_prefiltering/OG_12715.iqtree.contree
  Screen log file:               results_broccoli_meto/alignments_prefiltering/OG_12715.iqtree.log

Date and Time: Mon Dec 12 20:54:24 2022
