IQ-TREE multicore version 2.1.0 for Linux 64-bit built Jul 18 2020
Developed by Bui Quang Minh, James Barbetti, Nguyen Lam Tung,
Olga Chernomor, Heiko Schmidt, Dominik Schrempf, Michael Woodhams.

Host:    node-hp0209.linux.crg.es (AVX, 125 GB RAM)
Command: /users/asebe/xgraubove/Programes/iqtree-2.1.0-Linux/bin/iqtree2 -s results_broccoli_meto/alignments_prefiltering/OG_1857.lt.fasta -m TEST -mset LG,WAG,JTT -nt AUTO -ntmax 2 -bb 1000 -pre results_broccoli_meto/alignments_prefiltering/OG_1857.iqtree -nm 10000 -nstop 200 -cptime 1800
Seed:    231057 (Using SPRNG - Scalable Parallel Random Number Generator)
Time:    Tue Dec 13 00:19:08 2022
Kernel:  AVX - auto-detect threads (2 CPU cores detected)

Reading alignment file results_broccoli_meto/alignments_prefiltering/OG_1857.lt.fasta ... Fasta format detected
Alignment most likely contains protein sequences
Alignment has 87 sequences with 389 columns, 389 distinct patterns
381 parsimony-informative, 0 singleton sites, 7 constant sites
                                                       Gap/Ambiguity  Composition  p-value
   1  Lcom_lcpid222101                                        74.04%    passed     73.27%
   2  Stycar_maker-SC_scaffold2190-snap-gene-0.5-mRNA-1       78.15%    passed     53.56%
   3  Tetwil_g26996.t1                                         4.88%    passed     92.42%
   4  Plespi_Pspi_scaffold8810_01                             46.02%    passed     13.52%
   5  Ctel_gnl_WGS_AMQN_CAPTEDRAFT_mRNA2168                    3.34%    passed     50.70%
   6  Bralan_BLAG19000149_1                                    2.83%    passed     73.72%
   7  Hvul_g13097_1                                           65.81%    passed     40.03%
   8  Sanmal_Sma_022919-T1                                     5.14%    passed     98.45%
   9  Aaur_scaffold124.g16.t1                                 67.10%    failed      4.22%
  10  Nemnom_g2777.t1                                         15.42%    passed     51.29%
  11  Rhoesc_Res_003882-T1                                     7.20%    passed     57.93%
  12  Chem_TCONS_00025665                                     70.44%    passed     13.99%
  13  Tcas_TC000456_001                                        3.60%    passed     47.02%
  14  Acagra_model.g1968.t1                                    2.31%    passed     82.32%
  15  Cscu_XM_023357822.1                                     58.87%    passed     35.70%
  16  Hsap_ENST00000267812                                     3.86%    passed     63.34%
  17  Spolac_c103178_g1_i2_m.32856c103178-g1                  75.06%    passed      7.41%
  18  Spolac_c103178_g1_i1_m.32851c103178-g1                   4.37%    passed     45.01%
  19  Emue_Em0017g31a.t1                                       5.40%    passed     69.31%
  20  Morvir_scaffold58.g7.t1                                 13.88%    passed     94.03%
  21  Fspp_ffun1.m4.1948.m1                                    1.29%    passed     89.93%
  22  Gasp_gasp1.m3.4367.m1                                    1.54%    passed     82.69%
  23  Spis_XP_022790174_1                                      1.54%    passed     91.17%
  24  Pocdam_XM_027180629.1                                    1.80%    passed     87.72%
  25  Gfas_gfas1.m1.110.m1                                    11.31%    passed     91.14%
  26  Amil_Amillepora09499-RA                                  5.91%    passed     89.60%
  27  Adig_XM_015898572.1                                     23.14%    failed      0.08%
  28  Nvec_v1g105818                                           1.03%    passed     67.20%
  29  Exapal_XM_028657444.1                                    1.29%    passed     91.19%
  30  HoiH23_PlH23_001208-RA                                   3.86%    passed     99.18%
  31  HoiH06_mRNA796                                           3.86%    passed     99.27%
  32  Hhon_g06204.t1                                           4.11%    passed     90.33%
  33  HoiH04_mRNA9504                                          4.11%    passed     90.33%
  34  HoiH11_mRNA7558                                          3.60%    passed     94.32%
  35  TrH2_TrispH2_005170-RA                                   3.60%    passed     99.37%
  36  Tadh_TriadT7634                                         70.69%    passed     49.64%
  37  Skow_XM_002739018.2                                      5.66%    passed     96.09%
  38  Dpul_mRNA30582                                           3.86%    passed     99.32%
  39  Lcom_lcpid75302                                          4.63%    passed     95.38%
  40  Leuniv_Lniv_scaffold24924_01                            45.50%    passed     47.25%
  41  Scil_scict007821.1                                       4.11%    passed     65.19%
  42  Gracom_Gcom_C544798_01                                   5.40%    passed     90.13%
  43  Spur_XM_030993069.1                                      2.06%    passed     99.77%
  44  Pbac_sb2660632                                           5.91%    passed     99.45%
  45  Horcal_Hcv1.av93.c7.g203.i1                              3.60%    passed     99.76%
  46  Bolinf_Binf_sb1234207                                   17.22%    passed     92.08%
  47  Mlei_ML0007.g12.i1                                       4.88%    passed     98.67%
  48  Vmul_sbMO424172                                         13.88%    passed     99.67%
  49  Bolinf_Binf_sb1242508                                   28.28%    passed     96.62%
  50  Mertsp_Mesp_sb584289                                     7.46%    passed     99.85%
  51  Mertsp_Mesp_sb584291                                    62.47%    passed     54.37%
  52  Beraby_Baby_sb344852                                     5.91%    passed     99.24%
  53  Drygla_Dgla_sb294601                                    20.82%    passed     89.17%
  54  Drygla_Dgla_sb294602                                    41.13%    passed     79.24%
  55  Drygla_Dgla_sb294603                                    52.96%    passed     33.12%
  56  Vmul_SimC405068                                          3.34%    passed     78.54%
  57  Coemet_Cmet_C601819_01                                   4.37%    passed     88.08%
  58  Coeast_Cast_sb819108                                     4.63%    passed     89.08%
  59  Coeast_Cast_sb819111                                    24.68%    passed     44.74%
  60  Coeast_Cast_sb819113                                    62.72%    failed      4.35%
  61  Lampan_Lpan_C416081_01                                   9.25%    passed     99.52%
  62  Vmul_sbMO424171                                         35.48%    passed     47.29%
  63  Eupdun_Edun_sb10647622                                   9.51%    passed     97.67%
  64  Eupdun_Edun_sb10647623                                  27.76%    passed     99.24%
  65  Dgig_XM_028544053.1                                      3.08%    passed     99.88%
  66  Xesp_022266-T1                                          43.44%    passed     82.33%
  67  Plajan_Pjan_C559467_01                                   6.43%    passed     82.09%
  68  Hvul_g13106_1                                           74.55%    failed      2.03%
  69  Xestes_maker-XT_scaffold1456-snap-gene-0.5-mRNA-1       60.41%    passed     27.63%
  70  Aque_Aqu2.1.33468_001                                    8.23%    passed     44.35%
  71  Halamb_c37880_g1_i2mm.561                               30.59%    passed     31.76%
  72  Halamb_c26711_g1_i1m.5210                               78.92%    failed      3.46%
  73  Opea_EP00118_Oscarella_pearsei_P005371                  54.50%    failed      0.00%
  74  Opea_EP00118_Oscarella_pearsei_P005370                   3.34%    passed     92.59%
  75  Ocar_g620                                               29.56%    passed     19.31%
  76  Xestes_maker-XT_scaffold3593-augustus-gene-0.2-mRNA-1   80.21%    failed      3.58%
  77  Cscu_XM_023379782.1                                     41.65%    failed      1.00%
  78  Stycar_maker-SC_scaffold3721-snap-gene-0.39-mRNA-1      64.27%    failed      3.36%
  79  Stycar_maker-SC_scaffold384-snap-gene-0.4-mRNA-1        84.06%    failed      0.04%
  80  Tetwil_g26997.t1                                        18.77%    passed     73.21%
  81  Hvul_g13098_1                                           63.75%    passed     16.82%
  82  Chem_TCONS_00025662                                     43.70%    passed     41.81%
  83  Aaur_scaffold124.g18.t1                                 75.58%    passed     33.01%
  84  Pbac_sb2660631                                          64.27%    passed     20.34%
  85  Clacor_Ccor_scaffold15329_01                            40.36%    failed      1.06%
  86  Lcom_lcpid213447                                        72.24%    failed      1.67%
  87  Emue_Em0017g43a.t1                                      46.02%    passed     10.76%
WARNING: 22 sequences contain more than 50% gaps/ambiguity
****  TOTAL                                                   27.08%  12 sequences failed composition chi2 test (p-value<5%; df=19)
NOTE: HoiH04_mRNA9504 is identical to Hhon_g06204.t1 but kept for subsequent analysis


Create initial parsimony tree by phylogenetic likelihood library (PLL)... 0.044 seconds
Measuring multi-threading efficiency up to 2 CPU cores
Increase to 10 rounds for branch lengths
3 trees examined
Threads: 1 / Time: 2.787 sec / Speedup: 1.000 / Efficiency: 100% / LogL: -37421
Threads: 2 / Time: 2.885 sec / Speedup: 0.966 / Efficiency: 48% / LogL: -37421
BEST NUMBER OF THREADS: 1

Perform fast likelihood tree search using LG+I+G model...
Estimate model parameters (epsilon = 5.000)
Perform nearest neighbor interchange...
Estimate model parameters (epsilon = 1.000)
1. Initial log-likelihood: -24672.600
Optimal log-likelihood: -24672.560
Proportion of invariable sites: 0.015
Gamma shape alpha: 1.667
Parameters optimization took 1 rounds (0.347 sec)
Time for fast ML tree search: 3.968 seconds

NOTE: ModelFinder requires 23 MB RAM!
ModelFinder will test up to 24 protein models (sample size: 389) ...
 No. Model         -LnL         df  AIC          AICc         BIC
  1  LG            25481.065    171 51304.130    51575.208    51981.902
  2  LG+I          25410.416    172 51164.832    51440.350    51846.567
  3  LG+G4         24680.890    172 49705.779    49981.298    50387.515
  4  LG+I+G4       24672.562    173 49691.124    49971.143    50376.824
  8  LG+F+I+G4     24778.258    192 49940.517    50318.639    50701.524
 12  WAG+I+G4      24819.348    173 49984.696    50264.714    50670.395
 16  WAG+F+I+G4    24950.863    192 50285.725    50663.848    51046.732
 20  JTT+I+G4      24815.466    173 49976.933    50256.951    50662.632
 24  JTT+F+I+G4    24862.371    192 50108.741    50486.864    50869.749
Akaike Information Criterion:           LG+I+G4
Corrected Akaike Information Criterion: LG+I+G4
Bayesian Information Criterion:         LG+I+G4
Best-fit model: LG+I+G4 chosen according to BIC

All model information printed to results_broccoli_meto/alignments_prefiltering/OG_1857.iqtree.model.gz
CPU time for ModelFinder: 23.030 seconds (0h:0m:23s)
Wall-clock time for ModelFinder: 19.905 seconds (0h:0m:19s)
Generating 1000 samples for ultrafast bootstrap (seed: 231057)...

NOTE: 23 MB RAM (0 GB) is required!
Estimate model parameters (epsilon = 0.100)
Thoroughly optimizing +I+G parameters from 10 start values...
Init pinv, alpha: 0.000, 1.669 / Estimate: 0.015, 1.667 / LogL: -24672.555
Init pinv, alpha: 0.002, 1.669 / Estimate: 0.015, 1.665 / LogL: -24672.559
Init pinv, alpha: 0.005, 1.669 / Estimate: 0.015, 1.666 / LogL: -24672.555
Init pinv, alpha: 0.007, 1.669 / Estimate: 0.015, 1.666 / LogL: -24672.553
Init pinv, alpha: 0.009, 1.669 / Estimate: 0.015, 1.665 / LogL: -24672.556
Init pinv, alpha: 0.011, 1.669 / Estimate: 0.015, 1.666 / LogL: -24672.554
Init pinv, alpha: 0.014, 1.669 / Estimate: 0.015, 1.666 / LogL: -24672.555
Init pinv, alpha: 0.016, 1.669 / Estimate: 0.015, 1.669 / LogL: -24672.552
Init pinv, alpha: 0.018, 1.669 / Estimate: 0.016, 1.671 / LogL: -24672.555
Init pinv, alpha: 0.021, 1.669 / Estimate: 0.015, 1.667 / LogL: -24672.551
Optimal pinv,alpha: 0.015, 1.667 / LogL: -24672.551

Parameters optimization took 8.879 sec
Computing ML distances based on estimated model parameters...
Computing ML distances took 0.918137 sec (of wall-clock time) 0.917383 sec(of CPU time)
WARNING: Some pairwise ML distances are too long (saturated)
Computing RapidNJ tree took 0.001038 sec (of wall-clock time) 0.000814 sec (of CPU time)
Log-likelihood of RapidNJ tree: -25356.517
--------------------------------------------------------------------
|             INITIALIZING CANDIDATE TREE SET                      |
--------------------------------------------------------------------
Generating 98 parsimony trees... 3.111 second
Computing log-likelihood of 98 initial trees ... 10.999 seconds
Current best score: -24672.551

Do NNI search on 20 best initial trees
Estimate model parameters (epsilon = 0.100)
BETTER TREE FOUND at iteration 1: -24672.551
Estimate model parameters (epsilon = 0.100)
BETTER TREE FOUND at iteration 2: -24668.666
Estimate model parameters (epsilon = 0.100)
BETTER TREE FOUND at iteration 3: -24649.439
Estimate model parameters (epsilon = 0.100)
BETTER TREE FOUND at iteration 4: -24646.741
Iteration 10 / LogL: -24672.377 / Time: 0h:0m:52s
Iteration 20 / LogL: -24652.251 / Time: 0h:1m:19s
Finish initializing candidate tree set (20)
Current best tree score: -24646.741 / CPU time: 68.700
Number of iterations: 20
--------------------------------------------------------------------
|               OPTIMIZING CANDIDATE TREE SET                      |
--------------------------------------------------------------------
Estimate model parameters (epsilon = 0.100)
BETTER TREE FOUND at iteration 30: -24645.567
Iteration 30 / LogL: -24645.567 / Time: 0h:1m:56s (0h:13m:20s left)
Iteration 40 / LogL: -24650.774 / Time: 0h:2m:30s (0h:12m:12s left)
Estimate model parameters (epsilon = 0.100)
BETTER TREE FOUND at iteration 46: -24644.763
UPDATE BEST LOG-LIKELIHOOD: -24644.762
Iteration 50 / LogL: -24644.762 / Time: 0h:3m:3s (0h:12m:13s left)
Log-likelihood cutoff on original alignment: -24707.507
Estimate model parameters (epsilon = 0.100)
BETTER TREE FOUND at iteration 52: -24644.131
Iteration 60 / LogL: -24645.759 / Time: 0h:3m:37s (0h:11m:46s left)
Estimate model parameters (epsilon = 0.100)
BETTER TREE FOUND at iteration 69: -24643.212
Iteration 70 / LogL: -24651.763 / Time: 0h:4m:10s (0h:12m:2s left)
UPDATE BEST LOG-LIKELIHOOD: -24643.211
Iteration 80 / LogL: -24643.245 / Time: 0h:4m:43s (0h:11m:17s left)
Iteration 90 / LogL: -24664.268 / Time: 0h:5m:17s (0h:10m:39s left)
UPDATE BEST LOG-LIKELIHOOD: -24643.209
Iteration 100 / LogL: -24649.788 / Time: 0h:5m:50s (0h:9m:58s left)
Log-likelihood cutoff on original alignment: -24707.507
NOTE: Bootstrap correlation coefficient of split occurrence frequencies: 0.995
Iteration 110 / LogL: -24644.145 / Time: 0h:6m:23s (0h:9m:19s left)
Iteration 120 / LogL: -24644.170 / Time: 0h:6m:57s (0h:8m:42s left)
Iteration 130 / LogL: -24651.062 / Time: 0h:7m:32s (0h:8m:8s left)
Estimate model parameters (epsilon = 0.100)
BETTER TREE FOUND at iteration 140: -24642.007
Iteration 140 / LogL: -24642.007 / Time: 0h:8m:8s (0h:11m:42s left)
Estimate model parameters (epsilon = 0.100)
BETTER TREE FOUND at iteration 144: -24641.268
Estimate model parameters (epsilon = 0.100)
BETTER TREE FOUND at iteration 149: -24640.763
Estimate model parameters (epsilon = 0.100)
BETTER TREE FOUND at iteration 150: -24640.361
Iteration 150 / LogL: -24640.361 / Time: 0h:8m:42s (0h:11m:41s left)
Log-likelihood cutoff on original alignment: -24707.507
BETTER TREE FOUND at iteration 153: -24640.353
Iteration 160 / LogL: -24644.404 / Time: 0h:9m:15s (0h:11m:14s left)
Estimate model parameters (epsilon = 0.100)
BETTER TREE FOUND at iteration 164: -24640.277
Iteration 170 / LogL: -24640.382 / Time: 0h:9m:51s (0h:11m:18s left)
Iteration 180 / LogL: -24643.769 / Time: 0h:10m:24s (0h:10m:42s left)
UPDATE BEST LOG-LIKELIHOOD: -24640.274
Iteration 190 / LogL: -24645.564 / Time: 0h:10m:56s (0h:10m:4s left)
Iteration 200 / LogL: -24668.932 / Time: 0h:11m:27s (0h:9m:26s left)
Log-likelihood cutoff on original alignment: -24707.507
NOTE: Bootstrap correlation coefficient of split occurrence frequencies: 0.977
NOTE: UFBoot does not converge, continue at least 100 more iterations
Iteration 210 / LogL: -24649.150 / Time: 0h:12m:1s (0h:8m:51s left)
BETTER TREE FOUND at iteration 214: -24640.272
UPDATE BEST LOG-LIKELIHOOD: -24640.269
Iteration 220 / LogL: -24640.828 / Time: 0h:12m:35s (0h:11m:9s left)
Iteration 230 / LogL: -24640.677 / Time: 0h:13m:10s (0h:10m:35s left)
Iteration 240 / LogL: -24642.742 / Time: 0h:13m:41s (0h:9m:58s left)
Iteration 250 / LogL: -24646.656 / Time: 0h:14m:14s (0h:9m:22s left)
Log-likelihood cutoff on original alignment: -24707.507
Iteration 260 / LogL: -24643.091 / Time: 0h:14m:46s (0h:8m:46s left)
Iteration 270 / LogL: -24642.335 / Time: 0h:15m:19s (0h:8m:12s left)
Iteration 280 / LogL: -24666.907 / Time: 0h:15m:48s (0h:7m:35s left)
Iteration 290 / LogL: -24640.280 / Time: 0h:16m:23s (0h:7m:2s left)
Iteration 300 / LogL: -24640.307 / Time: 0h:16m:57s (0h:6m:27s left)
Log-likelihood cutoff on original alignment: -24707.507
NOTE: Bootstrap correlation coefficient of split occurrence frequencies: 0.984
NOTE: UFBoot does not converge, continue at least 100 more iterations
Iteration 310 / LogL: -24642.053 / Time: 0h:17m:28s (0h:5m:52s left)
Iteration 320 / LogL: -24672.986 / Time: 0h:18m:0s (0h:5m:18s left)
Iteration 330 / LogL: -24642.720 / Time: 0h:18m:34s (0h:4m:44s left)
Iteration 340 / LogL: -24783.008 / Time: 0h:19m:6s (0h:4m:10s left)
Iteration 350 / LogL: -24643.631 / Time: 0h:19m:42s (0h:3m:36s left)
Log-likelihood cutoff on original alignment: -24707.507
Iteration 360 / LogL: -24649.480 / Time: 0h:20m:16s (0h:3m:3s left)
Iteration 370 / LogL: -24640.273 / Time: 0h:20m:49s (0h:2m:29s left)
Iteration 380 / LogL: -24641.283 / Time: 0h:21m:23s (0h:1m:55s left)
Iteration 390 / LogL: -24646.626 / Time: 0h:21m:59s (0h:1m:21s left)
Iteration 400 / LogL: -24640.275 / Time: 0h:22m:34s (0h:0m:47s left)
Log-likelihood cutoff on original alignment: -24707.507
NOTE: Bootstrap correlation coefficient of split occurrence frequencies: 0.995
Iteration 410 / LogL: -24644.238 / Time: 0h:23m:9s (0h:5m:5s left)
TREE SEARCH COMPLETED AFTER 415 ITERATIONS / Time: 0h:23m:25s

--------------------------------------------------------------------
|                    FINALIZING TREE SEARCH                        |
--------------------------------------------------------------------
Performs final model parameters optimization
Estimate model parameters (epsilon = 0.010)
1. Initial log-likelihood: -24640.269
2. Current log-likelihood: -24640.257
Optimal log-likelihood: -24640.256
Proportion of invariable sites: 0.015
Gamma shape alpha: 1.677
Parameters optimization took 2 rounds (0.703 sec)
BEST SCORE FOUND : -24640.256
Creating bootstrap support values...
Split supports printed to NEXUS file results_broccoli_meto/alignments_prefiltering/OG_1857.iqtree.splits.nex
Total tree length: 29.115

Total number of iterations: 415
CPU time used for tree search: 1392.471 sec (0h:23m:12s)
Wall-clock time used for tree search: 1394.391 sec (0h:23m:14s)
Total CPU time used: 1404.506 sec (0h:23m:24s)
Total wall-clock time used: 1406.413 sec (0h:23m:26s)

Computing bootstrap consensus tree...
Reading input file results_broccoli_meto/alignments_prefiltering/OG_1857.iqtree.splits.nex...
87 taxa and 597 splits.
Consensus tree written to results_broccoli_meto/alignments_prefiltering/OG_1857.iqtree.contree
Reading input trees file results_broccoli_meto/alignments_prefiltering/OG_1857.iqtree.contree
Log-likelihood of consensus tree: -24641.307

Analysis results written to: 
  IQ-TREE report:                results_broccoli_meto/alignments_prefiltering/OG_1857.iqtree.iqtree
  Maximum-likelihood tree:       results_broccoli_meto/alignments_prefiltering/OG_1857.iqtree.treefile
  Likelihood distances:          results_broccoli_meto/alignments_prefiltering/OG_1857.iqtree.mldist

Ultrafast bootstrap approximation results written to:
  Split support values:          results_broccoli_meto/alignments_prefiltering/OG_1857.iqtree.splits.nex
  Consensus tree:                results_broccoli_meto/alignments_prefiltering/OG_1857.iqtree.contree
  Screen log file:               results_broccoli_meto/alignments_prefiltering/OG_1857.iqtree.log

Date and Time: Tue Dec 13 00:42:55 2022
