IQ-TREE multicore version 2.1.0 for Linux 64-bit built Jul 18 2020
Developed by Bui Quang Minh, James Barbetti, Nguyen Lam Tung,
Olga Chernomor, Heiko Schmidt, Dominik Schrempf, Michael Woodhams.

Host:    node-hp0507.linux.crg.es (AVX, 125 GB RAM)
Command: /users/asebe/xgraubove/Programes/iqtree-2.1.0-Linux/bin/iqtree2 -s results_broccoli_meto/alignments_prefiltering/OG_14152.lt.fasta -m TEST -mset LG,WAG,JTT -nt AUTO -ntmax 2 -bb 1000 -pre results_broccoli_meto/alignments_prefiltering/OG_14152.iqtree -nm 10000 -nstop 200 -cptime 1800
Seed:    861970 (Using SPRNG - Scalable Parallel Random Number Generator)
Time:    Mon Dec 12 22:39:34 2022
Kernel:  AVX - auto-detect threads (2 CPU cores detected)

Reading alignment file results_broccoli_meto/alignments_prefiltering/OG_14152.lt.fasta ... Fasta format detected
Alignment most likely contains protein sequences
Alignment has 77 sequences with 1500 columns, 1500 distinct patterns
1483 parsimony-informative, 0 singleton sites, 17 constant sites
                                                    Gap/Ambiguity  Composition  p-value
   1  Lcom_lcpid121265                                     80.53%    failed      0.00%
   2  Lcom_lcpid74107                                      75.87%    failed      0.00%
   3  Gracom_Gcom_C561304_01                               24.73%    failed      0.00%
   4  Scil_scict017668.1                                   22.73%    failed      0.00%
   5  Leuniv_Lniv_C798020_01                               76.67%    failed      0.00%
   6  Leuniv_Lniv_C814544_01                               53.20%    failed      0.00%
   7  Clacor_Ccor_scaffold5770_01                          65.13%    failed      0.00%
   8  Bralan_BLAG01000632_1                                21.13%    failed      3.94%
   9  Lcom_lcpid184700                                     89.93%    failed      0.84%
  10  Cgig_XM_011456832.3                                  15.13%    failed      0.00%
  11  Ctel_gnl_WGS_AMQN_CAPTEDRAFT_mRNA226262              11.40%    failed      0.00%
  12  Acagra_model.g24784.t1.1.5d3b8b54                    11.20%    failed      0.05%
  13  Hsap_ENST00000324856                                 12.47%    failed      0.10%
  14  Hsap_ENST00000636930                                 11.80%    failed      0.00%
  15  Skow_XM_006815052.1                                  13.27%    failed      0.07%
  16  Eupdun_Edun_sb10598461                               90.40%    failed      2.45%
  17  Emue_Em0023g660a.t1                                  88.47%    passed     20.82%
  18  Spolac_c102587_g1_i1_m.30081c100913-g1               58.13%    failed      0.00%
  19  Stycar_maker-SC_scaffold84201-snap-gene-0.4-mRNA-1   52.07%    failed      0.01%
  20  Tetwil_g19467.t1                                     16.27%    failed      0.48%
  21  Plespi_Pspi_C611178_01                               65.73%    failed      0.00%
  22  Halamb_c37054_g1_i1m.9715                            63.87%    failed      0.00%
  23  Halamb_c45990_g2_i1m.19856                           58.80%    failed      0.39%
  24  Aque_Aqu2.1.18282_001                                26.67%    failed      0.29%
  25  Halamb_c46776_g1_i1m.21188                           77.60%    failed      0.00%
  26  Halamb_c47779_g1_i1m.22957                           71.07%    failed      0.00%
  27  Coeast_Cast_sb796802                                 83.33%    failed      0.01%
  28  Coeast_Cast_sb796803                                 77.87%    failed      0.78%
  29  Coeast_Cast_sb796801                                 55.20%    failed      0.57%
  30  Coemet_Cmet_scaffold17036_01                         45.00%    failed      0.12%
  31  Vmul_Simscaffold13190_01                             33.47%    failed      1.04%
  32  Beraby_Baby_sb334275                                 64.87%    failed      0.03%
  33  Mertsp_Mesp_sb592808                                 85.53%    passed      5.70%
  34  Bolinf_Binf_sb1242235                                80.13%    failed      0.51%
  35  Drygla_Dgla_sb285805                                 85.67%    passed      9.46%
  36  Lampan_Lpan_C420653_01                               29.60%    passed      5.89%
  37  Pbac_sb2666591                                       26.07%    failed      1.60%
  38  Horcal_Hcv1.av93.c3.g800.i1                          33.20%    passed     10.20%
  39  Eupdun_Edun_sb10625904                               87.20%    failed      1.49%
  40  Vmul_sbMO408152                                      81.53%    failed      1.04%
  41  Eupdun_Edun_sb10608073                               86.13%    failed      0.02%
  42  Eupdun_Edun_sb10608074                               91.13%    failed      0.25%
  43  Eupdun_Edun_sb10689476                               89.80%    passed     16.02%
  44  Nvec_v1g139771                                       22.27%    passed     16.67%
  45  Gasp_gasp1.m3.10755.m1                               10.27%    passed     64.39%
  46  Fspp_ffun1.m4.22321.m1                               10.33%    passed     17.68%
  47  Pocdam_XM_027188039.1                                11.20%    passed     64.57%
  48  Spis_XP_022794916_1                                  11.27%    passed     59.30%
  49  Gfas_gfas1.m1.2467.m1                                20.27%    passed     12.67%
  50  Adig_XM_015903693.1                                  36.07%    passed      5.53%
  51  Amil_Amillepora19861-RA                              11.40%    passed     26.30%
  52  Exapal_XM_021058593.2                                19.27%    passed     13.86%
  53  Cscu_XM_023370136.1                                   8.67%    failed      3.08%
  54  Cscu_XM_023377120.1                                  16.00%    passed     90.25%
  55  Morvir_scaffold94.g37.t1                             15.27%    passed     92.69%
  56  Sanmal_Sma_001612-T1                                 13.33%    failed      1.58%
  57  Aaur_scaffold524.g3.t1                               14.87%    passed     11.10%
  58  Nemnom_g5975.t1                                      14.73%    passed     23.56%
  59  Rhoesc_Res_008299-T1                                 13.93%    failed      4.95%
  60  Spur_XM_011682100.2                                   8.00%    failed      0.01%
  61  Tcas_TC013586_001                                    12.40%    failed      0.00%
  62  Dpul_mRNA30184                                       15.73%    failed      0.00%
  63  Emue_Em0023g659a.t1                                  37.33%    failed      0.00%
  64  Spolac_c100913_g2_i1_m.23918c100913-g1               76.27%    passed     13.46%
  65  Emue_Em0023g646a.t1                                  35.47%    failed      0.10%
  66  Xesp_011517-T1                                       14.40%    failed      2.74%
  67  Dgig_XM_028555770.1                                  13.20%    passed     83.26%
  68  Tadh_TriadT25896                                     79.80%    failed      0.00%
  69  TrH2_TrispH2_008989-RA                               25.33%    failed      0.00%
  70  Hhon_g05390.t1                                       26.53%    failed      0.00%
  71  HoiH04_mRNA12768                                     26.53%    failed      0.00%
  72  HoiH23_PlH23_000296-RA                               24.87%    failed      0.00%
  73  Hvul_g1518_1                                         21.47%    failed      0.00%
  74  Opea_EP00118_Oscarella_pearsei_P000773               57.73%    failed      0.00%
  75  Ocar_g2013                                           39.20%    failed      0.00%
  76  Opea_EP00118_Oscarella_pearsei_P027196               70.20%    failed      0.12%
  77  Plajan_Pjan_C572806_01                               29.47%    failed      0.01%
WARNING: 31 sequences contain more than 50% gaps/ambiguity
****  TOTAL                                                42.25%  56 sequences failed composition chi2 test (p-value<5%; df=19)


Create initial parsimony tree by phylogenetic likelihood library (PLL)... 0.083 seconds
Measuring multi-threading efficiency up to 2 CPU cores
6 trees examined
Threads: 1 / Time: 2.335 sec / Speedup: 1.000 / Efficiency: 100% / LogL: -141087
Threads: 2 / Time: 1.182 sec / Speedup: 1.975 / Efficiency: 99% / LogL: -141087
BEST NUMBER OF THREADS: 2

Perform fast likelihood tree search using LG+I+G model...
Estimate model parameters (epsilon = 5.000)
Perform nearest neighbor interchange...
Estimate model parameters (epsilon = 1.000)
1. Initial log-likelihood: -101558.979
Optimal log-likelihood: -101558.032
Proportion of invariable sites: 0.007
Gamma shape alpha: 1.611
Parameters optimization took 1 rounds (0.567 sec)
Time for fast ML tree search: 5.585 seconds

NOTE: ModelFinder requires 78 MB RAM!
ModelFinder will test up to 24 protein models (sample size: 1500) ...
 No. Model         -LnL         df  AIC          AICc         BIC
  1  LG            104133.332   151 208568.665   208602.718   209370.961
  2  LG+I          103955.781   152 208215.562   208250.092   209023.172
  3  LG+G4         101578.943   152 203461.885   203496.415   204269.495
  4  LG+I+G4       101557.724   153 203421.449   203456.459   204234.371
  8  LG+F+I+G4     99984.585    172 200313.171   200358.018   201227.045
 12  WAG+I+G4      101413.929   153 203133.858   203168.868   203946.780
 16  WAG+F+I+G4    100302.057   172 200948.115   200992.962   201861.989
 20  JTT+I+G4      100965.244   153 202236.489   202271.499   203049.411
 24  JTT+F+I+G4    100135.702   172 200615.404   200660.251   201529.278
Akaike Information Criterion:           LG+F+I+G4
Corrected Akaike Information Criterion: LG+F+I+G4
Bayesian Information Criterion:         LG+F+I+G4
Best-fit model: LG+F+I+G4 chosen according to BIC

All model information printed to results_broccoli_meto/alignments_prefiltering/OG_14152.iqtree.model.gz
CPU time for ModelFinder: 48.821 seconds (0h:0m:48s)
Wall-clock time for ModelFinder: 25.686 seconds (0h:0m:25s)
Generating 1000 samples for ultrafast bootstrap (seed: 861970)...

NOTE: 78 MB RAM (0 GB) is required!
Estimate model parameters (epsilon = 0.100)
Thoroughly optimizing +I+G parameters from 10 start values...
Init pinv, alpha: 0.000, 1.623 / Estimate: 0.008, 1.622 / LogL: -99984.579
Init pinv, alpha: 0.001, 1.623 / Estimate: 0.008, 1.622 / LogL: -99984.583
Init pinv, alpha: 0.003, 1.623 / Estimate: 0.008, 1.622 / LogL: -99984.580
Init pinv, alpha: 0.004, 1.623 / Estimate: 0.008, 1.624 / LogL: -99984.579
Init pinv, alpha: 0.005, 1.623 / Estimate: 0.008, 1.622 / LogL: -99984.583
Init pinv, alpha: 0.006, 1.623 / Estimate: 0.008, 1.624 / LogL: -99984.580
Init pinv, alpha: 0.008, 1.623 / Estimate: 0.008, 1.623 / LogL: -99984.581
Init pinv, alpha: 0.009, 1.623 / Estimate: 0.008, 1.625 / LogL: -99984.581
Init pinv, alpha: 0.010, 1.623 / Estimate: 0.008, 1.623 / LogL: -99984.579
Init pinv, alpha: 0.011, 1.623 / Estimate: 0.008, 1.623 / LogL: -99984.579
Optimal pinv,alpha: 0.008, 1.622 / LogL: -99984.579

Parameters optimization took 13.534 sec
Computing ML distances based on estimated model parameters...
Computing ML distances took 0.442732 sec (of wall-clock time) 0.884434 sec(of CPU time)
WARNING: Some pairwise ML distances are too long (saturated)
Computing RapidNJ tree took 0.000952 sec (of wall-clock time) 0.001893 sec (of CPU time)
Log-likelihood of RapidNJ tree: -101669.002
--------------------------------------------------------------------
|             INITIALIZING CANDIDATE TREE SET                      |
--------------------------------------------------------------------
Generating 98 parsimony trees... 7.621 second
Computing log-likelihood of 98 initial trees ... 17.720 seconds
Current best score: -99984.579

Do NNI search on 20 best initial trees
Estimate model parameters (epsilon = 0.100)
BETTER TREE FOUND at iteration 1: -99983.745
Iteration 10 / LogL: -99984.395 / Time: 0h:1m:14s
Iteration 20 / LogL: -100005.877 / Time: 0h:1m:52s
Finish initializing candidate tree set (12)
Current best tree score: -99983.745 / CPU time: 95.776
Number of iterations: 20
--------------------------------------------------------------------
|               OPTIMIZING CANDIDATE TREE SET                      |
--------------------------------------------------------------------
Estimate model parameters (epsilon = 0.100)
BETTER TREE FOUND at iteration 24: -99983.067
Iteration 30 / LogL: -99989.752 / Time: 0h:2m:34s (0h:17m:16s left)
Estimate model parameters (epsilon = 0.100)
UPDATE BEST LOG-LIKELIHOOD: -99982.255
Iteration 40 / LogL: -99982.397 / Time: 0h:3m:16s (0h:15m:24s left)
Iteration 50 / LogL: -99982.784 / Time: 0h:3m:53s (0h:13m:48s left)
Log-likelihood cutoff on original alignment: -100024.911
Iteration 60 / LogL: -99982.880 / Time: 0h:4m:32s (0h:12m:36s left)
Iteration 70 / LogL: -99992.568 / Time: 0h:5m:8s (0h:11m:29s left)
Iteration 80 / LogL: -99983.291 / Time: 0h:5m:47s (0h:10m:33s left)
Iteration 90 / LogL: -99988.333 / Time: 0h:6m:25s (0h:9m:40s left)
UPDATE BEST LOG-LIKELIHOOD: -99982.249
Iteration 100 / LogL: -99985.204 / Time: 0h:7m:4s (0h:8m:51s left)
Log-likelihood cutoff on original alignment: -100024.911
NOTE: Bootstrap correlation coefficient of split occurrence frequencies: 0.999
Iteration 110 / LogL: -99982.481 / Time: 0h:7m:44s (0h:8m:5s left)
Iteration 120 / LogL: -99989.791 / Time: 0h:8m:22s (0h:7m:19s left)
Iteration 130 / LogL: -99984.214 / Time: 0h:9m:2s (0h:6m:35s left)
Iteration 140 / LogL: -99986.156 / Time: 0h:9m:40s (0h:5m:51s left)
Iteration 150 / LogL: -99983.687 / Time: 0h:10m:19s (0h:5m:7s left)
Log-likelihood cutoff on original alignment: -100024.911
Iteration 160 / LogL: -99986.615 / Time: 0h:10m:58s (0h:4m:25s left)
Iteration 170 / LogL: -99983.138 / Time: 0h:11m:38s (0h:3m:43s left)
Estimate model parameters (epsilon = 0.100)
UPDATE BEST LOG-LIKELIHOOD: -99982.091
Iteration 180 / LogL: -99982.416 / Time: 0h:12m:19s (0h:3m:1s left)
Iteration 190 / LogL: -99982.402 / Time: 0h:12m:59s (0h:2m:20s left)
Iteration 200 / LogL: -99984.525 / Time: 0h:13m:38s (0h:1m:38s left)
Log-likelihood cutoff on original alignment: -100024.911
NOTE: Bootstrap correlation coefficient of split occurrence frequencies: 1.000
Iteration 210 / LogL: -99984.179 / Time: 0h:14m:16s (0h:6m:8s left)
Iteration 220 / LogL: -99982.500 / Time: 0h:14m:55s (0h:5m:27s left)
TREE SEARCH COMPLETED AFTER 225 ITERATIONS / Time: 0h:15m:15s

--------------------------------------------------------------------
|                    FINALIZING TREE SEARCH                        |
--------------------------------------------------------------------
Performs final model parameters optimization
Estimate model parameters (epsilon = 0.010)
1. Initial log-likelihood: -99982.091
Optimal log-likelihood: -99982.090
Proportion of invariable sites: 0.008
Gamma shape alpha: 1.615
Parameters optimization took 1 rounds (0.554 sec)
BEST SCORE FOUND : -99982.090
Creating bootstrap support values...
Split supports printed to NEXUS file results_broccoli_meto/alignments_prefiltering/OG_14152.iqtree.splits.nex
Total tree length: 41.894

Total number of iterations: 225
CPU time used for tree search: 1791.437 sec (0h:29m:51s)
Wall-clock time used for tree search: 898.584 sec (0h:14m:58s)
Total CPU time used: 1826.769 sec (0h:30m:26s)
Total wall-clock time used: 916.431 sec (0h:15m:16s)

Computing bootstrap consensus tree...
Reading input file results_broccoli_meto/alignments_prefiltering/OG_14152.iqtree.splits.nex...
77 taxa and 326 splits.
Consensus tree written to results_broccoli_meto/alignments_prefiltering/OG_14152.iqtree.contree
Reading input trees file results_broccoli_meto/alignments_prefiltering/OG_14152.iqtree.contree
Log-likelihood of consensus tree: -99982.143

Analysis results written to: 
  IQ-TREE report:                results_broccoli_meto/alignments_prefiltering/OG_14152.iqtree.iqtree
  Maximum-likelihood tree:       results_broccoli_meto/alignments_prefiltering/OG_14152.iqtree.treefile
  Likelihood distances:          results_broccoli_meto/alignments_prefiltering/OG_14152.iqtree.mldist

Ultrafast bootstrap approximation results written to:
  Split support values:          results_broccoli_meto/alignments_prefiltering/OG_14152.iqtree.splits.nex
  Consensus tree:                results_broccoli_meto/alignments_prefiltering/OG_14152.iqtree.contree
  Screen log file:               results_broccoli_meto/alignments_prefiltering/OG_14152.iqtree.log

Date and Time: Mon Dec 12 22:55:20 2022
