IQ-TREE multicore version 2.1.0 for Linux 64-bit built Jul 18 2020
Developed by Bui Quang Minh, James Barbetti, Nguyen Lam Tung,
Olga Chernomor, Heiko Schmidt, Dominik Schrempf, Michael Woodhams.

Host:    node-hp0301.linux.crg.es (AVX, 125 GB RAM)
Command: /users/asebe/xgraubove/Programes/iqtree-2.1.0-Linux/bin/iqtree2 -s results_broccoli_meto/alignments_prefiltering/OG_12784.lt.fasta -m TEST -mset LG,WAG,JTT -nt AUTO -ntmax 2 -bb 1000 -pre results_broccoli_meto/alignments_prefiltering/OG_12784.iqtree -nm 10000 -nstop 200 -cptime 1800
Seed:    540970 (Using SPRNG - Scalable Parallel Random Number Generator)
Time:    Mon Dec 12 16:20:37 2022
Kernel:  AVX - auto-detect threads (2 CPU cores detected)

Reading alignment file results_broccoli_meto/alignments_prefiltering/OG_12784.lt.fasta ... Fasta format detected
Alignment most likely contains protein sequences
Alignment has 79 sequences with 376 columns, 375 distinct patterns
324 parsimony-informative, 15 singleton sites, 37 constant sites
                                                                     Gap/Ambiguity  Composition  p-value
   1  Lcom_lcpid215486                                                      72.34%    passed     62.06%
   2  Lcom_lcpid252071                                                      77.39%    passed     73.20%
   3  Emue_Em0023g369a.t1                                                   29.52%    passed     98.30%
   4  Spolac_c102238_g1_i1_m.28483c102238-g1                                 0.27%    passed     98.30%
   5  Amil_Amillepora32474-RA                                               77.66%    passed     57.47%
   6  Adig_XM_015916730.1                                                    3.19%    passed     99.70%
   7  Amil_Amillepora19956-RA                                               23.14%    passed     94.58%
   8  Fspp_ffun1.m4.18291.m1                                                 7.71%    passed     99.37%
   9  Spis_XP_022795597_1                                                    1.60%    passed     99.96%
  10  Pocdam_XM_027203386.1                                                  0.00%    passed     99.68%
  11  Gasp_gasp1.m3.10765.m1                                                 7.45%    passed     98.98%
  12  Nvec_v1g239778                                                        20.48%    passed    100.00%
  13  Nvec_v1g2741                                                          59.57%    passed     83.45%
  14  Exapal_XM_021036863.2                                                  2.93%    passed     98.35%
  15  Gfas_gfas1.m1.2567.m1                                                 18.09%    passed     99.79%
  16  Cgig_XM_034476434.1                                                    1.33%    passed     95.74%
  17  Ctel_gnl_WGS_AMQN_CAPTEDRAFT_mRNA149861                                6.38%    passed     91.38%
  18  Plajan_Pjan_C567706_01                                                 0.00%    passed     99.81%
  19  Bralan_BLAG01000096_2                                                  0.00%    passed     98.77%
  20  Bralan_BLAG01001126_1                                                  2.39%    passed     97.51%
  21  Hsap_ENST00000283871                                                   0.53%    passed     98.50%
  22  Sanmal_Sma_001205-T1                                                   0.53%    passed     99.27%
  23  Aaur_scaffold403.g7.t1                                                38.56%    passed     99.56%
  24  Nemnom_g4665.t1                                                        0.53%    passed     99.86%
  25  Rhoesc_Res_008415-T1                                                   0.53%    passed     99.68%
  26  Morvir_scaffold546.g8.t1                                               0.53%    passed     98.03%
  27  Cscu_XM_023375975.1                                                    1.60%    passed     96.21%
  28  Cscu_XM_023375965.1                                                    9.31%    passed     95.61%
  29  Dgig_XM_028556354.1                                                    1.06%    passed     99.56%
  30  Xesp_010392-T1                                                         6.12%    passed     97.13%
  31  HoiH23_PlH23_008281-RA                                                 1.06%    passed     99.91%
  32  HoiH06_mRNA11065                                                       6.65%    passed     99.95%
  33  Hhon_g07553.t1                                                         1.33%    passed     91.88%
  34  HoiH04_mRNA11238                                                       6.65%    passed     85.78%
  35  TrH2_TrispH2_005886-RA                                                 2.13%    passed     99.99%
  36  Tadh_TriadT56615                                                       2.13%    passed     99.98%
  37  Dpul_mRNA26546                                                         2.93%    passed     90.27%
  38  Tetwil_g7045.t1                                                        2.66%    passed     99.58%
  39  Halamb_c53757_g1_i1m.36386                                             1.33%    passed     99.64%
  40  Aque_Aqu2.1.24919_001                                                  7.98%    passed     99.25%
  41  Acagra_model.g24705.t1                                                14.10%    passed     99.97%
  42  Spur_XM_030995716.1                                                    1.60%    passed     99.87%
  43  Clacor_Ccor_scaffold14910_01                                          43.88%    passed     96.10%
  44  Lcom_lcpid63492                                                        0.53%    passed     97.25%
  45  Gracom_Gcom_scaffold16564_01                                           0.53%    passed     99.13%
  46  Scil_scict023076.1                                                     1.06%    passed     99.96%
  47  Leuniv_Lniv_C810348_01                                                 0.27%    passed     99.87%
  48  Opea_EP00118_Oscarella_pearsei_P018988                                 0.00%    passed     99.64%
  49  Ocar_g2039                                                             0.00%    passed     99.64%
  50  Tcas_TC005367_001                                                      2.66%    passed     99.92%
  51  Mertsp_Mesp_sb559832                                                  59.57%    passed     97.51%
  52  Bolinf_Binf_sb1247231                                                 31.38%    passed     99.83%
  53  Beraby_Baby_sb331727                                                   3.72%    passed     92.96%
  54  Beraby_Baby_sb331728                                                  18.35%    passed     95.40%
  55  Drygla_Dgla_sb306967                                                   3.19%    passed     94.47%
  56  Vmul_SimC404826                                                        2.93%    passed     93.71%
  57  Lampan_Lpan_15931_01                                                   6.12%    passed     92.66%
  58  Pbac_sb2667716                                                        11.70%    passed     89.31%
  59  Pbac_sb2667719                                                        80.59%    passed     26.73%
  60  Horcal_Hcv1.av93.c3.g204.i1                                            3.19%    passed     99.24%
  61  Coeast_Cast_sb790143                                                  44.15%    passed     88.90%
  62  Coeast_Cast_sb790141                                                  10.11%    passed     99.03%
  63  Chem_TCONS_00071463                                                   18.09%    passed     98.24%
  64  Plespi_Pspi_scaffold10448_01                                          48.67%    passed     78.96%
  65  Hvul_g20928_1                                                          0.80%    passed     48.14%
  66  Lcom_lcpid178823                                                      61.97%    passed      7.02%
  67  Lcom_lcpid224008                                                      73.14%    passed     99.52%
  68  Coemet_Cmet_scaffold22411_01                                          45.74%    passed     85.30%
  69  Ctel_gnl_WGS_AMQN_CAPTEDRAFT_mRNA31909                                86.17%    failed      4.00%
  70  Xestes_augustus_masked-XT_scaffold188124-processed-gene-0.21-mRNA-1   25.53%    failed      1.14%
  71  Xestes_augustus_masked-XT_scaffold84281-processed-gene-0.0-mRNA-1     21.01%    failed      2.01%
  72  Xestes_snap_masked-XT_scaffold139173-processed-gene-0.1-mRNA-1        38.03%    passed     18.27%
  73  Lcom_lcpid146199                                                      53.46%    passed     15.43%
  74  Lcom_lcpid180221                                                      67.02%    passed     14.34%
  75  Cscu_XM_023375966.1                                                   63.83%    passed     75.00%
  76  Lcom_lcpid186275                                                      66.49%    passed     81.49%
  77  Lcom_lcpid153118                                                      55.05%    passed     16.24%
  78  Lcom_lcpid246724                                                      80.59%    passed     52.93%
  79  Pbac_sb2667718                                                        74.20%    passed     45.96%
WARNING: 16 sequences contain more than 50% gaps/ambiguity
****  TOTAL                                                                 21.84%  3 sequences failed composition chi2 test (p-value<5%; df=19)
NOTE: Ocar_g2039 is identical to Opea_EP00118_Oscarella_pearsei_P018988 but kept for subsequent analysis


Create initial parsimony tree by phylogenetic likelihood library (PLL)... 0.037 seconds
Measuring multi-threading efficiency up to 2 CPU cores
Increase to 10 rounds for branch lengths
3 trees examined
Threads: 1 / Time: 2.339 sec / Speedup: 1.000 / Efficiency: 100% / LogL: -28423
Threads: 2 / Time: 2.386 sec / Speedup: 0.980 / Efficiency: 49% / LogL: -28423
BEST NUMBER OF THREADS: 1

Perform fast likelihood tree search using LG+I+G model...
Estimate model parameters (epsilon = 5.000)
Perform nearest neighbor interchange...
Estimate model parameters (epsilon = 1.000)
1. Initial log-likelihood: -21150.478
Optimal log-likelihood: -21150.126
Proportion of invariable sites: 0.069
Gamma shape alpha: 0.982
Parameters optimization took 1 rounds (0.322 sec)
Time for fast ML tree search: 3.350 seconds

NOTE: ModelFinder requires 20 MB RAM!
ModelFinder will test up to 24 protein models (sample size: 376) ...
 No. Model         -LnL         df  AIC          AICc         BIC
  1  LG            22493.981    155 45297.962    45517.781    45907.049
  2  LG+I          22210.401    156 44732.801    44956.472    45345.817
  3  LG+G4         21163.066    156 42638.133    42861.804    43251.148
  4  LG+I+G4       21149.981    157 42613.963    42841.541    43230.908
  8  LG+F+I+G4     21125.966    176 42603.932    42917.018    43295.540
 12  WAG+I+G4      21195.856    157 42705.712    42933.290    43322.657
 16  WAG+F+I+G4    21193.321    176 42738.642    43051.728    43430.250
 20  JTT+I+G4      21403.626    157 43121.251    43348.829    43738.197
 24  JTT+F+I+G4    21403.998    176 43159.996    43473.081    43851.603
Akaike Information Criterion:           LG+F+I+G4
Corrected Akaike Information Criterion: LG+I+G4
Bayesian Information Criterion:         LG+I+G4
Best-fit model: LG+I+G4 chosen according to BIC

All model information printed to results_broccoli_meto/alignments_prefiltering/OG_12784.iqtree.model.gz
CPU time for ModelFinder: 18.296 seconds (0h:0m:18s)
Wall-clock time for ModelFinder: 15.672 seconds (0h:0m:15s)
Generating 1000 samples for ultrafast bootstrap (seed: 540970)...

NOTE: 20 MB RAM (0 GB) is required!
Estimate model parameters (epsilon = 0.100)
Thoroughly optimizing +I+G parameters from 10 start values...
Init pinv, alpha: 0.000, 0.985 / Estimate: 0.000, 0.804 / LogL: -21163.062
Init pinv, alpha: 0.011, 0.985 / Estimate: 0.068, 0.982 / LogL: -21149.994
Init pinv, alpha: 0.022, 0.985 / Estimate: 0.069, 0.983 / LogL: -21149.993
Init pinv, alpha: 0.033, 0.985 / Estimate: 0.068, 0.982 / LogL: -21149.995
Init pinv, alpha: 0.044, 0.985 / Estimate: 0.069, 0.984 / LogL: -21149.987
Init pinv, alpha: 0.055, 0.985 / Estimate: 0.067, 0.980 / LogL: -21150.005
Init pinv, alpha: 0.066, 0.985 / Estimate: 0.068, 0.982 / LogL: -21149.987
Init pinv, alpha: 0.077, 0.985 / Estimate: 0.072, 0.993 / LogL: -21149.994
Init pinv, alpha: 0.087, 0.985 / Estimate: 0.072, 0.992 / LogL: -21150.001
Init pinv, alpha: 0.098, 0.985 / Estimate: 0.071, 0.990 / LogL: -21149.997
Optimal pinv,alpha: 0.068, 0.982 / LogL: -21149.987

Parameters optimization took 11.418 sec
Computing ML distances based on estimated model parameters...
Computing ML distances took 0.736109 sec (of wall-clock time) 0.734915 sec(of CPU time)
WARNING: Some pairwise ML distances are too long (saturated)
Computing RapidNJ tree took 0.000851 sec (of wall-clock time) 0.000000 sec (of CPU time)
Log-likelihood of RapidNJ tree: -21886.106
--------------------------------------------------------------------
|             INITIALIZING CANDIDATE TREE SET                      |
--------------------------------------------------------------------
Generating 98 parsimony trees... 2.745 second
Computing log-likelihood of 98 initial trees ... 9.216 seconds
Current best score: -21149.987

Do NNI search on 20 best initial trees
Estimate model parameters (epsilon = 0.100)
BETTER TREE FOUND at iteration 1: -21149.980
Estimate model parameters (epsilon = 0.100)
BETTER TREE FOUND at iteration 2: -21144.014
Iteration 10 / LogL: -21158.179 / Time: 0h:0m:45s
Estimate model parameters (epsilon = 0.100)
BETTER TREE FOUND at iteration 12: -21143.405
Iteration 20 / LogL: -21186.430 / Time: 0h:1m:9s
Finish initializing candidate tree set (20)
Current best tree score: -21143.405 / CPU time: 55.670
Number of iterations: 20
--------------------------------------------------------------------
|               OPTIMIZING CANDIDATE TREE SET                      |
--------------------------------------------------------------------
Estimate model parameters (epsilon = 0.100)
BETTER TREE FOUND at iteration 21: -21134.530
Estimate model parameters (epsilon = 0.100)
BETTER TREE FOUND at iteration 26: -21134.080
Iteration 30 / LogL: -21140.182 / Time: 0h:1m:33s (0h:10m:35s left)
Estimate model parameters (epsilon = 0.100)
BETTER TREE FOUND at iteration 35: -21133.636
Iteration 40 / LogL: -21135.372 / Time: 0h:1m:58s (0h:9m:50s left)
Estimate model parameters (epsilon = 0.100)
BETTER TREE FOUND at iteration 48: -21133.550
Iteration 50 / LogL: -21136.412 / Time: 0h:2m:20s (0h:9m:26s left)
Log-likelihood cutoff on original alignment: -21197.064
Estimate model parameters (epsilon = 0.100)
BETTER TREE FOUND at iteration 56: -21133.431
Estimate model parameters (epsilon = 0.100)
BETTER TREE FOUND at iteration 60: -21132.887
Iteration 60 / LogL: -21132.887 / Time: 0h:2m:42s (0h:9m:9s left)
Iteration 70 / LogL: -21134.274 / Time: 0h:3m:4s (0h:8m:27s left)
Estimate model parameters (epsilon = 0.100)
BETTER TREE FOUND at iteration 76: -21132.791
Iteration 80 / LogL: -21149.645 / Time: 0h:3m:27s (0h:8m:34s left)
Estimate model parameters (epsilon = 0.100)
BETTER TREE FOUND at iteration 82: -21132.543

******************************************************
CHECKPOINT: Resuming analysis from results_broccoli_meto/alignments_prefiltering/OG_12784.iqtree.ckp.gz

IQ-TREE multicore version 2.1.0 for Linux 64-bit built Jul 18 2020
Developed by Bui Quang Minh, James Barbetti, Nguyen Lam Tung,
Olga Chernomor, Heiko Schmidt, Dominik Schrempf, Michael Woodhams.

Host:    node-hp0207.linux.crg.es (AVX, 125 GB RAM)
Command: /users/asebe/xgraubove/Programes/iqtree-2.1.0-Linux/bin/iqtree2 -s results_broccoli_meto/alignments_prefiltering/OG_12784.lt.fasta -m TEST -mset LG,WAG,JTT -nt AUTO -ntmax 2 -bb 1000 -pre results_broccoli_meto/alignments_prefiltering/OG_12784.iqtree -nm 10000 -nstop 200 -cptime 1800
Seed:    518412 (Using SPRNG - Scalable Parallel Random Number Generator)
Time:    Mon Dec 12 19:46:37 2022
Kernel:  AVX - auto-detect threads (2 CPU cores detected)

Reading alignment file results_broccoli_meto/alignments_prefiltering/OG_12784.lt.fasta ... Fasta format detected
Alignment most likely contains protein sequences
Alignment has 79 sequences with 376 columns, 375 distinct patterns
324 parsimony-informative, 15 singleton sites, 37 constant sites
                                                                     Gap/Ambiguity  Composition  p-value
   1  Lcom_lcpid215486                                                      72.34%    passed     62.06%
   2  Lcom_lcpid252071                                                      77.39%    passed     73.20%
   3  Emue_Em0023g369a.t1                                                   29.52%    passed     98.30%
   4  Spolac_c102238_g1_i1_m.28483c102238-g1                                 0.27%    passed     98.30%
   5  Amil_Amillepora32474-RA                                               77.66%    passed     57.47%
   6  Adig_XM_015916730.1                                                    3.19%    passed     99.70%
   7  Amil_Amillepora19956-RA                                               23.14%    passed     94.58%
   8  Fspp_ffun1.m4.18291.m1                                                 7.71%    passed     99.37%
   9  Spis_XP_022795597_1                                                    1.60%    passed     99.96%
  10  Pocdam_XM_027203386.1                                                  0.00%    passed     99.68%
  11  Gasp_gasp1.m3.10765.m1                                                 7.45%    passed     98.98%
  12  Nvec_v1g239778                                                        20.48%    passed    100.00%
  13  Nvec_v1g2741                                                          59.57%    passed     83.45%
  14  Exapal_XM_021036863.2                                                  2.93%    passed     98.35%
  15  Gfas_gfas1.m1.2567.m1                                                 18.09%    passed     99.79%
  16  Cgig_XM_034476434.1                                                    1.33%    passed     95.74%
  17  Ctel_gnl_WGS_AMQN_CAPTEDRAFT_mRNA149861                                6.38%    passed     91.38%
  18  Plajan_Pjan_C567706_01                                                 0.00%    passed     99.81%
  19  Bralan_BLAG01000096_2                                                  0.00%    passed     98.77%
  20  Bralan_BLAG01001126_1                                                  2.39%    passed     97.51%
  21  Hsap_ENST00000283871                                                   0.53%    passed     98.50%
  22  Sanmal_Sma_001205-T1                                                   0.53%    passed     99.27%
  23  Aaur_scaffold403.g7.t1                                                38.56%    passed     99.56%
  24  Nemnom_g4665.t1                                                        0.53%    passed     99.86%
  25  Rhoesc_Res_008415-T1                                                   0.53%    passed     99.68%
  26  Morvir_scaffold546.g8.t1                                               0.53%    passed     98.03%
  27  Cscu_XM_023375975.1                                                    1.60%    passed     96.21%
  28  Cscu_XM_023375965.1                                                    9.31%    passed     95.61%
  29  Dgig_XM_028556354.1                                                    1.06%    passed     99.56%
  30  Xesp_010392-T1                                                         6.12%    passed     97.13%
  31  HoiH23_PlH23_008281-RA                                                 1.06%    passed     99.91%
  32  HoiH06_mRNA11065                                                       6.65%    passed     99.95%
  33  Hhon_g07553.t1                                                         1.33%    passed     91.88%
  34  HoiH04_mRNA11238                                                       6.65%    passed     85.78%
  35  TrH2_TrispH2_005886-RA                                                 2.13%    passed     99.99%
  36  Tadh_TriadT56615                                                       2.13%    passed     99.98%
  37  Dpul_mRNA26546                                                         2.93%    passed     90.27%
  38  Tetwil_g7045.t1                                                        2.66%    passed     99.58%
  39  Halamb_c53757_g1_i1m.36386                                             1.33%    passed     99.64%
  40  Aque_Aqu2.1.24919_001                                                  7.98%    passed     99.25%
  41  Acagra_model.g24705.t1                                                14.10%    passed     99.97%
  42  Spur_XM_030995716.1                                                    1.60%    passed     99.87%
  43  Clacor_Ccor_scaffold14910_01                                          43.88%    passed     96.10%
  44  Lcom_lcpid63492                                                        0.53%    passed     97.25%
  45  Gracom_Gcom_scaffold16564_01                                           0.53%    passed     99.13%
  46  Scil_scict023076.1                                                     1.06%    passed     99.96%
  47  Leuniv_Lniv_C810348_01                                                 0.27%    passed     99.87%
  48  Opea_EP00118_Oscarella_pearsei_P018988                                 0.00%    passed     99.64%
  49  Ocar_g2039                                                             0.00%    passed     99.64%
  50  Tcas_TC005367_001                                                      2.66%    passed     99.92%
  51  Mertsp_Mesp_sb559832                                                  59.57%    passed     97.51%
  52  Bolinf_Binf_sb1247231                                                 31.38%    passed     99.83%
  53  Beraby_Baby_sb331727                                                   3.72%    passed     92.96%
  54  Beraby_Baby_sb331728                                                  18.35%    passed     95.40%
  55  Drygla_Dgla_sb306967                                                   3.19%    passed     94.47%
  56  Vmul_SimC404826                                                        2.93%    passed     93.71%
  57  Lampan_Lpan_15931_01                                                   6.12%    passed     92.66%
  58  Pbac_sb2667716                                                        11.70%    passed     89.31%
  59  Pbac_sb2667719                                                        80.59%    passed     26.73%
  60  Horcal_Hcv1.av93.c3.g204.i1                                            3.19%    passed     99.24%
  61  Coeast_Cast_sb790143                                                  44.15%    passed     88.90%
  62  Coeast_Cast_sb790141                                                  10.11%    passed     99.03%
  63  Chem_TCONS_00071463                                                   18.09%    passed     98.24%
  64  Plespi_Pspi_scaffold10448_01                                          48.67%    passed     78.96%
  65  Hvul_g20928_1                                                          0.80%    passed     48.14%
  66  Lcom_lcpid178823                                                      61.97%    passed      7.02%
  67  Lcom_lcpid224008                                                      73.14%    passed     99.52%
  68  Coemet_Cmet_scaffold22411_01                                          45.74%    passed     85.30%
  69  Ctel_gnl_WGS_AMQN_CAPTEDRAFT_mRNA31909                                86.17%    failed      4.00%
  70  Xestes_augustus_masked-XT_scaffold188124-processed-gene-0.21-mRNA-1   25.53%    failed      1.14%
  71  Xestes_augustus_masked-XT_scaffold84281-processed-gene-0.0-mRNA-1     21.01%    failed      2.01%
  72  Xestes_snap_masked-XT_scaffold139173-processed-gene-0.1-mRNA-1        38.03%    passed     18.27%
  73  Lcom_lcpid146199                                                      53.46%    passed     15.43%
  74  Lcom_lcpid180221                                                      67.02%    passed     14.34%
  75  Cscu_XM_023375966.1                                                   63.83%    passed     75.00%
  76  Lcom_lcpid186275                                                      66.49%    passed     81.49%
  77  Lcom_lcpid153118                                                      55.05%    passed     16.24%
  78  Lcom_lcpid246724                                                      80.59%    passed     52.93%
  79  Pbac_sb2667718                                                        74.20%    passed     45.96%
WARNING: 16 sequences contain more than 50% gaps/ambiguity
****  TOTAL                                                                 21.84%  3 sequences failed composition chi2 test (p-value<5%; df=19)
NOTE: Ocar_g2039 is identical to Opea_EP00118_Oscarella_pearsei_P018988 but kept for subsequent analysis

NOTE: Restoring information from model checkpoint file results_broccoli_meto/alignments_prefiltering/OG_12784.iqtree.model.gz

CHECKPOINT: Initial tree restored
Measuring multi-threading efficiency up to 2 CPU cores
Increase to 10 rounds for branch lengths
4 trees examined
Threads: 1 / Time: 2.570 sec / Speedup: 1.000 / Efficiency: 100% / LogL: -28723
Threads: 2 / Time: 2.615 sec / Speedup: 0.983 / Efficiency: 49% / LogL: -28723
BEST NUMBER OF THREADS: 1

Perform fast likelihood tree search using LG+I+G model...
CHECKPOINT: Tree restored, LogL: -21149.981
NOTE: ModelFinder requires 20 MB RAM!
ModelFinder will test up to 24 protein models (sample size: 376) ...
 No. Model         -LnL         df  AIC          AICc         BIC
  1  LG            22493.981    155 45297.962    45517.781    45907.049
  2  LG+I          22210.401    156 44732.801    44956.472    45345.817
  3  LG+G4         21163.066    156 42638.133    42861.804    43251.148
  4  LG+I+G4       21149.981    157 42613.963    42841.541    43230.908
  8  LG+F+I+G4     21125.966    176 42603.932    42917.018    43295.540
 12  WAG+I+G4      21195.856    157 42705.712    42933.290    43322.657
 16  WAG+F+I+G4    21193.321    176 42738.642    43051.728    43430.250
 20  JTT+I+G4      21403.626    157 43121.251    43348.829    43738.197
 24  JTT+F+I+G4    21403.998    176 43159.995    43473.081    43851.603
Akaike Information Criterion:           LG+F+I+G4
Corrected Akaike Information Criterion: LG+I+G4
Bayesian Information Criterion:         LG+I+G4
Best-fit model: LG+I+G4 chosen according to BIC

All model information printed to results_broccoli_meto/alignments_prefiltering/OG_12784.iqtree.model.gz
CPU time for ModelFinder: 8.078 seconds (0h:0m:8s)
Wall-clock time for ModelFinder: 5.367 seconds (0h:0m:5s)
Generating 1000 samples for ultrafast bootstrap (seed: 518412)...

NOTE: 20 MB RAM (0 GB) is required!
CHECKPOINT: Model parameters restored, LogL: -21149.987
Computing ML distances based on estimated model parameters...
Computing ML distances took 0.740816 sec (of wall-clock time) 0.737174 sec(of CPU time)
WARNING: Some pairwise ML distances are too long (saturated)
Computing RapidNJ tree took 0.000624 sec (of wall-clock time) 0.000656 sec (of CPU time)
Log-likelihood of RapidNJ tree: -21886.106
--------------------------------------------------------------------
|             INITIALIZING CANDIDATE TREE SET                      |
--------------------------------------------------------------------
Generating 98 parsimony trees... 2.776 second
Computing log-likelihood of 98 initial trees ... 9.372 seconds
Current best score: -21149.987

Do NNI search on 20 best initial trees
Estimate model parameters (epsilon = 0.100)
BETTER TREE FOUND at iteration 1: -21149.986
Estimate model parameters (epsilon = 0.100)
BETTER TREE FOUND at iteration 2: -21148.677
Estimate model parameters (epsilon = 0.100)
BETTER TREE FOUND at iteration 3: -21134.873
Iteration 10 / LogL: -21166.405 / Time: 0h:0m:48s
Iteration 20 / LogL: -21175.931 / Time: 0h:1m:9s
Finish initializing candidate tree set (20)
Current best tree score: -21134.873 / CPU time: 67.660
Number of iterations: 20
--------------------------------------------------------------------
|               OPTIMIZING CANDIDATE TREE SET                      |
--------------------------------------------------------------------
Estimate model parameters (epsilon = 0.100)
BETTER TREE FOUND at iteration 21: -21129.171
Estimate model parameters (epsilon = 0.100)
BETTER TREE FOUND at iteration 25: -21126.540
Iteration 30 / LogL: -21132.746 / Time: 0h:1m:32s (0h:10m:24s left)
Iteration 40 / LogL: -21127.154 / Time: 0h:1m:53s (0h:8m:56s left)
Estimate model parameters (epsilon = 0.100)
BETTER TREE FOUND at iteration 47: -21126.500
Iteration 50 / LogL: -21140.890 / Time: 0h:2m:16s (0h:9m:7s left)
Log-likelihood cutoff on original alignment: -21193.639
Estimate model parameters (epsilon = 0.100)
BETTER TREE FOUND at iteration 57: -21118.799
Iteration 60 / LogL: -21120.538 / Time: 0h:2m:38s (0h:8m:50s left)
Iteration 70 / LogL: -21130.579 / Time: 0h:3m:2s (0h:8m:13s left)
Iteration 80 / LogL: -21119.193 / Time: 0h:3m:25s (0h:7m:39s left)
Iteration 90 / LogL: -21119.014 / Time: 0h:3m:47s (0h:7m:6s left)
Iteration 100 / LogL: -21157.329 / Time: 0h:4m:10s (0h:6m:37s left)
Log-likelihood cutoff on original alignment: -21189.650
NOTE: Bootstrap correlation coefficient of split occurrence frequencies: 0.985
NOTE: UFBoot does not converge, continue at least 100 more iterations
Iteration 110 / LogL: -21118.935 / Time: 0h:4m:33s (0h:6m:9s left)
Iteration 120 / LogL: -21119.321 / Time: 0h:4m:56s (0h:5m:41s left)
Iteration 130 / LogL: -21118.801 / Time: 0h:5m:21s (0h:5m:16s left)
Iteration 140 / LogL: -21129.230 / Time: 0h:5m:43s (0h:4m:49s left)
Iteration 150 / LogL: -21118.930 / Time: 0h:6m:5s (0h:4m:22s left)
Log-likelihood cutoff on original alignment: -21189.650
Iteration 160 / LogL: -21118.987 / Time: 0h:6m:27s (0h:3m:56s left)
Iteration 170 / LogL: -21119.032 / Time: 0h:6m:50s (0h:3m:31s left)
Iteration 180 / LogL: -21118.929 / Time: 0h:7m:12s (0h:3m:6s left)
Iteration 190 / LogL: -21118.952 / Time: 0h:7m:35s (0h:2m:41s left)
Iteration 200 / LogL: -21122.423 / Time: 0h:7m:58s (0h:2m:17s left)
Log-likelihood cutoff on original alignment: -21189.650
NOTE: Bootstrap correlation coefficient of split occurrence frequencies: 0.998
UPDATE BEST LOG-LIKELIHOOD: -21118.799
Iteration 210 / LogL: -21121.204 / Time: 0h:8m:21s (0h:3m:35s left)
Iteration 220 / LogL: -21118.966 / Time: 0h:8m:44s (0h:3m:11s left)
Iteration 230 / LogL: -21123.389 / Time: 0h:9m:6s (0h:2m:47s left)
Iteration 240 / LogL: -21125.986 / Time: 0h:9m:30s (0h:2m:23s left)
Iteration 250 / LogL: -21140.964 / Time: 0h:9m:53s (0h:1m:59s left)
Log-likelihood cutoff on original alignment: -21189.650
TREE SEARCH COMPLETED AFTER 258 ITERATIONS / Time: 0h:10m:12s

--------------------------------------------------------------------
|                    FINALIZING TREE SEARCH                        |
--------------------------------------------------------------------
Performs final model parameters optimization
Estimate model parameters (epsilon = 0.010)
1. Initial log-likelihood: -21118.799
Optimal log-likelihood: -21118.797
Proportion of invariable sites: 0.071
Gamma shape alpha: 0.974
Parameters optimization took 1 rounds (0.300 sec)
BEST SCORE FOUND : -21118.797
Creating bootstrap support values...
Split supports printed to NEXUS file results_broccoli_meto/alignments_prefiltering/OG_12784.iqtree.splits.nex
Total tree length: 29.010

Total number of iterations: 258
CPU time used for tree search: 608.176 sec (0h:10m:8s)
Wall-clock time used for tree search: 610.261 sec (0h:10m:10s)
Total CPU time used: 611.039 sec (0h:10m:11s)
Total wall-clock time used: 612.962 sec (0h:10m:12s)

Computing bootstrap consensus tree...
Reading input file results_broccoli_meto/alignments_prefiltering/OG_12784.iqtree.splits.nex...
79 taxa and 909 splits.
Consensus tree written to results_broccoli_meto/alignments_prefiltering/OG_12784.iqtree.contree
Reading input trees file results_broccoli_meto/alignments_prefiltering/OG_12784.iqtree.contree
Log-likelihood of consensus tree: -21119.262

Analysis results written to: 
  IQ-TREE report:                results_broccoli_meto/alignments_prefiltering/OG_12784.iqtree.iqtree
  Maximum-likelihood tree:       results_broccoli_meto/alignments_prefiltering/OG_12784.iqtree.treefile
  Likelihood distances:          results_broccoli_meto/alignments_prefiltering/OG_12784.iqtree.mldist

Ultrafast bootstrap approximation results written to:
  Split support values:          results_broccoli_meto/alignments_prefiltering/OG_12784.iqtree.splits.nex
  Consensus tree:                results_broccoli_meto/alignments_prefiltering/OG_12784.iqtree.contree
  Screen log file:               results_broccoli_meto/alignments_prefiltering/OG_12784.iqtree.log

Date and Time: Mon Dec 12 19:56:57 2022
