IQ-TREE multicore version 2.1.0 for Linux 64-bit built Jul 18 2020
Developed by Bui Quang Minh, James Barbetti, Nguyen Lam Tung,
Olga Chernomor, Heiko Schmidt, Dominik Schrempf, Michael Woodhams.

Host:    node-hp0513.linux.crg.es (AVX, 125 GB RAM)
Command: /users/asebe/xgraubove/Programes/iqtree-2.1.0-Linux/bin/iqtree2 -s results_broccoli_meto/alignments_prefiltering/OG_1404.lt.fasta -m TEST -mset LG,WAG,JTT -nt AUTO -ntmax 2 -bb 1000 -pre results_broccoli_meto/alignments_prefiltering/OG_1404.iqtree -nm 10000 -nstop 200 -cptime 1800
Seed:    421912 (Using SPRNG - Scalable Parallel Random Number Generator)
Time:    Mon Dec 12 22:31:56 2022
Kernel:  AVX - auto-detect threads (2 CPU cores detected)

Reading alignment file results_broccoli_meto/alignments_prefiltering/OG_1404.lt.fasta ... Fasta format detected
Alignment most likely contains protein sequences
Alignment has 79 sequences with 368 columns, 367 distinct patterns
362 parsimony-informative, 0 singleton sites, 6 constant sites
                                                        Gap/Ambiguity  Composition  p-value
   1  Lcom_lcpid245349                                         75.00%    passed     74.68%
   2  Ctel_gnl_WGS_AMQN_CAPTEDRAFT_mRNA226249                   9.24%    passed     97.37%
   3  Skow_XM_002740542.2                                       6.25%    passed     98.97%
   4  Acagra_model.g2903.t1.1.5d3b8209                         11.96%    passed     88.46%
   5  Cgig_XM_011426603.3                                      10.05%    passed     49.71%
   6  Fspp_ffun1.m4.25411.m1                                    2.17%    passed     71.21%
   7  Gasp_gasp1.m3.5646.m1                                     4.35%    passed     83.71%
   8  Amil_Amillepora19533-RA                                  19.02%    passed     96.36%
   9  Adig_XM_015904518.1                                       8.42%    passed     97.70%
  10  Gfas_gfas1.m1.14239.m1                                    5.98%    passed     92.17%
  11  Spis_XP_022782041_1                                       2.17%    passed     73.88%
  12  Pocdam_XM_027199293.1                                     1.09%    passed     60.77%
  13  Exapal_XM_021054671.2                                     5.16%    passed     91.52%
  14  Nvec_v1g24516                                            19.02%    passed     86.63%
  15  Spur_XM_778634.5                                          9.24%    passed     98.50%
  16  Pbac_sb2656173                                           29.35%    passed     95.74%
  17  Horcal_Hcv1.av93.c3.g488.i1                              27.99%    passed     96.04%
  18  Pbac_sb2663461                                           54.08%    passed     55.37%
  19  Bolinf_Binf_sb1204683                                    62.50%    passed     77.61%
  20  Mertsp_Mesp_sb576776                                     36.96%    passed     85.44%
  21  Beraby_Baby_sb340953                                     27.99%    passed     87.76%
  22  Drygla_Dgla_sb283453                                     40.22%    passed     82.33%
  23  Bolinf_Binf_sb1275753                                    35.05%    passed     63.78%
  24  Bolinf_Binf_sb1275755                                    59.51%    passed     54.40%
  25  Mertsp_Mesp_sb576778                                     45.92%    passed     47.22%
  26  Mlei_ML0757.g3.i1                                         8.70%    passed     72.50%
  27  Vmul_sbMO412588                                          16.30%    passed     79.61%
  28  Bolinf_Binf_sb1275754                                    57.34%    passed     68.49%
  29  Drygla_Dgla_sb288562                                     28.26%    passed     95.74%
  30  Drygla_Dgla_sb288563                                     49.18%    passed     91.98%
  31  Lampan_Lpan_15807_01                                     30.16%    passed     88.41%
  32  Eupdun_Edun_sb10639452                                   30.43%    passed     98.28%
  33  Vmul_sbMO443011                                          66.30%    passed     95.04%
  34  Coeast_Cast_sb784354                                      5.43%    passed     88.16%
  35  Coemet_Cmet_C597795_01                                    5.43%    passed     99.66%
  36  Nemnom_g4659.t1                                           1.90%    passed     19.47%
  37  Rhoesc_Res_008420-T1                                      1.90%    passed     30.26%
  38  Bralan_BLAG01000021_4                                     8.15%    passed     57.16%
  39  Chem_TCONS_00023274                                       6.25%    passed     99.24%
  40  Sanmal_Sma_001213-T1                                      2.72%    passed     64.42%
  41  Morvir_scaffold61.g48.t1                                  4.89%    passed     98.58%
  42  Dgig_XM_028535905.1                                       4.35%    passed     94.11%
  43  Xesp_011684-T1                                            0.54%    passed     21.37%
  44  HoiH23_PlH23_000265-RA                                    5.16%    passed     97.55%
  45  HoiH06_mRNA9561                                           5.16%    passed     97.32%
  46  Hhon_g05420.t1                                            5.16%    passed     93.76%
  47  HoiH04_mRNA17870                                          5.16%    passed     96.27%
  48  HoiH11_mRNA3177                                           5.16%    passed     92.81%
  49  TrH2_TrispH2_001192-RA                                    4.62%    passed     92.95%
  50  Tadh_TriadT56411                                          4.62%    passed     93.42%
  51  Lcom_lcpid85288                                          42.39%    passed     51.08%
  52  Hvul_g5812_1                                             10.87%    passed     11.47%
  53  Aque_Aqu2.1.33497_001                                     1.90%    passed     35.85%
  54  Xestes_maker-XT_scaffold2179-augustus-gene-0.64-mRNA-1   24.73%    passed     78.99%
  55  Halamb_c15965_g1_i1m.2729                                 5.71%    passed     71.94%
  56  Opea_EP00118_Oscarella_pearsei_P028788                    0.54%    passed     14.80%
  57  Ocar_g4282                                                0.54%    passed     14.80%
  58  Tetwil_g2006.t1                                          34.24%    passed     61.64%
  59  Plespi_Pspi_C612452_01                                    4.62%    passed     64.39%
  60  Plajan_Pjan_C564294_01                                    2.99%    passed     68.74%
  61  Lcom_lcpid235663                                         73.91%    failed      0.61%
  62  Emue_Em0099g7a.t1                                        16.85%    passed     43.75%
  63  Spolac_c102869_g1_i2_m.31381c102869-g1                    5.98%    passed     64.51%
  64  Emue_Em0425g3a.t1                                        36.41%    passed     49.41%
  65  Clacor_Ccor_scaffold12718_01                             21.74%    passed     95.24%
  66  Hsap_ENST00000252655                                     11.14%    failed      2.33%
  67  Lcom_lcpid118273                                         33.97%    passed     92.40%
  68  Lcom_lcpid57526                                           3.53%    passed     33.24%
  69  Lcom_lcpid58110                                           3.53%    passed     30.20%
  70  Lcom_lcpid50547                                          37.50%    passed     41.62%
  71  Gracom_Gcom_C554696_01                                    8.70%    passed     15.33%
  72  Stycar_maker-SC_scaffold4817-augustus-gene-0.25-mRNA-1   19.84%    passed     20.80%
  73  Cscu_XM_023355674.1                                      37.23%    failed      0.00%
  74  Cscu_XM_023383784.1                                      57.07%    failed      0.00%
  75  Tcas_TC014371_001                                        17.39%    passed     54.94%
  76  Tetwil_g14546.t1                                          2.17%    failed      0.00%
  77  Leuniv_Lniv_scaffold10514_01                             24.46%    failed      0.02%
  78  Dpul_mRNA28878                                           67.93%    passed     64.59%
  79  Vmul_sbMO443009                                          61.41%    failed      0.00%
WARNING: 10 sequences contain more than 50% gaps/ambiguity
****  TOTAL                                                    20.78%  7 sequences failed composition chi2 test (p-value<5%; df=19)
NOTE: Ocar_g4282 is identical to Opea_EP00118_Oscarella_pearsei_P028788 but kept for subsequent analysis


Create initial parsimony tree by phylogenetic likelihood library (PLL)... 0.020 seconds
Measuring multi-threading efficiency up to 2 CPU cores
Increase to 10 rounds for branch lengths
3 trees examined
Threads: 1 / Time: 2.258 sec / Speedup: 1.000 / Efficiency: 100% / LogL: -32739
Threads: 2 / Time: 1.183 sec / Speedup: 1.908 / Efficiency: 95% / LogL: -32739
BEST NUMBER OF THREADS: 2

Perform fast likelihood tree search using LG+I+G model...
Estimate model parameters (epsilon = 5.000)
Perform nearest neighbor interchange...
Estimate model parameters (epsilon = 1.000)
1. Initial log-likelihood: -21797.712
Optimal log-likelihood: -21797.573
Proportion of invariable sites: 0.009
Gamma shape alpha: 0.920
Parameters optimization took 1 rounds (0.144 sec)
Time for fast ML tree search: 1.907 seconds

NOTE: ModelFinder requires 20 MB RAM!
ModelFinder will test up to 24 protein models (sample size: 368) ...
 No. Model         -LnL         df  AIC          AICc         BIC
  1  LG            23238.096    155 46786.192    47014.305    47391.944
  2  LG+I          23189.754    156 46691.509    46923.660    47301.170
  3  LG+G4         21800.310    156 43912.621    44144.773    44522.282
  4  LG+I+G4       21797.570    157 43909.141    44145.389    44522.710
  7  LG+F+G4       21761.882    175 43873.765    44194.598    44557.679
  8  LG+F+I+G4     21758.691    176 43869.381    44195.580    44557.204
 11  WAG+G4        21855.710    156 44023.419    44255.571    44633.080
 12  WAG+I+G4      21848.819    157 44011.637    44247.885    44625.206
 15  WAG+F+G4      21886.271    175 44122.543    44443.376    44806.457
 16  WAG+F+I+G4    21880.151    176 44112.302    44438.501    44800.124
 19  JTT+G4        21862.119    156 44036.239    44268.391    44645.900
 20  JTT+I+G4      21858.293    157 44030.586    44266.833    44644.155
 23  JTT+F+G4      21803.662    175 43957.324    44278.157    44641.238
 24  JTT+F+I+G4    21800.267    176 43952.534    44278.733    44640.357
Akaike Information Criterion:           LG+F+I+G4
Corrected Akaike Information Criterion: LG+G4
Bayesian Information Criterion:         LG+G4
Best-fit model: LG+G4 chosen according to BIC

All model information printed to results_broccoli_meto/alignments_prefiltering/OG_1404.iqtree.model.gz
CPU time for ModelFinder: 22.181 seconds (0h:0m:22s)
Wall-clock time for ModelFinder: 12.268 seconds (0h:0m:12s)
Generating 1000 samples for ultrafast bootstrap (seed: 421912)...

NOTE: 20 MB RAM (0 GB) is required!
Estimate model parameters (epsilon = 0.100)
1. Initial log-likelihood: -21800.310
Optimal log-likelihood: -21800.295
Gamma shape alpha: 0.891
Parameters optimization took 1 rounds (0.141 sec)
Computing ML distances based on estimated model parameters...
Computing ML distances took 0.419722 sec (of wall-clock time) 0.836364 sec(of CPU time)
WARNING: Some pairwise ML distances are too long (saturated)
Computing RapidNJ tree took 0.001248 sec (of wall-clock time) 0.002494 sec (of CPU time)
Log-likelihood of RapidNJ tree: -22453.875
--------------------------------------------------------------------
|             INITIALIZING CANDIDATE TREE SET                      |
--------------------------------------------------------------------
Generating 98 parsimony trees... 2.400 second
Computing log-likelihood of 98 initial trees ... 4.608 seconds
Current best score: -21800.295

Do NNI search on 20 best initial trees
Estimate model parameters (epsilon = 0.100)
BETTER TREE FOUND at iteration 1: -21799.647
Estimate model parameters (epsilon = 0.100)
BETTER TREE FOUND at iteration 2: -21790.359
Estimate model parameters (epsilon = 0.100)
BETTER TREE FOUND at iteration 3: -21787.433
Iteration 10 / LogL: -21791.224 / Time: 0h:0m:22s
Iteration 20 / LogL: -21803.375 / Time: 0h:0m:36s
Finish initializing candidate tree set (20)
Current best tree score: -21787.433 / CPU time: 34.741
Number of iterations: 20
--------------------------------------------------------------------
|               OPTIMIZING CANDIDATE TREE SET                      |
--------------------------------------------------------------------
Estimate model parameters (epsilon = 0.100)
BETTER TREE FOUND at iteration 24: -21784.906
Estimate model parameters (epsilon = 0.100)
BETTER TREE FOUND at iteration 26: -21781.702
Iteration 30 / LogL: -21793.013 / Time: 0h:0m:52s (0h:5m:54s left)
Estimate model parameters (epsilon = 0.100)
BETTER TREE FOUND at iteration 31: -21780.383
Estimate model parameters (epsilon = 0.100)
BETTER TREE FOUND at iteration 36: -21780.321
Iteration 40 / LogL: -21781.087 / Time: 0h:1m:8s (0h:5m:43s left)
Iteration 50 / LogL: -21780.324 / Time: 0h:1m:23s (0h:5m:17s left)
Log-likelihood cutoff on original alignment: -21845.260
Estimate model parameters (epsilon = 0.100)
BETTER TREE FOUND at iteration 60: -21779.910
Iteration 60 / LogL: -21779.910 / Time: 0h:1m:39s (0h:5m:37s left)
Iteration 70 / LogL: -21785.961 / Time: 0h:1m:55s (0h:5m:18s left)
Iteration 80 / LogL: -21782.355 / Time: 0h:2m:16s (0h:5m:10s left)
Estimate model parameters (epsilon = 0.100)
BETTER TREE FOUND at iteration 84: -21779.824
Iteration 90 / LogL: -21789.868 / Time: 0h:2m:33s (0h:5m:33s left)
Iteration 100 / LogL: -21785.369 / Time: 0h:2m:48s (0h:5m:13s left)
Log-likelihood cutoff on original alignment: -21845.260
NOTE: Bootstrap correlation coefficient of split occurrence frequencies: 0.999
Iteration 110 / LogL: -21780.367 / Time: 0h:3m:5s (0h:4m:56s left)
Iteration 120 / LogL: -21785.700 / Time: 0h:3m:21s (0h:4m:37s left)
Iteration 130 / LogL: -21779.911 / Time: 0h:3m:36s (0h:4m:19s left)
Iteration 140 / LogL: -21789.247 / Time: 0h:3m:53s (0h:4m:1s left)
Iteration 150 / LogL: -21789.954 / Time: 0h:4m:10s (0h:3m:45s left)
Log-likelihood cutoff on original alignment: -21845.260
Iteration 160 / LogL: -21781.187 / Time: 0h:4m:26s (0h:3m:27s left)
Iteration 170 / LogL: -21941.503 / Time: 0h:4m:42s (0h:3m:10s left)
Iteration 180 / LogL: -21791.691 / Time: 0h:4m:58s (0h:2m:53s left)
Iteration 190 / LogL: -21779.911 / Time: 0h:5m:14s (0h:2m:36s left)
Iteration 200 / LogL: -21785.465 / Time: 0h:5m:30s (0h:2m:19s left)
Log-likelihood cutoff on original alignment: -21845.260
NOTE: Bootstrap correlation coefficient of split occurrence frequencies: 0.998
Iteration 210 / LogL: -21780.883 / Time: 0h:5m:46s (0h:2m:29s left)
Iteration 220 / LogL: -21783.115 / Time: 0h:6m:2s (0h:2m:12s left)
Estimate model parameters (epsilon = 0.100)
BETTER TREE FOUND at iteration 230: -21778.799
Iteration 230 / LogL: -21778.799 / Time: 0h:6m:18s (0h:5m:30s left)
Iteration 240 / LogL: -21780.858 / Time: 0h:6m:36s (0h:5m:14s left)
Estimate model parameters (epsilon = 0.100)
BETTER TREE FOUND at iteration 245: -21778.741
Iteration 250 / LogL: -21780.819 / Time: 0h:6m:52s (0h:5m:23s left)
Log-likelihood cutoff on original alignment: -21845.260
Iteration 260 / LogL: -21783.409 / Time: 0h:7m:9s (0h:5m:7s left)
Estimate model parameters (epsilon = 0.100)
BETTER TREE FOUND at iteration 267: -21778.619
Iteration 270 / LogL: -21783.270 / Time: 0h:7m:25s (0h:5m:26s left)
Iteration 280 / LogL: -21784.581 / Time: 0h:7m:41s (0h:5m:8s left)
UPDATE BEST LOG-LIKELIHOOD: -21778.619
Iteration 290 / LogL: -21796.519 / Time: 0h:7m:56s (0h:4m:51s left)
BETTER TREE FOUND at iteration 296: -21778.619
UPDATE BEST LOG-LIKELIHOOD: -21778.619
Iteration 300 / LogL: -21778.619 / Time: 0h:8m:12s (0h:5m:23s left)
Log-likelihood cutoff on original alignment: -21845.260
NOTE: Bootstrap correlation coefficient of split occurrence frequencies: 0.991
Iteration 310 / LogL: -21783.669 / Time: 0h:8m:29s (0h:5m:6s left)
Iteration 320 / LogL: -21778.620 / Time: 0h:8m:45s (0h:4m:49s left)
Iteration 330 / LogL: -21793.985 / Time: 0h:9m:0s (0h:4m:32s left)
UPDATE BEST LOG-LIKELIHOOD: -21778.619
Iteration 340 / LogL: -21789.859 / Time: 0h:9m:16s (0h:4m:16s left)
Iteration 350 / LogL: -21780.081 / Time: 0h:9m:33s (0h:3m:59s left)
Log-likelihood cutoff on original alignment: -21845.260
Iteration 360 / LogL: -21784.309 / Time: 0h:9m:50s (0h:3m:43s left)
Iteration 370 / LogL: -21780.080 / Time: 0h:10m:4s (0h:3m:26s left)
Iteration 380 / LogL: -21781.037 / Time: 0h:10m:21s (0h:3m:10s left)
Iteration 390 / LogL: -21812.198 / Time: 0h:10m:41s (0h:2m:54s left)
Iteration 400 / LogL: -21778.625 / Time: 0h:10m:57s (0h:2m:38s left)
Log-likelihood cutoff on original alignment: -21845.260
NOTE: Bootstrap correlation coefficient of split occurrence frequencies: 0.985
NOTE: UFBoot does not converge, continue at least 100 more iterations
Iteration 410 / LogL: -21779.379 / Time: 0h:11m:14s (0h:2m:28s left)
Iteration 420 / LogL: -21787.913 / Time: 0h:11m:30s (0h:2m:11s left)
Iteration 430 / LogL: -21779.262 / Time: 0h:11m:47s (0h:1m:55s left)
Iteration 440 / LogL: -21779.243 / Time: 0h:12m:3s (0h:1m:38s left)
UPDATE BEST LOG-LIKELIHOOD: -21778.619
UPDATE BEST LOG-LIKELIHOOD: -21778.619
Iteration 450 / LogL: -21778.619 / Time: 0h:12m:20s (0h:1m:22s left)
Log-likelihood cutoff on original alignment: -21845.260
Iteration 460 / LogL: -21790.685 / Time: 0h:12m:37s (0h:1m:6s left)
Iteration 470 / LogL: -21789.292 / Time: 0h:12m:58s (0h:0m:49s left)
Iteration 480 / LogL: -21778.623 / Time: 0h:13m:13s (0h:0m:33s left)
Iteration 490 / LogL: -21778.624 / Time: 0h:13m:30s (0h:0m:16s left)
Iteration 500 / LogL: -21784.876 / Time: 0h:13m:45s (0h:0m:0s left)
Log-likelihood cutoff on original alignment: -21845.260
NOTE: Bootstrap correlation coefficient of split occurrence frequencies: 0.988
NOTE: UFBoot does not converge, continue at least 100 more iterations
Iteration 510 / LogL: -21779.736 / Time: 0h:14m:4s (0h:2m:29s left)
Iteration 520 / LogL: -21780.294 / Time: 0h:14m:19s (0h:2m:12s left)
Iteration 530 / LogL: -21783.659 / Time: 0h:14m:36s (0h:1m:56s left)
Iteration 540 / LogL: -21780.080 / Time: 0h:14m:54s (0h:1m:39s left)
Iteration 550 / LogL: -21783.619 / Time: 0h:15m:10s (0h:1m:22s left)
Log-likelihood cutoff on original alignment: -21845.260
Iteration 560 / LogL: -21789.290 / Time: 0h:15m:28s (0h:1m:6s left)
Iteration 570 / LogL: -21778.918 / Time: 0h:15m:43s (0h:0m:49s left)
Iteration 580 / LogL: -21779.261 / Time: 0h:16m:1s (0h:0m:33s left)
Iteration 590 / LogL: -21780.345 / Time: 0h:16m:17s (0h:0m:16s left)
Iteration 600 / LogL: -21778.939 / Time: 0h:16m:33s (0h:0m:0s left)
Log-likelihood cutoff on original alignment: -21845.260
NOTE: Bootstrap correlation coefficient of split occurrence frequencies: 0.996
TREE SEARCH COMPLETED AFTER 600 ITERATIONS / Time: 0h:16m:33s

--------------------------------------------------------------------
|                    FINALIZING TREE SEARCH                        |
--------------------------------------------------------------------
Performs final model parameters optimization
Estimate model parameters (epsilon = 0.010)
1. Initial log-likelihood: -21778.619
Optimal log-likelihood: -21778.618
Gamma shape alpha: 0.860
Parameters optimization took 1 rounds (0.131 sec)
BEST SCORE FOUND : -21778.618
Creating bootstrap support values...
Split supports printed to NEXUS file results_broccoli_meto/alignments_prefiltering/OG_1404.iqtree.splits.nex
Total tree length: 47.905

Total number of iterations: 600
CPU time used for tree search: 1971.605 sec (0h:32m:51s)
Wall-clock time used for tree search: 992.444 sec (0h:16m:32s)
Total CPU time used: 1974.900 sec (0h:32m:54s)
Total wall-clock time used: 994.206 sec (0h:16m:34s)

Computing bootstrap consensus tree...
Reading input file results_broccoli_meto/alignments_prefiltering/OG_1404.iqtree.splits.nex...
79 taxa and 678 splits.
Consensus tree written to results_broccoli_meto/alignments_prefiltering/OG_1404.iqtree.contree
Reading input trees file results_broccoli_meto/alignments_prefiltering/OG_1404.iqtree.contree
Log-likelihood of consensus tree: -21784.174

Analysis results written to: 
  IQ-TREE report:                results_broccoli_meto/alignments_prefiltering/OG_1404.iqtree.iqtree
  Maximum-likelihood tree:       results_broccoli_meto/alignments_prefiltering/OG_1404.iqtree.treefile
  Likelihood distances:          results_broccoli_meto/alignments_prefiltering/OG_1404.iqtree.mldist

Ultrafast bootstrap approximation results written to:
  Split support values:          results_broccoli_meto/alignments_prefiltering/OG_1404.iqtree.splits.nex
  Consensus tree:                results_broccoli_meto/alignments_prefiltering/OG_1404.iqtree.contree
  Screen log file:               results_broccoli_meto/alignments_prefiltering/OG_1404.iqtree.log

Date and Time: Mon Dec 12 22:48:43 2022
