IQ-TREE multicore version 2.1.0 for Linux 64-bit built Jul 18 2020
Developed by Bui Quang Minh, James Barbetti, Nguyen Lam Tung,
Olga Chernomor, Heiko Schmidt, Dominik Schrempf, Michael Woodhams.

Host:    node-hp0311.linux.crg.es (AVX, 125 GB RAM)
Command: /users/asebe/xgraubove/Programes/iqtree-2.1.0-Linux/bin/iqtree2 -s results_broccoli_meto/alignments_prefiltering/OG_11112.lt.fasta -m TEST -mset LG,WAG,JTT -nt AUTO -ntmax 2 -bb 1000 -pre results_broccoli_meto/alignments_prefiltering/OG_11112.iqtree -nm 10000 -nstop 200 -cptime 1800
Seed:    841776 (Using SPRNG - Scalable Parallel Random Number Generator)
Time:    Mon Dec 12 14:18:36 2022
Kernel:  AVX - auto-detect threads (2 CPU cores detected)

Reading alignment file results_broccoli_meto/alignments_prefiltering/OG_11112.lt.fasta ... Fasta format detected
Alignment most likely contains protein sequences
Alignment has 120 sequences with 632 columns, 631 distinct patterns
609 parsimony-informative, 0 singleton sites, 23 constant sites
                                                                  Gap/Ambiguity  Composition  p-value
   1  Bolinf_Binf_sb1227070                                              40.19%    failed      0.00%
   2  Bolinf_Binf_sb1227071                                              40.51%    failed      0.00%
   3  Cgig_XM_011416821.3                                                47.47%    passed     69.06%
   4  Acagra_model.g29542.t1                                             46.36%    failed      1.49%
   5  Tcas_TC003488_001                                                  45.25%    failed      4.17%
   6  Cscu_XM_023366219.1                                                70.57%    failed      1.51%
   7  Bralan_BLAG07000916_1                                              45.09%    passed     33.22%
   8  Hsap_ENST00000353379                                               50.79%    failed      0.44%
   9  Spur_XM_011682971.2                                                51.11%    passed     15.95%
  10  Skow_XM_002741632.2                                                46.52%    passed     21.70%
  11  Dpul_mRNA731                                                       46.99%    failed      0.10%
  12  Ctel_gnl_WGS_AMQN_CAPTEDRAFT_mRNA149303                            46.84%    passed     27.77%
  13  Gasp_gasp1.m3.2530.m1                                              46.99%    passed     17.08%
  14  Amil_Amillepora09179-RA                                            46.99%    failed      2.82%
  15  Adig_XM_015924909.1                                                76.27%    failed      1.20%
  16  Gfas_gfas1.m1.1555.m1                                              46.99%    passed      5.38%
  17  Spis_XP_022781002_1                                                46.99%    passed     12.06%
  18  Pocdam_XM_027190771.1                                              46.99%    passed      6.18%
  19  Exapal_XM_021042123.2                                              46.99%    passed     29.06%
  20  Nvec_v1g237661                                                     47.31%    passed     39.67%
  21  Ocar_g2436                                                         63.77%    passed     14.31%
  22  Opea_EP00118_Oscarella_pearsei_P009582                             45.09%    failed      4.84%
  23  Sanmal_Sma_001718-T1                                               47.63%    passed     30.27%
  24  Nemnom_g4694.t1                                                    47.63%    passed     15.78%
  25  Rhoesc_Res_008642-T1                                               47.63%    passed      9.67%
  26  Morvir_scaffold168.g22.t1                                          46.36%    failed      1.39%
  27  Tetwil_g3232.t1                                                    48.10%    failed      3.46%
  28  Stycar_augustus_masked-SC_scaffold7384-processed-gene-0.9-mRNA-1   49.21%    failed      4.75%
  29  Spolac_c80587_g1_i1_m.2670c80587-g1                                68.51%    failed      3.70%
  30  Plespi_Pspi_scaffold18573_01                                       48.10%    passed     21.27%
  31  Aque_Aqu2.1.39862_001                                              49.21%    failed      0.91%
  32  Xestes_maker-XT_scaffold4091-augustus-gene-0.49-mRNA-1             28.48%    failed      1.09%
  33  Emue_Em0008g1231a.t1                                               61.55%    failed      3.75%
  34  Dgig_XM_028536593.1                                                47.78%    failed      3.90%
  35  Xesp_005425-T1                                                     48.10%    failed      0.24%
  36  HoiH23_PlH23_000650-RA                                             52.53%    failed      1.77%
  37  HoiH06_mRNA6413                                                    52.53%    failed      2.07%
  38  Hhon_g02631.t1                                                     52.53%    failed      1.38%
  39  HoiH04_mRNA10010                                                   52.53%    failed      2.03%
  40  HoiH11_mRNA5953                                                    52.53%    failed      0.62%
  41  TrH2_TrispH2_010945-RA                                             52.53%    passed      9.03%
  42  Tadh_TriadT28456                                                   55.38%    failed      2.73%
  43  Hvul_g24672_1                                                      66.93%    failed      0.34%
  44  Amil_Amillepora18971-RA                                            31.17%    failed      0.19%
  45  Amil_Amillepora18961-RA                                            15.35%    failed      1.71%
  46  Adig_XM_015897901.1                                                62.66%    passed     24.65%
  47  Adig_XM_015919537.1                                                19.46%    passed     75.17%
  48  Gfas_gfas1.m1.157.m1                                                1.27%    passed     10.29%
  49  Pocdam_XM_027197538.1                                               1.42%    failed      3.91%
  50  Gasp_gasp1.m3.16892.m1                                              1.11%    failed      0.87%
  51  Gasp_gasp1.m3.16895.m1                                             91.14%    passed      6.16%
  52  Spis_XP_022798762_1                                                 1.42%    failed      0.04%
  53  Fspp_ffun1.m4.18833.m1                                              5.38%    failed      0.62%
  54  Exapal_XM_021039668.2                                               8.70%    failed      0.16%
  55  Aaur_scaffold250.g13.t1                                            85.44%    passed      5.04%
  56  Morvir_scaffold50.g2.t1                                             2.53%    passed      7.70%
  57  Nemnom_g2164.t1                                                     9.97%    failed      0.00%
  58  Spolac_c99543_g1_i4_m.19955c99543-g1                               71.84%    passed     37.90%
  59  Spolac_c99543_g1_i3_m.19953c99543-g1                               12.82%    passed      6.25%
  60  Emue_Em0008g1070a.t1                                               13.45%    failed      1.57%
  61  Spolac_c99543_g1_i2_m.19951c99543-g1                               76.58%    passed     21.66%
  62  Tetwil_g24732.t1                                                   57.44%    passed     12.88%
  63  Stycar_maker-SC_scaffold3026-augustus-gene-0.17-mRNA-1              5.22%    failed      0.37%
  64  Aque_Aqu2.1.16443_001                                              11.39%    passed     55.75%
  65  Xestes_snap_masked-XT_scaffold4618-processed-gene-0.5-mRNA-1        9.65%    passed     92.64%
  66  Halamb_c57072_g1_i1m.44579                                         75.47%    failed      0.04%
  67  Hsap_ENST00000407249                                                1.27%    failed      0.01%
  68  Hsap_ENST00000378633                                                2.06%    failed      0.02%
  69  HoiH23_PlH23_007202-RA                                              4.11%    passed     20.53%
  70  HoiH06_mRNA5160                                                     6.17%    passed     10.23%
  71  Hhon_g10579.t1                                                      4.11%    passed     30.47%
  72  HoiH04_mRNA12785                                                    4.11%    passed     40.48%
  73  TrH2_TrispH2_006186-RA                                              6.80%    passed     35.37%
  74  Tadh_TriadT31125                                                   38.92%    passed     98.07%
  75  Cgig_XM_034481530.1                                                 8.39%    passed      8.83%
  76  Ctel_gnl_WGS_AMQN_CAPTEDRAFT_mRNA176582                            43.51%    passed     67.77%
  77  Acagra_model.g31219.t1.1.5d3b8d48                                   6.01%    passed      8.02%
  78  Cscu_XM_023387263.1                                                 8.07%    passed     19.71%
  79  Dpul_mRNA308                                                       50.00%    passed     78.81%
  80  Tcas_TC012582_001                                                  11.87%    passed     68.74%
  81  Sanmal_Sma_027326-T1                                                3.96%    failed      0.00%
  82  Sanmal_Sma_027342-T1                                                4.11%    failed      0.00%
  83  Lcom_lcpid70598                                                    35.28%    passed     35.07%
  84  Scil_scict023578.1                                                  7.28%    failed      0.00%
  85  Gracom_Gcom_scaffold15436_01                                        7.44%    failed      0.36%
  86  Leuniv_Lniv_scaffold21212_01                                        4.43%    failed      0.18%
  87  Clacor_Ccor_C541781_01                                             45.57%    passed      7.14%
  88  Plajan_Pjan_scaffold8057_01                                        14.40%    passed     10.81%
  89  Bralan_BLAG06000108_1                                               2.22%    failed      0.11%
  90  Pbac_sb2667118                                                     31.96%    passed     42.87%
  91  Horcal_Hcv1.av93.c5.g161.i1                                        15.03%    passed     55.26%
  92  Bolinf_Binf_sb1207918                                              45.89%    passed      9.63%
  93  Vmul_sbMO389744                                                    60.13%    failed      2.57%
  94  Mlei_ML0216.g1.i1                                                   9.49%    passed     21.00%
  95  Mertsp_Mesp_sb565249                                               54.43%    passed      9.34%
  96  Drygla_Dgla_sb289662                                               38.77%    passed      5.65%
  97  Beraby_Baby_sb342769                                               10.76%    passed     68.48%
  98  Vmul_Simscaffold7050_01                                            16.77%    passed     89.84%
  99  Coemet_Cmet_scaffold20941_01                                       30.06%    passed     26.91%
 100  Coeast_Cast_sb826044                                               31.65%    passed     21.15%
 101  Coeast_Cast_sb826061                                               15.82%    passed     95.99%
 102  Coeast_Cast_sb826065                                               20.57%    passed     96.42%
 103  Lampan_Lpan_10969_01                                               12.34%    passed     34.59%
 104  Eupdun_Edun_sb10625880                                             54.11%    passed     85.80%
 105  Tcas_TC012583_001                                                  21.52%    passed     74.71%
 106  Rhoesc_Res_001012-T1                                                4.27%    failed      0.02%
 107  Skow_XM_006822969.1                                                 4.27%    failed      2.64%
 108  Opea_EP00118_Oscarella_pearsei_P000388                              9.65%    passed     40.87%
 109  Nvec_v1g105784                                                      0.63%    failed      0.13%
 110  Dgig_XM_028537846.1                                                 3.96%    passed     35.35%
 111  Xesp_012637-T1                                                      6.49%    passed     39.01%
 112  Hvul_g4093_1                                                       12.34%    passed     84.73%
 113  Plespi_Pspi_scaffold20507_01                                        7.44%    passed     18.29%
 114  Leuniv_Lniv_scaffold22469_01                                       41.14%    failed      0.10%
 115  Scil_scict000926.2                                                 38.61%    failed      0.15%
 116  Halamb_c40816_g1_i1m.13123                                         32.91%    failed      0.88%
 117  Cscu_XM_023386324.1                                                61.23%    failed      0.18%
 118  Lcom_lcpid116345                                                   74.84%    failed      0.00%
 119  Lcom_lcpid117729                                                   59.49%    failed      0.01%
 120  Amil_Amillepora36800-RA                                            47.31%    failed      0.04%
WARNING: 28 sequences contain more than 50% gaps/ambiguity
****  TOTAL                                                              33.61%  56 sequences failed composition chi2 test (p-value<5%; df=19)


Create initial parsimony tree by phylogenetic likelihood library (PLL)... 0.057 seconds
Measuring multi-threading efficiency up to 2 CPU cores
8 trees examined
Threads: 1 / Time: 2.239 sec / Speedup: 1.000 / Efficiency: 100% / LogL: -84520
Threads: 2 / Time: 1.128 sec / Speedup: 1.986 / Efficiency: 99% / LogL: -84520
BEST NUMBER OF THREADS: 2

Perform fast likelihood tree search using LG+I+G model...
Estimate model parameters (epsilon = 5.000)
Perform nearest neighbor interchange...
Estimate model parameters (epsilon = 1.000)
1. Initial log-likelihood: -54249.408
Optimal log-likelihood: -54249.229
Proportion of invariable sites: 0.033
Gamma shape alpha: 0.964
Parameters optimization took 1 rounds (0.417 sec)
Time for fast ML tree search: 4.133 seconds

NOTE: ModelFinder requires 50 MB RAM!
ModelFinder will test up to 24 protein models (sample size: 632) ...
 No. Model         -LnL         df  AIC          AICc         BIC
  1  LG            58121.725    237 116717.449   117003.774   117771.836
  2  LG+I          57711.802    238 115899.604   116189.080   116958.440
  3  LG+G4         54297.402    238 109070.804   109360.280   110129.640
  4  LG+I+G4       54249.217    239 108976.433   109269.086   110039.718
  8  LG+F+I+G4     53786.382    258 108088.763   108447.058   109236.577
 12  WAG+I+G4      54376.762    239 109231.523   109524.176   110294.808
 16  WAG+F+I+G4    53948.912    258 108413.824   108772.119   109561.638
 20  JTT+I+G4      54491.637    239 109461.274   109753.927   110524.559
 24  JTT+F+I+G4    53930.587    258 108377.175   108735.470   109524.988
Akaike Information Criterion:           LG+F+I+G4
Corrected Akaike Information Criterion: LG+F+I+G4
Bayesian Information Criterion:         LG+F+I+G4
Best-fit model: LG+F+I+G4 chosen according to BIC

All model information printed to results_broccoli_meto/alignments_prefiltering/OG_11112.iqtree.model.gz
CPU time for ModelFinder: 36.484 seconds (0h:0m:36s)
Wall-clock time for ModelFinder: 20.285 seconds (0h:0m:20s)
Generating 1000 samples for ultrafast bootstrap (seed: 841776)...

NOTE: 50 MB RAM (0 GB) is required!
Estimate model parameters (epsilon = 0.100)
Thoroughly optimizing +I+G parameters from 10 start values...
Init pinv, alpha: 0.000, 0.964 / Estimate: 0.033, 0.965 / LogL: -53786.383
Init pinv, alpha: 0.004, 0.964 / Estimate: 0.033, 0.965 / LogL: -53786.384
Init pinv, alpha: 0.008, 0.964 / Estimate: 0.033, 0.965 / LogL: -53786.382
Init pinv, alpha: 0.012, 0.964 / Estimate: 0.033, 0.965 / LogL: -53786.384
Init pinv, alpha: 0.016, 0.964 / Estimate: 0.033, 0.965 / LogL: -53786.383
Init pinv, alpha: 0.020, 0.964 / Estimate: 0.033, 0.965 / LogL: -53786.389
Init pinv, alpha: 0.024, 0.964 / Estimate: 0.033, 0.965 / LogL: -53786.385
Init pinv, alpha: 0.028, 0.964 / Estimate: 0.033, 0.965 / LogL: -53786.382
Init pinv, alpha: 0.032, 0.964 / Estimate: 0.033, 0.964 / LogL: -53786.381
Init pinv, alpha: 0.036, 0.964 / Estimate: 0.033, 0.964 / LogL: -53786.383
Optimal pinv,alpha: 0.033, 0.964 / LogL: -53786.381

Parameters optimization took 11.655 sec
Computing ML distances based on estimated model parameters...
Computing ML distances took 0.989634 sec (of wall-clock time) 1.970398 sec(of CPU time)
WARNING: Some pairwise ML distances are too long (saturated)
Computing RapidNJ tree took 0.002201 sec (of wall-clock time) 0.001170 sec (of CPU time)
Log-likelihood of RapidNJ tree: -54434.096
--------------------------------------------------------------------
|             INITIALIZING CANDIDATE TREE SET                      |
--------------------------------------------------------------------
Generating 98 parsimony trees... 7.133 second
Computing log-likelihood of 98 initial trees ... 13.107 seconds
Current best score: -53786.381

Do NNI search on 20 best initial trees
Estimate model parameters (epsilon = 0.100)
BETTER TREE FOUND at iteration 1: -53781.910
Estimate model parameters (epsilon = 0.100)
BETTER TREE FOUND at iteration 2: -53773.539
Estimate model parameters (epsilon = 0.100)
BETTER TREE FOUND at iteration 6: -53765.731
Iteration 10 / LogL: -53778.511 / Time: 0h:1m:2s
Iteration 20 / LogL: -53780.358 / Time: 0h:1m:31s
Finish initializing candidate tree set (20)
Current best tree score: -53765.731 / CPU time: 76.835
Number of iterations: 20
--------------------------------------------------------------------
|               OPTIMIZING CANDIDATE TREE SET                      |
--------------------------------------------------------------------
Estimate model parameters (epsilon = 0.100)
BETTER TREE FOUND at iteration 28: -53764.940
Iteration 30 / LogL: -53778.592 / Time: 0h:2m:9s (0h:14m:41s left)
Estimate model parameters (epsilon = 0.100)
BETTER TREE FOUND at iteration 31: -53762.564
Iteration 40 / LogL: -53784.515 / Time: 0h:2m:45s (0h:13m:31s left)
Estimate model parameters (epsilon = 0.100)
UPDATE BEST LOG-LIKELIHOOD: -53762.530
Iteration 50 / LogL: -53763.831 / Time: 0h:3m:20s (0h:12m:21s left)
Log-likelihood cutoff on original alignment: -53841.212
Estimate model parameters (epsilon = 0.100)
BETTER TREE FOUND at iteration 51: -53761.591
Iteration 60 / LogL: -53761.795 / Time: 0h:3m:56s (0h:12m:45s left)
Estimate model parameters (epsilon = 0.100)
BETTER TREE FOUND at iteration 67: -53761.219
Iteration 70 / LogL: -53764.933 / Time: 0h:4m:30s (0h:12m:53s left)
Estimate model parameters (epsilon = 0.100)
BETTER TREE FOUND at iteration 73: -53760.147
Iteration 80 / LogL: -53761.626 / Time: 0h:5m:2s (0h:12m:19s left)
Iteration 90 / LogL: -53760.700 / Time: 0h:5m:35s (0h:11m:30s left)
Iteration 100 / LogL: -53761.307 / Time: 0h:6m:7s (0h:10m:41s left)
Log-likelihood cutoff on original alignment: -53841.212
NOTE: Bootstrap correlation coefficient of split occurrence frequencies: 0.996
Iteration 110 / LogL: -53761.947 / Time: 0h:6m:41s (0h:10m:0s left)
Iteration 120 / LogL: -53761.812 / Time: 0h:7m:14s (0h:9m:18s left)
Iteration 130 / LogL: -53762.905 / Time: 0h:7m:46s (0h:8m:37s left)
Iteration 140 / LogL: -53968.817 / Time: 0h:8m:17s (0h:7m:56s left)
Iteration 150 / LogL: -53761.717 / Time: 0h:8m:50s (0h:7m:17s left)
Log-likelihood cutoff on original alignment: -53841.212
Iteration 160 / LogL: -53763.081 / Time: 0h:9m:24s (0h:6m:41s left)
Iteration 170 / LogL: -53760.197 / Time: 0h:9m:58s (0h:6m:4s left)
Iteration 180 / LogL: -53762.717 / Time: 0h:10m:32s (0h:5m:28s left)
Iteration 190 / LogL: -53761.292 / Time: 0h:11m:6s (0h:4m:52s left)
Iteration 200 / LogL: -53765.993 / Time: 0h:11m:38s (0h:4m:16s left)
Log-likelihood cutoff on original alignment: -53833.803
NOTE: Bootstrap correlation coefficient of split occurrence frequencies: 0.998
Iteration 210 / LogL: -53760.878 / Time: 0h:12m:11s (0h:5m:14s left)
Iteration 220 / LogL: -53762.473 / Time: 0h:12m:45s (0h:4m:39s left)
Iteration 230 / LogL: -53765.926 / Time: 0h:13m:18s (0h:4m:4s left)
Iteration 240 / LogL: -53766.474 / Time: 0h:13m:51s (0h:3m:28s left)
Iteration 250 / LogL: -53760.312 / Time: 0h:14m:23s (0h:2m:53s left)
Log-likelihood cutoff on original alignment: -53833.803
Iteration 260 / LogL: -53761.871 / Time: 0h:14m:54s (0h:2m:18s left)
Iteration 270 / LogL: -53766.988 / Time: 0h:15m:27s (0h:1m:43s left)
TREE SEARCH COMPLETED AFTER 274 ITERATIONS / Time: 0h:15m:41s

--------------------------------------------------------------------
|                    FINALIZING TREE SEARCH                        |
--------------------------------------------------------------------
Performs final model parameters optimization
Estimate model parameters (epsilon = 0.010)
1. Initial log-likelihood: -53760.147
Optimal log-likelihood: -53760.146
Proportion of invariable sites: 0.033
Gamma shape alpha: 0.965
Parameters optimization took 1 rounds (0.420 sec)
BEST SCORE FOUND : -53760.146
Creating bootstrap support values...
Split supports printed to NEXUS file results_broccoli_meto/alignments_prefiltering/OG_11112.iqtree.splits.nex
Total tree length: 59.825

Total number of iterations: 274
CPU time used for tree search: 1824.351 sec (0h:30m:24s)
Wall-clock time used for tree search: 926.309 sec (0h:15m:26s)
Total CPU time used: 1854.034 sec (0h:30m:54s)
Total wall-clock time used: 942.486 sec (0h:15m:42s)

Computing bootstrap consensus tree...
Reading input file results_broccoli_meto/alignments_prefiltering/OG_11112.iqtree.splits.nex...
120 taxa and 494 splits.
Consensus tree written to results_broccoli_meto/alignments_prefiltering/OG_11112.iqtree.contree
Reading input trees file results_broccoli_meto/alignments_prefiltering/OG_11112.iqtree.contree
Log-likelihood of consensus tree: -53760.151

Analysis results written to: 
  IQ-TREE report:                results_broccoli_meto/alignments_prefiltering/OG_11112.iqtree.iqtree
  Maximum-likelihood tree:       results_broccoli_meto/alignments_prefiltering/OG_11112.iqtree.treefile
  Likelihood distances:          results_broccoli_meto/alignments_prefiltering/OG_11112.iqtree.mldist

Ultrafast bootstrap approximation results written to:
  Split support values:          results_broccoli_meto/alignments_prefiltering/OG_11112.iqtree.splits.nex
  Consensus tree:                results_broccoli_meto/alignments_prefiltering/OG_11112.iqtree.contree
  Screen log file:               results_broccoli_meto/alignments_prefiltering/OG_11112.iqtree.log

Date and Time: Mon Dec 12 14:34:43 2022
