IQ-TREE multicore version 2.1.0 for Linux 64-bit built Jul 18 2020
Developed by Bui Quang Minh, James Barbetti, Nguyen Lam Tung,
Olga Chernomor, Heiko Schmidt, Dominik Schrempf, Michael Woodhams.

Host:    trantor09.linux.crg.es (AVX, FMA3, 503 GB RAM)
Command: /users/asebe/xgraubove/Programes/iqtree-2.1.0-Linux/bin/iqtree2 -s results_broccoli_meto/alignments_prefiltering/OG_1481.lt.fasta -m TEST -mset LG,WAG,JTT -nt AUTO -ntmax 2 -bb 1000 -pre results_broccoli_meto/alignments_prefiltering/OG_1481.iqtree -nm 10000 -nstop 200 -cptime 1800
Seed:    805145 (Using SPRNG - Scalable Parallel Random Number Generator)
Time:    Mon Dec 12 23:59:33 2022
Kernel:  AVX+FMA - auto-detect threads (2 CPU cores detected)

Reading alignment file results_broccoli_meto/alignments_prefiltering/OG_1481.lt.fasta ... Fasta format detected
Alignment most likely contains protein sequences
Alignment has 65 sequences with 182 columns, 182 distinct patterns
181 parsimony-informative, 0 singleton sites, 1 constant sites
                                                     Gap/Ambiguity  Composition  p-value
   1  Lcom_lcpid100082                                       7.69%    passed     10.20%
   2  Lcom_lcpid234885                                      56.04%    passed     34.09%
   3  Scil_scict020668.1                                     7.69%    passed     70.94%
   4  Gracom_Gcom_C544120_01                                 8.24%    passed     61.31%
   5  Leuniv_Lniv_scaffold18910_01                           7.69%    passed     40.22%
   6  Clacor_Ccor_scaffold807_01                            13.19%    passed     94.17%
   7  Gasp_gasp1.m3.14519.m1                                47.25%    passed     19.33%
   8  Gasp_gasp1.m3.14520.m1                                43.96%    passed     25.39%
   9  Stycar_maker-SC_scaffold93970-snap-gene-0.84-mRNA-1   52.20%    passed     69.74%
  10  Emue_Em0015g920a.t1                                   32.97%    passed     90.57%
  11  Spolac_c85157_g1_i1_m.3648c85157-g1                   32.97%    passed     97.54%
  12  Tetwil_g18683.t1                                      32.42%    passed     76.19%
  13  Opea_EP00118_Oscarella_pearsei_P018921                25.82%    passed     74.87%
  14  Ocar_g6135                                            26.37%    passed     35.20%
  15  Hhon_g04403.t1                                        29.12%    passed     99.37%
  16  HoiH04_mRNA4473                                       29.12%    passed     99.37%
  17  HoiH11_mRNA2159                                       29.12%    passed     99.33%
  18  HoiH06_mRNA12382                                      52.75%    passed     59.02%
  19  HoiH23_PlH23_003706-RA                                29.12%    passed     98.29%
  20  TrH2_TrispH2_007087-RA                                28.57%    passed     99.91%
  21  Tadh_TriadT58627                                      28.57%    passed     99.86%
  22  Aque_Aqu2.1.20518_001                                 26.37%    passed     83.26%
  23  Fspp_ffun1.m4.6150.m1                                 25.27%    passed     70.74%
  24  Spis_XP_022798518_1                                   25.82%    passed     66.26%
  25  Pocdam_XM_027196658.1                                 25.82%    passed     70.09%
  26  Amil_Amillepora12445-RA                               21.98%    passed     68.62%
  27  Gfas_gfas1.m1.872.m1                                  21.98%    passed     47.67%
  28  Nvec_v1g80692                                         23.63%    passed     97.36%
  29  Exapal_XM_021057438.2                                 33.52%    passed     98.57%
  30  Dgig_XM_028535239.1                                   25.82%    passed     97.81%
  31  Sanmal_Sma_008913-T1                                  29.12%    passed     23.72%
  32  Nemnom_g9817.t1                                       45.60%    passed     17.65%
  33  Rhoesc_Res_003352-T1                                  28.57%    passed     98.37%
  34  Hvul_g30260_1                                         17.58%    passed     53.17%
  35  Chem_TCONS_00004616                                   19.23%    passed     35.31%
  36  Xesp_013399-T1                                        33.52%    passed     92.50%
  37  Morvir_scaffold206.g5.t1                              25.82%    passed     87.44%
  38  Cgig_XM_011419723.3                                    8.79%    passed     96.75%
  39  Acagra_model.g1248.t1                                  8.79%    passed     54.41%
  40  Cscu_XM_023365958.1                                    9.89%    passed     99.97%
  41  Dpul_mRNA15804                                         9.34%    passed     77.17%
  42  Tcas_TC004871_001                                      9.34%    passed     96.33%
  43  Ctel_gnl_WGS_AMQN_CAPTEDRAFT_mRNA153190                8.79%    passed     62.47%
  44  Bralan_BLAG15000497_1                                 19.23%    passed     44.14%
  45  Spur_XM_786535.5                                       7.69%    passed     81.72%
  46  Skow_XM_002742107.2                                   11.54%    passed     98.78%
  47  Hsap_ENST00000370242                                   7.14%    passed      6.89%
  48  Coemet_Cmet_scaffold20320_01                           2.20%    passed     96.13%
  49  Coeast_Cast_sb787655                                   2.20%    passed     99.42%
  50  Coeast_Cast_sb787656                                   7.14%    passed     99.47%
  51  Coeast_Cast_sb787657                                  11.54%    passed     98.67%
  52  Coeast_Cast_sb787658                                  14.84%    passed     96.01%
  53  Vmul_Simscaffold16385_01                               2.20%    passed     76.17%
  54  Pbac_sb2637995                                        30.77%    passed     96.46%
  55  Horcal_Hcv1.av93.c11.g94.i1                            3.30%    passed     89.56%
  56  Bolinf_Binf_sb1226537                                  1.10%    passed     88.06%
  57  Bolinf_Binf_sb1226539                                  4.40%    passed     88.18%
  58  Bolinf_Binf_sb1226538                                  3.85%    passed     85.47%
  59  Mertsp_Mesp_sb571315                                   3.85%    passed     85.47%
  60  Mertsp_Mesp_sb571316                                   3.85%    passed     91.19%
  61  Mlei_ML0866.g26.i1                                     1.10%    passed     62.77%
  62  Beraby_Baby_sb329855                                   1.10%    passed     97.07%
  63  Drygla_Dgla_sb292491                                   3.85%    passed     57.90%
  64  Lampan_Lpan_14847_01                                   1.10%    passed     28.05%
  65  Eupdun_Edun_sb10651324                                15.38%    passed     40.31%
WARNING: 3 sequences contain more than 50% gaps/ambiguity
****  TOTAL                                                 19.46%  0 sequences failed composition chi2 test (p-value<5%; df=19)
NOTE: HoiH04_mRNA4473 is identical to Hhon_g04403.t1 but kept for subsequent analysis
NOTE: Mertsp_Mesp_sb571315 is identical to Bolinf_Binf_sb1226538 but kept for subsequent analysis


Create initial parsimony tree by phylogenetic likelihood library (PLL)... 0.018 seconds
Measuring multi-threading efficiency up to 2 CPU cores
Increase to 10 rounds for branch lengths
4 trees examined
Threads: 1 / Time: 2.241 sec / Speedup: 1.000 / Efficiency: 100% / LogL: -18738
Threads: 2 / Time: 1.848 sec / Speedup: 1.212 / Efficiency: 61% / LogL: -18738
BEST NUMBER OF THREADS: 2

Perform fast likelihood tree search using LG+I+G model...
Estimate model parameters (epsilon = 5.000)
Perform nearest neighbor interchange...
Estimate model parameters (epsilon = 1.000)
1. Initial log-likelihood: -11398.226
Optimal log-likelihood: -11398.194
Proportion of invariable sites: 0.003
Gamma shape alpha: 1.920
Parameters optimization took 1 rounds (0.185 sec)
Time for fast ML tree search: 1.891 seconds

NOTE: ModelFinder requires 8 MB RAM!
ModelFinder will test up to 24 protein models (sample size: 182) ...
 No. Model         -LnL         df  AIC          AICc         BIC
  1  LG            11638.144    127 23530.287    24132.361    23937.196
  2  LG+I          11630.097    128 23516.194    24139.288    23926.307
  3  LG+G4         11398.547    128 23053.094    23676.188    23463.207
  4  LG+I+G4       11398.189    129 23054.379    23699.379    23467.696
  7  LG+F+G4       11379.377    147 23052.755    24332.519    23523.744
  8  LG+F+I+G4     11378.961    148 23053.923    24390.408    23528.116
 11  WAG+G4        11429.081    128 23114.162    23737.257    23524.275
 12  WAG+I+G4      11428.671    129 23115.342    23760.342    23528.659
 15  WAG+F+G4      11402.536    147 23099.072    24378.837    23570.061
 16  WAG+F+I+G4    11401.948    148 23099.895    24436.380    23574.088
 19  JTT+G4        11487.163    128 23230.325    23853.419    23640.438
 20  JTT+I+G4      11487.149    129 23232.297    23877.297    23645.614
 23  JTT+F+G4      11455.751    147 23205.501    24485.266    23676.490
 24  JTT+F+I+G4    11455.665    148 23207.330    24543.815    23681.523
Akaike Information Criterion:           LG+F+G4
Corrected Akaike Information Criterion: LG+G4
Bayesian Information Criterion:         LG+G4
Best-fit model: LG+G4 chosen according to BIC

All model information printed to results_broccoli_meto/alignments_prefiltering/OG_1481.iqtree.model.gz
CPU time for ModelFinder: 23.140 seconds (0h:0m:23s)
Wall-clock time for ModelFinder: 12.774 seconds (0h:0m:12s)
Generating 1000 samples for ultrafast bootstrap (seed: 805145)...

NOTE: 8 MB RAM (0 GB) is required!
Estimate model parameters (epsilon = 0.100)
1. Initial log-likelihood: -11398.547
Optimal log-likelihood: -11398.543
Gamma shape alpha: 1.885
Parameters optimization took 1 rounds (0.160 sec)
Computing ML distances based on estimated model parameters...
Computing ML distances took 0.611879 sec (of wall-clock time) 1.223693 sec(of CPU time)
Computing RapidNJ tree took 0.001308 sec (of wall-clock time) 0.000603 sec (of CPU time)
Log-likelihood of RapidNJ tree: -11471.666
--------------------------------------------------------------------
|             INITIALIZING CANDIDATE TREE SET                      |
--------------------------------------------------------------------
Generating 98 parsimony trees... 1.768 second
Computing log-likelihood of 98 initial trees ... 5.356 seconds
Current best score: -11398.543

Do NNI search on 20 best initial trees
Estimate model parameters (epsilon = 0.100)
BETTER TREE FOUND at iteration 1: -11398.542
Estimate model parameters (epsilon = 0.100)
BETTER TREE FOUND at iteration 2: -11395.565
Estimate model parameters (epsilon = 0.100)
BETTER TREE FOUND at iteration 5: -11395.231
Iteration 10 / LogL: -11396.138 / Time: 0h:0m:18s
Estimate model parameters (epsilon = 0.100)
BETTER TREE FOUND at iteration 15: -11393.925
Iteration 20 / LogL: -11395.632 / Time: 0h:0m:30s
Finish initializing candidate tree set (17)
Current best tree score: -11393.925 / CPU time: 29.658
Number of iterations: 20
--------------------------------------------------------------------
|               OPTIMIZING CANDIDATE TREE SET                      |
--------------------------------------------------------------------
Iteration 30 / LogL: -11394.057 / Time: 0h:0m:44s (0h:4m:43s left)
Iteration 40 / LogL: -11394.116 / Time: 0h:0m:59s (0h:4m:24s left)
Iteration 50 / LogL: -11396.949 / Time: 0h:1m:13s (0h:4m:8s left)
Log-likelihood cutoff on original alignment: -11427.240
Iteration 60 / LogL: -11394.098 / Time: 0h:1m:28s (0h:3m:53s left)
Iteration 70 / LogL: -11394.636 / Time: 0h:1m:42s (0h:3m:35s left)
Iteration 80 / LogL: -11393.979 / Time: 0h:1m:56s (0h:3m:19s left)
Iteration 90 / LogL: -11397.161 / Time: 0h:2m:10s (0h:3m:3s left)
Iteration 100 / LogL: -11394.135 / Time: 0h:2m:25s (0h:2m:49s left)
Log-likelihood cutoff on original alignment: -11427.240
NOTE: Bootstrap correlation coefficient of split occurrence frequencies: 0.996
Iteration 110 / LogL: -11394.632 / Time: 0h:2m:41s (0h:2m:35s left)
Iteration 120 / LogL: -11393.926 / Time: 0h:2m:54s (0h:2m:19s left)
Iteration 130 / LogL: -11394.638 / Time: 0h:3m:8s (0h:2m:4s left)
Iteration 140 / LogL: -11393.926 / Time: 0h:3m:22s (0h:1m:49s left)
Iteration 150 / LogL: -11394.292 / Time: 0h:3m:36s (0h:1m:34s left)
Log-likelihood cutoff on original alignment: -11427.150
Iteration 160 / LogL: -11395.561 / Time: 0h:3m:51s (0h:1m:20s left)
Iteration 170 / LogL: -11395.825 / Time: 0h:4m:4s (0h:1m:5s left)
Iteration 180 / LogL: -11393.925 / Time: 0h:4m:19s (0h:0m:50s left)
Iteration 190 / LogL: -11393.936 / Time: 0h:4m:33s (0h:0m:36s left)
Iteration 200 / LogL: -11393.925 / Time: 0h:4m:47s (0h:0m:21s left)
Log-likelihood cutoff on original alignment: -11427.150
NOTE: Bootstrap correlation coefficient of split occurrence frequencies: 0.997
Iteration 210 / LogL: -11393.929 / Time: 0h:5m:1s (0h:2m:10s left)
TREE SEARCH COMPLETED AFTER 216 ITERATIONS / Time: 0h:5m:11s

--------------------------------------------------------------------
|                    FINALIZING TREE SEARCH                        |
--------------------------------------------------------------------
Performs final model parameters optimization
Estimate model parameters (epsilon = 0.010)
1. Initial log-likelihood: -11393.925
Optimal log-likelihood: -11393.925
Gamma shape alpha: 1.848
Parameters optimization took 1 rounds (0.158 sec)
BEST SCORE FOUND : -11393.925
Creating bootstrap support values...
Split supports printed to NEXUS file results_broccoli_meto/alignments_prefiltering/OG_1481.iqtree.splits.nex
Total tree length: 25.168

Total number of iterations: 216
CPU time used for tree search: 613.787 sec (0h:10m:13s)
Wall-clock time used for tree search: 310.011 sec (0h:5m:10s)
Total CPU time used: 617.045 sec (0h:10m:17s)
Total wall-clock time used: 311.834 sec (0h:5m:11s)

Computing bootstrap consensus tree...
Reading input file results_broccoli_meto/alignments_prefiltering/OG_1481.iqtree.splits.nex...
65 taxa and 388 splits.
Consensus tree written to results_broccoli_meto/alignments_prefiltering/OG_1481.iqtree.contree
Reading input trees file results_broccoli_meto/alignments_prefiltering/OG_1481.iqtree.contree
Log-likelihood of consensus tree: -11393.929

Analysis results written to: 
  IQ-TREE report:                results_broccoli_meto/alignments_prefiltering/OG_1481.iqtree.iqtree
  Maximum-likelihood tree:       results_broccoli_meto/alignments_prefiltering/OG_1481.iqtree.treefile
  Likelihood distances:          results_broccoli_meto/alignments_prefiltering/OG_1481.iqtree.mldist

Ultrafast bootstrap approximation results written to:
  Split support values:          results_broccoli_meto/alignments_prefiltering/OG_1481.iqtree.splits.nex
  Consensus tree:                results_broccoli_meto/alignments_prefiltering/OG_1481.iqtree.contree
  Screen log file:               results_broccoli_meto/alignments_prefiltering/OG_1481.iqtree.log

Date and Time: Tue Dec 13 00:04:59 2022
