IQ-TREE multicore version 2.1.0 for Linux 64-bit built Jul 18 2020
Developed by Bui Quang Minh, James Barbetti, Nguyen Lam Tung,
Olga Chernomor, Heiko Schmidt, Dominik Schrempf, Michael Woodhams.

Host:    node-hp0513.linux.crg.es (AVX, 125 GB RAM)
Command: /users/asebe/xgraubove/Programes/iqtree-2.1.0-Linux/bin/iqtree2 -s results_broccoli_meto/alignments_prefiltering/OG_130.lt.fasta -m TEST -mset LG,WAG,JTT -nt AUTO -ntmax 2 -bb 1000 -pre results_broccoli_meto/alignments_prefiltering/OG_130.iqtree -nm 10000 -nstop 200 -cptime 1800
Seed:    425123 (Using SPRNG - Scalable Parallel Random Number Generator)
Time:    Mon Dec 12 17:25:16 2022
Kernel:  AVX - auto-detect threads (2 CPU cores detected)

Reading alignment file results_broccoli_meto/alignments_prefiltering/OG_130.lt.fasta ... Fasta format detected
Alignment most likely contains protein sequences
Alignment has 69 sequences with 673 columns, 673 distinct patterns
658 parsimony-informative, 0 singleton sites, 15 constant sites
                                                                   Gap/Ambiguity  Composition  p-value
   1  Lcom_lcpid35190                                                      3.86%    passed     70.51%
   2  Lcom_lcpid36771                                                      3.86%    passed     70.51%
   3  Gracom_Gcom_scaffold14083_01                                         3.86%    passed     83.98%
   4  Leuniv_Lniv_scaffold20632_01                                         3.86%    passed     57.31%
   5  Opea_EP00118_Oscarella_pearsei_P010429                              92.57%    passed     37.18%
   6  Opea_EP00118_Oscarella_pearsei_P010430                               2.67%    failed      2.63%
   7  Ocar_g3887                                                          10.25%    failed      2.29%
   8  Plajan_Pjan_scaffold23755_01                                         2.82%    passed     62.00%
   9  Clacor_Ccor_scaffold14847_01                                        39.38%    passed     45.51%
  10  Clacor_Ccor_scaffold4510_01                                         35.22%    passed     58.63%
  11  Sanmal_Sma_020488-T1                                                13.82%    failed      4.21%
  12  Aaur_scaffold306.g14.t1                                             72.66%    passed     79.63%
  13  Nemnom_g4177.t1                                                      3.71%    passed     89.52%
  14  Rhoesc_Res_010193-T1                                                 3.57%    passed     82.28%
  15  Aaur_scaffold306.g15.t1                                             19.91%    passed     21.55%
  16  Morvir_scaffold166.g22.t1                                            2.97%    passed     30.30%
  17  Hvul_g16851_1                                                        5.94%    passed     19.14%
  18  Chem_TCONS_00050831                                                  4.90%    passed     98.40%
  19  Cgig_XM_011420109.3                                                  5.35%    passed     39.45%
  20  Acagra_model.g31103.t1                                               7.43%    passed     94.12%
  21  Bralan_BLAG11000669_1                                                4.46%    passed      8.18%
  22  Spur_XM_030987333.1                                                  3.57%    passed     18.63%
  23  Skow_XM_002735015.2                                                 41.01%    passed     99.67%
  24  Ctel_gnl_WGS_AMQN_CAPTEDRAFT_mRNA141927                              6.84%    passed     54.16%
  25  Hsap_ENST00000366645                                                 3.12%    failed      0.59%
  26  Gasp_gasp1.m3.14360.m1                                               6.09%    passed     73.08%
  27  Spis_XP_022793025_1                                                  3.12%    passed     63.45%
  28  Pocdam_XM_027197701.1                                                3.12%    passed     60.83%
  29  Amil_Amillepora19151-RA                                              3.71%    passed     80.82%
  30  Adig_XM_015896400.1                                                 34.03%    passed     87.12%
  31  Adig_XM_015923935.1                                                  6.54%    passed     84.89%
  32  Nvec_v1g239067                                                       5.05%    passed     96.96%
  33  Exapal_XM_021051648.2                                               18.13%    passed     84.13%
  34  Dgig_XM_028538283.1                                                  3.12%    passed     19.84%
  35  Xesp_013339-T1                                                      19.17%    passed     31.82%
  36  Cscu_XM_023368765.1                                                  3.71%    passed     52.70%
  37  Dpul_mRNA10021                                                       2.67%    passed     35.67%
  38  Emue_Em0013g723a.t1                                                  5.94%    passed     42.61%
  39  Spolac_c102588_g1_i1_m.30083c102588-g1                              21.99%    passed     65.33%
  40  Tetwil_g23052.t1                                                     5.05%    passed     83.93%
  41  Stycar_maker-SC_scaffold1002-snap-gene-0.9-mRNA-1                   14.41%    passed     85.71%
  42  Tetwil_g23051.t1                                                    78.60%    passed     22.48%
  43  Aque_Aqu2.1.38102_001                                                3.12%    passed     89.85%
  44  Xestes_augustus_masked-XT_scaffold19341-processed-gene-0.0-mRNA-1   17.53%    passed     93.09%
  45  Halamb_c53057_g2_i1m.34602                                           2.08%    passed     85.70%
  46  HoiH23_PlH23_007902-RA                                               3.86%    passed      7.45%
  47  HoiH06_mRNA6859                                                      5.65%    passed      7.07%
  48  Hhon_g10343.t1                                                       4.16%    passed      7.77%
  49  HoiH04_mRNA17381                                                     4.16%    passed      5.88%
  50  HoiH11_mRNA1228                                                      4.46%    passed     14.22%
  51  TrH2_TrispH2_005441-RA                                               3.42%    passed     13.47%
  52  Tadh_TriadT57419                                                    13.08%    passed     10.62%
  53  Skow_XM_006817941.1                                                 71.32%    passed     27.89%
  54  Pbac_sb2660391                                                      10.40%    passed     98.19%
  55  Horcal_Hcv1.av93.c11.g725.i1                                         7.73%    passed     97.74%
  56  Bolinf_Binf_sb1215030                                               62.26%    passed     78.51%
  57  Mlei_ML0441.g14.i1                                                   8.32%    passed     44.43%
  58  Vmul_sbMO398437                                                     69.69%    passed     77.81%
  59  Drygla_Dgla_sb300526                                                13.82%    passed     58.39%
  60  Drygla_Dgla_sb300532                                                58.40%    passed     52.38%
  61  Bolinf_Binf_sb1266500                                               23.03%    passed     42.94%
  62  Mertsp_Mesp_sb590266                                                18.13%    passed     59.63%
  63  Lampan_Lpan_C418703_01                                               7.73%    passed     52.58%
  64  Bolinf_Binf_sb1299642                                               75.33%    passed     88.85%
  65  Vmul_sbMO467819                                                     79.20%    passed      5.11%
  66  Vmul_sbMO467823                                                     75.63%    passed      9.31%
  67  Coemet_Cmet_scaffold74_01                                            7.28%    passed     82.72%
  68  Eupdun_Edun_sb10640000                                              60.92%    passed      5.93%
  69  Tcas_TC014777_001                                                    2.23%    passed     25.29%
WARNING: 11 sequences contain more than 50% gaps/ambiguity
****  TOTAL                                                               19.49%  4 sequences failed composition chi2 test (p-value<5%; df=19)
NOTE: Lcom_lcpid36771 is identical to Lcom_lcpid35190 but kept for subsequent analysis


Create initial parsimony tree by phylogenetic likelihood library (PLL)... 0.032 seconds
Measuring multi-threading efficiency up to 2 CPU cores
Increase to 10 rounds for branch lengths
2 trees examined
Threads: 1 / Time: 2.422 sec / Speedup: 1.000 / Efficiency: 100% / LogL: -70985
Threads: 2 / Time: 1.252 sec / Speedup: 1.935 / Efficiency: 97% / LogL: -70985
BEST NUMBER OF THREADS: 2

Perform fast likelihood tree search using LG+I+G model...
Estimate model parameters (epsilon = 5.000)
Perform nearest neighbor interchange...
Estimate model parameters (epsilon = 1.000)
1. Initial log-likelihood: -44716.691
Optimal log-likelihood: -44716.577
Proportion of invariable sites: 0.021
Gamma shape alpha: 2.011
Parameters optimization took 1 rounds (0.239 sec)
Time for fast ML tree search: 2.104 seconds

NOTE: ModelFinder requires 32 MB RAM!
ModelFinder will test up to 24 protein models (sample size: 673) ...
 No. Model         -LnL         df  AIC          AICc         BIC
  1  LG            45824.409    135 91918.817    91987.197    92527.903
  2  LG+I          45673.461    136 91618.922    91688.445    92232.520
  3  LG+G4         44740.396    136 89752.793    89822.315    90366.390
  4  LG+I+G4       44716.576    137 89707.151    89777.828    90325.261
  8  LG+F+I+G4     44691.230    156 89694.460    89789.391    90398.293
 12  WAG+I+G4      44902.441    137 90078.882    90149.559    90696.992
 16  WAG+F+I+G4    44877.694    156 90067.388    90162.318    90771.220
 20  JTT+I+G4      44781.717    137 89837.434    89908.110    90455.543
 24  JTT+F+I+G4    44593.202    156 89498.405    89593.335    90202.237
Akaike Information Criterion:           JTT+F+I+G4
Corrected Akaike Information Criterion: JTT+F+I+G4
Bayesian Information Criterion:         JTT+F+I+G4
Best-fit model: JTT+F+I+G4 chosen according to BIC

All model information printed to results_broccoli_meto/alignments_prefiltering/OG_130.iqtree.model.gz
CPU time for ModelFinder: 21.287 seconds (0h:0m:21s)
Wall-clock time for ModelFinder: 11.920 seconds (0h:0m:11s)
Generating 1000 samples for ultrafast bootstrap (seed: 425123)...

NOTE: 32 MB RAM (0 GB) is required!
Estimate model parameters (epsilon = 0.100)
Thoroughly optimizing +I+G parameters from 10 start values...
Init pinv, alpha: 0.000, 2.054 / Estimate: 0.019, 2.050 / LogL: -44593.201
Init pinv, alpha: 0.002, 2.054 / Estimate: 0.019, 2.050 / LogL: -44593.202
Init pinv, alpha: 0.005, 2.054 / Estimate: 0.019, 2.052 / LogL: -44593.203
Init pinv, alpha: 0.007, 2.054 / Estimate: 0.019, 2.052 / LogL: -44593.201
Init pinv, alpha: 0.010, 2.054 / Estimate: 0.019, 2.054 / LogL: -44593.200
Init pinv, alpha: 0.012, 2.054 / Estimate: 0.019, 2.051 / LogL: -44593.202
Init pinv, alpha: 0.015, 2.054 / Estimate: 0.019, 2.052 / LogL: -44593.200
Init pinv, alpha: 0.017, 2.054 / Estimate: 0.019, 2.050 / LogL: -44593.201
Init pinv, alpha: 0.020, 2.054 / Estimate: 0.019, 2.054 / LogL: -44593.199
Init pinv, alpha: 0.022, 2.054 / Estimate: 0.019, 2.052 / LogL: -44593.199
Optimal pinv,alpha: 0.019, 2.052 / LogL: -44593.199

Parameters optimization took 6.895 sec
Computing ML distances based on estimated model parameters...
Computing ML distances took 0.329934 sec (of wall-clock time) 0.656422 sec(of CPU time)
WARNING: Some pairwise ML distances are too long (saturated)
Computing RapidNJ tree took 0.001059 sec (of wall-clock time) 0.001099 sec (of CPU time)
Log-likelihood of RapidNJ tree: -44933.408
--------------------------------------------------------------------
|             INITIALIZING CANDIDATE TREE SET                      |
--------------------------------------------------------------------
Generating 98 parsimony trees... 3.452 second
Computing log-likelihood of 98 initial trees ... 7.415 seconds
Current best score: -44593.199

Do NNI search on 20 best initial trees
Estimate model parameters (epsilon = 0.100)
BETTER TREE FOUND at iteration 1: -44592.964
Iteration 10 / LogL: -44592.971 / Time: 0h:0m:31s
Iteration 20 / LogL: -44595.795 / Time: 0h:0m:46s
Finish initializing candidate tree set (4)
Current best tree score: -44592.964 / CPU time: 38.212
Number of iterations: 20
--------------------------------------------------------------------
|               OPTIMIZING CANDIDATE TREE SET                      |
--------------------------------------------------------------------
Iteration 30 / LogL: -44593.191 / Time: 0h:1m:3s (0h:6m:15s left)
Iteration 40 / LogL: -44593.068 / Time: 0h:1m:22s (0h:5m:39s left)
Iteration 50 / LogL: -44594.911 / Time: 0h:1m:41s (0h:5m:11s left)
Log-likelihood cutoff on original alignment: -44636.158
Iteration 60 / LogL: -44593.383 / Time: 0h:2m:0s (0h:4m:48s left)
Iteration 70 / LogL: -44594.959 / Time: 0h:2m:18s (0h:4m:22s left)
Iteration 80 / LogL: -44592.965 / Time: 0h:2m:37s (0h:4m:0s left)
Iteration 90 / LogL: -44593.039 / Time: 0h:2m:55s (0h:3m:39s left)
Iteration 100 / LogL: -44593.048 / Time: 0h:3m:14s (0h:3m:18s left)
Log-likelihood cutoff on original alignment: -44632.352
NOTE: Bootstrap correlation coefficient of split occurrence frequencies: 0.998
Iteration 110 / LogL: -44592.982 / Time: 0h:3m:33s (0h:2m:58s left)
Iteration 120 / LogL: -44592.970 / Time: 0h:3m:51s (0h:2m:37s left)
Iteration 130 / LogL: -44592.992 / Time: 0h:4m:9s (0h:2m:17s left)
Iteration 140 / LogL: -44592.969 / Time: 0h:4m:28s (0h:1m:57s left)
Iteration 150 / LogL: -44593.282 / Time: 0h:4m:47s (0h:1m:38s left)
Log-likelihood cutoff on original alignment: -44632.352
Iteration 160 / LogL: -44593.421 / Time: 0h:5m:6s (0h:1m:18s left)
Iteration 170 / LogL: -44593.263 / Time: 0h:5m:25s (0h:0m:59s left)
Iteration 180 / LogL: -44602.482 / Time: 0h:5m:43s (0h:0m:40s left)
Iteration 190 / LogL: -44593.138 / Time: 0h:6m:1s (0h:0m:21s left)
Iteration 200 / LogL: -44594.022 / Time: 0h:6m:20s (0h:0m:1s left)
Log-likelihood cutoff on original alignment: -44632.352
NOTE: Bootstrap correlation coefficient of split occurrence frequencies: 0.999
TREE SEARCH COMPLETED AFTER 202 ITERATIONS / Time: 0h:6m:25s

--------------------------------------------------------------------
|                    FINALIZING TREE SEARCH                        |
--------------------------------------------------------------------
Performs final model parameters optimization
Estimate model parameters (epsilon = 0.010)
1. Initial log-likelihood: -44592.964
Optimal log-likelihood: -44592.964
Proportion of invariable sites: 0.019
Gamma shape alpha: 2.047
Parameters optimization took 1 rounds (0.234 sec)
BEST SCORE FOUND : -44592.964
Creating bootstrap support values...
Split supports printed to NEXUS file results_broccoli_meto/alignments_prefiltering/OG_130.iqtree.splits.nex
Total tree length: 25.180

Total number of iterations: 202
CPU time used for tree search: 746.915 sec (0h:12m:26s)
Wall-clock time used for tree search: 377.272 sec (0h:6m:17s)
Total CPU time used: 763.438 sec (0h:12m:43s)
Total wall-clock time used: 385.673 sec (0h:6m:25s)

Computing bootstrap consensus tree...
Reading input file results_broccoli_meto/alignments_prefiltering/OG_130.iqtree.splits.nex...
69 taxa and 212 splits.
Consensus tree written to results_broccoli_meto/alignments_prefiltering/OG_130.iqtree.contree
Reading input trees file results_broccoli_meto/alignments_prefiltering/OG_130.iqtree.contree
Log-likelihood of consensus tree: -44593.195

Analysis results written to: 
  IQ-TREE report:                results_broccoli_meto/alignments_prefiltering/OG_130.iqtree.iqtree
  Maximum-likelihood tree:       results_broccoli_meto/alignments_prefiltering/OG_130.iqtree.treefile
  Likelihood distances:          results_broccoli_meto/alignments_prefiltering/OG_130.iqtree.mldist

Ultrafast bootstrap approximation results written to:
  Split support values:          results_broccoli_meto/alignments_prefiltering/OG_130.iqtree.splits.nex
  Consensus tree:                results_broccoli_meto/alignments_prefiltering/OG_130.iqtree.contree
  Screen log file:               results_broccoli_meto/alignments_prefiltering/OG_130.iqtree.log

Date and Time: Mon Dec 12 17:31:54 2022
