IQ-TREE multicore version 2.1.0 for Linux 64-bit built Jul 18 2020
Developed by Bui Quang Minh, James Barbetti, Nguyen Lam Tung,
Olga Chernomor, Heiko Schmidt, Dominik Schrempf, Michael Woodhams.

Host:    node-hp0313.linux.crg.es (AVX, 125 GB RAM)
Command: /users/asebe/xgraubove/Programes/iqtree-2.1.0-Linux/bin/iqtree2 -s results_broccoli_meto/alignments_prefiltering/OG_13113.lt.fasta -m TEST -mset LG,WAG,JTT -nt AUTO -ntmax 2 -bb 1000 -pre results_broccoli_meto/alignments_prefiltering/OG_13113.iqtree -nm 10000 -nstop 200 -cptime 1800
Seed:    589057 (Using SPRNG - Scalable Parallel Random Number Generator)
Time:    Tue Dec 13 11:59:13 2022
Kernel:  AVX - auto-detect threads (2 CPU cores detected)

Reading alignment file results_broccoli_meto/alignments_prefiltering/OG_13113.lt.fasta ... Fasta format detected
Alignment most likely contains protein sequences
Alignment has 146 sequences with 452 columns, 452 distinct patterns
452 parsimony-informative, 0 singleton sites, 0 constant sites
                                                        Gap/Ambiguity  Composition  p-value
   1  TrH2_TrispH2_006087-RA                                    5.09%    passed     83.90%
   2  Tadh_TriadT61370                                          8.63%    passed     81.37%
   3  HoiH23_PlH23_008675-RA                                    5.75%    passed     46.22%
   4  HoiH06_mRNA2780                                           7.08%    passed     24.81%
   5  Hhon_g11276.t1                                            5.75%    passed     57.41%
   6  HoiH04_mRNA9397                                           5.75%    passed     57.41%
   7  Emue_Em0014g819a.t1                                      78.76%    passed     12.21%
   8  Emue_Em0014g815a.t1                                       8.63%    passed     60.90%
   9  Spolac_c102455_g1_i2_m.29433c102455-g1                   24.56%    passed     29.92%
  10  Spolac_c102455_g1_i1_m.29431c102455-g1                    8.63%    passed     40.55%
  11  Clacor_Ccor_scaffold8898_01                               8.63%    passed      9.34%
  12  Lcom_lcpid56844                                          10.18%    passed     56.81%
  13  Leuniv_Lniv_scaffold26127_01                             10.62%    passed     63.10%
  14  Scil_scict021000.1                                        9.51%    passed     28.03%
  15  Gracom_Gcom_C554488_01                                   10.62%    passed     90.01%
  16  Gracom_Gcom_C553586_01                                   11.06%    passed     59.99%
  17  Scil_scict017715.1                                       10.18%    passed     74.80%
  18  Leuniv_Lniv_C813840_01                                   11.06%    passed     49.49%
  19  Lcom_lcpid59329                                           9.51%    passed     13.98%
  20  Stycar_maker-SC_scaffold145530-snap-gene-0.64-mRNA-1     48.01%    passed     77.48%
  21  Halamb_c41848_g1_i2m.14249                               78.76%    passed     71.27%
  22  Halamb_c54109_g2_i5mm.5678                               48.23%    failed      4.78%
  23  Halamb_c56148_g2_i4mm.6990                                6.19%    passed     47.18%
  24  Aque_Aqu2.1.34607_001                                    14.60%    passed     77.25%
  25  Xestes_maker-XT_scaffold6293-augustus-gene-0.50-mRNA-1   26.99%    passed     56.51%
  26  Tetwil_g9605.t1                                           5.31%    passed     31.13%
  27  Chem_TCONS_00064485                                       7.96%    passed     94.65%
  28  Spis_XP_022785347_1                                       4.65%    passed     74.03%
  29  Pocdam_XM_027200744.1                                     1.55%    passed     19.88%
  30  Fspp_ffun1.m4.11903.m1                                    5.09%    passed      9.20%
  31  Gasp_gasp1.m3.16036.m1                                    5.53%    passed      8.52%
  32  Gfas_gfas1.m1.15866.m1                                   13.27%    passed     28.92%
  33  Nvec_v1g233134                                            2.65%    passed     39.02%
  34  Exapal_XM_021043142.2                                     3.32%    passed     35.13%
  35  Adig_XM_015907320.1                                      13.50%    passed     31.22%
  36  Amil_Amillepora33589-RA                                  16.37%    passed     23.48%
  37  Xesp_022256-T1                                            6.86%    passed     45.84%
  38  Dgig_XM_028537632.1                                       2.43%    passed      9.57%
  39  Aaur_scaffold888.g7.t1                                   54.20%    passed     71.31%
  40  Sanmal_Sma_023460-T1                                      3.54%    passed     85.81%
  41  Nemnom_g18085.t1                                          3.54%    passed     77.70%
  42  Rhoesc_Res_004572-T1                                      3.54%    passed     96.57%
  43  Morvir_scaffold124.g21.t1                                 2.65%    passed     82.38%
  44  Morvir_scaffold52.g23.t1                                  6.42%    passed     57.42%
  45  Hvul_g10399_1                                             7.08%    failed      3.70%
  46  Hvul_g6842_1                                              6.64%    passed     78.79%
  47  Chem_TCONS_00005257                                       5.31%    passed     32.96%
  48  Aaur_scaffold262.g25.t1                                   1.55%    passed     53.07%
  49  Rhoesc_Res_016866-T1                                      1.11%    passed     88.58%
  50  Nemnom_g5726.t1                                           1.33%    passed     50.70%
  51  Sanmal_Sma_015360-T1                                      1.99%    passed     79.61%
  52  Scil_scict019243.1                                       17.26%    passed     13.45%
  53  Leuniv_Lniv_scaffold24317_01                              7.96%    passed     50.37%
  54  Lcom_lcpid87799                                          58.19%    passed     41.48%
  55  Lcom_lcpid62822                                           9.29%    passed     89.10%
  56  Lcom_lcpid168232                                         66.37%    passed     42.42%
  57  Lcom_lcpid124987                                         44.03%    failed      0.88%
  58  Ocar_g4811                                               41.81%    passed     27.08%
  59  Opea_EP00118_Oscarella_pearsei_P004230                    7.74%    passed     58.38%
  60  Plajan_Pjan_C561458_01                                    8.19%    passed     43.82%
  61  Mertsp_Mesp_sb534941                                     67.92%    passed     54.53%
  62  Bolinf_Binf_sb1200286                                    55.31%    passed     51.60%
  63  Mlei_ML0117.g7.i1                                        59.96%    passed     52.87%
  64  Lampan_Lpan_C416875_01                                   17.70%    passed     51.09%
  65  Drygla_Dgla_sb298636                                     12.39%    passed     15.07%
  66  Horcal_Hcv1.av93.c3.g403.i1                              10.18%    passed      9.35%
  67  Horcal_Hcv1.av93.c3.g403.i2                              48.01%    passed     80.33%
  68  Pbac_sb2640902                                            9.73%    passed      6.88%
  69  Eupdun_Edun_sb10648619                                   58.85%    passed     35.38%
  70  Eupdun_Edun_sb10648617                                   10.18%    passed     72.02%
  71  Eupdun_Edun_sb10648618                                   13.72%    passed     43.05%
  72  Eupdun_Edun_sb10648621                                   50.44%    passed     88.29%
  73  Eupdun_Edun_sb10648620                                   46.90%    passed     95.97%
  74  Mlei_ML0117.g6.i1                                         9.73%    passed     43.44%
  75  Coemet_Cmet_scaffold20189_01                             13.72%    passed     97.19%
  76  Chem_TCONS_00054528                                      43.36%    passed     82.25%
  77  Skow_XM_002734155.2                                       5.53%    passed     81.08%
  78  TrH2_TrispH2_006079-RA                                    7.52%    failed      3.96%
  79  Tadh_TriadT61360                                         42.26%    failed      2.24%
  80  Tadh_TriadT61359                                         45.58%    passed     90.51%
  81  TrH2_TrispH2_006078-RA                                    7.52%    passed     39.08%
  82  Tadh_TriadT61364                                         46.90%    failed      3.92%
  83  TrH2_TrispH2_006082-RA                                    8.41%    passed     23.34%
  84  TrH2_TrispH2_006081-RA                                    8.41%    passed     47.47%
  85  Tadh_TriadT61363                                         37.83%    passed     40.76%
  86  Tadh_TriadT61357                                         32.96%    passed     15.51%
  87  TrH2_TrispH2_006076-RA                                    7.30%    failed      2.87%
  88  TrH2_TrispH2_006080-RA                                   11.50%    failed      0.05%
  89  HoiH04_mRNA15872                                         23.45%    passed     76.74%
  90  Hhon_g11281.t1                                            2.43%    passed     94.67%
  91  HoiH23_PlH23_008670-RA                                   15.27%    passed     80.38%
  92  HoiH06_mRNA11529                                         21.90%    passed     89.25%
  93  Hhon_g11280.t1                                            2.65%    passed     96.77%
  94  TrH2_TrispH2_006083-RA                                    3.98%    passed     96.44%
  95  Tadh_TriadT61365                                          7.52%    passed     93.24%
  96  TrH2_TrispH2_006070-RA                                    5.53%    passed     99.26%
  97  Tadh_TriadT61352                                          9.07%    passed     98.25%
  98  HoiH04_mRNA14752                                         30.53%    passed     94.67%
  99  Hhon_g11750.t1                                            5.53%    passed     96.37%
 100  HoiH06_mRNA4964                                           8.19%    passed     88.98%
 101  HoiH23_PlH23_009769-RA                                    5.53%    passed     91.52%
 102  HoiH11_mRNA5459                                           8.19%    passed     85.96%
 103  HoiH23_PlH23_008546-RA                                   31.86%    passed     11.60%
 104  HoiH06_mRNA5549                                          53.76%    passed      9.96%
 105  HoiH04_mRNA17610                                         31.42%    passed     63.44%
 106  HoiH04_mRNA17611                                         84.51%    passed     14.84%
 107  HoiH06_mRNA3414                                          84.96%    passed     30.17%
 108  HoiH23_PlH23_008547-RA                                   78.98%    passed     34.39%
 109  Tadh_TriadT51520                                         45.35%    passed     57.53%
 110  TrH2_TrispH2_005269-RA                                    3.32%    passed     41.93%
 111  HoiH23_PlH23_009770-RA                                   10.84%    passed     92.12%
 112  Hhon_g09931.t1                                            7.30%    passed     94.56%
 113  HoiH04_mRNA12890                                          8.63%    passed     93.24%
 114  Hhon_g11749.t1                                            3.32%    passed     27.55%
 115  Hhon_g09937.t1                                           21.24%    failed      2.41%
 116  Hhon_g11278.t1                                            7.52%    passed     75.40%
 117  Tadh_TriadT61354                                          4.20%    passed     53.04%
 118  TrH2_TrispH2_006072-RA                                    4.20%    passed     56.91%
 119  Spur_XM_030999394.1                                       6.86%    passed     55.65%
 120  Spur_XM_030999152.1                                      49.56%    passed     85.79%
 121  Spur_XM_011681869.2                                       4.65%    passed     48.07%
 122  Skow_XM_006822068.1                                       5.53%    passed     54.87%
 123  Ctel_gnl_WGS_AMQN_CAPTEDRAFT_mRNA217091                   6.64%    passed     92.58%
 124  Dpul_mRNA284                                              5.31%    passed     33.84%
 125  Tcas_TC012524_001                                         6.19%    passed      6.40%
 126  Cscu_XM_023365588.1                                      81.86%    passed     63.01%
 127  Cscu_XM_023365586.1                                      31.19%    failed      0.87%
 128  Acagra_model.g1165.t1.1.5d3b82c1                          6.19%    passed     59.60%
 129  Cgig_XM_034474580.1                                       7.08%    passed     38.20%
 130  Ctel_gnl_WGS_AMQN_CAPTEDRAFT_mRNA221180                   1.55%    passed     77.11%
 131  Hsap_ENST00000357440                                      8.63%    failed      0.23%
 132  Hsap_ENST00000371708                                      8.41%    passed     76.29%
 133  Acagra_model.g15338.t1                                    7.08%    passed     85.30%
 134  Cgig_XM_034469139.1                                       5.31%    passed     89.54%
 135  Nvec_v1g202389                                            7.74%    failed      0.04%
 136  Plespi_Pspi_scaffold13042_01                             44.03%    passed     79.77%
 137  Plespi_Pspi_C607334_01                                    5.53%    passed     51.88%
 138  Spur_XM_030999716.1                                       6.19%    passed      8.21%
 139  Tcas_TC008473_001                                         7.08%    passed     93.63%
 140  Dpul_mRNA7152                                             4.65%    passed     73.24%
 141  Tcas_TC034455_001                                        12.61%    passed     65.66%
 142  Cscu_XM_023388498.1                                       8.19%    passed     23.01%
 143  Hsap_ENST00000373189                                      4.42%    passed     11.17%
 144  Acagra_model.g8989.t1                                    54.42%    passed     77.22%
 145  Tcas_TC015480_001                                         9.29%    passed     10.30%
 146  Vmul_sbMO489017                                          64.16%    passed     43.67%
WARNING: 17 sequences contain more than 50% gaps/ambiguity
****  TOTAL                                                    19.26%  12 sequences failed composition chi2 test (p-value<5%; df=19)
NOTE: HoiH04_mRNA9397 is identical to Hhon_g11276.t1 but kept for subsequent analysis


Create initial parsimony tree by phylogenetic likelihood library (PLL)... 0.103 seconds
Measuring multi-threading efficiency up to 2 CPU cores
8 trees examined
Threads: 1 / Time: 2.075 sec / Speedup: 1.000 / Efficiency: 100% / LogL: -104453
Threads: 2 / Time: 1.140 sec / Speedup: 1.820 / Efficiency: 91% / LogL: -104453
BEST NUMBER OF THREADS: 2

Perform fast likelihood tree search using LG+G model...
Estimate model parameters (epsilon = 5.000)
Perform nearest neighbor interchange...
Estimate model parameters (epsilon = 1.000)
1. Initial log-likelihood: -67292.208
Optimal log-likelihood: -67291.735
Gamma shape alpha: 1.551
Parameters optimization took 1 rounds (0.615 sec)
Time for fast ML tree search: 4.291 seconds

NOTE: ModelFinder requires 44 MB RAM!
ModelFinder will test up to 12 protein models (sample size: 452) ...
 No. Model         -LnL         df  AIC          AICc         BIC
  1  LG            69768.533    289 140115.067   141149.758   141303.921
  2  LG+G4         67291.713    290 135163.425   136211.748   136356.393
  4  LG+F+G4       67240.119    309 135098.237   136447.392   136369.365
  6  WAG+G4        67678.547    290 135937.095   136985.418   137130.063
  8  WAG+F+G4      67372.438    309 135362.876   136712.031   136634.004
 10  JTT+G4        67767.300    290 136114.600   137162.923   137307.568
 12  JTT+F+G4      67571.596    309 135761.193   137110.348   137032.321
Akaike Information Criterion:           LG+F+G4
Corrected Akaike Information Criterion: LG+G4
Bayesian Information Criterion:         LG+G4
Best-fit model: LG+G4 chosen according to BIC

All model information printed to results_broccoli_meto/alignments_prefiltering/OG_13113.iqtree.model.gz
CPU time for ModelFinder: 35.506 seconds (0h:0m:35s)
Wall-clock time for ModelFinder: 19.226 seconds (0h:0m:19s)
Generating 1000 samples for ultrafast bootstrap (seed: 589057)...

NOTE: 44 MB RAM (0 GB) is required!
Estimate model parameters (epsilon = 0.100)
1. Initial log-likelihood: -67291.713
Optimal log-likelihood: -67291.686
Gamma shape alpha: 1.544
Parameters optimization took 1 rounds (0.369 sec)
Computing ML distances based on estimated model parameters...
Computing ML distances took 1.514456 sec (of wall-clock time) 3.016289 sec(of CPU time)
WARNING: Some pairwise ML distances are too long (saturated)
Computing RapidNJ tree took 0.002704 sec (of wall-clock time) 0.005377 sec (of CPU time)
Log-likelihood of RapidNJ tree: -68262.792
--------------------------------------------------------------------
|             INITIALIZING CANDIDATE TREE SET                      |
--------------------------------------------------------------------
Generating 98 parsimony trees... 8.381 second
Computing log-likelihood of 98 initial trees ... 11.987 seconds
Current best score: -67291.686

Do NNI search on 20 best initial trees
Estimate model parameters (epsilon = 0.100)
BETTER TREE FOUND at iteration 1: -67161.424
Estimate model parameters (epsilon = 0.100)
BETTER TREE FOUND at iteration 2: -67156.688
Estimate model parameters (epsilon = 0.100)
BETTER TREE FOUND at iteration 3: -67140.217
Iteration 10 / LogL: -67144.946 / Time: 0h:0m:50s
Iteration 20 / LogL: -67173.918 / Time: 0h:1m:17s
Finish initializing candidate tree set (20)
Current best tree score: -67140.217 / CPU time: 74.480
Number of iterations: 20
--------------------------------------------------------------------
|               OPTIMIZING CANDIDATE TREE SET                      |
--------------------------------------------------------------------
Estimate model parameters (epsilon = 0.100)
BETTER TREE FOUND at iteration 29: -67139.890
Estimate model parameters (epsilon = 0.100)
BETTER TREE FOUND at iteration 30: -67139.497
Iteration 30 / LogL: -67139.497 / Time: 0h:1m:46s (0h:12m:17s left)
Estimate model parameters (epsilon = 0.100)
BETTER TREE FOUND at iteration 31: -67138.973
Estimate model parameters (epsilon = 0.100)
BETTER TREE FOUND at iteration 37: -67138.700
Iteration 40 / LogL: -67138.723 / Time: 0h:2m:16s (0h:11m:31s left)
Iteration 50 / LogL: -67138.719 / Time: 0h:2m:54s (0h:11m:4s left)
Log-likelihood cutoff on original alignment: -67223.882
Iteration 60 / LogL: -67138.784 / Time: 0h:3m:32s (0h:10m:38s left)
Iteration 70 / LogL: -67145.151 / Time: 0h:4m:17s (0h:10m:23s left)
Iteration 80 / LogL: -67139.793 / Time: 0h:4m:56s (0h:9m:48s left)
Iteration 90 / LogL: -67151.826 / Time: 0h:5m:28s (0h:9m:3s left)
Iteration 100 / LogL: -67139.024 / Time: 0h:5m:57s (0h:8m:14s left)
Log-likelihood cutoff on original alignment: -67221.271
NOTE: Bootstrap correlation coefficient of split occurrence frequencies: 0.999
Iteration 110 / LogL: -67139.510 / Time: 0h:6m:34s (0h:7m:40s left)
UPDATE BEST LOG-LIKELIHOOD: -67138.699
Iteration 120 / LogL: -67138.775 / Time: 0h:7m:3s (0h:6m:55s left)
Iteration 130 / LogL: -67146.849 / Time: 0h:7m:31s (0h:6m:14s left)
Iteration 140 / LogL: -67146.205 / Time: 0h:8m:0s (0h:5m:34s left)
Iteration 150 / LogL: -67138.769 / Time: 0h:8m:28s (0h:4m:56s left)
Log-likelihood cutoff on original alignment: -67221.271
Iteration 160 / LogL: -67148.000 / Time: 0h:8m:57s (0h:4m:20s left)
Iteration 170 / LogL: -67147.759 / Time: 0h:9m:29s (0h:3m:45s left)
Iteration 180 / LogL: -67145.408 / Time: 0h:10m:1s (0h:3m:11s left)
Iteration 190 / LogL: -67140.150 / Time: 0h:10m:39s (0h:2m:39s left)
Iteration 200 / LogL: -67144.916 / Time: 0h:11m:15s (0h:2m:5s left)
Log-likelihood cutoff on original alignment: -67221.271
NOTE: Bootstrap correlation coefficient of split occurrence frequencies: 1.000
UPDATE BEST LOG-LIKELIHOOD: -67138.697
Iteration 210 / LogL: -67141.069 / Time: 0h:11m:59s (0h:5m:9s left)
Iteration 220 / LogL: -67148.011 / Time: 0h:12m:31s (0h:4m:34s left)
Iteration 230 / LogL: -67180.134 / Time: 0h:13m:0s (0h:3m:58s left)
TREE SEARCH COMPLETED AFTER 238 ITERATIONS / Time: 0h:13m:24s

--------------------------------------------------------------------
|                    FINALIZING TREE SEARCH                        |
--------------------------------------------------------------------
Performs final model parameters optimization
Estimate model parameters (epsilon = 0.010)
1. Initial log-likelihood: -67138.697
Optimal log-likelihood: -67138.695
Gamma shape alpha: 1.527
Parameters optimization took 1 rounds (0.335 sec)
BEST SCORE FOUND : -67138.695
Creating bootstrap support values...
Split supports printed to NEXUS file results_broccoli_meto/alignments_prefiltering/OG_13113.iqtree.splits.nex
Total tree length: 69.476

Total number of iterations: 238
CPU time used for tree search: 1432.771 sec (0h:23m:52s)
Wall-clock time used for tree search: 801.795 sec (0h:13m:21s)
Total CPU time used: 1439.922 sec (0h:23m:59s)
Total wall-clock time used: 805.644 sec (0h:13m:25s)

Computing bootstrap consensus tree...
Reading input file results_broccoli_meto/alignments_prefiltering/OG_13113.iqtree.splits.nex...
146 taxa and 622 splits.
Consensus tree written to results_broccoli_meto/alignments_prefiltering/OG_13113.iqtree.contree
Reading input trees file results_broccoli_meto/alignments_prefiltering/OG_13113.iqtree.contree
Log-likelihood of consensus tree: -67140.147

Analysis results written to: 
  IQ-TREE report:                results_broccoli_meto/alignments_prefiltering/OG_13113.iqtree.iqtree
  Maximum-likelihood tree:       results_broccoli_meto/alignments_prefiltering/OG_13113.iqtree.treefile
  Likelihood distances:          results_broccoli_meto/alignments_prefiltering/OG_13113.iqtree.mldist

Ultrafast bootstrap approximation results written to:
  Split support values:          results_broccoli_meto/alignments_prefiltering/OG_13113.iqtree.splits.nex
  Consensus tree:                results_broccoli_meto/alignments_prefiltering/OG_13113.iqtree.contree
  Screen log file:               results_broccoli_meto/alignments_prefiltering/OG_13113.iqtree.log

Date and Time: Tue Dec 13 12:13:00 2022
