IQ-TREE multicore version 2.1.0 for Linux 64-bit built Jul 18 2020
Developed by Bui Quang Minh, James Barbetti, Nguyen Lam Tung,
Olga Chernomor, Heiko Schmidt, Dominik Schrempf, Michael Woodhams.

Host:    node-hp0405.linux.crg.es (AVX, 125 GB RAM)
Command: /users/asebe/xgraubove/Programes/iqtree-2.1.0-Linux/bin/iqtree2 -s results_broccoli_meto/alignments_prefiltering/OG_11168.lt.fasta -m TEST -mset LG,WAG,JTT -nt AUTO -ntmax 2 -bb 1000 -pre results_broccoli_meto/alignments_prefiltering/OG_11168.iqtree -nm 10000 -nstop 200 -cptime 1800
Seed:    443619 (Using SPRNG - Scalable Parallel Random Number Generator)
Time:    Mon Dec 12 13:55:14 2022
Kernel:  AVX - auto-detect threads (2 CPU cores detected)

Reading alignment file results_broccoli_meto/alignments_prefiltering/OG_11168.lt.fasta ... Fasta format detected
Alignment most likely contains protein sequences
Alignment has 73 sequences with 450 columns, 449 distinct patterns
420 parsimony-informative, 0 singleton sites, 30 constant sites
                                                                Gap/Ambiguity  Composition  p-value
   1  Bolinf_Binf_sb1241397                                            55.56%    passed     50.93%
   2  Vmul_sbMO416531                                                  52.22%    passed     68.58%
   3  Pbac_sb2667769                                                   48.44%    passed     48.08%
   4  Horcal_Hcv1.av93.c13.g652.i1                                      3.11%    passed     97.26%
   5  Pbac_sb2656928                                                   57.78%    passed     84.26%
   6  Bolinf_Binf_sb1245961                                             6.44%    passed     42.25%
   7  Mertsp_Mesp_sb587836                                             10.89%    passed     44.66%
   8  Mertsp_Mesp_sb587837                                             21.78%    passed     26.92%
   9  Beraby_Baby_sb343224                                              3.78%    passed     63.17%
  10  Bolinf_Binf_sb1190346                                            64.44%    passed     93.88%
  11  Mlei_ML0697.g1.i1                                                10.89%    passed     64.65%
  12  Lampan_Lpan_9478_01                                              45.11%    passed     80.62%
  13  Eupdun_Edun_sb10648705                                            3.33%    passed     73.82%
  14  Drygla_Dgla_sb298488                                             15.33%    passed     36.24%
  15  Vmul_SimC398226                                                   5.11%    passed     96.32%
  16  Vmul_sbMO401488                                                  67.33%    passed     91.26%
  17  Coemet_Cmet_scaffold19985_01                                      4.67%    passed     98.63%
  18  Coeast_Cast_sb773862                                             44.89%    passed      6.93%
  19  Clacor_Ccor_scaffold4740_01                                      59.56%    passed     40.03%
  20  Gracom_Gcom_C554780_01                                            0.00%    passed     95.81%
  21  Leuniv_Lniv_C810586_01                                            4.44%    passed     83.57%
  22  Lcom_lcpid6237                                                   17.56%    passed      6.50%
  23  Lcom_lcpid6940                                                    0.22%    passed     12.24%
  24  Scil_scict001841.1                                                0.22%    passed     90.01%
  25  Emue_Em0001g1051a.t1                                              0.89%    passed     67.17%
  26  Spolac_c101796_g1_i1_m.26800c101796-g1                            1.33%    passed     62.43%
  27  Tetwil_g6044.t1                                                   1.33%    passed     98.87%
  28  Stycar_snap_masked-SC_scaffold123938-processed-gene-0.1-mRNA-1   85.11%    passed      5.27%
  29  Acagra_model.g22001.t1                                            0.22%    passed     94.49%
  30  Cgig_XM_011432835.3                                               0.67%    passed     92.33%
  31  Sanmal_Sma_015311-T1                                              4.00%    passed     73.60%
  32  Nemnom_g17986.t1                                                  0.67%    passed     94.55%
  33  Rhoesc_Res_007438-T1                                              0.67%    passed     87.20%
  34  Aaur_scaffold226.g3.t1                                           16.67%    passed     42.12%
  35  Morvir_scaffold1.g240.t2                                          1.33%    passed     99.82%
  36  Xesp_015759-T1                                                    2.44%    passed     84.53%
  37  Dgig_XM_028547594.1                                               1.78%    passed     93.43%
  38  Fspp_ffun1.m4.24761.m1                                            0.67%    passed     93.84%
  39  Spis_XP_022788655_1                                               0.44%    passed     98.62%
  40  Pocdam_XM_027203881.1                                             0.44%    passed     99.90%
  41  Gasp_gasp1.m3.23109.m1                                            4.00%    passed     93.26%
  42  Gfas_gfas1.m1.15093.m1                                            5.56%    passed     73.85%
  43  Adig_XM_015892663.1                                               1.11%    passed     55.38%
  44  Amil_Amillepora29521-RA                                          67.11%    passed     12.79%
  45  Nvec_v1g174406                                                    1.11%    passed     97.86%
  46  Exapal_XM_021039525.2                                             0.89%    passed     99.36%
  47  Ctel_gnl_WGS_AMQN_CAPTEDRAFT_mRNA228061                           5.78%    passed     95.49%
  48  Cscu_XM_023382418.1                                               5.33%    passed     98.42%
  49  Cscu_XM_023358212.1                                              49.11%    passed     52.12%
  50  Aque_Aqu2.1.09926_001                                             2.67%    passed     73.86%
  51  Halamb_c53405_g1_i4mm.5168                                        1.56%    passed     91.25%
  52  Opea_EP00118_Oscarella_pearsei_P025792                            1.78%    passed     81.10%
  53  Plespi_Pspi_C608308_01                                            1.56%    passed     91.16%
  54  Dpul_mRNA28523                                                    1.11%    passed     90.84%
  55  Tadh_TriadT32828                                                  1.11%    passed     95.59%
  56  TrH2_TrispH2_008110-RA                                            1.11%    passed     89.14%
  57  HoiH06_mRNA12641                                                  2.44%    passed     75.05%
  58  HoiH23_PlH23_004943-RA                                            3.56%    passed     83.34%
  59  Hhon_g05565.t1                                                    1.11%    passed     82.04%
  60  HoiH04_mRNA15920                                                  1.11%    passed     80.61%
  61  HoiH11_mRNA5046                                                  12.89%    passed     75.80%
  62  Bralan_BLAG14000210_1                                             0.22%    passed     18.46%
  63  Hsap_ENST00000602402                                              0.22%    passed     98.45%
  64  Hvul_g5530_1                                                      0.67%    passed     44.45%
  65  Chem_TCONS_00007078                                               0.67%    passed     97.64%
  66  Spur_XM_030981581.1                                               0.89%    passed     50.74%
  67  Spur_XM_030982516.1                                              76.67%    passed     88.79%
  68  Spur_XM_030981580.1                                              82.67%    passed     49.08%
  69  Skow_XM_006823230.1                                              12.67%    passed     67.30%
  70  Tcas_TC002097_001                                                 1.78%    passed     64.77%
  71  Stycar_maker-SC_scaffold2811-augustus-gene-0.84-mRNA-1           63.11%    passed     61.44%
  72  Stycar_maker-SC_scaffold2811-augustus-gene-0.83-mRNA-1           79.33%    failed      1.10%
  73  Stycar_maker-SC_scaffold4884-augustus-gene-0.54-mRNA-1           80.67%    passed     10.54%
WARNING: 13 sequences contain more than 50% gaps/ambiguity
****  TOTAL                                                            17.72%  1 sequences failed composition chi2 test (p-value<5%; df=19)


Create initial parsimony tree by phylogenetic likelihood library (PLL)... 0.051 seconds
Measuring multi-threading efficiency up to 2 CPU cores
15 trees examined
Threads: 1 / Time: 2.124 sec / Speedup: 1.000 / Efficiency: 100% / LogL: -42721
Threads: 2 / Time: 1.238 sec / Speedup: 1.715 / Efficiency: 86% / LogL: -42721
BEST NUMBER OF THREADS: 2

Perform fast likelihood tree search using LG+I+G model...
Estimate model parameters (epsilon = 5.000)
Perform nearest neighbor interchange...
Estimate model parameters (epsilon = 1.000)
1. Initial log-likelihood: -28052.808
Optimal log-likelihood: -28052.762
Proportion of invariable sites: 0.058
Gamma shape alpha: 1.390
Parameters optimization took 1 rounds (0.398 sec)
Time for fast ML tree search: 5.818 seconds

NOTE: ModelFinder requires 23 MB RAM!
ModelFinder will test up to 24 protein models (sample size: 450) ...
 No. Model         -LnL         df  AIC          AICc         BIC
  1  LG            29301.860    143 58889.719    59024.308    59477.342
  2  LG+I          28997.997    144 58283.993    58420.911    58875.725
  3  LG+G4         28078.938    144 56445.875    56582.793    57037.607
  4  LG+I+G4       28052.759    145 56395.518    56534.795    56991.359
  8  LG+F+I+G4     28102.871    164 56533.742    56723.637    57207.658
 12  WAG+I+G4      28252.331    145 56794.662    56933.938    57390.503
 16  WAG+F+I+G4    28316.899    164 56961.797    57151.692    57635.714
 20  JTT+I+G4      28305.360    145 56900.720    57039.996    57496.561
 24  JTT+F+I+G4    28268.076    164 56864.152    57054.046    57538.068
Akaike Information Criterion:           LG+I+G4
Corrected Akaike Information Criterion: LG+I+G4
Bayesian Information Criterion:         LG+I+G4
Best-fit model: LG+I+G4 chosen according to BIC

All model information printed to results_broccoli_meto/alignments_prefiltering/OG_11168.iqtree.model.gz
CPU time for ModelFinder: 17.963 seconds (0h:0m:17s)
Wall-clock time for ModelFinder: 14.826 seconds (0h:0m:14s)
Generating 1000 samples for ultrafast bootstrap (seed: 443619)...

NOTE: 23 MB RAM (0 GB) is required!
Estimate model parameters (epsilon = 0.100)
Thoroughly optimizing +I+G parameters from 10 start values...
Init pinv, alpha: 0.000, 1.393 / Estimate: 0.000, 1.031 / LogL: -28078.881
Init pinv, alpha: 0.007, 1.393 / Estimate: 0.057, 1.388 / LogL: -28052.766
Init pinv, alpha: 0.015, 1.393 / Estimate: 0.058, 1.390 / LogL: -28052.760
Init pinv, alpha: 0.022, 1.393 / Estimate: 0.057, 1.388 / LogL: -28052.767
Init pinv, alpha: 0.030, 1.393 / Estimate: 0.058, 1.390 / LogL: -28052.761
Init pinv, alpha: 0.037, 1.393 / Estimate: 0.058, 1.391 / LogL: -28052.757
Init pinv, alpha: 0.044, 1.393 / Estimate: 0.057, 1.388 / LogL: -28052.763
Init pinv, alpha: 0.052, 1.393 / Estimate: 0.058, 1.391 / LogL: -28052.757
Init pinv, alpha: 0.059, 1.393 / Estimate: 0.058, 1.396 / LogL: -28052.756
Init pinv, alpha: 0.067, 1.393 / Estimate: 0.058, 1.395 / LogL: -28052.756
Optimal pinv,alpha: 0.058, 1.396 / LogL: -28052.756

Parameters optimization took 7.572 sec
Computing ML distances based on estimated model parameters...
Computing ML distances took 0.522240 sec (of wall-clock time) 0.859364 sec(of CPU time)
WARNING: Some pairwise ML distances are too long (saturated)
Computing RapidNJ tree took 0.006632 sec (of wall-clock time) 0.004601 sec (of CPU time)
Log-likelihood of RapidNJ tree: -28543.082
--------------------------------------------------------------------
|             INITIALIZING CANDIDATE TREE SET                      |
--------------------------------------------------------------------
Generating 98 parsimony trees... 3.086 second
Computing log-likelihood of 98 initial trees ... 9.146 seconds
Current best score: -28052.756

Do NNI search on 20 best initial trees
Estimate model parameters (epsilon = 0.100)
BETTER TREE FOUND at iteration 1: -28052.754
Estimate model parameters (epsilon = 0.100)
BETTER TREE FOUND at iteration 3: -28042.234
Iteration 10 / LogL: -28071.514 / Time: 0h:0m:42s
Iteration 20 / LogL: -28064.765 / Time: 0h:1m:5s
Finish initializing candidate tree set (11)
Current best tree score: -28042.234 / CPU time: 56.119
Number of iterations: 20
--------------------------------------------------------------------
|               OPTIMIZING CANDIDATE TREE SET                      |
--------------------------------------------------------------------
Iteration 30 / LogL: -28045.937 / Time: 0h:1m:38s (0h:9m:47s left)
Iteration 40 / LogL: -28046.033 / Time: 0h:2m:10s (0h:9m:4s left)
Iteration 50 / LogL: -28042.856 / Time: 0h:2m:41s (0h:8m:24s left)
Log-likelihood cutoff on original alignment: -28095.569
Iteration 60 / LogL: -28042.883 / Time: 0h:3m:14s (0h:7m:50s left)
Iteration 70 / LogL: -28042.317 / Time: 0h:3m:32s (0h:6m:50s left)
Iteration 80 / LogL: -28042.766 / Time: 0h:3m:50s (0h:5m:59s left)
Iteration 90 / LogL: -28046.621 / Time: 0h:4m:2s (0h:5m:8s left)
Iteration 100 / LogL: -28042.945 / Time: 0h:4m:22s (0h:4m:33s left)
Log-likelihood cutoff on original alignment: -28095.569
NOTE: Bootstrap correlation coefficient of split occurrence frequencies: 0.999
Iteration 110 / LogL: -28052.861 / Time: 0h:4m:43s (0h:4m:1s left)
Iteration 120 / LogL: -28060.000 / Time: 0h:4m:59s (0h:3m:28s left)
Iteration 130 / LogL: -28042.502 / Time: 0h:5m:21s (0h:3m:1s left)
Iteration 140 / LogL: -28042.393 / Time: 0h:5m:39s (0h:2m:33s left)
Iteration 150 / LogL: -28043.865 / Time: 0h:5m:55s (0h:2m:6s left)
Log-likelihood cutoff on original alignment: -28095.569
UPDATE BEST LOG-LIKELIHOOD: -28042.227
Iteration 160 / LogL: -28059.948 / Time: 0h:6m:13s (0h:1m:40s left)
Iteration 170 / LogL: -28042.597 / Time: 0h:6m:32s (0h:1m:16s left)
Iteration 180 / LogL: -28042.261 / Time: 0h:6m:50s (0h:0m:52s left)
Iteration 190 / LogL: -28042.549 / Time: 0h:7m:11s (0h:0m:29s left)
Iteration 200 / LogL: -28042.450 / Time: 0h:7m:26s (0h:0m:6s left)
Log-likelihood cutoff on original alignment: -28095.569
NOTE: Bootstrap correlation coefficient of split occurrence frequencies: 0.999
TREE SEARCH COMPLETED AFTER 204 ITERATIONS / Time: 0h:7m:35s

--------------------------------------------------------------------
|                    FINALIZING TREE SEARCH                        |
--------------------------------------------------------------------
Performs final model parameters optimization
Estimate model parameters (epsilon = 0.010)
1. Initial log-likelihood: -28042.227
Optimal log-likelihood: -28042.220
Proportion of invariable sites: 0.058
Gamma shape alpha: 1.386
Parameters optimization took 1 rounds (0.381 sec)
BEST SCORE FOUND : -28042.220
Creating bootstrap support values...
Split supports printed to NEXUS file results_broccoli_meto/alignments_prefiltering/OG_11168.iqtree.splits.nex
Total tree length: 23.338

Total number of iterations: 204
CPU time used for tree search: 592.944 sec (0h:9m:52s)
Wall-clock time used for tree search: 446.268 sec (0h:7m:26s)
Total CPU time used: 609.691 sec (0h:10m:9s)
Total wall-clock time used: 456.324 sec (0h:7m:36s)

Computing bootstrap consensus tree...
Reading input file results_broccoli_meto/alignments_prefiltering/OG_11168.iqtree.splits.nex...
73 taxa and 343 splits.
Consensus tree written to results_broccoli_meto/alignments_prefiltering/OG_11168.iqtree.contree
Reading input trees file results_broccoli_meto/alignments_prefiltering/OG_11168.iqtree.contree
Log-likelihood of consensus tree: -28042.225

Analysis results written to: 
  IQ-TREE report:                results_broccoli_meto/alignments_prefiltering/OG_11168.iqtree.iqtree
  Maximum-likelihood tree:       results_broccoli_meto/alignments_prefiltering/OG_11168.iqtree.treefile
  Likelihood distances:          results_broccoli_meto/alignments_prefiltering/OG_11168.iqtree.mldist

Ultrafast bootstrap approximation results written to:
  Split support values:          results_broccoli_meto/alignments_prefiltering/OG_11168.iqtree.splits.nex
  Consensus tree:                results_broccoli_meto/alignments_prefiltering/OG_11168.iqtree.contree
  Screen log file:               results_broccoli_meto/alignments_prefiltering/OG_11168.iqtree.log

Date and Time: Mon Dec 12 14:03:06 2022
