IQ-TREE multicore version 2.1.0 for Linux 64-bit built Jul 18 2020
Developed by Bui Quang Minh, James Barbetti, Nguyen Lam Tung,
Olga Chernomor, Heiko Schmidt, Dominik Schrempf, Michael Woodhams.

Host:    node-hp0107.linux.crg.es (AVX, 125 GB RAM)
Command: /users/asebe/xgraubove/Programes/iqtree-2.1.0-Linux/bin/iqtree2 -s results_broccoli_meto/alignments_prefiltering/OG_1258.lt.fasta -m TEST -mset LG,WAG,JTT -nt AUTO -ntmax 2 -bb 1000 -pre results_broccoli_meto/alignments_prefiltering/OG_1258.iqtree -nm 10000 -nstop 200 -cptime 1800
Seed:    678617 (Using SPRNG - Scalable Parallel Random Number Generator)
Time:    Mon Dec 12 15:34:19 2022
Kernel:  AVX - auto-detect threads (2 CPU cores detected)

Reading alignment file results_broccoli_meto/alignments_prefiltering/OG_1258.lt.fasta ... Fasta format detected
Alignment most likely contains protein sequences
Alignment has 57 sequences with 260 columns, 260 distinct patterns
251 parsimony-informative, 0 singleton sites, 9 constant sites
                                                   Gap/Ambiguity  Composition  p-value
   1  Lcom_lcpid72769                                      4.23%    passed     75.70%
   2  Gracom_Gcom_C551746_01                               3.08%    passed     53.80%
   3  Leuniv_Lniv_scaffold25805_01                        47.69%    failed      0.95%
   4  Scil_scict019206.1                                   2.69%    passed     10.30%
   5  Clacor_Ccor_C533567_01                              41.54%    failed      3.27%
   6  Lcom_lcpid223205                                    57.69%    passed     31.83%
   7  Fspp_ffun1.m4.2304.m1                                4.23%    passed     75.36%
   8  Gasp_gasp1.m3.27778.m1                               4.23%    passed     88.83%
   9  Gfas_gfas1.m1.17307.m1                               6.54%    passed     32.31%
  10  Spis_XP_022782289_1                                  3.08%    passed     66.02%
  11  Amil_Amillepora15260-RA                              5.00%    passed     70.74%
  12  Adig_XM_015908087.1                                  5.00%    passed     70.21%
  13  Exapal_XM_021041227.2                                5.77%    passed     82.33%
  14  Nvec_v1g174949                                       5.00%    passed     99.92%
  15  Acagra_model.g17703.t1_model.g17705.t1.2.5d400d87    1.15%    passed     93.47%
  16  Spur_XM_011676894.2                                  1.15%    passed     65.37%
  17  Cscu_XM_023359805.1                                  3.08%    passed     23.47%
  18  Hsap_ENST00000602956                                35.00%    passed     37.02%
  19  Hsap_ENST00000366639                                 2.69%    passed     89.75%
  20  Bralan_BLAG04001671_1                                1.15%    passed     93.59%
  21  Dgig_XM_028542817.1                                  2.31%    passed     57.28%
  22  Xesp_012081-T1                                       3.08%    passed     41.09%
  23  Sanmal_Sma_027166-T1                                 3.46%    passed     41.80%
  24  Nemnom_g2400.t1                                      2.31%    passed     91.15%
  25  Rhoesc_Res_001763-T1                                 1.54%    passed     86.11%
  26  Tetwil_g10421.t1                                     1.92%    passed     43.11%
  27  Ctel_gnl_WGS_AMQN_CAPTEDRAFT_mRNA224034              0.38%    passed     56.41%
  28  Dpul_mRNA26105                                       7.31%    passed     85.75%
  29  Opea_EP00118_Oscarella_pearsei_P002197               7.69%    passed     51.21%
  30  Plajan_Pjan_scaffold1700_01                          3.46%    passed     40.83%
  31  Morvir_scaffold31.g105.t1                            5.00%    passed     17.09%
  32  HoiH23_PlH23_004598-RA                              14.62%    passed     37.25%
  33  HoiH06_mRNA11595                                    14.62%    passed      8.47%
  34  Hhon_g07276.t1                                      16.54%    passed     64.91%
  35  HoiH04_mRNA12195                                    14.62%    passed     50.75%
  36  HoiH11_mRNA2025                                     25.38%    passed     38.51%
  37  TrH2_TrispH2_005597-RA                              11.92%    passed     63.53%
  38  Tadh_TriadT32160                                    18.08%    passed     72.59%
  39  TrH2_TrispH2_005595-RA                              19.23%    passed     15.12%
  40  Tadh_TriadT5203                                     26.92%    passed     11.04%
  41  Tcas_TC031209_001                                    2.31%    passed     22.72%
  42  Emue_Em0019g586a.t1                                 43.08%    failed      4.60%
  43  Emue_Em0019g575a.t1                                 13.08%    passed     30.85%
  44  Spolac_c11727_g1_i1_m.383c101126-g1                 45.77%    passed     37.45%
  45  Chem_TCONS_00057886                                  6.54%    passed     14.67%
  46  Horcal_Hcv1.av93.c2.g1172.i1                        20.00%    passed     55.97%
  47  Pbac_sb2642617                                      11.15%    passed     13.93%
  48  Vmul_sbMO396827                                     19.23%    passed     78.67%
  49  Coemet_Cmet_C588567_01                              15.00%    passed     97.49%
  50  Coeast_Cast_sb785579                                25.00%    passed     86.66%
  51  Coeast_Cast_sb785581                                31.54%    passed     16.87%
  52  Coeast_Cast_sb785580                                29.62%    passed     48.74%
  53  Lampan_Lpan_C400569_01                              16.15%    passed     66.44%
  54  Aque_Aqu2.1.35246_001                               16.54%    passed     36.37%
  55  Halamb_c53899_g1_i4mm.5512                          53.08%    passed     30.29%
  56  Hvul_g32224_1                                       16.54%    passed      8.81%
  57  Skow_XM_006811745.1                                 11.92%    passed     48.11%
WARNING: 2 sequences contain more than 50% gaps/ambiguity
****  TOTAL                                               14.33%  3 sequences failed composition chi2 test (p-value<5%; df=19)


Create initial parsimony tree by phylogenetic likelihood library (PLL)... 0.017 seconds
Measuring multi-threading efficiency up to 2 CPU cores
Increase to 10 rounds for branch lengths
6 trees examined
Threads: 1 / Time: 2.386 sec / Speedup: 1.000 / Efficiency: 100% / LogL: -24280
Threads: 2 / Time: 1.299 sec / Speedup: 1.837 / Efficiency: 92% / LogL: -24280
BEST NUMBER OF THREADS: 2

Perform fast likelihood tree search using LG+I+G model...
Estimate model parameters (epsilon = 5.000)
Perform nearest neighbor interchange...
Estimate model parameters (epsilon = 1.000)
1. Initial log-likelihood: -18743.666
Optimal log-likelihood: -18743.463
Proportion of invariable sites: 0.034
Gamma shape alpha: 1.306
Parameters optimization took 1 rounds (0.154 sec)
Time for fast ML tree search: 1.006 seconds

NOTE: ModelFinder requires 10 MB RAM!
ModelFinder will test up to 24 protein models (sample size: 260) ...
 No. Model         -LnL         df  AIC          AICc         BIC
  1  LG            19608.169    111 39438.337    39606.337    39833.573
  2  LG+I          19446.035    112 39116.070    39288.260    39514.866
  3  LG+G4         18767.321    112 37758.643    37930.833    38157.439
  4  LG+I+G4       18743.447    113 37712.894    37889.360    38115.251
  8  LG+F+I+G4     18733.009    132 37730.017    38006.489    38200.027
 12  WAG+I+G4      18821.907    113 37869.814    38046.280    38272.171
 16  WAG+F+I+G4    18829.000    132 37922.001    38198.473    38392.011
 20  JTT+I+G4      18826.953    113 37879.905    38056.371    38282.262
 24  JTT+F+I+G4    18798.619    132 37861.238    38137.710    38331.248
Akaike Information Criterion:           LG+I+G4
Corrected Akaike Information Criterion: LG+I+G4
Bayesian Information Criterion:         LG+I+G4
Best-fit model: LG+I+G4 chosen according to BIC

All model information printed to results_broccoli_meto/alignments_prefiltering/OG_1258.iqtree.model.gz
CPU time for ModelFinder: 12.745 seconds (0h:0m:12s)
Wall-clock time for ModelFinder: 7.799 seconds (0h:0m:7s)
Generating 1000 samples for ultrafast bootstrap (seed: 678617)...

NOTE: 10 MB RAM (0 GB) is required!
Estimate model parameters (epsilon = 0.100)
Thoroughly optimizing +I+G parameters from 10 start values...
Init pinv, alpha: 0.000, 1.302 / Estimate: 0.034, 1.287 / LogL: -18743.437
Init pinv, alpha: 0.004, 1.302 / Estimate: 0.034, 1.298 / LogL: -18743.437
Init pinv, alpha: 0.008, 1.302 / Estimate: 0.034, 1.302 / LogL: -18743.449
Init pinv, alpha: 0.012, 1.302 / Estimate: 0.033, 1.304 / LogL: -18743.459
Init pinv, alpha: 0.015, 1.302 / Estimate: 0.034, 1.303 / LogL: -18743.452
Init pinv, alpha: 0.019, 1.302 / Estimate: 0.034, 1.303 / LogL: -18743.447
Init pinv, alpha: 0.023, 1.302 / Estimate: 0.034, 1.300 / LogL: -18743.441
Init pinv, alpha: 0.027, 1.302 / Estimate: 0.034, 1.299 / LogL: -18743.438
Init pinv, alpha: 0.031, 1.302 / Estimate: 0.033, 1.298 / LogL: -18743.438
Init pinv, alpha: 0.035, 1.302 / Estimate: 0.034, 1.297 / LogL: -18743.434
Optimal pinv,alpha: 0.034, 1.297 / LogL: -18743.434

Parameters optimization took 2.000 sec
Computing ML distances based on estimated model parameters...
Computing ML distances took 0.233614 sec (of wall-clock time) 0.461211 sec(of CPU time)
Computing RapidNJ tree took 0.000826 sec (of wall-clock time) 0.000000 sec (of CPU time)
Log-likelihood of RapidNJ tree: -18802.761
--------------------------------------------------------------------
|             INITIALIZING CANDIDATE TREE SET                      |
--------------------------------------------------------------------
Generating 98 parsimony trees... 1.201 second
Computing log-likelihood of 98 initial trees ... 2.560 seconds
Current best score: -18743.434

Do NNI search on 20 best initial trees
Estimate model parameters (epsilon = 0.100)
BETTER TREE FOUND at iteration 1: -18743.431
Estimate model parameters (epsilon = 0.100)
BETTER TREE FOUND at iteration 2: -18723.099
Iteration 10 / LogL: -18750.782 / Time: 0h:0m:15s
Iteration 20 / LogL: -18744.643 / Time: 0h:0m:24s
Finish initializing candidate tree set (20)
Current best tree score: -18723.099 / CPU time: 21.673
Number of iterations: 20
--------------------------------------------------------------------
|               OPTIMIZING CANDIDATE TREE SET                      |
--------------------------------------------------------------------
Estimate model parameters (epsilon = 0.100)
BETTER TREE FOUND at iteration 21: -18719.432
Iteration 30 / LogL: -18735.563 / Time: 0h:0m:31s (0h:3m:27s left)
Estimate model parameters (epsilon = 0.100)
BETTER TREE FOUND at iteration 31: -18719.416
Estimate model parameters (epsilon = 0.100)
BETTER TREE FOUND at iteration 33: -18718.553
Estimate model parameters (epsilon = 0.100)
BETTER TREE FOUND at iteration 34: -18716.645
Iteration 40 / LogL: -18724.744 / Time: 0h:0m:39s (0h:3m:16s left)
Iteration 50 / LogL: -18724.166 / Time: 0h:0m:47s (0h:2m:58s left)
Log-likelihood cutoff on original alignment: -18765.428
Iteration 60 / LogL: -18723.064 / Time: 0h:0m:55s (0h:2m:43s left)
Estimate model parameters (epsilon = 0.100)
BETTER TREE FOUND at iteration 70: -18716.490
Iteration 70 / LogL: -18716.490 / Time: 0h:1m:3s (0h:3m:3s left)
UPDATE BEST LOG-LIKELIHOOD: -18716.488
Iteration 80 / LogL: -18722.376 / Time: 0h:1m:10s (0h:2m:50s left)
Iteration 90 / LogL: -18725.969 / Time: 0h:1m:18s (0h:2m:38s left)
Iteration 100 / LogL: -18716.901 / Time: 0h:1m:25s (0h:2m:25s left)
Log-likelihood cutoff on original alignment: -18765.428
NOTE: Bootstrap correlation coefficient of split occurrence frequencies: 0.996
Iteration 110 / LogL: -18716.744 / Time: 0h:1m:32s (0h:2m:16s left)
Iteration 120 / LogL: -18717.022 / Time: 0h:1m:40s (0h:2m:7s left)
Iteration 130 / LogL: -18717.721 / Time: 0h:1m:49s (0h:1m:58s left)
Iteration 140 / LogL: -18719.168 / Time: 0h:1m:56s (0h:1m:49s left)
Iteration 150 / LogL: -18718.780 / Time: 0h:2m:5s (0h:1m:40s left)
Log-likelihood cutoff on original alignment: -18761.485
Iteration 160 / LogL: -18723.134 / Time: 0h:2m:12s (0h:1m:31s left)
Iteration 170 / LogL: -18717.174 / Time: 0h:2m:19s (0h:1m:22s left)
Iteration 180 / LogL: -18718.326 / Time: 0h:2m:27s (0h:1m:13s left)
Iteration 190 / LogL: -18716.680 / Time: 0h:2m:34s (0h:1m:5s left)
Iteration 200 / LogL: -18717.022 / Time: 0h:2m:41s (0h:0m:56s left)
Log-likelihood cutoff on original alignment: -18761.485
NOTE: Bootstrap correlation coefficient of split occurrence frequencies: 0.998
Iteration 210 / LogL: -18723.455 / Time: 0h:2m:49s (0h:1m:13s left)
Iteration 220 / LogL: -18718.172 / Time: 0h:2m:57s (0h:1m:4s left)
UPDATE BEST LOG-LIKELIHOOD: -18716.488
Iteration 230 / LogL: -18718.614 / Time: 0h:3m:5s (0h:0m:56s left)
Iteration 240 / LogL: -18716.966 / Time: 0h:3m:13s (0h:0m:48s left)
Iteration 250 / LogL: -18716.488 / Time: 0h:3m:21s (0h:0m:40s left)
Log-likelihood cutoff on original alignment: -18761.485
Iteration 260 / LogL: -18716.965 / Time: 0h:3m:29s (0h:0m:32s left)
Iteration 270 / LogL: -18721.414 / Time: 0h:3m:37s (0h:0m:24s left)
TREE SEARCH COMPLETED AFTER 271 ITERATIONS / Time: 0h:3m:37s

--------------------------------------------------------------------
|                    FINALIZING TREE SEARCH                        |
--------------------------------------------------------------------
Performs final model parameters optimization
Estimate model parameters (epsilon = 0.010)
1. Initial log-likelihood: -18716.488
Optimal log-likelihood: -18716.486
Proportion of invariable sites: 0.034
Gamma shape alpha: 1.316
Parameters optimization took 1 rounds (0.087 sec)
BEST SCORE FOUND : -18716.486
Creating bootstrap support values...
Split supports printed to NEXUS file results_broccoli_meto/alignments_prefiltering/OG_1258.iqtree.splits.nex
Total tree length: 37.483

Total number of iterations: 271
CPU time used for tree search: 423.766 sec (0h:7m:3s)
Wall-clock time used for tree search: 215.072 sec (0h:3m:35s)
Total CPU time used: 429.398 sec (0h:7m:9s)
Total wall-clock time used: 218.273 sec (0h:3m:38s)

Computing bootstrap consensus tree...
Reading input file results_broccoli_meto/alignments_prefiltering/OG_1258.iqtree.splits.nex...
57 taxa and 666 splits.
Consensus tree written to results_broccoli_meto/alignments_prefiltering/OG_1258.iqtree.contree
Reading input trees file results_broccoli_meto/alignments_prefiltering/OG_1258.iqtree.contree
Log-likelihood of consensus tree: -18717.084

Analysis results written to: 
  IQ-TREE report:                results_broccoli_meto/alignments_prefiltering/OG_1258.iqtree.iqtree
  Maximum-likelihood tree:       results_broccoli_meto/alignments_prefiltering/OG_1258.iqtree.treefile
  Likelihood distances:          results_broccoli_meto/alignments_prefiltering/OG_1258.iqtree.mldist

Ultrafast bootstrap approximation results written to:
  Split support values:          results_broccoli_meto/alignments_prefiltering/OG_1258.iqtree.splits.nex
  Consensus tree:                results_broccoli_meto/alignments_prefiltering/OG_1258.iqtree.contree
  Screen log file:               results_broccoli_meto/alignments_prefiltering/OG_1258.iqtree.log

Date and Time: Mon Dec 12 15:38:06 2022
