IQ-TREE multicore version 2.1.0 for Linux 64-bit built Jul 18 2020
Developed by Bui Quang Minh, James Barbetti, Nguyen Lam Tung,
Olga Chernomor, Heiko Schmidt, Dominik Schrempf, Michael Woodhams.

Host:    node-hp0306.linux.crg.es (AVX, 125 GB RAM)
Command: /users/asebe/xgraubove/Programes/iqtree-2.1.0-Linux/bin/iqtree2 -s results_broccoli_meto/alignments_prefiltering/OG_12757.lt.fasta -m TEST -mset LG,WAG,JTT -nt AUTO -ntmax 2 -bb 1000 -pre results_broccoli_meto/alignments_prefiltering/OG_12757.iqtree -nm 10000 -nstop 200 -cptime 1800
Seed:    528334 (Using SPRNG - Scalable Parallel Random Number Generator)
Time:    Mon Dec 12 16:10:44 2022
Kernel:  AVX - auto-detect threads (2 CPU cores detected)

Reading alignment file results_broccoli_meto/alignments_prefiltering/OG_12757.lt.fasta ... Fasta format detected
Alignment most likely contains protein sequences
Alignment has 109 sequences with 466 columns, 466 distinct patterns
464 parsimony-informative, 0 singleton sites, 2 constant sites
                                                          Gap/Ambiguity  Composition  p-value
   1  Lcom_lcpid183293                                           73.39%    passed     17.01%
   2  Lcom_lcpid58838                                             2.79%    passed     71.61%
   3  Leuniv_Lniv_C812302_01                                      2.79%    passed     59.08%
   4  Scil_scict004663.3                                          2.79%    passed     89.13%
   5  Gracom_Gcom_scaffold3855_01                                 2.79%    passed     87.17%
   6  Morvir_scaffold3019.g1.t1                                  84.76%    passed     58.00%
   7  Sanmal_Sma_026172-T1                                        0.43%    passed     99.99%
   8  Rhoesc_Res_013137-T1                                        0.43%    passed     99.22%
   9  Nemnom_g4334.t1                                             0.43%    passed     95.79%
  10  Aaur_scaffold1491.g6.t1                                    77.47%    passed     65.35%
  11  Stycar_maker-SC_scaffold145149-snap-gene-0.4-mRNA-1        73.61%    passed     37.83%
  12  Spolac_c102959_g2_i1_m.31833c102959-g2                      3.00%    passed     99.97%
  13  Spolac_c102959_g2_i2_m.31835c102959-g2                      2.58%    passed     99.68%
  14  Plespi_Pspi_scaffold20002_01                                6.44%    passed     97.37%
  15  Stycar_maker-SC_scaffold41086-snap-gene-0.70-mRNA-1        12.66%    passed     99.34%
  16  Stycar_maker-SC_scaffold101094-augustus-gene-0.46-mRNA-1   15.67%    passed     95.94%
  17  Hsap_ENST00000319622                                        3.22%    passed     99.71%
  18  Lcom_lcpid134978                                           54.08%    passed     36.34%
  19  Dpul_mRNA15337                                              1.93%    passed     99.90%
  20  Aque_Aqu2.1.08245_001                                      48.28%    passed     57.95%
  21  Halamb_c14291_g1_i1m.2349                                  75.75%    passed     72.10%
  22  Aque_Aqu2.1.34807_001                                       2.58%    passed     77.23%
  23  Aque_Aqu2.1.12422_001                                      63.52%    passed     23.36%
  24  Aque_Aqu2.1.43531_001                                       2.58%    passed     85.47%
  25  Halamb_c63108_g1_i1m.45740                                  2.58%    passed     59.57%
  26  Aque_Aqu2.1.08244_001                                      85.84%    passed      8.83%
  27  Halamb_c27482_g1_i1m.5447                                  53.86%    passed     21.05%
  28  Tetwil_g5233.t1                                             6.44%    passed     93.51%
  29  Lcom_lcpid90760                                            50.86%    passed     42.13%
  30  Lcom_lcpid90761                                            51.29%    passed     33.97%
  31  Cgig_XM_034465177.1                                         0.00%    passed     85.20%
  32  Acagra_model.g26999.t1_model.g27000.t1.2.5d401091           0.43%    passed     95.23%
  33  Lcom_lcpid174367                                           71.24%    passed     14.03%
  34  Plajan_Pjan_scaffold7313_01                                 3.22%    passed     95.02%
  35  Skow_XM_006813808.1                                        44.64%    passed     50.59%
  36  Spur_XM_031000414.1                                         3.43%    passed     99.83%
  37  HoiH23_PlH23_003355-RA                                      2.58%    passed     97.14%
  38  HoiH06_mRNA14947                                            2.58%    passed     99.04%
  39  Hhon_g07062.t1                                              2.58%    passed     99.76%
  40  HoiH04_mRNA8602                                             2.58%    passed     98.70%
  41  TrH2_TrispH2_003988-RA                                      2.58%    passed     80.94%
  42  Tadh_TriadT35480                                           10.30%    passed     64.62%
  43  HoiH11_mRNA8696                                             2.58%    passed     99.12%
  44  Fspp_ffun1.m4.15096.m1                                      0.21%    passed     92.71%
  45  Gasp_gasp1.m3.22737.m1                                      0.21%    passed     72.77%
  46  Spis_XP_022796880_1                                         0.21%    passed     95.94%
  47  Pocdam_XM_027196829.1                                       0.21%    passed     92.68%
  48  Gfas_gfas1.m1.14721.m1                                      0.21%    passed     93.67%
  49  Amil_Amillepora05785-RA                                     0.21%    passed     82.72%
  50  Adig_XM_015913153.1                                        13.09%    passed     77.45%
  51  Nvec_v1g157664                                              0.86%    passed     94.32%
  52  Hsap_ENST00000342741                                        2.36%    failed      0.29%
  53  Ctel_gnl_WGS_AMQN_CAPTEDRAFT_mRNA180936                     0.86%    passed     97.05%
  54  Mertsp_Mesp_sb570003                                       67.81%    passed     33.94%
  55  Bolinf_Binf_sb1222242                                      40.99%    passed     80.81%
  56  Vmul_sbMO426859                                            70.17%    passed     82.56%
  57  Bolinf_Binf_sb1258340                                      10.30%    passed     98.27%
  58  Mertsp_Mesp_sb559602                                       42.06%    passed     55.23%
  59  Beraby_Baby_sb331131                                       31.33%    passed     95.86%
  60  Drygla_Dgla_sb296559                                        1.93%    passed     97.81%
  61  Drygla_Dgla_sb296560                                       26.18%    passed     83.49%
  62  Lampan_Lpan_14955_01                                        2.58%    passed     98.28%
  63  Pbac_sb2659757                                             16.74%    passed     85.09%
  64  Horcal_Hcv1.av93.c1.g115.i1                                 2.36%    passed     96.28%
  65  Horcal_Hcv1.av93.c1.g115.i5                                 2.36%    passed     96.28%
  66  Mlei_ML0162.g8.i1                                          10.52%    passed     99.80%
  67  Coeast_Cast_sb807371                                       31.55%    passed     76.21%
  68  Coeast_Cast_sb807372                                       36.27%    passed     69.58%
  69  Coeast_Cast_sb807369                                       21.46%    passed     82.58%
  70  Coeast_Cast_sb807370                                       26.18%    passed     75.11%
  71  Coemet_Cmet_scaffold4411_01                                 3.22%    passed     94.80%
  72  Eupdun_Edun_sb10641151                                      9.44%    passed     99.25%
  73  Eupdun_Edun_sb10641152                                     58.58%    passed     31.32%
  74  Eupdun_Edun_sb10641155                                     57.94%    passed     35.40%
  75  Bolinf_Binf_sb1222243                                      65.02%    passed      7.16%
  76  Mertsp_Mesp_sb569998                                       64.38%    passed      5.18%
  77  Mertsp_Mesp_sb570000                                       67.60%    failed      3.65%
  78  Bolinf_Binf_sb1222245                                      72.32%    failed      2.98%
  79  Cscu_XM_023364441.1                                         2.36%    passed     93.38%
  80  Tcas_TC004380_003                                           2.58%    passed     96.60%
  81  Tcas_TC004884_001                                          19.10%    passed     86.82%
  82  Opea_EP00118_Oscarella_pearsei_P018651                      3.65%    passed     92.67%
  83  Ocar_g1343                                                  3.65%    passed     92.73%
  84  Tcas_TC006530_002                                           5.79%    failed      2.30%
  85  Dgig_XM_028546471.1                                         2.58%    passed     92.65%
  86  Xesp_020959-T1                                              4.29%    passed     75.38%
  87  Chem_TCONS_00056817                                        34.76%    passed     74.71%
  88  Lcom_lcpid123807                                           43.35%    passed     84.94%
  89  Hvul_g26069_1                                              11.59%    passed     68.87%
  90  Beraby_Baby_sb331132                                       70.60%    passed     21.76%
  91  Bralan_BLAG19000846_1                                      38.20%    passed     35.73%
  92  Lcom_lcpid218794                                           78.11%    failed      1.26%
  93  Lcom_lcpid152006                                           63.95%    failed      3.96%
  94  Acagra_model.g26996.t1.1.5d401090                          27.47%    passed     53.40%
  95  Acagra_model.g26996.t1                                      0.86%    passed     97.10%
  96  Cgig_XM_011432805.3                                         2.79%    passed     79.41%
  97  Stycar_maker-SC_scaffold2125-snap-gene-0.140-mRNA-1        21.24%    failed      0.01%
  98  Stycar_maker-SC_scaffold64715-augustus-gene-0.5-mRNA-1     69.53%    passed     13.72%
  99  Morvir_scaffold232.g5.t1                                   36.05%    passed     77.87%
 100  Opea_EP00118_Oscarella_pearsei_P022716                     85.62%    passed     74.96%
 101  Lcom_lcpid136075                                           57.51%    passed     41.73%
 102  Clacor_Ccor_scaffold15390_01                               43.78%    passed     77.72%
 103  Lcom_lcpid148680                                           57.30%    passed     28.85%
 104  Tcas_TC006543_001                                           6.65%    failed      2.39%
 105  Lcom_lcpid209345                                           80.26%    failed      0.54%
 106  Pbac_sb2659758                                              3.00%    failed      0.40%
 107  Lcom_lcpid63486                                            86.05%    failed      0.56%
 108  Bralan_BLAG19000844_1                                      29.61%    failed      0.00%
 109  Hvul_g26067_1                                              44.42%    passed     20.96%
WARNING: 29 sequences contain more than 50% gaps/ambiguity
****  TOTAL                                                      26.68%  12 sequences failed composition chi2 test (p-value<5%; df=19)
NOTE: Horcal_Hcv1.av93.c1.g115.i5 is identical to Horcal_Hcv1.av93.c1.g115.i1 but kept for subsequent analysis


Create initial parsimony tree by phylogenetic likelihood library (PLL)... 0.039 seconds
Measuring multi-threading efficiency up to 2 CPU cores
Increase to 10 rounds for branch lengths
2 trees examined
Threads: 1 / Time: 2.760 sec / Speedup: 1.000 / Efficiency: 100% / LogL: -56146
Threads: 2 / Time: 1.440 sec / Speedup: 1.916 / Efficiency: 96% / LogL: -56146
BEST NUMBER OF THREADS: 2

Perform fast likelihood tree search using LG+I+G model...
Estimate model parameters (epsilon = 5.000)
Perform nearest neighbor interchange...
Estimate model parameters (epsilon = 1.000)
1. Initial log-likelihood: -36216.599
Optimal log-likelihood: -36216.565
Proportion of invariable sites: 0.004
Gamma shape alpha: 1.368
Parameters optimization took 1 rounds (0.277 sec)
Time for fast ML tree search: 3.521 seconds

NOTE: ModelFinder requires 34 MB RAM!
ModelFinder will test up to 24 protein models (sample size: 466) ...
 No. Model         -LnL         df  AIC          AICc         BIC
  1  LG            37862.331    215 76154.662    76526.182    77045.662
  2  LG+I          37838.471    216 76108.941    76485.423    77004.085
  3  LG+G4         36218.646    216 72869.291    73245.773    73764.435
  4  LG+I+G4       36216.573    217 72867.146    73248.646    73766.434
  7  LG+F+G4       36227.453    235 72924.907    73407.167    73898.790
  8  LG+F+I+G4     36226.183    236 72924.366    73412.855    73902.394
 11  WAG+G4        36309.798    216 73051.596    73428.078    73946.740
 12  WAG+I+G4      36306.354    217 73046.709    73428.209    73945.997
 15  WAG+F+G4      36253.891    235 72977.783    73460.044    73951.666
 16  WAG+F+I+G4    36251.209    236 72974.418    73462.907    73952.446
 19  JTT+G4        36596.379    216 73624.759    74001.241    74519.903
 20  JTT+I+G4      36594.272    217 73622.544    74004.044    74521.833
 23  JTT+F+G4      36579.956    235 73629.912    74112.173    74603.796
 24  JTT+F+I+G4    36578.396    236 73628.792    74117.281    74606.819
Akaike Information Criterion:           LG+I+G4
Corrected Akaike Information Criterion: LG+G4
Bayesian Information Criterion:         LG+G4
Best-fit model: LG+G4 chosen according to BIC

All model information printed to results_broccoli_meto/alignments_prefiltering/OG_12757.iqtree.model.gz
CPU time for ModelFinder: 39.609 seconds (0h:0m:39s)
Wall-clock time for ModelFinder: 21.334 seconds (0h:0m:21s)
Generating 1000 samples for ultrafast bootstrap (seed: 528334)...

NOTE: 34 MB RAM (0 GB) is required!
Estimate model parameters (epsilon = 0.100)
1. Initial log-likelihood: -36218.646
Optimal log-likelihood: -36218.617
Gamma shape alpha: 1.349
Parameters optimization took 1 rounds (0.243 sec)
Computing ML distances based on estimated model parameters...
Computing ML distances took 0.744657 sec (of wall-clock time) 1.483888 sec(of CPU time)
WARNING: Some pairwise ML distances are too long (saturated)
Computing RapidNJ tree took 0.001884 sec (of wall-clock time) 0.002754 sec (of CPU time)
Log-likelihood of RapidNJ tree: -37660.741
--------------------------------------------------------------------
|             INITIALIZING CANDIDATE TREE SET                      |
--------------------------------------------------------------------
Generating 98 parsimony trees... 4.870 second
Computing log-likelihood of 98 initial trees ... 8.585 seconds
Current best score: -36218.617

Do NNI search on 20 best initial trees
Estimate model parameters (epsilon = 0.100)
BETTER TREE FOUND at iteration 1: -36217.229
Estimate model parameters (epsilon = 0.100)
BETTER TREE FOUND at iteration 2: -36154.265
Iteration 10 / LogL: -36168.153 / Time: 0h:0m:38s
Iteration 20 / LogL: -36177.020 / Time: 0h:1m:3s
Finish initializing candidate tree set (20)
Current best tree score: -36154.265 / CPU time: 61.082
Number of iterations: 20
--------------------------------------------------------------------
|               OPTIMIZING CANDIDATE TREE SET                      |
--------------------------------------------------------------------
Estimate model parameters (epsilon = 0.100)
BETTER TREE FOUND at iteration 24: -36152.048
Estimate model parameters (epsilon = 0.100)
BETTER TREE FOUND at iteration 25: -36146.246
Iteration 30 / LogL: -36157.676 / Time: 0h:1m:31s (0h:10m:15s left)
Iteration 40 / LogL: -36147.260 / Time: 0h:1m:53s (0h:8m:59s left)
Estimate model parameters (epsilon = 0.100)
BETTER TREE FOUND at iteration 41: -36145.531
Estimate model parameters (epsilon = 0.100)
BETTER TREE FOUND at iteration 42: -36142.764
Estimate model parameters (epsilon = 0.100)
BETTER TREE FOUND at iteration 50: -36140.835
Iteration 50 / LogL: -36140.835 / Time: 0h:2m:19s (0h:9m:30s left)
Log-likelihood cutoff on original alignment: -36220.974
Iteration 60 / LogL: -36162.192 / Time: 0h:2m:43s (0h:8m:47s left)
Iteration 70 / LogL: -36141.079 / Time: 0h:3m:8s (0h:8m:11s left)
Estimate model parameters (epsilon = 0.100)
BETTER TREE FOUND at iteration 73: -36140.592
UPDATE BEST LOG-LIKELIHOOD: -36140.585
Iteration 80 / LogL: -36141.957 / Time: 0h:3m:33s (0h:8m:40s left)
Iteration 90 / LogL: -36141.950 / Time: 0h:3m:56s (0h:8m:6s left)
Estimate model parameters (epsilon = 0.100)
BETTER TREE FOUND at iteration 94: -36140.539
Estimate model parameters (epsilon = 0.100)
BETTER TREE FOUND at iteration 99: -36140.332
Iteration 100 / LogL: -36140.565 / Time: 0h:4m:23s (0h:8m:49s left)
Log-likelihood cutoff on original alignment: -36201.330
NOTE: Bootstrap correlation coefficient of split occurrence frequencies: 0.987
NOTE: UFBoot does not converge, continue at least 100 more iterations
Estimate model parameters (epsilon = 0.100)
BETTER TREE FOUND at iteration 109: -36139.029
Iteration 110 / LogL: -36142.315 / Time: 0h:4m:47s (0h:8m:44s left)
Iteration 120 / LogL: -36140.338 / Time: 0h:5m:11s (0h:8m:15s left)
Estimate model parameters (epsilon = 0.100)
BETTER TREE FOUND at iteration 126: -36138.527
Estimate model parameters (epsilon = 0.100)
BETTER TREE FOUND at iteration 127: -36138.110
Estimate model parameters (epsilon = 0.100)
BETTER TREE FOUND at iteration 128: -36137.865
Iteration 130 / LogL: -36139.024 / Time: 0h:5m:39s (0h:8m:40s left)
UPDATE BEST LOG-LIKELIHOOD: -36137.864
Iteration 140 / LogL: -36140.188 / Time: 0h:6m:4s (0h:8m:12s left)
Iteration 150 / LogL: -36138.869 / Time: 0h:6m:32s (0h:7m:48s left)
Log-likelihood cutoff on original alignment: -36201.330
Iteration 160 / LogL: -36138.297 / Time: 0h:6m:59s (0h:7m:22s left)
Iteration 170 / LogL: -36140.212 / Time: 0h:7m:24s (0h:6m:55s left)
Iteration 180 / LogL: -36150.545 / Time: 0h:7m:51s (0h:6m:29s left)
Iteration 190 / LogL: -36140.813 / Time: 0h:8m:16s (0h:6m:2s left)
Iteration 200 / LogL: -36137.950 / Time: 0h:8m:41s (0h:5m:35s left)
Log-likelihood cutoff on original alignment: -36201.330
NOTE: Bootstrap correlation coefficient of split occurrence frequencies: 0.992
Iteration 210 / LogL: -36139.166 / Time: 0h:9m:7s (0h:5m:9s left)
Iteration 220 / LogL: -36142.552 / Time: 0h:9m:33s (0h:4m:42s left)
Iteration 230 / LogL: -36143.605 / Time: 0h:9m:58s (0h:4m:15s left)
Iteration 240 / LogL: -36143.563 / Time: 0h:10m:23s (0h:3m:49s left)
Iteration 250 / LogL: -36140.154 / Time: 0h:10m:52s (0h:3m:24s left)
Log-likelihood cutoff on original alignment: -36201.330
Iteration 260 / LogL: -36138.220 / Time: 0h:11m:19s (0h:2m:58s left)
Iteration 270 / LogL: -36154.040 / Time: 0h:11m:43s (0h:2m:31s left)
Iteration 280 / LogL: -36143.411 / Time: 0h:12m:9s (0h:2m:5s left)
Iteration 290 / LogL: -36137.966 / Time: 0h:12m:35s (0h:1m:39s left)
Iteration 300 / LogL: -36139.377 / Time: 0h:12m:59s (0h:1m:13s left)
Log-likelihood cutoff on original alignment: -36201.330
NOTE: Bootstrap correlation coefficient of split occurrence frequencies: 0.997
Iteration 310 / LogL: -36145.371 / Time: 0h:13m:26s (0h:3m:54s left)
Iteration 320 / LogL: -36140.879 / Time: 0h:13m:51s (0h:3m:28s left)
TREE SEARCH COMPLETED AFTER 329 ITERATIONS / Time: 0h:14m:14s

--------------------------------------------------------------------
|                    FINALIZING TREE SEARCH                        |
--------------------------------------------------------------------
Performs final model parameters optimization
Estimate model parameters (epsilon = 0.010)
1. Initial log-likelihood: -36137.864
Optimal log-likelihood: -36137.863
Gamma shape alpha: 1.351
Parameters optimization took 1 rounds (0.243 sec)
BEST SCORE FOUND : -36137.863
Creating bootstrap support values...
Split supports printed to NEXUS file results_broccoli_meto/alignments_prefiltering/OG_12757.iqtree.splits.nex
Total tree length: 46.512

Total number of iterations: 329
CPU time used for tree search: 1690.795 sec (0h:28m:10s)
Wall-clock time used for tree search: 852.571 sec (0h:14m:12s)
Total CPU time used: 1695.903 sec (0h:28m:15s)
Total wall-clock time used: 855.315 sec (0h:14m:15s)

Computing bootstrap consensus tree...
Reading input file results_broccoli_meto/alignments_prefiltering/OG_12757.iqtree.splits.nex...
109 taxa and 742 splits.
Consensus tree written to results_broccoli_meto/alignments_prefiltering/OG_12757.iqtree.contree
Reading input trees file results_broccoli_meto/alignments_prefiltering/OG_12757.iqtree.contree
Log-likelihood of consensus tree: -36138.255

Analysis results written to: 
  IQ-TREE report:                results_broccoli_meto/alignments_prefiltering/OG_12757.iqtree.iqtree
  Maximum-likelihood tree:       results_broccoli_meto/alignments_prefiltering/OG_12757.iqtree.treefile
  Likelihood distances:          results_broccoli_meto/alignments_prefiltering/OG_12757.iqtree.mldist

Ultrafast bootstrap approximation results written to:
  Split support values:          results_broccoli_meto/alignments_prefiltering/OG_12757.iqtree.splits.nex
  Consensus tree:                results_broccoli_meto/alignments_prefiltering/OG_12757.iqtree.contree
  Screen log file:               results_broccoli_meto/alignments_prefiltering/OG_12757.iqtree.log

Date and Time: Mon Dec 12 16:25:22 2022
