IQ-TREE multicore version 2.1.0 for Linux 64-bit built Jul 18 2020
Developed by Bui Quang Minh, James Barbetti, Nguyen Lam Tung,
Olga Chernomor, Heiko Schmidt, Dominik Schrempf, Michael Woodhams.

Host:    node-hp0203.linux.crg.es (AVX, 125 GB RAM)
Command: /users/asebe/xgraubove/Programes/iqtree-2.1.0-Linux/bin/iqtree2 -s results_broccoli_meto/alignments_prefiltering/OG_1783.lt.fasta -m TEST -mset LG,WAG,JTT -nt AUTO -ntmax 2 -bb 1000 -pre results_broccoli_meto/alignments_prefiltering/OG_1783.iqtree -nm 10000 -nstop 200 -cptime 1800
Seed:    95822 (Using SPRNG - Scalable Parallel Random Number Generator)
Time:    Tue Dec 13 00:14:13 2022
Kernel:  AVX - auto-detect threads (2 CPU cores detected)

Reading alignment file results_broccoli_meto/alignments_prefiltering/OG_1783.lt.fasta ... Fasta format detected
Alignment most likely contains protein sequences
Alignment has 82 sequences with 341 columns, 341 distinct patterns
329 parsimony-informative, 0 singleton sites, 12 constant sites
                                                                   Gap/Ambiguity  Composition  p-value
   1  Lcom_lcpid154172                                                    65.69%    failed      2.36%
   2  Lcom_lcpid133535                                                    35.48%    passed     99.15%
   3  Lcom_lcpid249415                                                    73.02%    passed      5.72%
   4  Lcom_lcpid79712                                                      9.09%    failed      2.44%
   5  Leuniv_Lniv_C787642_01                                              43.99%    passed     31.42%
   6  Scil_scict000476.1                                                  11.73%    passed     32.07%
   7  Gracom_Gcom_scaffold18322_01                                        20.82%    failed      0.72%
   8  Clacor_Ccor_scaffold12120_01                                        10.56%    passed     50.01%
   9  Emue_Em0018g343a.t1                                                 22.29%    passed     64.29%
  10  Spolac_c98571_g1_i1_m.17538c98571-g1                                24.34%    passed     79.02%
  11  Aque_Aqu2.1.38371_001                                               12.61%    passed     80.57%
  12  Tetwil_g11175.t1                                                    19.35%    passed     86.30%
  13  Halamb_c46419_g1_i1m.20570                                          14.66%    passed     49.16%
  14  Halamb_c60292_g1_i1m.45216                                          70.97%    failed      0.21%
  15  Stycar_maker-SC_scaffold7278-augustus-gene-0.37-mRNA-1              21.11%    passed     88.09%
  16  Xestes_augustus_masked-XT_scaffold36501-processed-gene-0.0-mRNA-1   28.74%    passed     36.93%
  17  Halamb_c38780_g1_i1m.11101                                          50.15%    passed     59.12%
  18  Fspp_ffun1.m4.1233.m1                                               10.56%    passed     94.12%
  19  Gasp_gasp1.m3.6802.m1                                               10.26%    passed     98.74%
  20  Spis_XP_022801937_1                                                 12.02%    passed     98.86%
  21  Pocdam_XM_027194952.1                                               11.14%    passed     98.14%
  22  Amil_Amillepora27472-RA                                             21.99%    passed     71.27%
  23  Adig_XM_015902479.1                                                 23.17%    passed     97.71%
  24  Gfas_gfas1.m1.8063.m1                                               10.26%    passed     99.95%
  25  Exapal_XM_021051434.2                                                8.50%    passed     49.78%
  26  Morvir_scaffold46.g47.t1                                            12.90%    passed     83.66%
  27  Sanmal_Sma_023430-T1                                                12.02%    passed     89.05%
  28  Aaur_scaffold843.g3.t1                                              18.48%    passed     88.00%
  29  Rhoesc_Res_004570-T1                                                10.56%    passed     91.30%
  30  Nemnom_g18087.t1                                                    10.26%    passed     84.50%
  31  Dgig_XM_028537193.1                                                 12.02%    passed     18.74%
  32  Xesp_021991-T1                                                      17.30%    failed      1.80%
  33  Opea_EP00118_Oscarella_pearsei_P028498                              20.53%    passed     98.39%
  34  Ocar_g5624                                                          25.51%    passed     88.39%
  35  Plajan_Pjan_scaffold22274_01                                        29.62%    passed     97.83%
  36  Plajan_Pjan_scaffold22275_01                                        18.48%    passed     91.38%
  37  Lcom_lcpid168583                                                    62.76%    failed      4.19%
  38  Acagra_model.g3258.t1                                               12.32%    passed     98.98%
  39  Cgig_XM_011424756.3                                                 18.18%    passed     99.68%
  40  Dpul_mRNA27861                                                      14.37%    passed     50.37%
  41  Cscu_XM_023384531.1                                                 16.13%    passed     16.89%
  42  Bralan_BLAG07001047_1                                               10.56%    passed     82.65%
  43  Hsap_ENST00000535424                                                10.56%    passed     89.91%
  44  Ctel_gnl_WGS_AMQN_CAPTEDRAFT_mRNA169908                             27.27%    passed     76.28%
  45  Skow_XM_006817341.1                                                 38.12%    failed      4.85%
  46  Tcas_TC014759_001                                                   16.13%    passed     46.29%
  47  Ctel_gnl_WGS_AMQN_CAPTEDRAFT_mRNA162681                             11.14%    passed     82.00%
  48  Hvul_g20417_1                                                       23.46%    passed     58.17%
  49  Chem_TCONS_00027887                                                 11.44%    passed     36.60%
  50  HoiH23_PlH23_009808-RA                                              10.56%    passed     64.55%
  51  Hhon_g06037.t1                                                       9.38%    passed     35.22%
  52  HoiH04_mRNA14076                                                     9.38%    passed     35.22%
  53  HoiH11_mRNA4995                                                      9.09%    passed     76.49%
  54  TrH2_TrispH2_007200-RA                                              13.20%    passed     79.96%
  55  Tadh_TriadT52631                                                    20.53%    passed     72.75%
  56  Cscu_XM_023368983.1                                                 20.82%    passed     25.71%
  57  Lcom_lcpid109158                                                    15.25%    passed     19.33%
  58  Gracom_Gcom_C552090_01                                              18.18%    passed      8.41%
  59  Leuniv_Lniv_scaffold20477_01                                        16.42%    passed     48.74%
  60  Scil_scict017376.2                                                  21.41%    failed      0.40%
  61  Spur_XM_003724230.3                                                  7.62%    passed     95.37%
  62  Pbac_sb2661361                                                      12.90%    passed     87.44%
  63  Horcal_Hcv1.av93.c1.g420.i1                                         12.32%    passed     85.20%
  64  Bolinf_Binf_sb1256530                                               61.00%    passed      6.28%
  65  Mlei_ML0496.g34.i1                                                  14.37%    passed     73.07%
  66  Lampan_Lpan_C395499_01                                              39.88%    passed     33.10%
  67  Eupdun_Edun_sb10612012                                              47.21%    failed      1.79%
  68  Drygla_Dgla_sb298464                                                13.20%    passed     91.49%
  69  Vmul_sbMO443737                                                     15.54%    passed     97.37%
  70  Beraby_Baby_sb345652                                                26.39%    failed      0.19%
  71  Bolinf_Binf_sb1256522                                               63.34%    failed      0.17%
  72  Coeast_Cast_sb822215                                                34.60%    passed     19.00%
  73  Coeast_Cast_sb822218                                                39.59%    passed     25.60%
  74  Coeast_Cast_sb822220                                                57.18%    passed     37.15%
  75  Beraby_Baby_sb345659                                                61.88%    failed      0.05%
  76  Coemet_Cmet_C586031_01                                              53.67%    failed      0.05%
  77  Nvec_NVE12899                                                       34.60%    passed     16.72%
  78  Lcom_lcpid106909                                                    17.89%    passed     98.60%
  79  Emue_Em0200g11a.t1                                                  52.20%    failed      0.25%
  80  Plespi_Pspi_scaffold14880_01                                        36.07%    passed      6.07%
  81  Leuniv_Lniv_scaffold22696_01                                        61.29%    failed      0.00%
  82  Halamb_c18141_g1_i1m.3102                                           58.94%    failed      0.00%
WARNING: 13 sequences contain more than 50% gaps/ambiguity
****  TOTAL                                                               25.47%  16 sequences failed composition chi2 test (p-value<5%; df=19)
NOTE: HoiH04_mRNA14076 is identical to Hhon_g06037.t1 but kept for subsequent analysis


Create initial parsimony tree by phylogenetic likelihood library (PLL)... 0.041 seconds
Measuring multi-threading efficiency up to 2 CPU cores
Increase to 10 rounds for branch lengths
3 trees examined
Threads: 1 / Time: 2.432 sec / Speedup: 1.000 / Efficiency: 100% / LogL: -33723
Threads: 2 / Time: 2.427 sec / Speedup: 1.002 / Efficiency: 50% / LogL: -33723
BEST NUMBER OF THREADS: 1

Perform fast likelihood tree search using LG+I+G model...
Estimate model parameters (epsilon = 5.000)
Perform nearest neighbor interchange...
Estimate model parameters (epsilon = 1.000)
1. Initial log-likelihood: -24134.214
Optimal log-likelihood: -24134.016
Proportion of invariable sites: 0.031
Gamma shape alpha: 1.148
Parameters optimization took 1 rounds (0.582 sec)
Time for fast ML tree search: 3.630 seconds

NOTE: ModelFinder requires 19 MB RAM!
ModelFinder will test up to 24 protein models (sample size: 341) ...
 No. Model         -LnL         df  AIC          AICc         BIC
  1  LG            25489.198    161 51300.395    51591.814    51917.328
  2  LG+I          25316.306    162 50956.612    51253.308    51577.377
  3  LG+G4         24153.972    162 48631.943    48928.640    49252.708
  4  LG+I+G4       24134.007    163 48594.013    48896.070    49218.610
  8  LG+F+I+G4     23838.981    182 48041.961    48463.556    48739.364
 12  WAG+I+G4      24133.514    163 48593.027    48895.084    49217.624
 16  WAG+F+I+G4    24003.318    182 48370.636    48792.231    49068.039
 20  JTT+I+G4      24111.675    163 48549.349    48851.406    49173.946
 24  JTT+F+I+G4    23996.886    182 48357.772    48779.367    49055.174
Akaike Information Criterion:           LG+F+I+G4
Corrected Akaike Information Criterion: LG+F+I+G4
Bayesian Information Criterion:         LG+F+I+G4
Best-fit model: LG+F+I+G4 chosen according to BIC

All model information printed to results_broccoli_meto/alignments_prefiltering/OG_1783.iqtree.model.gz
CPU time for ModelFinder: 18.990 seconds (0h:0m:18s)
Wall-clock time for ModelFinder: 16.534 seconds (0h:0m:16s)
Generating 1000 samples for ultrafast bootstrap (seed: 95822)...

NOTE: 19 MB RAM (0 GB) is required!
Estimate model parameters (epsilon = 0.100)
Thoroughly optimizing +I+G parameters from 10 start values...
Init pinv, alpha: 0.000, 1.138 / Estimate: 0.030, 1.139 / LogL: -23838.972
Init pinv, alpha: 0.004, 1.138 / Estimate: 0.030, 1.140 / LogL: -23838.973
Init pinv, alpha: 0.008, 1.138 / Estimate: 0.030, 1.142 / LogL: -23838.975
Init pinv, alpha: 0.012, 1.138 / Estimate: 0.030, 1.141 / LogL: -23838.974
Init pinv, alpha: 0.016, 1.138 / Estimate: 0.030, 1.141 / LogL: -23838.976
Init pinv, alpha: 0.020, 1.138 / Estimate: 0.030, 1.141 / LogL: -23838.974
Init pinv, alpha: 0.023, 1.138 / Estimate: 0.030, 1.140 / LogL: -23838.973
Init pinv, alpha: 0.027, 1.138 / Estimate: 0.030, 1.140 / LogL: -23838.973
Init pinv, alpha: 0.031, 1.138 / Estimate: 0.031, 1.139 / LogL: -23838.973
Init pinv, alpha: 0.035, 1.138 / Estimate: 0.031, 1.139 / LogL: -23838.973
Optimal pinv,alpha: 0.030, 1.139 / LogL: -23838.972

Parameters optimization took 7.960 sec
Computing ML distances based on estimated model parameters...
Computing ML distances took 0.896177 sec (of wall-clock time) 0.895301 sec(of CPU time)
WARNING: Some pairwise ML distances are too long (saturated)
Computing RapidNJ tree took 0.000968 sec (of wall-clock time) 0.000993 sec (of CPU time)
Log-likelihood of RapidNJ tree: -24195.719
--------------------------------------------------------------------
|             INITIALIZING CANDIDATE TREE SET                      |
--------------------------------------------------------------------
Generating 98 parsimony trees... 2.668 second
Computing log-likelihood of 98 initial trees ... 9.170 seconds
Current best score: -23838.972

Do NNI search on 20 best initial trees
Estimate model parameters (epsilon = 0.100)
BETTER TREE FOUND at iteration 1: -23833.075
Estimate model parameters (epsilon = 0.100)
BETTER TREE FOUND at iteration 2: -23831.201
Estimate model parameters (epsilon = 0.100)
BETTER TREE FOUND at iteration 3: -23818.646
Estimate model parameters (epsilon = 0.100)
BETTER TREE FOUND at iteration 4: -23817.624
Iteration 10 / LogL: -23818.718 / Time: 0h:0m:43s
Estimate model parameters (epsilon = 0.100)
BETTER TREE FOUND at iteration 12: -23815.879
Iteration 20 / LogL: -23827.876 / Time: 0h:1m:6s
Finish initializing candidate tree set (20)
Current best tree score: -23815.879 / CPU time: 56.272
Number of iterations: 20
--------------------------------------------------------------------
|               OPTIMIZING CANDIDATE TREE SET                      |
--------------------------------------------------------------------
Estimate model parameters (epsilon = 0.100)
BETTER TREE FOUND at iteration 25: -23815.292
Iteration 30 / LogL: -23822.877 / Time: 0h:1m:27s (0h:9m:46s left)
Estimate model parameters (epsilon = 0.100)
BETTER TREE FOUND at iteration 32: -23815.063
Estimate model parameters (epsilon = 0.100)
BETTER TREE FOUND at iteration 34: -23813.698
Iteration 40 / LogL: -23815.305 / Time: 0h:1m:50s (0h:9m:8s left)
Estimate model parameters (epsilon = 0.100)
BETTER TREE FOUND at iteration 44: -23813.077
Iteration 50 / LogL: -23819.830 / Time: 0h:2m:14s (0h:8m:50s left)
Log-likelihood cutoff on original alignment: -23874.322
Iteration 60 / LogL: -23820.181 / Time: 0h:2m:34s (0h:8m:2s left)
UPDATE BEST LOG-LIKELIHOOD: -23813.071
Iteration 70 / LogL: -23823.957 / Time: 0h:3m:0s (0h:7m:34s left)
Iteration 80 / LogL: -23813.322 / Time: 0h:3m:21s (0h:6m:58s left)
Iteration 90 / LogL: -23817.650 / Time: 0h:3m:42s (0h:6m:24s left)
Iteration 100 / LogL: -23813.638 / Time: 0h:4m:3s (0h:5m:53s left)
Log-likelihood cutoff on original alignment: -23867.662
NOTE: Bootstrap correlation coefficient of split occurrence frequencies: 0.998
Iteration 110 / LogL: -23818.498 / Time: 0h:4m:27s (0h:5m:28s left)
Iteration 120 / LogL: -23813.325 / Time: 0h:4m:49s (0h:5m:2s left)
Iteration 130 / LogL: -23813.118 / Time: 0h:5m:10s (0h:4m:34s left)
Iteration 140 / LogL: -23817.592 / Time: 0h:5m:30s (0h:4m:7s left)
Iteration 150 / LogL: -23826.763 / Time: 0h:5m:55s (0h:3m:44s left)
Log-likelihood cutoff on original alignment: -23867.662
Iteration 160 / LogL: -23813.381 / Time: 0h:6m:17s (0h:3m:19s left)
Iteration 170 / LogL: -23818.424 / Time: 0h:6m:39s (0h:2m:54s left)
Iteration 180 / LogL: -23819.290 / Time: 0h:7m:4s (0h:2m:31s left)
UPDATE BEST LOG-LIKELIHOOD: -23813.071
Iteration 190 / LogL: -23813.855 / Time: 0h:7m:26s (0h:2m:7s left)
UPDATE BEST LOG-LIKELIHOOD: -23813.064
Iteration 200 / LogL: -23813.246 / Time: 0h:7m:50s (0h:1m:43s left)
Log-likelihood cutoff on original alignment: -23867.662
NOTE: Bootstrap correlation coefficient of split occurrence frequencies: 0.998
Iteration 210 / LogL: -23813.081 / Time: 0h:8m:13s (0h:3m:32s left)
Iteration 220 / LogL: -23816.528 / Time: 0h:8m:36s (0h:3m:8s left)
UPDATE BEST LOG-LIKELIHOOD: -23813.064
Iteration 230 / LogL: -23814.712 / Time: 0h:8m:59s (0h:2m:44s left)
Iteration 240 / LogL: -23813.325 / Time: 0h:9m:21s (0h:2m:21s left)
TREE SEARCH COMPLETED AFTER 245 ITERATIONS / Time: 0h:9m:32s

--------------------------------------------------------------------
|                    FINALIZING TREE SEARCH                        |
--------------------------------------------------------------------
Performs final model parameters optimization
Estimate model parameters (epsilon = 0.010)
1. Initial log-likelihood: -23813.064
Optimal log-likelihood: -23813.064
Proportion of invariable sites: 0.030
Gamma shape alpha: 1.135
Parameters optimization took 1 rounds (0.307 sec)
BEST SCORE FOUND : -23813.064
Creating bootstrap support values...
Split supports printed to NEXUS file results_broccoli_meto/alignments_prefiltering/OG_1783.iqtree.splits.nex
Total tree length: 37.768

Total number of iterations: 245
CPU time used for tree search: 561.378 sec (0h:9m:21s)
Wall-clock time used for tree search: 562.887 sec (0h:9m:22s)
Total CPU time used: 571.875 sec (0h:9m:31s)
Total wall-clock time used: 573.412 sec (0h:9m:33s)

Computing bootstrap consensus tree...
Reading input file results_broccoli_meto/alignments_prefiltering/OG_1783.iqtree.splits.nex...
82 taxa and 456 splits.
Consensus tree written to results_broccoli_meto/alignments_prefiltering/OG_1783.iqtree.contree
Reading input trees file results_broccoli_meto/alignments_prefiltering/OG_1783.iqtree.contree
Log-likelihood of consensus tree: -23813.075

Analysis results written to: 
  IQ-TREE report:                results_broccoli_meto/alignments_prefiltering/OG_1783.iqtree.iqtree
  Maximum-likelihood tree:       results_broccoli_meto/alignments_prefiltering/OG_1783.iqtree.treefile
  Likelihood distances:          results_broccoli_meto/alignments_prefiltering/OG_1783.iqtree.mldist

Ultrafast bootstrap approximation results written to:
  Split support values:          results_broccoli_meto/alignments_prefiltering/OG_1783.iqtree.splits.nex
  Consensus tree:                results_broccoli_meto/alignments_prefiltering/OG_1783.iqtree.contree
  Screen log file:               results_broccoli_meto/alignments_prefiltering/OG_1783.iqtree.log

Date and Time: Tue Dec 13 00:24:04 2022
