IQ-TREE multicore version 2.1.0 for Linux 64-bit built Jul 18 2020
Developed by Bui Quang Minh, James Barbetti, Nguyen Lam Tung,
Olga Chernomor, Heiko Schmidt, Dominik Schrempf, Michael Woodhams.

Host:    node-hp0512.linux.crg.es (AVX, 125 GB RAM)
Command: /users/asebe/xgraubove/Programes/iqtree-2.1.0-Linux/bin/iqtree2 -s results_broccoli_meto/alignments_prefiltering/OG_10153.lt.fasta -m TEST -mset LG,WAG,JTT -nt AUTO -ntmax 2 -bb 1000 -pre results_broccoli_meto/alignments_prefiltering/OG_10153.iqtree -nm 10000 -nstop 200 -cptime 1800
Seed:    891387 (Using SPRNG - Scalable Parallel Random Number Generator)
Time:    Mon Dec 12 13:02:57 2022
Kernel:  AVX - auto-detect threads (2 CPU cores detected)

Reading alignment file results_broccoli_meto/alignments_prefiltering/OG_10153.lt.fasta ... Fasta format detected
Alignment most likely contains protein sequences
Alignment has 62 sequences with 285 columns, 284 distinct patterns
258 parsimony-informative, 0 singleton sites, 27 constant sites
                                                       Gap/Ambiguity  Composition  p-value
   1  Xestes_maker-XT_scaffold5833-snap-gene-0.11-mRNA-1       7.37%    passed     71.82%
   2  Aque_Aqu2.1.23955_001                                    9.47%    passed     15.62%
   3  Halamb_c44605_g1_i2m.17736                               9.82%    passed     26.38%
   4  Emue_Em0020g797a.t1                                      8.77%    passed     45.13%
   5  Spolac_c96637_g1_i1_m.13451c96637-g1                     9.47%    passed     16.66%
   6  Tetwil_g12058.t1                                         3.86%    passed     93.92%
   7  Stycar_maker-SC_scaffold552-augustus-gene-0.27-mRNA-1    5.61%    passed     34.02%
   8  Cgig_XM_011446595.3                                      5.61%    passed     80.67%
   9  Fspp_ffun1.m4.7466.m1                                    5.96%    passed    100.00%
  10  Gasp_gasp1.m3.19024.m1                                   5.96%    passed     99.38%
  11  Pocdam_XM_027191094.1                                    5.61%    passed     99.93%
  12  Spis_XP_022784201_1                                      5.61%    passed     99.89%
  13  Amil_Amillepora14139-RA                                 12.63%    passed     84.54%
  14  Adig_XM_015911333.1                                     22.81%    passed     77.83%
  15  Spur_XM_030984081.1                                      3.51%    passed     88.22%
  16  Nvec_v1g167638                                           5.61%    passed     76.62%
  17  Morvir_scaffold42.g73.t1                                 3.86%    passed     80.10%
  18  Bralan_BLAG09000364_1                                    3.86%    passed     86.48%
  19  Exapal_XM_021048618.2                                    5.26%    passed     79.09%
  20  Sanmal_Sma_012702-T1                                     2.81%    passed     99.31%
  21  Aaur_scaffold630.g5.t1                                  15.09%    passed     77.79%
  22  Nemnom_g9258.t1                                          2.46%    passed     99.99%
  23  Rhoesc_Res_014522-T1                                     1.75%    passed     92.58%
  24  HoiH23_PlH23_006189-RA                                   4.21%    passed     25.11%
  25  HoiH06_mRNA3303                                         17.54%    passed     14.26%
  26  Hhon_g07797.t1                                           4.21%    passed     65.32%
  27  HoiH04_mRNA9565                                          4.21%    passed     72.94%
  28  HoiH04_mRNA10654                                        32.98%    passed     59.88%
  29  HoiH11_mRNA1484                                          4.56%    passed     84.66%
  30  TrH2_TrispH2_008305-RA                                   4.21%    passed     65.42%
  31  Tadh_TriadT21514                                         4.21%    passed     67.08%
  32  Hsap_ENST00000542342                                     2.46%    passed     45.04%
  33  Dgig_XM_028539458.1                                      7.02%    passed     61.59%
  34  Xesp_018634-T1                                          12.98%    passed     87.89%
  35  Ctel_gnl_WGS_AMQN_CAPTEDRAFT_mRNA175607                 11.58%    passed     95.59%
  36  Ctel_gnl_WGS_AMQN_CAPTEDRAFT_mRNA201889                 26.67%    passed     99.96%
  37  Opea_EP00118_Oscarella_pearsei_P004859                   8.77%    passed     91.23%
  38  Ocar_g1171                                              15.79%    passed     92.78%
  39  Plajan_Pjan_C552513_01                                   4.21%    passed     74.69%
  40  Tcas_TC002649_002                                        2.11%    passed     96.18%
  41  Cscu_XM_023358496.1                                      5.96%    passed     61.48%
  42  Dpul_mRNA2925                                            3.86%    passed     37.00%
  43  Lcom_lcpid66866                                          9.47%    passed     84.41%
  44  Leuniv_Lniv_scaffold24683_01                             9.12%    passed     27.13%
  45  Scil_scict020991.1                                       9.82%    passed     55.22%
  46  Gracom_Gcom_C547180_01                                   9.12%    passed     46.90%
  47  Hvul_g8347_1                                             1.75%    passed     41.39%
  48  Chem_TCONS_00014941                                      3.16%    passed     62.29%
  49  Skow_XM_002736516.1                                     34.39%    passed     10.94%
  50  Clacor_Ccor_scaffold5994_01                             40.70%    passed     27.54%
  51  Pbac_sb2660126                                          13.33%    passed     23.82%
  52  Pbac_sb2660127                                          12.98%    passed     33.48%
  53  Horcal_Hcv1.av93.c11.g345.i1                            12.28%    passed     28.54%
  54  Lampan_Lpan_C408149_01                                  12.28%    passed     25.70%
  55  Bolinf_Binf_sb1218612                                   20.35%    failed      0.75%
  56  Mertsp_Mesp_sb567599                                    20.70%    failed      0.68%
  57  Bolinf_Binf_sb1228810                                   24.21%    passed     28.13%
  58  Beraby_Baby_sb327189                                    47.37%    passed     24.43%
  59  Coemet_Cmet_scaffold2385_01                             40.70%    failed      4.36%
  60  Nvec_v1g146892                                          26.32%    passed     43.24%
  61  Fspp_ffun1.m4.32417.m1                                  52.63%    passed     17.84%
  62  Aque_Aqu2.1.43925_001                                    5.61%    passed     93.46%
WARNING: 1 sequences contain more than 50% gaps/ambiguity
****  TOTAL                                                   12.04%  3 sequences failed composition chi2 test (p-value<5%; df=19)


Create initial parsimony tree by phylogenetic likelihood library (PLL)... 0.026 seconds
Measuring multi-threading efficiency up to 2 CPU cores
Increase to 10 rounds for branch lengths
5 trees examined
Threads: 1 / Time: 2.434 sec / Speedup: 1.000 / Efficiency: 100% / LogL: -23406
Threads: 2 / Time: 1.387 sec / Speedup: 1.754 / Efficiency: 88% / LogL: -23406
BEST NUMBER OF THREADS: 2

Perform fast likelihood tree search using LG+I+G model...
Estimate model parameters (epsilon = 5.000)
Perform nearest neighbor interchange...
Estimate model parameters (epsilon = 1.000)
1. Initial log-likelihood: -17614.225
Optimal log-likelihood: -17614.061
Proportion of invariable sites: 0.076
Gamma shape alpha: 0.818
Parameters optimization took 1 rounds (0.096 sec)
Time for fast ML tree search: 1.233 seconds

NOTE: ModelFinder requires 12 MB RAM!
ModelFinder will test up to 24 protein models (sample size: 285) ...
 No. Model         -LnL         df  AIC          AICc         BIC
  1  LG            19179.856    121 38601.711    38782.840    39043.663
  2  LG+I          18825.030    122 37894.059    38079.319    38339.663
  3  LG+G4         17629.818    122 35503.636    35688.896    35949.240
  4  LG+I+G4       17614.056    123 35474.112    35663.578    35923.368
  8  LG+F+I+G4     17692.274    142 35668.548    35954.548    36187.201
 12  WAG+I+G4      17699.239    123 35644.478    35833.944    36093.735
 16  WAG+F+I+G4    17751.523    142 35787.045    36073.045    36305.699
 20  JTT+I+G4      17753.173    123 35752.346    35941.812    36201.602
 24  JTT+F+I+G4    17851.841    142 35987.682    36273.682    36506.335
Akaike Information Criterion:           LG+I+G4
Corrected Akaike Information Criterion: LG+I+G4
Bayesian Information Criterion:         LG+I+G4
Best-fit model: LG+I+G4 chosen according to BIC

All model information printed to results_broccoli_meto/alignments_prefiltering/OG_10153.iqtree.model.gz
CPU time for ModelFinder: 12.590 seconds (0h:0m:12s)
Wall-clock time for ModelFinder: 8.069 seconds (0h:0m:8s)
Generating 1000 samples for ultrafast bootstrap (seed: 891387)...

NOTE: 12 MB RAM (0 GB) is required!
Estimate model parameters (epsilon = 0.100)
Thoroughly optimizing +I+G parameters from 10 start values...
Init pinv, alpha: 0.000, 0.817 / Estimate: 0.000, 0.636 / LogL: -17629.807
Init pinv, alpha: 0.011, 0.817 / Estimate: 0.075, 0.813 / LogL: -17614.064
Init pinv, alpha: 0.021, 0.817 / Estimate: 0.075, 0.812 / LogL: -17614.067
Init pinv, alpha: 0.032, 0.817 / Estimate: 0.075, 0.814 / LogL: -17614.060
Init pinv, alpha: 0.042, 0.817 / Estimate: 0.075, 0.813 / LogL: -17614.064
Init pinv, alpha: 0.053, 0.817 / Estimate: 0.075, 0.814 / LogL: -17614.060
Init pinv, alpha: 0.063, 0.817 / Estimate: 0.075, 0.813 / LogL: -17614.061
Init pinv, alpha: 0.074, 0.817 / Estimate: 0.075, 0.815 / LogL: -17614.057
Init pinv, alpha: 0.084, 0.817 / Estimate: 0.077, 0.818 / LogL: -17614.058
Init pinv, alpha: 0.095, 0.817 / Estimate: 0.077, 0.820 / LogL: -17614.065
Optimal pinv,alpha: 0.075, 0.815 / LogL: -17614.057

Parameters optimization took 3.842 sec
Computing ML distances based on estimated model parameters...
Computing ML distances took 0.284357 sec (of wall-clock time) 0.564072 sec(of CPU time)
WARNING: Some pairwise ML distances are too long (saturated)
Computing RapidNJ tree took 0.001012 sec (of wall-clock time) 0.001000 sec (of CPU time)
Log-likelihood of RapidNJ tree: -17713.107
--------------------------------------------------------------------
|             INITIALIZING CANDIDATE TREE SET                      |
--------------------------------------------------------------------
Generating 98 parsimony trees... 1.910 second
Computing log-likelihood of 98 initial trees ... 3.071 seconds
Current best score: -17614.057

Do NNI search on 20 best initial trees
Estimate model parameters (epsilon = 0.100)
BETTER TREE FOUND at iteration 1: -17613.766
Iteration 10 / LogL: -17627.005 / Time: 0h:0m:16s
Estimate model parameters (epsilon = 0.100)
BETTER TREE FOUND at iteration 19: -17613.636
Iteration 20 / LogL: -17622.204 / Time: 0h:0m:25s
Finish initializing candidate tree set (20)
Current best tree score: -17613.636 / CPU time: 20.482
Number of iterations: 20
--------------------------------------------------------------------
|               OPTIMIZING CANDIDATE TREE SET                      |
--------------------------------------------------------------------
Estimate model parameters (epsilon = 0.100)
BETTER TREE FOUND at iteration 21: -17613.069
Estimate model parameters (epsilon = 0.100)
BETTER TREE FOUND at iteration 22: -17610.188
Estimate model parameters (epsilon = 0.100)
BETTER TREE FOUND at iteration 27: -17609.214
Estimate model parameters (epsilon = 0.100)
BETTER TREE FOUND at iteration 28: -17607.440
Iteration 30 / LogL: -17615.102 / Time: 0h:0m:33s (0h:3m:49s left)
Iteration 40 / LogL: -17608.693 / Time: 0h:0m:41s (0h:3m:20s left)
Estimate model parameters (epsilon = 0.100)
BETTER TREE FOUND at iteration 43: -17605.244
Estimate model parameters (epsilon = 0.100)
BETTER TREE FOUND at iteration 49: -17604.783
Iteration 50 / LogL: -17615.697 / Time: 0h:0m:49s (0h:3m:20s left)
Log-likelihood cutoff on original alignment: -17650.936
Iteration 60 / LogL: -17608.735 / Time: 0h:0m:57s (0h:3m:3s left)
Iteration 70 / LogL: -17611.032 / Time: 0h:1m:10s (0h:3m:2s left)
UPDATE BEST LOG-LIKELIHOOD: -17604.782
Iteration 80 / LogL: -17607.592 / Time: 0h:1m:23s (0h:2m:59s left)
Iteration 90 / LogL: -17605.576 / Time: 0h:1m:32s (0h:2m:44s left)
Iteration 100 / LogL: -17607.231 / Time: 0h:1m:53s (0h:2m:50s left)
Log-likelihood cutoff on original alignment: -17650.936
NOTE: Bootstrap correlation coefficient of split occurrence frequencies: 0.996
UPDATE BEST LOG-LIKELIHOOD: -17604.782
Iteration 110 / LogL: -17610.356 / Time: 0h:2m:13s (0h:2m:50s left)
Iteration 120 / LogL: -17604.840 / Time: 0h:2m:31s (0h:2m:44s left)
Iteration 130 / LogL: -17611.662 / Time: 0h:2m:51s (0h:2m:38s left)
Iteration 140 / LogL: -17608.679 / Time: 0h:3m:9s (0h:2m:28s left)
Iteration 150 / LogL: -17608.460 / Time: 0h:3m:28s (0h:2m:18s left)
Log-likelihood cutoff on original alignment: -17650.936
Estimate model parameters (epsilon = 0.100)
BETTER TREE FOUND at iteration 151: -17604.711
Iteration 160 / LogL: -17607.573 / Time: 0h:3m:48s (0h:4m:34s left)
Estimate model parameters (epsilon = 0.100)
BETTER TREE FOUND at iteration 162: -17604.559
Iteration 170 / LogL: -17604.993 / Time: 0h:4m:8s (0h:4m:41s left)
Iteration 180 / LogL: -17604.559 / Time: 0h:4m:23s (0h:4m:27s left)
Iteration 190 / LogL: -17604.638 / Time: 0h:4m:31s (0h:4m:6s left)
Iteration 200 / LogL: -17604.564 / Time: 0h:4m:39s (0h:3m:47s left)
Log-likelihood cutoff on original alignment: -17650.936
NOTE: Bootstrap correlation coefficient of split occurrence frequencies: 0.997
Iteration 210 / LogL: -17610.139 / Time: 0h:4m:47s (0h:3m:29s left)
Iteration 220 / LogL: -17607.207 / Time: 0h:4m:54s (0h:3m:10s left)
Estimate model parameters (epsilon = 0.100)
BETTER TREE FOUND at iteration 229: -17604.481
Iteration 230 / LogL: -17616.147 / Time: 0h:5m:1s (0h:4m:21s left)
Iteration 240 / LogL: -17607.237 / Time: 0h:5m:8s (0h:4m:3s left)
Iteration 250 / LogL: -17615.739 / Time: 0h:5m:15s (0h:3m:47s left)
Log-likelihood cutoff on original alignment: -17650.936
Iteration 260 / LogL: -17608.880 / Time: 0h:5m:23s (0h:3m:31s left)
Iteration 270 / LogL: -17604.528 / Time: 0h:5m:31s (0h:3m:15s left)
Iteration 280 / LogL: -17610.725 / Time: 0h:5m:38s (0h:3m:0s left)
Iteration 290 / LogL: -17604.793 / Time: 0h:5m:45s (0h:2m:46s left)
Iteration 300 / LogL: -17604.491 / Time: 0h:5m:53s (0h:2m:32s left)
Log-likelihood cutoff on original alignment: -17650.936
NOTE: Bootstrap correlation coefficient of split occurrence frequencies: 0.990
Iteration 310 / LogL: -17606.873 / Time: 0h:6m:0s (0h:2m:18s left)
Iteration 320 / LogL: -17604.497 / Time: 0h:6m:7s (0h:2m:5s left)
UPDATE BEST LOG-LIKELIHOOD: -17604.472
Iteration 330 / LogL: -17609.703 / Time: 0h:6m:15s (0h:1m:52s left)
Iteration 340 / LogL: -17604.653 / Time: 0h:6m:22s (0h:1m:40s left)
UPDATE BEST LOG-LIKELIHOOD: -17604.469
Iteration 350 / LogL: -17607.263 / Time: 0h:6m:29s (0h:1m:28s left)
Log-likelihood cutoff on original alignment: -17650.936
Iteration 360 / LogL: -17604.872 / Time: 0h:6m:36s (0h:1m:16s left)
Iteration 370 / LogL: -17607.420 / Time: 0h:6m:43s (0h:1m:4s left)
Iteration 380 / LogL: -17604.473 / Time: 0h:6m:50s (0h:0m:53s left)
Iteration 390 / LogL: -17604.487 / Time: 0h:6m:57s (0h:0m:41s left)
UPDATE BEST LOG-LIKELIHOOD: -17604.469
Iteration 400 / LogL: -17604.998 / Time: 0h:7m:4s (0h:0m:30s left)
Log-likelihood cutoff on original alignment: -17650.936
NOTE: Bootstrap correlation coefficient of split occurrence frequencies: 0.993
Iteration 410 / LogL: -17604.507 / Time: 0h:7m:12s (0h:1m:35s left)
Iteration 420 / LogL: -17610.927 / Time: 0h:7m:20s (0h:1m:24s left)
Iteration 430 / LogL: -17607.551 / Time: 0h:7m:27s (0h:1m:13s left)
TREE SEARCH COMPLETED AFTER 430 ITERATIONS / Time: 0h:7m:27s

--------------------------------------------------------------------
|                    FINALIZING TREE SEARCH                        |
--------------------------------------------------------------------
Performs final model parameters optimization
Estimate model parameters (epsilon = 0.010)
1. Initial log-likelihood: -17604.469
2. Current log-likelihood: -17604.351
Optimal log-likelihood: -17604.344
Proportion of invariable sites: 0.081
Gamma shape alpha: 0.867
Parameters optimization took 2 rounds (0.251 sec)
BEST SCORE FOUND : -17604.344
Creating bootstrap support values...
Split supports printed to NEXUS file results_broccoli_meto/alignments_prefiltering/OG_10153.iqtree.splits.nex
Total tree length: 37.508

Total number of iterations: 430
CPU time used for tree search: 685.100 sec (0h:11m:25s)
Wall-clock time used for tree search: 442.914 sec (0h:7m:22s)
Total CPU time used: 694.911 sec (0h:11m:34s)
Total wall-clock time used: 448.008 sec (0h:7m:28s)

Computing bootstrap consensus tree...
Reading input file results_broccoli_meto/alignments_prefiltering/OG_10153.iqtree.splits.nex...
62 taxa and 773 splits.
Consensus tree written to results_broccoli_meto/alignments_prefiltering/OG_10153.iqtree.contree
Reading input trees file results_broccoli_meto/alignments_prefiltering/OG_10153.iqtree.contree
Log-likelihood of consensus tree: -17604.830

Analysis results written to: 
  IQ-TREE report:                results_broccoli_meto/alignments_prefiltering/OG_10153.iqtree.iqtree
  Maximum-likelihood tree:       results_broccoli_meto/alignments_prefiltering/OG_10153.iqtree.treefile
  Likelihood distances:          results_broccoli_meto/alignments_prefiltering/OG_10153.iqtree.mldist

Ultrafast bootstrap approximation results written to:
  Split support values:          results_broccoli_meto/alignments_prefiltering/OG_10153.iqtree.splits.nex
  Consensus tree:                results_broccoli_meto/alignments_prefiltering/OG_10153.iqtree.contree
  Screen log file:               results_broccoli_meto/alignments_prefiltering/OG_10153.iqtree.log

Date and Time: Mon Dec 12 13:10:33 2022
