IQ-TREE multicore version 2.1.0 for Linux 64-bit built Jul 18 2020
Developed by Bui Quang Minh, James Barbetti, Nguyen Lam Tung,
Olga Chernomor, Heiko Schmidt, Dominik Schrempf, Michael Woodhams.

Host:    node-hp0513.linux.crg.es (AVX, 125 GB RAM)
Command: /users/asebe/xgraubove/Programes/iqtree-2.1.0-Linux/bin/iqtree2 -s results_broccoli_meto/alignments_prefiltering/OG_13340.lt.fasta -m TEST -mset LG,WAG,JTT -nt AUTO -ntmax 2 -bb 1000 -pre results_broccoli_meto/alignments_prefiltering/OG_13340.iqtree -nm 10000 -nstop 200 -cptime 1800
Seed:    826629 (Using SPRNG - Scalable Parallel Random Number Generator)
Time:    Mon Dec 12 21:16:06 2022
Kernel:  AVX - auto-detect threads (2 CPU cores detected)

Reading alignment file results_broccoli_meto/alignments_prefiltering/OG_13340.lt.fasta ... Fasta format detected
Alignment most likely contains protein sequences
Alignment has 49 sequences with 435 columns, 435 distinct patterns
430 parsimony-informative, 0 singleton sites, 5 constant sites
                                                   Gap/Ambiguity  Composition  p-value
   1  Morvir_scaffold948.g1.t1                            82.99%    passed     67.31%
   2  Halamb_c48247_g2_i3mm.2572                           2.07%    passed     48.71%
   3  Aque_Aqu2.1.37796_001                                0.69%    passed     28.00%
   4  Stycar_maker-SC_scaffold4254-snap-gene-0.5-mRNA-1   73.33%    passed     10.34%
   5  Tetwil_g4429.t1                                      7.59%    passed     95.69%
   6  Emue_Em0009g397a.t1                                 28.05%    passed     77.35%
   7  Emue_Em0009g402a.t1                                  2.53%    passed     90.10%
   8  Spolac_c100409_g1_i1_m.22354c100409-g1               2.53%    passed     23.36%
   9  Chem_TCONS_00022813                                  2.53%    passed     63.45%
  10  Clacor_Ccor_scaffold9921_01                         70.80%    passed     32.68%
  11  Lcom_lcpid15547                                      1.61%    passed      6.41%
  12  Leuniv_Lniv_scaffold15334_01                         5.06%    failed      4.69%
  13  Gracom_Gcom_C554188_01                               2.30%    passed     24.84%
  14  Clacor_Ccor_scaffold9920_01                         28.74%    passed     37.65%
  15  Aaur_scaffold2619.g2.t1                             79.31%    passed     76.71%
  16  Aaur_scaffold1101.g4.t2                             17.01%    passed     86.54%
  17  Nemnom_g3530.t1                                      9.89%    passed     72.85%
  18  Rhoesc_Res_009555-T1                                 1.61%    passed     60.74%
  19  Sanmal_Sma_013784-T1                                 1.84%    passed     67.23%
  20  Cgig_XM_011423667.3                                  3.68%    passed     54.03%
  21  Acagra_model.g13805.t1.1.5d3b8787.1.5d400bef        34.71%    passed     94.04%
  22  Acagra_model.g13805.t1                               2.76%    passed     82.60%
  23  Adig_XM_015902210.1                                 54.25%    passed     70.18%
  24  Pocdam_XM_027183125.1                                2.53%    passed    100.00%
  25  Spis_XP_022778080_1                                 39.08%    passed     97.03%
  26  Fspp_ffun1.m4.13650.m1                              33.33%    passed     78.30%
  27  Gasp_gasp1.m3.20913.m1                               2.53%    passed     98.08%
  28  Gfas_gfas1.m1.4134.m1                                2.30%    passed     99.88%
  29  Amil_Amillepora29141-RA                             51.49%    passed     15.16%
  30  Spis_XP_022784908_1                                 65.06%    passed     75.26%
  31  Nvec_v1g242282                                       6.67%    passed     94.58%
  32  Exapal_XM_021060310.2                                3.22%    passed     97.64%
  33  Xesp_002242-T1                                      15.17%    passed     68.29%
  34  Dgig_XM_028543387.1                                  5.75%    passed     95.85%
  35  Skow_XM_006813968.1                                  3.68%    passed     98.87%
  36  Bralan_BLAG02002319_1                                1.84%    passed     37.35%
  37  TrH2_TrispH2_006750-RA                              15.86%    passed     36.29%
  38  HoiH06_mRNA7187                                     36.09%    passed     14.62%
  39  Hhon_g08330.t1                                       6.90%    passed     34.76%
  40  HoiH04_mRNA5351                                      3.91%    passed     41.72%
  41  HoiH23_PlH23_008819-RA                               3.91%    passed     50.95%
  42  HoiH11_mRNA8260                                      3.91%    passed     93.89%
  43  Spur_XM_030976905.1                                  5.75%    passed     88.43%
  44  Ocar_g9487                                          64.37%    passed      8.50%
  45  Opea_EP00118_Oscarella_pearsei_P004256              10.11%    passed     12.94%
  46  Plespi_Pspi_C611586_01                               7.59%    passed     93.06%
  47  Ctel_gnl_WGS_AMQN_CAPTEDRAFT_mRNA44181              16.78%    passed     95.53%
  48  Hsap_ENST00000296679                                 4.37%    passed     11.30%
  49  Morvir_scaffold254.g23.t1                           31.49%    passed     30.49%
WARNING: 8 sequences contain more than 50% gaps/ambiguity
****  TOTAL                                               19.58%  1 sequences failed composition chi2 test (p-value<5%; df=19)


Create initial parsimony tree by phylogenetic likelihood library (PLL)... 0.013 seconds
Measuring multi-threading efficiency up to 2 CPU cores
Increase to 10 rounds for branch lengths
4 trees examined
Threads: 1 / Time: 2.154 sec / Speedup: 1.000 / Efficiency: 100% / LogL: -33901
Threads: 2 / Time: 1.142 sec / Speedup: 1.886 / Efficiency: 94% / LogL: -33901
BEST NUMBER OF THREADS: 2

Perform fast likelihood tree search using LG+I+G model...
Estimate model parameters (epsilon = 5.000)
Perform nearest neighbor interchange...
Estimate model parameters (epsilon = 1.000)
1. Initial log-likelihood: -25160.733
Optimal log-likelihood: -25160.653
Proportion of invariable sites: 0.008
Gamma shape alpha: 1.729
Parameters optimization took 1 rounds (0.110 sec)
Time for fast ML tree search: 1.137 seconds

NOTE: ModelFinder requires 15 MB RAM!
ModelFinder will test up to 24 protein models (sample size: 435) ...
 No. Model         -LnL         df  AIC          AICc         BIC
  1  LG            25809.368    95  51808.735    51862.540    52195.893
  2  LG+I          25769.444    96  51730.887    51785.988    52122.120
  3  LG+G4         25164.358    96  50520.716    50575.816    50911.949
  4  LG+I+G4       25160.642    97  50515.285    50571.700    50910.593
  7  LG+F+G4       25086.482    115 50402.964    50486.600    50871.628
  8  LG+F+I+G4     25083.571    116 50399.141    50484.500    50871.881
 11  WAG+G4        25271.451    96  50734.902    50790.003    51126.135
 12  WAG+I+G4      25266.998    97  50727.995    50784.411    51123.304
 15  WAG+F+G4      25132.741    115 50495.482    50579.118    50964.147
 16  WAG+F+I+G4    25128.346    116 50488.693    50574.051    50961.433
 19  JTT+G4        25288.113    96  50768.226    50823.326    51159.459
 20  JTT+I+G4      25283.351    97  50760.703    50817.118    51156.011
 23  JTT+F+G4      25174.466    115 50578.932    50662.568    51047.597
 24  JTT+F+I+G4    25170.312    116 50572.624    50657.982    51045.364
Akaike Information Criterion:           LG+F+I+G4
Corrected Akaike Information Criterion: LG+F+I+G4
Bayesian Information Criterion:         LG+F+G4
Best-fit model: LG+F+G4 chosen according to BIC

All model information printed to results_broccoli_meto/alignments_prefiltering/OG_13340.iqtree.model.gz
CPU time for ModelFinder: 17.106 seconds (0h:0m:17s)
Wall-clock time for ModelFinder: 9.640 seconds (0h:0m:9s)
Generating 1000 samples for ultrafast bootstrap (seed: 826629)...

NOTE: 15 MB RAM (0 GB) is required!
Estimate model parameters (epsilon = 0.100)
1. Initial log-likelihood: -25086.482
Optimal log-likelihood: -25086.478
Gamma shape alpha: 1.607
Parameters optimization took 1 rounds (0.097 sec)
Computing ML distances based on estimated model parameters...
Computing ML distances took 0.174799 sec (of wall-clock time) 0.346014 sec(of CPU time)
WARNING: Some pairwise ML distances are too long (saturated)
Computing RapidNJ tree took 0.000644 sec (of wall-clock time) 0.000293 sec (of CPU time)
Log-likelihood of RapidNJ tree: -25614.089
--------------------------------------------------------------------
|             INITIALIZING CANDIDATE TREE SET                      |
--------------------------------------------------------------------
Generating 98 parsimony trees... 1.466 second
Computing log-likelihood of 98 initial trees ... 3.299 seconds
Current best score: -25086.478

Do NNI search on 20 best initial trees
Estimate model parameters (epsilon = 0.100)
BETTER TREE FOUND at iteration 1: -25078.427
Estimate model parameters (epsilon = 0.100)
BETTER TREE FOUND at iteration 8: -25070.537
Iteration 10 / LogL: -25078.655 / Time: 0h:0m:10s
Estimate model parameters (epsilon = 0.100)
BETTER TREE FOUND at iteration 19: -25069.022
Iteration 20 / LogL: -25069.071 / Time: 0h:0m:17s
Finish initializing candidate tree set (9)
Current best tree score: -25069.022 / CPU time: 16.951
Number of iterations: 20
--------------------------------------------------------------------
|               OPTIMIZING CANDIDATE TREE SET                      |
--------------------------------------------------------------------
Estimate model parameters (epsilon = 0.100)
BETTER TREE FOUND at iteration 30: -25067.518
Iteration 30 / LogL: -25067.518 / Time: 0h:0m:24s (0h:2m:50s left)
Estimate model parameters (epsilon = 0.100)
UPDATE BEST LOG-LIKELIHOOD: -25067.281
Iteration 40 / LogL: -25067.989 / Time: 0h:0m:32s (0h:2m:37s left)
Iteration 50 / LogL: -25068.521 / Time: 0h:0m:39s (0h:2m:26s left)
Log-likelihood cutoff on original alignment: -25111.110
Iteration 60 / LogL: -25068.704 / Time: 0h:0m:47s (0h:2m:17s left)
Iteration 70 / LogL: -25070.831 / Time: 0h:0m:54s (0h:2m:6s left)
Iteration 80 / LogL: -25067.816 / Time: 0h:1m:1s (0h:1m:56s left)
Iteration 90 / LogL: -25067.963 / Time: 0h:1m:8s (0h:1m:47s left)
Iteration 100 / LogL: -25067.484 / Time: 0h:1m:15s (0h:1m:39s left)
Log-likelihood cutoff on original alignment: -25111.110
NOTE: Bootstrap correlation coefficient of split occurrence frequencies: 0.999
Iteration 110 / LogL: -25067.806 / Time: 0h:1m:22s (0h:1m:31s left)
Iteration 120 / LogL: -25067.794 / Time: 0h:1m:30s (0h:1m:23s left)
Iteration 130 / LogL: -25071.223 / Time: 0h:1m:37s (0h:1m:15s left)
Iteration 140 / LogL: -25077.924 / Time: 0h:1m:44s (0h:1m:7s left)
Iteration 150 / LogL: -25078.046 / Time: 0h:1m:52s (0h:1m:0s left)
Log-likelihood cutoff on original alignment: -25111.110
Iteration 160 / LogL: -25073.835 / Time: 0h:1m:59s (0h:0m:52s left)
Iteration 170 / LogL: -25071.354 / Time: 0h:2m:6s (0h:0m:44s left)
Iteration 180 / LogL: -25067.730 / Time: 0h:2m:13s (0h:0m:37s left)
Iteration 190 / LogL: -25067.608 / Time: 0h:2m:20s (0h:0m:29s left)
Iteration 200 / LogL: -25068.079 / Time: 0h:2m:28s (0h:0m:22s left)
Log-likelihood cutoff on original alignment: -25111.110
NOTE: Bootstrap correlation coefficient of split occurrence frequencies: 1.000
Iteration 210 / LogL: -25067.812 / Time: 0h:2m:35s (0h:1m:7s left)
Iteration 220 / LogL: -25067.402 / Time: 0h:2m:43s (0h:0m:59s left)
Iteration 230 / LogL: -25067.722 / Time: 0h:2m:51s (0h:0m:52s left)
TREE SEARCH COMPLETED AFTER 231 ITERATIONS / Time: 0h:2m:51s

--------------------------------------------------------------------
|                    FINALIZING TREE SEARCH                        |
--------------------------------------------------------------------
Performs final model parameters optimization
Estimate model parameters (epsilon = 0.010)
1. Initial log-likelihood: -25067.281
Optimal log-likelihood: -25067.275
Gamma shape alpha: 1.625
Parameters optimization took 1 rounds (0.093 sec)
BEST SCORE FOUND : -25067.275
Creating bootstrap support values...
Split supports printed to NEXUS file results_broccoli_meto/alignments_prefiltering/OG_13340.iqtree.splits.nex
Total tree length: 27.130

Total number of iterations: 231
CPU time used for tree search: 339.611 sec (0h:5m:39s)
Wall-clock time used for tree search: 171.119 sec (0h:2m:51s)
Total CPU time used: 341.266 sec (0h:5m:41s)
Total wall-clock time used: 172.037 sec (0h:2m:52s)

Computing bootstrap consensus tree...
Reading input file results_broccoli_meto/alignments_prefiltering/OG_13340.iqtree.splits.nex...
49 taxa and 301 splits.
Consensus tree written to results_broccoli_meto/alignments_prefiltering/OG_13340.iqtree.contree
Reading input trees file results_broccoli_meto/alignments_prefiltering/OG_13340.iqtree.contree
Log-likelihood of consensus tree: -25067.274

Analysis results written to: 
  IQ-TREE report:                results_broccoli_meto/alignments_prefiltering/OG_13340.iqtree.iqtree
  Maximum-likelihood tree:       results_broccoli_meto/alignments_prefiltering/OG_13340.iqtree.treefile
  Likelihood distances:          results_broccoli_meto/alignments_prefiltering/OG_13340.iqtree.mldist

Ultrafast bootstrap approximation results written to:
  Split support values:          results_broccoli_meto/alignments_prefiltering/OG_13340.iqtree.splits.nex
  Consensus tree:                results_broccoli_meto/alignments_prefiltering/OG_13340.iqtree.contree
  Screen log file:               results_broccoli_meto/alignments_prefiltering/OG_13340.iqtree.log

Date and Time: Mon Dec 12 21:19:08 2022
