IQ-TREE multicore version 2.1.0 for Linux 64-bit built Jul 18 2020
Developed by Bui Quang Minh, James Barbetti, Nguyen Lam Tung,
Olga Chernomor, Heiko Schmidt, Dominik Schrempf, Michael Woodhams.

Host:    node-hp0310.linux.crg.es (AVX, 125 GB RAM)
Command: /users/asebe/xgraubove/Programes/iqtree-2.1.0-Linux/bin/iqtree2 -s results_broccoli_meto/alignments_prefiltering/OG_12977.lt.fasta -m TEST -mset LG,WAG,JTT -nt AUTO -ntmax 2 -bb 1000 -pre results_broccoli_meto/alignments_prefiltering/OG_12977.iqtree -nm 10000 -nstop 200 -cptime 1800
Seed:    713749 (Using SPRNG - Scalable Parallel Random Number Generator)
Time:    Mon Dec 12 17:07:10 2022
Kernel:  AVX - auto-detect threads (2 CPU cores detected)

Reading alignment file results_broccoli_meto/alignments_prefiltering/OG_12977.lt.fasta ... Fasta format detected
Alignment most likely contains protein sequences
Alignment has 67 sequences with 110 columns, 107 distinct patterns
89 parsimony-informative, 0 singleton sites, 21 constant sites
                                                                    Gap/Ambiguity  Composition  p-value
   1  Lcom_lcpid220353                                                      9.09%    passed     69.69%
   2  Lcom_lcpid222736                                                      7.27%    passed     12.07%
   3  Lcom_lcpid214057                                                      1.82%    passed     99.62%
   4  Lcom_lcpid111743                                                      8.18%    passed     96.27%
   5  Lcom_lcpid184958                                                      8.18%    passed     97.76%
   6  Scil_scict004878.1                                                    3.64%    passed     97.69%
   7  Clacor_Ccor_scaffold3489_01                                           6.36%    passed    100.00%
   8  Lcom_lcpid208626                                                      2.73%    passed     95.93%
   9  Emue_Em0022g699a.t1                                                  46.36%    passed     98.26%
  10  Spolac_c2257_g1_i1_m.30c2257-g1                                       3.64%    passed     99.95%
  11  Tetwil_g5234.t1                                                       2.73%    passed     97.25%
  12  Stycar_augustus_masked-SC_scaffold109253-processed-gene-0.0-mRNA-1   81.82%    passed     89.77%
  13  Aque_Aqu2.1.34449_001                                                 3.64%    passed     99.86%
  14  Halamb_c39043_g1_i1m.11345                                            1.82%    passed     99.56%
  15  Halamb_c19091_g1_i1m.3348                                             7.27%    passed     97.84%
  16  Xestes_augustus_masked-XT_scaffold1909-processed-gene-0.9-mRNA-1      3.64%    passed     99.98%
  17  Halamb_c65730_g1_i1m.46329                                            8.18%    passed     99.86%
  18  Hsap_ENST00000409038                                                  1.82%    passed     99.80%
  19  Cscu_XM_023380456.1                                                   4.55%    passed     99.51%
  20  Cscu_XM_023380464.1                                                   1.82%    passed     99.97%
  21  Dpul_mRNA27437                                                        1.82%    passed     97.98%
  22  Tcas_TC008311_001                                                     1.82%    passed     75.61%
  23  Cgig_XM_011419867.3                                                   2.73%    passed     90.74%
  24  Acagra_model.g33.t1.1.5d3b81f0                                        0.91%    passed     98.44%
  25  Fspp_ffun1.m4.1132.m1                                                 1.82%    passed    100.00%
  26  Gasp_gasp1.m3.26034.m1                                                1.82%    passed    100.00%
  27  Spis_XP_022795875_1                                                   1.82%    passed    100.00%
  28  Pocdam_XM_027180229.1                                                 1.82%    passed    100.00%
  29  Gfas_gfas1.m1.14213.m1                                                0.00%    passed    100.00%
  30  Adig_XM_015897514.1                                                   1.82%    passed     99.35%
  31  Nvec_v1g235042                                                        1.82%    passed    100.00%
  32  Exapal_XM_021061825.2                                                 1.82%    passed     99.94%
  33  Skow_XM_006822171.1                                                  36.36%    passed     96.14%
  34  Aaur_scaffold1276.g7.t1                                              13.64%    passed     99.92%
  35  Nemnom_g1713.t1                                                       0.00%    passed     99.97%
  36  Nemnom_g15377.t1                                                      0.00%    passed     99.97%
  37  Rhoesc_Res_000426-T1                                                  1.82%    passed     99.98%
  38  Sanmal_Sma_010690-T1                                                  0.00%    passed     99.96%
  39  Dgig_XM_028545778.1                                                   1.82%    passed     99.98%
  40  Xesp_015014-T1                                                        1.82%    passed    100.00%
  41  Morvir_scaffold377.g8.t1                                              1.82%    passed     99.82%
  42  Bralan_BLAG06000797_1                                                 0.00%    passed     93.06%
  43  Horcal_Hcv1.av93.c2.g1288.i1                                          6.36%    passed     99.92%
  44  Mlei_ML3588.g15.i1                                                    5.45%    passed     99.96%
  45  Spur_XM_788739.4                                                      1.82%    passed     99.96%
  46  Lcom_lcpid198986                                                      1.82%    passed     99.78%
  47  Ctel_gnl_WGS_AMQN_CAPTEDRAFT_mRNA178170                               1.82%    passed     99.94%
  48  Opea_EP00118_Oscarella_pearsei_P028709                                1.82%    passed     98.52%
  49  Ocar_g8661                                                           46.36%    passed     40.45%
  50  Lcom_lcpid239266                                                     18.18%    passed     99.39%
  51  HoiH23_PlH23_006928-RA                                                0.91%    passed     99.30%
  52  TrH2_TrispH2_007061-RA                                                2.73%    passed     99.62%
  53  Tadh_TriadT63137                                                      2.73%    passed     99.62%
  54  HoiH04_mRNA2897                                                       0.91%    passed     99.26%
  55  HoiH11_mRNA1074                                                       1.82%    passed     99.89%
  56  Hvul_g12598_1                                                        24.55%    passed     99.86%
  57  Lcom_lcpid196225                                                      3.64%    passed     99.48%
  58  Lcom_lcpid205409                                                      1.82%    passed     99.65%
  59  Lcom_lcpid210140                                                      5.45%    passed     99.61%
  60  Lcom_lcpid207674                                                     14.55%    passed     99.75%
  61  Lcom_lcpid204498                                                      1.82%    passed     99.95%
  62  Chem_TCONS_00039991                                                  20.00%    passed     99.79%
  63  Lcom_lcpid251648                                                     18.18%    passed     97.51%
  64  Lcom_lcpid195713                                                      0.00%    passed     63.43%
  65  Lcom_lcpid199371                                                      0.91%    passed     99.72%
  66  Amil_Amillepora06865-RA                                              16.36%    passed     97.83%
  67  Pbac_sb2642054                                                       46.36%    passed     97.41%
WARNING: 1 sequences contain more than 50% gaps/ambiguity
****  TOTAL                                                                 8.03%  0 sequences failed composition chi2 test (p-value<5%; df=19)
NOTE: Gasp_gasp1.m3.26034.m1 is identical to Fspp_ffun1.m4.1132.m1 but kept for subsequent analysis
NOTE: Nemnom_g15377.t1 is identical to Nemnom_g1713.t1 but kept for subsequent analysis
NOTE: Tadh_TriadT63137 is identical to TrH2_TrispH2_007061-RA but kept for subsequent analysis


Create initial parsimony tree by phylogenetic likelihood library (PLL)... 0.010 seconds
Measuring multi-threading efficiency up to 2 CPU cores
Increase to 10 rounds for branch lengths
11 trees examined
Threads: 1 / Time: 2.059 sec / Speedup: 1.000 / Efficiency: 100% / LogL: -6628
Threads: 2 / Time: 1.288 sec / Speedup: 1.599 / Efficiency: 80% / LogL: -6628
BEST NUMBER OF THREADS: 2

Perform fast likelihood tree search using LG+I+G model...
Estimate model parameters (epsilon = 5.000)
Perform nearest neighbor interchange...
Estimate model parameters (epsilon = 1.000)
1. Initial log-likelihood: -4574.031
Optimal log-likelihood: -4573.502
Proportion of invariable sites: 0.165
Gamma shape alpha: 1.271
Parameters optimization took 1 rounds (0.079 sec)
Time for fast ML tree search: 0.428 seconds

NOTE: ModelFinder requires 5 MB RAM!
ModelFinder will test up to 24 protein models (sample size: 110) ...
 No. Model         -LnL         df  AIC          AICc         BIC
  1  LG            4883.944     131 10029.888    44613.888    10383.651
  2  LG+I          4729.468     132 9722.935     44834.935    10079.399
  3  LG+G4         4579.921     132 9423.842     44535.842    9780.306
  4  LG+I+G4       4573.480     133 9412.959     45056.959    9772.123
  7  LG+F+G4       4609.089     151 9520.178     55424.178    9927.951
  8  LG+F+I+G4     4598.842     152 9501.683     56013.683    9912.156
 11  WAG+G4        4613.010     132 9490.020     44602.020    9846.484
 12  WAG+I+G4      4606.491     133 9478.982     45122.982    9838.146
 15  WAG+F+G4      4648.622     151 9599.244     55503.244    10007.017
 16  WAG+F+I+G4    4640.609     152 9585.217     56097.217    9995.690
 19  JTT+G4        4628.230     132 9520.460     44632.460    9876.923
 20  JTT+I+G4      4619.476     133 9504.951     45148.951    9864.115
 23  JTT+F+G4      4659.353     151 9620.706     55524.706    10028.479
 24  JTT+F+I+G4    4650.201     152 9604.402     56116.402    10014.875
Akaike Information Criterion:           LG+I+G4
Corrected Akaike Information Criterion: LG+G4
Bayesian Information Criterion:         LG+I+G4
Best-fit model: LG+I+G4 chosen according to BIC

All model information printed to results_broccoli_meto/alignments_prefiltering/OG_12977.iqtree.model.gz
CPU time for ModelFinder: 9.709 seconds (0h:0m:9s)
Wall-clock time for ModelFinder: 5.896 seconds (0h:0m:5s)
Generating 1000 samples for ultrafast bootstrap (seed: 713749)...

NOTE: 5 MB RAM (0 GB) is required!
Estimate model parameters (epsilon = 0.100)
Thoroughly optimizing +I+G parameters from 10 start values...
Init pinv, alpha: 0.000, 1.297 / Estimate: 0.000, 0.582 / LogL: -4579.921
Init pinv, alpha: 0.021, 1.297 / Estimate: 0.168, 1.294 / LogL: -4573.481
Init pinv, alpha: 0.042, 1.297 / Estimate: 0.169, 1.294 / LogL: -4573.480
Init pinv, alpha: 0.064, 1.297 / Estimate: 0.168, 1.292 / LogL: -4573.484
Init pinv, alpha: 0.085, 1.297 / Estimate: 0.169, 1.294 / LogL: -4573.482
Init pinv, alpha: 0.106, 1.297 / Estimate: 0.168, 1.291 / LogL: -4573.484
Init pinv, alpha: 0.127, 1.297 / Estimate: 0.167, 1.285 / LogL: -4573.487
Init pinv, alpha: 0.148, 1.297 / Estimate: 0.168, 1.293 / LogL: -4573.480
Init pinv, alpha: 0.170, 1.297 / Estimate: 0.170, 1.301 / LogL: -4573.475
Init pinv, alpha: 0.191, 1.297 / Estimate: 0.171, 1.308 / LogL: -4573.477
Optimal pinv,alpha: 0.170, 1.301 / LogL: -4573.475

Parameters optimization took 2.231 sec
Computing ML distances based on estimated model parameters...
Computing ML distances took 0.197198 sec (of wall-clock time) 0.393030 sec(of CPU time)
Computing RapidNJ tree took 0.000760 sec (of wall-clock time) 0.001521 sec (of CPU time)
Log-likelihood of RapidNJ tree: -4601.316
--------------------------------------------------------------------
|             INITIALIZING CANDIDATE TREE SET                      |
--------------------------------------------------------------------
Generating 98 parsimony trees... 0.925 second
Computing log-likelihood of 98 initial trees ... 1.411 seconds
Current best score: -4573.475

Do NNI search on 20 best initial trees
Estimate model parameters (epsilon = 0.100)
BETTER TREE FOUND at iteration 1: -4573.131
Estimate model parameters (epsilon = 0.100)
BETTER TREE FOUND at iteration 2: -4571.360
Estimate model parameters (epsilon = 0.100)
BETTER TREE FOUND at iteration 3: -4561.989
Estimate model parameters (epsilon = 0.100)
BETTER TREE FOUND at iteration 9: -4559.646
Iteration 10 / LogL: -4570.655 / Time: 0h:0m:7s
Iteration 20 / LogL: -4570.077 / Time: 0h:0m:10s
Finish initializing candidate tree set (20)
Current best tree score: -4559.646 / CPU time: 7.655
Number of iterations: 20
--------------------------------------------------------------------
|               OPTIMIZING CANDIDATE TREE SET                      |
--------------------------------------------------------------------
Estimate model parameters (epsilon = 0.100)
BETTER TREE FOUND at iteration 24: -4559.439
Iteration 30 / LogL: -4563.316 / Time: 0h:0m:13s (0h:1m:33s left)
Estimate model parameters (epsilon = 0.100)
BETTER TREE FOUND at iteration 38: -4555.935
Iteration 40 / LogL: -4559.876 / Time: 0h:0m:17s (0h:1m:29s left)
Iteration 50 / LogL: -4559.344 / Time: 0h:0m:20s (0h:1m:19s left)
Log-likelihood cutoff on original alignment: -4599.804
Iteration 60 / LogL: -4560.563 / Time: 0h:0m:24s (0h:1m:13s left)
Estimate model parameters (epsilon = 0.100)
BETTER TREE FOUND at iteration 62: -4555.097
Iteration 70 / LogL: -4571.042 / Time: 0h:0m:27s (0h:1m:16s left)
Iteration 80 / LogL: -4567.689 / Time: 0h:0m:30s (0h:1m:10s left)
Iteration 90 / LogL: -4555.957 / Time: 0h:0m:34s (0h:1m:6s left)
Iteration 100 / LogL: -4555.907 / Time: 0h:0m:38s (0h:1m:2s left)
Log-likelihood cutoff on original alignment: -4599.804
NOTE: Bootstrap correlation coefficient of split occurrence frequencies: 0.996
Iteration 110 / LogL: -4558.308 / Time: 0h:0m:41s (0h:0m:57s left)
Iteration 120 / LogL: -4566.290 / Time: 0h:0m:44s (0h:0m:53s left)
Iteration 130 / LogL: -4566.754 / Time: 0h:0m:48s (0h:0m:49s left)
Iteration 140 / LogL: -4565.921 / Time: 0h:0m:51s (0h:0m:44s left)
Iteration 150 / LogL: -4555.278 / Time: 0h:0m:54s (0h:0m:40s left)
Log-likelihood cutoff on original alignment: -4599.804
Iteration 160 / LogL: -4555.556 / Time: 0h:0m:58s (0h:0m:37s left)
Iteration 170 / LogL: -4563.743 / Time: 0h:1m:1s (0h:0m:33s left)
Iteration 180 / LogL: -4557.640 / Time: 0h:1m:4s (0h:0m:29s left)
Iteration 190 / LogL: -4555.099 / Time: 0h:1m:8s (0h:0m:25s left)
Iteration 200 / LogL: -4555.114 / Time: 0h:1m:11s (0h:0m:22s left)
Log-likelihood cutoff on original alignment: -4599.804
NOTE: Bootstrap correlation coefficient of split occurrence frequencies: 0.999
Iteration 210 / LogL: -4555.179 / Time: 0h:1m:14s (0h:0m:32s left)
Iteration 220 / LogL: -4559.594 / Time: 0h:1m:17s (0h:0m:28s left)
Iteration 230 / LogL: -4555.900 / Time: 0h:1m:21s (0h:0m:24s left)
Iteration 240 / LogL: -4555.136 / Time: 0h:1m:24s (0h:0m:21s left)
Iteration 250 / LogL: -4564.615 / Time: 0h:1m:27s (0h:0m:17s left)
Log-likelihood cutoff on original alignment: -4599.804
Iteration 260 / LogL: -4555.785 / Time: 0h:1m:31s (0h:0m:14s left)
TREE SEARCH COMPLETED AFTER 263 ITERATIONS / Time: 0h:1m:32s

--------------------------------------------------------------------
|                    FINALIZING TREE SEARCH                        |
--------------------------------------------------------------------
Performs final model parameters optimization
Estimate model parameters (epsilon = 0.010)
1. Initial log-likelihood: -4555.097
Optimal log-likelihood: -4555.095
Proportion of invariable sites: 0.171
Gamma shape alpha: 1.314
Parameters optimization took 1 rounds (0.044 sec)
BEST SCORE FOUND : -4555.095
Creating bootstrap support values...
Split supports printed to NEXUS file results_broccoli_meto/alignments_prefiltering/OG_12977.iqtree.splits.nex
Total tree length: 11.456

Total number of iterations: 263
CPU time used for tree search: 177.350 sec (0h:2m:57s)
Wall-clock time used for tree search: 89.516 sec (0h:1m:29s)
Total CPU time used: 183.094 sec (0h:3m:3s)
Total wall-clock time used: 92.533 sec (0h:1m:32s)

Computing bootstrap consensus tree...
Reading input file results_broccoli_meto/alignments_prefiltering/OG_12977.iqtree.splits.nex...
67 taxa and 834 splits.
Consensus tree written to results_broccoli_meto/alignments_prefiltering/OG_12977.iqtree.contree
Reading input trees file results_broccoli_meto/alignments_prefiltering/OG_12977.iqtree.contree
Log-likelihood of consensus tree: -4556.772

Analysis results written to: 
  IQ-TREE report:                results_broccoli_meto/alignments_prefiltering/OG_12977.iqtree.iqtree
  Maximum-likelihood tree:       results_broccoli_meto/alignments_prefiltering/OG_12977.iqtree.treefile
  Likelihood distances:          results_broccoli_meto/alignments_prefiltering/OG_12977.iqtree.mldist

Ultrafast bootstrap approximation results written to:
  Split support values:          results_broccoli_meto/alignments_prefiltering/OG_12977.iqtree.splits.nex
  Consensus tree:                results_broccoli_meto/alignments_prefiltering/OG_12977.iqtree.contree
  Screen log file:               results_broccoli_meto/alignments_prefiltering/OG_12977.iqtree.log

Date and Time: Mon Dec 12 17:08:49 2022
