IQ-TREE multicore version 2.1.0 for Linux 64-bit built Jul 18 2020
Developed by Bui Quang Minh, James Barbetti, Nguyen Lam Tung,
Olga Chernomor, Heiko Schmidt, Dominik Schrempf, Michael Woodhams.

Host:    node-hp0210.linux.crg.es (AVX, 125 GB RAM)
Command: /users/asebe/xgraubove/Programes/iqtree-2.1.0-Linux/bin/iqtree2 -s results_broccoli_meto/alignments_prefiltering/OG_1611.lt.fasta -m TEST -mset LG,WAG,JTT -nt AUTO -ntmax 2 -bb 1000 -pre results_broccoli_meto/alignments_prefiltering/OG_1611.iqtree -nm 10000 -nstop 200 -cptime 1800
Seed:    236618 (Using SPRNG - Scalable Parallel Random Number Generator)
Time:    Mon Dec 12 23:20:50 2022
Kernel:  AVX - auto-detect threads (2 CPU cores detected)

Reading alignment file results_broccoli_meto/alignments_prefiltering/OG_1611.lt.fasta ... Fasta format detected
Alignment most likely contains protein sequences
Alignment has 94 sequences with 405 columns, 405 distinct patterns
387 parsimony-informative, 0 singleton sites, 18 constant sites
                                                                    Gap/Ambiguity  Composition  p-value
   1  Lcom_lcpid253754                                                     79.01%    passed     56.89%
   2  Lcom_lcpid228948                                                     76.05%    passed     67.44%
   3  Lcom_lcpid253329                                                     79.01%    passed     92.79%
   4  Lcom_lcpid161828                                                     58.52%    passed     77.94%
   5  Ctel_gnl_WGS_AMQN_CAPTEDRAFT_mRNA161938                               2.47%    passed     96.62%
   6  Cgig_XM_011443520.2                                                   0.99%    passed     77.52%
   7  Acagra_model.g4442.t1                                                 0.99%    passed     90.27%
   8  Lcom_lcpid199454                                                     69.88%    passed     85.61%
   9  Skow_XM_006813419.1                                                  31.85%    passed     87.10%
  10  Fspp_ffun1.m4.20831.m1                                                8.40%    passed     99.87%
  11  Gasp_gasp1.m3.30486.m1                                                0.74%    passed     98.96%
  12  Gfas_gfas1.m1.18569.m1                                                0.74%    passed     99.40%
  13  Spis_XP_022780103_1                                                   0.74%    passed     99.52%
  14  Pocdam_XM_027181954.1                                                 0.74%    passed     99.29%
  15  Adig_XM_015898303.1                                                  13.58%    passed     97.91%
  16  Amil_Amillepora14819-RA                                              67.16%    passed     89.29%
  17  Nvec_v1g113443                                                        1.48%    passed     97.57%
  18  Exapal_XM_021060757.2                                                 0.99%    passed     99.58%
  19  Nvec_v1g145429                                                       57.28%    passed     79.57%
  20  Tcas_TC006260_001                                                     1.98%    passed     80.90%
  21  Morvir_scaffold604.g3.t1                                              0.00%    passed     98.71%
  22  Nemnom_g9220.t1                                                       0.00%    passed     98.94%
  23  Rhoesc_Res_014555-T1                                                  0.00%    passed     99.05%
  24  Sanmal_Sma_012647-T1                                                  0.00%    passed     98.30%
  25  Bralan_BLAG09000564_1                                                 1.48%    passed     99.45%
  26  Spur_XM_030984155.1                                                   1.48%    passed     97.19%
  27  Hsap_ENST00000356126                                                  0.74%    passed     99.96%
  28  Hvul_g16993_1                                                        23.46%    passed     99.96%
  29  Chem_TCONS_00070082                                                   0.25%    passed     99.16%
  30  Aaur_scaffold2474.g3.t4                                              12.84%    passed     98.11%
  31  Cscu_XM_023372853.1                                                  51.60%    passed     99.21%
  32  Dpul_mRNA20804                                                        0.25%    passed     99.09%
  33  Dgig_XM_028539842.1                                                   0.49%    passed     63.11%
  34  Xesp_018641-T1                                                        0.49%    passed     92.61%
  35  Aque_Aqu2.1.38467_001                                                 1.48%    passed     96.16%
  36  Xestes_augustus_masked-XT_scaffold188714-processed-gene-0.1-mRNA-1   54.57%    passed     91.14%
  37  Halamb_c9799_g1_i1m.1518                                              0.25%    passed     90.52%
  38  Stycar_maker-SC_scaffold30867-augustus-gene-0.17-mRNA-1              64.94%    passed     72.50%
  39  Tetwil_g6642.t2                                                      20.49%    passed     31.36%
  40  Spolac_c98153_g2_i1_m.16571c98153-g2                                  1.23%    passed     65.30%
  41  Emue_Em0020g660a.t1                                                   1.23%    passed     77.23%
  42  Opea_EP00118_Oscarella_pearsei_P025805                                0.49%    passed     48.18%
  43  Ocar_g7627                                                           87.65%    passed     77.07%
  44  Plajan_Pjan_C558319_01                                                8.15%    failed      3.41%
  45  Plespi_Pspi_scaffold12947_01                                          3.70%    passed     67.29%
  46  Lcom_lcpid37884                                                       0.00%    passed     11.82%
  47  Gracom_Gcom_scaffold17047_01                                          0.74%    passed     18.61%
  48  Scil_scict009715.2                                                    0.25%    passed     65.94%
  49  Leuniv_Lniv_scaffold7215_01                                          40.00%    passed     11.69%
  50  Leuniv_Lniv_scaffold7216_01                                          50.12%    passed     68.39%
  51  Clacor_Ccor_scaffold73_01                                             2.22%    passed     89.50%
  52  Pbac_sb2640361                                                       27.16%    passed     33.55%
  53  Pbac_sb2668051                                                       88.40%    passed     81.50%
  54  Pbac_sb2653078                                                       43.21%    passed     66.53%
  55  Horcal_Hcv1.av93.c6.g754.i1                                           3.21%    passed     96.71%
  56  Bolinf_Binf_sb1217993                                                 3.70%    passed     94.54%
  57  Mertsp_Mesp_sb592350                                                  6.91%    passed     93.17%
  58  Mertsp_Mesp_sb592349                                                  3.21%    passed     94.68%
  59  Mertsp_Mesp_sb592347                                                  2.22%    passed     98.05%
  60  Bolinf_Binf_sb1266650                                                 2.22%    passed     99.19%
  61  Bolinf_Binf_sb1266652                                                40.49%    passed     94.68%
  62  Mertsp_Mesp_sb592348                                                  2.22%    passed     99.37%
  63  Mlei_ML0079.g1.i1                                                     3.21%    passed     98.58%
  64  Vmul_sbMO462509                                                      10.37%    passed     98.79%
  65  Drygla_Dgla_sb294657                                                  4.69%    passed     97.67%
  66  Bolinf_Binf_sb1232440                                                58.02%    passed     51.98%
  67  Bolinf_Binf_sb1232441                                                43.70%    passed     68.02%
  68  Beraby_Baby_sb343065                                                  3.70%    passed     87.53%
  69  Drygla_Dgla_sb286731                                                  6.42%    passed     87.99%
  70  Mertsp_Mesp_sb606484                                                 50.37%    passed     39.09%
  71  Lampan_Lpan_10036_01                                                  3.21%    passed     90.17%
  72  Vmul_Simscaffold11354_01                                              2.22%    passed     97.27%
  73  Coemet_Cmet_scaffold19865_01                                          3.21%    passed     76.37%
  74  Coeast_Cast_sb787155                                                  2.96%    passed     70.67%
  75  Coeast_Cast_sb787156                                                 36.54%    passed     46.66%
  76  Eupdun_Edun_sb10644033                                                2.22%    passed     85.05%
  77  Lcom_lcpid235065                                                     75.31%    passed     94.64%
  78  HoiH23_PlH23_000050-RA                                                2.96%    passed     41.74%
  79  HoiH06_mRNA5753                                                       2.96%    passed     55.38%
  80  Hhon_g09395.t1                                                        5.19%    passed     60.49%
  81  HoiH04_mRNA4902                                                       5.19%    passed     56.29%
  82  HoiH11_mRNA3931                                                      10.62%    passed     31.67%
  83  TrH2_TrispH2_003020-RA                                                2.72%    passed     42.64%
  84  Tadh_TriadT35460                                                      2.72%    passed     43.79%
  85  Lcom_lcpid115554                                                     24.69%    failed      2.02%
  86  Cscu_XM_023367593.1                                                  66.67%    passed     47.89%
  87  Cscu_XM_023372854.1                                                  79.51%    passed     22.81%
  88  Stycar_maker-SC_scaffold110544-augustus-gene-0.54-mRNA-1             68.15%    passed     18.55%
  89  Stycar_maker-SC_scaffold91369-augustus-gene-0.15-mRNA-1              78.27%    passed     23.91%
  90  Lcom_lcpid207721                                                     71.60%    passed     39.08%
  91  Lcom_lcpid185254                                                     65.93%    passed     17.58%
  92  Lcom_lcpid166271                                                     64.20%    passed     31.23%
  93  Stycar_maker-SC_scaffold110544-augustus-gene-0.53-mRNA-1             75.31%    passed     33.28%
  94  Hvul_g16986_1                                                        76.54%    passed     26.33%
WARNING: 25 sequences contain more than 50% gaps/ambiguity
****  TOTAL                                                                23.57%  2 sequences failed composition chi2 test (p-value<5%; df=19)


Create initial parsimony tree by phylogenetic likelihood library (PLL)... 0.076 seconds
Measuring multi-threading efficiency up to 2 CPU cores
Increase to 10 rounds for branch lengths
2 trees examined
Threads: 1 / Time: 2.193 sec / Speedup: 1.000 / Efficiency: 100% / LogL: -41247
Threads: 2 / Time: 1.628 sec / Speedup: 1.348 / Efficiency: 67% / LogL: -41247
BEST NUMBER OF THREADS: 2

Perform fast likelihood tree search using LG+I+G model...
Estimate model parameters (epsilon = 5.000)
Perform nearest neighbor interchange...
Estimate model parameters (epsilon = 1.000)
1. Initial log-likelihood: -24482.962
Optimal log-likelihood: -24482.941
Proportion of invariable sites: 0.036
Gamma shape alpha: 1.499
Parameters optimization took 1 rounds (0.217 sec)
Time for fast ML tree search: 2.675 seconds

NOTE: ModelFinder requires 26 MB RAM!
ModelFinder will test up to 24 protein models (sample size: 405) ...
 No. Model         -LnL         df  AIC          AICc         BIC
  1  LG            25390.263    185 51150.526    51464.773    51891.245
  2  LG+I          25240.201    186 50852.402    51171.503    51597.125
  3  LG+G4         24497.926    186 49367.852    49686.952    50112.575
  4  LG+I+G4       24482.954    187 49339.909    49663.927    50088.636
  8  LG+F+I+G4     24516.812    206 49445.624    49876.352    50270.425
 12  WAG+I+G4      24619.824    187 49613.648    49937.666    50362.375
 16  WAG+F+I+G4    24672.615    206 49757.231    50187.958    50582.032
 20  JTT+I+G4      24608.168    187 49590.337    49914.355    50339.064
 24  JTT+F+I+G4    24562.881    206 49537.762    49968.489    50362.563
Akaike Information Criterion:           LG+I+G4
Corrected Akaike Information Criterion: LG+I+G4
Bayesian Information Criterion:         LG+I+G4
Best-fit model: LG+I+G4 chosen according to BIC

All model information printed to results_broccoli_meto/alignments_prefiltering/OG_1611.iqtree.model.gz
CPU time for ModelFinder: 21.700 seconds (0h:0m:21s)
Wall-clock time for ModelFinder: 12.476 seconds (0h:0m:12s)
Generating 1000 samples for ultrafast bootstrap (seed: 236618)...

NOTE: 26 MB RAM (0 GB) is required!
Estimate model parameters (epsilon = 0.100)
Thoroughly optimizing +I+G parameters from 10 start values...
Init pinv, alpha: 0.000, 1.504 / Estimate: 0.036, 1.498 / LogL: -24482.942
Init pinv, alpha: 0.005, 1.504 / Estimate: 0.036, 1.498 / LogL: -24482.943
Init pinv, alpha: 0.010, 1.504 / Estimate: 0.036, 1.496 / LogL: -24482.946
Init pinv, alpha: 0.015, 1.504 / Estimate: 0.036, 1.504 / LogL: -24482.960
Init pinv, alpha: 0.020, 1.504 / Estimate: 0.036, 1.503 / LogL: -24482.952
Init pinv, alpha: 0.025, 1.504 / Estimate: 0.036, 1.501 / LogL: -24482.958
Init pinv, alpha: 0.030, 1.504 / Estimate: 0.036, 1.501 / LogL: -24482.949
Init pinv, alpha: 0.035, 1.504 / Estimate: 0.036, 1.500 / LogL: -24482.947
Init pinv, alpha: 0.040, 1.504 / Estimate: 0.037, 1.503 / LogL: -24482.943
Init pinv, alpha: 0.044, 1.504 / Estimate: 0.037, 1.498 / LogL: -24482.941
Optimal pinv,alpha: 0.037, 1.498 / LogL: -24482.941

Parameters optimization took 7.723 sec
Computing ML distances based on estimated model parameters...
Computing ML distances took 0.518875 sec (of wall-clock time) 1.025898 sec(of CPU time)
WARNING: Some pairwise ML distances are too long (saturated)
Computing RapidNJ tree took 0.001577 sec (of wall-clock time) 0.002121 sec (of CPU time)
Log-likelihood of RapidNJ tree: -25611.328
--------------------------------------------------------------------
|             INITIALIZING CANDIDATE TREE SET                      |
--------------------------------------------------------------------
Generating 98 parsimony trees... 3.983 second
Computing log-likelihood of 98 initial trees ... 6.618 seconds
Current best score: -24482.941

Do NNI search on 20 best initial trees
Estimate model parameters (epsilon = 0.100)
BETTER TREE FOUND at iteration 1: -24478.957
Estimate model parameters (epsilon = 0.100)
BETTER TREE FOUND at iteration 2: -24457.865
Estimate model parameters (epsilon = 0.100)
BETTER TREE FOUND at iteration 3: -24456.790
Estimate model parameters (epsilon = 0.100)
BETTER TREE FOUND at iteration 4: -24453.093
Estimate model parameters (epsilon = 0.100)
BETTER TREE FOUND at iteration 6: -24445.417
Iteration 10 / LogL: -24456.519 / Time: 0h:0m:36s
Iteration 20 / LogL: -24466.900 / Time: 0h:0m:53s
Finish initializing candidate tree set (20)
Current best tree score: -24445.417 / CPU time: 43.540
Number of iterations: 20
--------------------------------------------------------------------
|               OPTIMIZING CANDIDATE TREE SET                      |
--------------------------------------------------------------------
Iteration 30 / LogL: -24446.366 / Time: 0h:1m:9s (0h:7m:1s left)
Estimate model parameters (epsilon = 0.100)
BETTER TREE FOUND at iteration 31: -24445.211
Estimate model parameters (epsilon = 0.100)
BETTER TREE FOUND at iteration 35: -24444.795
Iteration 40 / LogL: -24446.408 / Time: 0h:1m:25s (0h:7m:8s left)
BETTER TREE FOUND at iteration 41: -24444.788
Iteration 50 / LogL: -24445.480 / Time: 0h:1m:40s (0h:6m:32s left)
Log-likelihood cutoff on original alignment: -24496.027
Estimate model parameters (epsilon = 0.100)
BETTER TREE FOUND at iteration 52: -24444.575
Iteration 60 / LogL: -24444.806 / Time: 0h:1m:56s (0h:6m:19s left)
Iteration 70 / LogL: -24466.350 / Time: 0h:2m:11s (0h:5m:47s left)
Iteration 80 / LogL: -24448.160 / Time: 0h:2m:27s (0h:5m:20s left)
Iteration 90 / LogL: -24445.376 / Time: 0h:2m:41s (0h:4m:54s left)
Iteration 100 / LogL: -24446.523 / Time: 0h:2m:57s (0h:4m:33s left)
Log-likelihood cutoff on original alignment: -24496.027
NOTE: Bootstrap correlation coefficient of split occurrence frequencies: 0.997
Estimate model parameters (epsilon = 0.100)
UPDATE BEST LOG-LIKELIHOOD: -24444.414
Iteration 110 / LogL: -24445.161 / Time: 0h:3m:15s (0h:4m:14s left)
Iteration 120 / LogL: -24481.250 / Time: 0h:3m:31s (0h:3m:54s left)
Iteration 130 / LogL: -24444.643 / Time: 0h:3m:46s (0h:3m:34s left)
Estimate model parameters (epsilon = 0.100)
UPDATE BEST LOG-LIKELIHOOD: -24444.104
Iteration 140 / LogL: -24445.611 / Time: 0h:4m:2s (0h:3m:15s left)
Iteration 150 / LogL: -24445.801 / Time: 0h:4m:18s (0h:2m:56s left)
Log-likelihood cutoff on original alignment: -24496.027
Iteration 160 / LogL: -24446.439 / Time: 0h:4m:35s (0h:2m:39s left)
Iteration 170 / LogL: -24459.186 / Time: 0h:4m:50s (0h:2m:20s left)
Iteration 180 / LogL: -24444.386 / Time: 0h:5m:6s (0h:2m:3s left)
Iteration 190 / LogL: -24444.329 / Time: 0h:5m:22s (0h:1m:45s left)
Iteration 200 / LogL: -24456.679 / Time: 0h:5m:38s (0h:1m:28s left)
Log-likelihood cutoff on original alignment: -24496.027
NOTE: Bootstrap correlation coefficient of split occurrence frequencies: 0.998
Iteration 210 / LogL: -24445.611 / Time: 0h:5m:56s (0h:2m:33s left)
Iteration 220 / LogL: -24444.106 / Time: 0h:6m:12s (0h:2m:16s left)
Iteration 230 / LogL: -24444.902 / Time: 0h:6m:28s (0h:1m:58s left)
Iteration 240 / LogL: -24448.790 / Time: 0h:6m:44s (0h:1m:41s left)
Iteration 250 / LogL: -24445.114 / Time: 0h:7m:1s (0h:1m:24s left)
Log-likelihood cutoff on original alignment: -24496.027
TREE SEARCH COMPLETED AFTER 253 ITERATIONS / Time: 0h:7m:6s

--------------------------------------------------------------------
|                    FINALIZING TREE SEARCH                        |
--------------------------------------------------------------------
Performs final model parameters optimization
Estimate model parameters (epsilon = 0.010)
1. Initial log-likelihood: -24444.104
Optimal log-likelihood: -24444.094
Proportion of invariable sites: 0.036
Gamma shape alpha: 1.517
Parameters optimization took 1 rounds (0.212 sec)
BEST SCORE FOUND : -24444.094
Creating bootstrap support values...
Split supports printed to NEXUS file results_broccoli_meto/alignments_prefiltering/OG_1611.iqtree.splits.nex
Total tree length: 25.169

Total number of iterations: 253
CPU time used for tree search: 821.294 sec (0h:13m:41s)
Wall-clock time used for tree search: 416.621 sec (0h:6m:56s)
Total CPU time used: 841.670 sec (0h:14m:1s)
Total wall-clock time used: 427.046 sec (0h:7m:7s)

Computing bootstrap consensus tree...
Reading input file results_broccoli_meto/alignments_prefiltering/OG_1611.iqtree.splits.nex...
94 taxa and 572 splits.
Consensus tree written to results_broccoli_meto/alignments_prefiltering/OG_1611.iqtree.contree
Reading input trees file results_broccoli_meto/alignments_prefiltering/OG_1611.iqtree.contree
Log-likelihood of consensus tree: -24444.094

Analysis results written to: 
  IQ-TREE report:                results_broccoli_meto/alignments_prefiltering/OG_1611.iqtree.iqtree
  Maximum-likelihood tree:       results_broccoli_meto/alignments_prefiltering/OG_1611.iqtree.treefile
  Likelihood distances:          results_broccoli_meto/alignments_prefiltering/OG_1611.iqtree.mldist

Ultrafast bootstrap approximation results written to:
  Split support values:          results_broccoli_meto/alignments_prefiltering/OG_1611.iqtree.splits.nex
  Consensus tree:                results_broccoli_meto/alignments_prefiltering/OG_1611.iqtree.contree
  Screen log file:               results_broccoli_meto/alignments_prefiltering/OG_1611.iqtree.log

Date and Time: Mon Dec 12 23:28:10 2022
