IQ-TREE multicore version 2.1.0 for Linux 64-bit built Jul 18 2020
Developed by Bui Quang Minh, James Barbetti, Nguyen Lam Tung,
Olga Chernomor, Heiko Schmidt, Dominik Schrempf, Michael Woodhams.

Host:    node-hp0210.linux.crg.es (AVX, 125 GB RAM)
Command: /users/asebe/xgraubove/Programes/iqtree-2.1.0-Linux/bin/iqtree2 -s results_broccoli_meto/alignments_prefiltering/OG_1758.lt.fasta -m TEST -mset LG,WAG,JTT -nt AUTO -ntmax 2 -bb 1000 -pre results_broccoli_meto/alignments_prefiltering/OG_1758.iqtree -nm 10000 -nstop 200 -cptime 1800
Seed:    107029 (Using SPRNG - Scalable Parallel Random Number Generator)
Time:    Mon Dec 12 23:47:46 2022
Kernel:  AVX - auto-detect threads (2 CPU cores detected)

Reading alignment file results_broccoli_meto/alignments_prefiltering/OG_1758.lt.fasta ... Fasta format detected
Alignment most likely contains protein sequences
Alignment has 114 sequences with 618 columns, 617 distinct patterns
603 parsimony-informative, 2 singleton sites, 13 constant sites
                                                         Gap/Ambiguity  Composition  p-value
   1  Lcom_lcpid180103                                          76.21%    passed     78.08%
   2  Hvul_g3130_1                                              39.81%    passed     98.38%
   3  Lcom_lcpid182110                                          75.89%    passed     15.76%
   4  Xestes_maker-XT_scaffold5554-snap-gene-0.18-mRNA-1         3.56%    passed     96.74%
   5  Halamb_c20136_g1_i1m.3571                                  1.46%    passed     92.79%
   6  Halamb_c12977_g1_i1m.2107                                 79.29%    passed     34.12%
   7  Aque_Aqu2.1.19142_001                                      2.27%    passed     98.71%
   8  Stycar_maker-SC_scaffold5243-snap-gene-0.37-mRNA-1        40.13%    passed     61.19%
   9  Stycar_maker-SC_scaffold108695-augustus-gene-0.2-mRNA-1   76.54%    failed      2.53%
  10  Stycar_maker-SC_scaffold91841-augustus-gene-0.2-mRNA-1    88.67%    failed      1.09%
  11  Stycar_maker-SC_scaffold91840-augustus-gene-0.2-mRNA-1    88.67%    passed     14.30%
  12  Stycar_maker-SC_scaffold145353-snap-gene-0.27-mRNA-1      32.04%    passed     57.85%
  13  Stycar_maker-SC_scaffold136764-snap-gene-0.2-mRNA-1       83.98%    passed     13.61%
  14  Stycar_maker-SC_scaffold104204-snap-gene-0.3-mRNA-1       87.70%    passed     55.83%
  15  Tetwil_g11661.t3                                           1.78%    passed     92.16%
  16  Spolac_c104341_g1_i1_m.39788c104341-g1                    26.86%    passed     82.28%
  17  Spolac_c104341_g1_i3_m.39789c104341-g1                     3.07%    passed     98.70%
  18  Emue_Em0021g985a.t1                                        2.43%    passed     99.19%
  19  Stycar_maker-SC_scaffold132354-augustus-gene-0.3-mRNA-1   82.85%    passed     22.69%
  20  Stycar_maker-SC_scaffold136867-augustus-gene-0.3-mRNA-1   56.31%    passed     71.46%
  21  Adig_XM_015896849.1                                       23.62%    passed     62.84%
  22  Gfas_gfas1.m1.8637.m1                                      0.00%    passed     94.66%
  23  Gasp_gasp1.m3.17026.m1                                    38.35%    passed     84.75%
  24  Spis_XP_022805459_1                                        0.65%    passed     95.66%
  25  Fspp_ffun1.m4.15078.m1                                     0.00%    passed     97.70%
  26  Adig_XM_015897529.1                                       83.82%    passed     11.78%
  27  Pocdam_XM_027201184.1                                     16.67%    passed     62.72%
  28  Amil_Amillepora29510-RA                                   16.34%    passed     49.47%
  29  Amil_Amillepora29514-RA                                   11.17%    passed     44.42%
  30  Nvec_v1g235286                                             0.16%    passed     99.35%
  31  Exapal_XM_021057834.2                                      1.13%    passed    100.00%
  32  Gasp_gasp1.m3.17029.m1                                     7.28%    passed     96.16%
  33  Cgig_XM_011447552.3                                        1.78%    passed     98.70%
  34  Acagra_model.g21958.t1                                     1.78%    passed     99.03%
  35  Lcom_lcpid241847                                          83.50%    failed      0.34%
  36  Ctel_gnl_WGS_AMQN_CAPTEDRAFT_mRNA180051                    0.49%    passed     89.97%
  37  Hsap_ENST00000376387                                       1.13%    passed     68.14%
  38  Tcas_TC013542_001                                          1.94%    passed     97.14%
  39  Dpul_mRNA25283                                             3.40%    passed     96.51%
  40  Cscu_XM_023382941.1                                       18.28%    passed     96.79%
  41  Lcom_lcpid204815                                          83.98%    passed     13.39%
  42  Spur_XM_788876.5                                           1.46%    passed     91.15%
  43  Spur_XM_030982155.1                                        1.62%    passed     97.47%
  44  Bralan_BLAG14000746_1                                      0.97%    passed     96.37%
  45  Sanmal_Sma_014930-T1                                       3.07%    passed     99.88%
  46  Sanmal_Sma_015213-T1                                       0.81%    passed     99.89%
  47  Chem_TCONS_00063051                                        0.81%    passed     99.04%
  48  Hvul_g3131_1                                              81.72%    failed      1.57%
  49  Morvir_scaffold1.g191.t1                                   1.29%    passed     88.94%
  50  Nemnom_g17488.t1                                           0.65%    passed     99.99%
  51  Rhoesc_Res_007207-T1                                       0.65%    passed     99.94%
  52  Aaur_scaffold14.g5.t1                                     70.39%    passed      7.94%
  53  Aaur_scaffold14.g6.t1                                     33.98%    passed     31.95%
  54  TrH2_TrispH2_001711-RA                                     0.65%    passed     97.07%
  55  Tadh_TriadT23833                                           0.65%    passed     97.63%
  56  HoiH11_mRNA3549                                            0.65%    passed    100.00%
  57  HoiH23_PlH23_006401-RA                                     0.65%    passed     99.53%
  58  HoiH06_mRNA8733                                            0.65%    passed     99.97%
  59  Hhon_g06720.t1                                             0.49%    passed     99.71%
  60  HoiH04_mRNA8576                                            0.49%    passed     99.72%
  61  Dgig_XM_028545473.1                                        1.13%    passed     99.11%
  62  Xesp_014491-T1                                             1.62%    passed     98.13%
  63  Pbac_sb2638115                                            87.54%    passed     79.49%
  64  Beraby_Baby_sb349942                                       2.59%    passed     99.98%
  65  Mertsp_Mesp_sb533039                                      54.85%    passed     55.85%
  66  Horcal_Hcv1.av93.c6.g1228.i1                               2.59%    passed     85.20%
  67  Pbac_sb2660453                                            91.10%    passed     42.73%
  68  Vmul_sbMO424864                                           67.80%    passed     35.55%
  69  Mlei_ML0892.g14.i1                                        21.52%    passed     82.74%
  70  Drygla_Dgla_sb296134                                      45.31%    passed     28.63%
  71  Lampan_Lpan_11566_01                                       2.75%    passed     88.65%
  72  Vmul_Simscaffold1445_01                                    2.43%    passed     97.80%
  73  Coemet_Cmet_scaffold14249_01                               3.24%    passed     98.91%
  74  Eupdun_Edun_sb10667371                                    49.84%    failed      1.49%
  75  Eupdun_Edun_sb10667369                                     2.75%    passed     89.68%
  76  Eupdun_Edun_sb10667373                                    57.61%    failed      1.04%
  77  Lcom_lcpid46415                                            0.65%    passed     99.71%
  78  Gracom_Gcom_scaffold17572_01                               1.46%    passed     87.44%
  79  Leuniv_Lniv_scaffold11372_01                               1.46%    passed     88.82%
  80  Scil_scict007388.2                                         1.29%    passed     95.41%
  81  Clacor_Ccor_scaffold10973_01                              13.11%    passed     99.99%
  82  Opea_EP00118_Oscarella_pearsei_P018390                     0.49%    passed     70.84%
  83  Ocar_g3331                                                34.95%    passed     88.35%
  84  Plajan_Pjan_C562780_01                                    17.31%    passed     63.43%
  85  Pocdam_XM_027201185.1                                     87.06%    passed     58.03%
  86  Adig_XM_015891723.1                                       80.74%    passed     41.56%
  87  Clacor_Ccor_scaffold6169_01                               39.81%    passed      7.05%
  88  Clacor_Ccor_scaffold6170_01                               42.23%    passed     11.41%
  89  Drygla_Dgla_sb296137                                      75.08%    failed      0.28%
  90  Mlei_ML3301.g2.i1                                         82.20%    passed     49.79%
  91  Stycar_maker-SC_scaffold123235-snap-gene-0.3-mRNA-1       85.60%    passed     45.59%
  92  Gracom_Gcom_scaffold13805_01                               2.59%    passed      6.55%
  93  Scil_scict022038.1                                         2.43%    passed     48.84%
  94  Lcom_lcpid46734                                            2.27%    passed     41.97%
  95  Leuniv_Lniv_scaffold16866_01                              70.87%    passed     37.07%
  96  Leuniv_Lniv_scaffold16867_01                               2.91%    passed      5.06%
  97  Hhon_g06718.t1                                             2.75%    failed      0.44%
  98  HoiH04_mRNA14638                                           2.75%    failed      0.11%
  99  HoiH06_mRNA8736                                            9.39%    passed     44.62%
 100  HoiH23_PlH23_006399-RA                                     2.27%    failed      1.42%
 101  TrH2_TrispH2_001713-RA                                     5.66%    passed     65.06%
 102  Tadh_TriadT24110                                          36.41%    passed      8.98%
 103  Gasp_gasp1.m3.17030.m1                                    37.54%    passed     64.51%
 104  Fspp_ffun1.m4.15079.m1                                    72.01%    passed     31.49%
 105  Tetwil_g21600.t2                                          66.50%    failed      0.01%
 106  HoiH04_mRNA13591                                          42.72%    failed      1.17%
 107  Hhon_g05357.t1                                            67.48%    passed     16.92%
 108  HoiH23_PlH23_008653-RA                                     2.10%    failed      0.88%
 109  HoiH06_mRNA4660                                            2.10%    failed      2.95%
 110  HoiH11_mRNA1488                                            8.58%    failed      0.50%
 111  TrH2_TrispH2_002591-RA                                     2.10%    failed      0.00%
 112  Tadh_TriadT21242                                           2.10%    failed      0.00%
 113  Skow_XM_002741861.2                                       42.56%    passed     54.91%
 114  Skow_XM_006819926.1                                       79.77%    failed      4.75%
WARNING: 30 sequences contain more than 50% gaps/ambiguity
****  TOTAL                                                     27.81%  18 sequences failed composition chi2 test (p-value<5%; df=19)


Create initial parsimony tree by phylogenetic likelihood library (PLL)... 0.151 seconds
Measuring multi-threading efficiency up to 2 CPU cores
8 trees examined
Threads: 1 / Time: 2.240 sec / Speedup: 1.000 / Efficiency: 100% / LogL: -74031
Threads: 2 / Time: 2.187 sec / Speedup: 1.024 / Efficiency: 51% / LogL: -74031
BEST NUMBER OF THREADS: 1

Perform fast likelihood tree search using LG+I+G model...
Estimate model parameters (epsilon = 5.000)
Perform nearest neighbor interchange...
Estimate model parameters (epsilon = 1.000)
1. Initial log-likelihood: -44802.818
Optimal log-likelihood: -44802.354
Proportion of invariable sites: 0.011
Gamma shape alpha: 1.081
Parameters optimization took 1 rounds (0.807 sec)
Time for fast ML tree search: 7.756 seconds

NOTE: ModelFinder requires 47 MB RAM!
ModelFinder will test up to 24 protein models (sample size: 618) ...
 No. Model         -LnL         df  AIC          AICc         BIC
  1  LG            47317.816    225 95085.633    95345.072    96081.593
  2  LG+I          47211.110    226 94874.220    95136.635    95874.607
  3  LG+G4         44807.218    226 90066.437    90328.851    91066.823
  4  LG+I+G4       44802.105    227 90058.210    90323.626    91063.023
  7  LG+F+G4       44808.470    245 90106.940    90430.972    91191.429
  8  LG+F+I+G4     44804.220    246 90100.439    90427.997    91189.355
 11  WAG+G4        44906.290    226 90264.581    90526.995    91264.967
 12  WAG+I+G4      44900.012    227 90254.024    90519.439    91258.836
 15  WAG+F+G4      44806.178    245 90102.357    90426.389    91186.847
 16  WAG+F+I+G4    44801.402    246 90094.803    90422.361    91183.719
 19  JTT+G4        45031.869    226 90515.738    90778.153    91516.125
 20  JTT+I+G4      45025.903    227 90505.805    90771.220    91510.618
 23  JTT+F+G4      44955.214    245 90400.429    90724.461    91484.918
 24  JTT+F+I+G4    44950.527    246 90393.055    90720.613    91481.971
Akaike Information Criterion:           LG+I+G4
Corrected Akaike Information Criterion: LG+I+G4
Bayesian Information Criterion:         LG+I+G4
Best-fit model: LG+I+G4 chosen according to BIC

All model information printed to results_broccoli_meto/alignments_prefiltering/OG_1758.iqtree.model.gz
CPU time for ModelFinder: 45.836 seconds (0h:0m:45s)
Wall-clock time for ModelFinder: 46.204 seconds (0h:0m:46s)
Generating 1000 samples for ultrafast bootstrap (seed: 107029)...

NOTE: 47 MB RAM (0 GB) is required!
Estimate model parameters (epsilon = 0.100)
Thoroughly optimizing +I+G parameters from 10 start values...
Init pinv, alpha: 0.000, 1.081 / Estimate: 0.000, 1.019 / LogL: -44807.164
Init pinv, alpha: 0.002, 1.081 / Estimate: 0.011, 1.078 / LogL: -44802.096
Init pinv, alpha: 0.005, 1.081 / Estimate: 0.011, 1.078 / LogL: -44802.098
Init pinv, alpha: 0.007, 1.081 / Estimate: 0.010, 1.077 / LogL: -44802.104
Init pinv, alpha: 0.009, 1.081 / Estimate: 0.011, 1.077 / LogL: -44802.104
Init pinv, alpha: 0.012, 1.081 / Estimate: 0.012, 1.082 / LogL: -44802.086
Init pinv, alpha: 0.014, 1.081 / Estimate: 0.012, 1.083 / LogL: -44802.085
Init pinv, alpha: 0.016, 1.081 / Estimate: 0.012, 1.084 / LogL: -44802.090
Init pinv, alpha: 0.019, 1.081 / Estimate: 0.012, 1.085 / LogL: -44802.096
Init pinv, alpha: 0.021, 1.081 / Estimate: 0.012, 1.083 / LogL: -44802.086
Optimal pinv,alpha: 0.012, 1.083 / LogL: -44802.085

Parameters optimization took 17.197 sec
Computing ML distances based on estimated model parameters...
Computing ML distances took 1.721022 sec (of wall-clock time) 1.714777 sec(of CPU time)
WARNING: Some pairwise ML distances are too long (saturated)
Computing RapidNJ tree took 0.001246 sec (of wall-clock time) 0.001326 sec (of CPU time)
Log-likelihood of RapidNJ tree: -46764.536
--------------------------------------------------------------------
|             INITIALIZING CANDIDATE TREE SET                      |
--------------------------------------------------------------------
Generating 98 parsimony trees... 6.675 second
Computing log-likelihood of 98 initial trees ... 24.997 seconds
Current best score: -44802.085

Do NNI search on 20 best initial trees
Estimate model parameters (epsilon = 0.100)
BETTER TREE FOUND at iteration 1: -44798.064
Estimate model parameters (epsilon = 0.100)
BETTER TREE FOUND at iteration 2: -44775.202
Estimate model parameters (epsilon = 0.100)
BETTER TREE FOUND at iteration 4: -44769.398
Estimate model parameters (epsilon = 0.100)
BETTER TREE FOUND at iteration 5: -44757.321
Iteration 10 / LogL: -44778.752 / Time: 0h:2m:4s
Estimate model parameters (epsilon = 0.100)
BETTER TREE FOUND at iteration 20: -44755.943
Iteration 20 / LogL: -44755.943 / Time: 0h:3m:17s
Finish initializing candidate tree set (20)
Current best tree score: -44755.943 / CPU time: 174.261
Number of iterations: 20
--------------------------------------------------------------------
|               OPTIMIZING CANDIDATE TREE SET                      |
--------------------------------------------------------------------
Estimate model parameters (epsilon = 0.100)
BETTER TREE FOUND at iteration 26: -44754.662
Iteration 30 / LogL: -44755.643 / Time: 0h:4m:29s (0h:30m:20s left)
Iteration 40 / LogL: -44760.983 / Time: 0h:5m:39s (0h:26m:59s left)
Iteration 50 / LogL: -44755.605 / Time: 0h:6m:56s (0h:24m:57s left)
Log-likelihood cutoff on original alignment: -44825.352
Iteration 60 / LogL: -44765.667 / Time: 0h:8m:12s (0h:23m:5s left)
Iteration 70 / LogL: -44754.732 / Time: 0h:9m:22s (0h:21m:11s left)
Iteration 80 / LogL: -44791.021 / Time: 0h:10m:34s (0h:19m:32s left)
Estimate model parameters (epsilon = 0.100)
BETTER TREE FOUND at iteration 84: -44753.946
Iteration 90 / LogL: -44755.155 / Time: 0h:11m:49s (0h:25m:46s left)
Iteration 100 / LogL: -44757.630 / Time: 0h:12m:55s (0h:24m:2s left)
Log-likelihood cutoff on original alignment: -44825.352
NOTE: Bootstrap correlation coefficient of split occurrence frequencies: 0.998
Iteration 110 / LogL: -44764.111 / Time: 0h:14m:11s (0h:22m:39s left)
Iteration 120 / LogL: -44781.859 / Time: 0h:15m:30s (0h:21m:22s left)
Iteration 130 / LogL: -44770.796 / Time: 0h:16m:42s (0h:19m:56s left)
Iteration 140 / LogL: -44789.489 / Time: 0h:17m:55s (0h:18m:33s left)
Iteration 150 / LogL: -44757.304 / Time: 0h:19m:14s (0h:17m:17s left)
Log-likelihood cutoff on original alignment: -44825.352
Iteration 160 / LogL: -44760.567 / Time: 0h:20m:27s (0h:15m:57s left)
Iteration 170 / LogL: -44756.060 / Time: 0h:21m:39s (0h:14m:36s left)
Iteration 180 / LogL: -44906.038 / Time: 0h:22m:54s (0h:13m:18s left)
Iteration 190 / LogL: -44769.342 / Time: 0h:24m:14s (0h:12m:3s left)
Iteration 200 / LogL: -44760.144 / Time: 0h:25m:32s (0h:10m:47s left)
Log-likelihood cutoff on original alignment: -44825.352
NOTE: Bootstrap correlation coefficient of split occurrence frequencies: 0.997
Iteration 210 / LogL: -44771.056 / Time: 0h:26m:52s (0h:11m:34s left)
Iteration 220 / LogL: -44770.677 / Time: 0h:28m:0s (0h:10m:13s left)
Iteration 230 / LogL: -44762.955 / Time: 0h:29m:13s (0h:8m:56s left)
Iteration 240 / LogL: -44756.805 / Time: 0h:30m:28s (0h:7m:39s left)
Iteration 250 / LogL: -44758.073 / Time: 0h:31m:41s (0h:6m:21s left)
Log-likelihood cutoff on original alignment: -44825.352
Iteration 260 / LogL: -44754.628 / Time: 0h:32m:53s (0h:5m:4s left)
Iteration 270 / LogL: -44754.917 / Time: 0h:34m:8s (0h:3m:48s left)
BETTER TREE FOUND at iteration 273: -44753.941
Estimate model parameters (epsilon = 0.100)
UPDATE BEST LOG-LIKELIHOOD: -44753.923
Iteration 280 / LogL: -44756.627 / Time: 0h:35m:18s (0h:24m:25s left)
Iteration 290 / LogL: -44755.373 / Time: 0h:36m:34s (0h:23m:9s left)
Iteration 300 / LogL: -44757.953 / Time: 0h:37m:51s (0h:21m:54s left)
Log-likelihood cutoff on original alignment: -44825.352
NOTE: Bootstrap correlation coefficient of split occurrence frequencies: 0.999
Iteration 310 / LogL: -44757.959 / Time: 0h:39m:0s (0h:20m:34s left)
Iteration 320 / LogL: -44758.179 / Time: 0h:40m:18s (0h:19m:20s left)
Iteration 330 / LogL: -44787.642 / Time: 0h:41m:32s (0h:18m:3s left)
Iteration 340 / LogL: -44755.003 / Time: 0h:42m:51s (0h:16m:48s left)
Iteration 350 / LogL: -44758.448 / Time: 0h:44m:8s (0h:15m:33s left)
Log-likelihood cutoff on original alignment: -44825.352
Iteration 360 / LogL: -44755.002 / Time: 0h:45m:24s (0h:14m:17s left)
Iteration 370 / LogL: -44844.181 / Time: 0h:46m:40s (0h:13m:1s left)
Iteration 380 / LogL: -44763.063 / Time: 0h:47m:55s (0h:11m:45s left)
Iteration 390 / LogL: -44794.584 / Time: 0h:49m:12s (0h:10m:29s left)
Iteration 400 / LogL: -44759.084 / Time: 0h:50m:27s (0h:9m:13s left)
Log-likelihood cutoff on original alignment: -44825.352
NOTE: Bootstrap correlation coefficient of split occurrence frequencies: 0.998
Iteration 410 / LogL: -44755.552 / Time: 0h:51m:41s (0h:11m:22s left)
Iteration 420 / LogL: -44754.662 / Time: 0h:53m:0s (0h:10m:7s left)
Iteration 430 / LogL: -44755.130 / Time: 0h:54m:23s (0h:8m:52s left)
Iteration 440 / LogL: -44761.708 / Time: 0h:55m:40s (0h:7m:36s left)
Iteration 450 / LogL: -44761.081 / Time: 0h:57m:0s (0h:6m:20s left)
Log-likelihood cutoff on original alignment: -44825.352
Iteration 460 / LogL: -44754.000 / Time: 0h:58m:20s (0h:5m:5s left)
Iteration 470 / LogL: -44754.788 / Time: 0h:59m:31s (0h:3m:48s left)
TREE SEARCH COMPLETED AFTER 474 ITERATIONS / Time: 0h:59m:58s

--------------------------------------------------------------------
|                    FINALIZING TREE SEARCH                        |
--------------------------------------------------------------------
Performs final model parameters optimization
Estimate model parameters (epsilon = 0.010)
1. Initial log-likelihood: -44753.923
Optimal log-likelihood: -44753.921
Proportion of invariable sites: 0.012
Gamma shape alpha: 1.106
Parameters optimization took 1 rounds (0.812 sec)
BEST SCORE FOUND : -44753.921
Creating bootstrap support values...
Split supports printed to NEXUS file results_broccoli_meto/alignments_prefiltering/OG_1758.iqtree.splits.nex
Total tree length: 42.393

Total number of iterations: 474
CPU time used for tree search: 3564.229 sec (0h:59m:24s)
Wall-clock time used for tree search: 3575.389 sec (0h:59m:35s)
Total CPU time used: 3588.743 sec (0h:59m:48s)
Total wall-clock time used: 3600.097 sec (1h:0m:0s)

Computing bootstrap consensus tree...
Reading input file results_broccoli_meto/alignments_prefiltering/OG_1758.iqtree.splits.nex...
114 taxa and 697 splits.
Consensus tree written to results_broccoli_meto/alignments_prefiltering/OG_1758.iqtree.contree
Reading input trees file results_broccoli_meto/alignments_prefiltering/OG_1758.iqtree.contree
Log-likelihood of consensus tree: -44754.723

Analysis results written to: 
  IQ-TREE report:                results_broccoli_meto/alignments_prefiltering/OG_1758.iqtree.iqtree
  Maximum-likelihood tree:       results_broccoli_meto/alignments_prefiltering/OG_1758.iqtree.treefile
  Likelihood distances:          results_broccoli_meto/alignments_prefiltering/OG_1758.iqtree.mldist

Ultrafast bootstrap approximation results written to:
  Split support values:          results_broccoli_meto/alignments_prefiltering/OG_1758.iqtree.splits.nex
  Consensus tree:                results_broccoli_meto/alignments_prefiltering/OG_1758.iqtree.contree
  Screen log file:               results_broccoli_meto/alignments_prefiltering/OG_1758.iqtree.log

Date and Time: Tue Dec 13 00:48:36 2022
