IQ-TREE multicore version 2.1.0 for Linux 64-bit built Jul 18 2020
Developed by Bui Quang Minh, James Barbetti, Nguyen Lam Tung,
Olga Chernomor, Heiko Schmidt, Dominik Schrempf, Michael Woodhams.

Host:    node-hp0313.linux.crg.es (AVX, 125 GB RAM)
Command: /users/asebe/xgraubove/Programes/iqtree-2.1.0-Linux/bin/iqtree2 -s results_broccoli_meto/alignments_prefiltering/OG_10836.lt.fasta -m TEST -mset LG,WAG,JTT -nt AUTO -ntmax 2 -bb 1000 -pre results_broccoli_meto/alignments_prefiltering/OG_10836.iqtree -nm 10000 -nstop 200 -cptime 1800
Seed:    220340 (Using SPRNG - Scalable Parallel Random Number Generator)
Time:    Mon Dec 12 13:34:42 2022
Kernel:  AVX - auto-detect threads (2 CPU cores detected)

Reading alignment file results_broccoli_meto/alignments_prefiltering/OG_10836.lt.fasta ... Fasta format detected
Alignment most likely contains protein sequences
Alignment has 70 sequences with 545 columns, 538 distinct patterns
496 parsimony-informative, 1 singleton sites, 48 constant sites
                                                                Gap/Ambiguity  Composition  p-value
   1  Gracom_Gcom_scaffold13418_01                                     80.00%    passed      9.74%
   2  Gracom_Gcom_scaffold13417_01                                     17.25%    passed     30.28%
   3  Lcom_lcpid81980                                                  42.02%    passed     45.61%
   4  Scil_scict002761.1                                                1.83%    failed      3.53%
   5  Leuniv_Lniv_scaffold25833_01                                     40.18%    passed     30.52%
   6  Stycar_maker-SC_scaffold32286-snap-gene-0.8-mRNA-1               86.24%    passed     25.54%
   7  Tetwil_g11688.t1                                                  3.85%    passed     96.45%
   8  Emue_Em0005g1380a.t1                                              5.87%    passed     41.20%
   9  Spolac_c93568_g2_i1_m.9017c93568-g2                              45.87%    passed     97.58%
  10  Xestes_snap_masked-XT_scaffold115139-processed-gene-0.2-mRNA-1    5.32%    passed     63.62%
  11  Aque_Aqu2.1.28646_001                                             9.36%    passed     29.56%
  12  Halamb_c54648_g1_i2m.38816                                        5.87%    passed     59.19%
  13  Plespi_Pspi_scaffold8638_01                                      53.21%    passed     42.63%
  14  Nemnom_g13150.t1                                                  8.62%    passed     89.02%
  15  Dgig_XM_028543801.1                                               4.95%    passed     94.72%
  16  Morvir_scaffold7.g119.t1                                         34.50%    passed     98.83%
  17  Sanmal_Sma_005851-T1                                              9.17%    passed     94.20%
  18  Skow_XM_006824556.1                                               2.39%    passed     88.74%
  19  Clacor_Ccor_scaffold10866_01                                     52.48%    passed     39.24%
  20  Cgig_XM_034453746.1                                               1.65%    passed     25.60%
  21  Ctel_gnl_WGS_AMQN_CAPTEDRAFT_mRNA165435                          53.21%    passed     60.51%
  22  Xesp_009501-T1                                                    4.04%    passed     93.67%
  23  HoiH23_PlH23_004031-RA                                            9.36%    passed     75.83%
  24  HoiH06_mRNA1629                                                   9.36%    passed     63.71%
  25  HoiH04_mRNA10119                                                  9.72%    passed     94.48%
  26  HoiH11_mRNA5404                                                  10.09%    passed     92.64%
  27  TrH2_TrispH2_010135-RA                                            8.07%    passed     97.69%
  28  Tadh_TriadT49631                                                  8.07%    passed     98.00%
  29  Bralan_BLAG06000481_1                                             2.02%    passed     67.53%
  30  Ocar_g11052                                                      73.39%    passed     34.30%
  31  Opea_EP00118_Oscarella_pearsei_P009383                            9.54%    passed     61.07%
  32  Ocar_g11051                                                      62.57%    passed     58.06%
  33  Rhoesc_Res_005946-T1                                             11.74%    passed     83.87%
  34  Hsap_ENST00000309061                                              4.95%    failed      0.00%
  35  Nvec_v1g223715                                                   88.62%    passed     50.70%
  36  Nvec_v1g229208                                                    5.14%    passed     99.63%
  37  Fspp_ffun1.m4.20504.m1                                            2.02%    passed     15.98%
  38  Gasp_gasp1.m3.8839.m1                                             3.30%    passed     74.96%
  39  Adig_XM_015910623.1                                              68.99%    passed     90.43%
  40  Spis_XP_022806990_1                                               2.20%    passed     85.16%
  41  Pocdam_XM_027196607.1                                             2.02%    passed     86.69%
  42  Exapal_XM_021037443.2                                             4.40%    passed     99.00%
  43  Amil_Amillepora12413-RA                                          25.87%    passed     82.51%
  44  Chem_TCONS_00011794                                               7.52%    passed     26.25%
  45  Spur_XM_030990166.1                                               3.85%    passed     87.38%
  46  Acagra_model.g19823.t1.1.5d3b89cb                                 6.97%    passed     31.04%
  47  Vmul_sbMO502528                                                  80.55%    passed     56.02%
  48  Mlei_ML0011.g5.i1                                                10.64%    passed     68.64%
  49  Vmul_sbMO491781                                                  71.93%    passed     94.80%
  50  Bolinf_Binf_sb1208244                                            60.37%    passed     66.03%
  51  Beraby_Baby_sb346586                                             61.83%    passed     86.47%
  52  Beraby_Baby_sb346585                                             11.01%    passed     75.93%
  53  Bolinf_Binf_sb1183653                                            56.51%    passed     72.13%
  54  Mertsp_Mesp_sb566969                                             59.45%    passed     71.65%
  55  Lampan_Lpan_11674_01                                             65.69%    passed     82.59%
  56  Drygla_Dgla_sb278473                                             11.56%    passed     84.36%
  57  Vmul_SimC403776                                                  13.21%    passed     90.94%
  58  Coemet_Cmet_C605798_01                                           12.48%    passed     58.44%
  59  Pbac_sb2659496                                                    8.62%    passed     98.17%
  60  Horcal_Hcv1.av93.c4.g787.i1                                      10.28%    passed     95.66%
  61  Cscu_XM_023362131.1                                               6.79%    passed     86.53%
  62  Tcas_TC014592_001                                                17.06%    passed     81.13%
  63  Hvul_g29107_1                                                     7.89%    passed     26.85%
  64  Dpul_mRNA14845                                                    1.65%    passed     84.45%
  65  Stycar_maker-SC_scaffold32286-augustus-gene-0.7-mRNA-1           89.17%    passed     84.02%
  66  Plajan_Pjan_scaffold6977_01                                      20.00%    passed     86.61%
  67  Stycar_maker-SC_scaffold65994-augustus-gene-0.3-mRNA-1           59.45%    passed     82.87%
  68  Stycar_maker-SC_scaffold2295-augustus-gene-0.10-mRNA-1           45.32%    passed     87.95%
  69  Aque_Aqu2.1.12145_001                                            20.18%    passed     10.92%
  70  Mertsp_Mesp_sb566968                                             55.96%    passed     10.35%
WARNING: 19 sequences contain more than 50% gaps/ambiguity
****  TOTAL                                                            26.65%  2 sequences failed composition chi2 test (p-value<5%; df=19)


Create initial parsimony tree by phylogenetic likelihood library (PLL)... 0.032 seconds
Measuring multi-threading efficiency up to 2 CPU cores
Increase to 10 rounds for branch lengths
2 trees examined
Threads: 1 / Time: 2.008 sec / Speedup: 1.000 / Efficiency: 100% / LogL: -43769
Threads: 2 / Time: 1.047 sec / Speedup: 1.918 / Efficiency: 96% / LogL: -43769
BEST NUMBER OF THREADS: 2

Perform fast likelihood tree search using LG+I+G model...
Estimate model parameters (epsilon = 5.000)
Perform nearest neighbor interchange...
Estimate model parameters (epsilon = 1.000)
1. Initial log-likelihood: -33989.963
Optimal log-likelihood: -33989.784
Proportion of invariable sites: 0.081
Gamma shape alpha: 1.114
Parameters optimization took 1 rounds (0.203 sec)
Time for fast ML tree search: 1.872 seconds

NOTE: ModelFinder requires 26 MB RAM!
ModelFinder will test up to 24 protein models (sample size: 545) ...
 No. Model         -LnL         df  AIC          AICc         BIC
  1  LG            36238.230    137 72750.461    72843.365    73339.669
  2  LG+I          35628.158    138 71532.315    71626.808    72125.824
  3  LG+G4         34051.563    138 68379.126    68473.619    68972.634
  4  LG+I+G4       33989.767    139 68257.534    68353.633    68855.343
  8  LG+F+I+G4     33978.781    158 68273.562    68403.728    68953.087
 12  WAG+I+G4      34147.212    139 68572.423    68668.522    69170.233
 16  WAG+F+I+G4    34109.308    158 68534.617    68664.782    69214.141
 20  JTT+I+G4      34313.665    139 68905.329    69001.428    69503.139
 24  JTT+F+I+G4    34261.258    158 68838.516    68968.682    69518.040
Akaike Information Criterion:           LG+I+G4
Corrected Akaike Information Criterion: LG+I+G4
Bayesian Information Criterion:         LG+I+G4
Best-fit model: LG+I+G4 chosen according to BIC

All model information printed to results_broccoli_meto/alignments_prefiltering/OG_10836.iqtree.model.gz
CPU time for ModelFinder: 19.517 seconds (0h:0m:19s)
Wall-clock time for ModelFinder: 10.951 seconds (0h:0m:10s)
Generating 1000 samples for ultrafast bootstrap (seed: 220340)...

NOTE: 26 MB RAM (0 GB) is required!
Estimate model parameters (epsilon = 0.100)
Thoroughly optimizing +I+G parameters from 10 start values...
Init pinv, alpha: 0.000, 1.115 / Estimate: 0.000, 0.773 / LogL: -34051.507
Init pinv, alpha: 0.010, 1.115 / Estimate: 0.081, 1.110 / LogL: -33989.766
Init pinv, alpha: 0.020, 1.115 / Estimate: 0.081, 1.110 / LogL: -33989.766
Init pinv, alpha: 0.029, 1.115 / Estimate: 0.081, 1.111 / LogL: -33989.763
Init pinv, alpha: 0.039, 1.115 / Estimate: 0.081, 1.112 / LogL: -33989.762
Init pinv, alpha: 0.049, 1.115 / Estimate: 0.081, 1.113 / LogL: -33989.762
Init pinv, alpha: 0.059, 1.115 / Estimate: 0.081, 1.113 / LogL: -33989.765
Init pinv, alpha: 0.069, 1.115 / Estimate: 0.081, 1.115 / LogL: -33989.767
Init pinv, alpha: 0.078, 1.115 / Estimate: 0.081, 1.113 / LogL: -33989.764
Init pinv, alpha: 0.088, 1.115 / Estimate: 0.081, 1.112 / LogL: -33989.762
Optimal pinv,alpha: 0.081, 1.113 / LogL: -33989.762

Parameters optimization took 6.167 sec
Computing ML distances based on estimated model parameters...
Computing ML distances took 0.304137 sec (of wall-clock time) 0.605048 sec(of CPU time)
WARNING: Some pairwise ML distances are too long (saturated)
Computing RapidNJ tree took 0.001341 sec (of wall-clock time) 0.001367 sec (of CPU time)
Log-likelihood of RapidNJ tree: -34444.958
--------------------------------------------------------------------
|             INITIALIZING CANDIDATE TREE SET                      |
--------------------------------------------------------------------
Generating 98 parsimony trees... 3.035 second
Computing log-likelihood of 98 initial trees ... 10.943 seconds
Current best score: -33989.762

Do NNI search on 20 best initial trees
Estimate model parameters (epsilon = 0.100)
BETTER TREE FOUND at iteration 1: -33989.762
Estimate model parameters (epsilon = 0.100)
BETTER TREE FOUND at iteration 2: -33946.774
Estimate model parameters (epsilon = 0.100)
BETTER TREE FOUND at iteration 6: -33944.416
Iteration 10 / LogL: -33946.698 / Time: 0h:0m:56s
Iteration 20 / LogL: -33951.008 / Time: 0h:1m:34s
Finish initializing candidate tree set (18)
Current best tree score: -33944.416 / CPU time: 87.162
Number of iterations: 20
--------------------------------------------------------------------
|               OPTIMIZING CANDIDATE TREE SET                      |
--------------------------------------------------------------------
Iteration 30 / LogL: -33957.168 / Time: 0h:1m:48s (0h:10m:55s left)
Iteration 40 / LogL: -33944.849 / Time: 0h:2m:1s (0h:8m:35s left)
Estimate model parameters (epsilon = 0.100)
UPDATE BEST LOG-LIKELIHOOD: -33944.373
Iteration 50 / LogL: -33944.737 / Time: 0h:2m:14s (0h:7m:9s left)
Log-likelihood cutoff on original alignment: -34013.574
Iteration 60 / LogL: -33944.545 / Time: 0h:2m:29s (0h:6m:9s left)
Iteration 70 / LogL: -33944.777 / Time: 0h:2m:42s (0h:5m:19s left)
Iteration 80 / LogL: -33945.707 / Time: 0h:2m:55s (0h:4m:40s left)
Iteration 90 / LogL: -33945.903 / Time: 0h:3m:9s (0h:4m:6s left)
Iteration 100 / LogL: -33944.743 / Time: 0h:3m:22s (0h:3m:37s left)
Log-likelihood cutoff on original alignment: -34013.574
NOTE: Bootstrap correlation coefficient of split occurrence frequencies: 1.000
Iteration 110 / LogL: -33972.231 / Time: 0h:3m:36s (0h:3m:10s left)
Iteration 120 / LogL: -33952.800 / Time: 0h:3m:49s (0h:2m:45s left)
Iteration 130 / LogL: -33946.447 / Time: 0h:4m:2s (0h:2m:22s left)
Iteration 140 / LogL: -33966.452 / Time: 0h:4m:16s (0h:2m:1s left)
Iteration 150 / LogL: -33945.751 / Time: 0h:4m:30s (0h:1m:41s left)
Log-likelihood cutoff on original alignment: -34013.574
Iteration 160 / LogL: -33949.598 / Time: 0h:4m:44s (0h:1m:22s left)
Iteration 170 / LogL: -33944.453 / Time: 0h:4m:59s (0h:1m:3s left)
Iteration 180 / LogL: -33947.530 / Time: 0h:5m:12s (0h:0m:45s left)
Iteration 190 / LogL: -33945.554 / Time: 0h:5m:25s (0h:0m:27s left)
Iteration 200 / LogL: -33944.430 / Time: 0h:5m:39s (0h:0m:10s left)
Log-likelihood cutoff on original alignment: -34013.574
NOTE: Bootstrap correlation coefficient of split occurrence frequencies: 0.999
TREE SEARCH COMPLETED AFTER 207 ITERATIONS / Time: 0h:5m:49s

--------------------------------------------------------------------
|                    FINALIZING TREE SEARCH                        |
--------------------------------------------------------------------
Performs final model parameters optimization
Estimate model parameters (epsilon = 0.010)
1. Initial log-likelihood: -33944.373
Optimal log-likelihood: -33944.371
Proportion of invariable sites: 0.081
Gamma shape alpha: 1.105
Parameters optimization took 1 rounds (0.201 sec)
BEST SCORE FOUND : -33944.371
Creating bootstrap support values...
Split supports printed to NEXUS file results_broccoli_meto/alignments_prefiltering/OG_10836.iqtree.splits.nex
Total tree length: 32.169

Total number of iterations: 207
CPU time used for tree search: 594.256 sec (0h:9m:54s)
Wall-clock time used for tree search: 341.531 sec (0h:5m:41s)
Total CPU time used: 610.187 sec (0h:10m:10s)
Total wall-clock time used: 349.751 sec (0h:5m:49s)

Computing bootstrap consensus tree...
Reading input file results_broccoli_meto/alignments_prefiltering/OG_10836.iqtree.splits.nex...
70 taxa and 457 splits.
Consensus tree written to results_broccoli_meto/alignments_prefiltering/OG_10836.iqtree.contree
Reading input trees file results_broccoli_meto/alignments_prefiltering/OG_10836.iqtree.contree
Log-likelihood of consensus tree: -33944.772

Analysis results written to: 
  IQ-TREE report:                results_broccoli_meto/alignments_prefiltering/OG_10836.iqtree.iqtree
  Maximum-likelihood tree:       results_broccoli_meto/alignments_prefiltering/OG_10836.iqtree.treefile
  Likelihood distances:          results_broccoli_meto/alignments_prefiltering/OG_10836.iqtree.mldist

Ultrafast bootstrap approximation results written to:
  Split support values:          results_broccoli_meto/alignments_prefiltering/OG_10836.iqtree.splits.nex
  Consensus tree:                results_broccoli_meto/alignments_prefiltering/OG_10836.iqtree.contree
  Screen log file:               results_broccoli_meto/alignments_prefiltering/OG_10836.iqtree.log

Date and Time: Mon Dec 12 13:40:43 2022
