IQ-TREE multicore version 2.1.0 for Linux 64-bit built Jul 18 2020
Developed by Bui Quang Minh, James Barbetti, Nguyen Lam Tung,
Olga Chernomor, Heiko Schmidt, Dominik Schrempf, Michael Woodhams.

Host:    node-hp0203.linux.crg.es (AVX, 125 GB RAM)
Command: /users/asebe/xgraubove/Programes/iqtree-2.1.0-Linux/bin/iqtree2 -s results_broccoli_meto/alignments_prefiltering/OG_1910.lt.fasta -m TEST -mset LG,WAG,JTT -nt AUTO -ntmax 2 -bb 1000 -pre results_broccoli_meto/alignments_prefiltering/OG_1910.iqtree -nm 10000 -nstop 200 -cptime 1800
Seed:    953928 (Using SPRNG - Scalable Parallel Random Number Generator)
Time:    Tue Dec 13 00:44:16 2022
Kernel:  AVX - auto-detect threads (2 CPU cores detected)

Reading alignment file results_broccoli_meto/alignments_prefiltering/OG_1910.lt.fasta ... Fasta format detected
Alignment most likely contains protein sequences
Alignment has 81 sequences with 457 columns, 456 distinct patterns
438 parsimony-informative, 0 singleton sites, 19 constant sites
                                                        Gap/Ambiguity  Composition  p-value
   1  Lcom_lcpid67407                                           4.38%    passed     29.27%
   2  Gracom_Gcom_scaffold17697_01                             24.95%    passed     81.72%
   3  Leuniv_Lniv_C813534_01                                    4.81%    passed     47.75%
   4  Scil_scict000826.2                                        4.81%    passed     55.38%
   5  Fspp_ffun1.m4.1160.m1                                    27.13%    passed     51.30%
   6  Spis_XP_022805109_1                                       2.84%    passed     99.77%
   7  Pocdam_XM_027189361.1                                     2.84%    passed     96.87%
   8  Amil_Amillepora18506-RA                                   5.69%    passed     78.33%
   9  Adig_XM_015916316.1                                      20.13%    passed     70.82%
  10  Adig_XM_015893439.1                                      48.14%    passed     41.74%
  11  Gfas_gfas1.m1.17711.m1                                    2.84%    passed     93.86%
  12  Nvec_v1g228721                                            4.38%    passed     20.66%
  13  Nvec_v1g153772                                           89.06%    passed     34.59%
  14  Gasp_gasp1.m3.7826.m1                                    14.22%    passed     99.89%
  15  Morvir_scaffold562.g3.t3                                 29.10%    passed      7.91%
  16  Aaur_scaffold305.g27.t1                                  81.18%    passed     58.99%
  17  Rhoesc_Res_013371-T1                                      3.50%    passed     92.63%
  18  Nemnom_g9531.t1                                           3.94%    passed     73.43%
  19  Exapal_XM_021039453.2                                     9.41%    passed     94.90%
  20  Bralan_BLAG05001316_1                                     3.06%    passed     45.99%
  21  Hsap_ENST00000367137                                      5.03%    passed     76.41%
  22  Dgig_XM_028552240.1                                       2.63%    passed     60.03%
  23  Xesp_004372-T1                                            2.63%    passed     74.94%
  24  Hsap_ENST00000258538                                      2.84%    passed     52.01%
  25  Opea_EP00118_Oscarella_pearsei_P018090                   86.21%    passed     48.17%
  26  Opea_EP00118_Oscarella_pearsei_P018091                    3.94%    passed     84.43%
  27  Clacor_Ccor_scaffold11972_01                             12.25%    passed     91.48%
  28  Cscu_XM_023373470.1                                       8.53%    failed      2.54%
  29  Cscu_XM_023386133.1                                       7.88%    passed     75.05%
  30  Cscu_XM_023386136.1                                       2.63%    passed     13.68%
  31  Cgig_XM_011444815.3                                       3.28%    passed     99.16%
  32  Acagra_model.g7612.t1                                     5.03%    passed     81.05%
  33  Ctel_gnl_WGS_AMQN_CAPTEDRAFT_mRNA158449                   9.41%    passed     76.77%
  34  Skow_XM_002740507.2                                       2.19%    passed     89.51%
  35  Aque_Aqu2.1.40412_001                                     6.35%    passed     60.30%
  36  Dpul_mRNA8653                                            14.22%    passed     87.13%
  37  Spur_XM_030972434.1                                       0.88%    passed     79.58%
  38  Cscu_XM_023354681.1                                       4.81%    passed     89.44%
  39  Cscu_XM_023358831.1                                      67.61%    passed     99.75%
  40  Tetwil_g1382.t2                                          21.66%    passed     49.22%
  41  Stycar_maker-SC_scaffold5469-snap-gene-0.11-mRNA-1       70.24%    passed     53.33%
  42  Chem_TCONS_00068639                                       4.16%    passed     83.76%
  43  HoiH23_PlH23_000877-RA                                    9.41%    passed     65.70%
  44  Hhon_g04006.t1                                            9.63%    passed     73.53%
  45  HoiH04_mRNA14878                                         26.91%    passed     25.41%
  46  HoiH11_mRNA8492                                          12.04%    passed     83.81%
  47  TrH2_TrispH2_000028-RA                                    7.44%    passed     81.91%
  48  Tadh_TriadT19963                                         12.69%    passed     66.78%
  49  Plespi_Pspi_C610024_01                                    7.22%    passed     34.93%
  50  Tcas_TC010764_001                                         7.44%    passed     93.76%
  51  Tcas_TC031546_001                                         7.88%    passed     26.46%
  52  Cscu_XM_023386135.1                                      11.60%    passed      8.34%
  53  Stycar_maker-SC_scaffold9211-snap-gene-0.3-mRNA-1        81.18%    failed      0.01%
  54  Stycar_maker-SC_scaffold49254-snap-gene-0.3-mRNA-1       76.15%    failed      0.74%
  55  Spolac_c95098_g1_i1_m.10958c90291-g1                     60.61%    failed      0.32%
  56  Spolac_c95098_g1_i2_m.10961c90291-g1                     59.52%    failed      0.05%
  57  Hsap_ENST00000315891                                     11.60%    passed     50.46%
  58  Spolac_c90291_g1_i1_m.6228c90291-g1                      71.33%    passed     91.77%
  59  Spolac_c90291_g1_i2_m.6230c90291-g1                      77.24%    passed     66.10%
  60  Sanmal_Sma_009401-T1                                     30.85%    passed     61.35%
  61  Aaur_scaffold2894.g1.t1                                  37.20%    passed     71.78%
  62  Lcom_lcpid59254                                           7.88%    failed      0.24%
  63  Leuniv_Lniv_scaffold6491_01                               7.44%    passed     21.81%
  64  Gracom_Gcom_scaffold18869_01                             12.69%    passed      8.70%
  65  Scil_scict002728.1                                       10.50%    passed     54.62%
  66  Pbac_sb2654883                                           48.36%    passed     11.69%
  67  Horcal_Hcv1.av93.c2.g1232.i1                             18.38%    passed     56.06%
  68  Pbac_sb2658799                                           72.65%    passed     82.23%
  69  Drygla_Dgla_sb292158                                     16.63%    passed     61.20%
  70  Drygla_Dgla_sb292159                                     50.33%    failed      4.21%
  71  Lampan_Lpan_3867_01                                      16.19%    passed     73.80%
  72  Vmul_SimC402266                                          17.51%    passed     54.97%
  73  Coemet_Cmet_scaffold8947_01                              17.94%    passed     17.44%
  74  Eupdun_Edun_sb10627424                                   69.80%    passed     29.91%
  75  Clacor_Ccor_C526245_01                                   48.80%    passed     15.54%
  76  Pbac_sb2654884                                           75.71%    failed      0.00%
  77  Hvul_g22589_1                                            72.65%    failed      0.00%
  78  Xestes_maker-XT_scaffold2330-augustus-gene-0.12-mRNA-1   46.61%    passed     28.12%
  79  Tcas_TC001866_001                                         7.66%    passed     10.29%
  80  Stycar_maker-SC_scaffold130603-snap-gene-0.9-mRNA-1      84.68%    passed     74.70%
  81  Mlei_ML0821.g17.i1                                       76.81%    passed     22.02%
WARNING: 18 sequences contain more than 50% gaps/ambiguity
****  TOTAL                                                    26.27%  9 sequences failed composition chi2 test (p-value<5%; df=19)


Create initial parsimony tree by phylogenetic likelihood library (PLL)... 0.045 seconds
Measuring multi-threading efficiency up to 2 CPU cores
Increase to 10 rounds for branch lengths
3 trees examined
Threads: 1 / Time: 2.983 sec / Speedup: 1.000 / Efficiency: 100% / LogL: -45859
Threads: 2 / Time: 3.080 sec / Speedup: 0.969 / Efficiency: 48% / LogL: -45859
BEST NUMBER OF THREADS: 1

Perform fast likelihood tree search using LG+I+G model...
Estimate model parameters (epsilon = 5.000)
Perform nearest neighbor interchange...
Estimate model parameters (epsilon = 1.000)
1. Initial log-likelihood: -34470.123
Optimal log-likelihood: -34469.997
Proportion of invariable sites: 0.021
Gamma shape alpha: 0.765
Parameters optimization took 1 rounds (0.385 sec)
Time for fast ML tree search: 5.207 seconds

NOTE: ModelFinder requires 25 MB RAM!
ModelFinder will test up to 24 protein models (sample size: 457) ...
 No. Model         -LnL         df  AIC          AICc         BIC
  1  LG            36906.199    159 74130.398    74301.711    74786.223
  2  LG+I          36701.239    160 73722.477    73896.531    74382.427
  3  LG+G4         34475.104    160 69270.207    69444.261    69930.157
  4  LG+I+G4       34469.946    161 69261.893    69438.720    69925.967
  7  LG+F+G4       34468.533    179 69295.067    69527.702    70033.385
  8  LG+F+I+G4     34458.431    180 69276.862    69512.949    70019.305
 11  WAG+G4        34637.244    160 69594.487    69768.541    70254.437
 12  WAG+I+G4      34630.140    161 69582.280    69759.107    70246.354
 15  WAG+F+G4      34542.717    179 69443.435    69676.070    70181.753
 16  WAG+F+I+G4    34531.588    180 69423.176    69659.263    70165.619
 19  JTT+G4        34667.874    160 69655.748    69829.802    70315.697
 20  JTT+I+G4      34656.755    161 69635.510    69812.337    70299.584
 23  JTT+F+G4      34657.467    179 69672.933    69905.568    70411.251
 24  JTT+F+I+G4    34643.522    180 69647.044    69883.131    70389.487
Akaike Information Criterion:           LG+I+G4
Corrected Akaike Information Criterion: LG+I+G4
Bayesian Information Criterion:         LG+I+G4
Best-fit model: LG+I+G4 chosen according to BIC

All model information printed to results_broccoli_meto/alignments_prefiltering/OG_1910.iqtree.model.gz
CPU time for ModelFinder: 35.722 seconds (0h:0m:35s)
Wall-clock time for ModelFinder: 32.530 seconds (0h:0m:32s)
Generating 1000 samples for ultrafast bootstrap (seed: 953928)...

NOTE: 25 MB RAM (0 GB) is required!
Estimate model parameters (epsilon = 0.100)
Thoroughly optimizing +I+G parameters from 10 start values...
Init pinv, alpha: 0.000, 0.767 / Estimate: 0.000, 0.701 / LogL: -34475.074
Init pinv, alpha: 0.005, 0.767 / Estimate: 0.020, 0.764 / LogL: -34469.957
Init pinv, alpha: 0.009, 0.767 / Estimate: 0.020, 0.765 / LogL: -34469.955
Init pinv, alpha: 0.014, 0.767 / Estimate: 0.019, 0.762 / LogL: -34469.979
Init pinv, alpha: 0.018, 0.767 / Estimate: 0.020, 0.764 / LogL: -34469.958
Init pinv, alpha: 0.023, 0.767 / Estimate: 0.022, 0.769 / LogL: -34469.951
Init pinv, alpha: 0.028, 0.767 / Estimate: 0.022, 0.770 / LogL: -34469.956
Init pinv, alpha: 0.032, 0.767 / Estimate: 0.022, 0.769 / LogL: -34469.951
Init pinv, alpha: 0.037, 0.767 / Estimate: 0.022, 0.770 / LogL: -34469.956
Init pinv, alpha: 0.042, 0.767 / Estimate: 0.023, 0.770 / LogL: -34469.958
Optimal pinv,alpha: 0.022, 0.769 / LogL: -34469.951

Parameters optimization took 9.927 sec
Computing ML distances based on estimated model parameters...
Computing ML distances took 0.999490 sec (of wall-clock time) 0.998020 sec(of CPU time)
WARNING: Some pairwise ML distances are too long (saturated)
Computing RapidNJ tree took 0.000615 sec (of wall-clock time) 0.000645 sec (of CPU time)
Log-likelihood of RapidNJ tree: -34989.436
--------------------------------------------------------------------
|             INITIALIZING CANDIDATE TREE SET                      |
--------------------------------------------------------------------
Generating 98 parsimony trees... 3.447 second
Computing log-likelihood of 98 initial trees ... 11.719 seconds
Current best score: -34469.951

Do NNI search on 20 best initial trees
Estimate model parameters (epsilon = 0.100)
BETTER TREE FOUND at iteration 1: -34469.946
Estimate model parameters (epsilon = 0.100)
BETTER TREE FOUND at iteration 2: -34432.409
Estimate model parameters (epsilon = 0.100)
BETTER TREE FOUND at iteration 3: -34426.461
Estimate model parameters (epsilon = 0.100)
BETTER TREE FOUND at iteration 6: -34424.030
Iteration 10 / LogL: -34447.564 / Time: 0h:0m:55s
Iteration 20 / LogL: -34443.352 / Time: 0h:1m:24s
Finish initializing candidate tree set (20)
Current best tree score: -34424.030 / CPU time: 72.551
Number of iterations: 20
--------------------------------------------------------------------
|               OPTIMIZING CANDIDATE TREE SET                      |
--------------------------------------------------------------------
Estimate model parameters (epsilon = 0.100)
BETTER TREE FOUND at iteration 26: -34422.726
Iteration 30 / LogL: -34423.717 / Time: 0h:1m:57s (0h:13m:13s left)
Iteration 40 / LogL: -34424.083 / Time: 0h:2m:23s (0h:11m:24s left)
Iteration 50 / LogL: -34425.237 / Time: 0h:2m:51s (0h:10m:15s left)
Log-likelihood cutoff on original alignment: -34486.877
Estimate model parameters (epsilon = 0.100)
UPDATE BEST LOG-LIKELIHOOD: -34422.557
Estimate model parameters (epsilon = 0.100)
UPDATE BEST LOG-LIKELIHOOD: -34422.494
Iteration 60 / LogL: -34493.622 / Time: 0h:3m:19s (0h:9m:22s left)
Iteration 70 / LogL: -34425.143 / Time: 0h:3m:48s (0h:8m:36s left)
Iteration 80 / LogL: -34436.452 / Time: 0h:4m:18s (0h:7m:57s left)
Iteration 90 / LogL: -34422.785 / Time: 0h:4m:44s (0h:7m:15s left)
Iteration 100 / LogL: -34425.395 / Time: 0h:5m:13s (0h:6m:39s left)
Log-likelihood cutoff on original alignment: -34486.877
NOTE: Bootstrap correlation coefficient of split occurrence frequencies: 0.997
Iteration 110 / LogL: -34425.248 / Time: 0h:5m:43s (0h:6m:5s left)
Iteration 120 / LogL: -34425.698 / Time: 0h:6m:11s (0h:5m:30s left)
Iteration 130 / LogL: -34440.685 / Time: 0h:6m:38s (0h:4m:56s left)
Iteration 140 / LogL: -34427.115 / Time: 0h:7m:5s (0h:4m:23s left)
Iteration 150 / LogL: -34424.471 / Time: 0h:7m:34s (0h:3m:51s left)
Log-likelihood cutoff on original alignment: -34486.877
Iteration 160 / LogL: -34422.543 / Time: 0h:8m:3s (0h:3m:20s left)
Iteration 170 / LogL: -34424.172 / Time: 0h:8m:30s (0h:2m:49s left)
Iteration 180 / LogL: -34422.524 / Time: 0h:8m:59s (0h:2m:18s left)
Iteration 190 / LogL: -34422.642 / Time: 0h:9m:25s (0h:1m:47s left)
Iteration 200 / LogL: -34422.525 / Time: 0h:9m:55s (0h:1m:17s left)
Log-likelihood cutoff on original alignment: -34486.877
NOTE: Bootstrap correlation coefficient of split occurrence frequencies: 0.999
Iteration 210 / LogL: -34423.420 / Time: 0h:10m:23s (0h:4m:28s left)
Iteration 220 / LogL: -34423.826 / Time: 0h:10m:49s (0h:3m:57s left)
TREE SEARCH COMPLETED AFTER 227 ITERATIONS / Time: 0h:11m:16s

--------------------------------------------------------------------
|                    FINALIZING TREE SEARCH                        |
--------------------------------------------------------------------
Performs final model parameters optimization
Estimate model parameters (epsilon = 0.010)
1. Initial log-likelihood: -34422.494
Optimal log-likelihood: -34422.487
Proportion of invariable sites: 0.024
Gamma shape alpha: 0.801
Parameters optimization took 1 rounds (0.380 sec)
BEST SCORE FOUND : -34422.487
Creating bootstrap support values...
Split supports printed to NEXUS file results_broccoli_meto/alignments_prefiltering/OG_1910.iqtree.splits.nex
Total tree length: 55.058

Total number of iterations: 227
CPU time used for tree search: 662.759 sec (0h:11m:2s)
Wall-clock time used for tree search: 664.107 sec (0h:11m:4s)
Total CPU time used: 675.506 sec (0h:11m:15s)
Total wall-clock time used: 676.857 sec (0h:11m:16s)

Computing bootstrap consensus tree...
Reading input file results_broccoli_meto/alignments_prefiltering/OG_1910.iqtree.splits.nex...
81 taxa and 427 splits.
Consensus tree written to results_broccoli_meto/alignments_prefiltering/OG_1910.iqtree.contree
Reading input trees file results_broccoli_meto/alignments_prefiltering/OG_1910.iqtree.contree
Log-likelihood of consensus tree: -34422.486

Analysis results written to: 
  IQ-TREE report:                results_broccoli_meto/alignments_prefiltering/OG_1910.iqtree.iqtree
  Maximum-likelihood tree:       results_broccoli_meto/alignments_prefiltering/OG_1910.iqtree.treefile
  Likelihood distances:          results_broccoli_meto/alignments_prefiltering/OG_1910.iqtree.mldist

Ultrafast bootstrap approximation results written to:
  Split support values:          results_broccoli_meto/alignments_prefiltering/OG_1910.iqtree.splits.nex
  Consensus tree:                results_broccoli_meto/alignments_prefiltering/OG_1910.iqtree.contree
  Screen log file:               results_broccoli_meto/alignments_prefiltering/OG_1910.iqtree.log

Date and Time: Tue Dec 13 00:56:07 2022
