IQ-TREE multicore version 2.1.0 for Linux 64-bit built Jul 18 2020
Developed by Bui Quang Minh, James Barbetti, Nguyen Lam Tung,
Olga Chernomor, Heiko Schmidt, Dominik Schrempf, Michael Woodhams.

Host:    node-hp0415.linux.crg.es (AVX, 125 GB RAM)
Command: /users/asebe/xgraubove/Programes/iqtree-2.1.0-Linux/bin/iqtree2 -s results_broccoli_meto/alignments_prefiltering/OG_1176.lt.fasta -m TEST -mset LG,WAG,JTT -nt AUTO -ntmax 2 -bb 1000 -pre results_broccoli_meto/alignments_prefiltering/OG_1176.iqtree -nm 10000 -nstop 200 -cptime 1800
Seed:    888872 (Using SPRNG - Scalable Parallel Random Number Generator)
Time:    Mon Dec 12 14:34:16 2022
Kernel:  AVX - auto-detect threads (2 CPU cores detected)

Reading alignment file results_broccoli_meto/alignments_prefiltering/OG_1176.lt.fasta ... Fasta format detected
Alignment most likely contains protein sequences
Alignment has 75 sequences with 670 columns, 670 distinct patterns
660 parsimony-informative, 1 singleton sites, 9 constant sites
                                         Gap/Ambiguity  Composition  p-value
   1  Lcom_lcpid131608                          66.87%    passed     37.38%
   2  Lcom_lcpid48736                            5.07%    failed      2.19%
   3  Gracom_Gcom_scaffold18378_01              11.79%    passed     12.07%
   4  Leuniv_Lniv_scaffold15217_01              28.21%    failed      0.16%
   5  Scil_scict007130.1                         5.37%    passed     39.59%
   6  Clacor_Ccor_scaffold14637_01              24.18%    passed     61.10%
   7  Emue_Em0006g1000a.t1                      78.06%    passed     51.57%
   8  Spolac_c104034_g1_i2_m.37753c104034-g1     5.07%    failed      1.62%
   9  Tetwil_g9760.t2                           33.73%    passed     35.35%
  10  Aque_Aqu2.1.23744_001                      6.27%    passed      6.63%
  11  Halamb_c53478_g2_i1m.35624                11.04%    passed      9.38%
  12  Plespi_Pspi_C601730_01                    53.43%    failed      1.70%
  13  Cgig_XM_011434600.3                        2.84%    passed     91.98%
  14  Fspp_ffun1.m4.10010.m1                     7.16%    passed     46.14%
  15  Spis_XP_022788646_1                        2.69%    failed      1.85%
  16  Pocdam_XM_027203903.1                      5.82%    failed      1.47%
  17  Gasp_gasp1.m3.12945.m1                    15.97%    passed     78.52%
  18  Amil_Amillepora24536-RA                   16.42%    passed     33.05%
  19  Adig_XM_015910970.1                        2.24%    passed     54.76%
  20  Amil_Amillepora24543-RA                   27.16%    passed     61.82%
  21  Nvec_v1g244413                            24.78%    passed     50.70%
  22  Exapal_XM_021046965.2                      1.64%    passed     92.68%
  23  Sanmal_Sma_015110-T1                       0.90%    passed     54.03%
  24  Aaur_scaffold1369.g4.t1                    9.70%    passed     19.44%
  25  Nemnom_g17510.t1                           2.99%    failed      1.01%
  26  Rhoesc_Res_007227-T1                       1.49%    passed      6.35%
  27  Morvir_scaffold69.g15.t2                   2.54%    passed     52.10%
  28  Plajan_Pjan_C566694_01                     5.97%    passed      5.93%
  29  Ocar_g3908                                85.82%    passed     83.46%
  30  Chem_TCONS_00068621                        2.84%    passed     57.67%
  31  Dgig_XM_028545887.1                        4.93%    passed     85.78%
  32  Xesp_014685-T1                            53.58%    failed      1.27%
  33  Spur_XM_030978136.1                        2.84%    passed     40.08%
  34  Spur_XM_030978180.1                        2.84%    passed     36.43%
  35  Acagra_model.g6461.t1                      1.34%    passed     91.08%
  36  Bralan_BLAG13000251_1                      1.79%    passed     63.18%
  37  Skow_NM_001168136.1                       86.57%    passed     27.58%
  38  Skow_NM_001168136.1-2                     41.49%    passed     13.85%
  39  Opea_EP00118_Oscarella_pearsei_P018113    37.01%    passed     15.83%
  40  Ocar_g6725                                74.03%    passed     63.86%
  41  Ocar_g7617                                81.04%    failed      2.35%
  42  Opea_EP00118_Oscarella_pearsei_P002473    84.33%    passed     33.28%
  43  Hsap_ENST00000294785                       4.33%    failed      0.68%
  44  TrH2_TrispH2_001698-RA                     5.97%    passed     50.93%
  45  Tadh_TriadT55197                          11.04%    passed     60.66%
  46  HoiH06_mRNA8920                            3.43%    passed     56.69%
  47  Hhon_g06736.t1                             2.54%    passed     14.97%
  48  HoiH04_mRNA17781                           2.54%    passed     22.42%
  49  HoiH11_mRNA7672                            3.73%    passed     68.84%
  50  HoiH23_PlH23_004526-RA                    25.07%    passed     50.18%
  51  Cscu_XM_023353900.1                        4.33%    passed     35.42%
  52  Tcas_TC015142_001                          6.27%    passed     73.06%
  53  Dpul_mRNA29858                             5.97%    passed     91.72%
  54  Ctel_gnl_WGS_AMQN_CAPTEDRAFT_mRNA222879    1.94%    passed     67.40%
  55  Pbac_sb2655715                            17.76%    passed     17.21%
  56  Horcal_Hcv1.av93.c1.g664.i1               14.33%    passed     16.93%
  57  Mlei_ML1022.g19.i1                        12.99%    passed     20.60%
  58  Mertsp_Mesp_sb539578                      42.24%    passed     55.23%
  59  Bolinf_Binf_sb1216233                     57.16%    passed     19.82%
  60  Mertsp_Mesp_sb539579                      71.64%    passed     46.11%
  61  Drygla_Dgla_sb303776                      12.84%    passed     73.21%
  62  Drygla_Dgla_sb303778                      34.78%    passed     62.46%
  63  Bolinf_Binf_sb1216234                     57.91%    passed     63.49%
  64  Mertsp_Mesp_sb558017                      73.43%    passed     27.68%
  65  Lampan_Lpan_14573_01                      12.99%    failed      0.70%
  66  Vmul_Simscaffold10928_01                  13.13%    passed     55.89%
  67  Coemet_Cmet_scaffold22684_01              12.24%    passed     65.69%
  68  Coeast_Cast_sb779513                      70.75%    passed     56.84%
  69  Eupdun_Edun_sb10642719                    26.42%    passed     70.28%
  70  Opea_EP00118_Oscarella_pearsei_P018112    68.21%    passed     57.66%
  71  Opea_EP00118_Oscarella_pearsei_P018115    91.19%    passed     15.32%
  72  Plespi_Pspi_scaffold9494_01               75.97%    failed      1.62%
  73  Hvul_g10392_1                             53.13%    failed      1.05%
  74  Lcom_lcpid165908                          74.33%    passed      8.02%
  75  Hvul_g10391_1                             64.18%    passed     42.90%
WARNING: 20 sequences contain more than 50% gaps/ambiguity
****  TOTAL                                     27.40%  13 sequences failed composition chi2 test (p-value<5%; df=19)


Create initial parsimony tree by phylogenetic likelihood library (PLL)... 0.056 seconds
Measuring multi-threading efficiency up to 2 CPU cores
10 trees examined
Threads: 1 / Time: 2.078 sec / Speedup: 1.000 / Efficiency: 100% / LogL: -72156
Threads: 2 / Time: 1.414 sec / Speedup: 1.470 / Efficiency: 73% / LogL: -72156
BEST NUMBER OF THREADS: 2

Perform fast likelihood tree search using LG+I+G model...
Estimate model parameters (epsilon = 5.000)
Perform nearest neighbor interchange...
Estimate model parameters (epsilon = 1.000)
1. Initial log-likelihood: -54406.320
Optimal log-likelihood: -54406.093
Proportion of invariable sites: 0.013
Gamma shape alpha: 1.819
Parameters optimization took 1 rounds (0.283 sec)
Time for fast ML tree search: 3.732 seconds

NOTE: ModelFinder requires 34 MB RAM!
ModelFinder will test up to 24 protein models (sample size: 670) ...
 No. Model         -LnL         df  AIC          AICc         BIC
  1  LG            56066.398    147 112426.795   112510.152   113089.365
  2  LG+I          55891.384    148 112078.768   112163.421   112745.845
  3  LG+G4         54437.186    148 109170.372   109255.024   109837.449
  4  LG+I+G4       54406.059    149 109110.118   109196.080   109781.703
  8  LG+F+I+G4     54192.777    168 108721.554   108834.895   109478.777
 12  WAG+I+G4      54426.423    149 109150.847   109236.808   109822.431
 16  WAG+F+I+G4    54180.503    168 108697.006   108810.348   109454.229
 20  JTT+I+G4      54769.126    149 109836.252   109922.213   110507.836
 24  JTT+F+I+G4    54519.611    168 109375.223   109488.564   110132.445
Akaike Information Criterion:           WAG+F+I+G4
Corrected Akaike Information Criterion: WAG+F+I+G4
Bayesian Information Criterion:         WAG+F+I+G4
Best-fit model: WAG+F+I+G4 chosen according to BIC

All model information printed to results_broccoli_meto/alignments_prefiltering/OG_1176.iqtree.model.gz
CPU time for ModelFinder: 28.166 seconds (0h:0m:28s)
Wall-clock time for ModelFinder: 16.287 seconds (0h:0m:16s)
Generating 1000 samples for ultrafast bootstrap (seed: 888872)...

NOTE: 34 MB RAM (0 GB) is required!
Estimate model parameters (epsilon = 0.100)
Thoroughly optimizing +I+G parameters from 10 start values...
Init pinv, alpha: 0.000, 2.015 / Estimate: 0.012, 2.010 / LogL: -54180.509
Init pinv, alpha: 0.001, 2.015 / Estimate: 0.012, 2.011 / LogL: -54180.500
Init pinv, alpha: 0.003, 2.015 / Estimate: 0.012, 2.012 / LogL: -54180.498
Init pinv, alpha: 0.004, 2.015 / Estimate: 0.012, 2.013 / LogL: -54180.497
Init pinv, alpha: 0.006, 2.015 / Estimate: 0.012, 2.011 / LogL: -54180.499
Init pinv, alpha: 0.007, 2.015 / Estimate: 0.012, 2.012 / LogL: -54180.497
Init pinv, alpha: 0.009, 2.015 / Estimate: 0.012, 2.013 / LogL: -54180.496
Init pinv, alpha: 0.010, 2.015 / Estimate: 0.012, 2.012 / LogL: -54180.498
Init pinv, alpha: 0.012, 2.015 / Estimate: 0.012, 2.015 / LogL: -54180.497
Init pinv, alpha: 0.013, 2.015 / Estimate: 0.012, 2.019 / LogL: -54180.499
Optimal pinv,alpha: 0.012, 2.013 / LogL: -54180.496

Parameters optimization took 6.410 sec
Computing ML distances based on estimated model parameters...
Computing ML distances took 0.394773 sec (of wall-clock time) 0.785763 sec(of CPU time)
WARNING: Some pairwise ML distances are too long (saturated)
Computing RapidNJ tree took 0.001290 sec (of wall-clock time) 0.000336 sec (of CPU time)
Log-likelihood of RapidNJ tree: -54968.116
--------------------------------------------------------------------
|             INITIALIZING CANDIDATE TREE SET                      |
--------------------------------------------------------------------
Generating 98 parsimony trees... 4.492 second
Computing log-likelihood of 98 initial trees ... 8.660 seconds
Current best score: -54180.496

Do NNI search on 20 best initial trees
Estimate model parameters (epsilon = 0.100)
BETTER TREE FOUND at iteration 1: -54173.443
Estimate model parameters (epsilon = 0.100)
BETTER TREE FOUND at iteration 2: -54171.529
Iteration 10 / LogL: -54173.494 / Time: 0h:0m:38s
Estimate model parameters (epsilon = 0.100)
BETTER TREE FOUND at iteration 12: -54169.889
Iteration 20 / LogL: -54172.723 / Time: 0h:0m:58s
Finish initializing candidate tree set (12)
Current best tree score: -54169.889 / CPU time: 50.747
Number of iterations: 20
--------------------------------------------------------------------
|               OPTIMIZING CANDIDATE TREE SET                      |
--------------------------------------------------------------------
Estimate model parameters (epsilon = 0.100)
BETTER TREE FOUND at iteration 21: -54169.814
Iteration 30 / LogL: -54173.035 / Time: 0h:1m:19s (0h:8m:46s left)
Iteration 40 / LogL: -54171.238 / Time: 0h:1m:41s (0h:7m:50s left)
Iteration 50 / LogL: -54170.805 / Time: 0h:2m:2s (0h:7m:7s left)
Log-likelihood cutoff on original alignment: -54210.731
Iteration 60 / LogL: -54172.215 / Time: 0h:2m:22s (0h:6m:29s left)
Iteration 70 / LogL: -54170.191 / Time: 0h:2m:44s (0h:5m:59s left)
Iteration 80 / LogL: -54171.026 / Time: 0h:3m:5s (0h:5m:31s left)
Iteration 90 / LogL: -54170.071 / Time: 0h:3m:27s (0h:5m:5s left)
Iteration 100 / LogL: -54170.102 / Time: 0h:3m:58s (0h:4m:51s left)
Log-likelihood cutoff on original alignment: -54210.731
NOTE: Bootstrap correlation coefficient of split occurrence frequencies: 1.000
Iteration 110 / LogL: -54170.206 / Time: 0h:4m:30s (0h:4m:35s left)
Iteration 120 / LogL: -54171.698 / Time: 0h:4m:59s (0h:4m:14s left)
Iteration 130 / LogL: -54170.316 / Time: 0h:5m:31s (0h:3m:54s left)
Iteration 140 / LogL: -54170.238 / Time: 0h:5m:58s (0h:3m:28s left)
Iteration 150 / LogL: -54170.090 / Time: 0h:6m:24s (0h:3m:3s left)
Log-likelihood cutoff on original alignment: -54211.144
Iteration 160 / LogL: -54171.414 / Time: 0h:6m:58s (0h:2m:40s left)
Iteration 170 / LogL: -54170.449 / Time: 0h:7m:23s (0h:2m:13s left)
Iteration 180 / LogL: -54169.824 / Time: 0h:7m:49s (0h:1m:47s left)
Iteration 190 / LogL: -54171.241 / Time: 0h:8m:15s (0h:1m:21s left)
Iteration 200 / LogL: -54170.355 / Time: 0h:8m:42s (0h:0m:55s left)
Log-likelihood cutoff on original alignment: -54211.144
NOTE: Bootstrap correlation coefficient of split occurrence frequencies: 0.999
Iteration 210 / LogL: -54170.440 / Time: 0h:9m:11s (0h:3m:57s left)
Iteration 220 / LogL: -54170.316 / Time: 0h:9m:41s (0h:3m:32s left)
TREE SEARCH COMPLETED AFTER 222 ITERATIONS / Time: 0h:9m:45s

--------------------------------------------------------------------
|                    FINALIZING TREE SEARCH                        |
--------------------------------------------------------------------
Performs final model parameters optimization
Estimate model parameters (epsilon = 0.010)
1. Initial log-likelihood: -54169.814
Optimal log-likelihood: -54169.813
Proportion of invariable sites: 0.012
Gamma shape alpha: 2.014
Parameters optimization took 1 rounds (0.532 sec)
BEST SCORE FOUND : -54169.813
Creating bootstrap support values...
Split supports printed to NEXUS file results_broccoli_meto/alignments_prefiltering/OG_1176.iqtree.splits.nex
Total tree length: 37.545

Total number of iterations: 222
CPU time used for tree search: 994.680 sec (0h:16m:34s)
Wall-clock time used for tree search: 578.058 sec (0h:9m:38s)
Total CPU time used: 1010.976 sec (0h:16m:50s)
Total wall-clock time used: 586.715 sec (0h:9m:46s)

Computing bootstrap consensus tree...
Reading input file results_broccoli_meto/alignments_prefiltering/OG_1176.iqtree.splits.nex...
75 taxa and 315 splits.
Consensus tree written to results_broccoli_meto/alignments_prefiltering/OG_1176.iqtree.contree
Reading input trees file results_broccoli_meto/alignments_prefiltering/OG_1176.iqtree.contree
Log-likelihood of consensus tree: -54169.888

Analysis results written to: 
  IQ-TREE report:                results_broccoli_meto/alignments_prefiltering/OG_1176.iqtree.iqtree
  Maximum-likelihood tree:       results_broccoli_meto/alignments_prefiltering/OG_1176.iqtree.treefile
  Likelihood distances:          results_broccoli_meto/alignments_prefiltering/OG_1176.iqtree.mldist

Ultrafast bootstrap approximation results written to:
  Split support values:          results_broccoli_meto/alignments_prefiltering/OG_1176.iqtree.splits.nex
  Consensus tree:                results_broccoli_meto/alignments_prefiltering/OG_1176.iqtree.contree
  Screen log file:               results_broccoli_meto/alignments_prefiltering/OG_1176.iqtree.log

Date and Time: Mon Dec 12 14:44:21 2022
