IQ-TREE multicore version 2.1.0 for Linux 64-bit built Jul 18 2020
Developed by Bui Quang Minh, James Barbetti, Nguyen Lam Tung,
Olga Chernomor, Heiko Schmidt, Dominik Schrempf, Michael Woodhams.

Host:    node-hp0512.linux.crg.es (AVX, 125 GB RAM)
Command: /users/asebe/xgraubove/Programes/iqtree-2.1.0-Linux/bin/iqtree2 -s results_broccoli_meto/alignments_prefiltering/OG_17667.lt.fasta -m TEST -mset LG,WAG,JTT -nt AUTO -ntmax 2 -bb 1000 -pre results_broccoli_meto/alignments_prefiltering/OG_17667.iqtree -nm 10000 -nstop 200 -cptime 1800
Seed:    408773 (Using SPRNG - Scalable Parallel Random Number Generator)
Time:    Mon Dec 12 23:53:31 2022
Kernel:  AVX - auto-detect threads (2 CPU cores detected)

Reading alignment file results_broccoli_meto/alignments_prefiltering/OG_17667.lt.fasta ... Fasta format detected
Alignment most likely contains protein sequences
Alignment has 41 sequences with 271 columns, 271 distinct patterns
271 parsimony-informative, 0 singleton sites, 0 constant sites
                                                   Gap/Ambiguity  Composition  p-value
   1  Halamb_c46680_g1_i3m.21032                          32.47%    passed     79.80%
   2  Aque_Aqu2.1.33372_001                                5.54%    passed     79.22%
   3  Tetwil_g22938.t1                                     3.69%    passed     45.20%
   4  Stycar_maker-SC_scaffold7097-snap-gene-0.8-mRNA-1    5.90%    passed      7.13%
   5  Emue_Em0023g381a.t1                                  7.75%    passed      9.40%
   6  Plespi_Pspi_scaffold15294_01                        38.75%    passed     58.78%
   7  HoiH06_mRNA6312                                     37.64%    failed      3.38%
   8  HoiH23_PlH23_006350-RA                              37.64%    passed     10.53%
   9  HoiH04_mRNA3225                                     37.64%    passed     35.95%
  10  TrH2_TrispH2_005847-RA                               8.86%    passed     32.86%
  11  Tadh_TriadT56726                                    11.44%    passed     34.60%
  12  Acagra_model.g6694.t1.2.5d3b8538                    15.50%    passed     40.89%
  13  Acagra_model.g6694.t1                                3.32%    passed     77.08%
  14  Cgig_XM_034479267.1                                  3.32%    failed      0.37%
  15  Bralan_BLAG01000888_1                                2.95%    passed     79.95%
  16  Skow_XM_002733606.2                                  2.95%    passed     77.76%
  17  Ctel_gnl_WGS_AMQN_CAPTEDRAFT_mRNA221592              4.06%    passed     54.07%
  18  Hsap_ENST00000331573                                 1.48%    passed     85.66%
  19  Gasp_gasp1.m3.29039.m1                               0.74%    passed     20.21%
  20  Fspp_ffun1.m4.14621.m1                               0.37%    passed     62.00%
  21  Spis_XP_022788724_1                                  1.11%    passed     84.48%
  22  Pocdam_XM_027184632.1                                1.11%    passed     81.05%
  23  Amil_Amillepora19967-RA                             10.33%    passed     89.08%
  24  Adig_XM_015916717.1                                  0.37%    passed     85.57%
  25  Gfas_gfas1.m1.7952.m1                                7.75%    passed     96.67%
  26  Nvec_v1g202556                                       1.48%    passed     96.88%
  27  Exapal_XM_021039985.2                                1.85%    passed     97.84%
  28  Xesp_010529-T1                                       5.17%    passed     49.78%
  29  Dgig_XM_028555656.1                                  4.06%    passed     45.48%
  30  Cscu_XM_023386491.1                                  7.38%    passed     26.24%
  31  Spur_XM_030995115.1                                  2.95%    passed     24.79%
  32  Rhoesc_Res_008388-T1                                 0.37%    passed     54.32%
  33  Nemnom_g5992.t1                                      0.37%    passed     40.36%
  34  Sanmal_Sma_001343-T1                                 0.74%    passed     78.57%
  35  Hvul_g24608_1                                       10.33%    passed     14.55%
  36  Tcas_TC032171_001                                   21.40%    failed      1.48%
  37  Opea_EP00118_Oscarella_pearsei_P027602              17.71%    passed     99.49%
  38  Plajan_Pjan_C540122_01                              18.45%    passed     16.35%
  39  Lcom_lcpid115337                                    24.72%    failed      0.06%
  40  Lcom_lcpid5371                                       5.90%    failed      0.45%
  41  Scil_scict017534.1                                   7.01%    failed      0.44%
****  TOTAL                                               10.06%  6 sequences failed composition chi2 test (p-value<5%; df=19)


Create initial parsimony tree by phylogenetic likelihood library (PLL)... 0.012 seconds
Measuring multi-threading efficiency up to 2 CPU cores
Increase to 10 rounds for branch lengths
7 trees examined
Threads: 1 / Time: 2.065 sec / Speedup: 1.000 / Efficiency: 100% / LogL: -22493
Threads: 2 / Time: 1.052 sec / Speedup: 1.962 / Efficiency: 98% / LogL: -22493
BEST NUMBER OF THREADS: 2

Perform fast likelihood tree search using LG+G model...
Estimate model parameters (epsilon = 5.000)
Perform nearest neighbor interchange...
Estimate model parameters (epsilon = 1.000)
1. Initial log-likelihood: -17549.807
Optimal log-likelihood: -17549.645
Gamma shape alpha: 2.721
Parameters optimization took 1 rounds (0.050 sec)
Time for fast ML tree search: 0.585 seconds

NOTE: ModelFinder requires 8 MB RAM!
ModelFinder will test up to 12 protein models (sample size: 271) ...
 No. Model         -LnL         df  AIC          AICc         BIC
  1  LG            17804.157    79  35766.313    35832.491    36050.881
  2  LG+G4         17549.644    80  35259.288    35327.498    35547.457
  4  LG+F+G4       17446.346    99  35090.691    35206.481    35447.301
  6  WAG+G4        17590.399    80  35340.798    35409.008    35628.967
  8  WAG+F+G4      17493.905    99  35185.811    35301.600    35542.421
 10  JTT+G4        17596.070    80  35352.139    35420.350    35640.309
 12  JTT+F+G4      17479.516    99  35157.032    35272.821    35513.642
Akaike Information Criterion:           LG+F+G4
Corrected Akaike Information Criterion: LG+F+G4
Bayesian Information Criterion:         LG+F+G4
Best-fit model: LG+F+G4 chosen according to BIC

All model information printed to results_broccoli_meto/alignments_prefiltering/OG_17667.iqtree.model.gz
CPU time for ModelFinder: 7.956 seconds (0h:0m:7s)
Wall-clock time for ModelFinder: 5.053 seconds (0h:0m:5s)
Generating 1000 samples for ultrafast bootstrap (seed: 408773)...

NOTE: 8 MB RAM (0 GB) is required!
Estimate model parameters (epsilon = 0.100)
1. Initial log-likelihood: -17446.346
Optimal log-likelihood: -17446.340
Gamma shape alpha: 2.601
Parameters optimization took 1 rounds (0.049 sec)
Computing ML distances based on estimated model parameters...
Computing ML distances took 0.119279 sec (of wall-clock time) 0.236994 sec(of CPU time)
Computing RapidNJ tree took 0.000829 sec (of wall-clock time) 0.000000 sec (of CPU time)
Log-likelihood of RapidNJ tree: -17481.711
--------------------------------------------------------------------
|             INITIALIZING CANDIDATE TREE SET                      |
--------------------------------------------------------------------
Generating 98 parsimony trees... 0.936 second
Computing log-likelihood of 98 initial trees ... 1.763 seconds
Current best score: -17446.340

Do NNI search on 20 best initial trees
Estimate model parameters (epsilon = 0.100)
BETTER TREE FOUND at iteration 1: -17446.339
Estimate model parameters (epsilon = 0.100)
BETTER TREE FOUND at iteration 3: -17446.279
Iteration 10 / LogL: -17449.643 / Time: 0h:0m:6s
Iteration 20 / LogL: -17454.371 / Time: 0h:0m:11s
Finish initializing candidate tree set (10)
Current best tree score: -17446.279 / CPU time: 11.404
Number of iterations: 20
--------------------------------------------------------------------
|               OPTIMIZING CANDIDATE TREE SET                      |
--------------------------------------------------------------------
Iteration 30 / LogL: -17457.650 / Time: 0h:0m:15s (0h:1m:32s left)
Iteration 40 / LogL: -17446.656 / Time: 0h:0m:19s (0h:1m:20s left)
Iteration 50 / LogL: -17446.522 / Time: 0h:0m:23s (0h:1m:12s left)
Log-likelihood cutoff on original alignment: -17488.135
Iteration 60 / LogL: -17447.622 / Time: 0h:0m:26s (0h:1m:4s left)
Iteration 70 / LogL: -17447.326 / Time: 0h:0m:30s (0h:0m:59s left)
Iteration 80 / LogL: -17452.763 / Time: 0h:0m:34s (0h:0m:53s left)
Iteration 90 / LogL: -17447.651 / Time: 0h:0m:38s (0h:0m:48s left)
Iteration 100 / LogL: -17446.800 / Time: 0h:0m:42s (0h:0m:44s left)
Log-likelihood cutoff on original alignment: -17483.367
NOTE: Bootstrap correlation coefficient of split occurrence frequencies: 0.999
Iteration 110 / LogL: -17447.604 / Time: 0h:0m:46s (0h:0m:39s left)
Iteration 120 / LogL: -17452.124 / Time: 0h:0m:50s (0h:0m:34s left)
Iteration 130 / LogL: -17446.966 / Time: 0h:0m:54s (0h:0m:30s left)
Iteration 140 / LogL: -17447.263 / Time: 0h:0m:58s (0h:0m:26s left)
Iteration 150 / LogL: -17446.962 / Time: 0h:1m:1s (0h:0m:22s left)
Log-likelihood cutoff on original alignment: -17476.700
Iteration 160 / LogL: -17447.706 / Time: 0h:1m:6s (0h:0m:17s left)
Iteration 170 / LogL: -17446.369 / Time: 0h:1m:10s (0h:0m:13s left)
Iteration 180 / LogL: -17453.140 / Time: 0h:1m:13s (0h:0m:9s left)
Iteration 190 / LogL: -17446.414 / Time: 0h:1m:17s (0h:0m:5s left)
Iteration 200 / LogL: -17447.693 / Time: 0h:1m:20s (0h:0m:1s left)
Log-likelihood cutoff on original alignment: -17476.700
NOTE: Bootstrap correlation coefficient of split occurrence frequencies: 0.999
TREE SEARCH COMPLETED AFTER 204 ITERATIONS / Time: 0h:1m:22s

--------------------------------------------------------------------
|                    FINALIZING TREE SEARCH                        |
--------------------------------------------------------------------
Performs final model parameters optimization
Estimate model parameters (epsilon = 0.010)
1. Initial log-likelihood: -17446.279
Optimal log-likelihood: -17446.278
Gamma shape alpha: 2.598
Parameters optimization took 1 rounds (0.047 sec)
BEST SCORE FOUND : -17446.278
Creating bootstrap support values...
Split supports printed to NEXUS file results_broccoli_meto/alignments_prefiltering/OG_17667.iqtree.splits.nex
Total tree length: 32.721

Total number of iterations: 204
CPU time used for tree search: 161.848 sec (0h:2m:41s)
Wall-clock time used for tree search: 81.762 sec (0h:1m:21s)
Total CPU time used: 162.887 sec (0h:2m:42s)
Total wall-clock time used: 82.400 sec (0h:1m:22s)

Computing bootstrap consensus tree...
Reading input file results_broccoli_meto/alignments_prefiltering/OG_17667.iqtree.splits.nex...
41 taxa and 309 splits.
Consensus tree written to results_broccoli_meto/alignments_prefiltering/OG_17667.iqtree.contree
Reading input trees file results_broccoli_meto/alignments_prefiltering/OG_17667.iqtree.contree
Log-likelihood of consensus tree: -17446.340

Analysis results written to: 
  IQ-TREE report:                results_broccoli_meto/alignments_prefiltering/OG_17667.iqtree.iqtree
  Maximum-likelihood tree:       results_broccoli_meto/alignments_prefiltering/OG_17667.iqtree.treefile
  Likelihood distances:          results_broccoli_meto/alignments_prefiltering/OG_17667.iqtree.mldist

Ultrafast bootstrap approximation results written to:
  Split support values:          results_broccoli_meto/alignments_prefiltering/OG_17667.iqtree.splits.nex
  Consensus tree:                results_broccoli_meto/alignments_prefiltering/OG_17667.iqtree.contree
  Screen log file:               results_broccoli_meto/alignments_prefiltering/OG_17667.iqtree.log

Date and Time: Mon Dec 12 23:54:59 2022
