IQ-TREE multicore version 2.1.0 for Linux 64-bit built Jul 18 2020
Developed by Bui Quang Minh, James Barbetti, Nguyen Lam Tung,
Olga Chernomor, Heiko Schmidt, Dominik Schrempf, Michael Woodhams.

Host:    node-hp0515.linux.crg.es (AVX, 125 GB RAM)
Command: /users/asebe/xgraubove/Programes/iqtree-2.1.0-Linux/bin/iqtree2 -s results_broccoli_meto/alignments_prefiltering/OG_2385.lt.fasta -m TEST -mset LG,WAG,JTT -nt AUTO -ntmax 2 -bb 1000 -pre results_broccoli_meto/alignments_prefiltering/OG_2385.iqtree -nm 10000 -nstop 200 -cptime 1800
Seed:    310309 (Using SPRNG - Scalable Parallel Random Number Generator)
Time:    Tue Dec 13 02:30:53 2022
Kernel:  AVX - auto-detect threads (2 CPU cores detected)

Reading alignment file results_broccoli_meto/alignments_prefiltering/OG_2385.lt.fasta ... Fasta format detected
Alignment most likely contains protein sequences
Alignment has 39 sequences with 126 columns, 126 distinct patterns
122 parsimony-informative, 0 singleton sites, 4 constant sites
                                                                    Gap/Ambiguity  Composition  p-value
   1  Lcom_lcpid212516                                                     26.19%    passed     96.17%
   2  Lcom_lcpid90883                                                       3.97%    passed     98.16%
   3  Gracom_Gcom_C538188_01                                                2.38%    passed     92.59%
   4  Leuniv_Lniv_scaffold22562_01                                          2.38%    passed     98.14%
   5  Scil_scict000738.1                                                    2.38%    passed     81.34%
   6  Gasp_gasp1.m1b.26312.m1                                              44.44%    passed     87.66%
   7  Pocdam_XM_027182369.1                                                11.11%    passed     89.60%
   8  Amil_Amillepora29559-RA                                              38.89%    passed     95.89%
   9  Gfas_gfas1.m1.7469.m1                                                15.08%    passed     92.03%
  10  Nvec_NVE14415                                                        14.29%    passed     96.92%
  11  Exapal_XM_021046964.2                                                11.90%    passed     47.33%
  12  HoiH23_PlH23_010233-RA                                               19.05%    passed     81.44%
  13  TrH2_TrispH2_002046-RA                                               19.05%    passed     67.52%
  14  Tadh_TriadT8347                                                      26.19%    passed     72.79%
  15  Hhon_g00721.t1                                                       19.05%    passed     72.56%
  16  HoiH04_mRNA9284                                                      19.05%    passed     80.54%
  17  HoiH06_mRNA14607                                                     19.05%    passed     94.27%
  18  Spis_XP_022801773_1                                                  18.25%    passed     38.52%
  19  Bralan_BLAG14000880_1                                                17.46%    passed     91.53%
  20  Ctel_gnl_WGS_AMQN_CAPTEDRAFT_mRNA168421                               0.79%    passed     94.41%
  21  Skow_XM_002742231.2                                                  15.08%    passed     96.06%
  22  Spur_XM_011663888.2                                                  16.67%    passed     97.89%
  23  Dpul_mRNA28177                                                        0.79%    passed     98.31%
  24  Cscu_XM_023381742.1                                                   0.00%    passed     92.46%
  25  Skow_XM_002730712.2                                                   7.94%    passed     56.35%
  26  Tcas_TC010458_001                                                     1.59%    passed     98.34%
  27  Dgig_XM_028545751.1                                                   7.14%    passed     88.49%
  28  Xesp_014180-T1                                                        7.94%    passed     83.28%
  29  Morvir_scaffold146.g5.t1                                             11.11%    passed     99.34%
  30  Spur_XM_011677696.2                                                   9.52%    passed     93.33%
  31  Cgig_XM_034472894.1                                                   0.00%    passed     91.80%
  32  Cgig_XM_034475026.1                                                   0.00%    passed     59.72%
  33  Cgig_XM_034474359.1                                                  27.78%    passed     87.81%
  34  Hsap_ENST00000570569                                                 50.00%    passed     19.73%
  35  Hsap_ENST00000302422                                                 16.67%    passed     15.71%
  36  Plajan_Pjan_scaffold22836_01                                          1.59%    passed     39.81%
  37  Cscu_XM_023371990.1                                                   0.00%    failed      2.73%
  38  Acagra_model.g17247.t1                                               50.00%    passed     26.05%
  39  Xestes_augustus_masked-XT_scaffold189607-processed-gene-0.4-mRNA-1   15.87%    passed     64.34%
****  TOTAL                                                                14.63%  1 sequences failed composition chi2 test (p-value<5%; df=19)


Create initial parsimony tree by phylogenetic likelihood library (PLL)... 0.005 seconds
Measuring multi-threading efficiency up to 2 CPU cores
Increase to 10 rounds for branch lengths
15 trees examined
Threads: 1 / Time: 2.034 sec / Speedup: 1.000 / Efficiency: 100% / LogL: -7729
Threads: 2 / Time: 3.157 sec / Speedup: 0.644 / Efficiency: 32% / LogL: -7729
BEST NUMBER OF THREADS: 1

Perform fast likelihood tree search using LG+I+G model...
Estimate model parameters (epsilon = 5.000)
Perform nearest neighbor interchange...
Estimate model parameters (epsilon = 1.000)
1. Initial log-likelihood: -6198.260
Optimal log-likelihood: -6198.186
Proportion of invariable sites: 0.022
Gamma shape alpha: 1.962
Parameters optimization took 1 rounds (0.091 sec)
Time for fast ML tree search: 0.915 seconds

NOTE: ModelFinder requires 4 MB RAM!
ModelFinder will test up to 24 protein models (sample size: 126) ...
 No. Model         -LnL         df  AIC          AICc         BIC
  1  LG            6343.541     75  12837.081    13065.081    13049.802
  2  LG+I          6323.248     76  12798.496    13037.353    13014.053
  3  LG+G4         6200.717     76  12553.435    12792.292    12768.992
  4  LG+I+G4       6198.184     77  12550.368    12800.618    12768.761
  7  LG+F+G4       6187.080     95  12564.159    13172.159    12833.606
  8  LG+F+I+G4     6183.610     96  12559.221    13201.428    12831.504
 11  WAG+G4        6246.634     76  12645.267    12884.124    12860.825
 12  WAG+I+G4      6243.645     77  12641.290    12891.540    12859.684
 15  WAG+F+G4      6204.563     95  12599.125    13207.125    12868.572
 16  WAG+F+I+G4    6200.644     96  12593.287    13235.494    12865.570
 19  JTT+G4        6262.201     76  12676.402    12915.259    12891.959
 20  JTT+I+G4      6258.351     77  12670.702    12920.952    12889.096
 23  JTT+F+G4      6235.082     95  12660.163    13268.163    12929.610
 24  JTT+F+I+G4    6230.690     96  12653.379    13295.586    12925.662
Akaike Information Criterion:           LG+I+G4
Corrected Akaike Information Criterion: LG+G4
Bayesian Information Criterion:         LG+I+G4
Best-fit model: LG+I+G4 chosen according to BIC

All model information printed to results_broccoli_meto/alignments_prefiltering/OG_2385.iqtree.model.gz
CPU time for ModelFinder: 7.941 seconds (0h:0m:7s)
Wall-clock time for ModelFinder: 8.129 seconds (0h:0m:8s)
Generating 1000 samples for ultrafast bootstrap (seed: 310309)...

NOTE: 4 MB RAM (0 GB) is required!
Estimate model parameters (epsilon = 0.100)
Thoroughly optimizing +I+G parameters from 10 start values...
Init pinv, alpha: 0.000, 1.980 / Estimate: 0.000, 1.728 / LogL: -6200.709
Init pinv, alpha: 0.004, 1.980 / Estimate: 0.023, 1.975 / LogL: -6198.182
Init pinv, alpha: 0.007, 1.980 / Estimate: 0.022, 1.972 / LogL: -6198.184
Init pinv, alpha: 0.011, 1.980 / Estimate: 0.021, 1.966 / LogL: -6198.191
Init pinv, alpha: 0.014, 1.980 / Estimate: 0.022, 1.971 / LogL: -6198.184
Init pinv, alpha: 0.018, 1.980 / Estimate: 0.021, 1.966 / LogL: -6198.190
Init pinv, alpha: 0.021, 1.980 / Estimate: 0.023, 1.975 / LogL: -6198.181
Init pinv, alpha: 0.025, 1.980 / Estimate: 0.024, 1.985 / LogL: -6198.180
Init pinv, alpha: 0.028, 1.980 / Estimate: 0.024, 1.989 / LogL: -6198.183
Init pinv, alpha: 0.032, 1.980 / Estimate: 0.024, 1.983 / LogL: -6198.181
Optimal pinv,alpha: 0.024, 1.985 / LogL: -6198.180

Parameters optimization took 1.102 sec
Computing ML distances based on estimated model parameters...
Computing ML distances took 0.187482 sec (of wall-clock time) 0.186603 sec(of CPU time)
Computing RapidNJ tree took 0.000204 sec (of wall-clock time) 0.000199 sec (of CPU time)
Log-likelihood of RapidNJ tree: -6219.225
--------------------------------------------------------------------
|             INITIALIZING CANDIDATE TREE SET                      |
--------------------------------------------------------------------
Generating 98 parsimony trees... 0.448 second
Computing log-likelihood of 98 initial trees ... 1.529 seconds
Current best score: -6198.180

Do NNI search on 20 best initial trees
Estimate model parameters (epsilon = 0.100)
BETTER TREE FOUND at iteration 1: -6198.180
Estimate model parameters (epsilon = 0.100)
BETTER TREE FOUND at iteration 3: -6184.121
Iteration 10 / LogL: -6188.669 / Time: 0h:0m:7s
Iteration 20 / LogL: -6204.443 / Time: 0h:0m:11s
Finish initializing candidate tree set (16)
Current best tree score: -6184.121 / CPU time: 10.374
Number of iterations: 20
--------------------------------------------------------------------
|               OPTIMIZING CANDIDATE TREE SET                      |
--------------------------------------------------------------------
Estimate model parameters (epsilon = 0.100)
BETTER TREE FOUND at iteration 30: -6183.604
Iteration 30 / LogL: -6183.604 / Time: 0h:0m:16s (0h:1m:51s left)
Iteration 40 / LogL: -6184.956 / Time: 0h:0m:20s (0h:1m:39s left)
Iteration 50 / LogL: -6184.130 / Time: 0h:0m:23s (0h:1m:27s left)
Log-likelihood cutoff on original alignment: -6224.142
Estimate model parameters (epsilon = 0.100)
BETTER TREE FOUND at iteration 53: -6183.461
Iteration 60 / LogL: -6183.531 / Time: 0h:0m:27s (0h:1m:30s left)
BETTER TREE FOUND at iteration 61: -6183.452
Iteration 70 / LogL: -6195.254 / Time: 0h:0m:31s (0h:1m:27s left)
Estimate model parameters (epsilon = 0.100)
BETTER TREE FOUND at iteration 75: -6182.930
Iteration 80 / LogL: -6183.468 / Time: 0h:0m:36s (0h:1m:29s left)
UPDATE BEST LOG-LIKELIHOOD: -6182.928
Iteration 90 / LogL: -6184.890 / Time: 0h:0m:40s (0h:1m:23s left)
Iteration 100 / LogL: -6183.641 / Time: 0h:0m:44s (0h:1m:17s left)
Log-likelihood cutoff on original alignment: -6218.266
NOTE: Bootstrap correlation coefficient of split occurrence frequencies: 0.995
Iteration 110 / LogL: -6182.936 / Time: 0h:0m:48s (0h:1m:13s left)
Iteration 120 / LogL: -6183.459 / Time: 0h:0m:52s (0h:1m:8s left)
UPDATE BEST LOG-LIKELIHOOD: -6182.927
Iteration 130 / LogL: -6183.120 / Time: 0h:0m:56s (0h:1m:3s left)
Iteration 140 / LogL: -6183.862 / Time: 0h:1m:0s (0h:0m:58s left)
Iteration 150 / LogL: -6182.930 / Time: 0h:1m:4s (0h:0m:53s left)
Log-likelihood cutoff on original alignment: -6218.266
Iteration 160 / LogL: -6183.665 / Time: 0h:1m:8s (0h:0m:49s left)
UPDATE BEST LOG-LIKELIHOOD: -6182.926
Iteration 170 / LogL: -6184.102 / Time: 0h:1m:12s (0h:0m:45s left)
Iteration 180 / LogL: -6183.654 / Time: 0h:1m:17s (0h:0m:40s left)
Iteration 190 / LogL: -6185.440 / Time: 0h:1m:21s (0h:0m:36s left)
UPDATE BEST LOG-LIKELIHOOD: -6182.924
Iteration 200 / LogL: -6184.203 / Time: 0h:1m:25s (0h:0m:32s left)
Log-likelihood cutoff on original alignment: -6218.266
NOTE: Bootstrap correlation coefficient of split occurrence frequencies: 0.999
Iteration 210 / LogL: -6184.878 / Time: 0h:1m:29s (0h:0m:38s left)
Iteration 220 / LogL: -6184.430 / Time: 0h:1m:33s (0h:0m:34s left)
Iteration 230 / LogL: -6184.427 / Time: 0h:1m:37s (0h:0m:29s left)
Iteration 240 / LogL: -6182.928 / Time: 0h:1m:41s (0h:0m:25s left)
Iteration 250 / LogL: -6183.469 / Time: 0h:1m:45s (0h:0m:21s left)
Log-likelihood cutoff on original alignment: -6218.266
Iteration 260 / LogL: -6184.177 / Time: 0h:1m:49s (0h:0m:16s left)
Iteration 270 / LogL: -6182.932 / Time: 0h:1m:53s (0h:0m:12s left)
TREE SEARCH COMPLETED AFTER 276 ITERATIONS / Time: 0h:1m:56s

--------------------------------------------------------------------
|                    FINALIZING TREE SEARCH                        |
--------------------------------------------------------------------
Performs final model parameters optimization
Estimate model parameters (epsilon = 0.010)
1. Initial log-likelihood: -6182.924
Optimal log-likelihood: -6182.924
Proportion of invariable sites: 0.022
Gamma shape alpha: 1.959
Parameters optimization took 1 rounds (0.050 sec)
BEST SCORE FOUND : -6182.924
Creating bootstrap support values...
Split supports printed to NEXUS file results_broccoli_meto/alignments_prefiltering/OG_2385.iqtree.splits.nex
Total tree length: 22.883

Total number of iterations: 276
CPU time used for tree search: 114.065 sec (0h:1m:54s)
Wall-clock time used for tree search: 114.448 sec (0h:1m:54s)
Total CPU time used: 115.699 sec (0h:1m:55s)
Total wall-clock time used: 116.209 sec (0h:1m:56s)

Computing bootstrap consensus tree...
Reading input file results_broccoli_meto/alignments_prefiltering/OG_2385.iqtree.splits.nex...
39 taxa and 459 splits.
Consensus tree written to results_broccoli_meto/alignments_prefiltering/OG_2385.iqtree.contree
Reading input trees file results_broccoli_meto/alignments_prefiltering/OG_2385.iqtree.contree
Log-likelihood of consensus tree: -6184.569

Analysis results written to: 
  IQ-TREE report:                results_broccoli_meto/alignments_prefiltering/OG_2385.iqtree.iqtree
  Maximum-likelihood tree:       results_broccoli_meto/alignments_prefiltering/OG_2385.iqtree.treefile
  Likelihood distances:          results_broccoli_meto/alignments_prefiltering/OG_2385.iqtree.mldist

Ultrafast bootstrap approximation results written to:
  Split support values:          results_broccoli_meto/alignments_prefiltering/OG_2385.iqtree.splits.nex
  Consensus tree:                results_broccoli_meto/alignments_prefiltering/OG_2385.iqtree.contree
  Screen log file:               results_broccoli_meto/alignments_prefiltering/OG_2385.iqtree.log

Date and Time: Tue Dec 13 02:32:58 2022
