IQ-TREE multicore version 2.1.0 for Linux 64-bit built Jul 18 2020
Developed by Bui Quang Minh, James Barbetti, Nguyen Lam Tung,
Olga Chernomor, Heiko Schmidt, Dominik Schrempf, Michael Woodhams.

Host:    node-hp0310.linux.crg.es (AVX, 125 GB RAM)
Command: /users/asebe/xgraubove/Programes/iqtree-2.1.0-Linux/bin/iqtree2 -s results_broccoli_meto/alignments_prefiltering/OG_22476.lt.fasta -m TEST -mset LG,WAG,JTT -nt AUTO -ntmax 2 -bb 1000 -pre results_broccoli_meto/alignments_prefiltering/OG_22476.iqtree -nm 10000 -nstop 200 -cptime 1800
Seed:    120380 (Using SPRNG - Scalable Parallel Random Number Generator)
Time:    Tue Dec 13 01:56:42 2022
Kernel:  AVX - auto-detect threads (2 CPU cores detected)

Reading alignment file results_broccoli_meto/alignments_prefiltering/OG_22476.lt.fasta ... Fasta format detected
Alignment most likely contains protein sequences
Alignment has 74 sequences with 977 columns, 973 distinct patterns
939 parsimony-informative, 0 singleton sites, 38 constant sites
                                                        Gap/Ambiguity  Composition  p-value
   1  Lcom_lcpid229938                                         90.48%    passed     66.10%
   2  Eupdun_Edun_sb10649066                                   69.60%    passed     44.15%
   3  Horcal_Hcv1.av93.c8.g383.i1                               6.24%    passed     15.18%
   4  Pbac_sb2664534                                           24.46%    passed     36.26%
   5  Mertsp_Mesp_sb598049                                     20.47%    passed     31.32%
   6  Bolinf_Binf_sb1246356                                    27.23%    failed      1.89%
   7  Mertsp_Mesp_sb598050                                     64.59%    failed      3.49%
   8  Bolinf_Binf_sb1246357                                    52.92%    passed     17.04%
   9  Mertsp_Mesp_sb598051                                     74.51%    passed     30.84%
  10  Lampan_Lpan_11021_01                                      8.19%    passed     26.40%
  11  Coemet_Cmet_scaffold13500_01                             16.99%    passed     11.67%
  12  Vmul_SimC406906                                          10.95%    passed     26.19%
  13  Eupdun_Edun_sb10652328                                   48.62%    failed      0.00%
  14  Spur_XM_030979798.1                                       2.87%    failed      0.02%
  15  Aque_Aqu2.1.08640_001                                    37.97%    passed     92.05%
  16  Aque_Aqu2.1.22422_001                                    13.31%    passed     61.91%
  17  Aque_Aqu2.1.06020_001                                    74.41%    failed      0.00%
  18  Halamb_c49302_g2_i1m.25879                               21.29%    passed     96.32%
  19  Xestes_maker-XT_scaffold77686-augustus-gene-0.6-mRNA-1   20.06%    passed     78.84%
  20  Spolac_c104193_g3_i1_m.38751c104193-g3                   21.39%    passed     93.73%
  21  Spolac_c104193_g3_i4_m.38754c104193-g3                   32.34%    passed     41.86%
  22  Emue_Em0010g727a.t1                                       5.94%    failed      2.07%
  23  Stycar_maker-SC_scaffold26919-snap-gene-0.4-mRNA-1       76.05%    failed      4.84%
  24  Tetwil_g24702.t2                                         23.75%    passed     90.59%
  25  Stycar_maker-SC_scaffold3255-snap-gene-0.39-mRNA-1       66.53%    passed     28.63%
  26  Stycar_maker-SC_scaffold3255-snap-gene-0.38-mRNA-1       92.22%    passed     18.82%
  27  Plespi_Pspi_scaffold16048_01                             44.63%    failed      0.48%
  28  Sanmal_Sma_010905-T1                                     10.64%    passed     92.85%
  29  Aaur_scaffold56.g31.t1                                   42.37%    passed     14.30%
  30  Rhoesc_Res_000566-T1                                      7.98%    passed     38.71%
  31  Nemnom_g2443.t1                                          10.34%    passed     73.25%
  32  Hvul_g15383_1                                            47.59%    failed      1.83%
  33  Chem_TCONS_00007834                                      12.49%    failed      2.29%
  34  Cgig_XM_011431114.3                                       4.09%    passed     46.40%
  35  Lcom_lcpid190878                                         86.59%    passed     75.29%
  36  Acagra_model.g4210.t1                                     6.45%    passed     28.12%
  37  Ctel_gnl_WGS_AMQN_CAPTEDRAFT_mRNA176588                  38.38%    passed     20.99%
  38  Skow_XM_006824850.1                                      10.44%    passed      6.01%
  39  Cscu_XM_023360811.1                                      10.24%    passed     30.61%
  40  Dpul_mRNA2113                                            27.43%    passed      7.39%
  41  Nvec_v1g142809                                            9.11%    passed     68.94%
  42  Bralan_BLAG15000954_1                                     4.71%    failed      0.00%
  43  Morvir_scaffold531.g3.t1                                 74.51%    passed      6.58%
  44  Exapal_XM_028660372.1                                    12.38%    passed     87.43%
  45  Hsap_ENST00000504968                                      2.15%    passed      9.81%
  46  Hsap_ENST00000398844                                      6.04%    passed     40.98%
  47  Hhon_g05970.t1                                           14.53%    failed      3.69%
  48  HoiH04_mRNA9179                                          14.53%    failed      4.63%
  49  HoiH11_mRNA1581                                          25.90%    passed      8.99%
  50  HoiH06_mRNA3537                                          11.05%    passed     12.77%
  51  HoiH23_PlH23_003092-RA                                   11.05%    passed     29.91%
  52  TrH2_TrispH2_000267-RA                                   12.59%    failed      1.96%
  53  Tadh_TriadT29956                                         32.96%    failed      0.17%
  54  Fspp_ffun1.m4.21589.m1                                    6.76%    passed     52.93%
  55  Pocdam_XM_027189652.1                                     1.94%    passed     47.60%
  56  Spis_XP_022781304_1                                       1.84%    passed     65.13%
  57  Gfas_gfas1.m1.1682.m1                                    11.16%    passed     85.34%
  58  Gasp_gasp1.m3.24398.m1                                   23.44%    passed     12.18%
  59  Adig_XM_015902537.1                                       7.16%    passed     49.82%
  60  Amil_Amillepora06808-RA                                  13.51%    passed     61.93%
  61  Xesp_014553-T1                                           10.85%    passed     22.06%
  62  Dgig_XM_028545973.1                                       2.66%    failed      2.52%
  63  Tcas_TC007422_001                                         2.15%    failed      1.14%
  64  Opea_EP00118_Oscarella_pearsei_P002280                    9.31%    failed      1.48%
  65  Ocar_g1703                                               25.18%    passed      6.32%
  66  Plajan_Pjan_scaffold23456_01                             23.34%    passed      7.34%
  67  Clacor_Ccor_scaffold11607_01                             58.65%    passed     60.78%
  68  Lcom_lcpid26476                                           9.21%    failed      0.00%
  69  Gracom_Gcom_scaffold17827_01                             36.34%    failed      0.63%
  70  Leuniv_Lniv_scaffold24802_01                             43.09%    failed      4.09%
  71  Leuniv_Lniv_scaffold23042_01                             71.55%    failed      0.00%
  72  Morvir_scaffold531.g4.t2                                 78.61%    passed     12.70%
  73  Clacor_Ccor_scaffold13253_01                             68.07%    passed     30.96%
  74  Clacor_Ccor_C526165_01                                   73.18%    failed      0.60%
WARNING: 16 sequences contain more than 50% gaps/ambiguity
****  TOTAL                                                    29.36%  23 sequences failed composition chi2 test (p-value<5%; df=19)


Create initial parsimony tree by phylogenetic likelihood library (PLL)... 0.053 seconds
Measuring multi-threading efficiency up to 2 CPU cores
9 trees examined
Threads: 1 / Time: 2.125 sec / Speedup: 1.000 / Efficiency: 100% / LogL: -87455
Threads: 2 / Time: 1.077 sec / Speedup: 1.973 / Efficiency: 99% / LogL: -87455
BEST NUMBER OF THREADS: 2

Perform fast likelihood tree search using LG+I+G model...
Estimate model parameters (epsilon = 5.000)
Perform nearest neighbor interchange...
Estimate model parameters (epsilon = 1.000)
1. Initial log-likelihood: -58124.052
Optimal log-likelihood: -58123.391
Proportion of invariable sites: 0.030
Gamma shape alpha: 1.386
Parameters optimization took 1 rounds (0.353 sec)
Time for fast ML tree search: 3.270 seconds

NOTE: ModelFinder requires 49 MB RAM!
ModelFinder will test up to 24 protein models (sample size: 977) ...
 No. Model         -LnL         df  AIC          AICc         BIC
  1  LG            60211.801    145 120713.603   120764.553   121421.853
  2  LG+I          59874.613    146 120041.226   120092.942   120754.362
  3  LG+G4         58153.148    146 116598.296   116650.011   117311.431
  4  LG+I+G4       58123.275    147 116540.550   116593.038   117258.570
  8  LG+F+I+G4     57395.904    166 115123.808   115192.257   115934.633
 12  WAG+I+G4      58367.213    147 117028.425   117080.913   117746.445
 16  WAG+F+I+G4    57804.021    166 115940.041   116008.491   116750.866
 20  JTT+I+G4      58039.035    147 116372.071   116424.558   117090.090
 24  JTT+F+I+G4    57708.561    166 115749.122   115817.571   116559.947
Akaike Information Criterion:           LG+F+I+G4
Corrected Akaike Information Criterion: LG+F+I+G4
Bayesian Information Criterion:         LG+F+I+G4
Best-fit model: LG+F+I+G4 chosen according to BIC

All model information printed to results_broccoli_meto/alignments_prefiltering/OG_22476.iqtree.model.gz
CPU time for ModelFinder: 35.420 seconds (0h:0m:35s)
Wall-clock time for ModelFinder: 18.884 seconds (0h:0m:18s)
Generating 1000 samples for ultrafast bootstrap (seed: 120380)...

NOTE: 49 MB RAM (0 GB) is required!
Estimate model parameters (epsilon = 0.100)
Thoroughly optimizing +I+G parameters from 10 start values...
Init pinv, alpha: 0.000, 1.331 / Estimate: 0.030, 1.331 / LogL: -57395.904
Init pinv, alpha: 0.004, 1.331 / Estimate: 0.030, 1.331 / LogL: -57395.903
Init pinv, alpha: 0.009, 1.331 / Estimate: 0.030, 1.331 / LogL: -57395.907
Init pinv, alpha: 0.013, 1.331 / Estimate: 0.030, 1.331 / LogL: -57395.901
Init pinv, alpha: 0.017, 1.331 / Estimate: 0.030, 1.330 / LogL: -57395.903
Init pinv, alpha: 0.022, 1.331 / Estimate: 0.030, 1.331 / LogL: -57395.889
Init pinv, alpha: 0.026, 1.331 / Estimate: 0.030, 1.330 / LogL: -57395.887
Init pinv, alpha: 0.030, 1.331 / Estimate: 0.030, 1.330 / LogL: -57395.883
Init pinv, alpha: 0.035, 1.331 / Estimate: 0.031, 1.331 / LogL: -57395.876
Init pinv, alpha: 0.039, 1.331 / Estimate: 0.031, 1.332 / LogL: -57395.879
Optimal pinv,alpha: 0.031, 1.331 / LogL: -57395.876

Parameters optimization took 14.915 sec
Computing ML distances based on estimated model parameters...
Computing ML distances took 0.362744 sec (of wall-clock time) 0.723835 sec(of CPU time)
WARNING: Some pairwise ML distances are too long (saturated)
Computing RapidNJ tree took 0.000897 sec (of wall-clock time) 0.001775 sec (of CPU time)
Log-likelihood of RapidNJ tree: -58666.721
--------------------------------------------------------------------
|             INITIALIZING CANDIDATE TREE SET                      |
--------------------------------------------------------------------
Generating 98 parsimony trees... 4.976 second
Computing log-likelihood of 98 initial trees ... 10.996 seconds
Current best score: -57395.876

Do NNI search on 20 best initial trees
Estimate model parameters (epsilon = 0.100)
BETTER TREE FOUND at iteration 1: -57385.863
Estimate model parameters (epsilon = 0.100)
UPDATE BEST LOG-LIKELIHOOD: -57385.797
Iteration 10 / LogL: -57386.169 / Time: 0h:1m:1s
Estimate model parameters (epsilon = 0.100)
BETTER TREE FOUND at iteration 11: -57385.378
Iteration 20 / LogL: -57385.827 / Time: 0h:1m:28s
Finish initializing candidate tree set (3)
Current best tree score: -57385.378 / CPU time: 70.523
Number of iterations: 20
--------------------------------------------------------------------
|               OPTIMIZING CANDIDATE TREE SET                      |
--------------------------------------------------------------------
Iteration 30 / LogL: -57386.854 / Time: 0h:1m:58s (0h:12m:18s left)
Estimate model parameters (epsilon = 0.100)
BETTER TREE FOUND at iteration 36: -57385.262
Iteration 40 / LogL: -57387.349 / Time: 0h:2m:26s (0h:12m:14s left)
UPDATE BEST LOG-LIKELIHOOD: -57385.262
Iteration 50 / LogL: -57385.327 / Time: 0h:2m:54s (0h:11m:3s left)
Log-likelihood cutoff on original alignment: -57455.812
Iteration 60 / LogL: -57385.739 / Time: 0h:3m:27s (0h:10m:18s left)
Iteration 70 / LogL: -57393.749 / Time: 0h:3m:55s (0h:9m:25s left)
Iteration 80 / LogL: -57386.552 / Time: 0h:4m:24s (0h:8m:42s left)
Iteration 90 / LogL: -57385.727 / Time: 0h:4m:54s (0h:8m:3s left)
Iteration 100 / LogL: -57386.718 / Time: 0h:5m:20s (0h:7m:20s left)
Log-likelihood cutoff on original alignment: -57431.843
NOTE: Bootstrap correlation coefficient of split occurrence frequencies: 0.999
Iteration 110 / LogL: -57403.121 / Time: 0h:5m:49s (0h:6m:43s left)
Iteration 120 / LogL: -57387.561 / Time: 0h:6m:17s (0h:6m:8s left)
Iteration 130 / LogL: -57388.498 / Time: 0h:6m:45s (0h:5m:33s left)
Iteration 140 / LogL: -57386.672 / Time: 0h:7m:14s (0h:5m:0s left)
Iteration 150 / LogL: -57386.015 / Time: 0h:7m:40s (0h:4m:25s left)
Log-likelihood cutoff on original alignment: -57431.843
Iteration 160 / LogL: -57389.920 / Time: 0h:8m:8s (0h:3m:53s left)
Iteration 170 / LogL: -57385.305 / Time: 0h:8m:36s (0h:3m:21s left)
Iteration 180 / LogL: -57385.848 / Time: 0h:9m:6s (0h:2m:50s left)
Iteration 190 / LogL: -57385.733 / Time: 0h:9m:36s (0h:2m:20s left)
Iteration 200 / LogL: -57385.478 / Time: 0h:10m:2s (0h:1m:48s left)
Log-likelihood cutoff on original alignment: -57431.843
NOTE: Bootstrap correlation coefficient of split occurrence frequencies: 1.000
Iteration 210 / LogL: -57385.839 / Time: 0h:10m:29s (0h:4m:30s left)
Iteration 220 / LogL: -57389.660 / Time: 0h:10m:58s (0h:4m:0s left)
Iteration 230 / LogL: -57386.463 / Time: 0h:11m:26s (0h:3m:29s left)
TREE SEARCH COMPLETED AFTER 237 ITERATIONS / Time: 0h:11m:46s

--------------------------------------------------------------------
|                    FINALIZING TREE SEARCH                        |
--------------------------------------------------------------------
Performs final model parameters optimization
Estimate model parameters (epsilon = 0.010)
1. Initial log-likelihood: -57385.262
Optimal log-likelihood: -57385.254
Proportion of invariable sites: 0.030
Gamma shape alpha: 1.315
Parameters optimization took 1 rounds (0.351 sec)
BEST SCORE FOUND : -57385.254
Creating bootstrap support values...
Split supports printed to NEXUS file results_broccoli_meto/alignments_prefiltering/OG_22476.iqtree.splits.nex
Total tree length: 32.763

Total number of iterations: 237
CPU time used for tree search: 1367.931 sec (0h:22m:47s)
Wall-clock time used for tree search: 688.025 sec (0h:11m:28s)
Total CPU time used: 1405.043 sec (0h:23m:25s)
Total wall-clock time used: 706.797 sec (0h:11m:46s)

Computing bootstrap consensus tree...
Reading input file results_broccoli_meto/alignments_prefiltering/OG_22476.iqtree.splits.nex...
74 taxa and 288 splits.
Consensus tree written to results_broccoli_meto/alignments_prefiltering/OG_22476.iqtree.contree
Reading input trees file results_broccoli_meto/alignments_prefiltering/OG_22476.iqtree.contree
Log-likelihood of consensus tree: -57385.685

Analysis results written to: 
  IQ-TREE report:                results_broccoli_meto/alignments_prefiltering/OG_22476.iqtree.iqtree
  Maximum-likelihood tree:       results_broccoli_meto/alignments_prefiltering/OG_22476.iqtree.treefile
  Likelihood distances:          results_broccoli_meto/alignments_prefiltering/OG_22476.iqtree.mldist

Ultrafast bootstrap approximation results written to:
  Split support values:          results_broccoli_meto/alignments_prefiltering/OG_22476.iqtree.splits.nex
  Consensus tree:                results_broccoli_meto/alignments_prefiltering/OG_22476.iqtree.contree
  Screen log file:               results_broccoli_meto/alignments_prefiltering/OG_22476.iqtree.log

Date and Time: Tue Dec 13 02:08:49 2022
