IQ-TREE multicore version 2.1.0 for Linux 64-bit built Jul 18 2020
Developed by Bui Quang Minh, James Barbetti, Nguyen Lam Tung,
Olga Chernomor, Heiko Schmidt, Dominik Schrempf, Michael Woodhams.

Host:    node-hp0506.linux.crg.es (AVX, 125 GB RAM)
Command: /users/asebe/xgraubove/Programes/iqtree-2.1.0-Linux/bin/iqtree2 -s results_broccoli_meto/alignments_prefiltering/OG_25982.lt.fasta -m TEST -mset LG,WAG,JTT -nt AUTO -ntmax 2 -bb 1000 -pre results_broccoli_meto/alignments_prefiltering/OG_25982.iqtree -nm 10000 -nstop 200 -cptime 1800
Seed:    461508 (Using SPRNG - Scalable Parallel Random Number Generator)
Time:    Tue Dec 13 03:50:25 2022
Kernel:  AVX - auto-detect threads (2 CPU cores detected)

Reading alignment file results_broccoli_meto/alignments_prefiltering/OG_25982.lt.fasta ... Fasta format detected
Alignment most likely contains protein sequences
Alignment has 46 sequences with 96 columns, 72 distinct patterns
55 parsimony-informative, 0 singleton sites, 41 constant sites
                                                                    Gap/Ambiguity  Composition  p-value
   1  Aque_Aqu2.1.44247_001                                                 2.08%    passed     99.99%
   2  Halamb_c24963_g1_i1m.4616                                             0.00%    passed     99.96%
   3  Xestes_augustus_masked-XT_scaffold122172-processed-gene-0.2-mRNA-1    1.04%    passed    100.00%
   4  Stycar_maker-SC_scaffold1999-snap-gene-0.21-mRNA-1                    2.08%    passed    100.00%
   5  Tetwil_g22921.t1                                                      3.12%    passed     99.66%
   6  Spolac_c93423_g1_i1_m.8855c104361-g1                                  0.00%    passed     98.79%
   7  Ctel_gnl_WGS_AMQN_CAPTEDRAFT_mRNA149444                               2.08%    passed     99.96%
   8  Adig_XM_015902880.1                                                   2.08%    passed    100.00%
   9  Fspp_ffun1.m4.6660.m1                                                 2.08%    passed    100.00%
  10  Pocdam_XM_027198601.1                                                 2.08%    passed    100.00%
  11  Spis_XP_022789449_1                                                   2.08%    passed    100.00%
  12  Gasp_gasp1.m3.5050.m1                                                 6.25%    passed    100.00%
  13  Gfas_gfas1.m1.18404.m1                                                2.08%    passed    100.00%
  14  Nvec_v1g247177                                                       10.42%    passed    100.00%
  15  Exapal_XM_021053636.2                                                 1.04%    passed    100.00%
  16  Acagra_model.g18380.t1                                                1.04%    passed    100.00%
  17  Acagra_model.g18381.t1                                                1.04%    passed    100.00%
  18  Skow_XM_006813346.1                                                  10.42%    passed    100.00%
  19  Cscu_XM_023374215.1                                                   0.00%    passed     99.87%
  20  Cgig_XM_011454629.3                                                   1.04%    passed    100.00%
  21  Bralan_BLAG01000775_1                                                 4.17%    passed    100.00%
  22  Morvir_scaffold7.g49.t1                                               6.25%    passed    100.00%
  23  Dpul_mRNA29885                                                        0.00%    passed     99.97%
  24  Hsap_ENST00000342669                                                  2.08%    passed     99.80%
  25  Spur_XM_001178435.4                                                   2.08%    passed    100.00%
  26  Lcom_lcpid129789                                                      0.00%    passed    100.00%
  27  Rhoesc_Res_001491-T1                                                  3.12%    passed     99.99%
  28  Nemnom_g8877.t1                                                       3.12%    passed     99.99%
  29  Aaur_scaffold1504.g1.t1                                               3.12%    passed    100.00%
  30  Sanmal_Sma_026955-T1                                                  2.08%    passed     99.87%
  31  Dgig_XM_028562055.1                                                   9.38%    passed     99.91%
  32  Xesp_011765-T1                                                        0.00%    passed     95.93%
  33  Lcom_lcpid128496                                                      1.04%    passed    100.00%
  34  Tcas_TC012054_001                                                     2.08%    passed    100.00%
  35  Chem_TCONS_00018909                                                   3.12%    passed     99.85%
  36  Hvul_g32188_1                                                         2.08%    passed     99.98%
  37  TrH2_TrispH2_003233-RA                                                2.08%    passed    100.00%
  38  Tadh_TriadT57149                                                      2.08%    passed    100.00%
  39  HoiH06_mRNA6186                                                       2.08%    passed    100.00%
  40  HoiH23_PlH23_004986-RA                                               10.42%    passed     99.96%
  41  HoiH11_mRNA4321                                                       1.04%    passed     99.93%
  42  Hhon_g10648.t1                                                        1.04%    passed    100.00%
  43  Horcal_Hcv1.av93.c8.g73.i1                                            1.04%    passed     92.96%
  44  Pbac_sb2660203                                                        1.04%    passed     87.75%
  45  Opea_EP00118_Oscarella_pearsei_P024919                                0.00%    passed     98.13%
  46  Lcom_lcpid166731                                                      0.00%    passed     98.50%
****  TOTAL                                                                 2.54%  0 sequences failed composition chi2 test (p-value<5%; df=19)
NOTE: Nemnom_g8877.t1 is identical to Rhoesc_Res_001491-T1 but kept for subsequent analysis
NOTE: Tadh_TriadT57149 is identical to TrH2_TrispH2_003233-RA but kept for subsequent analysis


Create initial parsimony tree by phylogenetic likelihood library (PLL)... 0.003 seconds
Measuring multi-threading efficiency up to 2 CPU cores
Increase to 10 rounds for branch lengths
22 trees examined
Threads: 1 / Time: 2.088 sec / Speedup: 1.000 / Efficiency: 100% / LogL: -2748
Threads: 2 / Time: 1.294 sec / Speedup: 1.614 / Efficiency: 81% / LogL: -2748
BEST NUMBER OF THREADS: 2

Perform fast likelihood tree search using LG+I+G model...
Estimate model parameters (epsilon = 5.000)
Perform nearest neighbor interchange...
Estimate model parameters (epsilon = 1.000)
1. Initial log-likelihood: -1863.631
Optimal log-likelihood: -1863.605
Proportion of invariable sites: 0.221
Gamma shape alpha: 0.473
Parameters optimization took 1 rounds (0.022 sec)
Time for fast ML tree search: 0.271 seconds

NOTE: ModelFinder requires 2 MB RAM!
ModelFinder will test up to 24 protein models (sample size: 96) ...
 No. Model         -LnL         df  AIC          AICc         BIC
  1  LG            2056.323     89  4290.647     6960.647     4518.874
  2  LG+I          1956.203     90  4092.406     7368.406     4323.198
  3  LG+G4         1865.679     90  3911.358     7187.358     4142.149
  4  LG+I+G4       1863.585     91  3909.170     8095.170     4142.525
  7  LG+F+G4       1885.607     109 3989.214     27969.214    4268.728
  8  LG+F+I+G4     1883.546     110 3987.092     28407.092    4269.171
 11  WAG+G4        1880.799     90  3941.597     7217.597     4172.389
 12  WAG+I+G4      1879.626     91  3941.252     8127.252     4174.608
 15  WAG+F+G4      1913.202     109 4044.404     28024.404    4323.918
 16  WAG+F+I+G4    1911.644     110 4043.288     28463.288    4325.366
 19  JTT+G4        1877.947     90  3935.893     7211.893     4166.685
 20  JTT+I+G4      1876.292     91  3934.583     8120.583     4167.939
 23  JTT+F+G4      1902.242     109 4022.484     28002.484    4301.998
 24  JTT+F+I+G4    1899.835     110 4019.670     28439.670    4301.748
Akaike Information Criterion:           LG+I+G4
Corrected Akaike Information Criterion: LG
Bayesian Information Criterion:         LG+G4
Best-fit model: LG+G4 chosen according to BIC

All model information printed to results_broccoli_meto/alignments_prefiltering/OG_25982.iqtree.model.gz
CPU time for ModelFinder: 6.769 seconds (0h:0m:6s)
Wall-clock time for ModelFinder: 4.437 seconds (0h:0m:4s)
Generating 1000 samples for ultrafast bootstrap (seed: 461508)...

NOTE: 2 MB RAM (0 GB) is required!
Estimate model parameters (epsilon = 0.100)
1. Initial log-likelihood: -1865.679
Optimal log-likelihood: -1865.667
Gamma shape alpha: 0.301
Parameters optimization took 1 rounds (0.021 sec)
Computing ML distances based on estimated model parameters...
Computing ML distances took 0.136639 sec (of wall-clock time) 0.271417 sec(of CPU time)
Computing RapidNJ tree took 0.000592 sec (of wall-clock time) 0.000192 sec (of CPU time)
Log-likelihood of RapidNJ tree: -1918.418
--------------------------------------------------------------------
|             INITIALIZING CANDIDATE TREE SET                      |
--------------------------------------------------------------------
Generating 98 parsimony trees... 0.431 second
Computing log-likelihood of 98 initial trees ... 0.736 seconds
Current best score: -1865.667

Do NNI search on 20 best initial trees
Estimate model parameters (epsilon = 0.100)
BETTER TREE FOUND at iteration 1: -1865.576
Estimate model parameters (epsilon = 0.100)
BETTER TREE FOUND at iteration 2: -1859.923
Estimate model parameters (epsilon = 0.100)
BETTER TREE FOUND at iteration 7: -1859.805
Estimate model parameters (epsilon = 0.100)
BETTER TREE FOUND at iteration 8: -1858.606
Iteration 10 / LogL: -1862.727 / Time: 0h:0m:3s
Estimate model parameters (epsilon = 0.100)
BETTER TREE FOUND at iteration 17: -1857.051
Estimate model parameters (epsilon = 0.100)
BETTER TREE FOUND at iteration 20: -1856.696
Iteration 20 / LogL: -1856.696 / Time: 0h:0m:5s
Finish initializing candidate tree set (19)
Current best tree score: -1856.696 / CPU time: 5.473
Number of iterations: 20
--------------------------------------------------------------------
|               OPTIMIZING CANDIDATE TREE SET                      |
--------------------------------------------------------------------
Estimate model parameters (epsilon = 0.100)
BETTER TREE FOUND at iteration 25: -1855.325
Iteration 30 / LogL: -1865.060 / Time: 0h:0m:8s (0h:0m:56s left)
Estimate model parameters (epsilon = 0.100)
BETTER TREE FOUND at iteration 34: -1855.293
Estimate model parameters (epsilon = 0.100)
BETTER TREE FOUND at iteration 35: -1855.276
Iteration 40 / LogL: -1857.237 / Time: 0h:0m:11s (0h:0m:55s left)
Iteration 50 / LogL: -1855.340 / Time: 0h:0m:13s (0h:0m:50s left)
Log-likelihood cutoff on original alignment: -1896.756
Iteration 60 / LogL: -1855.277 / Time: 0h:0m:16s (0h:0m:47s left)
Iteration 70 / LogL: -1857.236 / Time: 0h:0m:18s (0h:0m:43s left)
Iteration 80 / LogL: -1857.132 / Time: 0h:0m:20s (0h:0m:40s left)
Iteration 90 / LogL: -1855.340 / Time: 0h:0m:23s (0h:0m:37s left)
UPDATE BEST LOG-LIKELIHOOD: -1855.276
Iteration 100 / LogL: -1856.675 / Time: 0h:0m:25s (0h:0m:34s left)
Log-likelihood cutoff on original alignment: -1896.756
NOTE: Bootstrap correlation coefficient of split occurrence frequencies: 0.997
Iteration 110 / LogL: -1855.292 / Time: 0h:0m:28s (0h:0m:32s left)
Iteration 120 / LogL: -1855.568 / Time: 0h:0m:30s (0h:0m:29s left)
Iteration 130 / LogL: -1855.345 / Time: 0h:0m:33s (0h:0m:27s left)
Iteration 140 / LogL: -1855.328 / Time: 0h:0m:35s (0h:0m:24s left)
Iteration 150 / LogL: -1855.331 / Time: 0h:0m:38s (0h:0m:21s left)
Log-likelihood cutoff on original alignment: -1896.756
Iteration 160 / LogL: -1855.342 / Time: 0h:0m:40s (0h:0m:19s left)
Iteration 170 / LogL: -1855.359 / Time: 0h:0m:43s (0h:0m:16s left)
Iteration 180 / LogL: -1863.293 / Time: 0h:0m:46s (0h:0m:14s left)
Iteration 190 / LogL: -1858.359 / Time: 0h:0m:48s (0h:0m:11s left)
Iteration 200 / LogL: -1857.857 / Time: 0h:0m:51s (0h:0m:9s left)
Log-likelihood cutoff on original alignment: -1897.274
NOTE: Bootstrap correlation coefficient of split occurrence frequencies: 0.999
Iteration 210 / LogL: -1855.323 / Time: 0h:0m:54s (0h:0m:23s left)
Iteration 220 / LogL: -1855.323 / Time: 0h:0m:56s (0h:0m:20s left)
Iteration 230 / LogL: -1855.301 / Time: 0h:0m:59s (0h:0m:18s left)
TREE SEARCH COMPLETED AFTER 236 ITERATIONS / Time: 0h:1m:0s

--------------------------------------------------------------------
|                    FINALIZING TREE SEARCH                        |
--------------------------------------------------------------------
Performs final model parameters optimization
Estimate model parameters (epsilon = 0.010)
1. Initial log-likelihood: -1855.276
Optimal log-likelihood: -1855.275
Gamma shape alpha: 0.308
Parameters optimization took 1 rounds (0.023 sec)
BEST SCORE FOUND : -1855.275
Creating bootstrap support values...
Split supports printed to NEXUS file results_broccoli_meto/alignments_prefiltering/OG_25982.iqtree.splits.nex
Total tree length: 7.346

Total number of iterations: 236
CPU time used for tree search: 118.516 sec (0h:1m:58s)
Wall-clock time used for tree search: 60.262 sec (0h:1m:0s)
Total CPU time used: 119.322 sec (0h:1m:59s)
Total wall-clock time used: 60.748 sec (0h:1m:0s)

Computing bootstrap consensus tree...
Reading input file results_broccoli_meto/alignments_prefiltering/OG_25982.iqtree.splits.nex...
46 taxa and 500 splits.
Consensus tree written to results_broccoli_meto/alignments_prefiltering/OG_25982.iqtree.contree
Reading input trees file results_broccoli_meto/alignments_prefiltering/OG_25982.iqtree.contree
Log-likelihood of consensus tree: -1855.324

Analysis results written to: 
  IQ-TREE report:                results_broccoli_meto/alignments_prefiltering/OG_25982.iqtree.iqtree
  Maximum-likelihood tree:       results_broccoli_meto/alignments_prefiltering/OG_25982.iqtree.treefile
  Likelihood distances:          results_broccoli_meto/alignments_prefiltering/OG_25982.iqtree.mldist

Ultrafast bootstrap approximation results written to:
  Split support values:          results_broccoli_meto/alignments_prefiltering/OG_25982.iqtree.splits.nex
  Consensus tree:                results_broccoli_meto/alignments_prefiltering/OG_25982.iqtree.contree
  Screen log file:               results_broccoli_meto/alignments_prefiltering/OG_25982.iqtree.log

Date and Time: Tue Dec 13 03:51:30 2022
