IQ-TREE multicore version 2.1.0 for Linux 64-bit built Jul 18 2020
Developed by Bui Quang Minh, James Barbetti, Nguyen Lam Tung,
Olga Chernomor, Heiko Schmidt, Dominik Schrempf, Michael Woodhams.

Host:    node-hp0513.linux.crg.es (AVX, 125 GB RAM)
Command: /users/asebe/xgraubove/Programes/iqtree-2.1.0-Linux/bin/iqtree2 -s results_broccoli_meto/alignments_prefiltering/OG_25831.lt.fasta -m TEST -mset LG,WAG,JTT -nt AUTO -ntmax 2 -bb 1000 -pre results_broccoli_meto/alignments_prefiltering/OG_25831.iqtree -nm 10000 -nstop 200 -cptime 1800
Seed:    856756 (Using SPRNG - Scalable Parallel Random Number Generator)
Time:    Tue Dec 13 03:38:06 2022
Kernel:  AVX - auto-detect threads (2 CPU cores detected)

Reading alignment file results_broccoli_meto/alignments_prefiltering/OG_25831.lt.fasta ... Fasta format detected
Alignment most likely contains protein sequences
Alignment has 62 sequences with 288 columns, 282 distinct patterns
258 parsimony-informative, 3 singleton sites, 27 constant sites
                                                    Gap/Ambiguity  Composition  p-value
   1  Mlei_ML1924.g2.i1                                    17.36%    passed     84.96%
   2  Bolinf_Binf_sb1240761                                45.83%    passed     90.26%
   3  Mertsp_Mesp_sb557663                                 29.51%    passed     97.26%
   4  Beraby_Baby_sb336155                                 17.36%    passed     68.25%
   5  Mertsp_Mesp_sb535858                                 54.86%    passed     30.04%
   6  Pbac_sb2646860                                       20.49%    passed     57.40%
   7  Horcal_Hcv1.av93.c10.g34.i1                          23.61%    passed     78.50%
   8  Pbac_sb2647735                                       87.85%    failed      0.46%
   9  Coemet_Cmet_scaffold11919_01                         22.57%    passed     84.77%
  10  Vmul_Simscaffold3417_01                              20.83%    passed     88.89%
  11  Lampan_Lpan_4729_01                                  15.62%    passed     28.72%
  12  Ocar_g4338                                            8.33%    passed     48.39%
  13  Opea_EP00118_Oscarella_pearsei_P027310                8.33%    passed     48.39%
  14  Plajan_Pjan_scaffold22223_01                         46.88%    passed     91.42%
  15  Gasp_gasp1.m3.26036.m1                                3.12%    passed     99.97%
  16  Fspp_ffun1.m4.1134.m1                                19.10%    passed     96.91%
  17  Spis_XP_022795874_1                                   3.12%    passed     99.90%
  18  Pocdam_XM_027204731.1                                 3.12%    passed     99.64%
  19  Gfas_gfas1.m1.14209.m1                               20.49%    passed     99.40%
  20  Amil_Amillepora06863-RA                               3.47%    passed     78.24%
  21  Adig_XM_015897513.1                                   3.47%    passed     83.50%
  22  Nvec_NVE11858                                        19.10%    passed     96.83%
  23  Nvec_v1g146969                                       19.10%    passed     97.89%
  24  Exapal_XM_021061845.2                                 5.56%    passed     97.00%
  25  Hvul_g20895_1                                        10.76%    passed     74.44%
  26  Aaur_scaffold1169.g7.t1                               1.39%    passed     55.57%
  27  Nemnom_g16217.t1                                      2.43%    passed     32.32%
  28  Rhoesc_Res_000124-T1                                  2.43%    passed     79.04%
  29  Morvir_scaffold471.g9.t1                             27.43%    passed     88.11%
  30  Sanmal_Sma_010726-T1                                  4.51%    passed     84.07%
  31  Chem_TCONS_00063069                                  10.76%    passed     84.38%
  32  Cgig_XM_011458301.3                                  13.89%    passed     83.31%
  33  Ctel_gnl_WGS_AMQN_CAPTEDRAFT_mRNA159789              32.99%    passed     51.02%
  34  Acagra_model.g13012.t1                                9.38%    passed     91.02%
  35  Dpul_mRNA22470                                       12.85%    passed     99.91%
  36  Bralan_BLAG06000711_1                                 3.82%    passed     58.33%
  37  HoiH06_mRNA3073                                       8.68%    passed     15.76%
  38  HoiH23_PlH23_006736-RA                                8.68%    passed     59.70%
  39  HoiH11_mRNA9532                                      13.89%    passed     63.41%
  40  Tadh_TriadT30261                                     29.51%    passed     91.20%
  41  TrH2_TrispH2_007064-RA                                6.25%    passed     63.65%
  42  HoiH04_mRNA16457                                     18.75%    passed     91.52%
  43  Spur_XM_793625.5                                      5.21%    passed     53.61%
  44  Tcas_TC008422_001                                    13.89%    passed     78.04%
  45  Dgig_XM_028544224.1                                   9.72%    passed     30.41%
  46  Hsap_ENST00000381334                                  6.60%    passed     14.44%
  47  Scil_scict005694.1                                   17.36%    passed     41.38%
  48  Gracom_Gcom_C522750_01                               44.79%    passed      5.47%
  49  Scil_scict012300.2                                    6.25%    passed     30.13%
  50  Leuniv_Lniv_C809632_01                               19.44%    failed      0.69%
  51  Gracom_Gcom_scaffold18341_01                         30.56%    failed      1.47%
  52  Lcom_lcpid105568                                     20.14%    passed     20.84%
  53  Cscu_XM_023362039.1                                  13.89%    passed     81.31%
  54  Cscu_XM_023367766.1                                  65.97%    passed     86.93%
  55  Plespi_Pspi_scaffold14842_01                         16.32%    passed     73.37%
  56  Spolac_c100622_g1_i2_m.23025c100622-g1                7.29%    passed     85.06%
  57  Emue_Em0022g246a.t1                                  29.51%    passed     60.03%
  58  Aque_Aqu2.1.23874_001                                 7.64%    passed     89.80%
  59  Xesp_014821-T1                                       10.76%    passed     27.28%
  60  Stycar_maker-SC_scaffold2809-snap-gene-0.13-mRNA-1   35.76%    passed      8.67%
  61  Tetwil_g8056.t2                                       7.99%    failed      2.82%
  62  Lcom_lcpid156286                                     37.15%    passed     93.38%
WARNING: 3 sequences contain more than 50% gaps/ambiguity
****  TOTAL                                                18.45%  4 sequences failed composition chi2 test (p-value<5%; df=19)
NOTE: Opea_EP00118_Oscarella_pearsei_P027310 is identical to Ocar_g4338 but kept for subsequent analysis


Create initial parsimony tree by phylogenetic likelihood library (PLL)... 0.016 seconds
Measuring multi-threading efficiency up to 2 CPU cores
Increase to 10 rounds for branch lengths
5 trees examined
Threads: 1 / Time: 2.261 sec / Speedup: 1.000 / Efficiency: 100% / LogL: -22911
Threads: 2 / Time: 1.196 sec / Speedup: 1.890 / Efficiency: 94% / LogL: -22911
BEST NUMBER OF THREADS: 2

Perform fast likelihood tree search using LG+I+G model...
Estimate model parameters (epsilon = 5.000)
Perform nearest neighbor interchange...
Estimate model parameters (epsilon = 1.000)
1. Initial log-likelihood: -16926.865
Optimal log-likelihood: -16926.823
Proportion of invariable sites: 0.083
Gamma shape alpha: 0.948
Parameters optimization took 1 rounds (0.093 sec)
Time for fast ML tree search: 0.945 seconds

NOTE: ModelFinder requires 12 MB RAM!
ModelFinder will test up to 24 protein models (sample size: 288) ...
 No. Model         -LnL         df  AIC          AICc         BIC
  1  LG            18411.705    121 37065.409    37243.265    37508.627
  2  LG+I          17985.747    122 36215.494    36397.385    36662.376
  3  LG+G4         16940.583    122 34125.165    34307.056    34572.046
  4  LG+I+G4       16926.829    123 34099.658    34285.658    34550.202
  8  LG+F+I+G4     16978.186    142 34240.372    34520.454    34760.512
 12  WAG+I+G4      17003.238    123 34252.476    34438.476    34703.020
 16  WAG+F+I+G4    17026.136    142 34336.273    34616.355    34856.413
 20  JTT+I+G4      17024.538    123 34295.075    34481.075    34745.619
 24  JTT+F+I+G4    17059.593    142 34403.186    34683.268    34923.326
Akaike Information Criterion:           LG+I+G4
Corrected Akaike Information Criterion: LG+I+G4
Bayesian Information Criterion:         LG+I+G4
Best-fit model: LG+I+G4 chosen according to BIC

All model information printed to results_broccoli_meto/alignments_prefiltering/OG_25831.iqtree.model.gz
CPU time for ModelFinder: 10.828 seconds (0h:0m:10s)
Wall-clock time for ModelFinder: 6.632 seconds (0h:0m:6s)
Generating 1000 samples for ultrafast bootstrap (seed: 856756)...

NOTE: 12 MB RAM (0 GB) is required!
Estimate model parameters (epsilon = 0.100)
Thoroughly optimizing +I+G parameters from 10 start values...
Init pinv, alpha: 0.000, 0.947 / Estimate: 0.000, 0.621 / LogL: -16940.581
Init pinv, alpha: 0.010, 0.947 / Estimate: 0.084, 0.948 / LogL: -16926.825
Init pinv, alpha: 0.021, 0.947 / Estimate: 0.083, 0.946 / LogL: -16926.833
Init pinv, alpha: 0.031, 0.947 / Estimate: 0.083, 0.948 / LogL: -16926.826
Init pinv, alpha: 0.042, 0.947 / Estimate: 0.083, 0.945 / LogL: -16926.833
Init pinv, alpha: 0.052, 0.947 / Estimate: 0.083, 0.948 / LogL: -16926.826
Init pinv, alpha: 0.062, 0.947 / Estimate: 0.083, 0.946 / LogL: -16926.828
Init pinv, alpha: 0.073, 0.947 / Estimate: 0.083, 0.948 / LogL: -16926.825
Init pinv, alpha: 0.083, 0.947 / Estimate: 0.084, 0.950 / LogL: -16926.822
Init pinv, alpha: 0.094, 0.947 / Estimate: 0.084, 0.953 / LogL: -16926.822
Optimal pinv,alpha: 0.084, 0.950 / LogL: -16926.822

Parameters optimization took 4.191 sec
Computing ML distances based on estimated model parameters...
Computing ML distances took 0.253732 sec (of wall-clock time) 0.506547 sec(of CPU time)
WARNING: Some pairwise ML distances are too long (saturated)
Computing RapidNJ tree took 0.000912 sec (of wall-clock time) 0.000813 sec (of CPU time)
Log-likelihood of RapidNJ tree: -17189.098
--------------------------------------------------------------------
|             INITIALIZING CANDIDATE TREE SET                      |
--------------------------------------------------------------------
Generating 98 parsimony trees... 1.774 second
Computing log-likelihood of 98 initial trees ... 2.972 seconds
Current best score: -16926.822

Do NNI search on 20 best initial trees
Estimate model parameters (epsilon = 0.100)
BETTER TREE FOUND at iteration 1: -16926.821
Estimate model parameters (epsilon = 0.100)
BETTER TREE FOUND at iteration 4: -16926.064
Iteration 10 / LogL: -16927.261 / Time: 0h:0m:15s
Iteration 20 / LogL: -16933.590 / Time: 0h:0m:21s
Finish initializing candidate tree set (18)
Current best tree score: -16926.064 / CPU time: 16.326
Number of iterations: 20
--------------------------------------------------------------------
|               OPTIMIZING CANDIDATE TREE SET                      |
--------------------------------------------------------------------
Estimate model parameters (epsilon = 0.100)
BETTER TREE FOUND at iteration 22: -16923.556
Iteration 30 / LogL: -16925.722 / Time: 0h:0m:27s (0h:3m:2s left)
Estimate model parameters (epsilon = 0.100)
BETTER TREE FOUND at iteration 33: -16922.617
Iteration 40 / LogL: -16925.523 / Time: 0h:0m:33s (0h:2m:46s left)
Iteration 50 / LogL: -16923.615 / Time: 0h:0m:39s (0h:2m:29s left)
Log-likelihood cutoff on original alignment: -16979.550
Estimate model parameters (epsilon = 0.100)
BETTER TREE FOUND at iteration 56: -16921.197
Iteration 60 / LogL: -16924.401 / Time: 0h:0m:46s (0h:2m:35s left)
Iteration 70 / LogL: -16922.270 / Time: 0h:0m:53s (0h:2m:25s left)
Iteration 80 / LogL: -16922.030 / Time: 0h:1m:0s (0h:2m:13s left)
Iteration 90 / LogL: -16929.061 / Time: 0h:1m:6s (0h:2m:3s left)
Iteration 100 / LogL: -16922.805 / Time: 0h:1m:13s (0h:1m:55s left)
Log-likelihood cutoff on original alignment: -16979.550
NOTE: Bootstrap correlation coefficient of split occurrence frequencies: 0.982
NOTE: UFBoot does not converge, continue at least 100 more iterations
Iteration 110 / LogL: -16923.640 / Time: 0h:1m:19s (0h:1m:46s left)
Iteration 120 / LogL: -16929.450 / Time: 0h:1m:27s (0h:1m:39s left)
Iteration 130 / LogL: -16921.681 / Time: 0h:1m:34s (0h:1m:32s left)
Iteration 140 / LogL: -16924.017 / Time: 0h:1m:40s (0h:1m:23s left)
Iteration 150 / LogL: -16982.100 / Time: 0h:1m:45s (0h:1m:15s left)
Log-likelihood cutoff on original alignment: -16979.550
Iteration 160 / LogL: -16922.260 / Time: 0h:1m:52s (0h:1m:8s left)
Iteration 170 / LogL: -16921.704 / Time: 0h:1m:58s (0h:1m:0s left)
Iteration 180 / LogL: -16924.815 / Time: 0h:2m:5s (0h:0m:53s left)
Iteration 190 / LogL: -16923.867 / Time: 0h:2m:11s (0h:0m:45s left)
Iteration 200 / LogL: -16921.530 / Time: 0h:2m:18s (0h:0m:38s left)
Log-likelihood cutoff on original alignment: -16979.550
NOTE: Bootstrap correlation coefficient of split occurrence frequencies: 0.997
Iteration 210 / LogL: -16923.497 / Time: 0h:2m:24s (0h:1m:2s left)
Iteration 220 / LogL: -16921.364 / Time: 0h:2m:31s (0h:0m:55s left)
Iteration 230 / LogL: -16921.675 / Time: 0h:2m:36s (0h:0m:47s left)
Iteration 240 / LogL: -16921.507 / Time: 0h:2m:43s (0h:0m:41s left)
Iteration 250 / LogL: -16921.522 / Time: 0h:2m:49s (0h:0m:34s left)
Log-likelihood cutoff on original alignment: -16979.550
TREE SEARCH COMPLETED AFTER 257 ITERATIONS / Time: 0h:2m:54s

--------------------------------------------------------------------
|                    FINALIZING TREE SEARCH                        |
--------------------------------------------------------------------
Performs final model parameters optimization
Estimate model parameters (epsilon = 0.010)
1. Initial log-likelihood: -16921.197
Optimal log-likelihood: -16921.186
Proportion of invariable sites: 0.082
Gamma shape alpha: 0.920
Parameters optimization took 1 rounds (0.098 sec)
BEST SCORE FOUND : -16921.186
Creating bootstrap support values...
Split supports printed to NEXUS file results_broccoli_meto/alignments_prefiltering/OG_25831.iqtree.splits.nex
Total tree length: 28.809

Total number of iterations: 257
CPU time used for tree search: 335.842 sec (0h:5m:35s)
Wall-clock time used for tree search: 169.730 sec (0h:2m:49s)
Total CPU time used: 345.942 sec (0h:5m:45s)
Total wall-clock time used: 174.895 sec (0h:2m:54s)

Computing bootstrap consensus tree...
Reading input file results_broccoli_meto/alignments_prefiltering/OG_25831.iqtree.splits.nex...
62 taxa and 461 splits.
Consensus tree written to results_broccoli_meto/alignments_prefiltering/OG_25831.iqtree.contree
Reading input trees file results_broccoli_meto/alignments_prefiltering/OG_25831.iqtree.contree
Log-likelihood of consensus tree: -16922.762

Analysis results written to: 
  IQ-TREE report:                results_broccoli_meto/alignments_prefiltering/OG_25831.iqtree.iqtree
  Maximum-likelihood tree:       results_broccoli_meto/alignments_prefiltering/OG_25831.iqtree.treefile
  Likelihood distances:          results_broccoli_meto/alignments_prefiltering/OG_25831.iqtree.mldist

Ultrafast bootstrap approximation results written to:
  Split support values:          results_broccoli_meto/alignments_prefiltering/OG_25831.iqtree.splits.nex
  Consensus tree:                results_broccoli_meto/alignments_prefiltering/OG_25831.iqtree.contree
  Screen log file:               results_broccoli_meto/alignments_prefiltering/OG_25831.iqtree.log

Date and Time: Tue Dec 13 03:41:08 2022
