IQ-TREE multicore version 2.1.0 for Linux 64-bit built Jul 18 2020
Developed by Bui Quang Minh, James Barbetti, Nguyen Lam Tung,
Olga Chernomor, Heiko Schmidt, Dominik Schrempf, Michael Woodhams.

Host:    node-hp0213.linux.crg.es (AVX, 125 GB RAM)
Command: /users/asebe/xgraubove/Programes/iqtree-2.1.0-Linux/bin/iqtree2 -s results_broccoli_meto/alignments_prefiltering/OG_25891.lt.fasta -m TEST -mset LG,WAG,JTT -nt AUTO -ntmax 2 -bb 1000 -pre results_broccoli_meto/alignments_prefiltering/OG_25891.iqtree -nm 10000 -nstop 200 -cptime 1800
Seed:    416343 (Using SPRNG - Scalable Parallel Random Number Generator)
Time:    Tue Dec 13 03:43:46 2022
Kernel:  AVX - auto-detect threads (2 CPU cores detected)

Reading alignment file results_broccoli_meto/alignments_prefiltering/OG_25891.lt.fasta ... Fasta format detected
Alignment most likely contains protein sequences
Alignment has 54 sequences with 140 columns, 127 distinct patterns
106 parsimony-informative, 0 singleton sites, 34 constant sites
                                         Gap/Ambiguity  Composition  p-value
   1  Dpul_mRNA13232                             0.00%    passed     94.59%
   2  Dgig_XM_028550566.1                        1.43%    passed     99.93%
   3  Bralan_BLAG02002051_1                      2.14%    passed     99.88%
   4  Hsap_ENST00000358757                       2.14%    passed     99.00%
   5  Skow_XM_002735322.1                       28.57%    passed     98.45%
   6  Hsap_ENST00000419880                       0.00%    passed     98.23%
   7  Nvec_v1g174994                            77.86%    passed     41.51%
   8  Cgig_XM_011417481.3                        2.14%    passed     99.81%
   9  Cscu_XM_023373036.1                        2.14%    passed     99.05%
  10  Gfas_gfas1.m1.19344.m1                     0.71%    passed     99.99%
  11  Amil_Amillepora06309-RA                    2.14%    passed    100.00%
  12  Adig_XM_015906624.1                        2.14%    passed    100.00%
  13  Spis_XP_022793052_1                        2.14%    passed     99.86%
  14  Pocdam_XM_027186814.1                      2.14%    passed     99.92%
  15  Gasp_gasp1.m3.17311.m1                    25.71%    passed     78.97%
  16  Ctel_gnl_WGS_AMQN_CAPTEDRAFT_mRNA227297    2.14%    passed    100.00%
  17  Tcas_TC002937_001                          0.71%    passed     99.92%
  18  Spur_XM_782044.5                           0.00%    passed     99.63%
  19  Xesp_000182-T1                             0.71%    passed     96.01%
  20  Tadh_TriadT50463                           1.43%    passed     99.74%
  21  TrH2_TrispH2_001434-RA                     1.43%    passed     99.26%
  22  HoiH23_PlH23_001058-RA                     1.43%    passed     99.82%
  23  HoiH11_mRNA6964                           23.57%    passed     90.77%
  24  Hhon_g03541.t1                             1.43%    passed     90.13%
  25  HoiH04_mRNA7732                            1.43%    passed     90.13%
  26  Aaur_scaffold462.g3.t1                     0.00%    passed     99.90%
  27  Rhoesc_Res_011599-T1                       0.71%    passed     99.64%
  28  Nemnom_g9971.t1                            7.86%    passed     99.14%
  29  Sanmal_Sma_007700-T1                      16.43%    passed     99.61%
  30  Morvir_scaffold285.g3.t1                   1.43%    passed     89.86%
  31  Opea_EP00118_Oscarella_pearsei_P003470     4.29%    passed     99.61%
  32  Plajan_Pjan_C538624_01                     0.71%    passed     68.77%
  33  Chem_TCONS_00009317                        0.00%    passed     98.98%
  34  Hvul_g5397_1                               0.00%    passed     99.24%
  35  Mlei_ML1932.g4.i1                          2.86%    passed     93.65%
  36  Drygla_Dgla_sb280087                       2.86%    passed     81.01%
  37  Bolinf_Binf_sb1257965                      0.71%    passed     97.69%
  38  Mertsp_Mesp_sb582048                       2.86%    passed     99.23%
  39  Lampan_Lpan_2439_01                        2.86%    passed     95.61%
  40  Horcal_Hcv1.av93.c1.g1571.i1               2.86%    passed     99.99%
  41  Pbac_sb2660076                             1.43%    passed     99.37%
  42  Coemet_Cmet_scaffold18104_01               2.86%    passed     99.56%
  43  Vmul_sbMO437490                            0.71%    passed     91.62%
  44  Fspp_ffun1.m4.4494.m1                      2.14%    passed     88.35%
  45  Tetwil_g13007.t2                           2.86%    passed     96.45%
  46  Aque_Aqu2.1.41367_001                      2.86%    passed     99.30%
  47  Halamb_c41064_g1_i2m.13383                 2.86%    passed     98.90%
  48  Lcom_lcpid98376                            1.43%    passed     90.20%
  49  Leuniv_Lniv_scaffold23298_01               2.14%    passed     90.48%
  50  Scil_scict022731.1                         1.43%    passed     94.57%
  51  Gracom_Gcom_scaffold12876_01               2.14%    passed     99.76%
  52  Spolac_c98416_g1_i2_m.17134c98416-g1       1.43%    passed     92.33%
  53  Emue_Em0023g29a.t1                         1.43%    passed     82.79%
  54  Coemet_Cmet_scaffold20991_01               0.71%    passed     16.89%
WARNING: 1 sequences contain more than 50% gaps/ambiguity
****  TOTAL                                      4.79%  0 sequences failed composition chi2 test (p-value<5%; df=19)
NOTE: Adig_XM_015906624.1 is identical to Amil_Amillepora06309-RA but kept for subsequent analysis
NOTE: HoiH04_mRNA7732 is identical to Hhon_g03541.t1 but kept for subsequent analysis


Create initial parsimony tree by phylogenetic likelihood library (PLL)... 0.009 seconds
Measuring multi-threading efficiency up to 2 CPU cores
Increase to 10 rounds for branch lengths
11 trees examined
Threads: 1 / Time: 2.121 sec / Speedup: 1.000 / Efficiency: 100% / LogL: -8996
Threads: 2 / Time: 1.170 sec / Speedup: 1.812 / Efficiency: 91% / LogL: -8996
BEST NUMBER OF THREADS: 2

Perform fast likelihood tree search using LG+I+G model...
Estimate model parameters (epsilon = 5.000)
Perform nearest neighbor interchange...
Estimate model parameters (epsilon = 1.000)
1. Initial log-likelihood: -6022.206
Optimal log-likelihood: -6022.108
Proportion of invariable sites: 0.224
Gamma shape alpha: 1.403
Parameters optimization took 1 rounds (0.043 sec)
Time for fast ML tree search: 0.303 seconds

NOTE: ModelFinder requires 5 MB RAM!
ModelFinder will test up to 24 protein models (sample size: 140) ...
 No. Model         -LnL         df  AIC          AICc         BIC
  1  LG            6496.477     105 13202.954    13857.660    13511.826
  2  LG+I          6224.795     106 12661.591    13348.985    12973.405
  3  LG+G4         6042.389     106 12296.778    12984.172    12608.592
  4  LG+I+G4       6022.102     107 12258.204    12980.454    12572.959
  8  LG+F+I+G4     6025.723     126 12303.447    14765.293    12674.094
 12  WAG+I+G4      6042.564     107 12299.127    13021.377    12613.883
 16  WAG+F+I+G4    6039.694     126 12331.387    14793.233    12702.034
 20  JTT+I+G4      6071.777     107 12357.554    13079.804    12672.310
 24  JTT+F+I+G4    6067.328     126 12386.657    14848.503    12757.304
Akaike Information Criterion:           LG+I+G4
Corrected Akaike Information Criterion: LG+I+G4
Bayesian Information Criterion:         LG+I+G4
Best-fit model: LG+I+G4 chosen according to BIC

All model information printed to results_broccoli_meto/alignments_prefiltering/OG_25891.iqtree.model.gz
CPU time for ModelFinder: 7.049 seconds (0h:0m:7s)
Wall-clock time for ModelFinder: 4.575 seconds (0h:0m:4s)
Generating 1000 samples for ultrafast bootstrap (seed: 416343)...

NOTE: 5 MB RAM (0 GB) is required!
Estimate model parameters (epsilon = 0.100)
Thoroughly optimizing +I+G parameters from 10 start values...
Init pinv, alpha: 0.000, 1.411 / Estimate: 0.000, 0.655 / LogL: -6042.386
Init pinv, alpha: 0.027, 1.411 / Estimate: 0.224, 1.406 / LogL: -6022.106
Init pinv, alpha: 0.054, 1.411 / Estimate: 0.225, 1.409 / LogL: -6022.105
Init pinv, alpha: 0.081, 1.411 / Estimate: 0.224, 1.405 / LogL: -6022.110
Init pinv, alpha: 0.108, 1.411 / Estimate: 0.224, 1.402 / LogL: -6022.119
Init pinv, alpha: 0.135, 1.411 / Estimate: 0.224, 1.406 / LogL: -6022.107
Init pinv, alpha: 0.162, 1.411 / Estimate: 0.225, 1.409 / LogL: -6022.105
Init pinv, alpha: 0.189, 1.411 / Estimate: 0.224, 1.406 / LogL: -6022.106
Init pinv, alpha: 0.216, 1.411 / Estimate: 0.224, 1.404 / LogL: -6022.105
Init pinv, alpha: 0.243, 1.411 / Estimate: 0.226, 1.415 / LogL: -6022.103
Optimal pinv,alpha: 0.226, 1.415 / LogL: -6022.103

Parameters optimization took 2.045 sec
Computing ML distances based on estimated model parameters...
Computing ML distances took 0.150743 sec (of wall-clock time) 0.300512 sec(of CPU time)
Computing RapidNJ tree took 0.000886 sec (of wall-clock time) 0.000771 sec (of CPU time)
Log-likelihood of RapidNJ tree: -6084.779
--------------------------------------------------------------------
|             INITIALIZING CANDIDATE TREE SET                      |
--------------------------------------------------------------------
Generating 98 parsimony trees... 0.759 second
Computing log-likelihood of 98 initial trees ... 1.334 seconds
Current best score: -6022.103

Do NNI search on 20 best initial trees
Estimate model parameters (epsilon = 0.100)
BETTER TREE FOUND at iteration 1: -6022.101
Estimate model parameters (epsilon = 0.100)
BETTER TREE FOUND at iteration 2: -6021.577
Estimate model parameters (epsilon = 0.100)
BETTER TREE FOUND at iteration 3: -6019.337
Iteration 10 / LogL: -6022.271 / Time: 0h:0m:6s
Iteration 20 / LogL: -6022.151 / Time: 0h:0m:8s
Finish initializing candidate tree set (13)
Current best tree score: -6019.337 / CPU time: 5.888
Number of iterations: 20
--------------------------------------------------------------------
|               OPTIMIZING CANDIDATE TREE SET                      |
--------------------------------------------------------------------
Estimate model parameters (epsilon = 0.100)
BETTER TREE FOUND at iteration 27: -6019.175
Iteration 30 / LogL: -6019.473 / Time: 0h:0m:11s (0h:1m:18s left)
Iteration 40 / LogL: -6019.261 / Time: 0h:0m:14s (0h:1m:10s left)
Estimate model parameters (epsilon = 0.100)
BETTER TREE FOUND at iteration 42: -6019.078
Estimate model parameters (epsilon = 0.100)
BETTER TREE FOUND at iteration 50: -6017.405
Iteration 50 / LogL: -6017.405 / Time: 0h:0m:17s (0h:1m:12s left)
Log-likelihood cutoff on original alignment: -6060.203
Estimate model parameters (epsilon = 0.100)
BETTER TREE FOUND at iteration 52: -6017.092
Iteration 60 / LogL: -6017.562 / Time: 0h:0m:20s (0h:1m:7s left)
Iteration 70 / LogL: -6021.018 / Time: 0h:0m:23s (0h:1m:1s left)
Iteration 80 / LogL: -6017.413 / Time: 0h:0m:25s (0h:0m:56s left)
Iteration 90 / LogL: -6017.422 / Time: 0h:0m:28s (0h:0m:52s left)
Iteration 100 / LogL: -6017.393 / Time: 0h:0m:31s (0h:0m:48s left)
Log-likelihood cutoff on original alignment: -6060.203
NOTE: Bootstrap correlation coefficient of split occurrence frequencies: 0.987
NOTE: UFBoot does not converge, continue at least 100 more iterations
Iteration 110 / LogL: -6017.209 / Time: 0h:0m:34s (0h:0m:45s left)
Iteration 120 / LogL: -6018.804 / Time: 0h:0m:37s (0h:0m:41s left)
Iteration 130 / LogL: -6018.739 / Time: 0h:0m:40s (0h:0m:37s left)
Iteration 140 / LogL: -6018.194 / Time: 0h:0m:42s (0h:0m:34s left)
Iteration 150 / LogL: -6017.124 / Time: 0h:0m:45s (0h:0m:31s left)
Log-likelihood cutoff on original alignment: -6060.203
Iteration 160 / LogL: -6017.128 / Time: 0h:0m:48s (0h:0m:28s left)
Iteration 170 / LogL: -6017.426 / Time: 0h:0m:51s (0h:0m:24s left)
Iteration 180 / LogL: -6017.136 / Time: 0h:0m:54s (0h:0m:21s left)
Iteration 190 / LogL: -6017.136 / Time: 0h:0m:56s (0h:0m:18s left)
Iteration 200 / LogL: -6018.197 / Time: 0h:0m:59s (0h:0m:15s left)
Log-likelihood cutoff on original alignment: -6060.806
NOTE: Bootstrap correlation coefficient of split occurrence frequencies: 0.998
Iteration 210 / LogL: -6017.164 / Time: 0h:1m:2s (0h:0m:26s left)
Iteration 220 / LogL: -6017.438 / Time: 0h:1m:5s (0h:0m:23s left)
Iteration 230 / LogL: -6017.542 / Time: 0h:1m:7s (0h:0m:20s left)
Iteration 240 / LogL: -6018.285 / Time: 0h:1m:10s (0h:0m:17s left)
Iteration 250 / LogL: -6018.491 / Time: 0h:1m:13s (0h:0m:14s left)
Log-likelihood cutoff on original alignment: -6060.806
TREE SEARCH COMPLETED AFTER 253 ITERATIONS / Time: 0h:1m:14s

--------------------------------------------------------------------
|                    FINALIZING TREE SEARCH                        |
--------------------------------------------------------------------
Performs final model parameters optimization
Estimate model parameters (epsilon = 0.010)
1. Initial log-likelihood: -6017.092
Optimal log-likelihood: -6017.092
Proportion of invariable sites: 0.224
Gamma shape alpha: 1.440
Parameters optimization took 1 rounds (0.042 sec)
BEST SCORE FOUND : -6017.092
Creating bootstrap support values...
Split supports printed to NEXUS file results_broccoli_meto/alignments_prefiltering/OG_25891.iqtree.splits.nex
Total tree length: 11.952

Total number of iterations: 253
CPU time used for tree search: 141.807 sec (0h:2m:21s)
Wall-clock time used for tree search: 71.954 sec (0h:1m:11s)
Total CPU time used: 146.977 sec (0h:2m:26s)
Total wall-clock time used: 74.658 sec (0h:1m:14s)

Computing bootstrap consensus tree...
Reading input file results_broccoli_meto/alignments_prefiltering/OG_25891.iqtree.splits.nex...
54 taxa and 449 splits.
Consensus tree written to results_broccoli_meto/alignments_prefiltering/OG_25891.iqtree.contree
Reading input trees file results_broccoli_meto/alignments_prefiltering/OG_25891.iqtree.contree
Log-likelihood of consensus tree: -6018.505

Analysis results written to: 
  IQ-TREE report:                results_broccoli_meto/alignments_prefiltering/OG_25891.iqtree.iqtree
  Maximum-likelihood tree:       results_broccoli_meto/alignments_prefiltering/OG_25891.iqtree.treefile
  Likelihood distances:          results_broccoli_meto/alignments_prefiltering/OG_25891.iqtree.mldist

Ultrafast bootstrap approximation results written to:
  Split support values:          results_broccoli_meto/alignments_prefiltering/OG_25891.iqtree.splits.nex
  Consensus tree:                results_broccoli_meto/alignments_prefiltering/OG_25891.iqtree.contree
  Screen log file:               results_broccoli_meto/alignments_prefiltering/OG_25891.iqtree.log

Date and Time: Tue Dec 13 03:45:06 2022
