IQ-TREE multicore version 2.1.0 for Linux 64-bit built Jul 18 2020
Developed by Bui Quang Minh, James Barbetti, Nguyen Lam Tung,
Olga Chernomor, Heiko Schmidt, Dominik Schrempf, Michael Woodhams.

Host:    node-hp0514.linux.crg.es (AVX, 125 GB RAM)
Command: /users/asebe/xgraubove/Programes/iqtree-2.1.0-Linux/bin/iqtree2 -s results_broccoli_meto/alignments_prefiltering/OG_25963.lt.fasta -m TEST -mset LG,WAG,JTT -nt AUTO -ntmax 2 -bb 1000 -pre results_broccoli_meto/alignments_prefiltering/OG_25963.iqtree -nm 10000 -nstop 200 -cptime 1800
Seed:    936534 (Using SPRNG - Scalable Parallel Random Number Generator)
Time:    Tue Dec 13 03:49:51 2022
Kernel:  AVX - auto-detect threads (2 CPU cores detected)

Reading alignment file results_broccoli_meto/alignments_prefiltering/OG_25963.lt.fasta ... Fasta format detected
Alignment most likely contains protein sequences
Alignment has 83 sequences with 114 columns, 106 distinct patterns
86 parsimony-informative, 0 singleton sites, 28 constant sites
                                                              Gap/Ambiguity  Composition  p-value
   1  Lcom_lcpid163364                                                0.00%    passed     99.49%
   2  Leuniv_Lniv_scaffold3393_01                                     0.00%    passed     99.46%
   3  Gfas_gfas1.m1.13635.m1                                          0.00%    passed     99.96%
   4  Fspp_ffun1.m4.6455.m1                                           0.00%    passed    100.00%
   5  Pocdam_XM_027192486.1                                           0.00%    passed     99.99%
   6  Spis_XP_022803823_1                                             0.00%    passed     99.74%
   7  Amil_Amillepora12311-RA                                        19.30%    passed     99.73%
   8  Gasp_gasp1.m3.12192.m1                                          0.00%    passed    100.00%
   9  Exapal_XM_021039418.2                                           0.00%    passed     99.98%
  10  Nvec_v1g235818                                                  0.00%    passed     99.93%
  11  Chem_TCONS_00051309                                             0.00%    passed     99.99%
  12  Rhoesc_Res_005942-T1                                            0.00%    passed     99.28%
  13  Nemnom_g13146.t1                                                0.00%    passed     99.28%
  14  Sanmal_Sma_005638-T1                                            0.00%    passed     99.46%
  15  Bralan_BLAG03000757_1                                           0.00%    passed     97.63%
  16  Skow_XM_002734117.2                                             0.00%    passed     99.98%
  17  Cscu_XM_023388931.1                                             5.26%    passed     83.82%
  18  Hsap_ENST00000525634                                            0.00%    passed    100.00%
  19  Lcom_lcpid225569                                               19.30%    passed     98.65%
  20  Ctel_gnl_WGS_AMQN_CAPTEDRAFT_mRNA149191                         0.00%    passed     99.95%
  21  Dpul_mRNA29137                                                  0.00%    passed     95.82%
  22  Acagra_model.g1299.t1.1.5d3b82d9                                0.00%    passed     99.99%
  23  Xestes_maker-XT_scaffold2081-augustus-gene-0.42-mRNA-1          0.00%    passed     88.03%
  24  Halamb_c29807_g1_i1m.6071                                       3.51%    passed     89.07%
  25  Aque_Aqu2.1.28485_001                                           0.00%    passed     73.87%
  26  Stycar_snap_masked-SC_scaffold5317-processed-gene-0.0-mRNA-1   52.63%    passed     95.87%
  27  Clacor_Ccor_C514035_01                                          0.00%    passed    100.00%
  28  Cgig_XM_011443066.3                                             0.00%    passed     91.25%
  29  Lcom_lcpid206861                                               18.42%    passed     98.54%
  30  Xesp_025179-T1                                                  0.00%    passed    100.00%
  31  Dgig_XM_028540156.1                                             0.00%    passed    100.00%
  32  Coemet_Cmet_C566504_01                                          0.00%    passed    100.00%
  33  Morvir_scaffold311.g15.t1                                      46.49%    passed     98.25%
  34  Opea_EP00118_Oscarella_pearsei_P024515                          0.00%    passed     99.99%
  35  Clacor_Ccor_C509619_01                                          0.00%    passed     99.86%
  36  Clacor_Ccor_C506781_01                                          0.00%    passed     99.39%
  37  Lcom_lcpid199601                                                6.14%    passed     99.34%
  38  Spur_XM_781210.5                                                0.00%    passed     99.99%
  39  Hvul_g11728_1                                                   0.00%    passed     85.67%
  40  Leuniv_Lniv_scaffold14628_01                                    6.14%    passed     99.28%
  41  Lcom_lcpid167742                                                0.00%    passed     81.87%
  42  Lcom_lcpid170734                                                0.00%    passed     67.17%
  43  Lcom_lcpid170440                                                0.00%    passed     79.67%
  44  Tcas_TC004990_001                                               0.00%    passed     99.75%
  45  Spolac_c87188_g1_i1_m.4137c87188-g1                             0.00%    passed     81.56%
  46  Lcom_lcpid174117                                                0.00%    passed     67.38%
  47  Lcom_lcpid196759                                               10.53%    passed     19.53%
  48  Lcom_lcpid173583                                                0.00%    passed     99.74%
  49  Lcom_lcpid219944                                               18.42%    passed    100.00%
  50  Lcom_lcpid178797                                                0.88%    passed     99.91%
  51  Lcom_lcpid167244                                                0.00%    passed     99.03%
  52  TrH2_TrispH2_008077-RA                                          0.00%    passed     99.99%
  53  Tadh_TriadT36727                                                0.00%    passed     99.99%
  54  HoiH23_PlH23_004311-RA                                          0.00%    passed    100.00%
  55  HoiH06_mRNA2142                                                 0.88%    passed     99.57%
  56  HoiH04_mRNA8054                                                 0.88%    passed     99.69%
  57  HoiH11_mRNA9610                                                 0.00%    passed     98.15%
  58  Mertsp_Mesp_sb564825                                            0.00%    passed     99.03%
  59  Bolinf_Binf_sb1218198                                           0.00%    passed     99.03%
  60  Beraby_Baby_sb339872                                            0.00%    passed     99.03%
  61  Pbac_sb2647456                                                  0.00%    passed     99.97%
  62  Horcal_Hcv1.av93.c1.g414.i1                                     0.00%    passed     99.82%
  63  Coeast_Cast_sb788025                                            0.00%    passed     99.97%
  64  Mlei_ML0479.g6.i1                                               0.00%    passed     99.81%
  65  Vmul_sbMO424759                                                 0.00%    passed     99.81%
  66  Bolinf_Binf_sb1265180                                           0.00%    passed     99.94%
  67  Mertsp_Mesp_sb570257                                            0.00%    passed     99.94%
  68  Mertsp_Mesp_sb591582                                            0.00%    passed     99.34%
  69  Coeast_Cast_sb830630                                            2.63%    passed     98.88%
  70  Bolinf_Binf_sb1227177                                           0.00%    passed     99.34%
  71  Coeast_Cast_sb785228                                            0.00%    passed     96.95%
  72  Mlei_ML0479.g5.i1                                               0.00%    passed     98.39%
  73  Eupdun_Edun_sb10638251                                          0.00%    passed     68.40%
  74  Drygla_Dgla_sb290115                                            0.00%    passed     99.95%
  75  Drygla_Dgla_sb290116                                            0.00%    passed     98.22%
  76  Coemet_Cmet_scaffold16339_01                                    5.26%    passed     96.90%
  77  Lcom_lcpid196996                                                7.02%    passed     98.76%
  78  Lcom_lcpid209310                                               20.18%    passed     45.85%
  79  Vmul_Simscaffold1519_01                                         0.88%    passed     96.91%
  80  Adig_XM_015918165.1                                             7.02%    passed     95.03%
  81  Spolac_c113489_g1_i1_m.46207c113489-g1                         21.05%    passed     90.49%
  82  Plespi_Pspi_C576670_01                                          0.00%    passed     59.54%
  83  Lcom_lcpid194552                                               11.40%    passed     22.06%
WARNING: 1 sequences contain more than 50% gaps/ambiguity
****  TOTAL                                                           3.42%  0 sequences failed composition chi2 test (p-value<5%; df=19)
NOTE: Coemet_Cmet_C566504_01 is identical to Dgig_XM_028540156.1 but kept for subsequent analysis
NOTE: Tadh_TriadT36727 is identical to TrH2_TrispH2_008077-RA but kept for subsequent analysis
NOTE: Bolinf_Binf_sb1218198 is identical to Mertsp_Mesp_sb564825 but kept for subsequent analysis
NOTE: Vmul_sbMO424759 is identical to Mlei_ML0479.g6.i1 but kept for subsequent analysis
NOTE: Mertsp_Mesp_sb570257 is identical to Bolinf_Binf_sb1265180 but kept for subsequent analysis
NOTE: Bolinf_Binf_sb1227177 is identical to Mertsp_Mesp_sb591582 but kept for subsequent analysis
NOTE: 1 identical sequences (see below) will be ignored for subsequent analysis
NOTE: Beraby_Baby_sb339872 (identical to Mertsp_Mesp_sb564825) is ignored but added at the end
Alignment was printed to results_broccoli_meto/alignments_prefiltering/OG_25963.iqtree.uniqueseq.phy

For your convenience alignment with unique sequences printed to results_broccoli_meto/alignments_prefiltering/OG_25963.iqtree.uniqueseq.phy


Create initial parsimony tree by phylogenetic likelihood library (PLL)... 0.023 seconds
Measuring multi-threading efficiency up to 2 CPU cores
Increase to 10 rounds for branch lengths
9 trees examined
Threads: 1 / Time: 2.191 sec / Speedup: 1.000 / Efficiency: 100% / LogL: -6154
Threads: 2 / Time: 2.581 sec / Speedup: 0.849 / Efficiency: 42% / LogL: -6154
BEST NUMBER OF THREADS: 1

Perform fast likelihood tree search using LG+I+G model...
Estimate model parameters (epsilon = 5.000)
Perform nearest neighbor interchange...
Estimate model parameters (epsilon = 1.000)
1. Initial log-likelihood: -3494.715
Optimal log-likelihood: -3494.697
Proportion of invariable sites: 0.137
Gamma shape alpha: 0.935
Parameters optimization took 1 rounds (0.101 sec)
Time for fast ML tree search: 0.953 seconds

NOTE: ModelFinder requires 6 MB RAM!
ModelFinder will test up to 24 protein models (sample size: 114) ...
 No. Model         -LnL         df  AIC          AICc         BIC
  1  LG            3681.312     161 7684.624     59848.624    8125.152
  2  LG+I          3594.291     162 7512.581     60324.581    7955.845
  3  LG+G4         3497.415     162 7318.830     60130.830    7762.095
  4  LG+I+G4       3494.676     163 7315.352     60779.352    7761.352
  7  LG+F+G4       3531.759     181 7425.518     73309.518    7920.770
  8  LG+F+I+G4     3529.652     182 7423.304     74035.304    7921.292
 11  WAG+G4        3538.328     162 7400.656     60212.656    7843.920
 12  WAG+I+G4      3533.289     163 7392.577     60856.577    7838.578
 15  WAG+F+G4      3586.896     181 7535.791     73419.791    8031.043
 16  WAG+F+I+G4    3582.668     182 7529.335     74141.335    8027.323
 19  JTT+G4        3519.793     162 7363.585     60175.585    7806.849
 20  JTT+I+G4      3515.819     163 7357.639     60821.639    7803.639
 23  JTT+F+G4      3560.413     181 7482.825     73366.825    7978.077
 24  JTT+F+I+G4    3557.484     182 7478.968     74090.968    7976.956
Akaike Information Criterion:           LG+I+G4
Corrected Akaike Information Criterion: LG
Bayesian Information Criterion:         LG+I+G4
Best-fit model: LG+I+G4 chosen according to BIC

All model information printed to results_broccoli_meto/alignments_prefiltering/OG_25963.iqtree.model.gz
CPU time for ModelFinder: 9.911 seconds (0h:0m:9s)
Wall-clock time for ModelFinder: 9.502 seconds (0h:0m:9s)
Generating 1000 samples for ultrafast bootstrap (seed: 936534)...

NOTE: 6 MB RAM (0 GB) is required!
Estimate model parameters (epsilon = 0.100)
Thoroughly optimizing +I+G parameters from 10 start values...
Init pinv, alpha: 0.000, 0.962 / Estimate: 0.000, 0.671 / LogL: -3497.414
Init pinv, alpha: 0.027, 0.962 / Estimate: 0.121, 0.888 / LogL: -3494.803
Init pinv, alpha: 0.055, 0.962 / Estimate: 0.117, 0.880 / LogL: -3494.834
Init pinv, alpha: 0.082, 0.962 / Estimate: 0.121, 0.888 / LogL: -3494.802
Init pinv, alpha: 0.109, 0.962 / Estimate: 0.126, 0.901 / LogL: -3494.763
Init pinv, alpha: 0.136, 0.962 / Estimate: 0.140, 0.945 / LogL: -3494.686
Init pinv, alpha: 0.164, 0.962 / Estimate: 0.159, 1.011 / LogL: -3494.691
Init pinv, alpha: 0.191, 0.962 / Estimate: 0.167, 1.041 / LogL: -3494.733
Init pinv, alpha: 0.218, 0.962 / Estimate: 0.165, 1.036 / LogL: -3494.725
Init pinv, alpha: 0.246, 0.962 / Estimate: 0.163, 1.027 / LogL: -3494.714
Optimal pinv,alpha: 0.140, 0.945 / LogL: -3494.686

Parameters optimization took 5.011 sec
Computing ML distances based on estimated model parameters...
Computing ML distances took 0.583129 sec (of wall-clock time) 0.580530 sec(of CPU time)
Computing RapidNJ tree took 0.000906 sec (of wall-clock time) 0.000944 sec (of CPU time)
Log-likelihood of RapidNJ tree: -3556.324
--------------------------------------------------------------------
|             INITIALIZING CANDIDATE TREE SET                      |
--------------------------------------------------------------------
Generating 98 parsimony trees... 1.043 second
Computing log-likelihood of 98 initial trees ... 2.912 seconds
Current best score: -3494.686

Do NNI search on 20 best initial trees
Estimate model parameters (epsilon = 0.100)
BETTER TREE FOUND at iteration 1: -3494.679
Estimate model parameters (epsilon = 0.100)
BETTER TREE FOUND at iteration 2: -3489.420
Estimate model parameters (epsilon = 0.100)
BETTER TREE FOUND at iteration 3: -3481.921
Iteration 10 / LogL: -3496.710 / Time: 0h:0m:17s
Iteration 20 / LogL: -3500.056 / Time: 0h:0m:24s
Finish initializing candidate tree set (20)
Current best tree score: -3481.921 / CPU time: 18.386
Number of iterations: 20
--------------------------------------------------------------------
|               OPTIMIZING CANDIDATE TREE SET                      |
--------------------------------------------------------------------
Estimate model parameters (epsilon = 0.100)
BETTER TREE FOUND at iteration 22: -3480.218
Iteration 30 / LogL: -3486.517 / Time: 0h:0m:35s (0h:3m:54s left)
Estimate model parameters (epsilon = 0.100)
BETTER TREE FOUND at iteration 32: -3479.358
Estimate model parameters (epsilon = 0.100)
BETTER TREE FOUND at iteration 35: -3473.330
Iteration 40 / LogL: -3475.121 / Time: 0h:0m:46s (0h:3m:51s left)
Estimate model parameters (epsilon = 0.100)
BETTER TREE FOUND at iteration 46: -3473.127
Iteration 50 / LogL: -3481.387 / Time: 0h:0m:57s (0h:3m:49s left)
Log-likelihood cutoff on original alignment: -3520.461
Estimate model parameters (epsilon = 0.100)
BETTER TREE FOUND at iteration 51: -3472.390
Iteration 60 / LogL: -3490.798 / Time: 0h:1m:7s (0h:3m:38s left)
Iteration 70 / LogL: -3475.344 / Time: 0h:1m:18s (0h:3m:24s left)
Estimate model parameters (epsilon = 0.100)
BETTER TREE FOUND at iteration 72: -3471.978
Iteration 80 / LogL: -3474.398 / Time: 0h:1m:29s (0h:3m:37s left)
BETTER TREE FOUND at iteration 86: -3471.977
Iteration 90 / LogL: -3471.978 / Time: 0h:1m:39s (0h:3m:39s left)
UPDATE BEST LOG-LIKELIHOOD: -3471.977
Iteration 100 / LogL: -3474.369 / Time: 0h:1m:50s (0h:3m:27s left)
Log-likelihood cutoff on original alignment: -3520.461
NOTE: Bootstrap correlation coefficient of split occurrence frequencies: 0.992
BETTER TREE FOUND at iteration 105: -3471.976
Iteration 110 / LogL: -3475.537 / Time: 0h:2m:1s (0h:3m:36s left)
Iteration 120 / LogL: -3471.978 / Time: 0h:2m:11s (0h:3m:24s left)
Iteration 130 / LogL: -3471.979 / Time: 0h:2m:21s (0h:3m:12s left)
Iteration 140 / LogL: -3471.979 / Time: 0h:2m:31s (0h:3m:0s left)
Estimate model parameters (epsilon = 0.100)
BETTER TREE FOUND at iteration 145: -3468.500
Iteration 150 / LogL: -3475.033 / Time: 0h:2m:42s (0h:3m:32s left)
Log-likelihood cutoff on original alignment: -3520.461
UPDATE BEST LOG-LIKELIHOOD: -3468.499
Iteration 160 / LogL: -3472.471 / Time: 0h:2m:53s (0h:3m:21s left)
Iteration 170 / LogL: -3468.499 / Time: 0h:3m:3s (0h:3m:9s left)
Iteration 180 / LogL: -3469.619 / Time: 0h:3m:12s (0h:2m:57s left)
Iteration 190 / LogL: -3469.285 / Time: 0h:3m:22s (0h:2m:45s left)
UPDATE BEST LOG-LIKELIHOOD: -3468.499
Iteration 200 / LogL: -3497.566 / Time: 0h:3m:31s (0h:2m:34s left)
Log-likelihood cutoff on original alignment: -3520.461
NOTE: Bootstrap correlation coefficient of split occurrence frequencies: 0.990
Iteration 210 / LogL: -3472.253 / Time: 0h:3m:40s (0h:2m:22s left)
BETTER TREE FOUND at iteration 218: -3468.499
Iteration 220 / LogL: -3469.972 / Time: 0h:3m:50s (0h:3m:28s left)
Iteration 230 / LogL: -3468.501 / Time: 0h:4m:0s (0h:3m:17s left)
Iteration 240 / LogL: -3468.500 / Time: 0h:4m:10s (0h:3m:6s left)
Iteration 250 / LogL: -3468.930 / Time: 0h:4m:19s (0h:2m:55s left)
Log-likelihood cutoff on original alignment: -3520.280
Iteration 260 / LogL: -3510.951 / Time: 0h:4m:29s (0h:2m:44s left)
Iteration 270 / LogL: -3475.692 / Time: 0h:4m:40s (0h:2m:34s left)
Iteration 280 / LogL: -3472.918 / Time: 0h:4m:50s (0h:2m:23s left)
Iteration 290 / LogL: -3468.994 / Time: 0h:4m:59s (0h:2m:12s left)
Iteration 300 / LogL: -3477.088 / Time: 0h:5m:10s (0h:2m:2s left)
Log-likelihood cutoff on original alignment: -3520.280
NOTE: Bootstrap correlation coefficient of split occurrence frequencies: 0.989
NOTE: UFBoot does not converge, continue at least 100 more iterations
UPDATE BEST LOG-LIKELIHOOD: -3468.499
Iteration 310 / LogL: -3468.500 / Time: 0h:5m:21s (0h:1m:52s left)
Iteration 320 / LogL: -3468.501 / Time: 0h:5m:30s (0h:1m:41s left)
Iteration 330 / LogL: -3468.994 / Time: 0h:5m:41s (0h:1m:31s left)
Iteration 340 / LogL: -3498.594 / Time: 0h:5m:51s (0h:1m:20s left)
Iteration 350 / LogL: -3471.928 / Time: 0h:6m:2s (0h:1m:10s left)
Log-likelihood cutoff on original alignment: -3520.280
Iteration 360 / LogL: -3468.500 / Time: 0h:6m:12s (0h:1m:0s left)
Iteration 370 / LogL: -3468.499 / Time: 0h:6m:23s (0h:0m:49s left)
Iteration 380 / LogL: -3468.994 / Time: 0h:6m:33s (0h:0m:39s left)
Iteration 390 / LogL: -3472.262 / Time: 0h:6m:43s (0h:0m:29s left)
Iteration 400 / LogL: -3468.500 / Time: 0h:6m:54s (0h:0m:18s left)
Log-likelihood cutoff on original alignment: -3520.280
NOTE: Bootstrap correlation coefficient of split occurrence frequencies: 0.997
Iteration 410 / LogL: -3468.501 / Time: 0h:7m:4s (0h:1m:33s left)
TREE SEARCH COMPLETED AFTER 419 ITERATIONS / Time: 0h:7m:13s

--------------------------------------------------------------------
|                    FINALIZING TREE SEARCH                        |
--------------------------------------------------------------------
Performs final model parameters optimization
Estimate model parameters (epsilon = 0.010)
1. Initial log-likelihood: -3468.499
Optimal log-likelihood: -3468.498
Proportion of invariable sites: 0.151
Gamma shape alpha: 0.974
Parameters optimization took 1 rounds (0.097 sec)
BEST SCORE FOUND : -3468.498
Creating bootstrap support values...
Split supports printed to NEXUS file results_broccoli_meto/alignments_prefiltering/OG_25963.iqtree.splits.nex
Total tree length: 7.326

Total number of iterations: 419
CPU time used for tree search: 421.386 sec (0h:7m:1s)
Wall-clock time used for tree search: 427.158 sec (0h:7m:7s)
Total CPU time used: 427.676 sec (0h:7m:7s)
Total wall-clock time used: 434.095 sec (0h:7m:14s)

Computing bootstrap consensus tree...
Reading input file results_broccoli_meto/alignments_prefiltering/OG_25963.iqtree.splits.nex...
82 taxa and 1124 splits.
Consensus tree written to results_broccoli_meto/alignments_prefiltering/OG_25963.iqtree.contree
Reading input trees file results_broccoli_meto/alignments_prefiltering/OG_25963.iqtree.contree
Log-likelihood of consensus tree: -3470.601

Analysis results written to: 
  IQ-TREE report:                results_broccoli_meto/alignments_prefiltering/OG_25963.iqtree.iqtree
  Maximum-likelihood tree:       results_broccoli_meto/alignments_prefiltering/OG_25963.iqtree.treefile
  Likelihood distances:          results_broccoli_meto/alignments_prefiltering/OG_25963.iqtree.mldist

Ultrafast bootstrap approximation results written to:
  Split support values:          results_broccoli_meto/alignments_prefiltering/OG_25963.iqtree.splits.nex
  Consensus tree:                results_broccoli_meto/alignments_prefiltering/OG_25963.iqtree.contree
  Screen log file:               results_broccoli_meto/alignments_prefiltering/OG_25963.iqtree.log

Date and Time: Tue Dec 13 03:57:16 2022
