IQ-TREE multicore version 2.1.0 for Linux 64-bit built Jul 18 2020
Developed by Bui Quang Minh, James Barbetti, Nguyen Lam Tung,
Olga Chernomor, Heiko Schmidt, Dominik Schrempf, Michael Woodhams.

Host:    node-hp0307.linux.crg.es (AVX, 125 GB RAM)
Command: /users/asebe/xgraubove/Programes/iqtree-2.1.0-Linux/bin/iqtree2 -s results_broccoli_meto/alignments_prefiltering/OG_2322.lt.fasta -m TEST -mset LG,WAG,JTT -nt AUTO -ntmax 2 -bb 1000 -pre results_broccoli_meto/alignments_prefiltering/OG_2322.iqtree -nm 10000 -nstop 200 -cptime 1800
Seed:    878102 (Using SPRNG - Scalable Parallel Random Number Generator)
Time:    Tue Dec 13 02:14:44 2022
Kernel:  AVX - auto-detect threads (2 CPU cores detected)

Reading alignment file results_broccoli_meto/alignments_prefiltering/OG_2322.lt.fasta ... Fasta format detected
Alignment most likely contains protein sequences
Alignment has 57 sequences with 536 columns, 536 distinct patterns
513 parsimony-informative, 1 singleton sites, 22 constant sites
                                        Gap/Ambiguity  Composition  p-value
   1  Lcom_lcpid54504                           7.28%    failed      0.01%
   2  Leuniv_Lniv_scaffold7801_01              43.66%    failed      0.07%
   3  Gracom_Gcom_scaffold17817_01              8.96%    failed      0.00%
   4  Leuniv_Lniv_scaffold23387_01             69.96%    failed      0.95%
   5  Cgig_XM_011444687.3                       0.37%    passed     75.31%
   6  Ctel_gnl_WGS_AMQN_CAPTEDRAFT_mRNA93181    2.61%    passed     98.89%
   7  Skow_XM_006814759.1                      63.43%    passed     33.87%
   8  Cscu_XM_023388782.1                       4.66%    passed     82.23%
   9  Cscu_XM_023388791.1                      25.75%    passed     26.18%
  10  Tcas_TC003262_001                         2.80%    passed     42.26%
  11  Dpul_mRNA10905                            2.99%    passed     59.88%
  12  Acagra_model.g20796.t1                    6.53%    passed     73.31%
  13  Bralan_BLAG08000614_1                     1.87%    passed     57.07%
  14  Skow_XM_006824919.1                      33.96%    passed     56.48%
  15  Spur_XM_030997866.1                       4.10%    passed     95.52%
  16  Hsap_ENST00000373549                      2.05%    passed     67.26%
  17  Fspp_ffun1.m4.12025.m1                    0.00%    passed     92.34%
  18  Gasp_gasp1.m3.2184.m1                     0.37%    passed     63.42%
  19  Spis_XP_022803146_1                       0.00%    passed     96.79%
  20  Pocdam_XM_027201147.1                     0.00%    passed     71.79%
  21  Amil_Amillepora00277-RA                   6.53%    passed     95.67%
  22  Gfas_gfas1.m1.1539.m1                    12.69%    passed     66.70%
  23  Adig_XM_015910452.1                      17.16%    passed     62.45%
  24  Nvec_v1g235769                           21.64%    passed     50.26%
  25  Exapal_XM_021045651.2                     1.49%    passed     79.41%
  26  Dgig_XM_028538908.1                       1.49%    passed     89.28%
  27  Pbac_sb2640351                           68.66%    passed     59.81%
  28  Pbac_sb2644676                           86.01%    failed      1.43%
  29  Horcal_Hcv1.av93.c12.g149.i1              7.65%    passed     84.10%
  30  Pbac_sb2654167                           59.89%    passed     51.50%
  31  Lampan_Lpan_785_01                       52.61%    passed     53.16%
  32  Lampan_Lpan_786_01                        8.40%    passed     31.48%
  33  Vmul_Simscaffold2828_01                   8.40%    passed     89.85%
  34  Mlei_ML0030.g19.i1                       33.96%    passed     98.83%
  35  Coemet_Cmet_scaffold2297_01               8.40%    passed     48.06%
  36  Eupdun_Edun_sb10630236                   72.01%    passed     31.61%
  37  Beraby_Baby_sb333971                     51.49%    passed     21.81%
  38  Sanmal_Sma_021763-T1                     30.22%    passed     77.10%
  39  Aaur_scaffold427.g13.t1                   2.05%    passed     91.33%
  40  Nemnom_g5394.t1                           2.05%    passed     62.70%
  41  Rhoesc_Res_015788-T1                      2.05%    passed     63.33%
  42  Opea_EP00118_Oscarella_pearsei_P011734   78.73%    passed     10.68%
  43  Opea_EP00118_Oscarella_pearsei_P011735    6.16%    passed     37.85%
  44  Plajan_Pjan_C565034_01                    3.36%    passed     67.92%
  45  Morvir_scaffold233.g37.t1                10.45%    passed     96.37%
  46  HoiH23_PlH23_004989-RA                    2.99%    passed     26.50%
  47  HoiH06_mRNA5038                          11.38%    passed     10.68%
  48  Hhon_g10645.t1                            2.99%    passed     19.19%
  49  HoiH04_mRNA2366                           2.99%    passed     20.06%
  50  TrH2_TrispH2_003230-RA                    2.99%    failed      2.46%
  51  Tadh_TriadT26147                          4.66%    passed      5.94%
  52  HoiH11_mRNA8517                          13.43%    failed      1.39%
  53  Eupdun_Edun_sb10630232                   67.91%    passed     90.96%
  54  Eupdun_Edun_sb10630234                   66.98%    passed     74.71%
  55  Clacor_Ccor_scaffold14570_01             65.11%    failed      4.00%
  56  Plespi_Pspi_scaffold7176_01               6.53%    passed     86.45%
  57  Acagra_model.g20797.t1                   62.69%    failed      0.00%
WARNING: 13 sequences contain more than 50% gaps/ambiguity
****  TOTAL                                    21.85%  9 sequences failed composition chi2 test (p-value<5%; df=19)


Create initial parsimony tree by phylogenetic likelihood library (PLL)... 0.020 seconds
Measuring multi-threading efficiency up to 2 CPU cores
Increase to 10 rounds for branch lengths
3 trees examined
Threads: 1 / Time: 2.333 sec / Speedup: 1.000 / Efficiency: 100% / LogL: -39782
Threads: 2 / Time: 1.234 sec / Speedup: 1.891 / Efficiency: 95% / LogL: -39782
BEST NUMBER OF THREADS: 2

Perform fast likelihood tree search using LG+I+G model...
Estimate model parameters (epsilon = 5.000)
Perform nearest neighbor interchange...
Estimate model parameters (epsilon = 1.000)
1. Initial log-likelihood: -27704.587
Optimal log-likelihood: -27704.101
Proportion of invariable sites: 0.033
Gamma shape alpha: 1.619
Parameters optimization took 1 rounds (0.270 sec)
Time for fast ML tree search: 1.862 seconds

NOTE: ModelFinder requires 21 MB RAM!
ModelFinder will test up to 24 protein models (sample size: 536) ...
 No. Model         -LnL         df  AIC          AICc         BIC
  1  LG            28616.291    111 57454.581    57513.223    57930.120
  2  LG+I          28443.735    112 57111.470    57171.309    57591.293
  3  LG+G4         27724.116    112 55672.231    55732.070    56152.054
  4  LG+I+G4       27703.960    113 55633.921    55694.973    56118.028
  8  LG+F+I+G4     27674.428    132 55612.855    55699.982    56178.361
 12  WAG+I+G4      27854.339    113 55934.678    55995.730    56418.785
 16  WAG+F+I+G4    27886.640    132 56037.279    56124.406    56602.785
 20  JTT+I+G4      27703.184    113 55632.368    55693.420    56116.476
 24  JTT+F+I+G4    27691.486    132 55646.973    55734.099    56212.478
Akaike Information Criterion:           LG+F+I+G4
Corrected Akaike Information Criterion: JTT+I+G4
Bayesian Information Criterion:         JTT+I+G4
Best-fit model: JTT+I+G4 chosen according to BIC

All model information printed to results_broccoli_meto/alignments_prefiltering/OG_2322.iqtree.model.gz
CPU time for ModelFinder: 16.206 seconds (0h:0m:16s)
Wall-clock time for ModelFinder: 9.296 seconds (0h:0m:9s)
Generating 1000 samples for ultrafast bootstrap (seed: 878102)...

NOTE: 21 MB RAM (0 GB) is required!
Estimate model parameters (epsilon = 0.100)
Thoroughly optimizing +I+G parameters from 10 start values...
Init pinv, alpha: 0.000, 1.781 / Estimate: 0.036, 1.777 / LogL: -27703.178
Init pinv, alpha: 0.005, 1.781 / Estimate: 0.036, 1.780 / LogL: -27703.176
Init pinv, alpha: 0.009, 1.781 / Estimate: 0.036, 1.777 / LogL: -27703.179
Init pinv, alpha: 0.014, 1.781 / Estimate: 0.036, 1.778 / LogL: -27703.180
Init pinv, alpha: 0.018, 1.781 / Estimate: 0.036, 1.779 / LogL: -27703.178
Init pinv, alpha: 0.023, 1.781 / Estimate: 0.036, 1.776 / LogL: -27703.183
Init pinv, alpha: 0.027, 1.781 / Estimate: 0.036, 1.777 / LogL: -27703.178
Init pinv, alpha: 0.032, 1.781 / Estimate: 0.036, 1.780 / LogL: -27703.176
Init pinv, alpha: 0.036, 1.781 / Estimate: 0.036, 1.781 / LogL: -27703.177
Init pinv, alpha: 0.041, 1.781 / Estimate: 0.036, 1.780 / LogL: -27703.177
Optimal pinv,alpha: 0.036, 1.780 / LogL: -27703.176

Parameters optimization took 5.758 sec
Computing ML distances based on estimated model parameters...
Computing ML distances took 0.207862 sec (of wall-clock time) 0.410835 sec(of CPU time)
WARNING: Some pairwise ML distances are too long (saturated)
Computing RapidNJ tree took 0.000800 sec (of wall-clock time) 0.000000 sec (of CPU time)
Log-likelihood of RapidNJ tree: -28226.635
--------------------------------------------------------------------
|             INITIALIZING CANDIDATE TREE SET                      |
--------------------------------------------------------------------
Generating 98 parsimony trees... 1.999 second
Computing log-likelihood of 98 initial trees ... 4.835 seconds
Current best score: -27703.176

Do NNI search on 20 best initial trees
Estimate model parameters (epsilon = 0.100)
BETTER TREE FOUND at iteration 1: -27701.033
Estimate model parameters (epsilon = 0.100)
BETTER TREE FOUND at iteration 2: -27694.491
Estimate model parameters (epsilon = 0.100)
BETTER TREE FOUND at iteration 3: -27681.312
Estimate model parameters (epsilon = 0.100)
BETTER TREE FOUND at iteration 5: -27681.116
Iteration 10 / LogL: -27686.479 / Time: 0h:0m:27s
Iteration 20 / LogL: -27686.553 / Time: 0h:0m:38s
Finish initializing candidate tree set (14)
Current best tree score: -27681.116 / CPU time: 31.896
Number of iterations: 20
--------------------------------------------------------------------
|               OPTIMIZING CANDIDATE TREE SET                      |
--------------------------------------------------------------------
BETTER TREE FOUND at iteration 29: -27681.115
Iteration 30 / LogL: -27682.225 / Time: 0h:0m:51s (0h:5m:52s left)
Iteration 40 / LogL: -27681.199 / Time: 0h:1m:4s (0h:5m:11s left)
Iteration 50 / LogL: -27683.866 / Time: 0h:1m:16s (0h:4m:38s left)
Log-likelihood cutoff on original alignment: -27714.063
Iteration 60 / LogL: -27681.220 / Time: 0h:1m:27s (0h:4m:10s left)
Iteration 70 / LogL: -27682.356 / Time: 0h:1m:40s (0h:3m:52s left)
Iteration 80 / LogL: -27691.915 / Time: 0h:1m:51s (0h:3m:30s left)
Iteration 90 / LogL: -27691.227 / Time: 0h:2m:3s (0h:3m:13s left)
Iteration 100 / LogL: -27681.316 / Time: 0h:2m:15s (0h:2m:56s left)
Log-likelihood cutoff on original alignment: -27713.861
NOTE: Bootstrap correlation coefficient of split occurrence frequencies: 0.998
Iteration 110 / LogL: -27681.551 / Time: 0h:2m:27s (0h:2m:40s left)
Iteration 120 / LogL: -27684.032 / Time: 0h:2m:39s (0h:2m:25s left)
Iteration 130 / LogL: -27681.310 / Time: 0h:2m:51s (0h:2m:11s left)
Iteration 140 / LogL: -27686.121 / Time: 0h:3m:3s (0h:1m:57s left)
Iteration 150 / LogL: -27681.908 / Time: 0h:3m:16s (0h:1m:43s left)
Log-likelihood cutoff on original alignment: -27714.758
Iteration 160 / LogL: -27681.683 / Time: 0h:3m:28s (0h:1m:30s left)
Iteration 170 / LogL: -27681.182 / Time: 0h:3m:40s (0h:1m:17s left)
Iteration 180 / LogL: -27682.535 / Time: 0h:3m:52s (0h:1m:3s left)
Iteration 190 / LogL: -27689.782 / Time: 0h:4m:5s (0h:0m:50s left)
Iteration 200 / LogL: -27681.122 / Time: 0h:4m:18s (0h:0m:37s left)
Log-likelihood cutoff on original alignment: -27714.758
NOTE: Bootstrap correlation coefficient of split occurrence frequencies: 0.999
Iteration 210 / LogL: -27681.370 / Time: 0h:4m:31s (0h:1m:56s left)
Iteration 220 / LogL: -27716.184 / Time: 0h:4m:43s (0h:1m:43s left)
Iteration 230 / LogL: -27681.495 / Time: 0h:4m:54s (0h:1m:30s left)
TREE SEARCH COMPLETED AFTER 230 ITERATIONS / Time: 0h:4m:54s

--------------------------------------------------------------------
|                    FINALIZING TREE SEARCH                        |
--------------------------------------------------------------------
Performs final model parameters optimization
Estimate model parameters (epsilon = 0.010)
1. Initial log-likelihood: -27681.115
Optimal log-likelihood: -27681.115
Proportion of invariable sites: 0.036
Gamma shape alpha: 1.755
Parameters optimization took 1 rounds (0.153 sec)
BEST SCORE FOUND : -27681.115
Creating bootstrap support values...
Split supports printed to NEXUS file results_broccoli_meto/alignments_prefiltering/OG_2322.iqtree.splits.nex
Total tree length: 22.832

Total number of iterations: 230
CPU time used for tree search: 572.307 sec (0h:9m:32s)
Wall-clock time used for tree search: 287.965 sec (0h:4m:47s)
Total CPU time used: 586.414 sec (0h:9m:46s)
Total wall-clock time used: 295.248 sec (0h:4m:55s)

Computing bootstrap consensus tree...
Reading input file results_broccoli_meto/alignments_prefiltering/OG_2322.iqtree.splits.nex...
57 taxa and 319 splits.
Consensus tree written to results_broccoli_meto/alignments_prefiltering/OG_2322.iqtree.contree
Reading input trees file results_broccoli_meto/alignments_prefiltering/OG_2322.iqtree.contree
Log-likelihood of consensus tree: -27681.119

Analysis results written to: 
  IQ-TREE report:                results_broccoli_meto/alignments_prefiltering/OG_2322.iqtree.iqtree
  Maximum-likelihood tree:       results_broccoli_meto/alignments_prefiltering/OG_2322.iqtree.treefile
  Likelihood distances:          results_broccoli_meto/alignments_prefiltering/OG_2322.iqtree.mldist

Ultrafast bootstrap approximation results written to:
  Split support values:          results_broccoli_meto/alignments_prefiltering/OG_2322.iqtree.splits.nex
  Consensus tree:                results_broccoli_meto/alignments_prefiltering/OG_2322.iqtree.contree
  Screen log file:               results_broccoli_meto/alignments_prefiltering/OG_2322.iqtree.log

Date and Time: Tue Dec 13 02:19:50 2022
