IQ-TREE multicore version 2.1.0 for Linux 64-bit built Jul 18 2020
Developed by Bui Quang Minh, James Barbetti, Nguyen Lam Tung,
Olga Chernomor, Heiko Schmidt, Dominik Schrempf, Michael Woodhams.

Host:    trantor09.linux.crg.es (AVX, FMA3, 503 GB RAM)
Command: /users/asebe/xgraubove/Programes/iqtree-2.1.0-Linux/bin/iqtree2 -s results_broccoli_meto/alignments_prefiltering/OG_2791.lt.fasta -m TEST -mset LG,WAG,JTT -nt AUTO -ntmax 2 -bb 1000 -pre results_broccoli_meto/alignments_prefiltering/OG_2791.iqtree -nm 10000 -nstop 200 -cptime 1800
Seed:    136093 (Using SPRNG - Scalable Parallel Random Number Generator)
Time:    Tue Dec 13 05:36:43 2022
Kernel:  AVX+FMA - auto-detect threads (2 CPU cores detected)

Reading alignment file results_broccoli_meto/alignments_prefiltering/OG_2791.lt.fasta ... Fasta format detected
Alignment most likely contains protein sequences
Alignment has 121 sequences with 2430 columns, 2429 distinct patterns
2369 parsimony-informative, 0 singleton sites, 61 constant sites
                                                    Gap/Ambiguity  Composition  p-value
   1  Lcom_lcpid195619                                     95.64%    passed     49.37%
   2  Lcom_lcpid119608                                     88.23%    passed     35.14%
   3  Lcom_lcpid244579                                     96.13%    passed     28.25%
   4  Tetwil_g26554.t1                                     45.31%    failed      3.01%
   5  Dpul_mRNA17351                                       95.47%    passed     71.80%
   6  Dpul_mRNA8765                                        95.39%    passed     48.59%
   7  Dpul_mRNA21278                                       92.92%    passed     21.28%
   8  Cgig_XM_034481722.1                                   0.33%    passed     46.62%
   9  Fspp_ffun1.m4.9016.m1                                 0.04%    passed     91.65%
  10  Gfas_gfas1.m1.16017.m1                               47.24%    passed     22.17%
  11  Gasp_gasp1.m3.27721.m1                                1.77%    passed     82.67%
  12  Spis_XP_022785781_1                                   0.21%    passed     85.30%
  13  Adig_XM_015913703.1                                   3.33%    passed     71.06%
  14  Amil_Amillepora24944-RA                              27.08%    passed     38.70%
  15  Gracom_Gcom_C561604_01                               30.12%    failed      0.00%
  16  Leuniv_Lniv_scaffold6563_01                          52.55%    failed      0.00%
  17  Lcom_lcpid8590                                       23.91%    failed      0.00%
  18  Clacor_Ccor_C514963_01                               93.25%    passed      9.39%
  19  Clacor_Ccor_scaffold10892_01                         84.40%    passed     19.26%
  20  Exapal_XM_028661665.1                                 9.47%    passed     55.49%
  21  Nvec_v1g168356                                       51.52%    passed     13.07%
  22  Cscu_XM_023373243.1                                   0.49%    passed     49.36%
  23  Tcas_TC006821_001                                    50.12%    passed      6.49%
  24  Chem_TCONS_00014119                                   7.28%    failed      2.09%
  25  Chem_TCONS_00038415                                  84.36%    passed     29.18%
  26  Chem_TCONS_00038147                                  85.10%    passed     28.81%
  27  Hvul_g4157_1                                          5.60%    failed      0.05%
  28  Dpul_mRNA28244                                        0.66%    failed      0.76%
  29  Dpul_mRNA19675                                       98.35%    passed     24.80%
  30  Skow_XM_006818077.1                                   0.21%    passed     79.02%
  31  Spur_XM_030972294.1                                   0.16%    passed     38.78%
  32  Bralan_BLAG01102813_1                                 0.21%    failed      2.12%
  33  Ctel_gnl_WGS_AMQN_CAPTEDRAFT_mRNA204582              94.16%    passed     86.90%
  34  Ctel_gnl_WGS_AMQN_CAPTEDRAFT_mRNA172201              31.48%    failed      3.01%
  35  Hsap_ENST00000300648                                  0.12%    failed      0.13%
  36  Horcal_Hcv1.av93.c2.g442.i1                           1.60%    passed     13.05%
  37  Pbac_sb2637645                                        4.03%    passed      9.25%
  38  Bolinf_Binf_sb1173804                                94.28%    passed     70.75%
  39  Eupdun_Edun_sb10662297                               60.58%    passed     39.83%
  40  Pbac_sb2661165                                       37.04%    passed     45.73%
  41  Beraby_Baby_sb350997                                 89.92%    passed      9.87%
  42  Beraby_Baby_sb350989                                 55.23%    passed     37.56%
  43  Bolinf_Binf_sb1274148                                64.77%    passed      9.00%
  44  Mertsp_Mesp_sb585003                                 59.05%    passed     14.32%
  45  Bolinf_Binf_sb1254154                                92.72%    passed     65.74%
  46  Lampan_Lpan_16270_01                                 43.70%    passed     27.92%
  47  Eupdun_Edun_sb10662298                               84.36%    passed     21.31%
  48  Eupdun_Edun_sb10662294                               34.07%    passed     12.23%
  49  Eupdun_Edun_sb10662299                               84.61%    passed     37.79%
  50  Bolinf_Binf_sb1254155                                76.13%    passed     25.85%
  51  Mertsp_Mesp_sb561848                                 83.33%    passed     39.42%
  52  Vmul_sbMO400485                                      76.01%    passed     37.56%
  53  Drygla_Dgla_sb309124                                 56.83%    passed     52.04%
  54  Coeast_Cast_sb782539                                 77.82%    passed      6.11%
  55  Coemet_Cmet_scaffold22261_01                          9.47%    failed      0.04%
  56  Coeast_Cast_sb759278                                 91.40%    passed     45.05%
  57  Coeast_Cast_sb848275                                 94.40%    passed     40.13%
  58  Vmul_SimC407378                                       1.36%    failed      4.12%
  59  Coeast_Cast_sb792539                                 58.68%    failed      2.68%
  60  Drygla_Dgla_sb309129                                 88.07%    passed      7.28%
  61  Sanmal_Sma_018909-T1                                  0.45%    passed      9.07%
  62  Nemnom_g19035.t1                                      0.25%    passed     27.29%
  63  Nemnom_g19544.t1                                     94.40%    passed     72.39%
  64  Rhoesc_Res_006254-T1                                  0.21%    failed      3.92%
  65  Aaur_scaffold703.g1.t2                               71.77%    passed      7.62%
  66  Aaur_scaffold703.g2.t1                               37.12%    passed      6.29%
  67  Morvir_scaffold41.g64.t3                              3.25%    passed      5.90%
  68  Dgig_XM_028562269.1                                  17.16%    failed      2.48%
  69  Dgig_XM_028562416.1                                   8.44%    failed      1.53%
  70  Acagra_model.g14792.t1                               72.92%    passed     15.95%
  71  Dpul_mRNA20968                                       90.45%    passed     95.83%
  72  Dpul_mRNA5586                                        97.53%    passed     15.22%
  73  HoiH23_PlH23_006758-RA                                0.53%    failed      0.04%
  74  HoiH06_mRNA14125                                      0.53%    failed      0.23%
  75  Hhon_g06659.t1                                        0.49%    failed      0.01%
  76  HoiH04_mRNA921                                        0.49%    failed      0.04%
  77  HoiH11_mRNA3968                                       8.11%    failed      4.79%
  78  TrH2_TrispH2_002890-RA                                2.84%    failed      1.88%
  79  Tadh_TriadT58366                                      6.30%    passed      8.33%
  80  Ocar_g9642                                           93.79%    passed     45.51%
  81  Opea_EP00118_Oscarella_pearsei_P017747               25.27%    passed     11.42%
  82  Ocar_g8114                                           83.99%    passed     11.57%
  83  Stycar_maker-SC_scaffold9031-snap-gene-0.4-mRNA-1    75.76%    failed      2.74%
  84  Xestes_maker-XT_scaffold29024-snap-gene-0.5-mRNA-1   36.83%    passed     64.23%
  85  Halamb_c56579_g1_i1m.43705                            2.84%    failed      0.75%
  86  Aque_Aqu2.1.29900_001                                 6.26%    failed      0.00%
  87  Emue_Em0015g1293a.t1                                 84.69%    failed      0.06%
  88  Emue_Em0019g415a.t1                                  85.68%    failed      0.00%
  89  Emue_Em0015g1296a.t1                                 31.03%    failed      0.01%
  90  Emue_Em0019g411a.t1                                  27.74%    failed      0.02%
  91  Spolac_c104840_g1_i1_m.43733c104840-g1                5.76%    failed      0.01%
  92  Nvec_NVE1380                                         95.31%    passed     20.90%
  93  Xesp_005144-T1                                       23.13%    failed      0.00%
  94  Plespi_Pspi_scaffold20664_01                         16.58%    failed      3.11%
  95  Dpul_mRNA27614                                       91.81%    passed     38.91%
  96  Plajan_Pjan_scaffold23793_01                         29.88%    passed     15.89%
  97  Xesp_005147-T1                                       80.78%    failed      0.00%
  98  Lcom_lcpid246792                                     95.80%    failed      1.50%
  99  Clacor_Ccor_scaffold6505_01                          73.87%    failed      0.04%
 100  Lcom_lcpid139141                                     91.19%    failed      1.04%
 101  Lcom_lcpid68225                                      75.93%    failed      0.00%
 102  Gracom_Gcom_scaffold17379_01                         70.00%    failed      2.75%
 103  Clacor_Ccor_scaffold7728_01                          89.01%    failed      1.49%
 104  Ctel_gnl_WGS_AMQN_CAPTEDRAFT_mRNA190553              74.28%    passed     80.73%
 105  Ctel_gnl_WGS_AMQN_CAPTEDRAFT_mRNA195675              68.81%    passed     73.36%
 106  Nvec_v1g20230                                        62.35%    failed      0.59%
 107  Lcom_lcpid195184                                     95.02%    passed     91.97%
 108  Tcas_TC031748_001                                    61.03%    failed      0.59%
 109  Beraby_Baby_sb323694                                 90.45%    passed     30.94%
 110  Tetwil_g2260.t2                                      62.59%    failed      0.00%
 111  Opea_EP00118_Oscarella_pearsei_P017745               75.31%    failed      3.57%
 112  Ocar_g6712                                           75.43%    failed      0.00%
 113  Gfas_gfas1.m1.16012.m1                               94.24%    failed      0.60%
 114  Lcom_lcpid155749                                     93.00%    passed     50.81%
 115  Mertsp_Mesp_sb609813                                 92.47%    failed      3.35%
 116  Clacor_Ccor_C520727_01                               91.28%    passed     51.09%
 117  Beraby_Baby_sb334368                                 88.72%    passed     80.07%
 118  Leuniv_Lniv_scaffold24248_01                         90.58%    failed      0.47%
 119  Lcom_lcpid137792                                     91.98%    failed      0.08%
 120  Eupdun_Edun_sb10600452                               81.85%    failed      3.58%
 121  Beraby_Baby_sb334398                                 84.81%    passed     35.23%
WARNING: 70 sequences contain more than 50% gaps/ambiguity
****  TOTAL                                                52.83%  49 sequences failed composition chi2 test (p-value<5%; df=19)


Create initial parsimony tree by phylogenetic likelihood library (PLL)... 0.338 seconds
Measuring multi-threading efficiency up to 2 CPU cores
2 trees examined
Threads: 1 / Time: 3.711 sec / Speedup: 1.000 / Efficiency: 100% / LogL: -245528
Threads: 2 / Time: 2.702 sec / Speedup: 1.374 / Efficiency: 69% / LogL: -245528
BEST NUMBER OF THREADS: 2

Perform fast likelihood tree search using LG+I+G model...
Estimate model parameters (epsilon = 5.000)
Perform nearest neighbor interchange...
Estimate model parameters (epsilon = 1.000)
1. Initial log-likelihood: -164393.662
Optimal log-likelihood: -164393.425
Proportion of invariable sites: 0.018
Gamma shape alpha: 1.380
Parameters optimization took 1 rounds (4.097 sec)
Time for fast ML tree search: 85.468 seconds

NOTE: ModelFinder requires 192 MB RAM!
ModelFinder will test up to 24 protein models (sample size: 2430) ...
 No. Model         -LnL         df  AIC          AICc         BIC
  1  LG            170966.098   239 342410.196   342462.580   343795.356
  2  LG+I          170409.533   240 341299.066   341351.912   342690.021
  3  LG+G4         164442.251   240 329364.501   329417.347   330755.456
  4  LG+I+G4       164392.121   241 329266.241   329319.552   330662.992
  8  LG+F+I+G4     163995.368   260 328510.737   328573.309   330017.605
 12  WAG+I+G4      165327.257   241 331136.514   331189.825   332533.265
 16  WAG+F+I+G4    165037.903   260 330595.806   330658.378   332102.674
 20  JTT+I+G4      165393.266   241 331268.532   331321.843   332665.283
 24  JTT+F+I+G4    164866.212   260 330252.423   330314.996   331759.291
Akaike Information Criterion:           LG+F+I+G4
Corrected Akaike Information Criterion: LG+F+I+G4
Bayesian Information Criterion:         LG+F+I+G4
Best-fit model: LG+F+I+G4 chosen according to BIC

All model information printed to results_broccoli_meto/alignments_prefiltering/OG_2791.iqtree.model.gz
CPU time for ModelFinder: 474.653 seconds (0h:7m:54s)
Wall-clock time for ModelFinder: 239.928 seconds (0h:3m:59s)
Generating 1000 samples for ultrafast bootstrap (seed: 136093)...

NOTE: 192 MB RAM (0 GB) is required!
Estimate model parameters (epsilon = 0.100)
Thoroughly optimizing +I+G parameters from 10 start values...
Init pinv, alpha: 0.000, 1.326 / Estimate: 0.018, 1.326 / LogL: -163995.297
Init pinv, alpha: 0.003, 1.326 / Estimate: 0.018, 1.326 / LogL: -163995.312
Init pinv, alpha: 0.006, 1.326 / Estimate: 0.018, 1.324 / LogL: -163995.321
Init pinv, alpha: 0.008, 1.326 / Estimate: 0.018, 1.325 / LogL: -163995.314
Init pinv, alpha: 0.011, 1.326 / Estimate: 0.018, 1.324 / LogL: -163995.330
Init pinv, alpha: 0.014, 1.326 / Estimate: 0.018, 1.326 / LogL: -163995.320
Init pinv, alpha: 0.017, 1.326 / Estimate: 0.017, 1.324 / LogL: -163995.339
Init pinv, alpha: 0.020, 1.326 / Estimate: 0.018, 1.325 / LogL: -163995.322
Init pinv, alpha: 0.022, 1.326 / Estimate: 0.018, 1.326 / LogL: -163995.326
Init pinv, alpha: 0.025, 1.326 / Estimate: 0.018, 1.325 / LogL: -163995.312
Optimal pinv,alpha: 0.018, 1.326 / LogL: -163995.297

Parameters optimization took 137.717 sec
Computing ML distances based on estimated model parameters...
Computing ML distances took 2.020447 sec (of wall-clock time) 4.034733 sec(of CPU time)
WARNING: Some pairwise ML distances are too long (saturated)
Computing RapidNJ tree took 0.002986 sec (of wall-clock time) 0.002938 sec (of CPU time)
Log-likelihood of RapidNJ tree: -177215.249
--------------------------------------------------------------------
|             INITIALIZING CANDIDATE TREE SET                      |
--------------------------------------------------------------------
Generating 98 parsimony trees... 37.986 second
Computing log-likelihood of 98 initial trees ... 125.389 seconds
Current best score: -163995.297

Do NNI search on 20 best initial trees
Estimate model parameters (epsilon = 0.100)
BETTER TREE FOUND at iteration 1: -163995.190
Estimate model parameters (epsilon = 0.100)
BETTER TREE FOUND at iteration 2: -163940.799
Estimate model parameters (epsilon = 0.100)
BETTER TREE FOUND at iteration 4: -163935.741
Estimate model parameters (epsilon = 0.100)
BETTER TREE FOUND at iteration 7: -163935.542
Estimate model parameters (epsilon = 0.100)
BETTER TREE FOUND at iteration 8: -163926.647
Iteration 10 / LogL: -163961.533 / Time: 0h:13m:54s
Iteration 20 / LogL: -163992.021 / Time: 0h:23m:35s
Finish initializing candidate tree set (20)
Current best tree score: -163926.647 / CPU time: 1243.034
Number of iterations: 20
--------------------------------------------------------------------
|               OPTIMIZING CANDIDATE TREE SET                      |
--------------------------------------------------------------------
Iteration 30 / LogL: -163927.506 / Time: 0h:32m:4s (3h:16m:49s left)
Estimate model parameters (epsilon = 0.100)
BETTER TREE FOUND at iteration 35: -163925.863
Iteration 40 / LogL: -163929.102 / Time: 0h:42m:1s (3h:30m:9s left)
Iteration 50 / LogL: -163930.777 / Time: 0h:49m:44s (3h:7m:46s left)
Log-likelihood cutoff on original alignment: -164014.461
Iteration 60 / LogL: -163932.268 / Time: 0h:57m:55s (2h:51m:48s left)
Iteration 70 / LogL: -163934.465 / Time: 1h:6m:17s (2h:38m:30s left)
Iteration 80 / LogL: -163932.130 / Time: 1h:14m:19s (2h:25m:48s left)
Iteration 90 / LogL: -163927.662 / Time: 1h:21m:43s (2h:13m:9s left)
Iteration 100 / LogL: -163939.654 / Time: 1h:30m:23s (2h:3m:14s left)
Log-likelihood cutoff on original alignment: -163980.672
NOTE: Bootstrap correlation coefficient of split occurrence frequencies: 0.991
Iteration 110 / LogL: -163931.902 / Time: 1h:37m:37s (1h:51m:56s left)
Estimate model parameters (epsilon = 0.100)
BETTER TREE FOUND at iteration 112: -163925.438
Iteration 120 / LogL: -163926.688 / Time: 1h:46m:51s (2h:52m:23s left)
Iteration 130 / LogL: -163934.816 / Time: 1h:56m:2s (2h:43m:43s left)
Iteration 140 / LogL: -163939.947 / Time: 2h:5m:24s (2h:35m:10s left)
Iteration 150 / LogL: -163929.316 / Time: 2h:13m:33s (2h:25m:12s left)
Log-likelihood cutoff on original alignment: -163980.672
Iteration 160 / LogL: -163939.580 / Time: 2h:21m:46s (2h:15m:31s left)
Iteration 170 / LogL: -163929.071 / Time: 2h:30m:1s (2h:6m:3s left)
Iteration 180 / LogL: -163979.076 / Time: 2h:37m:26s (1h:56m:5s left)
Iteration 190 / LogL: -163931.195 / Time: 2h:45m:24s (1h:46m:45s left)
Iteration 200 / LogL: -163939.822 / Time: 2h:53m:10s (1h:37m:27s left)
Log-likelihood cutoff on original alignment: -163980.672
NOTE: Bootstrap correlation coefficient of split occurrence frequencies: 0.998
Estimate model parameters (epsilon = 0.100)
BETTER TREE FOUND at iteration 203: -163925.107
Iteration 210 / LogL: -163928.228 / Time: 3h:1m:39s (2h:47m:44s left)
Iteration 220 / LogL: -163926.934 / Time: 3h:10m:49s (2h:39m:27s left)
Iteration 230 / LogL: -163929.589 / Time: 3h:18m:42s (2h:30m:6s left)
Iteration 240 / LogL: -163971.427 / Time: 3h:25m:43s (2h:20m:18s left)
Iteration 250 / LogL: -163928.717 / Time: 3h:33m:25s (2h:11m:8s left)
Log-likelihood cutoff on original alignment: -163980.672
Iteration 260 / LogL: -163946.343 / Time: 3h:41m:37s (2h:2m:22s left)
Estimate model parameters (epsilon = 0.100)
UPDATE BEST LOG-LIKELIHOOD: -163924.995
Iteration 270 / LogL: -163929.922 / Time: 3h:51m:5s (1h:54m:15s left)
Iteration 280 / LogL: -163925.880 / Time: 3h:59m:12s (1h:45m:27s left)
Iteration 290 / LogL: -163951.641 / Time: 4h:7m:38s (1h:36m:49s left)
Iteration 300 / LogL: -163944.214 / Time: 4h:15m:55s (1h:28m:9s left)
Log-likelihood cutoff on original alignment: -163980.672
NOTE: Bootstrap correlation coefficient of split occurrence frequencies: 0.998

******************************************************
CHECKPOINT: Resuming analysis from results_broccoli_meto/alignments_prefiltering/OG_2791.iqtree.ckp.gz

IQ-TREE multicore version 2.1.0 for Linux 64-bit built Jul 18 2020
Developed by Bui Quang Minh, James Barbetti, Nguyen Lam Tung,
Olga Chernomor, Heiko Schmidt, Dominik Schrempf, Michael Woodhams.

Host:    node-hp0104.linux.crg.es (AVX, 125 GB RAM)
Command: /users/asebe/xgraubove/Programes/iqtree-2.1.0-Linux/bin/iqtree2 -s results_broccoli_meto/alignments_prefiltering/OG_2791.lt.fasta -m TEST -mset LG,WAG,JTT -nt AUTO -ntmax 2 -bb 1000 -pre results_broccoli_meto/alignments_prefiltering/OG_2791.iqtree -nm 10000 -nstop 200 -cptime 1800
Seed:    514560 (Using SPRNG - Scalable Parallel Random Number Generator)
Time:    Tue Dec 13 17:06:31 2022
Kernel:  AVX - auto-detect threads (2 CPU cores detected)

Reading alignment file results_broccoli_meto/alignments_prefiltering/OG_2791.lt.fasta ... Fasta format detected
Alignment most likely contains protein sequences
Alignment has 121 sequences with 2430 columns, 2429 distinct patterns
2369 parsimony-informative, 0 singleton sites, 61 constant sites
                                                    Gap/Ambiguity  Composition  p-value
   1  Lcom_lcpid195619                                     95.64%    passed     49.37%
   2  Lcom_lcpid119608                                     88.23%    passed     35.14%
   3  Lcom_lcpid244579                                     96.13%    passed     28.25%
   4  Tetwil_g26554.t1                                     45.31%    failed      3.01%
   5  Dpul_mRNA17351                                       95.47%    passed     71.80%
   6  Dpul_mRNA8765                                        95.39%    passed     48.59%
   7  Dpul_mRNA21278                                       92.92%    passed     21.28%
   8  Cgig_XM_034481722.1                                   0.33%    passed     46.62%
   9  Fspp_ffun1.m4.9016.m1                                 0.04%    passed     91.65%
  10  Gfas_gfas1.m1.16017.m1                               47.24%    passed     22.17%
  11  Gasp_gasp1.m3.27721.m1                                1.77%    passed     82.67%
  12  Spis_XP_022785781_1                                   0.21%    passed     85.30%
  13  Adig_XM_015913703.1                                   3.33%    passed     71.06%
  14  Amil_Amillepora24944-RA                              27.08%    passed     38.70%
  15  Gracom_Gcom_C561604_01                               30.12%    failed      0.00%
  16  Leuniv_Lniv_scaffold6563_01                          52.55%    failed      0.00%
  17  Lcom_lcpid8590                                       23.91%    failed      0.00%
  18  Clacor_Ccor_C514963_01                               93.25%    passed      9.39%
  19  Clacor_Ccor_scaffold10892_01                         84.40%    passed     19.26%
  20  Exapal_XM_028661665.1                                 9.47%    passed     55.49%
  21  Nvec_v1g168356                                       51.52%    passed     13.07%
  22  Cscu_XM_023373243.1                                   0.49%    passed     49.36%
  23  Tcas_TC006821_001                                    50.12%    passed      6.49%
  24  Chem_TCONS_00014119                                   7.28%    failed      2.09%
  25  Chem_TCONS_00038415                                  84.36%    passed     29.18%
  26  Chem_TCONS_00038147                                  85.10%    passed     28.81%
  27  Hvul_g4157_1                                          5.60%    failed      0.05%
  28  Dpul_mRNA28244                                        0.66%    failed      0.76%
  29  Dpul_mRNA19675                                       98.35%    passed     24.80%
  30  Skow_XM_006818077.1                                   0.21%    passed     79.02%
  31  Spur_XM_030972294.1                                   0.16%    passed     38.78%
  32  Bralan_BLAG01102813_1                                 0.21%    failed      2.12%
  33  Ctel_gnl_WGS_AMQN_CAPTEDRAFT_mRNA204582              94.16%    passed     86.90%
  34  Ctel_gnl_WGS_AMQN_CAPTEDRAFT_mRNA172201              31.48%    failed      3.01%
  35  Hsap_ENST00000300648                                  0.12%    failed      0.13%
  36  Horcal_Hcv1.av93.c2.g442.i1                           1.60%    passed     13.05%
  37  Pbac_sb2637645                                        4.03%    passed      9.25%
  38  Bolinf_Binf_sb1173804                                94.28%    passed     70.75%
  39  Eupdun_Edun_sb10662297                               60.58%    passed     39.83%
  40  Pbac_sb2661165                                       37.04%    passed     45.73%
  41  Beraby_Baby_sb350997                                 89.92%    passed      9.87%
  42  Beraby_Baby_sb350989                                 55.23%    passed     37.56%
  43  Bolinf_Binf_sb1274148                                64.77%    passed      9.00%
  44  Mertsp_Mesp_sb585003                                 59.05%    passed     14.32%
  45  Bolinf_Binf_sb1254154                                92.72%    passed     65.74%
  46  Lampan_Lpan_16270_01                                 43.70%    passed     27.92%
  47  Eupdun_Edun_sb10662298                               84.36%    passed     21.31%
  48  Eupdun_Edun_sb10662294                               34.07%    passed     12.23%
  49  Eupdun_Edun_sb10662299                               84.61%    passed     37.79%
  50  Bolinf_Binf_sb1254155                                76.13%    passed     25.85%
  51  Mertsp_Mesp_sb561848                                 83.33%    passed     39.42%
  52  Vmul_sbMO400485                                      76.01%    passed     37.56%
  53  Drygla_Dgla_sb309124                                 56.83%    passed     52.04%
  54  Coeast_Cast_sb782539                                 77.82%    passed      6.11%
  55  Coemet_Cmet_scaffold22261_01                          9.47%    failed      0.04%
  56  Coeast_Cast_sb759278                                 91.40%    passed     45.05%
  57  Coeast_Cast_sb848275                                 94.40%    passed     40.13%
  58  Vmul_SimC407378                                       1.36%    failed      4.12%
  59  Coeast_Cast_sb792539                                 58.68%    failed      2.68%
  60  Drygla_Dgla_sb309129                                 88.07%    passed      7.28%
  61  Sanmal_Sma_018909-T1                                  0.45%    passed      9.07%
  62  Nemnom_g19035.t1                                      0.25%    passed     27.29%
  63  Nemnom_g19544.t1                                     94.40%    passed     72.39%
  64  Rhoesc_Res_006254-T1                                  0.21%    failed      3.92%
  65  Aaur_scaffold703.g1.t2                               71.77%    passed      7.62%
  66  Aaur_scaffold703.g2.t1                               37.12%    passed      6.29%
  67  Morvir_scaffold41.g64.t3                              3.25%    passed      5.90%
  68  Dgig_XM_028562269.1                                  17.16%    failed      2.48%
  69  Dgig_XM_028562416.1                                   8.44%    failed      1.53%
  70  Acagra_model.g14792.t1                               72.92%    passed     15.95%
  71  Dpul_mRNA20968                                       90.45%    passed     95.83%
  72  Dpul_mRNA5586                                        97.53%    passed     15.22%
  73  HoiH23_PlH23_006758-RA                                0.53%    failed      0.04%
  74  HoiH06_mRNA14125                                      0.53%    failed      0.23%
  75  Hhon_g06659.t1                                        0.49%    failed      0.01%
  76  HoiH04_mRNA921                                        0.49%    failed      0.04%
  77  HoiH11_mRNA3968                                       8.11%    failed      4.79%
  78  TrH2_TrispH2_002890-RA                                2.84%    failed      1.88%
  79  Tadh_TriadT58366                                      6.30%    passed      8.33%
  80  Ocar_g9642                                           93.79%    passed     45.51%
  81  Opea_EP00118_Oscarella_pearsei_P017747               25.27%    passed     11.42%
  82  Ocar_g8114                                           83.99%    passed     11.57%
  83  Stycar_maker-SC_scaffold9031-snap-gene-0.4-mRNA-1    75.76%    failed      2.74%
  84  Xestes_maker-XT_scaffold29024-snap-gene-0.5-mRNA-1   36.83%    passed     64.23%
  85  Halamb_c56579_g1_i1m.43705                            2.84%    failed      0.75%
  86  Aque_Aqu2.1.29900_001                                 6.26%    failed      0.00%
  87  Emue_Em0015g1293a.t1                                 84.69%    failed      0.06%
  88  Emue_Em0019g415a.t1                                  85.68%    failed      0.00%
  89  Emue_Em0015g1296a.t1                                 31.03%    failed      0.01%
  90  Emue_Em0019g411a.t1                                  27.74%    failed      0.02%
  91  Spolac_c104840_g1_i1_m.43733c104840-g1                5.76%    failed      0.01%
  92  Nvec_NVE1380                                         95.31%    passed     20.90%
  93  Xesp_005144-T1                                       23.13%    failed      0.00%
  94  Plespi_Pspi_scaffold20664_01                         16.58%    failed      3.11%
  95  Dpul_mRNA27614                                       91.81%    passed     38.91%
  96  Plajan_Pjan_scaffold23793_01                         29.88%    passed     15.89%
  97  Xesp_005147-T1                                       80.78%    failed      0.00%
  98  Lcom_lcpid246792                                     95.80%    failed      1.50%
  99  Clacor_Ccor_scaffold6505_01                          73.87%    failed      0.04%
 100  Lcom_lcpid139141                                     91.19%    failed      1.04%
 101  Lcom_lcpid68225                                      75.93%    failed      0.00%
 102  Gracom_Gcom_scaffold17379_01                         70.00%    failed      2.75%
 103  Clacor_Ccor_scaffold7728_01                          89.01%    failed      1.49%
 104  Ctel_gnl_WGS_AMQN_CAPTEDRAFT_mRNA190553              74.28%    passed     80.73%
 105  Ctel_gnl_WGS_AMQN_CAPTEDRAFT_mRNA195675              68.81%    passed     73.36%
 106  Nvec_v1g20230                                        62.35%    failed      0.59%
 107  Lcom_lcpid195184                                     95.02%    passed     91.97%
 108  Tcas_TC031748_001                                    61.03%    failed      0.59%
 109  Beraby_Baby_sb323694                                 90.45%    passed     30.94%
 110  Tetwil_g2260.t2                                      62.59%    failed      0.00%
 111  Opea_EP00118_Oscarella_pearsei_P017745               75.31%    failed      3.57%
 112  Ocar_g6712                                           75.43%    failed      0.00%
 113  Gfas_gfas1.m1.16012.m1                               94.24%    failed      0.60%
 114  Lcom_lcpid155749                                     93.00%    passed     50.81%
 115  Mertsp_Mesp_sb609813                                 92.47%    failed      3.35%
 116  Clacor_Ccor_C520727_01                               91.28%    passed     51.09%
 117  Beraby_Baby_sb334368                                 88.72%    passed     80.07%
 118  Leuniv_Lniv_scaffold24248_01                         90.58%    failed      0.47%
 119  Lcom_lcpid137792                                     91.98%    failed      0.08%
 120  Eupdun_Edun_sb10600452                               81.85%    failed      3.58%
 121  Beraby_Baby_sb334398                                 84.81%    passed     35.23%
WARNING: 70 sequences contain more than 50% gaps/ambiguity
****  TOTAL                                                52.83%  49 sequences failed composition chi2 test (p-value<5%; df=19)

NOTE: Restoring information from model checkpoint file results_broccoli_meto/alignments_prefiltering/OG_2791.iqtree.model.gz

CHECKPOINT: Initial tree restored
Measuring multi-threading efficiency up to 2 CPU cores
2 trees examined
Threads: 1 / Time: 2.858 sec / Speedup: 1.000 / Efficiency: 100% / LogL: -240316
Threads: 2 / Time: 2.283 sec / Speedup: 1.252 / Efficiency: 63% / LogL: -240316
BEST NUMBER OF THREADS: 2

Perform fast likelihood tree search using LG+I+G model...
CHECKPOINT: Tree restored, LogL: -164400.844
NOTE: ModelFinder requires 192 MB RAM!
ModelFinder will test up to 24 protein models (sample size: 2430) ...
 No. Model         -LnL         df  AIC          AICc         BIC
  1  LG            170966.098   239 342410.196   342462.580   343795.356
  2  LG+I          170409.533   240 341299.066   341351.912   342690.021
  3  LG+G4         164442.250   240 329364.501   329417.347   330755.456
  4  LG+I+G4       164392.121   241 329266.241   329319.552   330662.992
  8  LG+F+I+G4     163995.368   260 328510.737   328573.309   330017.605
 12  WAG+I+G4      165327.257   241 331136.514   331189.825   332533.265
 16  WAG+F+I+G4    165037.903   260 330595.806   330658.378   332102.674
 20  JTT+I+G4      165393.266   241 331268.532   331321.843   332665.283
 24  JTT+F+I+G4    164866.212   260 330252.423   330314.996   331759.291
Akaike Information Criterion:           LG+F+I+G4
Corrected Akaike Information Criterion: LG+F+I+G4
Bayesian Information Criterion:         LG+F+I+G4
Best-fit model: LG+F+I+G4 chosen according to BIC

All model information printed to results_broccoli_meto/alignments_prefiltering/OG_2791.iqtree.model.gz
CPU time for ModelFinder: 4.558 seconds (0h:0m:4s)
Wall-clock time for ModelFinder: 5.670 seconds (0h:0m:5s)
Generating 1000 samples for ultrafast bootstrap (seed: 514560)...
CHECKPOINT: 1000 UFBoot trees and 5 UFBootSplits restored

NOTE: 192 MB RAM (0 GB) is required!
CHECKPOINT: Model parameters restored, LogL: -163924.995
--------------------------------------------------------------------
|             INITIALIZING CANDIDATE TREE SET                      |
--------------------------------------------------------------------
CHECKPOINT: Candidate tree set restored, best LogL: -163924.995
Finish initializing candidate tree set (20)
Current best tree score: -163924.995 / CPU time: 0.000
Number of iterations: 288
--------------------------------------------------------------------
|               OPTIMIZING CANDIDATE TREE SET                      |
--------------------------------------------------------------------
Iteration 290 / LogL: -163928.201 / Time: 0h:1m:21s (0h:0m:31s left)
Iteration 300 / LogL: -163927.051 / Time: 0h:5m:57s (0h:2m:2s left)
Log-likelihood cutoff on original alignment: -163964.752
NOTE: Bootstrap correlation coefficient of split occurrence frequencies: 0.991
Iteration 310 / LogL: -163927.035 / Time: 0h:9m:53s (0h:2m:58s left)
Iteration 320 / LogL: -163931.989 / Time: 0h:13m:16s (0h:3m:27s left)
Iteration 330 / LogL: -163952.119 / Time: 0h:17m:25s (0h:3m:51s left)
Iteration 340 / LogL: -163935.177 / Time: 0h:21m:12s (0h:3m:56s left)
Iteration 350 / LogL: -163929.575 / Time: 0h:24m:56s (0h:3m:47s left)
Log-likelihood cutoff on original alignment: -163964.752
Iteration 360 / LogL: -163931.198 / Time: 0h:30m:52s (0h:3m:41s left)
Iteration 370 / LogL: -163931.046 / Time: 0h:36m:22s (0h:3m:15s left)
Iteration 380 / LogL: -163935.470 / Time: 0h:42m:27s (0h:2m:34s left)
Iteration 390 / LogL: -163936.687 / Time: 0h:48m:8s (0h:1m:36s left)
Iteration 400 / LogL: -163936.044 / Time: 0h:53m:6s (0h:0m:23s left)
Log-likelihood cutoff on original alignment: -163964.943
NOTE: Bootstrap correlation coefficient of split occurrence frequencies: 0.996
TREE SEARCH COMPLETED AFTER 404 ITERATIONS / Time: 0h:55m:0s

--------------------------------------------------------------------
|                    FINALIZING TREE SEARCH                        |
--------------------------------------------------------------------
Performs final model parameters optimization
Estimate model parameters (epsilon = 0.010)
Thoroughly optimizing +I+G parameters from 10 start values...
Init pinv, alpha: 0.000, 1.323 / Estimate: 0.018, 1.324 / LogL: -163924.931
Init pinv, alpha: 0.003, 1.323 / Estimate: 0.018, 1.324 / LogL: -163924.941
Init pinv, alpha: 0.006, 1.323 / Estimate: 0.018, 1.324 / LogL: -163924.944
Init pinv, alpha: 0.008, 1.323 / Estimate: 0.018, 1.324 / LogL: -163924.945
Init pinv, alpha: 0.011, 1.323 / Estimate: 0.018, 1.324 / LogL: -163924.947
Init pinv, alpha: 0.014, 1.323 / Estimate: 0.018, 1.324 / LogL: -163924.949
Init pinv, alpha: 0.017, 1.323 / Estimate: 0.018, 1.324 / LogL: -163924.956
Init pinv, alpha: 0.020, 1.323 / Estimate: 0.018, 1.323 / LogL: -163924.958
Init pinv, alpha: 0.022, 1.323 / Estimate: 0.018, 1.324 / LogL: -163924.952
Init pinv, alpha: 0.025, 1.323 / Estimate: 0.018, 1.324 / LogL: -163924.949
Optimal pinv,alpha: 0.018, 1.324 / LogL: -163924.931

Parameters optimization took 98.779 sec
BEST SCORE FOUND : -163924.931
Creating bootstrap support values...
Split supports printed to NEXUS file results_broccoli_meto/alignments_prefiltering/OG_2791.iqtree.splits.nex
Total tree length: 58.497

Total number of iterations: 404
CPU time used for tree search: 4836.580 sec (1h:20m:36s)
Wall-clock time used for tree search: 3300.213 sec (0h:55m:0s)
Total CPU time used: 5001.042 sec (1h:23m:21s)
Total wall-clock time used: 3399.858 sec (0h:56m:39s)

Computing bootstrap consensus tree...
Reading input file results_broccoli_meto/alignments_prefiltering/OG_2791.iqtree.splits.nex...
121 taxa and 647 splits.
Consensus tree written to results_broccoli_meto/alignments_prefiltering/OG_2791.iqtree.contree
Reading input trees file results_broccoli_meto/alignments_prefiltering/OG_2791.iqtree.contree
Log-likelihood of consensus tree: -163925.468

Analysis results written to: 
  IQ-TREE report:                results_broccoli_meto/alignments_prefiltering/OG_2791.iqtree.iqtree
  Maximum-likelihood tree:       results_broccoli_meto/alignments_prefiltering/OG_2791.iqtree.treefile
  Likelihood distances:          results_broccoli_meto/alignments_prefiltering/OG_2791.iqtree.mldist

Ultrafast bootstrap approximation results written to:
  Split support values:          results_broccoli_meto/alignments_prefiltering/OG_2791.iqtree.splits.nex
  Consensus tree:                results_broccoli_meto/alignments_prefiltering/OG_2791.iqtree.contree
  Screen log file:               results_broccoli_meto/alignments_prefiltering/OG_2791.iqtree.log

Date and Time: Tue Dec 13 18:03:44 2022
