IQ-TREE multicore version 2.1.0 for Linux 64-bit built Jul 18 2020
Developed by Bui Quang Minh, James Barbetti, Nguyen Lam Tung,
Olga Chernomor, Heiko Schmidt, Dominik Schrempf, Michael Woodhams.

Host:    node-hp0407.linux.crg.es (AVX, 125 GB RAM)
Command: /users/asebe/xgraubove/Programes/iqtree-2.1.0-Linux/bin/iqtree2 -s results_broccoli_meto/alignments_prefiltering/OG_2686.lt.fasta -m TEST -mset LG,WAG,JTT -nt AUTO -ntmax 2 -bb 1000 -pre results_broccoli_meto/alignments_prefiltering/OG_2686.iqtree -nm 10000 -nstop 200 -cptime 1800
Seed:    883600 (Using SPRNG - Scalable Parallel Random Number Generator)
Time:    Tue Dec 13 04:27:30 2022
Kernel:  AVX - auto-detect threads (2 CPU cores detected)

Reading alignment file results_broccoli_meto/alignments_prefiltering/OG_2686.lt.fasta ... Fasta format detected
Alignment most likely contains protein sequences
Alignment has 55 sequences with 2002 columns, 1940 distinct patterns
1692 parsimony-informative, 0 singleton sites, 310 constant sites
                                                     Gap/Ambiguity  Composition  p-value
   1  Lcom_lcpid7015                                         0.40%    passed     23.75%
   2  Leuniv_Lniv_scaffold13122_01                          33.82%    passed     40.42%
   3  Scil_scict008517.2                                     0.40%    failed      2.18%
   4  Gracom_Gcom_scaffold17462_01                          10.94%    passed      7.86%
   5  Clacor_Ccor_C516217_01                                90.16%    passed     25.58%
   6  Nvec_NVE21917                                         27.77%    failed      0.07%
   7  Nvec_NVE12718                                         78.42%    failed      0.00%
   8  Cscu_XM_023373792.1                                   45.30%    passed     16.22%
   9  Aque_Aqu2.1.41859_001                                  0.80%    passed     99.89%
  10  Halamb_c50910_g1_i1m.29366                            25.57%    passed     90.25%
  11  Xestes_maker-XT_scaffold1740-snap-gene-0.144-mRNA-1    1.50%    passed     98.36%
  12  Tetwil_g12281.t1                                      15.48%    passed     97.85%
  13  Fspp_ffun1.m4.1190.m1                                  4.15%    passed     98.99%
  14  Spis_XP_022793407_1                                    0.70%    passed     99.97%
  15  Pocdam_XM_027197489.1                                  0.60%    passed     99.90%
  16  Gfas_gfas1.m1.1013.m1                                  2.45%    passed     98.31%
  17  Amil_Amillepora27495-RA                               14.39%    passed     90.64%
  18  Adig_XM_015892664.1                                   80.27%    passed     21.86%
  19  Gasp_gasp1.m3.4831.m1                                 87.21%    passed     67.78%
  20  Gasp_gasp1.m3.4829.m1                                 55.99%    passed     95.68%
  21  Opea_EP00118_Oscarella_pearsei_P013356                 0.35%    passed     89.06%
  22  Ocar_g9137                                            45.75%    passed     82.88%
  23  Plajan_Pjan_scaffold23641_01                          22.03%    passed     65.95%
  24  Chem_TCONS_00046546                                   11.69%    passed     84.24%
  25  Morvir_scaffold6.g145.t1                              30.42%    passed     93.82%
  26  Sanmal_Sma_023882-T1                                  22.88%    passed     89.33%
  27  Aaur_scaffold598.g7.t2                                29.47%    passed     90.52%
  28  Nemnom_g3159.t1                                        2.05%    passed     94.89%
  29  Rhoesc_Res_004415-T1                                   6.99%    passed     97.90%
  30  Bralan_BLAG17000827_5                                  0.50%    passed     95.55%
  31  Acagra_model.g26526.t1.2.5d3b8bc2                      0.40%    passed     98.41%
  32  Ctel_gnl_WGS_AMQN_CAPTEDRAFT_mRNA227625                1.35%    passed     99.72%
  33  Dgig_XM_028537430.1                                    0.65%    passed     84.00%
  34  Xesp_022233-T1                                         0.95%    passed     43.98%
  35  Hsap_ENST00000260818                                   0.40%    passed     99.06%
  36  Spur_XM_030973699.1                                    0.40%    passed     97.34%
  37  HoiH23_PlH23_001181-RA                                 0.80%    passed     98.71%
  38  HoiH06_mRNA5804                                        5.64%    passed     98.68%
  39  Hhon_g02748.t1                                         0.35%    passed     96.00%
  40  HoiH04_mRNA14477                                       0.35%    passed     93.95%
  41  HoiH11_mRNA4155                                        0.35%    passed     99.66%
  42  TrH2_TrispH2_002516-RA                                 0.35%    passed     94.07%
  43  Tadh_TriadT21978                                       0.55%    passed     94.10%
  44  Lcom_lcpid120823                                      85.41%    passed     48.37%
  45  Emue_Em0012g1080a.t1                                   3.05%    passed     17.39%
  46  Emue_Em0012g1084a.t1                                   4.70%    passed     22.50%
  47  Emue_Em1139g1a.t1                                     53.80%    passed     95.58%
  48  Spolac_c104943_g1_i3_m.44460c104943-g1                 0.60%    passed     74.94%
  49  Plespi_Pspi_scaffold5060_01                           34.82%    passed     98.92%
  50  Tcas_TC008934_001                                      0.95%    passed     79.84%
  51  Hvul_g22462_1                                         13.29%    failed      0.00%
  52  Horcal_Hcv1.av93.c5.g698.i1                            1.65%    passed     41.19%
  53  Mlei_ML3852.g5.i1                                     25.17%    passed     31.69%
  54  Lampan_Lpan_14909_01                                  45.95%    passed     63.90%
  55  Pbac_sb2653698                                        21.78%    passed     72.15%
WARNING: 7 sequences contain more than 50% gaps/ambiguity
****  TOTAL                                                 19.13%  4 sequences failed composition chi2 test (p-value<5%; df=19)


Create initial parsimony tree by phylogenetic likelihood library (PLL)... 0.076 seconds
Measuring multi-threading efficiency up to 2 CPU cores
7 trees examined
Threads: 1 / Time: 2.182 sec / Speedup: 1.000 / Efficiency: 100% / LogL: -109186
Threads: 2 / Time: 1.184 sec / Speedup: 1.843 / Efficiency: 92% / LogL: -109186
BEST NUMBER OF THREADS: 2

Perform fast likelihood tree search using LG+I+G model...
Estimate model parameters (epsilon = 5.000)
Perform nearest neighbor interchange...
Estimate model parameters (epsilon = 1.000)
1. Initial log-likelihood: -72347.933
Optimal log-likelihood: -72347.472
Proportion of invariable sites: 0.132
Gamma shape alpha: 1.740
Parameters optimization took 1 rounds (0.517 sec)
Time for fast ML tree search: 4.298 seconds

NOTE: ModelFinder requires 74 MB RAM!
ModelFinder will test up to 24 protein models (sample size: 2002) ...
 No. Model         -LnL         df  AIC          AICc         BIC
  1  LG            75582.133    107 151378.267   151390.470   151977.670
  2  LG+I          74040.410    108 148296.821   148309.258   148901.826
  3  LG+G4         72491.084    108 145198.168   145210.605   145803.173
  4  LG+I+G4       72346.985    109 144911.971   144924.645   145522.578
  8  LG+F+I+G4     72267.450    128 144790.899   144808.531   145507.943
 12  WAG+I+G4      72940.574    109 146099.148   146111.822   146709.755
 16  WAG+F+I+G4    72910.581    128 146077.161   146094.793   146794.205
 20  JTT+I+G4      72865.642    109 145949.284   145961.958   146559.891
 24  JTT+F+I+G4    72730.787    128 145717.575   145735.206   146434.618
Akaike Information Criterion:           LG+F+I+G4
Corrected Akaike Information Criterion: LG+F+I+G4
Bayesian Information Criterion:         LG+F+I+G4
Best-fit model: LG+F+I+G4 chosen according to BIC

All model information printed to results_broccoli_meto/alignments_prefiltering/OG_2686.iqtree.model.gz
CPU time for ModelFinder: 40.068 seconds (0h:0m:40s)
Wall-clock time for ModelFinder: 21.390 seconds (0h:0m:21s)
Generating 1000 samples for ultrafast bootstrap (seed: 883600)...

NOTE: 74 MB RAM (0 GB) is required!
Estimate model parameters (epsilon = 0.100)
Thoroughly optimizing +I+G parameters from 10 start values...
Init pinv, alpha: 0.000, 1.712 / Estimate: 0.000, 0.900 / LogL: -72407.088
Init pinv, alpha: 0.017, 1.712 / Estimate: 0.132, 1.711 / LogL: -72267.447
Init pinv, alpha: 0.034, 1.712 / Estimate: 0.132, 1.710 / LogL: -72267.449
Init pinv, alpha: 0.052, 1.712 / Estimate: 0.132, 1.711 / LogL: -72267.445
Init pinv, alpha: 0.069, 1.712 / Estimate: 0.132, 1.710 / LogL: -72267.448
Init pinv, alpha: 0.086, 1.712 / Estimate: 0.132, 1.711 / LogL: -72267.446
Init pinv, alpha: 0.103, 1.712 / Estimate: 0.132, 1.710 / LogL: -72267.450
Init pinv, alpha: 0.120, 1.712 / Estimate: 0.132, 1.708 / LogL: -72267.453
Init pinv, alpha: 0.138, 1.712 / Estimate: 0.132, 1.715 / LogL: -72267.443
Init pinv, alpha: 0.155, 1.712 / Estimate: 0.132, 1.714 / LogL: -72267.443
Optimal pinv,alpha: 0.132, 1.714 / LogL: -72267.443

Parameters optimization took 28.235 sec
Computing ML distances based on estimated model parameters...
Computing ML distances took 0.141614 sec (of wall-clock time) 0.282761 sec(of CPU time)
Computing RapidNJ tree took 0.000545 sec (of wall-clock time) 0.001084 sec (of CPU time)
Log-likelihood of RapidNJ tree: -72512.345
--------------------------------------------------------------------
|             INITIALIZING CANDIDATE TREE SET                      |
--------------------------------------------------------------------
Generating 98 parsimony trees... 5.321 second
Computing log-likelihood of 98 initial trees ... 15.515 seconds
Current best score: -72267.443

Do NNI search on 20 best initial trees
Estimate model parameters (epsilon = 0.100)
BETTER TREE FOUND at iteration 1: -72267.441
Iteration 10 / LogL: -72271.758 / Time: 0h:1m:10s
Iteration 20 / LogL: -72273.549 / Time: 0h:1m:30s
Finish initializing candidate tree set (5)
Current best tree score: -72267.441 / CPU time: 60.350
Number of iterations: 20
--------------------------------------------------------------------
|               OPTIMIZING CANDIDATE TREE SET                      |
--------------------------------------------------------------------
Iteration 30 / LogL: -72273.142 / Time: 0h:1m:59s (0h:11m:45s left)
Iteration 40 / LogL: -72269.290 / Time: 0h:2m:31s (0h:10m:26s left)
Iteration 50 / LogL: -72268.640 / Time: 0h:3m:7s (0h:9m:36s left)
Log-likelihood cutoff on original alignment: -72351.733
Estimate model parameters (epsilon = 0.100)
UPDATE BEST LOG-LIKELIHOOD: -72266.665
Iteration 60 / LogL: -72271.229 / Time: 0h:3m:41s (0h:8m:49s left)
Iteration 70 / LogL: -72268.430 / Time: 0h:4m:14s (0h:8m:2s left)
Iteration 80 / LogL: -72269.452 / Time: 0h:4m:45s (0h:7m:17s left)
Iteration 90 / LogL: -72267.803 / Time: 0h:5m:16s (0h:6m:34s left)
Estimate model parameters (epsilon = 0.100)
UPDATE BEST LOG-LIKELIHOOD: -72266.344
Iteration 100 / LogL: -72267.110 / Time: 0h:5m:49s (0h:5m:56s left)
Log-likelihood cutoff on original alignment: -72307.266
NOTE: Bootstrap correlation coefficient of split occurrence frequencies: 0.995
Iteration 110 / LogL: -72266.802 / Time: 0h:6m:22s (0h:5m:19s left)
Iteration 120 / LogL: -72266.970 / Time: 0h:6m:56s (0h:4m:43s left)
Iteration 130 / LogL: -72268.048 / Time: 0h:7m:31s (0h:4m:8s left)
Iteration 140 / LogL: -72266.627 / Time: 0h:8m:2s (0h:3m:31s left)
Iteration 150 / LogL: -72267.163 / Time: 0h:8m:33s (0h:2m:55s left)
Log-likelihood cutoff on original alignment: -72307.266
Iteration 160 / LogL: -72271.316 / Time: 0h:9m:7s (0h:2m:21s left)
Iteration 170 / LogL: -72271.624 / Time: 0h:9m:39s (0h:1m:46s left)
Iteration 180 / LogL: -72275.616 / Time: 0h:10m:12s (0h:1m:11s left)
Iteration 190 / LogL: -72268.806 / Time: 0h:10m:46s (0h:0m:37s left)
Iteration 200 / LogL: -72269.215 / Time: 0h:11m:19s (0h:0m:3s left)
Log-likelihood cutoff on original alignment: -72307.396
NOTE: Bootstrap correlation coefficient of split occurrence frequencies: 0.999
TREE SEARCH COMPLETED AFTER 202 ITERATIONS / Time: 0h:11m:26s

--------------------------------------------------------------------
|                    FINALIZING TREE SEARCH                        |
--------------------------------------------------------------------
Performs final model parameters optimization
Estimate model parameters (epsilon = 0.010)
1. Initial log-likelihood: -72266.344
Optimal log-likelihood: -72266.338
Proportion of invariable sites: 0.132
Gamma shape alpha: 1.710
Parameters optimization took 1 rounds (0.506 sec)
BEST SCORE FOUND : -72266.338
Creating bootstrap support values...
Split supports printed to NEXUS file results_broccoli_meto/alignments_prefiltering/OG_2686.iqtree.splits.nex
Total tree length: 12.090

Total number of iterations: 202
CPU time used for tree search: 1310.068 sec (0h:21m:50s)
Wall-clock time used for tree search: 656.226 sec (0h:10m:56s)
Total CPU time used: 1372.177 sec (0h:22m:52s)
Total wall-clock time used: 687.470 sec (0h:11m:27s)

Computing bootstrap consensus tree...
Reading input file results_broccoli_meto/alignments_prefiltering/OG_2686.iqtree.splits.nex...
55 taxa and 178 splits.
Consensus tree written to results_broccoli_meto/alignments_prefiltering/OG_2686.iqtree.contree
Reading input trees file results_broccoli_meto/alignments_prefiltering/OG_2686.iqtree.contree
Log-likelihood of consensus tree: -72269.067

Analysis results written to: 
  IQ-TREE report:                results_broccoli_meto/alignments_prefiltering/OG_2686.iqtree.iqtree
  Maximum-likelihood tree:       results_broccoli_meto/alignments_prefiltering/OG_2686.iqtree.treefile
  Likelihood distances:          results_broccoli_meto/alignments_prefiltering/OG_2686.iqtree.mldist

Ultrafast bootstrap approximation results written to:
  Split support values:          results_broccoli_meto/alignments_prefiltering/OG_2686.iqtree.splits.nex
  Consensus tree:                results_broccoli_meto/alignments_prefiltering/OG_2686.iqtree.contree
  Screen log file:               results_broccoli_meto/alignments_prefiltering/OG_2686.iqtree.log

Date and Time: Tue Dec 13 04:39:22 2022
