IQ-TREE multicore version 2.1.0 for Linux 64-bit built Jul 18 2020
Developed by Bui Quang Minh, James Barbetti, Nguyen Lam Tung,
Olga Chernomor, Heiko Schmidt, Dominik Schrempf, Michael Woodhams.

Host:    trantor09.linux.crg.es (AVX, FMA3, 503 GB RAM)
Command: /users/asebe/xgraubove/Programes/iqtree-2.1.0-Linux/bin/iqtree2 -s results_broccoli_meto/alignments_prefiltering/OG_25804.lt.fasta -m TEST -mset LG,WAG,JTT -nt AUTO -ntmax 2 -bb 1000 -pre results_broccoli_meto/alignments_prefiltering/OG_25804.iqtree -nm 10000 -nstop 200 -cptime 1800
Seed:    948284 (Using SPRNG - Scalable Parallel Random Number Generator)
Time:    Tue Dec 13 04:37:44 2022
Kernel:  AVX+FMA - auto-detect threads (2 CPU cores detected)

Reading alignment file results_broccoli_meto/alignments_prefiltering/OG_25804.lt.fasta ... Fasta format detected
Alignment most likely contains protein sequences
Alignment has 94 sequences with 449 columns, 449 distinct patterns
442 parsimony-informative, 4 singleton sites, 3 constant sites
                                                                  Gap/Ambiguity  Composition  p-value
   1  Tadh_TriadT22423                                                   22.27%    passed     86.99%
   2  TrH2_TrispH2_002116-RA                                             15.14%    passed     82.36%
   3  HoiH23_PlH23_006058-RA                                             23.61%    passed     59.71%
   4  Hhon_g08923.t1                                                     11.80%    passed     46.84%
   5  HoiH04_mRNA13421                                                   11.80%    passed     45.46%
   6  HoiH11_mRNA3608                                                    26.73%    passed     59.71%
   7  HoiH06_mRNA9575                                                    21.38%    passed     54.86%
   8  Bralan_BLAG18100938_1                                              22.94%    passed     27.98%
   9  Dpul_mRNA10878                                                     13.81%    passed     99.76%
  10  Rhoesc_Res_002365-T1                                                9.13%    passed     99.74%
  11  Nemnom_g8410.t1                                                     9.80%    passed     99.25%
  12  Aaur_scaffold12.g17.t1                                             76.61%    passed     19.99%
  13  Sanmal_Sma_017491-T1                                                8.69%    passed     89.53%
  14  Skow_XM_006816107.1                                                10.91%    passed     95.84%
  15  Tcas_TC032219_001                                                  19.15%    passed     95.17%
  16  Cscu_XM_023384313.1                                                 8.69%    passed     98.39%
  17  Cgig_XM_011451871.3                                                12.47%    passed     95.48%
  18  Hsap_ENST00000527636                                               11.58%    passed     99.90%
  19  Hsap_ENST00000338863                                               10.69%    passed     67.28%
  20  Hsap_ENST00000359864                                               10.47%    passed     94.76%
  21  Acagra_model.g6785.t1                                              14.25%    passed     86.08%
  22  Ctel_gnl_WGS_AMQN_CAPTEDRAFT_mRNA222254                            49.22%    passed     32.09%
  23  Morvir_scaffold336.g2.t2                                            6.01%    passed     98.34%
  24  Xesp_008457-T1                                                     11.14%    passed     99.93%
  25  Dgig_XM_028552617.1                                                10.91%    passed     99.89%
  26  Stycar_maker-SC_scaffold1984-snap-gene-0.13-mRNA-1                  9.80%    passed     92.99%
  27  Xestes_maker-XT_scaffold116205-snap-gene-0.11-mRNA-1               62.81%    passed     18.79%
  28  Aque_Aqu2.1.26119_001                                              11.36%    passed     83.46%
  29  Halamb_c38497_g1_i1m.10870                                         10.24%    passed     88.64%
  30  Spolac_c104062_g1_i1_m.37929c104062-g1                              6.68%    passed     89.04%
  31  Emue_Em0021g265a.t1                                                 6.24%    passed     84.95%
  32  Xestes_augustus_masked-XT_scaffold5002-processed-gene-0.9-mRNA-1   57.46%    failed      3.72%
  33  Plespi_Pspi_scaffold19029_01                                        7.35%    passed     95.12%
  34  Spur_XM_030994184.1                                                 9.58%    passed     71.65%
  35  Spur_XM_030988251.1                                                22.27%    passed     44.99%
  36  Amil_Amillepora05302-RA                                            15.59%    passed     80.37%
  37  Pocdam_XM_027189852.1                                              10.02%    passed     99.26%
  38  Spis_XP_022786538_1                                                10.02%    passed     99.39%
  39  Fspp_ffun1.m4.13605.m1                                             20.49%    passed     98.25%
  40  Gfas_gfas1.m1.2025.m1                                              12.47%    passed     99.21%
  41  Gasp_gasp1.m3.8059.m1                                              15.59%    passed     99.98%
  42  Adig_XM_015901269.1                                                14.25%    passed     68.62%
  43  Exapal_XM_021038294.2                                              24.50%    passed     91.94%
  44  Hvul_g31226_1                                                       9.80%    passed     97.09%
  45  Chem_TCONS_00027871                                                12.25%    passed     95.18%
  46  Nvec_v1g212385                                                      8.69%    passed     52.46%
  47  Hsap_ENST00000593945                                               13.36%    failed      1.73%
  48  Gracom_Gcom_scaffold7980_01                                         8.69%    passed     40.34%
  49  Aaur_scaffold774.g10.t1                                            87.08%    passed      5.69%
  50  Opea_EP00118_Oscarella_pearsei_P008487                              5.79%    passed     76.28%
  51  Ocar_g9643                                                         10.02%    passed     76.76%
  52  Opea_EP00118_Oscarella_pearsei_P008488                             67.93%    passed     18.27%
  53  Acagra_model.g6784.t1                                              81.29%    passed     27.81%
  54  Scil_scict023275.1                                                  7.80%    passed      6.48%
  55  Tetwil_g10718.t1                                                   83.07%    passed     69.23%
  56  Lcom_lcpid38007                                                     6.46%    failed      4.12%
  57  Lcom_lcpid219276                                                   79.51%    passed     45.28%
  58  Lcom_lcpid131974                                                   49.00%    failed      0.32%
  59  Clacor_Ccor_scaffold6021_01                                        63.25%    passed      5.19%
  60  Clacor_Ccor_scaffold6022_01                                        83.52%    passed     27.51%
  61  Leuniv_Lniv_scaffold7021_01                                        70.60%    passed     13.03%
  62  Horcal_Hcv1.av93.c5.g965.i1                                         7.13%    passed     68.31%
  63  Pbac_sb2637677                                                     16.26%    passed     17.57%
  64  Lampan_Lpan_16145_01                                               12.03%    failed      4.79%
  65  Coemet_Cmet_scaffold15317_01                                        8.24%    passed     39.52%
  66  Vmul_Simscaffold2721_01                                            48.33%    failed      2.64%
  67  Bolinf_Binf_sb1194522                                              80.62%    passed     46.57%
  68  Mertsp_Mesp_sb540824                                               80.62%    passed     27.95%
  69  Lcom_lcpid96676                                                    28.51%    passed     54.82%
  70  Plajan_Pjan_scaffold11928_01                                       49.44%    failed      0.01%
  71  Plajan_Pjan_scaffold11931_01                                       61.69%    failed      0.00%
  72  Tetwil_g8909.t2                                                    38.98%    passed      9.36%
  73  Exapal_XM_028658159.1                                              38.75%    passed     20.79%
  74  Gfas_gfas1.m1.6979.m1                                              46.55%    passed     46.82%
  75  Spis_XP_022798981_1                                                45.43%    passed     17.76%
  76  Pocdam_XM_027197600.1                                              45.43%    passed     33.89%
  77  Fspp_ffun1.m4.23384.m1                                             45.43%    passed     56.33%
  78  Gasp_gasp1.m3.3393.m1                                              45.66%    passed     46.88%
  79  Nvec_v1g86806                                                      47.22%    passed     21.31%
  80  Nemnom_g12464.t1                                                   46.99%    passed     89.71%
  81  Rhoesc_Res_011401-T1                                               45.66%    passed     83.91%
  82  Sanmal_Sma_024834-T1                                               37.64%    failed      2.15%
  83  Morvir_scaffold392.g11.t1                                          43.88%    passed     35.51%
  84  Clacor_Ccor_scaffold14521_01                                       34.52%    passed     77.02%
  85  Clacor_Ccor_scaffold11388_01                                       27.84%    passed     17.20%
  86  Spur_XM_030988249.1                                                74.16%    passed     32.63%
  87  Xesp_005361-T1                                                     51.22%    passed     55.07%
  88  Dgig_XM_028536608.1                                                50.11%    passed     77.02%
  89  Leuniv_Lniv_C811772_01                                             28.95%    passed     13.42%
  90  Hvul_g20086_1                                                      49.89%    failed      0.01%
  91  Chem_TCONS_00011582                                                31.40%    failed      0.00%
  92  Hvul_g3249_1                                                       53.01%    failed      0.66%
  93  Leuniv_Lniv_scaffold5957_01                                        57.46%    failed      0.01%
  94  Gracom_Gcom_C498966_01                                             84.86%    passed     42.26%
WARNING: 20 sequences contain more than 50% gaps/ambiguity
****  TOTAL                                                              31.79%  13 sequences failed composition chi2 test (p-value<5%; df=19)


Create initial parsimony tree by phylogenetic likelihood library (PLL)... 0.053 seconds
Measuring multi-threading efficiency up to 2 CPU cores
9 trees examined
Threads: 1 / Time: 2.129 sec / Speedup: 1.000 / Efficiency: 100% / LogL: -45042
Threads: 2 / Time: 1.652 sec / Speedup: 1.289 / Efficiency: 64% / LogL: -45042
BEST NUMBER OF THREADS: 2

Perform fast likelihood tree search using LG+I+G model...
Estimate model parameters (epsilon = 5.000)
Perform nearest neighbor interchange...
Estimate model parameters (epsilon = 1.000)
1. Initial log-likelihood: -31554.782
Optimal log-likelihood: -31554.426
Proportion of invariable sites: 0.002
Gamma shape alpha: 1.129
Parameters optimization took 1 rounds (0.570 sec)
Time for fast ML tree search: 6.897 seconds

NOTE: ModelFinder requires 29 MB RAM!
ModelFinder will test up to 24 protein models (sample size: 449) ...
 No. Model         -LnL         df  AIC          AICc         BIC
  1  LG            32904.154    185 66178.309    66439.982    66938.108
  2  LG+I          32884.733    186 66141.466    66406.977    66905.372
  3  LG+G4         31554.878    186 63481.755    63747.267    64245.662
  4  LG+I+G4       31554.372    187 63482.743    63752.138    64250.757
  7  LG+F+G4       31250.706    205 62911.413    63258.985    63753.352
  8  LG+F+I+G4     31250.080    206 62912.161    63264.574    63758.207
 11  WAG+G4        31483.932    186 63339.864    63605.376    64103.771
 12  WAG+I+G4      31483.963    187 63341.927    63611.321    64109.940
 15  WAG+F+G4      31336.828    205 63083.657    63431.229    63925.596
 16  WAG+F+I+G4    31336.898    206 63085.796    63438.209    63931.843
 19  JTT+G4        31374.412    186 63120.824    63386.336    63884.730
 20  JTT+I+G4      31373.867    187 63121.734    63391.128    63889.747
 23  JTT+F+G4      31217.143    205 62844.285    63191.857    63686.225
 24  JTT+F+I+G4    31216.293    206 62844.585    63196.998    63690.632
Akaike Information Criterion:           JTT+F+G4
Corrected Akaike Information Criterion: JTT+F+G4
Bayesian Information Criterion:         JTT+F+G4
Best-fit model: JTT+F+G4 chosen according to BIC

All model information printed to results_broccoli_meto/alignments_prefiltering/OG_25804.iqtree.model.gz
CPU time for ModelFinder: 66.919 seconds (0h:1m:6s)
Wall-clock time for ModelFinder: 34.739 seconds (0h:0m:34s)
Generating 1000 samples for ultrafast bootstrap (seed: 948284)...

NOTE: 29 MB RAM (0 GB) is required!
Estimate model parameters (epsilon = 0.100)
1. Initial log-likelihood: -31217.143
Optimal log-likelihood: -31217.135
Gamma shape alpha: 1.134
Parameters optimization took 1 rounds (0.494 sec)
Computing ML distances based on estimated model parameters...
Computing ML distances took 1.269247 sec (of wall-clock time) 2.532369 sec(of CPU time)
WARNING: Some pairwise ML distances are too long (saturated)
Computing RapidNJ tree took 0.002025 sec (of wall-clock time) 0.002026 sec (of CPU time)
Log-likelihood of RapidNJ tree: -32034.351
--------------------------------------------------------------------
|             INITIALIZING CANDIDATE TREE SET                      |
--------------------------------------------------------------------
Generating 98 parsimony trees... 5.792 second
Computing log-likelihood of 98 initial trees ... 17.152 seconds
Current best score: -31217.135

Do NNI search on 20 best initial trees
Estimate model parameters (epsilon = 0.100)
BETTER TREE FOUND at iteration 1: -31211.504
Estimate model parameters (epsilon = 0.100)
BETTER TREE FOUND at iteration 2: -31177.154
Estimate model parameters (epsilon = 0.100)
BETTER TREE FOUND at iteration 3: -31174.893
Iteration 10 / LogL: -31204.614 / Time: 0h:1m:27s
Iteration 20 / LogL: -31229.841 / Time: 0h:2m:25s
Finish initializing candidate tree set (20)
Current best tree score: -31174.893 / CPU time: 137.898
Number of iterations: 20
--------------------------------------------------------------------
|               OPTIMIZING CANDIDATE TREE SET                      |
--------------------------------------------------------------------
Estimate model parameters (epsilon = 0.100)
BETTER TREE FOUND at iteration 21: -31173.843
Estimate model parameters (epsilon = 0.100)
BETTER TREE FOUND at iteration 22: -31172.469
Estimate model parameters (epsilon = 0.100)
BETTER TREE FOUND at iteration 25: -31172.372
Estimate model parameters (epsilon = 0.100)
BETTER TREE FOUND at iteration 28: -31170.004
Iteration 30 / LogL: -31174.409 / Time: 0h:3m:25s (0h:23m:23s left)
Estimate model parameters (epsilon = 0.100)
BETTER TREE FOUND at iteration 34: -31169.971
Iteration 40 / LogL: -31171.026 / Time: 0h:4m:26s (0h:22m:5s left)
BETTER TREE FOUND at iteration 45: -31169.970
Iteration 50 / LogL: -31169.975 / Time: 0h:5m:30s (0h:21m:54s left)
Log-likelihood cutoff on original alignment: -31216.179
Estimate model parameters (epsilon = 0.100)
BETTER TREE FOUND at iteration 51: -31169.716
Iteration 60 / LogL: -31169.777 / Time: 0h:6m:31s (0h:21m:8s left)
Estimate model parameters (epsilon = 0.100)
BETTER TREE FOUND at iteration 65: -31169.644
Iteration 70 / LogL: -31172.485 / Time: 0h:7m:34s (0h:21m:25s left)
Iteration 80 / LogL: -31174.681 / Time: 0h:8m:33s (0h:20m:3s left)
Iteration 90 / LogL: -31174.929 / Time: 0h:9m:32s (0h:18m:46s left)
Iteration 100 / LogL: -31171.818 / Time: 0h:10m:35s (0h:17m:39s left)
Log-likelihood cutoff on original alignment: -31216.179
NOTE: Bootstrap correlation coefficient of split occurrence frequencies: 0.984
NOTE: UFBoot does not converge, continue at least 100 more iterations
BETTER TREE FOUND at iteration 103: -31169.640
Estimate model parameters (epsilon = 0.100)
BETTER TREE FOUND at iteration 108: -31169.619
Iteration 110 / LogL: -31171.359 / Time: 0h:11m:41s (0h:21m:14s left)
Iteration 120 / LogL: -31171.945 / Time: 0h:12m:44s (0h:20m:7s left)
Iteration 130 / LogL: -31174.107 / Time: 0h:13m:52s (0h:19m:8s left)
Iteration 140 / LogL: -31174.036 / Time: 0h:14m:58s (0h:18m:6s left)
Iteration 150 / LogL: -31169.809 / Time: 0h:16m:3s (0h:17m:1s left)
Log-likelihood cutoff on original alignment: -31207.736
Iteration 160 / LogL: -31171.270 / Time: 0h:17m:10s (0h:15m:59s left)
Iteration 170 / LogL: -31169.674 / Time: 0h:18m:9s (0h:14m:49s left)
Iteration 180 / LogL: -31172.439 / Time: 0h:19m:13s (0h:13m:44s left)
Iteration 190 / LogL: -31170.731 / Time: 0h:20m:13s (0h:12m:37s left)
Iteration 200 / LogL: -31169.718 / Time: 0h:21m:16s (0h:11m:32s left)
Log-likelihood cutoff on original alignment: -31207.736
NOTE: Bootstrap correlation coefficient of split occurrence frequencies: 0.997
BETTER TREE FOUND at iteration 204: -31169.618
Iteration 210 / LogL: -31171.555 / Time: 0h:22m:22s (0h:20m:45s left)
Iteration 220 / LogL: -31170.788 / Time: 0h:23m:24s (0h:19m:40s left)
Iteration 230 / LogL: -31176.244 / Time: 0h:24m:31s (0h:18m:37s left)
Iteration 240 / LogL: -31171.256 / Time: 0h:25m:32s (0h:17m:31s left)
Iteration 250 / LogL: -31169.699 / Time: 0h:26m:33s (0h:16m:25s left)
Log-likelihood cutoff on original alignment: -31207.736
Iteration 260 / LogL: -31175.425 / Time: 0h:27m:30s (0h:15m:17s left)
Iteration 270 / LogL: -31172.959 / Time: 0h:28m:34s (0h:14m:14s left)
Iteration 280 / LogL: -31171.356 / Time: 0h:29m:41s (0h:13m:11s left)
Iteration 290 / LogL: -31172.064 / Time: 0h:30m:44s (0h:12m:7s left)
Iteration 300 / LogL: -31169.736 / Time: 0h:31m:42s (0h:11m:1s left)
Log-likelihood cutoff on original alignment: -31207.736
NOTE: Bootstrap correlation coefficient of split occurrence frequencies: 0.999
Iteration 310 / LogL: -31175.607 / Time: 0h:32m:46s (0h:9m:58s left)
Iteration 320 / LogL: -31173.193 / Time: 0h:33m:48s (0h:8m:54s left)
Iteration 330 / LogL: -31173.518 / Time: 0h:34m:53s (0h:7m:50s left)
Iteration 340 / LogL: -31175.250 / Time: 0h:36m:3s (0h:6m:48s left)
Iteration 350 / LogL: -31172.069 / Time: 0h:37m:12s (0h:5m:45s left)
Log-likelihood cutoff on original alignment: -31207.736
Iteration 360 / LogL: -31172.093 / Time: 0h:38m:17s (0h:4m:41s left)
Iteration 370 / LogL: -31171.947 / Time: 0h:39m:19s (0h:3m:37s left)
Iteration 380 / LogL: -31169.699 / Time: 0h:40m:20s (0h:2m:33s left)
Iteration 390 / LogL: -31174.862 / Time: 0h:41m:20s (0h:1m:29s left)
Iteration 400 / LogL: -31171.047 / Time: 0h:42m:26s (0h:0m:25s left)
Log-likelihood cutoff on original alignment: -31207.736
NOTE: Bootstrap correlation coefficient of split occurrence frequencies: 0.999
TREE SEARCH COMPLETED AFTER 405 ITERATIONS / Time: 0h:42m:59s

--------------------------------------------------------------------
|                    FINALIZING TREE SEARCH                        |
--------------------------------------------------------------------
Performs final model parameters optimization
Estimate model parameters (epsilon = 0.010)
1. Initial log-likelihood: -31169.618
Optimal log-likelihood: -31169.617
Gamma shape alpha: 1.128
Parameters optimization took 1 rounds (0.514 sec)
BEST SCORE FOUND : -31169.617
Creating bootstrap support values...
Split supports printed to NEXUS file results_broccoli_meto/alignments_prefiltering/OG_25804.iqtree.splits.nex
Total tree length: 50.347

Total number of iterations: 405
CPU time used for tree search: 5114.610 sec (1h:25m:14s)
Wall-clock time used for tree search: 2571.180 sec (0h:42m:51s)
Total CPU time used: 5132.119 sec (1h:25m:32s)
Total wall-clock time used: 2580.249 sec (0h:43m:0s)

Computing bootstrap consensus tree...
Reading input file results_broccoli_meto/alignments_prefiltering/OG_25804.iqtree.splits.nex...
94 taxa and 702 splits.
Consensus tree written to results_broccoli_meto/alignments_prefiltering/OG_25804.iqtree.contree
Reading input trees file results_broccoli_meto/alignments_prefiltering/OG_25804.iqtree.contree
Log-likelihood of consensus tree: -31171.011

Analysis results written to: 
  IQ-TREE report:                results_broccoli_meto/alignments_prefiltering/OG_25804.iqtree.iqtree
  Maximum-likelihood tree:       results_broccoli_meto/alignments_prefiltering/OG_25804.iqtree.treefile
  Likelihood distances:          results_broccoli_meto/alignments_prefiltering/OG_25804.iqtree.mldist

Ultrafast bootstrap approximation results written to:
  Split support values:          results_broccoli_meto/alignments_prefiltering/OG_25804.iqtree.splits.nex
  Consensus tree:                results_broccoli_meto/alignments_prefiltering/OG_25804.iqtree.contree
  Screen log file:               results_broccoli_meto/alignments_prefiltering/OG_25804.iqtree.log

Date and Time: Tue Dec 13 05:21:23 2022
