IQ-TREE multicore version 2.1.0 for Linux 64-bit built Jul 18 2020
Developed by Bui Quang Minh, James Barbetti, Nguyen Lam Tung,
Olga Chernomor, Heiko Schmidt, Dominik Schrempf, Michael Woodhams.

Host:    node-hp0407.linux.crg.es (AVX, 125 GB RAM)
Command: /users/asebe/xgraubove/Programes/iqtree-2.1.0-Linux/bin/iqtree2 -s results_broccoli_meto/alignments_prefiltering/OG_231.lt.fasta -m TEST -mset LG,WAG,JTT -nt AUTO -ntmax 2 -bb 1000 -pre results_broccoli_meto/alignments_prefiltering/OG_231.iqtree -nm 10000 -nstop 200 -cptime 1800
Seed:    776005 (Using SPRNG - Scalable Parallel Random Number Generator)
Time:    Tue Dec 13 02:14:40 2022
Kernel:  AVX - auto-detect threads (2 CPU cores detected)

Reading alignment file results_broccoli_meto/alignments_prefiltering/OG_231.lt.fasta ... Fasta format detected
Alignment most likely contains protein sequences
Alignment has 52 sequences with 312 columns, 311 distinct patterns
305 parsimony-informative, 0 singleton sites, 7 constant sites
                                                               Gap/Ambiguity  Composition  p-value
   1  Lcom_lcpid41362                                                  2.56%    passed     34.44%
   2  Gracom_Gcom_scaffold8171_01                                      1.60%    passed     33.37%
   3  Leuniv_Lniv_scaffold24480_01                                     2.88%    passed     22.76%
   4  Scil_scict009036.2                                               2.24%    passed     39.42%
   5  Clacor_Ccor_C526809_01                                          13.46%    passed     37.94%
   6  Emue_Em0016g996a.t1                                             20.19%    passed     21.61%
   7  Spolac_c95144_g1_i1_m.11033c95144-g1                            23.40%    passed     13.40%
   8  Stycar_maker-SC_scaffold135666-snap-gene-0.11-mRNA-1            69.23%    passed     61.49%
   9  Tetwil_g11942.t1                                                 0.96%    passed     33.17%
  10  Stycar_maker-SC_scaffold4042-snap-gene-0.9-mRNA-1               48.72%    failed      0.00%
  11  Plespi_Pspi_C601496_01                                           6.41%    passed     77.60%
  12  Stycar_maker-SC_scaffold5759-snap-gene-0.3-mRNA-1               73.72%    failed      0.08%
  13  Fspp_ffun1.m4.24590.m1                                          11.54%    passed     80.59%
  14  Spis_XP_022786575_1                                             11.22%    passed     76.49%
  15  Pocdam_XM_027189881.1                                           11.22%    passed     89.02%
  16  Gasp_gasp1.m3.10443.m1                                          11.54%    passed     76.18%
  17  Gfas_gfas1.m1.7157.m1                                           10.58%    passed     94.14%
  18  Amil_Amillepora04948-RA                                          8.97%    passed     98.83%
  19  Adig_XM_015901755.1                                              8.97%    passed     98.63%
  20  Nvec_v1g177046                                                  11.54%    passed     87.09%
  21  Exapal_XM_021047119.2                                           11.86%    passed     97.02%
  22  Sanmal_Sma_017847-T1                                             5.45%    passed     54.46%
  23  Aaur_scaffold1154.g7.t1                                         33.97%    passed     98.33%
  24  Nemnom_g14094.t1                                                 9.94%    passed     93.13%
  25  Rhoesc_Res_002617-T1                                             9.94%    passed     96.92%
  26  Dgig_XM_028541508.1                                             12.18%    passed     99.82%
  27  Morvir_scaffold22.g9.t1                                         26.60%    passed     70.56%
  28  HoiH23_PlH23_004149-RA                                           0.96%    passed     85.26%
  29  HoiH06_mRNA1641                                                  0.96%    passed     86.95%
  30  HoiH04_mRNA13769                                                 0.96%    passed     64.96%
  31  HoiH11_mRNA5526                                                  1.60%    passed     25.63%
  32  TrH2_TrispH2_007715-RA                                           0.96%    passed     73.13%
  33  Bralan_BLAG14000392_1                                            2.56%    passed     78.73%
  34  Acagra_model.g22499.t1                                           0.96%    passed     77.24%
  35  Acagra_model.g22499.t1.1.5d3b8a91                               15.06%    passed     31.46%
  36  Hsap_ENST00000266673                                             2.24%    passed     86.89%
  37  Skow_XM_006816119.1                                             37.18%    passed     70.18%
  38  Cscu_XM_023381993.1                                              1.28%    passed     78.85%
  39  Spur_XM_030987842.1                                             23.08%    passed     26.56%
  40  Ctel_gnl_WGS_AMQN_CAPTEDRAFT_mRNA219280                          0.64%    passed     48.81%
  41  Hvul_g8582_1                                                    10.58%    passed     82.01%
  42  Chem_TCONS_00049430                                              7.69%    passed     22.59%
  43  Aque_Aqu2.1.34216_001                                            7.05%    passed     76.09%
  44  Halamb_c51385_g2_i2m.30483                                       6.73%    passed     89.79%
  45  Opea_EP00118_Oscarella_pearsei_P029196                           7.69%    passed     79.70%
  46  Plajan_Pjan_C551817_01                                           6.41%    passed     13.06%
  47  Stycar_maker-SC_scaffold6894-snap-gene-0.32-mRNA-1              30.45%    passed     45.07%
  48  Stycar_snap_masked-SC_scaffold45057-processed-gene-0.1-mRNA-1   25.32%    failed      0.57%
  49  Skow_XM_006821620.1                                             67.95%    passed     33.86%
  50  TrH2_TrispH2_005530-RA                                          39.42%    passed     18.22%
  51  Hhon_g03384.t1                                                  51.60%    passed     27.11%
  52  HoiH04_mRNA6325                                                 51.60%    passed     27.11%
WARNING: 5 sequences contain more than 50% gaps/ambiguity
****  TOTAL                                                           16.57%  3 sequences failed composition chi2 test (p-value<5%; df=19)
NOTE: HoiH04_mRNA6325 is identical to Hhon_g03384.t1 but kept for subsequent analysis


Create initial parsimony tree by phylogenetic likelihood library (PLL)... 0.012 seconds
Measuring multi-threading efficiency up to 2 CPU cores
Increase to 10 rounds for branch lengths
5 trees examined
Threads: 1 / Time: 2.077 sec / Speedup: 1.000 / Efficiency: 100% / LogL: -23877
Threads: 2 / Time: 1.113 sec / Speedup: 1.866 / Efficiency: 93% / LogL: -23877
BEST NUMBER OF THREADS: 2

Perform fast likelihood tree search using LG+I+G model...
Estimate model parameters (epsilon = 5.000)
Perform nearest neighbor interchange...
Estimate model parameters (epsilon = 1.000)
1. Initial log-likelihood: -18443.782
Optimal log-likelihood: -18443.677
Proportion of invariable sites: 0.016
Gamma shape alpha: 1.430
Parameters optimization took 1 rounds (0.086 sec)
Time for fast ML tree search: 0.768 seconds

NOTE: ModelFinder requires 11 MB RAM!
ModelFinder will test up to 24 protein models (sample size: 312) ...
 No. Model         -LnL         df  AIC          AICc         BIC
  1  LG            19097.664    101 38397.329    38495.443    38775.372
  2  LG+I          19023.072    102 38250.144    38350.680    38631.931
  3  LG+G4         18450.400    102 37104.799    37205.335    37486.586
  4  LG+I+G4       18443.685    103 37093.369    37196.369    37478.899
  7  LG+F+G4       18283.659    121 36809.319    36964.708    37262.222
  8  LG+F+I+G4     18278.566    122 36801.132    36959.926    37257.779
 11  WAG+G4        18624.396    102 37452.791    37553.327    37834.578
 12  WAG+I+G4      18616.953    103 37439.907    37542.907    37825.436
 15  WAG+F+G4      18356.880    121 36955.760    37111.149    37408.663
 16  WAG+F+I+G4    18350.848    122 36945.697    37104.491    37402.343
 19  JTT+G4        18646.676    102 37497.353    37597.888    37879.139
 20  JTT+I+G4      18639.788    103 37485.577    37588.577    37871.106
 23  JTT+F+G4      18438.198    121 37118.396    37273.786    37571.299
 24  JTT+F+I+G4    18432.717    122 37109.435    37268.228    37566.081
Akaike Information Criterion:           LG+F+I+G4
Corrected Akaike Information Criterion: LG+F+I+G4
Bayesian Information Criterion:         LG+F+I+G4
Best-fit model: LG+F+I+G4 chosen according to BIC

All model information printed to results_broccoli_meto/alignments_prefiltering/OG_231.iqtree.model.gz
CPU time for ModelFinder: 14.577 seconds (0h:0m:14s)
Wall-clock time for ModelFinder: 8.328 seconds (0h:0m:8s)
Generating 1000 samples for ultrafast bootstrap (seed: 776005)...

NOTE: 11 MB RAM (0 GB) is required!
Estimate model parameters (epsilon = 0.100)
Thoroughly optimizing +I+G parameters from 10 start values...
Init pinv, alpha: 0.000, 1.302 / Estimate: 0.014, 1.296 / LogL: -18278.571
Init pinv, alpha: 0.002, 1.302 / Estimate: 0.013, 1.296 / LogL: -18278.573
Init pinv, alpha: 0.005, 1.302 / Estimate: 0.014, 1.298 / LogL: -18278.567
Init pinv, alpha: 0.007, 1.302 / Estimate: 0.013, 1.296 / LogL: -18278.573
Init pinv, alpha: 0.010, 1.302 / Estimate: 0.014, 1.298 / LogL: -18278.567
Init pinv, alpha: 0.012, 1.302 / Estimate: 0.014, 1.297 / LogL: -18278.568
Init pinv, alpha: 0.015, 1.302 / Estimate: 0.015, 1.301 / LogL: -18278.564
Init pinv, alpha: 0.017, 1.302 / Estimate: 0.015, 1.305 / LogL: -18278.569
Init pinv, alpha: 0.020, 1.302 / Estimate: 0.015, 1.301 / LogL: -18278.565
Init pinv, alpha: 0.022, 1.302 / Estimate: 0.015, 1.302 / LogL: -18278.566
Optimal pinv,alpha: 0.015, 1.301 / LogL: -18278.564

Parameters optimization took 2.040 sec
Computing ML distances based on estimated model parameters...
Computing ML distances took 0.204823 sec (of wall-clock time) 0.408282 sec(of CPU time)
WARNING: Some pairwise ML distances are too long (saturated)
Computing RapidNJ tree took 0.000541 sec (of wall-clock time) 0.001077 sec (of CPU time)
Log-likelihood of RapidNJ tree: -18331.910
--------------------------------------------------------------------
|             INITIALIZING CANDIDATE TREE SET                      |
--------------------------------------------------------------------
Generating 98 parsimony trees... 1.368 second
Computing log-likelihood of 98 initial trees ... 2.605 seconds
Current best score: -18278.564

Do NNI search on 20 best initial trees
Estimate model parameters (epsilon = 0.100)
BETTER TREE FOUND at iteration 1: -18278.564
Estimate model parameters (epsilon = 0.100)
BETTER TREE FOUND at iteration 2: -18264.547
Iteration 10 / LogL: -18277.456 / Time: 0h:0m:10s
Iteration 20 / LogL: -18280.380 / Time: 0h:0m:15s
Finish initializing candidate tree set (14)
Current best tree score: -18264.547 / CPU time: 12.638
Number of iterations: 20
--------------------------------------------------------------------
|               OPTIMIZING CANDIDATE TREE SET                      |
--------------------------------------------------------------------
Estimate model parameters (epsilon = 0.100)
BETTER TREE FOUND at iteration 24: -18264.185
Estimate model parameters (epsilon = 0.100)
BETTER TREE FOUND at iteration 30: -18264.057
Iteration 30 / LogL: -18264.057 / Time: 0h:0m:20s (0h:2m:21s left)
Estimate model parameters (epsilon = 0.100)
BETTER TREE FOUND at iteration 40: -18263.919
Iteration 40 / LogL: -18263.919 / Time: 0h:0m:25s (0h:2m:13s left)
Estimate model parameters (epsilon = 0.100)
BETTER TREE FOUND at iteration 47: -18263.367
Iteration 50 / LogL: -18264.246 / Time: 0h:0m:32s (0h:2m:9s left)
Log-likelihood cutoff on original alignment: -18305.480
Iteration 60 / LogL: -18264.148 / Time: 0h:0m:37s (0h:1m:58s left)
Estimate model parameters (epsilon = 0.100)
BETTER TREE FOUND at iteration 63: -18262.751
Iteration 70 / LogL: -18304.568 / Time: 0h:0m:42s (0h:2m:0s left)
Iteration 80 / LogL: -18263.539 / Time: 0h:0m:47s (0h:1m:50s left)
Iteration 90 / LogL: -18263.593 / Time: 0h:0m:53s (0h:1m:43s left)
Iteration 100 / LogL: -18262.925 / Time: 0h:0m:58s (0h:1m:35s left)
Log-likelihood cutoff on original alignment: -18306.149
NOTE: Bootstrap correlation coefficient of split occurrence frequencies: 0.994
Iteration 110 / LogL: -18263.932 / Time: 0h:1m:3s (0h:1m:29s left)
Iteration 120 / LogL: -18263.788 / Time: 0h:1m:8s (0h:1m:22s left)
Iteration 130 / LogL: -18262.956 / Time: 0h:1m:14s (0h:1m:16s left)
Iteration 140 / LogL: -18264.785 / Time: 0h:1m:19s (0h:1m:10s left)
Iteration 150 / LogL: -18263.605 / Time: 0h:1m:24s (0h:1m:4s left)
Log-likelihood cutoff on original alignment: -18306.149
Iteration 160 / LogL: -18263.591 / Time: 0h:1m:29s (0h:0m:58s left)
Iteration 170 / LogL: -18265.349 / Time: 0h:1m:34s (0h:0m:52s left)
Iteration 180 / LogL: -18263.592 / Time: 0h:1m:39s (0h:0m:46s left)
Iteration 190 / LogL: -18262.932 / Time: 0h:1m:45s (0h:0m:40s left)
Iteration 200 / LogL: -18263.870 / Time: 0h:1m:51s (0h:0m:35s left)
Log-likelihood cutoff on original alignment: -18305.480
NOTE: Bootstrap correlation coefficient of split occurrence frequencies: 0.998
Iteration 210 / LogL: -18263.952 / Time: 0h:1m:57s (0h:0m:50s left)
Iteration 220 / LogL: -18263.136 / Time: 0h:2m:2s (0h:0m:44s left)
Iteration 230 / LogL: -18266.459 / Time: 0h:2m:8s (0h:0m:39s left)
Iteration 240 / LogL: -18264.722 / Time: 0h:2m:13s (0h:0m:33s left)
Iteration 250 / LogL: -18263.163 / Time: 0h:2m:19s (0h:0m:28s left)
Log-likelihood cutoff on original alignment: -18305.480
Iteration 260 / LogL: -18264.058 / Time: 0h:2m:24s (0h:0m:22s left)
TREE SEARCH COMPLETED AFTER 264 ITERATIONS / Time: 0h:2m:27s

--------------------------------------------------------------------
|                    FINALIZING TREE SEARCH                        |
--------------------------------------------------------------------
Performs final model parameters optimization
Estimate model parameters (epsilon = 0.010)
1. Initial log-likelihood: -18262.751
Optimal log-likelihood: -18262.750
Proportion of invariable sites: 0.015
Gamma shape alpha: 1.326
Parameters optimization took 1 rounds (0.085 sec)
BEST SCORE FOUND : -18262.750
Creating bootstrap support values...
Split supports printed to NEXUS file results_broccoli_meto/alignments_prefiltering/OG_231.iqtree.splits.nex
Total tree length: 29.693

Total number of iterations: 264
CPU time used for tree search: 287.038 sec (0h:4m:47s)
Wall-clock time used for tree search: 144.556 sec (0h:2m:24s)
Total CPU time used: 292.616 sec (0h:4m:52s)
Total wall-clock time used: 147.461 sec (0h:2m:27s)

Computing bootstrap consensus tree...
Reading input file results_broccoli_meto/alignments_prefiltering/OG_231.iqtree.splits.nex...
52 taxa and 333 splits.
Consensus tree written to results_broccoli_meto/alignments_prefiltering/OG_231.iqtree.contree
Reading input trees file results_broccoli_meto/alignments_prefiltering/OG_231.iqtree.contree
Log-likelihood of consensus tree: -18262.957

Analysis results written to: 
  IQ-TREE report:                results_broccoli_meto/alignments_prefiltering/OG_231.iqtree.iqtree
  Maximum-likelihood tree:       results_broccoli_meto/alignments_prefiltering/OG_231.iqtree.treefile
  Likelihood distances:          results_broccoli_meto/alignments_prefiltering/OG_231.iqtree.mldist

Ultrafast bootstrap approximation results written to:
  Split support values:          results_broccoli_meto/alignments_prefiltering/OG_231.iqtree.splits.nex
  Consensus tree:                results_broccoli_meto/alignments_prefiltering/OG_231.iqtree.contree
  Screen log file:               results_broccoli_meto/alignments_prefiltering/OG_231.iqtree.log

Date and Time: Tue Dec 13 02:17:17 2022
