IQ-TREE multicore version 2.1.0 for Linux 64-bit built Jul 18 2020
Developed by Bui Quang Minh, James Barbetti, Nguyen Lam Tung,
Olga Chernomor, Heiko Schmidt, Dominik Schrempf, Michael Woodhams.

Host:    node-hp0307.linux.crg.es (AVX, 125 GB RAM)
Command: /users/asebe/xgraubove/Programes/iqtree-2.1.0-Linux/bin/iqtree2 -s results_broccoli_meto/alignments_prefiltering/OG_26007.lt.fasta -m TEST -mset LG,WAG,JTT -nt AUTO -ntmax 2 -bb 1000 -pre results_broccoli_meto/alignments_prefiltering/OG_26007.iqtree -nm 10000 -nstop 200 -cptime 1800
Seed:    121937 (Using SPRNG - Scalable Parallel Random Number Generator)
Time:    Tue Dec 13 03:51:50 2022
Kernel:  AVX - auto-detect threads (2 CPU cores detected)

Reading alignment file results_broccoli_meto/alignments_prefiltering/OG_26007.lt.fasta ... Fasta format detected
Alignment most likely contains protein sequences
Alignment has 44 sequences with 148 columns, 145 distinct patterns
135 parsimony-informative, 0 singleton sites, 13 constant sites
                                                                   Gap/Ambiguity  Composition  p-value
   1  Spur_XM_003730577.3                                                  7.43%    passed     43.07%
   2  Gfas_gfas1.m1.473.m1                                                64.86%    passed     98.92%
   3  Gasp_gasp1.m3.27684.m1                                               0.00%    passed     98.48%
   4  Spis_XP_022784326_1                                                  0.00%    passed     99.69%
   5  Adig_XM_015916167.1                                                  4.05%    passed     95.62%
   6  Amil_Amillepora16530-RA                                              4.73%    passed     86.87%
   7  Pocdam_XM_027195509.1                                                0.00%    passed     83.98%
   8  Tetwil_g16675.t1                                                     2.03%    passed     63.44%
   9  Spolac_c102738_g2_i1_m.30747c102738-g2                              34.46%    passed     88.58%
  10  Emue_Em0019g120a.t1                                                 48.65%    passed     99.78%
  11  Aque_Aqu2.1.40793_001                                                0.68%    passed     10.23%
  12  Stycar_augustus_masked-SC_scaffold51318-processed-gene-0.2-mRNA-1    9.46%    failed      0.65%
  13  Halamb_c39038_g1_i1mm.656                                            6.76%    passed     20.98%
  14  Bralan_BLAG04000891_1                                                3.38%    passed     99.98%
  15  Opea_EP00118_Oscarella_pearsei_P001644                              62.16%    passed     72.96%
  16  Opea_EP00118_Oscarella_pearsei_P001645                              19.59%    passed     97.29%
  17  Xesp_012239-T1                                                       7.43%    passed     86.22%
  18  Dgig_XM_028542809.1                                                  9.46%    passed     97.77%
  19  Nvec_v1g131080                                                       0.00%    passed     97.75%
  20  Sanmal_Sma_027386-T1                                                 7.43%    passed     99.65%
  21  Nemnom_g18389.t1                                                     6.76%    passed     48.12%
  22  Aaur_scaffold259.g12.t1                                             44.59%    passed     59.02%
  23  Morvir_scaffold31.g107.t1                                           10.81%    passed     98.76%
  24  HoiH06_mRNA11134                                                     8.78%    passed     96.81%
  25  HoiH23_PlH23_010238-RA                                               8.78%    passed     97.69%
  26  Hhon_g00738.t1                                                       8.78%    passed     76.07%
  27  HoiH11_mRNA7608                                                     10.14%    passed     91.73%
  28  Tadh_TriadT29056                                                    12.84%    passed     67.62%
  29  TrH2_TrispH2_002030-RA                                              10.81%    passed     86.67%
  30  Cgig_XM_011414108.3                                                  6.08%    passed     95.46%
  31  Acagra_model.g17854.t1.1.5d3b8917                                   19.59%    passed     22.04%
  32  Acagra_model.g17854.t1                                               7.43%    passed     84.61%
  33  Ctel_gnl_WGS_AMQN_CAPTEDRAFT_mRNA191136                              4.73%    passed     99.45%
  34  Lcom_lcpid146870                                                    18.24%    passed     51.55%
  35  Scil_scict005744.1                                                  18.92%    passed     67.93%
  36  Horcal_Hcv1.av93.c5.g1182.i1                                        22.97%    passed     85.61%
  37  Tcas_TC033750_001                                                   10.81%    passed     72.38%
  38  Skow_XM_002739732.2                                                  0.68%    passed     76.09%
  39  Cscu_XM_023382155.1                                                  8.78%    passed     89.17%
  40  Plespi_Pspi_C587010_01                                               4.73%    passed     59.02%
  41  Hsap_ENST00000556816                                                 6.76%    failed      3.09%
  42  Hvul_g16367_1                                                       16.89%    passed     95.62%
  43  Rhoesc_Res_001406-T1                                                 8.78%    passed     99.33%
  44  Xestes_augustus_masked-XT_scaffold12143-processed-gene-0.1-mRNA-1   34.46%    passed     75.35%
WARNING: 2 sequences contain more than 50% gaps/ambiguity
****  TOTAL                                                               13.74%  2 sequences failed composition chi2 test (p-value<5%; df=19)


Create initial parsimony tree by phylogenetic likelihood library (PLL)... 0.011 seconds
Measuring multi-threading efficiency up to 2 CPU cores
Increase to 10 rounds for branch lengths
12 trees examined
Threads: 1 / Time: 2.050 sec / Speedup: 1.000 / Efficiency: 100% / LogL: -9354
Threads: 2 / Time: 1.191 sec / Speedup: 1.721 / Efficiency: 86% / LogL: -9354
BEST NUMBER OF THREADS: 2

Perform fast likelihood tree search using LG+I+G model...
Estimate model parameters (epsilon = 5.000)
Perform nearest neighbor interchange...
Estimate model parameters (epsilon = 1.000)
1. Initial log-likelihood: -7627.356
Optimal log-likelihood: -7627.073
Proportion of invariable sites: 0.069
Gamma shape alpha: 0.818
Parameters optimization took 1 rounds (0.067 sec)
Time for fast ML tree search: 0.605 seconds

NOTE: ModelFinder requires 5 MB RAM!
ModelFinder will test up to 24 protein models (sample size: 148) ...
 No. Model         -LnL         df  AIC          AICc         BIC
  1  LG            8225.834     85  16621.669    16857.475    16876.432
  2  LG+I          8079.989     86  16331.978    16577.290    16589.739
  3  LG+G4         7633.604     86  15439.207    15684.519    15696.968
  4  LG+I+G4       7627.074     87  15428.148    15683.348    15688.905
  7  LG+F+G4       7633.853     105 15477.706    16007.706    15792.413
  8  LG+F+I+G4     7631.338     106 15474.676    16027.945    15792.381
 11  WAG+G4        7679.285     86  15530.571    15775.882    15788.331
 12  WAG+I+G4      7675.341     87  15524.682    15779.882    15785.439
 15  WAG+F+G4      7660.123     105 15530.245    16060.245    15844.953
 16  WAG+F+I+G4    7658.388     106 15528.776    16082.044    15846.480
 19  JTT+G4        7665.518     86  15503.036    15748.347    15760.796
 20  JTT+I+G4      7660.892     87  15495.785    15750.985    15756.542
 23  JTT+F+G4      7652.511     105 15515.023    16045.023    15829.730
 24  JTT+F+I+G4    7650.222     106 15512.445    16065.713    15830.149
Akaike Information Criterion:           LG+I+G4
Corrected Akaike Information Criterion: LG+I+G4
Bayesian Information Criterion:         LG+I+G4
Best-fit model: LG+I+G4 chosen according to BIC

All model information printed to results_broccoli_meto/alignments_prefiltering/OG_26007.iqtree.model.gz
CPU time for ModelFinder: 8.775 seconds (0h:0m:8s)
Wall-clock time for ModelFinder: 5.452 seconds (0h:0m:5s)
Generating 1000 samples for ultrafast bootstrap (seed: 121937)...

NOTE: 5 MB RAM (0 GB) is required!
Estimate model parameters (epsilon = 0.100)
Thoroughly optimizing +I+G parameters from 10 start values...
Init pinv, alpha: 0.000, 0.816 / Estimate: 0.000, 0.633 / LogL: -7633.596
Init pinv, alpha: 0.010, 0.816 / Estimate: 0.068, 0.812 / LogL: -7627.083
Init pinv, alpha: 0.020, 0.816 / Estimate: 0.068, 0.811 / LogL: -7627.082
Init pinv, alpha: 0.029, 0.816 / Estimate: 0.068, 0.814 / LogL: -7627.081
Init pinv, alpha: 0.039, 0.816 / Estimate: 0.068, 0.812 / LogL: -7627.084
Init pinv, alpha: 0.049, 0.816 / Estimate: 0.067, 0.809 / LogL: -7627.088
Init pinv, alpha: 0.059, 0.816 / Estimate: 0.066, 0.807 / LogL: -7627.090
Init pinv, alpha: 0.068, 0.816 / Estimate: 0.069, 0.815 / LogL: -7627.071
Init pinv, alpha: 0.078, 0.816 / Estimate: 0.071, 0.820 / LogL: -7627.075
Init pinv, alpha: 0.088, 0.816 / Estimate: 0.070, 0.817 / LogL: -7627.075
Optimal pinv,alpha: 0.069, 0.815 / LogL: -7627.071

Parameters optimization took 1.279 sec
Computing ML distances based on estimated model parameters...
Computing ML distances took 0.133824 sec (of wall-clock time) 0.265368 sec(of CPU time)
Computing RapidNJ tree took 0.000583 sec (of wall-clock time) 0.000167 sec (of CPU time)
Log-likelihood of RapidNJ tree: -7689.256
--------------------------------------------------------------------
|             INITIALIZING CANDIDATE TREE SET                      |
--------------------------------------------------------------------
Generating 98 parsimony trees... 0.787 second
Computing log-likelihood of 98 initial trees ... 1.219 seconds
Current best score: -7627.071

Do NNI search on 20 best initial trees
Estimate model parameters (epsilon = 0.100)
BETTER TREE FOUND at iteration 1: -7626.837
Estimate model parameters (epsilon = 0.100)
BETTER TREE FOUND at iteration 2: -7622.128
Iteration 10 / LogL: -7629.308 / Time: 0h:0m:7s
Estimate model parameters (epsilon = 0.100)
BETTER TREE FOUND at iteration 15: -7620.697
Estimate model parameters (epsilon = 0.100)
BETTER TREE FOUND at iteration 19: -7620.007
Iteration 20 / LogL: -7625.981 / Time: 0h:0m:10s
Finish initializing candidate tree set (20)
Current best tree score: -7620.007 / CPU time: 9.361
Number of iterations: 20
--------------------------------------------------------------------
|               OPTIMIZING CANDIDATE TREE SET                      |
--------------------------------------------------------------------
Estimate model parameters (epsilon = 0.100)
BETTER TREE FOUND at iteration 25: -7619.066
Estimate model parameters (epsilon = 0.100)
BETTER TREE FOUND at iteration 28: -7615.159
UPDATE BEST LOG-LIKELIHOOD: -7615.158
Iteration 30 / LogL: -7615.158 / Time: 0h:0m:14s (0h:1m:39s left)
Estimate model parameters (epsilon = 0.100)
BETTER TREE FOUND at iteration 40: -7614.472
Iteration 40 / LogL: -7614.472 / Time: 0h:0m:17s (0h:1m:30s left)
Estimate model parameters (epsilon = 0.100)
BETTER TREE FOUND at iteration 43: -7614.304
Estimate model parameters (epsilon = 0.100)
BETTER TREE FOUND at iteration 50: -7613.393
Iteration 50 / LogL: -7613.393 / Time: 0h:0m:20s (0h:1m:25s left)
Log-likelihood cutoff on original alignment: -7649.353
Estimate model parameters (epsilon = 0.100)
BETTER TREE FOUND at iteration 59: -7612.262
Estimate model parameters (epsilon = 0.100)
BETTER TREE FOUND at iteration 60: -7612.082
Iteration 60 / LogL: -7612.082 / Time: 0h:0m:24s (0h:1m:22s left)
UPDATE BEST LOG-LIKELIHOOD: -7612.081
Iteration 70 / LogL: -7612.519 / Time: 0h:0m:28s (0h:1m:17s left)
BETTER TREE FOUND at iteration 80: -7612.080
Iteration 80 / LogL: -7612.080 / Time: 0h:0m:31s (0h:1m:19s left)
Iteration 90 / LogL: -7613.116 / Time: 0h:0m:34s (0h:1m:13s left)
Iteration 100 / LogL: -7613.657 / Time: 0h:0m:37s (0h:1m:8s left)
Log-likelihood cutoff on original alignment: -7648.092
NOTE: Bootstrap correlation coefficient of split occurrence frequencies: 0.973
NOTE: UFBoot does not converge, continue at least 100 more iterations
Iteration 110 / LogL: -7612.651 / Time: 0h:0m:41s (0h:1m:4s left)
Iteration 120 / LogL: -7621.771 / Time: 0h:0m:44s (0h:1m:0s left)
UPDATE BEST LOG-LIKELIHOOD: -7612.080
UPDATE BEST LOG-LIKELIHOOD: -7612.080
Iteration 130 / LogL: -7612.651 / Time: 0h:0m:48s (0h:0m:56s left)
UPDATE BEST LOG-LIKELIHOOD: -7612.080
Iteration 140 / LogL: -7613.866 / Time: 0h:0m:51s (0h:0m:52s left)
Iteration 150 / LogL: -7612.081 / Time: 0h:0m:55s (0h:0m:47s left)
Log-likelihood cutoff on original alignment: -7645.723
Iteration 160 / LogL: -7616.174 / Time: 0h:0m:58s (0h:0m:43s left)
Iteration 170 / LogL: -7616.712 / Time: 0h:1m:1s (0h:0m:39s left)
Iteration 180 / LogL: -7612.651 / Time: 0h:1m:4s (0h:0m:36s left)
Iteration 190 / LogL: -7612.081 / Time: 0h:1m:8s (0h:0m:32s left)
Iteration 200 / LogL: -7612.081 / Time: 0h:1m:11s (0h:0m:28s left)
Log-likelihood cutoff on original alignment: -7645.723
NOTE: Bootstrap correlation coefficient of split occurrence frequencies: 0.997
Iteration 210 / LogL: -7612.519 / Time: 0h:1m:14s (0h:0m:32s left)
Iteration 220 / LogL: -7612.513 / Time: 0h:1m:18s (0h:0m:28s left)
UPDATE BEST LOG-LIKELIHOOD: -7612.080
Iteration 230 / LogL: -7612.513 / Time: 0h:1m:21s (0h:0m:24s left)
Iteration 240 / LogL: -7613.126 / Time: 0h:1m:24s (0h:0m:21s left)
Iteration 250 / LogL: -7612.261 / Time: 0h:1m:28s (0h:0m:17s left)
Log-likelihood cutoff on original alignment: -7645.723
Iteration 260 / LogL: -7612.676 / Time: 0h:1m:31s (0h:0m:14s left)
Iteration 270 / LogL: -7612.080 / Time: 0h:1m:35s (0h:0m:10s left)
Iteration 280 / LogL: -7616.591 / Time: 0h:1m:38s (0h:0m:7s left)
TREE SEARCH COMPLETED AFTER 281 ITERATIONS / Time: 0h:1m:38s

--------------------------------------------------------------------
|                    FINALIZING TREE SEARCH                        |
--------------------------------------------------------------------
Performs final model parameters optimization
Estimate model parameters (epsilon = 0.010)
1. Initial log-likelihood: -7612.080
Optimal log-likelihood: -7612.077
Proportion of invariable sites: 0.070
Gamma shape alpha: 0.800
Parameters optimization took 1 rounds (0.040 sec)
BEST SCORE FOUND : -7612.077
Creating bootstrap support values...
Split supports printed to NEXUS file results_broccoli_meto/alignments_prefiltering/OG_26007.iqtree.splits.nex
Total tree length: 33.805

Total number of iterations: 281
CPU time used for tree search: 191.455 sec (0h:3m:11s)
Wall-clock time used for tree search: 96.983 sec (0h:1m:36s)
Total CPU time used: 194.901 sec (0h:3m:14s)
Total wall-clock time used: 98.820 sec (0h:1m:38s)

Computing bootstrap consensus tree...
Reading input file results_broccoli_meto/alignments_prefiltering/OG_26007.iqtree.splits.nex...
44 taxa and 557 splits.
Consensus tree written to results_broccoli_meto/alignments_prefiltering/OG_26007.iqtree.contree
Reading input trees file results_broccoli_meto/alignments_prefiltering/OG_26007.iqtree.contree
Log-likelihood of consensus tree: -7612.241

Analysis results written to: 
  IQ-TREE report:                results_broccoli_meto/alignments_prefiltering/OG_26007.iqtree.iqtree
  Maximum-likelihood tree:       results_broccoli_meto/alignments_prefiltering/OG_26007.iqtree.treefile
  Likelihood distances:          results_broccoli_meto/alignments_prefiltering/OG_26007.iqtree.mldist

Ultrafast bootstrap approximation results written to:
  Split support values:          results_broccoli_meto/alignments_prefiltering/OG_26007.iqtree.splits.nex
  Consensus tree:                results_broccoli_meto/alignments_prefiltering/OG_26007.iqtree.contree
  Screen log file:               results_broccoli_meto/alignments_prefiltering/OG_26007.iqtree.log

Date and Time: Tue Dec 13 03:53:34 2022
