IQ-TREE multicore version 2.1.0 for Linux 64-bit built Jul 18 2020
Developed by Bui Quang Minh, James Barbetti, Nguyen Lam Tung,
Olga Chernomor, Heiko Schmidt, Dominik Schrempf, Michael Woodhams.

Host:    node-hp0307.linux.crg.es (AVX, 125 GB RAM)
Command: /users/asebe/xgraubove/Programes/iqtree-2.1.0-Linux/bin/iqtree2 -s results_broccoli_meto/alignments_prefiltering/OG_3155.lt.fasta -m TEST -mset LG,WAG,JTT -nt AUTO -ntmax 2 -bb 1000 -pre results_broccoli_meto/alignments_prefiltering/OG_3155.iqtree -nm 10000 -nstop 200 -cptime 1800
Seed:    581131 (Using SPRNG - Scalable Parallel Random Number Generator)
Time:    Tue Dec 13 05:26:00 2022
Kernel:  AVX - auto-detect threads (2 CPU cores detected)

Reading alignment file results_broccoli_meto/alignments_prefiltering/OG_3155.lt.fasta ... Fasta format detected
Alignment most likely contains protein sequences
Alignment has 55 sequences with 281 columns, 281 distinct patterns
278 parsimony-informative, 0 singleton sites, 3 constant sites
                                                      Gap/Ambiguity  Composition  p-value
   1  Lcom_lcpid63716                                        41.99%    failed      0.40%
   2  Scil_scict006720.1                                      8.90%    failed      0.53%
   3  Gracom_Gcom_C553306_01                                 10.68%    failed      3.08%
   4  Leuniv_Lniv_C813186_01                                 20.28%    failed      0.02%
   5  Pbac_sb2641537                                         62.28%    passed     84.51%
   6  Bolinf_Binf_sb1252909                                  37.72%    passed     33.55%
   7  Bolinf_Binf_sb1252910                                  45.20%    passed     89.01%
   8  Beraby_Baby_sb329214                                   28.47%    passed     52.14%
   9  Drygla_Dgla_sb275279                                   44.13%    passed     88.10%
  10  Lampan_Lpan_C408641_01                                 31.67%    passed     23.71%
  11  Vmul_sbMO414864                                        23.13%    passed     24.39%
  12  Coemet_Cmet_scaffold11220_01                           30.96%    passed     69.35%
  13  Emue_Em0015g151a.t1                                    51.60%    passed     52.17%
  14  Spolac_c92063_g1_i1_m.7476c101735-g1                   40.21%    passed     61.12%
  15  Stycar_maker-SC_scaffold3833-snap-gene-0.19-mRNA-1     21.35%    failed      0.13%
  16  Tetwil_g4385.t2                                        48.75%    passed     50.27%
  17  Fspp_ffun1.m4.1885.m1                                  32.38%    passed     78.03%
  18  Gasp_gasp1.m3.18544.m1                                 56.23%    passed     96.22%
  19  Spis_XP_022787789_1                                     6.41%    passed     61.21%
  20  Pocdam_XM_027183784.1                                   6.41%    passed     98.50%
  21  Amil_Amillepora21554-RA                                28.11%    failed      2.88%
  22  Adig_XM_015918043.1                                    49.11%    passed     16.96%
  23  Adig_XM_015897879.1                                     6.41%    passed     50.96%
  24  Exapal_XM_021046105.2                                   8.19%    passed     63.39%
  25  Nvec_v1g244303                                          0.36%    passed     16.58%
  26  Halamb_c43652_g1_i1m.16452                             41.99%    passed     68.52%
  27  Xestes_maker-XT_scaffold873-augustus-gene-0.9-mRNA-1   13.88%    passed     13.40%
  28  Morvir_scaffold85.g2.t1                                 8.19%    passed     64.14%
  29  Aaur_scaffold129.g6.t1                                 55.87%    passed     67.09%
  30  Rhoesc_Res_012743-T1                                   13.52%    passed     54.23%
  31  Nemnom_g825.t1                                         15.30%    passed     99.85%
  32  Hvul_g28796_1                                           4.63%    passed     10.32%
  33  Acagra_model.g14466.t1                                 13.88%    passed     81.89%
  34  Spur_XM_030991421.1                                    12.10%    passed     68.95%
  35  HoiH23_PlH23_007116-RA                                 25.27%    failed      4.04%
  36  HoiH06_mRNA11772                                       24.91%    failed      4.68%
  37  Hhon_g09593.t1                                         28.11%    passed      5.76%
  38  HoiH04_mRNA4884                                        27.05%    failed      2.72%
  39  HoiH11_mRNA3133                                        25.27%    passed     18.00%
  40  TrH2_TrispH2_008426-RA                                 29.18%    passed     27.79%
  41  Tadh_TriadT62014                                       37.72%    passed     34.14%
  42  Plespi_Pspi_scaffold13627_01                           33.45%    passed     29.74%
  43  Cscu_XM_023368177.1                                    13.88%    passed     35.42%
  44  Tcas_TC015548_001                                      62.28%    passed     81.70%
  45  Opea_EP00118_Oscarella_pearsei_P006520                 18.51%    passed     28.49%
  46  Dpul_mRNA21892                                         26.69%    passed     82.41%
  47  Ctel_gnl_WGS_AMQN_CAPTEDRAFT_mRNA148849                29.89%    passed     57.38%
  48  Chem_TCONS_00009690                                    17.08%    passed     27.52%
  49  Dgig_XM_028550079.1                                    15.30%    passed     63.40%
  50  Xesp_002394-T1                                         11.74%    passed     77.22%
  51  Cgig_XM_020071493.2                                    14.95%    failed      0.41%
  52  Bralan_BLAG01002075_1                                  24.91%    passed     51.40%
  53  Skow_XM_006814302.1                                    52.67%    passed     30.06%
  54  Nvec_v1g210143                                         36.65%    passed     48.36%
  55  Gfas_gfas1.m1.12047.m1                                 29.89%    passed     43.99%
WARNING: 6 sequences contain more than 50% gaps/ambiguity
****  TOTAL                                                  27.38%  10 sequences failed composition chi2 test (p-value<5%; df=19)


Create initial parsimony tree by phylogenetic likelihood library (PLL)... 0.012 seconds
Measuring multi-threading efficiency up to 2 CPU cores
Increase to 10 rounds for branch lengths
5 trees examined
Threads: 1 / Time: 2.007 sec / Speedup: 1.000 / Efficiency: 100% / LogL: -24666
Threads: 2 / Time: 1.080 sec / Speedup: 1.858 / Efficiency: 93% / LogL: -24666
BEST NUMBER OF THREADS: 2

Perform fast likelihood tree search using LG+I+G model...
Estimate model parameters (epsilon = 5.000)
Perform nearest neighbor interchange...
Estimate model parameters (epsilon = 1.000)
1. Initial log-likelihood: -20513.457
Optimal log-likelihood: -20513.421
Proportion of invariable sites: 0.010
Gamma shape alpha: 1.157
Parameters optimization took 1 rounds (0.082 sec)
Time for fast ML tree search: 1.247 seconds

NOTE: ModelFinder requires 11 MB RAM!
ModelFinder will test up to 24 protein models (sample size: 281) ...
 No. Model         -LnL         df  AIC          AICc         BIC
  1  LG            21372.408    107 42958.816    43092.411    43348.120
  2  LG+I          21286.314    108 42788.629    42925.513    43181.571
  3  LG+G4         20525.475    108 41266.950    41403.833    41659.892
  4  LG+I+G4       20513.451    109 41244.903    41385.137    41641.483
  8  LG+F+I+G4     20432.248    128 41120.496    41337.759    41586.205
 12  WAG+I+G4      20579.355    109 41376.710    41516.944    41773.291
 16  WAG+F+I+G4    20420.014    128 41096.029    41313.292    41561.738
 20  JTT+I+G4      20585.534    109 41389.067    41529.301    41785.648
 24  JTT+F+I+G4    20421.421    128 41098.842    41316.105    41564.551
Akaike Information Criterion:           WAG+F+I+G4
Corrected Akaike Information Criterion: WAG+F+I+G4
Bayesian Information Criterion:         WAG+F+I+G4
Best-fit model: WAG+F+I+G4 chosen according to BIC

All model information printed to results_broccoli_meto/alignments_prefiltering/OG_3155.iqtree.model.gz
CPU time for ModelFinder: 11.701 seconds (0h:0m:11s)
Wall-clock time for ModelFinder: 6.890 seconds (0h:0m:6s)
Generating 1000 samples for ultrafast bootstrap (seed: 581131)...

NOTE: 11 MB RAM (0 GB) is required!
Estimate model parameters (epsilon = 0.100)
Thoroughly optimizing +I+G parameters from 10 start values...
Init pinv, alpha: 0.000, 1.465 / Estimate: 0.010, 1.470 / LogL: -20420.004
Init pinv, alpha: 0.001, 1.465 / Estimate: 0.010, 1.473 / LogL: -20420.004
Init pinv, alpha: 0.002, 1.465 / Estimate: 0.010, 1.473 / LogL: -20420.003
Init pinv, alpha: 0.004, 1.465 / Estimate: 0.010, 1.472 / LogL: -20420.003
Init pinv, alpha: 0.005, 1.465 / Estimate: 0.010, 1.472 / LogL: -20420.003
Init pinv, alpha: 0.006, 1.465 / Estimate: 0.010, 1.472 / LogL: -20420.003
Init pinv, alpha: 0.007, 1.465 / Estimate: 0.010, 1.472 / LogL: -20420.003
Init pinv, alpha: 0.008, 1.465 / Estimate: 0.010, 1.470 / LogL: -20420.004
Init pinv, alpha: 0.009, 1.465 / Estimate: 0.010, 1.470 / LogL: -20420.005
Init pinv, alpha: 0.011, 1.465 / Estimate: 0.010, 1.470 / LogL: -20420.005
Optimal pinv,alpha: 0.010, 1.472 / LogL: -20420.003

Parameters optimization took 1.489 sec
Computing ML distances based on estimated model parameters...
Computing ML distances took 0.231673 sec (of wall-clock time) 0.462801 sec(of CPU time)
Computing RapidNJ tree took 0.000783 sec (of wall-clock time) 0.001556 sec (of CPU time)
Log-likelihood of RapidNJ tree: -20552.867
--------------------------------------------------------------------
|             INITIALIZING CANDIDATE TREE SET                      |
--------------------------------------------------------------------
Generating 98 parsimony trees... 1.470 second
Computing log-likelihood of 98 initial trees ... 2.552 seconds
Current best score: -20420.003

Do NNI search on 20 best initial trees
Estimate model parameters (epsilon = 0.100)
BETTER TREE FOUND at iteration 1: -20420.003
Estimate model parameters (epsilon = 0.100)
BETTER TREE FOUND at iteration 2: -20411.217
Estimate model parameters (epsilon = 0.100)
BETTER TREE FOUND at iteration 10: -20409.272
Iteration 10 / LogL: -20409.272 / Time: 0h:0m:12s
BETTER TREE FOUND at iteration 12: -20409.264
Estimate model parameters (epsilon = 0.100)
BETTER TREE FOUND at iteration 13: -20407.743
Iteration 20 / LogL: -20417.436 / Time: 0h:0m:19s
Finish initializing candidate tree set (20)
Current best tree score: -20407.743 / CPU time: 16.911
Number of iterations: 20
--------------------------------------------------------------------
|               OPTIMIZING CANDIDATE TREE SET                      |
--------------------------------------------------------------------
Iteration 30 / LogL: -20407.757 / Time: 0h:0m:24s (0h:2m:35s left)
UPDATE BEST LOG-LIKELIHOOD: -20407.742
Iteration 40 / LogL: -20407.797 / Time: 0h:0m:30s (0h:2m:13s left)
Estimate model parameters (epsilon = 0.100)
UPDATE BEST LOG-LIKELIHOOD: -20407.719
Iteration 50 / LogL: -20409.407 / Time: 0h:0m:35s (0h:1m:58s left)
Log-likelihood cutoff on original alignment: -20443.170
Iteration 60 / LogL: -20408.240 / Time: 0h:0m:41s (0h:1m:47s left)
Iteration 70 / LogL: -20416.648 / Time: 0h:0m:47s (0h:1m:37s left)
Iteration 80 / LogL: -20407.976 / Time: 0h:0m:52s (0h:1m:28s left)
Iteration 90 / LogL: -20408.216 / Time: 0h:0m:57s (0h:1m:20s left)
Iteration 100 / LogL: -20408.101 / Time: 0h:1m:3s (0h:1m:12s left)
Log-likelihood cutoff on original alignment: -20438.523
NOTE: Bootstrap correlation coefficient of split occurrence frequencies: 0.999
Iteration 110 / LogL: -20409.447 / Time: 0h:1m:9s (0h:1m:5s left)
Iteration 120 / LogL: -20410.466 / Time: 0h:1m:14s (0h:0m:58s left)
Iteration 130 / LogL: -20408.115 / Time: 0h:1m:19s (0h:0m:51s left)
Iteration 140 / LogL: -20408.029 / Time: 0h:1m:25s (0h:0m:44s left)
Iteration 150 / LogL: -20408.458 / Time: 0h:1m:30s (0h:0m:38s left)
Log-likelihood cutoff on original alignment: -20439.217
Iteration 160 / LogL: -20408.275 / Time: 0h:1m:36s (0h:0m:32s left)
Iteration 170 / LogL: -20407.891 / Time: 0h:1m:41s (0h:0m:25s left)
Iteration 180 / LogL: -20407.869 / Time: 0h:1m:46s (0h:0m:19s left)
Iteration 190 / LogL: -20409.411 / Time: 0h:1m:51s (0h:0m:13s left)
Iteration 200 / LogL: -20407.947 / Time: 0h:1m:57s (0h:0m:7s left)
Log-likelihood cutoff on original alignment: -20438.523
NOTE: Bootstrap correlation coefficient of split occurrence frequencies: 1.000
Iteration 210 / LogL: -20407.963 / Time: 0h:2m:2s (0h:0m:52s left)
TREE SEARCH COMPLETED AFTER 214 ITERATIONS / Time: 0h:2m:5s

--------------------------------------------------------------------
|                    FINALIZING TREE SEARCH                        |
--------------------------------------------------------------------
Performs final model parameters optimization
Estimate model parameters (epsilon = 0.010)
1. Initial log-likelihood: -20407.719
Optimal log-likelihood: -20407.718
Proportion of invariable sites: 0.010
Gamma shape alpha: 1.510
Parameters optimization took 1 rounds (0.079 sec)
BEST SCORE FOUND : -20407.718
Creating bootstrap support values...
Split supports printed to NEXUS file results_broccoli_meto/alignments_prefiltering/OG_3155.iqtree.splits.nex
Total tree length: 46.775

Total number of iterations: 214
CPU time used for tree search: 243.540 sec (0h:4m:3s)
Wall-clock time used for tree search: 123.049 sec (0h:2m:3s)
Total CPU time used: 248.205 sec (0h:4m:8s)
Total wall-clock time used: 125.515 sec (0h:2m:5s)

Computing bootstrap consensus tree...
Reading input file results_broccoli_meto/alignments_prefiltering/OG_3155.iqtree.splits.nex...
55 taxa and 484 splits.
Consensus tree written to results_broccoli_meto/alignments_prefiltering/OG_3155.iqtree.contree
Reading input trees file results_broccoli_meto/alignments_prefiltering/OG_3155.iqtree.contree
Log-likelihood of consensus tree: -20408.184

Analysis results written to: 
  IQ-TREE report:                results_broccoli_meto/alignments_prefiltering/OG_3155.iqtree.iqtree
  Maximum-likelihood tree:       results_broccoli_meto/alignments_prefiltering/OG_3155.iqtree.treefile
  Likelihood distances:          results_broccoli_meto/alignments_prefiltering/OG_3155.iqtree.mldist

Ultrafast bootstrap approximation results written to:
  Split support values:          results_broccoli_meto/alignments_prefiltering/OG_3155.iqtree.splits.nex
  Consensus tree:                results_broccoli_meto/alignments_prefiltering/OG_3155.iqtree.contree
  Screen log file:               results_broccoli_meto/alignments_prefiltering/OG_3155.iqtree.log

Date and Time: Tue Dec 13 05:28:13 2022
