IQ-TREE multicore version 2.1.0 for Linux 64-bit built Jul 18 2020
Developed by Bui Quang Minh, James Barbetti, Nguyen Lam Tung,
Olga Chernomor, Heiko Schmidt, Dominik Schrempf, Michael Woodhams.

Host:    node-hp0515.linux.crg.es (AVX, 125 GB RAM)
Command: /users/asebe/xgraubove/Programes/iqtree-2.1.0-Linux/bin/iqtree2 -s results_broccoli_meto/alignments_prefiltering/OG_3093.lt.fasta -m TEST -mset LG,WAG,JTT -nt AUTO -ntmax 2 -bb 1000 -pre results_broccoli_meto/alignments_prefiltering/OG_3093.iqtree -nm 10000 -nstop 200 -cptime 1800
Seed:    689864 (Using SPRNG - Scalable Parallel Random Number Generator)
Time:    Tue Dec 13 05:16:50 2022
Kernel:  AVX - auto-detect threads (2 CPU cores detected)

Reading alignment file results_broccoli_meto/alignments_prefiltering/OG_3093.lt.fasta ... Fasta format detected
Alignment most likely contains protein sequences
Alignment has 87 sequences with 1107 columns, 1107 distinct patterns
1103 parsimony-informative, 0 singleton sites, 4 constant sites
                                                               Gap/Ambiguity  Composition  p-value
   1  Lcom_lcpid30022                                                  0.81%    failed      0.13%
   2  Lcom_lcpid122533                                                81.48%    passed     64.54%
   3  Lcom_lcpid29188                                                 56.73%    failed      2.94%
   4  Gracom_Gcom_scaffold11857_01                                     0.99%    failed      0.03%
   5  Leuniv_Lniv_scaffold26046_01                                    72.81%    failed      0.79%
   6  Clacor_Ccor_C542311_01                                          32.52%    failed      4.92%
   7  Clacor_Ccor_scaffold13062_01                                    72.36%    passed     12.57%
   8  Cgig_XM_034455087.1                                              0.90%    passed     99.06%
   9  Acagra_model.g3909.t1                                            0.90%    passed     88.07%
  10  Fspp_ffun1.m4.21351.m1                                           5.87%    passed     93.58%
  11  Gasp_gasp1.m3.3583.m1                                            0.18%    passed     57.08%
  12  Gfas_gfas1.m1.9886.m1                                            0.18%    passed     94.09%
  13  Adig_XM_015923029.1                                             12.01%    passed     98.39%
  14  Spis_XP_022806697_1                                              0.18%    passed     98.01%
  15  Pocdam_XM_027186798.1                                            0.18%    passed     98.16%
  16  Amil_Amillepora14068-RA                                         14.00%    passed     68.63%
  17  Adig_XM_015908997.1                                              2.35%    passed     91.73%
  18  Nvec_NVE6532                                                    83.65%    failed      4.80%
  19  Nvec_v1g205085                                                   0.90%    passed     92.95%
  20  Nvec_v1g248742                                                  89.70%    passed     65.25%
  21  Dgig_XM_028539681.1                                              0.54%    passed     17.85%
  22  Xesp_018451-T1                                                  87.08%    passed     60.28%
  23  Xesp_018452-T1                                                  33.33%    passed     18.29%
  24  Bralan_BLAG09000612_1                                            1.17%    passed     71.88%
  25  Skow_XM_006823663.1                                              0.90%    passed     85.39%
  26  Spur_XM_030984363.1                                              0.54%    passed     70.41%
  27  Hsap_ENST00000304658                                             2.44%    passed     94.95%
  28  Exapal_XM_028658688.1                                            9.85%    passed     57.28%
  29  Ctel_gnl_WGS_AMQN_CAPTEDRAFT_mRNA227868                          3.16%    passed     83.03%
  30  Ctel_gnl_WGS_AMQN_CAPTEDRAFT_mRNA106002                         84.28%    passed     60.62%
  31  Rhoesc_Res_014147-T1                                             0.54%    passed     47.87%
  32  Nemnom_g9115.t1                                                 26.74%    passed     27.50%
  33  Nemnom_g6376.t1                                                  0.45%    passed     39.37%
  34  Aaur_scaffold384.g11.t1                                         90.33%    passed     35.27%
  35  Sanmal_Sma_013327-T2                                             0.72%    passed     82.15%
  36  Aaur_scaffold7378.g1.t1                                         93.04%    passed     63.79%
  37  Plespi_Pspi_scaffold18362_01                                     9.30%    passed     19.64%
  38  Tetwil_g3731.t1                                                 88.08%    passed     77.04%
  39  Spolac_c102397_g1_i3_m.29162c102397-g1                          28.36%    passed     91.36%
  40  Cscu_XM_023370550.1                                             19.96%    failed      0.19%
  41  Cscu_XM_023356961.1                                             89.25%    passed     45.24%
  42  HoiH23_PlH23_001579-RA                                           2.62%    passed     24.90%
  43  HoiH06_mRNA4099                                                  1.63%    passed     27.66%
  44  Hhon_g04785.t1                                                   1.63%    failed      3.21%
  45  HoiH04_mRNA13869                                                 1.63%    failed      2.30%
  46  HoiH11_mRNA1466                                                  1.72%    passed     30.59%
  47  Tadh_TriadT53770                                                90.15%    passed     63.70%
  48  TrH2_TrispH2_006250-RA                                          67.48%    passed     92.41%
  49  Tadh_TriadT53769                                                28.46%    passed     25.85%
  50  Morvir_scaffold253.g26.t1                                        1.08%    failed      2.30%
  51  Aaur_scaffold384.g17.t1                                         90.06%    passed      8.72%
  52  Chem_TCONS_00062828                                             69.29%    passed     51.42%
  53  Chem_TCONS_00044531                                             84.82%    passed      9.76%
  54  Hvul_g31446_1                                                   11.56%    failed      2.25%
  55  Spolac_c102397_g2_i1_m.29166c102397-g1                          81.21%    passed     56.84%
  56  Tetwil_g6247.t2                                                 28.73%    passed     39.42%
  57  Stycar_snap_masked-SC_scaffold2697-processed-gene-0.46-mRNA-1   20.51%    failed      0.00%
  58  Aque_Aqu2.1.38573_001                                            5.15%    passed     23.98%
  59  Halamb_c56342_g1_i2mm.7110                                       5.15%    passed     48.07%
  60  Xestes_maker-XT_scaffold2893-augustus-gene-0.3-mRNA-1           73.98%    passed     65.43%
  61  Chem_TCONS_00062827                                             52.85%    passed     31.00%
  62  Plajan_Pjan_scaffold5674_01                                     54.29%    passed     74.73%
  63  Aaur_scaffold384.g12.t2                                         43.36%    passed      6.66%
  64  Ocar_g10644                                                     84.10%    passed     74.47%
  65  Opea_EP00118_Oscarella_pearsei_P009130                           4.43%    passed     29.65%
  66  Opea_EP00118_Oscarella_pearsei_P009131                          79.49%    passed     57.08%
  67  Emue_Em0006g10a.t1                                              60.16%    failed      0.00%
  68  Spolac_c106702_g1_i1_m.45144c106702-g1NA                        89.43%    passed     10.62%
  69  Spolac_c99914_g1_i2_m.20943c100527-g1NA                         70.37%    failed      0.00%
  70  Vmul_Simscaffold6250_01                                         48.78%    passed     36.22%
  71  Coemet_Cmet_scaffold20624_01                                    34.69%    passed     20.47%
  72  Coemet_Cmet_scaffold20625_01                                    46.16%    passed     47.39%
  73  Lampan_Lpan_12592_01                                            47.61%    passed     37.68%
  74  Coeast_Cast_sb801519                                            85.00%    passed     12.25%
  75  Coeast_Cast_sb801513                                            59.08%    passed     32.13%
  76  Coeast_Cast_sb801516                                            69.65%    passed     66.53%
  77  Coeast_Cast_sb801515                                            62.06%    passed     23.72%
  78  Coeast_Cast_sb801518                                            72.63%    passed     61.81%
  79  Vmul_sbMO417639                                                 64.86%    passed     44.39%
  80  Lampan_Lpan_12591_01                                            61.34%    passed     53.71%
  81  Drygla_Dgla_sb285593                                            82.38%    passed     99.62%
  82  Drygla_Dgla_sb285592                                            64.41%    passed     17.26%
  83  Bolinf_Binf_sb1181005                                           86.27%    passed     38.70%
  84  Pbac_sb2651803                                                  43.63%    failed      0.04%
  85  Horcal_Hcv1.av93.c2.g824.i1                                     19.33%    failed      0.00%
  86  Dpul_mRNA24761                                                  19.51%    failed      4.62%
  87  Tcas_TC006436_001                                               14.27%    failed      0.53%
WARNING: 36 sequences contain more than 50% gaps/ambiguity
****  TOTAL                                                           38.92%  18 sequences failed composition chi2 test (p-value<5%; df=19)


Create initial parsimony tree by phylogenetic likelihood library (PLL)... 0.110 seconds
Measuring multi-threading efficiency up to 2 CPU cores
7 trees examined
Threads: 1 / Time: 2.288 sec / Speedup: 1.000 / Efficiency: 100% / LogL: -104384
Threads: 2 / Time: 2.720 sec / Speedup: 0.841 / Efficiency: 42% / LogL: -104384
BEST NUMBER OF THREADS: 1

Perform fast likelihood tree search using LG+I+G model...
Estimate model parameters (epsilon = 5.000)
Perform nearest neighbor interchange...
Estimate model parameters (epsilon = 1.000)
1. Initial log-likelihood: -69936.010
Optimal log-likelihood: -69935.976
Proportion of invariable sites: 0.002
Gamma shape alpha: 2.478
Parameters optimization took 1 rounds (0.877 sec)
Time for fast ML tree search: 13.876 seconds

NOTE: ModelFinder requires 64 MB RAM!
ModelFinder will test up to 24 protein models (sample size: 1107) ...
 No. Model         -LnL         df  AIC          AICc         BIC
  1  LG            71152.241    171 142646.482   142709.396   143503.091
  2  LG+I          71131.839    172 142607.678   142671.395   143469.296
  3  LG+G4         69937.242    172 140218.484   140282.202   141080.103
  4  LG+I+G4       69935.964    173 140217.928   140282.456   141084.556
  7  LG+F+G4       69647.652    191 139677.303   139757.461   140634.101
  8  LG+F+I+G4     69646.728    192 139677.457   139758.542   140639.263
 11  WAG+G4        70391.275    172 141126.550   141190.267   141988.168
 12  WAG+I+G4      70389.670    173 141125.341   141189.868   141991.969
 15  WAG+F+G4      70131.521    191 140645.042   140725.200   141601.839
 16  WAG+F+I+G4    70130.055    192 140644.110   140725.195   141605.916
 19  JTT+G4        70090.323    172 140524.645   140588.362   141386.263
 20  JTT+I+G4      70088.412    173 140522.825   140587.352   141389.452
 23  JTT+F+G4      69733.346    191 139848.692   139928.849   140805.489
 24  JTT+F+I+G4    69731.887    192 139847.774   139928.859   140809.580
Akaike Information Criterion:           LG+F+G4
Corrected Akaike Information Criterion: LG+F+G4
Bayesian Information Criterion:         LG+F+G4
Best-fit model: LG+F+G4 chosen according to BIC

All model information printed to results_broccoli_meto/alignments_prefiltering/OG_3093.iqtree.model.gz
CPU time for ModelFinder: 61.354 seconds (0h:1m:1s)
Wall-clock time for ModelFinder: 62.233 seconds (0h:1m:2s)
Generating 1000 samples for ultrafast bootstrap (seed: 689864)...

NOTE: 64 MB RAM (0 GB) is required!
Estimate model parameters (epsilon = 0.100)
1. Initial log-likelihood: -69647.652
Optimal log-likelihood: -69647.649
Gamma shape alpha: 2.305
Parameters optimization took 1 rounds (0.848 sec)
Computing ML distances based on estimated model parameters...
Computing ML distances took 0.930337 sec (of wall-clock time) 0.928471 sec(of CPU time)
WARNING: Some pairwise ML distances are too long (saturated)
Computing RapidNJ tree took 0.000918 sec (of wall-clock time) 0.000987 sec (of CPU time)
Log-likelihood of RapidNJ tree: -72638.929
--------------------------------------------------------------------
|             INITIALIZING CANDIDATE TREE SET                      |
--------------------------------------------------------------------
Generating 98 parsimony trees... 6.958 second
Computing log-likelihood of 98 initial trees ... 28.625 seconds
Current best score: -69647.649

Do NNI search on 20 best initial trees
Estimate model parameters (epsilon = 0.100)
BETTER TREE FOUND at iteration 1: -69636.738
Iteration 10 / LogL: -69636.902 / Time: 0h:1m:40s
Estimate model parameters (epsilon = 0.100)
BETTER TREE FOUND at iteration 18: -69627.124
Iteration 20 / LogL: -69639.863 / Time: 0h:2m:50s
Finish initializing candidate tree set (15)
Current best tree score: -69627.124 / CPU time: 159.581
Number of iterations: 20
--------------------------------------------------------------------
|               OPTIMIZING CANDIDATE TREE SET                      |
--------------------------------------------------------------------
Estimate model parameters (epsilon = 0.100)
BETTER TREE FOUND at iteration 21: -69627.108
Estimate model parameters (epsilon = 0.100)
BETTER TREE FOUND at iteration 23: -69621.813
Iteration 30 / LogL: -69622.021 / Time: 0h:4m:23s (0h:29m:13s left)
Iteration 40 / LogL: -69623.214 / Time: 0h:5m:42s (0h:26m:47s left)
Iteration 50 / LogL: -69622.260 / Time: 0h:7m:7s (0h:25m:10s left)
Log-likelihood cutoff on original alignment: -69679.534
Iteration 60 / LogL: -69621.939 / Time: 0h:8m:34s (0h:23m:40s left)
Iteration 70 / LogL: -69622.839 / Time: 0h:9m:59s (0h:22m:8s left)
Iteration 80 / LogL: -69621.883 / Time: 0h:11m:24s (0h:20m:39s left)
Iteration 90 / LogL: -69621.876 / Time: 0h:12m:48s (0h:19m:8s left)
Iteration 100 / LogL: -69622.531 / Time: 0h:14m:10s (0h:17m:36s left)
Log-likelihood cutoff on original alignment: -69679.534
NOTE: Bootstrap correlation coefficient of split occurrence frequencies: 0.997
Estimate model parameters (epsilon = 0.100)
UPDATE BEST LOG-LIKELIHOOD: -69621.733
Iteration 110 / LogL: -69621.840 / Time: 0h:15m:41s (0h:16m:16s left)
Iteration 120 / LogL: -69622.792 / Time: 0h:17m:1s (0h:14m:44s left)
Iteration 130 / LogL: -69927.379 / Time: 0h:18m:30s (0h:13m:20s left)
Iteration 140 / LogL: -69621.955 / Time: 0h:19m:48s (0h:11m:49s left)
Iteration 150 / LogL: -69622.204 / Time: 0h:21m:9s (0h:10m:22s left)
Log-likelihood cutoff on original alignment: -69679.534
Iteration 160 / LogL: -69621.853 / Time: 0h:22m:36s (0h:8m:57s left)
Iteration 170 / LogL: -69622.466 / Time: 0h:23m:57s (0h:7m:30s left)
Iteration 180 / LogL: -69932.584 / Time: 0h:25m:12s (0h:6m:3s left)
UPDATE BEST LOG-LIKELIHOOD: -69621.727
Iteration 190 / LogL: -69621.752 / Time: 0h:26m:32s (0h:4m:38s left)
Iteration 200 / LogL: -69622.640 / Time: 0h:27m:55s (0h:3m:13s left)
Log-likelihood cutoff on original alignment: -69679.534
NOTE: Bootstrap correlation coefficient of split occurrence frequencies: 0.997
Iteration 210 / LogL: -69621.830 / Time: 0h:29m:19s (0h:12m:37s left)
Iteration 220 / LogL: -69622.387 / Time: 0h:30m:38s (0h:11m:11s left)
TREE SEARCH COMPLETED AFTER 224 ITERATIONS / Time: 0h:31m:8s

--------------------------------------------------------------------
|                    FINALIZING TREE SEARCH                        |
--------------------------------------------------------------------
Performs final model parameters optimization
Estimate model parameters (epsilon = 0.010)
1. Initial log-likelihood: -69621.727
Optimal log-likelihood: -69621.717
Gamma shape alpha: 2.301
Parameters optimization took 1 rounds (0.811 sec)
BEST SCORE FOUND : -69621.717
Creating bootstrap support values...
Split supports printed to NEXUS file results_broccoli_meto/alignments_prefiltering/OG_3093.iqtree.splits.nex
Total tree length: 33.024

Total number of iterations: 224
CPU time used for tree search: 1854.582 sec (0h:30m:54s)
Wall-clock time used for tree search: 1857.863 sec (0h:30m:57s)
Total CPU time used: 1865.927 sec (0h:31m:5s)
Total wall-clock time used: 1869.551 sec (0h:31m:9s)

Computing bootstrap consensus tree...
Reading input file results_broccoli_meto/alignments_prefiltering/OG_3093.iqtree.splits.nex...
87 taxa and 378 splits.
Consensus tree written to results_broccoli_meto/alignments_prefiltering/OG_3093.iqtree.contree
Reading input trees file results_broccoli_meto/alignments_prefiltering/OG_3093.iqtree.contree
Log-likelihood of consensus tree: -69621.841

Analysis results written to: 
  IQ-TREE report:                results_broccoli_meto/alignments_prefiltering/OG_3093.iqtree.iqtree
  Maximum-likelihood tree:       results_broccoli_meto/alignments_prefiltering/OG_3093.iqtree.treefile
  Likelihood distances:          results_broccoli_meto/alignments_prefiltering/OG_3093.iqtree.mldist

Ultrafast bootstrap approximation results written to:
  Split support values:          results_broccoli_meto/alignments_prefiltering/OG_3093.iqtree.splits.nex
  Consensus tree:                results_broccoli_meto/alignments_prefiltering/OG_3093.iqtree.contree
  Screen log file:               results_broccoli_meto/alignments_prefiltering/OG_3093.iqtree.log

Date and Time: Tue Dec 13 05:49:07 2022
