IQ-TREE multicore version 2.1.0 for Linux 64-bit built Jul 18 2020
Developed by Bui Quang Minh, James Barbetti, Nguyen Lam Tung,
Olga Chernomor, Heiko Schmidt, Dominik Schrempf, Michael Woodhams.

Host:    node-hp0407.linux.crg.es (AVX, 125 GB RAM)
Command: /users/asebe/xgraubove/Programes/iqtree-2.1.0-Linux/bin/iqtree2 -s results_broccoli_meto/alignments_prefiltering/OG_3164.lt.fasta -m TEST -mset LG,WAG,JTT -nt AUTO -ntmax 2 -bb 1000 -pre results_broccoli_meto/alignments_prefiltering/OG_3164.iqtree -nm 10000 -nstop 200 -cptime 1800
Seed:    101288 (Using SPRNG - Scalable Parallel Random Number Generator)
Time:    Tue Dec 13 05:27:17 2022
Kernel:  AVX - auto-detect threads (2 CPU cores detected)

Reading alignment file results_broccoli_meto/alignments_prefiltering/OG_3164.lt.fasta ... Fasta format detected
Alignment most likely contains protein sequences
Alignment has 48 sequences with 256 columns, 253 distinct patterns
227 parsimony-informative, 0 singleton sites, 29 constant sites
                                                       Gap/Ambiguity  Composition  p-value
   1  Lcom_lcpid32419                                          1.95%    failed      3.26%
   2  Gracom_Gcom_C528368_01                                   6.64%    failed      1.54%
   3  Leuniv_Lniv_C799246_01                                   1.56%    passed     23.88%
   4  Cgig_XM_011449582.3                                      1.95%    passed     99.29%
   5  Bralan_BLAG01001455_1                                    6.25%    passed     98.65%
   6  Skow_XM_006817857.1                                     47.66%    passed     70.52%
   7  Spur_XM_030991766.1                                      2.34%    passed     96.10%
   8  Ctel_gnl_WGS_AMQN_CAPTEDRAFT_mRNA226573                  6.64%    passed     91.67%
   9  Acagra_model.g23953.t1                                   6.25%    passed     64.27%
  10  Fspp_ffun1.m4.6228.m1                                    4.30%    passed     96.03%
  11  Gasp_gasp1.m3.29710.m1                                   3.91%    passed     98.12%
  12  Spis_XP_022781547_1                                      4.30%    passed     92.64%
  13  Pocdam_XM_027203995.1                                    4.30%    passed     99.21%
  14  Amil_Amillepora22312-RA                                  4.69%    passed     77.86%
  15  Adig_XM_015906976.1                                      4.69%    passed     79.96%
  16  Gfas_gfas1.m1.8882.m1                                    4.69%    passed     97.78%
  17  Sanmal_Sma_022698-T1                                    47.66%    passed     88.49%
  18  Nemnom_g1496.t1                                          6.64%    passed     93.71%
  19  Rhoesc_Res_004135-T1                                     4.30%    passed     94.97%
  20  Morvir_scaffold168.g35.t1                                6.64%    passed     99.00%
  21  Dgig_XM_028540919.1                                      9.77%    passed     98.63%
  22  Xesp_004960-T1                                          11.33%    passed     97.63%
  23  Tetwil_g6535.t1                                          1.56%    passed     71.54%
  24  Stycar_maker-SC_scaffold6110-snap-gene-0.37-mRNA-1      28.12%    passed      9.08%
  25  Aque_Aqu2.1.20540_001                                    9.38%    passed     96.74%
  26  Dpul_mRNA22589                                           8.98%    passed     77.77%
  27  Tcas_TC015403_001                                       16.41%    passed     72.70%
  28  Exapal_XM_021059020.2                                    1.56%    passed     88.80%
  29  Hvul_g31260_1                                            1.95%    passed     40.30%
  30  Pbac_sb2645452                                          51.17%    passed     71.79%
  31  Horcal_Hcv1.av93.c2.g1074.i1                            14.06%    passed     83.44%
  32  Vmul_SimC387158                                          9.77%    passed     52.72%
  33  Coemet_Cmet_C587589_01                                   9.77%    passed     10.35%
  34  Lampan_Lpan_9903_01                                     50.78%    passed     12.37%
  35  Beraby_Baby_sb353390                                    18.36%    passed     69.04%
  36  Drygla_Dgla_sb311113                                    31.64%    passed     12.84%
  37  HoiH23_PlH23_003367-RA                                   6.64%    passed     98.28%
  38  Hhon_g04533.t1                                           9.77%    passed     88.34%
  39  HoiH04_mRNA4325                                          9.77%    passed     92.05%
  40  HoiH11_mRNA8427                                          9.77%    passed     87.13%
  41  TrH2_TrispH2_009626-RA                                   6.64%    passed     98.96%
  42  Hsap_ENST00000330181                                     3.91%    failed      0.00%
  43  Nvec_v1g174298                                          26.56%    passed     87.42%
  44  Stycar_maker-SC_scaffold3937-augustus-gene-0.5-mRNA-1   31.64%    failed      0.44%
  45  Chem_TCONS_00070230                                     25.39%    passed     56.15%
  46  Pbac_sb2637547                                          60.55%    passed     35.14%
  47  Emue_Em0015g984a.t1                                     51.95%    passed     19.64%
  48  Emue_Em0940g2a.t1                                       49.22%    passed     18.29%
WARNING: 4 sequences contain more than 50% gaps/ambiguity
****  TOTAL                                                   15.49%  4 sequences failed composition chi2 test (p-value<5%; df=19)


Create initial parsimony tree by phylogenetic likelihood library (PLL)... 0.011 seconds
Measuring multi-threading efficiency up to 2 CPU cores
Increase to 10 rounds for branch lengths
7 trees examined
Threads: 1 / Time: 2.070 sec / Speedup: 1.000 / Efficiency: 100% / LogL: -18662
Threads: 2 / Time: 1.161 sec / Speedup: 1.784 / Efficiency: 89% / LogL: -18662
BEST NUMBER OF THREADS: 2

Perform fast likelihood tree search using LG+I+G model...
Estimate model parameters (epsilon = 5.000)
Perform nearest neighbor interchange...
Estimate model parameters (epsilon = 1.000)
1. Initial log-likelihood: -14884.209
Optimal log-likelihood: -14883.906
Proportion of invariable sites: 0.107
Gamma shape alpha: 1.328
Parameters optimization took 1 rounds (0.119 sec)
Time for fast ML tree search: 0.872 seconds

NOTE: ModelFinder requires 9 MB RAM!
ModelFinder will test up to 24 protein models (sample size: 256) ...
 No. Model         -LnL         df  AIC          AICc         BIC
  1  LG            15794.360    93  31774.720    31882.646    32104.422
  2  LG+I          15409.623    94  31007.246    31118.177    31340.492
  3  LG+G4         14926.445    94  30040.891    30151.822    30374.137
  4  LG+I+G4       14883.884    95  29957.769    30071.769    30294.561
  8  LG+F+I+G4     14875.711    114 29979.423    30165.380    30383.573
 12  WAG+I+G4      14934.252    95  30058.503    30172.503    30395.295
 16  WAG+F+I+G4    14934.659    114 30097.317    30283.275    30501.467
 20  JTT+I+G4      14922.804    95  30035.607    30149.607    30372.399
 24  JTT+F+I+G4    14910.259    114 30048.518    30234.476    30452.669
Akaike Information Criterion:           LG+I+G4
Corrected Akaike Information Criterion: LG+I+G4
Bayesian Information Criterion:         LG+I+G4
Best-fit model: LG+I+G4 chosen according to BIC

All model information printed to results_broccoli_meto/alignments_prefiltering/OG_3164.iqtree.model.gz
CPU time for ModelFinder: 10.232 seconds (0h:0m:10s)
Wall-clock time for ModelFinder: 6.159 seconds (0h:0m:6s)
Generating 1000 samples for ultrafast bootstrap (seed: 101288)...

NOTE: 9 MB RAM (0 GB) is required!
Estimate model parameters (epsilon = 0.100)
Thoroughly optimizing +I+G parameters from 10 start values...
Init pinv, alpha: 0.000, 1.322 / Estimate: 0.000, 0.713 / LogL: -14926.460
Init pinv, alpha: 0.013, 1.322 / Estimate: 0.107, 1.307 / LogL: -14883.880
Init pinv, alpha: 0.025, 1.322 / Estimate: 0.107, 1.312 / LogL: -14883.874
Init pinv, alpha: 0.038, 1.322 / Estimate: 0.107, 1.313 / LogL: -14883.873
Init pinv, alpha: 0.050, 1.322 / Estimate: 0.107, 1.316 / LogL: -14883.874
Init pinv, alpha: 0.063, 1.322 / Estimate: 0.107, 1.318 / LogL: -14883.876
Init pinv, alpha: 0.076, 1.322 / Estimate: 0.107, 1.319 / LogL: -14883.879
Init pinv, alpha: 0.088, 1.322 / Estimate: 0.107, 1.321 / LogL: -14883.881
Init pinv, alpha: 0.101, 1.322 / Estimate: 0.107, 1.318 / LogL: -14883.879
Init pinv, alpha: 0.113, 1.322 / Estimate: 0.108, 1.315 / LogL: -14883.873
Optimal pinv,alpha: 0.108, 1.315 / LogL: -14883.873

Parameters optimization took 1.999 sec
Computing ML distances based on estimated model parameters...
Computing ML distances took 0.154413 sec (of wall-clock time) 0.308319 sec(of CPU time)
WARNING: Some pairwise ML distances are too long (saturated)
Computing RapidNJ tree took 0.000543 sec (of wall-clock time) 0.001064 sec (of CPU time)
Log-likelihood of RapidNJ tree: -14951.542
--------------------------------------------------------------------
|             INITIALIZING CANDIDATE TREE SET                      |
--------------------------------------------------------------------
Generating 98 parsimony trees... 0.938 second
Computing log-likelihood of 98 initial trees ... 1.964 seconds
Current best score: -14883.873

Do NNI search on 20 best initial trees
Estimate model parameters (epsilon = 0.100)
BETTER TREE FOUND at iteration 1: -14883.873
Estimate model parameters (epsilon = 0.100)
BETTER TREE FOUND at iteration 2: -14869.445
Estimate model parameters (epsilon = 0.100)
BETTER TREE FOUND at iteration 7: -14867.723
Iteration 10 / LogL: -14871.454 / Time: 0h:0m:9s
Iteration 20 / LogL: -14889.310 / Time: 0h:0m:15s
Finish initializing candidate tree set (18)
Current best tree score: -14867.723 / CPU time: 12.562
Number of iterations: 20
--------------------------------------------------------------------
|               OPTIMIZING CANDIDATE TREE SET                      |
--------------------------------------------------------------------
Iteration 30 / LogL: -14869.500 / Time: 0h:0m:19s (0h:1m:56s left)
Iteration 40 / LogL: -14869.753 / Time: 0h:0m:23s (0h:1m:39s left)
Iteration 50 / LogL: -14903.976 / Time: 0h:0m:27s (0h:1m:29s left)
Log-likelihood cutoff on original alignment: -14916.340
Iteration 60 / LogL: -14868.944 / Time: 0h:0m:32s (0h:1m:20s left)
Iteration 70 / LogL: -14867.763 / Time: 0h:0m:36s (0h:1m:13s left)
Iteration 80 / LogL: -14869.583 / Time: 0h:0m:41s (0h:1m:6s left)
Iteration 90 / LogL: -14869.542 / Time: 0h:0m:45s (0h:0m:59s left)
Iteration 100 / LogL: -14869.944 / Time: 0h:0m:49s (0h:0m:53s left)
Log-likelihood cutoff on original alignment: -14916.340
NOTE: Bootstrap correlation coefficient of split occurrence frequencies: 0.999
Iteration 110 / LogL: -14868.701 / Time: 0h:0m:54s (0h:0m:48s left)
Iteration 120 / LogL: -14867.955 / Time: 0h:0m:58s (0h:0m:42s left)
Iteration 130 / LogL: -14867.868 / Time: 0h:1m:3s (0h:0m:37s left)
Iteration 140 / LogL: -14897.282 / Time: 0h:1m:7s (0h:0m:32s left)
Iteration 150 / LogL: -14867.824 / Time: 0h:1m:11s (0h:0m:27s left)
Log-likelihood cutoff on original alignment: -14916.340
Iteration 160 / LogL: -14868.151 / Time: 0h:1m:16s (0h:0m:22s left)
Iteration 170 / LogL: -14870.541 / Time: 0h:1m:20s (0h:0m:17s left)
Iteration 180 / LogL: -14867.849 / Time: 0h:1m:25s (0h:0m:12s left)
Iteration 190 / LogL: -14870.754 / Time: 0h:1m:29s (0h:0m:8s left)
Iteration 200 / LogL: -14867.796 / Time: 0h:1m:34s (0h:0m:3s left)
Log-likelihood cutoff on original alignment: -14916.340
NOTE: Bootstrap correlation coefficient of split occurrence frequencies: 0.999
TREE SEARCH COMPLETED AFTER 208 ITERATIONS / Time: 0h:1m:38s

--------------------------------------------------------------------
|                    FINALIZING TREE SEARCH                        |
--------------------------------------------------------------------
Performs final model parameters optimization
Estimate model parameters (epsilon = 0.010)
1. Initial log-likelihood: -14867.723
Optimal log-likelihood: -14867.721
Proportion of invariable sites: 0.107
Gamma shape alpha: 1.306
Parameters optimization took 1 rounds (0.062 sec)
BEST SCORE FOUND : -14867.721
Creating bootstrap support values...
Split supports printed to NEXUS file results_broccoli_meto/alignments_prefiltering/OG_3164.iqtree.splits.nex
Total tree length: 28.676

Total number of iterations: 208
CPU time used for tree search: 190.050 sec (0h:3m:10s)
Wall-clock time used for tree search: 95.663 sec (0h:1m:35s)
Total CPU time used: 195.175 sec (0h:3m:15s)
Total wall-clock time used: 98.316 sec (0h:1m:38s)

Computing bootstrap consensus tree...
Reading input file results_broccoli_meto/alignments_prefiltering/OG_3164.iqtree.splits.nex...
48 taxa and 327 splits.
Consensus tree written to results_broccoli_meto/alignments_prefiltering/OG_3164.iqtree.contree
Reading input trees file results_broccoli_meto/alignments_prefiltering/OG_3164.iqtree.contree
Log-likelihood of consensus tree: -14868.561

Analysis results written to: 
  IQ-TREE report:                results_broccoli_meto/alignments_prefiltering/OG_3164.iqtree.iqtree
  Maximum-likelihood tree:       results_broccoli_meto/alignments_prefiltering/OG_3164.iqtree.treefile
  Likelihood distances:          results_broccoli_meto/alignments_prefiltering/OG_3164.iqtree.mldist

Ultrafast bootstrap approximation results written to:
  Split support values:          results_broccoli_meto/alignments_prefiltering/OG_3164.iqtree.splits.nex
  Consensus tree:                results_broccoli_meto/alignments_prefiltering/OG_3164.iqtree.contree
  Screen log file:               results_broccoli_meto/alignments_prefiltering/OG_3164.iqtree.log

Date and Time: Tue Dec 13 05:29:01 2022
