IQ-TREE multicore version 2.1.0 for Linux 64-bit built Jul 18 2020
Developed by Bui Quang Minh, James Barbetti, Nguyen Lam Tung,
Olga Chernomor, Heiko Schmidt, Dominik Schrempf, Michael Woodhams.

Host:    node-hp0407.linux.crg.es (AVX, 125 GB RAM)
Command: /users/asebe/xgraubove/Programes/iqtree-2.1.0-Linux/bin/iqtree2 -s results_broccoli_meto/alignments_prefiltering/OG_3296.lt.fasta -m TEST -mset LG,WAG,JTT -nt AUTO -ntmax 2 -bb 1000 -pre results_broccoli_meto/alignments_prefiltering/OG_3296.iqtree -nm 10000 -nstop 200 -cptime 1800
Seed:    511109 (Using SPRNG - Scalable Parallel Random Number Generator)
Time:    Tue Dec 13 05:44:59 2022
Kernel:  AVX - auto-detect threads (2 CPU cores detected)

Reading alignment file results_broccoli_meto/alignments_prefiltering/OG_3296.lt.fasta ... Fasta format detected
Alignment most likely contains protein sequences
Alignment has 80 sequences with 823 columns, 823 distinct patterns
823 parsimony-informative, 0 singleton sites, 0 constant sites
                                                                   Gap/Ambiguity  Composition  p-value
   1  Emue_Em0001g1749a.t1                                                44.96%    failed      0.06%
   2  Spolac_c81857_g1_i1_m.2943c81857-g1                                 56.14%    failed      2.17%
   3  Emue_Em0001g1719a.t1                                                 9.23%    failed      3.73%
   4  Emue_Em0001g1733a.t1                                                 9.23%    failed      2.49%
   5  Spolac_c94814_g1_i1_m.10576c81857-g1                                67.19%    passed     60.21%
   6  Emue_Em0001g1741a.t1                                                33.66%    failed      0.00%
   7  Emue_Em0103g3a.t1                                                   20.90%    failed      0.00%
   8  Emue_Em0001g1738a.t1                                                21.14%    failed      0.00%
   9  Emue_Em0001g1726a.t1                                                16.89%    failed      0.00%
  10  Tetwil_g3937.t1                                                      8.26%    passed     29.19%
  11  Stycar_augustus_masked-SC_scaffold10899-processed-gene-0.0-mRNA-1    8.38%    passed      6.21%
  12  Halamb_c55091_g1_i1m.39981                                           8.87%    failed      1.06%
  13  Aque_Aqu2.1.42636_001                                                9.48%    passed     37.80%
  14  Drygla_Dgla_sb310105                                                74.36%    passed     17.39%
  15  Horcal_Hcv1.av93.c2.g1636.i1                                         5.59%    passed     87.99%
  16  Pbac_sb2665934                                                       5.59%    passed     91.63%
  17  Mlei_ML0011.g27.i1                                                   5.35%    passed     71.37%
  18  Bolinf_Binf_sb1189566                                               82.26%    passed     85.13%
  19  Bolinf_Binf_sb1267250                                               77.28%    passed     91.43%
  20  Mertsp_Mesp_sb587569                                                37.42%    passed     36.60%
  21  Bolinf_Binf_sb1267249                                               65.74%    passed     79.56%
  22  Beraby_Baby_sb342164                                                 6.80%    passed     52.54%
  23  Drygla_Dgla_sb310086                                                32.32%    passed     20.62%
  24  Drygla_Dgla_sb310092                                                51.64%    passed     54.27%
  25  Eupdun_Edun_sb10610834                                              64.76%    passed     66.94%
  26  Coemet_Cmet_C606016_01                                               5.10%    passed     16.77%
  27  Coeast_Cast_sb804646                                                21.87%    passed     33.36%
  28  Vmul_SimC405396                                                      5.22%    passed     90.58%
  29  Lampan_Lpan_13508_01                                                 7.05%    passed     11.74%
  30  Fspp_ffun1.m4.27267.m1                                               6.68%    passed     54.39%
  31  Gasp_gasp1.m3.5018.m1                                                4.50%    passed     84.81%
  32  Gfas_gfas1.m1.8463.m1                                               66.59%    passed     48.10%
  33  Amil_Amillepora07478-RA                                             35.60%    passed     45.82%
  34  Adig_XM_015894537.1                                                  5.35%    passed     86.66%
  35  Spis_XP_022800423_1                                                  1.34%    passed     75.06%
  36  Pocdam_XM_027194686.1                                                2.07%    passed     81.67%
  37  Gfas_gfas1.m1.4239.m1                                               52.61%    passed     94.33%
  38  Adig_XM_015915307.1                                                 37.30%    passed     72.03%
  39  Nvec_v1g186808                                                       1.58%    passed     28.77%
  40  Exapal_XM_021036679.2                                               10.69%    passed     62.26%
  41  Dgig_XM_028540094.1                                                  3.28%    passed     58.45%
  42  Spur_XM_030999015.1                                                  1.34%    passed     11.51%
  43  Skow_XM_006814698.1                                                  1.09%    passed     23.09%
  44  Bralan_BLAG04001371_2                                                0.97%    passed     33.53%
  45  Hsap_ENST00000328459                                                 1.46%    passed     32.19%
  46  Hsap_ENST00000394850                                                 1.82%    failed      2.57%
  47  Cgig_XM_011449341.3                                                  3.04%    passed     71.83%
  48  Acagra_model.g2443.t1                                                2.92%    passed     41.68%
  49  Ctel_gnl_WGS_AMQN_CAPTEDRAFT_mRNA175698                              3.16%    passed     58.62%
  50  Cscu_XM_023370589.1                                                  3.16%    passed     31.06%
  51  Tcas_TC001250_001                                                    3.40%    failed      1.91%
  52  Sanmal_Sma_027345-T1                                                 1.46%    failed      2.26%
  53  Nemnom_g2162.t1                                                      3.89%    passed     16.37%
  54  Rhoesc_Res_001013-T1                                                 1.70%    passed     19.71%
  55  Aaur_scaffold792.g7.t1                                              29.28%    passed     74.56%
  56  Aaur_scaffold250.g18.t1                                             80.44%    failed      0.22%
  57  Chem_TCONS_00056310                                                 71.81%    passed     22.75%
  58  Morvir_scaffold31.g19.t2                                             1.09%    passed     96.05%
  59  Aaur_scaffold250.g17.t1                                             87.00%    failed      0.00%
  60  Dpul_mRNA26986                                                       4.13%    passed     86.10%
  61  Opea_EP00118_Oscarella_pearsei_P007322                              25.03%    passed     81.13%
  62  Ocar_g9486                                                          55.16%    passed     47.39%
  63  Plajan_Pjan_scaffold23184_01                                        42.53%    passed     98.82%
  64  Lcom_lcpid49863                                                     12.39%    passed      6.18%
  65  Leuniv_Lniv_C803460_01                                              58.93%    passed     42.08%
  66  Gracom_Gcom_C558974_01                                              11.91%    failed      0.00%
  67  Scil_scict011474.1                                                  11.30%    failed      1.91%
  68  Scil_scict009643.1                                                  12.52%    passed      8.89%
  69  Hvul_g30011_1                                                       50.55%    failed      0.02%
  70  Clacor_Ccor_scaffold9260_01                                         70.60%    passed     54.93%
  71  Chem_TCONS_00056308                                                 32.93%    failed      0.46%
  72  HoiH23_PlH23_004262-RA                                              12.03%    failed      0.00%
  73  HoiH06_mRNA12008                                                     8.26%    failed      0.00%
  74  Hhon_g03928.t1                                                       7.90%    failed      0.00%
  75  HoiH04_mRNA7708                                                      7.90%    failed      0.00%
  76  HoiH11_mRNA4443                                                     12.03%    failed      0.00%
  77  TrH2_TrispH2_004087-RA                                               8.02%    failed      0.00%
  78  Tadh_TriadT52720                                                    12.27%    failed      0.00%
  79  Plespi_Pspi_scaffold20534_01                                        13.97%    passed     38.59%
  80  Hvul_g30010_1                                                       44.47%    passed     17.94%
WARNING: 17 sequences contain more than 50% gaps/ambiguity
****  TOTAL                                                               23.80%  25 sequences failed composition chi2 test (p-value<5%; df=19)


Create initial parsimony tree by phylogenetic likelihood library (PLL)... 0.049 seconds
Measuring multi-threading efficiency up to 2 CPU cores
10 trees examined
Threads: 1 / Time: 2.116 sec / Speedup: 1.000 / Efficiency: 100% / LogL: -102115
Threads: 2 / Time: 1.122 sec / Speedup: 1.887 / Efficiency: 94% / LogL: -102115
BEST NUMBER OF THREADS: 2

Perform fast likelihood tree search using LG+G model...
Estimate model parameters (epsilon = 5.000)
Perform nearest neighbor interchange...
Estimate model parameters (epsilon = 1.000)
1. Initial log-likelihood: -65523.956
Optimal log-likelihood: -65523.806
Gamma shape alpha: 2.258
Parameters optimization took 1 rounds (0.287 sec)
Time for fast ML tree search: 2.980 seconds

NOTE: ModelFinder requires 44 MB RAM!
ModelFinder will test up to 12 protein models (sample size: 823) ...
 No. Model         -LnL         df  AIC          AICc         BIC
  1  LG            66794.949    157 133903.898   133978.503   134643.833
  2  LG+G4         65523.801    158 131363.602   131439.271   132108.249
  4  LG+F+G4       65392.598    177 131139.197   131236.890   131973.390
  6  WAG+G4        65875.535    158 132067.069   132142.738   132811.716
  8  WAG+F+G4      65770.105    177 131894.210   131991.903   132728.403
 10  JTT+G4        65715.264    158 131746.529   131822.197   132491.176
 12  JTT+F+G4      65441.374    177 131236.749   131334.442   132070.942
Akaike Information Criterion:           LG+F+G4
Corrected Akaike Information Criterion: LG+F+G4
Bayesian Information Criterion:         LG+F+G4
Best-fit model: LG+F+G4 chosen according to BIC

All model information printed to results_broccoli_meto/alignments_prefiltering/OG_3296.iqtree.model.gz
CPU time for ModelFinder: 25.284 seconds (0h:0m:25s)
Wall-clock time for ModelFinder: 13.744 seconds (0h:0m:13s)
Generating 1000 samples for ultrafast bootstrap (seed: 511109)...

NOTE: 44 MB RAM (0 GB) is required!
Estimate model parameters (epsilon = 0.100)
1. Initial log-likelihood: -65392.598
Optimal log-likelihood: -65392.592
Gamma shape alpha: 2.238
Parameters optimization took 1 rounds (0.291 sec)
Computing ML distances based on estimated model parameters...
Computing ML distances took 0.463109 sec (of wall-clock time) 0.923471 sec(of CPU time)
WARNING: Some pairwise ML distances are too long (saturated)
Computing RapidNJ tree took 0.000946 sec (of wall-clock time) 0.001859 sec (of CPU time)
Log-likelihood of RapidNJ tree: -66228.102
--------------------------------------------------------------------
|             INITIALIZING CANDIDATE TREE SET                      |
--------------------------------------------------------------------
Generating 98 parsimony trees... 4.263 second
Computing log-likelihood of 98 initial trees ... 10.183 seconds
Current best score: -65392.592

Do NNI search on 20 best initial trees
Estimate model parameters (epsilon = 0.100)
BETTER TREE FOUND at iteration 1: -65391.844
Estimate model parameters (epsilon = 0.100)
BETTER TREE FOUND at iteration 2: -65371.558
Iteration 10 / LogL: -65371.787 / Time: 0h:0m:34s
Iteration 20 / LogL: -65381.060 / Time: 0h:0m:54s
Finish initializing candidate tree set (4)
Current best tree score: -65371.558 / CPU time: 52.509
Number of iterations: 20
--------------------------------------------------------------------
|               OPTIMIZING CANDIDATE TREE SET                      |
--------------------------------------------------------------------
Iteration 30 / LogL: -65381.721 / Time: 0h:1m:18s (0h:7m:47s left)
Estimate model parameters (epsilon = 0.100)
BETTER TREE FOUND at iteration 35: -65370.813
Iteration 40 / LogL: -65375.845 / Time: 0h:1m:43s (0h:8m:38s left)
Estimate model parameters (epsilon = 0.100)
BETTER TREE FOUND at iteration 41: -65370.685
Iteration 50 / LogL: -65371.946 / Time: 0h:2m:8s (0h:8m:19s left)
Log-likelihood cutoff on original alignment: -65426.068
Iteration 60 / LogL: -65371.291 / Time: 0h:2m:33s (0h:7m:52s left)
Iteration 70 / LogL: -65382.945 / Time: 0h:2m:59s (0h:7m:25s left)
Iteration 80 / LogL: -65371.669 / Time: 0h:3m:24s (0h:6m:56s left)
Iteration 90 / LogL: -65371.542 / Time: 0h:3m:47s (0h:6m:25s left)
Iteration 100 / LogL: -65372.101 / Time: 0h:4m:10s (0h:5m:56s left)
Log-likelihood cutoff on original alignment: -65415.866
NOTE: Bootstrap correlation coefficient of split occurrence frequencies: 0.999
Iteration 110 / LogL: -65370.831 / Time: 0h:4m:35s (0h:5m:30s left)
Iteration 120 / LogL: -65373.079 / Time: 0h:4m:59s (0h:5m:4s left)
Iteration 130 / LogL: -65371.858 / Time: 0h:5m:23s (0h:4m:38s left)
Iteration 140 / LogL: -65371.128 / Time: 0h:5m:48s (0h:4m:13s left)
Iteration 150 / LogL: -65388.964 / Time: 0h:6m:13s (0h:3m:47s left)
Log-likelihood cutoff on original alignment: -65415.866
Iteration 160 / LogL: -65370.893 / Time: 0h:6m:38s (0h:3m:23s left)
Iteration 170 / LogL: -65371.117 / Time: 0h:7m:1s (0h:2m:56s left)
Iteration 180 / LogL: -65404.515 / Time: 0h:7m:25s (0h:2m:31s left)
Iteration 190 / LogL: -65372.533 / Time: 0h:7m:48s (0h:2m:6s left)
Iteration 200 / LogL: -65371.164 / Time: 0h:8m:13s (0h:1m:41s left)
Log-likelihood cutoff on original alignment: -65415.866
NOTE: Bootstrap correlation coefficient of split occurrence frequencies: 0.999
Iteration 210 / LogL: -65390.163 / Time: 0h:8m:37s (0h:3m:43s left)
Iteration 220 / LogL: -65371.509 / Time: 0h:9m:4s (0h:3m:18s left)
Iteration 230 / LogL: -65374.118 / Time: 0h:9m:29s (0h:2m:53s left)
Iteration 240 / LogL: -65372.684 / Time: 0h:9m:52s (0h:2m:28s left)
TREE SEARCH COMPLETED AFTER 242 ITERATIONS / Time: 0h:9m:57s

--------------------------------------------------------------------
|                    FINALIZING TREE SEARCH                        |
--------------------------------------------------------------------
Performs final model parameters optimization
Estimate model parameters (epsilon = 0.010)
1. Initial log-likelihood: -65370.685
2. Current log-likelihood: -65370.666
Optimal log-likelihood: -65370.661
Gamma shape alpha: 2.238
Parameters optimization took 2 rounds (0.585 sec)
BEST SCORE FOUND : -65370.661
Creating bootstrap support values...
Split supports printed to NEXUS file results_broccoli_meto/alignments_prefiltering/OG_3296.iqtree.splits.nex
Total tree length: 37.010

Total number of iterations: 242
CPU time used for tree search: 1183.370 sec (0h:19m:43s)
Wall-clock time used for tree search: 595.347 sec (0h:9m:55s)
Total CPU time used: 1188.382 sec (0h:19m:48s)
Total wall-clock time used: 598.029 sec (0h:9m:58s)

Computing bootstrap consensus tree...
Reading input file results_broccoli_meto/alignments_prefiltering/OG_3296.iqtree.splits.nex...
80 taxa and 314 splits.
Consensus tree written to results_broccoli_meto/alignments_prefiltering/OG_3296.iqtree.contree
Reading input trees file results_broccoli_meto/alignments_prefiltering/OG_3296.iqtree.contree
Log-likelihood of consensus tree: -65372.082

Analysis results written to: 
  IQ-TREE report:                results_broccoli_meto/alignments_prefiltering/OG_3296.iqtree.iqtree
  Maximum-likelihood tree:       results_broccoli_meto/alignments_prefiltering/OG_3296.iqtree.treefile
  Likelihood distances:          results_broccoli_meto/alignments_prefiltering/OG_3296.iqtree.mldist

Ultrafast bootstrap approximation results written to:
  Split support values:          results_broccoli_meto/alignments_prefiltering/OG_3296.iqtree.splits.nex
  Consensus tree:                results_broccoli_meto/alignments_prefiltering/OG_3296.iqtree.contree
  Screen log file:               results_broccoli_meto/alignments_prefiltering/OG_3296.iqtree.log

Date and Time: Tue Dec 13 05:55:12 2022
