IQ-TREE multicore version 2.1.0 for Linux 64-bit built Jul 18 2020
Developed by Bui Quang Minh, James Barbetti, Nguyen Lam Tung,
Olga Chernomor, Heiko Schmidt, Dominik Schrempf, Michael Woodhams.

Host:    node-hp0502.linux.crg.es (AVX, 125 GB RAM)
Command: /users/asebe/xgraubove/Programes/iqtree-2.1.0-Linux/bin/iqtree2 -s results_broccoli_meto/alignments_prefiltering/OG_3782.lt.fasta -m TEST -mset LG,WAG,JTT -nt AUTO -ntmax 2 -bb 1000 -pre results_broccoli_meto/alignments_prefiltering/OG_3782.iqtree -nm 10000 -nstop 200 -cptime 1800
Seed:    415813 (Using SPRNG - Scalable Parallel Random Number Generator)
Time:    Tue Dec 13 06:32:15 2022
Kernel:  AVX - auto-detect threads (2 CPU cores detected)

Reading alignment file results_broccoli_meto/alignments_prefiltering/OG_3782.lt.fasta ... Fasta format detected
Alignment most likely contains protein sequences
Alignment has 43 sequences with 68 columns, 60 distinct patterns
49 parsimony-informative, 0 singleton sites, 19 constant sites
                                                                  Gap/Ambiguity  Composition  p-value
   1  Emue_Em0022g321a.t1                                                 2.94%    passed     90.79%
   2  Fspp_ffun1.m4.25073.m1                                              2.94%    passed     83.32%
   3  Spis_XP_022793171_1                                                 2.94%    passed     77.51%
   4  Gasp_gasp1.m3.4754.m1                                               2.94%    passed     99.10%
   5  Gfas_gfas1.m1.2071.m1                                               2.94%    passed     93.28%
   6  Pocdam_XM_027204089.1                                               2.94%    passed     54.51%
   7  Nvec_v1g246077                                                      2.94%    passed     91.67%
   8  Nemnom_g16434.t1                                                    0.00%    passed     98.56%
   9  Rhoesc_Res_000231-T1                                                0.00%    passed     98.78%
  10  Acagra_model.g13593.t1                                              1.47%    passed     99.81%
  11  Ctel_gnl_WGS_AMQN_CAPTEDRAFT_mRNA30109                             26.47%    passed     99.97%
  12  HoiH23_PlH23_009105-RA                                              8.82%    passed     22.97%
  13  Tadh_TriadT25301                                                   23.53%    passed     86.32%
  14  TrH2_TrispH2_005875-RA                                              2.94%    passed     89.18%
  15  Hhon_g07563.t1                                                      2.94%    passed     88.45%
  16  HoiH04_mRNA17194                                                    2.94%    passed     86.71%
  17  HoiH06_mRNA753                                                      2.94%    passed     86.71%
  18  Stycar_maker-SC_scaffold140518-augustus-gene-0.105-mRNA-1           0.00%    failed      2.81%
  19  Stycar_maker-SC_scaffold118541-augustus-gene-0.5-mRNA-1             4.41%    failed      0.00%
  20  Opea_EP00118_Oscarella_pearsei_P027229                              0.00%    passed     26.73%
  21  Ocar_g9634                                                         17.65%    passed     98.06%
  22  Tetwil_g13888.t1                                                    5.88%    passed     92.44%
  23  Xestes_augustus_masked-XT_scaffold1021-processed-gene-0.7-mRNA-1    0.00%    passed     94.95%
  24  Sanmal_Sma_011122-T1                                                0.00%    passed     72.66%
  25  Dgig_XM_028541858.1                                                 2.94%    passed     93.59%
  26  Xesp_015959-T1                                                      2.94%    passed     99.26%
  27  Bralan_BLAG08001076_1                                               1.47%    passed     90.86%
  28  Skow_XM_006816468.1                                                 1.47%    passed     98.11%
  29  Hvul_g25074_1                                                       1.47%    passed     91.23%
  30  Cscu_XM_023374856.1                                                 1.47%    passed     84.77%
  31  Morvir_scaffold131.g22.t1                                           1.47%    passed     98.52%
  32  Aque_Aqu2.1.31262_001                                               0.00%    passed     97.53%
  33  Aque_Aqu2.1.02509_001                                               0.00%    passed     97.74%
  34  Aque_Aqu2.1.00045_001                                               0.00%    passed     96.52%
  35  Aque_Aqu2.1.14559_001                                               0.00%    passed     99.15%
  36  Hsap_ENST00000488423                                                0.00%    passed     93.93%
  37  Tcas_TC033735_001                                                   0.00%    passed     66.10%
  38  Tcas_TC033736_001                                                   0.00%    passed     84.96%
  39  Dpul_mRNA10970                                                      0.00%    passed     82.40%
  40  Pbac_sb2663393                                                      1.47%    passed     71.56%
  41  Mlei_ML0864.g9.i1                                                   2.94%    passed     91.52%
  42  Pbac_sb2637545                                                      0.00%    passed     28.83%
  43  Amil_Amillepora07665-RA                                            45.59%    passed     29.69%
****  TOTAL                                                               4.27%  2 sequences failed composition chi2 test (p-value<5%; df=19)
NOTE: HoiH06_mRNA753 is identical to HoiH04_mRNA17194 but kept for subsequent analysis


Create initial parsimony tree by phylogenetic likelihood library (PLL)... 0.003 seconds
Measuring multi-threading efficiency up to 2 CPU cores
Increase to 10 rounds for branch lengths
26 trees examined
Threads: 1 / Time: 2.014 sec / Speedup: 1.000 / Efficiency: 100% / LogL: -3566
Threads: 2 / Time: 1.326 sec / Speedup: 1.519 / Efficiency: 76% / LogL: -3566
BEST NUMBER OF THREADS: 2

Perform fast likelihood tree search using LG+I+G model...
Estimate model parameters (epsilon = 5.000)
Perform nearest neighbor interchange...
Estimate model parameters (epsilon = 1.000)
1. Initial log-likelihood: -2590.357
Optimal log-likelihood: -2589.951
Proportion of invariable sites: 0.176
Gamma shape alpha: 0.553
Parameters optimization took 1 rounds (0.036 sec)
Time for fast ML tree search: 0.261 seconds

NOTE: ModelFinder requires 2 MB RAM!
ModelFinder will test up to 24 protein models (sample size: 68) ...
 No. Model         -LnL         df  AIC          AICc         BIC
  1  LG            2854.556     83  5875.112     19819.112    6059.332
  2  LG+I          2689.698     84  5547.395     19827.395    5733.834
  3  LG+G4         2591.573     84  5351.145     19631.145    5537.584
  4  LG+I+G4       2589.893     85  5349.787     19969.787    5538.445
  7  LG+F+G4       2655.279     103 5516.558     26940.558    5745.167
  8  LG+F+I+G4     2653.629     104 5515.259     27355.259    5746.088
 11  WAG+G4        2597.758     84  5363.517     19643.517    5549.955
 12  WAG+I+G4      2596.630     85  5363.260     19983.260    5551.919
 15  WAG+F+G4      2656.028     103 5518.055     26942.055    5746.664
 16  WAG+F+I+G4    2655.014     104 5518.029     27358.029    5748.858
 19  JTT+G4        2601.490     84  5370.981     19650.981    5557.419
 20  JTT+I+G4      2599.619     85  5369.239     19989.239    5557.897
 23  JTT+F+G4      2651.257     103 5508.514     26932.514    5737.123
 24  JTT+F+I+G4    2649.944     104 5507.888     27347.888    5738.717
Akaike Information Criterion:           LG+I+G4
Corrected Akaike Information Criterion: LG+G4
Bayesian Information Criterion:         LG+G4
Best-fit model: LG+G4 chosen according to BIC

All model information printed to results_broccoli_meto/alignments_prefiltering/OG_3782.iqtree.model.gz
CPU time for ModelFinder: 6.739 seconds (0h:0m:6s)
Wall-clock time for ModelFinder: 4.389 seconds (0h:0m:4s)
Generating 1000 samples for ultrafast bootstrap (seed: 415813)...

NOTE: 2 MB RAM (0 GB) is required!
Estimate model parameters (epsilon = 0.100)
1. Initial log-likelihood: -2591.573
Optimal log-likelihood: -2591.561
Gamma shape alpha: 0.398
Parameters optimization took 1 rounds (0.018 sec)
Computing ML distances based on estimated model parameters...
Computing ML distances took 0.124923 sec (of wall-clock time) 0.249158 sec(of CPU time)
WARNING: Some pairwise ML distances are too long (saturated)
Computing RapidNJ tree took 0.000580 sec (of wall-clock time) 0.000169 sec (of CPU time)
Log-likelihood of RapidNJ tree: -2642.867
--------------------------------------------------------------------
|             INITIALIZING CANDIDATE TREE SET                      |
--------------------------------------------------------------------
Generating 98 parsimony trees... 0.467 second
Computing log-likelihood of 98 initial trees ... 0.640 seconds
Current best score: -2591.561

Do NNI search on 20 best initial trees
Estimate model parameters (epsilon = 0.100)
BETTER TREE FOUND at iteration 1: -2591.281
Estimate model parameters (epsilon = 0.100)
BETTER TREE FOUND at iteration 2: -2590.083
Estimate model parameters (epsilon = 0.100)
BETTER TREE FOUND at iteration 8: -2589.868
Iteration 10 / LogL: -2590.430 / Time: 0h:0m:3s
Estimate model parameters (epsilon = 0.100)
BETTER TREE FOUND at iteration 16: -2589.296
Iteration 20 / LogL: -2597.602 / Time: 0h:0m:5s
Finish initializing candidate tree set (17)
Current best tree score: -2589.296 / CPU time: 5.119
Number of iterations: 20
--------------------------------------------------------------------
|               OPTIMIZING CANDIDATE TREE SET                      |
--------------------------------------------------------------------
Iteration 30 / LogL: -2589.299 / Time: 0h:0m:7s (0h:0m:48s left)
Estimate model parameters (epsilon = 0.100)
BETTER TREE FOUND at iteration 32: -2587.022
Iteration 40 / LogL: -2589.438 / Time: 0h:0m:9s (0h:0m:48s left)
Iteration 50 / LogL: -2589.651 / Time: 0h:0m:12s (0h:0m:44s left)
Log-likelihood cutoff on original alignment: -2618.232
Estimate model parameters (epsilon = 0.100)
BETTER TREE FOUND at iteration 58: -2585.978
UPDATE BEST LOG-LIKELIHOOD: -2585.978
Iteration 60 / LogL: -2589.527 / Time: 0h:0m:14s (0h:0m:48s left)
UPDATE BEST LOG-LIKELIHOOD: -2585.977
Iteration 70 / LogL: -2587.371 / Time: 0h:0m:16s (0h:0m:44s left)
Iteration 80 / LogL: -2585.977 / Time: 0h:0m:18s (0h:0m:41s left)
Iteration 90 / LogL: -2598.315 / Time: 0h:0m:20s (0h:0m:39s left)
UPDATE BEST LOG-LIKELIHOOD: -2585.977
Iteration 100 / LogL: -2591.448 / Time: 0h:0m:22s (0h:0m:36s left)
Log-likelihood cutoff on original alignment: -2618.232
NOTE: Bootstrap correlation coefficient of split occurrence frequencies: 0.983
NOTE: UFBoot does not converge, continue at least 100 more iterations
Iteration 110 / LogL: -2587.784 / Time: 0h:0m:25s (0h:0m:34s left)
Iteration 120 / LogL: -2585.978 / Time: 0h:0m:27s (0h:0m:31s left)
Iteration 130 / LogL: -2586.626 / Time: 0h:0m:29s (0h:0m:29s left)
Iteration 140 / LogL: -2587.400 / Time: 0h:0m:31s (0h:0m:26s left)
Iteration 150 / LogL: -2585.978 / Time: 0h:0m:33s (0h:0m:24s left)
Log-likelihood cutoff on original alignment: -2618.232
Iteration 160 / LogL: -2585.983 / Time: 0h:0m:35s (0h:0m:22s left)
Iteration 170 / LogL: -2585.978 / Time: 0h:0m:38s (0h:0m:19s left)
Iteration 180 / LogL: -2588.154 / Time: 0h:0m:40s (0h:0m:17s left)
Iteration 190 / LogL: -2588.239 / Time: 0h:0m:42s (0h:0m:15s left)
Iteration 200 / LogL: -2586.627 / Time: 0h:0m:44s (0h:0m:12s left)
Log-likelihood cutoff on original alignment: -2618.232
NOTE: Bootstrap correlation coefficient of split occurrence frequencies: 0.998
Iteration 210 / LogL: -2626.856 / Time: 0h:0m:46s (0h:0m:20s left)
UPDATE BEST LOG-LIKELIHOOD: -2585.977
Iteration 220 / LogL: -2587.385 / Time: 0h:0m:49s (0h:0m:17s left)
Iteration 230 / LogL: -2586.894 / Time: 0h:0m:51s (0h:0m:15s left)
Iteration 240 / LogL: -2586.625 / Time: 0h:0m:52s (0h:0m:13s left)
Iteration 250 / LogL: -2585.977 / Time: 0h:0m:55s (0h:0m:11s left)
Log-likelihood cutoff on original alignment: -2618.232
TREE SEARCH COMPLETED AFTER 259 ITERATIONS / Time: 0h:0m:57s

--------------------------------------------------------------------
|                    FINALIZING TREE SEARCH                        |
--------------------------------------------------------------------
Performs final model parameters optimization
Estimate model parameters (epsilon = 0.010)
1. Initial log-likelihood: -2585.977
Optimal log-likelihood: -2585.977
Gamma shape alpha: 0.345
Parameters optimization took 1 rounds (0.018 sec)
BEST SCORE FOUND : -2585.977
Creating bootstrap support values...
Split supports printed to NEXUS file results_broccoli_meto/alignments_prefiltering/OG_3782.iqtree.splits.nex
Total tree length: 16.454

Total number of iterations: 259
CPU time used for tree search: 111.623 sec (0h:1m:51s)
Wall-clock time used for tree search: 56.810 sec (0h:0m:56s)
Total CPU time used: 112.380 sec (0h:1m:52s)
Total wall-clock time used: 57.261 sec (0h:0m:57s)

Computing bootstrap consensus tree...
Reading input file results_broccoli_meto/alignments_prefiltering/OG_3782.iqtree.splits.nex...
43 taxa and 615 splits.
Consensus tree written to results_broccoli_meto/alignments_prefiltering/OG_3782.iqtree.contree
Reading input trees file results_broccoli_meto/alignments_prefiltering/OG_3782.iqtree.contree
Log-likelihood of consensus tree: -2587.081

Analysis results written to: 
  IQ-TREE report:                results_broccoli_meto/alignments_prefiltering/OG_3782.iqtree.iqtree
  Maximum-likelihood tree:       results_broccoli_meto/alignments_prefiltering/OG_3782.iqtree.treefile
  Likelihood distances:          results_broccoli_meto/alignments_prefiltering/OG_3782.iqtree.mldist

Ultrafast bootstrap approximation results written to:
  Split support values:          results_broccoli_meto/alignments_prefiltering/OG_3782.iqtree.splits.nex
  Consensus tree:                results_broccoli_meto/alignments_prefiltering/OG_3782.iqtree.contree
  Screen log file:               results_broccoli_meto/alignments_prefiltering/OG_3782.iqtree.log

Date and Time: Tue Dec 13 06:33:17 2022
