IQ-TREE multicore version 2.1.0 for Linux 64-bit built Jul 18 2020
Developed by Bui Quang Minh, James Barbetti, Nguyen Lam Tung,
Olga Chernomor, Heiko Schmidt, Dominik Schrempf, Michael Woodhams.

Host:    node-hp0411.linux.crg.es (AVX, 125 GB RAM)
Command: /users/asebe/xgraubove/Programes/iqtree-2.1.0-Linux/bin/iqtree2 -s results_broccoli_meto/alignments_prefiltering/OG_4549.lt.fasta -m TEST -mset LG,WAG,JTT -nt AUTO -ntmax 2 -bb 1000 -pre results_broccoli_meto/alignments_prefiltering/OG_4549.iqtree -nm 10000 -nstop 200 -cptime 1800
Seed:    334899 (Using SPRNG - Scalable Parallel Random Number Generator)
Time:    Tue Dec 13 07:27:38 2022
Kernel:  AVX - auto-detect threads (2 CPU cores detected)

Reading alignment file results_broccoli_meto/alignments_prefiltering/OG_4549.lt.fasta ... Fasta format detected
Alignment most likely contains protein sequences
Alignment has 51 sequences with 279 columns, 278 distinct patterns
271 parsimony-informative, 0 singleton sites, 8 constant sites
                                                       Gap/Ambiguity  Composition  p-value
   1  Fspp_ffun1.m4.11442.m1                                   5.73%    passed     63.54%
   2  Gasp_gasp1.m3.26548.m1                                   4.30%    passed     92.48%
   3  Spis_XP_022781069_1                                      7.17%    passed     95.48%
   4  Pocdam_XM_027197012.1                                    7.17%    passed     99.31%
   5  Gfas_gfas1.m1.20300.m1                                   3.58%    passed     64.87%
   6  Amil_Amillepora15387-RA                                 17.56%    passed     65.97%
   7  Adig_XM_015925459.1                                     26.52%    passed     78.16%
   8  Nvec_v1g205479                                          64.87%    failed      1.96%
   9  Nvec_v1g101242                                           6.45%    passed     92.54%
  10  Rhoesc_Res_002338-T1                                    33.33%    passed     73.15%
  11  Exapal_XM_021048927.2                                    2.87%    passed     32.15%
  12  Stycar_maker-SC_scaffold3938-augustus-gene-0.5-mRNA-1   68.82%    passed     72.38%
  13  Spolac_c94868_g1_i2_m.10636c94868-g1                    65.23%    passed     59.43%
  14  Spolac_c94868_g1_i3_m.10638c94868-g1                    40.86%    passed     89.11%
  15  Emue_Em0016g1177a.t1                                    15.41%    failed      1.84%
  16  Emue_Em0531g1a.t1                                       36.56%    passed      5.54%
  17  HoiH23_PlH23_008323-RA                                  34.77%    passed     97.58%
  18  HoiH06_mRNA8797                                         34.77%    passed     94.52%
  19  Hhon_g05346.t1                                          34.77%    passed     64.53%
  20  HoiH04_mRNA1142                                         34.77%    passed     72.66%
  21  HoiH11_mRNA2245                                         34.41%    passed     57.12%
  22  TrH2_TrispH2_002602-RA                                  32.97%    passed     42.39%
  23  Tadh_TriadT53423                                        63.44%    passed     43.61%
  24  Acagra_model.g9895.t1                                   28.32%    passed     92.83%
  25  Skow_XM_006815623.1                                     52.33%    passed     32.18%
  26  Hsap_ENST00000412157                                    24.37%    passed     15.79%
  27  Cscu_XM_023356426.1                                     22.58%    passed     94.80%
  28  Ctel_gnl_WGS_AMQN_CAPTEDRAFT_mRNA133662                 32.62%    passed     85.20%
  29  Tcas_TC009054_001                                       41.22%    passed     55.66%
  30  Dgig_XM_028538796.1                                      5.73%    passed     46.54%
  31  Morvir_scaffold481.g3.t1                                31.54%    passed     67.43%
  32  Nemnom_g8444.t1                                          5.73%    passed     68.87%
  33  Cgig_XM_011439927.3                                     21.86%    passed     27.30%
  34  Hvul_g31325_1                                           33.69%    failed      2.57%
  35  Chem_TCONS_00052472                                     29.03%    passed     84.40%
  36  Xesp_007928-T1                                           8.96%    passed     62.40%
  37  Bralan_BLAG01001005_1                                    5.38%    passed     35.28%
  38  Spur_XM_785359.5                                        11.47%    failed      0.56%
  39  Spur_XM_030993755.1                                     25.09%    failed      4.58%
  40  Lcom_lcpid51412                                         27.60%    passed     54.45%
  41  Gracom_Gcom_C551150_01                                  24.73%    passed     16.60%
  42  Leuniv_Lniv_C803388_01                                  23.30%    passed     12.91%
  43  Halamb_c24904_g1_i1mm.100                               39.78%    passed      9.31%
  44  Xestes_maker-XT_scaffold862-snap-gene-0.33-mRNA-1       34.41%    passed     24.63%
  45  Dpul_mRNA29208                                          29.03%    failed      0.28%
  46  Coeast_Cast_sb792533                                     5.73%    passed     13.68%
  47  Horcal_Hcv1.av93.c2.g1446.i1                             8.96%    passed     17.83%
  48  Pbac_sb2646288                                           2.87%    passed     51.04%
  49  Drygla_Dgla_sb274713                                    56.27%    passed     15.47%
  50  Aque_Aqu2.1.30619_001                                   55.56%    passed     13.86%
  51  Stycar_maker-SC_scaffold5643-snap-gene-0.23-mRNA-1      82.44%    passed     15.57%
WARNING: 8 sequences contain more than 50% gaps/ambiguity
****  TOTAL                                                   28.37%  6 sequences failed composition chi2 test (p-value<5%; df=19)


Create initial parsimony tree by phylogenetic likelihood library (PLL)... 0.015 seconds
Measuring multi-threading efficiency up to 2 CPU cores
Increase to 10 rounds for branch lengths
5 trees examined
Threads: 1 / Time: 2.198 sec / Speedup: 1.000 / Efficiency: 100% / LogL: -18580
Threads: 2 / Time: 1.152 sec / Speedup: 1.908 / Efficiency: 95% / LogL: -18580
BEST NUMBER OF THREADS: 2

Perform fast likelihood tree search using LG+I+G model...
Estimate model parameters (epsilon = 5.000)
Perform nearest neighbor interchange...
Estimate model parameters (epsilon = 1.000)
1. Initial log-likelihood: -14603.804
Optimal log-likelihood: -14603.775
Proportion of invariable sites: 0.027
Gamma shape alpha: 1.489
Parameters optimization took 1 rounds (0.088 sec)
Time for fast ML tree search: 1.063 seconds

NOTE: ModelFinder requires 10 MB RAM!
ModelFinder will test up to 24 protein models (sample size: 279) ...
 No. Model         -LnL         df  AIC          AICc         BIC
  1  LG            15145.994    99  30489.987    30600.602    30849.477
  2  LG+I          15039.254    100 30278.509    30391.992    30641.630
  3  LG+G4         14617.416    100 29434.831    29548.315    29797.953
  4  LG+I+G4       14603.768    101 29409.535    29525.942    29776.288
  8  LG+F+I+G4     14497.995    120 29235.990    29419.788    29671.736
 12  WAG+I+G4      14664.192    101 29530.384    29646.791    29897.136
 16  WAG+F+I+G4    14522.017    120 29284.035    29467.832    29719.780
 20  JTT+I+G4      14698.612    101 29599.224    29715.631    29965.977
 24  JTT+F+I+G4    14563.544    120 29367.088    29550.885    29802.833
Akaike Information Criterion:           LG+F+I+G4
Corrected Akaike Information Criterion: LG+F+I+G4
Bayesian Information Criterion:         LG+F+I+G4
Best-fit model: LG+F+I+G4 chosen according to BIC

All model information printed to results_broccoli_meto/alignments_prefiltering/OG_4549.iqtree.model.gz
CPU time for ModelFinder: 11.971 seconds (0h:0m:11s)
Wall-clock time for ModelFinder: 7.080 seconds (0h:0m:7s)
Generating 1000 samples for ultrafast bootstrap (seed: 334899)...

NOTE: 10 MB RAM (0 GB) is required!
Estimate model parameters (epsilon = 0.100)
Thoroughly optimizing +I+G parameters from 10 start values...
Init pinv, alpha: 0.000, 1.351 / Estimate: 0.026, 1.347 / LogL: -14497.994
Init pinv, alpha: 0.003, 1.351 / Estimate: 0.026, 1.345 / LogL: -14497.992
Init pinv, alpha: 0.006, 1.351 / Estimate: 0.026, 1.349 / LogL: -14497.993
Init pinv, alpha: 0.010, 1.351 / Estimate: 0.026, 1.350 / LogL: -14497.993
Init pinv, alpha: 0.013, 1.351 / Estimate: 0.026, 1.349 / LogL: -14497.994
Init pinv, alpha: 0.016, 1.351 / Estimate: 0.026, 1.349 / LogL: -14497.993
Init pinv, alpha: 0.019, 1.351 / Estimate: 0.026, 1.349 / LogL: -14497.992
Init pinv, alpha: 0.022, 1.351 / Estimate: 0.026, 1.347 / LogL: -14497.994
Init pinv, alpha: 0.025, 1.351 / Estimate: 0.026, 1.348 / LogL: -14497.992
Init pinv, alpha: 0.029, 1.351 / Estimate: 0.027, 1.349 / LogL: -14497.991
Optimal pinv,alpha: 0.027, 1.349 / LogL: -14497.991

Parameters optimization took 2.679 sec
Computing ML distances based on estimated model parameters...
Computing ML distances took 0.210288 sec (of wall-clock time) 0.418615 sec(of CPU time)
WARNING: Some pairwise ML distances are too long (saturated)
Computing RapidNJ tree took 0.000840 sec (of wall-clock time) 0.000682 sec (of CPU time)
Log-likelihood of RapidNJ tree: -14565.524
--------------------------------------------------------------------
|             INITIALIZING CANDIDATE TREE SET                      |
--------------------------------------------------------------------
Generating 98 parsimony trees... 1.689 second
Computing log-likelihood of 98 initial trees ... 2.804 seconds
Current best score: -14497.991

Do NNI search on 20 best initial trees
Estimate model parameters (epsilon = 0.100)
BETTER TREE FOUND at iteration 1: -14497.362
Estimate model parameters (epsilon = 0.100)
BETTER TREE FOUND at iteration 2: -14473.177
Estimate model parameters (epsilon = 0.100)
BETTER TREE FOUND at iteration 3: -14468.743
Estimate model parameters (epsilon = 0.100)
BETTER TREE FOUND at iteration 4: -14464.286
Iteration 10 / LogL: -14467.192 / Time: 0h:0m:15s
Iteration 20 / LogL: -14488.804 / Time: 0h:0m:21s
Finish initializing candidate tree set (20)
Current best tree score: -14464.286 / CPU time: 18.073
Number of iterations: 20
--------------------------------------------------------------------
|               OPTIMIZING CANDIDATE TREE SET                      |
--------------------------------------------------------------------
Estimate model parameters (epsilon = 0.100)
BETTER TREE FOUND at iteration 22: -14461.176
Iteration 30 / LogL: -14473.918 / Time: 0h:0m:28s (0h:3m:6s left)
Iteration 40 / LogL: -14461.333 / Time: 0h:0m:34s (0h:2m:40s left)
Iteration 50 / LogL: -14472.763 / Time: 0h:0m:41s (0h:2m:24s left)
Log-likelihood cutoff on original alignment: -14522.417
Iteration 60 / LogL: -14461.334 / Time: 0h:0m:48s (0h:2m:11s left)
Iteration 70 / LogL: -14461.703 / Time: 0h:0m:53s (0h:1m:58s left)
Iteration 80 / LogL: -14469.248 / Time: 0h:1m:0s (0h:1m:48s left)
Iteration 90 / LogL: -14462.121 / Time: 0h:1m:5s (0h:1m:37s left)
Iteration 100 / LogL: -14464.338 / Time: 0h:1m:12s (0h:1m:29s left)
Log-likelihood cutoff on original alignment: -14522.417
NOTE: Bootstrap correlation coefficient of split occurrence frequencies: 0.998
Iteration 110 / LogL: -14463.819 / Time: 0h:1m:20s (0h:1m:22s left)
Iteration 120 / LogL: -14461.231 / Time: 0h:1m:26s (0h:1m:13s left)
Iteration 130 / LogL: -14461.443 / Time: 0h:1m:32s (0h:1m:6s left)
Iteration 140 / LogL: -14473.990 / Time: 0h:1m:39s (0h:0m:58s left)
Iteration 150 / LogL: -14461.555 / Time: 0h:1m:45s (0h:0m:51s left)
Log-likelihood cutoff on original alignment: -14512.252
Iteration 160 / LogL: -14475.303 / Time: 0h:1m:51s (0h:0m:43s left)
UPDATE BEST LOG-LIKELIHOOD: -14461.166
Iteration 170 / LogL: -14463.927 / Time: 0h:1m:57s (0h:0m:36s left)
Iteration 180 / LogL: -14464.335 / Time: 0h:2m:3s (0h:0m:29s left)
Iteration 190 / LogL: -14462.250 / Time: 0h:2m:9s (0h:0m:21s left)
Iteration 200 / LogL: -14461.688 / Time: 0h:2m:15s (0h:0m:14s left)
Log-likelihood cutoff on original alignment: -14512.252
NOTE: Bootstrap correlation coefficient of split occurrence frequencies: 0.999
Iteration 210 / LogL: -14462.673 / Time: 0h:2m:21s (0h:1m:0s left)
Estimate model parameters (epsilon = 0.100)
UPDATE BEST LOG-LIKELIHOOD: -14461.142
Iteration 220 / LogL: -14467.060 / Time: 0h:2m:27s (0h:0m:53s left)
TREE SEARCH COMPLETED AFTER 223 ITERATIONS / Time: 0h:2m:29s

--------------------------------------------------------------------
|                    FINALIZING TREE SEARCH                        |
--------------------------------------------------------------------
Performs final model parameters optimization
Estimate model parameters (epsilon = 0.010)
1. Initial log-likelihood: -14461.142
Optimal log-likelihood: -14461.142
Proportion of invariable sites: 0.026
Gamma shape alpha: 1.326
Parameters optimization took 1 rounds (0.090 sec)
BEST SCORE FOUND : -14461.142
Creating bootstrap support values...
Split supports printed to NEXUS file results_broccoli_meto/alignments_prefiltering/OG_4549.iqtree.splits.nex
Total tree length: 35.024

Total number of iterations: 223
CPU time used for tree search: 289.148 sec (0h:4m:49s)
Wall-clock time used for tree search: 146.228 sec (0h:2m:26s)
Total CPU time used: 296.239 sec (0h:4m:56s)
Total wall-clock time used: 149.906 sec (0h:2m:29s)

Computing bootstrap consensus tree...
Reading input file results_broccoli_meto/alignments_prefiltering/OG_4549.iqtree.splits.nex...
51 taxa and 484 splits.
Consensus tree written to results_broccoli_meto/alignments_prefiltering/OG_4549.iqtree.contree
Reading input trees file results_broccoli_meto/alignments_prefiltering/OG_4549.iqtree.contree
Log-likelihood of consensus tree: -14461.143

Analysis results written to: 
  IQ-TREE report:                results_broccoli_meto/alignments_prefiltering/OG_4549.iqtree.iqtree
  Maximum-likelihood tree:       results_broccoli_meto/alignments_prefiltering/OG_4549.iqtree.treefile
  Likelihood distances:          results_broccoli_meto/alignments_prefiltering/OG_4549.iqtree.mldist

Ultrafast bootstrap approximation results written to:
  Split support values:          results_broccoli_meto/alignments_prefiltering/OG_4549.iqtree.splits.nex
  Consensus tree:                results_broccoli_meto/alignments_prefiltering/OG_4549.iqtree.contree
  Screen log file:               results_broccoli_meto/alignments_prefiltering/OG_4549.iqtree.log

Date and Time: Tue Dec 13 07:30:15 2022
