IQ-TREE multicore version 2.1.0 for Linux 64-bit built Jul 18 2020
Developed by Bui Quang Minh, James Barbetti, Nguyen Lam Tung,
Olga Chernomor, Heiko Schmidt, Dominik Schrempf, Michael Woodhams.

Host:    node-hp0408.linux.crg.es (AVX, 125 GB RAM)
Command: /users/asebe/xgraubove/Programes/iqtree-2.1.0-Linux/bin/iqtree2 -s results_broccoli_meto/alignments_prefiltering/OG_4383.lt.fasta -m TEST -mset LG,WAG,JTT -nt AUTO -ntmax 2 -bb 1000 -pre results_broccoli_meto/alignments_prefiltering/OG_4383.iqtree -nm 10000 -nstop 200 -cptime 1800
Seed:    947266 (Using SPRNG - Scalable Parallel Random Number Generator)
Time:    Tue Dec 13 07:18:08 2022
Kernel:  AVX - auto-detect threads (2 CPU cores detected)

Reading alignment file results_broccoli_meto/alignments_prefiltering/OG_4383.lt.fasta ... Fasta format detected
Alignment most likely contains protein sequences
Alignment has 49 sequences with 782 columns, 772 distinct patterns
706 parsimony-informative, 0 singleton sites, 76 constant sites
                                        Gap/Ambiguity  Composition  p-value
   1  Fspp_ffun1.m4.3755.m1                    47.19%    passed     88.78%
   2  Gfas_gfas1.m1.7902.m1                     5.63%    passed     58.14%
   3  Fspp_ffun1.m4.3754.m1                    83.63%    passed     67.11%
   4  Gasp_gasp1.m3.23844.m1                   12.40%    passed     97.81%
   5  Spis_XP_022803360_1                      10.23%    passed     69.84%
   6  Pocdam_XM_027187268.1                     3.32%    passed     74.36%
   7  Adig_XM_015904113.1                      10.49%    passed     70.36%
   8  Adig_XM_015893798.1                      59.46%    passed     33.14%
   9  Amil_Amillepora29577-RA                  34.65%    passed     33.73%
  10  Nvec_v1g184530                           49.10%    passed     98.63%
  11  Exapal_XM_021046974.2                     2.17%    passed     99.22%
  12  Dgig_XM_028555930.1                       5.24%    passed     55.50%
  13  Xesp_009345-T1                           10.49%    passed     29.42%
  14  Aaur_scaffold637.g12.t1                  56.14%    passed     49.65%
  15  Nemnom_g13951.t1                          4.09%    passed     99.99%
  16  Rhoesc_Res_005511-T1                      3.96%    passed    100.00%
  17  Sanmal_Sma_005993-T1                      4.48%    passed     99.59%
  18  Morvir_scaffold81.g56.t2                 14.19%    passed     99.28%
  19  Chem_TCONS_00066683                       9.46%    passed     80.54%
  20  Cscu_XM_023370050.1                      45.01%    passed     89.57%
  21  Cscu_XM_023359727.1                       8.18%    passed     36.00%
  22  Cscu_XM_023359908.1                      78.52%    passed      7.00%
  23  Dpul_mRNA27413                           26.98%    passed     74.11%
  24  Cscu_XM_023370065.1                      68.03%    passed     23.40%
  25  Cgig_XM_034456624.1                       8.31%    passed     98.09%
  26  Ctel_gnl_WGS_AMQN_CAPTEDRAFT_mRNA91694   15.22%    passed     77.04%
  27  Spur_XM_011666197.2                       7.03%    passed     94.00%
  28  Skow_XM_006821153.1                      23.15%    passed     99.30%
  29  Hsap_ENST00000399322                     14.71%    passed     45.03%
  30  Hsap_ENST00000265022                     12.15%    passed     71.72%
  31  Hsap_ENST00000331886                     20.72%    passed     80.55%
  32  Bralan_BLAG12000824_1                    13.30%    passed     57.50%
  33  HoiH23_PlH23_001795-RA                    6.39%    passed     73.48%
  34  HoiH06_mRNA3740                           6.52%    passed     60.47%
  35  Hhon_g00419.t1                            4.86%    passed     28.68%
  36  HoiH04_mRNA11082                          4.86%    passed     35.86%
  37  TrH2_TrispH2_002767-RA                    6.27%    passed     84.46%
  38  Tadh_TriadT21777                         31.20%    passed     95.21%
  39  HoiH11_mRNA4534                           5.12%    passed     79.01%
  40  Tcas_TC033574_001                        16.62%    passed     98.43%
  41  Lcom_lcpid9154                            6.01%    passed     87.16%
  42  Leuniv_Lniv_C815516_01                    5.63%    passed     27.94%
  43  Scil_scict022216.10                       5.12%    failed      2.92%
  44  Gracom_Gcom_C559908_01                    6.91%    passed      5.24%
  45  Lcom_lcpid249789                         88.75%    passed     49.93%
  46  Clacor_Ccor_scaffold13754_01             69.05%    passed     14.19%
  47  Plajan_Pjan_scaffold16882_01             21.99%    passed     12.74%
  48  Opea_EP00118_Oscarella_pearsei_P004379   11.64%    passed     41.23%
  49  Ocar_g5358                               28.13%    passed     33.49%
WARNING: 7 sequences contain more than 50% gaps/ambiguity
****  TOTAL                                    22.30%  1 sequences failed composition chi2 test (p-value<5%; df=19)


Create initial parsimony tree by phylogenetic likelihood library (PLL)... 0.020 seconds
Measuring multi-threading efficiency up to 2 CPU cores
Increase to 10 rounds for branch lengths
3 trees examined
Threads: 1 / Time: 2.855 sec / Speedup: 1.000 / Efficiency: 100% / LogL: -46649
Threads: 2 / Time: 2.902 sec / Speedup: 0.984 / Efficiency: 49% / LogL: -46649
BEST NUMBER OF THREADS: 1

Perform fast likelihood tree search using LG+I+G model...
Estimate model parameters (epsilon = 5.000)
Perform nearest neighbor interchange...
Estimate model parameters (epsilon = 1.000)
1. Initial log-likelihood: -32110.712
Optimal log-likelihood: -32110.663
Proportion of invariable sites: 0.080
Gamma shape alpha: 1.732
Parameters optimization took 1 rounds (0.340 sec)
Time for fast ML tree search: 2.857 seconds

NOTE: ModelFinder requires 27 MB RAM!
ModelFinder will test up to 24 protein models (sample size: 782) ...
 No. Model         -LnL         df  AIC          AICc         BIC
  1  LG            33230.236    95  66650.472    66677.061    67093.348
  2  LG+I          32787.298    96  65766.595    65793.784    66214.133
  3  LG+G4         32161.585    96  64515.171    64542.359    64962.709
  4  LG+I+G4       32110.664    97  64415.328    64443.124    64867.528
  8  LG+F+I+G4     31973.213    116 64178.426    64219.244    64719.201
 12  WAG+I+G4      32143.534    97  64481.068    64508.863    64933.268
 16  WAG+F+I+G4    32030.273    116 64292.545    64333.363    64833.320
 20  JTT+I+G4      32093.914    97  64381.828    64409.623    64834.028
 24  JTT+F+I+G4    32010.430    116 64252.861    64293.679    64793.636
Akaike Information Criterion:           LG+F+I+G4
Corrected Akaike Information Criterion: LG+F+I+G4
Bayesian Information Criterion:         LG+F+I+G4
Best-fit model: LG+F+I+G4 chosen according to BIC

All model information printed to results_broccoli_meto/alignments_prefiltering/OG_4383.iqtree.model.gz
CPU time for ModelFinder: 20.856 seconds (0h:0m:20s)
Wall-clock time for ModelFinder: 17.721 seconds (0h:0m:17s)
Generating 1000 samples for ultrafast bootstrap (seed: 947266)...

NOTE: 27 MB RAM (0 GB) is required!
Estimate model parameters (epsilon = 0.100)
Thoroughly optimizing +I+G parameters from 10 start values...
Init pinv, alpha: 0.000, 1.712 / Estimate: 0.000, 1.096 / LogL: -32023.446
Init pinv, alpha: 0.011, 1.712 / Estimate: 0.080, 1.709 / LogL: -31973.214
Init pinv, alpha: 0.022, 1.712 / Estimate: 0.080, 1.709 / LogL: -31973.217
Init pinv, alpha: 0.032, 1.712 / Estimate: 0.080, 1.710 / LogL: -31973.214
Init pinv, alpha: 0.043, 1.712 / Estimate: 0.080, 1.707 / LogL: -31973.217
Init pinv, alpha: 0.054, 1.712 / Estimate: 0.080, 1.709 / LogL: -31973.216
Init pinv, alpha: 0.065, 1.712 / Estimate: 0.080, 1.710 / LogL: -31973.214
Init pinv, alpha: 0.076, 1.712 / Estimate: 0.079, 1.705 / LogL: -31973.221
Init pinv, alpha: 0.086, 1.712 / Estimate: 0.080, 1.712 / LogL: -31973.214
Init pinv, alpha: 0.097, 1.712 / Estimate: 0.080, 1.711 / LogL: -31973.214
Optimal pinv,alpha: 0.080, 1.710 / LogL: -31973.214

Parameters optimization took 14.759 sec
Computing ML distances based on estimated model parameters...
Computing ML distances took 0.279288 sec (of wall-clock time) 0.277876 sec(of CPU time)
WARNING: Some pairwise ML distances are too long (saturated)
Computing RapidNJ tree took 0.000330 sec (of wall-clock time) 0.000333 sec (of CPU time)
Log-likelihood of RapidNJ tree: -32350.997
--------------------------------------------------------------------
|             INITIALIZING CANDIDATE TREE SET                      |
--------------------------------------------------------------------
Generating 98 parsimony trees... 1.813 second
Computing log-likelihood of 98 initial trees ... 10.828 seconds
Current best score: -31973.214

Do NNI search on 20 best initial trees
Estimate model parameters (epsilon = 0.100)
BETTER TREE FOUND at iteration 1: -31973.156
Iteration 10 / LogL: -31974.213 / Time: 0h:0m:39s
Iteration 20 / LogL: -31974.266 / Time: 0h:0m:50s
Finish initializing candidate tree set (2)
Current best tree score: -31973.156 / CPU time: 34.863
Number of iterations: 20
--------------------------------------------------------------------
|               OPTIMIZING CANDIDATE TREE SET                      |
--------------------------------------------------------------------
Iteration 30 / LogL: -31976.782 / Time: 0h:1m:14s (0h:7m:19s left)
Iteration 40 / LogL: -31973.414 / Time: 0h:1m:35s (0h:6m:35s left)
Iteration 50 / LogL: -31973.688 / Time: 0h:1m:58s (0h:6m:5s left)
Log-likelihood cutoff on original alignment: -32001.396
Iteration 60 / LogL: -31974.174 / Time: 0h:2m:20s (0h:5m:35s left)
Iteration 70 / LogL: -31975.420 / Time: 0h:2m:42s (0h:5m:7s left)
Iteration 80 / LogL: -31974.245 / Time: 0h:3m:4s (0h:4m:42s left)
Iteration 90 / LogL: -31973.247 / Time: 0h:3m:24s (0h:4m:15s left)
Iteration 100 / LogL: -31985.656 / Time: 0h:3m:45s (0h:3m:49s left)
Log-likelihood cutoff on original alignment: -31999.989
NOTE: Bootstrap correlation coefficient of split occurrence frequencies: 1.000
Iteration 110 / LogL: -31975.148 / Time: 0h:4m:6s (0h:3m:25s left)
Iteration 120 / LogL: -31974.044 / Time: 0h:4m:27s (0h:3m:1s left)
Iteration 130 / LogL: -31973.444 / Time: 0h:4m:48s (0h:2m:38s left)
Iteration 140 / LogL: -31975.046 / Time: 0h:5m:8s (0h:2m:15s left)
Iteration 150 / LogL: -31973.404 / Time: 0h:5m:30s (0h:1m:53s left)
Log-likelihood cutoff on original alignment: -31999.989
Iteration 160 / LogL: -31984.786 / Time: 0h:5m:50s (0h:1m:30s left)
Iteration 170 / LogL: -31974.179 / Time: 0h:6m:10s (0h:1m:8s left)
Iteration 180 / LogL: -31973.316 / Time: 0h:6m:31s (0h:0m:45s left)
Iteration 190 / LogL: -31973.953 / Time: 0h:6m:52s (0h:0m:24s left)
Iteration 200 / LogL: -31973.373 / Time: 0h:7m:14s (0h:0m:2s left)
Log-likelihood cutoff on original alignment: -31999.989
NOTE: Bootstrap correlation coefficient of split occurrence frequencies: 1.000
TREE SEARCH COMPLETED AFTER 202 ITERATIONS / Time: 0h:7m:18s

--------------------------------------------------------------------
|                    FINALIZING TREE SEARCH                        |
--------------------------------------------------------------------
Performs final model parameters optimization
Estimate model parameters (epsilon = 0.010)
1. Initial log-likelihood: -31973.156
Optimal log-likelihood: -31973.156
Proportion of invariable sites: 0.080
Gamma shape alpha: 1.712
Parameters optimization took 1 rounds (0.353 sec)
BEST SCORE FOUND : -31973.156
Creating bootstrap support values...
Split supports printed to NEXUS file results_broccoli_meto/alignments_prefiltering/OG_4383.iqtree.splits.nex
Total tree length: 16.225

Total number of iterations: 202
CPU time used for tree search: 422.121 sec (0h:7m:2s)
Wall-clock time used for tree search: 422.482 sec (0h:7m:2s)
Total CPU time used: 438.614 sec (0h:7m:18s)
Total wall-clock time used: 439.063 sec (0h:7m:19s)

Computing bootstrap consensus tree...
Reading input file results_broccoli_meto/alignments_prefiltering/OG_4383.iqtree.splits.nex...
49 taxa and 161 splits.
Consensus tree written to results_broccoli_meto/alignments_prefiltering/OG_4383.iqtree.contree
Reading input trees file results_broccoli_meto/alignments_prefiltering/OG_4383.iqtree.contree
Log-likelihood of consensus tree: -31973.103

Analysis results written to: 
  IQ-TREE report:                results_broccoli_meto/alignments_prefiltering/OG_4383.iqtree.iqtree
  Maximum-likelihood tree:       results_broccoli_meto/alignments_prefiltering/OG_4383.iqtree.treefile
  Likelihood distances:          results_broccoli_meto/alignments_prefiltering/OG_4383.iqtree.mldist

Ultrafast bootstrap approximation results written to:
  Split support values:          results_broccoli_meto/alignments_prefiltering/OG_4383.iqtree.splits.nex
  Consensus tree:                results_broccoli_meto/alignments_prefiltering/OG_4383.iqtree.contree
  Screen log file:               results_broccoli_meto/alignments_prefiltering/OG_4383.iqtree.log

Date and Time: Tue Dec 13 07:25:46 2022
