IQ-TREE multicore version 2.1.0 for Linux 64-bit built Jul 18 2020
Developed by Bui Quang Minh, James Barbetti, Nguyen Lam Tung,
Olga Chernomor, Heiko Schmidt, Dominik Schrempf, Michael Woodhams.

Host:    node-hp0214.linux.crg.es (AVX, 125 GB RAM)
Command: /users/asebe/xgraubove/Programes/iqtree-2.1.0-Linux/bin/iqtree2 -s results_broccoli_meto/alignments_prefiltering/OG_4554.lt.fasta -m TEST -mset LG,WAG,JTT -nt AUTO -ntmax 2 -bb 1000 -pre results_broccoli_meto/alignments_prefiltering/OG_4554.iqtree -nm 10000 -nstop 200 -cptime 1800
Seed:    663171 (Using SPRNG - Scalable Parallel Random Number Generator)
Time:    Tue Dec 13 07:36:51 2022
Kernel:  AVX - auto-detect threads (2 CPU cores detected)

Reading alignment file results_broccoli_meto/alignments_prefiltering/OG_4554.lt.fasta ... Fasta format detected
Alignment most likely contains protein sequences
Alignment has 79 sequences with 632 columns, 630 distinct patterns
603 parsimony-informative, 0 singleton sites, 29 constant sites
                                                     Gap/Ambiguity  Composition  p-value
   1  Fspp_ffun1.m4.11747.m1                                64.72%    passed     91.93%
   2  Gasp_gasp1.m3.16992.m1                                 2.69%    passed     98.58%
   3  Spis_XP_022805752_1                                    1.42%    passed     92.40%
   4  Pocdam_XM_027183950.1                                  1.42%    passed     94.08%
   5  Gfas_gfas1.m1.13837.m1                                 3.80%    passed     93.73%
   6  Fspp_ffun1.m4.11748.m1                                67.41%    passed     95.90%
   7  Amil_Amillepora05709-RA                                2.22%    passed     97.22%
   8  Adig_XM_015910000.1                                   20.25%    failed      0.52%
   9  Nvec_v1g159148                                         0.95%    passed     58.30%
  10  Adig_XM_015915221.1                                   24.05%    passed     95.01%
  11  Dgig_XM_028547393.1                                    0.79%    passed     97.52%
  12  Xesp_013023-T1                                         0.79%    passed     99.37%
  13  Skow_XM_006824497.1                                   81.33%    passed     44.75%
  14  Cscu_XM_023372027.1                                    3.32%    passed     58.05%
  15  Bralan_BLAG03000352_1                                  0.79%    passed     99.94%
  16  Cgig_XM_011434783.3                                    0.79%    passed     73.19%
  17  Acagra_model.g928.t1                                   0.79%    passed     72.80%
  18  Ctel_gnl_WGS_AMQN_CAPTEDRAFT_mRNA224372                0.79%    passed     68.19%
  19  Spur_XM_030985435.1                                    0.79%    passed     82.64%
  20  Ocar_g7030                                            79.43%    passed     62.96%
  21  Opea_EP00118_Oscarella_pearsei_P010758                 0.95%    passed     69.22%
  22  Ocar_g10181                                           68.83%    passed     91.71%
  23  Plajan_Pjan_C567072_01                                 0.47%    passed     45.62%
  24  Morvir_scaffold306.g21.t1                              1.74%    passed     94.68%
  25  Aaur_scaffold329.g6.t1                                83.07%    passed      5.15%
  26  Nemnom_g9818.t1                                        1.11%    passed     90.81%
  27  Rhoesc_Res_003353-T1                                   1.11%    passed     90.91%
  28  Aaur_scaffold329.g8.t1                                48.26%    failed      2.54%
  29  Sanmal_Sma_008912-T1                                   5.22%    passed     95.64%
  30  Aaur_scaffold329.g7.t1                                85.60%    passed     77.97%
  31  Hvul_g30277_1                                          2.22%    passed     25.36%
  32  Chem_TCONS_00029172                                    1.90%    passed     63.96%
  33  Hsap_ENST00000370033                                   0.16%    passed     71.70%
  34  Aque_Aqu2.1.14839_001                                 83.39%    failed      0.89%
  35  Aque_Aqu2.1.14838_001                                 54.59%    passed      6.79%
  36  Aque_Aqu2.1.03710_001                                 80.22%    passed      5.12%
  37  Aque_Aqu2.1.42042_001                                  3.01%    passed     97.75%
  38  Aque_Aqu2.1.14842_001                                 69.62%    passed      5.68%
  39  Aque_Aqu2.1.14837_001                                 73.26%    failed      1.99%
  40  Aque_Aqu2.1.05249_001                                 48.10%    passed     36.71%
  41  Xestes_maker-XT_scaffold83739-snap-gene-0.15-mRNA-1   44.62%    passed     83.87%
  42  Tetwil_g23084.t1                                       5.54%    passed     96.93%
  43  Spolac_c103080_g1_i1_m.32340c100251-g1                69.30%    passed     74.33%
  44  Spolac_c103080_g1_i4_m.32343c100251-g1                67.56%    passed     86.67%
  45  Spolac_c103080_g1_i3_m.32342c100251-g1                 1.90%    passed     84.83%
  46  Emue_Em0013g830a.t1                                   15.03%    passed     56.50%
  47  Emue_Em0013g832a.t1                                   22.63%    passed     48.20%
  48  Tcas_TC011184_001                                      3.16%    passed     75.78%
  49  HoiH23_PlH23_004926-RA                                 5.06%    passed     99.22%
  50  Hhon_g07165.t1                                         0.32%    passed     74.49%
  51  HoiH04_mRNA7854                                        4.27%    passed     54.90%
  52  TrH2_TrispH2_005009-RA                                 0.32%    passed     94.74%
  53  Tadh_TriadT31410                                      42.72%    passed     86.74%
  54  HoiH06_mRNA11352                                       6.65%    passed     63.01%
  55  Lcom_lcpid29971                                        2.85%    passed     56.09%
  56  Leuniv_Lniv_scaffold21396_01                          20.89%    passed     68.99%
  57  Gracom_Gcom_scaffold16584_01                           2.69%    passed     69.95%
  58  Clacor_Ccor_C511293_01                                72.63%    passed     17.83%
  59  Clacor_Ccor_scaffold13881_01                          77.69%    passed     22.83%
  60  Dpul_mRNA4474                                          1.11%    passed     14.78%
  61  Pbac_sb2653903                                        89.08%    passed     91.45%
  62  Horcal_Hcv1.av93.c11.g103.i1                           8.23%    passed     53.01%
  63  Pbac_sb2658359                                        77.85%    passed     93.41%
  64  Pbac_sb2656891                                        56.49%    passed     22.13%
  65  Bolinf_Binf_sb1240586                                 60.92%    passed     24.37%
  66  Mlei_ML1324.g2.i1                                     60.92%    passed     34.51%
  67  Beraby_Baby_sb339196                                   8.54%    passed     63.17%
  68  Drygla_Dgla_sb292973                                  71.99%    passed     95.72%
  69  Drygla_Dgla_sb292971                                   7.44%    passed     50.23%
  70  Bolinf_Binf_sb1206655                                 52.53%    passed     33.84%
  71  Lampan_Lpan_3094_01                                   36.87%    passed     46.55%
  72  Eupdun_Edun_sb10638865                                55.85%    passed     88.97%
  73  Vmul_sbMO436103                                       48.89%    passed     72.05%
  74  Coeast_Cast_sb780020                                  76.27%    passed     48.26%
  75  Coeast_Cast_sb780017                                  45.25%    passed     82.03%
  76  Coeast_Cast_sb780018                                  51.11%    passed     74.34%
  77  Coeast_Cast_sb780019                                  61.87%    passed     50.42%
  78  Coemet_Cmet_C603838_01                                 8.07%    passed     43.67%
  79  Mlei_ML1311.g32.i1                                    59.81%    failed      2.45%
WARNING: 28 sequences contain more than 50% gaps/ambiguity
****  TOTAL                                                 31.35%  5 sequences failed composition chi2 test (p-value<5%; df=19)


Create initial parsimony tree by phylogenetic likelihood library (PLL)... 0.037 seconds
Measuring multi-threading efficiency up to 2 CPU cores
Increase to 10 rounds for branch lengths
2 trees examined
Threads: 1 / Time: 2.700 sec / Speedup: 1.000 / Efficiency: 100% / LogL: -54135
Threads: 2 / Time: 1.410 sec / Speedup: 1.916 / Efficiency: 96% / LogL: -54135
BEST NUMBER OF THREADS: 2

Perform fast likelihood tree search using LG+I+G model...
Estimate model parameters (epsilon = 5.000)
Perform nearest neighbor interchange...
Estimate model parameters (epsilon = 1.000)
1. Initial log-likelihood: -34236.508
Optimal log-likelihood: -34236.297
Proportion of invariable sites: 0.040
Gamma shape alpha: 1.691
Parameters optimization took 1 rounds (0.270 sec)
Time for fast ML tree search: 3.105 seconds

NOTE: ModelFinder requires 34 MB RAM!
ModelFinder will test up to 24 protein models (sample size: 632) ...
 No. Model         -LnL         df  AIC          AICc         BIC
  1  LG            35333.456    155 70976.913    71078.509    71666.491
  2  LG+I          35108.700    156 70529.399    70632.523    71223.426
  3  LG+G4         34262.556    156 68837.112    68940.236    69531.138
  4  LG+I+G4       34236.283    157 68786.567    68891.233    69485.042
  8  LG+F+I+G4     34127.801    176 68607.602    68744.534    69390.607
 12  WAG+I+G4      34432.603    157 69179.206    69283.872    69877.681
 16  WAG+F+I+G4    34355.268    176 69062.535    69199.467    69845.540
 20  JTT+I+G4      34283.455    157 68880.909    68985.576    69579.385
 24  JTT+F+I+G4    34173.670    176 68699.340    68836.272    69482.344
Akaike Information Criterion:           LG+F+I+G4
Corrected Akaike Information Criterion: LG+F+I+G4
Bayesian Information Criterion:         LG+F+I+G4
Best-fit model: LG+F+I+G4 chosen according to BIC

All model information printed to results_broccoli_meto/alignments_prefiltering/OG_4554.iqtree.model.gz
CPU time for ModelFinder: 27.100 seconds (0h:0m:27s)
Wall-clock time for ModelFinder: 15.118 seconds (0h:0m:15s)
Generating 1000 samples for ultrafast bootstrap (seed: 663171)...

NOTE: 34 MB RAM (0 GB) is required!
Estimate model parameters (epsilon = 0.100)
Thoroughly optimizing +I+G parameters from 10 start values...
Init pinv, alpha: 0.000, 1.604 / Estimate: 0.000, 1.176 / LogL: -34150.790
Init pinv, alpha: 0.005, 1.604 / Estimate: 0.040, 1.604 / LogL: -34127.805
Init pinv, alpha: 0.010, 1.604 / Estimate: 0.040, 1.603 / LogL: -34127.808
Init pinv, alpha: 0.015, 1.604 / Estimate: 0.039, 1.601 / LogL: -34127.810
Init pinv, alpha: 0.020, 1.604 / Estimate: 0.040, 1.602 / LogL: -34127.808
Init pinv, alpha: 0.025, 1.604 / Estimate: 0.040, 1.603 / LogL: -34127.804
Init pinv, alpha: 0.031, 1.604 / Estimate: 0.039, 1.601 / LogL: -34127.806
Init pinv, alpha: 0.036, 1.604 / Estimate: 0.040, 1.604 / LogL: -34127.801
Init pinv, alpha: 0.041, 1.604 / Estimate: 0.040, 1.606 / LogL: -34127.800
Init pinv, alpha: 0.046, 1.604 / Estimate: 0.040, 1.606 / LogL: -34127.802
Optimal pinv,alpha: 0.040, 1.606 / LogL: -34127.800

Parameters optimization took 8.932 sec
Computing ML distances based on estimated model parameters...
Computing ML distances took 0.398214 sec (of wall-clock time) 0.787102 sec(of CPU time)
WARNING: Some pairwise ML distances are too long (saturated)
Computing RapidNJ tree took 0.001272 sec (of wall-clock time) 0.001513 sec (of CPU time)
Log-likelihood of RapidNJ tree: -35940.631
--------------------------------------------------------------------
|             INITIALIZING CANDIDATE TREE SET                      |
--------------------------------------------------------------------
Generating 98 parsimony trees... 3.458 second
Computing log-likelihood of 98 initial trees ... 8.242 seconds
Current best score: -34127.800

Do NNI search on 20 best initial trees
Estimate model parameters (epsilon = 0.100)
BETTER TREE FOUND at iteration 1: -34124.625
Estimate model parameters (epsilon = 0.100)
BETTER TREE FOUND at iteration 2: -34120.938
Iteration 10 / LogL: -34127.174 / Time: 0h:0m:40s
Iteration 20 / LogL: -34125.064 / Time: 0h:1m:0s
Finish initializing candidate tree set (12)
Current best tree score: -34120.938 / CPU time: 50.163
Number of iterations: 20
--------------------------------------------------------------------
|               OPTIMIZING CANDIDATE TREE SET                      |
--------------------------------------------------------------------
Estimate model parameters (epsilon = 0.100)
BETTER TREE FOUND at iteration 29: -34120.537
Iteration 30 / LogL: -34121.285 / Time: 0h:1m:22s (0h:9m:26s left)
Iteration 40 / LogL: -34143.888 / Time: 0h:1m:43s (0h:8m:19s left)
Iteration 50 / LogL: -34120.547 / Time: 0h:2m:3s (0h:7m:32s left)
Log-likelihood cutoff on original alignment: -34155.189
Iteration 60 / LogL: -34121.658 / Time: 0h:2m:24s (0h:6m:54s left)
Iteration 70 / LogL: -34134.717 / Time: 0h:2m:45s (0h:6m:20s left)
Iteration 80 / LogL: -34121.636 / Time: 0h:3m:6s (0h:5m:50s left)
Iteration 90 / LogL: -34120.612 / Time: 0h:3m:27s (0h:5m:23s left)
Iteration 100 / LogL: -34120.647 / Time: 0h:3m:49s (0h:4m:58s left)
Log-likelihood cutoff on original alignment: -34155.189
NOTE: Bootstrap correlation coefficient of split occurrence frequencies: 0.999
Iteration 110 / LogL: -34127.273 / Time: 0h:4m:10s (0h:4m:34s left)
Iteration 120 / LogL: -34129.764 / Time: 0h:4m:31s (0h:4m:8s left)
Iteration 130 / LogL: -34122.662 / Time: 0h:4m:53s (0h:3m:45s left)
UPDATE BEST LOG-LIKELIHOOD: -34120.536
Iteration 140 / LogL: -34120.908 / Time: 0h:5m:15s (0h:3m:22s left)
Iteration 150 / LogL: -34120.603 / Time: 0h:5m:36s (0h:2m:58s left)
Log-likelihood cutoff on original alignment: -34154.801
Iteration 160 / LogL: -34120.591 / Time: 0h:5m:58s (0h:2m:35s left)
Iteration 170 / LogL: -34122.585 / Time: 0h:6m:19s (0h:2m:12s left)
Iteration 180 / LogL: -34120.856 / Time: 0h:6m:40s (0h:1m:49s left)
Iteration 190 / LogL: -34122.760 / Time: 0h:7m:2s (0h:1m:27s left)
Iteration 200 / LogL: -34120.694 / Time: 0h:7m:22s (0h:1m:4s left)
Log-likelihood cutoff on original alignment: -34154.801
NOTE: Bootstrap correlation coefficient of split occurrence frequencies: 0.999
Iteration 210 / LogL: -34122.566 / Time: 0h:7m:42s (0h:3m:19s left)
Iteration 220 / LogL: -34120.609 / Time: 0h:8m:3s (0h:2m:56s left)
Iteration 230 / LogL: -34120.564 / Time: 0h:8m:25s (0h:2m:34s left)
TREE SEARCH COMPLETED AFTER 230 ITERATIONS / Time: 0h:8m:25s

--------------------------------------------------------------------
|                    FINALIZING TREE SEARCH                        |
--------------------------------------------------------------------
Performs final model parameters optimization
Estimate model parameters (epsilon = 0.010)
1. Initial log-likelihood: -34120.536
Optimal log-likelihood: -34120.534
Proportion of invariable sites: 0.040
Gamma shape alpha: 1.611
Parameters optimization took 1 rounds (0.267 sec)
BEST SCORE FOUND : -34120.534
Creating bootstrap support values...
Split supports printed to NEXUS file results_broccoli_meto/alignments_prefiltering/OG_4554.iqtree.splits.nex
Total tree length: 22.396

Total number of iterations: 230
CPU time used for tree search: 972.659 sec (0h:16m:12s)
Wall-clock time used for tree search: 494.954 sec (0h:8m:14s)
Total CPU time used: 993.890 sec (0h:16m:33s)
Total wall-clock time used: 505.876 sec (0h:8m:25s)

Computing bootstrap consensus tree...
Reading input file results_broccoli_meto/alignments_prefiltering/OG_4554.iqtree.splits.nex...
79 taxa and 346 splits.
Consensus tree written to results_broccoli_meto/alignments_prefiltering/OG_4554.iqtree.contree
Reading input trees file results_broccoli_meto/alignments_prefiltering/OG_4554.iqtree.contree
Log-likelihood of consensus tree: -34120.537

Analysis results written to: 
  IQ-TREE report:                results_broccoli_meto/alignments_prefiltering/OG_4554.iqtree.iqtree
  Maximum-likelihood tree:       results_broccoli_meto/alignments_prefiltering/OG_4554.iqtree.treefile
  Likelihood distances:          results_broccoli_meto/alignments_prefiltering/OG_4554.iqtree.mldist

Ultrafast bootstrap approximation results written to:
  Split support values:          results_broccoli_meto/alignments_prefiltering/OG_4554.iqtree.splits.nex
  Consensus tree:                results_broccoli_meto/alignments_prefiltering/OG_4554.iqtree.contree
  Screen log file:               results_broccoli_meto/alignments_prefiltering/OG_4554.iqtree.log

Date and Time: Tue Dec 13 07:45:33 2022
