IQ-TREE multicore version 2.1.0 for Linux 64-bit built Jul 18 2020
Developed by Bui Quang Minh, James Barbetti, Nguyen Lam Tung,
Olga Chernomor, Heiko Schmidt, Dominik Schrempf, Michael Woodhams.

Host:    trantor09.linux.crg.es (AVX, FMA3, 503 GB RAM)
Command: /users/asebe/xgraubove/Programes/iqtree-2.1.0-Linux/bin/iqtree2 -s results_broccoli_meto/alignments_prefiltering/OG_430.lt.fasta -m TEST -mset LG,WAG,JTT -nt AUTO -ntmax 2 -bb 1000 -pre results_broccoli_meto/alignments_prefiltering/OG_430.iqtree -nm 10000 -nstop 200 -cptime 1800
Seed:    976732 (Using SPRNG - Scalable Parallel Random Number Generator)
Time:    Tue Dec 13 08:17:15 2022
Kernel:  AVX+FMA - auto-detect threads (2 CPU cores detected)

Reading alignment file results_broccoli_meto/alignments_prefiltering/OG_430.lt.fasta ... Fasta format detected
Alignment most likely contains protein sequences
Alignment has 88 sequences with 294 columns, 294 distinct patterns
289 parsimony-informative, 0 singleton sites, 5 constant sites
                                                         Gap/Ambiguity  Composition  p-value
   1  Lcom_lcpid150562                                          41.16%    failed      2.91%
   2  Lcom_lcpid209055                                          60.54%    passed     79.67%
   3  Cscu_XM_023359290.1                                        9.18%    passed     98.33%
   4  Cscu_XM_023358476.1                                       52.04%    passed     31.26%
   5  Lcom_lcpid83536                                            8.50%    passed     75.13%
   6  Acagra_model.g30409.t1                                     6.12%    passed     48.79%
   7  Ctel_gnl_WGS_AMQN_CAPTEDRAFT_mRNA223723                    6.80%    passed     99.03%
   8  Tcas_TC003529_001                                         12.24%    passed     94.36%
   9  Cgig_XM_034481849.1                                        7.14%    passed     98.70%
  10  Bralan_BLAG07101650_2                                      5.78%    passed     28.79%
  11  Skow_XM_002736086.2                                        5.10%    passed     44.19%
  12  Clacor_Ccor_C528807_01                                    52.04%    passed     61.66%
  13  Hvul_g31723_1                                              7.14%    passed     98.17%
  14  Chem_TCONS_00070306                                        9.18%    passed     86.09%
  15  Sanmal_Sma_024938-T1                                       3.74%    passed     78.33%
  16  Aaur_scaffold2213.g2.t1                                   23.13%    passed     94.64%
  17  Nemnom_g14864.t1                                           4.76%    passed     81.82%
  18  Rhoesc_Res_011057-T1                                       4.76%    passed     90.31%
  19  Fspp_ffun1.m4.19842.m1                                     2.04%    passed     72.57%
  20  Spis_XP_022796573_1                                        1.36%    passed     98.89%
  21  Pocdam_XM_027192369.1                                      1.02%    passed     99.65%
  22  Gfas_gfas1.m1.8498.m1                                      7.82%    passed     89.87%
  23  Adig_XM_015908540.1                                        4.76%    passed     46.85%
  24  Nvec_v1g90748                                              4.76%    passed     95.82%
  25  Exapal_XM_021056377.2                                      3.40%    passed     95.97%
  26  Dgig_XM_028535914.1                                        1.70%    passed     95.53%
  27  Xesp_006338-T1                                            13.27%    passed     40.02%
  28  Dpul_mRNA30723                                            10.54%    passed     28.39%
  29  Hsap_ENST00000474597                                       9.52%    passed     42.35%
  30  Spur_XM_030975254.1                                        6.80%    passed     23.21%
  31  Lcom_lcpid99861                                            5.78%    passed     73.36%
  32  Gracom_Gcom_scaffold15740_01                               6.12%    passed     47.72%
  33  Lcom_lcpid228968                                          68.03%    passed     22.46%
  34  Leuniv_Lniv_scaffold17349_01                               4.76%    passed     73.08%
  35  Clacor_Ccor_C534837_01                                     6.12%    passed     45.08%
  36  Emue_Em0018g188a.t1                                       14.97%    passed     91.84%
  37  Spolac_c80480_g1_i1_m.2651c80480-g1                        9.52%    passed     80.26%
  38  Aque_Aqu2.1.28960_001                                      7.82%    passed     80.25%
  39  Halamb_c22340_g1_i1m.4029                                 64.97%    passed     12.86%
  40  Xestes_maker-XT_scaffold26695-augustus-gene-0.30-mRNA-1   53.06%    passed     24.65%
  41  Tetwil_g23934.t3                                           6.46%    passed     37.47%
  42  Stycar_maker-SC_scaffold4954-augustus-gene-0.3-mRNA-1     31.29%    failed      2.22%
  43  Opea_EP00118_Oscarella_pearsei_P000078                     8.50%    passed     99.67%
  44  Ocar_g6339                                                 8.50%    passed     99.67%
  45  Plajan_Pjan_C555169_01                                     5.10%    passed     94.96%
  46  Pbac_sb2653984                                            17.01%    passed     97.48%
  47  Horcal_Hcv1.av93.c2.g294.i1                               17.01%    passed     91.51%
  48  Coeast_Cast_sb790053                                      23.81%    passed     89.37%
  49  Bolinf_Binf_sb1193419                                     23.13%    passed     97.68%
  50  Mertsp_Mesp_sb554647                                      15.31%    passed     93.46%
  51  Beraby_Baby_sb326179                                      14.29%    passed     91.95%
  52  Drygla_Dgla_sb274806                                      45.24%    passed     69.05%
  53  Bolinf_Binf_sb1250070                                     42.18%    passed     77.38%
  54  Mertsp_Mesp_sb573056                                      54.08%    passed     65.57%
  55  Mlei_ML0519.g11.i1                                        16.33%    passed     98.72%
  56  Vmul_sbMO419197                                           26.87%    passed     87.70%
  57  Bolinf_Binf_sb1250065                                     26.19%    passed     94.78%
  58  Mertsp_Mesp_sb567932                                      18.03%    passed     90.28%
  59  Mertsp_Mesp_sb567933                                      21.77%    passed     92.30%
  60  Mertsp_Mesp_sb567934                                      24.83%    passed     93.28%
  61  Bolinf_Binf_sb1250069                                     39.12%    passed     56.27%
  62  Bolinf_Binf_sb1250067                                     23.13%    passed     92.89%
  63  Bolinf_Binf_sb1250068                                     28.57%    passed     79.75%
  64  Drygla_Dgla_sb294982                                      25.85%    passed     85.11%
  65  Vmul_sbMO469724                                           15.99%    passed     99.74%
  66  Coeast_Cast_sb797473                                      18.03%    passed     97.52%
  67  Coeast_Cast_sb797474                                      20.75%    passed     95.87%
  68  Coeast_Cast_sb797475                                      23.13%    passed     91.95%
  69  Coeast_Cast_sb797476                                      51.70%    passed     65.12%
  70  Lampan_Lpan_15081_01                                      28.91%    passed     86.31%
  71  Eupdun_Edun_sb10647375                                    32.31%    passed     32.60%
  72  Eupdun_Edun_sb10647387                                    23.81%    passed     98.86%
  73  Eupdun_Edun_sb10647389                                    43.88%    passed     23.33%
  74  Coemet_Cmet_scaffold21662_01                              45.24%    passed      5.67%
  75  HoiH23_PlH23_003287-RA                                     7.48%    passed     84.05%
  76  HoiH06_mRNA9921                                           29.59%    passed     91.48%
  77  Hhon_g02551.t1                                             8.50%    passed     89.19%
  78  HoiH04_mRNA10645                                           8.16%    passed     44.05%
  79  HoiH11_mRNA1249                                           13.61%    passed     57.88%
  80  TrH2_TrispH2_001518-RA                                     6.80%    passed     80.38%
  81  Tadh_TriadT63858                                          13.95%    passed     74.28%
  82  Amil_Amillepora27553-RA                                   28.91%    passed     28.60%
  83  Lcom_lcpid243190                                          67.69%    passed     86.68%
  84  Lcom_lcpid204514                                          68.03%    passed     30.28%
  85  Lcom_lcpid105853                                           6.80%    passed     13.72%
  86  Cscu_XM_023368628.1                                       43.20%    failed      1.53%
  87  Lcom_lcpid222309                                          64.63%    passed      9.09%
  88  Plespi_Pspi_C572055_01                                    52.38%    passed     10.75%
WARNING: 12 sequences contain more than 50% gaps/ambiguity
****  TOTAL                                                     21.75%  3 sequences failed composition chi2 test (p-value<5%; df=19)
NOTE: Ocar_g6339 is identical to Opea_EP00118_Oscarella_pearsei_P000078 but kept for subsequent analysis


Create initial parsimony tree by phylogenetic likelihood library (PLL)... 0.049 seconds
Measuring multi-threading efficiency up to 2 CPU cores
Increase to 10 rounds for branch lengths
2 trees examined
Threads: 1 / Time: 2.300 sec / Speedup: 1.000 / Efficiency: 100% / LogL: -33762
Threads: 2 / Time: 1.823 sec / Speedup: 1.261 / Efficiency: 63% / LogL: -33762
BEST NUMBER OF THREADS: 2

Perform fast likelihood tree search using LG+I+G model...
Estimate model parameters (epsilon = 5.000)
Perform nearest neighbor interchange...
Estimate model parameters (epsilon = 1.000)
1. Initial log-likelihood: -20831.778
Optimal log-likelihood: -20831.773
Proportion of invariable sites: 0.014
Gamma shape alpha: 1.937
Parameters optimization took 1 rounds (0.342 sec)
Time for fast ML tree search: 3.829 seconds

NOTE: ModelFinder requires 18 MB RAM!
ModelFinder will test up to 24 protein models (sample size: 294) ...
 No. Model         -LnL         df  AIC          AICc         BIC
  1  LG            21362.377    173 43070.754    43572.454    43708.013
  2  LG+I          21285.425    174 42918.849    43430.614    43559.792
  3  LG+G4         20848.010    174 42044.019    42555.784    42684.962
  4  LG+I+G4       20831.751    175 42013.501    42535.535    42658.128
  8  LG+F+I+G4     20787.487    194 41962.974    42727.216    42677.588
 12  WAG+I+G4      20906.702    175 42163.405    42685.439    42808.031
 16  WAG+F+I+G4    20948.812    194 42285.624    43049.866    43000.238
 20  JTT+I+G4      20888.263    175 42126.527    42648.560    42771.153
 24  JTT+F+I+G4    20894.213    194 42176.427    42940.669    42891.041
Akaike Information Criterion:           LG+F+I+G4
Corrected Akaike Information Criterion: LG+I+G4
Bayesian Information Criterion:         LG+I+G4
Best-fit model: LG+I+G4 chosen according to BIC

All model information printed to results_broccoli_meto/alignments_prefiltering/OG_430.iqtree.model.gz
CPU time for ModelFinder: 31.709 seconds (0h:0m:31s)
Wall-clock time for ModelFinder: 17.046 seconds (0h:0m:17s)
Generating 1000 samples for ultrafast bootstrap (seed: 976732)...

NOTE: 18 MB RAM (0 GB) is required!
Estimate model parameters (epsilon = 0.100)
Thoroughly optimizing +I+G parameters from 10 start values...
Init pinv, alpha: 0.000, 1.937 / Estimate: 0.014, 1.937 / LogL: -20831.728
Init pinv, alpha: 0.002, 1.937 / Estimate: 0.013, 1.936 / LogL: -20831.743
Init pinv, alpha: 0.004, 1.937 / Estimate: 0.014, 1.937 / LogL: -20831.742
Init pinv, alpha: 0.006, 1.937 / Estimate: 0.014, 1.937 / LogL: -20831.741
Init pinv, alpha: 0.008, 1.937 / Estimate: 0.014, 1.937 / LogL: -20831.741
Init pinv, alpha: 0.009, 1.937 / Estimate: 0.014, 1.937 / LogL: -20831.741
Init pinv, alpha: 0.011, 1.937 / Estimate: 0.013, 1.937 / LogL: -20831.744
Init pinv, alpha: 0.013, 1.937 / Estimate: 0.014, 1.937 / LogL: -20831.743
Init pinv, alpha: 0.015, 1.937 / Estimate: 0.014, 1.937 / LogL: -20831.743
Init pinv, alpha: 0.017, 1.937 / Estimate: 0.014, 1.938 / LogL: -20831.741
Optimal pinv,alpha: 0.014, 1.937 / LogL: -20831.728

Parameters optimization took 7.417 sec
Computing ML distances based on estimated model parameters...
Computing ML distances took 1.038019 sec (of wall-clock time) 2.064108 sec(of CPU time)
WARNING: Some pairwise ML distances are too long (saturated)
Computing RapidNJ tree took 0.001783 sec (of wall-clock time) 0.001548 sec (of CPU time)
Log-likelihood of RapidNJ tree: -20946.844
--------------------------------------------------------------------
|             INITIALIZING CANDIDATE TREE SET                      |
--------------------------------------------------------------------
Generating 98 parsimony trees... 4.071 second
Computing log-likelihood of 98 initial trees ... 10.807 seconds
Current best score: -20831.728

Do NNI search on 20 best initial trees
Estimate model parameters (epsilon = 0.100)
BETTER TREE FOUND at iteration 1: -20831.713
Estimate model parameters (epsilon = 0.100)
BETTER TREE FOUND at iteration 2: -20793.163
Estimate model parameters (epsilon = 0.100)
BETTER TREE FOUND at iteration 3: -20789.018
Iteration 10 / LogL: -20789.968 / Time: 0h:0m:45s
Iteration 20 / LogL: -20792.146 / Time: 0h:1m:9s
Finish initializing candidate tree set (19)
Current best tree score: -20789.018 / CPU time: 59.747
Number of iterations: 20
--------------------------------------------------------------------
|               OPTIMIZING CANDIDATE TREE SET                      |
--------------------------------------------------------------------
Estimate model parameters (epsilon = 0.100)
BETTER TREE FOUND at iteration 22: -20787.338
Estimate model parameters (epsilon = 0.100)
BETTER TREE FOUND at iteration 25: -20785.325
Iteration 30 / LogL: -20785.386 / Time: 0h:1m:37s (0h:10m:53s left)
Estimate model parameters (epsilon = 0.100)
BETTER TREE FOUND at iteration 39: -20784.557
Iteration 40 / LogL: -20785.365 / Time: 0h:2m:5s (0h:10m:41s left)
Estimate model parameters (epsilon = 0.100)
BETTER TREE FOUND at iteration 44: -20781.692
Iteration 50 / LogL: -20785.523 / Time: 0h:2m:33s (0h:10m:8s left)
Log-likelihood cutoff on original alignment: -20838.687
Iteration 60 / LogL: -20852.844 / Time: 0h:3m:2s (0h:9m:29s left)
Estimate model parameters (epsilon = 0.100)
BETTER TREE FOUND at iteration 64: -20781.625
Iteration 70 / LogL: -20781.746 / Time: 0h:3m:30s (0h:9m:52s left)
Estimate model parameters (epsilon = 0.100)
UPDATE BEST LOG-LIKELIHOOD: -20781.609
Iteration 80 / LogL: -20807.291 / Time: 0h:3m:58s (0h:9m:15s left)
Iteration 90 / LogL: -20782.147 / Time: 0h:4m:27s (0h:8m:42s left)
Iteration 100 / LogL: -20781.611 / Time: 0h:4m:56s (0h:8m:11s left)
Log-likelihood cutoff on original alignment: -20830.172
NOTE: Bootstrap correlation coefficient of split occurrence frequencies: 0.994
Iteration 110 / LogL: -20781.999 / Time: 0h:5m:28s (0h:7m:43s left)
Iteration 120 / LogL: -20781.718 / Time: 0h:5m:56s (0h:7m:11s left)
Iteration 130 / LogL: -20784.937 / Time: 0h:6m:26s (0h:6m:41s left)
Iteration 140 / LogL: -20781.846 / Time: 0h:6m:53s (0h:6m:8s left)
Iteration 150 / LogL: -20781.662 / Time: 0h:7m:22s (0h:5m:38s left)
Log-likelihood cutoff on original alignment: -20830.172
Iteration 160 / LogL: -20842.099 / Time: 0h:7m:51s (0h:5m:8s left)
Iteration 170 / LogL: -20807.195 / Time: 0h:8m:22s (0h:4m:39s left)
Iteration 180 / LogL: -20781.627 / Time: 0h:8m:52s (0h:4m:9s left)
Iteration 190 / LogL: -20781.670 / Time: 0h:9m:22s (0h:3m:40s left)
Iteration 200 / LogL: -20785.036 / Time: 0h:9m:52s (0h:3m:10s left)
Log-likelihood cutoff on original alignment: -20830.172
NOTE: Bootstrap correlation coefficient of split occurrence frequencies: 0.999
Iteration 210 / LogL: -20781.637 / Time: 0h:10m:22s (0h:4m:28s left)
Iteration 220 / LogL: -20781.758 / Time: 0h:10m:51s (0h:3m:58s left)
Iteration 230 / LogL: -20782.126 / Time: 0h:11m:20s (0h:3m:27s left)
Iteration 240 / LogL: -20806.218 / Time: 0h:11m:48s (0h:2m:57s left)
Iteration 250 / LogL: -20782.042 / Time: 0h:12m:18s (0h:2m:28s left)
Log-likelihood cutoff on original alignment: -20830.172
Iteration 260 / LogL: -20781.721 / Time: 0h:12m:44s (0h:1m:58s left)
TREE SEARCH COMPLETED AFTER 265 ITERATIONS / Time: 0h:13m:1s

--------------------------------------------------------------------
|                    FINALIZING TREE SEARCH                        |
--------------------------------------------------------------------
Performs final model parameters optimization
Estimate model parameters (epsilon = 0.010)
1. Initial log-likelihood: -20781.609
Optimal log-likelihood: -20781.609
Proportion of invariable sites: 0.014
Gamma shape alpha: 1.923
Parameters optimization took 1 rounds (0.373 sec)
BEST SCORE FOUND : -20781.609
Creating bootstrap support values...
Split supports printed to NEXUS file results_broccoli_meto/alignments_prefiltering/OG_430.iqtree.splits.nex
Total tree length: 32.189

Total number of iterations: 265
CPU time used for tree search: 1530.191 sec (0h:25m:30s)
Wall-clock time used for tree search: 771.426 sec (0h:12m:51s)
Total CPU time used: 1550.479 sec (0h:25m:50s)
Total wall-clock time used: 781.874 sec (0h:13m:1s)

Computing bootstrap consensus tree...
Reading input file results_broccoli_meto/alignments_prefiltering/OG_430.iqtree.splits.nex...
88 taxa and 567 splits.
Consensus tree written to results_broccoli_meto/alignments_prefiltering/OG_430.iqtree.contree
Reading input trees file results_broccoli_meto/alignments_prefiltering/OG_430.iqtree.contree
Log-likelihood of consensus tree: -20783.526

Analysis results written to: 
  IQ-TREE report:                results_broccoli_meto/alignments_prefiltering/OG_430.iqtree.iqtree
  Maximum-likelihood tree:       results_broccoli_meto/alignments_prefiltering/OG_430.iqtree.treefile
  Likelihood distances:          results_broccoli_meto/alignments_prefiltering/OG_430.iqtree.mldist

Ultrafast bootstrap approximation results written to:
  Split support values:          results_broccoli_meto/alignments_prefiltering/OG_430.iqtree.splits.nex
  Consensus tree:                results_broccoli_meto/alignments_prefiltering/OG_430.iqtree.contree
  Screen log file:               results_broccoli_meto/alignments_prefiltering/OG_430.iqtree.log

Date and Time: Tue Dec 13 08:30:35 2022
