IQ-TREE multicore version 2.1.0 for Linux 64-bit built Jul 18 2020
Developed by Bui Quang Minh, James Barbetti, Nguyen Lam Tung,
Olga Chernomor, Heiko Schmidt, Dominik Schrempf, Michael Woodhams.

Host:    node-hp0411.linux.crg.es (AVX, 125 GB RAM)
Command: /users/asebe/xgraubove/Programes/iqtree-2.1.0-Linux/bin/iqtree2 -s results_broccoli_meto/alignments_prefiltering/OG_4292.lt.fasta -m TEST -mset LG,WAG,JTT -nt AUTO -ntmax 2 -bb 1000 -pre results_broccoli_meto/alignments_prefiltering/OG_4292.iqtree -nm 10000 -nstop 200 -cptime 1800
Seed:    399463 (Using SPRNG - Scalable Parallel Random Number Generator)
Time:    Tue Dec 13 07:15:02 2022
Kernel:  AVX - auto-detect threads (2 CPU cores detected)

Reading alignment file results_broccoli_meto/alignments_prefiltering/OG_4292.lt.fasta ... Fasta format detected
Alignment most likely contains protein sequences
Alignment has 46 sequences with 262 columns, 262 distinct patterns
261 parsimony-informative, 0 singleton sites, 1 constant sites
                                                         Gap/Ambiguity  Composition  p-value
   1  Cgig_XM_011434390.3                                       19.47%    passed     85.95%
   2  Bralan_BLAG07001158_1                                      7.63%    passed     74.49%
   3  Pocdam_XM_027193085.1                                     52.29%    passed     88.15%
   4  Fspp_ffun1.m4.18730.m1                                    20.61%    passed     87.17%
   5  Gfas_gfas1.m1.6475.m1                                      6.87%    passed     83.99%
   6  Gfas_gfas1.m1.20613.m1                                    15.65%    passed     91.62%
   7  Amil_Amillepora04425-RA                                    3.82%    passed     94.25%
   8  Adig_XM_015905727.1                                       15.65%    passed     71.14%
   9  Fspp_ffun1.m4.18728.m1                                     1.91%    passed     45.94%
  10  Spis_XP_022786126_1                                       40.08%    passed     74.28%
  11  Nvec_v1g186249                                             9.54%    passed     75.28%
  12  Dgig_XM_028541374.1                                       11.45%    passed     90.55%
  13  Xesp_008153-T1                                             8.02%    passed     39.68%
  14  Gasp_gasp1.m3.19843.m1                                    50.76%    passed     24.65%
  15  TrH2_TrispH2_003663-RA                                     8.78%    passed     36.73%
  16  Tadh_TriadT58894                                          14.12%    passed     43.47%
  17  Hhon_g02338.t1                                             8.78%    passed     66.60%
  18  HoiH04_mRNA9409                                            8.78%    passed     66.60%
  19  HoiH23_PlH23_006364-RA                                     8.78%    passed     52.28%
  20  Skow_XM_006818218.1                                       51.15%    passed     96.11%
  21  Stycar_maker-SC_scaffold3295-augustus-gene-0.8-mRNA-1     12.60%    passed     49.57%
  22  Stycar_maker-SC_scaffold135814-snap-gene-0.4-mRNA-1        4.96%    passed     29.84%
  23  Spolac_c100993_g1_i1_m.24168c100993-g1                     7.63%    passed     55.00%
  24  Spolac_c100993_g2_i2_m.24169c100993-g2                     6.11%    passed     89.77%
  25  Bralan_BLAG07001545_1                                      6.11%    passed     21.48%
  26  Acagra_model.g30445.t1.1.5d3b8d01                          4.96%    passed     94.53%
  27  Dpul_mRNA2379                                             14.12%    failed      3.01%
  28  Aque_Aqu2.1.39226_001                                     10.31%    passed     58.37%
  29  Aque_Aqu2.1.39230_001                                     35.50%    passed     94.33%
  30  Xestes_maker-XT_scaffold121289-augustus-gene-0.8-mRNA-1   15.65%    passed     34.91%
  31  Exapal_XM_021054194.2                                     19.47%    passed     22.17%
  32  Hsap_ENST00000374762                                       8.78%    passed     73.24%
  33  Hsap_ENST00000374767                                       8.78%    passed     76.20%
  34  Cscu_XM_023375178.1                                       29.39%    passed     15.34%
  35  Spur_XM_030975356.1                                       22.52%    passed     93.55%
  36  Clacor_Ccor_C523413_01                                     8.40%    passed     53.01%
  37  Sanmal_Sma_017502-T1                                       2.29%    passed     81.66%
  38  Leuniv_Lniv_C803754_01                                     4.96%    passed     59.65%
  39  Scil_scict025695.1                                         8.40%    passed      6.10%
  40  Gracom_Gcom_scaffold12948_01                               7.63%    passed     15.81%
  41  Lcom_lcpid88584                                            0.00%    passed     25.72%
  42  Lcom_lcpid112286                                           4.58%    passed     86.34%
  43  Lcom_lcpid91114                                            1.91%    passed     65.52%
  44  Plespi_Pspi_C599126_01                                     8.78%    passed     90.01%
  45  Ocar_g4393                                                35.11%    passed     91.56%
  46  Opea_EP00118_Oscarella_pearsei_P024953                    17.18%    passed     86.45%
WARNING: 3 sequences contain more than 50% gaps/ambiguity
****  TOTAL                                                     14.57%  1 sequences failed composition chi2 test (p-value<5%; df=19)
NOTE: HoiH04_mRNA9409 is identical to Hhon_g02338.t1 but kept for subsequent analysis


Create initial parsimony tree by phylogenetic likelihood library (PLL)... 0.014 seconds
Measuring multi-threading efficiency up to 2 CPU cores
Increase to 10 rounds for branch lengths
6 trees examined
Threads: 1 / Time: 2.250 sec / Speedup: 1.000 / Efficiency: 100% / LogL: -21324
Threads: 2 / Time: 1.221 sec / Speedup: 1.843 / Efficiency: 92% / LogL: -21324
BEST NUMBER OF THREADS: 2

Perform fast likelihood tree search using LG+I+G model...
Estimate model parameters (epsilon = 5.000)
Perform nearest neighbor interchange...
Estimate model parameters (epsilon = 1.000)
1. Initial log-likelihood: -16816.170
Optimal log-likelihood: -16816.150
Proportion of invariable sites: 0.004
Gamma shape alpha: 2.004
Parameters optimization took 1 rounds (0.077 sec)
Time for fast ML tree search: 0.849 seconds

NOTE: ModelFinder requires 9 MB RAM!
ModelFinder will test up to 24 protein models (sample size: 262) ...
 No. Model         -LnL         df  AIC          AICc         BIC
  1  LG            17175.983    89  34529.965    34623.105    34847.548
  2  LG+I          17164.266    90  34508.532    34604.321    34829.683
  3  LG+G4         16817.746    90  33815.493    33911.282    34136.644
  4  LG+I+G4       16816.152    91  33814.304    33912.798    34139.024
  7  LG+F+G4       16812.265    109 33842.530    34000.293    34231.479
  8  LG+F+I+G4     16811.146    110 33842.292    34004.014    34234.810
 11  WAG+G4        16811.069    90  33802.137    33897.927    34123.288
 12  WAG+I+G4      16806.757    91  33795.513    33894.007    34120.233
 15  WAG+F+G4      16831.309    109 33880.619    34038.382    34269.568
 16  WAG+F+I+G4    16827.962    110 33875.924    34037.646    34268.442
 19  JTT+G4        16868.544    90  33917.087    34012.877    34238.238
 20  JTT+I+G4      16866.150    91  33914.299    34012.793    34239.019
 23  JTT+F+G4      16849.856    109 33917.713    34075.476    34306.662
 24  JTT+F+I+G4    16848.329    110 33916.657    34078.379    34309.175
Akaike Information Criterion:           WAG+I+G4
Corrected Akaike Information Criterion: WAG+I+G4
Bayesian Information Criterion:         WAG+I+G4
Best-fit model: WAG+I+G4 chosen according to BIC

All model information printed to results_broccoli_meto/alignments_prefiltering/OG_4292.iqtree.model.gz
CPU time for ModelFinder: 11.202 seconds (0h:0m:11s)
Wall-clock time for ModelFinder: 6.766 seconds (0h:0m:6s)
Generating 1000 samples for ultrafast bootstrap (seed: 399463)...

NOTE: 9 MB RAM (0 GB) is required!
Estimate model parameters (epsilon = 0.100)
Thoroughly optimizing +I+G parameters from 10 start values...
Init pinv, alpha: 0.000, 2.271 / Estimate: 0.004, 2.275 / LogL: -16806.756
Init pinv, alpha: 0.000, 2.271 / Estimate: 0.004, 2.274 / LogL: -16806.756
Init pinv, alpha: 0.001, 2.271 / Estimate: 0.004, 2.275 / LogL: -16806.756
Init pinv, alpha: 0.001, 2.271 / Estimate: 0.004, 2.275 / LogL: -16806.756
Init pinv, alpha: 0.002, 2.271 / Estimate: 0.004, 2.275 / LogL: -16806.756
Init pinv, alpha: 0.002, 2.271 / Estimate: 0.004, 2.275 / LogL: -16806.756
Init pinv, alpha: 0.003, 2.271 / Estimate: 0.004, 2.275 / LogL: -16806.756
Init pinv, alpha: 0.003, 2.271 / Estimate: 0.004, 2.275 / LogL: -16806.756
Init pinv, alpha: 0.003, 2.271 / Estimate: 0.004, 2.275 / LogL: -16806.756
Init pinv, alpha: 0.004, 2.271 / Estimate: 0.004, 2.275 / LogL: -16806.756
Optimal pinv,alpha: 0.004, 2.275 / LogL: -16806.756

Parameters optimization took 1.305 sec
Computing ML distances based on estimated model parameters...
Computing ML distances took 0.156132 sec (of wall-clock time) 0.308698 sec(of CPU time)
Computing RapidNJ tree took 0.001062 sec (of wall-clock time) 0.000000 sec (of CPU time)
Log-likelihood of RapidNJ tree: -16966.001
--------------------------------------------------------------------
|             INITIALIZING CANDIDATE TREE SET                      |
--------------------------------------------------------------------
Generating 98 parsimony trees... 1.450 second
Computing log-likelihood of 98 initial trees ... 2.421 seconds
Current best score: -16806.756

Do NNI search on 20 best initial trees
Estimate model parameters (epsilon = 0.100)
BETTER TREE FOUND at iteration 1: -16806.756
Iteration 10 / LogL: -16812.361 / Time: 0h:0m:9s
Iteration 20 / LogL: -16814.524 / Time: 0h:0m:14s
Finish initializing candidate tree set (19)
Current best tree score: -16806.756 / CPU time: 12.341
Number of iterations: 20
--------------------------------------------------------------------
|               OPTIMIZING CANDIDATE TREE SET                      |
--------------------------------------------------------------------
Estimate model parameters (epsilon = 0.100)
BETTER TREE FOUND at iteration 24: -16806.306
Estimate model parameters (epsilon = 0.100)
BETTER TREE FOUND at iteration 28: -16805.184
Iteration 30 / LogL: -16808.846 / Time: 0h:0m:19s (0h:2m:14s left)
Estimate model parameters (epsilon = 0.100)
BETTER TREE FOUND at iteration 36: -16804.132
Iteration 40 / LogL: -16806.414 / Time: 0h:0m:25s (0h:2m:6s left)
Iteration 50 / LogL: -16804.153 / Time: 0h:0m:30s (0h:1m:54s left)
Log-likelihood cutoff on original alignment: -16846.110
Estimate model parameters (epsilon = 0.100)
BETTER TREE FOUND at iteration 52: -16803.642
Iteration 60 / LogL: -16804.682 / Time: 0h:0m:36s (0h:1m:57s left)
Iteration 70 / LogL: -16804.148 / Time: 0h:0m:41s (0h:1m:48s left)
Iteration 80 / LogL: -16806.847 / Time: 0h:0m:47s (0h:1m:43s left)
Iteration 90 / LogL: -16805.424 / Time: 0h:0m:52s (0h:1m:35s left)
Iteration 100 / LogL: -16804.196 / Time: 0h:0m:57s (0h:1m:29s left)
Log-likelihood cutoff on original alignment: -16846.110
NOTE: Bootstrap correlation coefficient of split occurrence frequencies: 0.995
Iteration 110 / LogL: -16839.748 / Time: 0h:1m:3s (0h:1m:22s left)
Iteration 120 / LogL: -16807.248 / Time: 0h:1m:8s (0h:1m:15s left)
Iteration 130 / LogL: -16805.140 / Time: 0h:1m:13s (0h:1m:9s left)
Iteration 140 / LogL: -16803.699 / Time: 0h:1m:18s (0h:1m:3s left)
Iteration 150 / LogL: -16805.247 / Time: 0h:1m:23s (0h:0m:57s left)
Log-likelihood cutoff on original alignment: -16846.110
Iteration 160 / LogL: -16833.848 / Time: 0h:1m:29s (0h:0m:51s left)
Iteration 170 / LogL: -16804.512 / Time: 0h:1m:34s (0h:0m:45s left)
Iteration 180 / LogL: -16804.760 / Time: 0h:1m:39s (0h:0m:40s left)
Iteration 190 / LogL: -16804.328 / Time: 0h:1m:44s (0h:0m:34s left)
Iteration 200 / LogL: -16804.412 / Time: 0h:1m:49s (0h:0m:28s left)
Log-likelihood cutoff on original alignment: -16846.110
NOTE: Bootstrap correlation coefficient of split occurrence frequencies: 0.999
Iteration 210 / LogL: -16803.992 / Time: 0h:1m:55s (0h:0m:49s left)
Iteration 220 / LogL: -16811.594 / Time: 0h:2m:1s (0h:0m:44s left)
Iteration 230 / LogL: -16804.568 / Time: 0h:2m:6s (0h:0m:38s left)
Iteration 240 / LogL: -16804.094 / Time: 0h:2m:11s (0h:0m:33s left)
Iteration 250 / LogL: -16808.474 / Time: 0h:2m:17s (0h:0m:27s left)
Log-likelihood cutoff on original alignment: -16846.110
TREE SEARCH COMPLETED AFTER 253 ITERATIONS / Time: 0h:2m:19s

--------------------------------------------------------------------
|                    FINALIZING TREE SEARCH                        |
--------------------------------------------------------------------
Performs final model parameters optimization
Estimate model parameters (epsilon = 0.010)
1. Initial log-likelihood: -16803.642
Optimal log-likelihood: -16803.642
Proportion of invariable sites: 0.004
Gamma shape alpha: 2.274
Parameters optimization took 1 rounds (0.077 sec)
BEST SCORE FOUND : -16803.642
Creating bootstrap support values...
Split supports printed to NEXUS file results_broccoli_meto/alignments_prefiltering/OG_4292.iqtree.splits.nex
Total tree length: 26.024

Total number of iterations: 253
CPU time used for tree search: 272.020 sec (0h:4m:32s)
Wall-clock time used for tree search: 137.514 sec (0h:2m:17s)
Total CPU time used: 275.806 sec (0h:4m:35s)
Total wall-clock time used: 139.562 sec (0h:2m:19s)

Computing bootstrap consensus tree...
Reading input file results_broccoli_meto/alignments_prefiltering/OG_4292.iqtree.splits.nex...
46 taxa and 461 splits.
Consensus tree written to results_broccoli_meto/alignments_prefiltering/OG_4292.iqtree.contree
Reading input trees file results_broccoli_meto/alignments_prefiltering/OG_4292.iqtree.contree
Log-likelihood of consensus tree: -16804.234

Analysis results written to: 
  IQ-TREE report:                results_broccoli_meto/alignments_prefiltering/OG_4292.iqtree.iqtree
  Maximum-likelihood tree:       results_broccoli_meto/alignments_prefiltering/OG_4292.iqtree.treefile
  Likelihood distances:          results_broccoli_meto/alignments_prefiltering/OG_4292.iqtree.mldist

Ultrafast bootstrap approximation results written to:
  Split support values:          results_broccoli_meto/alignments_prefiltering/OG_4292.iqtree.splits.nex
  Consensus tree:                results_broccoli_meto/alignments_prefiltering/OG_4292.iqtree.contree
  Screen log file:               results_broccoli_meto/alignments_prefiltering/OG_4292.iqtree.log

Date and Time: Tue Dec 13 07:17:29 2022
