IQ-TREE multicore version 2.1.0 for Linux 64-bit built Jul 18 2020
Developed by Bui Quang Minh, James Barbetti, Nguyen Lam Tung,
Olga Chernomor, Heiko Schmidt, Dominik Schrempf, Michael Woodhams.

Host:    node-hp0411.linux.crg.es (AVX, 125 GB RAM)
Command: /users/asebe/xgraubove/Programes/iqtree-2.1.0-Linux/bin/iqtree2 -s results_broccoli_meto/alignments_prefiltering/OG_4111.lt.fasta -m TEST -mset LG,WAG,JTT -nt AUTO -ntmax 2 -bb 1000 -pre results_broccoli_meto/alignments_prefiltering/OG_4111.iqtree -nm 10000 -nstop 200 -cptime 1800
Seed:    987130 (Using SPRNG - Scalable Parallel Random Number Generator)
Time:    Tue Dec 13 07:00:30 2022
Kernel:  AVX - auto-detect threads (2 CPU cores detected)

Reading alignment file results_broccoli_meto/alignments_prefiltering/OG_4111.lt.fasta ... Fasta format detected
Alignment most likely contains protein sequences
Alignment has 49 sequences with 75 columns, 47 distinct patterns
27 parsimony-informative, 0 singleton sites, 48 constant sites
                                                                    Gap/Ambiguity  Composition  p-value
   1  Cgig_XM_034443059.1                                                   0.00%    passed    100.00%
   2  Bralan_BLAG01001188_1                                                 0.00%    passed    100.00%
   3  Dpul_mRNA28557                                                        0.00%    passed    100.00%
   4  Acagra_model.g14054.t1                                                0.00%    passed    100.00%
   5  Hsap_ENST00000579991                                                  0.00%    passed    100.00%
   6  Acagra_model.g23927.t1                                                0.00%    passed    100.00%
   7  Acagra_model.g23925.t1                                                0.00%    passed    100.00%
   8  Acagra_model.g14055.t1                                                0.00%    passed    100.00%
   9  Ctel_gnl_WGS_AMQN_CAPTEDRAFT_mRNA371                                  0.00%    passed    100.00%
  10  Spur_XM_030975762.1                                                   0.00%    passed    100.00%
  11  Fspp_ffun1.m4.2040.m1                                                 0.00%    passed    100.00%
  12  Gfas_gfas1.m1.9751.m1                                                 0.00%    passed    100.00%
  13  Gasp_gasp1.m3.9445.m1                                                 0.00%    passed    100.00%
  14  Spis_XP_022785862_1                                                   0.00%    passed    100.00%
  15  Exapal_XM_021042007.2                                                 0.00%    passed    100.00%
  16  Spis_Spis6782_1                                                       0.00%    passed    100.00%
  17  Amil_Amillepora24929-RA                                               0.00%    passed    100.00%
  18  Tetwil_g2519.t1                                                       0.00%    passed    100.00%
  19  Gasp_gasp1.m3.9446.m1                                                 0.00%    passed    100.00%
  20  HoiH23_PlH23_007909-RA                                                0.00%    passed    100.00%
  21  Hhon_g03953.t1                                                        0.00%    passed    100.00%
  22  HoiH04_mRNA11325                                                      0.00%    passed    100.00%
  23  HoiH06_mRNA4631                                                       0.00%    passed    100.00%
  24  TrH2_TrispH2_004062-RA                                                0.00%    passed    100.00%
  25  Tadh_TriadT19810                                                      0.00%    passed    100.00%
  26  Fspp_ffun1.m4.2041.m1                                                 0.00%    passed    100.00%
  27  Pbac_sb2667773                                                        0.00%    passed    100.00%
  28  Horcal_Hcv1.av93.c10.g265.i1                                          0.00%    passed    100.00%
  29  Mlei_ML1998.g7.i1                                                     0.00%    passed    100.00%
  30  Mlei_ML1998.g6.i1                                                     0.00%    passed    100.00%
  31  Tcas_TC033437_001                                                     0.00%    passed    100.00%
  32  Aque_Aqu2.1.39819_001                                                 0.00%    passed    100.00%
  33  Halamb_c61769_g1_i1m.45513                                            0.00%    passed    100.00%
  34  Nvec_v1g236679                                                        0.00%    passed    100.00%
  35  Xesp_004654-T1                                                        0.00%    passed    100.00%
  36  Stycar_augustus_masked-SC_scaffold141093-processed-gene-0.9-mRNA-1    0.00%    passed    100.00%
  37  Opea_EP00118_Oscarella_pearsei_P024698                                0.00%    passed    100.00%
  38  Xestes_augustus_masked-XT_scaffold17160-processed-gene-0.0-mRNA-1     0.00%    passed    100.00%
  39  Hsap_ENST00000242577                                                  0.00%    passed    100.00%
  40  Cscu_XM_023381848.1                                                   0.00%    passed    100.00%
  41  Acagra_model.g23926.t1                                                0.00%    passed    100.00%
  42  Morvir_scaffold40.g56.t1                                              0.00%    passed    100.00%
  43  Exapal_XM_021042017.2                                                 0.00%    passed    100.00%
  44  Acagra_model.g13459.t1                                                0.00%    passed    100.00%
  45  Nemnom_g10667.t1                                                      0.00%    passed    100.00%
  46  Sanmal_Sma_019015-T1                                                  0.00%    passed    100.00%
  47  Rhoesc_Res_006274-T1                                                  0.00%    passed    100.00%
  48  Spur_XM_003726590.3                                                   0.00%    passed    100.00%
  49  Morvir_scaffold223.g21.t1                                             0.00%    passed    100.00%
****  TOTAL                                                                 0.00%  0 sequences failed composition chi2 test (p-value<5%; df=19)
NOTE: Acagra_model.g23925.t1 is identical to Acagra_model.g23927.t1 but kept for subsequent analysis
NOTE: Hhon_g03953.t1 is identical to HoiH23_PlH23_007909-RA but kept for subsequent analysis
NOTE: Tadh_TriadT19810 is identical to TrH2_TrispH2_004062-RA but kept for subsequent analysis
NOTE: Horcal_Hcv1.av93.c10.g265.i1 is identical to Pbac_sb2667773 but kept for subsequent analysis
NOTE: Rhoesc_Res_006274-T1 is identical to Nemnom_g10667.t1 but kept for subsequent analysis
NOTE: 4 identical sequences (see below) will be ignored for subsequent analysis
NOTE: HoiH04_mRNA11325 (identical to HoiH23_PlH23_007909-RA) is ignored but added at the end
NOTE: HoiH06_mRNA4631 (identical to HoiH23_PlH23_007909-RA) is ignored but added at the end
NOTE: Mlei_ML1998.g7.i1 (identical to Pbac_sb2667773) is ignored but added at the end
NOTE: Mlei_ML1998.g6.i1 (identical to Pbac_sb2667773) is ignored but added at the end
Alignment was printed to results_broccoli_meto/alignments_prefiltering/OG_4111.iqtree.uniqueseq.phy

For your convenience alignment with unique sequences printed to results_broccoli_meto/alignments_prefiltering/OG_4111.iqtree.uniqueseq.phy


Create initial parsimony tree by phylogenetic likelihood library (PLL)... 0.005 seconds
Measuring multi-threading efficiency up to 2 CPU cores
Increase to 10 rounds for branch lengths
34 trees examined
Threads: 1 / Time: 2.059 sec / Speedup: 1.000 / Efficiency: 100% / LogL: -1136
Threads: 2 / Time: 1.299 sec / Speedup: 1.586 / Efficiency: 79% / LogL: -1136
BEST NUMBER OF THREADS: 2

Perform fast likelihood tree search using LG+I+G model...
Estimate model parameters (epsilon = 5.000)
Perform nearest neighbor interchange...
Estimate model parameters (epsilon = 1.000)
1. Initial log-likelihood: -821.806
Optimal log-likelihood: -821.681
Proportion of invariable sites: 0.349
Gamma shape alpha: 0.449
Parameters optimization took 1 rounds (0.037 sec)
Time for fast ML tree search: 0.230 seconds

NOTE: ModelFinder requires 2 MB RAM!
ModelFinder will test up to 24 protein models (sample size: 75) ...
 No. Model         -LnL         df  AIC          AICc         BIC
  1  LG            894.057      87  1962.113     17274.113    2163.735
  2  LG+I          825.596      88  1827.191     17491.191    2031.130
  3  LG+G4         822.130      88  1820.259     17484.259    2024.198
  4  LG+I+G4       821.660      89  1821.320     17841.320    2027.577
  6  LG+F+I        817.856      107 1849.713     24961.713    2097.684
  7  LG+F+G4       813.815      107 1841.630     24953.630    2089.601
  8  LG+F+I+G4     814.290      108 1844.579     25388.579    2094.868
 10  WAG+I         842.700      88  1861.399     17525.399    2065.338
 11  WAG+G4        838.547      88  1853.095     17517.095    2057.034
 12  WAG+I+G4      837.743      89  1853.485     17873.485    2059.742
 14  WAG+F+I       836.291      107 1886.581     24998.581    2134.552
 15  WAG+F+G4      831.271      107 1876.541     24988.541    2124.513
 16  WAG+F+I+G4    830.924      108 1877.848     25421.848    2128.136
 18  JTT+I         835.373      88  1846.747     17510.747    2050.686
 19  JTT+G4        830.698      88  1837.396     17501.396    2041.335
 20  JTT+I+G4      830.232      89  1838.465     17858.465    2044.721
 22  JTT+F+I       827.320      107 1868.641     24980.641    2116.612
 23  JTT+F+G4      822.041      107 1858.083     24970.083    2106.054
 24  JTT+F+I+G4    821.994      108 1859.987     25403.987    2110.276
Akaike Information Criterion:           LG+G4
Corrected Akaike Information Criterion: LG
Bayesian Information Criterion:         LG+G4
Best-fit model: LG+G4 chosen according to BIC

All model information printed to results_broccoli_meto/alignments_prefiltering/OG_4111.iqtree.model.gz
CPU time for ModelFinder: 6.796 seconds (0h:0m:6s)
Wall-clock time for ModelFinder: 4.457 seconds (0h:0m:4s)
Generating 1000 samples for ultrafast bootstrap (seed: 987130)...

NOTE: 2 MB RAM (0 GB) is required!
Estimate model parameters (epsilon = 0.100)
1. Initial log-likelihood: -822.130
Optimal log-likelihood: -822.128
Gamma shape alpha: 0.221
Parameters optimization took 1 rounds (0.019 sec)
Computing ML distances based on estimated model parameters...
Computing ML distances took 0.119347 sec (of wall-clock time) 0.237312 sec(of CPU time)
Computing RapidNJ tree took 0.001038 sec (of wall-clock time) 0.001067 sec (of CPU time)
Log-likelihood of RapidNJ tree: -824.514
--------------------------------------------------------------------
|             INITIALIZING CANDIDATE TREE SET                      |
--------------------------------------------------------------------
Generating 98 parsimony trees... 0.477 second
Computing log-likelihood of 98 initial trees ... 0.602 seconds
Current best score: -812.572

Do NNI search on 20 best initial trees
Estimate model parameters (epsilon = 0.100)
BETTER TREE FOUND at iteration 1: -812.365
Estimate model parameters (epsilon = 0.100)
BETTER TREE FOUND at iteration 2: -811.419
Estimate model parameters (epsilon = 0.100)
BETTER TREE FOUND at iteration 3: -810.169
Estimate model parameters (epsilon = 0.100)
BETTER TREE FOUND at iteration 7: -809.136
Iteration 10 / LogL: -815.396 / Time: 0h:0m:2s
Estimate model parameters (epsilon = 0.100)
BETTER TREE FOUND at iteration 12: -807.113
Iteration 20 / LogL: -819.786 / Time: 0h:0m:4s
Finish initializing candidate tree set (20)
Current best tree score: -807.113 / CPU time: 4.501
Number of iterations: 20
--------------------------------------------------------------------
|               OPTIMIZING CANDIDATE TREE SET                      |
--------------------------------------------------------------------
Iteration 30 / LogL: -807.514 / Time: 0h:0m:7s (0h:0m:44s left)
Estimate model parameters (epsilon = 0.100)
BETTER TREE FOUND at iteration 39: -806.416
Iteration 40 / LogL: -807.029 / Time: 0h:0m:9s (0h:0m:47s left)
Iteration 50 / LogL: -807.997 / Time: 0h:0m:11s (0h:0m:43s left)
Log-likelihood cutoff on original alignment: -835.326
Estimate model parameters (epsilon = 0.100)
BETTER TREE FOUND at iteration 53: -804.489
BETTER TREE FOUND at iteration 56: -804.489
UPDATE BEST LOG-LIKELIHOOD: -804.489
Iteration 60 / LogL: -804.489 / Time: 0h:0m:13s (0h:0m:45s left)
Estimate model parameters (epsilon = 0.100)
BETTER TREE FOUND at iteration 62: -803.451
Iteration 70 / LogL: -808.277 / Time: 0h:0m:16s (0h:0m:44s left)
BETTER TREE FOUND at iteration 75: -803.451
Iteration 80 / LogL: -808.172 / Time: 0h:0m:18s (0h:0m:44s left)
Iteration 90 / LogL: -803.451 / Time: 0h:0m:20s (0h:0m:42s left)
Iteration 100 / LogL: -804.828 / Time: 0h:0m:22s (0h:0m:39s left)
Log-likelihood cutoff on original alignment: -835.326
NOTE: Bootstrap correlation coefficient of split occurrence frequencies: 0.984
NOTE: UFBoot does not converge, continue at least 100 more iterations
Iteration 110 / LogL: -803.451 / Time: 0h:0m:24s (0h:0m:37s left)
Iteration 120 / LogL: -803.536 / Time: 0h:0m:26s (0h:0m:34s left)
Iteration 130 / LogL: -803.451 / Time: 0h:0m:28s (0h:0m:32s left)
Iteration 140 / LogL: -804.828 / Time: 0h:0m:31s (0h:0m:30s left)
Iteration 150 / LogL: -804.584 / Time: 0h:0m:33s (0h:0m:28s left)
Log-likelihood cutoff on original alignment: -835.326
UPDATE BEST LOG-LIKELIHOOD: -803.451
Iteration 160 / LogL: -803.451 / Time: 0h:0m:35s (0h:0m:25s left)
Iteration 170 / LogL: -803.451 / Time: 0h:0m:37s (0h:0m:23s left)
Iteration 180 / LogL: -803.746 / Time: 0h:0m:39s (0h:0m:21s left)
Iteration 190 / LogL: -806.007 / Time: 0h:0m:42s (0h:0m:18s left)
UPDATE BEST LOG-LIKELIHOOD: -803.450
Iteration 200 / LogL: -803.831 / Time: 0h:0m:44s (0h:0m:16s left)
Log-likelihood cutoff on original alignment: -835.326
NOTE: Bootstrap correlation coefficient of split occurrence frequencies: 0.998
Iteration 210 / LogL: -803.451 / Time: 0h:0m:46s (0h:0m:19s left)
Iteration 220 / LogL: -803.451 / Time: 0h:0m:48s (0h:0m:17s left)
UPDATE BEST LOG-LIKELIHOOD: -803.450
Iteration 230 / LogL: -803.450 / Time: 0h:0m:50s (0h:0m:15s left)
Iteration 240 / LogL: -803.451 / Time: 0h:0m:53s (0h:0m:13s left)
Iteration 250 / LogL: -803.451 / Time: 0h:0m:55s (0h:0m:11s left)
Log-likelihood cutoff on original alignment: -835.326
Iteration 260 / LogL: -803.451 / Time: 0h:0m:58s (0h:0m:9s left)
Iteration 270 / LogL: -804.404 / Time: 0h:1m:0s (0h:0m:6s left)
TREE SEARCH COMPLETED AFTER 276 ITERATIONS / Time: 0h:1m:1s

--------------------------------------------------------------------
|                    FINALIZING TREE SEARCH                        |
--------------------------------------------------------------------
Performs final model parameters optimization
Estimate model parameters (epsilon = 0.010)
1. Initial log-likelihood: -803.450
Optimal log-likelihood: -803.450
Gamma shape alpha: 0.210
Parameters optimization took 1 rounds (0.016 sec)
BEST SCORE FOUND : -803.450
Creating bootstrap support values...
Split supports printed to NEXUS file results_broccoli_meto/alignments_prefiltering/OG_4111.iqtree.splits.nex
Total tree length: 1.492

Total number of iterations: 276
CPU time used for tree search: 120.495 sec (0h:2m:0s)
Wall-clock time used for tree search: 61.583 sec (0h:1m:1s)
Total CPU time used: 121.292 sec (0h:2m:1s)
Total wall-clock time used: 62.081 sec (0h:1m:2s)

Computing bootstrap consensus tree...
Reading input file results_broccoli_meto/alignments_prefiltering/OG_4111.iqtree.splits.nex...
45 taxa and 840 splits.
Consensus tree written to results_broccoli_meto/alignments_prefiltering/OG_4111.iqtree.contree
Reading input trees file results_broccoli_meto/alignments_prefiltering/OG_4111.iqtree.contree
Log-likelihood of consensus tree: -807.639

Analysis results written to: 
  IQ-TREE report:                results_broccoli_meto/alignments_prefiltering/OG_4111.iqtree.iqtree
  Maximum-likelihood tree:       results_broccoli_meto/alignments_prefiltering/OG_4111.iqtree.treefile
  Likelihood distances:          results_broccoli_meto/alignments_prefiltering/OG_4111.iqtree.mldist

Ultrafast bootstrap approximation results written to:
  Split support values:          results_broccoli_meto/alignments_prefiltering/OG_4111.iqtree.splits.nex
  Consensus tree:                results_broccoli_meto/alignments_prefiltering/OG_4111.iqtree.contree
  Screen log file:               results_broccoli_meto/alignments_prefiltering/OG_4111.iqtree.log

Date and Time: Tue Dec 13 07:01:36 2022
