IQ-TREE multicore version 2.1.0 for Linux 64-bit built Jul 18 2020
Developed by Bui Quang Minh, James Barbetti, Nguyen Lam Tung,
Olga Chernomor, Heiko Schmidt, Dominik Schrempf, Michael Woodhams.

Host:    node-hp0207.linux.crg.es (AVX, 125 GB RAM)
Command: /users/asebe/xgraubove/Programes/iqtree-2.1.0-Linux/bin/iqtree2 -s results_broccoli_meto/alignments_prefiltering/OG_4837.lt.fasta -m TEST -mset LG,WAG,JTT -nt AUTO -ntmax 2 -bb 1000 -pre results_broccoli_meto/alignments_prefiltering/OG_4837.iqtree -nm 10000 -nstop 200 -cptime 1800
Seed:    558120 (Using SPRNG - Scalable Parallel Random Number Generator)
Time:    Tue Dec 13 07:42:15 2022
Kernel:  AVX - auto-detect threads (2 CPU cores detected)

Reading alignment file results_broccoli_meto/alignments_prefiltering/OG_4837.lt.fasta ... Fasta format detected
Alignment most likely contains protein sequences
Alignment has 80 sequences with 457 columns, 457 distinct patterns
454 parsimony-informative, 0 singleton sites, 3 constant sites
                                                      Gap/Ambiguity  Composition  p-value
   1  Fspp_ffun1.m4.32816.m1                                 84.68%    passed     72.18%
   2  Nvec_v1g111502                                         67.83%    passed     33.71%
   3  Gfas_gfas1.m1.6420.m1                                  18.82%    passed     39.11%
   4  Fspp_ffun1.m4.8707.m1                                  18.82%    passed     52.71%
   5  Gasp_gasp1.m3.6358.m1                                  18.82%    passed     81.03%
   6  Spis_XP_022782261_1                                    17.94%    passed     57.17%
   7  Pocdam_XM_027185297.1                                  18.60%    passed     81.44%
   8  Adig_XM_015912052.1                                    19.04%    passed     47.17%
   9  Amil_Amillepora15457-RA                                60.39%    failed      3.64%
  10  Exapal_XM_021039238.2                                  18.60%    passed     79.17%
  11  Dgig_XM_028542768.1                                    23.63%    passed     64.33%
  12  Xesp_012387-T1                                         24.51%    passed      7.04%
  13  Morvir_scaffold25.g109.t1                              12.91%    passed     15.54%
  14  Nvec_v1g209432                                         77.90%    passed     15.62%
  15  Nemnom_g8792.t1                                        17.72%    failed      0.01%
  16  Rhoesc_Res_001520-T1                                   17.72%    failed      3.85%
  17  Sanmal_Sma_026756-T1                                   37.42%    passed     61.92%
  18  Hvul_g16364_1                                          21.44%    failed      0.83%
  19  Chem_TCONS_00054381                                    18.38%    passed      7.11%
  20  Cscu_XM_023369562.1                                    61.93%    failed      1.72%
  21  Cscu_XM_023366506.1                                    36.11%    passed     22.15%
  22  Ctel_gnl_WGS_AMQN_CAPTEDRAFT_mRNA178819                 4.16%    passed     44.25%
  23  Cgig_XM_011458670.3                                     3.72%    failed      1.46%
  24  Acagra_model.g15482.t1_model.g15481.t1                  3.06%    passed     41.98%
  25  Acagra_model.g15482.t1_model.g15481.t1.1.5d400c6c       3.06%    passed     48.19%
  26  Hsap_ENST00000366812                                    2.41%    passed     52.05%
  27  Bralan_BLAG04001606_1                                   5.03%    passed     16.34%
  28  Skow_XM_002741721.2                                     4.81%    passed     11.70%
  29  Tcas_TC007892_001                                       9.63%    passed     90.21%
  30  Spur_XM_011666605.2                                    28.88%    failed      1.41%
  31  Beraby_Baby_sb338420                                   39.17%    failed      0.52%
  32  Mlei_ML1541.g36.i1                                     10.72%    passed     76.06%
  33  Vmul_sbMO385572                                        63.68%    passed     13.54%
  34  Coemet_Cmet_C602933_01                                 11.82%    passed     25.44%
  35  Coeast_Cast_sb805396                                   11.82%    passed      6.97%
  36  Coeast_Cast_sb805398                                   47.70%    failed      1.52%
  37  Coeast_Cast_sb805397                                   23.19%    passed     13.29%
  38  Coeast_Cast_sb805399                                   66.96%    passed     20.25%
  39  Coeast_Cast_sb805400                                   71.12%    passed     27.48%
  40  Vmul_Simscaffold14821_01                                9.19%    passed     70.48%
  41  Drygla_Dgla_sb302066                                   61.93%    passed     21.82%
  42  Drygla_Dgla_sb302067                                   64.55%    passed      7.24%
  43  Lampan_Lpan_15428_01                                   67.40%    passed     18.33%
  44  Pbac_sb2652740                                         72.87%    passed     43.53%
  45  Pbac_sb2665353                                         11.38%    passed     92.78%
  46  Horcal_Hcv1.av93.c12.g211.i1                            8.97%    passed     90.94%
  47  Horcal_Hcv1.av93.c12.g211.i3                            8.97%    passed     90.94%
  48  Horcal_Hcv1.av93.c12.g211.i2                           10.94%    passed     90.41%
  49  Horcal_Hcv1.av93.c12.g211.i4                           10.94%    passed     90.41%
  50  Drygla_Dgla_sb302069                                   18.82%    failed      0.00%
  51  Drygla_Dgla_sb302070                                   19.26%    failed      0.00%
  52  Eupdun_Edun_sb10652273                                 68.05%    passed     32.02%
  53  Lampan_Lpan_9375_01                                    59.96%    passed     72.32%
  54  Eupdun_Edun_sb10633381                                 63.89%    passed     18.32%
  55  Beraby_Baby_sb338422                                   51.64%    passed     47.97%
  56  TrH2_TrispH2_002362-RA                                  8.32%    passed     11.42%
  57  Tadh_TriadT57022                                        9.63%    passed     10.51%
  58  HoiH06_mRNA4517                                         7.00%    passed     13.08%
  59  HoiH23_PlH23_002939-RA                                  7.44%    passed     11.79%
  60  Hhon_g07458.t1                                          7.88%    passed     16.31%
  61  HoiH04_mRNA3509                                         7.88%    passed     16.31%
  62  HoiH11_mRNA8946                                         7.44%    passed     47.87%
  63  Clacor_Ccor_scaffold13452_01                           62.36%    passed     27.15%
  64  Opea_EP00118_Oscarella_pearsei_P026027                 20.35%    passed     46.55%
  65  Ocar_g11148                                            16.41%    passed     70.51%
  66  Gracom_Gcom_scaffold12957_01                           24.73%    failed      1.44%
  67  Leuniv_Lniv_scaffold10070_01                           25.16%    failed      0.02%
  68  Scil_scict005184.2                                     23.19%    failed      0.01%
  69  Lcom_lcpid74913                                        23.85%    failed      1.30%
  70  Hsap_ENST00000216468                                   34.79%    failed      2.85%
  71  Stycar_maker-SC_scaffold169-augustus-gene-0.3-mRNA-1   53.61%    passed      9.36%
  72  Tetwil_g16680.t1                                       33.04%    passed     15.37%
  73  Emue_Em0019g141a.t1                                    36.76%    passed      8.75%
  74  Spolac_c99133_g2_i1_m.18917c99133-g2                   35.23%    passed     11.48%
  75  Plespi_Pspi_scaffold177_01                             29.10%    passed      9.06%
  76  Clacor_Ccor_C536751_01                                 19.91%    failed      0.32%
  77  Leuniv_Lniv_scaffold15202_01                           19.04%    failed      2.36%
  78  Scil_scict002289.2                                     22.10%    passed     17.19%
  79  Lcom_lcpid65618                                        23.19%    passed     55.04%
  80  Dpul_mRNA5521                                          33.92%    failed      3.94%
WARNING: 18 sequences contain more than 50% gaps/ambiguity
****  TOTAL                                                  28.82%  19 sequences failed composition chi2 test (p-value<5%; df=19)
NOTE: Horcal_Hcv1.av93.c12.g211.i3 is identical to Horcal_Hcv1.av93.c12.g211.i1 but kept for subsequent analysis
NOTE: Horcal_Hcv1.av93.c12.g211.i4 is identical to Horcal_Hcv1.av93.c12.g211.i2 but kept for subsequent analysis
NOTE: HoiH04_mRNA3509 is identical to Hhon_g07458.t1 but kept for subsequent analysis


Create initial parsimony tree by phylogenetic likelihood library (PLL)... 0.046 seconds
Measuring multi-threading efficiency up to 2 CPU cores
Increase to 10 rounds for branch lengths
3 trees examined
Threads: 1 / Time: 2.914 sec / Speedup: 1.000 / Efficiency: 100% / LogL: -47263
Threads: 2 / Time: 2.967 sec / Speedup: 0.982 / Efficiency: 49% / LogL: -47263
BEST NUMBER OF THREADS: 1

Perform fast likelihood tree search using LG+I+G model...
Estimate model parameters (epsilon = 5.000)
Perform nearest neighbor interchange...
Estimate model parameters (epsilon = 1.000)
1. Initial log-likelihood: -29633.641
Optimal log-likelihood: -29633.596
Proportion of invariable sites: 0.004
Gamma shape alpha: 1.454
Parameters optimization took 1 rounds (0.368 sec)
Time for fast ML tree search: 4.667 seconds

NOTE: ModelFinder requires 25 MB RAM!
ModelFinder will test up to 24 protein models (sample size: 457) ...
 No. Model         -LnL         df  AIC          AICc         BIC
  1  LG            30585.922    157 61485.843    61651.770    62133.419
  2  LG+I          30555.548    158 61427.096    61595.700    62078.796
  3  LG+G4         29635.714    158 59587.429    59756.033    60239.129
  4  LG+I+G4       29633.605    159 59585.210    59756.523    60241.035
  7  LG+F+G4       29646.840    177 59647.679    59873.529    60377.748
  8  LG+F+I+G4     29645.660    178 59647.321    59876.544    60381.515
 11  WAG+G4        29635.511    158 59587.022    59755.626    60238.722
 12  WAG+I+G4      29634.879    159 59587.758    59759.071    60243.582
 15  WAG+F+G4      29708.378    177 59770.756    59996.605    60500.825
 16  WAG+F+I+G4    29708.208    178 59772.417    60001.640    60506.610
 19  JTT+G4        29721.041    158 59758.081    59926.685    60409.781
 20  JTT+I+G4      29720.690    159 59759.380    59930.693    60415.205
 23  JTT+F+G4      29665.255    177 59684.511    59910.360    60414.580
 24  JTT+F+I+G4    29665.035    178 59686.070    59915.293    60420.264
Akaike Information Criterion:           LG+I+G4
Corrected Akaike Information Criterion: WAG+G4
Bayesian Information Criterion:         WAG+G4
Best-fit model: WAG+G4 chosen according to BIC

All model information printed to results_broccoli_meto/alignments_prefiltering/OG_4837.iqtree.model.gz
CPU time for ModelFinder: 29.866 seconds (0h:0m:29s)
Wall-clock time for ModelFinder: 26.720 seconds (0h:0m:26s)
Generating 1000 samples for ultrafast bootstrap (seed: 558120)...

NOTE: 25 MB RAM (0 GB) is required!
Estimate model parameters (epsilon = 0.100)
1. Initial log-likelihood: -29635.511
Optimal log-likelihood: -29635.499
Gamma shape alpha: 1.575
Parameters optimization took 1 rounds (0.353 sec)
Computing ML distances based on estimated model parameters...
Computing ML distances took 0.785109 sec (of wall-clock time) 0.784133 sec(of CPU time)
Computing RapidNJ tree took 0.000658 sec (of wall-clock time) 0.000713 sec (of CPU time)
Log-likelihood of RapidNJ tree: -30585.318
--------------------------------------------------------------------
|             INITIALIZING CANDIDATE TREE SET                      |
--------------------------------------------------------------------
Generating 98 parsimony trees... 2.934 second
Computing log-likelihood of 98 initial trees ... 11.188 seconds
Current best score: -29635.499

Do NNI search on 20 best initial trees
Estimate model parameters (epsilon = 0.100)
BETTER TREE FOUND at iteration 1: -29631.271
Iteration 10 / LogL: -29639.405 / Time: 0h:0m:51s
Iteration 20 / LogL: -29646.532 / Time: 0h:1m:29s
Finish initializing candidate tree set (20)
Current best tree score: -29631.271 / CPU time: 87.450
Number of iterations: 20
--------------------------------------------------------------------
|               OPTIMIZING CANDIDATE TREE SET                      |
--------------------------------------------------------------------
Iteration 30 / LogL: -29632.520 / Time: 0h:2m:3s (0h:12m:6s left)
Estimate model parameters (epsilon = 0.100)
BETTER TREE FOUND at iteration 32: -29631.160
Estimate model parameters (epsilon = 0.100)
BETTER TREE FOUND at iteration 37: -29630.550
Estimate model parameters (epsilon = 0.100)
BETTER TREE FOUND at iteration 39: -29630.244
Iteration 40 / LogL: -29632.204 / Time: 0h:2m:40s (0h:13m:37s left)
Iteration 50 / LogL: -29638.106 / Time: 0h:3m:15s (0h:12m:35s left)
Log-likelihood cutoff on original alignment: -29692.025
Iteration 60 / LogL: -29631.578 / Time: 0h:3m:52s (0h:11m:46s left)
Iteration 70 / LogL: -29631.913 / Time: 0h:4m:26s (0h:10m:52s left)
Iteration 80 / LogL: -29630.551 / Time: 0h:5m:0s (0h:10m:4s left)
Iteration 90 / LogL: -29630.303 / Time: 0h:5m:37s (0h:9m:25s left)
Iteration 100 / LogL: -29631.814 / Time: 0h:6m:12s (0h:8m:43s left)
Log-likelihood cutoff on original alignment: -29692.025
NOTE: Bootstrap correlation coefficient of split occurrence frequencies: 0.998
Iteration 110 / LogL: -29630.302 / Time: 0h:6m:48s (0h:8m:2s left)
Iteration 120 / LogL: -29631.562 / Time: 0h:7m:25s (0h:7m:25s left)
Iteration 130 / LogL: -29632.208 / Time: 0h:8m:1s (0h:6m:46s left)
Iteration 140 / LogL: -29630.951 / Time: 0h:8m:34s (0h:6m:6s left)
Iteration 150 / LogL: -29631.913 / Time: 0h:9m:10s (0h:5m:28s left)
Log-likelihood cutoff on original alignment: -29690.770
Iteration 160 / LogL: -29736.209 / Time: 0h:9m:47s (0h:4m:51s left)
Iteration 170 / LogL: -29709.426 / Time: 0h:10m:22s (0h:4m:14s left)
Iteration 180 / LogL: -29636.341 / Time: 0h:10m:57s (0h:3m:36s left)
Iteration 190 / LogL: -29630.309 / Time: 0h:11m:34s (0h:2m:59s left)
Iteration 200 / LogL: -29631.832 / Time: 0h:12m:9s (0h:2m:22s left)
Log-likelihood cutoff on original alignment: -29690.770
NOTE: Bootstrap correlation coefficient of split occurrence frequencies: 0.999
Iteration 210 / LogL: -29634.166 / Time: 0h:12m:49s (0h:5m:31s left)
BETTER TREE FOUND at iteration 217: -29630.243
Iteration 220 / LogL: -29630.970 / Time: 0h:13m:24s (0h:12m:4s left)
Iteration 230 / LogL: -29631.283 / Time: 0h:14m:0s (0h:11m:25s left)
Iteration 240 / LogL: -29632.895 / Time: 0h:14m:35s (0h:10m:48s left)
Iteration 250 / LogL: -29630.599 / Time: 0h:15m:12s (0h:10m:11s left)
Log-likelihood cutoff on original alignment: -29690.770
Iteration 260 / LogL: -29630.509 / Time: 0h:15m:46s (0h:9m:33s left)
Iteration 270 / LogL: -29633.788 / Time: 0h:16m:17s (0h:8m:54s left)
Iteration 280 / LogL: -29630.246 / Time: 0h:16m:52s (0h:8m:17s left)
Iteration 290 / LogL: -29632.497 / Time: 0h:17m:29s (0h:7m:41s left)
Iteration 300 / LogL: -29630.889 / Time: 0h:18m:6s (0h:7m:5s left)
Log-likelihood cutoff on original alignment: -29690.770
NOTE: Bootstrap correlation coefficient of split occurrence frequencies: 0.999
Iteration 310 / LogL: -29634.592 / Time: 0h:18m:43s (0h:6m:28s left)
Iteration 320 / LogL: -29631.582 / Time: 0h:19m:17s (0h:5m:52s left)
Iteration 330 / LogL: -29630.247 / Time: 0h:19m:52s (0h:5m:15s left)
Iteration 340 / LogL: -29638.466 / Time: 0h:20m:28s (0h:4m:38s left)
Iteration 350 / LogL: -29639.540 / Time: 0h:21m:4s (0h:4m:2s left)
Log-likelihood cutoff on original alignment: -29690.770
Iteration 360 / LogL: -29630.244 / Time: 0h:21m:41s (0h:3m:26s left)
Iteration 370 / LogL: -29633.647 / Time: 0h:22m:17s (0h:2m:50s left)
Iteration 380 / LogL: -29634.570 / Time: 0h:22m:54s (0h:2m:14s left)
Iteration 390 / LogL: -29637.689 / Time: 0h:23m:30s (0h:1m:37s left)
Iteration 400 / LogL: -29634.137 / Time: 0h:24m:10s (0h:1m:1s left)
Log-likelihood cutoff on original alignment: -29690.770
NOTE: Bootstrap correlation coefficient of split occurrence frequencies: 0.999
Iteration 410 / LogL: -29632.324 / Time: 0h:24m:46s (0h:5m:27s left)
TREE SEARCH COMPLETED AFTER 418 ITERATIONS / Time: 0h:25m:15s

--------------------------------------------------------------------
|                    FINALIZING TREE SEARCH                        |
--------------------------------------------------------------------
Performs final model parameters optimization
Estimate model parameters (epsilon = 0.010)
1. Initial log-likelihood: -29630.243
Optimal log-likelihood: -29630.243
Gamma shape alpha: 1.564
Parameters optimization took 1 rounds (0.325 sec)
BEST SCORE FOUND : -29630.243
Creating bootstrap support values...
Split supports printed to NEXUS file results_broccoli_meto/alignments_prefiltering/OG_4837.iqtree.splits.nex
Total tree length: 29.675

Total number of iterations: 418
CPU time used for tree search: 1510.738 sec (0h:25m:10s)
Wall-clock time used for tree search: 1512.656 sec (0h:25m:12s)
Total CPU time used: 1513.698 sec (0h:25m:13s)
Total wall-clock time used: 1515.730 sec (0h:25m:15s)

Computing bootstrap consensus tree...
Reading input file results_broccoli_meto/alignments_prefiltering/OG_4837.iqtree.splits.nex...
80 taxa and 431 splits.
Consensus tree written to results_broccoli_meto/alignments_prefiltering/OG_4837.iqtree.contree
Reading input trees file results_broccoli_meto/alignments_prefiltering/OG_4837.iqtree.contree
Log-likelihood of consensus tree: -29632.234

Analysis results written to: 
  IQ-TREE report:                results_broccoli_meto/alignments_prefiltering/OG_4837.iqtree.iqtree
  Maximum-likelihood tree:       results_broccoli_meto/alignments_prefiltering/OG_4837.iqtree.treefile
  Likelihood distances:          results_broccoli_meto/alignments_prefiltering/OG_4837.iqtree.mldist

Ultrafast bootstrap approximation results written to:
  Split support values:          results_broccoli_meto/alignments_prefiltering/OG_4837.iqtree.splits.nex
  Consensus tree:                results_broccoli_meto/alignments_prefiltering/OG_4837.iqtree.contree
  Screen log file:               results_broccoli_meto/alignments_prefiltering/OG_4837.iqtree.log

Date and Time: Tue Dec 13 08:07:59 2022
