IQ-TREE multicore version 2.1.0 for Linux 64-bit built Jul 18 2020
Developed by Bui Quang Minh, James Barbetti, Nguyen Lam Tung,
Olga Chernomor, Heiko Schmidt, Dominik Schrempf, Michael Woodhams.

Host:    node-hp0306.linux.crg.es (AVX, 125 GB RAM)
Command: /users/asebe/xgraubove/Programes/iqtree-2.1.0-Linux/bin/iqtree2 -s results_broccoli_meto/alignments_prefiltering/OG_4280.lt.fasta -m TEST -mset LG,WAG,JTT -nt AUTO -ntmax 2 -bb 1000 -pre results_broccoli_meto/alignments_prefiltering/OG_4280.iqtree -nm 10000 -nstop 200 -cptime 1800
Seed:    304473 (Using SPRNG - Scalable Parallel Random Number Generator)
Time:    Tue Dec 13 07:14:36 2022
Kernel:  AVX - auto-detect threads (2 CPU cores detected)

Reading alignment file results_broccoli_meto/alignments_prefiltering/OG_4280.lt.fasta ... Fasta format detected
Alignment most likely contains protein sequences
Alignment has 46 sequences with 993 columns, 993 distinct patterns
981 parsimony-informative, 0 singleton sites, 12 constant sites
                                         Gap/Ambiguity  Composition  p-value
   1  Cgig_XM_011436624.3                        5.94%    failed      0.55%
   2  Acagra_model.g3893.t1                      6.24%    passed     91.97%
   3  Ctel_gnl_WGS_AMQN_CAPTEDRAFT_mRNA142339   34.84%    passed     26.80%
   4  Bralan_BLAG15000367_1                      8.16%    passed      6.74%
   5  Fspp_ffun1.m4.5101.m1                      6.04%    passed     83.14%
   6  Gasp_gasp1.m3.20240.m1                     7.45%    passed     27.92%
   7  Spis_XP_022782045_1                        6.04%    passed     83.25%
   8  Pocdam_XM_027185259.1                      5.94%    passed     85.53%
   9  Gfas_gfas1.m1.10282.m1                    54.88%    passed     60.49%
  10  Adig_XM_015913490.1                       76.44%    passed     86.12%
  11  Exapal_XM_021056727.2                     16.62%    passed     82.17%
  12  Nvec_v1g3065                              46.93%    passed      7.50%
  13  Amil_Amillepora14768-RA                   25.88%    passed     31.41%
  14  Dgig_XM_028561517.1                        8.36%    passed     40.26%
  15  Xesp_017695-T1                             7.65%    passed     66.97%
  16  Skow_XM_006821774.1                        5.14%    passed     68.35%
  17  Sanmal_Sma_012662-T1                      48.94%    passed     91.94%
  18  Aaur_scaffold13.g14.t1                    38.37%    passed     24.50%
  19  Rhoesc_Res_014583-T1                       9.47%    passed     48.14%
  20  Nemnom_g15013.t1                          10.67%    passed     59.05%
  21  Sanmal_Sma_012665-T1                      39.38%    passed     78.52%
  22  Aaur_scaffold13.g13.t1                    71.70%    failed      4.96%
  23  Spur_XM_030984016.1                        4.73%    passed     84.24%
  24  Morvir_scaffold42.g8.t1                   20.34%    passed     58.94%
  25  Pbac_sb2638223                            72.51%    passed     18.78%
  26  Horcal_Hcv1.av93.c11.g958.i1              31.52%    passed     66.13%
  27  Pbac_sb2656726                            49.55%    passed     14.04%
  28  Beraby_Baby_sb321912                      77.44%    passed     12.46%
  29  Vmul_Simscaffold2871_01                   30.72%    passed     28.99%
  30  Coemet_Cmet_C607100_01                    29.20%    passed     25.49%
  31  Coeast_Cast_sb814825                      48.04%    passed     80.35%
  32  Lampan_Lpan_6040_01                       30.41%    passed     52.00%
  33  HoiH23_PlH23_000173-RA                     7.85%    passed     79.51%
  34  Hhon_g05505.t1                             7.85%    passed     82.19%
  35  HoiH04_mRNA4915                           23.67%    passed     40.48%
  36  TrH2_TrispH2_003414-RA                     7.05%    passed     49.09%
  37  Tadh_TriadT52993                           7.05%    passed     55.87%
  38  Chem_TCONS_00007364                       13.60%    passed     85.64%
  39  Hsap_ENST00000308799                       9.57%    failed      1.49%
  40  Hsap_ENST00000395906                      30.31%    passed     15.88%
  41  Hsap_ENST00000455584                      40.28%    passed     52.56%
  42  Beraby_Baby_sb330191                      76.13%    failed      0.06%
  43  Gracom_Gcom_C525766_01                    80.87%    passed      9.44%
  44  Scil_scict017123.2                        15.61%    failed      0.01%
  45  Lcom_lcpid42895                           38.67%    failed      1.09%
  46  Clacor_Ccor_C540755_01                    61.73%    passed     42.02%
WARNING: 8 sequences contain more than 50% gaps/ambiguity
****  TOTAL                                     29.47%  6 sequences failed composition chi2 test (p-value<5%; df=19)


Create initial parsimony tree by phylogenetic likelihood library (PLL)... 0.044 seconds
Measuring multi-threading efficiency up to 2 CPU cores
Increase to 10 rounds for branch lengths
2 trees examined
Threads: 1 / Time: 2.495 sec / Speedup: 1.000 / Efficiency: 100% / LogL: -64753
Threads: 2 / Time: 1.323 sec / Speedup: 1.886 / Efficiency: 94% / LogL: -64753
BEST NUMBER OF THREADS: 2

Perform fast likelihood tree search using LG+I+G model...
Estimate model parameters (epsilon = 5.000)
Perform nearest neighbor interchange...
Estimate model parameters (epsilon = 1.000)
1. Initial log-likelihood: -47200.350
Optimal log-likelihood: -47199.968
Proportion of invariable sites: 0.007
Gamma shape alpha: 1.775
Parameters optimization took 1 rounds (0.233 sec)
Time for fast ML tree search: 1.903 seconds

NOTE: ModelFinder requires 32 MB RAM!
ModelFinder will test up to 24 protein models (sample size: 993) ...
 No. Model         -LnL         df  AIC          AICc         BIC
  1  LG            48275.863    89  96729.725    96747.466    97165.890
  2  LG+I          48206.253    90  96592.507    96610.666    97033.572
  3  LG+G4         47207.863    90  94595.726    94613.886    95036.792
  4  LG+I+G4       47199.946    91  94581.892    94600.476    95027.859
  7  LG+F+G4       47086.886    109 94391.771    94418.928    94925.951
  8  LG+F+I+G4     47079.944    110 94379.889    94407.576    94918.969
 11  WAG+G4        47293.044    90  94766.088    94784.248    95207.154
 12  WAG+I+G4      47285.633    91  94753.265    94771.849    95199.232
 15  WAG+F+G4      47067.100    109 94352.200    94379.358    94886.380
 16  WAG+F+I+G4    47059.607    110 94339.215    94366.902    94878.295
 19  JTT+G4        47320.283    90  94820.567    94838.727    95261.633
 20  JTT+I+G4      47312.358    91  94806.716    94825.300    95252.682
 23  JTT+F+G4      47162.029    109 94542.059    94569.216    95076.238
 24  JTT+F+I+G4    47153.953    110 94527.906    94555.593    95066.987
Akaike Information Criterion:           WAG+F+I+G4
Corrected Akaike Information Criterion: WAG+F+I+G4
Bayesian Information Criterion:         WAG+F+I+G4
Best-fit model: WAG+F+I+G4 chosen according to BIC

All model information printed to results_broccoli_meto/alignments_prefiltering/OG_4280.iqtree.model.gz
CPU time for ModelFinder: 30.926 seconds (0h:0m:30s)
Wall-clock time for ModelFinder: 16.915 seconds (0h:0m:16s)
Generating 1000 samples for ultrafast bootstrap (seed: 304473)...

NOTE: 32 MB RAM (0 GB) is required!
Estimate model parameters (epsilon = 0.100)
Thoroughly optimizing +I+G parameters from 10 start values...
Init pinv, alpha: 0.000, 2.099 / Estimate: 0.007, 2.102 / LogL: -47059.604
Init pinv, alpha: 0.001, 2.099 / Estimate: 0.007, 2.102 / LogL: -47059.605
Init pinv, alpha: 0.003, 2.099 / Estimate: 0.007, 2.101 / LogL: -47059.608
Init pinv, alpha: 0.004, 2.099 / Estimate: 0.007, 2.103 / LogL: -47059.604
Init pinv, alpha: 0.005, 2.099 / Estimate: 0.007, 2.102 / LogL: -47059.606
Init pinv, alpha: 0.007, 2.099 / Estimate: 0.007, 2.103 / LogL: -47059.606
Init pinv, alpha: 0.008, 2.099 / Estimate: 0.008, 2.104 / LogL: -47059.604
Init pinv, alpha: 0.009, 2.099 / Estimate: 0.008, 2.105 / LogL: -47059.604
Init pinv, alpha: 0.011, 2.099 / Estimate: 0.008, 2.106 / LogL: -47059.606
Init pinv, alpha: 0.012, 2.099 / Estimate: 0.008, 2.106 / LogL: -47059.609
Optimal pinv,alpha: 0.008, 2.105 / LogL: -47059.604

Parameters optimization took 5.805 sec
Computing ML distances based on estimated model parameters...
Computing ML distances took 0.144405 sec (of wall-clock time) 0.285946 sec(of CPU time)
Computing RapidNJ tree took 0.000598 sec (of wall-clock time) 0.001173 sec (of CPU time)
Log-likelihood of RapidNJ tree: -47359.451
--------------------------------------------------------------------
|             INITIALIZING CANDIDATE TREE SET                      |
--------------------------------------------------------------------
Generating 98 parsimony trees... 2.580 second
Computing log-likelihood of 98 initial trees ... 7.059 seconds
Current best score: -47059.604

Do NNI search on 20 best initial trees
Estimate model parameters (epsilon = 0.100)
BETTER TREE FOUND at iteration 1: -47059.276
Iteration 10 / LogL: -47060.496 / Time: 0h:0m:26s
Iteration 20 / LogL: -47059.679 / Time: 0h:0m:39s
Finish initializing candidate tree set (4)
Current best tree score: -47059.276 / CPU time: 32.949
Number of iterations: 20
--------------------------------------------------------------------
|               OPTIMIZING CANDIDATE TREE SET                      |
--------------------------------------------------------------------
Iteration 30 / LogL: -47108.173 / Time: 0h:0m:53s (0h:5m:14s left)
Iteration 40 / LogL: -47064.146 / Time: 0h:1m:8s (0h:4m:42s left)
Iteration 50 / LogL: -47061.253 / Time: 0h:1m:23s (0h:4m:16s left)
Log-likelihood cutoff on original alignment: -47104.009
Iteration 60 / LogL: -47059.538 / Time: 0h:1m:39s (0h:3m:57s left)
Iteration 70 / LogL: -47063.021 / Time: 0h:1m:53s (0h:3m:35s left)
Iteration 80 / LogL: -47064.465 / Time: 0h:2m:9s (0h:3m:18s left)
Iteration 90 / LogL: -47059.453 / Time: 0h:2m:24s (0h:2m:59s left)
Iteration 100 / LogL: -47061.211 / Time: 0h:2m:38s (0h:2m:41s left)
Log-likelihood cutoff on original alignment: -47104.009
NOTE: Bootstrap correlation coefficient of split occurrence frequencies: 0.999
Iteration 110 / LogL: -47065.056 / Time: 0h:2m:52s (0h:2m:24s left)
Iteration 120 / LogL: -47059.866 / Time: 0h:3m:7s (0h:2m:7s left)
Iteration 130 / LogL: -47061.037 / Time: 0h:3m:23s (0h:1m:52s left)
Iteration 140 / LogL: -47064.287 / Time: 0h:3m:39s (0h:1m:36s left)
Iteration 150 / LogL: -47065.037 / Time: 0h:3m:56s (0h:1m:20s left)
Log-likelihood cutoff on original alignment: -47104.503
Iteration 160 / LogL: -47059.661 / Time: 0h:4m:10s (0h:1m:4s left)
Iteration 170 / LogL: -47064.842 / Time: 0h:4m:25s (0h:0m:48s left)
Iteration 180 / LogL: -47060.979 / Time: 0h:4m:39s (0h:0m:32s left)
Iteration 190 / LogL: -47059.796 / Time: 0h:4m:54s (0h:0m:17s left)
Iteration 200 / LogL: -47061.721 / Time: 0h:5m:7s (0h:0m:1s left)
Log-likelihood cutoff on original alignment: -47104.503
NOTE: Bootstrap correlation coefficient of split occurrence frequencies: 1.000
TREE SEARCH COMPLETED AFTER 202 ITERATIONS / Time: 0h:5m:11s

--------------------------------------------------------------------
|                    FINALIZING TREE SEARCH                        |
--------------------------------------------------------------------
Performs final model parameters optimization
Estimate model parameters (epsilon = 0.010)
1. Initial log-likelihood: -47059.276
Optimal log-likelihood: -47059.276
Proportion of invariable sites: 0.008
Gamma shape alpha: 2.105
Parameters optimization took 1 rounds (0.226 sec)
BEST SCORE FOUND : -47059.276
Creating bootstrap support values...
Split supports printed to NEXUS file results_broccoli_meto/alignments_prefiltering/OG_4280.iqtree.splits.nex
Total tree length: 26.328

Total number of iterations: 202
CPU time used for tree search: 604.253 sec (0h:10m:4s)
Wall-clock time used for tree search: 304.345 sec (0h:5m:4s)
Total CPU time used: 618.433 sec (0h:10m:18s)
Total wall-clock time used: 311.547 sec (0h:5m:11s)

Computing bootstrap consensus tree...
Reading input file results_broccoli_meto/alignments_prefiltering/OG_4280.iqtree.splits.nex...
46 taxa and 162 splits.
Consensus tree written to results_broccoli_meto/alignments_prefiltering/OG_4280.iqtree.contree
Reading input trees file results_broccoli_meto/alignments_prefiltering/OG_4280.iqtree.contree
Log-likelihood of consensus tree: -47059.276

Analysis results written to: 
  IQ-TREE report:                results_broccoli_meto/alignments_prefiltering/OG_4280.iqtree.iqtree
  Maximum-likelihood tree:       results_broccoli_meto/alignments_prefiltering/OG_4280.iqtree.treefile
  Likelihood distances:          results_broccoli_meto/alignments_prefiltering/OG_4280.iqtree.mldist

Ultrafast bootstrap approximation results written to:
  Split support values:          results_broccoli_meto/alignments_prefiltering/OG_4280.iqtree.splits.nex
  Consensus tree:                results_broccoli_meto/alignments_prefiltering/OG_4280.iqtree.contree
  Screen log file:               results_broccoli_meto/alignments_prefiltering/OG_4280.iqtree.log

Date and Time: Tue Dec 13 07:20:05 2022
