IQ-TREE multicore version 2.1.0 for Linux 64-bit built Jul 18 2020
Developed by Bui Quang Minh, James Barbetti, Nguyen Lam Tung,
Olga Chernomor, Heiko Schmidt, Dominik Schrempf, Michael Woodhams.

Host:    node-hp0510.linux.crg.es (AVX, 125 GB RAM)
Command: /users/asebe/xgraubove/Programes/iqtree-2.1.0-Linux/bin/iqtree2 -s results_broccoli_meto/alignments_prefiltering/OG_508.lt.fasta -m TEST -mset LG,WAG,JTT -nt AUTO -ntmax 2 -bb 1000 -pre results_broccoli_meto/alignments_prefiltering/OG_508.iqtree -nm 10000 -nstop 200 -cptime 1800
Seed:    124422 (Using SPRNG - Scalable Parallel Random Number Generator)
Time:    Tue Dec 13 07:59:18 2022
Kernel:  AVX - auto-detect threads (2 CPU cores detected)

Reading alignment file results_broccoli_meto/alignments_prefiltering/OG_508.lt.fasta ... Fasta format detected
Alignment most likely contains protein sequences
Alignment has 67 sequences with 160 columns, 158 distinct patterns
136 parsimony-informative, 0 singleton sites, 24 constant sites
                                                    Gap/Ambiguity  Composition  p-value
   1  Lcom_lcpid97599                                       0.00%    passed     89.74%
   2  Gracom_Gcom_C540386_01                                0.00%    passed     96.95%
   3  Leuniv_Lniv_scaffold24257_01                          0.00%    passed     85.70%
   4  Clacor_Ccor_scaffold1742_01                           0.00%    passed     98.77%
   5  Dgig_XM_028542121.1                                   0.00%    passed     99.39%
   6  Xesp_016062-T1                                       25.62%    passed     69.47%
   7  Hvul_g10513_1                                         0.00%    passed    100.00%
   8  Chem_TCONS_00004265                                   0.00%    passed     99.99%
   9  Sanmal_Sma_024545-T1                                  0.00%    passed     98.28%
  10  Aaur_scaffold1103.g3.t1                              10.00%    passed     71.82%
  11  Nemnom_g15386.t1                                      0.00%    passed     96.27%
  12  Rhoesc_Res_000435-T1                                  0.00%    passed     86.33%
  13  Morvir_scaffold5.g7.t1                                0.00%    passed     99.17%
  14  Nvec_NVE1787                                         52.50%    passed     56.35%
  15  Nvec_v1g5623                                         72.50%    passed     85.77%
  16  Exapal_XM_021048532.2                                 0.00%    passed     96.55%
  17  Skow_XM_002733492.2                                   1.88%    passed     99.81%
  18  Fspp_ffun1.m4.22.m1                                   5.00%    passed     99.48%
  19  Gasp_gasp1.m3.805.m1                                  0.00%    passed     70.64%
  20  Spis_XP_022794013_1                                   0.62%    passed     96.55%
  21  Pocdam_XM_027180702.1                                 0.00%    passed     98.25%
  22  Adig_XM_015920645.1                                  11.25%    passed     90.88%
  23  Gfas_gfas1.m1.4186.m1                                30.63%    passed     91.38%
  24  Adig_XM_015895153.1                                  43.12%    passed     90.20%
  25  Bralan_BLAG06001210_1                                 0.62%    passed     99.80%
  26  Cgig_XM_034447458.1                                   0.62%    passed     88.30%
  27  Acagra_model.g56.t1.2.5d3b81f6                        0.62%    passed     99.22%
  28  Ctel_gnl_WGS_AMQN_CAPTEDRAFT_mRNA8                    1.25%    passed     99.79%
  29  Cscu_XM_023368371.1                                   0.62%    passed     99.99%
  30  Tcas_TC008409_001                                     0.62%    passed     99.68%
  31  Dpul_mRNA27066                                        0.62%    passed     90.59%
  32  Hsap_ENST00000371315                                  0.62%    passed     97.49%
  33  Hsap_ENST00000394552                                  0.62%    passed     96.59%
  34  Spur_XM_011684281.2                                   0.62%    passed     99.58%
  35  HoiH23_PlH23_008693-RA                                0.00%    passed     94.15%
  36  TrH2_TrispH2_006141-RA                                0.00%    passed     91.27%
  37  Tadh_TriadT25864                                      0.00%    passed     84.26%
  38  Hhon_g06393.t1                                        0.00%    passed     89.18%
  39  HoiH06_mRNA9026                                       0.00%    passed     96.85%
  40  HoiH04_mRNA4181                                       0.00%    passed     88.40%
  41  HoiH11_mRNA3137                                       0.00%    passed     78.99%
  42  Opea_EP00118_Oscarella_pearsei_P003997                0.62%    passed     84.28%
  43  Opea_EP00118_Oscarella_pearsei_P003998               37.50%    passed     60.59%
  44  Aque_Aqu2.1.02145_001                                 0.00%    passed     99.47%
  45  Halamb_c35993_g1_i1m.9072                             0.00%    passed     96.96%
  46  Spolac_c99598_g1_i1_m.20074c99598-g1                  0.00%    passed     98.74%
  47  Spolac_c99598_g1_i2_m.20075c99598-g1                  0.00%    passed     98.67%
  48  Plespi_Pspi_C592450_01                                0.00%    passed     69.65%
  49  Amil_Amillepora06716-RA                              18.12%    passed     85.18%
  50  Horcal_Hcv1.av93.c11.g435.i1                          1.88%    passed     98.71%
  51  Pbac_sb2640337                                        1.88%    passed     98.76%
  52  Bolinf_Binf_sb1181606                                 6.25%    passed     95.63%
  53  Mertsp_Mesp_sb605360                                  1.88%    passed     99.17%
  54  Bolinf_Binf_sb1241380                                 4.38%    passed     73.66%
  55  Bolinf_Binf_sb1241381                                21.25%    passed     44.75%
  56  Mlei_ML0983.g6.i1                                     1.88%    passed     88.23%
  57  Vmul_sbMO374017                                       4.38%    passed     65.20%
  58  Beraby_Baby_sb333210                                  1.88%    passed     91.98%
  59  Lampan_Lpan_C399995_01                                2.50%    passed     95.58%
  60  Vmul_SimC376936                                       1.88%    passed     87.86%
  61  Coemet_Cmet_C573970_01                                1.88%    passed     72.84%
  62  Coeast_Cast_sb756379                                  1.88%    passed     80.61%
  63  Coeast_Cast_sb756380                                 16.88%    passed     11.64%
  64  Drygla_Dgla_sb293063                                  0.00%    passed     90.60%
  65  Tetwil_g5108.t2                                      13.12%    passed     91.78%
  66  Stycar_maker-SC_scaffold38250-snap-gene-0.4-mRNA-1   23.12%    passed     86.79%
  67  Stycar_maker-SC_scaffold3688-snap-gene-0.38-mRNA-1    0.00%    passed     91.33%
WARNING: 2 sequences contain more than 50% gaps/ambiguity
****  TOTAL                                                 6.32%  0 sequences failed composition chi2 test (p-value<5%; df=19)


Create initial parsimony tree by phylogenetic likelihood library (PLL)... 0.019 seconds
Measuring multi-threading efficiency up to 2 CPU cores
Increase to 10 rounds for branch lengths
8 trees examined
Threads: 1 / Time: 2.179 sec / Speedup: 1.000 / Efficiency: 100% / LogL: -12435
Threads: 2 / Time: 1.225 sec / Speedup: 1.778 / Efficiency: 89% / LogL: -12435
BEST NUMBER OF THREADS: 2

Perform fast likelihood tree search using LG+I+G model...
Estimate model parameters (epsilon = 5.000)
Perform nearest neighbor interchange...
Estimate model parameters (epsilon = 1.000)
1. Initial log-likelihood: -7687.602
Optimal log-likelihood: -7687.260
Proportion of invariable sites: 0.137
Gamma shape alpha: 2.156
Parameters optimization took 1 rounds (0.104 sec)
Time for fast ML tree search: 0.663 seconds

NOTE: ModelFinder requires 8 MB RAM!
ModelFinder will test up to 24 protein models (sample size: 160) ...
 No. Model         -LnL         df  AIC          AICc         BIC
  1  LG            8021.699     131 16305.398    17540.541    16708.246
  2  LG+I          7840.544     132 15945.088    17245.532    16351.010
  3  LG+G4         7708.862     132 15681.725    16982.169    16087.648
  4  LG+I+G4       7687.244     133 15640.488    17011.411    16049.486
  8  LG+F+I+G4     7714.081     152 15732.163    22376.734    16199.589
 12  WAG+I+G4      7764.591     133 15795.181    17166.104    16204.180
 16  WAG+F+I+G4    7796.731     152 15897.462    22542.033    16364.888
 20  JTT+I+G4      7793.128     133 15852.257    17223.180    16261.255
 24  JTT+F+I+G4    7822.019     152 15948.038    22592.610    16415.465
Akaike Information Criterion:           LG+I+G4
Corrected Akaike Information Criterion: LG+G4
Bayesian Information Criterion:         LG+I+G4
Best-fit model: LG+I+G4 chosen according to BIC

All model information printed to results_broccoli_meto/alignments_prefiltering/OG_508.iqtree.model.gz
CPU time for ModelFinder: 8.738 seconds (0h:0m:8s)
Wall-clock time for ModelFinder: 5.588 seconds (0h:0m:5s)
Generating 1000 samples for ultrafast bootstrap (seed: 124422)...

NOTE: 8 MB RAM (0 GB) is required!
Estimate model parameters (epsilon = 0.100)
Thoroughly optimizing +I+G parameters from 10 start values...
Init pinv, alpha: 0.000, 2.176 / Estimate: 0.000, 0.966 / LogL: -7708.865
Init pinv, alpha: 0.017, 2.176 / Estimate: 0.139, 2.187 / LogL: -7687.238
Init pinv, alpha: 0.033, 2.176 / Estimate: 0.139, 2.181 / LogL: -7687.240
Init pinv, alpha: 0.050, 2.176 / Estimate: 0.138, 2.167 / LogL: -7687.251
Init pinv, alpha: 0.067, 2.176 / Estimate: 0.138, 2.176 / LogL: -7687.243
Init pinv, alpha: 0.083, 2.176 / Estimate: 0.139, 2.183 / LogL: -7687.239
Init pinv, alpha: 0.100, 2.176 / Estimate: 0.138, 2.177 / LogL: -7687.242
Init pinv, alpha: 0.117, 2.176 / Estimate: 0.139, 2.186 / LogL: -7687.238
Init pinv, alpha: 0.133, 2.176 / Estimate: 0.138, 2.181 / LogL: -7687.239
Init pinv, alpha: 0.150, 2.176 / Estimate: 0.140, 2.213 / LogL: -7687.238
Optimal pinv,alpha: 0.139, 2.187 / LogL: -7687.238

Parameters optimization took 2.437 sec
Computing ML distances based on estimated model parameters...
Computing ML distances took 0.227201 sec (of wall-clock time) 0.453187 sec(of CPU time)
Computing RapidNJ tree took 0.000991 sec (of wall-clock time) 0.001957 sec (of CPU time)
Log-likelihood of RapidNJ tree: -7774.275
--------------------------------------------------------------------
|             INITIALIZING CANDIDATE TREE SET                      |
--------------------------------------------------------------------
Generating 98 parsimony trees... 1.311 second
Computing log-likelihood of 98 initial trees ... 1.949 seconds
Current best score: -7687.238

Do NNI search on 20 best initial trees
Estimate model parameters (epsilon = 0.100)
BETTER TREE FOUND at iteration 1: -7687.236
Estimate model parameters (epsilon = 0.100)
BETTER TREE FOUND at iteration 4: -7686.159
Estimate model parameters (epsilon = 0.100)
BETTER TREE FOUND at iteration 5: -7681.656
Estimate model parameters (epsilon = 0.100)
BETTER TREE FOUND at iteration 9: -7680.856
Iteration 10 / LogL: -7697.379 / Time: 0h:0m:9s
Iteration 20 / LogL: -7688.654 / Time: 0h:0m:13s
Finish initializing candidate tree set (17)
Current best tree score: -7680.856 / CPU time: 10.692
Number of iterations: 20
--------------------------------------------------------------------
|               OPTIMIZING CANDIDATE TREE SET                      |
--------------------------------------------------------------------
Estimate model parameters (epsilon = 0.100)
BETTER TREE FOUND at iteration 22: -7680.204
Iteration 30 / LogL: -7680.205 / Time: 0h:0m:19s (0h:2m:6s left)
Estimate model parameters (epsilon = 0.100)
BETTER TREE FOUND at iteration 40: -7680.158
Iteration 40 / LogL: -7680.158 / Time: 0h:0m:24s (0h:2m:4s left)
Estimate model parameters (epsilon = 0.100)
BETTER TREE FOUND at iteration 44: -7680.122
Iteration 50 / LogL: -7681.222 / Time: 0h:0m:29s (0h:1m:57s left)
Log-likelihood cutoff on original alignment: -7738.040
Iteration 60 / LogL: -7685.937 / Time: 0h:0m:35s (0h:1m:49s left)
Iteration 70 / LogL: -7682.829 / Time: 0h:0m:40s (0h:1m:42s left)
Estimate model parameters (epsilon = 0.100)
BETTER TREE FOUND at iteration 71: -7680.071
Estimate model parameters (epsilon = 0.100)
BETTER TREE FOUND at iteration 73: -7679.375
Iteration 80 / LogL: -7680.172 / Time: 0h:0m:45s (0h:1m:52s left)
Iteration 90 / LogL: -7680.610 / Time: 0h:0m:50s (0h:1m:44s left)
Iteration 100 / LogL: -7680.125 / Time: 0h:0m:56s (0h:1m:38s left)
Log-likelihood cutoff on original alignment: -7738.040
NOTE: Bootstrap correlation coefficient of split occurrence frequencies: 0.999
Iteration 110 / LogL: -7679.513 / Time: 0h:1m:1s (0h:1m:31s left)
Iteration 120 / LogL: -7679.379 / Time: 0h:1m:6s (0h:1m:25s left)
Iteration 130 / LogL: -7679.532 / Time: 0h:1m:12s (0h:1m:20s left)
Iteration 140 / LogL: -7679.511 / Time: 0h:1m:17s (0h:1m:14s left)
Iteration 150 / LogL: -7679.389 / Time: 0h:1m:22s (0h:1m:8s left)
Log-likelihood cutoff on original alignment: -7738.040
Iteration 160 / LogL: -7679.511 / Time: 0h:1m:27s (0h:1m:2s left)
Iteration 170 / LogL: -7679.614 / Time: 0h:1m:32s (0h:0m:56s left)
Iteration 180 / LogL: -7679.376 / Time: 0h:1m:37s (0h:0m:50s left)
Iteration 190 / LogL: -7683.465 / Time: 0h:1m:43s (0h:0m:45s left)
Iteration 200 / LogL: -7679.511 / Time: 0h:1m:47s (0h:0m:39s left)
Log-likelihood cutoff on original alignment: -7738.040
NOTE: Bootstrap correlation coefficient of split occurrence frequencies: 0.998
Iteration 210 / LogL: -7679.376 / Time: 0h:1m:53s (0h:0m:48s left)
Iteration 220 / LogL: -7679.742 / Time: 0h:1m:58s (0h:0m:43s left)
Iteration 230 / LogL: -7680.186 / Time: 0h:2m:3s (0h:0m:37s left)
Iteration 240 / LogL: -7679.390 / Time: 0h:2m:8s (0h:0m:32s left)
Iteration 250 / LogL: -7679.378 / Time: 0h:2m:13s (0h:0m:26s left)
Log-likelihood cutoff on original alignment: -7738.040
Iteration 260 / LogL: -7679.375 / Time: 0h:2m:19s (0h:0m:21s left)
Iteration 270 / LogL: -7680.150 / Time: 0h:2m:24s (0h:0m:16s left)
TREE SEARCH COMPLETED AFTER 274 ITERATIONS / Time: 0h:2m:26s

--------------------------------------------------------------------
|                    FINALIZING TREE SEARCH                        |
--------------------------------------------------------------------
Performs final model parameters optimization
Estimate model parameters (epsilon = 0.010)
1. Initial log-likelihood: -7679.375
Optimal log-likelihood: -7679.375
Proportion of invariable sites: 0.139
Gamma shape alpha: 2.202
Parameters optimization took 1 rounds (0.062 sec)
BEST SCORE FOUND : -7679.375
Creating bootstrap support values...
Split supports printed to NEXUS file results_broccoli_meto/alignments_prefiltering/OG_508.iqtree.splits.nex
Total tree length: 12.170

Total number of iterations: 274
CPU time used for tree search: 283.556 sec (0h:4m:43s)
Wall-clock time used for tree search: 143.738 sec (0h:2m:23s)
Total CPU time used: 289.837 sec (0h:4m:49s)
Total wall-clock time used: 147.227 sec (0h:2m:27s)

Computing bootstrap consensus tree...
Reading input file results_broccoli_meto/alignments_prefiltering/OG_508.iqtree.splits.nex...
67 taxa and 511 splits.
Consensus tree written to results_broccoli_meto/alignments_prefiltering/OG_508.iqtree.contree
Reading input trees file results_broccoli_meto/alignments_prefiltering/OG_508.iqtree.contree
Log-likelihood of consensus tree: -7680.164

Analysis results written to: 
  IQ-TREE report:                results_broccoli_meto/alignments_prefiltering/OG_508.iqtree.iqtree
  Maximum-likelihood tree:       results_broccoli_meto/alignments_prefiltering/OG_508.iqtree.treefile
  Likelihood distances:          results_broccoli_meto/alignments_prefiltering/OG_508.iqtree.mldist

Ultrafast bootstrap approximation results written to:
  Split support values:          results_broccoli_meto/alignments_prefiltering/OG_508.iqtree.splits.nex
  Consensus tree:                results_broccoli_meto/alignments_prefiltering/OG_508.iqtree.contree
  Screen log file:               results_broccoli_meto/alignments_prefiltering/OG_508.iqtree.log

Date and Time: Tue Dec 13 08:01:51 2022
