IQ-TREE multicore version 2.1.0 for Linux 64-bit built Jul 18 2020
Developed by Bui Quang Minh, James Barbetti, Nguyen Lam Tung,
Olga Chernomor, Heiko Schmidt, Dominik Schrempf, Michael Woodhams.

Host:    trantor09.linux.crg.es (AVX, FMA3, 503 GB RAM)
Command: /users/asebe/xgraubove/Programes/iqtree-2.1.0-Linux/bin/iqtree2 -s results_broccoli_meto/alignments_prefiltering/OG_538.lt.fasta -m TEST -mset LG,WAG,JTT -nt AUTO -ntmax 2 -bb 1000 -pre results_broccoli_meto/alignments_prefiltering/OG_538.iqtree -nm 10000 -nstop 200 -cptime 1800
Seed:    395691 (Using SPRNG - Scalable Parallel Random Number Generator)
Time:    Tue Dec 13 09:16:36 2022
Kernel:  AVX+FMA - auto-detect threads (2 CPU cores detected)

Reading alignment file results_broccoli_meto/alignments_prefiltering/OG_538.lt.fasta ... Fasta format detected
Alignment most likely contains protein sequences
Alignment has 68 sequences with 296 columns, 296 distinct patterns
295 parsimony-informative, 0 singleton sites, 1 constant sites
                                                    Gap/Ambiguity  Composition  p-value
   1  Lcom_lcpid116478                                      2.70%    passed     62.73%
   2  Lcom_lcpid112533                                     13.18%    passed     46.29%
   3  Gracom_Gcom_scaffold6164_01                           2.70%    passed     32.94%
   4  Leuniv_Lniv_C791878_01                               13.85%    passed     12.54%
   5  Clacor_Ccor_scaffold11523_01                         42.23%    passed     92.43%
   6  Cgig_XM_011413954.3                                   0.00%    passed     61.46%
   7  Acagra_model.g28707.t1                                0.34%    passed     94.90%
   8  Acagra_model.g28707.t1.1.5d3b8c5f                    28.38%    passed     78.10%
   9  Bralan_BLAG07000801_1                                 0.00%    passed     90.62%
  10  Spur_XM_030975757.1                                   0.00%    passed     98.46%
  11  Skow_XM_006823577.1                                   0.00%    passed     93.82%
  12  Ctel_gnl_WGS_AMQN_CAPTEDRAFT_mRNA136151              65.20%    passed     51.75%
  13  Ctel_gnl_WGS_AMQN_CAPTEDRAFT_mRNA227912              37.16%    passed     41.72%
  14  Gasp_gasp1.m3.2480.m1                                 0.00%    passed     70.23%
  15  Amil_Amillepora09006-RA                               8.11%    passed     86.47%
  16  Adig_XM_015900933.1                                   0.00%    passed     81.16%
  17  Gfas_gfas1.m1.17930.m1                               67.23%    passed     75.00%
  18  Spis_XP_022794093_1                                   0.34%    passed     90.02%
  19  Pocdam_XM_027194919.1                                 0.00%    passed     93.47%
  20  Nvec_v1g181066                                        0.00%    passed     99.53%
  21  Exapal_XM_021038711.2                                 0.00%    passed     98.12%
  22  Fspp_ffun1.m4.8361.m1                                15.20%    failed      0.05%
  23  Gfas_gfas1.m1.10228.m1                               43.58%    passed     92.97%
  24  Dgig_XM_028536255.1                                   0.00%    passed     60.80%
  25  Xesp_006985-T1                                       26.69%    passed     86.55%
  26  Morvir_scaffold159.g14.t1                             0.00%    passed     69.66%
  27  Aaur_scaffold364.g10.t1                               0.34%    passed     96.97%
  28  Nemnom_g12455.t1                                      1.01%    passed     63.50%
  29  Rhoesc_Res_011409-T1                                  0.34%    passed     89.08%
  30  Sanmal_Sma_025518-T1                                 14.53%    passed     95.86%
  31  HoiH23_PlH23_002795-RA                               28.38%    passed     99.72%
  32  Hhon_g08212.t1                                        1.01%    passed     99.02%
  33  HoiH04_mRNA17085                                      1.01%    passed     99.02%
  34  HoiH06_mRNA10125                                      1.01%    passed     99.61%
  35  TrH2_TrispH2_001589-RA                                1.01%    passed     97.82%
  36  Tadh_TriadT24324                                      1.01%    passed     97.82%
  37  Chem_TCONS_00012390                                   2.03%    passed     27.81%
  38  Cscu_XM_023369204.1                                   0.34%    passed     37.80%
  39  Hvul_g288_1                                           1.01%    passed     69.13%
  40  Hsap_ENST00000460606                                 81.76%    passed     77.64%
  41  Hsap_ENST00000568377                                  0.00%    passed      5.86%
  42  Opea_EP00118_Oscarella_pearsei_P005304                3.38%    passed     79.82%
  43  Opea_EP00118_Oscarella_pearsei_P005305                3.38%    passed     79.82%
  44  Plajan_Pjan_scaffold10700_01                         31.08%    passed     85.46%
  45  Ocar_g7294                                           38.85%    passed     51.52%
  46  Emue_Em0018g1208a.t1                                  6.42%    passed     90.06%
  47  Spolac_c93695_g1_i1_m.9143c93695-g1                   2.36%    passed     83.97%
  48  Spolac_c93695_g1_i2_m.9144c93695-g1                  15.88%    passed     46.74%
  49  Tetwil_g5175.t1                                       1.69%    passed     36.41%
  50  Stycar_maker-SC_scaffold4035-snap-gene-0.11-mRNA-1    1.01%    passed     52.54%
  51  Aque_Aqu2.1.38723_001                                 1.01%    passed     24.85%
  52  Halamb_c51088_g1_i1m.29767                            1.01%    passed     49.60%
  53  Xestes_maker-XT_scaffold6190-snap-gene-0.32-mRNA-1   19.59%    passed     10.34%
  54  Dpul_mRNA6948                                         4.05%    passed     86.58%
  55  Horcal_Hcv1.av93.c1.g790.i1                           6.76%    passed     39.21%
  56  Pbac_sb2662235                                        7.09%    passed     26.56%
  57  Bolinf_Binf_sb1247831                                51.69%    passed     25.26%
  58  Mlei_ML2582.g51.i1                                   17.57%    passed      9.46%
  59  Vmul_sbMO379013                                      11.15%    passed     13.88%
  60  Beraby_Baby_sb333754                                 50.68%    passed     23.93%
  61  Drygla_Dgla_sb290562                                  4.39%    passed     55.96%
  62  Lampan_Lpan_C409817_01                                4.39%    passed     25.02%
  63  Bolinf_Binf_sb1313314                                50.34%    passed     26.99%
  64  Beraby_Baby_sb333756                                 51.35%    passed     14.07%
  65  Vmul_Simscaffold13918_01                              4.39%    passed     54.53%
  66  Coemet_Cmet_scaffold17_01                             3.72%    passed     14.76%
  67  Ctel_gnl_WGS_AMQN_CAPTEDRAFT_mRNA136761              73.65%    passed     91.83%
  68  Tcas_TC033123_001                                    12.50%    failed      2.76%
WARNING: 8 sequences contain more than 50% gaps/ambiguity
****  TOTAL                                                14.43%  2 sequences failed composition chi2 test (p-value<5%; df=19)
NOTE: HoiH04_mRNA17085 is identical to Hhon_g08212.t1 but kept for subsequent analysis
NOTE: Tadh_TriadT24324 is identical to TrH2_TrispH2_001589-RA but kept for subsequent analysis
NOTE: Opea_EP00118_Oscarella_pearsei_P005305 is identical to Opea_EP00118_Oscarella_pearsei_P005304 but kept for subsequent analysis


Create initial parsimony tree by phylogenetic likelihood library (PLL)... 0.035 seconds
Measuring multi-threading efficiency up to 2 CPU cores
Increase to 10 rounds for branch lengths
3 trees examined
Threads: 1 / Time: 2.737 sec / Speedup: 1.000 / Efficiency: 100% / LogL: -31143
Threads: 2 / Time: 2.154 sec / Speedup: 1.271 / Efficiency: 64% / LogL: -31143
BEST NUMBER OF THREADS: 2

Perform fast likelihood tree search using LG+I+G model...
Estimate model parameters (epsilon = 5.000)
Perform nearest neighbor interchange...
Estimate model parameters (epsilon = 1.000)
1. Initial log-likelihood: -21631.077
Optimal log-likelihood: -21630.966
Proportion of invariable sites: 0.003
Gamma shape alpha: 2.148
Parameters optimization took 1 rounds (0.266 sec)
Time for fast ML tree search: 2.663 seconds

NOTE: ModelFinder requires 14 MB RAM!
ModelFinder will test up to 24 protein models (sample size: 296) ...
 No. Model         -LnL         df  AIC          AICc         BIC
  1  LG            22105.373    133 44476.746    44696.770    44967.563
  2  LG+I          22092.694    134 44453.389    44678.109    44947.897
  3  LG+G4         21632.537    134 43533.073    43757.794    44027.581
  4  LG+I+G4       21630.965    135 43531.930    43761.430    44030.129
  7  LG+F+G4       21551.707    153 43409.414    43741.273    43974.039
  8  LG+F+I+G4     21550.771    154 43409.543    43748.125    43977.858
 11  WAG+G4        21755.002    134 43778.004    44002.724    44272.512
 12  WAG+I+G4      21752.897    135 43775.794    44005.294    44273.992
 15  WAG+F+G4      21643.430    153 43592.859    43924.718    44157.484
 16  WAG+F+I+G4    21641.847    154 43591.693    43930.275    44160.009
 19  JTT+G4        21876.655    134 44021.311    44246.031    44515.819
 20  JTT+I+G4      21873.984    135 44017.968    44247.468    44516.167
 23  JTT+F+G4      21724.496    153 43754.993    44086.852    44319.618
 24  JTT+F+I+G4    21722.610    154 43753.221    44091.802    44321.536
Akaike Information Criterion:           LG+F+G4
Corrected Akaike Information Criterion: LG+F+G4
Bayesian Information Criterion:         LG+F+G4
Best-fit model: LG+F+G4 chosen according to BIC

All model information printed to results_broccoli_meto/alignments_prefiltering/OG_538.iqtree.model.gz
CPU time for ModelFinder: 37.498 seconds (0h:0m:37s)
Wall-clock time for ModelFinder: 20.254 seconds (0h:0m:20s)
Generating 1000 samples for ultrafast bootstrap (seed: 395691)...

NOTE: 14 MB RAM (0 GB) is required!
Estimate model parameters (epsilon = 0.100)
1. Initial log-likelihood: -21551.707
Optimal log-likelihood: -21551.706
Gamma shape alpha: 1.944
Parameters optimization took 1 rounds (0.246 sec)
Computing ML distances based on estimated model parameters...
Computing ML distances took 0.649694 sec (of wall-clock time) 1.297297 sec(of CPU time)
WARNING: Some pairwise ML distances are too long (saturated)
Computing RapidNJ tree took 0.001302 sec (of wall-clock time) 0.001556 sec (of CPU time)
Log-likelihood of RapidNJ tree: -21657.090
--------------------------------------------------------------------
|             INITIALIZING CANDIDATE TREE SET                      |
--------------------------------------------------------------------
Generating 98 parsimony trees... 2.624 second
Computing log-likelihood of 98 initial trees ... 8.370 seconds
Current best score: -21551.706

Do NNI search on 20 best initial trees
Estimate model parameters (epsilon = 0.100)
BETTER TREE FOUND at iteration 1: -21550.352
Estimate model parameters (epsilon = 0.100)
BETTER TREE FOUND at iteration 2: -21515.202
Estimate model parameters (epsilon = 0.100)
BETTER TREE FOUND at iteration 3: -21505.295
Estimate model parameters (epsilon = 0.100)
BETTER TREE FOUND at iteration 10: -21501.904
Iteration 10 / LogL: -21501.904 / Time: 0h:0m:27s
Iteration 20 / LogL: -21522.856 / Time: 0h:0m:42s
Finish initializing candidate tree set (17)
Current best tree score: -21501.904 / CPU time: 40.010
Number of iterations: 20
--------------------------------------------------------------------
|               OPTIMIZING CANDIDATE TREE SET                      |
--------------------------------------------------------------------
Iteration 30 / LogL: -21502.560 / Time: 0h:0m:59s (0h:6m:8s left)
Estimate model parameters (epsilon = 0.100)
UPDATE BEST LOG-LIKELIHOOD: -21501.886
Iteration 40 / LogL: -21502.069 / Time: 0h:1m:18s (0h:5m:42s left)
Iteration 50 / LogL: -21502.076 / Time: 0h:1m:37s (0h:5m:19s left)
Log-likelihood cutoff on original alignment: -21560.128
Iteration 60 / LogL: -21502.118 / Time: 0h:1m:54s (0h:4m:51s left)
Iteration 70 / LogL: -21518.993 / Time: 0h:2m:11s (0h:4m:27s left)
Iteration 80 / LogL: -21507.290 / Time: 0h:2m:29s (0h:4m:5s left)
Iteration 90 / LogL: -21503.306 / Time: 0h:2m:47s (0h:3m:45s left)
Estimate model parameters (epsilon = 0.100)
UPDATE BEST LOG-LIKELIHOOD: -21501.743
Iteration 100 / LogL: -21501.743 / Time: 0h:3m:4s (0h:3m:25s left)
Log-likelihood cutoff on original alignment: -21560.128
NOTE: Bootstrap correlation coefficient of split occurrence frequencies: 0.999
Iteration 110 / LogL: -21503.654 / Time: 0h:3m:21s (0h:3m:5s left)
Iteration 120 / LogL: -21501.952 / Time: 0h:3m:37s (0h:2m:44s left)
Iteration 130 / LogL: -21513.179 / Time: 0h:3m:55s (0h:2m:25s left)
Estimate model parameters (epsilon = 0.100)
UPDATE BEST LOG-LIKELIHOOD: -21501.437
Iteration 140 / LogL: -21502.774 / Time: 0h:4m:13s (0h:2m:7s left)
Iteration 150 / LogL: -21501.580 / Time: 0h:4m:33s (0h:1m:50s left)
Log-likelihood cutoff on original alignment: -21560.128
Iteration 160 / LogL: -21502.389 / Time: 0h:4m:52s (0h:1m:32s left)
Iteration 170 / LogL: -21502.530 / Time: 0h:5m:11s (0h:1m:13s left)
Iteration 180 / LogL: -21508.171 / Time: 0h:5m:30s (0h:0m:55s left)
Iteration 190 / LogL: -21502.069 / Time: 0h:5m:48s (0h:0m:36s left)
Iteration 200 / LogL: -21502.028 / Time: 0h:6m:10s (0h:0m:18s left)
Log-likelihood cutoff on original alignment: -21560.128
NOTE: Bootstrap correlation coefficient of split occurrence frequencies: 0.998
Iteration 210 / LogL: -21502.103 / Time: 0h:6m:29s (0h:2m:47s left)
TREE SEARCH COMPLETED AFTER 211 ITERATIONS / Time: 0h:6m:31s

--------------------------------------------------------------------
|                    FINALIZING TREE SEARCH                        |
--------------------------------------------------------------------
Performs final model parameters optimization
Estimate model parameters (epsilon = 0.010)
1. Initial log-likelihood: -21501.437
Optimal log-likelihood: -21501.437
Gamma shape alpha: 1.961
Parameters optimization took 1 rounds (0.276 sec)
BEST SCORE FOUND : -21501.437
Creating bootstrap support values...
Split supports printed to NEXUS file results_broccoli_meto/alignments_prefiltering/OG_538.iqtree.splits.nex
Total tree length: 28.583

Total number of iterations: 211
CPU time used for tree search: 763.692 sec (0h:12m:43s)
Wall-clock time used for tree search: 388.896 sec (0h:6m:28s)
Total CPU time used: 768.850 sec (0h:12m:48s)
Total wall-clock time used: 391.809 sec (0h:6m:31s)

Computing bootstrap consensus tree...
Reading input file results_broccoli_meto/alignments_prefiltering/OG_538.iqtree.splits.nex...
68 taxa and 373 splits.
Consensus tree written to results_broccoli_meto/alignments_prefiltering/OG_538.iqtree.contree
Reading input trees file results_broccoli_meto/alignments_prefiltering/OG_538.iqtree.contree
Log-likelihood of consensus tree: -21501.890

Analysis results written to: 
  IQ-TREE report:                results_broccoli_meto/alignments_prefiltering/OG_538.iqtree.iqtree
  Maximum-likelihood tree:       results_broccoli_meto/alignments_prefiltering/OG_538.iqtree.treefile
  Likelihood distances:          results_broccoli_meto/alignments_prefiltering/OG_538.iqtree.mldist

Ultrafast bootstrap approximation results written to:
  Split support values:          results_broccoli_meto/alignments_prefiltering/OG_538.iqtree.splits.nex
  Consensus tree:                results_broccoli_meto/alignments_prefiltering/OG_538.iqtree.contree
  Screen log file:               results_broccoli_meto/alignments_prefiltering/OG_538.iqtree.log

Date and Time: Tue Dec 13 09:23:30 2022
