IQ-TREE multicore version 2.1.0 for Linux 64-bit built Jul 18 2020
Developed by Bui Quang Minh, James Barbetti, Nguyen Lam Tung,
Olga Chernomor, Heiko Schmidt, Dominik Schrempf, Michael Woodhams.

Host:    node-hp0509.linux.crg.es (AVX, 125 GB RAM)
Command: /users/asebe/xgraubove/Programes/iqtree-2.1.0-Linux/bin/iqtree2 -s results_broccoli_meto/alignments_prefiltering/OG_5867.lt.fasta -m TEST -mset LG,WAG,JTT -nt AUTO -ntmax 2 -bb 1000 -pre results_broccoli_meto/alignments_prefiltering/OG_5867.iqtree -nm 10000 -nstop 200 -cptime 1800
Seed:    537205 (Using SPRNG - Scalable Parallel Random Number Generator)
Time:    Tue Dec 13 20:18:55 2022
Kernel:  AVX - auto-detect threads (2 CPU cores detected)

Reading alignment file results_broccoli_meto/alignments_prefiltering/OG_5867.lt.fasta ... Fasta format detected
Alignment most likely contains protein sequences
Alignment has 111 sequences with 558 columns, 557 distinct patterns
541 parsimony-informative, 0 singleton sites, 17 constant sites
                                                                   Gap/Ambiguity  Composition  p-value
   1  Aque_Aqu2.1.24666_001                                               63.08%    passed     79.19%
   2  Aque_Aqu2.1.24664_001                                               46.42%    passed     99.05%
   3  Aque_Aqu2.1.10153_001                                               62.72%    passed     44.51%
   4  Aque_Aqu2.1.24665_001                                               17.56%    passed     97.56%
   5  Aque_Aqu2.1.24670_001                                               13.98%    passed     63.06%
   6  Aque_Aqu2.1.24671_001                                               41.76%    passed     43.02%
   7  Aque_Aqu2.1.04753_001                                               76.34%    passed      6.92%
   8  Aque_Aqu2.1.10155_001                                               52.15%    passed     45.12%
   9  Aque_Aqu2.1.24669_001                                                4.84%    passed     24.71%
  10  Aque_Aqu2.1.10154_001                                                4.84%    passed     56.19%
  11  Aque_Aqu2.1.04752_001                                               61.29%    passed     89.51%
  12  Aque_Aqu2.1.24668_001                                               67.92%    passed     15.51%
  13  Aque_Aqu2.1.24663_001                                                5.38%    passed     49.07%
  14  Aque_Aqu2.1.10347_001                                               22.40%    passed     30.63%
  15  Stycar_maker-SC_scaffold3346-snap-gene-0.138-mRNA-1                 58.06%    passed     35.91%
  16  Stycar_maker-SC_scaffold5308-augustus-gene-0.26-mRNA-1              88.17%    passed     30.18%
  17  Stycar_maker-SC_scaffold5308-snap-gene-0.33-mRNA-1                  86.20%    passed     16.46%
  18  Spolac_c102444_g1_i1_m.29379c102444-g1                               3.94%    passed     28.67%
  19  Spolac_c102444_g1_i2_m.29380c102444-g1                              17.20%    failed      2.60%
  20  Emue_Em0012g794a.t1                                                 32.80%    passed     39.03%
  21  Xestes_augustus_masked-XT_scaffold5792-processed-gene-0.11-mRNA-1    1.79%    passed     88.52%
  22  Xestes_maker-XT_scaffold1634-augustus-gene-0.34-mRNA-1              13.26%    passed     91.24%
  23  Stycar_maker-SC_scaffold29768-snap-gene-0.3-mRNA-1                  86.92%    failed      1.08%
  24  Plajan_Pjan_C564444_01                                               6.27%    passed     97.64%
  25  Stycar_maker-SC_scaffold3346-snap-gene-0.137-mRNA-1                 46.24%    passed     26.21%
  26  Stycar_maker-SC_scaffold5308-augustus-gene-0.27-mRNA-1              53.41%    passed     44.51%
  27  Bralan_BLAG10000872_1                                                2.69%    passed     90.93%
  28  Bralan_BLAG10000881_1                                                2.69%    passed     94.85%
  29  Plespi_Pspi_scaffold5380_01                                         78.49%    passed     34.04%
  30  Dgig_XM_028540528.1                                                  3.58%    passed     93.38%
  31  Xesp_011763-T1                                                       7.71%    passed     66.46%
  32  Gasp_gasp1.m3.30937.m1                                              57.89%    passed     60.41%
  33  Fspp_ffun1.m4.23270.m1                                               5.91%    passed     95.58%
  34  Gasp_gasp1.m3.30940.m1                                              56.09%    passed     79.88%
  35  Gfas_gfas1.m1.13653.m1                                               1.25%    passed     99.79%
  36  Amil_Amillepora21940-RA                                              4.66%    passed     94.16%
  37  Adig_XM_015899447.1                                                  2.15%    passed     93.24%
  38  Spis_XP_022783891_1                                                  2.15%    passed     99.20%
  39  Pocdam_XM_027198035.1                                               21.51%    passed     98.46%
  40  Exapal_XM_021042681.2                                               11.65%    passed     96.53%
  41  Nvec_v1g40552                                                       41.04%    passed     91.43%
  42  Morvir_scaffold66.g28.t1                                             2.15%    passed     31.80%
  43  Ctel_gnl_WGS_AMQN_CAPTEDRAFT_mRNA175042                              0.54%    passed     68.10%
  44  Cgig_XM_034482846.1                                                  3.41%    passed     72.79%
  45  Dpul_mRNA24391                                                       1.79%    passed     29.85%
  46  Tcas_TC005858_001                                                    1.08%    passed     99.94%
  47  Acagra_model.g6022.t1                                               13.26%    passed     84.19%
  48  Cscu_XM_023361009.1                                                  4.66%    passed     20.06%
  49  Hsap_ENST00000342245                                                 2.33%    failed      0.00%
  50  Leuniv_Lniv_C782251_01                                              63.26%    passed     44.54%
  51  Lcom_lcpid30292                                                     10.93%    passed     14.85%
  52  Clacor_Ccor_scaffold10718_01                                        37.28%    passed     91.27%
  53  Aaur_scaffold3993.g1.t3                                             32.97%    passed     16.47%
  54  Sanmal_Sma_016482-T1                                                 1.61%    passed     67.83%
  55  Nemnom_g13888.t1                                                     2.15%    passed     91.83%
  56  Rhoesc_Res_012346-T1                                                 1.61%    passed     83.18%
  57  Skow_XM_006818595.1                                                  9.14%    passed     98.08%
  58  Spolac_c99559_g1_i3_m.19989c99559-g1                                36.74%    passed     30.57%
  59  Spolac_c99559_g1_i2_m.19987c99559-g1                                19.18%    passed     73.12%
  60  Spolac_c99559_g1_i1_m.19985c99559-g1                                11.83%    passed     62.66%
  61  Emue_Em0012g808a.t1                                                 11.47%    passed     69.77%
  62  Spolac_c94471_g1_i3_m.10129c94471-g1                                69.00%    passed     95.19%
  63  Spolac_c94471_g1_i4_m.10130c94471-g1                                75.27%    passed     79.88%
  64  Emue_Em0012g812a.t1                                                 11.29%    passed     53.64%
  65  Scil_scict006779.1                                                  11.65%    passed     59.81%
  66  Lcom_lcpid48973                                                      4.66%    passed     44.93%
  67  Leuniv_Lniv_scaffold24538_01                                        48.21%    passed     44.14%
  68  Gracom_Gcom_C556608_01                                               4.12%    passed     90.61%
  69  Scil_scict008144.1                                                   2.69%    passed     46.64%
  70  Leuniv_Lniv_C781245_01                                              64.52%    passed     29.21%
  71  Gracom_Gcom_scaffold2670_01                                          3.41%    passed     25.04%
  72  Leuniv_Lniv_scaffold4631_01                                         16.31%    passed     46.31%
  73  Lcom_lcpid48009                                                      3.58%    passed     11.59%
  74  Scil_scict012822.2                                                   3.76%    passed     34.44%
  75  Tcas_TC031113_001                                                    0.72%    passed     12.71%
  76  Opea_EP00118_Oscarella_pearsei_P010612                               5.91%    passed     70.91%
  77  Ocar_g6851                                                           8.60%    passed     85.82%
  78  Opea_EP00118_Oscarella_pearsei_P010611                              82.44%    passed     22.46%
  79  Opea_EP00118_Oscarella_pearsei_P025852                               4.66%    passed      7.93%
  80  Ocar_g1038                                                          82.26%    passed     14.17%
  81  Lcom_lcpid226611                                                    80.11%    failed      2.68%
  82  Lcom_lcpid97675                                                     22.94%    passed     67.51%
  83  Lcom_lcpid202768                                                    76.88%    failed      0.84%
  84  Spur_XM_030974427.1                                                  4.48%    passed     86.38%
  85  Skow_XM_006818596.1                                                 46.59%    passed     95.73%
  86  Acagra_model.g19101.t1                                              20.43%    passed     60.84%
  87  Pbac_sb2668741                                                      86.74%    passed     35.20%
  88  Pbac_sb2658444                                                       9.14%    passed     33.88%
  89  Horcal_Hcv1.av93.c5.g68.i1                                           2.87%    passed     65.78%
  90  Drygla_Dgla_sb277758                                                69.00%    passed     80.18%
  91  Bolinf_Binf_sb1226485                                               43.19%    passed     17.79%
  92  Mertsp_Mesp_sb541510                                                53.58%    passed     26.22%
  93  Mlei_ML0219.g5.i1                                                    2.87%    passed     66.72%
  94  Vmul_sbMO486104                                                     75.09%    passed     62.90%
  95  Mlei_ML4713.g1.i1                                                   86.02%    passed      8.67%
  96  Drygla_Dgla_sb277757                                                64.70%    passed     39.92%
  97  Eupdun_Edun_sb10660310                                              56.63%    passed     49.99%
  98  Vmul_Simscaffold11694_01                                            61.83%    passed     39.93%
  99  Coemet_Cmet_scaffold5156_01                                         62.01%    passed     79.11%
 100  Coeast_Cast_sb809096                                                62.01%    passed     51.87%
 101  Coeast_Cast_sb809101                                                62.01%    passed     36.77%
 102  Lampan_Lpan_11028_01                                                61.65%    passed      8.83%
 103  Coemet_Cmet_scaffold5159_01                                         57.71%    passed     50.37%
 104  Chem_TCONS_00009740                                                  4.66%    passed     73.78%
 105  Hvul_g864_1                                                          3.41%    failed      1.74%
 106  Tetwil_g25667.t2                                                    75.09%    passed     31.71%
 107  Skow_XM_006815472.1                                                 81.72%    failed      4.00%
 108  Tetwil_g9291.t1                                                     19.89%    passed     76.31%
 109  Mlei_ML4098.g3.i1                                                   48.39%    failed      0.00%
 110  Tetwil_g12194.t1                                                    56.81%    passed     55.67%
 111  Tcas_TC007030_001                                                    4.48%    passed     33.53%
WARNING: 38 sequences contain more than 50% gaps/ambiguity
****  TOTAL                                                               32.14%  8 sequences failed composition chi2 test (p-value<5%; df=19)


Create initial parsimony tree by phylogenetic likelihood library (PLL)... 0.092 seconds
Measuring multi-threading efficiency up to 2 CPU cores
9 trees examined
Threads: 1 / Time: 2.016 sec / Speedup: 1.000 / Efficiency: 100% / LogL: -78127
Threads: 2 / Time: 1.015 sec / Speedup: 1.987 / Efficiency: 99% / LogL: -78127
BEST NUMBER OF THREADS: 2

Perform fast likelihood tree search using LG+I+G model...
Estimate model parameters (epsilon = 5.000)
Perform nearest neighbor interchange...
Estimate model parameters (epsilon = 1.000)
1. Initial log-likelihood: -54810.045
Optimal log-likelihood: -54810.032
Proportion of invariable sites: 0.027
Gamma shape alpha: 1.354
Parameters optimization took 1 rounds (0.337 sec)
Time for fast ML tree search: 4.765 seconds

NOTE: ModelFinder requires 42 MB RAM!
ModelFinder will test up to 24 protein models (sample size: 558) ...
 No. Model         -LnL         df  AIC          AICc         BIC
  1  LG            57042.081    219 114522.163   114807.252   115469.198
  2  LG+I          56751.742    220 113943.485   114232.031   114894.844
  3  LG+G4         54841.519    220 110123.037   110411.583   111074.396
  4  LG+I+G4       54810.043    221 110062.086   110354.122   111017.770
  8  LG+F+I+G4     54829.685    240 110139.369   110504.290   111177.215
 12  WAG+I+G4      54823.812    221 110089.624   110381.660   111045.308
 16  WAG+F+I+G4    54872.416    240 110224.832   110589.753   111262.678
 20  JTT+I+G4      55341.724    221 111125.449   111417.484   112081.132
 24  JTT+F+I+G4    55320.248    240 111120.497   111485.418   112158.343
Akaike Information Criterion:           LG+I+G4
Corrected Akaike Information Criterion: LG+I+G4
Bayesian Information Criterion:         LG+I+G4
Best-fit model: LG+I+G4 chosen according to BIC

All model information printed to results_broccoli_meto/alignments_prefiltering/OG_5867.iqtree.model.gz
CPU time for ModelFinder: 31.955 seconds (0h:0m:31s)
Wall-clock time for ModelFinder: 17.435 seconds (0h:0m:17s)
Generating 1000 samples for ultrafast bootstrap (seed: 537205)...

NOTE: 42 MB RAM (0 GB) is required!
Estimate model parameters (epsilon = 0.100)
Thoroughly optimizing +I+G parameters from 10 start values...
Init pinv, alpha: 0.000, 1.355 / Estimate: 0.027, 1.354 / LogL: -54810.038
Init pinv, alpha: 0.003, 1.355 / Estimate: 0.027, 1.353 / LogL: -54810.048
Init pinv, alpha: 0.007, 1.355 / Estimate: 0.027, 1.354 / LogL: -54810.040
Init pinv, alpha: 0.010, 1.355 / Estimate: 0.027, 1.354 / LogL: -54810.036
Init pinv, alpha: 0.014, 1.355 / Estimate: 0.027, 1.354 / LogL: -54810.038
Init pinv, alpha: 0.017, 1.355 / Estimate: 0.027, 1.353 / LogL: -54810.043
Init pinv, alpha: 0.020, 1.355 / Estimate: 0.027, 1.354 / LogL: -54810.037
Init pinv, alpha: 0.024, 1.355 / Estimate: 0.027, 1.354 / LogL: -54810.034
Init pinv, alpha: 0.027, 1.355 / Estimate: 0.027, 1.355 / LogL: -54810.033
Init pinv, alpha: 0.030, 1.355 / Estimate: 0.027, 1.355 / LogL: -54810.032
Optimal pinv,alpha: 0.027, 1.355 / LogL: -54810.032

Parameters optimization took 10.012 sec
Computing ML distances based on estimated model parameters...
Computing ML distances took 0.850176 sec (of wall-clock time) 1.695377 sec(of CPU time)
WARNING: Some pairwise ML distances are too long (saturated)
Computing RapidNJ tree took 0.001876 sec (of wall-clock time) 0.002728 sec (of CPU time)
Log-likelihood of RapidNJ tree: -57582.007
--------------------------------------------------------------------
|             INITIALIZING CANDIDATE TREE SET                      |
--------------------------------------------------------------------
Generating 98 parsimony trees... 6.989 second
Computing log-likelihood of 98 initial trees ... 10.629 seconds
Current best score: -54810.032

Do NNI search on 20 best initial trees
Estimate model parameters (epsilon = 0.100)
BETTER TREE FOUND at iteration 1: -54809.556
Estimate model parameters (epsilon = 0.100)
BETTER TREE FOUND at iteration 2: -54777.451
Estimate model parameters (epsilon = 0.100)
BETTER TREE FOUND at iteration 5: -54776.903
Iteration 10 / LogL: -54777.403 / Time: 0h:0m:56s
Estimate model parameters (epsilon = 0.100)
BETTER TREE FOUND at iteration 11: -54775.072
Estimate model parameters (epsilon = 0.100)
BETTER TREE FOUND at iteration 20: -54774.584
Iteration 20 / LogL: -54774.584 / Time: 0h:1m:22s
Finish initializing candidate tree set (20)
Current best tree score: -54774.584 / CPU time: 70.448
Number of iterations: 20
--------------------------------------------------------------------
|               OPTIMIZING CANDIDATE TREE SET                      |
--------------------------------------------------------------------
Estimate model parameters (epsilon = 0.100)
BETTER TREE FOUND at iteration 26: -54769.893
Iteration 30 / LogL: -54777.049 / Time: 0h:1m:50s (0h:12m:23s left)
Estimate model parameters (epsilon = 0.100)
BETTER TREE FOUND at iteration 33: -54768.541
Estimate model parameters (epsilon = 0.100)
BETTER TREE FOUND at iteration 38: -54768.405
Iteration 40 / LogL: -54772.617 / Time: 0h:2m:18s (0h:11m:45s left)
Estimate model parameters (epsilon = 0.100)
BETTER TREE FOUND at iteration 41: -54767.937
Estimate model parameters (epsilon = 0.100)
BETTER TREE FOUND at iteration 47: -54766.585
Iteration 50 / LogL: -54767.096 / Time: 0h:2m:48s (0h:11m:19s left)
Log-likelihood cutoff on original alignment: -54845.461
Iteration 60 / LogL: -54767.993 / Time: 0h:3m:16s (0h:10m:21s left)
Estimate model parameters (epsilon = 0.100)
BETTER TREE FOUND at iteration 63: -54766.150
Estimate model parameters (epsilon = 0.100)
BETTER TREE FOUND at iteration 66: -54764.442
Iteration 70 / LogL: -54765.367 / Time: 0h:3m:49s (0h:10m:52s left)
Iteration 80 / LogL: -54764.819 / Time: 0h:4m:16s (0h:10m:4s left)
Estimate model parameters (epsilon = 0.100)
BETTER TREE FOUND at iteration 83: -54763.189
Iteration 90 / LogL: -54770.575 / Time: 0h:4m:44s (0h:10m:16s left)
Iteration 100 / LogL: -54764.130 / Time: 0h:5m:13s (0h:9m:38s left)
Log-likelihood cutoff on original alignment: -54842.409
NOTE: Bootstrap correlation coefficient of split occurrence frequencies: 0.994
Iteration 110 / LogL: -54765.986 / Time: 0h:5m:40s (0h:8m:59s left)
Iteration 120 / LogL: -54768.772 / Time: 0h:6m:6s (0h:8m:22s left)
Iteration 130 / LogL: -54774.055 / Time: 0h:6m:31s (0h:7m:44s left)
Iteration 140 / LogL: -54763.365 / Time: 0h:6m:55s (0h:7m:7s left)
Estimate model parameters (epsilon = 0.100)
BETTER TREE FOUND at iteration 150: -54763.061
Iteration 150 / LogL: -54763.061 / Time: 0h:7m:20s (0h:9m:51s left)
Log-likelihood cutoff on original alignment: -54842.409
Iteration 160 / LogL: -54766.530 / Time: 0h:7m:45s (0h:9m:16s left)
Iteration 170 / LogL: -54763.577 / Time: 0h:8m:10s (0h:8m:42s left)
Iteration 180 / LogL: -54765.146 / Time: 0h:8m:33s (0h:8m:7s left)
Iteration 190 / LogL: -54765.852 / Time: 0h:8m:56s (0h:7m:34s left)
Iteration 200 / LogL: -54767.145 / Time: 0h:9m:20s (0h:7m:2s left)
Log-likelihood cutoff on original alignment: -54842.409
NOTE: Bootstrap correlation coefficient of split occurrence frequencies: 0.998
Iteration 210 / LogL: -54767.614 / Time: 0h:9m:47s (0h:6m:33s left)
Iteration 220 / LogL: -54763.303 / Time: 0h:10m:11s (0h:6m:2s left)
Iteration 230 / LogL: -54767.079 / Time: 0h:10m:35s (0h:5m:33s left)
Iteration 240 / LogL: -54763.241 / Time: 0h:10m:59s (0h:5m:3s left)
Iteration 250 / LogL: -54772.064 / Time: 0h:11m:24s (0h:4m:34s left)
Log-likelihood cutoff on original alignment: -54842.409
Iteration 260 / LogL: -54780.295 / Time: 0h:11m:48s (0h:4m:6s left)
Iteration 270 / LogL: -54763.136 / Time: 0h:12m:11s (0h:3m:37s left)
Iteration 280 / LogL: -54763.675 / Time: 0h:12m:37s (0h:3m:10s left)
Iteration 290 / LogL: -54766.720 / Time: 0h:13m:2s (0h:2m:42s left)
Iteration 300 / LogL: -54763.565 / Time: 0h:13m:27s (0h:2m:15s left)
Log-likelihood cutoff on original alignment: -54842.409
NOTE: Bootstrap correlation coefficient of split occurrence frequencies: 0.999
Iteration 310 / LogL: -54769.114 / Time: 0h:13m:51s (0h:4m:2s left)
Iteration 320 / LogL: -54786.642 / Time: 0h:14m:14s (0h:3m:34s left)
Iteration 330 / LogL: -54765.500 / Time: 0h:14m:38s (0h:3m:6s left)
Iteration 340 / LogL: -54767.143 / Time: 0h:15m:2s (0h:2m:39s left)
Iteration 350 / LogL: -54763.152 / Time: 0h:15m:26s (0h:2m:12s left)
Log-likelihood cutoff on original alignment: -54842.409
TREE SEARCH COMPLETED AFTER 351 ITERATIONS / Time: 0h:15m:29s

--------------------------------------------------------------------
|                    FINALIZING TREE SEARCH                        |
--------------------------------------------------------------------
Performs final model parameters optimization
Estimate model parameters (epsilon = 0.010)
1. Initial log-likelihood: -54763.061
Optimal log-likelihood: -54763.047
Proportion of invariable sites: 0.027
Gamma shape alpha: 1.351
Parameters optimization took 1 rounds (0.333 sec)
BEST SCORE FOUND : -54763.047
Creating bootstrap support values...
Split supports printed to NEXUS file results_broccoli_meto/alignments_prefiltering/OG_5867.iqtree.splits.nex
Total tree length: 47.233

Total number of iterations: 351
CPU time used for tree search: 1807.864 sec (0h:30m:7s)
Wall-clock time used for tree search: 917.102 sec (0h:15m:17s)
Total CPU time used: 1833.252 sec (0h:30m:33s)
Total wall-clock time used: 930.229 sec (0h:15m:30s)

Computing bootstrap consensus tree...
Reading input file results_broccoli_meto/alignments_prefiltering/OG_5867.iqtree.splits.nex...
111 taxa and 767 splits.
Consensus tree written to results_broccoli_meto/alignments_prefiltering/OG_5867.iqtree.contree
Reading input trees file results_broccoli_meto/alignments_prefiltering/OG_5867.iqtree.contree
Log-likelihood of consensus tree: -54763.135

Analysis results written to: 
  IQ-TREE report:                results_broccoli_meto/alignments_prefiltering/OG_5867.iqtree.iqtree
  Maximum-likelihood tree:       results_broccoli_meto/alignments_prefiltering/OG_5867.iqtree.treefile
  Likelihood distances:          results_broccoli_meto/alignments_prefiltering/OG_5867.iqtree.mldist

Ultrafast bootstrap approximation results written to:
  Split support values:          results_broccoli_meto/alignments_prefiltering/OG_5867.iqtree.splits.nex
  Consensus tree:                results_broccoli_meto/alignments_prefiltering/OG_5867.iqtree.contree
  Screen log file:               results_broccoli_meto/alignments_prefiltering/OG_5867.iqtree.log

Date and Time: Tue Dec 13 20:34:44 2022
