IQ-TREE multicore version 2.1.0 for Linux 64-bit built Jul 18 2020
Developed by Bui Quang Minh, James Barbetti, Nguyen Lam Tung,
Olga Chernomor, Heiko Schmidt, Dominik Schrempf, Michael Woodhams.

Host:    node-hp0506.linux.crg.es (AVX, 125 GB RAM)
Command: /users/asebe/xgraubove/Programes/iqtree-2.1.0-Linux/bin/iqtree2 -s results_broccoli_meto/alignments_prefiltering/OG_5208.lt.fasta -m TEST -mset LG,WAG,JTT -nt AUTO -ntmax 2 -bb 1000 -pre results_broccoli_meto/alignments_prefiltering/OG_5208.iqtree -nm 10000 -nstop 200 -cptime 1800
Seed:    923470 (Using SPRNG - Scalable Parallel Random Number Generator)
Time:    Tue Dec 13 08:06:12 2022
Kernel:  AVX - auto-detect threads (2 CPU cores detected)

Reading alignment file results_broccoli_meto/alignments_prefiltering/OG_5208.lt.fasta ... Fasta format detected
Alignment most likely contains protein sequences
Alignment has 85 sequences with 389 columns, 389 distinct patterns
389 parsimony-informative, 0 singleton sites, 0 constant sites
                                                         Gap/Ambiguity  Composition  p-value
   1  Gasp_gasp1.m1b.26228.m1                                   77.38%    failed      4.09%
   2  Fspp_ffun1.m4.18867.m1                                    68.64%    passed     25.66%
   3  Amil_Amillepora24307-RA                                   19.28%    passed     20.35%
   4  Adig_XM_015894107.1                                       27.76%    passed      7.86%
   5  Gasp_gasp1.m1b.26234.m1                                   81.49%    passed      5.85%
   6  Fspp_ffun1.m4.26110.m1                                    72.49%    passed     64.81%
   7  Spis_XP_022791215_1                                       17.22%    passed     79.77%
   8  Pocdam_XM_027202550.1                                     15.94%    passed     80.17%
   9  Gasp_gasp1.m3.19446.m1                                    41.39%    passed     45.61%
  10  Gfas_gfas1.m1.1211.m1                                     23.65%    passed     55.70%
  11  Plajan_Pjan_scaffold12247_01                              76.86%    passed     52.99%
  12  Opea_EP00118_Oscarella_pearsei_P024716                    36.50%    passed     31.00%
  13  Ocar_g3175                                                35.48%    passed     41.26%
  14  Nvec_v1g210446                                             9.77%    failed      0.18%
  15  Exapal_XM_021047740.2                                     16.45%    passed     73.96%
  16  Ctel_gnl_WGS_AMQN_CAPTEDRAFT_mRNA53253                    60.67%    passed     34.16%
  17  Cgig_XM_011432587.3                                        6.17%    passed     98.49%
  18  Acagra_model.g16747.t1_model.g16748.t1.1.5d400ce7         24.68%    passed     97.62%
  19  Dpul_mRNA14720                                            82.01%    passed     19.26%
  20  Tcas_TC014149_003                                          8.74%    passed     63.23%
  21  Cscu_XM_023371691.1                                        9.25%    passed     26.33%
  22  Cscu_XM_023387884.1                                       27.76%    passed     92.67%
  23  Ctel_gnl_WGS_AMQN_CAPTEDRAFT_mRNA95909                    83.55%    passed     17.55%
  24  Skow_XM_006825823.1                                       20.05%    passed     14.05%
  25  Bralan_BLAG14000108_1                                     31.11%    failed      1.33%
  26  Hsap_ENST00000376673                                      17.22%    passed     58.88%
  27  Hsap_ENST00000282488                                      13.88%    failed      2.99%
  28  Hsap_ENST00000370853                                      18.77%    passed     36.56%
  29  Spis_Spis13066_1                                          80.98%    failed      1.67%
  30  Spur_XM_011685657.2                                       24.16%    passed     23.00%
  31  Dpul_mRNA14723                                            83.03%    passed     46.28%
  32  Dgig_XM_028549707.1                                       11.57%    passed      5.99%
  33  Xesp_014154-T1                                            62.72%    passed     64.55%
  34  Mlei_ML1311.g38.i1                                        19.28%    passed     30.59%
  35  Horcal_Hcv1.av93.c6.g587.i1                               48.84%    failed      3.55%
  36  Pbac_sb2652351                                            82.01%    failed      0.74%
  37  Pbac_sb2668674                                            27.25%    failed      1.97%
  38  Lampan_Lpan_10778_01                                      53.47%    passed     52.75%
  39  Scil_scict019153.11                                       33.68%    passed     23.17%
  40  Lcom_lcpid239096                                          76.61%    failed      0.75%
  41  Gracom_Gcom_C525984_01                                    50.64%    failed      1.17%
  42  Clacor_Ccor_scaffold7303_01                               21.08%    passed     23.13%
  43  Leuniv_Lniv_C766881_01                                    57.84%    passed      5.86%
  44  Lcom_lcpid88505                                           14.65%    failed      3.06%
  45  Scil_scict024325.1                                        12.34%    failed      1.26%
  46  Gracom_Gcom_scaffold15353_01                              16.97%    failed      0.47%
  47  TrH2_TrispH2_008925-RA                                    30.08%    passed     16.29%
  48  Hhon_g08563.t1                                            14.65%    failed      2.13%
  49  HoiH04_mRNA15127                                          16.20%    failed      1.64%
  50  HoiH11_mRNA230                                            15.42%    failed      2.43%
  51  HoiH06_mRNA2101                                           15.17%    failed      1.90%
  52  HoiH23_PlH23_002368-RA                                    17.48%    failed      0.67%
  53  Tadh_TriadT4444                                           44.22%    passed     19.70%
  54  Sanmal_Sma_011523-T1                                      35.22%    passed     15.10%
  55  Nemnom_g19127.t1                                          27.51%    passed     48.11%
  56  Rhoesc_Res_016135-T1                                      27.51%    passed     72.33%
  57  Aaur_scaffold72.g7.t1                                     28.28%    passed     57.66%
  58  Lcom_lcpid130087                                          42.42%    failed      4.73%
  59  Tcas_TC014150_001                                         83.29%    passed     56.39%
  60  Xesp_014153-T1                                            10.80%    failed      0.01%
  61  Rhoesc_Res_007364-T1                                      29.31%    passed      5.59%
  62  Nemnom_g5688.t1                                           27.25%    failed      2.01%
  63  Sanmal_Sma_015388-T1                                      26.48%    passed      7.40%
  64  Aaur_scaffold72.g5.t1                                     40.10%    passed     62.52%
  65  Nemnom_g19128.t1                                          48.59%    passed     83.33%
  66  Rhoesc_Res_016134-T1                                      37.53%    passed     89.80%
  67  Halamb_c45505_g1_i1m.19085                                33.68%    passed     28.39%
  68  Halamb_c25308_g1_i1m.4739                                 42.67%    passed     35.53%
  69  Aque_Aqu2.1.43588_001                                     33.42%    failed      4.88%
  70  Xestes_maker-XT_scaffold125571-augustus-gene-0.7-mRNA-1   57.84%    passed     22.16%
  71  Emue_Em0021g774a.t1                                       33.16%    failed      1.46%
  72  Spolac_c103081_g2_i2_m.32349c103081-g2                    21.59%    failed      1.81%
  73  Stycar_maker-SC_scaffold5851-augustus-gene-0.10-mRNA-1    44.99%    passed     29.06%
  74  Tetwil_g22936.t2                                          60.41%    failed      1.54%
  75  Coemet_Cmet_scaffold11947_01                              39.85%    failed      0.00%
  76  Vmul_Simscaffold15030_01                                  62.72%    failed      0.00%
  77  Clacor_Ccor_scaffold10378_01                              23.91%    failed      0.01%
  78  Sanmal_Sma_011521-T1                                      38.56%    passed     30.13%
  79  Sanmal_Sma_011522-T1                                      35.99%    passed      9.90%
  80  Leuniv_Lniv_scaffold7988_01                               54.24%    failed      0.00%
  81  Lcom_lcpid49931                                           67.87%    failed      1.42%
  82  Gracom_Gcom_scaffold11197_01                              50.39%    passed     10.48%
  83  Lcom_lcpid87103                                           30.85%    passed      8.15%
  84  Lcom_lcpid113898                                          36.25%    failed      3.97%
  85  Pbac_sb2668673                                            68.38%    passed     35.26%
WARNING: 24 sequences contain more than 50% gaps/ambiguity
****  TOTAL                                                     38.30%  31 sequences failed composition chi2 test (p-value<5%; df=19)


Create initial parsimony tree by phylogenetic likelihood library (PLL)... 0.045 seconds
Measuring multi-threading efficiency up to 2 CPU cores
Increase to 10 rounds for branch lengths
3 trees examined
Threads: 1 / Time: 2.639 sec / Speedup: 1.000 / Efficiency: 100% / LogL: -41119
Threads: 2 / Time: 1.401 sec / Speedup: 1.883 / Efficiency: 94% / LogL: -41119
BEST NUMBER OF THREADS: 2

Perform fast likelihood tree search using LG+G model...
Estimate model parameters (epsilon = 5.000)
Perform nearest neighbor interchange...
Estimate model parameters (epsilon = 1.000)
1. Initial log-likelihood: -29934.023
Optimal log-likelihood: -29933.946
Gamma shape alpha: 1.758
Parameters optimization took 1 rounds (0.148 sec)
Time for fast ML tree search: 2.776 seconds

NOTE: ModelFinder requires 23 MB RAM!
ModelFinder will test up to 12 protein models (sample size: 389) ...
 No. Model         -LnL         df  AIC          AICc         BIC
  1  LG            30609.179    167 61552.359    61806.259    62214.277
  2  LG+G4         29933.989    168 60203.977    60462.086    60869.858
  4  LG+F+G4       29671.098    187 59716.196    60066.007    60457.385
  6  WAG+G4        29855.083    168 60046.166    60304.275    60712.048
  8  WAG+F+G4      29662.667    187 59699.334    60049.145    60440.523
 10  JTT+G4        29751.332    168 59838.663    60096.772    60504.544
 12  JTT+F+G4      29649.508    187 59673.015    60022.826    60414.205
Akaike Information Criterion:           JTT+F+G4
Corrected Akaike Information Criterion: JTT+F+G4
Bayesian Information Criterion:         JTT+F+G4
Best-fit model: JTT+F+G4 chosen according to BIC

All model information printed to results_broccoli_meto/alignments_prefiltering/OG_5208.iqtree.model.gz
CPU time for ModelFinder: 18.343 seconds (0h:0m:18s)
Wall-clock time for ModelFinder: 10.602 seconds (0h:0m:10s)
Generating 1000 samples for ultrafast bootstrap (seed: 923470)...

NOTE: 23 MB RAM (0 GB) is required!
Estimate model parameters (epsilon = 0.100)
1. Initial log-likelihood: -29649.508
Optimal log-likelihood: -29649.502
Gamma shape alpha: 1.834
Parameters optimization took 1 rounds (0.160 sec)
Computing ML distances based on estimated model parameters...
Computing ML distances took 0.512556 sec (of wall-clock time) 1.022726 sec(of CPU time)
WARNING: Some pairwise ML distances are too long (saturated)
Computing RapidNJ tree took 0.001357 sec (of wall-clock time) 0.002664 sec (of CPU time)
Log-likelihood of RapidNJ tree: -30461.320
--------------------------------------------------------------------
|             INITIALIZING CANDIDATE TREE SET                      |
--------------------------------------------------------------------
Generating 98 parsimony trees... 3.798 second
Computing log-likelihood of 98 initial trees ... 5.632 seconds
Current best score: -29649.502

Do NNI search on 20 best initial trees
Estimate model parameters (epsilon = 0.100)
BETTER TREE FOUND at iteration 1: -29644.123
Estimate model parameters (epsilon = 0.100)
BETTER TREE FOUND at iteration 2: -29619.279
Estimate model parameters (epsilon = 0.100)
BETTER TREE FOUND at iteration 6: -29610.353
Iteration 10 / LogL: -29620.498 / Time: 0h:0m:29s
Iteration 20 / LogL: -29636.766 / Time: 0h:0m:46s
Finish initializing candidate tree set (20)
Current best tree score: -29610.353 / CPU time: 44.507
Number of iterations: 20
--------------------------------------------------------------------
|               OPTIMIZING CANDIDATE TREE SET                      |
--------------------------------------------------------------------
Estimate model parameters (epsilon = 0.100)
BETTER TREE FOUND at iteration 25: -29609.353
Estimate model parameters (epsilon = 0.100)
BETTER TREE FOUND at iteration 27: -29602.573
Iteration 30 / LogL: -29605.338 / Time: 0h:1m:2s (0h:7m:7s left)
Estimate model parameters (epsilon = 0.100)
BETTER TREE FOUND at iteration 38: -29601.909
Iteration 40 / LogL: -29604.427 / Time: 0h:1m:20s (0h:6m:46s left)
Estimate model parameters (epsilon = 0.100)
BETTER TREE FOUND at iteration 49: -29601.772
Iteration 50 / LogL: -29601.781 / Time: 0h:1m:36s (0h:6m:31s left)
Log-likelihood cutoff on original alignment: -29669.535
Estimate model parameters (epsilon = 0.100)
BETTER TREE FOUND at iteration 54: -29600.955
Iteration 60 / LogL: -29602.697 / Time: 0h:1m:52s (0h:6m:8s left)
Estimate model parameters (epsilon = 0.100)
BETTER TREE FOUND at iteration 63: -29600.851
Estimate model parameters (epsilon = 0.100)
BETTER TREE FOUND at iteration 64: -29599.164
Iteration 70 / LogL: -29601.393 / Time: 0h:2m:9s (0h:6m:4s left)
Iteration 80 / LogL: -29603.122 / Time: 0h:2m:25s (0h:5m:38s left)
Iteration 90 / LogL: -29618.183 / Time: 0h:2m:41s (0h:5m:15s left)
UPDATE BEST LOG-LIKELIHOOD: -29599.164
Iteration 100 / LogL: -29601.348 / Time: 0h:2m:58s (0h:4m:56s left)
Log-likelihood cutoff on original alignment: -29669.535
NOTE: Bootstrap correlation coefficient of split occurrence frequencies: 0.994
UPDATE BEST LOG-LIKELIHOOD: -29599.161
Iteration 110 / LogL: -29601.395 / Time: 0h:3m:14s (0h:4m:34s left)
Iteration 120 / LogL: -29599.279 / Time: 0h:3m:31s (0h:4m:15s left)
Iteration 130 / LogL: -29600.624 / Time: 0h:3m:47s (0h:3m:56s left)
Iteration 140 / LogL: -29603.698 / Time: 0h:4m:4s (0h:3m:37s left)
Iteration 150 / LogL: -29602.892 / Time: 0h:4m:20s (0h:3m:19s left)
Log-likelihood cutoff on original alignment: -29650.386
Iteration 160 / LogL: -29604.218 / Time: 0h:4m:36s (0h:3m:1s left)
Iteration 170 / LogL: -29599.163 / Time: 0h:4m:52s (0h:2m:42s left)
Iteration 180 / LogL: -29609.821 / Time: 0h:5m:7s (0h:2m:24s left)
Iteration 190 / LogL: -29600.939 / Time: 0h:5m:22s (0h:2m:6s left)
Iteration 200 / LogL: -29600.824 / Time: 0h:5m:38s (0h:1m:48s left)
Log-likelihood cutoff on original alignment: -29650.386
NOTE: Bootstrap correlation coefficient of split occurrence frequencies: 0.999
Iteration 210 / LogL: -29613.303 / Time: 0h:5m:54s (0h:2m:32s left)
Iteration 220 / LogL: -29600.894 / Time: 0h:6m:10s (0h:2m:15s left)
Iteration 230 / LogL: -29599.164 / Time: 0h:6m:26s (0h:1m:58s left)
Iteration 240 / LogL: -29602.254 / Time: 0h:6m:42s (0h:1m:40s left)
Iteration 250 / LogL: -29599.698 / Time: 0h:6m:57s (0h:1m:23s left)
Log-likelihood cutoff on original alignment: -29650.386
UPDATE BEST LOG-LIKELIHOOD: -29599.161
Iteration 260 / LogL: -29599.743 / Time: 0h:7m:13s (0h:1m:7s left)
TREE SEARCH COMPLETED AFTER 265 ITERATIONS / Time: 0h:7m:21s

--------------------------------------------------------------------
|                    FINALIZING TREE SEARCH                        |
--------------------------------------------------------------------
Performs final model parameters optimization
Estimate model parameters (epsilon = 0.010)
1. Initial log-likelihood: -29599.161
Optimal log-likelihood: -29599.161
Gamma shape alpha: 1.881
Parameters optimization took 1 rounds (0.152 sec)
BEST SCORE FOUND : -29599.161
Creating bootstrap support values...
Split supports printed to NEXUS file results_broccoli_meto/alignments_prefiltering/OG_5208.iqtree.splits.nex
Total tree length: 49.999

Total number of iterations: 265
CPU time used for tree search: 872.759 sec (0h:14m:32s)
Wall-clock time used for tree search: 440.383 sec (0h:7m:20s)
Total CPU time used: 876.326 sec (0h:14m:36s)
Total wall-clock time used: 442.331 sec (0h:7m:22s)

Computing bootstrap consensus tree...
Reading input file results_broccoli_meto/alignments_prefiltering/OG_5208.iqtree.splits.nex...
85 taxa and 632 splits.
Consensus tree written to results_broccoli_meto/alignments_prefiltering/OG_5208.iqtree.contree
Reading input trees file results_broccoli_meto/alignments_prefiltering/OG_5208.iqtree.contree
Log-likelihood of consensus tree: -29599.170

Analysis results written to: 
  IQ-TREE report:                results_broccoli_meto/alignments_prefiltering/OG_5208.iqtree.iqtree
  Maximum-likelihood tree:       results_broccoli_meto/alignments_prefiltering/OG_5208.iqtree.treefile
  Likelihood distances:          results_broccoli_meto/alignments_prefiltering/OG_5208.iqtree.mldist

Ultrafast bootstrap approximation results written to:
  Split support values:          results_broccoli_meto/alignments_prefiltering/OG_5208.iqtree.splits.nex
  Consensus tree:                results_broccoli_meto/alignments_prefiltering/OG_5208.iqtree.contree
  Screen log file:               results_broccoli_meto/alignments_prefiltering/OG_5208.iqtree.log

Date and Time: Tue Dec 13 08:13:47 2022
