IQ-TREE multicore version 2.1.0 for Linux 64-bit built Jul 18 2020
Developed by Bui Quang Minh, James Barbetti, Nguyen Lam Tung,
Olga Chernomor, Heiko Schmidt, Dominik Schrempf, Michael Woodhams.

Host:    node-hp0407.linux.crg.es (AVX, 125 GB RAM)
Command: /users/asebe/xgraubove/Programes/iqtree-2.1.0-Linux/bin/iqtree2 -s results_broccoli_meto/alignments_prefiltering/OG_5815.lt.fasta -m TEST -mset LG,WAG,JTT -nt AUTO -ntmax 2 -bb 1000 -pre results_broccoli_meto/alignments_prefiltering/OG_5815.iqtree -nm 10000 -nstop 200 -cptime 1800
Seed:    656418 (Using SPRNG - Scalable Parallel Random Number Generator)
Time:    Tue Dec 13 08:42:35 2022
Kernel:  AVX - auto-detect threads (2 CPU cores detected)

Reading alignment file results_broccoli_meto/alignments_prefiltering/OG_5815.lt.fasta ... Fasta format detected
Alignment most likely contains protein sequences
Alignment has 69 sequences with 411 columns, 411 distinct patterns
411 parsimony-informative, 0 singleton sites, 0 constant sites
                                                        Gap/Ambiguity  Composition  p-value
   1  Aque_Aqu2.1.14082_001                                    65.21%    passed      7.38%
   2  Aque_Aqu2.1.04608_001                                    75.67%    failed      4.08%
   3  Aque_Aqu2.1.12496_001                                    58.39%    passed     23.47%
   4  Aque_Aqu2.1.24623_001                                    28.47%    passed     13.38%
   5  Aque_Aqu2.1.15593_001                                     5.60%    failed      3.39%
   6  Aque_Aqu2.1.13180_001                                    73.97%    failed      2.75%
   7  Aque_Aqu2.1.11387_001                                    35.77%    passed     14.92%
   8  Halamb_c51956_g1_i1m.31812                                4.87%    passed     61.92%
   9  Xestes_maker-XT_scaffold2980-augustus-gene-0.15-mRNA-1    3.16%    passed     99.13%
  10  Tetwil_g12311.t1                                         73.48%    passed     55.17%
  11  Spolac_c100265_g1_i3_m.21956c100265-g1                    3.16%    failed      4.47%
  12  Tetwil_g12312.t1                                         30.66%    passed     77.74%
  13  Adig_XM_015895084.1                                      75.67%    passed     37.50%
  14  Adig_XM_015908055.1                                      22.87%    passed     61.69%
  15  Gfas_gfas1.m1.8617.m1                                     5.60%    passed     74.14%
  16  Amil_Amillepora07202-RA                                  23.36%    passed     73.58%
  17  Spis_XP_022800833_1                                      71.53%    passed     74.76%
  18  Spis_XP_022800391_1                                       3.16%    passed     99.22%
  19  Pocdam_XM_027186846.1                                     3.41%    passed     99.98%
  20  Gasp_gasp1.m3.3316.m1                                    16.79%    passed     94.78%
  21  Fspp_ffun1.m4.12124.m1                                   45.74%    passed     92.97%
  22  Nvec_v1g247138                                           20.19%    passed     92.29%
  23  Exapal_XM_021062073.1                                     4.62%    passed     99.01%
  24  Xesp_016091-T1                                            4.62%    passed     11.24%
  25  Dgig_XM_028542091.1                                       4.62%    passed     85.84%
  26  Aaur_scaffold779.g5.t1                                   74.21%    passed     74.03%
  27  Rhoesc_Res_000037-T1                                      6.57%    passed     83.51%
  28  Nemnom_g16316.t1                                          6.57%    passed     64.16%
  29  Sanmal_Sma_010789-T1                                     20.68%    passed     37.13%
  30  Cscu_XM_023355459.1                                      75.91%    passed      6.36%
  31  Bralan_BLAG06000473_1                                     4.38%    failed      1.95%
  32  Morvir_scaffold81.g35.t1                                 15.57%    passed     36.85%
  33  Cscu_XM_023355466.1                                      69.59%    passed     70.33%
  34  Acagra_model.g9340.t1                                     3.16%    passed     91.64%
  35  Hsap_ENST00000377792                                      3.89%    passed     96.99%
  36  Skow_XM_006812396.1                                       5.84%    passed     92.95%
  37  Leuniv_Lniv_scaffold7182_01                               2.19%    failed      0.16%
  38  Gracom_Gcom_C544408_01                                    2.43%    passed     21.33%
  39  Lcom_lcpid149021                                         54.50%    failed      2.00%
  40  Lcom_lcpid64043                                           2.43%    passed      5.21%
  41  Clacor_Ccor_C527333_01                                   27.25%    passed      5.41%
  42  Plajan_Pjan_scaffold19982_01                              2.43%    passed     42.03%
  43  Opea_EP00118_Oscarella_pearsei_P005190                    3.16%    passed     44.52%
  44  Spur_XM_030974130.1                                       3.89%    passed     48.09%
  45  Cgig_XM_011417371.3                                       4.62%    passed     66.69%
  46  Hvul_g33679_1                                             7.79%    passed     12.20%
  47  HoiH23_PlH23_010265-RA                                    3.89%    passed     48.32%
  48  HoiH06_mRNA5240                                          28.22%    passed      9.67%
  49  Hhon_g05468.t1                                            3.89%    passed     70.86%
  50  HoiH04_mRNA2464                                           3.89%    passed     75.09%
  51  TrH2_TrispH2_009011-RA                                    2.92%    passed     35.57%
  52  Tadh_TriadT60982                                          2.92%    passed     33.81%
  53  Ctel_gnl_WGS_AMQN_CAPTEDRAFT_mRNA221164                   4.87%    passed     52.46%
  54  Morvir_scaffold81.g32.t1                                 47.69%    passed     81.91%
  55  Horcal_Hcv1.av93.c1.g288.i1                               6.08%    passed     81.16%
  56  Pbac_sb2657877                                            6.08%    passed     83.31%
  57  Bolinf_Binf_sb1174309                                    32.36%    passed     99.47%
  58  Mlei_ML2056.g19.i1                                        6.57%    passed     98.53%
  59  Vmul_sbMO399395                                          31.63%    passed     99.85%
  60  Beraby_Baby_sb338650                                      6.33%    passed     85.80%
  61  Drygla_Dgla_sb296656                                      6.08%    passed     36.30%
  62  Lampan_Lpan_C409023_01                                    6.57%    passed     71.43%
  63  Vmul_Simscaffold16162_01                                  6.08%    passed     73.90%
  64  Coemet_Cmet_C597045_01                                    6.81%    passed     97.02%
  65  Coeast_Cast_sb783984                                     51.82%    passed     14.99%
  66  Coeast_Cast_sb783985                                     43.07%    passed     18.47%
  67  Eupdun_Edun_sb10616576                                   42.58%    passed     49.04%
  68  Tcas_TC033576_001                                        14.11%    passed     54.78%
  69  Dpul_mRNA18324                                           25.06%    passed     92.05%
WARNING: 12 sequences contain more than 50% gaps/ambiguity
****  TOTAL                                                    22.42%  7 sequences failed composition chi2 test (p-value<5%; df=19)


Create initial parsimony tree by phylogenetic likelihood library (PLL)... 0.025 seconds
Measuring multi-threading efficiency up to 2 CPU cores
Increase to 10 rounds for branch lengths
3 trees examined
Threads: 1 / Time: 2.170 sec / Speedup: 1.000 / Efficiency: 100% / LogL: -46868
Threads: 2 / Time: 1.134 sec / Speedup: 1.914 / Efficiency: 96% / LogL: -46868
BEST NUMBER OF THREADS: 2

Perform fast likelihood tree search using LG+G model...
Estimate model parameters (epsilon = 5.000)
Perform nearest neighbor interchange...
Estimate model parameters (epsilon = 1.000)
1. Initial log-likelihood: -33366.917
Optimal log-likelihood: -33366.753
Gamma shape alpha: 2.392
Parameters optimization took 1 rounds (0.128 sec)
Time for fast ML tree search: 1.410 seconds

NOTE: ModelFinder requires 20 MB RAM!
ModelFinder will test up to 12 protein models (sample size: 411) ...
 No. Model         -LnL         df  AIC          AICc         BIC
  1  LG            34019.299    135 68308.599    68442.126    68851.109
  2  LG+G4         33366.754    136 67005.508    67141.508    67552.036
  4  LG+F+G4       33288.938    155 66887.876    67077.523    67510.758
  6  WAG+G4        33516.275    136 67304.549    67440.549    67851.078
  8  WAG+F+G4      33446.202    155 67202.404    67392.051    67825.286
 10  JTT+G4        33573.027    136 67418.054    67554.054    67964.583
 12  JTT+F+G4      33404.026    155 67118.053    67307.700    67740.935
Akaike Information Criterion:           LG+F+G4
Corrected Akaike Information Criterion: LG+F+G4
Bayesian Information Criterion:         LG+F+G4
Best-fit model: LG+F+G4 chosen according to BIC

All model information printed to results_broccoli_meto/alignments_prefiltering/OG_5815.iqtree.model.gz
CPU time for ModelFinder: 14.216 seconds (0h:0m:14s)
Wall-clock time for ModelFinder: 8.200 seconds (0h:0m:8s)
Generating 1000 samples for ultrafast bootstrap (seed: 656418)...

NOTE: 20 MB RAM (0 GB) is required!
Estimate model parameters (epsilon = 0.100)
1. Initial log-likelihood: -33288.938
Optimal log-likelihood: -33288.934
Gamma shape alpha: 2.310
Parameters optimization took 1 rounds (0.129 sec)
Computing ML distances based on estimated model parameters...
Computing ML distances took 0.326616 sec (of wall-clock time) 0.652203 sec(of CPU time)
WARNING: Some pairwise ML distances are too long (saturated)
Computing RapidNJ tree took 0.000829 sec (of wall-clock time) 0.001636 sec (of CPU time)
Log-likelihood of RapidNJ tree: -33879.483
--------------------------------------------------------------------
|             INITIALIZING CANDIDATE TREE SET                      |
--------------------------------------------------------------------
Generating 98 parsimony trees... 2.570 second
Computing log-likelihood of 98 initial trees ... 4.513 seconds
Current best score: -33288.934

Do NNI search on 20 best initial trees
Estimate model parameters (epsilon = 0.100)
BETTER TREE FOUND at iteration 1: -33288.151
Estimate model parameters (epsilon = 0.100)
BETTER TREE FOUND at iteration 2: -33283.279
Estimate model parameters (epsilon = 0.100)
BETTER TREE FOUND at iteration 3: -33274.743
Estimate model parameters (epsilon = 0.100)
BETTER TREE FOUND at iteration 4: -33271.391
Estimate model parameters (epsilon = 0.100)
BETTER TREE FOUND at iteration 5: -33270.041
Iteration 10 / LogL: -33272.099 / Time: 0h:0m:17s
Estimate model parameters (epsilon = 0.100)
BETTER TREE FOUND at iteration 13: -33267.743
Iteration 20 / LogL: -33287.508 / Time: 0h:0m:26s
Finish initializing candidate tree set (16)
Current best tree score: -33267.743 / CPU time: 25.506
Number of iterations: 20
--------------------------------------------------------------------
|               OPTIMIZING CANDIDATE TREE SET                      |
--------------------------------------------------------------------
Estimate model parameters (epsilon = 0.100)
BETTER TREE FOUND at iteration 21: -33263.613
Estimate model parameters (epsilon = 0.100)
BETTER TREE FOUND at iteration 23: -33262.742
Estimate model parameters (epsilon = 0.100)
BETTER TREE FOUND at iteration 28: -33262.180
Iteration 30 / LogL: -33265.968 / Time: 0h:0m:37s (0h:4m:16s left)
Iteration 40 / LogL: -33263.038 / Time: 0h:0m:47s (0h:3m:46s left)
Iteration 50 / LogL: -33262.215 / Time: 0h:0m:57s (0h:3m:29s left)
Log-likelihood cutoff on original alignment: -33308.033
Iteration 60 / LogL: -33263.917 / Time: 0h:1m:7s (0h:3m:13s left)
Iteration 70 / LogL: -33263.377 / Time: 0h:1m:18s (0h:2m:59s left)
Iteration 80 / LogL: -33262.570 / Time: 0h:1m:27s (0h:2m:43s left)
Iteration 90 / LogL: -33263.006 / Time: 0h:1m:38s (0h:2m:32s left)
Iteration 100 / LogL: -33263.083 / Time: 0h:1m:49s (0h:2m:20s left)
Log-likelihood cutoff on original alignment: -33308.033
NOTE: Bootstrap correlation coefficient of split occurrence frequencies: 0.999
Iteration 110 / LogL: -33262.268 / Time: 0h:1m:59s (0h:2m:9s left)
Iteration 120 / LogL: -33264.932 / Time: 0h:2m:9s (0h:1m:57s left)
Iteration 130 / LogL: -33263.983 / Time: 0h:2m:18s (0h:1m:45s left)
Iteration 140 / LogL: -33263.404 / Time: 0h:2m:28s (0h:1m:34s left)
Iteration 150 / LogL: -33263.157 / Time: 0h:2m:38s (0h:1m:23s left)
Log-likelihood cutoff on original alignment: -33308.033
Iteration 160 / LogL: -33263.347 / Time: 0h:2m:50s (0h:1m:12s left)
Iteration 170 / LogL: -33264.046 / Time: 0h:3m:0s (0h:1m:1s left)
Iteration 180 / LogL: -33263.218 / Time: 0h:3m:11s (0h:0m:51s left)
Iteration 190 / LogL: -33265.774 / Time: 0h:3m:21s (0h:0m:40s left)
Iteration 200 / LogL: -33264.554 / Time: 0h:3m:30s (0h:0m:29s left)
Log-likelihood cutoff on original alignment: -33308.033
NOTE: Bootstrap correlation coefficient of split occurrence frequencies: 0.999
Iteration 210 / LogL: -33263.498 / Time: 0h:3m:41s (0h:1m:35s left)
Iteration 220 / LogL: -33263.650 / Time: 0h:3m:51s (0h:1m:24s left)
TREE SEARCH COMPLETED AFTER 229 ITERATIONS / Time: 0h:4m:0s

--------------------------------------------------------------------
|                    FINALIZING TREE SEARCH                        |
--------------------------------------------------------------------
Performs final model parameters optimization
Estimate model parameters (epsilon = 0.010)
1. Initial log-likelihood: -33262.180
Optimal log-likelihood: -33262.179
Gamma shape alpha: 2.318
Parameters optimization took 1 rounds (0.126 sec)
BEST SCORE FOUND : -33262.179
Creating bootstrap support values...
Split supports printed to NEXUS file results_broccoli_meto/alignments_prefiltering/OG_5815.iqtree.splits.nex
Total tree length: 41.455

Total number of iterations: 229
CPU time used for tree search: 475.911 sec (0h:7m:55s)
Wall-clock time used for tree search: 239.799 sec (0h:3m:59s)
Total CPU time used: 478.347 sec (0h:7m:58s)
Total wall-clock time used: 241.269 sec (0h:4m:1s)

Computing bootstrap consensus tree...
Reading input file results_broccoli_meto/alignments_prefiltering/OG_5815.iqtree.splits.nex...
69 taxa and 437 splits.
Consensus tree written to results_broccoli_meto/alignments_prefiltering/OG_5815.iqtree.contree
Reading input trees file results_broccoli_meto/alignments_prefiltering/OG_5815.iqtree.contree
Log-likelihood of consensus tree: -33262.829

Analysis results written to: 
  IQ-TREE report:                results_broccoli_meto/alignments_prefiltering/OG_5815.iqtree.iqtree
  Maximum-likelihood tree:       results_broccoli_meto/alignments_prefiltering/OG_5815.iqtree.treefile
  Likelihood distances:          results_broccoli_meto/alignments_prefiltering/OG_5815.iqtree.mldist

Ultrafast bootstrap approximation results written to:
  Split support values:          results_broccoli_meto/alignments_prefiltering/OG_5815.iqtree.splits.nex
  Consensus tree:                results_broccoli_meto/alignments_prefiltering/OG_5815.iqtree.contree
  Screen log file:               results_broccoli_meto/alignments_prefiltering/OG_5815.iqtree.log

Date and Time: Tue Dec 13 08:46:45 2022
