IQ-TREE multicore version 2.1.0 for Linux 64-bit built Jul 18 2020
Developed by Bui Quang Minh, James Barbetti, Nguyen Lam Tung,
Olga Chernomor, Heiko Schmidt, Dominik Schrempf, Michael Woodhams.

Host:    node-hp0303.linux.crg.es (AVX, 125 GB RAM)
Command: /users/asebe/xgraubove/Programes/iqtree-2.1.0-Linux/bin/iqtree2 -s results_broccoli_meto/alignments_prefiltering/OG_6094.lt.fasta -m TEST -mset LG,WAG,JTT -nt AUTO -ntmax 2 -bb 1000 -pre results_broccoli_meto/alignments_prefiltering/OG_6094.iqtree -nm 10000 -nstop 200 -cptime 1800
Seed:    133343 (Using SPRNG - Scalable Parallel Random Number Generator)
Time:    Tue Dec 13 20:29:43 2022
Kernel:  AVX - auto-detect threads (2 CPU cores detected)

Reading alignment file results_broccoli_meto/alignments_prefiltering/OG_6094.lt.fasta ... Fasta format detected
Alignment most likely contains protein sequences
Alignment has 106 sequences with 900 columns, 900 distinct patterns
895 parsimony-informative, 1 singleton sites, 4 constant sites
                                                              Gap/Ambiguity  Composition  p-value
   1  Aque_Aqu2.1.00564_001                                          93.22%    passed     31.44%
   2  Aque_Aqu2.1.03462_001                                          81.78%    passed     97.47%
   3  Aque_Aqu2.1.03463_001                                          92.44%    passed     91.84%
   4  Aque_Aqu2.1.04105_001                                          87.67%    passed     81.67%
   5  Aque_Aqu2.1.14155_001                                          84.78%    passed     41.85%
   6  Aque_Aqu2.1.16393_001                                          92.22%    passed     88.80%
   7  Halamb_c45569_g1_i2m.19190                                      9.67%    passed      5.75%
   8  Aque_Aqu2.1.02940_001                                          86.89%    passed     94.34%
   9  Aque_Aqu2.1.16396_001                                          89.67%    passed     80.41%
  10  Aque_Aqu2.1.15132_001                                          91.89%    passed     42.18%
  11  Aque_Aqu2.1.00466_001                                          78.89%    passed     68.72%
  12  Aque_Aqu2.1.15129_001                                          89.11%    passed     15.60%
  13  Xestes_maker-XT_scaffold1897-augustus-gene-0.31-mRNA-1         30.33%    failed      0.00%
  14  Tadh_TriadT28661                                               28.56%    passed     11.21%
  15  TrH2_TrispH2_003693-RA                                          1.89%    passed      6.18%
  16  HoiH06_mRNA8936                                                12.11%    passed     50.01%
  17  HoiH23_PlH23_003828-RA                                          2.11%    passed     72.91%
  18  HoiH11_mRNA1954                                                30.56%    failed      3.61%
  19  Hhon_g07701.t1                                                  1.89%    passed     11.78%
  20  HoiH04_mRNA4397                                                 1.89%    passed      8.65%
  21  Plespi_Pspi_scaffold7003_01                                    17.22%    failed      1.78%
  22  Plespi_Pspi_scaffold7005_01                                    20.00%    failed      1.57%
  23  Sanmal_Sma_016836-T1                                           27.89%    passed     26.96%
  24  Aaur_scaffold7.g71.t1                                          57.89%    passed      5.55%
  25  Nemnom_g725.t1                                                  1.22%    failed      2.42%
  26  Aaur_scaffold216.g18.t1                                        22.33%    passed     49.46%
  27  Rhoesc_Res_012866-T1                                           16.89%    passed     15.17%
  28  Morvir_scaffold29.g18.t1                                        3.67%    passed     56.93%
  29  Exapal_XM_021039775.2                                          13.56%    passed     44.55%
  30  Spis_XP_022808316_1                                            39.22%    passed      8.46%
  31  Fspp_ffun1.m4.33464.m1                                         59.00%    failed      0.70%
  32  Gasp_gasp1.m3.31382.m1                                          7.33%    passed     80.28%
  33  Adig_XM_015901348.1                                            23.11%    passed     92.98%
  34  Amil_Amillepora20632-RA                                        11.44%    passed     40.56%
  35  Amil_Amillepora20633-RA                                        92.33%    failed      0.04%
  36  Gfas_gfas1.m1.15208.m1                                          9.33%    passed     93.62%
  37  Nvec_v1g99701                                                   2.44%    passed     39.68%
  38  Fspp_ffun1.m4.17698.m1                                         46.44%    passed     56.87%
  39  Dgig_XM_028549219.1                                             1.56%    passed     67.18%
  40  Xesp_002891-T1                                                 10.33%    passed     34.34%
  41  Hvul_g26394_1                                                   7.44%    passed     73.33%
  42  Chem_TCONS_00017225                                            20.44%    failed      2.85%
  43  Pbac_sb2647193                                                 95.22%    passed     17.69%
  44  Horcal_Hcv1.av93.c11.g200.i1                                    4.78%    passed     42.59%
  45  Pbac_sb2645832                                                 95.11%    passed     59.39%
  46  Pbac_sb2659186                                                 69.00%    passed     21.40%
  47  Pbac_sb2651208                                                  8.67%    passed     32.82%
  48  Pbac_sb2646245                                                 95.22%    passed     83.21%
  49  Beraby_Baby_sb350845                                           40.56%    passed     29.33%
  50  Mertsp_Mesp_sb615888                                           84.00%    passed     15.02%
  51  Mlei_ML2340.g4.i1                                               4.11%    passed      5.99%
  52  Mertsp_Mesp_sb568314                                           78.89%    failed      1.45%
  53  Bolinf_Binf_sb1267324                                          64.67%    passed     15.64%
  54  Vmul_sbMO490661                                                83.33%    failed      0.01%
  55  Drygla_Dgla_sb289324                                           75.67%    passed     33.36%
  56  Drygla_Dgla_sb289323                                           71.89%    passed     63.84%
  57  Drygla_Dgla_sb289322                                           61.22%    passed     59.57%
  58  Drygla_Dgla_sb289325                                           81.11%    passed     20.42%
  59  Coeast_Cast_sb786899                                           51.11%    passed     10.57%
  60  Coeast_Cast_sb786901                                           83.78%    passed     74.20%
  61  Coeast_Cast_sb786898                                           43.33%    passed      7.56%
  62  Vmul_SimC406266                                                 5.56%    passed      5.98%
  63  Coemet_Cmet_scaffold18571_01                                   76.33%    passed     30.49%
  64  Lampan_Lpan_13862_01                                           44.67%    passed     13.97%
  65  Drygla_Dgla_sb272921                                           74.22%    failed      3.41%
  66  Eupdun_Edun_sb10628269                                         80.00%    failed      0.18%
  67  Bolinf_Binf_sb1297330                                          65.89%    failed      1.70%
  68  Mertsp_Mesp_sb564179                                           60.56%    passed      7.85%
  69  Ctel_gnl_WGS_AMQN_CAPTEDRAFT_mRNA186077                        71.11%    failed      2.95%
  70  Acagra_model.g23567.t1_model.g23568.t1.2.5d400f99               5.33%    passed     85.62%
  71  Cscu_XM_023381147.1                                             6.33%    passed     49.35%
  72  Cgig_XM_034466900.1                                             3.00%    passed     83.41%
  73  Bralan_BLAG16000432_1                                          15.67%    failed      1.31%
  74  Skow_XM_006822716.1                                            22.67%    passed     10.56%
  75  Spur_XM_030974637.1                                             1.78%    passed     12.97%
  76  Hsap_ENST00000325722                                            5.67%    failed      0.10%
  77  Hsap_ENST00000378214                                            4.22%    passed      6.52%
  78  Lcom_lcpid247517                                               90.00%    passed     18.49%
  79  Bralan_BLAG16000094_1                                          12.33%    failed      0.00%
  80  Lcom_lcpid243710                                               90.56%    failed      0.00%
  81  Plajan_Pjan_scaffold23691_01                                   21.22%    passed     19.14%
  82  Opea_EP00118_Oscarella_pearsei_P005811                          5.22%    passed     99.12%
  83  Ocar_g4315                                                     17.33%    passed     94.42%
  84  Stycar_snap_masked-SC_scaffold6157-processed-gene-0.6-mRNA-1   69.56%    passed     14.32%
  85  Tetwil_g26049.t2                                               24.67%    passed     33.13%
  86  Tcas_TC006065_001                                               9.44%    passed     75.38%
  87  Dpul_mRNA24943                                                 20.56%    failed      0.48%
  88  Leuniv_Lniv_scaffold25380_01                                   63.67%    passed     44.26%
  89  Gracom_Gcom_scaffold7437_01                                     4.89%    failed      0.40%
  90  Lcom_lcpid26067                                                 4.89%    failed      0.04%
  91  Scil_scict004079.2                                              4.78%    failed      1.88%
  92  Clacor_Ccor_scaffold6584_01                                    59.22%    failed      0.18%
  93  Leuniv_Lniv_C780025_01                                         77.11%    failed      0.00%
  94  Spolac_c104363_g1_i1_m.39912c101521-g2                         45.11%    failed      2.26%
  95  Spolac_c104363_g1_i3_m.39915c101521-g2                         13.00%    failed      0.06%
  96  Aque_Aqu2.1.16389_001                                          78.89%    passed     54.13%
  97  Beraby_Baby_sb350846                                           53.44%    failed      0.03%
  98  Beraby_Baby_sb350847                                           53.44%    failed      0.03%
  99  Bolinf_Binf_sb1168546                                          75.89%    failed      0.00%
 100  Hvul_g26396_1                                                  88.00%    passed     28.32%
 101  Chem_TCONS_00017223                                            73.89%    passed      9.43%
 102  Sanmal_Sma_016835-T1                                           66.67%    failed      0.39%
 103  Tetwil_g27251.t1                                               67.11%    failed      1.05%
 104  Hsap_ENST00000239367                                           53.89%    failed      0.00%
 105  Skow_XM_006814958.1                                            64.22%    failed      1.00%
 106  Cgig_XM_011437987.3                                            41.11%    failed      0.09%
WARNING: 50 sequences contain more than 50% gaps/ambiguity
****  TOTAL                                                          44.18%  34 sequences failed composition chi2 test (p-value<5%; df=19)
NOTE: Beraby_Baby_sb350847 is identical to Beraby_Baby_sb350846 but kept for subsequent analysis


Create initial parsimony tree by phylogenetic likelihood library (PLL)... 0.153 seconds
Measuring multi-threading efficiency up to 2 CPU cores
6 trees examined
Threads: 1 / Time: 2.088 sec / Speedup: 1.000 / Efficiency: 100% / LogL: -107135
Threads: 2 / Time: 1.131 sec / Speedup: 1.846 / Efficiency: 92% / LogL: -107135
BEST NUMBER OF THREADS: 2

Perform fast likelihood tree search using LG+I+G model...
Estimate model parameters (epsilon = 5.000)
Perform nearest neighbor interchange...
Estimate model parameters (epsilon = 1.000)
1. Initial log-likelihood: -72266.912
Optimal log-likelihood: -72266.877
Proportion of invariable sites: 0.001
Gamma shape alpha: 1.525
Parameters optimization took 1 rounds (0.628 sec)
Time for fast ML tree search: 8.637 seconds

NOTE: ModelFinder requires 63 MB RAM!
ModelFinder will test up to 24 protein models (sample size: 900) ...
 No. Model         -LnL         df  AIC          AICc         BIC
  1  LG            74108.489    209 148634.977   148762.195   149638.678
  2  LG+I          74081.766    210 148583.531   148712.152   149592.034
  3  LG+G4         72266.921    210 144953.841   145082.462   145962.344
  4  LG+I+G4       72266.882    211 144955.763   145085.798   145969.068
  7  LG+F+G4       72032.105    229 144522.210   144679.434   145621.959
  8  LG+F+I+G4     72031.959    230 144523.918   144682.752   145628.469
 11  WAG+G4        72075.508    210 144571.016   144699.637   145579.519
 12  WAG+I+G4      72073.449    211 144568.898   144698.933   145582.203
 15  WAG+F+G4      71853.977    229 144165.955   144323.178   145265.703
 16  WAG+F+I+G4    71852.144    230 144164.288   144323.122   145268.838
 19  JTT+G4        72751.181    210 145922.361   146050.982   146930.864
 20  JTT+I+G4      72747.297    211 145916.594   146046.629   146929.899
 23  JTT+F+G4      72427.673    229 145313.345   145470.569   146413.093
 24  JTT+F+I+G4    72423.237    230 145306.473   145465.307   146411.024
Akaike Information Criterion:           WAG+F+I+G4
Corrected Akaike Information Criterion: WAG+F+I+G4
Bayesian Information Criterion:         WAG+F+G4
Best-fit model: WAG+F+G4 chosen according to BIC

All model information printed to results_broccoli_meto/alignments_prefiltering/OG_6094.iqtree.model.gz
CPU time for ModelFinder: 71.840 seconds (0h:1m:11s)
Wall-clock time for ModelFinder: 43.282 seconds (0h:0m:43s)
Generating 1000 samples for ultrafast bootstrap (seed: 133343)...

NOTE: 63 MB RAM (0 GB) is required!
Estimate model parameters (epsilon = 0.100)
1. Initial log-likelihood: -71853.977
Optimal log-likelihood: -71853.940
Gamma shape alpha: 1.733
Parameters optimization took 1 rounds (1.174 sec)
Computing ML distances based on estimated model parameters...
Computing ML distances took 1.232103 sec (of wall-clock time) 1.628065 sec(of CPU time)
WARNING: Some pairwise ML distances are too long (saturated)
Computing RapidNJ tree took 0.003033 sec (of wall-clock time) 0.002535 sec (of CPU time)
Log-likelihood of RapidNJ tree: -74879.941
--------------------------------------------------------------------
|             INITIALIZING CANDIDATE TREE SET                      |
--------------------------------------------------------------------
Generating 98 parsimony trees... 8.806 second
Computing log-likelihood of 98 initial trees ... 18.944 seconds
Current best score: -71853.940

Do NNI search on 20 best initial trees
Estimate model parameters (epsilon = 0.100)
BETTER TREE FOUND at iteration 1: -71851.866
Estimate model parameters (epsilon = 0.100)
BETTER TREE FOUND at iteration 2: -71788.357
Estimate model parameters (epsilon = 0.100)
BETTER TREE FOUND at iteration 3: -71784.650
Estimate model parameters (epsilon = 0.100)
BETTER TREE FOUND at iteration 7: -71779.212
Iteration 10 / LogL: -71787.069 / Time: 0h:1m:37s
Estimate model parameters (epsilon = 0.100)
BETTER TREE FOUND at iteration 18: -71777.768
Estimate model parameters (epsilon = 0.100)
BETTER TREE FOUND at iteration 20: -71766.503
Iteration 20 / LogL: -71766.503 / Time: 0h:2m:46s
Finish initializing candidate tree set (20)
Current best tree score: -71766.503 / CPU time: 159.924
Number of iterations: 20
--------------------------------------------------------------------
|               OPTIMIZING CANDIDATE TREE SET                      |
--------------------------------------------------------------------
Estimate model parameters (epsilon = 0.100)
BETTER TREE FOUND at iteration 26: -71763.856
Estimate model parameters (epsilon = 0.100)
BETTER TREE FOUND at iteration 27: -71759.332
Iteration 30 / LogL: -71765.844 / Time: 0h:4m:12s (0h:28m:33s left)
UPDATE BEST LOG-LIKELIHOOD: -71759.326
Estimate model parameters (epsilon = 0.100)
BETTER TREE FOUND at iteration 35: -71758.409
Estimate model parameters (epsilon = 0.100)
BETTER TREE FOUND at iteration 38: -71755.558
Iteration 40 / LogL: -71758.179 / Time: 0h:5m:6s (0h:25m:54s left)
Estimate model parameters (epsilon = 0.100)
BETTER TREE FOUND at iteration 44: -71754.149
Iteration 50 / LogL: -71755.740 / Time: 0h:6m:11s (0h:24m:32s left)
Log-likelihood cutoff on original alignment: -71812.975
Estimate model parameters (epsilon = 0.100)
BETTER TREE FOUND at iteration 51: -71752.628
Estimate model parameters (epsilon = 0.100)
BETTER TREE FOUND at iteration 53: -71751.876
Iteration 60 / LogL: -71753.404 / Time: 0h:7m:12s (0h:23m:35s left)
Iteration 70 / LogL: -71757.437 / Time: 0h:8m:25s (0h:22m:19s left)
Iteration 80 / LogL: -71757.678 / Time: 0h:9m:30s (0h:20m:49s left)
Iteration 90 / LogL: -71753.358 / Time: 0h:10m:39s (0h:19m:31s left)
Iteration 100 / LogL: -71753.140 / Time: 0h:11m:51s (0h:18m:19s left)
Log-likelihood cutoff on original alignment: -71812.975
NOTE: Bootstrap correlation coefficient of split occurrence frequencies: 0.991
Iteration 110 / LogL: -71753.178 / Time: 0h:12m:58s (0h:17m:1s left)
BETTER TREE FOUND at iteration 118: -71751.875
Iteration 120 / LogL: -71754.181 / Time: 0h:14m:8s (0h:23m:31s left)
Iteration 130 / LogL: -71754.020 / Time: 0h:15m:23s (0h:22m:25s left)
Iteration 140 / LogL: -71775.381 / Time: 0h:16m:26s (0h:21m:3s left)
Iteration 150 / LogL: -71752.126 / Time: 0h:17m:28s (0h:19m:42s left)
Log-likelihood cutoff on original alignment: -71812.975
Iteration 160 / LogL: -71759.111 / Time: 0h:18m:35s (0h:18m:28s left)
Iteration 170 / LogL: -71757.065 / Time: 0h:19m:42s (0h:17m:15s left)
BETTER TREE FOUND at iteration 175: -71751.870
Iteration 180 / LogL: -71783.918 / Time: 0h:20m:44s (0h:22m:35s left)
Iteration 190 / LogL: -71751.909 / Time: 0h:21m:49s (0h:21m:21s left)
Iteration 200 / LogL: -71751.920 / Time: 0h:22m:52s (0h:20m:7s left)
Log-likelihood cutoff on original alignment: -71812.975
NOTE: Bootstrap correlation coefficient of split occurrence frequencies: 0.999
Iteration 210 / LogL: -71753.172 / Time: 0h:23m:56s (0h:18m:54s left)
Iteration 220 / LogL: -71751.879 / Time: 0h:25m:2s (0h:17m:43s left)
Iteration 230 / LogL: -71754.224 / Time: 0h:26m:9s (0h:16m:33s left)
Iteration 240 / LogL: -71753.432 / Time: 0h:27m:17s (0h:15m:24s left)
Iteration 250 / LogL: -71755.123 / Time: 0h:28m:23s (0h:14m:14s left)
Log-likelihood cutoff on original alignment: -71812.975
Iteration 260 / LogL: -71751.944 / Time: 0h:29m:29s (0h:13m:5s left)
Iteration 270 / LogL: -71760.856 / Time: 0h:30m:35s (0h:11m:56s left)
Iteration 280 / LogL: -71753.052 / Time: 0h:31m:37s (0h:10m:46s left)
Iteration 290 / LogL: -71754.282 / Time: 0h:32m:50s (0h:9m:39s left)
Iteration 300 / LogL: -71758.123 / Time: 0h:33m:58s (0h:8m:31s left)
Log-likelihood cutoff on original alignment: -71812.975
NOTE: Bootstrap correlation coefficient of split occurrence frequencies: 0.999
Iteration 310 / LogL: -71753.106 / Time: 0h:35m:8s (0h:10m:14s left)
Iteration 320 / LogL: -71763.016 / Time: 0h:36m:28s (0h:9m:8s left)
Iteration 330 / LogL: -71751.878 / Time: 0h:37m:38s (0h:8m:0s left)
Iteration 340 / LogL: -71752.226 / Time: 0h:38m:46s (0h:6m:51s left)
Iteration 350 / LogL: -71763.289 / Time: 0h:39m:47s (0h:5m:42s left)
Log-likelihood cutoff on original alignment: -71812.975
Iteration 360 / LogL: -71766.016 / Time: 0h:41m:1s (0h:4m:34s left)
Iteration 370 / LogL: -71754.103 / Time: 0h:42m:31s (0h:3m:27s left)
TREE SEARCH COMPLETED AFTER 376 ITERATIONS / Time: 0h:43m:8s

--------------------------------------------------------------------
|                    FINALIZING TREE SEARCH                        |
--------------------------------------------------------------------
Performs final model parameters optimization
Estimate model parameters (epsilon = 0.010)
1. Initial log-likelihood: -71751.870
Optimal log-likelihood: -71751.868
Gamma shape alpha: 1.729
Parameters optimization took 1 rounds (0.430 sec)
BEST SCORE FOUND : -71751.868
Creating bootstrap support values...
Split supports printed to NEXUS file results_broccoli_meto/alignments_prefiltering/OG_6094.iqtree.splits.nex
Total tree length: 54.606

Total number of iterations: 376
CPU time used for tree search: 5075.399 sec (1h:24m:35s)
Wall-clock time used for tree search: 2581.956 sec (0h:43m:1s)
Total CPU time used: 5084.349 sec (1h:24m:44s)
Total wall-clock time used: 2589.280 sec (0h:43m:9s)

Computing bootstrap consensus tree...
Reading input file results_broccoli_meto/alignments_prefiltering/OG_6094.iqtree.splits.nex...
106 taxa and 703 splits.
Consensus tree written to results_broccoli_meto/alignments_prefiltering/OG_6094.iqtree.contree
Reading input trees file results_broccoli_meto/alignments_prefiltering/OG_6094.iqtree.contree
Log-likelihood of consensus tree: -71751.872

Analysis results written to: 
  IQ-TREE report:                results_broccoli_meto/alignments_prefiltering/OG_6094.iqtree.iqtree
  Maximum-likelihood tree:       results_broccoli_meto/alignments_prefiltering/OG_6094.iqtree.treefile
  Likelihood distances:          results_broccoli_meto/alignments_prefiltering/OG_6094.iqtree.mldist

Ultrafast bootstrap approximation results written to:
  Split support values:          results_broccoli_meto/alignments_prefiltering/OG_6094.iqtree.splits.nex
  Consensus tree:                results_broccoli_meto/alignments_prefiltering/OG_6094.iqtree.contree
  Screen log file:               results_broccoli_meto/alignments_prefiltering/OG_6094.iqtree.log

Date and Time: Tue Dec 13 21:13:39 2022
