IQ-TREE multicore version 2.1.0 for Linux 64-bit built Jul 18 2020
Developed by Bui Quang Minh, James Barbetti, Nguyen Lam Tung,
Olga Chernomor, Heiko Schmidt, Dominik Schrempf, Michael Woodhams.

Host:    node-hp0206.linux.crg.es (AVX, 125 GB RAM)
Command: /users/asebe/xgraubove/Programes/iqtree-2.1.0-Linux/bin/iqtree2 -s results_broccoli_meto/alignments_prefiltering/OG_6005.lt.fasta -m TEST -mset LG,WAG,JTT -nt AUTO -ntmax 2 -bb 1000 -pre results_broccoli_meto/alignments_prefiltering/OG_6005.iqtree -nm 10000 -nstop 200 -cptime 1800
Seed:    958977 (Using SPRNG - Scalable Parallel Random Number Generator)
Time:    Tue Dec 13 20:17:28 2022
Kernel:  AVX - auto-detect threads (2 CPU cores detected)

Reading alignment file results_broccoli_meto/alignments_prefiltering/OG_6005.lt.fasta ... Fasta format detected
Alignment most likely contains protein sequences
Alignment has 58 sequences with 329 columns, 329 distinct patterns
327 parsimony-informative, 0 singleton sites, 2 constant sites
                                                         Gap/Ambiguity  Composition  p-value
   1  Aque_Aqu2.1.37418_001                                      9.42%    passed     49.90%
   2  Halamb_c52708_g1_i3mm.4719                                31.91%    passed     56.46%
   3  Xestes_maker-XT_scaffold1001-snap-gene-0.24-mRNA-1         9.73%    passed     59.17%
   4  Plajan_Pjan_scaffold18982_01                              52.89%    passed     62.65%
   5  Opea_EP00118_Oscarella_pearsei_P004887                     6.08%    passed     99.12%
   6  Amil_Amillepora06845-RA                                    1.82%    passed     87.38%
   7  Adig_XM_015921690.1                                        1.82%    passed     89.26%
   8  Gasp_gasp1.m3.3302.m1                                      3.34%    passed     88.85%
   9  Fspp_ffun1.m4.12785.m1                                     3.34%    passed     95.80%
  10  Spis_XP_022801176_1                                        3.34%    passed     81.07%
  11  Pocdam_XM_027186873.1                                      3.34%    passed     88.68%
  12  Gfas_gfas1.m1.16204.m1                                     3.04%    passed     98.24%
  13  Nvec_v1g233898                                             6.08%    passed     99.98%
  14  Exapal_XM_021054552.2                                      6.69%    passed     83.43%
  15  Dgig_XM_028548585.1                                        6.38%    passed     91.76%
  16  Xesp_015897-T1                                             5.78%    passed     83.22%
  17  Acagra_model.g31089.t1                                     4.56%    passed     41.95%
  18  Cgig_XM_011449303.3                                        3.04%    passed     99.75%
  19  Bralan_BLAG07000327_1                                      1.22%    passed     68.05%
  20  Hsap_ENST00000281141                                       3.65%    passed     93.87%
  21  Sanmal_Sma_010495-T1                                       6.38%    passed     97.47%
  22  Nemnom_g15692.t1                                           6.08%    passed     71.20%
  23  Rhoesc_Res_000653-T1                                       6.08%    passed     23.93%
  24  Morvir_scaffold251.g14.t1                                  3.95%    passed     72.47%
  25  Hvul_g32183_1                                              5.17%    passed     11.92%
  26  Gracom_Gcom_C557062_01                                     3.04%    passed     51.72%
  27  Lcom_lcpid27131                                            2.43%    passed     67.41%
  28  Clacor_Ccor_C535047_01                                    19.45%    passed     56.11%
  29  Tetwil_g25178.t1                                          20.06%    passed      5.06%
  30  Stycar_maker-SC_scaffold98058-augustus-gene-0.3-mRNA-1    29.48%    passed     50.54%
  31  Spolac_c104006_g2_i1_m.37539c104006-g2                    58.36%    passed     58.47%
  32  Emue_Em0001g2639a.t1                                      11.25%    passed     43.76%
  33  Spolac_c104006_g2_i3_m.37541c104006-g2                    17.93%    passed     24.51%
  34  Spur_XM_030972804.1                                       10.03%    passed     99.95%
  35  Ctel_gnl_WGS_AMQN_CAPTEDRAFT_mRNA169051                    6.38%    passed     94.50%
  36  TrH2_TrispH2_001789-RA                                     4.86%    passed     90.41%
  37  Tadh_TriadT55290                                          25.23%    passed     90.82%
  38  HoiH23_PlH23_005476-RA                                     8.81%    passed     87.94%
  39  HoiH06_mRNA2440                                            9.12%    passed     62.21%
  40  Hhon_g02142.t1                                             3.95%    passed     80.24%
  41  HoiH04_mRNA1613                                            4.56%    passed     73.71%
  42  Dpul_mRNA24751                                             1.52%    passed     95.95%
  43  Bolinf_Binf_sb1222334                                     26.44%    passed     24.38%
  44  Mertsp_Mesp_sb560812                                      55.32%    passed      9.50%
  45  Mlei_ML0011.g25.i1                                         6.99%    passed     61.11%
  46  Beraby_Baby_sb338017                                       7.29%    passed     22.23%
  47  Pbac_sb2639628                                            16.41%    passed      7.66%
  48  Horcal_Hcv1.av93.c2.g1640.i1                               6.38%    failed      2.09%
  49  Vmul_Simscaffold11119_01                                   5.17%    failed      3.16%
  50  Coemet_Cmet_scaffold14944_01                               8.81%    passed     79.85%
  51  Pbac_sb2665935                                             3.95%    failed      0.72%
  52  Emue_Em0007g248a.t1                                       41.03%    failed      0.43%
  53  Emue_Em0001g1538a.t1                                      19.76%    passed      5.40%
  54  Plajan_Pjan_C518002_01                                    64.13%    passed     73.72%
  55  Skow_XM_006818631.1                                       70.52%    passed     69.70%
  56  Stycar_maker-SC_scaffold67699-augustus-gene-0.10-mRNA-1   75.68%    passed     71.17%
  57  Tcas_TC004132_001                                         25.53%    passed     28.84%
  58  Clacor_Ccor_scaffold5008_01                               26.14%    passed     26.83%
WARNING: 6 sequences contain more than 50% gaps/ambiguity
****  TOTAL                                                     15.37%  4 sequences failed composition chi2 test (p-value<5%; df=19)


Create initial parsimony tree by phylogenetic likelihood library (PLL)... 0.029 seconds
Measuring multi-threading efficiency up to 2 CPU cores
Increase to 10 rounds for branch lengths
4 trees examined
Threads: 1 / Time: 2.204 sec / Speedup: 1.000 / Efficiency: 100% / LogL: -30221
Threads: 2 / Time: 1.172 sec / Speedup: 1.880 / Efficiency: 94% / LogL: -30221
BEST NUMBER OF THREADS: 2

Perform fast likelihood tree search using LG+I+G model...
Estimate model parameters (epsilon = 5.000)
Perform nearest neighbor interchange...
Estimate model parameters (epsilon = 1.000)
1. Initial log-likelihood: -23090.109
Optimal log-likelihood: -23090.031
Proportion of invariable sites: 0.003
Gamma shape alpha: 1.609
Parameters optimization took 1 rounds (0.105 sec)
Time for fast ML tree search: 0.946 seconds

NOTE: ModelFinder requires 13 MB RAM!
ModelFinder will test up to 24 protein models (sample size: 329) ...
 No. Model         -LnL         df  AIC          AICc         BIC
  1  LG            23825.092    113 47876.184    47996.017    48305.139
  2  LG+I          23805.566    114 47839.132    47961.656    48271.883
  3  LG+G4         23091.238    114 46410.476    46532.999    46843.227
  4  LG+I+G4       23090.031    115 46410.063    46535.321    46846.610
  7  LG+F+G4       23045.127    133 46356.255    46539.045    46861.131
  8  LG+F+I+G4     23043.539    134 46355.079    46541.573    46863.750
 11  WAG+G4        23187.707    114 46603.414    46725.938    47036.165
 12  WAG+I+G4      23185.597    115 46601.195    46726.453    47037.741
 15  WAG+F+G4      23138.476    133 46542.953    46725.742    47047.828
 16  WAG+F+I+G4    23135.814    134 46539.628    46726.123    47048.300
 19  JTT+G4        23217.639    114 46663.278    46785.802    47096.029
 20  JTT+I+G4      23215.394    115 46660.789    46786.047    47097.335
 23  JTT+F+G4      23166.450    133 46598.900    46781.690    47103.776
 24  JTT+F+I+G4    23163.862    134 46595.725    46782.219    47104.396
Akaike Information Criterion:           LG+F+I+G4
Corrected Akaike Information Criterion: LG+G4
Bayesian Information Criterion:         LG+G4
Best-fit model: LG+G4 chosen according to BIC

All model information printed to results_broccoli_meto/alignments_prefiltering/OG_6005.iqtree.model.gz
CPU time for ModelFinder: 14.818 seconds (0h:0m:14s)
Wall-clock time for ModelFinder: 8.806 seconds (0h:0m:8s)
Generating 1000 samples for ultrafast bootstrap (seed: 958977)...

NOTE: 13 MB RAM (0 GB) is required!
Estimate model parameters (epsilon = 0.100)
1. Initial log-likelihood: -23091.238
Optimal log-likelihood: -23091.236
Gamma shape alpha: 1.575
Parameters optimization took 1 rounds (0.092 sec)
Computing ML distances based on estimated model parameters...
Computing ML distances took 0.235409 sec (of wall-clock time) 0.469491 sec(of CPU time)
Computing RapidNJ tree took 0.000806 sec (of wall-clock time) 0.001606 sec (of CPU time)
Log-likelihood of RapidNJ tree: -23384.863
--------------------------------------------------------------------
|             INITIALIZING CANDIDATE TREE SET                      |
--------------------------------------------------------------------
Generating 98 parsimony trees... 1.821 second
Computing log-likelihood of 98 initial trees ... 3.190 seconds
Current best score: -23091.236

Do NNI search on 20 best initial trees
Estimate model parameters (epsilon = 0.100)
BETTER TREE FOUND at iteration 1: -23091.236
Estimate model parameters (epsilon = 0.100)
BETTER TREE FOUND at iteration 8: -23090.440
Estimate model parameters (epsilon = 0.100)
BETTER TREE FOUND at iteration 9: -23089.737
Iteration 10 / LogL: -23090.139 / Time: 0h:0m:11s
Estimate model parameters (epsilon = 0.100)
BETTER TREE FOUND at iteration 14: -23083.254
Iteration 20 / LogL: -23090.862 / Time: 0h:0m:18s
Finish initializing candidate tree set (20)
Current best tree score: -23083.254 / CPU time: 17.262
Number of iterations: 20
--------------------------------------------------------------------
|               OPTIMIZING CANDIDATE TREE SET                      |
--------------------------------------------------------------------
Iteration 30 / LogL: -23083.256 / Time: 0h:0m:25s (0h:2m:40s left)
Estimate model parameters (epsilon = 0.100)
BETTER TREE FOUND at iteration 35: -23079.164
Iteration 40 / LogL: -23083.495 / Time: 0h:0m:32s (0h:2m:44s left)
Iteration 50 / LogL: -23079.743 / Time: 0h:0m:39s (0h:2m:27s left)
Log-likelihood cutoff on original alignment: -23124.242
Iteration 60 / LogL: -23079.466 / Time: 0h:0m:46s (0h:2m:17s left)
Iteration 70 / LogL: -23080.406 / Time: 0h:0m:52s (0h:2m:5s left)
Iteration 80 / LogL: -23080.477 / Time: 0h:0m:59s (0h:1m:57s left)
Iteration 90 / LogL: -23080.644 / Time: 0h:1m:5s (0h:1m:47s left)
Iteration 100 / LogL: -23080.186 / Time: 0h:1m:12s (0h:1m:38s left)
Log-likelihood cutoff on original alignment: -23124.242
NOTE: Bootstrap correlation coefficient of split occurrence frequencies: 0.996
Estimate model parameters (epsilon = 0.100)
BETTER TREE FOUND at iteration 106: -23078.067
Iteration 110 / LogL: -23079.334 / Time: 0h:1m:19s (0h:2m:22s left)
Iteration 120 / LogL: -23083.001 / Time: 0h:1m:26s (0h:2m:14s left)
Iteration 130 / LogL: -23078.849 / Time: 0h:1m:32s (0h:2m:5s left)
Iteration 140 / LogL: -23081.807 / Time: 0h:1m:38s (0h:1m:58s left)
Iteration 150 / LogL: -23078.118 / Time: 0h:1m:45s (0h:1m:50s left)
Log-likelihood cutoff on original alignment: -23121.949
Iteration 160 / LogL: -23078.237 / Time: 0h:1m:51s (0h:1m:42s left)
Iteration 170 / LogL: -23084.405 / Time: 0h:1m:57s (0h:1m:34s left)
Iteration 180 / LogL: -23084.168 / Time: 0h:2m:4s (0h:1m:27s left)
Iteration 190 / LogL: -23078.511 / Time: 0h:2m:10s (0h:1m:20s left)
Iteration 200 / LogL: -23080.460 / Time: 0h:2m:17s (0h:1m:13s left)
Log-likelihood cutoff on original alignment: -23121.949
NOTE: Bootstrap correlation coefficient of split occurrence frequencies: 0.986
NOTE: UFBoot does not converge, continue at least 100 more iterations
Iteration 210 / LogL: -23079.659 / Time: 0h:2m:24s (0h:1m:6s left)
Iteration 220 / LogL: -23078.391 / Time: 0h:2m:31s (0h:0m:59s left)
Iteration 230 / LogL: -23079.754 / Time: 0h:2m:38s (0h:0m:52s left)
Iteration 240 / LogL: -23078.500 / Time: 0h:2m:44s (0h:0m:45s left)
Iteration 250 / LogL: -23078.893 / Time: 0h:2m:51s (0h:0m:38s left)
Log-likelihood cutoff on original alignment: -23121.949
Iteration 260 / LogL: -23078.402 / Time: 0h:2m:57s (0h:0m:31s left)
Iteration 270 / LogL: -23078.443 / Time: 0h:3m:4s (0h:0m:24s left)
Iteration 280 / LogL: -23078.608 / Time: 0h:3m:10s (0h:0m:17s left)
Iteration 290 / LogL: -23078.934 / Time: 0h:3m:17s (0h:0m:10s left)
Iteration 300 / LogL: -23081.135 / Time: 0h:3m:23s (0h:0m:4s left)
Log-likelihood cutoff on original alignment: -23121.949
NOTE: Bootstrap correlation coefficient of split occurrence frequencies: 0.998
TREE SEARCH COMPLETED AFTER 307 ITERATIONS / Time: 0h:3m:29s

--------------------------------------------------------------------
|                    FINALIZING TREE SEARCH                        |
--------------------------------------------------------------------
Performs final model parameters optimization
Estimate model parameters (epsilon = 0.010)
1. Initial log-likelihood: -23078.067
Optimal log-likelihood: -23078.065
Gamma shape alpha: 1.588
Parameters optimization took 1 rounds (0.091 sec)
BEST SCORE FOUND : -23078.065
Creating bootstrap support values...
Split supports printed to NEXUS file results_broccoli_meto/alignments_prefiltering/OG_6005.iqtree.splits.nex
Total tree length: 32.847

Total number of iterations: 307
CPU time used for tree search: 410.064 sec (0h:6m:50s)
Wall-clock time used for tree search: 208.184 sec (0h:3m:28s)
Total CPU time used: 412.154 sec (0h:6m:52s)
Total wall-clock time used: 209.352 sec (0h:3m:29s)

Computing bootstrap consensus tree...
Reading input file results_broccoli_meto/alignments_prefiltering/OG_6005.iqtree.splits.nex...
58 taxa and 462 splits.
Consensus tree written to results_broccoli_meto/alignments_prefiltering/OG_6005.iqtree.contree
Reading input trees file results_broccoli_meto/alignments_prefiltering/OG_6005.iqtree.contree
Log-likelihood of consensus tree: -23078.067

Analysis results written to: 
  IQ-TREE report:                results_broccoli_meto/alignments_prefiltering/OG_6005.iqtree.iqtree
  Maximum-likelihood tree:       results_broccoli_meto/alignments_prefiltering/OG_6005.iqtree.treefile
  Likelihood distances:          results_broccoli_meto/alignments_prefiltering/OG_6005.iqtree.mldist

Ultrafast bootstrap approximation results written to:
  Split support values:          results_broccoli_meto/alignments_prefiltering/OG_6005.iqtree.splits.nex
  Consensus tree:                results_broccoli_meto/alignments_prefiltering/OG_6005.iqtree.contree
  Screen log file:               results_broccoli_meto/alignments_prefiltering/OG_6005.iqtree.log

Date and Time: Tue Dec 13 20:21:07 2022
