IQ-TREE multicore version 2.1.0 for Linux 64-bit built Jul 18 2020
Developed by Bui Quang Minh, James Barbetti, Nguyen Lam Tung,
Olga Chernomor, Heiko Schmidt, Dominik Schrempf, Michael Woodhams.

Host:    node-hp0514.linux.crg.es (AVX, 125 GB RAM)
Command: /users/asebe/xgraubove/Programes/iqtree-2.1.0-Linux/bin/iqtree2 -s results_broccoli_meto/alignments_prefiltering/OG_7484.lt.fasta -m TEST -mset LG,WAG,JTT -nt AUTO -ntmax 2 -bb 1000 -pre results_broccoli_meto/alignments_prefiltering/OG_7484.iqtree -nm 10000 -nstop 200 -cptime 1800
Seed:    82157 (Using SPRNG - Scalable Parallel Random Number Generator)
Time:    Tue Dec 13 22:50:17 2022
Kernel:  AVX - auto-detect threads (2 CPU cores detected)

Reading alignment file results_broccoli_meto/alignments_prefiltering/OG_7484.lt.fasta ... Fasta format detected
Alignment most likely contains protein sequences
Alignment has 107 sequences with 533 columns, 533 distinct patterns
532 parsimony-informative, 0 singleton sites, 1 constant sites
                                                       Gap/Ambiguity  Composition  p-value
   1  Adig_XM_015909980.1                                     74.86%    passed     69.25%
   2  Amil_Amillepora05710-RA                                 22.51%    passed     92.87%
   3  Gfas_gfas1.m1.13834.m1                                  19.51%    passed     65.80%
   4  Spis_XP_022805747_1                                     83.68%    passed     12.27%
   5  Gasp_gasp1.m3.16990.m1                                   7.32%    passed     97.36%
   6  Fspp_ffun1.m4.11745.m1                                  23.83%    passed     98.77%
   7  Pocdam_XM_027183943.1                                   22.14%    passed     91.37%
   8  Spis_XP_022805750_1                                     41.65%    passed     32.23%
   9  Adig_XM_015909983.1                                     73.17%    failed      1.81%
  10  Nvec_v1g100030                                           9.57%    passed     99.55%
  11  Exapal_XM_021039906.2                                   49.91%    passed     33.21%
  12  Dpul_mRNA15455                                          64.17%    failed      1.47%
  13  Cgig_XM_011456886.3                                     18.20%    passed     81.65%
  14  Acagra_model.g1673.t1                                   34.90%    passed     68.46%
  15  Ctel_gnl_WGS_AMQN_CAPTEDRAFT_mRNA167820                 68.67%    passed     17.41%
  16  Bralan_BLAG03001359_1                                   46.90%    passed     23.72%
  17  Spur_XM_030985816.1                                      9.76%    passed     38.21%
  18  Spur_XM_030985845.1                                      7.69%    passed     18.66%
  19  Hsap_ENST00000334433                                     1.13%    failed      0.01%
  20  HoiH23_PlH23_007700-RA                                   8.07%    passed     14.73%
  21  HoiH06_mRNA8519                                          8.07%    passed      8.04%
  22  Hhon_g10563.t1                                           8.07%    failed      2.28%
  23  HoiH04_mRNA16406                                         8.07%    failed      4.55%
  24  TrH2_TrispH2_003528-RA                                   7.69%    failed      4.57%
  25  Tadh_TriadT61433                                        15.20%    passed     16.86%
  26  Lcom_lcpid241460                                        80.11%    passed     34.50%
  27  Dgig_XM_028547422.1                                     12.20%    passed     19.74%
  28  Dgig_XM_028559304.1                                     12.01%    passed     20.11%
  29  Xesp_013687-T1                                          11.82%    passed     42.37%
  30  Hsap_ENST00000317827                                    11.26%    passed      5.73%
  31  Bolinf_Binf_sb1253003                                   54.60%    passed     96.03%
  32  Bolinf_Binf_sb1253006                                   58.54%    passed     86.30%
  33  Bolinf_Binf_sb1253002                                   56.29%    failed      4.73%
  34  Mertsp_Mesp_sb585309                                    64.17%    failed      0.89%
  35  Bolinf_Binf_sb1252998                                   36.59%    passed     79.89%
  36  Bolinf_Binf_sb1253000                                   40.53%    passed     64.20%
  37  Mertsp_Mesp_sb585307                                    33.21%    passed     72.32%
  38  Mertsp_Mesp_sb585308                                    37.15%    passed     52.47%
  39  Mlei_ML4115.g2.i1                                       43.71%    passed     41.18%
  40  Vmul_sbMO381322                                         60.41%    failed      0.20%
  41  Drygla_Dgla_sb300515                                    33.21%    passed     83.10%
  42  Drygla_Dgla_sb300517                                    37.52%    passed     87.45%
  43  Drygla_Dgla_sb300516                                    35.46%    passed     63.66%
  44  Drygla_Dgla_sb300518                                    39.77%    passed     73.83%
  45  Lampan_Lpan_4369_01                                     33.02%    passed     57.51%
  46  Beraby_Baby_sb332356                                    34.71%    passed     13.46%
  47  Pbac_sb2644533                                          54.41%    failed      0.00%
  48  Horcal_Hcv1.av93.c1.g1553.i1                            37.34%    passed     12.11%
  49  Horcal_Hcv1.av93.c1.g1553.i3                            41.28%    passed     13.44%
  50  Horcal_Hcv1.av93.c1.g1553.i5                            25.33%    passed     10.54%
  51  Pbac_sb2644531                                          35.46%    failed      0.03%
  52  Vmul_sbMO453148                                         40.15%    passed     15.56%
  53  Coemet_Cmet_scaffold19253_01                            10.13%    passed     49.90%
  54  Coemet_Cmet_scaffold19254_01                            44.28%    passed     23.06%
  55  Coeast_Cast_sb783756                                    41.09%    passed     25.01%
  56  Bolinf_Binf_sb1238742                                   42.40%    passed     32.57%
  57  Bolinf_Binf_sb1238743                                   46.72%    passed     18.51%
  58  Mertsp_Mesp_sb576637                                    42.40%    passed     20.47%
  59  Mertsp_Mesp_sb576638                                    46.72%    passed      8.94%
  60  Mertsp_Mesp_sb576635                                    36.21%    passed     50.61%
  61  Bolinf_Binf_sb1238744                                   52.16%    passed     95.19%
  62  Bolinf_Binf_sb1238745                                   56.47%    passed     90.16%
  63  Mertsp_Mesp_sb576636                                    40.53%    passed     29.19%
  64  Pbac_sb2644535                                          89.68%    passed     27.82%
  65  Eupdun_Edun_sb10665532                                  56.29%    passed     24.34%
  66  Spolac_c97977_g1_i4_m.16142c97977-g1                    45.22%    passed      5.46%
  67  Spolac_c97977_g1_i1_m.16139c97977-g1                    71.86%    failed      0.67%
  68  Emue_Em0013g888a.t1                                     20.08%    passed     84.17%
  69  Halamb_c50436_g2_i1m.28346                              12.38%    passed     38.30%
  70  Aque_Aqu2.1.41988_001                                   10.88%    passed      8.80%
  71  Xestes_maker-XT_scaffold176-snap-gene-0.27-mRNA-1       10.88%    passed     50.07%
  72  Spolac_c97977_g1_i2_m.16141c97977-g1                    57.04%    failed      0.00%
  73  Plespi_Pspi_scaffold16152_01                            16.70%    passed     13.09%
  74  Leuniv_Lniv_C812344_01                                  16.32%    failed      0.38%
  75  Scil_scict011660.1                                      13.88%    failed      0.04%
  76  Gracom_Gcom_C557398_01                                  14.07%    passed     16.74%
  77  Lcom_lcpid57759                                         17.45%    failed      0.10%
  78  Plajan_Pjan_scaffold22962_01                            60.04%    failed      0.04%
  79  Hvul_g30854_1                                           20.08%    passed     24.15%
  80  Chem_TCONS_00046249                                     15.95%    passed     64.89%
  81  Morvir_scaffold5.g119.t2                                 6.19%    passed     32.62%
  82  Nemnom_g18659.t1                                        44.84%    passed     52.38%
  83  Rhoesc_Res_003108-T2                                    17.07%    passed     18.69%
  84  Nemnom_g18660.t1                                        59.47%    failed      0.35%
  85  Sanmal_Sma_024440-T1                                    17.26%    passed     70.54%
  86  Sanmal_Sma_004408-T1                                    62.48%    passed     10.27%
  87  Sanmal_Sma_004407-T1                                    43.53%    passed     44.68%
  88  Aaur_scaffold206.g18.t1                                 56.47%    passed     87.46%
  89  Acagra_model.g9701.t1.1.5d3b862e                        16.89%    passed     79.11%
  90  Leuniv_Lniv_scaffold24907_01                            21.58%    failed      0.00%
  91  Gracom_Gcom_scaffold18640_01                            22.70%    failed      0.00%
  92  Lcom_lcpid39018                                         27.02%    failed      0.08%
  93  Hsap_ENST00000313288                                    22.89%    passed     43.63%
  94  Clacor_Ccor_scaffold1961_01                             45.22%    passed      5.48%
  95  Ocar_g760                                               63.79%    failed      3.46%
  96  Opea_EP00118_Oscarella_pearsei_P001441                  18.76%    passed      9.67%
  97  Skow_XM_006825590.1                                     23.64%    passed     20.13%
  98  Cscu_XM_023357652.1                                     68.29%    passed     35.06%
  99  Cgig_XM_034471306.1                                     11.07%    passed     35.25%
 100  Tcas_TC013569_001                                       51.78%    failed      0.39%
 101  Tcas_TC007399_001                                       65.29%    passed      8.83%
 102  Clacor_Ccor_scaffold12558_01                            63.60%    passed     83.53%
 103  Bralan_BLAG90000573_1                                   36.59%    passed     11.89%
 104  Stycar_maker-SC_scaffold2955-augustus-gene-0.5-mRNA-1   52.72%    failed      0.00%
 105  Exapal_XM_028657692.1                                   29.08%    failed      1.16%
 106  Tetwil_g5334.t2                                         18.95%    passed     38.41%
 107  Acagra_model.g1674.t1                                   37.71%    failed      0.00%
WARNING: 28 sequences contain more than 50% gaps/ambiguity
****  TOTAL                                                   35.59%  26 sequences failed composition chi2 test (p-value<5%; df=19)


Create initial parsimony tree by phylogenetic likelihood library (PLL)... 0.089 seconds
Measuring multi-threading efficiency up to 2 CPU cores
10 trees examined
Threads: 1 / Time: 2.027 sec / Speedup: 1.000 / Efficiency: 100% / LogL: -79357
Threads: 2 / Time: 1.036 sec / Speedup: 1.956 / Efficiency: 98% / LogL: -79357
BEST NUMBER OF THREADS: 2

Perform fast likelihood tree search using LG+I+G model...
Estimate model parameters (epsilon = 5.000)
Perform nearest neighbor interchange...
Estimate model parameters (epsilon = 1.000)
1. Initial log-likelihood: -49522.705
Optimal log-likelihood: -49522.703
Proportion of invariable sites: 0.000
Gamma shape alpha: 2.018
Parameters optimization took 1 rounds (0.288 sec)
Time for fast ML tree search: 3.612 seconds

NOTE: ModelFinder requires 38 MB RAM!
ModelFinder will test up to 24 protein models (sample size: 533) ...
 No. Model         -LnL         df  AIC          AICc         BIC
  1  LG            50481.993    211 101385.985   101664.689   102288.753
  2  LG+I          50480.683    212 101385.366   101667.591   102292.413
  3  LG+G4         49522.705    212 99469.410    99751.635    100376.456
  4  LG+I+G4       49522.703    213 99471.406    99757.186    100382.731
  7  LG+F+G4       49470.397    231 99402.794    99758.887    100391.133
  8  LG+F+I+G4     49470.397    232 99404.794    99765.167    100397.411
 11  WAG+G4        49565.799    212 99555.598    99837.823    100462.645
 12  WAG+I+G4      49565.799    213 99557.598    99843.379    100468.923
 15  WAG+F+G4      49658.265    231 99778.529    100134.622   100766.868
 16  WAG+F+I+G4    49658.265    232 99780.530    100140.903   100773.147
 19  JTT+G4        49673.051    212 99770.101    100052.326   100677.148
 20  JTT+I+G4      49673.049    213 99772.099    100057.879   100683.424
 23  JTT+F+G4      49453.857    231 99369.714    99725.807    100358.052
 24  JTT+F+I+G4    49453.855    232 99371.710    99732.084    100364.327
Akaike Information Criterion:           JTT+F+G4
Corrected Akaike Information Criterion: JTT+F+G4
Bayesian Information Criterion:         JTT+F+G4
Best-fit model: JTT+F+G4 chosen according to BIC

All model information printed to results_broccoli_meto/alignments_prefiltering/OG_7484.iqtree.model.gz
CPU time for ModelFinder: 40.142 seconds (0h:0m:40s)
Wall-clock time for ModelFinder: 21.566 seconds (0h:0m:21s)
Generating 1000 samples for ultrafast bootstrap (seed: 82157)...

NOTE: 38 MB RAM (0 GB) is required!
Estimate model parameters (epsilon = 0.100)
1. Initial log-likelihood: -49453.857
Optimal log-likelihood: -49453.854
Gamma shape alpha: 1.905
Parameters optimization took 1 rounds (0.274 sec)
Computing ML distances based on estimated model parameters...
Computing ML distances took 0.882236 sec (of wall-clock time) 1.745473 sec(of CPU time)
WARNING: Some pairwise ML distances are too long (saturated)
Computing RapidNJ tree took 0.001916 sec (of wall-clock time) 0.003546 sec (of CPU time)
Log-likelihood of RapidNJ tree: -50220.021
--------------------------------------------------------------------
|             INITIALIZING CANDIDATE TREE SET                      |
--------------------------------------------------------------------
Generating 98 parsimony trees... 5.635 second
Computing log-likelihood of 98 initial trees ... 9.068 seconds
Current best score: -49453.854

Do NNI search on 20 best initial trees
Estimate model parameters (epsilon = 0.100)
BETTER TREE FOUND at iteration 1: -49450.812
Estimate model parameters (epsilon = 0.100)
BETTER TREE FOUND at iteration 3: -49447.111
Estimate model parameters (epsilon = 0.100)
BETTER TREE FOUND at iteration 4: -49446.396
Estimate model parameters (epsilon = 0.100)
BETTER TREE FOUND at iteration 5: -49438.598
Estimate model parameters (epsilon = 0.100)
BETTER TREE FOUND at iteration 10: -49438.189
Iteration 10 / LogL: -49438.189 / Time: 0h:0m:48s
Estimate model parameters (epsilon = 0.100)
BETTER TREE FOUND at iteration 12: -49438.008
Estimate model parameters (epsilon = 0.100)
BETTER TREE FOUND at iteration 15: -49435.830
Iteration 20 / LogL: -49440.825 / Time: 0h:1m:22s
Finish initializing candidate tree set (20)
Current best tree score: -49435.830 / CPU time: 79.091
Number of iterations: 20
--------------------------------------------------------------------
|               OPTIMIZING CANDIDATE TREE SET                      |
--------------------------------------------------------------------
BETTER TREE FOUND at iteration 21: -49435.821
Estimate model parameters (epsilon = 0.100)
BETTER TREE FOUND at iteration 26: -49435.720
Iteration 30 / LogL: -49446.862 / Time: 0h:1m:56s (0h:13m:9s left)
Iteration 40 / LogL: -49435.720 / Time: 0h:2m:28s (0h:11m:47s left)
Estimate model parameters (epsilon = 0.100)
BETTER TREE FOUND at iteration 41: -49435.702
UPDATE BEST LOG-LIKELIHOOD: -49435.702
Iteration 50 / LogL: -49436.053 / Time: 0h:3m:0s (0h:11m:42s left)
Log-likelihood cutoff on original alignment: -49483.452
Estimate model parameters (epsilon = 0.100)
BETTER TREE FOUND at iteration 56: -49435.606
Iteration 60 / LogL: -49435.886 / Time: 0h:3m:31s (0h:11m:44s left)
Iteration 70 / LogL: -49435.705 / Time: 0h:4m:5s (0h:11m:2s left)
Iteration 80 / LogL: -49437.635 / Time: 0h:4m:38s (0h:10m:19s left)
Iteration 90 / LogL: -49437.110 / Time: 0h:5m:6s (0h:9m:31s left)
Iteration 100 / LogL: -49437.265 / Time: 0h:5m:37s (0h:8m:52s left)
Log-likelihood cutoff on original alignment: -49483.452
NOTE: Bootstrap correlation coefficient of split occurrence frequencies: 0.997
Iteration 110 / LogL: -49439.113 / Time: 0h:6m:7s (0h:8m:12s left)
Iteration 120 / LogL: -49435.607 / Time: 0h:6m:38s (0h:7m:35s left)
Iteration 130 / LogL: -49446.581 / Time: 0h:7m:9s (0h:6m:59s left)
Estimate model parameters (epsilon = 0.100)
BETTER TREE FOUND at iteration 138: -49434.961
Iteration 140 / LogL: -49434.983 / Time: 0h:7m:41s (0h:10m:57s left)
Iteration 150 / LogL: -49434.985 / Time: 0h:8m:11s (0h:10m:20s left)
Log-likelihood cutoff on original alignment: -49483.452
Iteration 160 / LogL: -49435.031 / Time: 0h:8m:42s (0h:9m:45s left)
Iteration 170 / LogL: -49434.968 / Time: 0h:9m:12s (0h:9m:9s left)
Iteration 180 / LogL: -49435.153 / Time: 0h:9m:44s (0h:8m:35s left)
UPDATE BEST LOG-LIKELIHOOD: -49434.957
BETTER TREE FOUND at iteration 188: -49434.956
Iteration 190 / LogL: -49435.002 / Time: 0h:10m:14s (0h:10m:43s left)
Iteration 200 / LogL: -49440.979 / Time: 0h:10m:48s (0h:10m:12s left)
Log-likelihood cutoff on original alignment: -49483.452
NOTE: Bootstrap correlation coefficient of split occurrence frequencies: 0.994
UPDATE BEST LOG-LIKELIHOOD: -49434.954
Iteration 210 / LogL: -49441.278 / Time: 0h:11m:23s (0h:9m:42s left)
Iteration 220 / LogL: -49435.420 / Time: 0h:11m:56s (0h:9m:9s left)
Iteration 230 / LogL: -49444.426 / Time: 0h:12m:27s (0h:8m:35s left)
Iteration 240 / LogL: -49435.215 / Time: 0h:12m:58s (0h:8m:2s left)
Iteration 250 / LogL: -49434.995 / Time: 0h:13m:27s (0h:7m:27s left)
Log-likelihood cutoff on original alignment: -49483.452
Iteration 260 / LogL: -49437.791 / Time: 0h:13m:57s (0h:6m:54s left)
Iteration 270 / LogL: -49438.241 / Time: 0h:14m:28s (0h:6m:20s left)
Iteration 280 / LogL: -49435.384 / Time: 0h:14m:58s (0h:5m:47s left)
Iteration 290 / LogL: -49440.075 / Time: 0h:15m:29s (0h:5m:15s left)
Iteration 300 / LogL: -49435.207 / Time: 0h:15m:59s (0h:4m:42s left)
Log-likelihood cutoff on original alignment: -49483.452
NOTE: Bootstrap correlation coefficient of split occurrence frequencies: 0.993
Iteration 310 / LogL: -49441.717 / Time: 0h:16m:34s (0h:4m:49s left)
Iteration 320 / LogL: -49440.365 / Time: 0h:17m:10s (0h:4m:18s left)
Iteration 330 / LogL: -49435.030 / Time: 0h:17m:43s (0h:3m:46s left)
Iteration 340 / LogL: -49449.401 / Time: 0h:18m:15s (0h:3m:13s left)
Iteration 350 / LogL: -49445.130 / Time: 0h:18m:47s (0h:2m:41s left)
Log-likelihood cutoff on original alignment: -49483.452
Iteration 360 / LogL: -49434.960 / Time: 0h:19m:17s (0h:2m:8s left)
Iteration 370 / LogL: -49441.044 / Time: 0h:19m:47s (0h:1m:36s left)
Iteration 380 / LogL: -49437.366 / Time: 0h:20m:18s (0h:1m:4s left)
TREE SEARCH COMPLETED AFTER 389 ITERATIONS / Time: 0h:20m:46s

--------------------------------------------------------------------
|                    FINALIZING TREE SEARCH                        |
--------------------------------------------------------------------
Performs final model parameters optimization
Estimate model parameters (epsilon = 0.010)
1. Initial log-likelihood: -49434.954
Optimal log-likelihood: -49434.953
Gamma shape alpha: 1.944
Parameters optimization took 1 rounds (0.257 sec)
BEST SCORE FOUND : -49434.953
Creating bootstrap support values...
Split supports printed to NEXUS file results_broccoli_meto/alignments_prefiltering/OG_7484.iqtree.splits.nex
Total tree length: 63.597

Total number of iterations: 389
CPU time used for tree search: 2469.203 sec (0h:41m:9s)
Wall-clock time used for tree search: 1243.439 sec (0h:20m:43s)
Total CPU time used: 2475.586 sec (0h:41m:15s)
Total wall-clock time used: 1247.516 sec (0h:20m:47s)

Computing bootstrap consensus tree...
Reading input file results_broccoli_meto/alignments_prefiltering/OG_7484.iqtree.splits.nex...
107 taxa and 772 splits.
Consensus tree written to results_broccoli_meto/alignments_prefiltering/OG_7484.iqtree.contree
Reading input trees file results_broccoli_meto/alignments_prefiltering/OG_7484.iqtree.contree
Log-likelihood of consensus tree: -49434.966

Analysis results written to: 
  IQ-TREE report:                results_broccoli_meto/alignments_prefiltering/OG_7484.iqtree.iqtree
  Maximum-likelihood tree:       results_broccoli_meto/alignments_prefiltering/OG_7484.iqtree.treefile
  Likelihood distances:          results_broccoli_meto/alignments_prefiltering/OG_7484.iqtree.mldist

Ultrafast bootstrap approximation results written to:
  Split support values:          results_broccoli_meto/alignments_prefiltering/OG_7484.iqtree.splits.nex
  Consensus tree:                results_broccoli_meto/alignments_prefiltering/OG_7484.iqtree.contree
  Screen log file:               results_broccoli_meto/alignments_prefiltering/OG_7484.iqtree.log

Date and Time: Tue Dec 13 23:11:28 2022
