IQ-TREE multicore version 2.1.0 for Linux 64-bit built Jul 18 2020
Developed by Bui Quang Minh, James Barbetti, Nguyen Lam Tung,
Olga Chernomor, Heiko Schmidt, Dominik Schrempf, Michael Woodhams.

Host:    trantor09.linux.crg.es (AVX, FMA3, 503 GB RAM)
Command: /users/asebe/xgraubove/Programes/iqtree-2.1.0-Linux/bin/iqtree2 -s results_broccoli_meto/alignments_prefiltering/OG_7376.lt.fasta -m TEST -mset LG,WAG,JTT -nt AUTO -ntmax 2 -bb 1000 -pre results_broccoli_meto/alignments_prefiltering/OG_7376.iqtree -nm 10000 -nstop 200 -cptime 1800
Seed:    263848 (Using SPRNG - Scalable Parallel Random Number Generator)
Time:    Tue Dec 13 23:33:38 2022
Kernel:  AVX+FMA - auto-detect threads (2 CPU cores detected)

Reading alignment file results_broccoli_meto/alignments_prefiltering/OG_7376.lt.fasta ... Fasta format detected
Alignment most likely contains protein sequences
Alignment has 35 sequences with 766 columns, 722 distinct patterns
687 parsimony-informative, 0 singleton sites, 79 constant sites
                                         Gap/Ambiguity  Composition  p-value
   1  Nvec_v1g123077                            11.88%    passed     18.88%
   2  Exapal_XM_021044615.1                     80.81%    failed      0.00%
   3  Spis_XP_022778527_1                        5.09%    passed     49.60%
   4  Pocdam_XM_027181133.1                      5.48%    passed     29.07%
   5  Gasp_gasp1.m3.1730.m1                      5.35%    passed     31.57%
   6  Amil_Amillepora13228-RA                   12.27%    passed     41.94%
   7  Adig_XM_015914155.1                        6.53%    passed     17.78%
   8  Gfas_gfas1.m1.3410.m1                     13.97%    failed      1.37%
   9  TrH2_TrispH2_008151-RA                    23.24%    failed      0.00%
  10  Tadh_TriadT13838                          74.15%    failed      0.00%
  11  HoiH11_mRNA1094                           22.85%    failed      1.71%
  12  HoiH06_mRNA9782                           22.58%    failed      2.75%
  13  HoiH23_PlH23_003661-RA                    22.58%    failed      0.87%
  14  Hhon_g01986.t1                            23.11%    failed      0.25%
  15  HoiH04_mRNA2795                           23.11%    failed      0.38%
  16  Dgig_XM_028539851.1                       16.19%    passed     32.91%
  17  Xesp_023065-T1                            16.84%    passed      8.66%
  18  Cscu_XM_023389019.1                       44.91%    passed     13.25%
  19  Skow_XM_002738565.2                       29.90%    passed     18.44%
  20  Bralan_BLAG03000733_1                     14.49%    failed      0.00%
  21  Hsap_ENST00000373953                      36.29%    failed      1.37%
  22  Hsap_ENST00000396602                      30.29%    passed     55.99%
  23  Cgig_XM_034480498.1                       20.37%    passed      6.15%
  24  Spur_XM_030989329.1                       33.68%    passed     38.14%
  25  Sanmal_Sma_024206-T1                       8.75%    passed     38.84%
  26  Nemnom_g13330.t1                          10.05%    passed     97.24%
  27  Rhoesc_Res_017005-T1                       9.92%    passed     87.30%
  28  Aaur_scaffold91.g36.t1                    14.23%    passed     80.18%
  29  Morvir_scaffold46.g76.t1                  12.92%    passed     72.06%
  30  Acagra_model.g369.t1                      27.28%    failed      0.00%
  31  Ctel_gnl_WGS_AMQN_CAPTEDRAFT_mRNA223732   29.11%    passed     27.44%
  32  Chem_TCONS_00072126                       23.37%    failed      0.27%
  33  Hvul_g27590_1                             19.19%    failed      1.02%
  34  Opea_EP00118_Oscarella_pearsei_P006970    57.18%    failed      0.08%
  35  Lcom_lcpid141998                          80.81%    failed      0.00%
WARNING: 4 sequences contain more than 50% gaps/ambiguity
****  TOTAL                                     25.39%  16 sequences failed composition chi2 test (p-value<5%; df=19)


Create initial parsimony tree by phylogenetic likelihood library (PLL)... 0.020 seconds
Measuring multi-threading efficiency up to 2 CPU cores
Increase to 10 rounds for branch lengths
2 trees examined
Threads: 1 / Time: 2.103 sec / Speedup: 1.000 / Efficiency: 100% / LogL: -34740
Threads: 2 / Time: 1.588 sec / Speedup: 1.325 / Efficiency: 66% / LogL: -34740
BEST NUMBER OF THREADS: 2

Perform fast likelihood tree search using LG+I+G model...
Estimate model parameters (epsilon = 5.000)
Perform nearest neighbor interchange...
Estimate model parameters (epsilon = 1.000)
1. Initial log-likelihood: -26885.647
Optimal log-likelihood: -26884.980
Proportion of invariable sites: 0.101
Gamma shape alpha: 2.177
Parameters optimization took 1 rounds (0.320 sec)
Time for fast ML tree search: 2.917 seconds

NOTE: ModelFinder requires 18 MB RAM!
ModelFinder will test up to 24 protein models (sample size: 766) ...
 No. Model         -LnL         df  AIC          AICc         BIC
  1  LG            28045.271    67  56224.542    56237.596    56535.501
  2  LG+I          27274.472    68  54684.945    54698.408    55000.545
  3  LG+G4         27009.984    68  54155.967    54169.431    54471.568
  4  LG+I+G4       26884.726    69  53907.451    53921.330    54227.693
  8  LG+F+I+G4     26562.858    88  53301.715    53324.853    53710.139
 12  WAG+I+G4      26784.533    69  53707.066    53720.945    54027.307
 16  WAG+F+I+G4    26486.611    88  53149.221    53172.359    53557.645
 20  JTT+I+G4      26714.439    69  53566.879    53580.758    53887.120
 24  JTT+F+I+G4    26429.304    88  53034.608    53057.746    53443.032
Akaike Information Criterion:           JTT+F+I+G4
Corrected Akaike Information Criterion: JTT+F+I+G4
Bayesian Information Criterion:         JTT+F+I+G4
Best-fit model: JTT+F+I+G4 chosen according to BIC

All model information printed to results_broccoli_meto/alignments_prefiltering/OG_7376.iqtree.model.gz
CPU time for ModelFinder: 29.395 seconds (0h:0m:29s)
Wall-clock time for ModelFinder: 15.858 seconds (0h:0m:15s)
Generating 1000 samples for ultrafast bootstrap (seed: 263848)...

NOTE: 18 MB RAM (0 GB) is required!
Estimate model parameters (epsilon = 0.100)
Thoroughly optimizing +I+G parameters from 10 start values...
Init pinv, alpha: 0.000, 2.049 / Estimate: 0.101, 2.046 / LogL: -26429.283
Init pinv, alpha: 0.011, 2.049 / Estimate: 0.101, 2.044 / LogL: -26429.283
Init pinv, alpha: 0.023, 2.049 / Estimate: 0.101, 2.043 / LogL: -26429.288
Init pinv, alpha: 0.034, 2.049 / Estimate: 0.101, 2.046 / LogL: -26429.289
Init pinv, alpha: 0.046, 2.049 / Estimate: 0.101, 2.047 / LogL: -26429.286
Init pinv, alpha: 0.057, 2.049 / Estimate: 0.101, 2.048 / LogL: -26429.284
Init pinv, alpha: 0.069, 2.049 / Estimate: 0.100, 2.049 / LogL: -26429.290
Init pinv, alpha: 0.080, 2.049 / Estimate: 0.101, 2.049 / LogL: -26429.285
Init pinv, alpha: 0.092, 2.049 / Estimate: 0.101, 2.052 / LogL: -26429.286
Init pinv, alpha: 0.103, 2.049 / Estimate: 0.101, 2.049 / LogL: -26429.287
Optimal pinv,alpha: 0.101, 2.044 / LogL: -26429.283

Parameters optimization took 14.933 sec
Computing ML distances based on estimated model parameters...
Computing ML distances took 0.170459 sec (of wall-clock time) 0.340759 sec(of CPU time)
Computing RapidNJ tree took 0.000577 sec (of wall-clock time) 0.000158 sec (of CPU time)
Log-likelihood of RapidNJ tree: -26576.960
--------------------------------------------------------------------
|             INITIALIZING CANDIDATE TREE SET                      |
--------------------------------------------------------------------
Generating 98 parsimony trees... 1.808 second
Computing log-likelihood of 98 initial trees ... 9.081 seconds
Current best score: -26429.283

Do NNI search on 20 best initial trees
Estimate model parameters (epsilon = 0.100)
BETTER TREE FOUND at iteration 1: -26429.279
Iteration 10 / LogL: -26429.539 / Time: 0h:0m:39s
Iteration 20 / LogL: -26429.787 / Time: 0h:0m:54s
Finish initializing candidate tree set (5)
Current best tree score: -26429.279 / CPU time: 38.453
Number of iterations: 20
--------------------------------------------------------------------
|               OPTIMIZING CANDIDATE TREE SET                      |
--------------------------------------------------------------------
Iteration 30 / LogL: -26433.211 / Time: 0h:1m:14s (0h:7m:17s left)
Iteration 40 / LogL: -26431.710 / Time: 0h:1m:33s (0h:6m:26s left)
Iteration 50 / LogL: -26430.372 / Time: 0h:1m:52s (0h:5m:46s left)
Log-likelihood cutoff on original alignment: -26458.329
Iteration 60 / LogL: -26429.906 / Time: 0h:2m:10s (0h:5m:11s left)
Iteration 70 / LogL: -26430.863 / Time: 0h:2m:32s (0h:4m:48s left)
Iteration 80 / LogL: -26432.719 / Time: 0h:2m:52s (0h:4m:23s left)
Iteration 90 / LogL: -26430.664 / Time: 0h:3m:8s (0h:3m:55s left)
Iteration 100 / LogL: -26430.806 / Time: 0h:3m:26s (0h:3m:30s left)
Log-likelihood cutoff on original alignment: -26458.658
NOTE: Bootstrap correlation coefficient of split occurrence frequencies: 0.999
Iteration 110 / LogL: -26435.797 / Time: 0h:3m:45s (0h:3m:8s left)
Iteration 120 / LogL: -26453.838 / Time: 0h:4m:4s (0h:2m:46s left)
Iteration 130 / LogL: -26432.702 / Time: 0h:4m:24s (0h:2m:25s left)
Iteration 140 / LogL: -26431.788 / Time: 0h:4m:42s (0h:2m:3s left)
Iteration 150 / LogL: -26430.084 / Time: 0h:5m:1s (0h:1m:43s left)
Log-likelihood cutoff on original alignment: -26458.658
Iteration 160 / LogL: -26431.151 / Time: 0h:5m:20s (0h:1m:22s left)
Iteration 170 / LogL: -26431.409 / Time: 0h:5m:40s (0h:1m:2s left)
Iteration 180 / LogL: -26431.302 / Time: 0h:5m:59s (0h:0m:42s left)
Iteration 190 / LogL: -26430.493 / Time: 0h:6m:17s (0h:0m:21s left)
Iteration 200 / LogL: -26430.840 / Time: 0h:6m:36s (0h:0m:1s left)
Log-likelihood cutoff on original alignment: -26458.658
NOTE: Bootstrap correlation coefficient of split occurrence frequencies: 0.999
TREE SEARCH COMPLETED AFTER 202 ITERATIONS / Time: 0h:6m:39s

--------------------------------------------------------------------
|                    FINALIZING TREE SEARCH                        |
--------------------------------------------------------------------
Performs final model parameters optimization
Estimate model parameters (epsilon = 0.010)
1. Initial log-likelihood: -26429.279
Optimal log-likelihood: -26429.279
Proportion of invariable sites: 0.101
Gamma shape alpha: 2.050
Parameters optimization took 1 rounds (0.291 sec)
BEST SCORE FOUND : -26429.279
Creating bootstrap support values...
Split supports printed to NEXUS file results_broccoli_meto/alignments_prefiltering/OG_7376.iqtree.splits.nex
Total tree length: 23.265

Total number of iterations: 202
CPU time used for tree search: 763.118 sec (0h:12m:43s)
Wall-clock time used for tree search: 383.323 sec (0h:6m:23s)
Total CPU time used: 796.347 sec (0h:13m:16s)
Total wall-clock time used: 400.134 sec (0h:6m:40s)

Computing bootstrap consensus tree...
Reading input file results_broccoli_meto/alignments_prefiltering/OG_7376.iqtree.splits.nex...
35 taxa and 177 splits.
Consensus tree written to results_broccoli_meto/alignments_prefiltering/OG_7376.iqtree.contree
Reading input trees file results_broccoli_meto/alignments_prefiltering/OG_7376.iqtree.contree
Log-likelihood of consensus tree: -26429.737

Analysis results written to: 
  IQ-TREE report:                results_broccoli_meto/alignments_prefiltering/OG_7376.iqtree.iqtree
  Maximum-likelihood tree:       results_broccoli_meto/alignments_prefiltering/OG_7376.iqtree.treefile
  Likelihood distances:          results_broccoli_meto/alignments_prefiltering/OG_7376.iqtree.mldist

Ultrafast bootstrap approximation results written to:
  Split support values:          results_broccoli_meto/alignments_prefiltering/OG_7376.iqtree.splits.nex
  Consensus tree:                results_broccoli_meto/alignments_prefiltering/OG_7376.iqtree.contree
  Screen log file:               results_broccoli_meto/alignments_prefiltering/OG_7376.iqtree.log

Date and Time: Tue Dec 13 23:40:35 2022
