IQ-TREE multicore version 2.1.0 for Linux 64-bit built Jul 18 2020
Developed by Bui Quang Minh, James Barbetti, Nguyen Lam Tung,
Olga Chernomor, Heiko Schmidt, Dominik Schrempf, Michael Woodhams.

Host:    node-hp0209.linux.crg.es (AVX, 125 GB RAM)
Command: /users/asebe/xgraubove/Programes/iqtree-2.1.0-Linux/bin/iqtree2 -s results_broccoli_meto/alignments_prefiltering/OG_7355.lt.fasta -m TEST -mset LG,WAG,JTT -nt AUTO -ntmax 2 -bb 1000 -pre results_broccoli_meto/alignments_prefiltering/OG_7355.iqtree -nm 10000 -nstop 200 -cptime 1800
Seed:    327431 (Using SPRNG - Scalable Parallel Random Number Generator)
Time:    Tue Dec 13 22:30:51 2022
Kernel:  AVX - auto-detect threads (2 CPU cores detected)

Reading alignment file results_broccoli_meto/alignments_prefiltering/OG_7355.lt.fasta ... Fasta format detected
Alignment most likely contains protein sequences
Alignment has 110 sequences with 475 columns, 469 distinct patterns
453 parsimony-informative, 0 singleton sites, 22 constant sites
                                         Gap/Ambiguity  Composition  p-value
   1  Hsap_ENST00000525172                      31.58%    failed      0.57%
   2  Hsap_ENST00000282928                      23.37%    failed      0.36%
   3  Hsap_ENST00000376335                      22.11%    failed      0.03%
   4  Cscu_XM_023371130.1                       16.21%    failed      4.75%
   5  Cscu_XM_023371113.1                       35.79%    passed      9.00%
   6  Cscu_XM_023377765.1                       30.95%    failed      1.04%
   7  Dpul_mRNA1584                             68.63%    failed      2.71%
   8  Acagra_model.g16940.t1.1.5d3b889b         18.32%    passed      8.54%
   9  Skow_NM_001164958.1                       13.05%    passed      7.91%
  10  Bralan_BLAG14000728_1                     15.16%    passed     19.15%
  11  Tcas_TC010234_001                         34.53%    passed     10.41%
  12  Spur_XM_030981782.1                       11.16%    passed     11.19%
  13  Cgig_XM_034473921.1                       23.37%    passed     73.95%
  14  HoiH23_PlH23_002369-RA                    32.00%    passed     52.39%
  15  TrH2_TrispH2_008926-RA                    32.84%    passed     51.09%
  16  Tadh_TriadT16340                          75.37%    passed     10.11%
  17  HoiH11_mRNA6288                           51.58%    passed     44.71%
  18  Hhon_g08564.t1                            32.21%    passed     68.66%
  19  HoiH04_mRNA15130                          32.21%    passed     74.21%
  20  Ctel_gnl_WGS_AMQN_CAPTEDRAFT_mRNA160442   22.74%    failed      0.45%
  21  Fspp_ffun1.m4.3259.m1                     17.26%    passed     88.46%
  22  Gasp_gasp1.m3.10505.m1                    17.26%    passed     89.33%
  23  Gfas_gfas1.m1.1619.m1                     17.05%    passed     97.33%
  24  Amil_Amillepora13065-RA                   17.05%    passed     93.48%
  25  Adig_XM_015924505.1                       17.05%    passed     92.19%
  26  Dgig_XM_028553682.1                       29.89%    passed     15.50%
  27  Xesp_024220-T1                            30.53%    passed     34.74%
  28  Sanmal_Sma_024142-T1                      87.79%    passed     40.94%
  29  Exapal_XM_021056431.2                     18.74%    passed     90.79%
  30  Nvec_v1g25267                             18.74%    passed     83.28%
  31  Cgig_XM_011444874.3                       24.42%    passed     64.62%
  32  Hsap_ENST00000267294                      13.26%    failed      0.01%
  33  Hsap_ENST00000287538                      20.42%    passed      6.69%
  34  Sanmal_Sma_024403-T1                      33.05%    passed     72.20%
  35  Nemnom_g13386.t1                          26.53%    passed     89.02%
  36  Rhoesc_Res_017051-T1                      32.42%    passed     87.88%
  37  Morvir_scaffold87.g29.t1                  31.58%    passed     40.29%
  38  Chem_TCONS_00032827                       22.11%    failed      1.23%
  39  Fspp_ffun1.m4.3263.m1                     23.16%    passed     97.07%
  40  Gasp_gasp1.m3.10509.m1                    23.16%    passed     98.24%
  41  Spis_XP_022784944_1                       23.16%    passed     98.68%
  42  Pocdam_XM_027183554.1                     23.16%    passed     97.41%
  43  Amil_Amillepora13064-RA                   20.84%    passed     79.24%
  44  Adig_XM_015924507.1                       20.84%    passed     80.51%
  45  Gfas_gfas1.m1.1620.m1                     22.95%    passed     96.06%
  46  Nvec_v1g121215                            24.00%    passed     59.12%
  47  Exapal_XM_021056442.2                     24.00%    passed     95.01%
  48  Gasp_gasp1.m3.10501.m1                    28.21%    failed      0.04%
  49  Fspp_ffun1.m4.28062.m1                    28.21%    failed      0.12%
  50  Spis_XP_022784943_1                       28.21%    failed      0.31%
  51  Nvec_v1g121294                            75.58%    passed     15.66%
  52  Exapal_XM_021039258.2                     32.84%    failed      0.01%
  53  Gfas_gfas1.m1.1626.m1                     28.21%    failed      1.16%
  54  Amil_Amillepora13067-RA                   27.58%    failed      1.67%
  55  Adig_XM_015924499.1                       37.47%    passed      5.41%
  56  Cgig_XM_011444873.3                       25.47%    passed     70.08%
  57  Exapal_XM_028662365.1                     30.32%    passed     31.88%
  58  Fspp_ffun1.m4.3258.m1                     25.89%    passed     57.03%
  59  Gasp_gasp1.m3.10504.m1                    25.89%    passed     73.15%
  60  Gfas_gfas1.m1.1624.m1                     25.26%    passed     99.56%
  61  Amil_Amillepora13066-RA                   21.26%    passed     70.43%
  62  Morvir_scaffold151.g24.t1                 23.58%    passed     47.90%
  63  Nemnom_g2257.t1                           22.74%    passed     73.18%
  64  Rhoesc_Res_017320-T1                      23.58%    passed     56.34%
  65  Aaur_scaffold3.g32.t1                     24.42%    passed     21.72%
  66  Xesp_024217-T1                            32.00%    passed     40.15%
  67  Hvul_g27625_1                             29.05%    passed     13.29%
  68  Morvir_scaffold151.g21.t1                 30.11%    passed     35.41%
  69  Nemnom_g13376.t1                          41.89%    passed     72.67%
  70  Rhoesc_Res_017059-T1                      41.68%    passed     76.40%
  71  Sanmal_Sma_024368-T1                      36.42%    passed     72.05%
  72  Chem_TCONS_00006300                       40.63%    failed      0.01%
  73  Hvul_g16165_1                             30.74%    passed     60.69%
  74  Dgig_XM_028553644.1                       30.95%    passed     48.73%
  75  Xesp_024216-T1                            27.79%    passed     41.24%
  76  Clacor_Ccor_scaffold10764_01              45.05%    passed     71.41%
  77  Chem_TCONS_00026509                       30.32%    failed      0.53%
  78  Sanmal_Sma_024226-T1                      10.95%    failed      0.00%
  79  Opea_EP00118_Oscarella_pearsei_P027067    39.16%    passed     17.44%
  80  Ocar_g8228                                39.16%    passed     17.44%
  81  Fspp_ffun1.m4.12222.m1                    24.42%    passed     12.92%
  82  Gasp_gasp1.m3.12113.m1                    21.47%    passed     10.13%
  83  Spis_XP_022792121_1                       20.42%    passed     20.16%
  84  Pocdam_XM_027192994.1                     19.79%    passed      9.41%
  85  Gfas_gfas1.m1.13708.m1                    19.16%    failed      3.05%
  86  Exapal_XM_021040819.2                     25.68%    passed     49.67%
  87  Nvec_v1g108729                            24.00%    passed     94.44%
  88  Aaur_scaffold24.g53.t1                    12.63%    failed      3.95%
  89  Nemnom_g2272.t1                           13.68%    passed      5.81%
  90  Rhoesc_Res_017303-T1                      13.89%    failed      0.25%
  91  Dgig_XM_028549731.1                       29.05%    failed      0.65%
  92  Xesp_014114-T1                            30.95%    passed      8.56%
  93  Spis_XP_022782346_1                       45.68%    passed     23.87%
  94  Pocdam_XM_027202109.1                     45.68%    passed     33.25%
  95  Scil_scict011871.1                        65.05%    failed      0.01%
  96  Lcom_lcpid58487                           17.89%    failed      0.00%
  97  Leuniv_Lniv_scaffold20105_01              39.16%    failed      4.28%
  98  Dgig_XM_028544306.1                       29.05%    passed     15.73%
  99  Xesp_014382-T1                            28.84%    failed      3.99%
 100  Morvir_scaffold187.g24.t1                 17.26%    passed     37.32%
 101  Leuniv_Lniv_scaffold23658_01              25.26%    passed     29.29%
 102  Lcom_lcpid114558                          45.68%    passed     13.54%
 103  Gracom_Gcom_C550856_01                    38.11%    passed     33.53%
 104  Clacor_Ccor_scaffold14693_01              28.63%    failed      1.68%
 105  Hvul_g15359_1                             27.79%    failed      2.10%
 106  Scil_scict009147.2                        50.11%    passed     16.86%
 107  Hvul_g15640_1                             26.74%    failed      0.00%
 108  Gracom_Gcom_C546926_01                    70.95%    passed     70.82%
 109  Sanmal_Sma_024143-T1                      45.68%    passed     17.38%
 110  Morvir_scaffold129.g7.t1                  39.58%    passed     10.98%
WARNING: 8 sequences contain more than 50% gaps/ambiguity
****  TOTAL                                     29.88%  29 sequences failed composition chi2 test (p-value<5%; df=19)
NOTE: Ocar_g8228 is identical to Opea_EP00118_Oscarella_pearsei_P027067 but kept for subsequent analysis


Create initial parsimony tree by phylogenetic likelihood library (PLL)... 0.072 seconds
Measuring multi-threading efficiency up to 2 CPU cores
Increase to 10 rounds for branch lengths
2 trees examined
Threads: 1 / Time: 2.787 sec / Speedup: 1.000 / Efficiency: 100% / LogL: -71093
Threads: 2 / Time: 2.904 sec / Speedup: 0.960 / Efficiency: 48% / LogL: -71093
BEST NUMBER OF THREADS: 1

Perform fast likelihood tree search using LG+I+G model...
Estimate model parameters (epsilon = 5.000)
Perform nearest neighbor interchange...
Estimate model parameters (epsilon = 1.000)
1. Initial log-likelihood: -47769.689
Optimal log-likelihood: -47769.554
Proportion of invariable sites: 0.046
Gamma shape alpha: 1.201
Parameters optimization took 1 rounds (0.508 sec)
Time for fast ML tree search: 5.383 seconds

NOTE: ModelFinder requires 35 MB RAM!
ModelFinder will test up to 24 protein models (sample size: 475) ...
 No. Model         -LnL         df  AIC          AICc         BIC
  1  LG            50039.542    217 100513.084   100881.224   101416.523
  2  LG+I          49251.484    218 98938.967    99311.951    99846.570
  3  LG+G4         47869.722    218 96175.443    96548.428    97083.046
  4  LG+I+G4       47769.557    219 95977.114    96354.996    96888.880
  8  LG+F+I+G4     47367.964    238 95211.929    95693.980    96202.798
 12  WAG+I+G4      47657.302    219 95752.604    96130.486    96664.370
 16  WAG+F+I+G4    47394.846    238 95265.691    95747.742    96256.560
 20  JTT+I+G4      47256.942    219 94951.883    95329.766    95863.649
 24  JTT+F+I+G4    47168.443    238 94812.887    95294.937    95803.756
Akaike Information Criterion:           JTT+F+I+G4
Corrected Akaike Information Criterion: JTT+F+I+G4
Bayesian Information Criterion:         JTT+F+I+G4
Best-fit model: JTT+F+I+G4 chosen according to BIC

All model information printed to results_broccoli_meto/alignments_prefiltering/OG_7355.iqtree.model.gz
CPU time for ModelFinder: 31.110 seconds (0h:0m:31s)
Wall-clock time for ModelFinder: 28.113 seconds (0h:0m:28s)
Generating 1000 samples for ultrafast bootstrap (seed: 327431)...

NOTE: 35 MB RAM (0 GB) is required!
Estimate model parameters (epsilon = 0.100)
Thoroughly optimizing +I+G parameters from 10 start values...
Init pinv, alpha: 0.000, 1.212 / Estimate: 0.045, 1.202 / LogL: -47168.445
Init pinv, alpha: 0.005, 1.212 / Estimate: 0.045, 1.211 / LogL: -47168.436
Init pinv, alpha: 0.010, 1.212 / Estimate: 0.045, 1.210 / LogL: -47168.435
Init pinv, alpha: 0.015, 1.212 / Estimate: 0.045, 1.212 / LogL: -47168.440
Init pinv, alpha: 0.021, 1.212 / Estimate: 0.045, 1.212 / LogL: -47168.446
Init pinv, alpha: 0.026, 1.212 / Estimate: 0.045, 1.212 / LogL: -47168.443
Init pinv, alpha: 0.031, 1.212 / Estimate: 0.045, 1.211 / LogL: -47168.438
Init pinv, alpha: 0.036, 1.212 / Estimate: 0.045, 1.212 / LogL: -47168.441
Init pinv, alpha: 0.041, 1.212 / Estimate: 0.045, 1.211 / LogL: -47168.440
Init pinv, alpha: 0.046, 1.212 / Estimate: 0.045, 1.209 / LogL: -47168.433
Optimal pinv,alpha: 0.045, 1.209 / LogL: -47168.433

Parameters optimization took 14.229 sec
Computing ML distances based on estimated model parameters...
Computing ML distances took 1.720281 sec (of wall-clock time) 1.714453 sec(of CPU time)
Computing RapidNJ tree took 0.001157 sec (of wall-clock time) 0.000212 sec (of CPU time)
Log-likelihood of RapidNJ tree: -47494.400
--------------------------------------------------------------------
|             INITIALIZING CANDIDATE TREE SET                      |
--------------------------------------------------------------------
Generating 98 parsimony trees... 5.205 second
Computing log-likelihood of 98 initial trees ... 16.167 seconds
Current best score: -47168.433

Do NNI search on 20 best initial trees
Estimate model parameters (epsilon = 0.100)
BETTER TREE FOUND at iteration 1: -47139.777
Estimate model parameters (epsilon = 0.100)
BETTER TREE FOUND at iteration 2: -47138.089
Estimate model parameters (epsilon = 0.100)
BETTER TREE FOUND at iteration 5: -47137.908
Iteration 10 / LogL: -47142.022 / Time: 0h:1m:17s
Iteration 20 / LogL: -47152.042 / Time: 0h:1m:56s
Finish initializing candidate tree set (19)
Current best tree score: -47137.908 / CPU time: 98.279
Number of iterations: 20
--------------------------------------------------------------------
|               OPTIMIZING CANDIDATE TREE SET                      |
--------------------------------------------------------------------
Estimate model parameters (epsilon = 0.100)
BETTER TREE FOUND at iteration 24: -47136.239
Iteration 30 / LogL: -47137.758 / Time: 0h:2m:44s (0h:18m:19s left)
Estimate model parameters (epsilon = 0.100)
BETTER TREE FOUND at iteration 39: -47135.957
Iteration 40 / LogL: -47155.326 / Time: 0h:3m:32s (0h:18m:5s left)
Estimate model parameters (epsilon = 0.100)
BETTER TREE FOUND at iteration 42: -47134.795
Iteration 50 / LogL: -47138.293 / Time: 0h:4m:19s (0h:16m:55s left)
Log-likelihood cutoff on original alignment: -47196.973
Iteration 60 / LogL: -47137.555 / Time: 0h:5m:7s (0h:15m:49s left)
Estimate model parameters (epsilon = 0.100)
BETTER TREE FOUND at iteration 61: -47134.744
Iteration 70 / LogL: -47136.148 / Time: 0h:5m:55s (0h:16m:22s left)
Iteration 80 / LogL: -47135.387 / Time: 0h:6m:40s (0h:15m:17s left)
Iteration 90 / LogL: -47136.819 / Time: 0h:7m:28s (0h:14m:21s left)
Iteration 100 / LogL: -47135.412 / Time: 0h:8m:12s (0h:13m:20s left)
Log-likelihood cutoff on original alignment: -47196.973
NOTE: Bootstrap correlation coefficient of split occurrence frequencies: 0.999
Iteration 110 / LogL: -47136.667 / Time: 0h:9m:0s (0h:12m:28s left)
Iteration 120 / LogL: -47163.061 / Time: 0h:9m:43s (0h:11m:31s left)
Iteration 130 / LogL: -47136.663 / Time: 0h:10m:29s (0h:10m:38s left)
Iteration 140 / LogL: -47138.972 / Time: 0h:11m:17s (0h:9m:49s left)
Iteration 150 / LogL: -47136.197 / Time: 0h:11m:58s (0h:8m:55s left)
Log-likelihood cutoff on original alignment: -47196.973
Iteration 160 / LogL: -47148.213 / Time: 0h:12m:45s (0h:8m:6s left)
Iteration 170 / LogL: -47157.922 / Time: 0h:13m:28s (0h:7m:15s left)
Iteration 180 / LogL: -47144.472 / Time: 0h:14m:13s (0h:6m:26s left)
Iteration 190 / LogL: -47148.348 / Time: 0h:14m:59s (0h:5m:37s left)
Iteration 200 / LogL: -47138.700 / Time: 0h:15m:44s (0h:4m:49s left)
Log-likelihood cutoff on original alignment: -47196.973
NOTE: Bootstrap correlation coefficient of split occurrence frequencies: 0.999
Iteration 210 / LogL: -47138.840 / Time: 0h:16m:30s (0h:7m:6s left)
Iteration 220 / LogL: -47147.867 / Time: 0h:17m:13s (0h:6m:17s left)
Iteration 230 / LogL: -47145.409 / Time: 0h:17m:56s (0h:5m:29s left)
Iteration 240 / LogL: -47139.262 / Time: 0h:18m:42s (0h:4m:41s left)
Iteration 250 / LogL: -47135.230 / Time: 0h:19m:28s (0h:3m:54s left)
Log-likelihood cutoff on original alignment: -47196.973
Iteration 260 / LogL: -47135.225 / Time: 0h:20m:11s (0h:3m:7s left)
TREE SEARCH COMPLETED AFTER 262 ITERATIONS / Time: 0h:20m:20s

--------------------------------------------------------------------
|                    FINALIZING TREE SEARCH                        |
--------------------------------------------------------------------
Performs final model parameters optimization
Estimate model parameters (epsilon = 0.010)
1. Initial log-likelihood: -47134.744
Optimal log-likelihood: -47134.744
Proportion of invariable sites: 0.045
Gamma shape alpha: 1.219
Parameters optimization took 1 rounds (0.541 sec)
BEST SCORE FOUND : -47134.744
Creating bootstrap support values...
Split supports printed to NEXUS file results_broccoli_meto/alignments_prefiltering/OG_7355.iqtree.splits.nex
Total tree length: 54.054

Total number of iterations: 262
CPU time used for tree search: 1201.384 sec (0h:20m:1s)
Wall-clock time used for tree search: 1202.571 sec (0h:20m:2s)
Total CPU time used: 1220.226 sec (0h:20m:20s)
Total wall-clock time used: 1221.383 sec (0h:20m:21s)

Computing bootstrap consensus tree...
Reading input file results_broccoli_meto/alignments_prefiltering/OG_7355.iqtree.splits.nex...
110 taxa and 530 splits.
Consensus tree written to results_broccoli_meto/alignments_prefiltering/OG_7355.iqtree.contree
Reading input trees file results_broccoli_meto/alignments_prefiltering/OG_7355.iqtree.contree
Log-likelihood of consensus tree: -47134.746

Analysis results written to: 
  IQ-TREE report:                results_broccoli_meto/alignments_prefiltering/OG_7355.iqtree.iqtree
  Maximum-likelihood tree:       results_broccoli_meto/alignments_prefiltering/OG_7355.iqtree.treefile
  Likelihood distances:          results_broccoli_meto/alignments_prefiltering/OG_7355.iqtree.mldist

Ultrafast bootstrap approximation results written to:
  Split support values:          results_broccoli_meto/alignments_prefiltering/OG_7355.iqtree.splits.nex
  Consensus tree:                results_broccoli_meto/alignments_prefiltering/OG_7355.iqtree.contree
  Screen log file:               results_broccoli_meto/alignments_prefiltering/OG_7355.iqtree.log

Date and Time: Tue Dec 13 22:51:44 2022
