IQ-TREE multicore version 2.1.0 for Linux 64-bit built Jul 18 2020
Developed by Bui Quang Minh, James Barbetti, Nguyen Lam Tung,
Olga Chernomor, Heiko Schmidt, Dominik Schrempf, Michael Woodhams.

Host:    trantor09.linux.crg.es (AVX, FMA3, 503 GB RAM)
Command: /users/asebe/xgraubove/Programes/iqtree-2.1.0-Linux/bin/iqtree2 -s results_broccoli_meto/alignments_prefiltering/OG_7270.lt.fasta -m TEST -mset LG,WAG,JTT -nt AUTO -ntmax 2 -bb 1000 -pre results_broccoli_meto/alignments_prefiltering/OG_7270.iqtree -nm 10000 -nstop 200 -cptime 1800
Seed:    877372 (Using SPRNG - Scalable Parallel Random Number Generator)
Time:    Tue Dec 13 23:22:00 2022
Kernel:  AVX+FMA - auto-detect threads (2 CPU cores detected)

Reading alignment file results_broccoli_meto/alignments_prefiltering/OG_7270.lt.fasta ... Fasta format detected
Alignment most likely contains protein sequences
Alignment has 79 sequences with 458 columns, 458 distinct patterns
455 parsimony-informative, 0 singleton sites, 3 constant sites
                                                        Gap/Ambiguity  Composition  p-value
   1  Hvul_g8221_1                                             45.63%    failed      0.00%
   2  Aaur_scaffold1082.g6.t1                                  80.79%    passed     53.36%
   3  Aaur_scaffold1082.g5.t1                                   3.49%    passed     46.20%
   4  Nemnom_g1281.t1                                          10.04%    passed     58.10%
   5  Rhoesc_Res_014255-T1                                      3.49%    passed     19.78%
   6  Sanmal_Sma_013253-T1                                      2.62%    passed     17.18%
   7  Fspp_ffun1.m4.18759.m1                                    1.09%    passed     80.37%
   8  Gasp_gasp1.m3.29196.m1                                    1.75%    passed     81.30%
   9  Spis_XP_022780320_1                                       1.97%    passed     70.68%
  10  Pocdam_XM_027196260.1                                     1.97%    passed     87.31%
  11  Amil_Amillepora14319-RA                                  40.17%    failed      3.10%
  12  Gfas_gfas1.m1.9648.m1                                     1.97%    passed     93.69%
  13  Adig_XM_015906876.1                                      20.09%    passed     44.46%
  14  Nvec_v1g93943                                             1.97%    passed     54.69%
  15  Exapal_XM_021048993.2                                     2.40%    passed     59.34%
  16  Dgig_XM_028560105.1                                       2.40%    passed     48.25%
  17  Xesp_017344-T1                                            4.15%    passed      9.03%
  18  Morvir_scaffold128.g44.t1                                 2.84%    passed     85.96%
  19  Bolinf_Binf_sb1240314                                    67.47%    passed     51.67%
  20  Bolinf_Binf_sb1240311                                    38.43%    passed     87.00%
  21  Bolinf_Binf_sb1240312                                    59.83%    passed     90.16%
  22  Vmul_sbMO499423                                          63.10%    passed     85.46%
  23  Mlei_ML0590.g12.i1                                        5.68%    passed     99.79%
  24  Mertsp_Mesp_sb580301                                     20.96%    passed     91.27%
  25  Mertsp_Mesp_sb580302                                     61.79%    passed     95.91%
  26  Mertsp_Mesp_sb580303                                     63.10%    passed     93.40%
  27  Bolinf_Binf_sb1240313                                    60.92%    passed     95.99%
  28  Drygla_Dgla_sb294747                                      7.21%    passed     96.32%
  29  Drygla_Dgla_sb294751                                     65.50%    passed     33.70%
  30  Bolinf_Binf_sb1211695                                    10.04%    passed     91.35%
  31  Beraby_Baby_sb331038                                      8.30%    passed     95.16%
  32  Mertsp_Mesp_sb537068                                     68.12%    passed     80.92%
  33  Pbac_sb2644249                                            7.64%    passed     97.95%
  34  Bolinf_Binf_sb1259837                                    12.23%    passed     96.89%
  35  Mertsp_Mesp_sb578221                                      7.42%    passed     99.08%
  36  Bolinf_Binf_sb1259840                                    37.99%    passed     93.88%
  37  Bolinf_Binf_sb1259842                                    39.96%    passed     97.74%
  38  Lampan_Lpan_14843_01                                     41.92%    passed     82.21%
  39  Horcal_Hcv1.av93.c12.g537.i5                              5.46%    passed     98.95%
  40  Eupdun_Edun_sb10654138                                    7.64%    passed     99.95%
  41  Coemet_Cmet_scaffold11975_01                             49.78%    passed     62.27%
  42  Coeast_Cast_sb794445                                     29.26%    passed     68.79%
  43  Coeast_Cast_sb794447                                     39.52%    passed     94.48%
  44  Coeast_Cast_sb794446                                     29.04%    passed     94.29%
  45  Coeast_Cast_sb794448                                     67.47%    passed     71.73%
  46  Vmul_Simscaffold10347_01                                  7.64%    passed     66.69%
  47  Lcom_lcpid197172                                         70.74%    passed     17.85%
  48  Acagra_model.g14986.t1.1.5d3b8802                        18.56%    passed     68.37%
  49  Acagra_model.g14986.t1                                    4.80%    passed     97.94%
  50  Bralan_BLAG01001794_1                                     7.86%    passed     98.14%
  51  Skow_XM_002732051.2                                       1.53%    passed     82.24%
  52  Spur_XM_779785.5                                          3.71%    passed     81.70%
  53  Cgig_XM_011447970.3                                       4.59%    passed     48.03%
  54  Chem_TCONS_00065928                                       6.11%    passed     87.75%
  55  HoiH23_PlH23_005872-RA                                    2.84%    passed     97.49%
  56  Hhon_g00806.t1                                            3.06%    passed     91.42%
  57  HoiH04_mRNA15979                                          3.06%    passed     92.03%
  58  HoiH11_mRNA4037                                           2.84%    passed     85.34%
  59  TrH2_TrispH2_001965-RA                                    2.62%    passed     60.68%
  60  Tadh_TriadT59176                                          2.62%    passed     60.68%
  61  Opea_EP00118_Oscarella_pearsei_P018018                    4.15%    passed     83.50%
  62  Ocar_g5663                                                4.15%    passed     83.50%
  63  Plajan_Pjan_C562558_01                                    6.99%    passed     68.39%
  64  Emue_Em0015g571a.t1                                       6.33%    failed      2.19%
  65  Spolac_c98185_g1_i1_m.16652c98185-g1                     16.38%    passed     31.44%
  66  Tetwil_g27023.t1                                          3.06%    passed     65.67%
  67  Plespi_Pspi_scaffold14599_01                             53.49%    passed     22.72%
  68  Halamb_c52216_g1_i1mm.4408                                5.68%    passed     22.23%
  69  Aque_Aqu2.1.33659_001                                     4.37%    passed     84.39%
  70  Xestes_maker-XT_scaffold2712-augustus-gene-0.21-mRNA-1    5.68%    failed      0.07%
  71  Lcom_lcpid207362                                         72.71%    passed     88.60%
  72  Leuniv_Lniv_scaffold23673_01                             15.07%    passed     29.59%
  73  Lcom_lcpid21431                                          12.88%    failed      1.81%
  74  Gracom_Gcom_scaffold12238_01                             13.97%    passed     92.96%
  75  Scil_scict004031.1                                       12.01%    passed     40.61%
  76  Clacor_Ccor_scaffold12859_01                             40.61%    passed     16.21%
  77  Hsap_ENST00000416617                                      9.17%    passed     25.55%
  78  Hvul_g8225_1                                             50.66%    failed      1.86%
  79  Tcas_TC005435_001                                        15.94%    passed     17.56%
WARNING: 14 sequences contain more than 50% gaps/ambiguity
****  TOTAL                                                    21.52%  6 sequences failed composition chi2 test (p-value<5%; df=19)
NOTE: Tadh_TriadT59176 is identical to TrH2_TrispH2_001965-RA but kept for subsequent analysis
NOTE: Ocar_g5663 is identical to Opea_EP00118_Oscarella_pearsei_P018018 but kept for subsequent analysis


Create initial parsimony tree by phylogenetic likelihood library (PLL)... 0.033 seconds
Measuring multi-threading efficiency up to 2 CPU cores
10 trees examined
Threads: 1 / Time: 2.204 sec / Speedup: 1.000 / Efficiency: 100% / LogL: -48933
Threads: 2 / Time: 1.637 sec / Speedup: 1.346 / Efficiency: 67% / LogL: -48933
BEST NUMBER OF THREADS: 2

Perform fast likelihood tree search using LG+I+G model...
Estimate model parameters (epsilon = 5.000)
Perform nearest neighbor interchange...
Estimate model parameters (epsilon = 1.000)
1. Initial log-likelihood: -30499.480
Optimal log-likelihood: -30499.289
Proportion of invariable sites: 0.006
Gamma shape alpha: 1.685
Parameters optimization took 1 rounds (0.505 sec)
Time for fast ML tree search: 4.492 seconds

NOTE: ModelFinder requires 25 MB RAM!
ModelFinder will test up to 24 protein models (sample size: 458) ...
 No. Model         -LnL         df  AIC          AICc         BIC
  1  LG            31352.879    155 63015.758    63175.891    63655.423
  2  LG+I          31308.044    156 62928.087    63090.825    63571.879
  3  LG+G4         30507.002    156 61326.003    61488.741    61969.795
  4  LG+I+G4       30499.222    157 61312.445    61477.818    61960.363
  7  LG+F+G4       30621.859    175 61593.718    61812.158    62315.920
  8  LG+F+I+G4     30610.436    176 61572.872    61794.595    62299.201
 11  WAG+G4        30727.859    156 61767.718    61930.455    62411.509
 12  WAG+I+G4      30717.361    157 61748.723    61914.096    62396.641
 15  WAG+F+G4      30864.181    175 62078.361    62296.801    62800.563
 16  WAG+F+I+G4    30851.169    176 62054.338    62276.060    62780.667
 19  JTT+G4        30695.636    156 61703.273    61866.010    62347.064
 20  JTT+I+G4      30686.963    157 61687.926    61853.299    62335.844
 23  JTT+F+G4      30602.377    175 61554.754    61773.194    62276.956
 24  JTT+F+I+G4    30591.107    176 61534.214    61755.937    62260.543
Akaike Information Criterion:           LG+I+G4
Corrected Akaike Information Criterion: LG+I+G4
Bayesian Information Criterion:         LG+I+G4
Best-fit model: LG+I+G4 chosen according to BIC

All model information printed to results_broccoli_meto/alignments_prefiltering/OG_7270.iqtree.model.gz
CPU time for ModelFinder: 57.561 seconds (0h:0m:57s)
Wall-clock time for ModelFinder: 29.976 seconds (0h:0m:29s)
Generating 1000 samples for ultrafast bootstrap (seed: 877372)...

NOTE: 25 MB RAM (0 GB) is required!
Estimate model parameters (epsilon = 0.100)
Thoroughly optimizing +I+G parameters from 10 start values...
Init pinv, alpha: 0.000, 1.687 / Estimate: 0.006, 1.685 / LogL: -30499.216
Init pinv, alpha: 0.001, 1.687 / Estimate: 0.006, 1.684 / LogL: -30499.214
Init pinv, alpha: 0.001, 1.687 / Estimate: 0.006, 1.685 / LogL: -30499.215
Init pinv, alpha: 0.002, 1.687 / Estimate: 0.006, 1.685 / LogL: -30499.215
Init pinv, alpha: 0.003, 1.687 / Estimate: 0.006, 1.686 / LogL: -30499.214
Init pinv, alpha: 0.004, 1.687 / Estimate: 0.006, 1.686 / LogL: -30499.214
Init pinv, alpha: 0.004, 1.687 / Estimate: 0.006, 1.684 / LogL: -30499.214
Init pinv, alpha: 0.005, 1.687 / Estimate: 0.006, 1.684 / LogL: -30499.215
Init pinv, alpha: 0.006, 1.687 / Estimate: 0.006, 1.686 / LogL: -30499.214
Init pinv, alpha: 0.007, 1.687 / Estimate: 0.006, 1.686 / LogL: -30499.214
Optimal pinv,alpha: 0.006, 1.684 / LogL: -30499.214

Parameters optimization took 9.976 sec
Computing ML distances based on estimated model parameters...
Computing ML distances took 0.858939 sec (of wall-clock time) 1.717733 sec(of CPU time)
Computing RapidNJ tree took 0.001751 sec (of wall-clock time) 0.001471 sec (of CPU time)
Log-likelihood of RapidNJ tree: -30741.426
--------------------------------------------------------------------
|             INITIALIZING CANDIDATE TREE SET                      |
--------------------------------------------------------------------
Generating 98 parsimony trees... 3.990 second
Computing log-likelihood of 98 initial trees ... 14.759 seconds
Current best score: -30499.214

Do NNI search on 20 best initial trees
Estimate model parameters (epsilon = 0.100)
BETTER TREE FOUND at iteration 1: -30499.213
Estimate model parameters (epsilon = 0.100)
BETTER TREE FOUND at iteration 2: -30497.081
UPDATE BEST LOG-LIKELIHOOD: -30497.081
Iteration 10 / LogL: -30499.054 / Time: 0h:1m:14s
Iteration 20 / LogL: -30501.666 / Time: 0h:2m:4s
Finish initializing candidate tree set (11)
Current best tree score: -30497.081 / CPU time: 112.133
Number of iterations: 20
--------------------------------------------------------------------
|               OPTIMIZING CANDIDATE TREE SET                      |
--------------------------------------------------------------------
BETTER TREE FOUND at iteration 22: -30497.080
Iteration 30 / LogL: -30498.200 / Time: 0h:2m:45s (0h:18m:13s left)
Iteration 40 / LogL: -30497.085 / Time: 0h:3m:30s (0h:16m:22s left)
Iteration 50 / LogL: -30497.252 / Time: 0h:4m:15s (0h:14m:58s left)
Log-likelihood cutoff on original alignment: -30552.406
Iteration 60 / LogL: -30497.122 / Time: 0h:4m:58s (0h:13m:39s left)
UPDATE BEST LOG-LIKELIHOOD: -30497.080
Iteration 70 / LogL: -30497.100 / Time: 0h:5m:37s (0h:12m:23s left)
Iteration 80 / LogL: -30497.192 / Time: 0h:6m:20s (0h:11m:23s left)
BETTER TREE FOUND at iteration 84: -30497.079
Iteration 90 / LogL: -30504.285 / Time: 0h:7m:6s (0h:15m:29s left)
UPDATE BEST LOG-LIKELIHOOD: -30497.079
Iteration 100 / LogL: -30497.121 / Time: 0h:7m:50s (0h:14m:33s left)
Log-likelihood cutoff on original alignment: -30552.406
NOTE: Bootstrap correlation coefficient of split occurrence frequencies: 0.991
Iteration 110 / LogL: -30497.080 / Time: 0h:8m:31s (0h:13m:35s left)
Iteration 120 / LogL: -30501.062 / Time: 0h:9m:14s (0h:12m:43s left)
Iteration 130 / LogL: -30497.124 / Time: 0h:9m:56s (0h:11m:52s left)
Estimate model parameters (epsilon = 0.100)
BETTER TREE FOUND at iteration 133: -30494.438
Iteration 140 / LogL: -30504.007 / Time: 0h:10m:41s (0h:14m:50s left)
Iteration 150 / LogL: -30497.126 / Time: 0h:11m:23s (0h:13m:59s left)
Log-likelihood cutoff on original alignment: -30552.406
UPDATE BEST LOG-LIKELIHOOD: -30494.438
Iteration 160 / LogL: -30549.795 / Time: 0h:12m:8s (0h:13m:12s left)
Iteration 170 / LogL: -30494.546 / Time: 0h:12m:47s (0h:12m:20s left)
Iteration 180 / LogL: -30497.116 / Time: 0h:13m:29s (0h:11m:31s left)
Iteration 190 / LogL: -30494.515 / Time: 0h:14m:11s (0h:10m:44s left)
Iteration 200 / LogL: -30495.068 / Time: 0h:14m:53s (0h:9m:56s left)
Log-likelihood cutoff on original alignment: -30552.406
NOTE: Bootstrap correlation coefficient of split occurrence frequencies: 0.992
Iteration 210 / LogL: -30494.620 / Time: 0h:15m:34s (0h:9m:9s left)
Iteration 220 / LogL: -30495.321 / Time: 0h:16m:16s (0h:8m:23s left)
Iteration 230 / LogL: -30494.567 / Time: 0h:16m:55s (0h:7m:36s left)
Iteration 240 / LogL: -30494.630 / Time: 0h:17m:33s (0h:6m:49s left)
Iteration 250 / LogL: -30497.311 / Time: 0h:18m:14s (0h:6m:4s left)
Log-likelihood cutoff on original alignment: -30552.406
Iteration 260 / LogL: -30494.512 / Time: 0h:18m:56s (0h:5m:20s left)
Iteration 270 / LogL: -30494.603 / Time: 0h:19m:39s (0h:4m:36s left)
Iteration 280 / LogL: -30494.950 / Time: 0h:20m:17s (0h:3m:51s left)
Iteration 290 / LogL: -30495.256 / Time: 0h:21m:2s (0h:3m:7s left)
Iteration 300 / LogL: -30497.095 / Time: 0h:21m:45s (0h:2m:24s left)
Log-likelihood cutoff on original alignment: -30552.406
NOTE: Bootstrap correlation coefficient of split occurrence frequencies: 0.996
Iteration 310 / LogL: -30494.440 / Time: 0h:22m:23s (0h:6m:31s left)
Iteration 320 / LogL: -30494.512 / Time: 0h:23m:9s (0h:5m:48s left)
Iteration 330 / LogL: -30494.440 / Time: 0h:23m:49s (0h:5m:4s left)
TREE SEARCH COMPLETED AFTER 334 ITERATIONS / Time: 0h:24m:4s

--------------------------------------------------------------------
|                    FINALIZING TREE SEARCH                        |
--------------------------------------------------------------------
Performs final model parameters optimization
Estimate model parameters (epsilon = 0.010)
1. Initial log-likelihood: -30494.438
Optimal log-likelihood: -30494.438
Proportion of invariable sites: 0.006
Gamma shape alpha: 1.684
Parameters optimization took 1 rounds (0.493 sec)
BEST SCORE FOUND : -30494.438
Creating bootstrap support values...
Split supports printed to NEXUS file results_broccoli_meto/alignments_prefiltering/OG_7270.iqtree.splits.nex
Total tree length: 32.670

Total number of iterations: 334
CPU time used for tree search: 2849.418 sec (0h:47m:29s)
Wall-clock time used for tree search: 1432.685 sec (0h:23m:52s)
Total CPU time used: 2875.115 sec (0h:47m:55s)
Total wall-clock time used: 1445.834 sec (0h:24m:5s)

Computing bootstrap consensus tree...
Reading input file results_broccoli_meto/alignments_prefiltering/OG_7270.iqtree.splits.nex...
79 taxa and 405 splits.
Consensus tree written to results_broccoli_meto/alignments_prefiltering/OG_7270.iqtree.contree
Reading input trees file results_broccoli_meto/alignments_prefiltering/OG_7270.iqtree.contree
Log-likelihood of consensus tree: -30494.702

Analysis results written to: 
  IQ-TREE report:                results_broccoli_meto/alignments_prefiltering/OG_7270.iqtree.iqtree
  Maximum-likelihood tree:       results_broccoli_meto/alignments_prefiltering/OG_7270.iqtree.treefile
  Likelihood distances:          results_broccoli_meto/alignments_prefiltering/OG_7270.iqtree.mldist

Ultrafast bootstrap approximation results written to:
  Split support values:          results_broccoli_meto/alignments_prefiltering/OG_7270.iqtree.splits.nex
  Consensus tree:                results_broccoli_meto/alignments_prefiltering/OG_7270.iqtree.contree
  Screen log file:               results_broccoli_meto/alignments_prefiltering/OG_7270.iqtree.log

Date and Time: Tue Dec 13 23:46:38 2022
