IQ-TREE multicore version 2.1.0 for Linux 64-bit built Jul 18 2020
Developed by Bui Quang Minh, James Barbetti, Nguyen Lam Tung,
Olga Chernomor, Heiko Schmidt, Dominik Schrempf, Michael Woodhams.

Host:    trantor09.linux.crg.es (AVX, FMA3, 503 GB RAM)
Command: /users/asebe/xgraubove/Programes/iqtree-2.1.0-Linux/bin/iqtree2 -s results_broccoli_meto/alignments_prefiltering/OG_899.lt.fasta -m TEST -mset LG,WAG,JTT -nt AUTO -ntmax 2 -bb 1000 -pre results_broccoli_meto/alignments_prefiltering/OG_899.iqtree -nm 10000 -nstop 200 -cptime 1800
Seed:    183050 (Using SPRNG - Scalable Parallel Random Number Generator)
Time:    Wed Dec 14 02:16:29 2022
Kernel:  AVX+FMA - auto-detect threads (2 CPU cores detected)

Reading alignment file results_broccoli_meto/alignments_prefiltering/OG_899.lt.fasta ... Fasta format detected
Alignment most likely contains protein sequences
Alignment has 67 sequences with 467 columns, 465 distinct patterns
447 parsimony-informative, 0 singleton sites, 20 constant sites
                                                                  Gap/Ambiguity  Composition  p-value
   1  Lcom_lcpid79891                                                     8.99%    failed      0.08%
   2  Gracom_Gcom_C542294_01                                             19.49%    failed      0.27%
   3  Leuniv_Lniv_scaffold25088_01                                        5.35%    failed      0.93%
   4  Scil_scict002329.1                                                  6.42%    failed      0.71%
   5  Lcom_lcpid71498                                                     9.85%    failed      4.45%
   6  Lcom_lcpid193424                                                   70.66%    passed     11.36%
   7  Cgig_XM_011449743.3                                                 3.85%    passed      6.53%
   8  Acagra_model.g22335.t1                                              7.28%    passed     31.56%
   9  Dpul_mRNA180                                                        6.85%    passed     98.80%
  10  Tcas_TC014625_001                                                  12.21%    passed     40.40%
  11  Hsap_ENST00000616198                                                8.35%    passed     58.55%
  12  Ctel_gnl_WGS_AMQN_CAPTEDRAFT_mRNA33898                             13.28%    passed     71.28%
  13  Emue_Em0004g1647a.t1                                               10.92%    passed     97.00%
  14  Spolac_c99229_g1_i1_m.19130c99229-g1                               10.06%    passed     98.24%
  15  Stycar_maker-SC_scaffold332-snap-gene-0.6-mRNA-1                    6.64%    passed     65.77%
  16  Aque_Aqu2.1.43721_001                                               6.21%    passed     81.24%
  17  Xestes_augustus_masked-XT_scaffold3802-processed-gene-0.4-mRNA-1    6.42%    passed     82.70%
  18  Halamb_c45063_g1_i1m.18402                                         52.68%    passed     35.27%
  19  Fspp_ffun1.m4.20947.m1                                             51.82%    passed     15.94%
  20  Gasp_gasp1.m3.21038.m1                                              4.07%    passed     74.74%
  21  Spis_XP_022792334_1                                                 3.64%    passed     85.78%
  22  Pocdam_XM_027188712.1                                               3.64%    passed     75.11%
  23  Amil_Amillepora11353-RA                                             4.07%    passed     84.82%
  24  Adig_XM_015923864.1                                                 4.07%    passed     84.82%
  25  Gfas_gfas1.m1.7772.m1                                               4.07%    passed     70.61%
  26  Nvec_v1g163860                                                     24.20%    passed     54.02%
  27  Exapal_XM_021061761.2                                               4.93%    passed     94.22%
  28  Hvul_g30167_1                                                       8.57%    passed     71.18%
  29  Chem_TCONS_00033971                                                 6.21%    passed     74.10%
  30  Sanmal_Sma_005922-T1                                                6.85%    passed     11.77%
  31  Aaur_scaffold242.g19.t1                                            32.98%    passed     24.65%
  32  Nemnom_g13045.t1                                                    6.64%    passed     32.74%
  33  Rhoesc_Res_005680-T1                                                6.64%    passed     24.99%
  34  Morvir_scaffold39.g94.t1                                            6.64%    passed     38.28%
  35  Dgig_XM_028535173.1                                                 2.14%    passed     59.03%
  36  Xesp_009725-T1                                                      3.64%    passed     25.76%
  37  HoiH23_PlH23_002452-RA                                             16.06%    failed      0.26%
  38  HoiH06_mRNA275                                                     16.06%    failed      0.43%
  39  Hhon_g09434.t1                                                     16.06%    failed      0.11%
  40  HoiH04_mRNA8422                                                    16.06%    failed      0.14%
  41  HoiH11_mRNA2134                                                    16.27%    failed      0.92%
  42  TrH2_TrispH2_005733-RA                                             16.06%    failed      2.31%
  43  Tadh_TriadT1749                                                    42.40%    passed     33.10%
  44  Bralan_BLAG10000713_1                                               3.64%    passed     65.34%
  45  Clacor_Ccor_scaffold6933_01                                         7.07%    passed     43.26%
  46  Pbac_sb2637975                                                     61.67%    failed      3.57%
  47  Horcal_Hcv1.av93.c1.g1695.i1                                       31.69%    passed     79.16%
  48  Horcal_Hcv1.av93.c1.g1695.i2                                       10.92%    passed     92.21%
  49  Pbac_sb2662630                                                     47.32%    failed      1.17%
  50  Mlei_ML2056.g1.i1                                                  28.69%    passed     28.77%
  51  Vmul_sbMO419511                                                    42.40%    passed      9.21%
  52  Drygla_Dgla_sb294237                                               13.06%    passed     19.21%
  53  Vmul_Simscaffold14525_01                                           10.71%    passed     93.92%
  54  Coemet_Cmet_C599719_01                                             10.49%    passed     91.33%
  55  Lampan_Lpan_13546_01                                               11.56%    passed     99.69%
  56  Horcal_Hcv1.av93.c11.g747.i1                                        7.07%    passed     78.36%
  57  Pbac_sb2648342                                                     10.28%    passed     89.24%
  58  Bolinf_Binf_sb1180813                                              56.32%    passed     90.38%
  59  Beraby_Baby_sb332084                                               10.06%    passed     98.92%
  60  Mlei_ML1080.g3.i1                                                   9.64%    passed     98.33%
  61  Vmul_sbMO409249                                                    34.48%    passed     82.41%
  62  Drygla_Dgla_sb299283                                               10.71%    passed     74.59%
  63  Lampan_Lpan_1658_01                                                 5.78%    passed     96.69%
  64  Vmul_sbMO431670                                                    20.13%    passed     11.80%
  65  Coemet_Cmet_scaffold2941_01                                         6.21%    passed     56.02%
  66  Spur_XM_030979904.1                                                 8.78%    passed     96.68%
  67  Opea_EP00118_Oscarella_pearsei_P025929                             30.19%    passed     14.33%
WARNING: 5 sequences contain more than 50% gaps/ambiguity
****  TOTAL                                                              16.09%  13 sequences failed composition chi2 test (p-value<5%; df=19)
NOTE: Adig_XM_015923864.1 is identical to Amil_Amillepora11353-RA but kept for subsequent analysis


Create initial parsimony tree by phylogenetic likelihood library (PLL)... 0.027 seconds
Measuring multi-threading efficiency up to 2 CPU cores
11 trees examined
Threads: 1 / Time: 2.060 sec / Speedup: 1.000 / Efficiency: 100% / LogL: -46638
Threads: 2 / Time: 1.541 sec / Speedup: 1.336 / Efficiency: 67% / LogL: -46638
BEST NUMBER OF THREADS: 2

Perform fast likelihood tree search using LG+I+G model...
Estimate model parameters (epsilon = 5.000)
Perform nearest neighbor interchange...
Estimate model parameters (epsilon = 1.000)
1. Initial log-likelihood: -30742.304
Optimal log-likelihood: -30742.157
Proportion of invariable sites: 0.038
Gamma shape alpha: 1.541
Parameters optimization took 1 rounds (0.442 sec)
Time for fast ML tree search: 3.804 seconds

NOTE: ModelFinder requires 22 MB RAM!
ModelFinder will test up to 24 protein models (sample size: 467) ...
 No. Model         -LnL         df  AIC          AICc         BIC
  1  LG            31922.004    131 64106.008    64209.244    64649.178
  2  LG+I          31697.476    132 63658.952    63764.078    64206.267
  3  LG+G4         30773.616    132 61811.232    61916.357    62358.547
  4  LG+I+G4       30742.169    133 61750.338    61857.377    62301.800
  8  LG+F+I+G4     30623.940    152 61551.881    61700.008    62182.123
 12  WAG+I+G4      30850.079    133 61966.158    62073.197    62517.619
 16  WAG+F+I+G4    30800.238    152 61904.477    62052.604    62534.719
 20  JTT+I+G4      30759.024    133 61784.048    61891.087    62335.510
 24  JTT+F+I+G4    30719.852    152 61743.704    61891.831    62373.946
Akaike Information Criterion:           LG+F+I+G4
Corrected Akaike Information Criterion: LG+F+I+G4
Bayesian Information Criterion:         LG+F+I+G4
Best-fit model: LG+F+I+G4 chosen according to BIC

All model information printed to results_broccoli_meto/alignments_prefiltering/OG_899.iqtree.model.gz
CPU time for ModelFinder: 35.195 seconds (0h:0m:35s)
Wall-clock time for ModelFinder: 18.668 seconds (0h:0m:18s)
Generating 1000 samples for ultrafast bootstrap (seed: 183050)...

NOTE: 22 MB RAM (0 GB) is required!
Estimate model parameters (epsilon = 0.100)
Thoroughly optimizing +I+G parameters from 10 start values...
Init pinv, alpha: 0.000, 1.504 / Estimate: 0.039, 1.502 / LogL: -30623.934
Init pinv, alpha: 0.005, 1.504 / Estimate: 0.039, 1.501 / LogL: -30623.936
Init pinv, alpha: 0.010, 1.504 / Estimate: 0.039, 1.502 / LogL: -30623.936
Init pinv, alpha: 0.014, 1.504 / Estimate: 0.039, 1.505 / LogL: -30623.940
Init pinv, alpha: 0.019, 1.504 / Estimate: 0.039, 1.505 / LogL: -30623.940
Init pinv, alpha: 0.024, 1.504 / Estimate: 0.038, 1.503 / LogL: -30623.946
Init pinv, alpha: 0.029, 1.504 / Estimate: 0.039, 1.503 / LogL: -30623.940
Init pinv, alpha: 0.033, 1.504 / Estimate: 0.039, 1.502 / LogL: -30623.936
Init pinv, alpha: 0.038, 1.504 / Estimate: 0.039, 1.502 / LogL: -30623.934
Init pinv, alpha: 0.043, 1.504 / Estimate: 0.039, 1.504 / LogL: -30623.934
Optimal pinv,alpha: 0.039, 1.504 / LogL: -30623.934

Parameters optimization took 14.045 sec
Computing ML distances based on estimated model parameters...
Computing ML distances took 0.641692 sec (of wall-clock time) 1.283254 sec(of CPU time)
Computing RapidNJ tree took 0.001013 sec (of wall-clock time) 0.000999 sec (of CPU time)
Log-likelihood of RapidNJ tree: -30741.348
--------------------------------------------------------------------
|             INITIALIZING CANDIDATE TREE SET                      |
--------------------------------------------------------------------
Generating 98 parsimony trees... 4.256 second
Computing log-likelihood of 98 initial trees ... 12.859 seconds
Current best score: -30623.934

Do NNI search on 20 best initial trees
Estimate model parameters (epsilon = 0.100)
BETTER TREE FOUND at iteration 1: -30623.504
Iteration 10 / LogL: -30626.108 / Time: 0h:0m:49s
Iteration 20 / LogL: -30623.584 / Time: 0h:1m:12s
Finish initializing candidate tree set (5)
Current best tree score: -30623.504 / CPU time: 56.280
Number of iterations: 20
--------------------------------------------------------------------
|               OPTIMIZING CANDIDATE TREE SET                      |
--------------------------------------------------------------------
Iteration 30 / LogL: -30624.047 / Time: 0h:1m:40s (0h:9m:53s left)
Iteration 40 / LogL: -30623.877 / Time: 0h:2m:8s (0h:8m:52s left)
Iteration 50 / LogL: -30623.907 / Time: 0h:2m:37s (0h:8m:3s left)
Log-likelihood cutoff on original alignment: -30694.331
Iteration 60 / LogL: -30623.769 / Time: 0h:3m:3s (0h:7m:18s left)
Iteration 70 / LogL: -30623.579 / Time: 0h:3m:29s (0h:6m:38s left)
Iteration 80 / LogL: -30624.587 / Time: 0h:3m:56s (0h:6m:2s left)
Iteration 90 / LogL: -30623.760 / Time: 0h:4m:23s (0h:5m:28s left)
Iteration 100 / LogL: -30623.736 / Time: 0h:4m:51s (0h:4m:57s left)
Log-likelihood cutoff on original alignment: -30694.331
NOTE: Bootstrap correlation coefficient of split occurrence frequencies: 0.999
Iteration 110 / LogL: -30624.503 / Time: 0h:5m:18s (0h:4m:26s left)
Iteration 120 / LogL: -30624.356 / Time: 0h:5m:49s (0h:3m:57s left)
Iteration 130 / LogL: -30631.128 / Time: 0h:6m:17s (0h:3m:27s left)
Iteration 140 / LogL: -30624.314 / Time: 0h:6m:44s (0h:2m:57s left)
Iteration 150 / LogL: -30626.860 / Time: 0h:7m:10s (0h:2m:27s left)
Log-likelihood cutoff on original alignment: -30694.331
Iteration 160 / LogL: -30624.558 / Time: 0h:7m:34s (0h:1m:57s left)
Iteration 170 / LogL: -30623.591 / Time: 0h:8m:0s (0h:1m:28s left)
Iteration 180 / LogL: -30623.770 / Time: 0h:8m:28s (0h:0m:59s left)
Iteration 190 / LogL: -30623.658 / Time: 0h:8m:54s (0h:0m:31s left)
Iteration 200 / LogL: -30623.551 / Time: 0h:9m:20s (0h:0m:2s left)
Log-likelihood cutoff on original alignment: -30694.331
NOTE: Bootstrap correlation coefficient of split occurrence frequencies: 1.000
TREE SEARCH COMPLETED AFTER 202 ITERATIONS / Time: 0h:9m:26s

--------------------------------------------------------------------
|                    FINALIZING TREE SEARCH                        |
--------------------------------------------------------------------
Performs final model parameters optimization
Estimate model parameters (epsilon = 0.010)
1. Initial log-likelihood: -30623.504
Optimal log-likelihood: -30623.504
Proportion of invariable sites: 0.039
Gamma shape alpha: 1.497
Parameters optimization took 1 rounds (0.438 sec)
BEST SCORE FOUND : -30623.504
Creating bootstrap support values...
Split supports printed to NEXUS file results_broccoli_meto/alignments_prefiltering/OG_899.iqtree.splits.nex
Total tree length: 27.534

Total number of iterations: 202
CPU time used for tree search: 1092.180 sec (0h:18m:12s)
Wall-clock time used for tree search: 550.245 sec (0h:9m:10s)
Total CPU time used: 1125.302 sec (0h:18m:45s)
Total wall-clock time used: 567.042 sec (0h:9m:27s)

Computing bootstrap consensus tree...
Reading input file results_broccoli_meto/alignments_prefiltering/OG_899.iqtree.splits.nex...
67 taxa and 236 splits.
Consensus tree written to results_broccoli_meto/alignments_prefiltering/OG_899.iqtree.contree
Reading input trees file results_broccoli_meto/alignments_prefiltering/OG_899.iqtree.contree
Log-likelihood of consensus tree: -30623.507

Analysis results written to: 
  IQ-TREE report:                results_broccoli_meto/alignments_prefiltering/OG_899.iqtree.iqtree
  Maximum-likelihood tree:       results_broccoli_meto/alignments_prefiltering/OG_899.iqtree.treefile
  Likelihood distances:          results_broccoli_meto/alignments_prefiltering/OG_899.iqtree.mldist

Ultrafast bootstrap approximation results written to:
  Split support values:          results_broccoli_meto/alignments_prefiltering/OG_899.iqtree.splits.nex
  Consensus tree:                results_broccoli_meto/alignments_prefiltering/OG_899.iqtree.contree
  Screen log file:               results_broccoli_meto/alignments_prefiltering/OG_899.iqtree.log

Date and Time: Wed Dec 14 02:26:15 2022
