IQ-TREE multicore version 2.1.0 for Linux 64-bit built Jul 18 2020
Developed by Bui Quang Minh, James Barbetti, Nguyen Lam Tung,
Olga Chernomor, Heiko Schmidt, Dominik Schrempf, Michael Woodhams.

Host:    node-hp0304.linux.crg.es (AVX, 125 GB RAM)
Command: /users/asebe/xgraubove/Programes/iqtree-2.1.0-Linux/bin/iqtree2 -s results_broccoli_meto/alignments_prefiltering/OG_8443.lt.fasta -m TEST -mset LG,WAG,JTT -nt AUTO -ntmax 2 -bb 1000 -pre results_broccoli_meto/alignments_prefiltering/OG_8443.iqtree -nm 10000 -nstop 200 -cptime 1800
Seed:    237674 (Using SPRNG - Scalable Parallel Random Number Generator)
Time:    Wed Dec 14 00:08:46 2022
Kernel:  AVX - auto-detect threads (2 CPU cores detected)

Reading alignment file results_broccoli_meto/alignments_prefiltering/OG_8443.lt.fasta ... Fasta format detected
Alignment most likely contains protein sequences
Alignment has 65 sequences with 866 columns, 866 distinct patterns
853 parsimony-informative, 0 singleton sites, 13 constant sites
                                         Gap/Ambiguity  Composition  p-value
   1  Nvec_v1g196176                            46.77%    failed      0.01%
   2  Cscu_XM_023376244.1                       33.60%    failed      1.10%
   3  Vmul_sbMO402779                           76.56%    failed      0.03%
   4  Mlei_ML1904.g20.i1                        51.62%    passed     41.16%
   5  Coeast_Cast_sb802061                      66.74%    passed     19.05%
   6  Coeast_Cast_sb802064                      68.01%    passed     10.50%
   7  Coeast_Cast_sb802062                      69.28%    passed      5.75%
   8  Coeast_Cast_sb802067                      70.55%    failed      3.38%
   9  Coeast_Cast_sb802063                      67.21%    passed     13.51%
  10  Coeast_Cast_sb802066                      69.75%    failed      3.92%
  11  Coeast_Cast_sb802068                      71.59%    passed      5.68%
  12  Coeast_Cast_sb802065                      69.05%    passed     16.16%
  13  Coemet_Cmet_C590799_01                    64.43%    passed     18.29%
  14  Pbac_sb2645459                            75.52%    passed     11.59%
  15  Horcal_Hcv1.av93.c8.g940.i1               53.93%    passed     22.04%
  16  Pbac_sb2668698                            57.16%    passed      7.77%
  17  Eupdun_Edun_sb10639925                    65.24%    passed      6.15%
  18  Eupdun_Edun_sb10639923                    54.50%    failed      1.68%
  19  Lampan_Lpan_15300_01                      70.21%    failed      0.08%
  20  Exapal_XM_021052946.2                     37.53%    failed      0.15%
  21  TrH2_TrispH2_003339-RA                    15.82%    failed      0.38%
  22  Tadh_TriadT51688                          17.21%    failed      0.20%
  23  HoiH23_PlH23_007553-RA                    19.98%    failed      0.02%
  24  HoiH06_mRNA2759                           46.30%    failed      0.00%
  25  HoiH04_mRNA2410                           56.00%    passed      5.91%
  26  Hhon_g04842.t1                            16.05%    failed      0.18%
  27  Lcom_lcpid18713                           16.97%    failed      0.00%
  28  Lcom_lcpid39546                           56.70%    failed      0.00%
  29  Gracom_Gcom_C559434_01                    23.90%    failed      0.00%
  30  Emue_Em0017g506a.t1                       23.56%    failed      0.29%
  31  Emue_Em0017g519a.t1                       20.90%    failed      0.09%
  32  Spolac_c102062_g2_i1_m.27804c102062-g2    37.53%    failed      3.03%
  33  Emue_Em0017g514a.t1                       34.18%    failed      0.07%
  34  Aque_Aqu2.1.39670_001                     22.75%    failed      0.79%
  35  Halamb_c35425_g1_i2m.8726                 82.91%    failed      0.00%
  36  Bralan_BLAG02000584_1                      7.97%    failed      0.00%
  37  Spur_XM_030993029.1                       15.82%    failed      0.01%
  38  Hsap_ENST00000615791                      71.94%    failed      0.06%
  39  Hsap_ENST00000343936                      28.64%    failed      3.44%
  40  Ocar_g2864                                68.82%    failed      0.99%
  41  Opea_EP00118_Oscarella_pearsei_P013644    51.85%    passed     36.71%
  42  Plajan_Pjan_scaffold3717_01               36.95%    failed      0.00%
  43  Skow_XM_006823940.1                       29.56%    passed     46.45%
  44  Cgig_XM_011422343.3                       16.86%    failed      0.05%
  45  Leuniv_Lniv_scaffold25894_01              36.61%    failed      0.00%
  46  Plespi_Pspi_scaffold20677_01              54.39%    failed      1.06%
  47  Acagra_model.g1329.t1.1.5d3b82df          24.60%    failed      0.71%
  48  Ctel_gnl_WGS_AMQN_CAPTEDRAFT_mRNA223326   54.97%    failed      0.06%
  49  Hsap_ENST00000253048                      26.44%    failed      0.00%
  50  Dpul_mRNA11968                            35.80%    failed      0.09%
  51  Tcas_TC034819_001                         36.03%    failed      1.42%
  52  Xesp_022331-T1                            57.39%    failed      0.64%
  53  Dgig_XM_028544045.1                       32.68%    failed      2.06%
  54  Aaur_scaffold879.g10.t3                   42.84%    failed      0.01%
  55  Rhoesc_Res_004159-T1                      46.30%    failed      0.00%
  56  Nemnom_g1471.t1                           52.54%    failed      0.01%
  57  Gasp_gasp1.m3.18483.m1                    48.96%    passed      8.51%
  58  Fspp_ffun1.m4.3451.m1                     52.66%    failed      3.11%
  59  Amil_Amillepora10024-RA                   45.03%    failed      2.74%
  60  Adig_XM_015902108.1                       56.00%    passed     14.90%
  61  Gfas_gfas1.m1.45.m1                       50.23%    failed      2.95%
  62  Spis_XP_022790122_1                       51.04%    passed     49.76%
  63  Pocdam_XM_027201492.1                     43.53%    passed     49.44%
  64  Tetwil_g23810.t1                          52.77%    failed      0.11%
  65  Hvul_g14122_1                             40.30%    failed      0.00%
WARNING: 32 sequences contain more than 50% gaps/ambiguity
****  TOTAL                                     46.15%  46 sequences failed composition chi2 test (p-value<5%; df=19)


Create initial parsimony tree by phylogenetic likelihood library (PLL)... 0.092 seconds
Measuring multi-threading efficiency up to 2 CPU cores
10 trees examined
Threads: 1 / Time: 2.006 sec / Speedup: 1.000 / Efficiency: 100% / LogL: -68470
Threads: 2 / Time: 1.373 sec / Speedup: 1.461 / Efficiency: 73% / LogL: -68470
BEST NUMBER OF THREADS: 2

Perform fast likelihood tree search using LG+I+G model...
Estimate model parameters (epsilon = 5.000)
Perform nearest neighbor interchange...
Estimate model parameters (epsilon = 1.000)
1. Initial log-likelihood: -52540.780
Optimal log-likelihood: -52540.570
Proportion of invariable sites: 0.014
Gamma shape alpha: 2.511
Parameters optimization took 1 rounds (0.529 sec)
Time for fast ML tree search: 4.090 seconds

NOTE: ModelFinder requires 39 MB RAM!
ModelFinder will test up to 24 protein models (sample size: 866) ...
 No. Model         -LnL         df  AIC          AICc         BIC
  1  LG            53405.834    127 107065.668   107109.723   107670.682
  2  LG+I          53188.357    128 106632.713   106677.522   107242.491
  3  LG+G4         52605.543    128 105467.087   105511.896   106076.864
  4  LG+I+G4       52540.561    129 105339.122   105384.693   105953.663
  8  LG+F+I+G4     52319.535    148 104935.069   104996.581   105640.124
 12  WAG+I+G4      52482.023    129 105222.046   105267.617   105836.587
 16  WAG+F+I+G4    52312.512    148 104921.025   104982.537   105626.080
 20  JTT+I+G4      52503.654    129 105265.309   105310.880   105879.850
 24  JTT+F+I+G4    52259.366    148 104814.733   104876.244   105519.788
Akaike Information Criterion:           JTT+F+I+G4
Corrected Akaike Information Criterion: JTT+F+I+G4
Bayesian Information Criterion:         JTT+F+I+G4
Best-fit model: JTT+F+I+G4 chosen according to BIC

All model information printed to results_broccoli_meto/alignments_prefiltering/OG_8443.iqtree.model.gz
CPU time for ModelFinder: 29.869 seconds (0h:0m:29s)
Wall-clock time for ModelFinder: 16.847 seconds (0h:0m:16s)
Generating 1000 samples for ultrafast bootstrap (seed: 237674)...

NOTE: 39 MB RAM (0 GB) is required!
Estimate model parameters (epsilon = 0.100)
Thoroughly optimizing +I+G parameters from 10 start values...
Init pinv, alpha: 0.000, 2.320 / Estimate: 0.015, 2.312 / LogL: -52259.367
Init pinv, alpha: 0.002, 2.320 / Estimate: 0.015, 2.321 / LogL: -52259.365
Init pinv, alpha: 0.003, 2.320 / Estimate: 0.015, 2.321 / LogL: -52259.367
Init pinv, alpha: 0.005, 2.320 / Estimate: 0.015, 2.320 / LogL: -52259.366
Init pinv, alpha: 0.007, 2.320 / Estimate: 0.015, 2.322 / LogL: -52259.366
Init pinv, alpha: 0.008, 2.320 / Estimate: 0.015, 2.320 / LogL: -52259.365
Init pinv, alpha: 0.010, 2.320 / Estimate: 0.015, 2.320 / LogL: -52259.365
Init pinv, alpha: 0.012, 2.320 / Estimate: 0.015, 2.320 / LogL: -52259.365
Init pinv, alpha: 0.013, 2.320 / Estimate: 0.015, 2.320 / LogL: -52259.365
Init pinv, alpha: 0.015, 2.320 / Estimate: 0.015, 2.317 / LogL: -52259.365
Optimal pinv,alpha: 0.015, 2.317 / LogL: -52259.365

Parameters optimization took 6.671 sec
Computing ML distances based on estimated model parameters...
Computing ML distances took 0.329557 sec (of wall-clock time) 0.653257 sec(of CPU time)
WARNING: Some pairwise ML distances are too long (saturated)
Computing RapidNJ tree took 0.000827 sec (of wall-clock time) 0.001646 sec (of CPU time)
Log-likelihood of RapidNJ tree: -52457.349
--------------------------------------------------------------------
|             INITIALIZING CANDIDATE TREE SET                      |
--------------------------------------------------------------------
Generating 98 parsimony trees... 4.233 second
Computing log-likelihood of 98 initial trees ... 9.345 seconds
Current best score: -52259.365

Do NNI search on 20 best initial trees
Estimate model parameters (epsilon = 0.100)
BETTER TREE FOUND at iteration 1: -52256.453
Estimate model parameters (epsilon = 0.100)
BETTER TREE FOUND at iteration 3: -52250.458
Estimate model parameters (epsilon = 0.100)
BETTER TREE FOUND at iteration 5: -52241.151
Estimate model parameters (epsilon = 0.100)
BETTER TREE FOUND at iteration 6: -52240.585
Estimate model parameters (epsilon = 0.100)
BETTER TREE FOUND at iteration 9: -52239.970
Iteration 10 / LogL: -52244.248 / Time: 0h:0m:45s
Estimate model parameters (epsilon = 0.100)
BETTER TREE FOUND at iteration 18: -52239.211
Iteration 20 / LogL: -52243.824 / Time: 0h:1m:11s
Finish initializing candidate tree set (16)
Current best tree score: -52239.211 / CPU time: 62.999
Number of iterations: 20
--------------------------------------------------------------------
|               OPTIMIZING CANDIDATE TREE SET                      |
--------------------------------------------------------------------
Estimate model parameters (epsilon = 0.100)
BETTER TREE FOUND at iteration 24: -52238.265
Iteration 30 / LogL: -52243.580 / Time: 0h:1m:34s (0h:10m:29s left)
Estimate model parameters (epsilon = 0.100)
BETTER TREE FOUND at iteration 33: -52235.203
Iteration 40 / LogL: -52239.025 / Time: 0h:2m:0s (0h:9m:56s left)
Estimate model parameters (epsilon = 0.100)
BETTER TREE FOUND at iteration 42: -52234.629
UPDATE BEST LOG-LIKELIHOOD: -52234.628
Iteration 50 / LogL: -52234.628 / Time: 0h:2m:26s (0h:9m:33s left)
Log-likelihood cutoff on original alignment: -52282.237
UPDATE BEST LOG-LIKELIHOOD: -52234.625
Iteration 60 / LogL: -52240.455 / Time: 0h:2m:52s (0h:8m:52s left)
Iteration 70 / LogL: -52234.626 / Time: 0h:3m:17s (0h:8m:11s left)
Iteration 80 / LogL: -52235.549 / Time: 0h:3m:40s (0h:7m:33s left)
Iteration 90 / LogL: -52234.641 / Time: 0h:4m:4s (0h:6m:57s left)
UPDATE BEST LOG-LIKELIHOOD: -52234.623
Iteration 100 / LogL: -52235.203 / Time: 0h:4m:30s (0h:6m:27s left)
Log-likelihood cutoff on original alignment: -52282.237
NOTE: Bootstrap correlation coefficient of split occurrence frequencies: 0.997
Iteration 110 / LogL: -52234.760 / Time: 0h:4m:56s (0h:5m:58s left)
UPDATE BEST LOG-LIKELIHOOD: -52234.623
Iteration 120 / LogL: -52234.626 / Time: 0h:5m:21s (0h:5m:29s left)
Iteration 130 / LogL: -52234.670 / Time: 0h:5m:47s (0h:5m:1s left)
Iteration 140 / LogL: -52234.812 / Time: 0h:6m:12s (0h:4m:33s left)
UPDATE BEST LOG-LIKELIHOOD: -52234.622
Iteration 150 / LogL: -52239.623 / Time: 0h:6m:38s (0h:4m:5s left)
Log-likelihood cutoff on original alignment: -52282.237
Iteration 160 / LogL: -52234.649 / Time: 0h:7m:3s (0h:3m:38s left)
Iteration 170 / LogL: -52234.629 / Time: 0h:7m:29s (0h:3m:11s left)
Iteration 180 / LogL: -52234.641 / Time: 0h:7m:55s (0h:2m:44s left)
Iteration 190 / LogL: -52234.641 / Time: 0h:8m:20s (0h:2m:17s left)
Iteration 200 / LogL: -52240.639 / Time: 0h:8m:46s (0h:1m:51s left)
Log-likelihood cutoff on original alignment: -52282.237
NOTE: Bootstrap correlation coefficient of split occurrence frequencies: 0.999
Iteration 210 / LogL: -52240.996 / Time: 0h:9m:13s (0h:3m:58s left)
Iteration 220 / LogL: -52234.641 / Time: 0h:9m:39s (0h:3m:31s left)
Iteration 230 / LogL: -52241.033 / Time: 0h:10m:4s (0h:3m:4s left)
Iteration 240 / LogL: -52240.467 / Time: 0h:10m:30s (0h:2m:38s left)
TREE SEARCH COMPLETED AFTER 243 ITERATIONS / Time: 0h:10m:39s

--------------------------------------------------------------------
|                    FINALIZING TREE SEARCH                        |
--------------------------------------------------------------------
Performs final model parameters optimization
Estimate model parameters (epsilon = 0.010)
1. Initial log-likelihood: -52234.622
Optimal log-likelihood: -52234.621
Proportion of invariable sites: 0.015
Gamma shape alpha: 2.292
Parameters optimization took 1 rounds (0.293 sec)
BEST SCORE FOUND : -52234.621
Creating bootstrap support values...
Split supports printed to NEXUS file results_broccoli_meto/alignments_prefiltering/OG_8443.iqtree.splits.nex
Total tree length: 51.168

Total number of iterations: 243
CPU time used for tree search: 1247.128 sec (0h:20m:47s)
Wall-clock time used for tree search: 630.905 sec (0h:10m:30s)
Total CPU time used: 1263.642 sec (0h:21m:3s)
Total wall-clock time used: 639.516 sec (0h:10m:39s)

Computing bootstrap consensus tree...
Reading input file results_broccoli_meto/alignments_prefiltering/OG_8443.iqtree.splits.nex...
65 taxa and 357 splits.
Consensus tree written to results_broccoli_meto/alignments_prefiltering/OG_8443.iqtree.contree
Reading input trees file results_broccoli_meto/alignments_prefiltering/OG_8443.iqtree.contree
Log-likelihood of consensus tree: -52234.624

Analysis results written to: 
  IQ-TREE report:                results_broccoli_meto/alignments_prefiltering/OG_8443.iqtree.iqtree
  Maximum-likelihood tree:       results_broccoli_meto/alignments_prefiltering/OG_8443.iqtree.treefile
  Likelihood distances:          results_broccoli_meto/alignments_prefiltering/OG_8443.iqtree.mldist

Ultrafast bootstrap approximation results written to:
  Split support values:          results_broccoli_meto/alignments_prefiltering/OG_8443.iqtree.splits.nex
  Consensus tree:                results_broccoli_meto/alignments_prefiltering/OG_8443.iqtree.contree
  Screen log file:               results_broccoli_meto/alignments_prefiltering/OG_8443.iqtree.log

Date and Time: Wed Dec 14 00:19:43 2022
