IQ-TREE multicore version 2.1.0 for Linux 64-bit built Jul 18 2020
Developed by Bui Quang Minh, James Barbetti, Nguyen Lam Tung,
Olga Chernomor, Heiko Schmidt, Dominik Schrempf, Michael Woodhams.

Host:    node-hp0507.linux.crg.es (AVX, 125 GB RAM)
Command: /users/asebe/xgraubove/Programes/iqtree-2.1.0-Linux/bin/iqtree2 -s results_broccoli_meto/alignments_prefiltering/OG_8250.lt.fasta -m TEST -mset LG,WAG,JTT -nt AUTO -ntmax 2 -bb 1000 -pre results_broccoli_meto/alignments_prefiltering/OG_8250.iqtree -nm 10000 -nstop 200 -cptime 1800
Seed:    302239 (Using SPRNG - Scalable Parallel Random Number Generator)
Time:    Tue Dec 13 23:50:17 2022
Kernel:  AVX - auto-detect threads (2 CPU cores detected)

Reading alignment file results_broccoli_meto/alignments_prefiltering/OG_8250.lt.fasta ... Fasta format detected
Alignment most likely contains protein sequences
Alignment has 87 sequences with 878 columns, 878 distinct patterns
877 parsimony-informative, 0 singleton sites, 1 constant sites
                                                        Gap/Ambiguity  Composition  p-value
   1  Pbac_sb2659876                                           89.18%    failed      0.02%
   2  Pbac_sb2665813                                           89.86%    failed      0.02%
   3  Horcal_Hcv1.av93.c1.g1421.i1                              7.63%    failed      2.15%
   4  Pbac_sb2665529                                           59.79%    failed      3.63%
   5  Pbac_sb2659874                                           74.15%    passed      5.79%
   6  Mertsp_Mesp_sb532729                                     83.49%    passed     58.14%
   7  Beraby_Baby_sb344408                                      7.97%    passed     65.51%
   8  Bolinf_Binf_sb1239083                                    35.99%    passed     69.90%
   9  Mertsp_Mesp_sb581632                                     36.33%    passed     68.20%
  10  Bolinf_Binf_sb1239087                                    69.13%    failed      0.14%
  11  Mlei_ML0797.g17.i1                                       13.21%    passed     88.93%
  12  Drygla_Dgla_sb304407                                     14.92%    passed     82.17%
  13  Lampan_Lpan_3717_01                                      22.78%    passed     48.61%
  14  Eupdun_Edun_sb10684110                                    6.83%    passed     85.38%
  15  Eupdun_Edun_sb10684120                                   75.74%    failed      3.75%
  16  Eupdun_Edun_sb10684117                                   71.53%    failed      1.48%
  17  Eupdun_Edun_sb10684114                                   41.91%    passed     89.94%
  18  Vmul_sbMO430377                                          83.03%    passed     72.82%
  19  Pbac_sb2663779                                           64.69%    passed     26.92%
  20  Mertsp_Mesp_sb544347                                     78.13%    passed     54.92%
  21  Vmul_sbMO441544                                          74.94%    failed      1.84%
  22  Coeast_Cast_sb790691                                     81.55%    passed     18.15%
  23  Coeast_Cast_sb790689                                     65.38%    passed     28.15%
  24  Coeast_Cast_sb790685                                     46.81%    passed      5.01%
  25  Coeast_Cast_sb790690                                     69.13%    passed     13.51%
  26  Coeast_Cast_sb790687                                     50.57%    failed      1.96%
  27  Coemet_Cmet_C606736_01                                    6.49%    failed      1.04%
  28  Vmul_sbMO407817                                          77.90%    passed     71.71%
  29  Adig_XM_015902238.1                                      75.17%    failed      0.04%
  30  Amil_Amillepora22541-RA                                  71.07%    failed      0.10%
  31  Adig_XM_015902270.1                                      79.95%    passed     33.44%
  32  Amil_Amillepora22540-RA                                  43.17%    passed     48.26%
  33  Adig_XM_015902269.1                                      71.07%    passed     65.59%
  34  Pocdam_XM_027185180.1                                     1.37%    passed     98.78%
  35  Spis_XP_022780862_1                                       1.37%    passed     89.94%
  36  Gasp_gasp1.m3.1130.m1                                     1.37%    passed     93.50%
  37  Gfas_gfas1.m1.16824.m1                                    1.37%    passed     94.47%
  38  Fspp_ffun1.m4.21258.m1                                   53.42%    passed     15.64%
  39  Exapal_XM_021058976.2                                     2.16%    passed     95.84%
  40  Nvec_v1g231984                                            1.37%    passed     79.34%
  41  Aaur_scaffold94.g11.t1                                   61.05%    passed     77.92%
  42  Nemnom_g9633.t1                                           6.26%    passed     92.40%
  43  Rhoesc_Res_011723-T1                                      5.81%    passed     95.53%
  44  Sanmal_Sma_007681-T1                                      2.62%    passed     99.41%
  45  Chem_TCONS_00020081                                      82.46%    passed     38.80%
  46  Chem_TCONS_00024673                                      49.43%    passed     47.76%
  47  Morvir_scaffold59.g13.t1                                  4.67%    passed     58.62%
  48  Dgig_XM_028535765.1                                       2.73%    passed     44.71%
  49  Chem_TCONS_00024676                                      80.07%    passed      7.62%
  50  Chem_TCONS_00009043                                      74.49%    passed     45.82%
  51  Hsap_ENST00000406524                                      9.68%    failed      0.12%
  52  Ctel_gnl_WGS_AMQN_CAPTEDRAFT_mRNA227270                   2.85%    passed     50.99%
  53  Skow_XM_006822347.1                                      48.06%    passed     60.49%
  54  Spur_XM_030983447.1                                       0.91%    passed     78.10%
  55  Skow_XM_002734260.2                                      60.14%    passed     52.40%
  56  Bralan_BLAG02000328_1                                     1.48%    passed     61.22%
  57  Cgig_XM_011446920.3                                       3.53%    passed     19.04%
  58  Acagra_model.g11920.t1                                    2.73%    passed     84.96%
  59  Hhon_g00219.t1                                            0.57%    passed     24.61%
  60  HoiH04_mRNA4667                                           0.57%    passed     29.70%
  61  HoiH23_PlH23_003190-RA                                    0.57%    passed     16.93%
  62  HoiH06_mRNA12679                                         10.02%    passed     22.22%
  63  HoiH11_mRNA571                                           36.10%    passed     56.01%
  64  TrH2_TrispH2_000468-RA                                    0.57%    passed     20.66%
  65  Tadh_wf_g6870.t1                                          0.57%    passed     21.63%
  66  Plajan_Pjan_C569466_01                                    7.52%    failed      4.46%
  67  Opea_EP00118_Oscarella_pearsei_P008702                   73.23%    failed      0.00%
  68  Opea_EP00118_Oscarella_pearsei_P008701                    6.83%    failed      0.21%
  69  Ocar_g276                                                12.98%    failed      0.23%
  70  Clacor_Ccor_scaffold12705_01                             79.16%    passed     22.73%
  71  Gracom_Gcom_scaffold17960_01                              9.11%    passed     23.07%
  72  Lcom_lcpid29667                                          18.91%    passed     26.70%
  73  Lcom_lcpid108225                                         81.55%    failed      0.55%
  74  Lcom_lcpid32204                                          11.05%    passed      6.43%
  75  Lcom_lcpid29668                                          82.46%    failed      0.09%
  76  Lcom_lcpid129390                                         72.55%    passed     11.26%
  77  Leuniv_Lniv_scaffold18317_01                             30.07%    passed     11.31%
  78  Spolac_c96268_g2_i1_m.12834c96268-g1                     70.73%    passed     10.42%
  79  Spolac_c96268_g1_i1_m.12832c96268-g1                     74.26%    passed     19.80%
  80  Emue_Em0023g92a.t1                                       30.30%    passed      5.77%
  81  Stycar_maker-SC_scaffold5058-augustus-gene-0.10-mRNA-1   53.08%    failed      2.44%
  82  Tetwil_g12967.t1                                         10.93%    passed     57.91%
  83  Aque_Aqu2.1.41378_001                                     5.35%    passed     16.62%
  84  Halamb_c52627_g4_i1m.33560                                5.35%    passed     26.79%
  85  Xestes_maker-XT_scaffold5446-augustus-gene-0.3-mRNA-1    42.71%    failed      3.14%
  86  Plespi_Pspi_scaffold20205_01                             10.14%    passed     21.39%
  87  Hvul_g17193_1                                            53.76%    failed      0.06%
WARNING: 36 sequences contain more than 50% gaps/ambiguity
****  TOTAL                                                    37.84%  22 sequences failed composition chi2 test (p-value<5%; df=19)


Create initial parsimony tree by phylogenetic likelihood library (PLL)... 0.068 seconds
Measuring multi-threading efficiency up to 2 CPU cores
8 trees examined
Threads: 1 / Time: 2.072 sec / Speedup: 1.000 / Efficiency: 100% / LogL: -98919
Threads: 2 / Time: 1.075 sec / Speedup: 1.927 / Efficiency: 96% / LogL: -98919
BEST NUMBER OF THREADS: 2

Perform fast likelihood tree search using LG+I+G model...
Estimate model parameters (epsilon = 5.000)
Perform nearest neighbor interchange...
Estimate model parameters (epsilon = 1.000)
1. Initial log-likelihood: -63369.914
Optimal log-likelihood: -63369.559
Proportion of invariable sites: 0.001
Gamma shape alpha: 2.052
Parameters optimization took 1 rounds (0.695 sec)
Time for fast ML tree search: 5.009 seconds

NOTE: ModelFinder requires 51 MB RAM!
ModelFinder will test up to 24 protein models (sample size: 878) ...
 No. Model         -LnL         df  AIC          AICc         BIC
  1  LG            64583.117    171 129508.234   129591.554   130325.211
  2  LG+I          64572.602    172 129489.204   129573.618   130310.959
  3  LG+G4         63370.382    172 127084.764   127169.178   127906.520
  4  LG+I+G4       63369.542    173 127085.084   127170.601   127911.617
  7  LG+F+G4       63311.427    191 127004.853   127111.769   127917.384
  8  LG+F+I+G4     63311.421    192 127006.843   127115.035   127924.151
 11  WAG+G4        63609.365    172 127562.730   127647.144   128384.485
 12  WAG+I+G4      63609.099    173 127564.198   127649.715   128390.731
 15  WAG+F+G4      63502.775    191 127387.550   127494.466   128300.081
 16  WAG+F+I+G4    63502.814    192 127389.628   127497.821   128306.937
 19  JTT+G4        63728.447    172 127800.894   127885.308   128622.649
 20  JTT+I+G4      63728.247    173 127802.495   127888.012   128629.028
 23  JTT+F+G4      63203.553    191 126789.106   126896.021   127701.636
 24  JTT+F+I+G4    63203.581    192 126791.162   126899.354   127708.470
Akaike Information Criterion:           JTT+F+G4
Corrected Akaike Information Criterion: JTT+F+G4
Bayesian Information Criterion:         JTT+F+G4
Best-fit model: JTT+F+G4 chosen according to BIC

All model information printed to results_broccoli_meto/alignments_prefiltering/OG_8250.iqtree.model.gz
CPU time for ModelFinder: 55.359 seconds (0h:0m:55s)
Wall-clock time for ModelFinder: 28.957 seconds (0h:0m:28s)
Generating 1000 samples for ultrafast bootstrap (seed: 302239)...

NOTE: 51 MB RAM (0 GB) is required!
Estimate model parameters (epsilon = 0.100)
1. Initial log-likelihood: -63203.553
Optimal log-likelihood: -63203.543
Gamma shape alpha: 1.887
Parameters optimization took 1 rounds (0.349 sec)
Computing ML distances based on estimated model parameters...
Computing ML distances took 0.572958 sec (of wall-clock time) 1.143540 sec(of CPU time)
WARNING: Some pairwise ML distances are too long (saturated)
Computing RapidNJ tree took 0.001142 sec (of wall-clock time) 0.001261 sec (of CPU time)
Log-likelihood of RapidNJ tree: -66193.653
--------------------------------------------------------------------
|             INITIALIZING CANDIDATE TREE SET                      |
--------------------------------------------------------------------
Generating 98 parsimony trees... 5.389 second
Computing log-likelihood of 98 initial trees ... 12.070 seconds
Current best score: -63203.543

Do NNI search on 20 best initial trees
Estimate model parameters (epsilon = 0.100)
BETTER TREE FOUND at iteration 1: -63198.939
Estimate model parameters (epsilon = 0.100)
BETTER TREE FOUND at iteration 2: -63187.572
UPDATE BEST LOG-LIKELIHOOD: -63187.563
Iteration 10 / LogL: -63189.979 / Time: 0h:0m:50s
UPDATE BEST LOG-LIKELIHOOD: -63187.562
Iteration 20 / LogL: -63187.614 / Time: 0h:1m:21s
Finish initializing candidate tree set (4)
Current best tree score: -63187.562 / CPU time: 78.946
Number of iterations: 20
--------------------------------------------------------------------
|               OPTIMIZING CANDIDATE TREE SET                      |
--------------------------------------------------------------------
Estimate model parameters (epsilon = 0.100)
BETTER TREE FOUND at iteration 22: -63179.914
Estimate model parameters (epsilon = 0.100)
BETTER TREE FOUND at iteration 27: -63179.760
Iteration 30 / LogL: -63188.808 / Time: 0h:2m:1s (0h:13m:44s left)
Estimate model parameters (epsilon = 0.100)
UPDATE BEST LOG-LIKELIHOOD: -63179.745
Iteration 40 / LogL: -63184.366 / Time: 0h:2m:40s (0h:12m:47s left)
Iteration 50 / LogL: -63184.206 / Time: 0h:3m:19s (0h:12m:1s left)
Log-likelihood cutoff on original alignment: -63226.436
Iteration 60 / LogL: -63180.708 / Time: 0h:3m:58s (0h:11m:14s left)
Iteration 70 / LogL: -63189.338 / Time: 0h:4m:37s (0h:10m:30s left)
Iteration 80 / LogL: -63180.231 / Time: 0h:5m:15s (0h:9m:47s left)
Iteration 90 / LogL: -63186.232 / Time: 0h:5m:55s (0h:9m:7s left)
Iteration 100 / LogL: -63180.606 / Time: 0h:6m:31s (0h:8m:22s left)
Log-likelihood cutoff on original alignment: -63226.587
NOTE: Bootstrap correlation coefficient of split occurrence frequencies: 0.998
Iteration 110 / LogL: -63180.437 / Time: 0h:7m:7s (0h:7m:39s left)
Iteration 120 / LogL: -63180.834 / Time: 0h:7m:43s (0h:6m:57s left)
Iteration 130 / LogL: -63182.563 / Time: 0h:8m:19s (0h:6m:15s left)
Iteration 140 / LogL: -63180.716 / Time: 0h:8m:57s (0h:5m:36s left)
Iteration 150 / LogL: -63186.842 / Time: 0h:9m:34s (0h:4m:56s left)
Log-likelihood cutoff on original alignment: -63228.118
Iteration 160 / LogL: -63180.102 / Time: 0h:10m:11s (0h:4m:17s left)
UPDATE BEST LOG-LIKELIHOOD: -63179.745
Iteration 170 / LogL: -63179.803 / Time: 0h:10m:50s (0h:3m:39s left)
Iteration 180 / LogL: -63189.000 / Time: 0h:11m:28s (0h:3m:0s left)
Iteration 190 / LogL: -63179.875 / Time: 0h:12m:9s (0h:2m:22s left)
Iteration 200 / LogL: -63180.225 / Time: 0h:12m:49s (0h:1m:44s left)
Log-likelihood cutoff on original alignment: -63228.118
NOTE: Bootstrap correlation coefficient of split occurrence frequencies: 0.999
Iteration 210 / LogL: -63423.101 / Time: 0h:13m:31s (0h:5m:49s left)
Iteration 220 / LogL: -63179.746 / Time: 0h:14m:8s (0h:5m:10s left)
TREE SEARCH COMPLETED AFTER 228 ITERATIONS / Time: 0h:14m:39s

--------------------------------------------------------------------
|                    FINALIZING TREE SEARCH                        |
--------------------------------------------------------------------
Performs final model parameters optimization
Estimate model parameters (epsilon = 0.010)
1. Initial log-likelihood: -63179.745
Optimal log-likelihood: -63179.745
Gamma shape alpha: 1.889
Parameters optimization took 1 rounds (0.332 sec)
BEST SCORE FOUND : -63179.745
Creating bootstrap support values...
Split supports printed to NEXUS file results_broccoli_meto/alignments_prefiltering/OG_8250.iqtree.splits.nex
Total tree length: 41.879

Total number of iterations: 228
CPU time used for tree search: 1744.222 sec (0h:29m:4s)
Wall-clock time used for tree search: 877.021 sec (0h:14m:37s)
Total CPU time used: 1750.114 sec (0h:29m:10s)
Total wall-clock time used: 880.191 sec (0h:14m:40s)

Computing bootstrap consensus tree...
Reading input file results_broccoli_meto/alignments_prefiltering/OG_8250.iqtree.splits.nex...
87 taxa and 371 splits.
Consensus tree written to results_broccoli_meto/alignments_prefiltering/OG_8250.iqtree.contree
Reading input trees file results_broccoli_meto/alignments_prefiltering/OG_8250.iqtree.contree
Log-likelihood of consensus tree: -63179.749

Analysis results written to: 
  IQ-TREE report:                results_broccoli_meto/alignments_prefiltering/OG_8250.iqtree.iqtree
  Maximum-likelihood tree:       results_broccoli_meto/alignments_prefiltering/OG_8250.iqtree.treefile
  Likelihood distances:          results_broccoli_meto/alignments_prefiltering/OG_8250.iqtree.mldist

Ultrafast bootstrap approximation results written to:
  Split support values:          results_broccoli_meto/alignments_prefiltering/OG_8250.iqtree.splits.nex
  Consensus tree:                results_broccoli_meto/alignments_prefiltering/OG_8250.iqtree.contree
  Screen log file:               results_broccoli_meto/alignments_prefiltering/OG_8250.iqtree.log

Date and Time: Wed Dec 14 00:05:28 2022
