IQ-TREE multicore version 2.1.0 for Linux 64-bit built Jul 18 2020
Developed by Bui Quang Minh, James Barbetti, Nguyen Lam Tung,
Olga Chernomor, Heiko Schmidt, Dominik Schrempf, Michael Woodhams.

Host:    trantor09.linux.crg.es (AVX, FMA3, 503 GB RAM)
Command: /users/asebe/xgraubove/Programes/iqtree-2.1.0-Linux/bin/iqtree2 -s results_broccoli_meto/alignments_prefiltering/OG_877.lt.fasta -m TEST -mset LG,WAG,JTT -nt AUTO -ntmax 2 -bb 1000 -pre results_broccoli_meto/alignments_prefiltering/OG_877.iqtree -nm 10000 -nstop 200 -cptime 1800
Seed:    833142 (Using SPRNG - Scalable Parallel Random Number Generator)
Time:    Wed Dec 14 01:42:19 2022
Kernel:  AVX+FMA - auto-detect threads (2 CPU cores detected)

Reading alignment file results_broccoli_meto/alignments_prefiltering/OG_877.lt.fasta ... Fasta format detected
Alignment most likely contains protein sequences
Alignment has 51 sequences with 212 columns, 212 distinct patterns
207 parsimony-informative, 0 singleton sites, 5 constant sites
                                                    Gap/Ambiguity  Composition  p-value
   1  Lcom_lcpid115269                                     10.38%    passed     25.71%
   2  Scil_scict022324.1                                    7.08%    passed     87.04%
   3  Cgig_XM_034457328.1                                   6.60%    passed     90.35%
   4  Opea_EP00118_Oscarella_pearsei_P011115               40.57%    passed     56.24%
   5  Opea_EP00118_Oscarella_pearsei_P011116               67.92%    passed     69.28%
   6  Fspp_ffun1.m4.23497.m1                                6.60%    passed     97.68%
   7  Spis_XP_022779721_1                                   5.66%    passed     52.81%
   8  Gasp_gasp1.m3.29571.m1                               32.08%    passed     62.32%
   9  Pocdam_XM_027195233.1                                35.38%    passed     51.44%
  10  Gfas_gfas1.m1.16480.m1                                7.55%    passed     69.37%
  11  Amil_Amillepora25998-RA                               7.08%    passed     81.26%
  12  Adig_XM_015919936.1                                  16.98%    passed     88.57%
  13  Spur_XM_030995815.1                                  42.92%    passed     66.86%
  14  Spur_XM_011666517.2                                   4.72%    passed     15.60%
  15  Acagra_model.g11974.t1                                8.96%    passed     93.99%
  16  Exapal_XM_021037810.2                                 8.49%    passed     96.78%
  17  Cscu_XM_023377111.1                                  14.15%    passed     78.97%
  18  Dgig_XM_028557692.1                                   7.08%    passed     89.58%
  19  Xesp_000619-T1                                        7.55%    passed     71.20%
  20  Bralan_BLAG13000424_1                                 3.77%    passed     70.75%
  21  Stycar_maker-SC_scaffold7559-snap-gene-0.35-mRNA-1    7.08%    passed     75.63%
  22  Ctel_gnl_WGS_AMQN_CAPTEDRAFT_mRNA225544               8.49%    passed     60.76%
  23  Aque_Aqu2.1.35285_001                                36.32%    passed      5.30%
  24  Nemnom_g12728.t1                                      6.13%    passed     72.82%
  25  Rhoesc_Res_016724-T1                                  6.13%    passed     82.87%
  26  Hvul_g15324_1                                        25.47%    passed     38.66%
  27  Sanmal_Sma_011688-T1                                  6.60%    passed     58.95%
  28  HoiH23_PlH23_001544-RA                                5.19%    passed     57.74%
  29  HoiH06_mRNA6273                                       4.72%    passed     85.61%
  30  Hhon_g03508.t1                                        4.72%    passed     64.47%
  31  HoiH04_mRNA6675                                       4.72%    passed     56.53%
  32  HoiH11_mRNA4666                                       4.72%    passed     73.17%
  33  TrH2_TrispH2_001408-RA                                4.72%    passed     77.45%
  34  Tadh_TriadT57861                                      4.72%    passed     77.80%
  35  Nvec_v1g209579                                       22.64%    passed     84.15%
  36  Tetwil_g4301.t1                                       1.42%    passed     98.57%
  37  Spolac_c92505_g1_i1_m.7874c92505-g1                  27.36%    passed     76.83%
  38  Mlei_ML0078.g8.i1                                    13.21%    passed     91.44%
  39  Pbac_sb2645444                                       17.92%    passed     11.36%
  40  Vmul_sbMO453334                                      16.98%    passed     17.15%
  41  Coemet_Cmet_scaffold6145_01                          13.21%    passed     63.33%
  42  Coeast_Cast_sb791420                                 13.21%    passed     83.06%
  43  Coeast_Cast_sb791432                                 36.79%    passed     67.44%
  44  Lampan_Lpan_7453_01                                  22.17%    passed     63.38%
  45  Chem_TCONS_00055077                                   8.02%    passed     20.00%
  46  Hsap_ENST00000282185                                  6.60%    passed     91.88%
  47  Skow_XM_006814531.1                                  18.40%    passed     72.71%
  48  Plespi_Pspi_C585488_01                               12.26%    passed      8.54%
  49  Acagra_model.g22166.t1                               54.72%    passed     51.60%
  50  Plajan_Pjan_C551459_01                               27.36%    failed      3.87%
  51  Tcas_TC012542_001                                    25.47%    passed     53.93%
WARNING: 2 sequences contain more than 50% gaps/ambiguity
****  TOTAL                                                15.86%  1 sequences failed composition chi2 test (p-value<5%; df=19)


Create initial parsimony tree by phylogenetic likelihood library (PLL)... 0.024 seconds
Measuring multi-threading efficiency up to 2 CPU cores
Increase to 10 rounds for branch lengths
4 trees examined
Threads: 1 / Time: 2.054 sec / Speedup: 1.000 / Efficiency: 100% / LogL: -18066
Threads: 2 / Time: 1.685 sec / Speedup: 1.219 / Efficiency: 61% / LogL: -18066
BEST NUMBER OF THREADS: 2

Perform fast likelihood tree search using LG+I+G model...
Estimate model parameters (epsilon = 5.000)
Perform nearest neighbor interchange...
Estimate model parameters (epsilon = 1.000)
1. Initial log-likelihood: -15083.984
Optimal log-likelihood: -15083.852
Proportion of invariable sites: 0.019
Gamma shape alpha: 1.205
Parameters optimization took 1 rounds (0.328 sec)
Time for fast ML tree search: 1.916 seconds

NOTE: ModelFinder requires 8 MB RAM!
ModelFinder will test up to 24 protein models (sample size: 212) ...
 No. Model         -LnL         df  AIC          AICc         BIC
  1  LG            15664.123    99  31526.246    31703.032    31858.548
  2  LG+I          15573.583    100 31347.165    31529.147    31682.824
  3  LG+G4         15093.149    100 30386.298    30568.280    30721.956
  4  LG+I+G4       15083.842    101 30369.684    30556.993    30708.700
  8  LG+F+I+G4     14995.153    120 30230.305    30549.426    30633.096
 12  WAG+I+G4      15127.261    101 30456.521    30643.830    30795.536
 16  WAG+F+I+G4    15046.629    120 30333.258    30652.379    30736.048
 20  JTT+I+G4      15133.974    101 30469.947    30657.256    30808.963
 24  JTT+F+I+G4    15040.120    120 30320.241    30639.362    30723.031
Akaike Information Criterion:           LG+F+I+G4
Corrected Akaike Information Criterion: LG+F+I+G4
Bayesian Information Criterion:         LG+F+I+G4
Best-fit model: LG+F+I+G4 chosen according to BIC

All model information printed to results_broccoli_meto/alignments_prefiltering/OG_877.iqtree.model.gz
CPU time for ModelFinder: 18.896 seconds (0h:0m:18s)
Wall-clock time for ModelFinder: 10.559 seconds (0h:0m:10s)
Generating 1000 samples for ultrafast bootstrap (seed: 833142)...

NOTE: 8 MB RAM (0 GB) is required!
Estimate model parameters (epsilon = 0.100)
Thoroughly optimizing +I+G parameters from 10 start values...
Init pinv, alpha: 0.000, 1.174 / Estimate: 0.019, 1.169 / LogL: -14995.148
Init pinv, alpha: 0.003, 1.174 / Estimate: 0.019, 1.172 / LogL: -14995.150
Init pinv, alpha: 0.005, 1.174 / Estimate: 0.019, 1.172 / LogL: -14995.149
Init pinv, alpha: 0.008, 1.174 / Estimate: 0.019, 1.171 / LogL: -14995.152
Init pinv, alpha: 0.010, 1.174 / Estimate: 0.019, 1.171 / LogL: -14995.150
Init pinv, alpha: 0.013, 1.174 / Estimate: 0.019, 1.171 / LogL: -14995.149
Init pinv, alpha: 0.016, 1.174 / Estimate: 0.019, 1.170 / LogL: -14995.151
Init pinv, alpha: 0.018, 1.174 / Estimate: 0.019, 1.171 / LogL: -14995.148
Init pinv, alpha: 0.021, 1.174 / Estimate: 0.020, 1.172 / LogL: -14995.147
Init pinv, alpha: 0.024, 1.174 / Estimate: 0.020, 1.174 / LogL: -14995.148
Optimal pinv,alpha: 0.020, 1.172 / LogL: -14995.147

Parameters optimization took 3.829 sec
Computing ML distances based on estimated model parameters...
Computing ML distances took 0.437132 sec (of wall-clock time) 0.874132 sec(of CPU time)
WARNING: Some pairwise ML distances are too long (saturated)
Computing RapidNJ tree took 0.000929 sec (of wall-clock time) 0.001840 sec (of CPU time)
Log-likelihood of RapidNJ tree: -15059.308
--------------------------------------------------------------------
|             INITIALIZING CANDIDATE TREE SET                      |
--------------------------------------------------------------------
Generating 98 parsimony trees... 1.594 second
Computing log-likelihood of 98 initial trees ... 5.062 seconds
Current best score: -14995.147

Do NNI search on 20 best initial trees
Estimate model parameters (epsilon = 0.100)
BETTER TREE FOUND at iteration 1: -14975.014
Iteration 10 / LogL: -14982.427 / Time: 0h:0m:27s
Iteration 20 / LogL: -14975.561 / Time: 0h:0m:46s
Finish initializing candidate tree set (20)
Current best tree score: -14975.014 / CPU time: 41.378
Number of iterations: 20
--------------------------------------------------------------------
|               OPTIMIZING CANDIDATE TREE SET                      |
--------------------------------------------------------------------
Estimate model parameters (epsilon = 0.100)
BETTER TREE FOUND at iteration 22: -14971.129
Estimate model parameters (epsilon = 0.100)
BETTER TREE FOUND at iteration 24: -14970.621
Estimate model parameters (epsilon = 0.100)
BETTER TREE FOUND at iteration 27: -14968.143
UPDATE BEST LOG-LIKELIHOOD: -14968.143
Iteration 30 / LogL: -14971.513 / Time: 0h:1m:7s (0h:7m:35s left)
Estimate model parameters (epsilon = 0.100)
BETTER TREE FOUND at iteration 33: -14965.379
Estimate model parameters (epsilon = 0.100)
BETTER TREE FOUND at iteration 36: -14964.508
Iteration 40 / LogL: -14966.264 / Time: 0h:1m:22s (0h:6m:56s left)
BETTER TREE FOUND at iteration 49: -14964.508
Iteration 50 / LogL: -14964.531 / Time: 0h:1m:38s (0h:6m:38s left)
Log-likelihood cutoff on original alignment: -15014.716
UPDATE BEST LOG-LIKELIHOOD: -14964.507
Iteration 60 / LogL: -14964.532 / Time: 0h:1m:53s (0h:6m:2s left)
Iteration 70 / LogL: -14964.508 / Time: 0h:2m:7s (0h:5m:29s left)
Iteration 80 / LogL: -14968.413 / Time: 0h:2m:21s (0h:5m:3s left)
UPDATE BEST LOG-LIKELIHOOD: -14964.507
Iteration 90 / LogL: -14966.184 / Time: 0h:2m:37s (0h:4m:41s left)
UPDATE BEST LOG-LIKELIHOOD: -14964.507
Estimate model parameters (epsilon = 0.100)
BETTER TREE FOUND at iteration 100: -14963.886
Iteration 100 / LogL: -14963.886 / Time: 0h:2m:52s (0h:5m:49s left)
Log-likelihood cutoff on original alignment: -15014.716
NOTE: Bootstrap correlation coefficient of split occurrence frequencies: 0.997
Estimate model parameters (epsilon = 0.100)
BETTER TREE FOUND at iteration 101: -14963.754
UPDATE BEST LOG-LIKELIHOOD: -14963.754
Iteration 110 / LogL: -14994.584 / Time: 0h:3m:9s (0h:5m:32s left)
Iteration 120 / LogL: -14965.410 / Time: 0h:3m:26s (0h:5m:13s left)
BETTER TREE FOUND at iteration 123: -14963.754
Iteration 130 / LogL: -14967.386 / Time: 0h:3m:42s (0h:5m:33s left)
Iteration 140 / LogL: -14963.754 / Time: 0h:3m:59s (0h:5m:14s left)
Iteration 150 / LogL: -14963.759 / Time: 0h:4m:16s (0h:4m:57s left)
Log-likelihood cutoff on original alignment: -15014.716
Iteration 160 / LogL: -14966.299 / Time: 0h:4m:32s (0h:4m:39s left)
Iteration 170 / LogL: -14963.885 / Time: 0h:4m:49s (0h:4m:22s left)
Iteration 180 / LogL: -14968.497 / Time: 0h:5m:5s (0h:4m:4s left)
Iteration 190 / LogL: -14963.754 / Time: 0h:5m:20s (0h:3m:45s left)
Iteration 200 / LogL: -14963.754 / Time: 0h:5m:37s (0h:3m:28s left)
Log-likelihood cutoff on original alignment: -15014.716
NOTE: Bootstrap correlation coefficient of split occurrence frequencies: 0.995
Iteration 210 / LogL: -14963.754 / Time: 0h:5m:54s (0h:3m:11s left)
Iteration 220 / LogL: -14965.264 / Time: 0h:6m:10s (0h:2m:54s left)
Iteration 230 / LogL: -14963.885 / Time: 0h:6m:29s (0h:2m:37s left)
UPDATE BEST LOG-LIKELIHOOD: -14963.754
Iteration 240 / LogL: -14963.754 / Time: 0h:6m:45s (0h:2m:20s left)
Iteration 250 / LogL: -14963.754 / Time: 0h:7m:3s (0h:2m:4s left)
Log-likelihood cutoff on original alignment: -15014.716
Iteration 260 / LogL: -14963.885 / Time: 0h:7m:20s (0h:1m:47s left)
Iteration 270 / LogL: -14965.755 / Time: 0h:7m:38s (0h:1m:30s left)
Iteration 280 / LogL: -14963.994 / Time: 0h:7m:55s (0h:1m:13s left)
Iteration 290 / LogL: -14969.367 / Time: 0h:8m:12s (0h:0m:56s left)
Iteration 300 / LogL: -14965.559 / Time: 0h:8m:28s (0h:0m:39s left)
Log-likelihood cutoff on original alignment: -15014.716
NOTE: Bootstrap correlation coefficient of split occurrence frequencies: 0.999
Iteration 310 / LogL: -14966.574 / Time: 0h:8m:44s (0h:2m:32s left)
UPDATE BEST LOG-LIKELIHOOD: -14963.754
Iteration 320 / LogL: -14963.885 / Time: 0h:9m:2s (0h:2m:16s left)
TREE SEARCH COMPLETED AFTER 324 ITERATIONS / Time: 0h:9m:9s

--------------------------------------------------------------------
|                    FINALIZING TREE SEARCH                        |
--------------------------------------------------------------------
Performs final model parameters optimization
Estimate model parameters (epsilon = 0.010)
1. Initial log-likelihood: -14963.754
Optimal log-likelihood: -14963.754
Proportion of invariable sites: 0.020
Gamma shape alpha: 1.221
Parameters optimization took 1 rounds (0.168 sec)
BEST SCORE FOUND : -14963.754
Creating bootstrap support values...
Split supports printed to NEXUS file results_broccoli_meto/alignments_prefiltering/OG_877.iqtree.splits.nex
Total tree length: 41.976

Total number of iterations: 324
CPU time used for tree search: 1080.466 sec (0h:18m:0s)
Wall-clock time used for tree search: 544.909 sec (0h:9m:4s)
Total CPU time used: 1091.082 sec (0h:18m:11s)
Total wall-clock time used: 550.453 sec (0h:9m:10s)

Computing bootstrap consensus tree...
Reading input file results_broccoli_meto/alignments_prefiltering/OG_877.iqtree.splits.nex...
51 taxa and 692 splits.
Consensus tree written to results_broccoli_meto/alignments_prefiltering/OG_877.iqtree.contree
Reading input trees file results_broccoli_meto/alignments_prefiltering/OG_877.iqtree.contree
Log-likelihood of consensus tree: -14963.755

Analysis results written to: 
  IQ-TREE report:                results_broccoli_meto/alignments_prefiltering/OG_877.iqtree.iqtree
  Maximum-likelihood tree:       results_broccoli_meto/alignments_prefiltering/OG_877.iqtree.treefile
  Likelihood distances:          results_broccoli_meto/alignments_prefiltering/OG_877.iqtree.mldist

Ultrafast bootstrap approximation results written to:
  Split support values:          results_broccoli_meto/alignments_prefiltering/OG_877.iqtree.splits.nex
  Consensus tree:                results_broccoli_meto/alignments_prefiltering/OG_877.iqtree.contree
  Screen log file:               results_broccoli_meto/alignments_prefiltering/OG_877.iqtree.log

Date and Time: Wed Dec 14 01:51:41 2022
