IQ-TREE multicore version 2.1.0 for Linux 64-bit built Jul 18 2020
Developed by Bui Quang Minh, James Barbetti, Nguyen Lam Tung,
Olga Chernomor, Heiko Schmidt, Dominik Schrempf, Michael Woodhams.

Host:    node-hp0509.linux.crg.es (AVX, 125 GB RAM)
Command: /users/asebe/xgraubove/Programes/iqtree-2.1.0-Linux/bin/iqtree2 -s results_broccoli_meto/alignments_prefiltering/OG_8571.lt.fasta -m TEST -mset LG,WAG,JTT -nt AUTO -ntmax 2 -bb 1000 -pre results_broccoli_meto/alignments_prefiltering/OG_8571.iqtree -nm 10000 -nstop 200 -cptime 1800
Seed:    717586 (Using SPRNG - Scalable Parallel Random Number Generator)
Time:    Wed Dec 14 00:24:15 2022
Kernel:  AVX - auto-detect threads (2 CPU cores detected)

Reading alignment file results_broccoli_meto/alignments_prefiltering/OG_8571.lt.fasta ... Fasta format detected
Alignment most likely contains protein sequences
Alignment has 104 sequences with 1250 columns, 1250 distinct patterns
1234 parsimony-informative, 0 singleton sites, 16 constant sites
                                                         Gap/Ambiguity  Composition  p-value
   1  Nvec_v1g221035                                            92.40%    failed      0.02%
   2  Nvec_v1g82572                                              7.28%    passed     89.57%
   3  Nvec_v1g224201                                            90.00%    passed     44.34%
   4  Exapal_XM_021057938.2                                     49.68%    passed     14.16%
   5  Fspp_ffun1.m4.18440.m1                                    88.96%    passed     45.73%
   6  Gasp_gasp1.m3.9122.m1                                      6.24%    passed     71.07%
   7  Spis_XP_022792930_1                                        2.48%    passed     92.37%
   8  Pocdam_XM_027201240.1                                      2.48%    passed     83.08%
   9  Fspp_ffun1.m4.18444.m1                                     7.60%    passed     40.28%
  10  Gfas_gfas1.m1.2406.m1                                      7.68%    passed     93.93%
  11  Amil_Amillepora03381-RA                                   12.00%    passed     70.60%
  12  Amil_Amillepora03467-RA                                   16.72%    passed     87.00%
  13  Adig_XM_015903984.1                                       33.60%    passed     19.15%
  14  Exapal_XM_021041369.2                                     47.20%    passed     68.97%
  15  Dgig_XM_028535510.1                                        4.08%    passed     81.73%
  16  Xesp_013036-T1                                            18.24%    passed     20.55%
  17  Dpul_mRNA5337                                              2.64%    passed     21.55%
  18  Cgig_XM_034471310.1                                        7.68%    passed     31.62%
  19  Cgig_XM_034471333.1                                       59.36%    failed      1.19%
  20  Cgig_XM_034471334.1                                       71.60%    failed      0.04%
  21  Cgig_XM_034471317.1                                       45.04%    failed      0.39%
  22  Bralan_BLAG03001663_1                                      0.96%    failed      0.00%
  23  Spur_XM_030986254.1                                        1.60%    passed      5.82%
  24  Skow_XM_006820626.1                                        5.28%    passed     99.93%
  25  Acagra_model.g2752.t1                                      3.76%    passed     14.04%
  26  Hsap_ENST00000370992                                       1.84%    failed      0.00%
  27  Ctel_gnl_WGS_AMQN_CAPTEDRAFT_mRNA226490                    2.16%    passed     14.33%
  28  Sanmal_Sma_020238-T1                                       2.24%    passed     19.88%
  29  Aaur_scaffold343.g12.t1                                   60.24%    failed      0.00%
  30  Nemnom_g9875.t1                                            4.24%    passed     73.57%
  31  Rhoesc_Res_003413-T1                                       4.00%    passed     72.86%
  32  Morvir_scaffold133.g17.t1                                 51.92%    passed     38.70%
  33  Sanmal_Sma_020245-T1                                      90.96%    failed      1.08%
  34  Chem_TCONS_00008431                                        2.88%    failed      3.04%
  35  Hvul_g26857_1                                             40.56%    failed      0.28%
  36  Emue_Em0013g221a.t1                                       84.32%    failed      4.15%
  37  Spolac_c101379_g1_i1_m.25438c101379-g1                    75.52%    passed      5.80%
  38  Spolac_c101379_g1_i2_m.25440c101379-g1                    78.16%    passed     12.51%
  39  Emue_Em0013g226a.t1                                       76.48%    passed     25.40%
  40  Emue_Em0013g230a.t1                                        7.84%    passed     36.81%
  41  Spolac_c101379_g2_i1_m.25442c101379-g2                    27.84%    passed     32.90%
  42  Spolac_c101379_g2_i2_m.25446c101379-g2                    37.12%    passed     12.48%
  43  Spolac_c101379_g2_i3_m.25450c101379-g2                    73.20%    failed      0.68%
  44  Spolac_c101379_g2_i3_m.25449c101379-g2                    52.16%    passed     21.17%
  45  Tetwil_g12183.t2                                          46.32%    failed      0.02%
  46  Aque_Aqu2.1.41966_001                                      3.20%    passed     18.58%
  47  Halamb_c54722_g1_i1m.39018                                16.40%    failed      2.23%
  48  Xestes_maker-XT_scaffold12098-augustus-gene-0.19-mRNA-1   38.32%    passed     33.50%
  49  Halamb_c35209_g1_i1m.8592                                 86.96%    failed      0.92%
  50  Stycar_maker-SC_scaffold5087-snap-gene-0.9-mRNA-1         70.08%    failed      0.00%
  51  Opea_EP00118_Oscarella_pearsei_P000870                     4.88%    passed     51.45%
  52  Ocar_g3802                                                20.48%    passed     41.39%
  53  Plajan_Pjan_scaffold2090_01                                2.48%    failed      0.13%
  54  Morvir_scaffold133.g16.t1                                 58.96%    passed     17.85%
  55  Cgig_XM_034471343.1                                       87.20%    passed     15.84%
  56  Cscu_XM_023363106.1                                        4.88%    failed      0.00%
  57  HoiH11_mRNA621                                             3.12%    failed      0.04%
  58  HoiH23_PlH23_003756-RA                                     3.20%    failed      0.00%
  59  HoiH06_mRNA12718                                           3.20%    failed      0.05%
  60  Hhon_g03314.t1                                             3.52%    failed      0.00%
  61  HoiH04_mRNA14422                                           3.52%    failed      0.00%
  62  TrH2_TrispH2_005108-RA                                     4.72%    failed      0.00%
  63  Tadh_TriadT58460                                          66.64%    passed     28.57%
  64  Tadh_TriadT58459                                          63.52%    failed      0.00%
  65  Vmul_sbMO397114                                           88.48%    passed     94.46%
  66  Mlei_ML0763.g10.i1                                         6.40%    passed     97.58%
  67  Vmul_sbMO468059                                           46.72%    passed     32.88%
  68  Bolinf_Binf_sb1275491                                     49.36%    passed     15.28%
  69  Mertsp_Mesp_sb564392                                      60.48%    failed      3.48%
  70  Bolinf_Binf_sb1221051                                     72.56%    failed      0.71%
  71  Mertsp_Mesp_sb554789                                      68.96%    passed      5.68%
  72  Mertsp_Mesp_sb554790                                      71.84%    failed      2.47%
  73  Bolinf_Binf_sb1221052                                     86.40%    passed     44.04%
  74  Beraby_Baby_sb350779                                       6.16%    passed     99.69%
  75  Beraby_Baby_sb350781                                      78.16%    failed      0.00%
  76  Lampan_Lpan_C420361_01                                     6.72%    passed     63.72%
  77  Bolinf_Binf_sb1236223                                     84.16%    passed     21.35%
  78  Bolinf_Binf_sb1236225                                     80.48%    passed     42.28%
  79  Mertsp_Mesp_sb569488                                      46.24%    passed     30.08%
  80  Bolinf_Binf_sb1236224                                     86.24%    failed      0.02%
  81  Drygla_Dgla_sb304509                                      40.80%    passed     56.11%
  82  Horcal_Hcv1.av93.c2.g1513.i1                               6.24%    passed     78.49%
  83  Pbac_sb2648069                                            64.64%    failed      2.11%
  84  Pbac_sb2648067                                            85.36%    failed      0.06%
  85  Pbac_sb2662102                                            77.60%    failed      0.00%
  86  Pbac_sb2648068                                            53.20%    failed      3.43%
  87  Eupdun_Edun_sb10661061                                     8.96%    passed     35.25%
  88  Eupdun_Edun_sb10661064                                    64.96%    passed      7.08%
  89  Vmul_SimC406634                                            6.64%    passed     64.48%
  90  Coemet_Cmet_scaffold15277_01                               6.88%    failed      0.02%
  91  Coeast_Cast_sb796780                                      20.32%    failed      0.00%
  92  Coeast_Cast_sb796786                                      78.40%    failed      0.00%
  93  Coeast_Cast_sb796783                                      60.88%    failed      3.79%
  94  Coeast_Cast_sb796785                                      75.92%    failed      0.03%
  95  Pbac_sb2648070                                            71.84%    passed     66.88%
  96  Lcom_lcpid23687                                            4.16%    failed      0.00%
  97  Gracom_Gcom_C561276_01                                     3.36%    failed      0.00%
  98  Scil_scict023264.1                                        59.60%    failed      0.00%
  99  Leuniv_Lniv_C814188_01                                    42.24%    failed      0.55%
 100  Clacor_Ccor_scaffold4451_01                               80.32%    failed      0.00%
 101  Tcas_TC011830_001                                          2.96%    passed     90.84%
 102  Plespi_Pspi_scaffold14283_01                              76.24%    failed      3.43%
 103  Xestes_maker-XT_scaffold27697-augustus-gene-0.7-mRNA-1    17.92%    failed      0.00%
 104  Tetwil_g12181.t1                                          73.04%    failed      0.01%
WARNING: 43 sequences contain more than 50% gaps/ambiguity
****  TOTAL                                                     39.15%  47 sequences failed composition chi2 test (p-value<5%; df=19)


Create initial parsimony tree by phylogenetic likelihood library (PLL)... 0.096 seconds
Measuring multi-threading efficiency up to 2 CPU cores
5 trees examined
Threads: 1 / Time: 2.188 sec / Speedup: 1.000 / Efficiency: 100% / LogL: -147157
Threads: 2 / Time: 1.122 sec / Speedup: 1.951 / Efficiency: 98% / LogL: -147157
BEST NUMBER OF THREADS: 2

Perform fast likelihood tree search using LG+I+G model...
Estimate model parameters (epsilon = 5.000)
Perform nearest neighbor interchange...
Estimate model parameters (epsilon = 1.000)
1. Initial log-likelihood: -93643.831
Optimal log-likelihood: -93643.273
Proportion of invariable sites: 0.010
Gamma shape alpha: 1.913
Parameters optimization took 1 rounds (0.604 sec)
Time for fast ML tree search: 6.914 seconds

NOTE: ModelFinder requires 86 MB RAM!
ModelFinder will test up to 24 protein models (sample size: 1250) ...
 No. Model         -LnL         df  AIC          AICc         BIC
  1  LG            96139.311    205 192688.623   192769.523   193740.457
  2  LG+I          95979.768    206 192371.536   192453.304   193428.501
  3  LG+G4         93669.308    206 187750.615   187832.383   188807.580
  4  LG+I+G4       93642.728    207 187699.456   187782.097   188761.552
  8  LG+F+I+G4     93476.309    226 187404.618   187504.915   188564.201
 12  WAG+I+G4      93968.235    207 188350.469   188433.111   189412.566
 16  WAG+F+I+G4    93995.858    226 188443.716   188544.013   189603.299
 20  JTT+I+G4      93926.727    207 188267.454   188350.095   189329.550
 24  JTT+F+I+G4    93627.378    226 187706.755   187807.052   188866.338
Akaike Information Criterion:           LG+F+I+G4
Corrected Akaike Information Criterion: LG+F+I+G4
Bayesian Information Criterion:         LG+F+I+G4
Best-fit model: LG+F+I+G4 chosen according to BIC

All model information printed to results_broccoli_meto/alignments_prefiltering/OG_8571.iqtree.model.gz
CPU time for ModelFinder: 60.991 seconds (0h:1m:0s)
Wall-clock time for ModelFinder: 32.027 seconds (0h:0m:32s)
Generating 1000 samples for ultrafast bootstrap (seed: 717586)...

NOTE: 86 MB RAM (0 GB) is required!
Estimate model parameters (epsilon = 0.100)
Thoroughly optimizing +I+G parameters from 10 start values...
Init pinv, alpha: 0.000, 1.852 / Estimate: 0.010, 1.851 / LogL: -93476.273
Init pinv, alpha: 0.001, 1.852 / Estimate: 0.010, 1.849 / LogL: -93476.291
Init pinv, alpha: 0.003, 1.852 / Estimate: 0.010, 1.852 / LogL: -93476.287
Init pinv, alpha: 0.004, 1.852 / Estimate: 0.010, 1.852 / LogL: -93476.285
Init pinv, alpha: 0.006, 1.852 / Estimate: 0.010, 1.849 / LogL: -93476.292
Init pinv, alpha: 0.007, 1.852 / Estimate: 0.010, 1.851 / LogL: -93476.288
Init pinv, alpha: 0.009, 1.852 / Estimate: 0.010, 1.851 / LogL: -93476.286
Init pinv, alpha: 0.010, 1.852 / Estimate: 0.010, 1.850 / LogL: -93476.291
Init pinv, alpha: 0.011, 1.852 / Estimate: 0.010, 1.852 / LogL: -93476.291
Init pinv, alpha: 0.013, 1.852 / Estimate: 0.010, 1.850 / LogL: -93476.283
Optimal pinv,alpha: 0.010, 1.851 / LogL: -93476.273

Parameters optimization took 16.191 sec
Computing ML distances based on estimated model parameters...
Computing ML distances took 0.743723 sec (of wall-clock time) 1.483666 sec(of CPU time)
WARNING: Some pairwise ML distances are too long (saturated)
Computing RapidNJ tree took 0.002061 sec (of wall-clock time) 0.000864 sec (of CPU time)
Log-likelihood of RapidNJ tree: -100078.312
--------------------------------------------------------------------
|             INITIALIZING CANDIDATE TREE SET                      |
--------------------------------------------------------------------
Generating 98 parsimony trees... 10.128 second
Computing log-likelihood of 98 initial trees ... 20.790 seconds
Current best score: -93476.273

Do NNI search on 20 best initial trees
Estimate model parameters (epsilon = 0.100)
BETTER TREE FOUND at iteration 1: -93475.928
Estimate model parameters (epsilon = 0.100)
BETTER TREE FOUND at iteration 2: -93475.895
Estimate model parameters (epsilon = 0.100)
BETTER TREE FOUND at iteration 8: -93469.084
Iteration 10 / LogL: -93500.291 / Time: 0h:1m:52s
Estimate model parameters (epsilon = 0.100)
BETTER TREE FOUND at iteration 11: -93469.065
Iteration 20 / LogL: -93477.074 / Time: 0h:3m:0s
Finish initializing candidate tree set (19)
Current best tree score: -93469.065 / CPU time: 161.470
Number of iterations: 20
--------------------------------------------------------------------
|               OPTIMIZING CANDIDATE TREE SET                      |
--------------------------------------------------------------------
BETTER TREE FOUND at iteration 28: -93469.059
Iteration 30 / LogL: -93473.331 / Time: 0h:4m:7s (0h:28m:12s left)
Iteration 40 / LogL: -93473.847 / Time: 0h:5m:16s (0h:25m:27s left)
Estimate model parameters (epsilon = 0.100)
BETTER TREE FOUND at iteration 44: -93468.696
Iteration 50 / LogL: -93473.921 / Time: 0h:6m:28s (0h:25m:36s left)
Log-likelihood cutoff on original alignment: -93516.400
Estimate model parameters (epsilon = 0.100)
BETTER TREE FOUND at iteration 58: -93468.628
Iteration 60 / LogL: -93486.812 / Time: 0h:7m:31s (0h:25m:15s left)
Estimate model parameters (epsilon = 0.100)
BETTER TREE FOUND at iteration 65: -93468.526
Iteration 70 / LogL: -93470.428 / Time: 0h:8m:36s (0h:24m:20s left)
Iteration 80 / LogL: -93473.451 / Time: 0h:9m:42s (0h:22m:43s left)
Iteration 90 / LogL: -93482.752 / Time: 0h:10m:53s (0h:21m:24s left)
Iteration 100 / LogL: -93468.898 / Time: 0h:11m:57s (0h:19m:55s left)
Log-likelihood cutoff on original alignment: -93516.400
NOTE: Bootstrap correlation coefficient of split occurrence frequencies: 0.999
Iteration 110 / LogL: -93475.554 / Time: 0h:13m:0s (0h:18m:30s left)
Iteration 120 / LogL: -93476.177 / Time: 0h:14m:6s (0h:17m:11s left)
Iteration 130 / LogL: -93476.770 / Time: 0h:15m:12s (0h:15m:54s left)
Iteration 140 / LogL: -93476.691 / Time: 0h:16m:20s (0h:14m:41s left)
Iteration 150 / LogL: -93476.707 / Time: 0h:17m:24s (0h:13m:26s left)
Log-likelihood cutoff on original alignment: -93514.073
Iteration 160 / LogL: -93490.311 / Time: 0h:18m:28s (0h:12m:11s left)
Iteration 170 / LogL: -93486.784 / Time: 0h:19m:32s (0h:10m:59s left)
Iteration 180 / LogL: -93469.444 / Time: 0h:20m:33s (0h:9m:45s left)
Iteration 190 / LogL: -93468.731 / Time: 0h:21m:33s (0h:8m:33s left)
Iteration 200 / LogL: -93512.417 / Time: 0h:22m:37s (0h:7m:23s left)
Log-likelihood cutoff on original alignment: -93514.073
NOTE: Bootstrap correlation coefficient of split occurrence frequencies: 0.999
Iteration 210 / LogL: -93517.932 / Time: 0h:23m:41s (0h:10m:11s left)
Iteration 220 / LogL: -93469.006 / Time: 0h:24m:51s (0h:9m:4s left)
Iteration 230 / LogL: -93473.477 / Time: 0h:25m:51s (0h:7m:54s left)
Iteration 240 / LogL: -93476.886 / Time: 0h:27m:3s (0h:6m:47s left)
Iteration 250 / LogL: -93486.085 / Time: 0h:28m:16s (0h:5m:40s left)
Log-likelihood cutoff on original alignment: -93514.073
Iteration 260 / LogL: -93474.185 / Time: 0h:29m:25s (0h:4m:32s left)
TREE SEARCH COMPLETED AFTER 266 ITERATIONS / Time: 0h:30m:3s

--------------------------------------------------------------------
|                    FINALIZING TREE SEARCH                        |
--------------------------------------------------------------------
Performs final model parameters optimization
Estimate model parameters (epsilon = 0.010)
1. Initial log-likelihood: -93468.526
Optimal log-likelihood: -93468.514
Proportion of invariable sites: 0.010
Gamma shape alpha: 1.848
Parameters optimization took 1 rounds (0.655 sec)
BEST SCORE FOUND : -93468.514
Creating bootstrap support values...
Split supports printed to NEXUS file results_broccoli_meto/alignments_prefiltering/OG_8571.iqtree.splits.nex
Total tree length: 40.926

Total number of iterations: 266
CPU time used for tree search: 3548.426 sec (0h:59m:8s)
Wall-clock time used for tree search: 1783.961 sec (0h:29m:43s)
Total CPU time used: 3588.640 sec (0h:59m:48s)
Total wall-clock time used: 1804.392 sec (0h:30m:4s)

Computing bootstrap consensus tree...
Reading input file results_broccoli_meto/alignments_prefiltering/OG_8571.iqtree.splits.nex...
104 taxa and 480 splits.
Consensus tree written to results_broccoli_meto/alignments_prefiltering/OG_8571.iqtree.contree
Reading input trees file results_broccoli_meto/alignments_prefiltering/OG_8571.iqtree.contree
Log-likelihood of consensus tree: -93469.021

Analysis results written to: 
  IQ-TREE report:                results_broccoli_meto/alignments_prefiltering/OG_8571.iqtree.iqtree
  Maximum-likelihood tree:       results_broccoli_meto/alignments_prefiltering/OG_8571.iqtree.treefile
  Likelihood distances:          results_broccoli_meto/alignments_prefiltering/OG_8571.iqtree.mldist

Ultrafast bootstrap approximation results written to:
  Split support values:          results_broccoli_meto/alignments_prefiltering/OG_8571.iqtree.splits.nex
  Consensus tree:                results_broccoli_meto/alignments_prefiltering/OG_8571.iqtree.contree
  Screen log file:               results_broccoli_meto/alignments_prefiltering/OG_8571.iqtree.log

Date and Time: Wed Dec 14 00:54:55 2022
