IQ-TREE multicore version 2.1.0 for Linux 64-bit built Jul 18 2020
Developed by Bui Quang Minh, James Barbetti, Nguyen Lam Tung,
Olga Chernomor, Heiko Schmidt, Dominik Schrempf, Michael Woodhams.

Host:    node-hp0514.linux.crg.es (AVX, 125 GB RAM)
Command: /users/asebe/xgraubove/Programes/iqtree-2.1.0-Linux/bin/iqtree2 -s results_broccoli_meto/alignments_prefiltering/OG_92.lt.fasta -m TEST -mset LG,WAG,JTT -nt AUTO -ntmax 2 -bb 1000 -pre results_broccoli_meto/alignments_prefiltering/OG_92.iqtree -nm 10000 -nstop 200 -cptime 1800
Seed:    910185 (Using SPRNG - Scalable Parallel Random Number Generator)
Time:    Wed Dec 14 01:26:35 2022
Kernel:  AVX - auto-detect threads (2 CPU cores detected)

Reading alignment file results_broccoli_meto/alignments_prefiltering/OG_92.lt.fasta ... Fasta format detected
Alignment most likely contains protein sequences
Alignment has 79 sequences with 234 columns, 234 distinct patterns
219 parsimony-informative, 0 singleton sites, 14 constant sites
                                                                   Gap/Ambiguity  Composition  p-value
   1  Lcom_lcpid249636                                                    62.82%    passed     12.65%
   2  Nemnom_g19525.t1                                                     5.56%    failed      3.51%
   3  Lcom_lcpid34683                                                      4.70%    passed     81.47%
   4  Gracom_Gcom_scaffold19114_01                                         8.12%    passed     22.57%
   5  Leuniv_Lniv_scaffold5744_01                                          7.26%    passed     89.54%
   6  Scil_scict025504.1                                                  10.26%    passed     63.66%
   7  Clacor_Ccor_C541279_01                                               8.12%    passed     40.60%
   8  Lcom_lcpid189358                                                    47.86%    passed     44.68%
   9  Cgig_XM_034443058.1                                                 13.68%    passed     97.13%
  10  Cgig_XM_011428506.3                                                 12.39%    passed     93.65%
  11  Acagra_model.g14056.t1.1.5d3b8777                                   13.68%    passed     93.06%
  12  Cscu_XM_023363678.1                                                 16.24%    passed     98.66%
  13  Dpul_mRNA28603                                                      10.26%    passed     98.96%
  14  Tcas_TC015810_001                                                   14.10%    passed     99.94%
  15  Skow_XM_006815747.1                                                  9.83%    passed     81.49%
  16  Bralan_BLAG01001186_1                                               13.68%    passed     99.63%
  17  Bralan_BLAG01001187_1                                               17.09%    passed     99.84%
  18  Hsap_ENST00000578794                                                26.50%    passed     53.54%
  19  Hsap_ENST00000584773                                                10.26%    passed     95.18%
  20  Fspp_ffun1.m4.2030.m1                                                3.85%    passed     98.79%
  21  Gasp_gasp1.m3.9456.m1                                                3.42%    passed     97.16%
  22  Spis_XP_022785795_1                                                  3.85%    passed     90.74%
  23  Pocdam_XM_027180843.1                                                2.99%    passed     89.61%
  24  Amil_Amillepora24928-RA                                             32.91%    passed     15.69%
  25  Adig_XM_015913740.1                                                  4.70%    passed     97.50%
  26  Gfas_gfas1.m1.9749.m1                                                3.85%    passed     52.18%
  27  Nvec_v1g202761                                                      11.11%    passed     95.31%
  28  Exapal_XM_021041989.2                                                7.69%    passed     97.88%
  29  Sanmal_Sma_019016-T1                                                 4.27%    passed     57.64%
  30  Nemnom_g10668.t1                                                     5.13%    passed     91.24%
  31  Rhoesc_Res_006275-T1                                                 5.56%    passed     99.96%
  32  Morvir_scaffold316.g10.t1                                            3.85%    passed     99.01%
  33  TrH2_TrispH2_004059-RA                                               9.83%    passed     98.32%
  34  Tadh_TriadT49822                                                    27.78%    passed     96.30%
  35  HoiH06_mRNA4625                                                      9.83%    passed     88.21%
  36  HoiH23_PlH23_007912-RA                                               7.26%    passed     87.96%
  37  HoiH11_mRNA9093                                                      8.12%    passed     84.39%
  38  Hhon_g03956.t1                                                       9.40%    passed     94.22%
  39  Spur_XM_011684379.2                                                 10.26%    passed     98.97%
  40  Sanmal_Sma_019014-T1                                                 9.83%    passed     72.78%
  41  Aaur_scaffold487.g5.t1                                               9.40%    passed     54.30%
  42  Nemnom_g19526.t1                                                     9.40%    passed     71.17%
  43  Rhoesc_Res_006273-T1                                                 9.40%    passed     92.01%
  44  Morvir_scaffold97.g2.t1                                              7.26%    passed     87.23%
  45  Hsap_ENST00000229390                                                19.66%    passed     67.46%
  46  Emue_Em0015g3a.t1                                                   16.24%    passed     82.21%
  47  Spolac_c98077_g1_i1_m.16368c98077-g1                                16.24%    passed     85.39%
  48  Stycar_maker-SC_scaffold51111-augustus-gene-0.5-mRNA-1              61.11%    passed     33.87%
  49  Plespi_Pspi_scaffold5093_01                                         30.77%    failed      0.30%
  50  Aque_Aqu2.1.39784_001                                               10.68%    passed     99.55%
  51  Xestes_augustus_masked-XT_scaffold51025-processed-gene-0.1-mRNA-1   23.50%    passed     99.89%
  52  Tetwil_g2521.t1                                                     18.80%    passed     95.80%
  53  Tetwil_g2522.t2                                                     13.68%    passed     50.36%
  54  Pbac_sb2640427                                                      57.69%    passed      8.31%
  55  Horcal_Hcv1.av93.c3.g502.i2                                          9.40%    passed     96.31%
  56  Mlei_ML1430.g26.i1                                                   8.55%    passed     82.28%
  57  Lampan_Lpan_14116_01                                                15.38%    passed     58.42%
  58  Eupdun_Edun_sb10675653                                              11.54%    passed     98.53%
  59  Eupdun_Edun_sb10675657                                              29.91%    passed     82.45%
  60  Eupdun_Edun_sb10675667                                              41.88%    passed     96.97%
  61  Vmul_Simscaffold5854_01                                             12.39%    passed     94.55%
  62  Coeast_Cast_sb796916                                                29.06%    passed     88.18%
  63  Beraby_Baby_sb345654                                                 6.41%    passed     96.84%
  64  Opea_EP00118_Oscarella_pearsei_P028691                               8.12%    passed     82.80%
  65  Stycar_maker-SC_scaffold32922-snap-gene-0.6-mRNA-1                  43.59%    passed     99.79%
  66  Dgig_XM_028544594.1                                                 12.82%    passed     78.00%
  67  Xesp_004655-T1                                                      19.23%    failed      0.13%
  68  Hvul_g8438_1                                                         4.27%    passed     77.96%
  69  Chem_TCONS_00018966                                                  8.55%    passed     11.14%
  70  Chem_TCONS_00048539                                                 25.21%    passed     52.48%
  71  Lcom_lcpid221326                                                    56.84%    passed     32.53%
  72  Chem_TCONS_00029899                                                 14.96%    passed     29.09%
  73  Lcom_lcpid248245                                                    60.68%    passed     55.79%
  74  Dgig_XM_028562690.1                                                  5.56%    passed     83.93%
  75  Xesp_004656-T1                                                       4.27%    passed     28.80%
  76  Plajan_Pjan_C534281_01                                              30.34%    passed     18.06%
  77  Beraby_Baby_sb345656                                                19.23%    failed      0.00%
  78  Ocar_g10302                                                         51.28%    failed      0.16%
  79  Ctel_gnl_WGS_AMQN_CAPTEDRAFT_mRNA221687                             60.26%    failed      0.13%
WARNING: 7 sequences contain more than 50% gaps/ambiguity
****  TOTAL                                                               17.61%  6 sequences failed composition chi2 test (p-value<5%; df=19)


Create initial parsimony tree by phylogenetic likelihood library (PLL)... 0.024 seconds
Measuring multi-threading efficiency up to 2 CPU cores
Increase to 10 rounds for branch lengths
5 trees examined
Threads: 1 / Time: 2.484 sec / Speedup: 1.000 / Efficiency: 100% / LogL: -19795
Threads: 2 / Time: 1.370 sec / Speedup: 1.813 / Efficiency: 91% / LogL: -19795
BEST NUMBER OF THREADS: 2

Perform fast likelihood tree search using LG+I+G model...
Estimate model parameters (epsilon = 5.000)
Perform nearest neighbor interchange...
Estimate model parameters (epsilon = 1.000)
1. Initial log-likelihood: -13707.429
Optimal log-likelihood: -13707.406
Proportion of invariable sites: 0.054
Gamma shape alpha: 1.466
Parameters optimization took 1 rounds (0.107 sec)
Time for fast ML tree search: 1.203 seconds

NOTE: ModelFinder requires 13 MB RAM!
ModelFinder will test up to 24 protein models (sample size: 234) ...
 No. Model         -LnL         df  AIC          AICc         BIC
  1  LG            14245.166    155 28800.333    29420.333    29335.908
  2  LG+I          14118.619    156 28549.239    29185.395    29088.269
  3  LG+G4         13718.709    156 27749.418    28385.574    28288.448
  4  LG+I+G4       13707.411    157 27728.823    28381.612    28271.308
  8  LG+F+I+G4     13408.810    176 27169.620    28262.672    27777.756
 12  WAG+I+G4      13665.329    157 27644.659    28297.448    28187.144
 16  WAG+F+I+G4    13464.499    176 27280.998    28374.050    27889.134
 20  JTT+I+G4      13676.484    157 27666.968    28319.757    28209.453
 24  JTT+F+I+G4    13547.892    176 27447.784    28540.837    28055.920
Akaike Information Criterion:           LG+F+I+G4
Corrected Akaike Information Criterion: LG+F+I+G4
Bayesian Information Criterion:         LG+F+I+G4
Best-fit model: LG+F+I+G4 chosen according to BIC

All model information printed to results_broccoli_meto/alignments_prefiltering/OG_92.iqtree.model.gz
CPU time for ModelFinder: 13.518 seconds (0h:0m:13s)
Wall-clock time for ModelFinder: 8.305 seconds (0h:0m:8s)
Generating 1000 samples for ultrafast bootstrap (seed: 910185)...

NOTE: 13 MB RAM (0 GB) is required!
Estimate model parameters (epsilon = 0.100)
Thoroughly optimizing +I+G parameters from 10 start values...
Init pinv, alpha: 0.000, 1.154 / Estimate: 0.000, 0.894 / LogL: -13416.344
Init pinv, alpha: 0.007, 1.154 / Estimate: 0.046, 1.142 / LogL: -13408.812
Init pinv, alpha: 0.014, 1.154 / Estimate: 0.046, 1.140 / LogL: -13408.814
Init pinv, alpha: 0.021, 1.154 / Estimate: 0.047, 1.145 / LogL: -13408.811
Init pinv, alpha: 0.028, 1.154 / Estimate: 0.046, 1.141 / LogL: -13408.814
Init pinv, alpha: 0.036, 1.154 / Estimate: 0.046, 1.138 / LogL: -13408.817
Init pinv, alpha: 0.043, 1.154 / Estimate: 0.046, 1.139 / LogL: -13408.815
Init pinv, alpha: 0.050, 1.154 / Estimate: 0.048, 1.156 / LogL: -13408.810
Init pinv, alpha: 0.057, 1.154 / Estimate: 0.049, 1.158 / LogL: -13408.812
Init pinv, alpha: 0.064, 1.154 / Estimate: 0.049, 1.162 / LogL: -13408.818
Optimal pinv,alpha: 0.048, 1.156 / LogL: -13408.810

Parameters optimization took 3.730 sec
Computing ML distances based on estimated model parameters...
Computing ML distances took 0.370372 sec (of wall-clock time) 0.738255 sec(of CPU time)
WARNING: Some pairwise ML distances are too long (saturated)
Computing RapidNJ tree took 0.001189 sec (of wall-clock time) 0.002373 sec (of CPU time)
Log-likelihood of RapidNJ tree: -13664.730
--------------------------------------------------------------------
|             INITIALIZING CANDIDATE TREE SET                      |
--------------------------------------------------------------------
Generating 98 parsimony trees... 1.830 second
Computing log-likelihood of 98 initial trees ... 3.207 seconds
Current best score: -13408.810

Do NNI search on 20 best initial trees
Estimate model parameters (epsilon = 0.100)
BETTER TREE FOUND at iteration 1: -13401.988
Estimate model parameters (epsilon = 0.100)
BETTER TREE FOUND at iteration 2: -13399.296
Estimate model parameters (epsilon = 0.100)
BETTER TREE FOUND at iteration 3: -13395.757
Iteration 10 / LogL: -13406.770 / Time: 0h:0m:17s
Iteration 20 / LogL: -13400.608 / Time: 0h:0m:24s
Finish initializing candidate tree set (20)
Current best tree score: -13395.757 / CPU time: 19.085
Number of iterations: 20
--------------------------------------------------------------------
|               OPTIMIZING CANDIDATE TREE SET                      |
--------------------------------------------------------------------
Iteration 30 / LogL: -13397.173 / Time: 0h:0m:31s (0h:3m:8s left)
Estimate model parameters (epsilon = 0.100)
BETTER TREE FOUND at iteration 32: -13394.777
Iteration 40 / LogL: -13395.572 / Time: 0h:0m:40s (0h:3m:17s left)
Estimate model parameters (epsilon = 0.100)
BETTER TREE FOUND at iteration 42: -13394.668
Estimate model parameters (epsilon = 0.100)
BETTER TREE FOUND at iteration 45: -13394.210
Iteration 50 / LogL: -13395.145 / Time: 0h:0m:47s (0h:3m:7s left)
Log-likelihood cutoff on original alignment: -13432.805
Iteration 60 / LogL: -13402.673 / Time: 0h:0m:54s (0h:2m:49s left)
Iteration 70 / LogL: -13394.676 / Time: 0h:1m:1s (0h:2m:35s left)
Estimate model parameters (epsilon = 0.100)
BETTER TREE FOUND at iteration 72: -13393.886
Estimate model parameters (epsilon = 0.100)
BETTER TREE FOUND at iteration 74: -13393.269
Iteration 80 / LogL: -13394.043 / Time: 0h:1m:9s (0h:2m:50s left)
Iteration 90 / LogL: -13396.846 / Time: 0h:1m:16s (0h:2m:38s left)
Iteration 100 / LogL: -13393.869 / Time: 0h:1m:23s (0h:2m:27s left)
Log-likelihood cutoff on original alignment: -13432.825
NOTE: Bootstrap correlation coefficient of split occurrence frequencies: 0.997
Iteration 110 / LogL: -13398.674 / Time: 0h:1m:31s (0h:2m:17s left)
Iteration 120 / LogL: -13393.472 / Time: 0h:1m:38s (0h:2m:7s left)
Iteration 130 / LogL: -13396.249 / Time: 0h:1m:45s (0h:1m:57s left)
Estimate model parameters (epsilon = 0.100)
UPDATE BEST LOG-LIKELIHOOD: -13392.378
Iteration 140 / LogL: -13392.378 / Time: 0h:1m:52s (0h:1m:48s left)
Iteration 150 / LogL: -13392.982 / Time: 0h:1m:59s (0h:1m:39s left)
Log-likelihood cutoff on original alignment: -13432.825
Iteration 160 / LogL: -13392.997 / Time: 0h:2m:6s (0h:1m:30s left)
Estimate model parameters (epsilon = 0.100)
BETTER TREE FOUND at iteration 161: -13390.776
Iteration 170 / LogL: -13396.150 / Time: 0h:2m:13s (0h:2m:30s left)
Iteration 180 / LogL: -13394.094 / Time: 0h:2m:20s (0h:2m:22s left)
Iteration 190 / LogL: -13390.777 / Time: 0h:2m:27s (0h:2m:13s left)
Iteration 200 / LogL: -13393.875 / Time: 0h:2m:34s (0h:2m:4s left)
Log-likelihood cutoff on original alignment: -13432.825
NOTE: Bootstrap correlation coefficient of split occurrence frequencies: 0.995
Iteration 210 / LogL: -13391.170 / Time: 0h:2m:41s (0h:1m:56s left)
Iteration 220 / LogL: -13390.780 / Time: 0h:2m:48s (0h:1m:48s left)
Iteration 230 / LogL: -13390.980 / Time: 0h:2m:54s (0h:1m:40s left)
Iteration 240 / LogL: -13391.732 / Time: 0h:3m:1s (0h:1m:32s left)
Iteration 250 / LogL: -13392.354 / Time: 0h:3m:8s (0h:1m:24s left)
Log-likelihood cutoff on original alignment: -13432.825
Iteration 260 / LogL: -13398.866 / Time: 0h:3m:15s (0h:1m:16s left)
Iteration 270 / LogL: -13393.639 / Time: 0h:3m:23s (0h:1m:8s left)
Iteration 280 / LogL: -13391.061 / Time: 0h:3m:30s (0h:1m:1s left)
Iteration 290 / LogL: -13395.321 / Time: 0h:3m:37s (0h:0m:53s left)
Iteration 300 / LogL: -13398.248 / Time: 0h:3m:44s (0h:0m:45s left)
Log-likelihood cutoff on original alignment: -13432.825
NOTE: Bootstrap correlation coefficient of split occurrence frequencies: 0.996
Iteration 310 / LogL: -13401.476 / Time: 0h:3m:52s (0h:1m:7s left)
Iteration 320 / LogL: -13398.202 / Time: 0h:3m:59s (0h:1m:0s left)
Iteration 330 / LogL: -13392.225 / Time: 0h:4m:6s (0h:0m:52s left)
Iteration 340 / LogL: -13390.823 / Time: 0h:4m:14s (0h:0m:44s left)
Iteration 350 / LogL: -13394.318 / Time: 0h:4m:21s (0h:0m:37s left)
Log-likelihood cutoff on original alignment: -13432.825
Iteration 360 / LogL: -13411.550 / Time: 0h:4m:28s (0h:0m:29s left)
TREE SEARCH COMPLETED AFTER 362 ITERATIONS / Time: 0h:4m:30s

--------------------------------------------------------------------
|                    FINALIZING TREE SEARCH                        |
--------------------------------------------------------------------
Performs final model parameters optimization
Estimate model parameters (epsilon = 0.010)
1. Initial log-likelihood: -13390.776
Optimal log-likelihood: -13390.775
Proportion of invariable sites: 0.047
Gamma shape alpha: 1.132
Parameters optimization took 1 rounds (0.112 sec)
BEST SCORE FOUND : -13390.775
Creating bootstrap support values...
Split supports printed to NEXUS file results_broccoli_meto/alignments_prefiltering/OG_92.iqtree.splits.nex
Total tree length: 23.612

Total number of iterations: 362
CPU time used for tree search: 522.408 sec (0h:8m:42s)
Wall-clock time used for tree search: 264.659 sec (0h:4m:24s)
Total CPU time used: 532.258 sec (0h:8m:52s)
Total wall-clock time used: 270.592 sec (0h:4m:30s)

Computing bootstrap consensus tree...
Reading input file results_broccoli_meto/alignments_prefiltering/OG_92.iqtree.splits.nex...
79 taxa and 623 splits.
Consensus tree written to results_broccoli_meto/alignments_prefiltering/OG_92.iqtree.contree
Reading input trees file results_broccoli_meto/alignments_prefiltering/OG_92.iqtree.contree
Log-likelihood of consensus tree: -13393.505

Analysis results written to: 
  IQ-TREE report:                results_broccoli_meto/alignments_prefiltering/OG_92.iqtree.iqtree
  Maximum-likelihood tree:       results_broccoli_meto/alignments_prefiltering/OG_92.iqtree.treefile
  Likelihood distances:          results_broccoli_meto/alignments_prefiltering/OG_92.iqtree.mldist

Ultrafast bootstrap approximation results written to:
  Split support values:          results_broccoli_meto/alignments_prefiltering/OG_92.iqtree.splits.nex
  Consensus tree:                results_broccoli_meto/alignments_prefiltering/OG_92.iqtree.contree
  Screen log file:               results_broccoli_meto/alignments_prefiltering/OG_92.iqtree.log

Date and Time: Wed Dec 14 01:31:16 2022
