IQ-TREE multicore version 2.1.0 for Linux 64-bit built Jul 18 2020
Developed by Bui Quang Minh, James Barbetti, Nguyen Lam Tung,
Olga Chernomor, Heiko Schmidt, Dominik Schrempf, Michael Woodhams.

Host:    node-hp0514.linux.crg.es (AVX, 125 GB RAM)
Command: /users/asebe/xgraubove/Programes/iqtree-2.1.0-Linux/bin/iqtree2 -s results_broccoli_meto/alignments_prefiltering/OG_9723.lt.fasta -m TEST -mset LG,WAG,JTT -nt AUTO -ntmax 2 -bb 1000 -pre results_broccoli_meto/alignments_prefiltering/OG_9723.iqtree -nm 10000 -nstop 200 -cptime 1800
Seed:    110793 (Using SPRNG - Scalable Parallel Random Number Generator)
Time:    Wed Dec 14 02:21:44 2022
Kernel:  AVX - auto-detect threads (2 CPU cores detected)

Reading alignment file results_broccoli_meto/alignments_prefiltering/OG_9723.lt.fasta ... Fasta format detected
Alignment most likely contains protein sequences
Alignment has 59 sequences with 637 columns, 637 distinct patterns
632 parsimony-informative, 0 singleton sites, 5 constant sites
                                                         Gap/Ambiguity  Composition  p-value
   1  Aaur_scaffold5.g25.t1                                     79.91%    passed     16.61%
   2  Nemnom_g6449.t1                                           17.74%    passed     81.81%
   3  Rhoesc_Res_006092-T1                                       9.42%    passed     27.61%
   4  Sanmal_Sma_018989-T1                                      16.33%    passed     16.69%
   5  Aaur_scaffold818.g1.t1                                    31.55%    passed     57.97%
   6  Chem_TCONS_00003611                                       17.43%    failed      2.67%
   7  Morvir_scaffold97.g46.t1                                  18.52%    passed     97.03%
   8  Spolac_c100354_g2_i1_m.22202c100354-g1                    83.52%    passed     16.78%
   9  Emue_Em0015g307a.t1                                       21.51%    failed      0.93%
  10  Spolac_c100354_g1_i2_m.22200c100354-g1                    38.93%    passed      5.35%
  11  Emue_Em0015g299a.t1                                       24.02%    failed      0.02%
  12  Tetwil_g9638.t1                                           43.64%    passed     96.55%
  13  Stycar_maker-SC_scaffold7115-snap-gene-0.116-mRNA-1       67.19%    passed     69.98%
  14  Stycar_maker-SC_scaffold37148-augustus-gene-0.3-mRNA-1    86.19%    passed     75.81%
  15  Fspp_ffun1.m4.9096.m1                                      5.97%    passed     83.15%
  16  Adig_XM_015897630.1                                       52.28%    passed     90.98%
  17  Gfas_gfas1.m1.10419.m1                                     5.81%    passed     88.07%
  18  Gasp_gasp1.m3.26818.m1                                    17.11%    passed     96.53%
  19  Spis_XP_022794847_1                                       10.52%    passed     77.77%
  20  Pocdam_XM_027196386.1                                      7.06%    passed     97.32%
  21  Nvec_NVE8434                                              85.71%    passed     12.09%
  22  Amil_Amillepora22403-RA                                   15.54%    passed     97.22%
  23  Exapal_XM_021057228.2                                     12.40%    passed     24.54%
  24  Dgig_XM_028544910.1                                       11.15%    passed     88.94%
  25  Xesp_004611-T1                                            13.81%    passed     57.01%
  26  Ctel_gnl_WGS_AMQN_CAPTEDRAFT_mRNA222842                   15.38%    failed      4.70%
  27  HoiH23_PlH23_000686-RA                                    21.82%    passed     53.24%
  28  HoiH06_mRNA3703                                           21.82%    passed     31.68%
  29  Hhon_g02668.t1                                            22.14%    passed      6.56%
  30  HoiH04_mRNA3249                                           21.98%    passed      8.88%
  31  HoiH11_mRNA989                                            21.98%    passed     94.16%
  32  TrH2_TrispH2_005941-RA                                    21.51%    passed     66.55%
  33  Tadh_TriadT28528                                          52.28%    passed     10.58%
  34  Bralan_BLAG01001653_2                                     10.68%    passed     73.03%
  35  Cgig_XM_011442184.3                                        9.11%    passed     54.68%
  36  Acagra_model.g26229.t1.2.5d3b8bb5                          5.34%    passed     87.05%
  37  Acagra_model.g26229.t1                                     5.02%    passed     87.41%
  38  Acagra_model.g26229.t1.1.5d3b8bb5                          5.34%    passed     86.41%
  39  Spur_XM_030991715.1                                        7.38%    passed     16.52%
  40  Skow_XM_006816549.1                                       15.54%    passed     30.25%
  41  Opea_EP00118_Oscarella_pearsei_P005358                    17.11%    passed     25.78%
  42  Ocar_g358                                                 41.60%    failed      4.81%
  43  Plajan_Pjan_scaffold13747_01                              12.40%    failed      1.66%
  44  Cscu_XM_023364680.1                                        6.28%    passed     54.99%
  45  Tcas_TC012804_001                                         31.71%    failed      0.69%
  46  Hsap_ENST00000225737                                       8.48%    passed     90.36%
  47  Lcom_lcpid50406                                            4.71%    failed      1.24%
  48  Gracom_Gcom_scaffold15310_01                              45.05%    passed     37.18%
  49  Leuniv_Lniv_scaffold25787_01                              19.15%    failed      1.51%
  50  Clacor_Ccor_scaffold6337_01                               43.01%    passed     10.49%
  51  Dpul_mRNA12916                                            16.64%    failed      3.63%
  52  Stycar_maker-SC_scaffold7115-augustus-gene-0.100-mRNA-1   66.56%    failed      1.52%
  53  Horcal_Hcv1.av93.c3.g1176.i1                              35.79%    passed     43.68%
  54  Pbac_sb2649671                                            25.75%    passed     43.45%
  55  Mlei_ML0174.g21.i1                                        32.50%    passed     44.93%
  56  Beraby_Baby_sb342162                                      32.34%    passed     77.22%
  57  Lampan_Lpan_C417165_01                                    31.71%    passed     66.99%
  58  Vmul_SimC401096                                           31.24%    passed     39.91%
  59  Coemet_Cmet_scaffold14612_01                              28.73%    passed     44.75%
WARNING: 8 sequences contain more than 50% gaps/ambiguity
****  TOTAL                                                     26.80%  11 sequences failed composition chi2 test (p-value<5%; df=19)


Create initial parsimony tree by phylogenetic likelihood library (PLL)... 0.042 seconds
Measuring multi-threading efficiency up to 2 CPU cores
Increase to 10 rounds for branch lengths
3 trees examined
Threads: 1 / Time: 2.943 sec / Speedup: 1.000 / Efficiency: 100% / LogL: -55546
Threads: 2 / Time: 1.484 sec / Speedup: 1.983 / Efficiency: 99% / LogL: -55546
BEST NUMBER OF THREADS: 2

Perform fast likelihood tree search using LG+I+G model...
Estimate model parameters (epsilon = 5.000)
Perform nearest neighbor interchange...
Estimate model parameters (epsilon = 1.000)
1. Initial log-likelihood: -40684.363
Optimal log-likelihood: -40684.126
Proportion of invariable sites: 0.008
Gamma shape alpha: 1.703
Parameters optimization took 1 rounds (0.191 sec)
Time for fast ML tree search: 2.098 seconds

NOTE: ModelFinder requires 26 MB RAM!
ModelFinder will test up to 24 protein models (sample size: 637) ...
 No. Model         -LnL         df  AIC          AICc         BIC
  1  LG            41773.021    115 83776.042    83827.251    84288.571
  2  LG+I          41693.445    116 83618.889    83671.089    84135.875
  3  LG+G4         40700.109    116 81632.219    81684.419    82149.204
  4  LG+I+G4       40684.118    117 81602.237    81655.439    82123.679
  8  LG+F+I+G4     40509.176    136 81290.352    81364.880    81896.473
 12  WAG+I+G4      40646.375    117 81526.751    81579.953    82048.193
 16  WAG+F+I+G4    40537.264    136 81346.529    81421.057    81952.650
 20  JTT+I+G4      40580.156    117 81394.313    81447.515    81915.755
 24  JTT+F+I+G4    40387.530    136 81047.059    81121.587    81653.180
Akaike Information Criterion:           JTT+F+I+G4
Corrected Akaike Information Criterion: JTT+F+I+G4
Bayesian Information Criterion:         JTT+F+I+G4
Best-fit model: JTT+F+I+G4 chosen according to BIC

All model information printed to results_broccoli_meto/alignments_prefiltering/OG_9723.iqtree.model.gz
CPU time for ModelFinder: 22.626 seconds (0h:0m:22s)
Wall-clock time for ModelFinder: 12.920 seconds (0h:0m:12s)
Generating 1000 samples for ultrafast bootstrap (seed: 110793)...

NOTE: 26 MB RAM (0 GB) is required!
Estimate model parameters (epsilon = 0.100)
Thoroughly optimizing +I+G parameters from 10 start values...
Init pinv, alpha: 0.000, 1.802 / Estimate: 0.008, 1.806 / LogL: -40387.525
Init pinv, alpha: 0.001, 1.802 / Estimate: 0.008, 1.807 / LogL: -40387.526
Init pinv, alpha: 0.002, 1.802 / Estimate: 0.008, 1.807 / LogL: -40387.526
Init pinv, alpha: 0.003, 1.802 / Estimate: 0.008, 1.807 / LogL: -40387.525
Init pinv, alpha: 0.003, 1.802 / Estimate: 0.008, 1.806 / LogL: -40387.525
Init pinv, alpha: 0.004, 1.802 / Estimate: 0.008, 1.806 / LogL: -40387.525
Init pinv, alpha: 0.005, 1.802 / Estimate: 0.008, 1.805 / LogL: -40387.525
Init pinv, alpha: 0.006, 1.802 / Estimate: 0.008, 1.805 / LogL: -40387.525
Init pinv, alpha: 0.007, 1.802 / Estimate: 0.008, 1.805 / LogL: -40387.525
Init pinv, alpha: 0.008, 1.802 / Estimate: 0.008, 1.805 / LogL: -40387.526
Optimal pinv,alpha: 0.008, 1.805 / LogL: -40387.525

Parameters optimization took 3.794 sec
Computing ML distances based on estimated model parameters...
Computing ML distances took 0.243102 sec (of wall-clock time) 0.483493 sec(of CPU time)
Computing RapidNJ tree took 0.000970 sec (of wall-clock time) 0.001695 sec (of CPU time)
Log-likelihood of RapidNJ tree: -40755.463
--------------------------------------------------------------------
|             INITIALIZING CANDIDATE TREE SET                      |
--------------------------------------------------------------------
Generating 98 parsimony trees... 2.345 second
Computing log-likelihood of 98 initial trees ... 5.854 seconds
Current best score: -40387.525

Do NNI search on 20 best initial trees
Estimate model parameters (epsilon = 0.100)
BETTER TREE FOUND at iteration 1: -40380.865
Estimate model parameters (epsilon = 0.100)
BETTER TREE FOUND at iteration 2: -40372.028
Iteration 10 / LogL: -40391.640 / Time: 0h:0m:23s
Iteration 20 / LogL: -40394.115 / Time: 0h:0m:35s
Finish initializing candidate tree set (12)
Current best tree score: -40372.028 / CPU time: 30.197
Number of iterations: 20
--------------------------------------------------------------------
|               OPTIMIZING CANDIDATE TREE SET                      |
--------------------------------------------------------------------
Iteration 30 / LogL: -40374.221 / Time: 0h:0m:49s (0h:4m:55s left)
Estimate model parameters (epsilon = 0.100)
UPDATE BEST LOG-LIKELIHOOD: -40371.647
Iteration 40 / LogL: -40371.692 / Time: 0h:1m:4s (0h:4m:29s left)
Iteration 50 / LogL: -40371.699 / Time: 0h:1m:19s (0h:4m:5s left)
Log-likelihood cutoff on original alignment: -40429.060
Iteration 60 / LogL: -40372.069 / Time: 0h:1m:32s (0h:3m:42s left)
Iteration 70 / LogL: -40584.292 / Time: 0h:1m:46s (0h:3m:23s left)
Iteration 80 / LogL: -40372.213 / Time: 0h:2m:0s (0h:3m:6s left)
Iteration 90 / LogL: -40372.270 / Time: 0h:2m:13s (0h:2m:48s left)
Iteration 100 / LogL: -40372.948 / Time: 0h:2m:27s (0h:2m:32s left)
Log-likelihood cutoff on original alignment: -40429.060
NOTE: Bootstrap correlation coefficient of split occurrence frequencies: 0.998
Iteration 110 / LogL: -40374.299 / Time: 0h:2m:42s (0h:2m:17s left)
Iteration 120 / LogL: -40374.716 / Time: 0h:2m:57s (0h:2m:1s left)
Iteration 130 / LogL: -40408.284 / Time: 0h:3m:10s (0h:1m:46s left)
Iteration 140 / LogL: -40374.285 / Time: 0h:3m:23s (0h:1m:30s left)
Iteration 150 / LogL: -40372.386 / Time: 0h:3m:37s (0h:1m:15s left)
Log-likelihood cutoff on original alignment: -40429.060
Iteration 160 / LogL: -40372.718 / Time: 0h:3m:52s (0h:1m:1s left)
Iteration 170 / LogL: -40374.270 / Time: 0h:4m:5s (0h:0m:46s left)
Iteration 180 / LogL: -40374.804 / Time: 0h:4m:18s (0h:0m:31s left)
Iteration 190 / LogL: -40374.077 / Time: 0h:4m:32s (0h:0m:17s left)
Iteration 200 / LogL: -40371.949 / Time: 0h:4m:46s (0h:0m:2s left)
Log-likelihood cutoff on original alignment: -40429.060
NOTE: Bootstrap correlation coefficient of split occurrence frequencies: 0.999
TREE SEARCH COMPLETED AFTER 203 ITERATIONS / Time: 0h:4m:51s

--------------------------------------------------------------------
|                    FINALIZING TREE SEARCH                        |
--------------------------------------------------------------------
Performs final model parameters optimization
Estimate model parameters (epsilon = 0.010)
1. Initial log-likelihood: -40371.647
Optimal log-likelihood: -40371.646
Proportion of invariable sites: 0.008
Gamma shape alpha: 1.797
Parameters optimization took 1 rounds (0.192 sec)
BEST SCORE FOUND : -40371.646
Creating bootstrap support values...
Split supports printed to NEXUS file results_broccoli_meto/alignments_prefiltering/OG_9723.iqtree.splits.nex
Total tree length: 37.010

Total number of iterations: 203
CPU time used for tree search: 567.839 sec (0h:9m:27s)
Wall-clock time used for tree search: 286.031 sec (0h:4m:46s)
Total CPU time used: 578.325 sec (0h:9m:38s)
Total wall-clock time used: 291.683 sec (0h:4m:51s)

Computing bootstrap consensus tree...
Reading input file results_broccoli_meto/alignments_prefiltering/OG_9723.iqtree.splits.nex...
59 taxa and 252 splits.
Consensus tree written to results_broccoli_meto/alignments_prefiltering/OG_9723.iqtree.contree
Reading input trees file results_broccoli_meto/alignments_prefiltering/OG_9723.iqtree.contree
Log-likelihood of consensus tree: -40372.166

Analysis results written to: 
  IQ-TREE report:                results_broccoli_meto/alignments_prefiltering/OG_9723.iqtree.iqtree
  Maximum-likelihood tree:       results_broccoli_meto/alignments_prefiltering/OG_9723.iqtree.treefile
  Likelihood distances:          results_broccoli_meto/alignments_prefiltering/OG_9723.iqtree.mldist

Ultrafast bootstrap approximation results written to:
  Split support values:          results_broccoli_meto/alignments_prefiltering/OG_9723.iqtree.splits.nex
  Consensus tree:                results_broccoli_meto/alignments_prefiltering/OG_9723.iqtree.contree
  Screen log file:               results_broccoli_meto/alignments_prefiltering/OG_9723.iqtree.log

Date and Time: Wed Dec 14 02:26:50 2022
