IQ-TREE multicore version 2.1.0 for Linux 64-bit built Jul 18 2020
Developed by Bui Quang Minh, James Barbetti, Nguyen Lam Tung,
Olga Chernomor, Heiko Schmidt, Dominik Schrempf, Michael Woodhams.

Host:    node-hp0514.linux.crg.es (AVX, 125 GB RAM)
Command: /users/asebe/xgraubove/Programes/iqtree-2.1.0-Linux/bin/iqtree2 -s results_broccoli_meto/alignments_prefiltering/OG_9775.lt.fasta -m TEST -mset LG,WAG,JTT -nt AUTO -ntmax 2 -bb 1000 -pre results_broccoli_meto/alignments_prefiltering/OG_9775.iqtree -nm 10000 -nstop 200 -cptime 1800
Seed:    63421 (Using SPRNG - Scalable Parallel Random Number Generator)
Time:    Wed Dec 14 02:52:38 2022
Kernel:  AVX - auto-detect threads (2 CPU cores detected)

Reading alignment file results_broccoli_meto/alignments_prefiltering/OG_9775.lt.fasta ... Fasta format detected
Alignment most likely contains protein sequences
Alignment has 90 sequences with 658 columns, 658 distinct patterns
656 parsimony-informative, 0 singleton sites, 2 constant sites
                                                                    Gap/Ambiguity  Composition  p-value
   1  Aaur_scaffold737.g9.t1                                               87.84%    passed      6.00%
   2  Aaur_scaffold737.g10.t1                                              68.54%    passed     10.98%
   3  Rhoesc_Res_005457-T1                                                  5.78%    passed     43.52%
   4  Nemnom_g16700.t1                                                     13.22%    passed     89.35%
   5  Sanmal_Sma_005670-T1                                                 11.40%    passed     21.70%
   6  Exapal_XM_028656849.1                                                74.92%    passed     43.37%
   7  Morvir_scaffold27.g3.t1                                              13.68%    passed     58.60%
   8  Spolac_c99553_g1_i2_m.19974c87891-g1                                 79.33%    failed      0.00%
   9  Fspp_ffun1.m4.6144.m1                                                 6.69%    passed     67.55%
  10  Gasp_gasp1.m3.14524.m1                                                6.99%    passed     30.90%
  11  Gfas_gfas1.m1.879.m1                                                 15.50%    passed     25.38%
  12  Spis_XP_022798552_1                                                   8.05%    passed     51.64%
  13  Pocdam_XM_027196671.1                                                 6.08%    passed     70.66%
  14  Amil_Amillepora12447-RA                                               9.27%    passed     80.36%
  15  Lcom_lcpid206972                                                     82.07%    passed     19.53%
  16  Lcom_lcpid211577                                                     82.07%    passed     16.47%
  17  Gracom_Gcom_scaffold17966_01                                         39.06%    passed     62.78%
  18  Lcom_lcpid151942                                                     71.88%    passed      5.27%
  19  Lcom_lcpid120429                                                     66.11%    passed     44.33%
  20  Scil_scict015903.2                                                   19.30%    failed      0.00%
  21  Spur_XM_030974577.1                                                   8.05%    passed     47.95%
  22  Fspp_ffun1.m2b.39496.m1                                              30.40%    failed      0.00%
  23  Gasp_gasp1.m3.13465.m1                                               37.23%    failed      1.08%
  24  Spis_XP_022790520_1                                                  37.08%    failed      0.25%
  25  Pocdam_XM_027200057.1                                                36.78%    failed      3.34%
  26  Adig_XM_015914458.1                                                  34.50%    failed      1.43%
  27  Gfas_gfas1.m1.18175.m1                                               43.62%    failed      2.81%
  28  Dgig_XM_028542390.1                                                  13.07%    passed     31.95%
  29  Emue_Em0024g278a.t1                                                  30.55%    failed      0.00%
  30  Emue_Em0024g479a.t1                                                  29.94%    failed      0.00%
  31  Spolac_c99553_g1_i3_m.19975c87891-g1                                 58.81%    failed      0.77%
  32  Spolac_c99553_g1_i1_m.19973c87891-g1                                 51.67%    failed      1.61%
  33  Stycar_augustus_masked-SC_scaffold123578-processed-gene-0.1-mRNA-1   57.90%    failed      2.43%
  34  Aque_Aqu2.1.41070_001                                                44.22%    passed     99.31%
  35  Halamb_c50009_g1_i2mm.3323                                           41.34%    passed     91.36%
  36  Xestes_maker-XT_scaffold44551-snap-gene-0.4-mRNA-1                   75.68%    passed     21.73%
  37  Tetwil_g18961.t2                                                     20.21%    passed     24.27%
  38  Acagra_model.g20180.t1                                               10.49%    passed     38.75%
  39  Chem_TCONS_00011631                                                   1.67%    passed      7.21%
  40  Plespi_Pspi_scaffold16693_01                                         57.29%    passed     61.04%
  41  Nvec_NVE11324                                                         5.62%    passed     24.98%
  42  Opea_EP00118_Oscarella_pearsei_P006438                               27.36%    passed      9.44%
  43  Exapal_XM_021061687.2                                                12.01%    passed     92.84%
  44  Drygla_Dgla_sb284249                                                 65.65%    failed      0.24%
  45  Pbac_sb2654822                                                       34.04%    passed     77.64%
  46  Horcal_Hcv1.av93.c1.g324.i1                                          28.42%    passed     80.54%
  47  Horcal_Hcv1.av93.c1.g324.i2                                          29.64%    passed     83.50%
  48  Pbac_sb2638708                                                       77.51%    passed     98.07%
  49  Lampan_Lpan_4479_01                                                  36.93%    passed     90.08%
  50  Bolinf_Binf_sb1298792                                                58.51%    passed     21.10%
  51  Mertsp_Mesp_sb526893                                                 59.27%    passed     37.77%
  52  Beraby_Baby_sb323853                                                 68.84%    passed     52.39%
  53  Vmul_SimC406506                                                      24.92%    passed     77.99%
  54  Coemet_Cmet_scaffold21575_01                                         21.58%    passed     43.21%
  55  Mlei_ML2083.g12.i1                                                   32.98%    passed     37.92%
  56  Bralan_BLAG10000621_11                                                5.78%    failed      2.09%
  57  Cgig_XM_034452865.1                                                   7.90%    failed      4.95%
  58  Nvec_v1g212050                                                       52.28%    failed      0.03%
  59  Sanmal_Sma_008568-T1                                                 35.26%    passed     13.06%
  60  Nemnom_g4961.t1                                                      55.02%    passed     32.94%
  61  Rhoesc_Res_003467-T1                                                 38.15%    passed     39.02%
  62  Nemnom_g15436.t1                                                     59.42%    failed      3.07%
  63  Aaur_scaffold513.g16.t1                                              37.08%    passed     10.77%
  64  HoiH23_PlH23_003003-RA                                               17.33%    failed      0.00%
  65  HoiH06_mRNA6944                                                      18.09%    failed      0.00%
  66  Hhon_g11290.t1                                                       53.34%    passed      6.85%
  67  Hhon_g10414.t1                                                       15.50%    failed      0.00%
  68  HoiH04_mRNA5467                                                      44.07%    failed      0.03%
  69  TrH2_TrispH2_008542-RA                                               16.26%    failed      0.71%
  70  Xesp_009947-T1                                                       14.89%    failed      0.49%
  71  Skow_XM_006825034.1                                                   6.99%    passed     75.86%
  72  Pbac_sb2645732                                                       67.93%    passed      6.95%
  73  Pbac_sb2661364                                                       71.43%    passed     13.90%
  74  Plajan_Pjan_scaffold13847_01                                         53.80%    passed      8.68%
  75  Plajan_Pjan_scaffold13848_01                                         49.39%    passed      5.92%
  76  Spur_XM_030998111.1                                                  51.67%    failed      0.04%
  77  Bralan_BLAG13000714_3                                                19.00%    failed      3.96%
  78  Ctel_gnl_WGS_AMQN_CAPTEDRAFT_mRNA203404                              30.40%    passed     41.90%
  79  Acagra_model.g27741.t1                                               23.86%    passed     52.12%
  80  Hsap_ENST00000265728                                                 24.92%    failed      2.66%
  81  Amil_Amillepora17958-RA                                              57.90%    failed      1.66%
  82  Adig_XM_015923659.1                                                  64.13%    failed      0.06%
  83  Hsap_ENST00000315005                                                 26.44%    failed      0.00%
  84  Hvul_g6494_1                                                         21.28%    failed      0.60%
  85  Skow_XM_006813863.1                                                  20.82%    passed     20.46%
  86  Hvul_g30628_1                                                        50.00%    failed      0.00%
  87  Chem_TCONS_00019568                                                  43.92%    failed      2.22%
  88  Cgig_XM_011425609.3                                                  26.60%    failed      1.37%
  89  Cscu_XM_023381849.1                                                  54.86%    failed      0.37%
  90  Ctel_gnl_WGS_AMQN_CAPTEDRAFT_mRNA212027                              29.94%    failed      0.00%
WARNING: 29 sequences contain more than 50% gaps/ambiguity
****  TOTAL                                                                37.08%  36 sequences failed composition chi2 test (p-value<5%; df=19)


Create initial parsimony tree by phylogenetic likelihood library (PLL)... 0.055 seconds
Measuring multi-threading efficiency up to 2 CPU cores
10 trees examined
Threads: 1 / Time: 2.067 sec / Speedup: 1.000 / Efficiency: 100% / LogL: -84863
Threads: 2 / Time: 1.056 sec / Speedup: 1.958 / Efficiency: 98% / LogL: -84863
BEST NUMBER OF THREADS: 2

Perform fast likelihood tree search using LG+I+G model...
Estimate model parameters (epsilon = 5.000)
Perform nearest neighbor interchange...
Estimate model parameters (epsilon = 1.000)
1. Initial log-likelihood: -65490.296
Optimal log-likelihood: -65489.714
Proportion of invariable sites: 0.002
Gamma shape alpha: 1.609
Parameters optimization took 1 rounds (0.313 sec)
Time for fast ML tree search: 5.221 seconds

NOTE: ModelFinder requires 40 MB RAM!
ModelFinder will test up to 24 protein models (sample size: 658) ...
 No. Model         -LnL         df  AIC          AICc         BIC
  1  LG            66917.743    177 134189.486   134320.761   134984.076
  2  LG+I          66873.611    178 134103.221   134236.257   134902.300
  3  LG+G4         65497.719    178 131351.437   131484.473   132150.516
  4  LG+I+G4       65489.702    179 131337.404   131472.215   132140.971
  7  LG+F+G4       65179.425    197 130752.850   130922.441   131637.223
  8  LG+F+I+G4     65172.494    198 130740.989   130912.675   131629.851
 11  WAG+G4        65508.438    178 131372.876   131505.912   132171.955
 12  WAG+I+G4      65506.150    179 131370.299   131505.111   132173.867
 15  WAG+F+G4      65260.079    197 130914.158   131083.749   131798.531
 16  WAG+F+I+G4    65259.003    198 130914.006   131085.692   131802.868
 19  JTT+G4        65494.414    178 131344.828   131477.863   132143.906
 20  JTT+I+G4      65490.319    179 131338.638   131473.450   132142.206
 23  JTT+F+G4      65137.634    197 130669.267   130838.858   131553.641
 24  JTT+F+I+G4    65133.365    198 130662.731   130834.417   131551.593
Akaike Information Criterion:           JTT+F+I+G4
Corrected Akaike Information Criterion: JTT+F+I+G4
Bayesian Information Criterion:         JTT+F+I+G4
Best-fit model: JTT+F+I+G4 chosen according to BIC

All model information printed to results_broccoli_meto/alignments_prefiltering/OG_9775.iqtree.model.gz
CPU time for ModelFinder: 47.220 seconds (0h:0m:47s)
Wall-clock time for ModelFinder: 25.305 seconds (0h:0m:25s)
Generating 1000 samples for ultrafast bootstrap (seed: 63421)...

NOTE: 40 MB RAM (0 GB) is required!
Estimate model parameters (epsilon = 0.100)
Thoroughly optimizing +I+G parameters from 10 start values...
Init pinv, alpha: 0.000, 1.372 / Estimate: 0.003, 1.371 / LogL: -65133.365
Init pinv, alpha: 0.000, 1.372 / Estimate: 0.003, 1.371 / LogL: -65133.366
Init pinv, alpha: 0.001, 1.372 / Estimate: 0.003, 1.371 / LogL: -65133.365
Init pinv, alpha: 0.001, 1.372 / Estimate: 0.003, 1.372 / LogL: -65133.365
Init pinv, alpha: 0.001, 1.372 / Estimate: 0.003, 1.372 / LogL: -65133.365
Init pinv, alpha: 0.002, 1.372 / Estimate: 0.003, 1.373 / LogL: -65133.365
Init pinv, alpha: 0.002, 1.372 / Estimate: 0.003, 1.371 / LogL: -65133.365
Init pinv, alpha: 0.002, 1.372 / Estimate: 0.003, 1.372 / LogL: -65133.365
Init pinv, alpha: 0.003, 1.372 / Estimate: 0.003, 1.372 / LogL: -65133.364
Init pinv, alpha: 0.003, 1.372 / Estimate: 0.003, 1.372 / LogL: -65133.364
Optimal pinv,alpha: 0.003, 1.372 / LogL: -65133.364

Parameters optimization took 5.491 sec
Computing ML distances based on estimated model parameters...
Computing ML distances took 0.646590 sec (of wall-clock time) 1.291388 sec(of CPU time)
WARNING: Some pairwise ML distances are too long (saturated)
Computing RapidNJ tree took 0.001466 sec (of wall-clock time) 0.000899 sec (of CPU time)
Log-likelihood of RapidNJ tree: -65929.419
--------------------------------------------------------------------
|             INITIALIZING CANDIDATE TREE SET                      |
--------------------------------------------------------------------
Generating 98 parsimony trees... 6.394 second
Computing log-likelihood of 98 initial trees ... 9.931 seconds
Current best score: -65133.364

Do NNI search on 20 best initial trees
Estimate model parameters (epsilon = 0.100)
BETTER TREE FOUND at iteration 1: -65102.936
Estimate model parameters (epsilon = 0.100)
BETTER TREE FOUND at iteration 2: -65073.667
Estimate model parameters (epsilon = 0.100)
BETTER TREE FOUND at iteration 4: -65062.674
Iteration 10 / LogL: -65072.818 / Time: 0h:0m:55s
Estimate model parameters (epsilon = 0.100)
BETTER TREE FOUND at iteration 17: -65062.076
Iteration 20 / LogL: -65088.510 / Time: 0h:1m:30s
Finish initializing candidate tree set (20)
Current best tree score: -65062.076 / CPU time: 82.463
Number of iterations: 20
--------------------------------------------------------------------
|               OPTIMIZING CANDIDATE TREE SET                      |
--------------------------------------------------------------------
Estimate model parameters (epsilon = 0.100)
BETTER TREE FOUND at iteration 23: -65044.776
Estimate model parameters (epsilon = 0.100)
BETTER TREE FOUND at iteration 30: -65041.279
Iteration 30 / LogL: -65041.279 / Time: 0h:1m:56s (0h:13m:25s left)
Estimate model parameters (epsilon = 0.100)
BETTER TREE FOUND at iteration 33: -65040.016
Iteration 40 / LogL: -65041.859 / Time: 0h:2m:22s (0h:11m:44s left)
Iteration 50 / LogL: -65041.941 / Time: 0h:2m:44s (0h:10m:13s left)
Log-likelihood cutoff on original alignment: -65110.234
Estimate model parameters (epsilon = 0.100)
UPDATE BEST LOG-LIKELIHOOD: -65039.700
Iteration 60 / LogL: -65040.571 / Time: 0h:3m:7s (0h:9m:9s left)
Iteration 70 / LogL: -65041.249 / Time: 0h:3m:28s (0h:8m:13s left)
Iteration 80 / LogL: -65041.727 / Time: 0h:3m:48s (0h:7m:22s left)
Iteration 90 / LogL: -65046.277 / Time: 0h:4m:10s (0h:6m:43s left)
Iteration 100 / LogL: -65043.601 / Time: 0h:4m:33s (0h:6m:7s left)
Log-likelihood cutoff on original alignment: -65110.234
NOTE: Bootstrap correlation coefficient of split occurrence frequencies: 0.998
Estimate model parameters (epsilon = 0.100)
BETTER TREE FOUND at iteration 105: -65039.377
Iteration 110 / LogL: -65041.388 / Time: 0h:4m:56s (0h:8m:50s left)
Iteration 120 / LogL: -65084.743 / Time: 0h:5m:20s (0h:8m:18s left)
Iteration 130 / LogL: -65041.104 / Time: 0h:5m:42s (0h:7m:44s left)
Iteration 140 / LogL: -65106.163 / Time: 0h:6m:4s (0h:7m:12s left)
Estimate model parameters (epsilon = 0.100)
BETTER TREE FOUND at iteration 149: -65031.219
Iteration 150 / LogL: -65040.130 / Time: 0h:6m:28s (0h:8m:39s left)
Log-likelihood cutoff on original alignment: -65110.234
Iteration 160 / LogL: -65049.387 / Time: 0h:6m:54s (0h:8m:12s left)
Estimate model parameters (epsilon = 0.100)
BETTER TREE FOUND at iteration 165: -65030.148
Estimate model parameters (epsilon = 0.100)
BETTER TREE FOUND at iteration 170: -65029.744
Iteration 170 / LogL: -65029.744 / Time: 0h:7m:17s (0h:8m:37s left)
Iteration 180 / LogL: -65033.921 / Time: 0h:7m:41s (0h:8m:9s left)
Estimate model parameters (epsilon = 0.100)
BETTER TREE FOUND at iteration 182: -65028.703
Iteration 190 / LogL: -65028.884 / Time: 0h:8m:4s (0h:8m:11s left)
Iteration 200 / LogL: -65030.420 / Time: 0h:8m:26s (0h:7m:43s left)
Log-likelihood cutoff on original alignment: -65110.234
NOTE: Bootstrap correlation coefficient of split occurrence frequencies: 0.981
NOTE: UFBoot does not converge, continue at least 100 more iterations
Iteration 210 / LogL: -65034.559 / Time: 0h:8m:48s (0h:7m:14s left)
Iteration 220 / LogL: -65030.929 / Time: 0h:9m:11s (0h:6m:47s left)
Iteration 230 / LogL: -65036.712 / Time: 0h:9m:32s (0h:6m:19s left)
Iteration 240 / LogL: -65042.022 / Time: 0h:9m:53s (0h:5m:52s left)
Iteration 250 / LogL: -65034.657 / Time: 0h:10m:15s (0h:5m:26s left)
Log-likelihood cutoff on original alignment: -65110.234
Iteration 260 / LogL: -65029.906 / Time: 0h:10m:36s (0h:4m:59s left)
Iteration 270 / LogL: -65039.405 / Time: 0h:10m:58s (0h:4m:34s left)
Iteration 280 / LogL: -65030.463 / Time: 0h:11m:19s (0h:4m:8s left)
Iteration 290 / LogL: -65029.239 / Time: 0h:11m:44s (0h:3m:44s left)
Iteration 300 / LogL: -65038.560 / Time: 0h:12m:8s (0h:3m:19s left)
Log-likelihood cutoff on original alignment: -65110.234
NOTE: Bootstrap correlation coefficient of split occurrence frequencies: 0.980
NOTE: UFBoot does not converge, continue at least 100 more iterations
Iteration 310 / LogL: -65030.453 / Time: 0h:12m:29s (0h:3m:38s left)
Iteration 320 / LogL: -65029.559 / Time: 0h:12m:52s (0h:3m:13s left)
Iteration 330 / LogL: -65029.393 / Time: 0h:13m:15s (0h:2m:49s left)
Iteration 340 / LogL: -65058.766 / Time: 0h:13m:39s (0h:2m:25s left)
Iteration 350 / LogL: -65030.655 / Time: 0h:14m:4s (0h:2m:0s left)
Log-likelihood cutoff on original alignment: -65110.234
Iteration 360 / LogL: -65034.023 / Time: 0h:14m:27s (0h:1m:36s left)
Iteration 370 / LogL: -65029.555 / Time: 0h:14m:47s (0h:1m:12s left)
Iteration 380 / LogL: -65032.576 / Time: 0h:15m:10s (0h:0m:48s left)
Iteration 390 / LogL: -65029.928 / Time: 0h:15m:31s (0h:0m:23s left)
Iteration 400 / LogL: -65031.465 / Time: 0h:15m:53s (0h:0m:0s left)
Log-likelihood cutoff on original alignment: -65110.234
NOTE: Bootstrap correlation coefficient of split occurrence frequencies: 0.995
TREE SEARCH COMPLETED AFTER 400 ITERATIONS / Time: 0h:15m:53s

--------------------------------------------------------------------
|                    FINALIZING TREE SEARCH                        |
--------------------------------------------------------------------
Performs final model parameters optimization
Estimate model parameters (epsilon = 0.010)
1. Initial log-likelihood: -65028.703
Optimal log-likelihood: -65028.700
Proportion of invariable sites: 0.003
Gamma shape alpha: 1.358
Parameters optimization took 1 rounds (0.305 sec)
BEST SCORE FOUND : -65028.700
Creating bootstrap support values...
Split supports printed to NEXUS file results_broccoli_meto/alignments_prefiltering/OG_9775.iqtree.splits.nex
Total tree length: 78.370

Total number of iterations: 400
CPU time used for tree search: 1875.846 sec (0h:31m:15s)
Wall-clock time used for tree search: 945.388 sec (0h:15m:45s)
Total CPU time used: 1891.950 sec (0h:31m:31s)
Total wall-clock time used: 954.084 sec (0h:15m:54s)

Computing bootstrap consensus tree...
Reading input file results_broccoli_meto/alignments_prefiltering/OG_9775.iqtree.splits.nex...
90 taxa and 859 splits.
Consensus tree written to results_broccoli_meto/alignments_prefiltering/OG_9775.iqtree.contree
Reading input trees file results_broccoli_meto/alignments_prefiltering/OG_9775.iqtree.contree
Log-likelihood of consensus tree: -65029.979

Analysis results written to: 
  IQ-TREE report:                results_broccoli_meto/alignments_prefiltering/OG_9775.iqtree.iqtree
  Maximum-likelihood tree:       results_broccoli_meto/alignments_prefiltering/OG_9775.iqtree.treefile
  Likelihood distances:          results_broccoli_meto/alignments_prefiltering/OG_9775.iqtree.mldist

Ultrafast bootstrap approximation results written to:
  Split support values:          results_broccoli_meto/alignments_prefiltering/OG_9775.iqtree.splits.nex
  Consensus tree:                results_broccoli_meto/alignments_prefiltering/OG_9775.iqtree.contree
  Screen log file:               results_broccoli_meto/alignments_prefiltering/OG_9775.iqtree.log

Date and Time: Wed Dec 14 03:08:59 2022
