IQ-TREE multicore version 2.1.0 for Linux 64-bit built Jul 18 2020
Developed by Bui Quang Minh, James Barbetti, Nguyen Lam Tung,
Olga Chernomor, Heiko Schmidt, Dominik Schrempf, Michael Woodhams.

Host:    node-hp0408.linux.crg.es (AVX, 125 GB RAM)
Command: /users/asebe/xgraubove/Programes/iqtree-2.1.0-Linux/bin/iqtree2 -s results_broccoli_meto/alignments_prefiltering/OG_918.lt.fasta -m TEST -mset LG,WAG,JTT -nt AUTO -ntmax 2 -bb 1000 -pre results_broccoli_meto/alignments_prefiltering/OG_918.iqtree -nm 10000 -nstop 200 -cptime 1800
Seed:    695868 (Using SPRNG - Scalable Parallel Random Number Generator)
Time:    Wed Dec 14 01:15:49 2022
Kernel:  AVX - auto-detect threads (2 CPU cores detected)

Reading alignment file results_broccoli_meto/alignments_prefiltering/OG_918.lt.fasta ... Fasta format detected
Alignment most likely contains protein sequences
Alignment has 71 sequences with 245 columns, 245 distinct patterns
237 parsimony-informative, 0 singleton sites, 8 constant sites
                                                                  Gap/Ambiguity  Composition  p-value
   1  Lcom_lcpid102166                                                   62.45%    passed     21.12%
   2  Lcom_lcpid78362                                                     5.71%    passed     96.18%
   3  Lcom_lcpid236497                                                   63.27%    passed     97.47%
   4  Scil_scict021735.2                                                  4.08%    passed     37.78%
   5  Gracom_Gcom_scaffold14644_01                                       29.39%    passed     80.57%
   6  Lcom_lcpid25214                                                     5.31%    failed      4.61%
   7  Lcom_lcpid25808                                                    64.49%    passed      5.58%
   8  Lcom_lcpid25806                                                    34.69%    passed     16.80%
   9  Scil_scict018282.1                                                  7.76%    passed     58.13%
  10  Emue_Em0018g568a.t1                                                11.43%    passed     83.98%
  11  Spolac_c89193_g1_i1_m.5470c89193-g1                                12.24%    passed     99.13%
  12  Tetwil_g23407.t1                                                    7.76%    passed    100.00%
  13  Aque_Aqu2.1.44153_001                                              11.84%    passed     21.31%
  14  Xestes_augustus_masked-XT_scaffold3488-processed-gene-0.3-mRNA-1   10.61%    passed     71.30%
  15  Halamb_c43390_g1_i1m.16118                                          9.39%    passed     97.87%
  16  Cgig_XM_034474127.1                                                 0.82%    passed     37.74%
  17  Bralan_BLAG03000952_1                                               1.22%    passed     20.71%
  18  Cscu_XM_023372034.1                                                 8.98%    passed     83.45%
  19  Spur_XM_003730245.3                                                 1.22%    passed     79.74%
  20  Tcas_TC011768_001                                                  10.61%    passed     70.32%
  21  Ctel_gnl_WGS_AMQN_CAPTEDRAFT_mRNA138840                             4.08%    passed     96.07%
  22  Fspp_ffun1.m4.15961.m1                                             42.45%    passed     15.10%
  23  Gasp_gasp1.m3.30479.m1                                              1.63%    passed     99.85%
  24  Spis_XP_022783733_1                                                 6.53%    passed     96.35%
  25  Pocdam_XM_027183286.1                                               1.63%    passed     98.72%
  26  Spis_XP_022809773_1                                                53.47%    passed     35.70%
  27  Gfas_gfas1.m1.15696.m1                                             21.63%    passed     88.80%
  28  Adig_XM_015916500.1                                                44.90%    passed     83.59%
  29  Exapal_XM_021044328.2                                               2.86%    passed     52.97%
  30  Amil_Amillepora03257-RA                                            23.27%    passed     69.68%
  31  Hsap_ENST00000328195                                                0.82%    passed     88.95%
  32  Opea_EP00118_Oscarella_pearsei_P010712                             12.65%    passed     71.42%
  33  Ocar_g9677                                                         50.20%    passed     52.96%
  34  Plajan_Pjan_C548201_01                                             11.43%    passed     86.40%
  35  Dgig_XM_028535473.1                                                 7.35%    passed     91.89%
  36  Xesp_013087-T1                                                     11.84%    passed     96.88%
  37  HoiH23_PlH23_009022-RA                                              8.57%    passed     98.91%
  38  HoiH06_mRNA2972                                                     8.57%    passed     99.33%
  39  Hhon_g09248.t1                                                      8.57%    passed     99.25%
  40  HoiH04_mRNA7443                                                     8.57%    passed     99.66%
  41  TrH2_TrispH2_003617-RA                                              8.57%    passed     96.97%
  42  Tadh_TriadT61518                                                    8.57%    passed     97.03%
  43  HoiH11_mRNA816                                                     24.90%    passed     59.37%
  44  Hvul_g30229_1                                                      12.65%    passed     57.79%
  45  Chem_TCONS_00008790                                                27.76%    passed     87.92%
  46  Sanmal_Sma_008782-T1                                                2.86%    passed     69.03%
  47  Plespi_Pspi_scaffold20225_01                                       10.20%    passed     84.15%
  48  Skow_XM_006820656.1                                                 0.82%    passed     99.25%
  49  Horcal_Hcv1.av93.c6.g530.i1                                        15.10%    passed     97.50%
  50  Pbac_sb2662580                                                     34.69%    passed     93.00%
  51  Pbac_sb2642782                                                     11.02%    passed     97.48%
  52  Bolinf_Binf_sb1257465                                              26.12%    passed     85.96%
  53  Drygla_Dgla_sb295307                                               13.06%    passed     99.79%
  54  Beraby_Baby_sb335808                                               13.88%    passed     97.46%
  55  Bolinf_Binf_sb1208345                                              12.65%    passed     91.60%
  56  Mertsp_Mesp_sb554767                                               12.65%    passed     87.25%
  57  Coeast_Cast_sb753207                                               31.43%    passed     60.25%
  58  Lampan_Lpan_C406023_01                                             13.47%    passed     94.64%
  59  Vmul_sbMO396808                                                     7.76%    passed     70.98%
  60  Coemet_Cmet_scaffold3677_01                                        39.18%    passed     94.62%
  61  Eupdun_Edun_sb10600806                                             42.45%    passed     27.96%
  62  Nemnom_g8727.t1                                                     0.00%    passed     89.64%
  63  Rhoesc_Res_002987-T1                                                6.12%    passed     96.95%
  64  Morvir_scaffold195.g18.t1                                           1.22%    passed     72.78%
  65  Dpul_mRNA28072                                                      3.27%    passed     36.17%
  66  Acagra_model.g1780.t1.1.5d400725                                   20.82%    passed     95.78%
  67  Nvec_v1g178404                                                     42.45%    passed     19.94%
  68  Spolac_c94780_g1_i1_m.10539c94780-g1                               15.92%    passed     16.98%
  69  Plespi_Pspi_scaffold20254_01                                       23.67%    passed     42.07%
  70  Tetwil_g24481.t2                                                   12.65%    passed     10.82%
  71  Stycar_maker-SC_scaffold450-snap-gene-0.48-mRNA-1                  19.18%    failed      3.27%
WARNING: 5 sequences contain more than 50% gaps/ambiguity
****  TOTAL                                                              17.03%  2 sequences failed composition chi2 test (p-value<5%; df=19)


Create initial parsimony tree by phylogenetic likelihood library (PLL)... 0.019 seconds
Measuring multi-threading efficiency up to 2 CPU cores
Increase to 10 rounds for branch lengths
5 trees examined
Threads: 1 / Time: 2.121 sec / Speedup: 1.000 / Efficiency: 100% / LogL: -25036
Threads: 2 / Time: 2.188 sec / Speedup: 0.969 / Efficiency: 48% / LogL: -25036
BEST NUMBER OF THREADS: 1

Perform fast likelihood tree search using LG+I+G model...
Estimate model parameters (epsilon = 5.000)
Perform nearest neighbor interchange...
Estimate model parameters (epsilon = 1.000)
1. Initial log-likelihood: -18895.239
Optimal log-likelihood: -18894.999
Proportion of invariable sites: 0.028
Gamma shape alpha: 1.157
Parameters optimization took 1 rounds (0.288 sec)
Time for fast ML tree search: 2.040 seconds

NOTE: ModelFinder requires 12 MB RAM!
ModelFinder will test up to 24 protein models (sample size: 245) ...
 No. Model         -LnL         df  AIC          AICc         BIC
  1  LG            20068.897    139 40415.794    40786.461    40902.469
  2  LG+I          19933.828    140 40147.656    40527.272    40637.833
  3  LG+G4         18904.225    140 38088.451    38468.066    38578.627
  4  LG+I+G4       18894.982    141 38071.963    38460.740    38565.641
  8  LG+F+I+G4     18866.053    160 38052.107    38665.440    38612.308
 12  WAG+I+G4      18954.272    141 38190.543    38579.320    38684.221
 16  WAG+F+I+G4    18910.559    160 38141.118    38754.451    38701.319
 20  JTT+I+G4      19007.212    141 38296.425    38685.202    38790.102
 24  JTT+F+I+G4    18938.452    160 38196.905    38810.238    38757.106
Akaike Information Criterion:           LG+F+I+G4
Corrected Akaike Information Criterion: LG+I+G4
Bayesian Information Criterion:         LG+I+G4
Best-fit model: LG+I+G4 chosen according to BIC

All model information printed to results_broccoli_meto/alignments_prefiltering/OG_918.iqtree.model.gz
CPU time for ModelFinder: 13.193 seconds (0h:0m:13s)
Wall-clock time for ModelFinder: 10.755 seconds (0h:0m:10s)
Generating 1000 samples for ultrafast bootstrap (seed: 695868)...

NOTE: 12 MB RAM (0 GB) is required!
Estimate model parameters (epsilon = 0.100)
Thoroughly optimizing +I+G parameters from 10 start values...
Init pinv, alpha: 0.000, 1.159 / Estimate: 0.028, 1.158 / LogL: -18894.982
Init pinv, alpha: 0.004, 1.159 / Estimate: 0.028, 1.158 / LogL: -18894.984
Init pinv, alpha: 0.007, 1.159 / Estimate: 0.028, 1.156 / LogL: -18894.986
Init pinv, alpha: 0.011, 1.159 / Estimate: 0.028, 1.158 / LogL: -18894.982
Init pinv, alpha: 0.015, 1.159 / Estimate: 0.028, 1.156 / LogL: -18894.987
Init pinv, alpha: 0.018, 1.159 / Estimate: 0.028, 1.158 / LogL: -18894.982
Init pinv, alpha: 0.022, 1.159 / Estimate: 0.028, 1.159 / LogL: -18894.979
Init pinv, alpha: 0.025, 1.159 / Estimate: 0.028, 1.159 / LogL: -18894.980
Init pinv, alpha: 0.029, 1.159 / Estimate: 0.028, 1.161 / LogL: -18894.977
Init pinv, alpha: 0.033, 1.159 / Estimate: 0.029, 1.164 / LogL: -18894.979
Optimal pinv,alpha: 0.028, 1.161 / LogL: -18894.977

Parameters optimization took 5.107 sec
Computing ML distances based on estimated model parameters...
Computing ML distances took 0.624673 sec (of wall-clock time) 0.624102 sec(of CPU time)
WARNING: Some pairwise ML distances are too long (saturated)
Computing RapidNJ tree took 0.000869 sec (of wall-clock time) 0.000602 sec (of CPU time)
Log-likelihood of RapidNJ tree: -18989.709
--------------------------------------------------------------------
|             INITIALIZING CANDIDATE TREE SET                      |
--------------------------------------------------------------------
Generating 98 parsimony trees... 1.691 second
Computing log-likelihood of 98 initial trees ... 5.109 seconds
Current best score: -18894.977

Do NNI search on 20 best initial trees
Estimate model parameters (epsilon = 0.100)
BETTER TREE FOUND at iteration 1: -18893.757
Estimate model parameters (epsilon = 0.100)
BETTER TREE FOUND at iteration 2: -18868.969
Estimate model parameters (epsilon = 0.100)
BETTER TREE FOUND at iteration 4: -18865.860
Iteration 10 / LogL: -18866.056 / Time: 0h:0m:24s
Iteration 20 / LogL: -18872.267 / Time: 0h:0m:36s
Finish initializing candidate tree set (19)
Current best tree score: -18865.860 / CPU time: 30.729
Number of iterations: 20
--------------------------------------------------------------------
|               OPTIMIZING CANDIDATE TREE SET                      |
--------------------------------------------------------------------
Estimate model parameters (epsilon = 0.100)
BETTER TREE FOUND at iteration 28: -18865.284
Iteration 30 / LogL: -18868.000 / Time: 0h:0m:47s (0h:5m:23s left)
Estimate model parameters (epsilon = 0.100)
BETTER TREE FOUND at iteration 35: -18864.837
Iteration 40 / LogL: -18870.097 / Time: 0h:0m:58s (0h:4m:51s left)
Iteration 50 / LogL: -18865.219 / Time: 0h:1m:8s (0h:4m:19s left)
Log-likelihood cutoff on original alignment: -18916.253
Iteration 60 / LogL: -18866.362 / Time: 0h:1m:20s (0h:3m:57s left)
Estimate model parameters (epsilon = 0.100)
BETTER TREE FOUND at iteration 62: -18864.301
Iteration 70 / LogL: -18868.511 / Time: 0h:1m:31s (0h:4m:14s left)
Iteration 80 / LogL: -18867.628 / Time: 0h:1m:40s (0h:3m:52s left)
Iteration 90 / LogL: -18865.172 / Time: 0h:1m:52s (0h:3m:36s left)
Estimate model parameters (epsilon = 0.100)
BETTER TREE FOUND at iteration 99: -18863.450
Iteration 100 / LogL: -18864.361 / Time: 0h:2m:2s (0h:4m:7s left)
Log-likelihood cutoff on original alignment: -18916.253
NOTE: Bootstrap correlation coefficient of split occurrence frequencies: 0.996
Iteration 110 / LogL: -18864.140 / Time: 0h:2m:13s (0h:3m:52s left)
Iteration 120 / LogL: -18870.579 / Time: 0h:2m:26s (0h:3m:39s left)
Iteration 130 / LogL: -18873.303 / Time: 0h:2m:38s (0h:3m:27s left)
Iteration 140 / LogL: -18863.646 / Time: 0h:2m:51s (0h:3m:16s left)
UPDATE BEST LOG-LIKELIHOOD: -18863.450
Iteration 150 / LogL: -18870.089 / Time: 0h:3m:4s (0h:3m:4s left)
Log-likelihood cutoff on original alignment: -18916.253
Iteration 160 / LogL: -18863.451 / Time: 0h:3m:17s (0h:2m:52s left)
Iteration 170 / LogL: -18863.965 / Time: 0h:3m:31s (0h:2m:41s left)
Iteration 180 / LogL: -18864.094 / Time: 0h:3m:43s (0h:2m:28s left)
Iteration 190 / LogL: -18863.456 / Time: 0h:3m:57s (0h:2m:17s left)
Iteration 200 / LogL: -18863.454 / Time: 0h:4m:11s (0h:2m:4s left)
Log-likelihood cutoff on original alignment: -18916.253
NOTE: Bootstrap correlation coefficient of split occurrence frequencies: 0.997
Iteration 210 / LogL: -18863.456 / Time: 0h:4m:23s (0h:1m:53s left)
Iteration 220 / LogL: -18866.882 / Time: 0h:4m:35s (0h:1m:40s left)
Iteration 230 / LogL: -18864.722 / Time: 0h:4m:48s (0h:1m:28s left)
Iteration 240 / LogL: -18863.451 / Time: 0h:5m:1s (0h:1m:15s left)
Iteration 250 / LogL: -18866.961 / Time: 0h:5m:14s (0h:1m:3s left)
Log-likelihood cutoff on original alignment: -18916.253
Iteration 260 / LogL: -18863.456 / Time: 0h:5m:27s (0h:0m:50s left)
Iteration 270 / LogL: -18866.738 / Time: 0h:5m:40s (0h:0m:37s left)
Iteration 280 / LogL: -18863.456 / Time: 0h:5m:52s (0h:0m:25s left)
Iteration 290 / LogL: -18864.048 / Time: 0h:6m:5s (0h:0m:12s left)
Iteration 300 / LogL: -18866.448 / Time: 0h:6m:18s (0h:0m:0s left)
Log-likelihood cutoff on original alignment: -18916.253
NOTE: Bootstrap correlation coefficient of split occurrence frequencies: 0.999
TREE SEARCH COMPLETED AFTER 300 ITERATIONS / Time: 0h:6m:19s

--------------------------------------------------------------------
|                    FINALIZING TREE SEARCH                        |
--------------------------------------------------------------------
Performs final model parameters optimization
Estimate model parameters (epsilon = 0.010)
1. Initial log-likelihood: -18863.450
Optimal log-likelihood: -18863.450
Proportion of invariable sites: 0.028
Gamma shape alpha: 1.140
Parameters optimization took 1 rounds (0.178 sec)
BEST SCORE FOUND : -18863.450
Creating bootstrap support values...
Split supports printed to NEXUS file results_broccoli_meto/alignments_prefiltering/OG_918.iqtree.splits.nex
Total tree length: 30.483

Total number of iterations: 300
CPU time used for tree search: 372.436 sec (0h:6m:12s)
Wall-clock time used for tree search: 372.787 sec (0h:6m:12s)
Total CPU time used: 379.169 sec (0h:6m:19s)
Total wall-clock time used: 379.490 sec (0h:6m:19s)

Computing bootstrap consensus tree...
Reading input file results_broccoli_meto/alignments_prefiltering/OG_918.iqtree.splits.nex...
71 taxa and 581 splits.
Consensus tree written to results_broccoli_meto/alignments_prefiltering/OG_918.iqtree.contree
Reading input trees file results_broccoli_meto/alignments_prefiltering/OG_918.iqtree.contree
Log-likelihood of consensus tree: -18863.457

Analysis results written to: 
  IQ-TREE report:                results_broccoli_meto/alignments_prefiltering/OG_918.iqtree.iqtree
  Maximum-likelihood tree:       results_broccoli_meto/alignments_prefiltering/OG_918.iqtree.treefile
  Likelihood distances:          results_broccoli_meto/alignments_prefiltering/OG_918.iqtree.mldist

Ultrafast bootstrap approximation results written to:
  Split support values:          results_broccoli_meto/alignments_prefiltering/OG_918.iqtree.splits.nex
  Consensus tree:                results_broccoli_meto/alignments_prefiltering/OG_918.iqtree.contree
  Screen log file:               results_broccoli_meto/alignments_prefiltering/OG_918.iqtree.log

Date and Time: Wed Dec 14 01:22:20 2022
