IQ-TREE multicore version 2.1.0 for Linux 64-bit built Jul 18 2020
Developed by Bui Quang Minh, James Barbetti, Nguyen Lam Tung,
Olga Chernomor, Heiko Schmidt, Dominik Schrempf, Michael Woodhams.

Host:    node-hp0203.linux.crg.es (AVX, 125 GB RAM)
Command: /users/asebe/xgraubove/Programes/iqtree-2.1.0-Linux/bin/iqtree2 -s results_broccoli_meto/alignments_prefiltering/OG_9456.lt.fasta -m TEST -mset LG,WAG,JTT -nt AUTO -ntmax 2 -bb 1000 -pre results_broccoli_meto/alignments_prefiltering/OG_9456.iqtree -nm 10000 -nstop 200 -cptime 1800
Seed:    353308 (Using SPRNG - Scalable Parallel Random Number Generator)
Time:    Wed Dec 14 01:50:07 2022
Kernel:  AVX - auto-detect threads (2 CPU cores detected)

Reading alignment file results_broccoli_meto/alignments_prefiltering/OG_9456.lt.fasta ... Fasta format detected
Alignment most likely contains protein sequences
Alignment has 73 sequences with 1561 columns, 1561 distinct patterns
1557 parsimony-informative, 0 singleton sites, 3 constant sites
                                                        Gap/Ambiguity  Composition  p-value
   1  Dpul_mRNA5887                                            95.13%    passed     48.88%
   2  Dpul_mRNA4589                                            60.54%    failed      2.36%
   3  Dpul_mRNA5886                                            93.40%    failed      0.20%
   4  Tcas_TC033213_001                                         5.45%    failed      0.00%
   5  Sanmal_Sma_020270-T1                                      5.64%    failed      4.65%
   6  Aaur_scaffold180.g1.t1                                   88.79%    passed     51.69%
   7  Nemnom_g6240.t1                                           9.22%    passed      5.24%
   8  Rhoesc_Res_010317-T1                                      7.69%    passed      6.03%
   9  Aaur_scaffold180.g3.t1                                   69.76%    failed      0.01%
  10  Emue_Em0008g1267a.t1                                      7.37%    failed      0.00%
  11  Spolac_c89270_g1_i1_m.5525c33921-g1                      92.95%    passed     51.25%
  12  Spolac_c91737_g2_i1_m.7182c33921-g1                      86.16%    passed      9.38%
  13  Spolac_c93810_g1_i1_m.9279c33921-g1                      88.21%    passed      9.33%
  14  Cscu_XM_023355969.1                                       6.28%    failed      0.00%
  15  Gasp_gasp1.m3.28655.m1                                   50.54%    passed     20.37%
  16  Adig_XM_015896412.1                                      90.71%    passed     24.94%
  17  Gasp_gasp1.m3.29601.m1                                   83.47%    passed     21.04%
  18  Fspp_ffun1.m4.20033.m1                                    6.47%    passed     27.10%
  19  Gfas_gfas1.m1.16211.m1                                   15.05%    passed     14.22%
  20  Spis_XP_022794109_1                                      22.10%    failed      1.75%
  21  Pocdam_XM_027202026.1                                     5.51%    passed     41.21%
  22  Amil_Amillepora19657-RA                                  19.15%    passed     61.82%
  23  Adig_XM_015896385.1                                      69.57%    passed     13.02%
  24  Exapal_XM_021049755.2                                    59.96%    passed     26.50%
  25  Nvec_v1g101077                                           82.90%    passed     33.86%
  26  Dgig_XM_028538229.1                                       4.23%    passed     95.87%
  27  Xesp_013506-T1                                           91.80%    passed     18.97%
  28  Xesp_026778-T1                                           54.32%    failed      2.05%
  29  Xesp_013507-T1                                           73.22%    failed      0.01%
  30  Exapal_XM_021049749.2                                    45.68%    passed     11.71%
  31  Nvec_v1g36808                                            89.49%    passed     72.70%
  32  Xesp_013505-T1                                           43.50%    passed     19.51%
  33  Skow_XM_006822500.1                                      56.69%    failed      0.00%
  34  Acagra_model.g30629.t1                                    1.60%    failed      4.72%
  35  Bralan_BLAG11000056_1                                    46.83%    failed      0.00%
  36  Cgig_XM_020074128.2                                       2.63%    passed     14.58%
  37  Bralan_BLAG11000053_1                                    55.35%    failed      0.26%
  38  Skow_XM_006822506.1                                      57.21%    failed      0.69%
  39  Spur_XM_030987243.1                                       2.11%    failed      0.67%
  40  Lampan_Lpan_C405363_01                                   79.69%    failed      0.03%
  41  Horcal_Hcv1.av93.c4.g80.i1                               15.37%    failed      0.02%
  42  Mlei_ML0011.g7.i1                                        20.76%    failed      0.63%
  43  Morvir_scaffold346.g23.t1                                90.20%    failed      3.72%
  44  Aque_Aqu2.1.30298_001                                    19.41%    passed     39.54%
  45  Aque_Aqu2.1.03656_001                                    85.65%    passed     26.15%
  46  Aque_Aqu2.1.14555_001                                    59.77%    failed      3.62%
  47  Aque_Aqu2.1.03971_001                                    79.88%    failed      1.19%
  48  Halamb_c54821_g2_i2m.39277                               26.71%    passed      8.68%
  49  Xestes_maker-XT_scaffold1501-augustus-gene-0.34-mRNA-1   22.42%    failed      0.03%
  50  Opea_EP00118_Oscarella_pearsei_P011488                   13.45%    failed      0.08%
  51  Ocar_g1145                                               92.44%    passed     23.47%
  52  Ocar_g7982                                               82.51%    failed      1.36%
  53  Ocar_g1144                                               64.83%    failed      2.02%
  54  Plajan_Pjan_C572780_01                                    6.92%    failed      0.80%
  55  Hsap_ENST00000366508                                      4.42%    passed     14.76%
  56  Lcom_lcpid12547                                           7.56%    failed      0.00%
  57  Gracom_Gcom_C561502_01                                    8.58%    failed      0.00%
  58  Leuniv_Lniv_C788448_01                                   79.50%    failed      0.26%
  59  Leuniv_Lniv_scaffold24549_01                             73.03%    failed      0.00%
  60  Leuniv_Lniv_scaffold22683_01                             86.74%    passed     38.57%
  61  HoiH23_PlH23_009266-RA                                    9.16%    failed      0.00%
  62  HoiH06_mRNA4270                                          10.57%    failed      0.00%
  63  Hhon_g01815.t1                                           18.32%    failed      0.00%
  64  HoiH04_mRNA9949                                          34.53%    failed      0.00%
  65  TrH2_TrispH2_004643-RA                                    9.55%    failed      0.10%
  66  Tadh_TriadT57661                                         18.83%    failed      0.32%
  67  Hvul_g33640_1                                             8.52%    failed      0.00%
  68  Morvir_scaffold346.g25.t1                                79.05%    failed      0.41%
  69  Tetwil_g3565.t2                                          36.96%    passed     20.14%
  70  Morvir_scaffold255.g19.t1                                26.39%    failed      0.00%
  71  Aaur_scaffold2500.g1.t4                                  78.67%    passed     24.56%
  72  Tetwil_g6666.t2                                          28.44%    failed      0.09%
  73  Plespi_Pspi_scaffold16187_01                             54.39%    passed      5.29%
WARNING: 35 sequences contain more than 50% gaps/ambiguity
****  TOTAL                                                    44.93%  41 sequences failed composition chi2 test (p-value<5%; df=19)


Create initial parsimony tree by phylogenetic likelihood library (PLL)... 0.123 seconds
Measuring multi-threading efficiency up to 2 CPU cores
5 trees examined
Threads: 1 / Time: 2.151 sec / Speedup: 1.000 / Efficiency: 100% / LogL: -136367
Threads: 2 / Time: 2.005 sec / Speedup: 1.073 / Efficiency: 54% / LogL: -136367
BEST NUMBER OF THREADS: 2

Perform fast likelihood tree search using LG+I+G model...
Estimate model parameters (epsilon = 5.000)
Perform nearest neighbor interchange...
Estimate model parameters (epsilon = 1.000)
1. Initial log-likelihood: -107045.195
Optimal log-likelihood: -107045.064
Proportion of invariable sites: 0.002
Gamma shape alpha: 2.124
Parameters optimization took 1 rounds (1.203 sec)
Time for fast ML tree search: 12.524 seconds

NOTE: ModelFinder requires 77 MB RAM!
ModelFinder will test up to 24 protein models (sample size: 1561) ...
 No. Model         -LnL         df  AIC          AICc         BIC
  1  LG            108981.917   143 218249.834   218278.898   219015.324
  2  LG+I          108909.684   144 218107.367   218136.859   218878.211
  3  LG+G4         107064.369   144 214416.739   214446.230   215187.583
  4  LG+I+G4       107044.995   145 214379.989   214409.912   215156.186
  8  LG+F+I+G4     106441.411   164 213210.822   213249.590   214088.727
 12  WAG+I+G4      107177.343   145 214644.686   214674.608   215420.883
 16  WAG+F+I+G4    106594.699   164 213517.398   213556.166   214395.304
 20  JTT+I+G4      107165.380   145 214620.760   214650.683   215396.957
 24  JTT+F+I+G4    106683.303   164 213694.606   213733.374   214572.511
Akaike Information Criterion:           LG+F+I+G4
Corrected Akaike Information Criterion: LG+F+I+G4
Bayesian Information Criterion:         LG+F+I+G4
Best-fit model: LG+F+I+G4 chosen according to BIC

All model information printed to results_broccoli_meto/alignments_prefiltering/OG_9456.iqtree.model.gz
CPU time for ModelFinder: 110.678 seconds (0h:1m:50s)
Wall-clock time for ModelFinder: 56.969 seconds (0h:0m:56s)
Generating 1000 samples for ultrafast bootstrap (seed: 353308)...

NOTE: 77 MB RAM (0 GB) is required!
Estimate model parameters (epsilon = 0.100)
Thoroughly optimizing +I+G parameters from 10 start values...
Init pinv, alpha: 0.000, 2.043 / Estimate: 0.002, 2.041 / LogL: -106441.392
Init pinv, alpha: 0.000, 2.043 / Estimate: 0.002, 2.041 / LogL: -106441.392
Init pinv, alpha: 0.001, 2.043 / Estimate: 0.002, 2.041 / LogL: -106441.395
Init pinv, alpha: 0.001, 2.043 / Estimate: 0.002, 2.043 / LogL: -106441.394
Init pinv, alpha: 0.001, 2.043 / Estimate: 0.002, 2.043 / LogL: -106441.394
Init pinv, alpha: 0.001, 2.043 / Estimate: 0.002, 2.041 / LogL: -106441.394
Init pinv, alpha: 0.002, 2.043 / Estimate: 0.002, 2.041 / LogL: -106441.394
Init pinv, alpha: 0.002, 2.043 / Estimate: 0.002, 2.041 / LogL: -106441.397
Init pinv, alpha: 0.002, 2.043 / Estimate: 0.002, 2.041 / LogL: -106441.397
Init pinv, alpha: 0.003, 2.043 / Estimate: 0.002, 2.041 / LogL: -106441.397
Optimal pinv,alpha: 0.002, 2.041 / LogL: -106441.392

Parameters optimization took 19.899 sec
Computing ML distances based on estimated model parameters...
Computing ML distances took 0.668032 sec (of wall-clock time) 1.330858 sec(of CPU time)
WARNING: Some pairwise ML distances are too long (saturated)
Computing RapidNJ tree took 0.001169 sec (of wall-clock time) 0.001335 sec (of CPU time)
Log-likelihood of RapidNJ tree: -108671.628
--------------------------------------------------------------------
|             INITIALIZING CANDIDATE TREE SET                      |
--------------------------------------------------------------------
Generating 98 parsimony trees... 12.951 second
Computing log-likelihood of 98 initial trees ... 37.052 seconds
Current best score: -106441.392

Do NNI search on 20 best initial trees
Estimate model parameters (epsilon = 0.100)
BETTER TREE FOUND at iteration 1: -106441.371
Estimate model parameters (epsilon = 0.100)
BETTER TREE FOUND at iteration 3: -106438.248
Estimate model parameters (epsilon = 0.100)
BETTER TREE FOUND at iteration 4: -106438.073
Estimate model parameters (epsilon = 0.100)
BETTER TREE FOUND at iteration 7: -106438.060
Estimate model parameters (epsilon = 0.100)
BETTER TREE FOUND at iteration 9: -106437.519
Iteration 10 / LogL: -106440.869 / Time: 0h:3m:18s
Iteration 20 / LogL: -106529.224 / Time: 0h:5m:24s
Finish initializing candidate tree set (19)
Current best tree score: -106437.519 / CPU time: 295.193
Number of iterations: 20
--------------------------------------------------------------------
|               OPTIMIZING CANDIDATE TREE SET                      |
--------------------------------------------------------------------
Iteration 30 / LogL: -106438.363 / Time: 0h:7m:27s (0h:46m:3s left)
BETTER TREE FOUND at iteration 40: -106437.514
Iteration 40 / LogL: -106437.514 / Time: 0h:9m:24s (0h:48m:14s left)
UPDATE BEST LOG-LIKELIHOOD: -106437.510
BETTER TREE FOUND at iteration 44: -106437.506
Iteration 50 / LogL: -106437.661 / Time: 0h:11m:20s (0h:44m:54s left)
Log-likelihood cutoff on original alignment: -106494.098
Estimate model parameters (epsilon = 0.100)
UPDATE BEST LOG-LIKELIHOOD: -106437.480
Iteration 60 / LogL: -106437.607 / Time: 0h:13m:25s (0h:41m:52s left)
Iteration 70 / LogL: -106437.845 / Time: 0h:15m:27s (0h:38m:57s left)
Iteration 80 / LogL: -106438.029 / Time: 0h:17m:27s (0h:36m:14s left)
Iteration 90 / LogL: -106438.534 / Time: 0h:19m:29s (0h:33m:44s left)
Iteration 100 / LogL: -106437.504 / Time: 0h:21m:36s (0h:31m:26s left)
Log-likelihood cutoff on original alignment: -106494.098
NOTE: Bootstrap correlation coefficient of split occurrence frequencies: 1.000
Iteration 110 / LogL: -106446.579 / Time: 0h:23m:43s (0h:29m:9s left)
Iteration 120 / LogL: -106438.111 / Time: 0h:25m:46s (0h:26m:51s left)
Iteration 130 / LogL: -106437.486 / Time: 0h:27m:38s (0h:24m:25s left)
UPDATE BEST LOG-LIKELIHOOD: -106437.477
Iteration 140 / LogL: -106437.655 / Time: 0h:29m:40s (0h:22m:12s left)
BETTER TREE FOUND at iteration 144: -106437.469
Iteration 150 / LogL: -106450.288 / Time: 0h:31m:35s (0h:41m:7s left)
Log-likelihood cutoff on original alignment: -106494.098
Iteration 160 / LogL: -106445.646 / Time: 0h:33m:21s (0h:38m:36s left)
Iteration 170 / LogL: -106437.545 / Time: 0h:35m:16s (0h:36m:18s left)
Iteration 180 / LogL: -106437.629 / Time: 0h:37m:12s (0h:34m:4s left)
Iteration 190 / LogL: -106453.752 / Time: 0h:39m:18s (0h:32m:2s left)
Iteration 200 / LogL: -106437.531 / Time: 0h:41m:8s (0h:29m:46s left)
Log-likelihood cutoff on original alignment: -106494.098
NOTE: Bootstrap correlation coefficient of split occurrence frequencies: 0.999
Iteration 210 / LogL: -106437.512 / Time: 0h:43m:17s (0h:27m:45s left)
Iteration 220 / LogL: -106437.513 / Time: 0h:45m:15s (0h:25m:37s left)
Iteration 230 / LogL: -106437.651 / Time: 0h:47m:17s (0h:23m:32s left)
Iteration 240 / LogL: -106437.487 / Time: 0h:49m:23s (0h:21m:29s left)
Iteration 250 / LogL: -106437.890 / Time: 0h:51m:22s (0h:19m:23s left)
Log-likelihood cutoff on original alignment: -106494.098
Iteration 260 / LogL: -106437.563 / Time: 0h:53m:24s (0h:17m:19s left)
Iteration 270 / LogL: -106437.584 / Time: 0h:55m:31s (0h:15m:16s left)
Iteration 280 / LogL: -106437.829 / Time: 0h:57m:41s (0h:13m:14s left)
Iteration 290 / LogL: -106438.072 / Time: 0h:59m:35s (0h:11m:8s left)
Iteration 300 / LogL: -106437.538 / Time: 1h:1m:28s (0h:9m:2s left)
Log-likelihood cutoff on original alignment: -106494.098
NOTE: Bootstrap correlation coefficient of split occurrence frequencies: 1.000
Iteration 310 / LogL: -106437.537 / Time: 1h:3m:42s (0h:18m:33s left)
Iteration 320 / LogL: -106437.498 / Time: 1h:5m:54s (0h:16m:31s left)
Iteration 330 / LogL: -106437.543 / Time: 1h:8m:0s (0h:14m:28s left)
Iteration 340 / LogL: -106438.102 / Time: 1h:10m:4s (0h:12m:24s left)
TREE SEARCH COMPLETED AFTER 345 ITERATIONS / Time: 1h:10m:57s

--------------------------------------------------------------------
|                    FINALIZING TREE SEARCH                        |
--------------------------------------------------------------------
Performs final model parameters optimization
Estimate model parameters (epsilon = 0.010)
1. Initial log-likelihood: -106437.469
2. Current log-likelihood: -106437.450
Optimal log-likelihood: -106437.445
Proportion of invariable sites: 0.002
Gamma shape alpha: 2.042
Parameters optimization took 2 rounds (2.431 sec)
BEST SCORE FOUND : -106437.445
Creating bootstrap support values...
Split supports printed to NEXUS file results_broccoli_meto/alignments_prefiltering/OG_9456.iqtree.splits.nex
Total tree length: 49.869

Total number of iterations: 345
CPU time used for tree search: 8425.013 sec (2h:20m:25s)
Wall-clock time used for tree search: 4227.715 sec (1h:10m:27s)
Total CPU time used: 8488.564 sec (2h:21m:28s)
Total wall-clock time used: 4259.858 sec (1h:10m:59s)

Computing bootstrap consensus tree...
Reading input file results_broccoli_meto/alignments_prefiltering/OG_9456.iqtree.splits.nex...
73 taxa and 340 splits.
Consensus tree written to results_broccoli_meto/alignments_prefiltering/OG_9456.iqtree.contree
Reading input trees file results_broccoli_meto/alignments_prefiltering/OG_9456.iqtree.contree
Log-likelihood of consensus tree: -106437.443

Analysis results written to: 
  IQ-TREE report:                results_broccoli_meto/alignments_prefiltering/OG_9456.iqtree.iqtree
  Maximum-likelihood tree:       results_broccoli_meto/alignments_prefiltering/OG_9456.iqtree.treefile
  Likelihood distances:          results_broccoli_meto/alignments_prefiltering/OG_9456.iqtree.mldist

Ultrafast bootstrap approximation results written to:
  Split support values:          results_broccoli_meto/alignments_prefiltering/OG_9456.iqtree.splits.nex
  Consensus tree:                results_broccoli_meto/alignments_prefiltering/OG_9456.iqtree.contree
  Screen log file:               results_broccoli_meto/alignments_prefiltering/OG_9456.iqtree.log

Date and Time: Wed Dec 14 03:02:12 2022
