IQ-TREE multicore version 2.1.0 for Linux 64-bit built Jul 18 2020
Developed by Bui Quang Minh, James Barbetti, Nguyen Lam Tung,
Olga Chernomor, Heiko Schmidt, Dominik Schrempf, Michael Woodhams.

Host:    node-hp0313.linux.crg.es (AVX, 125 GB RAM)
Command: /users/asebe/xgraubove/Programes/iqtree-2.1.0-Linux/bin/iqtree2 -s results_broccoli_meto/alignments_prefiltering/OG_9800.lt.fasta -m TEST -mset LG,WAG,JTT -nt AUTO -ntmax 2 -bb 1000 -pre results_broccoli_meto/alignments_prefiltering/OG_9800.iqtree -nm 10000 -nstop 200 -cptime 1800
Seed:    992267 (Using SPRNG - Scalable Parallel Random Number Generator)
Time:    Wed Dec 14 02:28:30 2022
Kernel:  AVX - auto-detect threads (2 CPU cores detected)

Reading alignment file results_broccoli_meto/alignments_prefiltering/OG_9800.lt.fasta ... Fasta format detected
Alignment most likely contains protein sequences
Alignment has 81 sequences with 628 columns, 625 distinct patterns
591 parsimony-informative, 3 singleton sites, 34 constant sites
                                         Gap/Ambiguity  Composition  p-value
   1  Aaur_scaffold1738.g1.t1                   48.57%    passed     69.30%
   2  Nemnom_g6476.t1                            0.48%    passed     85.45%
   3  Rhoesc_Res_006502-T1                       0.48%    passed     80.94%
   4  Sanmal_Sma_019380-T1                       6.37%    passed     98.83%
   5  Morvir_scaffold168.g12.t1                  0.48%    passed     98.14%
   6  Chem_TCONS_00040616                        0.48%    passed     99.00%
   7  Fspp_ffun1.m4.20260.m1                     1.59%    passed     99.91%
   8  Spis_XP_022808146_1                        1.43%    passed     99.89%
   9  Pocdam_XM_027181201.1                      1.43%    passed     99.98%
  10  Gasp_gasp1.m3.3714.m1                     21.50%    passed     99.83%
  11  Amil_Amillepora22198-RA                    7.17%    passed     98.96%
  12  Adig_XM_015903294.1                        1.59%    passed     99.88%
  13  Gfas_gfas1.m1.2343.m1                      1.43%    passed     99.93%
  14  Nvec_v1g246204                            45.86%    passed     79.45%
  15  Exapal_XM_021049425.2                      1.27%    passed     99.96%
  16  Dgig_XM_028559444.1                        2.07%    passed    100.00%
  17  Xesp_005099-T1                            15.61%    passed     95.36%
  18  Bralan_BLAG01001624_2                      0.64%    passed     92.72%
  19  Skow_XM_002739051.2                       13.69%    passed     79.62%
  20  Hsap_ENST00000324198                       0.80%    passed     96.13%
  21  Hsap_ENST00000308595                       0.80%    passed     58.53%
  22  Cscu_XM_023371861.1                        1.27%    passed     93.61%
  23  Tcas_TC031284_001                          1.43%    passed     90.54%
  24  Dpul_mRNA2198                              0.80%    passed     97.97%
  25  Spur_XM_003729311.3                        1.59%    passed     99.61%
  26  Hhon_g02723.t1                             4.30%    passed     99.43%
  27  HoiH23_PlH23_006962-RA                     4.30%    passed     99.64%
  28  HoiH04_mRNA7602                            8.60%    passed     94.41%
  29  HoiH06_mRNA1936                            7.32%    passed     99.50%
  30  TrH2_TrispH2_006890-RA                     4.14%    passed     98.25%
  31  HoiH11_mRNA6666                           11.46%    passed     92.46%
  32  Tadh_TriadT59012                           5.73%    passed     97.37%
  33  Cgig_XM_011416784.3                        0.64%    passed     92.19%
  34  Ctel_gnl_WGS_AMQN_CAPTEDRAFT_mRNA103369    1.59%    passed     98.11%
  35  Lampan_Lpan_14077_01                      25.48%    passed     77.53%
  36  Drygla_Dgla_sb302187                      13.85%    passed     71.13%
  37  Pbac_sb2654014                            14.17%    passed     93.24%
  38  Horcal_Hcv1.av93.c3.g736.i1                1.91%    passed     77.98%
  39  Horcal_Hcv1.av93.c3.g736.i2                1.91%    passed     80.17%
  40  Eupdun_Edun_sb10614189                    77.87%    passed     34.91%
  41  Eupdun_Edun_sb10614190                    79.78%    passed     53.73%
  42  Vmul_sbMO481253                           63.85%    passed     63.06%
  43  Beraby_Baby_sb341266                       1.91%    passed     95.46%
  44  Beraby_Baby_sb341267                       2.07%    passed     98.32%
  45  Beraby_Baby_sb341268                      61.15%    passed     81.62%
  46  Coemet_Cmet_scaffold1368_01                3.66%    passed     83.06%
  47  Coemet_Cmet_scaffold1369_01                1.75%    passed     81.31%
  48  Vmul_sbMO411793                           46.34%    passed     69.26%
  49  Mertsp_Mesp_sb552911                      68.47%    passed     84.81%
  50  Mlei_ML0490.g4.i1                         11.94%    passed     97.69%
  51  Eupdun_Edun_sb10674682                    54.62%    passed     32.53%
  52  Eupdun_Edun_sb10674683                    67.36%    passed     56.47%
  53  Hvul_g14544_1                              6.85%    passed     71.45%
  54  Acagra_model.g23965.t1                    53.50%    passed     50.61%
  55  Emue_Em0015g38a.t1                         5.25%    passed     94.45%
  56  Emue_Em0015g42a.t1                        28.98%    passed     97.33%
  57  Spolac_c103285_g1_i1_m.33482c103285-g1     3.98%    passed     82.04%
  58  Spolac_c103285_g1_i2_m.33483c103285-g1    65.92%    passed      5.98%
  59  Aque_Aqu2.1.39733_001                      2.07%    passed     61.12%
  60  Halamb_c49248_g1_i1m.25768                 2.07%    passed     47.35%
  61  Tetwil_g20310.t2                           2.55%    passed     72.36%
  62  Nvec_v1g225027                            87.26%    passed     12.71%
  63  Opea_EP00118_Oscarella_pearsei_P009919     1.59%    passed     65.26%
  64  Ocar_g5151                                67.99%    passed      7.53%
  65  Plajan_Pjan_scaffold14409_01              22.77%    passed     50.88%
  66  Plespi_Pspi_scaffold19251_01              46.02%    passed     80.29%
  67  Plespi_Pspi_scaffold17230_01              15.76%    passed     98.64%
  68  Ocar_g5152                                13.54%    passed     37.14%
  69  Lcom_lcpid51480                            0.96%    passed     67.39%
  70  Lcom_lcpid37022                            4.30%    passed     73.59%
  71  Gracom_Gcom_scaffold8605_01                0.96%    passed     35.01%
  72  Leuniv_Lniv_scaffold23988_01              28.98%    passed     51.20%
  73  Clacor_Ccor_C542179_01                     1.75%    passed     98.31%
  74  Acagra_model.g23964.t1                    82.80%    passed     11.06%
  75  Mlei_ML0265.g1.i1                         31.69%    passed      5.63%
  76  Plespi_Pspi_C591392_01                    78.50%    passed     53.41%
  77  Horcal_Hcv1.av93.c7.g630.i1                7.17%    failed      0.43%
  78  Horcal_Hcv1.av93.c7.g630.i2                7.17%    failed      0.50%
  79  Horcal_Hcv1.av93.c7.g630.i3               62.42%    passed     61.88%
  80  Hsap_ENST00000335678                      23.25%    failed      0.92%
  81  Adig_XM_015909157.1                       46.82%    passed     76.75%
WARNING: 14 sequences contain more than 50% gaps/ambiguity
****  TOTAL                                     20.10%  3 sequences failed composition chi2 test (p-value<5%; df=19)


Create initial parsimony tree by phylogenetic likelihood library (PLL)... 0.042 seconds
Measuring multi-threading efficiency up to 2 CPU cores
Increase to 10 rounds for branch lengths
2 trees examined
Threads: 1 / Time: 2.672 sec / Speedup: 1.000 / Efficiency: 100% / LogL: -56964
Threads: 2 / Time: 1.374 sec / Speedup: 1.945 / Efficiency: 97% / LogL: -56964
BEST NUMBER OF THREADS: 2

Perform fast likelihood tree search using LG+I+G model...
Estimate model parameters (epsilon = 5.000)
Perform nearest neighbor interchange...
Estimate model parameters (epsilon = 1.000)
1. Initial log-likelihood: -33217.485
Optimal log-likelihood: -33217.460
Proportion of invariable sites: 0.042
Gamma shape alpha: 1.162
Parameters optimization took 1 rounds (0.254 sec)
Time for fast ML tree search: 2.692 seconds

NOTE: ModelFinder requires 34 MB RAM!
ModelFinder will test up to 24 protein models (sample size: 628) ...
 No. Model         -LnL         df  AIC          AICc         BIC
  1  LG            34727.009    159 69772.018    69880.735    70478.381
  2  LG+I          34465.930    160 69251.859    69362.180    69962.666
  3  LG+G4         33240.209    160 66800.417    66910.739    67511.224
  4  LG+I+G4       33217.429    161 66756.858    66868.798    67472.107
  8  LG+F+I+G4     33183.246    180 66726.491    66872.263    67526.148
 12  WAG+I+G4      33434.750    161 67191.500    67303.440    67906.749
 16  WAG+F+I+G4    33404.838    180 67169.675    67315.447    67969.333
 20  JTT+I+G4      33431.649    161 67185.297    67297.237    67900.546
 24  JTT+F+I+G4    33354.662    180 67069.324    67215.096    67868.981
Akaike Information Criterion:           LG+F+I+G4
Corrected Akaike Information Criterion: LG+I+G4
Bayesian Information Criterion:         LG+I+G4
Best-fit model: LG+I+G4 chosen according to BIC

All model information printed to results_broccoli_meto/alignments_prefiltering/OG_9800.iqtree.model.gz
CPU time for ModelFinder: 25.293 seconds (0h:0m:25s)
Wall-clock time for ModelFinder: 14.063 seconds (0h:0m:14s)
Generating 1000 samples for ultrafast bootstrap (seed: 992267)...

NOTE: 34 MB RAM (0 GB) is required!
Estimate model parameters (epsilon = 0.100)
Thoroughly optimizing +I+G parameters from 10 start values...
Init pinv, alpha: 0.000, 1.166 / Estimate: 0.000, 0.972 / LogL: -33240.145
Init pinv, alpha: 0.006, 1.166 / Estimate: 0.041, 1.162 / LogL: -33217.428
Init pinv, alpha: 0.012, 1.166 / Estimate: 0.042, 1.163 / LogL: -33217.420
Init pinv, alpha: 0.018, 1.166 / Estimate: 0.041, 1.162 / LogL: -33217.429
Init pinv, alpha: 0.024, 1.166 / Estimate: 0.042, 1.163 / LogL: -33217.425
Init pinv, alpha: 0.030, 1.166 / Estimate: 0.042, 1.164 / LogL: -33217.426
Init pinv, alpha: 0.036, 1.166 / Estimate: 0.042, 1.163 / LogL: -33217.427
Init pinv, alpha: 0.042, 1.166 / Estimate: 0.042, 1.165 / LogL: -33217.425
Init pinv, alpha: 0.048, 1.166 / Estimate: 0.042, 1.164 / LogL: -33217.425
Init pinv, alpha: 0.054, 1.166 / Estimate: 0.043, 1.164 / LogL: -33217.430
Optimal pinv,alpha: 0.042, 1.163 / LogL: -33217.420

Parameters optimization took 8.546 sec
Computing ML distances based on estimated model parameters...
Computing ML distances took 0.444911 sec (of wall-clock time) 0.887590 sec(of CPU time)
WARNING: Some pairwise ML distances are too long (saturated)
Computing RapidNJ tree took 0.001528 sec (of wall-clock time) 0.000791 sec (of CPU time)
Log-likelihood of RapidNJ tree: -34436.807
--------------------------------------------------------------------
|             INITIALIZING CANDIDATE TREE SET                      |
--------------------------------------------------------------------
Generating 98 parsimony trees... 3.771 second
Computing log-likelihood of 98 initial trees ... 8.110 seconds
Current best score: -33217.420

Do NNI search on 20 best initial trees
Estimate model parameters (epsilon = 0.100)
BETTER TREE FOUND at iteration 1: -33217.416
Estimate model parameters (epsilon = 0.100)
BETTER TREE FOUND at iteration 2: -33201.667
Estimate model parameters (epsilon = 0.100)
BETTER TREE FOUND at iteration 3: -33201.093
Estimate model parameters (epsilon = 0.100)
BETTER TREE FOUND at iteration 4: -33188.205
Iteration 10 / LogL: -33193.460 / Time: 0h:0m:41s
Iteration 20 / LogL: -33211.496 / Time: 0h:0m:59s
Finish initializing candidate tree set (14)
Current best tree score: -33188.205 / CPU time: 49.483
Number of iterations: 20
--------------------------------------------------------------------
|               OPTIMIZING CANDIDATE TREE SET                      |
--------------------------------------------------------------------
Iteration 30 / LogL: -33189.631 / Time: 0h:1m:24s (0h:8m:25s left)
Estimate model parameters (epsilon = 0.100)
BETTER TREE FOUND at iteration 37: -33187.714
Iteration 40 / LogL: -33197.559 / Time: 0h:1m:44s (0h:8m:48s left)
Estimate model parameters (epsilon = 0.100)
BETTER TREE FOUND at iteration 47: -33187.406
Iteration 50 / LogL: -33187.759 / Time: 0h:2m:5s (0h:8m:23s left)
Log-likelihood cutoff on original alignment: -33257.836
Estimate model parameters (epsilon = 0.100)
UPDATE BEST LOG-LIKELIHOOD: -33187.228
Estimate model parameters (epsilon = 0.100)
BETTER TREE FOUND at iteration 54: -33186.823
Iteration 60 / LogL: -33188.031 / Time: 0h:2m:25s (0h:7m:59s left)
Estimate model parameters (epsilon = 0.100)
BETTER TREE FOUND at iteration 67: -33186.287
Iteration 70 / LogL: -33197.394 / Time: 0h:2m:45s (0h:7m:53s left)
Estimate model parameters (epsilon = 0.100)
BETTER TREE FOUND at iteration 73: -33186.222
Iteration 80 / LogL: -33187.560 / Time: 0h:3m:6s (0h:7m:35s left)
Estimate model parameters (epsilon = 0.100)
UPDATE BEST LOG-LIKELIHOOD: -33186.138
Iteration 90 / LogL: -33186.314 / Time: 0h:3m:28s (0h:7m:9s left)
Iteration 100 / LogL: -33207.420 / Time: 0h:3m:50s (0h:6m:42s left)
Log-likelihood cutoff on original alignment: -33256.146
NOTE: Bootstrap correlation coefficient of split occurrence frequencies: 0.994
Estimate model parameters (epsilon = 0.100)
UPDATE BEST LOG-LIKELIHOOD: -33186.106
Iteration 110 / LogL: -33186.266 / Time: 0h:4m:31s (0h:6m:46s left)
Iteration 120 / LogL: -33191.182 / Time: 0h:5m:19s (0h:6m:50s left)
Iteration 130 / LogL: -33186.720 / Time: 0h:6m:14s (0h:6m:55s left)
Iteration 140 / LogL: -33186.121 / Time: 0h:6m:49s (0h:6m:31s left)
Iteration 150 / LogL: -33186.236 / Time: 0h:7m:20s (0h:6m:3s left)
Log-likelihood cutoff on original alignment: -33255.801
Estimate model parameters (epsilon = 0.100)
UPDATE BEST LOG-LIKELIHOOD: -33186.070
Iteration 160 / LogL: -33196.962 / Time: 0h:7m:59s (0h:5m:41s left)
Iteration 170 / LogL: -33209.212 / Time: 0h:8m:39s (0h:5m:16s left)
Iteration 180 / LogL: -33191.900 / Time: 0h:9m:6s (0h:4m:43s left)
Iteration 190 / LogL: -33195.711 / Time: 0h:9m:56s (0h:4m:22s left)
UPDATE BEST LOG-LIKELIHOOD: -33186.069
Iteration 200 / LogL: -33401.926 / Time: 0h:10m:45s (0h:3m:56s left)
Log-likelihood cutoff on original alignment: -33256.190
NOTE: Bootstrap correlation coefficient of split occurrence frequencies: 0.997
Iteration 210 / LogL: -33247.727 / Time: 0h:11m:32s (0h:4m:58s left)
Iteration 220 / LogL: -33196.077 / Time: 0h:12m:11s (0h:4m:27s left)
Iteration 230 / LogL: -33186.955 / Time: 0h:12m:59s (0h:3m:58s left)
Iteration 240 / LogL: -33190.808 / Time: 0h:13m:32s (0h:3m:23s left)
Iteration 250 / LogL: -33186.147 / Time: 0h:14m:1s (0h:2m:48s left)
Log-likelihood cutoff on original alignment: -33257.058
Iteration 260 / LogL: -33187.382 / Time: 0h:14m:33s (0h:2m:14s left)
UPDATE BEST LOG-LIKELIHOOD: -33186.060
Iteration 270 / LogL: -33187.688 / Time: 0h:15m:1s (0h:1m:40s left)
TREE SEARCH COMPLETED AFTER 274 ITERATIONS / Time: 0h:15m:13s

--------------------------------------------------------------------
|                    FINALIZING TREE SEARCH                        |
--------------------------------------------------------------------
Performs final model parameters optimization
Estimate model parameters (epsilon = 0.010)
1. Initial log-likelihood: -33186.060
Optimal log-likelihood: -33186.056
Proportion of invariable sites: 0.042
Gamma shape alpha: 1.171
Parameters optimization took 1 rounds (0.347 sec)
BEST SCORE FOUND : -33186.056
Creating bootstrap support values...
Split supports printed to NEXUS file results_broccoli_meto/alignments_prefiltering/OG_9800.iqtree.splits.nex
Total tree length: 29.247

Total number of iterations: 274
CPU time used for tree search: 1330.577 sec (0h:22m:10s)
Wall-clock time used for tree search: 903.809 sec (0h:15m:3s)
Total CPU time used: 1351.108 sec (0h:22m:31s)
Total wall-clock time used: 914.340 sec (0h:15m:14s)

Computing bootstrap consensus tree...
Reading input file results_broccoli_meto/alignments_prefiltering/OG_9800.iqtree.splits.nex...
81 taxa and 396 splits.
Consensus tree written to results_broccoli_meto/alignments_prefiltering/OG_9800.iqtree.contree
Reading input trees file results_broccoli_meto/alignments_prefiltering/OG_9800.iqtree.contree
Log-likelihood of consensus tree: -33186.070

Analysis results written to: 
  IQ-TREE report:                results_broccoli_meto/alignments_prefiltering/OG_9800.iqtree.iqtree
  Maximum-likelihood tree:       results_broccoli_meto/alignments_prefiltering/OG_9800.iqtree.treefile
  Likelihood distances:          results_broccoli_meto/alignments_prefiltering/OG_9800.iqtree.mldist

Ultrafast bootstrap approximation results written to:
  Split support values:          results_broccoli_meto/alignments_prefiltering/OG_9800.iqtree.splits.nex
  Consensus tree:                results_broccoli_meto/alignments_prefiltering/OG_9800.iqtree.contree
  Screen log file:               results_broccoli_meto/alignments_prefiltering/OG_9800.iqtree.log

Date and Time: Wed Dec 14 02:44:05 2022
