IQ-TREE multicore version 2.1.0 for Linux 64-bit built Jul 18 2020
Developed by Bui Quang Minh, James Barbetti, Nguyen Lam Tung,
Olga Chernomor, Heiko Schmidt, Dominik Schrempf, Michael Woodhams.

Host:    node-hp0311.linux.crg.es (AVX, 125 GB RAM)
Command: /users/asebe/xgraubove/Programes/iqtree-2.1.0-Linux/bin/iqtree2 -s results_broccoli_metc/alignments_prefiltering/OG_1220.lt.fasta -m TEST -mset LG,WAG,JTT -nt AUTO -ntmax 2 -bb 1000 -pre results_broccoli_metc/alignments_prefiltering/OG_1220.iqtree -nm 10000 -nstop 200 -cptime 1800
Seed:    284316 (Using SPRNG - Scalable Parallel Random Number Generator)
Time:    Wed Jun  1 15:03:46 2022
Kernel:  AVX - auto-detect threads (2 CPU cores detected)

Reading alignment file results_broccoli_metc/alignments_prefiltering/OG_1220.lt.fasta ... Fasta format detected
Alignment most likely contains protein sequences
Alignment has 76 sequences with 144 columns, 144 distinct patterns
143 parsimony-informative, 0 singleton sites, 1 constant sites
                                                                Gap/Ambiguity  Composition  p-value
   1  Emue_Em0022g465a.t1                                              36.11%    passed     64.35%
   2  Spolac_c78955_g1_i1_m.2250c78955-g1                               4.86%    passed     98.10%
   3  Tetwil_g12321.t1                                                  4.86%    passed     93.32%
   4  Fspp_ffun1.m4.14733.m1                                            2.78%    passed     99.13%
   5  Gasp_gasp1.m3.811.m1                                              2.78%    passed     95.55%
   6  Adig_XM_015919651.1                                               2.78%    passed     92.85%
   7  Gfas_gfas1.m1.19581.m1                                           17.36%    passed     98.13%
   8  Pocdam_XM_027180938.1                                             1.39%    passed     91.52%
   9  Spis_XP_022794039_1                                               2.78%    passed     94.56%
  10  Nvec_v1g223245                                                   34.03%    passed     99.96%
  11  Nvec_v1g229824                                                    1.39%    passed     99.26%
  12  Halamb_c32230_g1_i1m.7017                                         2.08%    passed     98.00%
  13  Stycar_maker-SC_scaffold49822-snap-gene-0.3-mRNA-1               29.86%    passed     46.42%
  14  Stycar_snap_masked-SC_scaffold38338-processed-gene-0.16-mRNA-1    2.08%    passed     78.74%
  15  Morvir_scaffold171.g40.t1                                         2.08%    passed     95.22%
  16  Nemnom_g8119.t1                                                   2.08%    passed     88.45%
  17  Aaur_scaffold301.g14.t1                                          56.25%    passed     53.40%
  18  Rhoesc_Res_000822-T1                                              2.08%    passed     89.37%
  19  Sanmal_Sma_011329-T1                                             20.14%    passed     96.37%
  20  Hsap_ENST00000302764                                              1.39%    passed     98.72%
  21  Dgig_XM_028559163.1                                               2.08%    passed     98.79%
  22  Xesp_011309-T1                                                    2.08%    passed     78.02%
  23  Exapal_XM_021044695.1                                             1.39%    passed     93.54%
  24  Plespi_Pspi_C581600_01                                            2.08%    passed     96.86%
  25  Spur_XM_030980267.1                                               1.39%    passed     99.13%
  26  Salurc_EP00051_Salpingoeca_urceolata_P006211                     47.92%    passed     33.64%
  27  Salurc_EP00051_Salpingoeca_urceolata_P006210                      0.00%    passed     73.26%
  28  Salurc_EP00051_Salpingoeca_urceolata_P006212                      0.00%    passed     37.54%
  29  Saldol_EP00054_Salpingoeca_dolichothecata_P014694                 0.69%    passed     99.11%
  30  Saldol_EP00054_Salpingoeca_dolichothecata_P014695                43.75%    passed     47.20%
  31  Saldol_EP00054_Salpingoeca_dolichothecata_P014696                28.47%    passed     31.10%
  32  Chofle_EP00730_Choanoeca_flexa_P012536                            0.69%    passed     94.31%
  33  Chofle_EP00730_Choanoeca_flexa_P012537                           13.19%    passed     58.87%
  34  Choper_EP00045_Choanoeca_perplexa_P019496                         2.08%    passed     56.48%
  35  Salpun_EP00053_Salpingoeca_punica_P019545                         0.00%    passed     93.02%
  36  HoiH23_PlH23_009743-RA                                            2.78%    passed     99.24%
  37  HoiH06_mRNA4396                                                   2.78%    passed     98.65%
  38  HoiH04_mRNA11806                                                  2.78%    passed     90.42%
  39  TrH2_TrispH2_008883-RA                                            2.78%    passed     99.27%
  40  Tadh_TriadT61697                                                  2.78%    passed     99.27%
  41  Lcom_lcpid101630                                                  2.08%    passed     55.48%
  42  Leuniv_Lniv_C810108_01                                            3.47%    passed     98.37%
  43  Clacor_Ccor_scaffold15362_01                                      2.78%    passed     92.65%
  44  Scil_scict016989.1                                                0.69%    passed     87.29%
  45  Ctel_gnl_WGS_AMQN_CAPTEDRAFT_mRNA102294                           3.47%    passed     95.98%
  46  Ctel_gnl_WGS_AMQN_CAPTEDRAFT_mRNA136225                          40.97%    passed     44.72%
  47  Gracom_Gcom_C547160_01                                            3.47%    passed     98.74%
  48  Didcos_EP00039_Didymoeca_costata_P030171                          2.08%    passed     86.61%
  49  Microa_EP00043_Microstomoeca_roanoka_P011351                      2.08%    passed     79.13%
  50  Salkve_EP00050_Salpingoeca_kvevrii_P002028                        2.08%    failed      4.44%
  51  Helnan_EP00037_Helgoeca_nana_P026697                              0.69%    passed     29.66%
  52  Acaspe_EP00035_Acanthoeca_spectabilis_P006505                     0.00%    passed     52.72%
  53  Acagra_model.g10078.t1                                            2.08%    passed     93.32%
  54  Cgig_XM_034444688.1                                               2.78%    passed     62.28%
  55  Diagra_EP00040_Diaphanoeca_grandis_P025082                       13.89%    passed     85.46%
  56  Diagra_EP00040_Diaphanoeca_grandis_P025083                        1.39%    passed     74.80%
  57  Stedip_EP00041_Stephanoeca_diplocostata_P001876                   1.39%    passed     93.00%
  58  Mylflu_EP00047_Mylnosiga_fluctuans_P009860                        6.94%    failed      0.31%
  59  Sros_EGD81934                                                     6.94%    passed     79.93%
  60  Opea_EP00118_Oscarella_pearsei_P010853                           40.28%    passed     84.96%
  61  Opea_EP00118_Oscarella_pearsei_P010852                            4.17%    passed     99.89%
  62  Salinf_EP00049_Salpingoeca_infusionum_P013356                     0.69%    passed     92.11%
  63  Bolinf_Binf_sb1295877                                             2.78%    passed     99.76%
  64  Mertsp_Mesp_sb540187                                              4.17%    passed     99.57%
  65  Pbac_sb2666188                                                    0.69%    passed     81.30%
  66  Mlei_ML0530.g1.i1                                                 2.78%    passed     88.84%
  67  Lampan_Lpan_C402813_01                                            0.00%    passed     21.17%
  68  Coemet_Cmet_scaffold19972_01                                      4.86%    passed     88.27%
  69  Vmul_Simscaffold1428_01                                           2.78%    passed     75.34%
  70  Aque_Aqu2.1.00751_001                                            63.19%    passed     79.83%
  71  Salurc_EP00051_Salpingoeca_urceolata_P006213                     32.64%    passed      6.18%
  72  Amil_Amillepora06987-RA                                          47.22%    failed      0.06%
  73  Codhol_EP00042_Codosiga_hollandica_P020299                        0.69%    passed     26.91%
  74  Codhol_EP00042_Codosiga_hollandica_P020301                        0.69%    passed     10.94%
  75  Cscu_XM_023365012.1                                               0.69%    passed     74.67%
  76  Bralan_BLAG06000296_1                                             5.56%    passed     64.91%
WARNING: 2 sequences contain more than 50% gaps/ambiguity
****  TOTAL                                                             9.24%  3 sequences failed composition chi2 test (p-value<5%; df=19)
NOTE: Tadh_TriadT61697 is identical to TrH2_TrispH2_008883-RA but kept for subsequent analysis


Create initial parsimony tree by phylogenetic likelihood library (PLL)... 0.014 seconds
Measuring multi-threading efficiency up to 2 CPU cores
Increase to 10 rounds for branch lengths
7 trees examined
Threads: 1 / Time: 2.088 sec / Speedup: 1.000 / Efficiency: 100% / LogL: -15849
Threads: 2 / Time: 1.188 sec / Speedup: 1.758 / Efficiency: 88% / LogL: -15849
BEST NUMBER OF THREADS: 2

Perform fast likelihood tree search using LG+I+G model...
Estimate model parameters (epsilon = 5.000)
Perform nearest neighbor interchange...
Estimate model parameters (epsilon = 1.000)
1. Initial log-likelihood: -11828.839
Optimal log-likelihood: -11828.830
Proportion of invariable sites: 0.000
Gamma shape alpha: 1.555
Parameters optimization took 1 rounds (0.059 sec)
Time for fast ML tree search: 0.840 seconds

NOTE: ModelFinder requires 8 MB RAM!
ModelFinder will test up to 24 protein models (sample size: 144) ...
 No. Model         -LnL         df  AIC          AICc         BIC
  1  LG            12252.075    149 24802.150    69502.150    25244.652
  2  LG+I          12247.804    150 24795.607    70095.607    25241.079
  3  LG+G4         11828.838    150 23957.676    69257.676    24403.148
  4  LG+I+G4       11828.830    151 23959.660    69863.660    24408.102
  7  LG+F+G4       11823.636    169 23985.272    81445.272    24487.170
  8  LG+F+I+G4     11823.637    170 23987.273    82127.273    24492.142
 11  WAG+G4        11873.178    150 24046.357    69346.357    24491.829
 12  WAG+I+G4      11873.180    151 24048.359    69952.359    24496.801
 15  WAG+F+G4      11882.135    169 24102.270    81562.270    24604.168
 16  WAG+F+I+G4    11882.136    170 24104.272    82244.272    24609.141
 19  JTT+G4        11963.974    150 24227.948    69527.948    24673.420
 20  JTT+I+G4      11963.975    151 24229.949    70133.949    24678.391
 23  JTT+F+G4      11953.361    169 24244.722    81704.722    24746.620
 24  JTT+F+I+G4    11953.361    170 24246.722    82386.722    24751.590
Akaike Information Criterion:           LG+G4
Corrected Akaike Information Criterion: LG+G4
Bayesian Information Criterion:         LG+G4
Best-fit model: LG+G4 chosen according to BIC

All model information printed to results_broccoli_metc/alignments_prefiltering/OG_1220.iqtree.model.gz
CPU time for ModelFinder: 11.180 seconds (0h:0m:11s)
Wall-clock time for ModelFinder: 6.609 seconds (0h:0m:6s)
Generating 1000 samples for ultrafast bootstrap (seed: 284316)...

NOTE: 8 MB RAM (0 GB) is required!
Estimate model parameters (epsilon = 0.100)
1. Initial log-likelihood: -11828.838
Optimal log-likelihood: -11828.826
Gamma shape alpha: 1.556
Parameters optimization took 1 rounds (0.054 sec)
Computing ML distances based on estimated model parameters...
Computing ML distances took 0.342780 sec (of wall-clock time) 0.684448 sec(of CPU time)
WARNING: Some pairwise ML distances are too long (saturated)
Computing RapidNJ tree took 0.001103 sec (of wall-clock time) 0.001203 sec (of CPU time)
Log-likelihood of RapidNJ tree: -12005.447
--------------------------------------------------------------------
|             INITIALIZING CANDIDATE TREE SET                      |
--------------------------------------------------------------------
Generating 98 parsimony trees... 1.844 second
Computing log-likelihood of 98 initial trees ... 2.017 seconds
Current best score: -11796.827

Do NNI search on 20 best initial trees
Estimate model parameters (epsilon = 0.100)
BETTER TREE FOUND at iteration 1: -11753.140
Estimate model parameters (epsilon = 0.100)
BETTER TREE FOUND at iteration 3: -11750.976
Iteration 10 / LogL: -11768.140 / Time: 0h:0m:10s
Iteration 20 / LogL: -11801.766 / Time: 0h:0m:16s
Finish initializing candidate tree set (20)
Current best tree score: -11750.976 / CPU time: 16.109
Number of iterations: 20
--------------------------------------------------------------------
|               OPTIMIZING CANDIDATE TREE SET                      |
--------------------------------------------------------------------
Estimate model parameters (epsilon = 0.100)
BETTER TREE FOUND at iteration 22: -11749.183
Estimate model parameters (epsilon = 0.100)
BETTER TREE FOUND at iteration 24: -11743.728
Estimate model parameters (epsilon = 0.100)
BETTER TREE FOUND at iteration 28: -11740.942
Iteration 30 / LogL: -11748.371 / Time: 0h:0m:22s (0h:2m:35s left)
Iteration 40 / LogL: -11745.498 / Time: 0h:0m:28s (0h:2m:16s left)
Estimate model parameters (epsilon = 0.100)
BETTER TREE FOUND at iteration 42: -11740.818
Estimate model parameters (epsilon = 0.100)
BETTER TREE FOUND at iteration 50: -11736.493
Iteration 50 / LogL: -11736.493 / Time: 0h:0m:34s (0h:2m:20s left)
Log-likelihood cutoff on original alignment: -11829.108
Estimate model parameters (epsilon = 0.100)
BETTER TREE FOUND at iteration 52: -11736.441
Iteration 60 / LogL: -11743.684 / Time: 0h:0m:40s (0h:2m:12s left)
Estimate model parameters (epsilon = 0.100)
BETTER TREE FOUND at iteration 64: -11735.653
Iteration 70 / LogL: -11742.096 / Time: 0h:0m:47s (0h:2m:12s left)
Iteration 80 / LogL: -11744.959 / Time: 0h:0m:53s (0h:2m:4s left)
Iteration 90 / LogL: -11736.511 / Time: 0h:0m:58s (0h:1m:55s left)
Iteration 100 / LogL: -11735.678 / Time: 0h:1m:5s (0h:1m:48s left)
Log-likelihood cutoff on original alignment: -11829.108
NOTE: Bootstrap correlation coefficient of split occurrence frequencies: 0.985
NOTE: UFBoot does not converge, continue at least 100 more iterations
Iteration 110 / LogL: -11742.096 / Time: 0h:1m:12s (0h:1m:41s left)
Estimate model parameters (epsilon = 0.100)
BETTER TREE FOUND at iteration 118: -11735.625
Iteration 120 / LogL: -11745.342 / Time: 0h:1m:18s (0h:2m:10s left)
Iteration 130 / LogL: -11738.537 / Time: 0h:1m:25s (0h:2m:4s left)
Iteration 140 / LogL: -11736.389 / Time: 0h:1m:31s (0h:1m:56s left)
Iteration 150 / LogL: -11741.649 / Time: 0h:1m:37s (0h:1m:50s left)
Log-likelihood cutoff on original alignment: -11829.108
Estimate model parameters (epsilon = 0.100)
BETTER TREE FOUND at iteration 155: -11735.608
Iteration 160 / LogL: -11743.991 / Time: 0h:1m:44s (0h:2m:7s left)
Iteration 170 / LogL: -11743.556 / Time: 0h:1m:50s (0h:2m:1s left)
Iteration 180 / LogL: -11744.455 / Time: 0h:1m:56s (0h:1m:54s left)
Iteration 190 / LogL: -11740.426 / Time: 0h:2m:3s (0h:1m:47s left)
Iteration 200 / LogL: -11735.678 / Time: 0h:2m:9s (0h:1m:40s left)
Log-likelihood cutoff on original alignment: -11829.108
NOTE: Bootstrap correlation coefficient of split occurrence frequencies: 0.999
Iteration 210 / LogL: -11735.826 / Time: 0h:2m:16s (0h:1m:34s left)
Iteration 220 / LogL: -11735.612 / Time: 0h:2m:22s (0h:1m:28s left)
Iteration 230 / LogL: -11735.714 / Time: 0h:2m:29s (0h:1m:21s left)
Iteration 240 / LogL: -11735.626 / Time: 0h:2m:35s (0h:1m:14s left)
Iteration 250 / LogL: -11737.131 / Time: 0h:2m:41s (0h:1m:8s left)
Log-likelihood cutoff on original alignment: -11829.108
Iteration 260 / LogL: -11736.752 / Time: 0h:2m:48s (0h:1m:1s left)
Iteration 270 / LogL: -11753.602 / Time: 0h:2m:54s (0h:0m:55s left)
Iteration 280 / LogL: -11736.096 / Time: 0h:3m:0s (0h:0m:48s left)
Iteration 290 / LogL: -11738.716 / Time: 0h:3m:6s (0h:0m:41s left)
Iteration 300 / LogL: -11737.152 / Time: 0h:3m:13s (0h:0m:35s left)
Log-likelihood cutoff on original alignment: -11829.108
NOTE: Bootstrap correlation coefficient of split occurrence frequencies: 0.999
Iteration 310 / LogL: -11743.590 / Time: 0h:3m:20s (0h:0m:58s left)
Iteration 320 / LogL: -11742.016 / Time: 0h:3m:26s (0h:0m:51s left)
Iteration 330 / LogL: -11748.366 / Time: 0h:3m:33s (0h:0m:45s left)
Iteration 340 / LogL: -11741.351 / Time: 0h:3m:40s (0h:0m:38s left)
Iteration 350 / LogL: -11735.678 / Time: 0h:3m:46s (0h:0m:32s left)
Log-likelihood cutoff on original alignment: -11829.108
TREE SEARCH COMPLETED AFTER 356 ITERATIONS / Time: 0h:3m:50s

--------------------------------------------------------------------
|                    FINALIZING TREE SEARCH                        |
--------------------------------------------------------------------
Performs final model parameters optimization
Estimate model parameters (epsilon = 0.010)
1. Initial log-likelihood: -11735.608
Optimal log-likelihood: -11735.608
Gamma shape alpha: 1.438
Parameters optimization took 1 rounds (0.055 sec)
BEST SCORE FOUND : -11735.608
Creating bootstrap support values...
Split supports printed to NEXUS file results_broccoli_metc/alignments_prefiltering/OG_1220.iqtree.splits.nex
Total tree length: 30.040

Total number of iterations: 356
CPU time used for tree search: 453.753 sec (0h:7m:33s)
Wall-clock time used for tree search: 229.937 sec (0h:3m:49s)
Total CPU time used: 455.490 sec (0h:7m:35s)
Total wall-clock time used: 230.882 sec (0h:3m:50s)

Computing bootstrap consensus tree...
Reading input file results_broccoli_metc/alignments_prefiltering/OG_1220.iqtree.splits.nex...
76 taxa and 852 splits.
Consensus tree written to results_broccoli_metc/alignments_prefiltering/OG_1220.iqtree.contree
Reading input trees file results_broccoli_metc/alignments_prefiltering/OG_1220.iqtree.contree
Log-likelihood of consensus tree: -11735.627

Analysis results written to: 
  IQ-TREE report:                results_broccoli_metc/alignments_prefiltering/OG_1220.iqtree.iqtree
  Maximum-likelihood tree:       results_broccoli_metc/alignments_prefiltering/OG_1220.iqtree.treefile
  Likelihood distances:          results_broccoli_metc/alignments_prefiltering/OG_1220.iqtree.mldist

Ultrafast bootstrap approximation results written to:
  Split support values:          results_broccoli_metc/alignments_prefiltering/OG_1220.iqtree.splits.nex
  Consensus tree:                results_broccoli_metc/alignments_prefiltering/OG_1220.iqtree.contree
  Screen log file:               results_broccoli_metc/alignments_prefiltering/OG_1220.iqtree.log

Date and Time: Wed Jun  1 15:07:44 2022
