IQ-TREE multicore version 2.1.0 for Linux 64-bit built Jul 18 2020
Developed by Bui Quang Minh, James Barbetti, Nguyen Lam Tung,
Olga Chernomor, Heiko Schmidt, Dominik Schrempf, Michael Woodhams.

Host:    node-hp0412.linux.crg.es (AVX, 125 GB RAM)
Command: /users/asebe/xgraubove/Programes/iqtree-2.1.0-Linux/bin/iqtree2 -s results_broccoli_metc/alignments_prefiltering/OG_1016.lt.fasta -m TEST -mset LG,WAG,JTT -nt AUTO -ntmax 2 -bb 1000 -pre results_broccoli_metc/alignments_prefiltering/OG_1016.iqtree -nm 10000 -nstop 200 -cptime 1800
Seed:    804704 (Using SPRNG - Scalable Parallel Random Number Generator)
Time:    Wed Jun  1 14:40:08 2022
Kernel:  AVX - auto-detect threads (2 CPU cores detected)

Reading alignment file results_broccoli_metc/alignments_prefiltering/OG_1016.lt.fasta ... Fasta format detected
Alignment most likely contains protein sequences
Alignment has 73 sequences with 279 columns, 279 distinct patterns
275 parsimony-informative, 0 singleton sites, 4 constant sites
                                                                    Gap/Ambiguity  Composition  p-value
   1  Emue_Em0019g818a.t1                                                  40.14%    passed     56.04%
   2  Spolac_c94501_g1_i1_m.10165c94501-g1                                 21.15%    passed     95.13%
   3  Aque_Aqu2.1.40810_001                                                48.75%    passed     69.10%
   4  Aque_Aqu2.1.40815_001                                                16.85%    passed     33.84%
   5  Halamb_c48891_g1_i1m.25044                                           15.41%    passed     88.69%
   6  Xestes_maker-XT_scaffold8362-snap-gene-0.46-mRNA-1                    2.15%    passed     55.97%
   7  Tetwil_g22909.t1                                                     29.03%    passed     63.76%
   8  Bralan_BLAG04000998_1                                                20.79%    passed     94.85%
   9  Morvir_scaffold320.g9.t1                                             41.58%    passed     84.24%
  10  Sanmal_Sma_026557-T1                                                 13.98%    passed     76.30%
  11  Rhoesc_Res_001242-T1                                                 17.92%    passed     71.56%
  12  Aaur_scaffold307.g10.t2                                              48.39%    passed     72.41%
  13  Nemnom_g8862.t1                                                      27.96%    passed     89.39%
  14  Spur_XM_030999103.1                                                  16.13%    passed     96.88%
  15  Spis_XP_022803090_1                                                  10.75%    passed     46.78%
  16  Pocdam_XM_027192552.1                                                11.11%    passed     36.28%
  17  Nvec_v1g108180                                                       53.76%    passed     97.90%
  18  Amil_Amillepora15323-RA                                              15.41%    passed     69.60%
  19  Adig_XM_015902734.1                                                  53.05%    passed     89.01%
  20  Gfas_gfas1.m1.1616.m1                                                27.96%    passed     35.99%
  21  Fspp_ffun1.m4.2347.m1                                                26.88%    passed     52.96%
  22  Gasp_gasp1.m3.8821.m1                                                48.39%    passed     36.35%
  23  Acagra_model.g2294.t1                                                10.04%    passed     53.15%
  24  Cscu_XM_023384027.1                                                   8.96%    passed     71.54%
  25  Dpul_mRNA19189                                                       28.32%    passed     91.31%
  26  Tcas_TC033796_001                                                     5.73%    passed     89.46%
  27  Stycar_maker-SC_scaffold4784-augustus-gene-0.11-mRNA-1               77.42%    passed     54.98%
  28  Skow_XM_002741264.2                                                   5.02%    passed     60.82%
  29  Ctel_gnl_WGS_AMQN_CAPTEDRAFT_mRNA224166                              20.07%    passed     64.39%
  30  Opea_EP00118_Oscarella_pearsei_P007686                               14.34%    passed     97.71%
  31  Opea_EP00118_Oscarella_pearsei_P007687                               51.61%    passed     64.20%
  32  Opea_EP00118_Oscarella_pearsei_P007688                               33.33%    passed     44.11%
  33  HoiH23_PlH23_009922-RA                                               11.83%    passed     24.13%
  34  HoiH06_mRNA3455                                                      10.04%    passed      7.94%
  35  TrH2_TrispH2_008734-RA                                               13.26%    passed     49.62%
  36  Tadh_TriadT33397                                                     34.77%    passed     77.24%
  37  Hhon_g03107.t1                                                        9.68%    failed      1.05%
  38  HoiH04_mRNA10509                                                      9.68%    failed      0.67%
  39  HoiH11_mRNA3810                                                      54.48%    passed     55.02%
  40  Exapal_XM_021036931.2                                                38.35%    passed     39.37%
  41  Dgig_XM_028554063.1                                                  13.26%    passed     79.32%
  42  Acaspe_EP00035_Acanthoeca_spectabilis_P006958                         0.36%    failed      0.01%
  43  Helnan_EP00037_Helgoeca_nana_P036913                                  9.68%    failed      0.01%
  44  Salurc_EP00051_Salpingoeca_urceolata_P023945                         54.84%    passed     83.56%
  45  Salurc_EP00051_Salpingoeca_urceolata_P023946                         10.04%    failed      1.51%
  46  Stedip_EP00041_Stephanoeca_diplocostata_P011570                      15.05%    passed     57.72%
  47  Salkve_EP00050_Salpingoeca_kvevrii_P011468                           21.15%    passed     34.36%
  48  Salmac_EP00052_Salpingoeca_macrocollata_P026116                      26.52%    passed     68.70%
  49  Salpun_EP00053_Salpingoeca_punica_P005219                            13.26%    passed     59.91%
  50  Chofle_EP00730_Choanoeca_flexa_P017948                               16.13%    failed      2.99%
  51  Choper_EP00045_Choanoeca_perplexa_P010436                            25.45%    failed      0.00%
  52  Mbre_EDQ85809                                                         3.58%    failed      2.06%
  53  Mylflu_EP00047_Mylnosiga_fluctuans_P006501                           21.15%    passed     77.17%
  54  Cgig_XM_011441380.3                                                  12.54%    passed     34.69%
  55  Codhol_EP00042_Codosiga_hollandica_P044160                           13.98%    passed     65.06%
  56  Didcos_EP00039_Didymoeca_costata_P003430                             13.26%    passed     94.04%
  57  Bolinf_Binf_sb1246632                                                34.77%    passed     23.95%
  58  Lampan_Lpan_9070_01                                                  20.79%    passed     21.58%
  59  Horcal_Hcv1.av93.c7.g780.i1                                          14.70%    passed      6.51%
  60  Beraby_Baby_sb354134                                                 43.01%    passed     47.38%
  61  Coemet_Cmet_scaffold5465_01                                          24.37%    passed     99.19%
  62  Vmul_SimC391456                                                      23.30%    failed      3.02%
  63  Pbac_sb2665287                                                       51.25%    passed     57.54%
  64  Xesp_012375-T1                                                       26.88%    passed     78.47%
  65  Lcom_lcpid89469                                                      14.34%    passed     40.71%
  66  Leuniv_Lniv_C793422_01                                               12.90%    passed     99.72%
  67  Scil_scict013182.1                                                   51.97%    passed      5.73%
  68  Hvul_g32183_1                                                        37.99%    failed      0.05%
  69  Diagra_EP00040_Diaphanoeca_grandis_P000357                           10.04%    passed     10.98%
  70  Microa_EP00043_Microstomoeca_roanoka_P008910                         23.30%    passed     75.91%
  71  Sros_EGD77525                                                         2.51%    failed      1.94%
  72  Xestes_augustus_masked-XT_scaffold137719-processed-gene-0.1-mRNA-1   60.57%    passed     33.33%
  73  Hvul_g32177_1                                                        12.90%    failed      0.00%
WARNING: 9 sequences contain more than 50% gaps/ambiguity
****  TOTAL                                                                24.39%  12 sequences failed composition chi2 test (p-value<5%; df=19)


Create initial parsimony tree by phylogenetic likelihood library (PLL)... 0.023 seconds
Measuring multi-threading efficiency up to 2 CPU cores
Increase to 10 rounds for branch lengths
4 trees examined
Threads: 1 / Time: 2.181 sec / Speedup: 1.000 / Efficiency: 100% / LogL: -30476
Threads: 2 / Time: 1.160 sec / Speedup: 1.879 / Efficiency: 94% / LogL: -30476
BEST NUMBER OF THREADS: 2

Perform fast likelihood tree search using LG+I+G model...
Estimate model parameters (epsilon = 5.000)
Perform nearest neighbor interchange...
Estimate model parameters (epsilon = 1.000)
1. Initial log-likelihood: -24647.484
Optimal log-likelihood: -24647.288
Proportion of invariable sites: 0.013
Gamma shape alpha: 1.306
Parameters optimization took 1 rounds (0.112 sec)
Time for fast ML tree search: 1.219 seconds

NOTE: ModelFinder requires 14 MB RAM!
ModelFinder will test up to 24 protein models (sample size: 279) ...
 No. Model         -LnL         df  AIC          AICc         BIC
  1  LG            25629.880    143 51545.759    51850.826    52065.022
  2  LG+I          25531.175    144 51350.350    51661.992    51873.245
  3  LG+G4         24663.571    144 49615.143    49926.785    50138.037
  4  LG+I+G4       24647.219    145 49584.439    49902.785    50110.964
  8  LG+F+I+G4     24493.352    164 49314.704    49789.441    49910.223
 12  WAG+I+G4      24760.834    145 49811.668    50130.014    50338.194
 16  WAG+F+I+G4    24590.350    164 49508.699    49983.436    50104.218
 20  JTT+I+G4      24806.779    145 49903.558    50221.904    50430.084
 24  JTT+F+I+G4    24683.359    164 49694.717    50169.454    50290.236
Akaike Information Criterion:           LG+F+I+G4
Corrected Akaike Information Criterion: LG+F+I+G4
Bayesian Information Criterion:         LG+F+I+G4
Best-fit model: LG+F+I+G4 chosen according to BIC

All model information printed to results_broccoli_metc/alignments_prefiltering/OG_1016.iqtree.model.gz
CPU time for ModelFinder: 15.565 seconds (0h:0m:15s)
Wall-clock time for ModelFinder: 8.872 seconds (0h:0m:8s)
Generating 1000 samples for ultrafast bootstrap (seed: 804704)...

NOTE: 14 MB RAM (0 GB) is required!
Estimate model parameters (epsilon = 0.100)
Thoroughly optimizing +I+G parameters from 10 start values...
Init pinv, alpha: 0.000, 1.212 / Estimate: 0.013, 1.212 / LogL: -24493.355
Init pinv, alpha: 0.002, 1.212 / Estimate: 0.013, 1.212 / LogL: -24493.343
Init pinv, alpha: 0.003, 1.212 / Estimate: 0.013, 1.211 / LogL: -24493.347
Init pinv, alpha: 0.005, 1.212 / Estimate: 0.013, 1.212 / LogL: -24493.344
Init pinv, alpha: 0.006, 1.212 / Estimate: 0.013, 1.212 / LogL: -24493.343
Init pinv, alpha: 0.008, 1.212 / Estimate: 0.013, 1.212 / LogL: -24493.341
Init pinv, alpha: 0.010, 1.212 / Estimate: 0.013, 1.212 / LogL: -24493.340
Init pinv, alpha: 0.011, 1.212 / Estimate: 0.013, 1.212 / LogL: -24493.342
Init pinv, alpha: 0.013, 1.212 / Estimate: 0.013, 1.212 / LogL: -24493.341
Init pinv, alpha: 0.014, 1.212 / Estimate: 0.013, 1.214 / LogL: -24493.340
Optimal pinv,alpha: 0.013, 1.214 / LogL: -24493.340

Parameters optimization took 2.428 sec
Computing ML distances based on estimated model parameters...
Computing ML distances took 0.407768 sec (of wall-clock time) 0.814773 sec(of CPU time)
WARNING: Some pairwise ML distances are too long (saturated)
Computing RapidNJ tree took 0.001201 sec (of wall-clock time) 0.001383 sec (of CPU time)
Log-likelihood of RapidNJ tree: -24592.846
--------------------------------------------------------------------
|             INITIALIZING CANDIDATE TREE SET                      |
--------------------------------------------------------------------
Generating 98 parsimony trees... 2.412 second
Computing log-likelihood of 98 initial trees ... 3.605 seconds
Current best score: -24493.340

Do NNI search on 20 best initial trees
Estimate model parameters (epsilon = 0.100)
BETTER TREE FOUND at iteration 1: -24477.958
Estimate model parameters (epsilon = 0.100)
BETTER TREE FOUND at iteration 2: -24462.086
Estimate model parameters (epsilon = 0.100)
BETTER TREE FOUND at iteration 3: -24453.321
Estimate model parameters (epsilon = 0.100)
BETTER TREE FOUND at iteration 4: -24452.337
Estimate model parameters (epsilon = 0.100)
BETTER TREE FOUND at iteration 6: -24448.379
Iteration 10 / LogL: -24450.346 / Time: 0h:0m:18s
Estimate model parameters (epsilon = 0.100)
BETTER TREE FOUND at iteration 11: -24443.981
Estimate model parameters (epsilon = 0.100)
BETTER TREE FOUND at iteration 17: -24435.308
Iteration 20 / LogL: -24450.815 / Time: 0h:0m:27s
Finish initializing candidate tree set (20)
Current best tree score: -24435.308 / CPU time: 24.370
Number of iterations: 20
--------------------------------------------------------------------
|               OPTIMIZING CANDIDATE TREE SET                      |
--------------------------------------------------------------------
Estimate model parameters (epsilon = 0.100)
BETTER TREE FOUND at iteration 29: -24434.549
Iteration 30 / LogL: -24435.217 / Time: 0h:0m:35s (0h:4m:6s left)
Estimate model parameters (epsilon = 0.100)
BETTER TREE FOUND at iteration 37: -24434.110
Iteration 40 / LogL: -24444.280 / Time: 0h:0m:43s (0h:3m:39s left)
Estimate model parameters (epsilon = 0.100)
BETTER TREE FOUND at iteration 50: -24429.104
Iteration 50 / LogL: -24429.104 / Time: 0h:0m:51s (0h:3m:28s left)
Log-likelihood cutoff on original alignment: -24490.157
Estimate model parameters (epsilon = 0.100)
BETTER TREE FOUND at iteration 52: -24428.400
Estimate model parameters (epsilon = 0.100)
BETTER TREE FOUND at iteration 57: -24427.809
Iteration 60 / LogL: -24434.344 / Time: 0h:0m:59s (0h:3m:19s left)
Iteration 70 / LogL: -24428.620 / Time: 0h:1m:7s (0h:3m:3s left)
Iteration 80 / LogL: -24435.742 / Time: 0h:1m:15s (0h:2m:48s left)
Estimate model parameters (epsilon = 0.100)
BETTER TREE FOUND at iteration 85: -24427.719
UPDATE BEST LOG-LIKELIHOOD: -24427.712
Iteration 90 / LogL: -24427.867 / Time: 0h:1m:23s (0h:3m:3s left)
Iteration 100 / LogL: -24430.827 / Time: 0h:1m:31s (0h:2m:50s left)
Log-likelihood cutoff on original alignment: -24490.157
NOTE: Bootstrap correlation coefficient of split occurrence frequencies: 0.985
NOTE: UFBoot does not converge, continue at least 100 more iterations
Estimate model parameters (epsilon = 0.100)
UPDATE BEST LOG-LIKELIHOOD: -24427.608
Iteration 110 / LogL: -24427.881 / Time: 0h:1m:39s (0h:2m:39s left)
Iteration 120 / LogL: -24433.799 / Time: 0h:1m:47s (0h:2m:28s left)
Iteration 130 / LogL: -24434.669 / Time: 0h:1m:54s (0h:2m:17s left)
Iteration 140 / LogL: -24489.150 / Time: 0h:2m:2s (0h:2m:7s left)
Iteration 150 / LogL: -24429.189 / Time: 0h:2m:10s (0h:1m:58s left)
Log-likelihood cutoff on original alignment: -24490.157
Iteration 160 / LogL: -24429.889 / Time: 0h:2m:18s (0h:1m:48s left)
Iteration 170 / LogL: -24432.945 / Time: 0h:2m:26s (0h:1m:39s left)
Iteration 180 / LogL: -24429.404 / Time: 0h:2m:34s (0h:1m:30s left)
Iteration 190 / LogL: -24490.118 / Time: 0h:2m:42s (0h:1m:21s left)
Iteration 200 / LogL: -24427.954 / Time: 0h:2m:50s (0h:1m:12s left)
Log-likelihood cutoff on original alignment: -24490.157
NOTE: Bootstrap correlation coefficient of split occurrence frequencies: 0.999
Iteration 210 / LogL: -24437.057 / Time: 0h:2m:58s (0h:1m:16s left)
Iteration 220 / LogL: -24432.961 / Time: 0h:3m:6s (0h:1m:7s left)
Iteration 230 / LogL: -24435.079 / Time: 0h:3m:13s (0h:0m:59s left)
Iteration 240 / LogL: -24428.052 / Time: 0h:3m:22s (0h:0m:50s left)
Iteration 250 / LogL: -24428.689 / Time: 0h:3m:30s (0h:0m:42s left)
Log-likelihood cutoff on original alignment: -24480.760
Iteration 260 / LogL: -24431.067 / Time: 0h:3m:38s (0h:0m:33s left)
Iteration 270 / LogL: -24429.066 / Time: 0h:3m:46s (0h:0m:25s left)
Iteration 280 / LogL: -24430.578 / Time: 0h:3m:54s (0h:0m:16s left)
TREE SEARCH COMPLETED AFTER 286 ITERATIONS / Time: 0h:3m:59s

--------------------------------------------------------------------
|                    FINALIZING TREE SEARCH                        |
--------------------------------------------------------------------
Performs final model parameters optimization
Estimate model parameters (epsilon = 0.010)
1. Initial log-likelihood: -24427.608
Optimal log-likelihood: -24427.604
Proportion of invariable sites: 0.014
Gamma shape alpha: 1.283
Parameters optimization took 1 rounds (0.109 sec)
BEST SCORE FOUND : -24427.604
Creating bootstrap support values...
Split supports printed to NEXUS file results_broccoli_metc/alignments_prefiltering/OG_1016.iqtree.splits.nex
Total tree length: 62.777

Total number of iterations: 286
CPU time used for tree search: 465.705 sec (0h:7m:45s)
Wall-clock time used for tree search: 235.985 sec (0h:3m:55s)
Total CPU time used: 472.576 sec (0h:7m:52s)
Total wall-clock time used: 239.520 sec (0h:3m:59s)

Computing bootstrap consensus tree...
Reading input file results_broccoli_metc/alignments_prefiltering/OG_1016.iqtree.splits.nex...
73 taxa and 662 splits.
Consensus tree written to results_broccoli_metc/alignments_prefiltering/OG_1016.iqtree.contree
Reading input trees file results_broccoli_metc/alignments_prefiltering/OG_1016.iqtree.contree
Log-likelihood of consensus tree: -24429.550

Analysis results written to: 
  IQ-TREE report:                results_broccoli_metc/alignments_prefiltering/OG_1016.iqtree.iqtree
  Maximum-likelihood tree:       results_broccoli_metc/alignments_prefiltering/OG_1016.iqtree.treefile
  Likelihood distances:          results_broccoli_metc/alignments_prefiltering/OG_1016.iqtree.mldist

Ultrafast bootstrap approximation results written to:
  Split support values:          results_broccoli_metc/alignments_prefiltering/OG_1016.iqtree.splits.nex
  Consensus tree:                results_broccoli_metc/alignments_prefiltering/OG_1016.iqtree.contree
  Screen log file:               results_broccoli_metc/alignments_prefiltering/OG_1016.iqtree.log

Date and Time: Wed Jun  1 14:44:17 2022
