IQ-TREE multicore version 2.1.0 for Linux 64-bit built Jul 18 2020
Developed by Bui Quang Minh, James Barbetti, Nguyen Lam Tung,
Olga Chernomor, Heiko Schmidt, Dominik Schrempf, Michael Woodhams.

Host:    node-hp0410.linux.crg.es (AVX, 125 GB RAM)
Command: /users/asebe/xgraubove/Programes/iqtree-2.1.0-Linux/bin/iqtree2 -s results_broccoli_metc/alignments_prefiltering/OG_1337.lt.fasta -m TEST -mset LG,WAG,JTT -nt AUTO -ntmax 2 -bb 1000 -pre results_broccoli_metc/alignments_prefiltering/OG_1337.iqtree -nm 10000 -nstop 200 -cptime 1800
Seed:    66361 (Using SPRNG - Scalable Parallel Random Number Generator)
Time:    Wed Jun  1 15:56:16 2022
Kernel:  AVX - auto-detect threads (2 CPU cores detected)

Reading alignment file results_broccoli_metc/alignments_prefiltering/OG_1337.lt.fasta ... Fasta format detected
Alignment most likely contains protein sequences
Alignment has 110 sequences with 1107 columns, 1107 distinct patterns
1098 parsimony-informative, 0 singleton sites, 9 constant sites
                                                        Gap/Ambiguity  Composition  p-value
   1  Emue_Em0033g11a.t1                                       69.47%    passed     52.98%
   2  Emue_Em0033g23a.t1                                       62.51%    passed     85.66%
   3  Spolac_c103886_g2_i1_m.36793c103886-g1                   56.64%    passed     60.95%
   4  Tetwil_g27165.t1                                         76.24%    passed     28.46%
   5  Morvir_scaffold107.g21.t1                                56.55%    passed     61.40%
   6  Nvec_NVE12363                                            94.04%    passed     61.48%
   7  Nvec_v1g241997                                            0.18%    passed     98.95%
   8  Exapal_XM_021050839.2                                    19.78%    passed     83.57%
   9  Spis_XP_022780047_1                                       0.00%    passed     99.87%
  10  Pocdam_XM_027202330.1                                     0.00%    passed     99.34%
  11  Gasp_gasp1.m3.22450.m1                                    7.59%    passed     98.58%
  12  Fspp_ffun1.m4.19061.m1                                    7.86%    passed     99.73%
  13  Amil_Amillepora12997-RA                                  86.54%    passed     41.54%
  14  Gfas_gfas1.m1.6170.m1                                     0.18%    passed     99.72%
  15  Adig_XM_015913067.1                                      31.07%    passed     60.65%
  16  Exapal_XM_021062040.1                                    69.65%    passed     64.08%
  17  Sanmal_Sma_024191-T1                                     52.30%    passed     91.09%
  18  Bralan_BLAG03001827_3                                     0.63%    passed     93.35%
  19  Hsap_ENST00000301764                                      0.54%    passed     86.72%
  20  Acagra_model.g18276.t1                                    0.99%    passed     99.78%
  21  Cgig_XM_011445521.3                                       0.63%    passed     40.62%
  22  Ctel_gnl_WGS_AMQN_CAPTEDRAFT_mRNA148808                   5.42%    passed     98.92%
  23  Spur_XM_030989319.1                                       0.72%    passed     89.17%
  24  Cscu_XM_023387998.1                                       0.54%    passed     10.87%
  25  Nemnom_g2300.t1                                           4.07%    passed     80.17%
  26  Rhoesc_Res_017277-T1                                      0.09%    passed     94.51%
  27  Sanmal_Sma_024189-T1                                     54.47%    passed     45.61%
  28  Skow_XM_006811693.1                                      20.51%    passed     46.33%
  29  Chem_TCONS_00032834                                       2.53%    passed     33.53%
  30  Dgig_XM_028541890.1                                       0.63%    passed     97.47%
  31  Xesp_015805-T1                                            1.08%    passed     77.46%
  32  Hvul_g16164_1                                            30.44%    passed     15.69%
  33  Tcas_TC010010_001                                         0.27%    passed     93.68%
  34  Dpul_mRNA10738                                            0.18%    passed     98.86%
  35  Aaur_scaffold1151.g2.t3                                  19.96%    passed     22.49%
  36  Opea_EP00118_Oscarella_pearsei_P007276                    0.09%    passed     98.87%
  37  Ocar_g2416                                               45.08%    passed     79.60%
  38  Ocar_g6705                                               72.81%    passed     70.78%
  39  Plajan_Pjan_C571460_01                                    0.18%    passed     50.68%
  40  Nvec_v1g149219                                           95.12%    passed     49.84%
  41  Clacor_Ccor_C503204_01                                   86.09%    passed     17.05%
  42  Bolinf_Binf_sb1219366                                    80.85%    passed     24.88%
  43  Vmul_sbMO407367                                          85.46%    passed     74.76%
  44  Lampan_Lpan_9243_01                                      22.04%    passed     41.47%
  45  Coeast_Cast_sb786639                                     68.65%    failed      0.26%
  46  Coeast_Cast_sb786638                                     49.59%    failed      0.04%
  47  Coemet_Cmet_scaffold11644_01                              2.44%    failed      3.88%
  48  Coeast_Cast_sb786640                                     81.21%    passed     22.46%
  49  Coeast_Cast_sb786641                                     87.35%    failed      4.48%
  50  Vmul_Simscaffold7996_01                                   2.44%    passed     18.99%
  51  Horcal_Hcv1.av93.c1.g287.i1                               2.71%    passed     62.57%
  52  Pbac_sb2657878                                            4.34%    passed     58.33%
  53  Beraby_Baby_sb337547                                     48.51%    failed      0.00%
  54  Drygla_Dgla_sb275881                                     86.99%    passed     26.18%
  55  Drygla_Dgla_sb279012                                     72.90%    failed      4.27%
  56  Eupdun_Edun_sb10632129                                   86.27%    passed     94.31%
  57  Eupdun_Edun_sb10632130                                   86.27%    passed     94.31%
  58  Eupdun_Edun_sb10632131                                   85.19%    passed     77.50%
  59  Emue_Em0033g14a.t1                                       47.88%    passed     67.54%
  60  Emue_Em0033g21a.t1                                       47.88%    passed     63.20%
  61  Spolac_c103886_g1_i1_m.36785c103886-g1                   43.81%    passed     79.14%
  62  Spolac_c103886_g1_i4_m.36791c103886-g1                   43.90%    passed     24.70%
  63  Spolac_c103886_g1_i2_m.36787c103886-g1                   32.79%    failed      3.67%
  64  Tetwil_g23298.t1                                         90.24%    passed     37.68%
  65  Stycar_maker-SC_scaffold2607-augustus-gene-0.3-mRNA-1    86.54%    passed     57.63%
  66  Aque_Aqu2.1.21180_001                                     1.45%    passed     94.14%
  67  Halamb_c50894_g1_i2mm.3694                                1.54%    passed     46.50%
  68  Xestes_maker-XT_scaffold30178-augustus-gene-0.5-mRNA-1   78.41%    passed     89.63%
  69  Plespi_Pspi_scaffold20168_01                             53.66%    passed     97.13%
  70  Stycar_maker-SC_scaffold3019-augustus-gene-0.4-mRNA-1    82.48%    passed     69.05%
  71  HoiH23_PlH23_002271-RA                                    1.45%    passed     36.43%
  72  HoiH06_mRNA8599                                           5.69%    passed     27.81%
  73  Hhon_g05723.t1                                            1.45%    passed     25.00%
  74  HoiH04_mRNA6545                                           1.45%    passed     25.29%
  75  HoiH11_mRNA6335                                          16.80%    passed      8.15%
  76  TrH2_TrispH2_006337-RA                                    1.63%    passed     27.04%
  77  Tadh_TriadT18324                                          1.63%    passed     27.85%
  78  Pbac_sb2657880                                           86.18%    passed     20.17%
  79  Nvec_NVE1120                                             94.40%    passed     79.98%
  80  Lcom_lcpid22870                                           0.63%    passed     20.05%
  81  Gracom_Gcom_scaffold336_01                                1.36%    passed     76.00%
  82  Leuniv_Lniv_C815058_01                                    1.45%    passed     40.78%
  83  Scil_scict025430.1                                        5.60%    failed      0.06%
  84  Clacor_Ccor_scaffold617_01                               49.14%    passed     10.05%
  85  Lcom_lcpid186457                                         87.26%    passed     73.34%
  86  Salurc_EP00051_Salpingoeca_urceolata_P028390              5.06%    passed     30.10%
  87  Saldol_EP00054_Salpingoeca_dolichothecata_P029453         5.15%    passed     82.18%
  88  Salpun_EP00053_Salpingoeca_punica_P018619                 4.79%    passed      5.79%
  89  Stedip_EP00041_Stephanoeca_diplocostata_P036473           6.32%    passed     34.72%
  90  Acaspe_EP00035_Acanthoeca_spectabilis_P035995             6.68%    failed      0.00%
  91  Helnan_EP00037_Helgoeca_nana_P023777                      6.59%    failed      0.00%
  92  Diagra_EP00040_Diaphanoeca_grandis_P033087                5.15%    passed     92.23%
  93  Didcos_EP00039_Didymoeca_costata_P007951                 87.26%    passed     51.89%
  94  Didcos_EP00039_Didymoeca_costata_P007953                  5.69%    passed     99.45%
  95  Tetwil_g27168.t1                                         76.78%    passed     50.48%
  96  Xestes_maker-XT_scaffold5203-augustus-gene-0.34-mRNA-1   36.40%    passed     13.58%
  97  Tetwil_g27180.t1                                         83.83%    passed     71.60%
  98  Salmac_EP00052_Salpingoeca_macrocollata_P017831           5.33%    failed      1.68%
  99  Chofle_EP00730_Choanoeca_flexa_P019586                   13.73%    failed      0.00%
 100  Choper_EP00045_Choanoeca_perplexa_P014473                 4.61%    failed      0.00%
 101  Tetwil_g27182.t2                                         66.40%    passed      5.29%
 102  Tetwil_g27183.t1                                         79.86%    passed     70.77%
 103  Codhol_EP00042_Codosiga_hollandica_P058518               87.80%    failed      1.88%
 104  Codhol_EP00042_Codosiga_hollandica_P058516                6.05%    failed      0.12%
 105  Mbre_EDQ91677                                             4.70%    failed      4.00%
 106  Mylflu_EP00047_Mylnosiga_fluctuans_P011622                5.33%    failed      0.00%
 107  Salkve_EP00050_Salpingoeca_kvevrii_P011887                5.33%    failed      2.19%
 108  Microa_EP00043_Microstomoeca_roanoka_P000767              5.69%    failed      1.39%
 109  Sros_EGD72266                                             5.51%    failed      0.00%
 110  Salinf_EP00049_Salpingoeca_infusionum_P011171             6.23%    failed      0.01%
WARNING: 37 sequences contain more than 50% gaps/ambiguity
****  TOTAL                                                    33.45%  21 sequences failed composition chi2 test (p-value<5%; df=19)
NOTE: Eupdun_Edun_sb10632130 is identical to Eupdun_Edun_sb10632129 but kept for subsequent analysis


Create initial parsimony tree by phylogenetic likelihood library (PLL)... 0.077 seconds
Measuring multi-threading efficiency up to 2 CPU cores
5 trees examined
Threads: 1 / Time: 2.060 sec / Speedup: 1.000 / Efficiency: 100% / LogL: -128169
Threads: 2 / Time: 1.047 sec / Speedup: 1.967 / Efficiency: 98% / LogL: -128169
BEST NUMBER OF THREADS: 2

Perform fast likelihood tree search using LG+I+G model...
Estimate model parameters (epsilon = 5.000)
Perform nearest neighbor interchange...
Estimate model parameters (epsilon = 1.000)
1. Initial log-likelihood: -89363.263
Optimal log-likelihood: -89363.166
Proportion of invariable sites: 0.006
Gamma shape alpha: 1.565
Parameters optimization took 1 rounds (0.592 sec)
Time for fast ML tree search: 7.350 seconds

NOTE: ModelFinder requires 80 MB RAM!
ModelFinder will test up to 24 protein models (sample size: 1107) ...
 No. Model         -LnL         df  AIC          AICc         BIC
  1  LG            92139.274    217 184712.548   184818.973   185799.590
  2  LG+I          92033.512    218 184503.024   184610.551   185595.075
  3  LG+G4         89374.879    218 179185.759   179293.286   180277.810
  4  LG+I+G4       89363.157    219 179164.313   179272.949   180261.374
  8  LG+F+I+G4     89028.637    238 178533.273   178664.338   179725.512
 12  WAG+I+G4      89830.860    219 180099.720   180208.356   181196.781
 16  WAG+F+I+G4    89553.097    238 179582.195   179713.259   180774.434
 20  JTT+I+G4      90034.965    219 180507.931   180616.567   181604.991
 24  JTT+F+I+G4    89775.531    238 180027.062   180158.126   181219.301
Akaike Information Criterion:           LG+F+I+G4
Corrected Akaike Information Criterion: LG+F+I+G4
Bayesian Information Criterion:         LG+F+I+G4
Best-fit model: LG+F+I+G4 chosen according to BIC

All model information printed to results_broccoli_metc/alignments_prefiltering/OG_1337.iqtree.model.gz
CPU time for ModelFinder: 57.604 seconds (0h:0m:57s)
Wall-clock time for ModelFinder: 30.098 seconds (0h:0m:30s)
Generating 1000 samples for ultrafast bootstrap (seed: 66361)...

NOTE: 80 MB RAM (0 GB) is required!
Estimate model parameters (epsilon = 0.100)
Thoroughly optimizing +I+G parameters from 10 start values...
Init pinv, alpha: 0.000, 1.525 / Estimate: 0.006, 1.524 / LogL: -89028.630
Init pinv, alpha: 0.001, 1.525 / Estimate: 0.006, 1.525 / LogL: -89028.632
Init pinv, alpha: 0.002, 1.525 / Estimate: 0.006, 1.525 / LogL: -89028.629
Init pinv, alpha: 0.003, 1.525 / Estimate: 0.006, 1.524 / LogL: -89028.634
Init pinv, alpha: 0.004, 1.525 / Estimate: 0.006, 1.524 / LogL: -89028.630
Init pinv, alpha: 0.005, 1.525 / Estimate: 0.006, 1.525 / LogL: -89028.629
Init pinv, alpha: 0.005, 1.525 / Estimate: 0.006, 1.524 / LogL: -89028.630
Init pinv, alpha: 0.006, 1.525 / Estimate: 0.006, 1.525 / LogL: -89028.628
Init pinv, alpha: 0.007, 1.525 / Estimate: 0.006, 1.527 / LogL: -89028.630
Init pinv, alpha: 0.008, 1.525 / Estimate: 0.006, 1.524 / LogL: -89028.627
Optimal pinv,alpha: 0.006, 1.524 / LogL: -89028.627

Parameters optimization took 13.190 sec
Computing ML distances based on estimated model parameters...
Computing ML distances took 0.753450 sec (of wall-clock time) 1.503587 sec(of CPU time)
WARNING: Some pairwise ML distances are too long (saturated)
Computing RapidNJ tree took 0.001705 sec (of wall-clock time) 0.002414 sec (of CPU time)
Log-likelihood of RapidNJ tree: -93268.418
--------------------------------------------------------------------
|             INITIALIZING CANDIDATE TREE SET                      |
--------------------------------------------------------------------
Generating 98 parsimony trees... 9.299 second
Computing log-likelihood of 98 initial trees ... 19.360 seconds
Current best score: -89028.627

Do NNI search on 20 best initial trees
Estimate model parameters (epsilon = 0.100)
BETTER TREE FOUND at iteration 1: -89028.199
Estimate model parameters (epsilon = 0.100)
BETTER TREE FOUND at iteration 2: -88994.427
Iteration 10 / LogL: -89003.016 / Time: 0h:1m:37s
Estimate model parameters (epsilon = 0.100)
BETTER TREE FOUND at iteration 11: -88994.328
Iteration 20 / LogL: -89003.390 / Time: 0h:2m:28s
Finish initializing candidate tree set (18)
Current best tree score: -88994.328 / CPU time: 126.726
Number of iterations: 20
--------------------------------------------------------------------
|               OPTIMIZING CANDIDATE TREE SET                      |
--------------------------------------------------------------------
Estimate model parameters (epsilon = 0.100)
BETTER TREE FOUND at iteration 22: -88992.175
Estimate model parameters (epsilon = 0.100)
BETTER TREE FOUND at iteration 27: -88991.732
Iteration 30 / LogL: -88994.345 / Time: 0h:3m:23s (0h:23m:0s left)
Estimate model parameters (epsilon = 0.100)
BETTER TREE FOUND at iteration 32: -88990.021
Iteration 40 / LogL: -88992.363 / Time: 0h:4m:23s (0h:21m:36s left)
Iteration 50 / LogL: -88996.140 / Time: 0h:5m:13s (0h:19m:24s left)
Log-likelihood cutoff on original alignment: -89054.281
Iteration 60 / LogL: -88992.855 / Time: 0h:6m:7s (0h:17m:52s left)
Iteration 70 / LogL: -88990.043 / Time: 0h:7m:5s (0h:16m:39s left)
Iteration 80 / LogL: -88995.077 / Time: 0h:8m:0s (0h:15m:23s left)
Iteration 90 / LogL: -89003.333 / Time: 0h:8m:55s (0h:14m:14s left)
Iteration 100 / LogL: -88994.035 / Time: 0h:9m:47s (0h:13m:3s left)
Log-likelihood cutoff on original alignment: -89054.281
NOTE: Bootstrap correlation coefficient of split occurrence frequencies: 0.997
Estimate model parameters (epsilon = 0.100)
BETTER TREE FOUND at iteration 101: -88989.785
Iteration 110 / LogL: -88989.905 / Time: 0h:10m:43s (0h:18m:48s left)
Iteration 120 / LogL: -88997.203 / Time: 0h:11m:37s (0h:17m:40s left)
Iteration 130 / LogL: -89001.066 / Time: 0h:12m:33s (0h:16m:38s left)
Estimate model parameters (epsilon = 0.100)
UPDATE BEST LOG-LIKELIHOOD: -88989.751
Iteration 140 / LogL: -88989.895 / Time: 0h:13m:38s (0h:15m:48s left)
Iteration 150 / LogL: -88990.055 / Time: 0h:14m:30s (0h:14m:41s left)
Log-likelihood cutoff on original alignment: -89054.281
Iteration 160 / LogL: -88990.045 / Time: 0h:15m:23s (0h:13m:38s left)
Iteration 170 / LogL: -88993.334 / Time: 0h:16m:18s (0h:12m:38s left)
Iteration 180 / LogL: -88997.819 / Time: 0h:17m:10s (0h:11m:36s left)
Iteration 190 / LogL: -88993.343 / Time: 0h:18m:5s (0h:10m:37s left)
Iteration 200 / LogL: -88992.145 / Time: 0h:18m:59s (0h:9m:38s left)
Log-likelihood cutoff on original alignment: -89054.281
NOTE: Bootstrap correlation coefficient of split occurrence frequencies: 0.999
Iteration 210 / LogL: -88998.257 / Time: 0h:19m:47s (0h:8m:37s left)
Iteration 220 / LogL: -88996.257 / Time: 0h:20m:44s (0h:7m:40s left)
Iteration 230 / LogL: -88989.772 / Time: 0h:21m:41s (0h:6m:43s left)
Iteration 240 / LogL: -88991.306 / Time: 0h:22m:34s (0h:5m:45s left)
Iteration 250 / LogL: -88999.856 / Time: 0h:23m:31s (0h:4m:49s left)
Log-likelihood cutoff on original alignment: -89054.281
Iteration 260 / LogL: -88993.475 / Time: 0h:24m:25s (0h:3m:52s left)
Iteration 270 / LogL: -89022.157 / Time: 0h:25m:21s (0h:2m:55s left)
Iteration 280 / LogL: -89037.178 / Time: 0h:26m:19s (0h:1m:58s left)
Iteration 290 / LogL: -88990.046 / Time: 0h:27m:17s (0h:1m:2s left)
Iteration 300 / LogL: -88997.153 / Time: 0h:28m:10s (0h:0m:5s left)
Log-likelihood cutoff on original alignment: -89054.281
NOTE: Bootstrap correlation coefficient of split occurrence frequencies: 0.999
TREE SEARCH COMPLETED AFTER 302 ITERATIONS / Time: 0h:28m:23s

--------------------------------------------------------------------
|                    FINALIZING TREE SEARCH                        |
--------------------------------------------------------------------
Performs final model parameters optimization
Estimate model parameters (epsilon = 0.010)
1. Initial log-likelihood: -88989.751
Optimal log-likelihood: -88989.748
Proportion of invariable sites: 0.006
Gamma shape alpha: 1.506
Parameters optimization took 1 rounds (0.624 sec)
BEST SCORE FOUND : -88989.748
Creating bootstrap support values...
Split supports printed to NEXUS file results_broccoli_metc/alignments_prefiltering/OG_1337.iqtree.splits.nex
Total tree length: 40.975

Total number of iterations: 302
CPU time used for tree search: 3346.847 sec (0h:55m:46s)
Wall-clock time used for tree search: 1682.271 sec (0h:28m:2s)
Total CPU time used: 3391.098 sec (0h:56m:31s)
Total wall-clock time used: 1704.559 sec (0h:28m:24s)

Computing bootstrap consensus tree...
Reading input file results_broccoli_metc/alignments_prefiltering/OG_1337.iqtree.splits.nex...
110 taxa and 510 splits.
Consensus tree written to results_broccoli_metc/alignments_prefiltering/OG_1337.iqtree.contree
Reading input trees file results_broccoli_metc/alignments_prefiltering/OG_1337.iqtree.contree
Log-likelihood of consensus tree: -88990.021

Analysis results written to: 
  IQ-TREE report:                results_broccoli_metc/alignments_prefiltering/OG_1337.iqtree.iqtree
  Maximum-likelihood tree:       results_broccoli_metc/alignments_prefiltering/OG_1337.iqtree.treefile
  Likelihood distances:          results_broccoli_metc/alignments_prefiltering/OG_1337.iqtree.mldist

Ultrafast bootstrap approximation results written to:
  Split support values:          results_broccoli_metc/alignments_prefiltering/OG_1337.iqtree.splits.nex
  Consensus tree:                results_broccoli_metc/alignments_prefiltering/OG_1337.iqtree.contree
  Screen log file:               results_broccoli_metc/alignments_prefiltering/OG_1337.iqtree.log

Date and Time: Wed Jun  1 16:25:15 2022
