IQ-TREE multicore version 2.1.0 for Linux 64-bit built Jul 18 2020
Developed by Bui Quang Minh, James Barbetti, Nguyen Lam Tung,
Olga Chernomor, Heiko Schmidt, Dominik Schrempf, Michael Woodhams.

Host:    node-hp0109.linux.crg.es (AVX, 125 GB RAM)
Command: /users/asebe/xgraubove/Programes/iqtree-2.1.0-Linux/bin/iqtree2 -s results_broccoli_metc/alignments_prefiltering/OG_1685.lt.fasta -m TEST -mset LG,WAG,JTT -nt AUTO -ntmax 2 -bb 1000 -pre results_broccoli_metc/alignments_prefiltering/OG_1685.iqtree -nm 10000 -nstop 200 -cptime 1800
Seed:    420591 (Using SPRNG - Scalable Parallel Random Number Generator)
Time:    Wed Jun  1 16:09:36 2022
Kernel:  AVX - auto-detect threads (2 CPU cores detected)

Reading alignment file results_broccoli_metc/alignments_prefiltering/OG_1685.lt.fasta ... Fasta format detected
Alignment most likely contains protein sequences
Alignment has 125 sequences with 811 columns, 811 distinct patterns
810 parsimony-informative, 0 singleton sites, 1 constant sites
                                                              Gap/Ambiguity  Composition  p-value
   1  Lcom_lcpid160356                                               78.91%    passed     46.93%
   2  Acagra_model.g1241.t1                                           0.62%    passed     92.63%
   3  Acagra_model.g1241.t1.1.5d3b82cf                               12.70%    passed     70.49%
   4  Spur_XM_030991239.1                                            33.66%    passed     68.42%
   5  Spur_XM_030985861.1                                             0.25%    passed     99.40%
   6  Spur_XM_030985837.1                                             0.25%    passed     99.40%
   7  Spis_XP_022793637_1                                             8.63%    passed     78.58%
   8  Pocdam_XM_027190301.1                                           0.25%    passed     93.75%
   9  Gasp_gasp1.m3.13544.m1                                          0.25%    passed     97.54%
  10  Fspp_ffun1.m4.8293.m1                                           0.62%    passed     96.62%
  11  Gfas_gfas1.m1.2633.m1                                           0.25%    passed     90.75%
  12  Amil_Amillepora01063-RA                                         0.37%    passed     93.59%
  13  Adig_XM_015907533.1                                            21.33%    passed     98.83%
  14  Dgig_XM_028535334.1                                             0.99%    passed     96.78%
  15  Exapal_XM_021037731.2                                           0.74%    passed     99.63%
  16  Nvec_v1g229135                                                 91.49%    passed     84.43%
  17  Nvec_v1g205020                                                 81.87%    passed     82.86%
  18  Xesp_013253-T1                                                  0.86%    passed     99.89%
  19  Skow_XM_002733869.2                                             0.25%    passed     98.38%
  20  Morvir_scaffold5.g130.t1                                        0.62%    passed     98.28%
  21  Bralan_BLAG03002098_1                                           0.25%    passed     92.81%
  22  Chem_TCONS_00012799                                             4.44%    passed     89.96%
  23  Nemnom_g4923.t1                                                 0.25%    passed     99.83%
  24  Rhoesc_Res_003498-T1                                            0.25%    passed     98.47%
  25  Aaur_scaffold329.g23.t3                                        33.79%    passed     91.51%
  26  Sanmal_Sma_008462-T1                                            1.73%    passed     83.80%
  27  Cgig_XM_011418768.3                                             1.11%    passed     97.56%
  28  HoiH23_PlH23_008260-RA                                          0.25%    passed     91.24%
  29  HoiH06_mRNA8616                                                 0.25%    passed     89.80%
  30  Hhon_g01354.t1                                                  0.49%    passed     91.87%
  31  HoiH04_mRNA1966                                                 0.49%    passed     89.53%
  32  TrH2_TrispH2_006537-RA                                          0.25%    passed     89.80%
  33  Tadh_wf_g7623.t1                                                0.25%    passed     91.19%
  34  HoiH11_mRNA9045                                                 4.19%    passed     32.74%
  35  Bolinf_Binf_sb1193611                                          81.87%    failed      2.36%
  36  Mertsp_Mesp_sb540051                                           83.35%    passed      5.17%
  37  Bolinf_Binf_sb1263234                                          78.30%    passed     43.26%
  38  Drygla_Dgla_sb295035                                            0.25%    passed     95.17%
  39  Drygla_Dgla_sb295036                                           58.32%    passed     67.90%
  40  Horcal_Hcv1.av93.c1.g657.i1                                     0.25%    passed     88.13%
  41  Pbac_sb2669666                                                 87.18%    passed     16.59%
  42  Bolinf_Binf_sb1273321                                          17.14%    passed     84.77%
  43  Mlei_ML0003.g14.i1                                              0.25%    passed     86.97%
  44  Bolinf_Binf_sb1263229                                           0.25%    passed     91.20%
  45  Bolinf_Binf_sb1263230                                          35.64%    passed     52.09%
  46  Mertsp_Mesp_sb580334                                            0.25%    passed     91.20%
  47  Bolinf_Binf_sb1263232                                          23.55%    passed     31.30%
  48  Bolinf_Binf_sb1263233                                          71.39%    passed     67.64%
  49  Bolinf_Binf_sb1263231                                          21.82%    passed     48.12%
  50  Mertsp_Mesp_sb568244                                           63.87%    passed     77.17%
  51  Mertsp_Mesp_sb554742                                           50.43%    passed     46.99%
  52  Beraby_Baby_sb350043                                           46.49%    passed     76.29%
  53  Beraby_Baby_sb350040                                           55.61%    passed     51.24%
  54  Beraby_Baby_sb350041                                           55.61%    passed     51.24%
  55  Beraby_Baby_sb350042                                           55.61%    passed     51.24%
  56  Beraby_Baby_sb350037                                            0.25%    passed     99.42%
  57  Beraby_Baby_sb350038                                            0.25%    passed     99.42%
  58  Beraby_Baby_sb350039                                            0.25%    passed     99.42%
  59  Drygla_Dgla_sb287375                                           53.27%    passed     39.67%
  60  Lampan_Lpan_C419633_01                                          0.49%    passed     72.15%
  61  Coeast_Cast_sb786978                                           58.82%    passed     87.07%
  62  Coeast_Cast_sb786979                                           83.23%    passed     73.62%
  63  Vmul_SimC405206                                                 0.25%    passed     98.43%
  64  Eupdun_Edun_sb10678974                                          0.49%    passed     83.28%
  65  Eupdun_Edun_sb10678975                                         43.28%    passed     10.91%
  66  Eupdun_Edun_sb10678980                                         43.28%    passed     10.91%
  67  Eupdun_Edun_sb10678981                                         43.28%    passed     10.91%
  68  Drygla_Dgla_sb295037                                           52.03%    passed     53.49%
  69  Vmul_sbMO398442                                                54.99%    passed     58.17%
  70  Coeast_Cast_sb786974                                           44.02%    passed     44.31%
  71  Coeast_Cast_sb786975                                           55.49%    passed     14.60%
  72  Coeast_Cast_sb786976                                           77.31%    passed     64.43%
  73  Opea_EP00118_Oscarella_pearsei_P026163                          0.37%    passed     90.22%
  74  Ocar_g5537                                                      0.99%    passed     88.39%
  75  Hvul_g22594_1                                                  30.46%    failed      2.48%
  76  Hsap_ENST00000369704                                            1.48%    passed     77.74%
  77  Plajan_Pjan_scaffold21406_01                                   78.05%    failed      0.37%
  78  Nvec_v1g205021                                                 90.38%    failed      0.00%
  79  Aque_Aqu2.1.01750_001                                          67.45%    passed     77.47%
  80  Aque_Aqu2.1.39259_001                                           0.37%    passed     92.65%
  81  Aque_Aqu2.1.39260_001                                           0.37%    passed     86.60%
  82  Halamb_c54610_g1_i10mm.6017                                    78.67%    passed     87.37%
  83  Xestes_maker-XT_scaffold142402-augustus-gene-0.5-mRNA-1        37.36%    passed     81.70%
  84  Tetwil_g14212.t1                                                8.63%    passed     71.61%
  85  Spolac_c104118_g2_i1_m.38257c104118-g2                         80.89%    passed     94.64%
  86  Spolac_c104118_g3_i1_m.38258c104118-g2                         31.32%    passed     50.54%
  87  Emue_Em0013g489a.t1                                             0.37%    passed     62.98%
  88  Stycar_snap_masked-SC_scaffold7377-processed-gene-0.4-mRNA-1   47.47%    passed     25.18%
  89  Xestes_maker-XT_scaffold2001-augustus-gene-0.4-mRNA-1          90.26%    failed      0.01%
  90  Plespi_Pspi_scaffold20588_01                                   31.32%    passed     20.93%
  91  Codhol_EP00042_Codosiga_hollandica_P058053                     62.02%    failed      1.76%
  92  Salurc_EP00051_Salpingoeca_urceolata_P002043                    1.97%    passed      6.51%
  93  Chofle_EP00730_Choanoeca_flexa_P000831                          2.22%    failed      0.14%
  94  Choper_EP00045_Choanoeca_perplexa_P009545                       2.10%    failed      0.26%
  95  Mbre_EDQ90363                                                  74.60%    passed     97.03%
  96  Microa_EP00043_Microstomoeca_roanoka_P025283                    2.96%    passed     53.12%
  97  Sros_EGD80250                                                   2.71%    passed     17.58%
  98  Salpun_EP00053_Salpingoeca_punica_P007868                       1.36%    failed      3.93%
  99  Salkve_EP00050_Salpingoeca_kvevrii_P022004                      1.23%    passed     12.38%
 100  Salinf_EP00049_Salpingoeca_infusionum_P018965                   2.10%    failed      0.43%
 101  Salmac_EP00052_Salpingoeca_macrocollata_P011491                 1.85%    failed      0.00%
 102  Diagra_EP00040_Diaphanoeca_grandis_P034337                      1.11%    passed     16.59%
 103  Acaspe_EP00035_Acanthoeca_spectabilis_P010071                   1.85%    passed      5.13%
 104  Helnan_EP00037_Helgoeca_nana_P032593                            1.60%    passed      6.08%
 105  Stedip_EP00041_Stephanoeca_diplocostata_P036657                 1.48%    passed     70.12%
 106  Mylflu_EP00047_Mylnosiga_fluctuans_P004631                      1.73%    failed      0.00%
 107  Didcos_EP00039_Didymoeca_costata_P009879                        2.71%    passed     52.60%
 108  Saldol_EP00054_Salpingoeca_dolichothecata_P015431               1.85%    passed     32.86%
 109  Mbre_EDQ90364                                                  39.58%    failed      0.01%
 110  Plajan_Pjan_scaffold2613_01                                    77.93%    failed      0.00%
 111  Lcom_lcpid31276                                                 0.37%    passed     42.27%
 112  Gracom_Gcom_scaffold10519_01                                    0.86%    failed      1.28%
 113  Leuniv_Lniv_C814730_01                                          0.49%    failed      3.37%
 114  Clacor_Ccor_C512909_01                                         81.87%    passed     39.86%
 115  Pbac_sb2662228                                                 67.32%    passed     16.94%
 116  Clacor_Ccor_C542303_01                                         19.98%    passed     55.12%
 117  Scil_scict000152.1                                              6.17%    failed      0.00%
 118  Hvul_g22593_1                                                  84.34%    failed      2.24%
 119  Codhol_EP00042_Codosiga_hollandica_P058055                     40.57%    failed      2.90%
 120  Lcom_lcpid253709                                               89.15%    passed     86.64%
 121  Tcas_TC031249_001                                               0.49%    failed      1.63%
 122  Spis_XP_022785984_1                                            57.46%    passed     55.37%
 123  Spis_XP_022785982_1                                            38.96%    failed      0.00%
 124  Pocdam_XM_027182694.1                                          68.31%    failed      0.00%
 125  Cscu_XM_023380922.1                                            75.22%    failed      0.00%
WARNING: 37 sequences contain more than 50% gaps/ambiguity
****  TOTAL                                                          27.79%  23 sequences failed composition chi2 test (p-value<5%; df=19)
NOTE: Spur_XM_030985837.1 is identical to Spur_XM_030985861.1 but kept for subsequent analysis
NOTE: Mertsp_Mesp_sb580334 is identical to Bolinf_Binf_sb1263229 but kept for subsequent analysis
NOTE: Beraby_Baby_sb350041 is identical to Beraby_Baby_sb350040 but kept for subsequent analysis
NOTE: Beraby_Baby_sb350038 is identical to Beraby_Baby_sb350037 but kept for subsequent analysis
NOTE: Eupdun_Edun_sb10678980 is identical to Eupdun_Edun_sb10678975 but kept for subsequent analysis
NOTE: 3 identical sequences (see below) will be ignored for subsequent analysis
NOTE: Beraby_Baby_sb350042 (identical to Beraby_Baby_sb350040) is ignored but added at the end
NOTE: Beraby_Baby_sb350039 (identical to Beraby_Baby_sb350037) is ignored but added at the end
NOTE: Eupdun_Edun_sb10678981 (identical to Eupdun_Edun_sb10678975) is ignored but added at the end
Alignment was printed to results_broccoli_metc/alignments_prefiltering/OG_1685.iqtree.uniqueseq.phy

For your convenience alignment with unique sequences printed to results_broccoli_metc/alignments_prefiltering/OG_1685.iqtree.uniqueseq.phy


Create initial parsimony tree by phylogenetic likelihood library (PLL)... 0.071 seconds
Measuring multi-threading efficiency up to 2 CPU cores
6 trees examined
Threads: 1 / Time: 2.207 sec / Speedup: 1.000 / Efficiency: 100% / LogL: -87367
Threads: 2 / Time: 1.099 sec / Speedup: 2.008 / Efficiency: 100% / LogL: -87367
BEST NUMBER OF THREADS: 2

Perform fast likelihood tree search using LG+I+G model...
Estimate model parameters (epsilon = 5.000)
Perform nearest neighbor interchange...
Estimate model parameters (epsilon = 1.000)
1. Initial log-likelihood: -54028.631
Optimal log-likelihood: -54028.494
Proportion of invariable sites: 0.000
Gamma shape alpha: 1.868
Parameters optimization took 1 rounds (0.532 sec)
Time for fast ML tree search: 5.720 seconds

NOTE: ModelFinder requires 65 MB RAM!
ModelFinder will test up to 24 protein models (sample size: 811) ...
 No. Model         -LnL         df  AIC          AICc         BIC
  1  LG            55413.779    241 111309.558   111514.557   112441.841
  2  LG+I          55407.989    242 111299.977   111507.041   112436.958
  3  LG+G4         54028.331    242 108540.662   108747.725   109677.643
  4  LG+I+G4       54028.290    243 108542.579   108751.722   109684.258
  7  LG+F+G4       54734.364    261 109990.729   110239.844   111216.977
  8  LG+F+I+G4     54734.365    262 109992.731   110244.213   111223.677
 11  WAG+G4        54535.532    242 109555.064   109762.128   110692.045
 12  WAG+I+G4      54535.128    243 109556.256   109765.399   110697.935
 15  WAG+F+G4      55534.175    261 111590.349   111839.464   112816.597
 16  WAG+F+I+G4    55533.977    262 111591.954   111843.435   112822.900
 19  JTT+G4        54298.189    242 109080.378   109287.442   110217.359
 20  JTT+I+G4      54298.187    243 109082.374   109291.517   110224.053
 23  JTT+F+G4      54586.427    261 109694.855   109943.969   110921.103
 24  JTT+F+I+G4    54586.424    262 109696.847   109948.329   110927.793
Akaike Information Criterion:           LG+G4
Corrected Akaike Information Criterion: LG+G4
Bayesian Information Criterion:         LG+G4
Best-fit model: LG+G4 chosen according to BIC

All model information printed to results_broccoli_metc/alignments_prefiltering/OG_1685.iqtree.model.gz
CPU time for ModelFinder: 69.261 seconds (0h:1m:9s)
Wall-clock time for ModelFinder: 36.221 seconds (0h:0m:36s)
Generating 1000 samples for ultrafast bootstrap (seed: 420591)...

NOTE: 65 MB RAM (0 GB) is required!
Estimate model parameters (epsilon = 0.100)
1. Initial log-likelihood: -54028.331
Optimal log-likelihood: -54028.285
Gamma shape alpha: 1.869
Parameters optimization took 1 rounds (0.477 sec)
Computing ML distances based on estimated model parameters...
Computing ML distances took 0.808566 sec (of wall-clock time) 1.611414 sec(of CPU time)
WARNING: Some pairwise ML distances are too long (saturated)
Computing RapidNJ tree took 0.002143 sec (of wall-clock time) 0.004246 sec (of CPU time)
Log-likelihood of RapidNJ tree: -56465.190
--------------------------------------------------------------------
|             INITIALIZING CANDIDATE TREE SET                      |
--------------------------------------------------------------------
Generating 98 parsimony trees... 8.431 second
Computing log-likelihood of 98 initial trees ... 16.263 seconds
Current best score: -54028.285

Do NNI search on 20 best initial trees
Estimate model parameters (epsilon = 0.100)
BETTER TREE FOUND at iteration 1: -54028.241
Estimate model parameters (epsilon = 0.100)
BETTER TREE FOUND at iteration 2: -54004.432
Iteration 10 / LogL: -54007.191 / Time: 0h:1m:15s
Iteration 20 / LogL: -54022.677 / Time: 0h:2m:10s
Finish initializing candidate tree set (20)
Current best tree score: -54004.432 / CPU time: 127.433
Number of iterations: 20
--------------------------------------------------------------------
|               OPTIMIZING CANDIDATE TREE SET                      |
--------------------------------------------------------------------
Estimate model parameters (epsilon = 0.100)
BETTER TREE FOUND at iteration 30: -54003.753
Iteration 30 / LogL: -54003.753 / Time: 0h:3m:5s (0h:21m:16s left)
Iteration 40 / LogL: -54018.096 / Time: 0h:4m:7s (0h:20m:6s left)
Estimate model parameters (epsilon = 0.100)
BETTER TREE FOUND at iteration 50: -54003.308
Iteration 50 / LogL: -54003.308 / Time: 0h:5m:7s (0h:20m:56s left)
Log-likelihood cutoff on original alignment: -54067.096
Iteration 60 / LogL: -54003.759 / Time: 0h:6m:0s (0h:19m:20s left)
Iteration 70 / LogL: -54151.500 / Time: 0h:6m:55s (0h:18m:3s left)
Iteration 80 / LogL: -54011.006 / Time: 0h:7m:46s (0h:16m:44s left)
Iteration 90 / LogL: -54003.702 / Time: 0h:8m:40s (0h:15m:36s left)
Iteration 100 / LogL: -54009.538 / Time: 0h:9m:34s (0h:14m:30s left)
Log-likelihood cutoff on original alignment: -54043.896
NOTE: Bootstrap correlation coefficient of split occurrence frequencies: 0.995
Iteration 110 / LogL: -54012.313 / Time: 0h:10m:28s (0h:13m:26s left)
Estimate model parameters (epsilon = 0.100)
BETTER TREE FOUND at iteration 115: -54002.953
Iteration 120 / LogL: -54022.442 / Time: 0h:11m:24s (0h:18m:41s left)
Estimate model parameters (epsilon = 0.100)
UPDATE BEST LOG-LIKELIHOOD: -54002.752
Iteration 130 / LogL: -54003.322 / Time: 0h:12m:16s (0h:17m:36s left)
Iteration 140 / LogL: -54003.462 / Time: 0h:13m:7s (0h:16m:31s left)
Iteration 150 / LogL: -54003.714 / Time: 0h:14m:3s (0h:15m:34s left)
Log-likelihood cutoff on original alignment: -54043.896
Iteration 160 / LogL: -54008.478 / Time: 0h:15m:1s (0h:14m:39s left)
Iteration 170 / LogL: -54003.395 / Time: 0h:15m:52s (0h:13m:37s left)
Iteration 180 / LogL: -54008.086 / Time: 0h:16m:44s (0h:12m:37s left)
Iteration 190 / LogL: -54011.062 / Time: 0h:17m:45s (0h:11m:44s left)
Iteration 200 / LogL: -54015.500 / Time: 0h:18m:39s (0h:10m:46s left)
Log-likelihood cutoff on original alignment: -54043.896
NOTE: Bootstrap correlation coefficient of split occurrence frequencies: 0.992
Iteration 210 / LogL: -54006.715 / Time: 0h:19m:30s (0h:9m:48s left)
Iteration 220 / LogL: -54003.390 / Time: 0h:20m:23s (0h:8m:50s left)
Iteration 230 / LogL: -54010.634 / Time: 0h:21m:11s (0h:7m:51s left)
Iteration 240 / LogL: -54007.189 / Time: 0h:22m:6s (0h:6m:56s left)
UPDATE BEST LOG-LIKELIHOOD: -54002.748
Iteration 250 / LogL: -54003.003 / Time: 0h:22m:56s (0h:5m:59s left)
Log-likelihood cutoff on original alignment: -54044.209
Iteration 260 / LogL: -54138.117 / Time: 0h:23m:49s (0h:5m:3s left)
Iteration 270 / LogL: -54007.053 / Time: 0h:24m:43s (0h:4m:8s left)
Estimate model parameters (epsilon = 0.100)
UPDATE BEST LOG-LIKELIHOOD: -54002.720
Iteration 280 / LogL: -54003.983 / Time: 0h:25m:36s (0h:3m:12s left)
Iteration 290 / LogL: -54007.021 / Time: 0h:26m:31s (0h:2m:17s left)
Iteration 300 / LogL: -54007.484 / Time: 0h:27m:25s (0h:1m:22s left)
Log-likelihood cutoff on original alignment: -54044.209
NOTE: Bootstrap correlation coefficient of split occurrence frequencies: 0.996
Iteration 310 / LogL: -54004.185 / Time: 0h:28m:17s (0h:8m:14s left)
TREE SEARCH COMPLETED AFTER 316 ITERATIONS / Time: 0h:28m:50s

--------------------------------------------------------------------
|                    FINALIZING TREE SEARCH                        |
--------------------------------------------------------------------
Performs final model parameters optimization
Estimate model parameters (epsilon = 0.010)
1. Initial log-likelihood: -54002.720
Optimal log-likelihood: -54002.712
Gamma shape alpha: 1.860
Parameters optimization took 1 rounds (0.457 sec)
BEST SCORE FOUND : -54002.712
Creating bootstrap support values...
Split supports printed to NEXUS file results_broccoli_metc/alignments_prefiltering/OG_1685.iqtree.splits.nex
Total tree length: 31.771

Total number of iterations: 316
CPU time used for tree search: 3423.135 sec (0h:57m:3s)
Wall-clock time used for tree search: 1727.281 sec (0h:28m:47s)
Total CPU time used: 3430.251 sec (0h:57m:10s)
Total wall-clock time used: 1731.009 sec (0h:28m:51s)

Computing bootstrap consensus tree...
Reading input file results_broccoli_metc/alignments_prefiltering/OG_1685.iqtree.splits.nex...
122 taxa and 744 splits.
Consensus tree written to results_broccoli_metc/alignments_prefiltering/OG_1685.iqtree.contree
Reading input trees file results_broccoli_metc/alignments_prefiltering/OG_1685.iqtree.contree
Log-likelihood of consensus tree: -54002.729

Analysis results written to: 
  IQ-TREE report:                results_broccoli_metc/alignments_prefiltering/OG_1685.iqtree.iqtree
  Maximum-likelihood tree:       results_broccoli_metc/alignments_prefiltering/OG_1685.iqtree.treefile
  Likelihood distances:          results_broccoli_metc/alignments_prefiltering/OG_1685.iqtree.mldist

Ultrafast bootstrap approximation results written to:
  Split support values:          results_broccoli_metc/alignments_prefiltering/OG_1685.iqtree.splits.nex
  Consensus tree:                results_broccoli_metc/alignments_prefiltering/OG_1685.iqtree.contree
  Screen log file:               results_broccoli_metc/alignments_prefiltering/OG_1685.iqtree.log

Date and Time: Wed Jun  1 16:39:06 2022
