IQ-TREE multicore version 2.1.0 for Linux 64-bit built Jul 18 2020
Developed by Bui Quang Minh, James Barbetti, Nguyen Lam Tung,
Olga Chernomor, Heiko Schmidt, Dominik Schrempf, Michael Woodhams.

Host:    node-hp0302.linux.crg.es (AVX, 125 GB RAM)
Command: /users/asebe/xgraubove/Programes/iqtree-2.1.0-Linux/bin/iqtree2 -s results_broccoli_metc/alignments_prefiltering/OG_1341.lt.fasta -m TEST -mset LG,WAG,JTT -nt AUTO -ntmax 2 -bb 1000 -pre results_broccoli_metc/alignments_prefiltering/OG_1341.iqtree -nm 10000 -nstop 200 -cptime 1800
Seed:    896480 (Using SPRNG - Scalable Parallel Random Number Generator)
Time:    Wed Jun  1 15:34:44 2022
Kernel:  AVX - auto-detect threads (2 CPU cores detected)

Reading alignment file results_broccoli_metc/alignments_prefiltering/OG_1341.lt.fasta ... Fasta format detected
Alignment most likely contains protein sequences
Alignment has 100 sequences with 292 columns, 292 distinct patterns
280 parsimony-informative, 0 singleton sites, 12 constant sites
                                                       Gap/Ambiguity  Composition  p-value
   1  Emue_Em0047g7a.t1                                       12.33%    passed     99.62%
   2  Emue_Em0014g5a.t1                                       12.33%    passed     99.74%
   3  Spolac_c98303_g1_i1_m.16901c98303-g1                     0.00%    passed     98.88%
   4  Spolac_c98303_g1_i2_m.16903c98303-g1                     1.03%    passed     92.46%
   5  Stycar_maker-SC_scaffold2228-augustus-gene-0.7-mRNA-1   44.52%    passed     85.07%
   6  Aque_Aqu2.1.43646_001                                    0.00%    passed     99.97%
   7  Xestes_maker-XT_scaffold129446-snap-gene-0.6-mRNA-1     27.40%    passed     99.67%
   8  Bralan_BLAG05001004_1                                    1.71%    passed     90.80%
   9  Skow_XM_002738854.2                                      1.71%    passed     99.27%
  10  Hsap_ENST00000296490                                     1.71%    passed     97.35%
  11  Spur_XM_031000368.1                                      1.71%    passed     97.14%
  12  Cgig_XM_011437735.2                                      1.71%    passed     84.24%
  13  Ctel_gnl_WGS_AMQN_CAPTEDRAFT_mRNA184348                  1.71%    passed     96.74%
  14  Ctel_gnl_WGS_AMQN_CAPTEDRAFT_mRNA164497                  1.71%    passed     96.74%
  15  Cscu_XM_023353883.1                                      0.68%    passed     91.08%
  16  Cscu_XM_023366049.1                                     72.60%    passed     47.12%
  17  Tcas_TC014755_001                                        1.37%    passed     99.86%
  18  Dpul_mRNA686                                             0.34%    passed     96.67%
  19  Cscu_XM_023366061.1                                     13.70%    passed     59.51%
  20  Spis_XP_022796442_1                                      0.00%    passed     98.93%
  21  Pocdam_XM_027184673.1                                    1.03%    passed     99.54%
  22  Gasp_gasp1.m3.158.m1                                     1.03%    passed     99.84%
  23  Fspp_ffun1.m4.23948.m1                                   1.03%    passed     99.77%
  24  Gfas_gfas1.m1.17908.m1                                   1.03%    passed     99.84%
  25  Adig_XM_015909444.1                                      7.19%    passed     99.90%
  26  Exapal_XM_021054371.2                                    1.03%    passed     99.63%
  27  Nvec_v1g207760                                           1.37%    passed     99.95%
  28  Dgig_XM_028549929.1                                      1.03%    passed    100.00%
  29  Xesp_014191-T1                                           1.03%    passed    100.00%
  30  Morvir_scaffold26.g66.t1                                 0.00%    passed     93.18%
  31  Nemnom_g7412.t1                                          0.00%    passed     96.54%
  32  Rhoesc_Res_000306-T1                                     0.00%    passed     90.64%
  33  Aaur_scaffold303.g2.t2                                   0.00%    passed     93.15%
  34  Sanmal_Sma_010395-T1                                     0.00%    passed     54.07%
  35  HoiH23_PlH23_002603-RA                                   1.37%    passed     99.78%
  36  Hhon_g11555.t1                                          43.15%    passed     94.84%
  37  Hhon_g06534.t1                                           1.37%    passed     99.12%
  38  Hhon_g11831.t1                                           1.37%    passed     99.12%
  39  HoiH04_mRNA7687                                          0.34%    passed     98.86%
  40  HoiH06_mRNA10782                                        18.15%    passed     99.53%
  41  HoiH11_mRNA3772                                         25.00%    passed     83.75%
  42  TrH2_TrispH2_000035-RA                                   0.34%    passed     97.64%
  43  Tadh_TriadT49741                                         0.34%    passed     93.37%
  44  Hvul_g6070_1                                            18.49%    passed     69.85%
  45  Chem_TCONS_00053506                                      1.03%    passed     91.22%
  46  Opea_EP00118_Oscarella_pearsei_P002089                   0.34%    passed     56.90%
  47  Plajan_Pjan_C554569_01                                   1.37%    passed     78.18%
  48  Ocar_g9018                                              70.21%    passed     80.89%
  49  Opea_EP00118_Oscarella_pearsei_P002088                  72.60%    passed     32.78%
  50  Horcal_Hcv1.av93.c5.g410.i1                              2.05%    passed     99.81%
  51  Horcal_Hcv1.av93.c5.g410.i2                              1.03%    passed     99.78%
  52  Beraby_Baby_sb331441                                     3.77%    passed     97.96%
  53  Mlei_ML0157.g34.i1                                       1.03%    passed     99.84%
  54  Drygla_Dgla_sb301416                                     1.37%    passed     98.31%
  55  Drygla_Dgla_sb301417                                     1.37%    passed     98.31%
  56  Drygla_Dgla_sb301418                                     1.37%    passed     98.31%
  57  Drygla_Dgla_sb301419                                    21.58%    passed     99.14%
  58  Drygla_Dgla_sb301420                                    21.58%    passed     99.14%
  59  Drygla_Dgla_sb301421                                    21.58%    passed     99.14%
  60  Lampan_Lpan_C413963_01                                   0.00%    passed     98.41%
  61  Coemet_Cmet_scaffold11583_01                             9.59%    passed     99.84%
  62  Vmul_SimC393480                                          1.03%    passed     99.94%
  63  Eupdun_Edun_sb10628642                                  42.81%    passed     82.58%
  64  Pbac_sb2668349                                          16.78%    passed     98.63%
  65  Tetwil_g8168.t2                                         35.27%    passed     28.97%
  66  Plespi_Pspi_scaffold14607_01                            45.21%    passed     84.48%
  67  Plespi_Pspi_scaffold14608_01                            36.30%    passed     76.82%
  68  Lcom_lcpid60060                                          1.03%    passed     59.22%
  69  Gracom_Gcom_scaffold9056_01                              5.82%    passed     96.77%
  70  Scil_scict015480.1                                       1.03%    passed     97.02%
  71  Leuniv_Lniv_scaffold22161_01                             1.03%    passed     74.01%
  72  Acagra_model.g8762.t1                                   48.97%    passed     73.83%
  73  Amil_Amillepora08389-RA                                 25.34%    passed     99.77%
  74  Saldol_EP00054_Salpingoeca_dolichothecata_P028621        2.40%    passed     38.55%
  75  Salmac_EP00052_Salpingoeca_macrocollata_P008234         77.74%    passed     72.61%
  76  Salmac_EP00052_Salpingoeca_macrocollata_P008235          3.08%    passed     36.20%
  77  Salmac_EP00052_Salpingoeca_macrocollata_P008236         45.21%    passed      5.52%
  78  Salpun_EP00053_Salpingoeca_punica_P009875                1.03%    passed     97.01%
  79  Chofle_EP00730_Choanoeca_flexa_P018202                  54.79%    passed     76.29%
  80  Chofle_EP00730_Choanoeca_flexa_P018203                   2.05%    passed     86.19%
  81  Choper_EP00045_Choanoeca_perplexa_P002425                1.37%    passed     83.78%
  82  Acaspe_EP00035_Acanthoeca_spectabilis_P020546            3.42%    passed     62.14%
  83  Helnan_EP00037_Helgoeca_nana_P009350                     3.77%    passed     94.20%
  84  Stedip_EP00041_Stephanoeca_diplocostata_P014743          3.77%    passed     60.15%
  85  Diagra_EP00040_Diaphanoeca_grandis_P040041               3.08%    passed     87.45%
  86  Codhol_EP00042_Codosiga_hollandica_P036244               1.71%    passed     96.06%
  87  Codhol_EP00042_Codosiga_hollandica_P036238               1.71%    passed     96.06%
  88  Codhol_EP00042_Codosiga_hollandica_P036243              16.10%    passed     83.14%
  89  Codhol_EP00042_Codosiga_hollandica_P036239              31.85%    passed     17.56%
  90  Codhol_EP00042_Codosiga_hollandica_P036242              71.92%    passed     10.65%
  91  Salkve_EP00050_Salpingoeca_kvevrii_P007910               1.03%    passed     79.20%
  92  Salurc_EP00051_Salpingoeca_urceolata_P009026             1.71%    passed      9.95%
  93  Didcos_EP00039_Didymoeca_costata_P018222                 1.71%    passed     75.50%
  94  Microa_EP00043_Microstomoeca_roanoka_P029893             8.22%    passed     29.29%
  95  Microa_EP00043_Microstomoeca_roanoka_P029894             3.08%    passed     69.33%
  96  Sros_EGD83563                                            1.37%    passed     77.12%
  97  Mbre_EDQ89552                                           16.44%    passed     59.88%
  98  Stycar_maker-SC_scaffold1529-snap-gene-0.8-mRNA-1       75.00%    passed     66.95%
  99  Mylflu_EP00047_Mylnosiga_fluctuans_P008505               2.74%    failed      3.18%
 100  Mylflu_EP00047_Mylnosiga_fluctuans_P009767               2.40%    passed     46.05%
WARNING: 7 sequences contain more than 50% gaps/ambiguity
****  TOTAL                                                   12.55%  1 sequences failed composition chi2 test (p-value<5%; df=19)
NOTE: Ctel_gnl_WGS_AMQN_CAPTEDRAFT_mRNA164497 is identical to Ctel_gnl_WGS_AMQN_CAPTEDRAFT_mRNA184348 but kept for subsequent analysis
NOTE: Hhon_g11831.t1 is identical to Hhon_g06534.t1 but kept for subsequent analysis
NOTE: Drygla_Dgla_sb301417 is identical to Drygla_Dgla_sb301416 but kept for subsequent analysis
NOTE: Drygla_Dgla_sb301420 is identical to Drygla_Dgla_sb301419 but kept for subsequent analysis
NOTE: Codhol_EP00042_Codosiga_hollandica_P036238 is identical to Codhol_EP00042_Codosiga_hollandica_P036244 but kept for subsequent analysis
NOTE: 2 identical sequences (see below) will be ignored for subsequent analysis
NOTE: Drygla_Dgla_sb301418 (identical to Drygla_Dgla_sb301416) is ignored but added at the end
NOTE: Drygla_Dgla_sb301421 (identical to Drygla_Dgla_sb301419) is ignored but added at the end
Alignment was printed to results_broccoli_metc/alignments_prefiltering/OG_1341.iqtree.uniqueseq.phy

For your convenience alignment with unique sequences printed to results_broccoli_metc/alignments_prefiltering/OG_1341.iqtree.uniqueseq.phy


Create initial parsimony tree by phylogenetic likelihood library (PLL)... 0.028 seconds
Measuring multi-threading efficiency up to 2 CPU cores
Increase to 10 rounds for branch lengths
3 trees examined
Threads: 1 / Time: 2.334 sec / Speedup: 1.000 / Efficiency: 100% / LogL: -33403
Threads: 2 / Time: 1.229 sec / Speedup: 1.899 / Efficiency: 95% / LogL: -33403
BEST NUMBER OF THREADS: 2

Perform fast likelihood tree search using LG+I+G model...
Estimate model parameters (epsilon = 5.000)
Perform nearest neighbor interchange...
Estimate model parameters (epsilon = 1.000)
1. Initial log-likelihood: -20195.967
Optimal log-likelihood: -20195.928
Proportion of invariable sites: 0.037
Gamma shape alpha: 1.543
Parameters optimization took 1 rounds (0.158 sec)
Time for fast ML tree search: 2.017 seconds

NOTE: ModelFinder requires 20 MB RAM!
ModelFinder will test up to 24 protein models (sample size: 292) ...
 No. Model         -LnL         df  AIC          AICc         BIC
  1  LG            21016.938    193 42419.877    43183.999    43129.490
  2  LG+I          20887.385    194 42162.770    42942.770    42876.061
  3  LG+G4         20214.293    194 40816.585    41596.585    41529.875
  4  LG+I+G4       20195.998    195 40781.997    41578.247    41498.964
  8  LG+F+I+G4     20135.014    214 40698.028    41893.093    41484.853
 12  WAG+I+G4      20335.782    195 41061.563    41857.813    41778.530
 16  WAG+F+I+G4    20267.047    214 40962.095    42157.160    41748.920
 20  JTT+I+G4      20367.103    195 41124.206    41920.456    41841.173
 24  JTT+F+I+G4    20320.848    214 41069.696    42264.760    41856.521
Akaike Information Criterion:           LG+F+I+G4
Corrected Akaike Information Criterion: LG+I+G4
Bayesian Information Criterion:         LG+F+I+G4
Best-fit model: LG+F+I+G4 chosen according to BIC

All model information printed to results_broccoli_metc/alignments_prefiltering/OG_1341.iqtree.model.gz
CPU time for ModelFinder: 18.059 seconds (0h:0m:18s)
Wall-clock time for ModelFinder: 10.207 seconds (0h:0m:10s)
Generating 1000 samples for ultrafast bootstrap (seed: 896480)...

NOTE: 20 MB RAM (0 GB) is required!
Estimate model parameters (epsilon = 0.100)
Thoroughly optimizing +I+G parameters from 10 start values...
Init pinv, alpha: 0.000, 1.487 / Estimate: 0.037, 1.488 / LogL: -20134.974
Init pinv, alpha: 0.005, 1.487 / Estimate: 0.037, 1.488 / LogL: -20135.013
Init pinv, alpha: 0.009, 1.487 / Estimate: 0.037, 1.488 / LogL: -20135.006
Init pinv, alpha: 0.014, 1.487 / Estimate: 0.037, 1.489 / LogL: -20135.013
Init pinv, alpha: 0.018, 1.487 / Estimate: 0.037, 1.488 / LogL: -20135.008
Init pinv, alpha: 0.023, 1.487 / Estimate: 0.037, 1.488 / LogL: -20135.013
Init pinv, alpha: 0.027, 1.487 / Estimate: 0.037, 1.487 / LogL: -20135.008
Init pinv, alpha: 0.032, 1.487 / Estimate: 0.037, 1.487 / LogL: -20135.004
Init pinv, alpha: 0.037, 1.487 / Estimate: 0.037, 1.485 / LogL: -20135.005
Init pinv, alpha: 0.041, 1.487 / Estimate: 0.038, 1.487 / LogL: -20135.004
Optimal pinv,alpha: 0.037, 1.488 / LogL: -20134.974

Parameters optimization took 4.775 sec
Computing ML distances based on estimated model parameters...
Computing ML distances took 0.577990 sec (of wall-clock time) 1.152512 sec(of CPU time)
WARNING: Some pairwise ML distances are too long (saturated)
Computing RapidNJ tree took 0.001335 sec (of wall-clock time) 0.002665 sec (of CPU time)
Log-likelihood of RapidNJ tree: -20572.081
--------------------------------------------------------------------
|             INITIALIZING CANDIDATE TREE SET                      |
--------------------------------------------------------------------
Generating 98 parsimony trees... 3.109 second
Computing log-likelihood of 98 initial trees ... 4.852 seconds
Current best score: -20134.974

Do NNI search on 20 best initial trees
Estimate model parameters (epsilon = 0.100)
BETTER TREE FOUND at iteration 1: -20134.560
Estimate model parameters (epsilon = 0.100)
BETTER TREE FOUND at iteration 6: -20132.613
Iteration 10 / LogL: -20142.934 / Time: 0h:0m:26s
Iteration 20 / LogL: -20136.028 / Time: 0h:0m:40s
Finish initializing candidate tree set (20)
Current best tree score: -20132.613 / CPU time: 33.803
Number of iterations: 20
--------------------------------------------------------------------
|               OPTIMIZING CANDIDATE TREE SET                      |
--------------------------------------------------------------------
UPDATE BEST LOG-LIKELIHOOD: -20132.612
UPDATE BEST LOG-LIKELIHOOD: -20132.612
Iteration 30 / LogL: -20133.586 / Time: 0h:0m:54s (0h:5m:31s left)
Estimate model parameters (epsilon = 0.100)
BETTER TREE FOUND at iteration 32: -20131.141
Estimate model parameters (epsilon = 0.100)
BETTER TREE FOUND at iteration 38: -20129.271
Iteration 40 / LogL: -20133.141 / Time: 0h:1m:9s (0h:5m:55s left)
Estimate model parameters (epsilon = 0.100)
BETTER TREE FOUND at iteration 43: -20129.002
Iteration 50 / LogL: -20143.834 / Time: 0h:1m:23s (0h:5m:30s left)
Log-likelihood cutoff on original alignment: -20211.631
Estimate model parameters (epsilon = 0.100)
BETTER TREE FOUND at iteration 57: -20128.248
Iteration 60 / LogL: -20134.093 / Time: 0h:1m:38s (0h:5m:28s left)
Estimate model parameters (epsilon = 0.100)
BETTER TREE FOUND at iteration 64: -20128.191
UPDATE BEST LOG-LIKELIHOOD: -20128.189
Iteration 70 / LogL: -20128.189 / Time: 0h:1m:52s (0h:5m:16s left)
BETTER TREE FOUND at iteration 77: -20128.185
Iteration 80 / LogL: -20144.548 / Time: 0h:2m:8s (0h:5m:19s left)
Iteration 90 / LogL: -20128.780 / Time: 0h:2m:21s (0h:4m:56s left)
Iteration 100 / LogL: -20128.984 / Time: 0h:2m:35s (0h:4m:37s left)
Log-likelihood cutoff on original alignment: -20178.689
NOTE: Bootstrap correlation coefficient of split occurrence frequencies: 0.996
Iteration 110 / LogL: -20129.733 / Time: 0h:2m:50s (0h:4m:21s left)
Iteration 120 / LogL: -20128.458 / Time: 0h:3m:3s (0h:4m:2s left)
Iteration 130 / LogL: -20129.803 / Time: 0h:3m:17s (0h:3m:45s left)
Iteration 140 / LogL: -20134.994 / Time: 0h:3m:31s (0h:3m:28s left)
UPDATE BEST LOG-LIKELIHOOD: -20128.185
Iteration 150 / LogL: -20128.196 / Time: 0h:3m:44s (0h:3m:11s left)
Log-likelihood cutoff on original alignment: -20178.689
Iteration 160 / LogL: -20128.457 / Time: 0h:3m:58s (0h:2m:55s left)
Iteration 170 / LogL: -20128.386 / Time: 0h:4m:12s (0h:2m:39s left)
Iteration 180 / LogL: -20128.246 / Time: 0h:4m:26s (0h:2m:24s left)
UPDATE BEST LOG-LIKELIHOOD: -20128.183
Iteration 190 / LogL: -20129.913 / Time: 0h:4m:40s (0h:2m:9s left)
Iteration 200 / LogL: -20129.987 / Time: 0h:4m:55s (0h:1m:54s left)
Log-likelihood cutoff on original alignment: -20178.689
NOTE: Bootstrap correlation coefficient of split occurrence frequencies: 0.999
Iteration 210 / LogL: -20137.036 / Time: 0h:5m:10s (0h:2m:13s left)
Iteration 220 / LogL: -20129.409 / Time: 0h:5m:23s (0h:1m:58s left)
Iteration 230 / LogL: -20129.986 / Time: 0h:5m:37s (0h:1m:43s left)
Iteration 240 / LogL: -20129.160 / Time: 0h:5m:51s (0h:1m:28s left)
Iteration 250 / LogL: -20128.252 / Time: 0h:6m:5s (0h:1m:13s left)
Log-likelihood cutoff on original alignment: -20178.689
Iteration 260 / LogL: -20187.654 / Time: 0h:6m:21s (0h:0m:58s left)
Iteration 270 / LogL: -20129.003 / Time: 0h:6m:35s (0h:0m:44s left)
TREE SEARCH COMPLETED AFTER 278 ITERATIONS / Time: 0h:6m:46s

--------------------------------------------------------------------
|                    FINALIZING TREE SEARCH                        |
--------------------------------------------------------------------
Performs final model parameters optimization
Estimate model parameters (epsilon = 0.010)
1. Initial log-likelihood: -20128.183
Optimal log-likelihood: -20128.182
Proportion of invariable sites: 0.037
Gamma shape alpha: 1.498
Parameters optimization took 1 rounds (0.156 sec)
BEST SCORE FOUND : -20128.182
Creating bootstrap support values...
Split supports printed to NEXUS file results_broccoli_metc/alignments_prefiltering/OG_1341.iqtree.splits.nex
Total tree length: 27.779

Total number of iterations: 278
CPU time used for tree search: 791.347 sec (0h:13m:11s)
Wall-clock time used for tree search: 400.015 sec (0h:6m:40s)
Total CPU time used: 804.480 sec (0h:13m:24s)
Total wall-clock time used: 406.686 sec (0h:6m:46s)

Computing bootstrap consensus tree...
Reading input file results_broccoli_metc/alignments_prefiltering/OG_1341.iqtree.splits.nex...
98 taxa and 469 splits.
Consensus tree written to results_broccoli_metc/alignments_prefiltering/OG_1341.iqtree.contree
Reading input trees file results_broccoli_metc/alignments_prefiltering/OG_1341.iqtree.contree
Log-likelihood of consensus tree: -20128.188

Analysis results written to: 
  IQ-TREE report:                results_broccoli_metc/alignments_prefiltering/OG_1341.iqtree.iqtree
  Maximum-likelihood tree:       results_broccoli_metc/alignments_prefiltering/OG_1341.iqtree.treefile
  Likelihood distances:          results_broccoli_metc/alignments_prefiltering/OG_1341.iqtree.mldist

Ultrafast bootstrap approximation results written to:
  Split support values:          results_broccoli_metc/alignments_prefiltering/OG_1341.iqtree.splits.nex
  Consensus tree:                results_broccoli_metc/alignments_prefiltering/OG_1341.iqtree.contree
  Screen log file:               results_broccoli_metc/alignments_prefiltering/OG_1341.iqtree.log

Date and Time: Wed Jun  1 15:41:43 2022
