IQ-TREE multicore version 2.1.0 for Linux 64-bit built Jul 18 2020
Developed by Bui Quang Minh, James Barbetti, Nguyen Lam Tung,
Olga Chernomor, Heiko Schmidt, Dominik Schrempf, Michael Woodhams.

Host:    node-hp0503.linux.crg.es (AVX, 125 GB RAM)
Command: /users/asebe/xgraubove/Programes/iqtree-2.1.0-Linux/bin/iqtree2 -s results_broccoli_metc/alignments_prefiltering/OG_2189.lt.fasta -m TEST -mset LG,WAG,JTT -nt AUTO -ntmax 2 -bb 1000 -pre results_broccoli_metc/alignments_prefiltering/OG_2189.iqtree -nm 10000 -nstop 200 -cptime 1800
Seed:    252517 (Using SPRNG - Scalable Parallel Random Number Generator)
Time:    Wed Jun  1 17:53:31 2022
Kernel:  AVX - auto-detect threads (2 CPU cores detected)

Reading alignment file results_broccoli_metc/alignments_prefiltering/OG_2189.lt.fasta ... Fasta format detected
Alignment most likely contains protein sequences
Alignment has 96 sequences with 624 columns, 624 distinct patterns
616 parsimony-informative, 0 singleton sites, 8 constant sites
                                                    Gap/Ambiguity  Composition  p-value
   1  Lcom_lcpid51017                                      10.26%    failed      1.80%
   2  Lcom_lcpid56331                                       8.97%    failed      3.99%
   3  Lcom_lcpid54140                                      25.32%    passed      5.64%
   4  Gracom_Gcom_scaffold13708_01                         24.36%    passed     23.81%
   5  Scil_scict004194.1                                   14.74%    passed     14.41%
   6  Leuniv_Lniv_scaffold13495_01                         75.48%    failed      0.00%
   7  Leuniv_Lniv_scaffold13497_01                          8.01%    passed      6.89%
   8  Leuniv_Lniv_scaffold13496_01                         74.52%    failed      0.00%
   9  Clacor_Ccor_scaffold13384_01                         42.31%    passed     12.24%
  10  Aque_Aqu2.1.35780_001                                12.82%    passed     95.21%
  11  Halamb_c41992_g1_i1m.14422                           13.14%    passed     82.70%
  12  Xestes_maker-XT_scaffold12185-snap-gene-0.5-mRNA-1   51.28%    passed      6.09%
  13  Tetwil_g6249.t1                                      15.22%    passed     69.25%
  14  Spolac_c102293_g1_i1_m.28716c102293-g1               14.90%    passed     14.09%
  15  Spolac_c102293_g1_i2_m.28717c102293-g1               81.89%    passed     32.07%
  16  Emue_Em0020g1028a.t1                                 35.58%    failed      1.29%
  17  Bralan_BLAG09001066_1                                 3.53%    passed     44.87%
  18  Opea_EP00118_Oscarella_pearsei_P009895               55.29%    passed      5.13%
  19  Ocar_g10545                                          83.65%    passed     71.65%
  20  Opea_EP00118_Oscarella_pearsei_P009897               22.60%    passed     40.70%
  21  Plajan_Pjan_C563758_01                               20.03%    passed     71.72%
  22  Acagra_model.g3531.t1.1.5d3b8287                      7.05%    passed     88.90%
  23  Hsap_ENST00000379672                                  3.21%    passed     35.18%
  24  Spis_XP_022799162_1                                  31.09%    failed      3.23%
  25  Pocdam_XM_027187721.1                                10.42%    passed     63.12%
  26  Gasp_gasp1.m3.8878.m1                                 9.46%    passed     46.30%
  27  Fspp_ffun1.m4.20709.m1                               11.86%    passed     36.89%
  28  Gfas_gfas1.m1.16214.m1                               14.58%    passed     27.33%
  29  Amil_Amillepora14260-RA                              16.67%    passed     81.86%
  30  Adig_XM_015923433.1                                  14.26%    passed     95.56%
  31  Nemnom_g14170.t1                                     12.34%    passed     97.73%
  32  Rhoesc_Res_014309-T1                                 12.34%    passed     99.07%
  33  Aaur_scaffold3136.g2.t1                              55.29%    passed     41.99%
  34  Sanmal_Sma_012946-T1                                 12.18%    passed     84.83%
  35  Hvul_g18419_1                                        35.10%    failed      0.30%
  36  Chem_TCONS_00049548                                   6.89%    passed     92.97%
  37  Dgig_XM_028539802.1                                  15.06%    passed     49.57%
  38  Xesp_018783-T1                                       42.95%    failed      0.62%
  39  Cgig_XM_034456779.1                                   1.92%    passed     79.51%
  40  Morvir_scaffold433.g12.t1                            25.96%    passed     31.88%
  41  Cscu_XM_023363365.1                                  32.05%    passed      6.14%
  42  Cscu_XM_023375402.1                                   4.49%    failed      0.02%
  43  Ctel_gnl_WGS_AMQN_CAPTEDRAFT_mRNA221706               3.04%    failed      0.94%
  44  Exapal_XM_021060737.2                                45.83%    passed     71.89%
  45  Nvec_NVE17260                                        59.46%    passed     50.75%
  46  Nvec_v1g159777                                       16.83%    passed     94.28%
  47  Hsap_ENST00000289968                                  1.92%    passed      9.78%
  48  Spur_XM_030984365.1                                   5.61%    passed     12.13%
  49  Skow_XM_006812010.1                                  46.79%    passed     17.09%
  50  Hsap_ENST00000649765                                  6.57%    failed      0.45%
  51  Hsap_ENST00000451997                                 20.83%    passed     14.07%
  52  Dpul_mRNA29943                                       29.97%    failed      0.21%
  53  HoiH23_PlH23_010844-RA                               34.13%    passed     11.01%
  54  HoiH06_mRNA10302                                     32.21%    passed      5.87%
  55  Hhon_g07783.t1                                       30.61%    failed      2.42%
  56  HoiH04_mRNA6638                                      33.01%    failed      4.50%
  57  TrH2_TrispH2_010466-RA                               30.61%    passed      9.62%
  58  Tadh_TriadT52954                                     30.61%    passed      9.62%
  59  HoiH11_mRNA5023                                      50.80%    failed      0.09%
  60  Plespi_Pspi_scaffold16_01                            24.36%    passed     94.46%
  61  Tcas_TC003222_001                                     8.17%    passed     39.27%
  62  Bolinf_Binf_sb1224450                                56.89%    passed     85.26%
  63  Mertsp_Mesp_sb537321                                 48.24%    failed      0.74%
  64  Mertsp_Mesp_sb537322                                 48.24%    failed      0.74%
  65  Beraby_Baby_sb333648                                 34.29%    passed     60.61%
  66  Beraby_Baby_sb333649                                 57.85%    passed     45.02%
  67  Beraby_Baby_sb333650                                 76.60%    passed     61.24%
  68  Mlei_ML1906.g14.i1                                    5.93%    passed      7.34%
  69  Vmul_sbMO413647                                      42.15%    passed     43.80%
  70  Lampan_Lpan_13716_01                                 12.02%    passed     38.71%
  71  Coemet_Cmet_scaffold4678_01                           6.57%    passed     22.85%
  72  Vmul_SimC396322                                      29.33%    passed     69.81%
  73  Horcal_Hcv1.av93.c1.g1011.i1                          6.41%    passed     94.37%
  74  Pbac_sb2660254                                        6.73%    passed     94.15%
  75  Codhol_EP00042_Codosiga_hollandica_P054584           35.10%    failed      1.88%
  76  Acaspe_EP00035_Acanthoeca_spectabilis_P036898        15.54%    passed     18.84%
  77  Helnan_EP00037_Helgoeca_nana_P018485                 16.99%    passed     44.73%
  78  Stedip_EP00041_Stephanoeca_diplocostata_P036360      11.06%    failed      2.02%
  79  Diagra_EP00040_Diaphanoeca_grandis_P021233           14.58%    passed     22.38%
  80  Didcos_EP00039_Didymoeca_costata_P019790             23.56%    passed     86.75%
  81  Salurc_EP00051_Salpingoeca_urceolata_P000899         16.35%    passed      7.55%
  82  Saldol_EP00054_Salpingoeca_dolichothecata_P030334    15.54%    passed      7.45%
  83  Salinf_EP00049_Salpingoeca_infusionum_P007404        10.58%    passed     12.52%
  84  Salinf_EP00049_Salpingoeca_infusionum_P007405        10.58%    passed     12.52%
  85  Microa_EP00043_Microstomoeca_roanoka_P018044         17.15%    passed     68.11%
  86  Sros_EGD82974                                        12.18%    failed      0.17%
  87  Mylflu_EP00047_Mylnosiga_fluctuans_P008691           12.18%    failed      0.07%
  88  Salpun_EP00053_Salpingoeca_punica_P017838            67.95%    failed      0.00%
  89  Salpun_EP00053_Salpingoeca_punica_P017841            66.03%    failed      0.00%
  90  Salpun_EP00053_Salpingoeca_punica_P017842             4.49%    passed      5.48%
  91  Salkve_EP00050_Salpingoeca_kvevrii_P007648           15.54%    failed      0.00%
  92  Chofle_EP00730_Choanoeca_flexa_P001704                8.33%    passed     84.90%
  93  Chofle_EP00730_Choanoeca_flexa_P001707               25.48%    passed     22.18%
  94  Choper_EP00045_Choanoeca_perplexa_P016458            10.10%    passed     14.59%
  95  Mbre_EDQ88391                                        11.86%    failed      1.11%
  96  Salmac_EP00052_Salpingoeca_macrocollata_P021360      12.18%    failed      4.80%
WARNING: 14 sequences contain more than 50% gaps/ambiguity
****  TOTAL                                                25.47%  26 sequences failed composition chi2 test (p-value<5%; df=19)
NOTE: Tadh_TriadT52954 is identical to TrH2_TrispH2_010466-RA but kept for subsequent analysis
NOTE: Mertsp_Mesp_sb537322 is identical to Mertsp_Mesp_sb537321 but kept for subsequent analysis
NOTE: Salinf_EP00049_Salpingoeca_infusionum_P007405 is identical to Salinf_EP00049_Salpingoeca_infusionum_P007404 but kept for subsequent analysis


Create initial parsimony tree by phylogenetic likelihood library (PLL)... 0.043 seconds
Measuring multi-threading efficiency up to 2 CPU cores
10 trees examined
Threads: 1 / Time: 2.142 sec / Speedup: 1.000 / Efficiency: 100% / LogL: -90514
Threads: 2 / Time: 1.098 sec / Speedup: 1.951 / Efficiency: 98% / LogL: -90514
BEST NUMBER OF THREADS: 2

Perform fast likelihood tree search using LG+I+G model...
Estimate model parameters (epsilon = 5.000)
Perform nearest neighbor interchange...
Estimate model parameters (epsilon = 1.000)
1. Initial log-likelihood: -61482.591
Optimal log-likelihood: -61482.529
Proportion of invariable sites: 0.013
Gamma shape alpha: 2.017
Parameters optimization took 1 rounds (0.326 sec)
Time for fast ML tree search: 3.455 seconds

NOTE: ModelFinder requires 40 MB RAM!
ModelFinder will test up to 24 protein models (sample size: 624) ...
 No. Model         -LnL         df  AIC          AICc         BIC
  1  LG            63008.103    189 126394.206   126559.690   127232.639
  2  LG+I          62800.860    190 125981.720   126149.342   126824.589
  3  LG+G4         61530.925    190 123441.850   123609.472   124284.719
  4  LG+I+G4       61482.534    191 123347.069   123516.847   124194.374
  8  LG+F+I+G4     61352.189    210 123124.379   123338.955   124055.970
 12  WAG+I+G4      61766.430    191 123914.860   124084.638   124762.165
 16  WAG+F+I+G4    61821.113    210 124062.227   124276.803   124993.818
 20  JTT+I+G4      61868.645    191 124119.291   124289.068   124966.595
 24  JTT+F+I+G4    61805.712    210 124031.424   124246.000   124963.016
Akaike Information Criterion:           LG+F+I+G4
Corrected Akaike Information Criterion: LG+F+I+G4
Bayesian Information Criterion:         LG+F+I+G4
Best-fit model: LG+F+I+G4 chosen according to BIC

All model information printed to results_broccoli_metc/alignments_prefiltering/OG_2189.iqtree.model.gz
CPU time for ModelFinder: 30.205 seconds (0h:0m:30s)
Wall-clock time for ModelFinder: 16.374 seconds (0h:0m:16s)
Generating 1000 samples for ultrafast bootstrap (seed: 252517)...

NOTE: 40 MB RAM (0 GB) is required!
Estimate model parameters (epsilon = 0.100)
Thoroughly optimizing +I+G parameters from 10 start values...
Init pinv, alpha: 0.000, 2.007 / Estimate: 0.013, 2.006 / LogL: -61352.173
Init pinv, alpha: 0.001, 2.007 / Estimate: 0.013, 2.009 / LogL: -61352.195
Init pinv, alpha: 0.003, 2.007 / Estimate: 0.013, 2.007 / LogL: -61352.191
Init pinv, alpha: 0.004, 2.007 / Estimate: 0.013, 2.007 / LogL: -61352.188
Init pinv, alpha: 0.006, 2.007 / Estimate: 0.013, 2.007 / LogL: -61352.184
Init pinv, alpha: 0.007, 2.007 / Estimate: 0.013, 2.007 / LogL: -61352.182
Init pinv, alpha: 0.009, 2.007 / Estimate: 0.013, 2.007 / LogL: -61352.180
Init pinv, alpha: 0.010, 2.007 / Estimate: 0.013, 2.007 / LogL: -61352.178
Init pinv, alpha: 0.011, 2.007 / Estimate: 0.013, 2.007 / LogL: -61352.179
Init pinv, alpha: 0.013, 2.007 / Estimate: 0.013, 2.005 / LogL: -61352.177
Optimal pinv,alpha: 0.013, 2.006 / LogL: -61352.173

Parameters optimization took 6.251 sec
Computing ML distances based on estimated model parameters...
Computing ML distances took 0.642232 sec (of wall-clock time) 1.278940 sec(of CPU time)
WARNING: Some pairwise ML distances are too long (saturated)
Computing RapidNJ tree took 0.001492 sec (of wall-clock time) 0.001971 sec (of CPU time)
Log-likelihood of RapidNJ tree: -62214.880
--------------------------------------------------------------------
|             INITIALIZING CANDIDATE TREE SET                      |
--------------------------------------------------------------------
Generating 98 parsimony trees... 4.962 second
Computing log-likelihood of 98 initial trees ... 9.561 seconds
Current best score: -61352.173

Do NNI search on 20 best initial trees
Estimate model parameters (epsilon = 0.100)
BETTER TREE FOUND at iteration 1: -61338.499
Iteration 10 / LogL: -61338.712 / Time: 0h:0m:44s
Iteration 20 / LogL: -61345.857 / Time: 0h:1m:6s
Finish initializing candidate tree set (14)
Current best tree score: -61338.499 / CPU time: 58.443
Number of iterations: 20
--------------------------------------------------------------------
|               OPTIMIZING CANDIDATE TREE SET                      |
--------------------------------------------------------------------
Iteration 30 / LogL: -61338.524 / Time: 0h:1m:28s (0h:8m:44s left)
Iteration 40 / LogL: -61338.583 / Time: 0h:1m:55s (0h:7m:54s left)
Iteration 50 / LogL: -61338.828 / Time: 0h:2m:20s (0h:7m:12s left)
Log-likelihood cutoff on original alignment: -61380.869
Iteration 60 / LogL: -61338.542 / Time: 0h:2m:44s (0h:6m:32s left)
Iteration 70 / LogL: -61338.608 / Time: 0h:3m:11s (0h:6m:3s left)
Iteration 80 / LogL: -61338.536 / Time: 0h:3m:33s (0h:5m:26s left)
Iteration 90 / LogL: -61338.506 / Time: 0h:3m:59s (0h:4m:58s left)
Iteration 100 / LogL: -61338.521 / Time: 0h:4m:26s (0h:4m:31s left)
Log-likelihood cutoff on original alignment: -61381.962
NOTE: Bootstrap correlation coefficient of split occurrence frequencies: 0.999
Iteration 110 / LogL: -61345.410 / Time: 0h:4m:52s (0h:4m:4s left)
Iteration 120 / LogL: -61338.508 / Time: 0h:5m:18s (0h:3m:37s left)
Iteration 130 / LogL: -61338.905 / Time: 0h:5m:43s (0h:3m:8s left)
Iteration 140 / LogL: -61338.568 / Time: 0h:6m:7s (0h:2m:41s left)
Iteration 150 / LogL: -61338.554 / Time: 0h:6m:32s (0h:2m:14s left)
Log-likelihood cutoff on original alignment: -61380.869
Iteration 160 / LogL: -61338.691 / Time: 0h:6m:57s (0h:1m:47s left)
Iteration 170 / LogL: -61338.545 / Time: 0h:7m:23s (0h:1m:21s left)
Iteration 180 / LogL: -61338.548 / Time: 0h:7m:47s (0h:0m:54s left)
Iteration 190 / LogL: -61338.525 / Time: 0h:8m:15s (0h:0m:28s left)
Iteration 200 / LogL: -61338.508 / Time: 0h:8m:40s (0h:0m:2s left)
Log-likelihood cutoff on original alignment: -61380.869
NOTE: Bootstrap correlation coefficient of split occurrence frequencies: 1.000
TREE SEARCH COMPLETED AFTER 202 ITERATIONS / Time: 0h:8m:46s

--------------------------------------------------------------------
|                    FINALIZING TREE SEARCH                        |
--------------------------------------------------------------------
Performs final model parameters optimization
Estimate model parameters (epsilon = 0.010)
1. Initial log-likelihood: -61338.499
Optimal log-likelihood: -61338.497
Proportion of invariable sites: 0.013
Gamma shape alpha: 2.006
Parameters optimization took 1 rounds (0.316 sec)
BEST SCORE FOUND : -61338.497
Creating bootstrap support values...
Split supports printed to NEXUS file results_broccoli_metc/alignments_prefiltering/OG_2189.iqtree.splits.nex
Total tree length: 45.860

Total number of iterations: 202
CPU time used for tree search: 1027.121 sec (0h:17m:7s)
Wall-clock time used for tree search: 518.788 sec (0h:8m:38s)
Total CPU time used: 1043.620 sec (0h:17m:23s)
Total wall-clock time used: 527.198 sec (0h:8m:47s)

Computing bootstrap consensus tree...
Reading input file results_broccoli_metc/alignments_prefiltering/OG_2189.iqtree.splits.nex...
96 taxa and 362 splits.
Consensus tree written to results_broccoli_metc/alignments_prefiltering/OG_2189.iqtree.contree
Reading input trees file results_broccoli_metc/alignments_prefiltering/OG_2189.iqtree.contree
Log-likelihood of consensus tree: -61338.516

Analysis results written to: 
  IQ-TREE report:                results_broccoli_metc/alignments_prefiltering/OG_2189.iqtree.iqtree
  Maximum-likelihood tree:       results_broccoli_metc/alignments_prefiltering/OG_2189.iqtree.treefile
  Likelihood distances:          results_broccoli_metc/alignments_prefiltering/OG_2189.iqtree.mldist

Ultrafast bootstrap approximation results written to:
  Split support values:          results_broccoli_metc/alignments_prefiltering/OG_2189.iqtree.splits.nex
  Consensus tree:                results_broccoli_metc/alignments_prefiltering/OG_2189.iqtree.contree
  Screen log file:               results_broccoli_metc/alignments_prefiltering/OG_2189.iqtree.log

Date and Time: Wed Jun  1 18:02:35 2022
