IQ-TREE multicore version 2.1.0 for Linux 64-bit built Jul 18 2020
Developed by Bui Quang Minh, James Barbetti, Nguyen Lam Tung,
Olga Chernomor, Heiko Schmidt, Dominik Schrempf, Michael Woodhams.

Host:    node-hp0512.linux.crg.es (AVX, 125 GB RAM)
Command: /users/asebe/xgraubove/Programes/iqtree-2.1.0-Linux/bin/iqtree2 -s results_broccoli_metc/alignments_prefiltering/OG_2355.lt.fasta -m TEST -mset LG,WAG,JTT -nt AUTO -ntmax 2 -bb 1000 -pre results_broccoli_metc/alignments_prefiltering/OG_2355.iqtree -nm 10000 -nstop 200 -cptime 1800
Seed:    224337 (Using SPRNG - Scalable Parallel Random Number Generator)
Time:    Wed Jun  1 18:33:03 2022
Kernel:  AVX - auto-detect threads (2 CPU cores detected)

Reading alignment file results_broccoli_metc/alignments_prefiltering/OG_2355.lt.fasta ... Fasta format detected
Alignment most likely contains protein sequences
Alignment has 84 sequences with 186 columns, 185 distinct patterns
177 parsimony-informative, 0 singleton sites, 9 constant sites
                                                        Gap/Ambiguity  Composition  p-value
   1  Lcom_lcpid82692                                           3.23%    passed     64.67%
   2  Gracom_Gcom_scaffold17364_01                              5.91%    passed     94.80%
   3  Scil_scict000089.1                                       19.89%    failed      1.61%
   4  Aque_Aqu2.1.27457_001                                    34.41%    passed     24.57%
   5  Aque_Aqu2.1.27460_001                                    33.33%    passed     71.70%
   6  Halamb_c40871_g1_i1mm.866                                 5.38%    passed     14.38%
   7  Tetwil_g26703.t1                                         15.05%    passed      7.04%
   8  Xestes_maker-XT_scaffold56538-augustus-gene-0.3-mRNA-1   33.87%    passed     15.75%
   9  Emue_Em0015g1260a.t1                                     11.29%    passed     67.41%
  10  Spolac_c95835_g1_i1_m.12105c95835-g1                     11.29%    passed      9.15%
  11  Bralan_BLAG01001510_1                                     9.14%    passed     95.13%
  12  Hsap_ENST00000326132                                      2.15%    passed     97.61%
  13  Cgig_XM_011424255.3                                       7.53%    passed     99.92%
  14  Cscu_XM_023353761.1                                       5.91%    passed     99.77%
  15  Ctel_gnl_WGS_AMQN_CAPTEDRAFT_mRNA148333                   3.76%    passed     99.97%
  16  Tcas_TC012429_001                                         3.23%    passed     97.59%
  17  Spur_XM_780309.5                                          4.84%    passed     99.75%
  18  Spur_XM_030992178.1                                       4.84%    passed     99.75%
  19  Spis_XP_022785779_1                                       7.53%    passed     98.75%
  20  Pocdam_XM_027183865.1                                    38.17%    passed     77.16%
  21  Fspp_ffun1.m4.9018.m1                                     7.53%    passed     96.69%
  22  Gasp_gasp1.m3.27726.m1                                    6.99%    passed     99.63%
  23  Nvec_v1g245009                                           39.78%    passed     81.01%
  24  Exapal_XM_021059169.1                                     5.91%    passed     95.67%
  25  Amil_Amillepora24943-RA                                  33.87%    passed      6.66%
  26  Adig_XM_015913727.1                                      52.69%    passed     69.72%
  27  Gfas_gfas1.m1.16010.m1                                   12.90%    passed     53.14%
  28  Sanmal_Sma_018737-T1                                     17.20%    passed     10.86%
  29  Rhoesc_Res_006871-T1                                      4.30%    passed     76.00%
  30  Aaur_scaffold1122.g10.t1                                 67.20%    passed     51.49%
  31  Aaur_scaffold1122.g9.t1                                   5.38%    passed     69.96%
  32  Chem_TCONS_00016833                                       0.00%    passed     74.59%
  33  Dgig_XM_028544610.1                                       2.69%    passed     73.82%
  34  Dgig_XM_028545175.1                                       2.69%    passed     99.06%
  35  Xesp_004789-T1                                            5.91%    passed     98.30%
  36  HoiH23_PlH23_010378-RA                                   12.37%    passed     40.93%
  37  HoiH06_mRNA6714                                           5.38%    passed     85.71%
  38  Hhon_g00732.t1                                            6.45%    passed     65.18%
  39  HoiH04_mRNA15145                                          6.45%    passed     65.18%
  40  HoiH11_mRNA5010                                           5.91%    passed     68.93%
  41  TrH2_TrispH2_002036-RA                                    4.84%    passed     52.33%
  42  Tadh_TriadT50677                                          4.84%    passed     52.33%
  43  Hvul_g14471_1                                             8.60%    passed     99.87%
  44  Dpul_mRNA11977                                            3.76%    passed     94.36%
  45  Hsap_ENST00000375094                                      8.06%    passed     64.45%
  46  Bolinf_Binf_sb1230671                                    26.34%    passed     81.79%
  47  Mlei_ML0925.g6.i1                                         9.68%    passed     87.63%
  48  Mertsp_Mesp_sb564176                                     35.48%    passed     63.71%
  49  Beraby_Baby_sb334461                                     10.75%    passed     88.59%
  50  Beraby_Baby_sb334462                                     10.75%    passed     88.59%
  51  Pbac_sb2667053                                           12.37%    passed     99.50%
  52  Horcal_Hcv1.av93.c4.g91.i1                                9.14%    passed     98.65%
  53  Horcal_Hcv1.av93.c4.g91.i2                                9.14%    passed     98.65%
  54  Lampan_Lpan_13500_01                                     10.75%    passed     99.80%
  55  Vmul_sbMO442216                                           8.06%    passed     95.03%
  56  Vmul_Simscaffold7546_01                                  13.98%    passed     70.65%
  57  Coemet_Cmet_C583160_01                                    9.14%    passed     99.71%
  58  Eupdun_Edun_sb10650621                                   12.90%    passed     98.22%
  59  Clacor_Ccor_scaffold2608_01                              13.98%    passed     98.02%
  60  Skow_XM_006818023.1                                      14.52%    passed     72.18%
  61  Opea_EP00118_Oscarella_pearsei_P004149                   10.75%    passed     93.35%
  62  Nemnom_g7727.t1                                          10.75%    passed     10.08%
  63  Saldol_EP00054_Salpingoeca_dolichothecata_P009705         9.68%    passed     91.89%
  64  Codhol_EP00042_Codosiga_hollandica_P041780               24.73%    failed      0.14%
  65  Codhol_EP00042_Codosiga_hollandica_P041774               22.58%    failed      0.02%
  66  Codhol_EP00042_Codosiga_hollandica_P041769               27.42%    failed      0.47%
  67  Codhol_EP00042_Codosiga_hollandica_P041773               12.37%    failed      2.74%
  68  Codhol_EP00042_Codosiga_hollandica_P041775               18.28%    failed      3.01%
  69  Codhol_EP00042_Codosiga_hollandica_P041772               15.05%    failed      1.77%
  70  Codhol_EP00042_Codosiga_hollandica_P041778               15.05%    failed      3.30%
  71  Codhol_EP00042_Codosiga_hollandica_P041776               47.85%    failed      1.10%
  72  Codhol_EP00042_Codosiga_hollandica_P041768               24.73%    failed      0.32%
  73  Codhol_EP00042_Codosiga_hollandica_P041779               14.52%    failed      0.00%
  74  Codhol_EP00042_Codosiga_hollandica_P041767               49.46%    passed     15.97%
  75  Salurc_EP00051_Salpingoeca_urceolata_P031983              5.91%    passed     56.53%
  76  Microa_EP00043_Microstomoeca_roanoka_P003903              9.14%    failed      2.87%
  77  Sros_EGD77884                                             8.06%    failed      2.10%
  78  Salpun_EP00053_Salpingoeca_punica_P019493                10.22%    passed     40.70%
  79  Salkve_EP00050_Salpingoeca_kvevrii_P018029               16.13%    passed     96.80%
  80  Mylflu_EP00047_Mylnosiga_fluctuans_P003916               11.29%    passed     51.94%
  81  Salmac_EP00052_Salpingoeca_macrocollata_P031964          12.90%    passed     98.97%
  82  Choper_EP00045_Choanoeca_perplexa_P013644                 9.68%    passed     46.82%
  83  Lcom_lcpid124131                                         22.04%    passed     47.92%
  84  Lcom_lcpid124132                                         22.04%    passed     10.76%
WARNING: 2 sequences contain more than 50% gaps/ambiguity
****  TOTAL                                                    14.64%  13 sequences failed composition chi2 test (p-value<5%; df=19)
NOTE: HoiH04_mRNA15145 is identical to Hhon_g00732.t1 but kept for subsequent analysis
NOTE: Tadh_TriadT50677 is identical to TrH2_TrispH2_002036-RA but kept for subsequent analysis
NOTE: Beraby_Baby_sb334462 is identical to Beraby_Baby_sb334461 but kept for subsequent analysis
NOTE: Horcal_Hcv1.av93.c4.g91.i2 is identical to Horcal_Hcv1.av93.c4.g91.i1 but kept for subsequent analysis


Create initial parsimony tree by phylogenetic likelihood library (PLL)... 0.021 seconds
Measuring multi-threading efficiency up to 2 CPU cores
Increase to 10 rounds for branch lengths
5 trees examined
Threads: 1 / Time: 2.149 sec / Speedup: 1.000 / Efficiency: 100% / LogL: -21904
Threads: 2 / Time: 1.196 sec / Speedup: 1.797 / Efficiency: 90% / LogL: -21904
BEST NUMBER OF THREADS: 2

Perform fast likelihood tree search using LG+I+G model...
Estimate model parameters (epsilon = 5.000)
Perform nearest neighbor interchange...
Estimate model parameters (epsilon = 1.000)
1. Initial log-likelihood: -14253.908
Optimal log-likelihood: -14253.745
Proportion of invariable sites: 0.038
Gamma shape alpha: 1.247
Parameters optimization took 1 rounds (0.150 sec)
Time for fast ML tree search: 1.095 seconds

NOTE: ModelFinder requires 11 MB RAM!
ModelFinder will test up to 24 protein models (sample size: 186) ...
 No. Model         -LnL         df  AIC          AICc         BIC
  1  LG            14918.347    165 30166.694    32905.694    30698.942
  2  LG+I          14807.448    166 29946.897    32865.002    30482.370
  3  LG+G4         14262.932    166 28857.863    31775.968    29393.337
  4  LG+I+G4       14253.742    167 28841.483    31958.817    29380.183
  8  LG+F+I+G4     14028.163    186 28428.326    97992.326    29028.315
 12  WAG+I+G4      14270.528    167 28875.055    31992.389    29413.755
 16  WAG+F+I+G4    14072.378    186 28516.756    98080.756    29116.745
 20  JTT+I+G4      14280.229    167 28894.458    32011.791    29433.158
 24  JTT+F+I+G4    14137.608    186 28647.216    98211.216    29247.205
Akaike Information Criterion:           LG+F+I+G4
Corrected Akaike Information Criterion: LG+G4
Bayesian Information Criterion:         LG+F+I+G4
Best-fit model: LG+F+I+G4 chosen according to BIC

All model information printed to results_broccoli_metc/alignments_prefiltering/OG_2355.iqtree.model.gz
CPU time for ModelFinder: 11.324 seconds (0h:0m:11s)
Wall-clock time for ModelFinder: 6.721 seconds (0h:0m:6s)
Generating 1000 samples for ultrafast bootstrap (seed: 224337)...

NOTE: 11 MB RAM (0 GB) is required!
Estimate model parameters (epsilon = 0.100)
Thoroughly optimizing +I+G parameters from 10 start values...
Init pinv, alpha: 0.000, 1.263 / Estimate: 0.041, 1.262 / LogL: -14028.093
Init pinv, alpha: 0.005, 1.263 / Estimate: 0.041, 1.262 / LogL: -14028.094
Init pinv, alpha: 0.011, 1.263 / Estimate: 0.040, 1.263 / LogL: -14028.109
Init pinv, alpha: 0.016, 1.263 / Estimate: 0.040, 1.263 / LogL: -14028.101
Init pinv, alpha: 0.022, 1.263 / Estimate: 0.040, 1.261 / LogL: -14028.126
Init pinv, alpha: 0.027, 1.263 / Estimate: 0.040, 1.262 / LogL: -14028.117
Init pinv, alpha: 0.032, 1.263 / Estimate: 0.040, 1.263 / LogL: -14028.110
Init pinv, alpha: 0.038, 1.263 / Estimate: 0.040, 1.262 / LogL: -14028.128
Init pinv, alpha: 0.043, 1.263 / Estimate: 0.041, 1.265 / LogL: -14028.125
Init pinv, alpha: 0.048, 1.263 / Estimate: 0.041, 1.263 / LogL: -14028.097
Optimal pinv,alpha: 0.041, 1.262 / LogL: -14028.093

Parameters optimization took 2.792 sec
Computing ML distances based on estimated model parameters...
Computing ML distances took 0.443917 sec (of wall-clock time) 0.887525 sec(of CPU time)
WARNING: Some pairwise ML distances are too long (saturated)
Computing RapidNJ tree took 0.001253 sec (of wall-clock time) 0.002494 sec (of CPU time)
Log-likelihood of RapidNJ tree: -14231.206
--------------------------------------------------------------------
|             INITIALIZING CANDIDATE TREE SET                      |
--------------------------------------------------------------------
Generating 98 parsimony trees... 1.870 second
Computing log-likelihood of 98 initial trees ... 2.835 seconds
Current best score: -14028.093

Do NNI search on 20 best initial trees
Estimate model parameters (epsilon = 0.100)
BETTER TREE FOUND at iteration 1: -14023.697
Estimate model parameters (epsilon = 0.100)
BETTER TREE FOUND at iteration 5: -14020.453
Iteration 10 / LogL: -14034.306 / Time: 0h:0m:17s
Iteration 20 / LogL: -14021.031 / Time: 0h:0m:27s
Finish initializing candidate tree set (20)
Current best tree score: -14020.453 / CPU time: 23.754
Number of iterations: 20
--------------------------------------------------------------------
|               OPTIMIZING CANDIDATE TREE SET                      |
--------------------------------------------------------------------
Estimate model parameters (epsilon = 0.100)
BETTER TREE FOUND at iteration 21: -14019.500
Estimate model parameters (epsilon = 0.100)
BETTER TREE FOUND at iteration 24: -14019.123
Estimate model parameters (epsilon = 0.100)
BETTER TREE FOUND at iteration 25: -14018.907
Estimate model parameters (epsilon = 0.100)
BETTER TREE FOUND at iteration 30: -14016.070
Iteration 30 / LogL: -14016.070 / Time: 0h:0m:35s (0h:4m:7s left)
Estimate model parameters (epsilon = 0.100)
BETTER TREE FOUND at iteration 32: -14014.555
Iteration 40 / LogL: -14016.159 / Time: 0h:0m:43s (0h:3m:36s left)
Estimate model parameters (epsilon = 0.100)
BETTER TREE FOUND at iteration 46: -14012.895
Iteration 50 / LogL: -14014.565 / Time: 0h:0m:52s (0h:3m:29s left)
Log-likelihood cutoff on original alignment: -14057.359
Iteration 60 / LogL: -14013.967 / Time: 0h:1m:1s (0h:3m:13s left)
Estimate model parameters (epsilon = 0.100)
BETTER TREE FOUND at iteration 61: -14012.836
Iteration 70 / LogL: -14015.731 / Time: 0h:1m:10s (0h:3m:14s left)
UPDATE BEST LOG-LIKELIHOOD: -14012.835
Iteration 80 / LogL: -14013.202 / Time: 0h:1m:19s (0h:3m:1s left)
Iteration 90 / LogL: -14019.820 / Time: 0h:1m:28s (0h:2m:49s left)
Iteration 100 / LogL: -14016.777 / Time: 0h:1m:36s (0h:2m:36s left)
Log-likelihood cutoff on original alignment: -14057.359
NOTE: Bootstrap correlation coefficient of split occurrence frequencies: 0.996
Iteration 110 / LogL: -14012.838 / Time: 0h:1m:44s (0h:2m:25s left)
Iteration 120 / LogL: -14014.464 / Time: 0h:1m:53s (0h:2m:14s left)
Iteration 130 / LogL: -14012.837 / Time: 0h:2m:1s (0h:2m:3s left)
Iteration 140 / LogL: -14013.618 / Time: 0h:2m:10s (0h:1m:53s left)
Iteration 150 / LogL: -14018.218 / Time: 0h:2m:18s (0h:1m:43s left)
Log-likelihood cutoff on original alignment: -14057.359
Iteration 160 / LogL: -14013.526 / Time: 0h:2m:27s (0h:1m:33s left)
Iteration 170 / LogL: -14012.836 / Time: 0h:2m:35s (0h:1m:23s left)
Iteration 180 / LogL: -14015.170 / Time: 0h:2m:43s (0h:1m:14s left)
Iteration 190 / LogL: -14013.776 / Time: 0h:2m:53s (0h:1m:5s left)
Iteration 200 / LogL: -14012.836 / Time: 0h:3m:2s (0h:0m:55s left)
Log-likelihood cutoff on original alignment: -14057.359
NOTE: Bootstrap correlation coefficient of split occurrence frequencies: 0.999
Iteration 210 / LogL: -14012.841 / Time: 0h:3m:11s (0h:1m:22s left)
Iteration 220 / LogL: -14012.836 / Time: 0h:3m:20s (0h:1m:13s left)
Iteration 230 / LogL: -14038.924 / Time: 0h:3m:29s (0h:1m:3s left)
Iteration 240 / LogL: -14013.201 / Time: 0h:3m:37s (0h:0m:54s left)
Iteration 250 / LogL: -14013.178 / Time: 0h:3m:47s (0h:0m:45s left)
Log-likelihood cutoff on original alignment: -14057.359
Iteration 260 / LogL: -14090.989 / Time: 0h:3m:56s (0h:0m:36s left)
TREE SEARCH COMPLETED AFTER 262 ITERATIONS / Time: 0h:3m:58s

--------------------------------------------------------------------
|                    FINALIZING TREE SEARCH                        |
--------------------------------------------------------------------
Performs final model parameters optimization
Estimate model parameters (epsilon = 0.010)
1. Initial log-likelihood: -14012.835
Optimal log-likelihood: -14012.835
Proportion of invariable sites: 0.041
Gamma shape alpha: 1.261
Parameters optimization took 1 rounds (0.092 sec)
BEST SCORE FOUND : -14012.835
Creating bootstrap support values...
Split supports printed to NEXUS file results_broccoli_metc/alignments_prefiltering/OG_2355.iqtree.splits.nex
Total tree length: 30.955

Total number of iterations: 262
CPU time used for tree search: 464.126 sec (0h:7m:44s)
Wall-clock time used for tree search: 234.827 sec (0h:3m:54s)
Total CPU time used: 471.708 sec (0h:7m:51s)
Total wall-clock time used: 238.720 sec (0h:3m:58s)

Computing bootstrap consensus tree...
Reading input file results_broccoli_metc/alignments_prefiltering/OG_2355.iqtree.splits.nex...
84 taxa and 601 splits.
Consensus tree written to results_broccoli_metc/alignments_prefiltering/OG_2355.iqtree.contree
Reading input trees file results_broccoli_metc/alignments_prefiltering/OG_2355.iqtree.contree
Log-likelihood of consensus tree: -14013.108

Analysis results written to: 
  IQ-TREE report:                results_broccoli_metc/alignments_prefiltering/OG_2355.iqtree.iqtree
  Maximum-likelihood tree:       results_broccoli_metc/alignments_prefiltering/OG_2355.iqtree.treefile
  Likelihood distances:          results_broccoli_metc/alignments_prefiltering/OG_2355.iqtree.mldist

Ultrafast bootstrap approximation results written to:
  Split support values:          results_broccoli_metc/alignments_prefiltering/OG_2355.iqtree.splits.nex
  Consensus tree:                results_broccoli_metc/alignments_prefiltering/OG_2355.iqtree.contree
  Screen log file:               results_broccoli_metc/alignments_prefiltering/OG_2355.iqtree.log

Date and Time: Wed Jun  1 18:37:08 2022
