IQ-TREE multicore version 2.1.0 for Linux 64-bit built Jul 18 2020
Developed by Bui Quang Minh, James Barbetti, Nguyen Lam Tung,
Olga Chernomor, Heiko Schmidt, Dominik Schrempf, Michael Woodhams.

Host:    node-hp0313.linux.crg.es (AVX, 125 GB RAM)
Command: /users/asebe/xgraubove/Programes/iqtree-2.1.0-Linux/bin/iqtree2 -s results_broccoli_metc/alignments_prefiltering/OG_2682.lt.fasta -m TEST -mset LG,WAG,JTT -nt AUTO -ntmax 2 -bb 1000 -pre results_broccoli_metc/alignments_prefiltering/OG_2682.iqtree -nm 10000 -nstop 200 -cptime 1800
Seed:    920991 (Using SPRNG - Scalable Parallel Random Number Generator)
Time:    Wed Jun  1 18:50:58 2022
Kernel:  AVX - auto-detect threads (2 CPU cores detected)

Reading alignment file results_broccoli_metc/alignments_prefiltering/OG_2682.lt.fasta ... Fasta format detected
Alignment most likely contains protein sequences
Alignment has 72 sequences with 1190 columns, 1190 distinct patterns
1182 parsimony-informative, 0 singleton sites, 8 constant sites
                                                       Gap/Ambiguity  Composition  p-value
   1  Bralan_BLAG03000367_6                                   15.63%    failed      0.00%
   2  Spur_XM_777180.5                                        19.41%    failed      0.00%
   3  Salpun_EP00053_Salpingoeca_punica_P020239               94.20%    failed      4.17%
   4  Sanmal_Sma_028506-T4                                     6.81%    failed      2.48%
   5  Saldol_EP00054_Salpingoeca_dolichothecata_P016107       95.38%    passed     10.23%
   6  Skow_XM_006819499.1                                     21.18%    failed      0.00%
   7  Nvec_v1g118356                                          33.45%    passed      8.92%
   8  Acagra_model.g475.t1.1.5d3b823c                         20.67%    failed      0.00%
   9  Salurc_EP00051_Salpingoeca_urceolata_P005579            82.94%    passed     60.70%
  10  Salurc_EP00051_Salpingoeca_urceolata_P005580            94.71%    failed      1.51%
  11  Ctel_gnl_WGS_AMQN_CAPTEDRAFT_mRNA227083                 33.95%    failed      0.00%
  12  Gfas_gfas1.m1.19615.m1                                   4.87%    passed     33.12%
  13  Salmac_EP00052_Salpingoeca_macrocollata_P023401         84.37%    failed      3.23%
  14  Salmac_EP00052_Salpingoeca_macrocollata_P023400         84.37%    failed      3.23%
  15  Dgig_XM_028535697.1                                     10.42%    failed      0.01%
  16  Xesp_013075-T1                                          51.34%    failed      0.00%
  17  Spis_XP_022797764_1                                     33.70%    passed     10.91%
  18  Pocdam_XM_027180472.1                                    8.32%    passed     11.61%
  19  Spis_XP_022797784_1                                     54.79%    failed      1.17%
  20  Fspp_ffun1.m4.20402.m1                                   8.57%    passed     15.05%
  21  Amil_Amillepora03881-RA                                  6.22%    failed      0.52%
  22  Exapal_XM_021041680.2                                    8.66%    failed      0.51%
  23  Nemnom_g18623.t1                                        37.56%    passed     41.81%
  24  Rhoesc_Res_003145-T1                                     9.92%    passed     16.21%
  25  Aaur_scaffold35.g43.t1                                  74.71%    passed     50.44%
  26  Mbre_EDQ91330                                           92.77%    failed      0.00%
  27  Plajan_Pjan_C572092_01                                  16.89%    failed      0.00%
  28  Stedip_EP00041_Stephanoeca_diplocostata_P010714         76.05%    failed      3.78%
  29  Stedip_EP00041_Stephanoeca_diplocostata_P010715         73.95%    passed     62.84%
  30  Horcal_Hcv1.av93.c1.g496.i1                             24.71%    failed      0.00%
  31  Pbac_sb2659529                                          49.16%    failed      0.01%
  32  Beraby_Baby_sb344011                                    55.21%    failed      1.36%
  33  Coeast_Cast_sb812311                                    87.23%    passed     25.69%
  34  Drygla_Dgla_sb306147                                    53.61%    passed      5.49%
  35  Drygla_Dgla_sb306145                                    36.47%    failed      0.81%
  36  Drygla_Dgla_sb306149                                    65.21%    failed      0.07%
  37  Bolinf_Binf_sb1189004                                   86.64%    passed     19.69%
  38  Mertsp_Mesp_sb587643                                    84.45%    passed      7.55%
  39  Hsap_ENST00000368654                                     0.84%    failed      0.00%
  40  Salpun_EP00053_Salpingoeca_punica_P000140               89.08%    failed      0.71%
  41  Cgig_XM_020063095.2                                     19.50%    failed      0.00%
  42  Leuniv_Lniv_C785445_01                                  77.82%    passed     69.89%
  43  Lcom_lcpid74888                                         52.35%    failed      0.01%
  44  Scil_scict012844.1                                      43.45%    failed      0.00%
  45  Gracom_Gcom_C530852_01                                  76.30%    passed     14.12%
  46  Codhol_EP00042_Codosiga_hollandica_P055961              30.42%    failed      0.09%
  47  Opea_EP00118_Oscarella_pearsei_P000192                  77.31%    failed      0.28%
  48  Sros_EGD78244                                           21.68%    failed      0.00%
  49  Dpul_mRNA17871                                          10.34%    failed      0.00%
  50  Plespi_Pspi_scaffold1219_01                             82.94%    passed     51.37%
  51  Mylflu_EP00047_Mylnosiga_fluctuans_P024096              26.22%    failed      0.00%
  52  Clacor_Ccor_C512731_01                                  87.14%    passed     95.57%
  53  TrH2_TrispH2_003568-RA                                   6.05%    failed      0.00%
  54  Tadh_TriadT61466                                         6.05%    failed      0.00%
  55  Acaspe_EP00035_Acanthoeca_spectabilis_P000095           75.63%    passed     14.01%
  56  Helnan_EP00037_Helgoeca_nana_P020646                    79.58%    passed     16.60%
  57  Tetwil_g10537.t1                                        17.39%    failed      0.54%
  58  Aque_Aqu2.1.41905_001                                   16.81%    failed      0.04%
  59  Xestes_maker-XT_scaffold1617-augustus-gene-0.8-mRNA-1   68.24%    failed      0.03%
  60  Halamb_c52474_g2_i2m.33180                              57.06%    failed      0.00%
  61  Choper_EP00045_Choanoeca_perplexa_P011968               78.40%    passed     13.96%
  62  Hvul_g30258_1                                            6.30%    failed      0.00%
  63  Chem_TCONS_00071389                                     33.78%    failed      0.00%
  64  Ocar_g5541                                              39.66%    failed      0.00%
  65  Emue_Em0013g175a.t1                                     22.94%    failed      0.14%
  66  Spolac_c99791_g2_i2_m.20607c96201-g1NA                  79.66%    failed      0.14%
  67  Morvir_scaffold296.g21.t1                               49.50%    failed      0.00%
  68  Salkve_EP00050_Salpingoeca_kvevrii_P021988              70.59%    passed     20.60%
  69  Salinf_EP00049_Salpingoeca_infusionum_P003844           50.00%    failed      0.00%
  70  Diagra_EP00040_Diaphanoeca_grandis_P020508              75.88%    failed      0.59%
  71  Gasp_gasp1.m3.28566.m1                                  72.27%    failed      0.02%
  72  Mlei_ML0797.g22.i1                                      68.15%    failed      0.00%
WARNING: 35 sequences contain more than 50% gaps/ambiguity
****  TOTAL                                                   48.16%  49 sequences failed composition chi2 test (p-value<5%; df=19)
NOTE: Salmac_EP00052_Salpingoeca_macrocollata_P023400 is identical to Salmac_EP00052_Salpingoeca_macrocollata_P023401 but kept for subsequent analysis


Create initial parsimony tree by phylogenetic likelihood library (PLL)... 0.063 seconds
Measuring multi-threading efficiency up to 2 CPU cores
7 trees examined
Threads: 1 / Time: 2.125 sec / Speedup: 1.000 / Efficiency: 100% / LogL: -96702
Threads: 2 / Time: 1.057 sec / Speedup: 2.011 / Efficiency: 101% / LogL: -96702
BEST NUMBER OF THREADS: 2

Perform fast likelihood tree search using LG+I+G model...
Estimate model parameters (epsilon = 5.000)
Perform nearest neighbor interchange...
Estimate model parameters (epsilon = 1.000)
1. Initial log-likelihood: -82922.573
Optimal log-likelihood: -82922.385
Proportion of invariable sites: 0.005
Gamma shape alpha: 2.020
Parameters optimization took 1 rounds (0.436 sec)
Time for fast ML tree search: 7.610 seconds

NOTE: ModelFinder requires 58 MB RAM!
ModelFinder will test up to 24 protein models (sample size: 1190) ...
 No. Model         -LnL         df  AIC          AICc         BIC
  1  LG            84541.387    141 169364.774   169402.984   170081.295
  2  LG+I          84463.170    142 169210.341   169249.130   169931.943
  3  LG+G4         82934.471    142 166152.941   166191.730   166874.544
  4  LG+I+G4       82922.361    143 166130.721   166170.094   166857.405
  8  LG+F+I+G4     82171.636    162 164667.273   164718.696   165490.509
 12  WAG+I+G4      82734.105    143 165754.210   165793.582   166480.894
 16  WAG+F+I+G4    82119.603    162 164563.205   164614.629   165386.442
 20  JTT+I+G4      83538.191    143 167362.383   167401.756   168089.067
 24  JTT+F+I+G4    82615.259    162 165554.518   165605.942   166377.755
Akaike Information Criterion:           WAG+F+I+G4
Corrected Akaike Information Criterion: WAG+F+I+G4
Bayesian Information Criterion:         WAG+F+I+G4
Best-fit model: WAG+F+I+G4 chosen according to BIC

All model information printed to results_broccoli_metc/alignments_prefiltering/OG_2682.iqtree.model.gz
CPU time for ModelFinder: 51.811 seconds (0h:0m:51s)
Wall-clock time for ModelFinder: 27.209 seconds (0h:0m:27s)
Generating 1000 samples for ultrafast bootstrap (seed: 920991)...

NOTE: 58 MB RAM (0 GB) is required!
Estimate model parameters (epsilon = 0.100)
Thoroughly optimizing +I+G parameters from 10 start values...
Init pinv, alpha: 0.000, 2.116 / Estimate: 0.006, 2.117 / LogL: -82119.596
Init pinv, alpha: 0.001, 2.116 / Estimate: 0.006, 2.119 / LogL: -82119.596
Init pinv, alpha: 0.001, 2.116 / Estimate: 0.006, 2.121 / LogL: -82119.595
Init pinv, alpha: 0.002, 2.116 / Estimate: 0.006, 2.119 / LogL: -82119.596
Init pinv, alpha: 0.003, 2.116 / Estimate: 0.006, 2.119 / LogL: -82119.596
Init pinv, alpha: 0.004, 2.116 / Estimate: 0.006, 2.119 / LogL: -82119.595
Init pinv, alpha: 0.004, 2.116 / Estimate: 0.006, 2.121 / LogL: -82119.595
Init pinv, alpha: 0.005, 2.116 / Estimate: 0.006, 2.119 / LogL: -82119.597
Init pinv, alpha: 0.006, 2.116 / Estimate: 0.006, 2.120 / LogL: -82119.596
Init pinv, alpha: 0.007, 2.116 / Estimate: 0.006, 2.120 / LogL: -82119.597
Optimal pinv,alpha: 0.006, 2.121 / LogL: -82119.595

Parameters optimization took 9.110 sec
Computing ML distances based on estimated model parameters...
Computing ML distances took 0.359013 sec (of wall-clock time) 0.717685 sec(of CPU time)
Computing RapidNJ tree took 0.000974 sec (of wall-clock time) 0.000931 sec (of CPU time)
Log-likelihood of RapidNJ tree: -83042.406
--------------------------------------------------------------------
|             INITIALIZING CANDIDATE TREE SET                      |
--------------------------------------------------------------------
Generating 98 parsimony trees... 7.355 second
Computing log-likelihood of 98 initial trees ... 13.823 seconds
Current best score: -82119.595

Do NNI search on 20 best initial trees
Estimate model parameters (epsilon = 0.100)
BETTER TREE FOUND at iteration 1: -82115.789
Estimate model parameters (epsilon = 0.100)
BETTER TREE FOUND at iteration 4: -82112.813
Iteration 10 / LogL: -82163.374 / Time: 0h:1m:21s
Estimate model parameters (epsilon = 0.100)
BETTER TREE FOUND at iteration 20: -82112.454
Iteration 20 / LogL: -82112.454 / Time: 0h:2m:12s
Finish initializing candidate tree set (20)
Current best tree score: -82112.454 / CPU time: 112.022
Number of iterations: 20
--------------------------------------------------------------------
|               OPTIMIZING CANDIDATE TREE SET                      |
--------------------------------------------------------------------
Estimate model parameters (epsilon = 0.100)
BETTER TREE FOUND at iteration 22: -82110.146
Estimate model parameters (epsilon = 0.100)
BETTER TREE FOUND at iteration 23: -82106.947
Iteration 30 / LogL: -82106.986 / Time: 0h:2m:47s (0h:18m:37s left)
Estimate model parameters (epsilon = 0.100)
BETTER TREE FOUND at iteration 31: -82101.794
Estimate model parameters (epsilon = 0.100)
BETTER TREE FOUND at iteration 35: -82100.600
Iteration 40 / LogL: -82105.458 / Time: 0h:3m:23s (0h:16m:59s left)
Estimate model parameters (epsilon = 0.100)
BETTER TREE FOUND at iteration 43: -82099.217
Iteration 50 / LogL: -82100.761 / Time: 0h:4m:3s (0h:15m:58s left)
Log-likelihood cutoff on original alignment: -82170.561
Iteration 60 / LogL: -82102.871 / Time: 0h:4m:41s (0h:14m:31s left)
Iteration 70 / LogL: -82106.176 / Time: 0h:5m:17s (0h:13m:15s left)
Estimate model parameters (epsilon = 0.100)
BETTER TREE FOUND at iteration 71: -82095.746
Iteration 80 / LogL: -82097.556 / Time: 0h:5m:52s (0h:14m:12s left)
Iteration 90 / LogL: -82099.399 / Time: 0h:6m:33s (0h:13m:20s left)
Estimate model parameters (epsilon = 0.100)
BETTER TREE FOUND at iteration 95: -82092.744
Iteration 100 / LogL: -82094.022 / Time: 0h:7m:18s (0h:14m:23s left)
Log-likelihood cutoff on original alignment: -82170.561
NOTE: Bootstrap correlation coefficient of split occurrence frequencies: 0.984
NOTE: UFBoot does not converge, continue at least 100 more iterations
Estimate model parameters (epsilon = 0.100)
BETTER TREE FOUND at iteration 105: -82092.641
Iteration 110 / LogL: -82094.121 / Time: 0h:7m:59s (0h:14m:17s left)
Iteration 120 / LogL: -82093.047 / Time: 0h:8m:38s (0h:13m:26s left)
Estimate model parameters (epsilon = 0.100)
BETTER TREE FOUND at iteration 127: -82092.604
Iteration 130 / LogL: -82092.642 / Time: 0h:9m:19s (0h:14m:14s left)
Iteration 140 / LogL: -82097.237 / Time: 0h:10m:4s (0h:13m:32s left)
Iteration 150 / LogL: -82095.526 / Time: 0h:10m:44s (0h:12m:46s left)
Log-likelihood cutoff on original alignment: -82170.561
Iteration 160 / LogL: -82092.646 / Time: 0h:11m:24s (0h:11m:58s left)
Iteration 170 / LogL: -82097.140 / Time: 0h:12m:5s (0h:11m:13s left)
Iteration 180 / LogL: -82092.699 / Time: 0h:12m:47s (0h:10m:30s left)
Iteration 190 / LogL: -82095.523 / Time: 0h:13m:26s (0h:9m:44s left)
Iteration 200 / LogL: -82092.605 / Time: 0h:14m:7s (0h:9m:0s left)
Log-likelihood cutoff on original alignment: -82170.561
NOTE: Bootstrap correlation coefficient of split occurrence frequencies: 0.997
Iteration 210 / LogL: -82101.337 / Time: 0h:14m:46s (0h:8m:16s left)
Iteration 220 / LogL: -82092.699 / Time: 0h:15m:27s (0h:7m:32s left)
Iteration 230 / LogL: -82093.976 / Time: 0h:16m:8s (0h:6m:50s left)
Iteration 240 / LogL: -82092.643 / Time: 0h:16m:48s (0h:6m:7s left)
Iteration 250 / LogL: -82092.975 / Time: 0h:17m:29s (0h:5m:24s left)
Log-likelihood cutoff on original alignment: -82170.561
Iteration 260 / LogL: -82092.649 / Time: 0h:18m:10s (0h:4m:42s left)
Iteration 270 / LogL: -82092.700 / Time: 0h:18m:48s (0h:3m:59s left)
Iteration 280 / LogL: -82096.409 / Time: 0h:19m:28s (0h:3m:16s left)
Iteration 290 / LogL: -82092.643 / Time: 0h:20m:8s (0h:2m:34s left)
Iteration 300 / LogL: -82096.634 / Time: 0h:20m:46s (0h:1m:52s left)
Log-likelihood cutoff on original alignment: -82170.561
NOTE: Bootstrap correlation coefficient of split occurrence frequencies: 0.999
Iteration 310 / LogL: -82092.642 / Time: 0h:21m:29s (0h:6m:15s left)
Iteration 320 / LogL: -82096.987 / Time: 0h:22m:9s (0h:5m:33s left)
TREE SEARCH COMPLETED AFTER 328 ITERATIONS / Time: 0h:22m:44s

--------------------------------------------------------------------
|                    FINALIZING TREE SEARCH                        |
--------------------------------------------------------------------
Performs final model parameters optimization
Estimate model parameters (epsilon = 0.010)
1. Initial log-likelihood: -82092.604
Optimal log-likelihood: -82092.604
Proportion of invariable sites: 0.006
Gamma shape alpha: 2.139
Parameters optimization took 1 rounds (0.428 sec)
BEST SCORE FOUND : -82092.604
Creating bootstrap support values...
Split supports printed to NEXUS file results_broccoli_metc/alignments_prefiltering/OG_2682.iqtree.splits.nex
Total tree length: 56.537

Total number of iterations: 328
CPU time used for tree search: 2672.456 sec (0h:44m:32s)
Wall-clock time used for tree search: 1344.408 sec (0h:22m:24s)
Total CPU time used: 2713.543 sec (0h:45m:13s)
Total wall-clock time used: 1365.087 sec (0h:22m:45s)

Computing bootstrap consensus tree...
Reading input file results_broccoli_metc/alignments_prefiltering/OG_2682.iqtree.splits.nex...
72 taxa and 790 splits.
Consensus tree written to results_broccoli_metc/alignments_prefiltering/OG_2682.iqtree.contree
Reading input trees file results_broccoli_metc/alignments_prefiltering/OG_2682.iqtree.contree
Log-likelihood of consensus tree: -82092.644

Analysis results written to: 
  IQ-TREE report:                results_broccoli_metc/alignments_prefiltering/OG_2682.iqtree.iqtree
  Maximum-likelihood tree:       results_broccoli_metc/alignments_prefiltering/OG_2682.iqtree.treefile
  Likelihood distances:          results_broccoli_metc/alignments_prefiltering/OG_2682.iqtree.mldist

Ultrafast bootstrap approximation results written to:
  Split support values:          results_broccoli_metc/alignments_prefiltering/OG_2682.iqtree.splits.nex
  Consensus tree:                results_broccoli_metc/alignments_prefiltering/OG_2682.iqtree.contree
  Screen log file:               results_broccoli_metc/alignments_prefiltering/OG_2682.iqtree.log

Date and Time: Wed Jun  1 19:14:12 2022
