IQ-TREE multicore version 2.1.0 for Linux 64-bit built Jul 18 2020
Developed by Bui Quang Minh, James Barbetti, Nguyen Lam Tung,
Olga Chernomor, Heiko Schmidt, Dominik Schrempf, Michael Woodhams.

Host:    node-hp0311.linux.crg.es (AVX, 125 GB RAM)
Command: /users/asebe/xgraubove/Programes/iqtree-2.1.0-Linux/bin/iqtree2 -s results_broccoli_metc/alignments_prefiltering/OG_300.lt.fasta -m TEST -mset LG,WAG,JTT -nt AUTO -ntmax 2 -bb 1000 -pre results_broccoli_metc/alignments_prefiltering/OG_300.iqtree -nm 10000 -nstop 200 -cptime 1800
Seed:    247817 (Using SPRNG - Scalable Parallel Random Number Generator)
Time:    Wed Jun  1 19:40:41 2022
Kernel:  AVX - auto-detect threads (2 CPU cores detected)

Reading alignment file results_broccoli_metc/alignments_prefiltering/OG_300.lt.fasta ... Fasta format detected
Alignment most likely contains protein sequences
Alignment has 91 sequences with 859 columns, 859 distinct patterns
856 parsimony-informative, 0 singleton sites, 3 constant sites
                                                     Gap/Ambiguity  Composition  p-value
   1  Emue_Em0007g182a.t1                                   12.34%    failed      0.00%
   2  Emue_Em0007g405a.t1                                   10.36%    failed      0.00%
   3  Spolac_c95536_g1_i1_m.11626c95536-g1                  76.83%    failed      4.20%
   4  Tetwil_g23724.t1                                       7.92%    passed     22.73%
   5  Stycar_maker-SC_scaffold101602-snap-gene-0.3-mRNA-1   90.45%    passed     32.44%
   6  Aque_Aqu2.1.36456_001                                  9.55%    passed     24.84%
   7  Cgig_XM_011453481.3                                    3.84%    passed     56.88%
   8  Bralan_BLAG12000356_1                                  4.07%    passed     19.29%
   9  Spis_XP_022788491_1                                    3.14%    passed     86.00%
  10  Pocdam_XM_027184420.1                                  3.14%    passed     46.00%
  11  Gasp_gasp1.m3.23353.m1                                 3.14%    passed     98.45%
  12  Fspp_ffun1.m4.1410.m1                                  4.42%    passed     62.45%
  13  Gfas_gfas1.m1.6284.m1                                  8.50%    passed     70.54%
  14  Amil_Amillepora14729-RA                               12.69%    passed     57.49%
  15  Adig_XM_015900544.1                                    3.49%    passed     45.68%
  16  Dgig_XM_028543691.1                                    4.89%    passed     71.18%
  17  Xesp_025065-T1                                        74.85%    passed     36.02%
  18  Xesp_009486-T1                                        12.81%    passed      9.44%
  19  Xesp_025064-T1                                        58.21%    failed      0.21%
  20  Exapal_XM_021049779.2                                  2.91%    passed     62.78%
  21  Nvec_v1g20609                                         18.28%    passed     63.84%
  22  Morvir_scaffold5.g63.t1                                2.91%    passed     11.37%
  23  Nemnom_g12977.t1                                      25.38%    passed     83.42%
  24  Rhoesc_Res_005730-T1                                  67.75%    passed     36.25%
  25  Sanmal_Sma_005709-T1                                  21.30%    passed     32.37%
  26  Rhoesc_Res_005731-T1                                  42.26%    passed     83.48%
  27  Aaur_scaffold313.g5.t1                                52.15%    passed     42.88%
  28  Spur_XM_778503.5                                       6.29%    passed     34.54%
  29  Hsap_ENST00000374586                                   3.84%    passed     20.45%
  30  Acagra_model.g5951.t1                                  4.07%    passed     67.36%
  31  Acagra_model.g5951.t1.1.5d3b8481                       5.70%    passed     59.09%
  32  Acagra_model.g5951.t1.2.5d3b8481                       5.70%    passed     59.09%
  33  Ctel_gnl_WGS_AMQN_CAPTEDRAFT_mRNA153241               14.55%    passed     42.62%
  34  Lcom_lcpid200211                                      84.63%    passed     46.42%
  35  Lcom_lcpid200229                                      84.63%    passed     45.53%
  36  Lcom_lcpid206584                                      85.22%    passed     26.99%
  37  Lcom_lcpid201583                                      84.75%    passed     42.83%
  38  Gracom_Gcom_scaffold16236_01                          45.17%    passed     70.98%
  39  Clacor_Ccor_scaffold10083_01                          62.17%    passed     50.91%
  40  Clacor_Ccor_scaffold8952_01                           73.92%    passed     50.24%
  41  Lcom_lcpid30687                                        7.92%    failed      1.62%
  42  Lcom_lcpid40787                                       40.86%    failed      0.00%
  43  Scil_scict007712.1                                     7.68%    passed      7.90%
  44  Leuniv_Lniv_C782525_01                                80.56%    passed     13.82%
  45  Leuniv_Lniv_C811464_01                                26.31%    passed     19.96%
  46  Plajan_Pjan_scaffold23597_01                          11.06%    passed     46.98%
  47  Skow_XM_006822523.1                                    8.61%    passed     90.10%
  48  HoiH23_PlH23_007977-RA                                 7.57%    failed      1.34%
  49  HoiH06_mRNA14298                                       8.03%    passed     56.28%
  50  Hhon_g11183.t1                                         7.45%    failed      0.45%
  51  TrH2_TrispH2_008905-RA                                 7.92%    passed     63.83%
  52  Tadh_TriadT33619                                       8.27%    passed     72.86%
  53  Hvul_g8194_1                                           6.52%    failed      0.03%
  54  Cscu_XM_023388634.1                                   45.29%    passed     36.31%
  55  Opea_EP00118_Oscarella_pearsei_P015225                11.06%    passed      9.87%
  56  Ocar_g5963                                            66.71%    passed     13.79%
  57  Horcal_Hcv1.av93.c2.g1185.i1                           6.29%    passed     89.48%
  58  Pbac_sb2658570                                         6.29%    passed     91.09%
  59  Mlei_ML0148.g13.i1                                     6.40%    passed     29.87%
  60  Eupdun_Edun_sb10630263                                80.21%    passed     74.25%
  61  Eupdun_Edun_sb10630265                                77.88%    passed     43.57%
  62  Coemet_Cmet_C607092_01                                 6.98%    passed     88.21%
  63  Chem_TCONS_00002605                                    3.14%    failed      3.82%
  64  Lcom_lcpid169226                                      79.51%    passed      9.99%
  65  Lcom_lcpid168621                                      79.28%    passed     14.42%
  66  Leuniv_Lniv_scaffold22618_01                          58.44%    passed     48.00%
  67  Tcas_TC009562_001                                      6.17%    passed     42.37%
  68  Dpul_mRNA27298                                        10.36%    passed     95.37%
  69  Salkve_EP00050_Salpingoeca_kvevrii_P019746            13.27%    passed     39.62%
  70  Lcom_lcpid154727                                      76.72%    failed      0.07%
  71  Lcom_lcpid157067                                      77.42%    failed      0.18%
  72  Lcom_lcpid157147                                      77.42%    failed      0.18%
  73  Gracom_Gcom_C504704_01                                80.91%    passed     12.14%
  74  Acaspe_EP00035_Acanthoeca_spectabilis_P005671         11.99%    failed      3.90%
  75  Helnan_EP00037_Helgoeca_nana_P022926                  13.27%    failed      0.34%
  76  Saldol_EP00054_Salpingoeca_dolichothecata_P034825     77.07%    passed      5.46%
  77  Didcos_EP00039_Didymoeca_costata_P015105              18.16%    passed     15.52%
  78  Salpun_EP00053_Salpingoeca_punica_P017710             11.41%    passed     19.85%
  79  Cscu_XM_023388431.1                                   40.16%    passed     29.76%
  80  Codhol_EP00042_Codosiga_hollandica_P029999            51.92%    passed     47.40%
  81  Codhol_EP00042_Codosiga_hollandica_P030000            12.92%    failed      1.43%
  82  Salmac_EP00052_Salpingoeca_macrocollata_P026846       13.04%    failed      0.03%
  83  Stedip_EP00041_Stephanoeca_diplocostata_P037752        9.90%    failed      2.40%
  84  Diagra_EP00040_Diaphanoeca_grandis_P010121            53.43%    passed     27.85%
  85  Saldol_EP00054_Salpingoeca_dolichothecata_P005307     37.37%    passed     79.32%
  86  Xestes_maker-XT_scaffold1853-snap-gene-0.4-mRNA-1     22.47%    failed      0.26%
  87  Halamb_c35705_g1_i1m.8879                             68.57%    passed     65.33%
  88  Plespi_Pspi_scaffold17985_01                          28.06%    failed      0.35%
  89  Plespi_Pspi_scaffold17986_01                          53.78%    failed      0.12%
  90  Leuniv_Lniv_C773791_01                                79.16%    passed     87.34%
  91  Mylflu_EP00047_Mylnosiga_fluctuans_P020971            15.13%    failed      0.01%
WARNING: 29 sequences contain more than 50% gaps/ambiguity
****  TOTAL                                                 32.03%  22 sequences failed composition chi2 test (p-value<5%; df=19)
NOTE: Acagra_model.g5951.t1.2.5d3b8481 is identical to Acagra_model.g5951.t1.1.5d3b8481 but kept for subsequent analysis
NOTE: Lcom_lcpid157147 is identical to Lcom_lcpid157067 but kept for subsequent analysis


Create initial parsimony tree by phylogenetic likelihood library (PLL)... 0.050 seconds
Measuring multi-threading efficiency up to 2 CPU cores
8 trees examined
Threads: 1 / Time: 2.262 sec / Speedup: 1.000 / Efficiency: 100% / LogL: -109622
Threads: 2 / Time: 1.133 sec / Speedup: 1.997 / Efficiency: 100% / LogL: -109622
BEST NUMBER OF THREADS: 2

Perform fast likelihood tree search using LG+I+G model...
Estimate model parameters (epsilon = 5.000)
Perform nearest neighbor interchange...
Estimate model parameters (epsilon = 1.000)
1. Initial log-likelihood: -78798.088
Optimal log-likelihood: -78797.967
Proportion of invariable sites: 0.000
Gamma shape alpha: 1.267
Parameters optimization took 1 rounds (0.415 sec)
Time for fast ML tree search: 5.953 seconds

NOTE: ModelFinder requires 52 MB RAM!
ModelFinder will test up to 24 protein models (sample size: 859) ...
 No. Model         -LnL         df  AIC          AICc         BIC
  1  LG            81193.451    179 162744.902   162839.806   163596.185
  2  LG+I          81164.514    180 162689.029   162785.135   163545.067
  3  LG+G4         78797.936    180 157955.871   158051.977   158811.910
  4  LG+I+G4       78797.953    181 157957.906   158055.224   158818.700
  7  LG+F+G4       78447.774    199 157293.549   157414.338   158239.947
  8  LG+F+I+G4     78447.795    200 157295.591   157417.779   158246.745
 11  WAG+G4        79236.390    180 158832.780   158928.887   159688.819
 12  WAG+I+G4      79235.784    181 158833.568   158930.886   159694.362
 15  WAG+F+G4      78701.125    199 157800.250   157921.040   158746.649
 16  WAG+F+I+G4    78701.047    200 157802.094   157924.282   158753.248
 19  JTT+G4        79315.090    180 158990.179   159086.286   159846.218
 20  JTT+I+G4      79312.212    181 158986.423   159083.741   159847.218
 23  JTT+F+G4      78820.334    199 158038.668   158159.457   158985.066
 24  JTT+F+I+G4    78818.480    200 158036.959   158159.148   158988.113
Akaike Information Criterion:           LG+F+G4
Corrected Akaike Information Criterion: LG+F+G4
Bayesian Information Criterion:         LG+F+G4
Best-fit model: LG+F+G4 chosen according to BIC

All model information printed to results_broccoli_metc/alignments_prefiltering/OG_300.iqtree.model.gz
CPU time for ModelFinder: 63.004 seconds (0h:1m:3s)
Wall-clock time for ModelFinder: 32.956 seconds (0h:0m:32s)
Generating 1000 samples for ultrafast bootstrap (seed: 247817)...

NOTE: 52 MB RAM (0 GB) is required!
Estimate model parameters (epsilon = 0.100)
1. Initial log-likelihood: -78447.774
Optimal log-likelihood: -78447.761
Gamma shape alpha: 1.202
Parameters optimization took 1 rounds (0.371 sec)
Computing ML distances based on estimated model parameters...
Computing ML distances took 0.653211 sec (of wall-clock time) 1.304494 sec(of CPU time)
WARNING: Some pairwise ML distances are too long (saturated)
Computing RapidNJ tree took 0.001527 sec (of wall-clock time) 0.003040 sec (of CPU time)
Log-likelihood of RapidNJ tree: -79780.906
--------------------------------------------------------------------
|             INITIALIZING CANDIDATE TREE SET                      |
--------------------------------------------------------------------
Generating 98 parsimony trees... 6.645 second
Computing log-likelihood of 98 initial trees ... 12.827 seconds
Current best score: -78447.761

Do NNI search on 20 best initial trees
Estimate model parameters (epsilon = 0.100)
BETTER TREE FOUND at iteration 1: -78446.274
Estimate model parameters (epsilon = 0.100)
BETTER TREE FOUND at iteration 2: -78441.935
BETTER TREE FOUND at iteration 7: -78441.930
Iteration 10 / LogL: -78444.648 / Time: 0h:1m:2s
UPDATE BEST LOG-LIKELIHOOD: -78441.930
Iteration 20 / LogL: -78441.930 / Time: 0h:1m:45s
Finish initializing candidate tree set (14)
Current best tree score: -78441.930 / CPU time: 102.329
Number of iterations: 20
--------------------------------------------------------------------
|               OPTIMIZING CANDIDATE TREE SET                      |
--------------------------------------------------------------------
Iteration 30 / LogL: -78441.932 / Time: 0h:2m:28s (0h:15m:3s left)
Iteration 40 / LogL: -78442.141 / Time: 0h:3m:7s (0h:13m:23s left)
Iteration 50 / LogL: -78441.932 / Time: 0h:3m:47s (0h:12m:7s left)
Log-likelihood cutoff on original alignment: -78504.806
Iteration 60 / LogL: -78441.942 / Time: 0h:4m:24s (0h:11m:0s left)
Iteration 70 / LogL: -78454.788 / Time: 0h:5m:6s (0h:10m:7s left)
Iteration 80 / LogL: -79065.405 / Time: 0h:5m:48s (0h:9m:20s left)
Iteration 90 / LogL: -78441.931 / Time: 0h:6m:34s (0h:8m:38s left)
Iteration 100 / LogL: -78441.931 / Time: 0h:7m:14s (0h:7m:49s left)
Log-likelihood cutoff on original alignment: -78504.806
NOTE: Bootstrap correlation coefficient of split occurrence frequencies: 0.999
Iteration 110 / LogL: -78442.142 / Time: 0h:7m:55s (0h:7m:2s left)
Iteration 120 / LogL: -78441.931 / Time: 0h:8m:37s (0h:6m:18s left)
Iteration 130 / LogL: -78442.144 / Time: 0h:9m:18s (0h:5m:33s left)
Iteration 140 / LogL: -78441.933 / Time: 0h:9m:59s (0h:4m:48s left)
Iteration 150 / LogL: -78447.969 / Time: 0h:10m:42s (0h:4m:5s left)
Log-likelihood cutoff on original alignment: -78504.806
Iteration 160 / LogL: -78453.760 / Time: 0h:11m:21s (0h:3m:21s left)
UPDATE BEST LOG-LIKELIHOOD: -78441.930
Iteration 170 / LogL: -78441.930 / Time: 0h:12m:3s (0h:2m:38s left)
Iteration 180 / LogL: -78442.141 / Time: 0h:12m:41s (0h:1m:54s left)
Iteration 190 / LogL: -78442.140 / Time: 0h:13m:25s (0h:1m:12s left)
Iteration 200 / LogL: -78442.144 / Time: 0h:14m:5s (0h:0m:29s left)
Log-likelihood cutoff on original alignment: -78504.806
NOTE: Bootstrap correlation coefficient of split occurrence frequencies: 1.000
TREE SEARCH COMPLETED AFTER 208 ITERATIONS / Time: 0h:14m:38s

--------------------------------------------------------------------
|                    FINALIZING TREE SEARCH                        |
--------------------------------------------------------------------
Performs final model parameters optimization
Estimate model parameters (epsilon = 0.010)
1. Initial log-likelihood: -78441.930
Optimal log-likelihood: -78441.928
Gamma shape alpha: 1.187
Parameters optimization took 1 rounds (0.384 sec)
BEST SCORE FOUND : -78441.928
Creating bootstrap support values...
Split supports printed to NEXUS file results_broccoli_metc/alignments_prefiltering/OG_300.iqtree.splits.nex
Total tree length: 58.250

Total number of iterations: 208
CPU time used for tree search: 1738.251 sec (0h:28m:58s)
Wall-clock time used for tree search: 875.523 sec (0h:14m:35s)
Total CPU time used: 1744.712 sec (0h:29m:4s)
Total wall-clock time used: 878.888 sec (0h:14m:38s)

Computing bootstrap consensus tree...
Reading input file results_broccoli_metc/alignments_prefiltering/OG_300.iqtree.splits.nex...
91 taxa and 373 splits.
Consensus tree written to results_broccoli_metc/alignments_prefiltering/OG_300.iqtree.contree
Reading input trees file results_broccoli_metc/alignments_prefiltering/OG_300.iqtree.contree
Log-likelihood of consensus tree: -78441.935

Analysis results written to: 
  IQ-TREE report:                results_broccoli_metc/alignments_prefiltering/OG_300.iqtree.iqtree
  Maximum-likelihood tree:       results_broccoli_metc/alignments_prefiltering/OG_300.iqtree.treefile
  Likelihood distances:          results_broccoli_metc/alignments_prefiltering/OG_300.iqtree.mldist

Ultrafast bootstrap approximation results written to:
  Split support values:          results_broccoli_metc/alignments_prefiltering/OG_300.iqtree.splits.nex
  Consensus tree:                results_broccoli_metc/alignments_prefiltering/OG_300.iqtree.contree
  Screen log file:               results_broccoli_metc/alignments_prefiltering/OG_300.iqtree.log

Date and Time: Wed Jun  1 19:55:54 2022
