IQ-TREE multicore version 2.1.0 for Linux 64-bit built Jul 18 2020
Developed by Bui Quang Minh, James Barbetti, Nguyen Lam Tung,
Olga Chernomor, Heiko Schmidt, Dominik Schrempf, Michael Woodhams.

Host:    node-hp0212.linux.crg.es (AVX, 125 GB RAM)
Command: /users/asebe/xgraubove/Programes/iqtree-2.1.0-Linux/bin/iqtree2 -s results_broccoli_metc/alignments_prefiltering/OG_3929.lt.fasta -m TEST -mset LG,WAG,JTT -nt AUTO -ntmax 2 -bb 1000 -pre results_broccoli_metc/alignments_prefiltering/OG_3929.iqtree -nm 10000 -nstop 200 -cptime 1800
Seed:    462658 (Using SPRNG - Scalable Parallel Random Number Generator)
Time:    Wed Jun  1 20:41:52 2022
Kernel:  AVX - auto-detect threads (2 CPU cores detected)

Reading alignment file results_broccoli_metc/alignments_prefiltering/OG_3929.lt.fasta ... Fasta format detected
Alignment most likely contains protein sequences
Alignment has 131 sequences with 685 columns, 685 distinct patterns
678 parsimony-informative, 0 singleton sites, 7 constant sites
                                                    Gap/Ambiguity  Composition  p-value
   1  Amil_Amillepora34450-RA                              90.36%    passed     10.99%
   2  Amil_Amillepora23954-RA                               7.45%    passed     95.59%
   3  Amil_Amillepora13815-RA                              64.53%    failed      3.06%
   4  Amil_Amillepora32371-RA                              89.49%    passed     35.40%
   5  Amil_Amillepora35579-RA                              78.83%    failed      0.93%
   6  Amil_Amillepora18586-RA                              78.98%    failed      0.72%
   7  Amil_Amillepora34444-RA                              79.42%    failed      0.56%
   8  Adig_XM_015923667.1                                  56.35%    passed     10.79%
   9  Adig_XM_015892007.1                                  88.03%    passed     66.17%
  10  Adig_XM_015900458.1                                   0.29%    passed     99.08%
  11  Spis_XP_022792537_1                                   0.29%    passed     97.77%
  12  Pocdam_XM_027184747.1                                 4.82%    passed     81.81%
  13  Gasp_gasp1.m3.28591.m1                                0.44%    passed     94.85%
  14  Fspp_ffun1.m4.18072.m1                                0.29%    passed     88.25%
  15  Gfas_gfas1.m1.7980.m1                                 0.88%    passed     93.81%
  16  Adig_XM_015923669.1                                  71.97%    failed      0.00%
  17  Amil_Amillepora34452-RA                              84.38%    failed      0.01%
  18  Amil_Amillepora32418-RA                              73.28%    passed     27.64%
  19  Exapal_XM_021048370.2                                 0.58%    passed     60.41%
  20  Nvec_v1g166745                                        9.34%    passed     77.05%
  21  Amil_Amillepora32407-RA                              71.24%    failed      0.05%
  22  Dgig_XM_028544359.1                                   2.48%    passed     95.93%
  23  Xesp_014632-T1                                        2.34%    passed     99.79%
  24  Nemnom_g5859.t1                                       2.48%    passed     92.39%
  25  Rhoesc_Res_007172-T1                                  2.48%    passed     66.22%
  26  Sanmal_Sma_015565-T1                                  2.04%    passed     93.55%
  27  Amil_Amillepora27698-RA                              75.33%    failed      0.69%
  28  Amil_Amillepora27705-RA                              75.33%    failed      0.58%
  29  Amil_Amillepora32376-RA                              75.33%    failed      0.71%
  30  Amil_Amillepora32380-RA                              84.96%    passed      6.37%
  31  Amil_Amillepora35574-RA                              69.34%    passed     34.11%
  32  Lcom_lcpid247189                                     87.01%    failed      0.35%
  33  Cgig_XM_011429155.3                                   1.90%    passed     95.44%
  34  Acagra_model.g6463.t1                                 1.90%    passed     57.45%
  35  Skow_XM_006814722.1                                   0.44%    passed     99.66%
  36  Ctel_gnl_WGS_AMQN_CAPTEDRAFT_mRNA90714                3.50%    passed     99.18%
  37  Bralan_BLAG13000767_1                                 0.88%    passed     98.99%
  38  Spur_XM_030977535.1                                   0.73%    passed     97.11%
  39  Hvul_g27344_1                                        79.71%    failed      0.41%
  40  Chem_TCONS_00049934                                   0.88%    passed     89.23%
  41  Morvir_scaffold129.g10.t1                             9.05%    passed     65.05%
  42  HoiH23_PlH23_004531-RA                                0.15%    passed     85.80%
  43  HoiH06_mRNA833                                        1.90%    passed     88.58%
  44  Hhon_g06742.t1                                        0.15%    passed     96.78%
  45  HoiH04_mRNA5733                                       1.90%    passed     97.17%
  46  HoiH11_mRNA7193                                      40.88%    passed     34.25%
  47  TrH2_TrispH2_001691-RA                                1.75%    passed     75.95%
  48  Tadh_TriadT55191                                      7.74%    passed     87.08%
  49  Bolinf_Binf_sb1250395                                 5.55%    passed     68.22%
  50  Mertsp_Mesp_sb581063                                  5.55%    passed     70.46%
  51  Coeast_Cast_sb838950                                 76.06%    passed     84.07%
  52  Lampan_Lpan_C418521_01                                5.55%    passed     54.42%
  53  Bolinf_Binf_sb1256408                                32.12%    passed      5.71%
  54  Bolinf_Binf_sb1256409                                32.12%    passed      5.71%
  55  Bolinf_Binf_sb1256415                                66.57%    passed      5.67%
  56  Bolinf_Binf_sb1256416                                66.57%    passed      5.67%
  57  Bolinf_Binf_sb1256413                                60.58%    passed     44.85%
  58  Bolinf_Binf_sb1256414                                60.58%    passed     44.85%
  59  Mertsp_Mesp_sb572087                                 66.42%    passed      6.46%
  60  Bolinf_Binf_sb1256410                                53.28%    passed     35.34%
  61  Bolinf_Binf_sb1256411                                53.28%    passed     35.34%
  62  Bolinf_Binf_sb1256412                                36.93%    failed      4.18%
  63  Bolinf_Binf_sb1256421                                71.39%    passed      6.39%
  64  Bolinf_Binf_sb1256418                                65.40%    passed     43.88%
  65  Bolinf_Binf_sb1256417                                58.10%    passed     35.90%
  66  Mlei_ML1314.g7.i1                                    43.21%    failed      0.18%
  67  Vmul_sbMO411931                                      35.91%    passed      5.94%
  68  Beraby_Baby_sb346017                                  5.40%    passed     52.79%
  69  Beraby_Baby_sb346018                                 24.67%    passed     18.46%
  70  Beraby_Baby_sb346022                                 76.93%    passed     16.95%
  71  Beraby_Baby_sb346019                                 44.82%    passed     35.93%
  72  Beraby_Baby_sb346020                                 56.50%    passed     13.08%
  73  Horcal_Hcv1.av93.c10.g368.i1                          4.96%    passed     85.74%
  74  Pbac_sb2651324                                       20.73%    passed     86.27%
  75  Beraby_Baby_sb346021                                 63.94%    failed      3.26%
  76  Beraby_Baby_sb346023                                 77.96%    passed     12.16%
  77  Drygla_Dgla_sb290314                                 32.85%    failed      3.84%
  78  Mlei_ML1314.g6.i1                                    77.37%    failed      0.20%
  79  Eupdun_Edun_sb10638528                               61.61%    passed     47.10%
  80  Eupdun_Edun_sb10638527                               40.29%    passed     31.69%
  81  Vmul_Simscaffold12104_01                              5.69%    passed     74.48%
  82  Coemet_Cmet_scaffold20631_01                         60.44%    passed     12.02%
  83  Pbac_sb2651325                                       65.99%    passed      8.90%
  84  Emue_Em0006g1171a.t1                                  2.77%    passed     90.31%
  85  Spolac_c99288_g1_i1_m.19253c99288-g1                  8.18%    passed     49.45%
  86  Spolac_c99288_g1_i2_m.19255c99288-g1                 56.93%    passed     79.90%
  87  Opea_EP00118_Oscarella_pearsei_P014101                0.88%    passed     85.40%
  88  Plajan_Pjan_C568666_01                                0.58%    passed     93.98%
  89  Plespi_Pspi_C614436_01                                5.40%    failed      3.00%
  90  Stycar_maker-SC_scaffold7500-snap-gene-0.24-mRNA-1   11.09%    passed     11.15%
  91  Lcom_lcpid254889                                     86.13%    passed     68.12%
  92  Hsap_ENST00000273390                                  0.73%    passed      7.45%
  93  Hsap_ENST00000648112                                  0.73%    passed      7.45%
  94  Halamb_c53718_g2_i1mm.5389                           32.26%    failed      1.96%
  95  Aque_Aqu2.1.23858_001                                16.35%    failed      0.00%
  96  Lcom_lcpid166252                                     77.08%    passed     20.81%
  97  Clacor_Ccor_scaffold12514_01                         52.85%    passed     29.05%
  98  Codhol_EP00042_Codosiga_hollandica_P026331           85.11%    failed      0.14%
  99  Codhol_EP00042_Codosiga_hollandica_P026332            5.11%    passed     15.64%
 100  Salurc_EP00051_Salpingoeca_urceolata_P001699          3.36%    failed      0.00%
 101  Stedip_EP00041_Stephanoeca_diplocostata_P017226       2.92%    failed      0.00%
 102  Saldol_EP00054_Salpingoeca_dolichothecata_P021736     3.07%    failed      3.88%
 103  Salpun_EP00053_Salpingoeca_punica_P026266            81.61%    passed     24.54%
 104  Salmac_EP00052_Salpingoeca_macrocollata_P026419       5.99%    failed      0.00%
 105  Salmac_EP00052_Salpingoeca_macrocollata_P026420      87.74%    failed      0.59%
 106  Salkve_EP00050_Salpingoeca_kvevrii_P007880            3.50%    failed      0.01%
 107  Diagra_EP00040_Diaphanoeca_grandis_P016633            4.23%    failed      0.69%
 108  Mylflu_EP00047_Mylnosiga_fluctuans_P005988            3.21%    failed      0.00%
 109  Amil_Amillepora32398-RA                              79.42%    failed      0.09%
 110  Mbre_EDQ87067                                         7.45%    failed      0.00%
 111  Chofle_EP00730_Choanoeca_flexa_P000263                8.47%    failed      0.00%
 112  Chofle_EP00730_Choanoeca_flexa_P000265               80.73%    passed     39.79%
 113  Choper_EP00045_Choanoeca_perplexa_P022859             4.09%    failed      0.00%
 114  Chofle_EP00730_Choanoeca_flexa_P000264               85.99%    passed      5.36%
 115  Salinf_EP00049_Salpingoeca_infusionum_P011097         3.21%    failed      0.31%
 116  Microa_EP00043_Microstomoeca_roanoka_P018389          3.50%    failed      0.77%
 117  Sros_EGD83678                                         4.53%    failed      0.05%
 118  Acaspe_EP00035_Acanthoeca_spectabilis_P021781         2.92%    failed      0.10%
 119  Helnan_EP00037_Helgoeca_nana_P000940                  2.92%    failed      0.00%
 120  Salpun_EP00053_Salpingoeca_punica_P018007            52.12%    failed      3.93%
 121  Didcos_EP00039_Didymoeca_costata_P002304              8.61%    passed     67.53%
 122  Lcom_lcpid46954                                       1.75%    passed     61.68%
 123  Scil_scict014388.1                                   79.71%    failed      0.66%
 124  Hvul_g27342_1                                        70.66%    passed     24.46%
 125  Aque_Aqu2.1.29912_001                                17.52%    failed      0.00%
 126  Clacor_Ccor_C531973_01                               54.01%    passed     26.72%
 127  Gracom_Gcom_scaffold10329_01                          4.09%    passed      8.69%
 128  Leuniv_Lniv_scaffold25958_01                         44.09%    passed     16.24%
 129  Hvul_g27343_1                                        77.66%    passed      6.18%
 130  Tcas_TC010320_001                                     5.40%    failed      0.05%
 131  Cscu_XM_023362252.1                                  28.03%    failed      0.00%
WARNING: 53 sequences contain more than 50% gaps/ambiguity
****  TOTAL                                                34.84%  43 sequences failed composition chi2 test (p-value<5%; df=19)
NOTE: Bolinf_Binf_sb1256409 is identical to Bolinf_Binf_sb1256408 but kept for subsequent analysis
NOTE: Bolinf_Binf_sb1256416 is identical to Bolinf_Binf_sb1256415 but kept for subsequent analysis
NOTE: Bolinf_Binf_sb1256414 is identical to Bolinf_Binf_sb1256413 but kept for subsequent analysis
NOTE: Bolinf_Binf_sb1256411 is identical to Bolinf_Binf_sb1256410 but kept for subsequent analysis
NOTE: Hsap_ENST00000648112 is identical to Hsap_ENST00000273390 but kept for subsequent analysis


Create initial parsimony tree by phylogenetic likelihood library (PLL)... 0.079 seconds
Measuring multi-threading efficiency up to 2 CPU cores
7 trees examined
Threads: 1 / Time: 2.205 sec / Speedup: 1.000 / Efficiency: 100% / LogL: -88708
Threads: 2 / Time: 1.118 sec / Speedup: 1.972 / Efficiency: 99% / LogL: -88708
BEST NUMBER OF THREADS: 2

Perform fast likelihood tree search using LG+I+G model...
Estimate model parameters (epsilon = 5.000)
Perform nearest neighbor interchange...
Estimate model parameters (epsilon = 1.000)
1. Initial log-likelihood: -58648.690
Optimal log-likelihood: -58648.510
Proportion of invariable sites: 0.009
Gamma shape alpha: 1.618
Parameters optimization took 1 rounds (0.432 sec)
Time for fast ML tree search: 16.791 seconds

NOTE: ModelFinder requires 60 MB RAM!
ModelFinder will test up to 24 protein models (sample size: 685) ...
 No. Model         -LnL         df  AIC          AICc         BIC
  1  LG            60610.962    259 121739.924   122056.818   122913.044
  2  LG+I          60493.047    260 121506.094   121826.188   122683.743
  3  LG+G4         58671.469    260 117862.938   118183.032   119040.587
  4  LG+I+G4       58648.521    261 117819.042   118142.361   119001.220
  8  LG+F+I+G4     58846.616    280 118253.233   118642.738   119521.470
 12  WAG+I+G4      58824.407    261 118170.813   118494.133   119352.992
 16  WAG+F+I+G4    59166.767    280 118893.533   119283.038   120161.771
 20  JTT+I+G4      59071.048    261 118664.096   118987.416   119846.275
 24  JTT+F+I+G4    59126.600    280 118813.199   119202.704   120081.437
Akaike Information Criterion:           LG+I+G4
Corrected Akaike Information Criterion: LG+I+G4
Bayesian Information Criterion:         LG+I+G4
Best-fit model: LG+I+G4 chosen according to BIC

All model information printed to results_broccoli_metc/alignments_prefiltering/OG_3929.iqtree.model.gz
CPU time for ModelFinder: 64.564 seconds (0h:1m:4s)
Wall-clock time for ModelFinder: 33.698 seconds (0h:0m:33s)
Generating 1000 samples for ultrafast bootstrap (seed: 462658)...

NOTE: 60 MB RAM (0 GB) is required!
Estimate model parameters (epsilon = 0.100)
Thoroughly optimizing +I+G parameters from 10 start values...
Init pinv, alpha: 0.000, 1.618 / Estimate: 0.009, 1.612 / LogL: -58648.493
Init pinv, alpha: 0.001, 1.618 / Estimate: 0.009, 1.615 / LogL: -58648.502
Init pinv, alpha: 0.002, 1.618 / Estimate: 0.009, 1.615 / LogL: -58648.508
Init pinv, alpha: 0.003, 1.618 / Estimate: 0.009, 1.615 / LogL: -58648.505
Init pinv, alpha: 0.005, 1.618 / Estimate: 0.009, 1.616 / LogL: -58648.503
Init pinv, alpha: 0.006, 1.618 / Estimate: 0.009, 1.614 / LogL: -58648.501
Init pinv, alpha: 0.007, 1.618 / Estimate: 0.009, 1.614 / LogL: -58648.499
Init pinv, alpha: 0.008, 1.618 / Estimate: 0.009, 1.614 / LogL: -58648.503
Init pinv, alpha: 0.009, 1.618 / Estimate: 0.009, 1.614 / LogL: -58648.500
Init pinv, alpha: 0.010, 1.618 / Estimate: 0.009, 1.614 / LogL: -58648.498
Optimal pinv,alpha: 0.009, 1.612 / LogL: -58648.493

Parameters optimization took 9.358 sec
Computing ML distances based on estimated model parameters...
Computing ML distances took 1.060740 sec (of wall-clock time) 2.115015 sec(of CPU time)
WARNING: Some pairwise ML distances are too long (saturated)
Computing RapidNJ tree took 0.002269 sec (of wall-clock time) 0.002535 sec (of CPU time)
Log-likelihood of RapidNJ tree: -61324.371
--------------------------------------------------------------------
|             INITIALIZING CANDIDATE TREE SET                      |
--------------------------------------------------------------------
Generating 98 parsimony trees... 7.915 second
Computing log-likelihood of 98 initial trees ... 14.063 seconds
Current best score: -58648.493

Do NNI search on 20 best initial trees
Estimate model parameters (epsilon = 0.100)
BETTER TREE FOUND at iteration 1: -58648.492
Estimate model parameters (epsilon = 0.100)
BETTER TREE FOUND at iteration 2: -58595.457
Estimate model parameters (epsilon = 0.100)
BETTER TREE FOUND at iteration 5: -58586.539
Estimate model parameters (epsilon = 0.100)
BETTER TREE FOUND at iteration 6: -58585.830
Iteration 10 / LogL: -58597.361 / Time: 0h:2m:22s
Iteration 20 / LogL: -58597.377 / Time: 0h:3m:59s
Finish initializing candidate tree set (20)
Current best tree score: -58585.830 / CPU time: 226.688
Number of iterations: 20
--------------------------------------------------------------------
|               OPTIMIZING CANDIDATE TREE SET                      |
--------------------------------------------------------------------
BETTER TREE FOUND at iteration 21: -58585.824
Estimate model parameters (epsilon = 0.100)
BETTER TREE FOUND at iteration 27: -58585.165
BETTER TREE FOUND at iteration 29: -58585.158
Iteration 30 / LogL: -58588.759 / Time: 0h:5m:12s (0h:35m:44s left)
Iteration 40 / LogL: -58587.383 / Time: 0h:6m:18s (0h:30m:32s left)
Iteration 50 / LogL: -58585.164 / Time: 0h:7m:16s (0h:26m:36s left)
Log-likelihood cutoff on original alignment: -58650.620
Iteration 60 / LogL: -58600.311 / Time: 0h:8m:20s (0h:23m:54s left)
Estimate model parameters (epsilon = 0.100)
BETTER TREE FOUND at iteration 64: -58584.908
Iteration 70 / LogL: -58618.763 / Time: 0h:9m:30s (0h:26m:43s left)
Iteration 80 / LogL: -58588.470 / Time: 0h:10m:32s (0h:24m:32s left)
Iteration 90 / LogL: -58585.161 / Time: 0h:11m:37s (0h:22m:44s left)
BETTER TREE FOUND at iteration 94: -58584.904
Iteration 100 / LogL: -58592.210 / Time: 0h:13m:8s (0h:25m:44s left)
Log-likelihood cutoff on original alignment: -58650.620
NOTE: Bootstrap correlation coefficient of split occurrence frequencies: 0.991
Iteration 110 / LogL: -58610.640 / Time: 0h:14m:35s (0h:24m:38s left)
Estimate model parameters (epsilon = 0.100)
BETTER TREE FOUND at iteration 113: -58584.846
Estimate model parameters (epsilon = 0.100)
BETTER TREE FOUND at iteration 116: -58584.781
Estimate model parameters (epsilon = 0.100)
BETTER TREE FOUND at iteration 117: -58584.594
Estimate model parameters (epsilon = 0.100)
BETTER TREE FOUND at iteration 118: -58584.380
Iteration 120 / LogL: -58590.454 / Time: 0h:15m:34s (0h:25m:54s left)
Iteration 130 / LogL: -58589.537 / Time: 0h:16m:54s (0h:24m:38s left)
Iteration 140 / LogL: -58584.386 / Time: 0h:17m:52s (0h:22m:53s left)
Iteration 150 / LogL: -58584.483 / Time: 0h:19m:28s (0h:21m:57s left)
Log-likelihood cutoff on original alignment: -58640.736
UPDATE BEST LOG-LIKELIHOOD: -58584.378
Iteration 160 / LogL: -58585.464 / Time: 0h:20m:40s (0h:20m:32s left)
Iteration 170 / LogL: -58584.620 / Time: 0h:21m:43s (0h:19m:1s left)
Iteration 180 / LogL: -58584.842 / Time: 0h:22m:30s (0h:17m:21s left)
Iteration 190 / LogL: -58584.780 / Time: 0h:23m:33s (0h:15m:57s left)
Iteration 200 / LogL: -58591.286 / Time: 0h:24m:27s (0h:14m:30s left)
Log-likelihood cutoff on original alignment: -58629.884
NOTE: Bootstrap correlation coefficient of split occurrence frequencies: 0.991
Iteration 210 / LogL: -58602.335 / Time: 0h:25m:26s (0h:13m:9s left)
Iteration 220 / LogL: -58592.854 / Time: 0h:26m:27s (0h:11m:50s left)
Iteration 230 / LogL: -58588.757 / Time: 0h:27m:20s (0h:10m:30s left)
Estimate model parameters (epsilon = 0.100)
BETTER TREE FOUND at iteration 235: -58583.979
Iteration 240 / LogL: -58586.383 / Time: 0h:28m:22s (0h:23m:8s left)
Iteration 250 / LogL: -58585.595 / Time: 0h:29m:28s (0h:21m:54s left)
Log-likelihood cutoff on original alignment: -58629.884
Iteration 260 / LogL: -58589.640 / Time: 0h:30m:35s (0h:20m:40s left)
Iteration 270 / LogL: -58599.165 / Time: 0h:31m:30s (0h:19m:19s left)
Iteration 280 / LogL: -58585.044 / Time: 0h:32m:39s (0h:18m:8s left)
Iteration 290 / LogL: -58584.843 / Time: 0h:33m:49s (0h:16m:58s left)
BETTER TREE FOUND at iteration 294: -58583.977
Iteration 300 / LogL: -58588.901 / Time: 0h:34m:51s (0h:22m:36s left)
Log-likelihood cutoff on original alignment: -58629.884
NOTE: Bootstrap correlation coefficient of split occurrence frequencies: 0.997
Iteration 310 / LogL: -58592.744 / Time: 0h:35m:57s (0h:21m:24s left)
Iteration 320 / LogL: -58584.642 / Time: 0h:36m:58s (0h:20m:9s left)
Iteration 330 / LogL: -58587.871 / Time: 0h:38m:10s (0h:19m:1s left)
Iteration 340 / LogL: -58586.394 / Time: 0h:38m:59s (0h:17m:42s left)
Iteration 350 / LogL: -58609.371 / Time: 0h:39m:51s (0h:16m:26s left)
Log-likelihood cutoff on original alignment: -58629.884
BETTER TREE FOUND at iteration 357: -58583.977
Iteration 360 / LogL: -58596.082 / Time: 0h:41m:3s (0h:22m:31s left)
Iteration 370 / LogL: -58586.311 / Time: 0h:42m:3s (0h:21m:18s left)
Iteration 380 / LogL: -58589.951 / Time: 0h:43m:3s (0h:20m:6s left)
Iteration 390 / LogL: -58585.248 / Time: 0h:44m:6s (0h:18m:56s left)
Iteration 400 / LogL: -58629.899 / Time: 0h:45m:35s (0h:17m:56s left)
Log-likelihood cutoff on original alignment: -58630.719
NOTE: Bootstrap correlation coefficient of split occurrence frequencies: 0.996
Iteration 410 / LogL: -58590.901 / Time: 0h:46m:29s (0h:16m:42s left)
Iteration 420 / LogL: -58585.807 / Time: 0h:47m:14s (0h:15m:26s left)
Iteration 430 / LogL: -58593.250 / Time: 0h:48m:17s (0h:14m:17s left)
Iteration 440 / LogL: -58601.019 / Time: 0h:49m:23s (0h:13m:9s left)
Iteration 450 / LogL: -58585.305 / Time: 0h:50m:14s (0h:11m:58s left)
Log-likelihood cutoff on original alignment: -58630.719
Iteration 460 / LogL: -58586.540 / Time: 0h:51m:17s (0h:10m:50s left)
Iteration 470 / LogL: -58603.586 / Time: 0h:52m:17s (0h:9m:42s left)
Iteration 480 / LogL: -58590.839 / Time: 0h:53m:29s (0h:8m:35s left)
Iteration 490 / LogL: -58616.239 / Time: 0h:54m:39s (0h:7m:29s left)
Iteration 500 / LogL: -58584.519 / Time: 0h:55m:41s (0h:6m:21s left)
Log-likelihood cutoff on original alignment: -58630.719
NOTE: Bootstrap correlation coefficient of split occurrence frequencies: 0.997
Iteration 510 / LogL: -58585.123 / Time: 0h:56m:36s (0h:10m:0s left)
Iteration 520 / LogL: -58598.648 / Time: 0h:57m:32s (0h:8m:52s left)
Iteration 530 / LogL: -58589.676 / Time: 0h:58m:40s (0h:7m:45s left)
Iteration 540 / LogL: -58619.881 / Time: 0h:59m:42s (0h:6m:38s left)
Iteration 550 / LogL: -58583.979 / Time: 1h:0m:36s (0h:5m:31s left)
Log-likelihood cutoff on original alignment: -58630.719
TREE SEARCH COMPLETED AFTER 558 ITERATIONS / Time: 1h:1m:25s

--------------------------------------------------------------------
|                    FINALIZING TREE SEARCH                        |
--------------------------------------------------------------------
Performs final model parameters optimization
Estimate model parameters (epsilon = 0.010)
1. Initial log-likelihood: -58583.977
Optimal log-likelihood: -58583.977
Proportion of invariable sites: 0.009
Gamma shape alpha: 1.609
Parameters optimization took 1 rounds (0.425 sec)
BEST SCORE FOUND : -58583.977
Creating bootstrap support values...
Split supports printed to NEXUS file results_broccoli_metc/alignments_prefiltering/OG_3929.iqtree.splits.nex
Total tree length: 44.453

Total number of iterations: 558
CPU time used for tree search: 7302.301 sec (2h:1m:42s)
Wall-clock time used for tree search: 3672.289 sec (1h:1m:12s)
Total CPU time used: 7329.394 sec (2h:2m:9s)
Total wall-clock time used: 3686.048 sec (1h:1m:26s)

Computing bootstrap consensus tree...
Reading input file results_broccoli_metc/alignments_prefiltering/OG_3929.iqtree.splits.nex...
131 taxa and 944 splits.
Consensus tree written to results_broccoli_metc/alignments_prefiltering/OG_3929.iqtree.contree
Reading input trees file results_broccoli_metc/alignments_prefiltering/OG_3929.iqtree.contree
Log-likelihood of consensus tree: -58584.392

Analysis results written to: 
  IQ-TREE report:                results_broccoli_metc/alignments_prefiltering/OG_3929.iqtree.iqtree
  Maximum-likelihood tree:       results_broccoli_metc/alignments_prefiltering/OG_3929.iqtree.treefile
  Likelihood distances:          results_broccoli_metc/alignments_prefiltering/OG_3929.iqtree.mldist

Ultrafast bootstrap approximation results written to:
  Split support values:          results_broccoli_metc/alignments_prefiltering/OG_3929.iqtree.splits.nex
  Consensus tree:                results_broccoli_metc/alignments_prefiltering/OG_3929.iqtree.contree
  Screen log file:               results_broccoli_metc/alignments_prefiltering/OG_3929.iqtree.log

Date and Time: Wed Jun  1 21:43:59 2022
