IQ-TREE multicore version 2.1.0 for Linux 64-bit built Jul 18 2020
Developed by Bui Quang Minh, James Barbetti, Nguyen Lam Tung,
Olga Chernomor, Heiko Schmidt, Dominik Schrempf, Michael Woodhams.

Host:    node-hp0109.linux.crg.es (AVX, 125 GB RAM)
Command: /users/asebe/xgraubove/Programes/iqtree-2.1.0-Linux/bin/iqtree2 -s results_broccoli_metc/alignments_prefiltering/OG_3447.lt.fasta -m TEST -mset LG,WAG,JTT -nt AUTO -ntmax 2 -bb 1000 -pre results_broccoli_metc/alignments_prefiltering/OG_3447.iqtree -nm 10000 -nstop 200 -cptime 1800
Seed:    549058 (Using SPRNG - Scalable Parallel Random Number Generator)
Time:    Wed Jun  1 19:56:56 2022
Kernel:  AVX - auto-detect threads (2 CPU cores detected)

Reading alignment file results_broccoli_metc/alignments_prefiltering/OG_3447.lt.fasta ... Fasta format detected
Alignment most likely contains protein sequences
Alignment has 82 sequences with 572 columns, 572 distinct patterns
569 parsimony-informative, 0 singleton sites, 3 constant sites
                                                        Gap/Ambiguity  Composition  p-value
   1  Fspp_ffun1.m4.22221.m1                                   47.73%    passed     95.54%
   2  Gasp_gasp1.m3.4785.m1                                    11.01%    passed     58.08%
   3  Pocdam_XM_027190048.1                                    26.92%    passed     88.15%
   4  Spis_XP_022795405_1                                       4.55%    passed     98.46%
   5  Amil_Amillepora14140-RA                                  14.86%    passed     98.75%
   6  Adig_XM_015911334.1                                       8.04%    passed     90.63%
   7  Gfas_gfas1.m1.22719.m1                                   80.42%    passed     96.75%
   8  Gfas_gfas1.m1.22221.m1                                   37.24%    passed     47.61%
   9  Nvec_v1g84908                                             4.37%    passed     92.01%
  10  Exapal_XM_021043256.2                                     1.92%    passed     99.35%
  11  Dgig_XM_028539459.1                                       5.42%    passed     22.77%
  12  Xesp_018476-T1                                            5.59%    failed      2.75%
  13  Aaur_scaffold592.g14.t1                                  40.56%    failed      2.97%
  14  Morvir_scaffold222.g17.t1                                 3.50%    passed     58.75%
  15  Nemnom_g3246.t1                                           3.50%    passed     96.54%
  16  Rhoesc_Res_014610-T1                                      3.50%    passed     85.93%
  17  Sanmal_Sma_013024-T1                                      2.97%    passed     29.47%
  18  Hvul_g5263_1                                              5.77%    passed     59.17%
  19  Bralan_BLAG12000062_1                                     5.24%    passed     17.09%
  20  Hsap_ENST00000335754                                      2.62%    passed     55.13%
  21  Cscu_XM_023386852.1                                       7.69%    passed     65.54%
  22  Cscu_XM_023375260.1                                      76.57%    passed     75.59%
  23  Cgig_XM_011441088.3                                       3.50%    passed      7.40%
  24  Skow_XM_002730487.2                                       3.15%    passed     66.72%
  25  Spur_XM_030972301.1                                       5.42%    passed     40.59%
  26  Acagra_model.g7752.t1                                     2.27%    passed     80.12%
  27  Acagra_model.g7752.t1.1.5d3b84cc                         22.55%    passed     76.30%
  28  Dpul_mRNA5493                                             7.34%    passed     90.66%
  29  Ctel_gnl_WGS_AMQN_CAPTEDRAFT_mRNA229124                   2.80%    failed      2.25%
  30  Tcas_TC001452_001                                         6.12%    passed     69.99%
  31  Plajan_Pjan_C565640_01                                    7.52%    passed     32.41%
  32  Opea_EP00118_Oscarella_pearsei_P014661                   60.66%    passed     70.16%
  33  Ocar_g9266                                               66.26%    passed     43.93%
  34  Lcom_lcpid101258                                         41.96%    passed     80.05%
  35  Lcom_lcpid15529                                           1.05%    passed     99.96%
  36  Gracom_Gcom_scaffold19173_01                              1.05%    passed     86.31%
  37  Leuniv_Lniv_scaffold18850_01                             10.66%    passed     82.53%
  38  Clacor_Ccor_C512505_01                                   70.28%    passed     21.17%
  39  HoiH23_PlH23_005298-RA                                    4.72%    failed      1.81%
  40  HoiH06_mRNA12253                                          5.77%    failed      0.35%
  41  Hhon_g00471.t1                                            5.24%    failed      0.08%
  42  HoiH04_mRNA13034                                          5.24%    failed      0.08%
  43  HoiH11_mRNA5697                                          14.16%    failed      2.44%
  44  TrH2_TrispH2_002724-RA                                    5.42%    passed      7.54%
  45  Tadh_TriadT53825                                          5.94%    passed      5.78%
  46  Stycar_maker-SC_scaffold2697-augustus-gene-0.66-mRNA-1   86.54%    passed     68.15%
  47  Tetwil_g19416.t1                                          4.37%    passed     19.36%
  48  Emue_Em0020g1030a.t1                                      5.42%    passed     77.42%
  49  Spolac_c97358_g1_i1_m.14809c97358-g1                     45.63%    passed     94.18%
  50  Spolac_c97358_g1_i2_m.14810c97358-g1                      8.39%    passed     89.80%
  51  Xestes_maker-XT_scaffold10683-augustus-gene-0.3-mRNA-1   52.80%    passed     65.77%
  52  Halamb_c40295_g1_i1m.12544                                6.12%    passed     81.26%
  53  Xestes_maker-XT_scaffold119501-snap-gene-0.4-mRNA-1      64.69%    passed     22.14%
  54  Plespi_Pspi_scaffold20413_01                             43.01%    passed     49.04%
  55  Salkve_EP00050_Salpingoeca_kvevrii_P008455                7.17%    passed     61.53%
  56  Salmac_EP00052_Salpingoeca_macrocollata_P003364           5.42%    failed      3.04%
  57  Salpun_EP00053_Salpingoeca_punica_P000789                86.01%    failed      1.66%
  58  Stedip_EP00041_Stephanoeca_diplocostata_P020117          16.08%    failed      0.00%
  59  Opea_EP00118_Oscarella_pearsei_P014662                   54.72%    passed     15.90%
  60  Opea_EP00118_Oscarella_pearsei_P014665                   37.94%    passed     26.98%
  61  Acaspe_EP00035_Acanthoeca_spectabilis_P009676             5.77%    failed      0.39%
  62  Helnan_EP00037_Helgoeca_nana_P014065                      6.47%    failed      0.34%
  63  Helnan_EP00037_Helgoeca_nana_P014069                     57.87%    passed     19.60%
  64  Saldol_EP00054_Salpingoeca_dolichothecata_P024918         9.44%    passed     74.65%
  65  Diagra_EP00040_Diaphanoeca_grandis_P021893               10.31%    passed     14.36%
  66  Salurc_EP00051_Salpingoeca_urceolata_P011410              5.94%    failed      0.24%
  67  Didcos_EP00039_Didymoeca_costata_P010866                 79.20%    passed     14.72%
  68  Didcos_EP00039_Didymoeca_costata_P010865                  7.52%    passed     44.79%
  69  Codhol_EP00042_Codosiga_hollandica_P059056                7.52%    passed     18.90%
  70  Stedip_EP00041_Stephanoeca_diplocostata_P020118          57.34%    passed     15.60%
  71  Salpun_EP00053_Salpingoeca_punica_P000790                62.06%    passed     84.38%
  72  Mylflu_EP00047_Mylnosiga_fluctuans_P016478                8.04%    failed      0.25%
  73  Mylflu_EP00047_Mylnosiga_fluctuans_P016479                8.04%    failed      0.25%
  74  Salpun_EP00053_Salpingoeca_punica_P025518                60.14%    passed     45.77%
  75  Microa_EP00043_Microstomoeca_roanoka_P015387              3.50%    passed     21.87%
  76  Sros_EGD83569                                             2.10%    failed      0.00%
  77  Chofle_EP00730_Choanoeca_flexa_P009646                    5.07%    passed     16.29%
  78  Choper_EP00045_Choanoeca_perplexa_P005196                 4.72%    passed     25.10%
  79  Mbre_EDQ92035                                            13.99%    passed      6.08%
  80  Salinf_EP00049_Salpingoeca_infusionum_P003476             2.62%    failed      1.33%
  81  Fspp_ffun1.m4.33842.m1                                   58.39%    passed     63.37%
  82  Stycar_maker-SC_scaffold2697-augustus-gene-0.67-mRNA-1   58.39%    passed     90.15%
WARNING: 17 sequences contain more than 50% gaps/ambiguity
****  TOTAL                                                    22.17%  18 sequences failed composition chi2 test (p-value<5%; df=19)
NOTE: Mylflu_EP00047_Mylnosiga_fluctuans_P016479 is identical to Mylflu_EP00047_Mylnosiga_fluctuans_P016478 but kept for subsequent analysis


Create initial parsimony tree by phylogenetic likelihood library (PLL)... 0.040 seconds
Measuring multi-threading efficiency up to 2 CPU cores
Increase to 10 rounds for branch lengths
2 trees examined
Threads: 1 / Time: 2.527 sec / Speedup: 1.000 / Efficiency: 100% / LogL: -70188
Threads: 2 / Time: 1.276 sec / Speedup: 1.981 / Efficiency: 99% / LogL: -70188
BEST NUMBER OF THREADS: 2

Perform fast likelihood tree search using LG+I+G model...
Estimate model parameters (epsilon = 5.000)
Perform nearest neighbor interchange...
Estimate model parameters (epsilon = 1.000)
1. Initial log-likelihood: -51526.108
Optimal log-likelihood: -51525.980
Proportion of invariable sites: 0.004
Gamma shape alpha: 1.590
Parameters optimization took 1 rounds (0.231 sec)
Time for fast ML tree search: 2.451 seconds

NOTE: ModelFinder requires 32 MB RAM!
ModelFinder will test up to 24 protein models (sample size: 572) ...
 No. Model         -LnL         df  AIC          AICc         BIC
  1  LG            53000.995    161 106323.990   106451.219   107024.201
  2  LG+I          52967.564    162 106259.128   106388.253   106963.689
  3  LG+G4         51529.233    162 103382.467   103511.591   104087.027
  4  LG+I+G4       51525.972    163 103377.944   103508.984   104086.854
  7  LG+F+G4       51387.800    181 103137.600   103306.533   103924.794
  8  LG+F+I+G4     51384.807    182 103133.614   103304.853   103925.158
 11  WAG+G4        51712.219    162 103748.437   103877.562   104452.998
 12  WAG+I+G4      51708.555    163 103743.111   103874.150   104452.021
 15  WAG+F+G4      51614.812    181 103591.623   103760.557   104378.818
 16  WAG+F+I+G4    51611.285    182 103586.570   103757.809   104378.113
 19  JTT+G4        51806.577    162 103937.153   104066.278   104641.714
 20  JTT+I+G4      51801.871    163 103929.743   104060.782   104638.653
 23  JTT+F+G4      51738.312    181 103838.624   104007.557   104625.818
 24  JTT+F+I+G4    51733.155    182 103830.311   104001.550   104621.854
Akaike Information Criterion:           LG+F+I+G4
Corrected Akaike Information Criterion: LG+F+I+G4
Bayesian Information Criterion:         LG+F+G4
Best-fit model: LG+F+G4 chosen according to BIC

All model information printed to results_broccoli_metc/alignments_prefiltering/OG_3447.iqtree.model.gz
CPU time for ModelFinder: 35.034 seconds (0h:0m:35s)
Wall-clock time for ModelFinder: 18.822 seconds (0h:0m:18s)
Generating 1000 samples for ultrafast bootstrap (seed: 549058)...

NOTE: 32 MB RAM (0 GB) is required!
Estimate model parameters (epsilon = 0.100)
1. Initial log-likelihood: -51387.800
Optimal log-likelihood: -51387.798
Gamma shape alpha: 1.543
Parameters optimization took 1 rounds (0.216 sec)
Computing ML distances based on estimated model parameters...
Computing ML distances took 0.481912 sec (of wall-clock time) 0.960482 sec(of CPU time)
WARNING: Some pairwise ML distances are too long (saturated)
Computing RapidNJ tree took 0.001278 sec (of wall-clock time) 0.001552 sec (of CPU time)
Log-likelihood of RapidNJ tree: -52027.082
--------------------------------------------------------------------
|             INITIALIZING CANDIDATE TREE SET                      |
--------------------------------------------------------------------
Generating 98 parsimony trees... 4.011 second
Computing log-likelihood of 98 initial trees ... 7.455 seconds
Current best score: -51387.798

Do NNI search on 20 best initial trees
Estimate model parameters (epsilon = 0.100)
BETTER TREE FOUND at iteration 1: -51387.223
Estimate model parameters (epsilon = 0.100)
BETTER TREE FOUND at iteration 2: -51365.811
Estimate model parameters (epsilon = 0.100)
BETTER TREE FOUND at iteration 5: -51365.532
Estimate model parameters (epsilon = 0.100)
BETTER TREE FOUND at iteration 8: -51362.718
Iteration 10 / LogL: -51367.480 / Time: 0h:0m:27s
Estimate model parameters (epsilon = 0.100)
BETTER TREE FOUND at iteration 20: -51362.271
Iteration 20 / LogL: -51362.271 / Time: 0h:0m:43s
Finish initializing candidate tree set (18)
Current best tree score: -51362.271 / CPU time: 42.145
Number of iterations: 20
--------------------------------------------------------------------
|               OPTIMIZING CANDIDATE TREE SET                      |
--------------------------------------------------------------------
Iteration 30 / LogL: -51362.272 / Time: 0h:1m:0s (0h:6m:39s left)
Iteration 40 / LogL: -51362.815 / Time: 0h:1m:18s (0h:6m:3s left)
Iteration 50 / LogL: -51362.354 / Time: 0h:1m:36s (0h:5m:34s left)
Log-likelihood cutoff on original alignment: -51420.079
Iteration 60 / LogL: -51362.352 / Time: 0h:1m:53s (0h:5m:7s left)
Iteration 70 / LogL: -51362.318 / Time: 0h:2m:10s (0h:4m:44s left)
Iteration 80 / LogL: -51369.866 / Time: 0h:2m:27s (0h:4m:20s left)
Iteration 90 / LogL: -51364.858 / Time: 0h:2m:43s (0h:3m:59s left)
Iteration 100 / LogL: -51414.970 / Time: 0h:3m:0s (0h:3m:38s left)
Log-likelihood cutoff on original alignment: -51420.175
NOTE: Bootstrap correlation coefficient of split occurrence frequencies: 0.999
Iteration 110 / LogL: -51373.247 / Time: 0h:3m:18s (0h:3m:20s left)
Iteration 120 / LogL: -51363.028 / Time: 0h:3m:35s (0h:3m:0s left)
Iteration 130 / LogL: -51364.227 / Time: 0h:3m:51s (0h:2m:41s left)
Iteration 140 / LogL: -51362.300 / Time: 0h:4m:8s (0h:2m:22s left)
Iteration 150 / LogL: -51362.661 / Time: 0h:4m:24s (0h:2m:4s left)
Log-likelihood cutoff on original alignment: -51420.175
Iteration 160 / LogL: -51363.644 / Time: 0h:4m:41s (0h:1m:46s left)
Iteration 170 / LogL: -51365.064 / Time: 0h:4m:59s (0h:1m:28s left)
Iteration 180 / LogL: -51362.846 / Time: 0h:5m:17s (0h:1m:10s left)
Iteration 190 / LogL: -51362.650 / Time: 0h:5m:34s (0h:0m:53s left)
Iteration 200 / LogL: -51362.431 / Time: 0h:5m:52s (0h:0m:35s left)
Log-likelihood cutoff on original alignment: -51420.175
NOTE: Bootstrap correlation coefficient of split occurrence frequencies: 1.000
Iteration 210 / LogL: -51366.715 / Time: 0h:6m:10s (0h:2m:39s left)
Iteration 220 / LogL: -51362.715 / Time: 0h:6m:26s (0h:2m:21s left)
TREE SEARCH COMPLETED AFTER 221 ITERATIONS / Time: 0h:6m:27s

--------------------------------------------------------------------
|                    FINALIZING TREE SEARCH                        |
--------------------------------------------------------------------
Performs final model parameters optimization
Estimate model parameters (epsilon = 0.010)
1. Initial log-likelihood: -51362.271
Optimal log-likelihood: -51362.267
Gamma shape alpha: 1.549
Parameters optimization took 1 rounds (0.208 sec)
BEST SCORE FOUND : -51362.267
Creating bootstrap support values...
Split supports printed to NEXUS file results_broccoli_metc/alignments_prefiltering/OG_3447.iqtree.splits.nex
Total tree length: 46.336

Total number of iterations: 221
CPU time used for tree search: 765.622 sec (0h:12m:45s)
Wall-clock time used for tree search: 386.131 sec (0h:6m:26s)
Total CPU time used: 769.423 sec (0h:12m:49s)
Total wall-clock time used: 388.142 sec (0h:6m:28s)

Computing bootstrap consensus tree...
Reading input file results_broccoli_metc/alignments_prefiltering/OG_3447.iqtree.splits.nex...
82 taxa and 394 splits.
Consensus tree written to results_broccoli_metc/alignments_prefiltering/OG_3447.iqtree.contree
Reading input trees file results_broccoli_metc/alignments_prefiltering/OG_3447.iqtree.contree
Log-likelihood of consensus tree: -51362.272

Analysis results written to: 
  IQ-TREE report:                results_broccoli_metc/alignments_prefiltering/OG_3447.iqtree.iqtree
  Maximum-likelihood tree:       results_broccoli_metc/alignments_prefiltering/OG_3447.iqtree.treefile
  Likelihood distances:          results_broccoli_metc/alignments_prefiltering/OG_3447.iqtree.mldist

Ultrafast bootstrap approximation results written to:
  Split support values:          results_broccoli_metc/alignments_prefiltering/OG_3447.iqtree.splits.nex
  Consensus tree:                results_broccoli_metc/alignments_prefiltering/OG_3447.iqtree.contree
  Screen log file:               results_broccoli_metc/alignments_prefiltering/OG_3447.iqtree.log

Date and Time: Wed Jun  1 20:03:44 2022
