IQ-TREE multicore version 2.1.0 for Linux 64-bit built Jul 18 2020
Developed by Bui Quang Minh, James Barbetti, Nguyen Lam Tung,
Olga Chernomor, Heiko Schmidt, Dominik Schrempf, Michael Woodhams.

Host:    node-hp0512.linux.crg.es (AVX, 125 GB RAM)
Command: /users/asebe/xgraubove/Programes/iqtree-2.1.0-Linux/bin/iqtree2 -s results_broccoli_metc/alignments_prefiltering/OG_3394.lt.fasta -m TEST -mset LG,WAG,JTT -nt AUTO -ntmax 2 -bb 1000 -pre results_broccoli_metc/alignments_prefiltering/OG_3394.iqtree -nm 10000 -nstop 200 -cptime 1800
Seed:    531091 (Using SPRNG - Scalable Parallel Random Number Generator)
Time:    Wed Jun  1 20:08:18 2022
Kernel:  AVX - auto-detect threads (2 CPU cores detected)

Reading alignment file results_broccoli_metc/alignments_prefiltering/OG_3394.lt.fasta ... Fasta format detected
Alignment most likely contains protein sequences
Alignment has 99 sequences with 815 columns, 814 distinct patterns
802 parsimony-informative, 0 singleton sites, 13 constant sites
                                                   Gap/Ambiguity  Composition  p-value
   1  Acagra_model.g30600.t1                              63.80%    passed      6.85%
   2  Cgig_XM_011437921.3                                  8.96%    passed     27.17%
   3  Ctel_gnl_WGS_AMQN_CAPTEDRAFT_mRNA168178             12.76%    passed     41.50%
   4  Nemnom_g6187.t1                                      7.48%    passed     81.65%
   5  Rhoesc_Res_010253-T1                                 7.36%    passed     57.81%
   6  Aaur_scaffold3379.g2.t1                             89.20%    passed     19.59%
   7  Sanmal_Sma_020438-T1                                48.59%    passed     92.12%
   8  Chem_TCONS_00027012                                 14.72%    passed      7.83%
   9  Morvir_scaffold77.g38.t1                            12.02%    passed     25.38%
  10  Tetwil_g15045.t1                                    53.13%    passed     93.59%
  11  Aque_Aqu2.1.19723_001                               20.98%    passed     10.55%
  12  Aque_Aqu2.1.02551_001                               88.34%    passed     26.12%
  13  Halamb_c49018_g1_i3mm.2873                           1.10%    passed     34.20%
  14  Halamb_c48044_g1_i1mm.2481                          13.87%    passed     28.80%
  15  Xestes_maker-XT_scaffold184-snap-gene-0.6-mRNA-1    47.73%    failed      0.12%
  16  Spis_XP_022788798_1                                  9.94%    passed     88.87%
  17  Gasp_gasp1.m3.11402.m1                               4.17%    passed     47.61%
  18  Fspp_ffun1.m4.17708.m1                              66.75%    passed     19.26%
  19  Gfas_gfas1.m1.5429.m1                                8.71%    passed     30.19%
  20  Adig_XM_015896831.1                                  5.15%    passed     32.99%
  21  Amil_Amillepora18757-RA                             37.42%    passed     17.09%
  22  Fspp_ffun1.m4.33586.m1                              67.48%    failed      4.49%
  23  Exapal_XM_021058468.1                               32.88%    passed     30.23%
  24  Nvec_v1g115533                                      40.00%    failed      4.49%
  25  Bralan_BLAG11101297_1                                5.15%    passed     92.95%
  26  Acagra_model.g30599.t1                              33.37%    passed     28.10%
  27  Cscu_XM_023374615.1                                  6.99%    passed     19.75%
  28  Skow_XM_006819655.1                                  7.85%    passed     60.85%
  29  Hsap_ENST00000326793                                10.55%    passed     11.22%
  30  Hsap_ENST00000354700                                 9.57%    failed      0.00%
  31  Tcas_TC012753_001                                   10.31%    passed     84.19%
  32  Hsap_ENST00000158762                                13.37%    failed      0.00%
  33  Dgig_XM_028538249.1                                  4.42%    passed      8.11%
  34  Xesp_012558-T1                                      62.45%    failed      0.08%
  35  Xesp_012557-T1                                      49.20%    passed     59.44%
  36  Spur_XM_030986492.1                                  9.08%    passed     83.76%
  37  Dpul_mRNA1122                                       20.00%    passed     86.78%
  38  HoiH23_PlH23_001487-RA                              11.04%    passed     48.73%
  39  HoiH06_mRNA8050                                     33.37%    passed     81.05%
  40  Hhon_g01923.t1                                      11.04%    passed     42.66%
  41  HoiH04_mRNA10791                                    11.29%    passed     24.94%
  42  TrH2_TrispH2_009137-RA                              11.53%    passed     10.57%
  43  Tadh_TriadT57442                                    18.77%    failed      1.77%
  44  Plajan_Pjan_C569576_01                               9.57%    passed     23.65%
  45  Emue_Em0008g817a.t1                                 23.93%    failed      0.75%
  46  Spolac_c101153_g1_i3_m.24689c101153-g1              83.56%    passed     83.90%
  47  Spolac_c101153_g1_i1_m.24687c101153-g1              42.45%    passed     64.78%
  48  Opea_EP00118_Oscarella_pearsei_P005332               9.08%    passed     17.60%
  49  Ocar_g6492                                          23.93%    passed     26.90%
  50  Hvul_g13589_1                                       17.42%    passed     17.33%
  51  Salkve_EP00050_Salpingoeca_kvevrii_P007304          24.91%    passed     61.41%
  52  Mylflu_EP00047_Mylnosiga_fluctuans_P008131          23.31%    failed      4.61%
  53  Saldol_EP00054_Salpingoeca_dolichothecata_P030612   21.72%    failed      3.25%
  54  Bolinf_Binf_sb1226048                               38.04%    passed     35.39%
  55  Mertsp_Mesp_sb573442                                19.26%    passed     43.45%
  56  Mertsp_Mesp_sb573443                                32.52%    passed     55.14%
  57  Beraby_Baby_sb336959                                18.04%    passed     60.59%
  58  Beraby_Baby_sb336955                                18.04%    passed     60.59%
  59  Beraby_Baby_sb336956                                18.04%    passed     60.59%
  60  Beraby_Baby_sb336958                                18.04%    passed     60.59%
  61  Beraby_Baby_sb336960                                31.41%    passed     69.38%
  62  Beraby_Baby_sb336961                                31.41%    passed     69.38%
  63  Beraby_Baby_sb336963                                31.41%    passed     69.38%
  64  Beraby_Baby_sb336964                                31.41%    passed     69.38%
  65  Beraby_Baby_sb336962                                14.48%    passed     51.23%
  66  Beraby_Baby_sb336957                                14.48%    passed     51.23%
  67  Drygla_Dgla_sb285302                                54.85%    passed     44.38%
  68  Drygla_Dgla_sb285303                                54.85%    passed     44.38%
  69  Drygla_Dgla_sb285304                                54.85%    passed     44.38%
  70  Coemet_Cmet_scaffold22605_01                        27.61%    passed      7.89%
  71  Vmul_Simscaffold9074_01                              6.75%    passed     24.65%
  72  Horcal_Hcv1.av93.c3.g1016.i1                         7.12%    passed     63.85%
  73  Horcal_Hcv1.av93.c3.g1016.i2                        10.92%    passed      7.12%
  74  Horcal_Hcv1.av93.c3.g1016.i3                        10.92%    passed      5.82%
  75  Lcom_lcpid36621                                     13.13%    passed     91.16%
  76  Lcom_lcpid31232                                     12.88%    passed     93.92%
  77  Scil_scict026286.1                                  20.12%    passed     69.74%
  78  Gracom_Gcom_C560342_01                              11.17%    passed     37.31%
  79  Leuniv_Lniv_scaffold25913_01                        54.85%    passed      5.83%
  80  Clacor_Ccor_scaffold14398_01                        56.32%    failed      1.15%
  81  Gracom_Gcom_C557324_01                               6.87%    passed      5.54%
  82  Leuniv_Lniv_scaffold23837_01                        50.92%    failed      0.66%
  83  Lcom_lcpid32789                                     10.31%    passed     62.38%
  84  Salurc_EP00051_Salpingoeca_urceolata_P029342        22.58%    failed      0.03%
  85  Acaspe_EP00035_Acanthoeca_spectabilis_P002710       21.84%    failed      0.05%
  86  Helnan_EP00037_Helgoeca_nana_P010060                20.98%    failed      0.54%
  87  Helnan_EP00037_Helgoeca_nana_P010059                67.85%    passed      7.15%
  88  Stedip_EP00041_Stephanoeca_diplocostata_P034717     38.04%    failed      0.03%
  89  Diagra_EP00040_Diaphanoeca_grandis_P020951          22.82%    passed     73.68%
  90  Mbre_EDQ84146                                       30.43%    passed      7.65%
  91  Chofle_EP00730_Choanoeca_flexa_P018413              21.10%    failed      0.01%
  92  Choper_EP00045_Choanoeca_perplexa_P015306           20.98%    failed      0.03%
  93  Microa_EP00043_Microstomoeca_roanoka_P028416        19.75%    passed     22.25%
  94  Sros_EGD74332                                       21.10%    failed      1.52%
  95  Didcos_EP00039_Didymoeca_costata_P007587            23.31%    passed     52.86%
  96  Salmac_EP00052_Salpingoeca_macrocollata_P023800     25.89%    failed      0.25%
  97  Salpun_EP00053_Salpingoeca_punica_P004066           23.56%    passed     77.18%
  98  Salinf_EP00049_Salpingoeca_infusionum_P026334       22.09%    passed      6.90%
  99  Plespi_Pspi_scaffold20631_01                        44.17%    passed     14.33%
WARNING: 15 sequences contain more than 50% gaps/ambiguity
****  TOTAL                                               26.36%  20 sequences failed composition chi2 test (p-value<5%; df=19)
NOTE: Beraby_Baby_sb336955 is identical to Beraby_Baby_sb336959 but kept for subsequent analysis
NOTE: Beraby_Baby_sb336961 is identical to Beraby_Baby_sb336960 but kept for subsequent analysis
NOTE: Beraby_Baby_sb336957 is identical to Beraby_Baby_sb336962 but kept for subsequent analysis
NOTE: Drygla_Dgla_sb285303 is identical to Drygla_Dgla_sb285302 but kept for subsequent analysis
NOTE: 5 identical sequences (see below) will be ignored for subsequent analysis
NOTE: Beraby_Baby_sb336956 (identical to Beraby_Baby_sb336959) is ignored but added at the end
NOTE: Beraby_Baby_sb336958 (identical to Beraby_Baby_sb336959) is ignored but added at the end
NOTE: Beraby_Baby_sb336963 (identical to Beraby_Baby_sb336960) is ignored but added at the end
NOTE: Beraby_Baby_sb336964 (identical to Beraby_Baby_sb336960) is ignored but added at the end
NOTE: Drygla_Dgla_sb285304 (identical to Drygla_Dgla_sb285302) is ignored but added at the end
Alignment was printed to results_broccoli_metc/alignments_prefiltering/OG_3394.iqtree.uniqueseq.phy

For your convenience alignment with unique sequences printed to results_broccoli_metc/alignments_prefiltering/OG_3394.iqtree.uniqueseq.phy


Create initial parsimony tree by phylogenetic likelihood library (PLL)... 0.080 seconds
Measuring multi-threading efficiency up to 2 CPU cores
8 trees examined
Threads: 1 / Time: 2.136 sec / Speedup: 1.000 / Efficiency: 100% / LogL: -111258
Threads: 2 / Time: 1.078 sec / Speedup: 1.981 / Efficiency: 99% / LogL: -111258
BEST NUMBER OF THREADS: 2

Perform fast likelihood tree search using LG+I+G model...
Estimate model parameters (epsilon = 5.000)
Perform nearest neighbor interchange...
Estimate model parameters (epsilon = 1.000)
1. Initial log-likelihood: -75891.866
Optimal log-likelihood: -75891.672
Proportion of invariable sites: 0.015
Gamma shape alpha: 1.696
Parameters optimization took 1 rounds (0.732 sec)
Time for fast ML tree search: 4.368 seconds

NOTE: ModelFinder requires 51 MB RAM!
ModelFinder will test up to 24 protein models (sample size: 815) ...
 No. Model         -LnL         df  AIC          AICc         BIC
  1  LG            78236.057    185 156842.114   156951.525   157712.203
  2  LG+I          77961.897    186 156295.794   156406.565   157170.587
  3  LG+G4         75942.628    186 152257.255   152368.026   153132.048
  4  LG+I+G4       75891.673    187 152157.346   152269.486   153036.842
  8  LG+F+I+G4     75743.985    206 151899.970   152040.239   152868.826
 12  WAG+I+G4      76008.041    187 152390.083   152502.223   153269.579
 16  WAG+F+I+G4    75961.163    206 152334.325   152474.595   153303.182
 20  JTT+I+G4      76105.120    187 152584.240   152696.381   153463.736
 24  JTT+F+I+G4    75889.452    206 152190.905   152331.175   153159.762
Akaike Information Criterion:           LG+F+I+G4
Corrected Akaike Information Criterion: LG+F+I+G4
Bayesian Information Criterion:         LG+F+I+G4
Best-fit model: LG+F+I+G4 chosen according to BIC

All model information printed to results_broccoli_metc/alignments_prefiltering/OG_3394.iqtree.model.gz
CPU time for ModelFinder: 38.057 seconds (0h:0m:38s)
Wall-clock time for ModelFinder: 20.308 seconds (0h:0m:20s)
Generating 1000 samples for ultrafast bootstrap (seed: 531091)...

NOTE: 51 MB RAM (0 GB) is required!
Estimate model parameters (epsilon = 0.100)
Thoroughly optimizing +I+G parameters from 10 start values...
Init pinv, alpha: 0.000, 1.680 / Estimate: 0.015, 1.680 / LogL: -75744.000
Init pinv, alpha: 0.002, 1.680 / Estimate: 0.015, 1.681 / LogL: -75743.990
Init pinv, alpha: 0.004, 1.680 / Estimate: 0.015, 1.680 / LogL: -75744.000
Init pinv, alpha: 0.005, 1.680 / Estimate: 0.015, 1.680 / LogL: -75743.992
Init pinv, alpha: 0.007, 1.680 / Estimate: 0.015, 1.681 / LogL: -75743.987
Init pinv, alpha: 0.009, 1.680 / Estimate: 0.015, 1.681 / LogL: -75743.983
Init pinv, alpha: 0.011, 1.680 / Estimate: 0.015, 1.682 / LogL: -75743.979
Init pinv, alpha: 0.012, 1.680 / Estimate: 0.015, 1.682 / LogL: -75743.977
Init pinv, alpha: 0.014, 1.680 / Estimate: 0.015, 1.682 / LogL: -75743.976
Init pinv, alpha: 0.016, 1.680 / Estimate: 0.015, 1.683 / LogL: -75743.974
Optimal pinv,alpha: 0.015, 1.683 / LogL: -75743.974

Parameters optimization took 8.796 sec
Computing ML distances based on estimated model parameters...
Computing ML distances took 0.619724 sec (of wall-clock time) 1.235806 sec(of CPU time)
Computing RapidNJ tree took 0.001556 sec (of wall-clock time) 0.002101 sec (of CPU time)
Log-likelihood of RapidNJ tree: -76410.736
--------------------------------------------------------------------
|             INITIALIZING CANDIDATE TREE SET                      |
--------------------------------------------------------------------
Generating 98 parsimony trees... 6.706 second
Computing log-likelihood of 98 initial trees ... 12.259 seconds
Current best score: -75743.974

Do NNI search on 20 best initial trees
Estimate model parameters (epsilon = 0.100)
BETTER TREE FOUND at iteration 1: -75743.125
Estimate model parameters (epsilon = 0.100)
BETTER TREE FOUND at iteration 2: -75735.930
Estimate model parameters (epsilon = 0.100)
BETTER TREE FOUND at iteration 4: -75735.125
Estimate model parameters (epsilon = 0.100)
BETTER TREE FOUND at iteration 5: -75728.602
Estimate model parameters (epsilon = 0.100)
BETTER TREE FOUND at iteration 7: -75725.486
Iteration 10 / LogL: -75746.891 / Time: 0h:0m:56s
Iteration 20 / LogL: -75741.179 / Time: 0h:1m:22s
Finish initializing candidate tree set (17)
Current best tree score: -75725.486 / CPU time: 72.026
Number of iterations: 20
--------------------------------------------------------------------
|               OPTIMIZING CANDIDATE TREE SET                      |
--------------------------------------------------------------------
Estimate model parameters (epsilon = 0.100)
BETTER TREE FOUND at iteration 22: -75723.034
Iteration 30 / LogL: -75723.418 / Time: 0h:1m:52s (0h:12m:23s left)
UPDATE BEST LOG-LIKELIHOOD: -75723.034
Iteration 40 / LogL: -75725.606 / Time: 0h:2m:19s (0h:10m:52s left)
Iteration 50 / LogL: -75726.170 / Time: 0h:2m:47s (0h:9m:48s left)
Log-likelihood cutoff on original alignment: -75762.562
Iteration 60 / LogL: -75793.757 / Time: 0h:3m:15s (0h:8m:55s left)
Iteration 70 / LogL: -75725.498 / Time: 0h:3m:45s (0h:8m:17s left)
Iteration 80 / LogL: -75723.090 / Time: 0h:4m:15s (0h:7m:38s left)
Iteration 90 / LogL: -75725.649 / Time: 0h:4m:44s (0h:7m:1s left)
Iteration 100 / LogL: -75725.843 / Time: 0h:5m:13s (0h:6m:26s left)
Log-likelihood cutoff on original alignment: -75762.982
NOTE: Bootstrap correlation coefficient of split occurrence frequencies: 0.999
Iteration 110 / LogL: -75723.186 / Time: 0h:5m:42s (0h:5m:51s left)
Iteration 120 / LogL: -75727.459 / Time: 0h:6m:11s (0h:5m:18s left)
Iteration 130 / LogL: -75726.155 / Time: 0h:6m:40s (0h:4m:45s left)
UPDATE BEST LOG-LIKELIHOOD: -75723.033
Estimate model parameters (epsilon = 0.100)
UPDATE BEST LOG-LIKELIHOOD: -75722.728
Iteration 140 / LogL: -75723.114 / Time: 0h:7m:9s (0h:4m:13s left)
Iteration 150 / LogL: -75736.371 / Time: 0h:7m:36s (0h:3m:40s left)
Log-likelihood cutoff on original alignment: -75762.982
Iteration 160 / LogL: -75722.843 / Time: 0h:8m:5s (0h:3m:9s left)
Iteration 170 / LogL: -75725.726 / Time: 0h:8m:33s (0h:2m:38s left)
Iteration 180 / LogL: -75723.992 / Time: 0h:9m:1s (0h:2m:7s left)
Iteration 190 / LogL: -75722.760 / Time: 0h:9m:29s (0h:1m:36s left)
Iteration 200 / LogL: -75730.080 / Time: 0h:10m:0s (0h:1m:6s left)
Log-likelihood cutoff on original alignment: -75762.982
NOTE: Bootstrap correlation coefficient of split occurrence frequencies: 0.999
Iteration 210 / LogL: -75725.205 / Time: 0h:10m:30s (0h:4m:31s left)
Iteration 220 / LogL: -75737.214 / Time: 0h:10m:59s (0h:4m:0s left)
TREE SEARCH COMPLETED AFTER 223 ITERATIONS / Time: 0h:11m:8s

--------------------------------------------------------------------
|                    FINALIZING TREE SEARCH                        |
--------------------------------------------------------------------
Performs final model parameters optimization
Estimate model parameters (epsilon = 0.010)
1. Initial log-likelihood: -75722.728
Optimal log-likelihood: -75722.726
Proportion of invariable sites: 0.015
Gamma shape alpha: 1.714
Parameters optimization took 1 rounds (0.392 sec)
BEST SCORE FOUND : -75722.726
Creating bootstrap support values...
Split supports printed to NEXUS file results_broccoli_metc/alignments_prefiltering/OG_3394.iqtree.splits.nex
Total tree length: 45.199

Total number of iterations: 223
CPU time used for tree search: 1305.274 sec (0h:21m:45s)
Wall-clock time used for tree search: 658.034 sec (0h:10m:58s)
Total CPU time used: 1327.637 sec (0h:22m:7s)
Total wall-clock time used: 669.371 sec (0h:11m:9s)

Computing bootstrap consensus tree...
Reading input file results_broccoli_metc/alignments_prefiltering/OG_3394.iqtree.splits.nex...
94 taxa and 341 splits.
Consensus tree written to results_broccoli_metc/alignments_prefiltering/OG_3394.iqtree.contree
Reading input trees file results_broccoli_metc/alignments_prefiltering/OG_3394.iqtree.contree
Log-likelihood of consensus tree: -75722.731

Analysis results written to: 
  IQ-TREE report:                results_broccoli_metc/alignments_prefiltering/OG_3394.iqtree.iqtree
  Maximum-likelihood tree:       results_broccoli_metc/alignments_prefiltering/OG_3394.iqtree.treefile
  Likelihood distances:          results_broccoli_metc/alignments_prefiltering/OG_3394.iqtree.mldist

Ultrafast bootstrap approximation results written to:
  Split support values:          results_broccoli_metc/alignments_prefiltering/OG_3394.iqtree.splits.nex
  Consensus tree:                results_broccoli_metc/alignments_prefiltering/OG_3394.iqtree.contree
  Screen log file:               results_broccoli_metc/alignments_prefiltering/OG_3394.iqtree.log

Date and Time: Wed Jun  1 20:19:49 2022
