IQ-TREE multicore version 2.1.0 for Linux 64-bit built Jul 18 2020
Developed by Bui Quang Minh, James Barbetti, Nguyen Lam Tung,
Olga Chernomor, Heiko Schmidt, Dominik Schrempf, Michael Woodhams.

Host:    node-hp0405.linux.crg.es (AVX, 125 GB RAM)
Command: /users/asebe/xgraubove/Programes/iqtree-2.1.0-Linux/bin/iqtree2 -s results_broccoli_metc/alignments_prefiltering/OG_41.lt.fasta -m TEST -mset LG,WAG,JTT -nt AUTO -ntmax 2 -bb 1000 -pre results_broccoli_metc/alignments_prefiltering/OG_41.iqtree -nm 10000 -nstop 200 -cptime 1800
Seed:    329916 (Using SPRNG - Scalable Parallel Random Number Generator)
Time:    Wed Jun  1 21:18:39 2022
Kernel:  AVX - auto-detect threads (2 CPU cores detected)

Reading alignment file results_broccoli_metc/alignments_prefiltering/OG_41.lt.fasta ... Fasta format detected
Alignment most likely contains protein sequences
Alignment has 96 sequences with 441 columns, 441 distinct patterns
439 parsimony-informative, 0 singleton sites, 2 constant sites
                                                    Gap/Ambiguity  Composition  p-value
   1  Emue_Em0001g1910a.t1                                  4.31%    passed      6.70%
   2  Spolac_c97778_g1_i1_m.15780c97695-g1                 58.96%    failed      3.79%
   3  Spolac_c97695_g1_i2_m.15578c97695-g1                 69.61%    passed     16.87%
   4  Spolac_c97695_g1_i4_m.15580c97695-g1                 43.99%    passed     48.11%
   5  Stycar_maker-SC_scaffold64904-snap-gene-0.9-mRNA-1   53.06%    passed     15.01%
   6  Stycar_maker-SC_scaffold1806-snap-gene-0.13-mRNA-1    9.52%    passed     71.98%
   7  Aque_Aqu2.1.42642_001                                 1.59%    passed      5.90%
   8  Halamb_c50759_g1_i8mm.3615                           37.64%    passed     14.39%
   9  Cgig_XM_011421379.3                                   1.81%    passed     73.66%
  10  Spis_XP_022802237_1                                  13.61%    passed     97.62%
  11  Pocdam_XM_027202272.1                                 4.08%    passed     77.12%
  12  Gasp_gasp1.m3.6468.m1                                 1.13%    passed     75.15%
  13  Fspp_ffun1.m4.13141.m1                                2.27%    passed     71.94%
  14  Amil_Amillepora18556-RA                              11.34%    passed     54.69%
  15  Adig_XM_015907355.1                                  30.84%    passed     98.07%
  16  Gfas_gfas1.m1.16093.m1                                1.13%    passed     87.01%
  17  Nvec_v1g159238                                        0.91%    passed     86.21%
  18  Exapal_XM_021051533.2                                 1.13%    passed     63.14%
  19  Skow_XM_006823010.1                                   7.26%    passed      5.39%
  20  Opea_EP00118_Oscarella_pearsei_P006514               79.59%    passed     98.64%
  21  Opea_EP00118_Oscarella_pearsei_P006515               63.72%    passed     49.64%
  22  Opea_EP00118_Oscarella_pearsei_P006516                3.63%    passed     89.45%
  23  Cscu_XM_023355998.1                                  24.94%    failed      0.94%
  24  Dpul_mRNA24395                                       37.41%    passed     84.15%
  25  Dpul_mRNA19800                                        2.49%    passed     96.36%
  26  Lcom_lcpid50536                                      47.39%    passed     86.22%
  27  Lcom_lcpid70813                                       4.76%    passed     61.41%
  28  Leuniv_Lniv_scaffold9107_01                           3.40%    passed     70.32%
  29  Clacor_Ccor_C511999_01                               62.81%    passed     47.61%
  30  Dgig_XM_028542340.1                                   3.40%    passed     36.72%
  31  Tcas_TC015960_001                                     3.40%    passed     68.29%
  32  Bralan_BLAG05001217_1                                 2.04%    passed     94.96%
  33  Spur_XM_030983069.1                                   0.23%    passed     89.35%
  34  Hsap_ENST00000330817                                  1.81%    passed      7.17%
  35  Nemnom_g10625.t1                                      5.22%    passed     63.83%
  36  Rhoesc_Res_015104-T1                                  2.49%    passed     73.20%
  37  Aaur_scaffold192.g15.t1                              16.78%    passed     52.49%
  38  Sanmal_Sma_021910-T1                                  2.95%    passed     20.68%
  39  HoiH23_PlH23_003276-RA                               17.23%    failed      0.25%
  40  Hhon_g02255.t1                                        3.17%    passed     20.34%
  41  HoiH04_mRNA8565                                       3.17%    passed     18.83%
  42  HoiH06_mRNA12408                                     10.20%    passed     12.07%
  43  HoiH11_mRNA8578                                       6.80%    failed      0.55%
  44  TrH2_TrispH2_005153-RA                                7.03%    passed     42.47%
  45  Tadh_TriadT28195                                      2.04%    passed     35.51%
  46  Saldol_EP00054_Salpingoeca_dolichothecata_P011783     1.81%    passed     61.45%
  47  Clacor_Ccor_scaffold13089_01                         40.36%    passed     13.80%
  48  Mylflu_EP00047_Mylnosiga_fluctuans_P006256            2.49%    passed      8.83%
  49  Salpun_EP00053_Salpingoeca_punica_P027973            78.68%    failed      0.01%
  50  Codhol_EP00042_Codosiga_hollandica_P054850            1.81%    passed     19.46%
  51  Codhol_EP00042_Codosiga_hollandica_P054849            1.81%    passed     22.67%
  52  Codhol_EP00042_Codosiga_hollandica_P054848           31.97%    passed     11.15%
  53  Hvul_g22311_1                                         6.58%    failed      0.16%
  54  Hvul_g15647_1                                        38.55%    failed      0.00%
  55  Hvul_g10375_1                                        87.30%    failed      0.02%
  56  Hvul_g26421_1                                        72.56%    passed     42.00%
  57  Salurc_EP00051_Salpingoeca_urceolata_P016508          4.54%    passed     56.58%
  58  Salurc_EP00051_Salpingoeca_urceolata_P016509         33.79%    passed     16.75%
  59  Chofle_EP00730_Choanoeca_flexa_P001189               40.14%    failed      4.99%
  60  Chofle_EP00730_Choanoeca_flexa_P001191               47.17%    failed      4.13%
  61  Choper_EP00045_Choanoeca_perplexa_P006526             3.17%    passed     25.05%
  62  Mbre_EDQ91474                                         4.08%    passed     19.74%
  63  Salinf_EP00049_Salpingoeca_infusionum_P026046         2.27%    passed     19.17%
  64  Microa_EP00043_Microstomoeca_roanoka_P007773          2.04%    passed     36.27%
  65  Sros_EGD81856                                         2.49%    passed     12.67%
  66  Salkve_EP00050_Salpingoeca_kvevrii_P020343           14.29%    failed      1.81%
  67  Salkve_EP00050_Salpingoeca_kvevrii_P020345            1.13%    failed      3.01%
  68  Salkve_EP00050_Salpingoeca_kvevrii_P020344           20.41%    failed      0.02%
  69  Acaspe_EP00035_Acanthoeca_spectabilis_P024140         2.72%    passed     24.42%
  70  Helnan_EP00037_Helgoeca_nana_P033899                  2.27%    failed      0.29%
  71  Stedip_EP00041_Stephanoeca_diplocostata_P007109       1.13%    passed     32.70%
  72  Diagra_EP00040_Diaphanoeca_grandis_P028187            4.08%    passed      8.52%
  73  Didcos_EP00039_Didymoeca_costata_P029714              2.27%    passed     83.77%
  74  Salpun_EP00053_Salpingoeca_punica_P027972            59.18%    failed      0.31%
  75  Salmac_EP00052_Salpingoeca_macrocollata_P036085      23.36%    failed      0.00%
  76  Tetwil_g8959.t2                                      12.24%    passed     92.40%
  77  Morvir_scaffold460.g5.t1                              9.30%    passed     37.84%
  78  Chem_TCONS_00035441                                   1.36%    passed      5.68%
  79  Bolinf_Binf_sb1222953                                55.78%    failed      1.99%
  80  Vmul_sbMO488041                                      58.73%    passed      8.75%
  81  Horcal_Hcv1.av93.c6.g1088.i1                         31.52%    failed      0.09%
  82  Pbac_sb2657793                                        3.17%    failed      0.33%
  83  Beraby_Baby_sb343707                                  5.90%    failed      0.08%
  84  Beraby_Baby_sb343708                                 59.18%    failed      0.49%
  85  Drygla_Dgla_sb293774                                 12.47%    passed     77.16%
  86  Coeast_Cast_sb766690                                 68.48%    passed     14.06%
  87  Coemet_Cmet_scaffold12756_01                          3.17%    failed      0.26%
  88  Vmul_Simscaffold7301_01                               6.12%    failed      0.25%
  89  Lampan_Lpan_2122_01                                  24.72%    passed     10.40%
  90  Pbac_sb2642865                                       76.19%    passed     21.49%
  91  Salpun_EP00053_Salpingoeca_punica_P011560            51.47%    failed      0.03%
  92  Salpun_EP00053_Salpingoeca_punica_P011561            89.12%    passed     70.14%
  93  Xesp_003286-T1                                        4.08%    failed      2.15%
  94  Acagra_model.g7628.t1                                45.58%    passed     35.35%
  95  Chofle_EP00730_Choanoeca_flexa_P001190               46.03%    passed      8.38%
  96  Ctel_gnl_WGS_AMQN_CAPTEDRAFT_mRNA220190              64.63%    failed      2.42%
WARNING: 18 sequences contain more than 50% gaps/ambiguity
****  TOTAL                                                22.25%  26 sequences failed composition chi2 test (p-value<5%; df=19)


Create initial parsimony tree by phylogenetic likelihood library (PLL)... 0.051 seconds
Measuring multi-threading efficiency up to 2 CPU cores
Increase to 10 rounds for branch lengths
2 trees examined
Threads: 1 / Time: 2.273 sec / Speedup: 1.000 / Efficiency: 100% / LogL: -62663
Threads: 2 / Time: 1.176 sec / Speedup: 1.933 / Efficiency: 97% / LogL: -62663
BEST NUMBER OF THREADS: 2

Perform fast likelihood tree search using LG+I+G model...
Estimate model parameters (epsilon = 5.000)
Perform nearest neighbor interchange...
Estimate model parameters (epsilon = 1.000)
1. Initial log-likelihood: -46635.797
Optimal log-likelihood: -46635.696
Proportion of invariable sites: 0.000
Gamma shape alpha: 1.469
Parameters optimization took 1 rounds (0.226 sec)
Time for fast ML tree search: 2.820 seconds

NOTE: ModelFinder requires 29 MB RAM!
ModelFinder will test up to 24 protein models (sample size: 441) ...
 No. Model         -LnL         df  AIC          AICc         BIC
  1  LG            48375.085    189 97128.170    97414.306    97901.000
  2  LG+I          48358.759    190 97097.518    97387.838    97874.436
  3  LG+G4         46635.697    190 93651.394    93941.714    94428.312
  4  LG+I+G4       46635.681    191 93653.362    93947.916    94434.370
  7  LG+F+G4       46359.260    209 93136.520    93516.520    93991.131
  8  LG+F+I+G4     46359.235    210 93138.470    93523.774    93997.169
 11  WAG+G4        46872.397    190 94124.794    94415.114    94901.713
 12  WAG+I+G4      46871.761    191 94125.523    94420.077    94906.530
 15  WAG+F+G4      46487.570    209 93393.141    93773.141    94247.751
 16  WAG+F+I+G4    46486.808    210 93393.617    93778.921    94252.316
 19  JTT+G4        47036.545    190 94453.090    94743.410    95230.009
 20  JTT+I+G4      47035.196    191 94452.393    94746.947    95233.400
 23  JTT+F+G4      46668.757    209 93755.513    94135.513    94610.124
 24  JTT+F+I+G4    46667.158    210 93754.315    94139.620    94613.015
Akaike Information Criterion:           LG+F+G4
Corrected Akaike Information Criterion: LG+F+G4
Bayesian Information Criterion:         LG+F+G4
Best-fit model: LG+F+G4 chosen according to BIC

All model information printed to results_broccoli_metc/alignments_prefiltering/OG_41.iqtree.model.gz
CPU time for ModelFinder: 32.936 seconds (0h:0m:32s)
Wall-clock time for ModelFinder: 17.671 seconds (0h:0m:17s)
Generating 1000 samples for ultrafast bootstrap (seed: 329916)...

NOTE: 29 MB RAM (0 GB) is required!
Estimate model parameters (epsilon = 0.100)
1. Initial log-likelihood: -46359.260
Optimal log-likelihood: -46359.246
Gamma shape alpha: 1.375
Parameters optimization took 1 rounds (0.195 sec)
Computing ML distances based on estimated model parameters...
Computing ML distances took 0.735703 sec (of wall-clock time) 1.466468 sec(of CPU time)
WARNING: Some pairwise ML distances are too long (saturated)
Computing RapidNJ tree took 0.001535 sec (of wall-clock time) 0.001045 sec (of CPU time)
Log-likelihood of RapidNJ tree: -47574.172
--------------------------------------------------------------------
|             INITIALIZING CANDIDATE TREE SET                      |
--------------------------------------------------------------------
Generating 98 parsimony trees... 4.954 second
Computing log-likelihood of 98 initial trees ... 7.095 seconds
Current best score: -46359.246

Do NNI search on 20 best initial trees
Estimate model parameters (epsilon = 0.100)
BETTER TREE FOUND at iteration 1: -46349.740
Estimate model parameters (epsilon = 0.100)
BETTER TREE FOUND at iteration 3: -46349.547
Estimate model parameters (epsilon = 0.100)
BETTER TREE FOUND at iteration 10: -46348.947
Iteration 10 / LogL: -46348.947 / Time: 0h:0m:28s
Iteration 20 / LogL: -46358.941 / Time: 0h:0m:45s
Finish initializing candidate tree set (18)
Current best tree score: -46348.947 / CPU time: 43.867
Number of iterations: 20
--------------------------------------------------------------------
|               OPTIMIZING CANDIDATE TREE SET                      |
--------------------------------------------------------------------
Estimate model parameters (epsilon = 0.100)
BETTER TREE FOUND at iteration 24: -46344.312
Estimate model parameters (epsilon = 0.100)
BETTER TREE FOUND at iteration 26: -46343.914
Iteration 30 / LogL: -46344.233 / Time: 0h:1m:3s (0h:7m:8s left)
Estimate model parameters (epsilon = 0.100)
BETTER TREE FOUND at iteration 36: -46343.788
Estimate model parameters (epsilon = 0.100)
BETTER TREE FOUND at iteration 40: -46343.756
Iteration 40 / LogL: -46343.756 / Time: 0h:1m:20s (0h:6m:53s left)
Iteration 50 / LogL: -46343.805 / Time: 0h:1m:37s (0h:6m:17s left)
Log-likelihood cutoff on original alignment: -46404.632
Estimate model parameters (epsilon = 0.100)
BETTER TREE FOUND at iteration 54: -46343.674
Estimate model parameters (epsilon = 0.100)
UPDATE BEST LOG-LIKELIHOOD: -46343.655
Iteration 60 / LogL: -46343.666 / Time: 0h:1m:55s (0h:6m:20s left)
Iteration 70 / LogL: -46343.916 / Time: 0h:2m:12s (0h:5m:54s left)
Estimate model parameters (epsilon = 0.100)
UPDATE BEST LOG-LIKELIHOOD: -46343.638
Iteration 80 / LogL: -46343.768 / Time: 0h:2m:30s (0h:5m:30s left)
Iteration 90 / LogL: -46348.649 / Time: 0h:2m:48s (0h:5m:11s left)
Estimate model parameters (epsilon = 0.100)
BETTER TREE FOUND at iteration 97: -46342.686
Iteration 100 / LogL: -46357.325 / Time: 0h:3m:4s (0h:6m:7s left)
Log-likelihood cutoff on original alignment: -46404.632
NOTE: Bootstrap correlation coefficient of split occurrence frequencies: 0.998
Estimate model parameters (epsilon = 0.100)
BETTER TREE FOUND at iteration 107: -46341.145
Iteration 110 / LogL: -46341.209 / Time: 0h:3m:22s (0h:6m:6s left)
Iteration 120 / LogL: -46341.273 / Time: 0h:3m:39s (0h:5m:45s left)
Iteration 130 / LogL: -46343.326 / Time: 0h:3m:56s (0h:5m:24s left)
Iteration 140 / LogL: -46341.616 / Time: 0h:4m:13s (0h:5m:4s left)
UPDATE BEST LOG-LIKELIHOOD: -46341.144
Iteration 150 / LogL: -46343.048 / Time: 0h:4m:30s (0h:4m:44s left)
Log-likelihood cutoff on original alignment: -46404.632
Iteration 160 / LogL: -46344.950 / Time: 0h:4m:47s (0h:4m:25s left)
Estimate model parameters (epsilon = 0.100)
UPDATE BEST LOG-LIKELIHOOD: -46341.118
Iteration 170 / LogL: -46343.523 / Time: 0h:5m:5s (0h:4m:7s left)
Iteration 180 / LogL: -46342.941 / Time: 0h:5m:23s (0h:3m:49s left)
Iteration 190 / LogL: -46341.625 / Time: 0h:5m:40s (0h:3m:30s left)
Iteration 200 / LogL: -46345.113 / Time: 0h:5m:57s (0h:3m:12s left)
Log-likelihood cutoff on original alignment: -46404.632
NOTE: Bootstrap correlation coefficient of split occurrence frequencies: 0.995
Iteration 210 / LogL: -46341.348 / Time: 0h:6m:14s (0h:2m:53s left)
Iteration 220 / LogL: -46341.181 / Time: 0h:6m:31s (0h:2m:35s left)
Iteration 230 / LogL: -46353.556 / Time: 0h:6m:47s (0h:2m:16s left)
Iteration 240 / LogL: -46347.417 / Time: 0h:7m:3s (0h:1m:58s left)
Iteration 250 / LogL: -46341.258 / Time: 0h:7m:21s (0h:1m:41s left)
Log-likelihood cutoff on original alignment: -46405.185
Iteration 260 / LogL: -46347.795 / Time: 0h:7m:39s (0h:1m:23s left)
Iteration 270 / LogL: -46347.931 / Time: 0h:7m:55s (0h:1m:5s left)
Iteration 280 / LogL: -46341.123 / Time: 0h:8m:13s (0h:0m:47s left)
Iteration 290 / LogL: -46344.824 / Time: 0h:8m:31s (0h:0m:30s left)
Iteration 300 / LogL: -46342.943 / Time: 0h:8m:48s (0h:0m:12s left)
Log-likelihood cutoff on original alignment: -46405.185
NOTE: Bootstrap correlation coefficient of split occurrence frequencies: 0.998
TREE SEARCH COMPLETED AFTER 308 ITERATIONS / Time: 0h:9m:2s

--------------------------------------------------------------------
|                    FINALIZING TREE SEARCH                        |
--------------------------------------------------------------------
Performs final model parameters optimization
Estimate model parameters (epsilon = 0.010)
1. Initial log-likelihood: -46341.118
Optimal log-likelihood: -46341.118
Gamma shape alpha: 1.370
Parameters optimization took 1 rounds (0.197 sec)
BEST SCORE FOUND : -46341.118
Creating bootstrap support values...
Split supports printed to NEXUS file results_broccoli_metc/alignments_prefiltering/OG_41.iqtree.splits.nex
Total tree length: 50.584

Total number of iterations: 308
CPU time used for tree search: 1071.514 sec (0h:17m:51s)
Wall-clock time used for tree search: 541.105 sec (0h:9m:1s)
Total CPU time used: 1075.535 sec (0h:17m:55s)
Total wall-clock time used: 543.238 sec (0h:9m:3s)

Computing bootstrap consensus tree...
Reading input file results_broccoli_metc/alignments_prefiltering/OG_41.iqtree.splits.nex...
96 taxa and 580 splits.
Consensus tree written to results_broccoli_metc/alignments_prefiltering/OG_41.iqtree.contree
Reading input trees file results_broccoli_metc/alignments_prefiltering/OG_41.iqtree.contree
Log-likelihood of consensus tree: -46341.272

Analysis results written to: 
  IQ-TREE report:                results_broccoli_metc/alignments_prefiltering/OG_41.iqtree.iqtree
  Maximum-likelihood tree:       results_broccoli_metc/alignments_prefiltering/OG_41.iqtree.treefile
  Likelihood distances:          results_broccoli_metc/alignments_prefiltering/OG_41.iqtree.mldist

Ultrafast bootstrap approximation results written to:
  Split support values:          results_broccoli_metc/alignments_prefiltering/OG_41.iqtree.splits.nex
  Consensus tree:                results_broccoli_metc/alignments_prefiltering/OG_41.iqtree.contree
  Screen log file:               results_broccoli_metc/alignments_prefiltering/OG_41.iqtree.log

Date and Time: Wed Jun  1 21:28:00 2022
