IQ-TREE multicore version 2.1.0 for Linux 64-bit built Jul 18 2020
Developed by Bui Quang Minh, James Barbetti, Nguyen Lam Tung,
Olga Chernomor, Heiko Schmidt, Dominik Schrempf, Michael Woodhams.

Host:    node-hp0408.linux.crg.es (AVX, 125 GB RAM)
Command: /users/asebe/xgraubove/Programes/iqtree-2.1.0-Linux/bin/iqtree2 -s results_broccoli_metc/alignments_prefiltering/OG_4666.lt.fasta -m TEST -mset LG,WAG,JTT -nt AUTO -ntmax 2 -bb 1000 -pre results_broccoli_metc/alignments_prefiltering/OG_4666.iqtree -nm 10000 -nstop 200 -cptime 1800
Seed:    996058 (Using SPRNG - Scalable Parallel Random Number Generator)
Time:    Wed Jun  1 22:41:18 2022
Kernel:  AVX - auto-detect threads (2 CPU cores detected)

Reading alignment file results_broccoli_metc/alignments_prefiltering/OG_4666.lt.fasta ... Fasta format detected
Alignment most likely contains protein sequences
Alignment has 93 sequences with 390 columns, 390 distinct patterns
380 parsimony-informative, 0 singleton sites, 10 constant sites
                                                         Gap/Ambiguity  Composition  p-value
   1  Stycar_maker-SC_scaffold2642-augustus-gene-0.44-mRNA-1    88.72%    passed     59.81%
   2  Stycar_maker-SC_scaffold6353-augustus-gene-0.5-mRNA-1     72.56%    passed     13.40%
   3  Tetwil_g2051.t1                                            7.95%    passed     80.59%
   4  Stycar_maker-SC_scaffold2642-snap-gene-0.49-mRNA-1        81.79%    passed     78.65%
   5  Stycar_maker-SC_scaffold2642-snap-gene-0.53-mRNA-1        73.33%    passed     53.16%
   6  Spolac_c101577_g1_i1_m.26055c101577-g1                    45.90%    passed     94.03%
   7  Spolac_c101577_g1_i2_m.26057c101577-g1                     7.69%    passed     81.22%
   8  Plespi_Pspi_scaffold4905_01                               15.13%    passed     87.87%
   9  Aque_Aqu2.1.38616_001                                      9.49%    passed     79.30%
  10  Halamb_c41732_g1_i1m.14105                                 8.46%    passed     54.03%
  11  Halamb_c42005_g1_i1m.14437                                44.36%    passed     63.45%
  12  Xestes_maker-XT_scaffold114375-augustus-gene-0.2-mRNA-1   30.77%    passed     94.10%
  13  Emue_Em0010g319a.t1                                       70.51%    passed     53.02%
  14  Lcom_lcpid176322                                          64.87%    passed     78.15%
  15  Lcom_lcpid235660                                          71.54%    passed     96.72%
  16  Cgig_XM_034465378.1                                        5.64%    passed     52.58%
  17  Acagra_model.g27857.t1                                     4.10%    passed     98.06%
  18  Bralan_BLAG19100900_1                                      4.36%    passed     77.62%
  19  Skow_XM_006822752.1                                        4.87%    passed     99.96%
  20  Ctel_gnl_WGS_AMQN_CAPTEDRAFT_mRNA148485                    4.62%    passed     97.57%
  21  Hsap_ENST00000361891                                       4.87%    passed     97.44%
  22  Cscu_XM_023369851.1                                        9.49%    passed     87.96%
  23  Tcas_TC004865_001                                          4.87%    passed     99.17%
  24  Spur_XM_031000319.1                                        4.87%    passed     89.59%
  25  Dpul_mRNA13845                                             3.59%    passed     92.40%
  26  Morvir_scaffold69.g82.t1                                   1.79%    passed     97.71%
  27  Sanmal_Sma_026052-T1                                       1.79%    passed     91.64%
  28  Rhoesc_Res_012996-T1                                       2.56%    passed     96.95%
  29  Nemnom_g19082.t1                                           9.74%    passed     88.47%
  30  Nemnom_g4480.t1                                           14.62%    passed     95.66%
  31  Aaur_scaffold1376.g9.t2                                   34.36%    passed     79.70%
  32  Spis_XP_022797888_1                                        2.05%    passed     79.28%
  33  Pocdam_XM_027186993.1                                      2.05%    passed     73.39%
  34  Gasp_gasp1.m3.25613.m1                                    33.59%    passed     80.85%
  35  Fspp_ffun1.m4.7645.m1                                      2.05%    passed     78.09%
  36  Adig_XM_015896555.1                                        2.05%    passed     87.21%
  37  Gfas_gfas1.m1.15874.m1                                     2.05%    passed     68.17%
  38  Amil_Amillepora03963-RA                                   14.87%    passed     83.11%
  39  Nvec_v1g123730                                             2.31%    passed     79.62%
  40  Exapal_XM_021046007.2                                      2.82%    passed     82.25%
  41  Dgig_XM_028543912.1                                        3.33%    passed     65.16%
  42  Dgig_XM_028558952.1                                        3.33%    passed     61.82%
  43  Xesp_022399-T1                                             3.85%    passed     77.99%
  44  Hvul_g3797_1                                               8.46%    passed     53.88%
  45  Chem_TCONS_00027770                                        4.36%    passed     57.75%
  46  Bolinf_Binf_sb1236202                                      5.90%    passed     96.59%
  47  Mertsp_Mesp_sb575669                                       5.90%    passed     96.59%
  48  Bolinf_Binf_sb1263000                                      6.15%    passed     79.48%
  49  Bolinf_Binf_sb1263001                                      6.15%    passed     79.48%
  50  Mertsp_Mesp_sb574916                                      10.51%    passed     48.39%
  51  Mlei_ML0739.g4.i1                                         16.67%    passed     76.09%
  52  Vmul_sbMO404795                                            6.41%    passed     75.23%
  53  Drygla_Dgla_sb306085                                      23.08%    passed     49.06%
  54  Drygla_Dgla_sb306088                                      45.64%    passed     68.05%
  55  Drygla_Dgla_sb306089                                      53.33%    passed     87.62%
  56  Drygla_Dgla_sb306090                                      62.05%    passed     92.68%
  57  Drygla_Dgla_sb306083                                       8.72%    passed     65.33%
  58  Drygla_Dgla_sb306084                                      16.67%    passed     53.51%
  59  Drygla_Dgla_sb306086                                      33.59%    passed     64.59%
  60  Drygla_Dgla_sb306087                                      37.95%    passed     73.98%
  61  Drygla_Dgla_sb306082                                       6.15%    passed     90.06%
  62  Mertsp_Mesp_sb630342                                      57.44%    passed     12.81%
  63  Beraby_Baby_sb340138                                       6.67%    passed     92.97%
  64  Beraby_Baby_sb340139                                       6.67%    passed     92.97%
  65  Lampan_Lpan_3016_01                                       40.77%    passed     95.14%
  66  Eupdun_Edun_sb10641323                                     5.38%    passed     87.79%
  67  Eupdun_Edun_sb10641324                                     5.38%    passed     87.79%
  68  Coeast_Cast_sb796767                                      32.05%    passed     50.98%
  69  Coeast_Cast_sb796768                                       7.44%    passed     66.59%
  70  Coemet_Cmet_scaffold10531_01                              32.05%    passed     53.30%
  71  Horcal_Hcv1.av93.c2.g1079.i1                               7.69%    passed     97.84%
  72  Pbac_sb2645667                                            43.33%    passed     98.16%
  73  Pbac_sb2669412                                            36.67%    passed     52.88%
  74  Vmul_sbMO464407                                           61.54%    passed      6.96%
  75  Plajan_Pjan_C564350_01                                     8.97%    failed      1.96%
  76  Lcom_lcpid69698                                           11.79%    passed     38.18%
  77  Gracom_Gcom_C553424_01                                     8.46%    passed     30.06%
  78  Leuniv_Lniv_scaffold6220_01                               26.41%    passed     32.70%
  79  Leuniv_Lniv_scaffold6219_01                                7.44%    passed     42.90%
  80  Scil_scict020136.1                                         5.90%    passed     64.08%
  81  Clacor_Ccor_scaffold11425_01                              53.85%    failed      4.49%
  82  Clacor_Ccor_scaffold8127_01                                3.59%    passed     13.48%
  83  Lcom_lcpid71957                                            8.21%    passed     28.04%
  84  Gracom_Gcom_C556708_01                                     7.18%    passed      5.27%
  85  Scil_scict017912.1                                        16.92%    passed     13.21%
  86  Leuniv_Lniv_C800766_01                                     8.46%    passed      7.86%
  87  Opea_EP00118_Oscarella_pearsei_P025991                     9.74%    passed     47.02%
  88  Ocar_g3744                                                31.03%    passed     38.44%
  89  TrH2_TrispH2_001052-RA                                     7.44%    failed      3.12%
  90  Tadh_TriadT52288                                          15.64%    passed      9.18%
  91  Hhon_g02870.t1                                             7.44%    failed      3.46%
  92  HoiH06_mRNA14606                                           7.44%    passed     16.12%
  93  HoiH23_PlH23_009655-RA                                     7.44%    passed     11.45%
WARNING: 12 sequences contain more than 50% gaps/ambiguity
****  TOTAL                                                     19.76%  4 sequences failed composition chi2 test (p-value<5%; df=19)
NOTE: Mertsp_Mesp_sb575669 is identical to Bolinf_Binf_sb1236202 but kept for subsequent analysis
NOTE: Bolinf_Binf_sb1263001 is identical to Bolinf_Binf_sb1263000 but kept for subsequent analysis
NOTE: Beraby_Baby_sb340139 is identical to Beraby_Baby_sb340138 but kept for subsequent analysis
NOTE: Eupdun_Edun_sb10641324 is identical to Eupdun_Edun_sb10641323 but kept for subsequent analysis


Create initial parsimony tree by phylogenetic likelihood library (PLL)... 0.027 seconds
Measuring multi-threading efficiency up to 2 CPU cores
Increase to 10 rounds for branch lengths
3 trees examined
Threads: 1 / Time: 2.909 sec / Speedup: 1.000 / Efficiency: 100% / LogL: -45389
Threads: 2 / Time: 2.977 sec / Speedup: 0.977 / Efficiency: 49% / LogL: -45389
BEST NUMBER OF THREADS: 1

Perform fast likelihood tree search using LG+I+G model...
Estimate model parameters (epsilon = 5.000)
Perform nearest neighbor interchange...
Estimate model parameters (epsilon = 1.000)
1. Initial log-likelihood: -24873.186
Optimal log-likelihood: -24873.005
Proportion of invariable sites: 0.020
Gamma shape alpha: 1.802
Parameters optimization took 1 rounds (0.654 sec)
Time for fast ML tree search: 4.037 seconds

NOTE: ModelFinder requires 25 MB RAM!
ModelFinder will test up to 24 protein models (sample size: 390) ...
 No. Model         -LnL         df  AIC          AICc         BIC
  1  LG            25532.761    183 51431.522    51758.434    52157.326
  2  LG+I          25453.196    184 51274.391    51606.489    52004.162
  3  LG+G4         24884.898    184 50137.797    50469.894    50867.568
  4  LG+I+G4       24873.009    185 50116.017    50453.370    50849.754
  8  LG+F+I+G4     24830.458    204 50068.916    50521.024    50878.010
 12  WAG+I+G4      24965.651    185 50301.301    50638.654    51035.038
 16  WAG+F+I+G4    24971.943    204 50351.887    50803.995    51160.981
 20  JTT+I+G4      24873.620    185 50117.241    50454.594    50850.978
 24  JTT+F+I+G4    24896.100    204 50200.200    50652.308    51009.293
Akaike Information Criterion:           LG+F+I+G4
Corrected Akaike Information Criterion: LG+I+G4
Bayesian Information Criterion:         LG+I+G4
Best-fit model: LG+I+G4 chosen according to BIC

All model information printed to results_broccoli_metc/alignments_prefiltering/OG_4666.iqtree.model.gz
CPU time for ModelFinder: 22.804 seconds (0h:0m:22s)
Wall-clock time for ModelFinder: 19.593 seconds (0h:0m:19s)
Generating 1000 samples for ultrafast bootstrap (seed: 996058)...

NOTE: 25 MB RAM (0 GB) is required!
Estimate model parameters (epsilon = 0.100)
Thoroughly optimizing +I+G parameters from 10 start values...
Init pinv, alpha: 0.000, 1.802 / Estimate: 0.020, 1.796 / LogL: -24873.002
Init pinv, alpha: 0.003, 1.802 / Estimate: 0.020, 1.802 / LogL: -24872.999
Init pinv, alpha: 0.006, 1.802 / Estimate: 0.020, 1.799 / LogL: -24873.001
Init pinv, alpha: 0.009, 1.802 / Estimate: 0.020, 1.799 / LogL: -24872.999
Init pinv, alpha: 0.011, 1.802 / Estimate: 0.020, 1.797 / LogL: -24873.003
Init pinv, alpha: 0.014, 1.802 / Estimate: 0.020, 1.798 / LogL: -24873.000
Init pinv, alpha: 0.017, 1.802 / Estimate: 0.020, 1.799 / LogL: -24872.998
Init pinv, alpha: 0.020, 1.802 / Estimate: 0.020, 1.800 / LogL: -24872.998
Init pinv, alpha: 0.023, 1.802 / Estimate: 0.021, 1.805 / LogL: -24872.999
Init pinv, alpha: 0.026, 1.802 / Estimate: 0.021, 1.801 / LogL: -24872.997
Optimal pinv,alpha: 0.021, 1.801 / LogL: -24872.997

Parameters optimization took 10.270 sec
Computing ML distances based on estimated model parameters...
Computing ML distances took 1.053430 sec (of wall-clock time) 1.053252 sec(of CPU time)
WARNING: Some pairwise ML distances are too long (saturated)
Computing RapidNJ tree took 0.000750 sec (of wall-clock time) 0.000796 sec (of CPU time)
Log-likelihood of RapidNJ tree: -25510.295
--------------------------------------------------------------------
|             INITIALIZING CANDIDATE TREE SET                      |
--------------------------------------------------------------------
Generating 98 parsimony trees... 2.499 second
Computing log-likelihood of 98 initial trees ... 11.077 seconds
Current best score: -24872.997

Do NNI search on 20 best initial trees
Estimate model parameters (epsilon = 0.100)
BETTER TREE FOUND at iteration 1: -24871.594
UPDATE BEST LOG-LIKELIHOOD: -24871.593
UPDATE BEST LOG-LIKELIHOOD: -24871.593
Estimate model parameters (epsilon = 0.100)
BETTER TREE FOUND at iteration 7: -24870.764
Iteration 10 / LogL: -24872.599 / Time: 0h:0m:48s
Estimate model parameters (epsilon = 0.100)
BETTER TREE FOUND at iteration 20: -24869.705
Iteration 20 / LogL: -24869.705 / Time: 0h:1m:12s
Finish initializing candidate tree set (7)
Current best tree score: -24869.705 / CPU time: 60.501
Number of iterations: 20
--------------------------------------------------------------------
|               OPTIMIZING CANDIDATE TREE SET                      |
--------------------------------------------------------------------
Estimate model parameters (epsilon = 0.100)
BETTER TREE FOUND at iteration 29: -24869.076
Iteration 30 / LogL: -24869.732 / Time: 0h:1m:42s (0h:11m:43s left)
Estimate model parameters (epsilon = 0.100)
BETTER TREE FOUND at iteration 33: -24869.052
Iteration 40 / LogL: -24870.241 / Time: 0h:2m:11s (0h:10m:48s left)
Iteration 50 / LogL: -24871.647 / Time: 0h:2m:39s (0h:9m:56s left)
Log-likelihood cutoff on original alignment: -24911.254
Iteration 60 / LogL: -24870.800 / Time: 0h:3m:7s (0h:9m:10s left)
Iteration 70 / LogL: -24869.057 / Time: 0h:3m:35s (0h:8m:27s left)
Estimate model parameters (epsilon = 0.100)
BETTER TREE FOUND at iteration 77: -24867.540
Estimate model parameters (epsilon = 0.100)
BETTER TREE FOUND at iteration 80: -24867.307
Iteration 80 / LogL: -24867.307 / Time: 0h:4m:4s (0h:10m:20s left)
Estimate model parameters (epsilon = 0.100)
BETTER TREE FOUND at iteration 89: -24867.182
Iteration 90 / LogL: -24869.065 / Time: 0h:4m:33s (0h:10m:12s left)
Estimate model parameters (epsilon = 0.100)
BETTER TREE FOUND at iteration 91: -24867.150
Iteration 100 / LogL: -24867.160 / Time: 0h:5m:3s (0h:9m:44s left)
Log-likelihood cutoff on original alignment: -24908.730
NOTE: Bootstrap correlation coefficient of split occurrence frequencies: 0.996
Iteration 110 / LogL: -24869.608 / Time: 0h:5m:32s (0h:9m:12s left)
Iteration 120 / LogL: -24867.352 / Time: 0h:6m:0s (0h:8m:37s left)
Iteration 130 / LogL: -24867.328 / Time: 0h:6m:26s (0h:8m:2s left)
Iteration 140 / LogL: -24870.670 / Time: 0h:6m:54s (0h:7m:30s left)
Iteration 150 / LogL: -24910.879 / Time: 0h:7m:23s (0h:6m:59s left)
Log-likelihood cutoff on original alignment: -24908.730
Iteration 160 / LogL: -24870.775 / Time: 0h:7m:52s (0h:6m:29s left)
Iteration 170 / LogL: -24869.683 / Time: 0h:8m:22s (0h:5m:59s left)
Iteration 180 / LogL: -24870.876 / Time: 0h:8m:51s (0h:5m:29s left)
Iteration 190 / LogL: -24868.120 / Time: 0h:9m:21s (0h:5m:0s left)
Iteration 200 / LogL: -24870.815 / Time: 0h:9m:50s (0h:4m:30s left)
Log-likelihood cutoff on original alignment: -24908.730
NOTE: Bootstrap correlation coefficient of split occurrence frequencies: 0.999
Iteration 210 / LogL: -24867.459 / Time: 0h:10m:19s (0h:4m:26s left)
Iteration 220 / LogL: -24867.332 / Time: 0h:10m:45s (0h:3m:55s left)
Iteration 230 / LogL: -24867.358 / Time: 0h:11m:13s (0h:3m:25s left)
Iteration 240 / LogL: -24868.107 / Time: 0h:11m:42s (0h:2m:56s left)
Iteration 250 / LogL: -24867.304 / Time: 0h:12m:8s (0h:2m:26s left)
Log-likelihood cutoff on original alignment: -24908.730
Iteration 260 / LogL: -24871.975 / Time: 0h:12m:36s (0h:1m:56s left)
Iteration 270 / LogL: -24868.592 / Time: 0h:13m:8s (0h:1m:27s left)
Iteration 280 / LogL: -24870.829 / Time: 0h:13m:37s (0h:0m:58s left)
Iteration 290 / LogL: -24867.350 / Time: 0h:14m:4s (0h:0m:29s left)
TREE SEARCH COMPLETED AFTER 292 ITERATIONS / Time: 0h:14m:10s

--------------------------------------------------------------------
|                    FINALIZING TREE SEARCH                        |
--------------------------------------------------------------------
Performs final model parameters optimization
Estimate model parameters (epsilon = 0.010)
1. Initial log-likelihood: -24867.150
Optimal log-likelihood: -24867.149
Proportion of invariable sites: 0.020
Gamma shape alpha: 1.780
Parameters optimization took 1 rounds (0.347 sec)
BEST SCORE FOUND : -24867.149
Creating bootstrap support values...
Split supports printed to NEXUS file results_broccoli_metc/alignments_prefiltering/OG_4666.iqtree.splits.nex
Total tree length: 24.739

Total number of iterations: 292
CPU time used for tree search: 837.787 sec (0h:13m:57s)
Wall-clock time used for tree search: 838.531 sec (0h:13m:58s)
Total CPU time used: 850.866 sec (0h:14m:10s)
Total wall-clock time used: 851.507 sec (0h:14m:11s)

Computing bootstrap consensus tree...
Reading input file results_broccoli_metc/alignments_prefiltering/OG_4666.iqtree.splits.nex...
93 taxa and 394 splits.
Consensus tree written to results_broccoli_metc/alignments_prefiltering/OG_4666.iqtree.contree
Reading input trees file results_broccoli_metc/alignments_prefiltering/OG_4666.iqtree.contree
Log-likelihood of consensus tree: -24867.309

Analysis results written to: 
  IQ-TREE report:                results_broccoli_metc/alignments_prefiltering/OG_4666.iqtree.iqtree
  Maximum-likelihood tree:       results_broccoli_metc/alignments_prefiltering/OG_4666.iqtree.treefile
  Likelihood distances:          results_broccoli_metc/alignments_prefiltering/OG_4666.iqtree.mldist

Ultrafast bootstrap approximation results written to:
  Split support values:          results_broccoli_metc/alignments_prefiltering/OG_4666.iqtree.splits.nex
  Consensus tree:                results_broccoli_metc/alignments_prefiltering/OG_4666.iqtree.contree
  Screen log file:               results_broccoli_metc/alignments_prefiltering/OG_4666.iqtree.log

Date and Time: Wed Jun  1 22:55:50 2022
