IQ-TREE multicore version 2.1.0 for Linux 64-bit built Jul 18 2020
Developed by Bui Quang Minh, James Barbetti, Nguyen Lam Tung,
Olga Chernomor, Heiko Schmidt, Dominik Schrempf, Michael Woodhams.

Host:    node-hp0401.linux.crg.es (AVX, 125 GB RAM)
Command: /users/asebe/xgraubove/Programes/iqtree-2.1.0-Linux/bin/iqtree2 -s results_broccoli_metc/alignments_prefiltering/OG_4561.lt.fasta -m TEST -mset LG,WAG,JTT -nt AUTO -ntmax 2 -bb 1000 -pre results_broccoli_metc/alignments_prefiltering/OG_4561.iqtree -nm 10000 -nstop 200 -cptime 1800
Seed:    418686 (Using SPRNG - Scalable Parallel Random Number Generator)
Time:    Wed Jun  1 22:18:10 2022
Kernel:  AVX - auto-detect threads (2 CPU cores detected)

Reading alignment file results_broccoli_metc/alignments_prefiltering/OG_4561.lt.fasta ... Fasta format detected
Alignment most likely contains protein sequences
Alignment has 121 sequences with 396 columns, 396 distinct patterns
357 parsimony-informative, 0 singleton sites, 39 constant sites
                                                                   Gap/Ambiguity  Composition  p-value
   1  Codhol_EP00042_Codosiga_hollandica_P048982                          61.11%    failed      0.00%
   2  Stycar_maker-SC_scaffold3191-snap-gene-0.5-mRNA-1                   82.07%    passed     45.65%
   3  Lcom_lcpid115858                                                    27.78%    passed     98.13%
   4  Adig_XM_015904468.1                                                 51.01%    passed     69.45%
   5  Aque_Aqu2.1.33392_001                                                0.00%    passed     99.14%
   6  Halamb_c43886_g1_i1m.16743                                           0.00%    passed     99.97%
   7  Tetwil_g8266.t1                                                      0.00%    passed    100.00%
   8  Spolac_c101771_g1_i2_m.26727c101771-g1                               0.00%    passed     99.79%
   9  Plespi_Pspi_scaffold14529_01                                        29.55%    passed     97.19%
  10  Bralan_BLAG01000528_1                                                0.00%    passed     99.99%
  11  Spur_XM_030972558.1                                                  1.26%    passed    100.00%
  12  Spur_XM_781988.5                                                     1.26%    passed    100.00%
  13  Spis_XP_022782967_1                                                  1.01%    passed     99.16%
  14  Pocdam_XM_027199276.1                                                0.76%    passed     99.96%
  15  Gasp_gasp1.m3.5643.m1                                                4.04%    passed     99.62%
  16  Fspp_ffun1.m4.9374.m1                                                0.76%    passed     99.89%
  17  Gfas_gfas1.m1.14242.m1                                               0.76%    passed     99.99%
  18  Exapal_XM_021040013.2                                                5.81%    passed    100.00%
  19  Nvec_v1g187927                                                       1.77%    passed     99.99%
  20  Acagra_model.g6505.t1                                                0.51%    passed    100.00%
  21  Lcom_lcpid200542                                                    68.43%    passed     86.16%
  22  Skow_XM_002733605.2                                                  1.26%    passed     99.89%
  23  Cgig_XM_034476589.1                                                  0.00%    passed     99.97%
  24  Cgig_XM_034476594.1                                                  0.00%    passed     99.97%
  25  Morvir_scaffold57.g17.t1                                             5.05%    passed     99.98%
  26  Hvul_g2107_1                                                         0.51%    passed     99.95%
  27  Nemnom_g15149.t1                                                     0.51%    passed    100.00%
  28  Rhoesc_Res_008206-T1                                                 0.51%    passed     99.98%
  29  Sanmal_Sma_001682-T1                                                26.01%    passed     40.60%
  30  Hsap_ENST00000253039                                                 0.25%    passed     99.97%
  31  Hsap_ENST00000538173                                                 0.25%    passed    100.00%
  32  Dpul_mRNA16694                                                       1.52%    passed     99.79%
  33  Tcas_TC001103_001                                                    0.51%    passed     99.80%
  34  Ctel_gnl_WGS_AMQN_CAPTEDRAFT_mRNA179168                              0.76%    passed    100.00%
  35  Dgig_XM_028561469.1                                                  2.02%    passed     99.59%
  36  Dgig_XM_028559463.1                                                  2.02%    passed     99.59%
  37  Salurc_EP00051_Salpingoeca_urceolata_P026961                         1.01%    passed     90.92%
  38  Salkve_EP00050_Salpingoeca_kvevrii_P010066                          10.61%    passed    100.00%
  39  Salmac_EP00052_Salpingoeca_macrocollata_P000825                      2.02%    passed     99.99%
  40  Mylflu_EP00047_Mylnosiga_fluctuans_P001926                           2.27%    passed     99.87%
  41  Salpun_EP00053_Salpingoeca_punica_P000981                            2.53%    passed     99.98%
  42  Saldol_EP00054_Salpingoeca_dolichothecata_P038104                    0.25%    passed     99.99%
  43  Chofle_EP00730_Choanoeca_flexa_P016695                              78.54%    passed     58.04%
  44  Choper_EP00045_Choanoeca_perplexa_P006142                            4.55%    passed     99.60%
  45  Mbre_EDQ87933                                                        0.51%    passed     97.48%
  46  Chofle_EP00730_Choanoeca_flexa_P016696                              35.61%    passed     47.36%
  47  Chofle_EP00730_Choanoeca_flexa_P016697                               4.04%    passed     99.52%
  48  HoiH23_PlH23_002650-RA                                               0.00%    passed    100.00%
  49  HoiH06_mRNA10852                                                     5.30%    passed     99.98%
  50  Hhon_g05855.t1                                                       0.00%    passed     99.98%
  51  HoiH04_mRNA6027                                                      0.00%    passed     99.98%
  52  HoiH11_mRNA3475                                                      0.00%    passed    100.00%
  53  TrH2_TrispH2_001845-RA                                               0.00%    passed     99.99%
  54  Tadh_TriadT37737                                                     0.00%    passed     99.98%
  55  Lcom_lcpid154483                                                    64.90%    passed     63.40%
  56  Lcom_lcpid69970                                                      0.00%    passed     99.46%
  57  Gracom_Gcom_C543520_01                                               2.53%    passed     99.98%
  58  Leuniv_Lniv_scaffold24567_01                                        61.87%    passed     33.31%
  59  Scil_scict008659.1                                                   3.03%    passed     99.85%
  60  Gracom_Gcom_scaffold17410_01                                         0.51%    passed     97.30%
  61  Clacor_Ccor_scaffold12943_01                                         2.53%    passed     93.99%
  62  Leuniv_Lniv_scaffold24274_01                                         5.30%    passed     99.97%
  63  Leuniv_Lniv_scaffold24275_01                                         6.57%    passed     99.99%
  64  Acaspe_EP00035_Acanthoeca_spectabilis_P020309                        2.78%    passed     99.94%
  65  Helnan_EP00037_Helgoeca_nana_P008634                                 3.28%    passed     99.81%
  66  Stedip_EP00041_Stephanoeca_diplocostata_P006929                      3.28%    passed     99.81%
  67  Diagra_EP00040_Diaphanoeca_grandis_P031568                           3.54%    passed     99.88%
  68  Didcos_EP00039_Didymoeca_costata_P024309                             3.28%    passed     99.93%
  69  Salinf_EP00049_Salpingoeca_infusionum_P002295                        4.55%    passed     99.57%
  70  Opea_EP00118_Oscarella_pearsei_P025315                               0.51%    passed     97.13%
  71  Ocar_g4212                                                          17.42%    passed     78.62%
  72  Plajan_Pjan_C561330_01                                               2.78%    passed     99.00%
  73  Cscu_XM_023361581.1                                                 44.95%    passed     86.27%
  74  Bolinf_Binf_sb1177281                                               51.26%    passed     89.93%
  75  Beraby_Baby_sb335384                                                 2.53%    passed     99.75%
  76  Drygla_Dgla_sb316602                                                66.92%    passed     89.47%
  77  Bolinf_Binf_sb1224645                                               17.17%    passed     99.99%
  78  Bolinf_Binf_sb1224646                                               44.95%    passed     99.07%
  79  Mertsp_Mesp_sb561131                                                19.70%    passed     99.99%
  80  Vmul_sbMO413245                                                     29.29%    passed     96.63%
  81  Mlei_ML0523.g18.i1                                                   2.53%    passed     99.81%
  82  Bolinf_Binf_sb1254479                                               17.42%    passed     98.99%
  83  Bolinf_Binf_sb1254480                                               56.82%    passed     95.74%
  84  Bolinf_Binf_sb1254477                                                2.53%    passed     97.97%
  85  Bolinf_Binf_sb1254478                                                3.03%    passed     99.36%
  86  Mertsp_Mesp_sb574383                                                 2.53%    passed     97.41%
  87  Bolinf_Binf_sb1254481                                               58.33%    passed     88.21%
  88  Bolinf_Binf_sb1254482                                               62.37%    passed     87.95%
  89  Mertsp_Mesp_sb574384                                                 3.28%    passed     99.04%
  90  Drygla_Dgla_sb286060                                                 3.03%    passed     98.19%
  91  Drygla_Dgla_sb286061                                                12.37%    passed     92.39%
  92  Lampan_Lpan_C414883_01                                               3.03%    passed     94.33%
  93  Coeast_Cast_sb804555                                                30.81%    passed     72.07%
  94  Coeast_Cast_sb804556                                                20.45%    passed     97.02%
  95  Coeast_Cast_sb804558                                                59.34%    passed     70.42%
  96  Coemet_Cmet_C600889_01                                               3.03%    passed     98.59%
  97  Coeast_Cast_sb804557                                                48.23%    passed     86.19%
  98  Vmul_Simscaffold15618_01                                             3.03%    passed     99.13%
  99  Horcal_Hcv1.av93.c1.g450.i1                                          3.03%    passed     99.21%
 100  Pbac_sb2650262                                                      30.81%    passed     88.04%
 101  Pbac_sb2637819                                                      15.40%    passed     88.29%
 102  Eupdun_Edun_sb10651592                                               1.77%    passed     99.99%
 103  Eupdun_Edun_sb10651593                                               1.77%    passed     99.99%
 104  Codhol_EP00042_Codosiga_hollandica_P048984                           0.76%    passed     94.50%
 105  Microa_EP00043_Microstomoeca_roanoka_P008741                         0.76%    passed    100.00%
 106  Sros_EGD76119                                                        1.77%    passed     99.76%
 107  Xesp_011675-T1                                                      13.38%    passed     93.82%
 108  Xesp_011670-T1                                                      79.04%    passed     39.07%
 109  Lcom_lcpid149345                                                    51.52%    passed     65.87%
 110  Lcom_lcpid237763                                                    74.49%    passed     48.09%
 111  Lcom_lcpid113598                                                    28.54%    passed     95.30%
 112  Lcom_lcpid126470                                                    43.69%    passed     53.75%
 113  Amil_Amillepora19526-RA                                             24.75%    passed     77.58%
 114  Cscu_XM_023377358.1                                                 39.39%    passed     93.32%
 115  Saldol_EP00054_Salpingoeca_dolichothecata_P010303                   69.95%    passed     26.62%
 116  Diagra_EP00040_Diaphanoeca_grandis_P008223                          28.28%    failed      2.14%
 117  Saldol_EP00054_Salpingoeca_dolichothecata_P037478                   42.42%    passed     86.28%
 118  Stycar_snap_masked-SC_scaffold73944-processed-gene-0.5-mRNA-1       12.12%    failed      0.00%
 119  Xestes_augustus_masked-XT_scaffold14468-processed-gene-0.0-mRNA-1   34.85%    passed      9.64%
 120  Xestes_augustus_masked-XT_scaffold90792-processed-gene-0.3-mRNA-1   13.89%    passed     72.43%
 121  Diagra_EP00040_Diaphanoeca_grandis_P008222                          85.86%    passed     21.81%
WARNING: 18 sequences contain more than 50% gaps/ambiguity
****  TOTAL                                                               17.21%  3 sequences failed composition chi2 test (p-value<5%; df=19)
NOTE: Cgig_XM_034476594.1 is identical to Cgig_XM_034476589.1 but kept for subsequent analysis
NOTE: Dgig_XM_028559463.1 is identical to Dgig_XM_028561469.1 but kept for subsequent analysis
NOTE: HoiH04_mRNA6027 is identical to Hhon_g05855.t1 but kept for subsequent analysis
NOTE: Eupdun_Edun_sb10651593 is identical to Eupdun_Edun_sb10651592 but kept for subsequent analysis


Create initial parsimony tree by phylogenetic likelihood library (PLL)... 0.036 seconds
Measuring multi-threading efficiency up to 2 CPU cores
Increase to 10 rounds for branch lengths
2 trees examined
Threads: 1 / Time: 2.494 sec / Speedup: 1.000 / Efficiency: 100% / LogL: -34968
Threads: 2 / Time: 1.327 sec / Speedup: 1.880 / Efficiency: 94% / LogL: -34968
BEST NUMBER OF THREADS: 2

Perform fast likelihood tree search using LG+I+G model...
Estimate model parameters (epsilon = 5.000)
Perform nearest neighbor interchange...
Estimate model parameters (epsilon = 1.000)
1. Initial log-likelihood: -21434.574
Optimal log-likelihood: -21434.120
Proportion of invariable sites: 0.081
Gamma shape alpha: 0.868
Parameters optimization took 1 rounds (0.439 sec)
Time for fast ML tree search: 4.206 seconds

NOTE: ModelFinder requires 32 MB RAM!
ModelFinder will test up to 24 protein models (sample size: 396) ...
 No. Model         -LnL         df  AIC          AICc         BIC
  1  LG            23248.044    239 46974.087    47709.472    47925.645
  2  LG+I          22946.253    240 46372.507    47118.829    47328.046
  3  LG+G4         21460.420    240 43400.839    44147.162    44356.379
  4  LG+I+G4       21434.111    241 43350.221    44107.650    44309.742
  8  LG+F+I+G4     21502.187    260 43524.374    44529.707    44559.541
 12  WAG+I+G4      21512.395    241 43506.789    44264.218    44466.310
 16  WAG+F+I+G4    21574.840    260 43669.680    44675.014    44704.848
 20  JTT+I+G4      21580.711    241 43643.423    44400.851    44602.944
 24  JTT+F+I+G4    21654.585    260 43829.170    44834.503    44864.338
Akaike Information Criterion:           LG+I+G4
Corrected Akaike Information Criterion: LG+I+G4
Bayesian Information Criterion:         LG+I+G4
Best-fit model: LG+I+G4 chosen according to BIC

All model information printed to results_broccoli_metc/alignments_prefiltering/OG_4561.iqtree.model.gz
CPU time for ModelFinder: 26.159 seconds (0h:0m:26s)
Wall-clock time for ModelFinder: 14.357 seconds (0h:0m:14s)
Generating 1000 samples for ultrafast bootstrap (seed: 418686)...

NOTE: 32 MB RAM (0 GB) is required!
Estimate model parameters (epsilon = 0.100)
Thoroughly optimizing +I+G parameters from 10 start values...
Init pinv, alpha: 0.000, 0.874 / Estimate: 0.000, 0.589 / LogL: -21460.399
Init pinv, alpha: 0.011, 0.874 / Estimate: 0.082, 0.874 / LogL: -21434.108
Init pinv, alpha: 0.022, 0.874 / Estimate: 0.082, 0.873 / LogL: -21434.110
Init pinv, alpha: 0.033, 0.874 / Estimate: 0.082, 0.874 / LogL: -21434.112
Init pinv, alpha: 0.044, 0.874 / Estimate: 0.082, 0.873 / LogL: -21434.113
Init pinv, alpha: 0.055, 0.874 / Estimate: 0.082, 0.873 / LogL: -21434.112
Init pinv, alpha: 0.066, 0.874 / Estimate: 0.082, 0.872 / LogL: -21434.121
Init pinv, alpha: 0.077, 0.874 / Estimate: 0.082, 0.872 / LogL: -21434.114
Init pinv, alpha: 0.088, 0.874 / Estimate: 0.084, 0.875 / LogL: -21434.105
Init pinv, alpha: 0.098, 0.874 / Estimate: 0.083, 0.875 / LogL: -21434.111
Optimal pinv,alpha: 0.084, 0.875 / LogL: -21434.105

Parameters optimization took 8.857 sec
Computing ML distances based on estimated model parameters...
Computing ML distances took 0.775117 sec (of wall-clock time) 1.540878 sec(of CPU time)
WARNING: Some pairwise ML distances are too long (saturated)
Computing RapidNJ tree took 0.001970 sec (of wall-clock time) 0.001934 sec (of CPU time)
Log-likelihood of RapidNJ tree: -22128.292
--------------------------------------------------------------------
|             INITIALIZING CANDIDATE TREE SET                      |
--------------------------------------------------------------------
Generating 98 parsimony trees... 4.275 second
Computing log-likelihood of 98 initial trees ... 7.962 seconds
Current best score: -21434.105

Do NNI search on 20 best initial trees
Estimate model parameters (epsilon = 0.100)
BETTER TREE FOUND at iteration 1: -21433.847
Estimate model parameters (epsilon = 0.100)
BETTER TREE FOUND at iteration 2: -21401.421
Estimate model parameters (epsilon = 0.100)
BETTER TREE FOUND at iteration 3: -21392.346
Estimate model parameters (epsilon = 0.100)
BETTER TREE FOUND at iteration 5: -21392.250
Estimate model parameters (epsilon = 0.100)
BETTER TREE FOUND at iteration 7: -21383.865
Iteration 10 / LogL: -21423.294 / Time: 0h:0m:55s
Iteration 20 / LogL: -21412.961 / Time: 0h:1m:29s
Finish initializing candidate tree set (20)
Current best tree score: -21383.865 / CPU time: 78.856
Number of iterations: 20
--------------------------------------------------------------------
|               OPTIMIZING CANDIDATE TREE SET                      |
--------------------------------------------------------------------
Estimate model parameters (epsilon = 0.100)
BETTER TREE FOUND at iteration 23: -21380.090
Estimate model parameters (epsilon = 0.100)
BETTER TREE FOUND at iteration 25: -21379.469
Estimate model parameters (epsilon = 0.100)
BETTER TREE FOUND at iteration 26: -21375.569
Iteration 30 / LogL: -21377.697 / Time: 0h:1m:59s (0h:13m:27s left)
Estimate model parameters (epsilon = 0.100)
BETTER TREE FOUND at iteration 34: -21362.182
Iteration 40 / LogL: -21367.830 / Time: 0h:2m:31s (0h:12m:32s left)
BETTER TREE FOUND at iteration 45: -21362.177
Iteration 50 / LogL: -21366.241 / Time: 0h:3m:3s (0h:12m:10s left)
Log-likelihood cutoff on original alignment: -21458.589
Estimate model parameters (epsilon = 0.100)
BETTER TREE FOUND at iteration 53: -21362.094
Iteration 60 / LogL: -21378.843 / Time: 0h:3m:32s (0h:11m:34s left)
Iteration 70 / LogL: -21362.914 / Time: 0h:4m:5s (0h:10m:52s left)
Iteration 80 / LogL: -21376.120 / Time: 0h:4m:34s (0h:10m:2s left)
BETTER TREE FOUND at iteration 84: -21362.088
Iteration 90 / LogL: -21398.691 / Time: 0h:5m:5s (0h:11m:6s left)
Iteration 100 / LogL: -21374.224 / Time: 0h:5m:35s (0h:10m:22s left)
Log-likelihood cutoff on original alignment: -21458.589
NOTE: Bootstrap correlation coefficient of split occurrence frequencies: 0.997
Iteration 110 / LogL: -21362.176 / Time: 0h:6m:7s (0h:9m:46s left)
BETTER TREE FOUND at iteration 111: -21362.080
Iteration 120 / LogL: -21415.574 / Time: 0h:6m:38s (0h:10m:39s left)
Iteration 130 / LogL: -21362.088 / Time: 0h:7m:7s (0h:10m:0s left)
Iteration 140 / LogL: -21374.450 / Time: 0h:7m:35s (0h:9m:20s left)
Iteration 150 / LogL: -21362.430 / Time: 0h:8m:8s (0h:8m:48s left)
Log-likelihood cutoff on original alignment: -21458.589
Iteration 160 / LogL: -21362.089 / Time: 0h:8m:37s (0h:8m:11s left)
Estimate model parameters (epsilon = 0.100)
BETTER TREE FOUND at iteration 163: -21362.055
Iteration 170 / LogL: -21362.177 / Time: 0h:9m:9s (0h:10m:27s left)
Iteration 180 / LogL: -21367.394 / Time: 0h:9m:38s (0h:9m:51s left)
Iteration 190 / LogL: -21368.688 / Time: 0h:10m:11s (0h:9m:20s left)
Iteration 200 / LogL: -21362.520 / Time: 0h:10m:39s (0h:8m:43s left)
Log-likelihood cutoff on original alignment: -21458.589
NOTE: Bootstrap correlation coefficient of split occurrence frequencies: 0.999
Iteration 210 / LogL: -21362.141 / Time: 0h:11m:15s (0h:8m:14s left)
Iteration 220 / LogL: -21362.141 / Time: 0h:11m:45s (0h:7m:40s left)
BETTER TREE FOUND at iteration 221: -21362.049
Iteration 230 / LogL: -21362.049 / Time: 0h:12m:18s (0h:10m:15s left)
BETTER TREE FOUND at iteration 236: -21362.048
Iteration 240 / LogL: -21364.918 / Time: 0h:12m:49s (0h:10m:31s left)
Iteration 250 / LogL: -21362.141 / Time: 0h:13m:18s (0h:9m:56s left)
Log-likelihood cutoff on original alignment: -21458.589
Iteration 260 / LogL: -21421.664 / Time: 0h:13m:47s (0h:9m:22s left)
Iteration 270 / LogL: -21366.063 / Time: 0h:14m:16s (0h:8m:48s left)
Iteration 280 / LogL: -21362.056 / Time: 0h:14m:46s (0h:8m:15s left)
Estimate model parameters (epsilon = 0.100)
BETTER TREE FOUND at iteration 285: -21358.636
Iteration 290 / LogL: -21368.797 / Time: 0h:15m:20s (0h:10m:20s left)
Estimate model parameters (epsilon = 0.100)
BETTER TREE FOUND at iteration 294: -21357.921
Iteration 300 / LogL: -21359.174 / Time: 0h:15m:51s (0h:10m:17s left)
Log-likelihood cutoff on original alignment: -21458.589
NOTE: Bootstrap correlation coefficient of split occurrence frequencies: 0.987
NOTE: UFBoot does not converge, continue at least 100 more iterations
Estimate model parameters (epsilon = 0.100)
BETTER TREE FOUND at iteration 301: -21356.714
Iteration 310 / LogL: -21358.007 / Time: 0h:16m:21s (0h:10m:6s left)
Iteration 320 / LogL: -21357.278 / Time: 0h:16m:51s (0h:9m:34s left)
Estimate model parameters (epsilon = 0.100)
BETTER TREE FOUND at iteration 325: -21356.438
Iteration 330 / LogL: -21364.243 / Time: 0h:17m:18s (0h:10m:15s left)
Estimate model parameters (epsilon = 0.100)
BETTER TREE FOUND at iteration 334: -21356.268
Iteration 340 / LogL: -21356.354 / Time: 0h:17m:49s (0h:10m:12s left)
Iteration 350 / LogL: -21362.093 / Time: 0h:18m:19s (0h:9m:39s left)
Log-likelihood cutoff on original alignment: -21458.589
Iteration 360 / LogL: -21356.384 / Time: 0h:18m:47s (0h:9m:6s left)
Estimate model parameters (epsilon = 0.100)
BETTER TREE FOUND at iteration 364: -21356.192
Iteration 370 / LogL: -21357.854 / Time: 0h:19m:17s (0h:10m:8s left)
Iteration 380 / LogL: -21356.384 / Time: 0h:19m:45s (0h:9m:35s left)
Iteration 390 / LogL: -21369.383 / Time: 0h:20m:14s (0h:9m:3s left)
Iteration 400 / LogL: -21358.937 / Time: 0h:20m:42s (0h:8m:30s left)
Log-likelihood cutoff on original alignment: -21458.589
NOTE: Bootstrap correlation coefficient of split occurrence frequencies: 0.973
NOTE: UFBoot does not converge, continue at least 100 more iterations
Iteration 410 / LogL: -21442.124 / Time: 0h:21m:12s (0h:7m:59s left)
Iteration 420 / LogL: -21359.875 / Time: 0h:21m:39s (0h:7m:26s left)
Iteration 430 / LogL: -21356.196 / Time: 0h:22m:6s (0h:6m:54s left)
Iteration 440 / LogL: -21371.134 / Time: 0h:22m:36s (0h:6m:23s left)
Iteration 450 / LogL: -21357.464 / Time: 0h:23m:6s (0h:5m:51s left)
Log-likelihood cutoff on original alignment: -21458.589
Iteration 460 / LogL: -21356.278 / Time: 0h:23m:35s (0h:5m:20s left)
Iteration 470 / LogL: -21358.051 / Time: 0h:24m:4s (0h:4m:49s left)
Iteration 480 / LogL: -21367.498 / Time: 0h:24m:32s (0h:4m:18s left)
Iteration 490 / LogL: -21363.775 / Time: 0h:25m:5s (0h:3m:47s left)
Iteration 500 / LogL: -21362.711 / Time: 0h:25m:34s (0h:3m:16s left)
Log-likelihood cutoff on original alignment: -21458.589
NOTE: Bootstrap correlation coefficient of split occurrence frequencies: 0.970
NOTE: UFBoot does not converge, continue at least 100 more iterations
Iteration 510 / LogL: -21365.263 / Time: 0h:26m:2s (0h:4m:36s left)
Iteration 520 / LogL: -21359.807 / Time: 0h:26m:29s (0h:4m:5s left)
Iteration 530 / LogL: -21356.269 / Time: 0h:26m:56s (0h:3m:33s left)
Iteration 540 / LogL: -21357.657 / Time: 0h:27m:25s (0h:3m:3s left)
Iteration 550 / LogL: -21385.227 / Time: 0h:27m:52s (0h:2m:32s left)
Log-likelihood cutoff on original alignment: -21458.589
Iteration 560 / LogL: -21356.291 / Time: 0h:28m:24s (0h:2m:1s left)
Iteration 570 / LogL: -21356.639 / Time: 0h:28m:52s (0h:1m:31s left)
Iteration 580 / LogL: -21362.111 / Time: 0h:29m:22s (0h:1m:0s left)
Iteration 590 / LogL: -21362.041 / Time: 0h:29m:48s (0h:0m:30s left)
Iteration 600 / LogL: -21364.924 / Time: 0h:30m:16s (0h:0m:0s left)
Log-likelihood cutoff on original alignment: -21458.589
NOTE: Bootstrap correlation coefficient of split occurrence frequencies: 0.987
NOTE: UFBoot does not converge, continue at least 100 more iterations
Iteration 610 / LogL: -21362.149 / Time: 0h:30m:45s (0h:4m:32s left)
Iteration 620 / LogL: -21356.732 / Time: 0h:31m:14s (0h:4m:2s left)
Iteration 630 / LogL: -21358.874 / Time: 0h:31m:41s (0h:3m:31s left)
Iteration 640 / LogL: -21360.549 / Time: 0h:32m:12s (0h:3m:1s left)
Iteration 650 / LogL: -21364.422 / Time: 0h:32m:39s (0h:2m:30s left)
Log-likelihood cutoff on original alignment: -21458.589
Iteration 660 / LogL: -21359.394 / Time: 0h:33m:10s (0h:2m:0s left)
Iteration 670 / LogL: -21356.384 / Time: 0h:33m:40s (0h:1m:30s left)
Iteration 680 / LogL: -21357.586 / Time: 0h:34m:9s (0h:1m:0s left)
Iteration 690 / LogL: -21356.389 / Time: 0h:34m:38s (0h:0m:30s left)
Iteration 700 / LogL: -21358.650 / Time: 0h:35m:6s (0h:0m:0s left)
Log-likelihood cutoff on original alignment: -21458.589
NOTE: Bootstrap correlation coefficient of split occurrence frequencies: 0.997
TREE SEARCH COMPLETED AFTER 700 ITERATIONS / Time: 0h:35m:7s

--------------------------------------------------------------------
|                    FINALIZING TREE SEARCH                        |
--------------------------------------------------------------------
Performs final model parameters optimization
Estimate model parameters (epsilon = 0.010)
1. Initial log-likelihood: -21356.192
Optimal log-likelihood: -21356.192
Proportion of invariable sites: 0.081
Gamma shape alpha: 0.879
Parameters optimization took 1 rounds (0.250 sec)
BEST SCORE FOUND : -21356.192
Creating bootstrap support values...
Split supports printed to NEXUS file results_broccoli_metc/alignments_prefiltering/OG_4561.iqtree.splits.nex
Total tree length: 39.873

Total number of iterations: 700
CPU time used for tree search: 4161.258 sec (1h:9m:21s)
Wall-clock time used for tree search: 2096.277 sec (0h:34m:56s)
Total CPU time used: 4183.755 sec (1h:9m:43s)
Total wall-clock time used: 2107.686 sec (0h:35m:7s)

Computing bootstrap consensus tree...
Reading input file results_broccoli_metc/alignments_prefiltering/OG_4561.iqtree.splits.nex...
121 taxa and 956 splits.
Consensus tree written to results_broccoli_metc/alignments_prefiltering/OG_4561.iqtree.contree
Reading input trees file results_broccoli_metc/alignments_prefiltering/OG_4561.iqtree.contree
Log-likelihood of consensus tree: -21356.272

Analysis results written to: 
  IQ-TREE report:                results_broccoli_metc/alignments_prefiltering/OG_4561.iqtree.iqtree
  Maximum-likelihood tree:       results_broccoli_metc/alignments_prefiltering/OG_4561.iqtree.treefile
  Likelihood distances:          results_broccoli_metc/alignments_prefiltering/OG_4561.iqtree.mldist

Ultrafast bootstrap approximation results written to:
  Split support values:          results_broccoli_metc/alignments_prefiltering/OG_4561.iqtree.splits.nex
  Consensus tree:                results_broccoli_metc/alignments_prefiltering/OG_4561.iqtree.contree
  Screen log file:               results_broccoli_metc/alignments_prefiltering/OG_4561.iqtree.log

Date and Time: Wed Jun  1 22:53:33 2022
