IQ-TREE multicore version 2.1.0 for Linux 64-bit built Jul 18 2020
Developed by Bui Quang Minh, James Barbetti, Nguyen Lam Tung,
Olga Chernomor, Heiko Schmidt, Dominik Schrempf, Michael Woodhams.

Host:    node-hp0104.linux.crg.es (AVX, 125 GB RAM)
Command: /users/asebe/xgraubove/Programes/iqtree-2.1.0-Linux/bin/iqtree2 -s results_broccoli_metc/alignments_prefiltering/OG_4215.lt.fasta -m TEST -mset LG,WAG,JTT -nt AUTO -ntmax 2 -bb 1000 -pre results_broccoli_metc/alignments_prefiltering/OG_4215.iqtree -nm 10000 -nstop 200 -cptime 1800
Seed:    736289 (Using SPRNG - Scalable Parallel Random Number Generator)
Time:    Wed Jun  1 21:33:59 2022
Kernel:  AVX - auto-detect threads (2 CPU cores detected)

Reading alignment file results_broccoli_metc/alignments_prefiltering/OG_4215.lt.fasta ... Fasta format detected
Alignment most likely contains protein sequences
Alignment has 82 sequences with 293 columns, 293 distinct patterns
289 parsimony-informative, 0 singleton sites, 4 constant sites
                                                       Gap/Ambiguity  Composition  p-value
   1  Nemnom_g14872.t1                                        26.96%    passed     38.60%
   2  Rhoesc_Res_011061-T1                                    17.75%    passed     81.66%
   3  Aaur_scaffold1553.g5.t3                                 17.75%    passed     76.78%
   4  Sanmal_Sma_024943-T1                                    15.70%    passed     76.48%
   5  Stycar_maker-SC_scaffold6831-augustus-gene-0.6-mRNA-1   33.79%    passed      5.80%
   6  Emue_Em0018g187a.t1                                     14.68%    passed     27.67%
   7  Spolac_c104205_g2_i1_m.38837c104205-g2                  16.04%    passed     13.40%
   8  Spolac_c104205_g2_i2_m.38840c104205-g2                  58.02%    passed     67.54%
   9  Tetwil_g23933.t1                                         8.87%    passed     81.69%
  10  Aque_Aqu2.1.28970_001                                   13.65%    passed     74.95%
  11  Halamb_c39489_g2_i2m.11801                              11.95%    passed     44.45%
  12  Clacor_Ccor_C541393_01                                  50.51%    passed     38.01%
  13  Lcom_lcpid98258                                         12.97%    failed      2.05%
  14  Gracom_Gcom_scaffold10567_01                            14.33%    passed      6.36%
  15  Gracom_Gcom_scaffold10568_01                            14.33%    passed      6.36%
  16  Scil_scict009582.1                                      12.29%    passed     19.39%
  17  Leuniv_Lniv_scaffold21352_01                            13.31%    failed      0.10%
  18  Bralan_BLAG02001212_1                                   10.92%    passed     98.71%
  19  Spis_XP_022809093_1                                     16.04%    passed     66.00%
  20  Gasp_gasp1.m3.20563.m1                                  13.99%    passed     98.60%
  21  Fspp_ffun1.m4.19845.m1                                  13.99%    passed     91.45%
  22  Amil_Amillepora27560-RA                                 23.55%    passed     98.40%
  23  Adig_XM_015908543.1                                     17.06%    passed     99.13%
  24  Exapal_XM_021042095.2                                   16.72%    passed     94.46%
  25  Nvec_v1g240179                                          13.65%    passed     72.89%
  26  Dgig_XM_028554250.1                                     18.77%    passed     54.83%
  27  Xesp_005218-T1                                          23.55%    passed     55.96%
  28  Acagra_model.g15137.t1                                  10.58%    passed     98.13%
  29  Cgig_XM_011446143.3                                     12.29%    passed     86.42%
  30  Ctel_gnl_WGS_AMQN_CAPTEDRAFT_mRNA199555                 59.39%    passed     43.41%
  31  Ctel_gnl_WGS_AMQN_CAPTEDRAFT_mRNA212153                  8.53%    passed      6.17%
  32  Skow_XM_002741587.2                                     15.02%    passed     71.26%
  33  Hvul_g14178_1                                           26.28%    passed      7.96%
  34  Dpul_mRNA3434                                            2.39%    passed     80.96%
  35  Plespi_Pspi_C598804_01                                  22.18%    passed     17.73%
  36  Spur_XM_030975576.1                                      2.39%    passed     70.60%
  37  Ocar_g6340                                              29.01%    passed     51.61%
  38  Opea_EP00118_Oscarella_pearsei_P019299                   7.17%    passed     67.15%
  39  Plajan_Pjan_scaffold18457_01                             7.85%    passed     55.83%
  40  Plajan_Pjan_scaffold18458_01                            49.83%    passed     32.36%
  41  Tcas_TC003169_001                                        8.19%    passed     19.09%
  42  HoiH23_PlH23_005710-RA                                  17.41%    passed     72.30%
  43  HoiH06_mRNA2094                                         17.41%    passed     59.25%
  44  Hhon_g02545.t1                                          16.72%    passed     42.41%
  45  HoiH04_mRNA3585                                         16.72%    passed     29.46%
  46  TrH2_TrispH2_001512-RA                                  18.09%    passed     59.56%
  47  Tadh_TriadT55627                                        18.09%    passed     59.37%
  48  Cscu_XM_023364959.1                                     12.97%    passed     12.37%
  49  Morvir_scaffold392.g2.t1                                24.91%    passed     77.58%
  50  Hsap_ENST00000222224                                    16.04%    failed      0.00%
  51  Chofle_EP00730_Choanoeca_flexa_P010550                   8.87%    failed      0.05%
  52  Choper_EP00045_Choanoeca_perplexa_P003710                9.90%    passed      7.60%
  53  Codhol_EP00042_Codosiga_hollandica_P048165              13.31%    failed      0.01%
  54  Stedip_EP00041_Stephanoeca_diplocostata_P023510         14.33%    failed      0.37%
  55  Salmac_EP00052_Salpingoeca_macrocollata_P014688         13.65%    passed     13.03%
  56  Salmac_EP00052_Salpingoeca_macrocollata_P014689         13.65%    passed     13.03%
  57  Didcos_EP00039_Didymoeca_costata_P006670                22.87%    passed     31.45%
  58  Didcos_EP00039_Didymoeca_costata_P006671                64.16%    passed     13.16%
  59  Sros_EGD81659                                            7.17%    passed     18.23%
  60  Microa_EP00043_Microstomoeca_roanoka_P007707            26.28%    failed      3.30%
  61  Microa_EP00043_Microstomoeca_roanoka_P007708             9.56%    passed     17.38%
  62  Salinf_EP00049_Salpingoeca_infusionum_P010222            1.37%    failed      0.01%
  63  Salinf_EP00049_Salpingoeca_infusionum_P010224           37.54%    failed      3.45%
  64  Saldol_EP00054_Salpingoeca_dolichothecata_P007761       18.43%    passed     33.74%
  65  Salpun_EP00053_Salpingoeca_punica_P009199                6.14%    failed      0.00%
  66  Acaspe_EP00035_Acanthoeca_spectabilis_P006003           19.80%    failed      0.00%
  67  Mlei_ML0538.g13.i1                                      53.24%    passed     19.48%
  68  Bolinf_Binf_sb1226982                                   31.40%    passed     24.98%
  69  Mertsp_Mesp_sb540507                                    32.08%    passed     29.59%
  70  Beraby_Baby_sb352766                                    32.08%    failed      0.85%
  71  Horcal_Hcv1.av93.c2.g17.i1                              37.88%    passed     32.23%
  72  Pbac_sb2648936                                           9.56%    passed     32.60%
  73  Drygla_Dgla_sb292128                                    32.76%    passed     78.21%
  74  Bolinf_Binf_sb1226983                                   44.71%    passed     77.29%
  75  Lampan_Lpan_14865_01                                    23.89%    failed      2.26%
  76  Coeast_Cast_sb778029                                    12.29%    failed      0.28%
  77  Coeast_Cast_sb778030                                    13.99%    failed      0.14%
  78  Coeast_Cast_sb778031                                    32.76%    failed      0.28%
  79  Coemet_Cmet_C592933_01                                  10.92%    failed      0.09%
  80  Vmul_sbMO421823                                         10.58%    passed      7.79%
  81  Eupdun_Edun_sb10646001                                  10.92%    passed      8.81%
  82  Eupdun_Edun_sb10646002                                  11.26%    passed      9.16%
WARNING: 5 sequences contain more than 50% gaps/ambiguity
****  TOTAL                                                   19.85%  17 sequences failed composition chi2 test (p-value<5%; df=19)
NOTE: Gracom_Gcom_scaffold10568_01 is identical to Gracom_Gcom_scaffold10567_01 but kept for subsequent analysis
NOTE: Salmac_EP00052_Salpingoeca_macrocollata_P014689 is identical to Salmac_EP00052_Salpingoeca_macrocollata_P014688 but kept for subsequent analysis


Create initial parsimony tree by phylogenetic likelihood library (PLL)... 0.027 seconds
Measuring multi-threading efficiency up to 2 CPU cores
Increase to 10 rounds for branch lengths
4 trees examined
Threads: 1 / Time: 2.591 sec / Speedup: 1.000 / Efficiency: 100% / LogL: -38770
Threads: 2 / Time: 1.379 sec / Speedup: 1.879 / Efficiency: 94% / LogL: -38770
BEST NUMBER OF THREADS: 2

Perform fast likelihood tree search using LG+I+G model...
Estimate model parameters (epsilon = 5.000)
Perform nearest neighbor interchange...
Estimate model parameters (epsilon = 1.000)
1. Initial log-likelihood: -27655.409
Optimal log-likelihood: -27655.149
Proportion of invariable sites: 0.013
Gamma shape alpha: 1.336
Parameters optimization took 1 rounds (0.130 sec)
Time for fast ML tree search: 1.632 seconds

NOTE: ModelFinder requires 17 MB RAM!
ModelFinder will test up to 24 protein models (sample size: 293) ...
 No. Model         -LnL         df  AIC          AICc         BIC
  1  LG            28835.003    161 57992.006    58390.205    58584.514
  2  LG+I          28753.075    162 57830.150    58236.397    58426.338
  3  LG+G4         27667.205    162 55658.411    56064.657    56254.599
  4  LG+I+G4       27655.153    163 55636.306    56050.755    56236.174
  8  LG+F+I+G4     27720.613    182 55805.226    56410.790    56475.018
 12  WAG+I+G4      27646.877    163 55619.754    56034.203    56219.622
 16  WAG+F+I+G4    27764.600    182 55893.201    56498.765    56562.992
 20  JTT+I+G4      27806.351    163 55938.702    56353.152    56538.571
 24  JTT+F+I+G4    27705.926    182 55775.851    56381.415    56445.643
Akaike Information Criterion:           WAG+I+G4
Corrected Akaike Information Criterion: WAG+I+G4
Bayesian Information Criterion:         WAG+I+G4
Best-fit model: WAG+I+G4 chosen according to BIC

All model information printed to results_broccoli_metc/alignments_prefiltering/OG_4215.iqtree.model.gz
CPU time for ModelFinder: 17.260 seconds (0h:0m:17s)
Wall-clock time for ModelFinder: 9.922 seconds (0h:0m:9s)
Generating 1000 samples for ultrafast bootstrap (seed: 736289)...

NOTE: 17 MB RAM (0 GB) is required!
Estimate model parameters (epsilon = 0.100)
Thoroughly optimizing +I+G parameters from 10 start values...
Init pinv, alpha: 0.000, 1.533 / Estimate: 0.013, 1.540 / LogL: -27646.873
Init pinv, alpha: 0.002, 1.533 / Estimate: 0.013, 1.539 / LogL: -27646.874
Init pinv, alpha: 0.003, 1.533 / Estimate: 0.013, 1.539 / LogL: -27646.873
Init pinv, alpha: 0.005, 1.533 / Estimate: 0.013, 1.538 / LogL: -27646.872
Init pinv, alpha: 0.006, 1.533 / Estimate: 0.013, 1.538 / LogL: -27646.872
Init pinv, alpha: 0.008, 1.533 / Estimate: 0.013, 1.538 / LogL: -27646.871
Init pinv, alpha: 0.009, 1.533 / Estimate: 0.013, 1.538 / LogL: -27646.871
Init pinv, alpha: 0.011, 1.533 / Estimate: 0.013, 1.536 / LogL: -27646.871
Init pinv, alpha: 0.012, 1.533 / Estimate: 0.013, 1.536 / LogL: -27646.872
Init pinv, alpha: 0.014, 1.533 / Estimate: 0.013, 1.535 / LogL: -27646.872
Optimal pinv,alpha: 0.013, 1.538 / LogL: -27646.871

Parameters optimization took 2.444 sec
Computing ML distances based on estimated model parameters...
Computing ML distances took 0.429534 sec (of wall-clock time) 0.857782 sec(of CPU time)
WARNING: Some pairwise ML distances are too long (saturated)
Computing RapidNJ tree took 0.001317 sec (of wall-clock time) 0.000604 sec (of CPU time)
Log-likelihood of RapidNJ tree: -27783.861
--------------------------------------------------------------------
|             INITIALIZING CANDIDATE TREE SET                      |
--------------------------------------------------------------------
Generating 98 parsimony trees... 2.645 second
Computing log-likelihood of 98 initial trees ... 4.028 seconds
Current best score: -27646.871

Do NNI search on 20 best initial trees
Estimate model parameters (epsilon = 0.100)
BETTER TREE FOUND at iteration 1: -27644.847
Estimate model parameters (epsilon = 0.100)
BETTER TREE FOUND at iteration 4: -27642.274
Estimate model parameters (epsilon = 0.100)
BETTER TREE FOUND at iteration 6: -27635.395
Estimate model parameters (epsilon = 0.100)
BETTER TREE FOUND at iteration 10: -27634.653
Iteration 10 / LogL: -27634.653 / Time: 0h:0m:19s
Estimate model parameters (epsilon = 0.100)
BETTER TREE FOUND at iteration 13: -27626.720
Iteration 20 / LogL: -27633.148 / Time: 0h:0m:30s
Finish initializing candidate tree set (20)
Current best tree score: -27626.720 / CPU time: 27.154
Number of iterations: 20
--------------------------------------------------------------------
|               OPTIMIZING CANDIDATE TREE SET                      |
--------------------------------------------------------------------
Estimate model parameters (epsilon = 0.100)
BETTER TREE FOUND at iteration 21: -27626.436
Estimate model parameters (epsilon = 0.100)
BETTER TREE FOUND at iteration 24: -27625.171
Estimate model parameters (epsilon = 0.100)
BETTER TREE FOUND at iteration 27: -27623.824
Iteration 30 / LogL: -27626.137 / Time: 0h:0m:41s (0h:4m:40s left)
Iteration 40 / LogL: -27631.432 / Time: 0h:0m:50s (0h:4m:3s left)
Iteration 50 / LogL: -27628.715 / Time: 0h:0m:59s (0h:3m:36s left)
Log-likelihood cutoff on original alignment: -27699.403
Estimate model parameters (epsilon = 0.100)
BETTER TREE FOUND at iteration 51: -27622.789
Estimate model parameters (epsilon = 0.100)
BETTER TREE FOUND at iteration 57: -27622.578
Iteration 60 / LogL: -27625.374 / Time: 0h:1m:9s (0h:3m:52s left)
Iteration 70 / LogL: -27625.821 / Time: 0h:1m:19s (0h:3m:36s left)
Iteration 80 / LogL: -27631.649 / Time: 0h:1m:28s (0h:3m:19s left)
Iteration 90 / LogL: -27625.997 / Time: 0h:1m:38s (0h:3m:5s left)
Estimate model parameters (epsilon = 0.100)
BETTER TREE FOUND at iteration 94: -27620.571
Iteration 100 / LogL: -27621.105 / Time: 0h:1m:48s (0h:3m:31s left)
Log-likelihood cutoff on original alignment: -27699.403
NOTE: Bootstrap correlation coefficient of split occurrence frequencies: 0.996
Iteration 110 / LogL: -27625.865 / Time: 0h:1m:56s (0h:3m:17s left)
Iteration 120 / LogL: -27626.430 / Time: 0h:2m:7s (0h:3m:6s left)
Iteration 130 / LogL: -27620.674 / Time: 0h:2m:16s (0h:2m:54s left)
Iteration 140 / LogL: -27621.390 / Time: 0h:2m:26s (0h:2m:42s left)
Iteration 150 / LogL: -27621.406 / Time: 0h:2m:35s (0h:2m:30s left)
Log-likelihood cutoff on original alignment: -27699.403
Iteration 160 / LogL: -27626.317 / Time: 0h:2m:45s (0h:2m:19s left)
Iteration 170 / LogL: -27639.427 / Time: 0h:2m:54s (0h:2m:8s left)
Iteration 180 / LogL: -27623.780 / Time: 0h:3m:3s (0h:1m:56s left)
Estimate model parameters (epsilon = 0.100)
BETTER TREE FOUND at iteration 184: -27620.090
Iteration 190 / LogL: -27620.772 / Time: 0h:3m:13s (0h:3m:18s left)
Iteration 200 / LogL: -27629.611 / Time: 0h:3m:22s (0h:3m:7s left)
Log-likelihood cutoff on original alignment: -27699.403
NOTE: Bootstrap correlation coefficient of split occurrence frequencies: 0.997
Iteration 210 / LogL: -27624.569 / Time: 0h:3m:32s (0h:2m:56s left)
Iteration 220 / LogL: -27623.391 / Time: 0h:3m:42s (0h:2m:46s left)
Iteration 230 / LogL: -27625.459 / Time: 0h:3m:51s (0h:2m:35s left)
Iteration 240 / LogL: -27626.884 / Time: 0h:4m:1s (0h:2m:25s left)
Iteration 250 / LogL: -27626.994 / Time: 0h:4m:10s (0h:2m:14s left)
Log-likelihood cutoff on original alignment: -27699.403
Iteration 260 / LogL: -27620.148 / Time: 0h:4m:19s (0h:2m:4s left)
Iteration 270 / LogL: -27620.759 / Time: 0h:4m:29s (0h:1m:54s left)
Iteration 280 / LogL: -27622.994 / Time: 0h:4m:38s (0h:1m:43s left)
Iteration 290 / LogL: -27620.924 / Time: 0h:4m:48s (0h:1m:33s left)
Iteration 300 / LogL: -27620.202 / Time: 0h:4m:57s (0h:1m:23s left)
Log-likelihood cutoff on original alignment: -27679.799
NOTE: Bootstrap correlation coefficient of split occurrence frequencies: 0.998
Iteration 310 / LogL: -27636.197 / Time: 0h:5m:6s (0h:1m:29s left)
Iteration 320 / LogL: -27622.645 / Time: 0h:5m:16s (0h:1m:19s left)
Iteration 330 / LogL: -27622.783 / Time: 0h:5m:25s (0h:1m:9s left)
Iteration 340 / LogL: -27625.773 / Time: 0h:5m:35s (0h:0m:59s left)
Iteration 350 / LogL: -27631.070 / Time: 0h:5m:43s (0h:0m:49s left)
Log-likelihood cutoff on original alignment: -27679.799
Iteration 360 / LogL: -27620.155 / Time: 0h:5m:53s (0h:0m:39s left)
Iteration 370 / LogL: -27622.113 / Time: 0h:6m:3s (0h:0m:29s left)
Iteration 380 / LogL: -27620.682 / Time: 0h:6m:12s (0h:0m:19s left)
TREE SEARCH COMPLETED AFTER 385 ITERATIONS / Time: 0h:6m:17s

--------------------------------------------------------------------
|                    FINALIZING TREE SEARCH                        |
--------------------------------------------------------------------
Performs final model parameters optimization
Estimate model parameters (epsilon = 0.010)
1. Initial log-likelihood: -27620.090
Optimal log-likelihood: -27620.087
Proportion of invariable sites: 0.013
Gamma shape alpha: 1.486
Parameters optimization took 1 rounds (0.128 sec)
BEST SCORE FOUND : -27620.087
Creating bootstrap support values...
Split supports printed to NEXUS file results_broccoli_metc/alignments_prefiltering/OG_4215.iqtree.splits.nex
Total tree length: 42.725

Total number of iterations: 385
CPU time used for tree search: 741.431 sec (0h:12m:21s)
Wall-clock time used for tree search: 373.984 sec (0h:6m:13s)
Total CPU time used: 748.515 sec (0h:12m:28s)
Total wall-clock time used: 377.633 sec (0h:6m:17s)

Computing bootstrap consensus tree...
Reading input file results_broccoli_metc/alignments_prefiltering/OG_4215.iqtree.splits.nex...
82 taxa and 594 splits.
Consensus tree written to results_broccoli_metc/alignments_prefiltering/OG_4215.iqtree.contree
Reading input trees file results_broccoli_metc/alignments_prefiltering/OG_4215.iqtree.contree
Log-likelihood of consensus tree: -27620.442

Analysis results written to: 
  IQ-TREE report:                results_broccoli_metc/alignments_prefiltering/OG_4215.iqtree.iqtree
  Maximum-likelihood tree:       results_broccoli_metc/alignments_prefiltering/OG_4215.iqtree.treefile
  Likelihood distances:          results_broccoli_metc/alignments_prefiltering/OG_4215.iqtree.mldist

Ultrafast bootstrap approximation results written to:
  Split support values:          results_broccoli_metc/alignments_prefiltering/OG_4215.iqtree.splits.nex
  Consensus tree:                results_broccoli_metc/alignments_prefiltering/OG_4215.iqtree.contree
  Screen log file:               results_broccoli_metc/alignments_prefiltering/OG_4215.iqtree.log

Date and Time: Wed Jun  1 21:40:27 2022
