IQ-TREE multicore version 2.1.0 for Linux 64-bit built Jul 18 2020
Developed by Bui Quang Minh, James Barbetti, Nguyen Lam Tung,
Olga Chernomor, Heiko Schmidt, Dominik Schrempf, Michael Woodhams.

Host:    node-hp0506.linux.crg.es (AVX, 125 GB RAM)
Command: /users/asebe/xgraubove/Programes/iqtree-2.1.0-Linux/bin/iqtree2 -s results_broccoli_metc/alignments_prefiltering/OG_4783.lt.fasta -m TEST -mset LG,WAG,JTT -nt AUTO -ntmax 2 -bb 1000 -pre results_broccoli_metc/alignments_prefiltering/OG_4783.iqtree -nm 10000 -nstop 200 -cptime 1800
Seed:    7622 (Using SPRNG - Scalable Parallel Random Number Generator)
Time:    Wed Jun  1 22:47:04 2022
Kernel:  AVX - auto-detect threads (2 CPU cores detected)

Reading alignment file results_broccoli_metc/alignments_prefiltering/OG_4783.lt.fasta ... Fasta format detected
Alignment most likely contains protein sequences
Alignment has 92 sequences with 180 columns, 179 distinct patterns
173 parsimony-informative, 0 singleton sites, 7 constant sites
                                                                    Gap/Ambiguity  Composition  p-value
   1  Xestes_augustus_masked-XT_scaffold167838-processed-gene-0.0-mRNA-1   48.89%    passed     23.59%
   2  Aaur_scaffold10.g80.t1                                                1.11%    passed     55.00%
   3  Stycar_snap_masked-SC_scaffold70841-processed-gene-0.4-mRNA-1        26.67%    failed      0.14%
   4  Xestes_augustus_masked-XT_scaffold119503-processed-gene-0.2-mRNA-1   10.00%    passed     73.82%
   5  Bralan_BLAG07000858_1                                                 2.78%    passed     92.74%
   6  Bralan_BLAG15000490_1                                                17.22%    passed     78.56%
   7  Spur_XM_783779.5                                                      7.22%    passed     91.50%
   8  Cgig_XM_011458472.3                                                   6.67%    passed     99.88%
   9  HoiH23_PlH23_003285-RA                                               11.67%    passed     94.75%
  10  HoiH06_mRNA2646                                                      23.33%    passed     80.05%
  11  Hhon_g02548.t1                                                        7.22%    passed     80.37%
  12  HoiH04_mRNA10642                                                      7.22%    passed     80.37%
  13  TrH2_TrispH2_001515-RA                                                5.56%    passed     88.89%
  14  Tadh_TriadT23778                                                      5.56%    passed     88.89%
  15  Acagra_model.g28635.t1                                                3.33%    passed     98.33%
  16  Lcom_lcpid98403                                                       5.56%    passed     89.32%
  17  Scil_scict002408.2                                                    6.11%    passed     96.20%
  18  Gracom_Gcom_scaffold17851_01                                          6.11%    passed     88.22%
  19  Leuniv_Lniv_scaffold21979_01                                          6.11%    passed     96.28%
  20  Clacor_Ccor_C529945_01                                                7.78%    passed     98.43%
  21  Plajan_Pjan_scaffold18264_01                                          2.78%    passed     93.12%
  22  Ctel_gnl_WGS_AMQN_CAPTEDRAFT_mRNA120164                              17.22%    passed     98.50%
  23  Dgig_XM_028535943.1                                                   5.56%    passed     89.97%
  24  Xesp_005733-T1                                                       15.56%    passed     76.65%
  25  Pocdam_XM_027184820.1                                                 2.78%    passed     97.30%
  26  Spis_XP_022779650_1                                                   2.78%    passed     98.77%
  27  Gasp_gasp1.m3.7621.m1                                                 2.78%    passed     95.91%
  28  Fspp_ffun1.m4.12906.m1                                                2.78%    passed     92.14%
  29  Gfas_gfas1.m1.17279.m1                                                2.78%    passed     88.14%
  30  Amil_Amillepora09153-RA                                              23.89%    passed     98.85%
  31  Nvec_v1g193324                                                        2.78%    passed     26.12%
  32  Exapal_XM_021042135.1                                                16.11%    passed     38.67%
  33  Morvir_scaffold23.g37.t2                                              2.78%    passed     96.48%
  34  Nemnom_g15999.t1                                                      5.56%    passed     58.80%
  35  Rhoesc_Res_010809-T1                                                  5.56%    passed     17.30%
  36  Aaur_scaffold87.g15.t1                                               21.11%    passed     85.87%
  37  Sanmal_Sma_025180-T1                                                  0.00%    passed     99.18%
  38  Chem_TCONS_00061300                                                   2.78%    passed     33.62%
  39  Opea_EP00118_Oscarella_pearsei_P025356                                4.44%    passed     48.36%
  40  Hsap_ENST00000378364                                                  5.56%    passed     16.37%
  41  Codhol_EP00042_Codosiga_hollandica_P040207                            0.56%    passed     86.99%
  42  Salurc_EP00051_Salpingoeca_urceolata_P025544                          4.44%    passed     89.30%
  43  Salkve_EP00050_Salpingoeca_kvevrii_P018239                            1.67%    passed     73.04%
  44  Salpun_EP00053_Salpingoeca_punica_P005688                             3.89%    passed     43.44%
  45  Microa_EP00043_Microstomoeca_roanoka_P015198                          0.56%    passed     92.81%
  46  Sros_EGD76288                                                         0.56%    passed     94.65%
  47  Chofle_EP00730_Choanoeca_flexa_P003353                                0.56%    passed     98.00%
  48  Choper_EP00045_Choanoeca_perplexa_P020438                             0.56%    passed     99.27%
  49  Mbre_EDQ87269                                                         0.56%    passed     85.56%
  50  Salmac_EP00052_Salpingoeca_macrocollata_P000548                       1.67%    passed     92.61%
  51  Salmac_EP00052_Salpingoeca_macrocollata_P033684                       0.56%    passed     91.61%
  52  Saldol_EP00054_Salpingoeca_dolichothecata_P036676                     3.33%    passed     98.71%
  53  Mylflu_EP00047_Mylnosiga_fluctuans_P002069                            0.56%    passed     37.08%
  54  Cscu_XM_023383037.1                                                  27.22%    passed     23.94%
  55  Dpul_mRNA15607                                                        4.44%    passed     44.38%
  56  Stycar_snap_masked-SC_scaffold71669-processed-gene-0.3-mRNA-1        49.44%    passed     13.92%
  57  Xestes_augustus_masked-XT_scaffold166413-processed-gene-0.2-mRNA-1   15.56%    passed     39.78%
  58  Xestes_augustus_masked-XT_scaffold18974-processed-gene-0.0-mRNA-1    10.56%    failed      2.21%
  59  Tcas_TC009597_001                                                     5.56%    passed     98.33%
  60  Xestes_augustus_masked-XT_scaffold51907-processed-gene-0.0-mRNA-1    28.89%    passed     20.67%
  61  Xestes_augustus_masked-XT_scaffold15810-processed-gene-0.4-mRNA-1    10.00%    passed     37.30%
  62  Xestes_maker-XT_scaffold1821-augustus-gene-0.1403-mRNA-1              7.78%    failed      4.84%
  63  Salinf_EP00049_Salpingoeca_infusionum_P018599                         0.56%    passed     80.76%
  64  Lcom_lcpid168613                                                     12.78%    passed     86.49%
  65  Xestes_augustus_masked-XT_scaffold176736-processed-gene-0.0-mRNA-1   15.00%    passed     24.95%
  66  Horcal_Hcv1.av93.c6.g749.i1                                           6.67%    passed     81.25%
  67  Pbac_sb2657306                                                        5.00%    passed     61.36%
  68  Pbac_sb2639674                                                       80.00%    failed      1.32%
  69  Mertsp_Mesp_sb560369                                                  8.89%    passed     66.97%
  70  Mertsp_Mesp_sb560370                                                  8.89%    passed     66.97%
  71  Coemet_Cmet_scaffold11694_01                                          8.89%    passed     90.42%
  72  Coeast_Cast_sb793113                                                 40.00%    passed     91.84%
  73  Coeast_Cast_sb793114                                                  5.00%    passed     88.56%
  74  Coeast_Cast_sb793115                                                 88.33%    passed     25.98%
  75  Vmul_sbMO432740                                                       3.89%    passed     81.39%
  76  Lampan_Lpan_12580_01                                                  6.67%    passed     35.99%
  77  Mlei_ML1810.g5.i1                                                     7.22%    passed     73.97%
  78  Beraby_Baby_sb337239                                                  2.78%    passed     71.78%
  79  Beraby_Baby_sb337240                                                  2.78%    passed     71.78%
  80  Drygla_Dgla_sb292706                                                  6.11%    passed     95.34%
  81  Drygla_Dgla_sb292707                                                  6.11%    passed     95.34%
  82  Eupdun_Edun_sb10624912                                                6.11%    passed     99.84%
  83  Cscu_XM_023370862.1                                                  11.11%    passed     64.67%
  84  Xestes_augustus_masked-XT_scaffold183104-processed-gene-0.1-mRNA-1    7.22%    passed     25.65%
  85  Xestes_augustus_masked-XT_scaffold136131-processed-gene-0.2-mRNA-1    8.33%    passed     26.20%
  86  Chofle_EP00730_Choanoeca_flexa_P010170                               38.33%    passed     11.31%
  87  Didcos_EP00039_Didymoeca_costata_P018280                              1.11%    passed     87.75%
  88  Acaspe_EP00035_Acanthoeca_spectabilis_P021144                         1.11%    passed     15.36%
  89  Helnan_EP00037_Helgoeca_nana_P002779                                  1.11%    passed     23.46%
  90  Stedip_EP00041_Stephanoeca_diplocostata_P026284                       0.00%    passed     34.60%
  91  Diagra_EP00040_Diaphanoeca_grandis_P019178                            0.00%    passed     36.80%
  92  Tetwil_g17618.t1                                                      3.89%    passed     70.31%
WARNING: 2 sequences contain more than 50% gaps/ambiguity
****  TOTAL                                                                10.16%  4 sequences failed composition chi2 test (p-value<5%; df=19)
NOTE: HoiH04_mRNA10642 is identical to Hhon_g02548.t1 but kept for subsequent analysis
NOTE: Tadh_TriadT23778 is identical to TrH2_TrispH2_001515-RA but kept for subsequent analysis
NOTE: Mertsp_Mesp_sb560370 is identical to Mertsp_Mesp_sb560369 but kept for subsequent analysis
NOTE: Beraby_Baby_sb337240 is identical to Beraby_Baby_sb337239 but kept for subsequent analysis
NOTE: Drygla_Dgla_sb292707 is identical to Drygla_Dgla_sb292706 but kept for subsequent analysis


Create initial parsimony tree by phylogenetic likelihood library (PLL)... 0.022 seconds
Measuring multi-threading efficiency up to 2 CPU cores
Increase to 10 rounds for branch lengths
5 trees examined
Threads: 1 / Time: 2.126 sec / Speedup: 1.000 / Efficiency: 100% / LogL: -26056
Threads: 2 / Time: 1.254 sec / Speedup: 1.696 / Efficiency: 85% / LogL: -26056
BEST NUMBER OF THREADS: 2

Perform fast likelihood tree search using LG+I+G model...
Estimate model parameters (epsilon = 5.000)
Perform nearest neighbor interchange...
Estimate model parameters (epsilon = 1.000)
1. Initial log-likelihood: -18830.344
Optimal log-likelihood: -18830.201
Proportion of invariable sites: 0.038
Gamma shape alpha: 1.362
Parameters optimization took 1 rounds (0.161 sec)
Time for fast ML tree search: 1.379 seconds

NOTE: ModelFinder requires 12 MB RAM!
ModelFinder will test up to 24 protein models (sample size: 180) ...
 No. Model         -LnL         df  AIC          AICc         BIC
  1  LG            19591.107    181 39544.215    105428.215   40122.140
  2  LG+I          19451.641    182 39267.282    105879.282   39848.400
  3  LG+G4         18845.373    182 38054.746    104666.746   38635.865
  4  LG+I+G4       18830.200    183 38026.401    105370.401   38610.712
  8  LG+F+I+G4     18875.372    202 38154.745    120166.745   38799.722
 12  WAG+I+G4      18890.355    183 38146.709    105490.709   38731.020
 16  WAG+F+I+G4    18921.552    202 38247.105    120259.105   38892.082
 20  JTT+I+G4      19143.871    183 38653.742    105997.742   39238.053
 24  JTT+F+I+G4    19189.357    202 38782.715    120794.715   39427.692
Akaike Information Criterion:           LG+I+G4
Corrected Akaike Information Criterion: LG+G4
Bayesian Information Criterion:         LG+I+G4
Best-fit model: LG+I+G4 chosen according to BIC

All model information printed to results_broccoli_metc/alignments_prefiltering/OG_4783.iqtree.model.gz
CPU time for ModelFinder: 12.019 seconds (0h:0m:12s)
Wall-clock time for ModelFinder: 7.061 seconds (0h:0m:7s)
Generating 1000 samples for ultrafast bootstrap (seed: 7622)...

NOTE: 12 MB RAM (0 GB) is required!
Estimate model parameters (epsilon = 0.100)
Thoroughly optimizing +I+G parameters from 10 start values...
Init pinv, alpha: 0.000, 1.364 / Estimate: 0.038, 1.362 / LogL: -18830.202
Init pinv, alpha: 0.004, 1.364 / Estimate: 0.038, 1.362 / LogL: -18830.204
Init pinv, alpha: 0.009, 1.364 / Estimate: 0.038, 1.363 / LogL: -18830.202
Init pinv, alpha: 0.013, 1.364 / Estimate: 0.037, 1.361 / LogL: -18830.204
Init pinv, alpha: 0.017, 1.364 / Estimate: 0.037, 1.361 / LogL: -18830.206
Init pinv, alpha: 0.022, 1.364 / Estimate: 0.038, 1.362 / LogL: -18830.204
Init pinv, alpha: 0.026, 1.364 / Estimate: 0.038, 1.363 / LogL: -18830.202
Init pinv, alpha: 0.030, 1.364 / Estimate: 0.038, 1.363 / LogL: -18830.201
Init pinv, alpha: 0.035, 1.364 / Estimate: 0.037, 1.363 / LogL: -18830.201
Init pinv, alpha: 0.039, 1.364 / Estimate: 0.038, 1.364 / LogL: -18830.200
Optimal pinv,alpha: 0.038, 1.364 / LogL: -18830.200

Parameters optimization took 2.644 sec
Computing ML distances based on estimated model parameters...
Computing ML distances took 0.578127 sec (of wall-clock time) 1.156124 sec(of CPU time)
WARNING: Some pairwise ML distances are too long (saturated)
Computing RapidNJ tree took 0.001234 sec (of wall-clock time) 0.002464 sec (of CPU time)
Log-likelihood of RapidNJ tree: -18906.844
--------------------------------------------------------------------
|             INITIALIZING CANDIDATE TREE SET                      |
--------------------------------------------------------------------
Generating 98 parsimony trees... 2.238 second
Computing log-likelihood of 98 initial trees ... 2.968 seconds
Current best score: -18830.200

Do NNI search on 20 best initial trees
Estimate model parameters (epsilon = 0.100)
BETTER TREE FOUND at iteration 1: -18827.497
Estimate model parameters (epsilon = 0.100)
BETTER TREE FOUND at iteration 3: -18823.522
Iteration 10 / LogL: -18825.934 / Time: 0h:0m:14s
Estimate model parameters (epsilon = 0.100)
BETTER TREE FOUND at iteration 11: -18814.721
Iteration 20 / LogL: -18833.928 / Time: 0h:0m:22s
Finish initializing candidate tree set (20)
Current best tree score: -18814.721 / CPU time: 19.288
Number of iterations: 20
--------------------------------------------------------------------
|               OPTIMIZING CANDIDATE TREE SET                      |
--------------------------------------------------------------------
Estimate model parameters (epsilon = 0.100)
BETTER TREE FOUND at iteration 26: -18813.678
Estimate model parameters (epsilon = 0.100)
BETTER TREE FOUND at iteration 28: -18810.890
Estimate model parameters (epsilon = 0.100)
BETTER TREE FOUND at iteration 30: -18810.253
Iteration 30 / LogL: -18810.253 / Time: 0h:0m:30s (0h:3m:28s left)
Estimate model parameters (epsilon = 0.100)
BETTER TREE FOUND at iteration 39: -18809.847
Iteration 40 / LogL: -18810.357 / Time: 0h:0m:37s (0h:3m:11s left)
Estimate model parameters (epsilon = 0.100)
BETTER TREE FOUND at iteration 49: -18809.358
Iteration 50 / LogL: -18814.073 / Time: 0h:0m:44s (0h:3m:1s left)
Log-likelihood cutoff on original alignment: -18877.841
Estimate model parameters (epsilon = 0.100)
BETTER TREE FOUND at iteration 58: -18808.341
Estimate model parameters (epsilon = 0.100)
BETTER TREE FOUND at iteration 60: -18801.734
Iteration 60 / LogL: -18801.734 / Time: 0h:0m:51s (0h:2m:55s left)
Iteration 70 / LogL: -18805.922 / Time: 0h:0m:57s (0h:2m:38s left)
Iteration 80 / LogL: -18801.922 / Time: 0h:1m:4s (0h:2m:26s left)
Iteration 90 / LogL: -18803.165 / Time: 0h:1m:11s (0h:2m:15s left)
Iteration 100 / LogL: -18806.004 / Time: 0h:1m:17s (0h:2m:5s left)
Log-likelihood cutoff on original alignment: -18877.841
NOTE: Bootstrap correlation coefficient of split occurrence frequencies: 0.978
NOTE: UFBoot does not converge, continue at least 100 more iterations
Estimate model parameters (epsilon = 0.100)
BETTER TREE FOUND at iteration 106: -18800.847
Iteration 110 / LogL: -18815.309 / Time: 0h:1m:24s (0h:2m:32s left)
Iteration 120 / LogL: -18801.977 / Time: 0h:1m:30s (0h:2m:22s left)
Iteration 130 / LogL: -18809.256 / Time: 0h:1m:38s (0h:2m:13s left)
Iteration 140 / LogL: -18805.728 / Time: 0h:1m:44s (0h:2m:4s left)
Iteration 150 / LogL: -18805.173 / Time: 0h:1m:50s (0h:1m:55s left)
Log-likelihood cutoff on original alignment: -18877.841
Iteration 160 / LogL: -18801.032 / Time: 0h:1m:57s (0h:1m:47s left)
Iteration 170 / LogL: -18802.359 / Time: 0h:2m:3s (0h:1m:39s left)
Iteration 180 / LogL: -18806.246 / Time: 0h:2m:9s (0h:1m:31s left)
Iteration 190 / LogL: -18817.713 / Time: 0h:2m:15s (0h:1m:23s left)
Iteration 200 / LogL: -18801.018 / Time: 0h:2m:21s (0h:1m:15s left)
Log-likelihood cutoff on original alignment: -18877.841
NOTE: Bootstrap correlation coefficient of split occurrence frequencies: 0.999
Iteration 210 / LogL: -18801.952 / Time: 0h:2m:28s (0h:1m:8s left)
Iteration 220 / LogL: -18803.525 / Time: 0h:2m:35s (0h:1m:0s left)
Estimate model parameters (epsilon = 0.100)
BETTER TREE FOUND at iteration 227: -18800.788
Iteration 230 / LogL: -18800.858 / Time: 0h:2m:41s (0h:2m:19s left)
Iteration 240 / LogL: -18804.259 / Time: 0h:2m:48s (0h:2m:11s left)
Iteration 250 / LogL: -18801.994 / Time: 0h:2m:54s (0h:2m:4s left)
Log-likelihood cutoff on original alignment: -18877.841
Iteration 260 / LogL: -18803.933 / Time: 0h:3m:1s (0h:1m:56s left)
Iteration 270 / LogL: -18806.234 / Time: 0h:3m:7s (0h:1m:49s left)
Iteration 280 / LogL: -18802.492 / Time: 0h:3m:14s (0h:1m:42s left)
Iteration 290 / LogL: -18807.280 / Time: 0h:3m:21s (0h:1m:35s left)
Iteration 300 / LogL: -18805.724 / Time: 0h:3m:28s (0h:1m:28s left)
Log-likelihood cutoff on original alignment: -18877.841
NOTE: Bootstrap correlation coefficient of split occurrence frequencies: 0.999
Iteration 310 / LogL: -18801.896 / Time: 0h:3m:35s (0h:1m:21s left)
Iteration 320 / LogL: -18809.505 / Time: 0h:3m:42s (0h:1m:14s left)
Iteration 330 / LogL: -18805.818 / Time: 0h:3m:48s (0h:1m:7s left)
Iteration 340 / LogL: -18800.991 / Time: 0h:3m:55s (0h:1m:0s left)
Iteration 350 / LogL: -18800.857 / Time: 0h:4m:1s (0h:0m:53s left)
Log-likelihood cutoff on original alignment: -18877.841
Iteration 360 / LogL: -18802.000 / Time: 0h:4m:8s (0h:0m:46s left)
Iteration 370 / LogL: -18853.360 / Time: 0h:4m:15s (0h:0m:39s left)
Iteration 380 / LogL: -18803.831 / Time: 0h:4m:22s (0h:0m:32s left)
Iteration 390 / LogL: -18800.988 / Time: 0h:4m:28s (0h:0m:25s left)
Iteration 400 / LogL: -18806.939 / Time: 0h:4m:35s (0h:0m:18s left)
Log-likelihood cutoff on original alignment: -18877.841
NOTE: Bootstrap correlation coefficient of split occurrence frequencies: 0.999
Iteration 410 / LogL: -18803.531 / Time: 0h:4m:43s (0h:1m:2s left)
Iteration 420 / LogL: -18800.937 / Time: 0h:4m:49s (0h:0m:55s left)
TREE SEARCH COMPLETED AFTER 428 ITERATIONS / Time: 0h:4m:55s

--------------------------------------------------------------------
|                    FINALIZING TREE SEARCH                        |
--------------------------------------------------------------------
Performs final model parameters optimization
Estimate model parameters (epsilon = 0.010)
1. Initial log-likelihood: -18800.788
Optimal log-likelihood: -18800.787
Proportion of invariable sites: 0.037
Gamma shape alpha: 1.330
Parameters optimization took 1 rounds (0.094 sec)
BEST SCORE FOUND : -18800.787
Creating bootstrap support values...
Split supports printed to NEXUS file results_broccoli_metc/alignments_prefiltering/OG_4783.iqtree.splits.nex
Total tree length: 39.330

Total number of iterations: 428
CPU time used for tree search: 575.246 sec (0h:9m:35s)
Wall-clock time used for tree search: 291.524 sec (0h:4m:51s)
Total CPU time used: 583.009 sec (0h:9m:43s)
Total wall-clock time used: 295.494 sec (0h:4m:55s)

Computing bootstrap consensus tree...
Reading input file results_broccoli_metc/alignments_prefiltering/OG_4783.iqtree.splits.nex...
92 taxa and 889 splits.
Consensus tree written to results_broccoli_metc/alignments_prefiltering/OG_4783.iqtree.contree
Reading input trees file results_broccoli_metc/alignments_prefiltering/OG_4783.iqtree.contree
Log-likelihood of consensus tree: -18800.963

Analysis results written to: 
  IQ-TREE report:                results_broccoli_metc/alignments_prefiltering/OG_4783.iqtree.iqtree
  Maximum-likelihood tree:       results_broccoli_metc/alignments_prefiltering/OG_4783.iqtree.treefile
  Likelihood distances:          results_broccoli_metc/alignments_prefiltering/OG_4783.iqtree.mldist

Ultrafast bootstrap approximation results written to:
  Split support values:          results_broccoli_metc/alignments_prefiltering/OG_4783.iqtree.splits.nex
  Consensus tree:                results_broccoli_metc/alignments_prefiltering/OG_4783.iqtree.contree
  Screen log file:               results_broccoli_metc/alignments_prefiltering/OG_4783.iqtree.log

Date and Time: Wed Jun  1 22:52:06 2022
