IQ-TREE multicore version 2.1.0 for Linux 64-bit built Jul 18 2020
Developed by Bui Quang Minh, James Barbetti, Nguyen Lam Tung,
Olga Chernomor, Heiko Schmidt, Dominik Schrempf, Michael Woodhams.

Host:    node-hp0503.linux.crg.es (AVX, 125 GB RAM)
Command: /users/asebe/xgraubove/Programes/iqtree-2.1.0-Linux/bin/iqtree2 -s results_broccoli_metc/alignments_prefiltering/OG_4028.lt.fasta -m TEST -mset LG,WAG,JTT -nt AUTO -ntmax 2 -bb 1000 -pre results_broccoli_metc/alignments_prefiltering/OG_4028.iqtree -nm 10000 -nstop 200 -cptime 1800
Seed:    210928 (Using SPRNG - Scalable Parallel Random Number Generator)
Time:    Wed Jun  1 20:55:47 2022
Kernel:  AVX - auto-detect threads (2 CPU cores detected)

Reading alignment file results_broccoli_metc/alignments_prefiltering/OG_4028.lt.fasta ... Fasta format detected
Alignment most likely contains protein sequences
Alignment has 105 sequences with 285 columns, 285 distinct patterns
283 parsimony-informative, 0 singleton sites, 2 constant sites
                                                       Gap/Ambiguity  Composition  p-value
   1  Pbac_sb2663636                                          76.14%    passed     55.40%
   2  Eupdun_Edun_sb10650386                                  39.65%    passed     87.22%
   3  Eupdun_Edun_sb10650388                                  51.93%    passed     75.72%
   4  Pbac_sb2666835                                          55.09%    passed     37.82%
   5  Horcal_Hcv1.av93.c2.g956.i1                             15.44%    passed     68.38%
   6  Horcal_Hcv1.av93.c2.g956.i2                             11.58%    passed     78.72%
   7  Bolinf_Binf_sb1223009                                   26.67%    passed     25.38%
   8  Mertsp_Mesp_sb572559                                    31.93%    passed     48.13%
   9  Bolinf_Binf_sb1254036                                   28.42%    passed     62.55%
  10  Mlei_ML1877.g2.i1                                       15.09%    passed     79.05%
  11  Lampan_Lpan_1751_01                                     27.37%    passed     64.61%
  12  Beraby_Baby_sb346074                                    23.51%    passed     21.23%
  13  Beraby_Baby_sb346077                                    23.51%    passed     21.23%
  14  Coemet_Cmet_C589813_01                                   7.72%    passed      8.87%
  15  Vmul_Simscaffold14696_01                                10.88%    passed     34.23%
  16  Pbac_sb2647833                                          63.51%    passed     34.05%
  17  Emue_Em0023g183a.t1                                      7.72%    passed     50.83%
  18  Spolac_c100955_g1_i2_m.24051c100955-g1                   6.67%    passed     91.20%
  19  Spolac_c100955_g1_i1_m.24050c100955-g1                  71.58%    passed     71.36%
  20  Aque_Aqu2.1.36612_001                                    5.61%    passed     80.41%
  21  Halamb_c32122_g1_i1m.6964                                6.67%    passed     42.46%
  22  Xestes_maker-XT_scaffold4524-augustus-gene-0.8-mRNA-1   34.74%    passed     85.90%
  23  Stycar_maker-SC_scaffold6328-snap-gene-0.14-mRNA-1      35.44%    passed     49.11%
  24  Bralan_BLAG02000959_1                                   11.58%    passed     31.47%
  25  Skow_XM_006818310.1                                      3.16%    passed     71.12%
  26  Hsap_ENST00000317204                                    12.28%    passed     97.88%
  27  Acagra_model.g24703.t1                                   7.72%    passed     19.19%
  28  Cgig_XM_011452875.3                                      8.07%    passed     84.71%
  29  Spur_XM_001196148.4                                      8.07%    passed     11.85%
  30  Ctel_gnl_WGS_AMQN_CAPTEDRAFT_mRNA165206                  3.86%    passed     86.58%
  31  Cscu_XM_023371887.1                                      9.12%    passed     69.58%
  32  Tcas_TC007125_001                                       14.04%    passed     96.90%
  33  Morvir_scaffold593.g3.t1                                 9.47%    passed     90.51%
  34  Sanmal_Sma_017649-T1                                     9.12%    passed     37.77%
  35  Nemnom_g7016.t1                                          8.42%    passed     81.63%
  36  Rhoesc_Res_002455-T1                                     7.72%    passed     99.35%
  37  Aaur_scaffold114.g6.t1                                   7.37%    passed     63.10%
  38  Spis_XP_022780721_1                                      5.96%    passed     99.91%
  39  Pocdam_XM_027181326.1                                    5.96%    passed     97.49%
  40  Spis_XP_022778520_1                                     58.95%    passed     80.69%
  41  Gasp_gasp1.m3.11030.m1                                   4.91%    passed     97.60%
  42  Fspp_ffun1.m4.28505.m1                                  40.70%    passed     99.89%
  43  Gfas_gfas1.m1.5943.m1                                    5.26%    passed     88.88%
  44  Adig_XM_015892246.1                                      8.07%    passed     96.27%
  45  Adig_XM_015899900.1                                     31.93%    passed     85.49%
  46  Amil_Amillepora04308-RA                                 20.00%    passed     99.84%
  47  Fspp_ffun1.m2b.43024.m1                                 60.70%    failed      1.81%
  48  Nvec_v1g2545                                            35.44%    passed     98.54%
  49  Exapal_XM_021038305.2                                   14.39%    passed     86.30%
  50  Nvec_NVE8659                                            65.26%    passed     62.72%
  51  Dgig_XM_028553406.1                                     11.93%    passed     93.38%
  52  Xesp_008381-T1                                          12.63%    passed     98.12%
  53  Lcom_lcpid73163                                          7.37%    passed     26.89%
  54  Scil_scict014400.1                                       6.32%    passed     37.24%
  55  Gracom_Gcom_scaffold13746_01                             7.72%    passed     73.60%
  56  Leuniv_Lniv_scaffold22488_01                             5.26%    passed     46.69%
  57  Clacor_Ccor_scaffold14898_01                            11.58%    passed     62.31%
  58  Opea_EP00118_Oscarella_pearsei_P009748                   7.02%    passed     57.06%
  59  Ocar_g9931                                              15.44%    passed     69.88%
  60  HoiH23_PlH23_004626-RA                                  15.44%    failed      0.89%
  61  HoiH06_mRNA11312                                        15.44%    failed      0.41%
  62  HoiH11_mRNA3369                                         36.49%    failed      3.29%
  63  TrH2_TrispH2_005525-RA                                  15.09%    failed      4.80%
  64  Tadh_TriadT61808                                        15.09%    passed      6.54%
  65  Hhon_g03378.t1                                          19.30%    passed     10.07%
  66  HoiH04_mRNA15618                                        19.30%    passed      5.19%
  67  Hvul_g12815_1                                           11.58%    passed     30.47%
  68  Chem_TCONS_00039307                                      9.12%    passed     37.40%
  69  Acaspe_EP00035_Acanthoeca_spectabilis_P022558            8.42%    passed     15.71%
  70  Helnan_EP00037_Helgoeca_nana_P018037                     8.77%    passed     83.70%
  71  Stedip_EP00041_Stephanoeca_diplocostata_P002110          7.37%    passed      6.12%
  72  Stedip_EP00041_Stephanoeca_diplocostata_P002111         32.98%    failed      4.13%
  73  Stedip_EP00041_Stephanoeca_diplocostata_P002112         45.96%    failed      2.58%
  74  Salkve_EP00050_Salpingoeca_kvevrii_P018155              14.04%    passed     15.91%
  75  Lcom_lcpid140971                                        28.77%    passed     65.83%
  76  Gracom_Gcom_C552962_01                                  16.49%    passed     44.17%
  77  Scil_scict004290.1                                      18.95%    passed      6.00%
  78  Lcom_lcpid133960                                        33.68%    passed     63.25%
  79  Leuniv_Lniv_scaffold19615_01                            17.89%    passed     42.81%
  80  Tetwil_g17053.t1                                        37.54%    passed     10.03%
  81  Saldol_EP00054_Salpingoeca_dolichothecata_P029577       17.54%    passed     91.45%
  82  Saldol_EP00054_Salpingoeca_dolichothecata_P029576       32.63%    passed     85.53%
  83  Saldol_EP00054_Salpingoeca_dolichothecata_P029575       71.23%    passed     20.29%
  84  Didcos_EP00039_Didymoeca_costata_P026026                16.84%    passed     94.14%
  85  Salpun_EP00053_Salpingoeca_punica_P005693               10.88%    passed     19.96%
  86  Chofle_EP00730_Choanoeca_flexa_P004592                  49.47%    passed     29.70%
  87  Chofle_EP00730_Choanoeca_flexa_P004593                  18.95%    passed     53.79%
  88  Chofle_EP00730_Choanoeca_flexa_P004589                  51.58%    passed     60.30%
  89  Chofle_EP00730_Choanoeca_flexa_P004590                  31.58%    passed     14.60%
  90  Choper_EP00045_Choanoeca_perplexa_P002220               12.63%    passed     24.54%
  91  Mbre_EDQ87065                                            9.47%    failed      3.15%
  92  Salurc_EP00051_Salpingoeca_urceolata_P010937            26.32%    passed     29.26%
  93  Microa_EP00043_Microstomoeca_roanoka_P029496            14.04%    passed     99.71%
  94  Salinf_EP00049_Salpingoeca_infusionum_P008177           12.98%    passed      7.94%
  95  Salmac_EP00052_Salpingoeca_macrocollata_P030195         51.23%    passed     30.06%
  96  Salmac_EP00052_Salpingoeca_macrocollata_P030197         51.23%    failed      0.00%
  97  Salmac_EP00052_Salpingoeca_macrocollata_P030200         16.84%    failed      0.00%
  98  Dpul_mRNA8646                                            7.72%    passed     74.12%
  99  Mylflu_EP00047_Mylnosiga_fluctuans_P015842              22.46%    passed     44.21%
 100  Codhol_EP00042_Codosiga_hollandica_P051661              16.14%    passed      9.65%
 101  Codhol_EP00042_Codosiga_hollandica_P051663              28.07%    failed      2.41%
 102  Diagra_EP00040_Diaphanoeca_grandis_P010068              24.21%    passed     20.85%
 103  Emue_Em0004g1112a.t1                                    52.28%    passed     10.99%
 104  Spolac_c98893_g1_i3_m.18278c111775-g1                   28.42%    passed      6.47%
 105  Pbac_sb2660340                                          35.79%    failed      0.07%
WARNING: 13 sequences contain more than 50% gaps/ambiguity
****  TOTAL                                                   22.65%  12 sequences failed composition chi2 test (p-value<5%; df=19)
NOTE: Beraby_Baby_sb346077 is identical to Beraby_Baby_sb346074 but kept for subsequent analysis


Create initial parsimony tree by phylogenetic likelihood library (PLL)... 0.037 seconds
Measuring multi-threading efficiency up to 2 CPU cores
Increase to 10 rounds for branch lengths
3 trees examined
Threads: 1 / Time: 2.458 sec / Speedup: 1.000 / Efficiency: 100% / LogL: -44891
Threads: 2 / Time: 1.336 sec / Speedup: 1.840 / Efficiency: 92% / LogL: -44891
BEST NUMBER OF THREADS: 2

Perform fast likelihood tree search using LG+I+G model...
Estimate model parameters (epsilon = 5.000)
Perform nearest neighbor interchange...
Estimate model parameters (epsilon = 1.000)
1. Initial log-likelihood: -30698.963
Optimal log-likelihood: -30698.901
Proportion of invariable sites: 0.001
Gamma shape alpha: 1.584
Parameters optimization took 1 rounds (0.167 sec)
Time for fast ML tree search: 1.776 seconds

NOTE: ModelFinder requires 21 MB RAM!
ModelFinder will test up to 24 protein models (sample size: 285) ...
 No. Model         -LnL         df  AIC          AICc         BIC
  1  LG            31552.750    207 63519.500    64637.838    64275.566
  2  LG+I          31538.791    208 63493.581    64637.581    64253.299
  3  LG+G4         30698.923    208 61813.847    62957.847    62573.564
  4  LG+I+G4       30698.902    209 61815.804    62986.204    62579.174
  7  LG+F+G4       30278.786    227 61011.572    62827.572    61840.688
  8  LG+F+I+G4     30278.767    228 61013.535    62878.249    61846.302
 11  WAG+G4        30728.423    208 61872.847    63016.847    62632.564
 12  WAG+I+G4      30726.462    209 61870.923    63041.323    62634.294
 15  WAG+F+G4      30408.797    227 61271.594    63087.594    62100.709
 16  WAG+F+I+G4    30407.396    228 61270.792    63135.507    62103.560
 19  JTT+G4        30707.808    208 61831.616    62975.616    62591.334
 20  JTT+I+G4      30704.017    209 61826.034    62996.434    62589.404
 23  JTT+F+G4      30447.662    227 61349.325    63165.325    62178.440
 24  JTT+F+I+G4    30443.936    228 61343.872    63208.586    62176.640
Akaike Information Criterion:           LG+F+G4
Corrected Akaike Information Criterion: LG+F+G4
Bayesian Information Criterion:         LG+F+G4
Best-fit model: LG+F+G4 chosen according to BIC

All model information printed to results_broccoli_metc/alignments_prefiltering/OG_4028.iqtree.model.gz
CPU time for ModelFinder: 21.155 seconds (0h:0m:21s)
Wall-clock time for ModelFinder: 11.825 seconds (0h:0m:11s)
Generating 1000 samples for ultrafast bootstrap (seed: 210928)...

NOTE: 21 MB RAM (0 GB) is required!
Estimate model parameters (epsilon = 0.100)
1. Initial log-likelihood: -30278.786
Optimal log-likelihood: -30278.769
Gamma shape alpha: 1.482
Parameters optimization took 1 rounds (0.154 sec)
Computing ML distances based on estimated model parameters...
Computing ML distances took 0.773013 sec (of wall-clock time) 1.543267 sec(of CPU time)
WARNING: Some pairwise ML distances are too long (saturated)
Computing RapidNJ tree took 0.001655 sec (of wall-clock time) 0.000318 sec (of CPU time)
Log-likelihood of RapidNJ tree: -30600.234
--------------------------------------------------------------------
|             INITIALIZING CANDIDATE TREE SET                      |
--------------------------------------------------------------------
Generating 98 parsimony trees... 3.923 second
Computing log-likelihood of 98 initial trees ... 5.159 seconds
Current best score: -30278.769

Do NNI search on 20 best initial trees
Estimate model parameters (epsilon = 0.100)
BETTER TREE FOUND at iteration 1: -30278.708
Estimate model parameters (epsilon = 0.100)
BETTER TREE FOUND at iteration 2: -30263.860
Estimate model parameters (epsilon = 0.100)
BETTER TREE FOUND at iteration 3: -30262.024
Estimate model parameters (epsilon = 0.100)
BETTER TREE FOUND at iteration 4: -30255.262
Estimate model parameters (epsilon = 0.100)
BETTER TREE FOUND at iteration 9: -30253.681
Iteration 10 / LogL: -30256.157 / Time: 0h:0m:24s
Iteration 20 / LogL: -30262.758 / Time: 0h:0m:39s
Finish initializing candidate tree set (20)
Current best tree score: -30253.681 / CPU time: 38.085
Number of iterations: 20
--------------------------------------------------------------------
|               OPTIMIZING CANDIDATE TREE SET                      |
--------------------------------------------------------------------
Iteration 30 / LogL: -30260.271 / Time: 0h:0m:55s (0h:5m:42s left)
Iteration 40 / LogL: -30258.643 / Time: 0h:1m:10s (0h:5m:6s left)
Iteration 50 / LogL: -30259.769 / Time: 0h:1m:27s (0h:4m:43s left)
Log-likelihood cutoff on original alignment: -30318.833
Iteration 60 / LogL: -30254.014 / Time: 0h:1m:43s (0h:4m:20s left)
Estimate model parameters (epsilon = 0.100)
BETTER TREE FOUND at iteration 69: -30253.663
Iteration 70 / LogL: -30256.240 / Time: 0h:1m:58s (0h:5m:41s left)
Estimate model parameters (epsilon = 0.100)
BETTER TREE FOUND at iteration 73: -30253.622
Iteration 80 / LogL: -30258.128 / Time: 0h:2m:14s (0h:5m:28s left)
Estimate model parameters (epsilon = 0.100)
BETTER TREE FOUND at iteration 81: -30253.519
Iteration 90 / LogL: -30255.896 / Time: 0h:2m:30s (0h:5m:22s left)
Iteration 100 / LogL: -30256.813 / Time: 0h:2m:45s (0h:5m:2s left)
Log-likelihood cutoff on original alignment: -30318.833
NOTE: Bootstrap correlation coefficient of split occurrence frequencies: 0.998
Estimate model parameters (epsilon = 0.100)
BETTER TREE FOUND at iteration 101: -30253.000
Iteration 110 / LogL: -30256.024 / Time: 0h:3m:1s (0h:5m:17s left)
Estimate model parameters (epsilon = 0.100)
BETTER TREE FOUND at iteration 116: -30252.855
Iteration 120 / LogL: -30263.046 / Time: 0h:3m:16s (0h:5m:23s left)
Iteration 130 / LogL: -30252.870 / Time: 0h:3m:32s (0h:5m:6s left)
Iteration 140 / LogL: -30316.150 / Time: 0h:3m:48s (0h:4m:49s left)
Iteration 150 / LogL: -30253.097 / Time: 0h:4m:4s (0h:4m:31s left)
Log-likelihood cutoff on original alignment: -30318.833
UPDATE BEST LOG-LIKELIHOOD: -30252.852
Iteration 160 / LogL: -30253.208 / Time: 0h:4m:19s (0h:4m:14s left)
Iteration 170 / LogL: -30255.259 / Time: 0h:4m:35s (0h:3m:58s left)
Iteration 180 / LogL: -30252.891 / Time: 0h:4m:51s (0h:3m:41s left)
Iteration 190 / LogL: -30254.553 / Time: 0h:5m:7s (0h:3m:25s left)
Iteration 200 / LogL: -30254.977 / Time: 0h:5m:24s (0h:3m:9s left)
Log-likelihood cutoff on original alignment: -30318.833
NOTE: Bootstrap correlation coefficient of split occurrence frequencies: 0.999
Iteration 210 / LogL: -30253.362 / Time: 0h:5m:40s (0h:2m:52s left)
Iteration 220 / LogL: -30258.379 / Time: 0h:5m:56s (0h:2m:36s left)
Iteration 230 / LogL: -30253.863 / Time: 0h:6m:10s (0h:2m:19s left)
Iteration 240 / LogL: -30256.873 / Time: 0h:6m:26s (0h:2m:2s left)
Iteration 250 / LogL: -30256.813 / Time: 0h:6m:42s (0h:1m:46s left)
Log-likelihood cutoff on original alignment: -30318.833
Iteration 260 / LogL: -30253.850 / Time: 0h:6m:57s (0h:1m:30s left)
UPDATE BEST LOG-LIKELIHOOD: -30252.848
Iteration 270 / LogL: -30252.848 / Time: 0h:7m:13s (0h:1m:14s left)
Iteration 280 / LogL: -30253.092 / Time: 0h:7m:29s (0h:0m:57s left)
UPDATE BEST LOG-LIKELIHOOD: -30252.842
Iteration 290 / LogL: -30260.319 / Time: 0h:7m:46s (0h:0m:41s left)
Iteration 300 / LogL: -30258.180 / Time: 0h:8m:2s (0h:0m:25s left)
Log-likelihood cutoff on original alignment: -30318.833
NOTE: Bootstrap correlation coefficient of split occurrence frequencies: 0.999
Iteration 310 / LogL: -30258.556 / Time: 0h:8m:19s (0h:2m:25s left)
TREE SEARCH COMPLETED AFTER 317 ITERATIONS / Time: 0h:8m:29s

--------------------------------------------------------------------
|                    FINALIZING TREE SEARCH                        |
--------------------------------------------------------------------
Performs final model parameters optimization
Estimate model parameters (epsilon = 0.010)
1. Initial log-likelihood: -30252.842
Optimal log-likelihood: -30252.840
Gamma shape alpha: 1.486
Parameters optimization took 1 rounds (0.144 sec)
BEST SCORE FOUND : -30252.840
Creating bootstrap support values...
Split supports printed to NEXUS file results_broccoli_metc/alignments_prefiltering/OG_4028.iqtree.splits.nex
Total tree length: 48.126

Total number of iterations: 317
CPU time used for tree search: 1005.842 sec (0h:16m:45s)
Wall-clock time used for tree search: 508.301 sec (0h:8m:28s)
Total CPU time used: 1009.680 sec (0h:16m:49s)
Total wall-clock time used: 510.334 sec (0h:8m:30s)

Computing bootstrap consensus tree...
Reading input file results_broccoli_metc/alignments_prefiltering/OG_4028.iqtree.splits.nex...
105 taxa and 643 splits.
Consensus tree written to results_broccoli_metc/alignments_prefiltering/OG_4028.iqtree.contree
Reading input trees file results_broccoli_metc/alignments_prefiltering/OG_4028.iqtree.contree
Log-likelihood of consensus tree: -30252.843

Analysis results written to: 
  IQ-TREE report:                results_broccoli_metc/alignments_prefiltering/OG_4028.iqtree.iqtree
  Maximum-likelihood tree:       results_broccoli_metc/alignments_prefiltering/OG_4028.iqtree.treefile
  Likelihood distances:          results_broccoli_metc/alignments_prefiltering/OG_4028.iqtree.mldist

Ultrafast bootstrap approximation results written to:
  Split support values:          results_broccoli_metc/alignments_prefiltering/OG_4028.iqtree.splits.nex
  Consensus tree:                results_broccoli_metc/alignments_prefiltering/OG_4028.iqtree.contree
  Screen log file:               results_broccoli_metc/alignments_prefiltering/OG_4028.iqtree.log

Date and Time: Wed Jun  1 21:04:30 2022
