IQ-TREE multicore version 2.1.0 for Linux 64-bit built Jul 18 2020
Developed by Bui Quang Minh, James Barbetti, Nguyen Lam Tung,
Olga Chernomor, Heiko Schmidt, Dominik Schrempf, Michael Woodhams.

Host:    node-hp0110.linux.crg.es (AVX, 125 GB RAM)
Command: /users/asebe/xgraubove/Programes/iqtree-2.1.0-Linux/bin/iqtree2 -s results_broccoli_metc/alignments_prefiltering/OG_4122.lt.fasta -m TEST -mset LG,WAG,JTT -nt AUTO -ntmax 2 -bb 1000 -pre results_broccoli_metc/alignments_prefiltering/OG_4122.iqtree -nm 10000 -nstop 200 -cptime 1800
Seed:    769534 (Using SPRNG - Scalable Parallel Random Number Generator)
Time:    Wed Jun  1 21:08:12 2022
Kernel:  AVX - auto-detect threads (2 CPU cores detected)

Reading alignment file results_broccoli_metc/alignments_prefiltering/OG_4122.lt.fasta ... Fasta format detected
Alignment most likely contains protein sequences
Alignment has 80 sequences with 263 columns, 263 distinct patterns
261 parsimony-informative, 0 singleton sites, 2 constant sites
                                                          Gap/Ambiguity  Composition  p-value
   1  Pocdam_XM_027193140.1                                      64.64%    passed     16.45%
   2  Spis_XP_022792712_1                                        19.39%    passed     45.06%
   3  Gfas_gfas1.m1.18168.m1                                     19.77%    passed     70.72%
   4  Gasp_gasp1.m3.4559.m1                                      19.77%    passed     59.42%
   5  Amil_Amillepora18072-RA                                    20.15%    passed     72.31%
   6  Adig_XM_015917994.1                                        19.77%    passed     55.19%
   7  Fspp_ffun1.m4.19288.m1                                     60.46%    passed     20.49%
   8  Exapal_XM_021041406.2                                      30.04%    passed     89.90%
   9  Nvec_v1g248844                                             65.40%    passed      7.41%
  10  Nvec_v1g82757                                              24.33%    passed     99.84%
  11  Dgig_XM_028535600.1                                        25.10%    passed     81.92%
  12  Xesp_013982-T1                                             27.38%    passed     16.66%
  13  Nemnom_g5040.t1                                            37.64%    passed     96.65%
  14  Nemnom_g9877.t1                                            28.90%    passed     21.63%
  15  Rhoesc_Res_003414-T1                                       40.30%    passed     89.74%
  16  Aaur_scaffold343.g21.t1                                    29.66%    passed     99.42%
  17  Sanmal_Sma_008842-T1                                       30.42%    passed     96.32%
  18  Morvir_scaffold11.g73.t1                                   20.15%    passed     78.95%
  19  Chem_TCONS_00072790                                        16.73%    passed     81.82%
  20  Hvul_g29446_1                                              50.95%    passed     59.35%
  21  HoiH23_PlH23_008958-RA                                     64.64%    passed     22.49%
  22  HoiH06_mRNA3992                                            22.05%    passed     41.37%
  23  Hhon_g04409.t1                                             20.53%    passed     22.70%
  24  HoiH11_mRNA3037                                            20.53%    passed     26.67%
  25  HoiH04_mRNA12008                                           55.89%    passed     19.92%
  26  HoiH23_PlH23_010543-RA                                     56.65%    failed      1.30%
  27  TrH2_TrispH2_007096-RA                                     22.05%    passed     61.22%
  28  Tadh_TriadT58635                                           57.41%    failed      3.00%
  29  Tadh_TriadT58636                                           43.35%    failed      0.01%
  30  Horcal_Hcv1.av93.c11.g863.i1                               24.71%    passed     92.14%
  31  Coeast_Cast_sb774205                                       54.75%    passed     92.67%
  32  Coeast_Cast_sb774206                                       44.49%    passed     99.78%
  33  Coemet_Cmet_scaffold22282_01                               41.06%    passed     95.28%
  34  Vmul_sbMO458136                                            25.10%    passed     95.47%
  35  Lampan_Lpan_16129_01                                       29.28%    passed     46.57%
  36  Drygla_Dgla_sb297699                                       23.57%    passed     87.99%
  37  Mlei_ML4513.g1.i1                                          27.00%    passed     77.88%
  38  Emue_Em0003g56a.t1                                          6.08%    failed      1.04%
  39  Spolac_c97758_g1_i1_m.15722c97758-g1                        9.51%    failed      0.13%
  40  Horcal_Hcv1.av93.c4.g434.i1                                22.43%    failed      0.00%
  41  Pbac_sb2659180                                             26.62%    failed      2.02%
  42  Mlei_ML0273.g13.i1                                         50.57%    passed     15.09%
  43  Eupdun_Edun_sb10612952                                     50.95%    passed     18.79%
  44  Lampan_Lpan_15683_01                                       19.77%    failed      0.00%
  45  Coemet_Cmet_C589005_01                                     25.10%    failed      2.43%
  46  Vmul_sbMO410764                                            50.57%    failed      0.92%
  47  Ctel_gnl_WGS_AMQN_CAPTEDRAFT_mRNA219591                    57.79%    passed     29.73%
  48  Clacor_Ccor_scaffold13670_01                               37.26%    passed     64.51%
  49  Opea_EP00118_Oscarella_pearsei_P026679                     31.94%    failed      0.36%
  50  Ocar_g8904                                                 71.86%    failed      0.32%
  51  Bralan_BLAG03000427_1                                       7.60%    failed      0.41%
  52  Bralan_BLAG03000466_2                                       6.08%    failed      0.26%
  53  Skow_XM_006812975.1                                         9.89%    passed     22.17%
  54  Hsap_ENST00000341376                                       23.19%    failed      0.42%
  55  Cscu_XM_023363060.1                                        14.45%    failed      1.41%
  56  Cscu_XM_023389060.1                                        19.39%    passed     20.64%
  57  Tcas_TC007453_001                                          11.03%    passed     15.25%
  58  Dpul_mRNA1849                                              14.45%    passed     23.18%
  59  Spur_XM_030989572.1                                         7.22%    failed      0.49%
  60  Tetwil_g12535.t1                                            8.75%    passed     10.67%
  61  Acagra_model.g780.t1                                       17.11%    failed      3.03%
  62  Acagra_model.g680.t1.2.5d3b8265                            27.76%    passed     48.93%
  63  Cgig_XM_011455561.3                                        14.45%    passed     78.33%
  64  Ctel_gnl_WGS_AMQN_CAPTEDRAFT_mRNA223273                    15.97%    passed     52.28%
  65  Stycar_maker-SC_scaffold135466-augustus-gene-0.35-mRNA-1   59.32%    failed      0.00%
  66  Xestes_maker-XT_scaffold91869-snap-gene-0.9-mRNA-1         27.76%    passed      8.67%
  67  Cgig_XM_011447943.3                                        19.39%    failed      2.95%
  68  Lcom_lcpid85876                                            39.92%    failed      0.31%
  69  Scil_scict018386.2                                         38.02%    passed     26.62%
  70  Leuniv_Lniv_scaffold14728_01                               46.77%    failed      0.00%
  71  Aque_Aqu2.1.36427_001                                      39.16%    failed      1.86%
  72  Saldol_EP00054_Salpingoeca_dolichothecata_P012961          57.41%    failed      1.61%
  73  Plespi_Pspi_C598426_01                                     29.28%    passed     63.94%
  74  Codhol_EP00042_Codosiga_hollandica_P023568                 47.91%    failed      0.00%
  75  Salkve_EP00050_Salpingoeca_kvevrii_P001523                 55.13%    passed     38.19%
  76  Mylflu_EP00047_Mylnosiga_fluctuans_P006564                 33.08%    passed     17.67%
  77  Microa_EP00043_Microstomoeca_roanoka_P004795               52.09%    failed      0.00%
  78  Lcom_lcpid145450                                           43.73%    failed      0.00%
  79  Bralan_BLAG03002250_1                                      34.22%    failed      0.01%
  80  Skow_XM_006825882.1                                        32.70%    passed     80.84%
WARNING: 18 sequences contain more than 50% gaps/ambiguity
****  TOTAL                                                      32.47%  28 sequences failed composition chi2 test (p-value<5%; df=19)


Create initial parsimony tree by phylogenetic likelihood library (PLL)... 0.020 seconds
Measuring multi-threading efficiency up to 2 CPU cores
Increase to 10 rounds for branch lengths
4 trees examined
Threads: 1 / Time: 2.260 sec / Speedup: 1.000 / Efficiency: 100% / LogL: -29264
Threads: 2 / Time: 1.212 sec / Speedup: 1.864 / Efficiency: 93% / LogL: -29264
BEST NUMBER OF THREADS: 2

Perform fast likelihood tree search using LG+I+G model...
Estimate model parameters (epsilon = 5.000)
Perform nearest neighbor interchange...
Estimate model parameters (epsilon = 1.000)
1. Initial log-likelihood: -21982.530
Optimal log-likelihood: -21982.499
Proportion of invariable sites: 0.008
Gamma shape alpha: 1.265
Parameters optimization took 1 rounds (0.116 sec)
Time for fast ML tree search: 1.637 seconds

NOTE: ModelFinder requires 15 MB RAM!
ModelFinder will test up to 24 protein models (sample size: 263) ...
 No. Model         -LnL         df  AIC          AICc         BIC
  1  LG            22766.410    157 45846.819    46319.314    46407.647
  2  LG+I          22687.645    158 45691.291    46174.406    46255.691
  3  LG+G4         21997.945    158 44311.890    44795.006    44876.291
  4  LG+I+G4       21982.495    159 44282.990    44776.970    44850.962
  8  LG+F+I+G4     21506.212    178 43368.423    44127.042    44004.267
 12  WAG+I+G4      21933.108    159 44184.217    44678.198    44752.189
 16  WAG+F+I+G4    21561.064    178 43478.128    44236.747    44113.972
 20  JTT+I+G4      21862.389    159 44042.777    44536.758    44610.750
 24  JTT+F+I+G4    21509.656    178 43375.311    44133.930    44011.155
Akaike Information Criterion:           LG+F+I+G4
Corrected Akaike Information Criterion: LG+F+I+G4
Bayesian Information Criterion:         LG+F+I+G4
Best-fit model: LG+F+I+G4 chosen according to BIC

All model information printed to results_broccoli_metc/alignments_prefiltering/OG_4122.iqtree.model.gz
CPU time for ModelFinder: 15.520 seconds (0h:0m:15s)
Wall-clock time for ModelFinder: 8.883 seconds (0h:0m:8s)
Generating 1000 samples for ultrafast bootstrap (seed: 769534)...

NOTE: 15 MB RAM (0 GB) is required!
Estimate model parameters (epsilon = 0.100)
Thoroughly optimizing +I+G parameters from 10 start values...
Init pinv, alpha: 0.000, 1.101 / Estimate: 0.008, 1.089 / LogL: -21506.188
Init pinv, alpha: 0.001, 1.101 / Estimate: 0.008, 1.096 / LogL: -21506.191
Init pinv, alpha: 0.002, 1.101 / Estimate: 0.008, 1.095 / LogL: -21506.191
Init pinv, alpha: 0.003, 1.101 / Estimate: 0.008, 1.095 / LogL: -21506.190
Init pinv, alpha: 0.003, 1.101 / Estimate: 0.008, 1.095 / LogL: -21506.190
Init pinv, alpha: 0.004, 1.101 / Estimate: 0.008, 1.096 / LogL: -21506.190
Init pinv, alpha: 0.005, 1.101 / Estimate: 0.008, 1.096 / LogL: -21506.190
Init pinv, alpha: 0.006, 1.101 / Estimate: 0.008, 1.096 / LogL: -21506.193
Init pinv, alpha: 0.007, 1.101 / Estimate: 0.008, 1.096 / LogL: -21506.192
Init pinv, alpha: 0.008, 1.101 / Estimate: 0.008, 1.096 / LogL: -21506.191
Optimal pinv,alpha: 0.008, 1.089 / LogL: -21506.188

Parameters optimization took 2.169 sec
Computing ML distances based on estimated model parameters...
Computing ML distances took 0.520908 sec (of wall-clock time) 1.039243 sec(of CPU time)
WARNING: Some pairwise ML distances are too long (saturated)
Computing RapidNJ tree took 0.001249 sec (of wall-clock time) 0.000505 sec (of CPU time)
Log-likelihood of RapidNJ tree: -22222.707
--------------------------------------------------------------------
|             INITIALIZING CANDIDATE TREE SET                      |
--------------------------------------------------------------------
Generating 98 parsimony trees... 2.613 second
Computing log-likelihood of 98 initial trees ... 3.661 seconds
Current best score: -21506.188

Do NNI search on 20 best initial trees
Estimate model parameters (epsilon = 0.100)
BETTER TREE FOUND at iteration 1: -21505.289
Estimate model parameters (epsilon = 0.100)
BETTER TREE FOUND at iteration 2: -21496.678
Estimate model parameters (epsilon = 0.100)
BETTER TREE FOUND at iteration 3: -21492.606
Estimate model parameters (epsilon = 0.100)
BETTER TREE FOUND at iteration 4: -21490.452
Estimate model parameters (epsilon = 0.100)
BETTER TREE FOUND at iteration 5: -21485.628
Iteration 10 / LogL: -21497.039 / Time: 0h:0m:22s
Estimate model parameters (epsilon = 0.100)
BETTER TREE FOUND at iteration 12: -21482.503
Iteration 20 / LogL: -21509.800 / Time: 0h:0m:33s
Finish initializing candidate tree set (20)
Current best tree score: -21482.503 / CPU time: 30.384
Number of iterations: 20
--------------------------------------------------------------------
|               OPTIMIZING CANDIDATE TREE SET                      |
--------------------------------------------------------------------
Estimate model parameters (epsilon = 0.100)
BETTER TREE FOUND at iteration 23: -21482.010
Iteration 30 / LogL: -21482.892 / Time: 0h:0m:45s (0h:5m:3s left)
Iteration 40 / LogL: -21482.015 / Time: 0h:0m:56s (0h:4m:26s left)
Estimate model parameters (epsilon = 0.100)
BETTER TREE FOUND at iteration 41: -21476.960
Estimate model parameters (epsilon = 0.100)
BETTER TREE FOUND at iteration 50: -21476.943
Iteration 50 / LogL: -21476.943 / Time: 0h:1m:9s (0h:4m:41s left)
Log-likelihood cutoff on original alignment: -21524.438
Estimate model parameters (epsilon = 0.100)
BETTER TREE FOUND at iteration 52: -21476.291
Estimate model parameters (epsilon = 0.100)
BETTER TREE FOUND at iteration 58: -21476.104
Iteration 60 / LogL: -21478.299 / Time: 0h:1m:21s (0h:4m:32s left)
Iteration 70 / LogL: -21477.778 / Time: 0h:1m:33s (0h:4m:14s left)
Estimate model parameters (epsilon = 0.100)
BETTER TREE FOUND at iteration 75: -21476.060
Iteration 80 / LogL: -21477.384 / Time: 0h:1m:44s (0h:4m:18s left)
Iteration 90 / LogL: -21478.644 / Time: 0h:1m:55s (0h:3m:59s left)
Iteration 100 / LogL: -21484.755 / Time: 0h:2m:6s (0h:3m:44s left)
Log-likelihood cutoff on original alignment: -21524.438
NOTE: Bootstrap correlation coefficient of split occurrence frequencies: 0.989
NOTE: UFBoot does not converge, continue at least 100 more iterations
Estimate model parameters (epsilon = 0.100)
BETTER TREE FOUND at iteration 102: -21474.169
Iteration 110 / LogL: -21495.078 / Time: 0h:2m:18s (0h:4m:4s left)
Iteration 120 / LogL: -21477.797 / Time: 0h:2m:30s (0h:3m:49s left)
Estimate model parameters (epsilon = 0.100)
BETTER TREE FOUND at iteration 123: -21473.359
Estimate model parameters (epsilon = 0.100)
BETTER TREE FOUND at iteration 124: -21471.987
Estimate model parameters (epsilon = 0.100)
BETTER TREE FOUND at iteration 129: -21471.671
Iteration 130 / LogL: -21471.904 / Time: 0h:2m:40s (0h:4m:8s left)
Iteration 140 / LogL: -21475.443 / Time: 0h:2m:49s (0h:3m:50s left)
Iteration 150 / LogL: -21474.185 / Time: 0h:2m:58s (0h:3m:34s left)
Log-likelihood cutoff on original alignment: -21524.438
Iteration 160 / LogL: -21555.050 / Time: 0h:3m:8s (0h:3m:20s left)
Iteration 170 / LogL: -21472.284 / Time: 0h:3m:17s (0h:3m:6s left)
Iteration 180 / LogL: -21476.407 / Time: 0h:3m:26s (0h:2m:52s left)
Iteration 190 / LogL: -21473.728 / Time: 0h:3m:36s (0h:2m:39s left)
Iteration 200 / LogL: -21472.229 / Time: 0h:3m:45s (0h:2m:25s left)
Log-likelihood cutoff on original alignment: -21524.438
NOTE: Bootstrap correlation coefficient of split occurrence frequencies: 0.975
NOTE: UFBoot does not converge, continue at least 100 more iterations
Iteration 210 / LogL: -21471.781 / Time: 0h:3m:54s (0h:2m:13s left)
Iteration 220 / LogL: -21491.144 / Time: 0h:4m:2s (0h:2m:0s left)
Iteration 230 / LogL: -21471.790 / Time: 0h:4m:11s (0h:1m:48s left)
Iteration 240 / LogL: -21475.288 / Time: 0h:4m:20s (0h:1m:37s left)
Iteration 250 / LogL: -21472.043 / Time: 0h:4m:30s (0h:1m:25s left)
Log-likelihood cutoff on original alignment: -21524.438
Iteration 260 / LogL: -21471.815 / Time: 0h:4m:39s (0h:1m:14s left)
Iteration 270 / LogL: -21473.164 / Time: 0h:4m:48s (0h:1m:3s left)
Iteration 280 / LogL: -21475.439 / Time: 0h:4m:58s (0h:0m:52s left)
Iteration 290 / LogL: -21475.059 / Time: 0h:5m:8s (0h:0m:41s left)
Iteration 300 / LogL: -21480.973 / Time: 0h:5m:17s (0h:0m:30s left)
Log-likelihood cutoff on original alignment: -21524.438
NOTE: Bootstrap correlation coefficient of split occurrence frequencies: 0.995
Iteration 310 / LogL: -21471.942 / Time: 0h:5m:27s (0h:1m:35s left)
Iteration 320 / LogL: -21490.709 / Time: 0h:5m:36s (0h:1m:24s left)
Iteration 330 / LogL: -21473.855 / Time: 0h:5m:47s (0h:1m:13s left)
TREE SEARCH COMPLETED AFTER 330 ITERATIONS / Time: 0h:5m:47s

--------------------------------------------------------------------
|                    FINALIZING TREE SEARCH                        |
--------------------------------------------------------------------
Performs final model parameters optimization
Estimate model parameters (epsilon = 0.010)
1. Initial log-likelihood: -21471.671
Optimal log-likelihood: -21471.657
Proportion of invariable sites: 0.008
Gamma shape alpha: 1.056
Parameters optimization took 1 rounds (0.119 sec)
BEST SCORE FOUND : -21471.657
Creating bootstrap support values...
Split supports printed to NEXUS file results_broccoli_metc/alignments_prefiltering/OG_4122.iqtree.splits.nex
Total tree length: 69.764

Total number of iterations: 330
CPU time used for tree search: 679.895 sec (0h:11m:19s)
Wall-clock time used for tree search: 343.673 sec (0h:5m:43s)
Total CPU time used: 687.140 sec (0h:11m:27s)
Total wall-clock time used: 347.385 sec (0h:5m:47s)

Computing bootstrap consensus tree...
Reading input file results_broccoli_metc/alignments_prefiltering/OG_4122.iqtree.splits.nex...
80 taxa and 711 splits.
Consensus tree written to results_broccoli_metc/alignments_prefiltering/OG_4122.iqtree.contree
Reading input trees file results_broccoli_metc/alignments_prefiltering/OG_4122.iqtree.contree
Log-likelihood of consensus tree: -21471.865

Analysis results written to: 
  IQ-TREE report:                results_broccoli_metc/alignments_prefiltering/OG_4122.iqtree.iqtree
  Maximum-likelihood tree:       results_broccoli_metc/alignments_prefiltering/OG_4122.iqtree.treefile
  Likelihood distances:          results_broccoli_metc/alignments_prefiltering/OG_4122.iqtree.mldist

Ultrafast bootstrap approximation results written to:
  Split support values:          results_broccoli_metc/alignments_prefiltering/OG_4122.iqtree.splits.nex
  Consensus tree:                results_broccoli_metc/alignments_prefiltering/OG_4122.iqtree.contree
  Screen log file:               results_broccoli_metc/alignments_prefiltering/OG_4122.iqtree.log

Date and Time: Wed Jun  1 21:14:09 2022
