IQ-TREE multicore version 2.1.0 for Linux 64-bit built Jul 18 2020
Developed by Bui Quang Minh, James Barbetti, Nguyen Lam Tung,
Olga Chernomor, Heiko Schmidt, Dominik Schrempf, Michael Woodhams.

Host:    node-hp0508.linux.crg.es (AVX, 125 GB RAM)
Command: /users/asebe/xgraubove/Programes/iqtree-2.1.0-Linux/bin/iqtree2 -s results_broccoli_metc/alignments_prefiltering/OG_4110.lt.fasta -m TEST -mset LG,WAG,JTT -nt AUTO -ntmax 2 -bb 1000 -pre results_broccoli_metc/alignments_prefiltering/OG_4110.iqtree -nm 10000 -nstop 200 -cptime 1800
Seed:    253656 (Using SPRNG - Scalable Parallel Random Number Generator)
Time:    Wed Jun  1 21:06:35 2022
Kernel:  AVX - auto-detect threads (2 CPU cores detected)

Reading alignment file results_broccoli_metc/alignments_prefiltering/OG_4110.lt.fasta ... Fasta format detected
Alignment most likely contains protein sequences
Alignment has 91 sequences with 343 columns, 343 distinct patterns
339 parsimony-informative, 0 singleton sites, 4 constant sites
                                                          Gap/Ambiguity  Composition  p-value
   1  Cscu_XM_023385666.1                                         6.12%    passed      8.91%
   2  Opea_EP00118_Oscarella_pearsei_P002972                     82.22%    failed      0.42%
   3  Opea_EP00118_Oscarella_pearsei_P002973                     74.64%    passed     17.13%
   4  Ctel_gnl_WGS_AMQN_CAPTEDRAFT_mRNA109284                    80.17%    passed     99.40%
   5  Ctel_gnl_WGS_AMQN_CAPTEDRAFT_mRNA1695                      32.36%    passed     71.62%
   6  Morvir_scaffold17.g107.t1                                   9.04%    passed     99.36%
   7  Bralan_BLAG07101654_1                                       5.54%    passed     68.82%
   8  Fspp_ffun1.m4.5659.m1                                      52.77%    passed     86.15%
   9  Gasp_gasp1.m3.27162.m1                                      4.96%    passed     98.83%
  10  Spis_XP_022804462_1                                         4.66%    passed     87.37%
  11  Adig_XM_015917891.1                                        40.52%    passed     99.59%
  12  Gfas_gfas1.m1.14335.m1                                      5.25%    passed     84.62%
  13  Pocdam_XM_027182914.1                                       4.66%    passed     81.67%
  14  Amil_Amillepora10714-RA                                    24.49%    passed     98.61%
  15  Exapal_XM_021052119.2                                       4.66%    passed     99.88%
  16  Fspp_ffun1.m4.31606.m1                                     49.27%    passed     21.47%
  17  Nvec_v1g235633                                             13.70%    passed     79.60%
  18  Sanmal_Sma_025214-T1                                        7.87%    passed     98.51%
  19  Skow_XM_002732790.2                                         6.41%    passed     97.34%
  20  Hsap_ENST00000379378                                        6.12%    passed     23.45%
  21  Nemnom_g11853.t1                                            9.33%    passed     83.56%
  22  Rhoesc_Res_010927-T1                                        8.45%    passed     71.62%
  23  Chem_TCONS_00021350                                        11.95%    passed     92.62%
  24  Acagra_model.g30348.t1                                      5.83%    passed     99.75%
  25  Acagra_model.g30348.t1.1.5d3b8cf4                          32.94%    passed     42.30%
  26  Cgig_XM_011450994.3                                         4.96%    passed     92.24%
  27  HoiH23_PlH23_008043-RA                                     26.24%    passed     85.90%
  28  HoiH06_mRNA11664                                           25.66%    passed     65.89%
  29  TrH2_TrispH2_000724-RA                                      8.45%    passed     74.29%
  30  Tadh_TriadT50818                                           34.69%    passed     89.68%
  31  HoiH11_mRNA3442                                             7.87%    passed     56.60%
  32  Hhon_g05008.t1                                              7.87%    passed     45.47%
  33  HoiH04_mRNA12762                                            7.87%    passed     47.60%
  34  Cscu_XM_023353780.1                                         6.41%    passed     69.85%
  35  Dgig_XM_028536170.1                                         7.29%    passed     92.46%
  36  Xesp_006687-T1                                              7.58%    passed     98.15%
  37  Xesp_006673-T1                                             33.82%    passed     76.35%
  38  Xesp_006686-T1                                             66.18%    passed     10.93%
  39  Xesp_006684-T1                                             66.18%    passed      7.38%
  40  Xesp_006672-T1                                             66.18%    passed      7.38%
  41  Dpul_mRNA12771                                             19.83%    passed     97.24%
  42  Spur_XM_794030.5                                            7.87%    passed     41.80%
  43  Hsap_ENST00000416274                                       13.99%    passed     90.92%
  44  Hvul_g12591_1                                              12.24%    passed     84.94%
  45  Aaur_scaffold11.g8.t2                                      13.99%    passed     93.01%
  46  Opea_EP00118_Oscarella_pearsei_P026850                     36.44%    passed     93.28%
  47  Ocar_g5042                                                 18.66%    passed     69.84%
  48  Stycar_maker-SC_scaffold140528-augustus-gene-0.89-mRNA-1   58.31%    passed     82.41%
  49  Stycar_maker-SC_scaffold22508-augustus-gene-0.13-mRNA-1    58.31%    passed     86.29%
  50  Tetwil_g18221.t2                                            6.41%    passed     54.26%
  51  Halamb_c46088_g1_i1mm.1842                                 59.77%    passed     58.50%
  52  Halamb_c47687_g1_i3m.22806                                 41.69%    passed     59.13%
  53  Aque_Aqu2.1.38416_001                                      14.87%    passed     83.67%
  54  Xestes_maker-XT_scaffold14671-augustus-gene-0.17-mRNA-1    18.08%    passed     37.46%
  55  Spolac_c97036_g1_i1_m.14180c97036-g1                        9.04%    passed     58.85%
  56  Emue_Em0018g244a.t1                                        17.78%    passed     40.64%
  57  Salkve_EP00050_Salpingoeca_kvevrii_P015964                 31.20%    passed     50.59%
  58  Mylflu_EP00047_Mylnosiga_fluctuans_P006072                 30.03%    passed     64.55%
  59  Saldol_EP00054_Salpingoeca_dolichothecata_P038300          39.07%    passed     31.66%
  60  Salmac_EP00052_Salpingoeca_macrocollata_P018727            36.15%    passed     55.06%
  61  Salpun_EP00053_Salpingoeca_punica_P019026                  17.49%    passed     74.81%
  62  Salurc_EP00051_Salpingoeca_urceolata_P011922               11.95%    passed     10.55%
  63  Stedip_EP00041_Stephanoeca_diplocostata_P012648            48.40%    passed     48.69%
  64  Stedip_EP00041_Stephanoeca_diplocostata_P012652            21.28%    passed     31.69%
  65  Stedip_EP00041_Stephanoeca_diplocostata_P012656            24.20%    passed     78.11%
  66  Didcos_EP00039_Didymoeca_costata_P030350                   29.15%    passed     71.80%
  67  Horcal_Hcv1.av93.c1.g120.i1                                12.83%    passed     38.53%
  68  Pbac_sb2659753                                              6.12%    passed     46.74%
  69  Mlei_ML1447.g5.i1                                           6.12%    passed     67.81%
  70  Lampan_Lpan_16044_01                                       34.69%    passed      9.87%
  71  Diagra_EP00040_Diaphanoeca_grandis_P044330                 26.53%    passed     74.72%
  72  Tcas_TC011687_001                                          18.95%    passed     48.35%
  73  Acaspe_EP00035_Acanthoeca_spectabilis_P022719              25.36%    passed     43.47%
  74  Helnan_EP00037_Helgoeca_nana_P025474                       24.20%    passed     49.37%
  75  Codhol_EP00042_Codosiga_hollandica_P013358                 27.41%    passed     89.64%
  76  Scil_scict011879.1                                         13.99%    passed     33.01%
  77  Gracom_Gcom_scaffold18476_01                               15.16%    passed     82.80%
  78  Leuniv_Lniv_scaffold23492_01                               11.66%    passed     38.45%
  79  Lcom_lcpid75515                                            10.20%    passed     40.92%
  80  Chofle_EP00730_Choanoeca_flexa_P019634                     26.53%    passed     23.17%
  81  Choper_EP00045_Choanoeca_perplexa_P012318                  23.91%    passed     56.97%
  82  Salinf_EP00049_Salpingoeca_infusionum_P006536              29.74%    failed      3.43%
  83  Mbre_EDQ88967                                              23.03%    passed     21.70%
  84  Pbac_sb2663313                                             25.36%    passed     12.24%
  85  Pbac_sb2657724                                              5.83%    failed      2.22%
  86  Pbac_sb2638074                                             10.79%    passed      8.04%
  87  Pbac_sb2655869                                             55.98%    failed      4.12%
  88  Pbac_sb2646778                                             89.50%    passed      5.22%
  89  Pbac_sb2646779                                             23.03%    passed     25.87%
  90  Pbac_sb2646918                                             76.68%    passed     24.65%
  91  Halamb_c56117_g1_i1m.42540                                 46.36%    failed      0.00%
WARNING: 13 sequences contain more than 50% gaps/ambiguity
****  TOTAL                                                      25.58%  5 sequences failed composition chi2 test (p-value<5%; df=19)
NOTE: Xesp_006672-T1 is identical to Xesp_006684-T1 but kept for subsequent analysis


Create initial parsimony tree by phylogenetic likelihood library (PLL)... 0.038 seconds
Measuring multi-threading efficiency up to 2 CPU cores
Increase to 10 rounds for branch lengths
3 trees examined
Threads: 1 / Time: 2.484 sec / Speedup: 1.000 / Efficiency: 100% / LogL: -40160
Threads: 2 / Time: 1.342 sec / Speedup: 1.851 / Efficiency: 93% / LogL: -40160
BEST NUMBER OF THREADS: 2

Perform fast likelihood tree search using LG+I+G model...
Estimate model parameters (epsilon = 5.000)
Perform nearest neighbor interchange...
Estimate model parameters (epsilon = 1.000)
1. Initial log-likelihood: -28196.862
Optimal log-likelihood: -28196.840
Proportion of invariable sites: 0.009
Gamma shape alpha: 0.965
Parameters optimization took 1 rounds (0.170 sec)
Time for fast ML tree search: 2.624 seconds

NOTE: ModelFinder requires 21 MB RAM!
ModelFinder will test up to 24 protein models (sample size: 343) ...
 No. Model         -LnL         df  AIC          AICc         BIC
  1  LG            29626.696    179 59611.393    60006.730    60298.346
  2  LG+I          29551.639    180 59463.279    59865.501    60154.070
  3  LG+G4         28202.408    180 56764.816    57167.039    57455.608
  4  LG+I+G4       28196.847    181 56755.693    57164.911    57450.323
  7  LG+F+G4       28110.225    199 56618.449    57175.092    57382.157
  8  LG+F+I+G4     28103.708    200 56607.416    57173.613    57374.962
 11  WAG+G4        28227.073    180 56814.146    57216.368    57504.937
 12  WAG+I+G4      28220.553    181 56803.106    57212.324    57497.735
 15  WAG+F+G4      28183.107    199 56764.215    57320.858    57527.923
 16  WAG+F+I+G4    28177.215    200 56754.431    57320.628    57521.977
 19  JTT+G4        28185.953    180 56731.905    57134.128    57422.697
 20  JTT+I+G4      28180.116    181 56722.232    57131.449    57416.861
 23  JTT+F+G4      28137.916    199 56673.832    57230.475    57437.540
 24  JTT+F+I+G4    28131.562    200 56663.125    57229.322    57430.671
Akaike Information Criterion:           LG+F+I+G4
Corrected Akaike Information Criterion: JTT+I+G4
Bayesian Information Criterion:         LG+F+I+G4
Best-fit model: LG+F+I+G4 chosen according to BIC

All model information printed to results_broccoli_metc/alignments_prefiltering/OG_4110.iqtree.model.gz
CPU time for ModelFinder: 25.820 seconds (0h:0m:25s)
Wall-clock time for ModelFinder: 14.168 seconds (0h:0m:14s)
Generating 1000 samples for ultrafast bootstrap (seed: 253656)...

NOTE: 21 MB RAM (0 GB) is required!
Estimate model parameters (epsilon = 0.100)
Thoroughly optimizing +I+G parameters from 10 start values...
Init pinv, alpha: 0.000, 0.985 / Estimate: 0.010, 0.982 / LogL: -28103.685
Init pinv, alpha: 0.001, 0.985 / Estimate: 0.010, 0.982 / LogL: -28103.675
Init pinv, alpha: 0.003, 0.985 / Estimate: 0.010, 0.982 / LogL: -28103.672
Init pinv, alpha: 0.004, 0.985 / Estimate: 0.010, 0.981 / LogL: -28103.678
Init pinv, alpha: 0.005, 0.985 / Estimate: 0.010, 0.981 / LogL: -28103.675
Init pinv, alpha: 0.006, 0.985 / Estimate: 0.010, 0.982 / LogL: -28103.672
Init pinv, alpha: 0.008, 0.985 / Estimate: 0.009, 0.981 / LogL: -28103.680
Init pinv, alpha: 0.009, 0.985 / Estimate: 0.010, 0.982 / LogL: -28103.675
Init pinv, alpha: 0.010, 0.985 / Estimate: 0.010, 0.983 / LogL: -28103.673
Init pinv, alpha: 0.012, 0.985 / Estimate: 0.010, 0.984 / LogL: -28103.671
Optimal pinv,alpha: 0.010, 0.984 / LogL: -28103.671

Parameters optimization took 3.741 sec
Computing ML distances based on estimated model parameters...
Computing ML distances took 0.814724 sec (of wall-clock time) 1.612576 sec(of CPU time)
WARNING: Some pairwise ML distances are too long (saturated)
Computing RapidNJ tree took 0.001504 sec (of wall-clock time) 0.003001 sec (of CPU time)
Log-likelihood of RapidNJ tree: -28374.547
--------------------------------------------------------------------
|             INITIALIZING CANDIDATE TREE SET                      |
--------------------------------------------------------------------
Generating 98 parsimony trees... 3.129 second
Computing log-likelihood of 98 initial trees ... 5.329 seconds
Current best score: -28103.671

Do NNI search on 20 best initial trees
Estimate model parameters (epsilon = 0.100)
BETTER TREE FOUND at iteration 1: -28100.675
Estimate model parameters (epsilon = 0.100)
BETTER TREE FOUND at iteration 2: -28054.476
Estimate model parameters (epsilon = 0.100)
BETTER TREE FOUND at iteration 3: -28038.289
Iteration 10 / LogL: -28041.014 / Time: 0h:0m:30s
Iteration 20 / LogL: -28051.647 / Time: 0h:0m:46s
Finish initializing candidate tree set (20)
Current best tree score: -28038.289 / CPU time: 41.514
Number of iterations: 20
--------------------------------------------------------------------
|               OPTIMIZING CANDIDATE TREE SET                      |
--------------------------------------------------------------------
Estimate model parameters (epsilon = 0.100)
BETTER TREE FOUND at iteration 22: -28035.754
Estimate model parameters (epsilon = 0.100)
BETTER TREE FOUND at iteration 26: -28035.229
Iteration 30 / LogL: -28041.849 / Time: 0h:1m:1s (0h:6m:54s left)
Estimate model parameters (epsilon = 0.100)
BETTER TREE FOUND at iteration 32: -28033.092
Iteration 40 / LogL: -28033.128 / Time: 0h:1m:13s (0h:6m:3s left)
BETTER TREE FOUND at iteration 42: -28033.091
Estimate model parameters (epsilon = 0.100)
UPDATE BEST LOG-LIKELIHOOD: -28032.819
Iteration 50 / LogL: -28068.650 / Time: 0h:1m:28s (0h:5m:46s left)
Log-likelihood cutoff on original alignment: -28090.888
Iteration 60 / LogL: -28038.454 / Time: 0h:1m:41s (0h:5m:12s left)
Iteration 70 / LogL: -28043.350 / Time: 0h:1m:54s (0h:4m:44s left)
Iteration 80 / LogL: -28033.646 / Time: 0h:2m:7s (0h:4m:22s left)
Iteration 90 / LogL: -28033.044 / Time: 0h:2m:22s (0h:4m:2s left)
Iteration 100 / LogL: -28052.390 / Time: 0h:2m:35s (0h:3m:42s left)
Log-likelihood cutoff on original alignment: -28090.888
NOTE: Bootstrap correlation coefficient of split occurrence frequencies: 0.998
Estimate model parameters (epsilon = 0.100)
BETTER TREE FOUND at iteration 102: -28032.563
Iteration 110 / LogL: -28033.436 / Time: 0h:2m:49s (0h:4m:58s left)
Iteration 120 / LogL: -28032.692 / Time: 0h:3m:4s (0h:4m:41s left)
Iteration 130 / LogL: -28032.571 / Time: 0h:3m:16s (0h:4m:22s left)
Estimate model parameters (epsilon = 0.100)
UPDATE BEST LOG-LIKELIHOOD: -28032.466
Iteration 140 / LogL: -28033.664 / Time: 0h:3m:29s (0h:4m:4s left)
Iteration 150 / LogL: -28035.485 / Time: 0h:3m:43s (0h:3m:47s left)
Log-likelihood cutoff on original alignment: -28090.888
Iteration 160 / LogL: -28033.014 / Time: 0h:3m:55s (0h:3m:30s left)
UPDATE BEST LOG-LIKELIHOOD: -28032.459
Iteration 170 / LogL: -28032.622 / Time: 0h:4m:9s (0h:3m:14s left)
Iteration 180 / LogL: -28032.674 / Time: 0h:4m:22s (0h:2m:58s left)
Iteration 190 / LogL: -28032.591 / Time: 0h:4m:35s (0h:2m:43s left)
Iteration 200 / LogL: -28032.713 / Time: 0h:4m:48s (0h:2m:27s left)
Log-likelihood cutoff on original alignment: -28090.888
NOTE: Bootstrap correlation coefficient of split occurrence frequencies: 0.995
Iteration 210 / LogL: -28058.034 / Time: 0h:5m:1s (0h:2m:12s left)
Iteration 220 / LogL: -28062.832 / Time: 0h:5m:15s (0h:1m:58s left)
Iteration 230 / LogL: -28045.629 / Time: 0h:5m:28s (0h:1m:43s left)
Iteration 240 / LogL: -28035.141 / Time: 0h:5m:41s (0h:1m:28s left)
Iteration 250 / LogL: -28039.905 / Time: 0h:5m:54s (0h:1m:14s left)
Log-likelihood cutoff on original alignment: -28090.888
Iteration 260 / LogL: -28032.632 / Time: 0h:6m:9s (0h:0m:59s left)
Iteration 270 / LogL: -28082.782 / Time: 0h:6m:22s (0h:0m:45s left)
Iteration 280 / LogL: -28035.522 / Time: 0h:6m:34s (0h:0m:31s left)
Iteration 290 / LogL: -28032.617 / Time: 0h:6m:49s (0h:0m:16s left)
Iteration 300 / LogL: -28032.527 / Time: 0h:7m:0s (0h:0m:2s left)
Log-likelihood cutoff on original alignment: -28090.888
NOTE: Bootstrap correlation coefficient of split occurrence frequencies: 0.997
TREE SEARCH COMPLETED AFTER 303 ITERATIONS / Time: 0h:7m:4s

--------------------------------------------------------------------
|                    FINALIZING TREE SEARCH                        |
--------------------------------------------------------------------
Performs final model parameters optimization
Estimate model parameters (epsilon = 0.010)
1. Initial log-likelihood: -28032.459
Optimal log-likelihood: -28032.447
Proportion of invariable sites: 0.010
Gamma shape alpha: 1.017
Parameters optimization took 1 rounds (0.177 sec)
BEST SCORE FOUND : -28032.447
Creating bootstrap support values...
Split supports printed to NEXUS file results_broccoli_metc/alignments_prefiltering/OG_4110.iqtree.splits.nex
Total tree length: 58.210

Total number of iterations: 303
CPU time used for tree search: 831.127 sec (0h:13m:51s)
Wall-clock time used for tree search: 419.605 sec (0h:6m:59s)
Total CPU time used: 842.358 sec (0h:14m:2s)
Total wall-clock time used: 425.380 sec (0h:7m:5s)

Computing bootstrap consensus tree...
Reading input file results_broccoli_metc/alignments_prefiltering/OG_4110.iqtree.splits.nex...
91 taxa and 571 splits.
Consensus tree written to results_broccoli_metc/alignments_prefiltering/OG_4110.iqtree.contree
Reading input trees file results_broccoli_metc/alignments_prefiltering/OG_4110.iqtree.contree
Log-likelihood of consensus tree: -28032.554

Analysis results written to: 
  IQ-TREE report:                results_broccoli_metc/alignments_prefiltering/OG_4110.iqtree.iqtree
  Maximum-likelihood tree:       results_broccoli_metc/alignments_prefiltering/OG_4110.iqtree.treefile
  Likelihood distances:          results_broccoli_metc/alignments_prefiltering/OG_4110.iqtree.mldist

Ultrafast bootstrap approximation results written to:
  Split support values:          results_broccoli_metc/alignments_prefiltering/OG_4110.iqtree.splits.nex
  Consensus tree:                results_broccoli_metc/alignments_prefiltering/OG_4110.iqtree.contree
  Screen log file:               results_broccoli_metc/alignments_prefiltering/OG_4110.iqtree.log

Date and Time: Wed Jun  1 21:13:55 2022
