IQ-TREE multicore version 2.1.0 for Linux 64-bit built Jul 18 2020
Developed by Bui Quang Minh, James Barbetti, Nguyen Lam Tung,
Olga Chernomor, Heiko Schmidt, Dominik Schrempf, Michael Woodhams.

Host:    node-hp0210.linux.crg.es (AVX, 125 GB RAM)
Command: /users/asebe/xgraubove/Programes/iqtree-2.1.0-Linux/bin/iqtree2 -s results_broccoli_metc/alignments_prefiltering/OG_5761.lt.fasta -m TEST -mset LG,WAG,JTT -nt AUTO -ntmax 2 -bb 1000 -pre results_broccoli_metc/alignments_prefiltering/OG_5761.iqtree -nm 10000 -nstop 200 -cptime 1800
Seed:    485472 (Using SPRNG - Scalable Parallel Random Number Generator)
Time:    Thu Jun  2 00:49:47 2022
Kernel:  AVX - auto-detect threads (2 CPU cores detected)

Reading alignment file results_broccoli_metc/alignments_prefiltering/OG_5761.lt.fasta ... Fasta format detected
Alignment most likely contains protein sequences
Alignment has 97 sequences with 442 columns, 442 distinct patterns
437 parsimony-informative, 0 singleton sites, 5 constant sites
                                                   Gap/Ambiguity  Composition  p-value
   1  Nvec_v1g151519                                      83.26%    passed     26.52%
   2  Nvec_v1g94334                                       18.55%    passed     96.48%
   3  Spis_XP_022789408_1                                  9.73%    passed     76.14%
   4  Pocdam_XM_027182529.1                                9.73%    passed     91.30%
   5  Gasp_gasp1.m3.5831.m1                               49.77%    passed     90.05%
   6  Fspp_ffun1.m4.9948.m1                                8.14%    passed     62.74%
   7  Gfas_gfas1.m1.14859.m1                              25.79%    passed     23.28%
   8  Amil_Amillepora20049-RA                             21.95%    passed     80.37%
   9  Exapal_XM_021054938.2                               15.16%    passed     66.68%
  10  Acagra_model.g25657.t1                              11.31%    passed     58.12%
  11  Skow_XM_002734975.2                                  4.30%    failed      0.47%
  12  Ctel_gnl_WGS_AMQN_CAPTEDRAFT_mRNA184387             48.64%    passed     82.88%
  13  Aaur_scaffold113.g29.t2                             21.27%    passed     39.38%
  14  Nemnom_g4744.t1                                     20.14%    passed     76.63%
  15  Rhoesc_Res_008289-T1                                 5.66%    passed     57.93%
  16  Sanmal_Sma_001511-T1                                 5.43%    passed     21.27%
  17  Spur_XM_003728803.3                                  4.07%    passed     24.58%
  18  Cscu_XM_023377748.1                                 50.45%    passed     44.43%
  19  Plajan_Pjan_C558029_01                              25.57%    failed      1.39%
  20  Dgig_XM_028555139.1                                 10.41%    passed     52.37%
  21  Dgig_XM_028559870.1                                 25.57%    passed     37.81%
  22  Dgig_XM_028556836.1                                 13.35%    passed     63.15%
  23  Dgig_XM_028556517.1                                 10.41%    passed     43.87%
  24  Dgig_XM_028556547.1                                 47.51%    passed     51.39%
  25  Dgig_XM_028556521.1                                 57.24%    passed     11.34%
  26  Xesp_011630-T1                                      27.38%    passed     31.59%
  27  Hsap_ENST00000394222                                15.16%    passed     36.75%
  28  Lcom_lcpid223891                                    74.43%    passed     14.96%
  29  Bralan_BLAG01000797_1                               10.86%    passed     27.73%
  30  Opea_EP00118_Oscarella_pearsei_P027318              30.77%    passed     84.77%
  31  Ocar_g6885                                          42.53%    passed     79.98%
  32  HoiH23_PlH23_004349-RA                               7.69%    failed      2.62%
  33  HoiH06_mRNA6356                                     18.78%    failed      2.33%
  34  TrH2_TrispH2_003713-RA                               7.24%    passed      5.15%
  35  Tadh_TriadT17057                                    71.27%    failed      2.97%
  36  HoiH11_mRNA5942                                     71.27%    failed      1.99%
  37  Hhon_g06419.t1                                       7.69%    passed      5.26%
  38  HoiH04_mRNA16211                                     7.69%    failed      3.96%
  39  Cgig_XM_011450432.3                                  9.28%    failed      0.15%
  40  Tcas_TC003836_001                                   26.24%    passed     17.97%
  41  Morvir_scaffold57.g33.t1                             6.33%    passed     57.07%
  42  Tetwil_g23538.t1                                    33.94%    failed      0.00%
  43  Emue_Em0023g451a.t1                                 11.31%    passed     12.73%
  44  Spolac_c79413_g1_i1_m.2354c79413-g1                 39.14%    failed      2.05%
  45  Chem_TCONS_00015424                                  9.28%    failed      3.97%
  46  Horcal_Hcv1.av93.c8.g903.i1                         51.81%    passed     79.87%
  47  Pbac_sb2667311                                      18.78%    passed     29.64%
  48  Pbac_sb2658147                                      26.02%    passed     51.97%
  49  Vmul_sbMO396350                                     56.11%    passed     55.94%
  50  Mlei_ML2345.g23.i1                                  22.17%    passed     47.45%
  51  Bolinf_Binf_sb1218847                               54.75%    passed     33.90%
  52  Beraby_Baby_sb327250                                37.10%    passed     34.91%
  53  Bolinf_Binf_sb1234929                               54.75%    passed      7.29%
  54  Bolinf_Binf_sb1234930                               57.69%    failed      3.01%
  55  Mertsp_Mesp_sb573169                                50.45%    passed     54.44%
  56  Mertsp_Mesp_sb573170                                53.62%    passed     24.23%
  57  Mertsp_Mesp_sb573171                                56.56%    passed     13.00%
  58  Lampan_Lpan_C411423_01                              22.40%    passed     15.03%
  59  Drygla_Dgla_sb285718                                26.92%    failed      1.15%
  60  Coeast_Cast_sb785910                                39.59%    passed     75.45%
  61  Coeast_Cast_sb785911                                39.59%    passed     75.45%
  62  Coeast_Cast_sb785912                                42.31%    passed     93.27%
  63  Coeast_Cast_sb785913                                49.55%    passed     43.32%
  64  Coeast_Cast_sb785914                                64.93%    passed     26.49%
  65  Coemet_Cmet_C604352_01                              24.66%    passed     36.02%
  66  Vmul_Simscaffold6698_01                             23.76%    passed     13.27%
  67  Eupdun_Edun_sb10634389                              67.19%    passed     83.77%
  68  Salurc_EP00051_Salpingoeca_urceolata_P019588        25.57%    failed      1.77%
  69  Salurc_EP00051_Salpingoeca_urceolata_P019589        33.94%    passed     12.63%
  70  Salkve_EP00050_Salpingoeca_kvevrii_P021692          22.62%    passed      5.42%
  71  Salpun_EP00053_Salpingoeca_punica_P014426           83.26%    failed      1.60%
  72  Mylflu_EP00047_Mylnosiga_fluctuans_P006315          16.06%    failed      0.00%
  73  Didcos_EP00039_Didymoeca_costata_P030763            41.40%    passed      7.43%
  74  Salmac_EP00052_Salpingoeca_macrocollata_P014451     21.27%    failed      0.00%
  75  Chofle_EP00730_Choanoeca_flexa_P001019              21.04%    failed      0.17%
  76  Choper_EP00045_Choanoeca_perplexa_P011499           67.65%    failed      2.42%
  77  Mbre_EDQ88182                                       27.83%    failed      0.03%
  78  Codhol_EP00042_Codosiga_hollandica_P038223          62.90%    failed      1.15%
  79  Acaspe_EP00035_Acanthoeca_spectabilis_P033846       31.67%    failed      0.06%
  80  Helnan_EP00037_Helgoeca_nana_P038014                30.54%    failed      0.01%
  81  Dpul_mRNA2626                                       45.25%    passed     12.03%
  82  Microa_EP00043_Microstomoeca_roanoka_P018937         8.60%    failed      0.04%
  83  Sros_EGD72275                                        4.52%    failed      0.00%
  84  Stedip_EP00041_Stephanoeca_diplocostata_P005436     21.95%    failed      0.00%
  85  Salinf_EP00049_Salpingoeca_infusionum_P004582        5.43%    failed      0.00%
  86  Halamb_c52418_g1_i1m.33012                          14.93%    failed      3.50%
  87  Halamb_c52418_g2_i4m.33014                          14.93%    failed      4.01%
  88  Xestes_maker-XT_scaffold5572-snap-gene-0.4-mRNA-1   74.66%    failed      4.97%
  89  Aque_Aqu2.1.24920_001                               21.04%    failed      0.02%
  90  Lcom_lcpid18796                                      5.43%    failed      0.06%
  91  Scil_scict018603.1                                  60.86%    failed      0.22%
  92  Leuniv_Lniv_scaffold16874_01                        47.96%    failed      0.65%
  93  Hvul_g15460_1                                       10.18%    failed      0.38%
  94  Saldol_EP00054_Salpingoeca_dolichothecata_P028458   31.00%    passed     33.69%
  95  Diagra_EP00040_Diaphanoeca_grandis_P024318          42.76%    passed     84.16%
  96  Hsap_ENST00000450457                                38.01%    failed      0.42%
  97  Xestes_maker-XT_scaffold5087-snap-gene-0.8-mRNA-1   29.41%    failed      3.56%
WARNING: 21 sequences contain more than 50% gaps/ambiguity
****  TOTAL                                               31.29%  37 sequences failed composition chi2 test (p-value<5%; df=19)
NOTE: Coeast_Cast_sb785911 is identical to Coeast_Cast_sb785910 but kept for subsequent analysis


Create initial parsimony tree by phylogenetic likelihood library (PLL)... 0.033 seconds
Measuring multi-threading efficiency up to 2 CPU cores
Increase to 10 rounds for branch lengths
2 trees examined
Threads: 1 / Time: 2.327 sec / Speedup: 1.000 / Efficiency: 100% / LogL: -58543
Threads: 2 / Time: 1.209 sec / Speedup: 1.925 / Efficiency: 96% / LogL: -58543
BEST NUMBER OF THREADS: 2

Perform fast likelihood tree search using LG+I+G model...
Estimate model parameters (epsilon = 5.000)
Perform nearest neighbor interchange...
Estimate model parameters (epsilon = 1.000)
1. Initial log-likelihood: -41884.543
Optimal log-likelihood: -41884.328
Proportion of invariable sites: 0.011
Gamma shape alpha: 1.635
Parameters optimization took 1 rounds (0.427 sec)
Time for fast ML tree search: 4.250 seconds

NOTE: ModelFinder requires 29 MB RAM!
ModelFinder will test up to 24 protein models (sample size: 442) ...
 No. Model         -LnL         df  AIC          AICc         BIC
  1  LG            43091.562    191 86565.125    86858.501    87346.565
  2  LG+I          42970.065    192 86324.130    86621.768    87109.661
  3  LG+G4         41908.871    192 84201.742    84499.381    84987.274
  4  LG+I+G4       41884.330    193 84154.660    84456.611    84944.282
  8  LG+F+I+G4     41940.803    212 84305.607    84699.982    85172.964
 12  WAG+I+G4      41967.783    193 84321.566    84623.517    85111.188
 16  WAG+F+I+G4    42064.591    212 84553.182    84947.558    85420.540
 20  JTT+I+G4      42054.808    193 84495.616    84797.568    85285.239
 24  JTT+F+I+G4    42082.833    212 84589.667    84984.042    85457.025
Akaike Information Criterion:           LG+I+G4
Corrected Akaike Information Criterion: LG+I+G4
Bayesian Information Criterion:         LG+I+G4
Best-fit model: LG+I+G4 chosen according to BIC

All model information printed to results_broccoli_metc/alignments_prefiltering/OG_5761.iqtree.model.gz
CPU time for ModelFinder: 26.755 seconds (0h:0m:26s)
Wall-clock time for ModelFinder: 14.575 seconds (0h:0m:14s)
Generating 1000 samples for ultrafast bootstrap (seed: 485472)...

NOTE: 29 MB RAM (0 GB) is required!
Estimate model parameters (epsilon = 0.100)
Thoroughly optimizing +I+G parameters from 10 start values...
Init pinv, alpha: 0.000, 1.635 / Estimate: 0.011, 1.621 / LogL: -41884.314
Init pinv, alpha: 0.001, 1.635 / Estimate: 0.011, 1.632 / LogL: -41884.322
Init pinv, alpha: 0.003, 1.635 / Estimate: 0.011, 1.631 / LogL: -41884.319
Init pinv, alpha: 0.004, 1.635 / Estimate: 0.011, 1.631 / LogL: -41884.317
Init pinv, alpha: 0.005, 1.635 / Estimate: 0.011, 1.631 / LogL: -41884.316
Init pinv, alpha: 0.006, 1.635 / Estimate: 0.011, 1.631 / LogL: -41884.315
Init pinv, alpha: 0.008, 1.635 / Estimate: 0.011, 1.629 / LogL: -41884.313
Init pinv, alpha: 0.009, 1.635 / Estimate: 0.011, 1.628 / LogL: -41884.312
Init pinv, alpha: 0.010, 1.635 / Estimate: 0.011, 1.630 / LogL: -41884.314
Init pinv, alpha: 0.011, 1.635 / Estimate: 0.011, 1.629 / LogL: -41884.313
Optimal pinv,alpha: 0.011, 1.628 / LogL: -41884.312

Parameters optimization took 4.574 sec
Computing ML distances based on estimated model parameters...
Computing ML distances took 0.640741 sec (of wall-clock time) 1.275719 sec(of CPU time)
Computing RapidNJ tree took 0.001571 sec (of wall-clock time) 0.002126 sec (of CPU time)
Log-likelihood of RapidNJ tree: -42174.959
--------------------------------------------------------------------
|             INITIALIZING CANDIDATE TREE SET                      |
--------------------------------------------------------------------
Generating 98 parsimony trees... 4.479 second
Computing log-likelihood of 98 initial trees ... 7.088 seconds
Current best score: -41884.312

Do NNI search on 20 best initial trees
Estimate model parameters (epsilon = 0.100)
BETTER TREE FOUND at iteration 1: -41884.309
Estimate model parameters (epsilon = 0.100)
BETTER TREE FOUND at iteration 2: -41880.951
Iteration 10 / LogL: -41894.152 / Time: 0h:0m:37s
Iteration 20 / LogL: -41891.707 / Time: 0h:0m:59s
Finish initializing candidate tree set (20)
Current best tree score: -41880.951 / CPU time: 53.316
Number of iterations: 20
--------------------------------------------------------------------
|               OPTIMIZING CANDIDATE TREE SET                      |
--------------------------------------------------------------------
Estimate model parameters (epsilon = 0.100)
BETTER TREE FOUND at iteration 23: -41879.342
Iteration 30 / LogL: -41908.134 / Time: 0h:1m:20s (0h:8m:56s left)
Estimate model parameters (epsilon = 0.100)
BETTER TREE FOUND at iteration 39: -41878.755
Iteration 40 / LogL: -41880.040 / Time: 0h:1m:41s (0h:8m:39s left)
Estimate model parameters (epsilon = 0.100)
BETTER TREE FOUND at iteration 47: -41878.434
Iteration 50 / LogL: -41883.926 / Time: 0h:2m:3s (0h:8m:14s left)
Log-likelihood cutoff on original alignment: -41923.664
Estimate model parameters (epsilon = 0.100)
BETTER TREE FOUND at iteration 59: -41878.316
Estimate model parameters (epsilon = 0.100)
BETTER TREE FOUND at iteration 60: -41878.055
Iteration 60 / LogL: -41878.055 / Time: 0h:2m:24s (0h:8m:8s left)
Estimate model parameters (epsilon = 0.100)
BETTER TREE FOUND at iteration 69: -41877.361
Iteration 70 / LogL: -41900.110 / Time: 0h:2m:47s (0h:8m:2s left)
Estimate model parameters (epsilon = 0.100)
BETTER TREE FOUND at iteration 72: -41877.110
Estimate model parameters (epsilon = 0.100)
BETTER TREE FOUND at iteration 73: -41874.986
Estimate model parameters (epsilon = 0.100)
BETTER TREE FOUND at iteration 80: -41874.801
Iteration 80 / LogL: -41874.801 / Time: 0h:3m:8s (0h:7m:58s left)
Estimate model parameters (epsilon = 0.100)
BETTER TREE FOUND at iteration 89: -41871.186
Iteration 90 / LogL: -41874.205 / Time: 0h:3m:30s (0h:7m:50s left)
Iteration 100 / LogL: -41877.165 / Time: 0h:3m:52s (0h:7m:23s left)
Log-likelihood cutoff on original alignment: -41923.129
NOTE: Bootstrap correlation coefficient of split occurrence frequencies: 0.989
NOTE: UFBoot does not converge, continue at least 100 more iterations
Estimate model parameters (epsilon = 0.100)
BETTER TREE FOUND at iteration 109: -41870.943
Iteration 110 / LogL: -41873.255 / Time: 0h:4m:14s (0h:7m:44s left)
Estimate model parameters (epsilon = 0.100)
BETTER TREE FOUND at iteration 112: -41870.491
Iteration 120 / LogL: -41871.198 / Time: 0h:4m:35s (0h:7m:25s left)
Iteration 130 / LogL: -41870.918 / Time: 0h:4m:57s (0h:6m:59s left)
Iteration 140 / LogL: -41877.805 / Time: 0h:5m:18s (0h:6m:34s left)
Estimate model parameters (epsilon = 0.100)
BETTER TREE FOUND at iteration 149: -41869.359
Iteration 150 / LogL: -41870.628 / Time: 0h:5m:41s (0h:7m:35s left)
Log-likelihood cutoff on original alignment: -41920.562
UPDATE BEST LOG-LIKELIHOOD: -41869.359
Iteration 160 / LogL: -41873.907 / Time: 0h:6m:3s (0h:7m:12s left)
Iteration 170 / LogL: -41878.193 / Time: 0h:6m:25s (0h:6m:48s left)
Estimate model parameters (epsilon = 0.100)
BETTER TREE FOUND at iteration 172: -41862.529
Iteration 180 / LogL: -41885.900 / Time: 0h:6m:48s (0h:7m:18s left)
Estimate model parameters (epsilon = 0.100)
BETTER TREE FOUND at iteration 185: -41861.697
Iteration 190 / LogL: -41881.699 / Time: 0h:7m:10s (0h:7m:23s left)
Iteration 200 / LogL: -41861.697 / Time: 0h:7m:33s (0h:7m:1s left)
Log-likelihood cutoff on original alignment: -41916.632
NOTE: Bootstrap correlation coefficient of split occurrence frequencies: 0.978
NOTE: UFBoot does not converge, continue at least 100 more iterations
Iteration 210 / LogL: -41865.754 / Time: 0h:7m:55s (0h:6m:37s left)
Iteration 220 / LogL: -41861.858 / Time: 0h:8m:19s (0h:6m:16s left)
Iteration 230 / LogL: -41867.845 / Time: 0h:8m:42s (0h:5m:53s left)
Iteration 240 / LogL: -41865.629 / Time: 0h:9m:4s (0h:5m:30s left)
Iteration 250 / LogL: -41863.073 / Time: 0h:9m:27s (0h:5m:7s left)
Log-likelihood cutoff on original alignment: -41916.632
Iteration 260 / LogL: -41861.752 / Time: 0h:9m:49s (0h:4m:44s left)
BETTER TREE FOUND at iteration 263: -41861.696
Iteration 270 / LogL: -41861.700 / Time: 0h:10m:11s (0h:7m:18s left)
Iteration 280 / LogL: -41868.642 / Time: 0h:10m:34s (0h:6m:56s left)
Iteration 290 / LogL: -41861.857 / Time: 0h:10m:58s (0h:6m:34s left)
Iteration 300 / LogL: -41861.700 / Time: 0h:11m:21s (0h:6m:11s left)
Log-likelihood cutoff on original alignment: -41916.632
NOTE: Bootstrap correlation coefficient of split occurrence frequencies: 0.974
NOTE: UFBoot does not converge, continue at least 100 more iterations
Iteration 310 / LogL: -41861.697 / Time: 0h:11m:45s (0h:5m:49s left)
Iteration 320 / LogL: -41868.278 / Time: 0h:12m:7s (0h:5m:26s left)
Iteration 330 / LogL: -41861.698 / Time: 0h:12m:29s (0h:5m:3s left)
Iteration 340 / LogL: -41861.697 / Time: 0h:12m:51s (0h:4m:40s left)
Iteration 350 / LogL: -41883.609 / Time: 0h:13m:15s (0h:4m:17s left)
Log-likelihood cutoff on original alignment: -41916.632
Iteration 360 / LogL: -41861.698 / Time: 0h:13m:37s (0h:3m:54s left)
Iteration 370 / LogL: -41861.706 / Time: 0h:14m:0s (0h:3m:31s left)
UPDATE BEST LOG-LIKELIHOOD: -41861.696
Iteration 380 / LogL: -41865.314 / Time: 0h:14m:23s (0h:3m:9s left)
Iteration 390 / LogL: -41864.345 / Time: 0h:14m:45s (0h:2m:46s left)
Iteration 400 / LogL: -41868.297 / Time: 0h:15m:8s (0h:2m:23s left)
Log-likelihood cutoff on original alignment: -41916.632
NOTE: Bootstrap correlation coefficient of split occurrence frequencies: 0.996
Iteration 410 / LogL: -41861.704 / Time: 0h:15m:32s (0h:3m:25s left)
Iteration 420 / LogL: -41861.751 / Time: 0h:15m:55s (0h:3m:2s left)
Iteration 430 / LogL: -41895.637 / Time: 0h:16m:16s (0h:2m:39s left)
Iteration 440 / LogL: -41865.538 / Time: 0h:16m:38s (0h:2m:16s left)
Iteration 450 / LogL: -41899.514 / Time: 0h:17m:3s (0h:1m:54s left)
Log-likelihood cutoff on original alignment: -41916.632
Iteration 460 / LogL: -41865.457 / Time: 0h:17m:29s (0h:1m:31s left)
TREE SEARCH COMPLETED AFTER 464 ITERATIONS / Time: 0h:17m:38s

--------------------------------------------------------------------
|                    FINALIZING TREE SEARCH                        |
--------------------------------------------------------------------
Performs final model parameters optimization
Estimate model parameters (epsilon = 0.010)
1. Initial log-likelihood: -41861.696
Optimal log-likelihood: -41861.696
Proportion of invariable sites: 0.011
Gamma shape alpha: 1.618
Parameters optimization took 1 rounds (0.234 sec)
BEST SCORE FOUND : -41861.696
Creating bootstrap support values...
Split supports printed to NEXUS file results_broccoli_metc/alignments_prefiltering/OG_5761.iqtree.splits.nex
Total tree length: 54.482

Total number of iterations: 464
CPU time used for tree search: 2087.772 sec (0h:34m:47s)
Wall-clock time used for tree search: 1052.778 sec (0h:17m:32s)
Total CPU time used: 2100.407 sec (0h:35m:0s)
Total wall-clock time used: 1059.227 sec (0h:17m:39s)

Computing bootstrap consensus tree...
Reading input file results_broccoli_metc/alignments_prefiltering/OG_5761.iqtree.splits.nex...
97 taxa and 733 splits.
Consensus tree written to results_broccoli_metc/alignments_prefiltering/OG_5761.iqtree.contree
Reading input trees file results_broccoli_metc/alignments_prefiltering/OG_5761.iqtree.contree
Log-likelihood of consensus tree: -41861.698

Analysis results written to: 
  IQ-TREE report:                results_broccoli_metc/alignments_prefiltering/OG_5761.iqtree.iqtree
  Maximum-likelihood tree:       results_broccoli_metc/alignments_prefiltering/OG_5761.iqtree.treefile
  Likelihood distances:          results_broccoli_metc/alignments_prefiltering/OG_5761.iqtree.mldist

Ultrafast bootstrap approximation results written to:
  Split support values:          results_broccoli_metc/alignments_prefiltering/OG_5761.iqtree.splits.nex
  Consensus tree:                results_broccoli_metc/alignments_prefiltering/OG_5761.iqtree.contree
  Screen log file:               results_broccoli_metc/alignments_prefiltering/OG_5761.iqtree.log

Date and Time: Thu Jun  2 01:07:42 2022
