IQ-TREE multicore version 2.1.0 for Linux 64-bit built Jul 18 2020
Developed by Bui Quang Minh, James Barbetti, Nguyen Lam Tung,
Olga Chernomor, Heiko Schmidt, Dominik Schrempf, Michael Woodhams.

Host:    node-hp0408.linux.crg.es (AVX, 125 GB RAM)
Command: /users/asebe/xgraubove/Programes/iqtree-2.1.0-Linux/bin/iqtree2 -s results_broccoli_metc/alignments_prefiltering/OG_5732.lt.fasta -m TEST -mset LG,WAG,JTT -nt AUTO -ntmax 2 -bb 1000 -pre results_broccoli_metc/alignments_prefiltering/OG_5732.iqtree -nm 10000 -nstop 200 -cptime 1800
Seed:    486803 (Using SPRNG - Scalable Parallel Random Number Generator)
Time:    Thu Jun  2 00:52:33 2022
Kernel:  AVX - auto-detect threads (2 CPU cores detected)

Reading alignment file results_broccoli_metc/alignments_prefiltering/OG_5732.lt.fasta ... Fasta format detected
Alignment most likely contains protein sequences
Alignment has 88 sequences with 264 columns, 264 distinct patterns
264 parsimony-informative, 0 singleton sites, 0 constant sites
                                                   Gap/Ambiguity  Composition  p-value
   1  Lcom_lcpid94389                                      2.27%    failed      1.80%
   2  Leuniv_Lniv_C777982_01                               7.95%    passed      7.18%
   3  Gracom_Gcom_C535566_01                               4.92%    passed     66.96%
   4  Scil_scict010675.1                                   3.03%    passed      5.16%
   5  Bralan_BLAG16000067_1                                1.52%    failed      3.11%
   6  Acagra_model.g23482.t1                               0.38%    passed     83.25%
   7  Cgig_XM_011432335.3                                  0.38%    passed     83.24%
   8  Skow_XM_002738699.2                                  0.00%    passed     84.75%
   9  HoiH23_PlH23_005122-RA                               3.03%    passed      7.52%
  10  HoiH06_mRNA14675                                     3.03%    passed     13.15%
  11  Hhon_g01089.t1                                       3.03%    failed      4.94%
  12  HoiH04_mRNA9362                                      5.30%    failed      0.52%
  13  HoiH04_mRNA6445                                     39.77%    passed     34.76%
  14  HoiH11_mRNA8428                                      3.03%    failed      0.39%
  15  TrH2_TrispH2_009186-RA                               3.03%    passed     17.55%
  16  Tadh_TriadT61054                                    14.39%    passed     45.95%
  17  Spis_XP_022795083_1                                 64.39%    passed     80.25%
  18  Spis_XP_022795102_1                                  2.27%    passed     94.63%
  19  Pocdam_XM_027179796.1                                1.89%    passed     92.56%
  20  Fspp_ffun1.m4.23428.m1                               1.89%    passed     65.41%
  21  Fspp_ffun1.m4.23430.m1                               5.30%    passed     74.64%
  22  Fspp_ffun1.m4.23427.m1                              37.50%    passed     38.93%
  23  Fspp_ffun1.m4.28317.m1                              54.17%    passed     10.93%
  24  Fspp_ffun1.m4.23429.m1                               9.47%    passed     13.38%
  25  Fspp_ffun1.m4.23426.m1                              82.95%    passed     22.21%
  26  Adig_XM_015907192.1                                 20.08%    passed     53.28%
  27  Gfas_gfas1.m1.17409.m1                              29.55%    passed     20.42%
  28  Gasp_gasp1.m1b.24626.m1                             17.80%    passed     70.65%
  29  Exapal_XM_021040912.2                                3.03%    passed     95.56%
  30  Nvec_v1g180736                                      33.33%    passed     90.61%
  31  Amil_Amillepora20474-RA                             24.24%    passed     88.47%
  32  Spur_XM_030974681.1                                  0.00%    passed     98.62%
  33  Dgig_XM_028537570.1                                  1.52%    passed     15.73%
  34  Xesp_021956-T1                                       2.65%    passed     38.04%
  35  Dpul_mRNA13229                                      18.94%    passed     50.91%
  36  Plajan_Pjan_C545299_01                               0.76%    passed     68.93%
  37  Codhol_EP00042_Codosiga_hollandica_P020397           9.47%    passed     99.83%
  38  Codhol_EP00042_Codosiga_hollandica_P020398          20.45%    passed     18.69%
  39  Acaspe_EP00035_Acanthoeca_spectabilis_P010903        5.30%    failed      4.40%
  40  Helnan_EP00037_Helgoeca_nana_P029990                 1.52%    failed      0.07%
  41  Stedip_EP00041_Stephanoeca_diplocostata_P000460      6.44%    passed     90.26%
  42  Diagra_EP00040_Diaphanoeca_grandis_P013519          41.29%    failed      0.09%
  43  Diagra_EP00040_Diaphanoeca_grandis_P013518           7.58%    passed     49.30%
  44  Didcos_EP00039_Didymoeca_costata_P003941             5.68%    passed     83.06%
  45  Salkve_EP00050_Salpingoeca_kvevrii_P014665          15.91%    failed      0.52%
  46  Salkve_EP00050_Salpingoeca_kvevrii_P014666           4.92%    failed      2.12%
  47  Salurc_EP00051_Salpingoeca_urceolata_P011743        41.67%    failed      0.00%
  48  Salurc_EP00051_Salpingoeca_urceolata_P011744        13.26%    passed     20.39%
  49  Salurc_EP00051_Salpingoeca_urceolata_P011742         5.68%    passed     47.05%
  50  Mylflu_EP00047_Mylnosiga_fluctuans_P005515           5.68%    passed     22.09%
  51  Salmac_EP00052_Salpingoeca_macrocollata_P008212      6.06%    passed     40.99%
  52  Salpun_EP00053_Salpingoeca_punica_P002483            5.30%    passed      5.16%
  53  Saldol_EP00054_Salpingoeca_dolichothecata_P010029    3.79%    passed     97.48%
  54  Morvir_scaffold344.g12.t1                            2.65%    passed     49.36%
  55  Chem_TCONS_00073413                                  3.03%    passed     35.53%
  56  Hvul_g135_1                                         10.61%    passed      5.96%
  57  Nemnom_g12559.t1                                    56.06%    failed      0.06%
  58  Rhoesc_Res_016578-T1                                 1.52%    passed     93.36%
  59  Sanmal_Sma_011769-T1                                 1.89%    passed     62.12%
  60  Bolinf_Binf_sb1238878                                1.89%    passed     72.37%
  61  Vmul_sbMO494320                                     44.32%    passed     91.85%
  62  Bolinf_Binf_sb1272290                               24.24%    passed     91.19%
  63  Bolinf_Binf_sb1272291                               24.24%    passed     91.19%
  64  Mertsp_Mesp_sb561120                                24.24%    passed     91.19%
  65  Mlei_ML0156.g25.i1                                   0.38%    passed     70.91%
  66  Lampan_Lpan_13396_01                                 1.14%    passed     71.91%
  67  Beraby_Baby_sb335418                                 2.27%    passed     80.07%
  68  Beraby_Baby_sb335419                                 2.27%    passed     80.07%
  69  Beraby_Baby_sb335420                                 2.27%    passed     80.07%
  70  Drygla_Dgla_sb278749                                 7.95%    passed     73.23%
  71  Eupdun_Edun_sb10608976                              34.09%    passed     15.88%
  72  Horcal_Hcv1.av93.c2.g847.i1                          3.03%    passed     19.15%
  73  Pbac_sb2655886                                       2.65%    passed     62.22%
  74  Coeast_Cast_sb835266                                39.77%    failed      1.31%
  75  Opea_EP00118_Oscarella_pearsei_P007820               5.68%    passed     95.33%
  76  Tetwil_g11686.t2                                    12.50%    passed     16.38%
  77  Spolac_c101307_g1_i1_m.25224c101307-g1               1.89%    passed     14.26%
  78  Tcas_TC008865_001                                    0.38%    passed     28.16%
  79  Aque_Aqu2.1.37733_001                                6.06%    passed     74.72%
  80  Halamb_c39865_g1_i1m.12153                           3.79%    passed     41.47%
  81  Hsap_ENST00000435634                                 6.44%    failed      0.00%
  82  Salinf_EP00049_Salpingoeca_infusionum_P024747        8.33%    passed     15.90%
  83  Microa_EP00043_Microstomoeca_roanoka_P030018        14.02%    passed     52.80%
  84  Sros_EGD81603                                       19.70%    passed     35.39%
  85  Chofle_EP00730_Choanoeca_flexa_P018819              10.23%    passed     69.66%
  86  Choper_EP00045_Choanoeca_perplexa_P022547            9.47%    passed     58.43%
  87  Mbre_EDQ90996                                       22.35%    failed      3.37%
  88  Gasp_gasp1.m3.18258.m1                              12.50%    passed     87.42%
WARNING: 4 sequences contain more than 50% gaps/ambiguity
****  TOTAL                                               12.85%  15 sequences failed composition chi2 test (p-value<5%; df=19)
NOTE: Bolinf_Binf_sb1272291 is identical to Bolinf_Binf_sb1272290 but kept for subsequent analysis
NOTE: Beraby_Baby_sb335419 is identical to Beraby_Baby_sb335418 but kept for subsequent analysis
NOTE: 2 identical sequences (see below) will be ignored for subsequent analysis
NOTE: Mertsp_Mesp_sb561120 (identical to Bolinf_Binf_sb1272290) is ignored but added at the end
NOTE: Beraby_Baby_sb335420 (identical to Beraby_Baby_sb335418) is ignored but added at the end
Alignment was printed to results_broccoli_metc/alignments_prefiltering/OG_5732.iqtree.uniqueseq.phy

For your convenience alignment with unique sequences printed to results_broccoli_metc/alignments_prefiltering/OG_5732.iqtree.uniqueseq.phy


Create initial parsimony tree by phylogenetic likelihood library (PLL)... 0.024 seconds
Measuring multi-threading efficiency up to 2 CPU cores
Increase to 10 rounds for branch lengths
4 trees examined
Threads: 1 / Time: 2.513 sec / Speedup: 1.000 / Efficiency: 100% / LogL: -36741
Threads: 2 / Time: 2.560 sec / Speedup: 0.982 / Efficiency: 49% / LogL: -36741
BEST NUMBER OF THREADS: 1

Perform fast likelihood tree search using LG+G model...
Estimate model parameters (epsilon = 5.000)
Perform nearest neighbor interchange...
Estimate model parameters (epsilon = 1.000)
1. Initial log-likelihood: -27131.965
Optimal log-likelihood: -27131.874
Gamma shape alpha: 1.572
Parameters optimization took 1 rounds (0.216 sec)
Time for fast ML tree search: 3.219 seconds

NOTE: ModelFinder requires 16 MB RAM!
ModelFinder will test up to 12 protein models (sample size: 264) ...
 No. Model         -LnL         df  AIC          AICc         BIC
  1  LG            28076.792    169 56491.583    57102.860    57095.919
  2  LG+G4         27131.873    170 54603.746    55228.907    55211.657
  4  LG+F+G4       27128.804    189 54635.609    55606.149    55311.463
  6  WAG+G4        27219.442    170 54778.883    55404.044    55386.794
  8  WAG+F+G4      27201.119    189 54780.237    55750.778    55456.092
 10  JTT+G4        27336.909    170 55013.818    55638.980    55621.730
 12  JTT+F+G4      27296.219    189 54970.438    55940.979    55646.292
Akaike Information Criterion:           LG+G4
Corrected Akaike Information Criterion: LG+G4
Bayesian Information Criterion:         LG+G4
Best-fit model: LG+G4 chosen according to BIC

All model information printed to results_broccoli_metc/alignments_prefiltering/OG_5732.iqtree.model.gz
CPU time for ModelFinder: 16.009 seconds (0h:0m:16s)
Wall-clock time for ModelFinder: 13.289 seconds (0h:0m:13s)
Generating 1000 samples for ultrafast bootstrap (seed: 486803)...

NOTE: 16 MB RAM (0 GB) is required!
Estimate model parameters (epsilon = 0.100)
1. Initial log-likelihood: -27131.873
Optimal log-likelihood: -27131.860
Gamma shape alpha: 1.571
Parameters optimization took 1 rounds (0.214 sec)
Computing ML distances based on estimated model parameters...
Computing ML distances took 1.002647 sec (of wall-clock time) 1.000336 sec(of CPU time)
WARNING: Some pairwise ML distances are too long (saturated)
Computing RapidNJ tree took 0.000751 sec (of wall-clock time) 0.000793 sec (of CPU time)
Log-likelihood of RapidNJ tree: -27430.659
--------------------------------------------------------------------
|             INITIALIZING CANDIDATE TREE SET                      |
--------------------------------------------------------------------
Generating 98 parsimony trees... 2.936 second
Computing log-likelihood of 98 initial trees ... 7.314 seconds
Current best score: -27131.860

Do NNI search on 20 best initial trees
Estimate model parameters (epsilon = 0.100)
BETTER TREE FOUND at iteration 1: -27131.160
Estimate model parameters (epsilon = 0.100)
BETTER TREE FOUND at iteration 3: -27119.759
Iteration 10 / LogL: -27131.268 / Time: 0h:0m:30s
Iteration 20 / LogL: -27149.872 / Time: 0h:0m:49s
Finish initializing candidate tree set (20)
Current best tree score: -27119.759 / CPU time: 46.810
Number of iterations: 20
--------------------------------------------------------------------
|               OPTIMIZING CANDIDATE TREE SET                      |
--------------------------------------------------------------------
Estimate model parameters (epsilon = 0.100)
BETTER TREE FOUND at iteration 22: -27117.402
Estimate model parameters (epsilon = 0.100)
BETTER TREE FOUND at iteration 30: -27115.207
Iteration 30 / LogL: -27115.207 / Time: 0h:1m:11s (0h:8m:15s left)
Iteration 40 / LogL: -27118.213 / Time: 0h:1m:30s (0h:7m:21s left)
Iteration 50 / LogL: -27118.725 / Time: 0h:1m:50s (0h:6m:45s left)
Log-likelihood cutoff on original alignment: -27184.131
Iteration 60 / LogL: -27116.530 / Time: 0h:2m:9s (0h:6m:13s left)
Iteration 70 / LogL: -27115.902 / Time: 0h:2m:29s (0h:5m:46s left)
Iteration 80 / LogL: -27120.214 / Time: 0h:2m:49s (0h:5m:21s left)
Iteration 90 / LogL: -27122.497 / Time: 0h:3m:8s (0h:4m:56s left)
Iteration 100 / LogL: -27118.140 / Time: 0h:3m:28s (0h:4m:33s left)
Log-likelihood cutoff on original alignment: -27184.131
NOTE: Bootstrap correlation coefficient of split occurrence frequencies: 0.998
Iteration 110 / LogL: -27125.148 / Time: 0h:3m:48s (0h:4m:11s left)
Iteration 120 / LogL: -27115.261 / Time: 0h:4m:6s (0h:3m:48s left)
Iteration 130 / LogL: -27116.229 / Time: 0h:4m:29s (0h:3m:28s left)
Iteration 140 / LogL: -27116.658 / Time: 0h:4m:48s (0h:3m:6s left)
Iteration 150 / LogL: -27120.805 / Time: 0h:5m:7s (0h:2m:45s left)
Log-likelihood cutoff on original alignment: -27184.131
Iteration 160 / LogL: -27121.443 / Time: 0h:5m:26s (0h:2m:23s left)
Iteration 170 / LogL: -27121.624 / Time: 0h:5m:45s (0h:2m:2s left)
Iteration 180 / LogL: -27115.861 / Time: 0h:6m:6s (0h:1m:42s left)
Iteration 190 / LogL: -27118.311 / Time: 0h:6m:24s (0h:1m:21s left)
Iteration 200 / LogL: -27115.877 / Time: 0h:6m:42s (0h:1m:0s left)
Log-likelihood cutoff on original alignment: -27184.131
NOTE: Bootstrap correlation coefficient of split occurrence frequencies: 0.999
Estimate model parameters (epsilon = 0.100)
UPDATE BEST LOG-LIKELIHOOD: -27115.168
Iteration 210 / LogL: -27115.784 / Time: 0h:7m:1s (0h:3m:1s left)
Iteration 220 / LogL: -27148.319 / Time: 0h:7m:19s (0h:2m:40s left)
Iteration 230 / LogL: -27120.261 / Time: 0h:7m:37s (0h:2m:19s left)
TREE SEARCH COMPLETED AFTER 231 ITERATIONS / Time: 0h:7m:39s

--------------------------------------------------------------------
|                    FINALIZING TREE SEARCH                        |
--------------------------------------------------------------------
Performs final model parameters optimization
Estimate model parameters (epsilon = 0.010)
1. Initial log-likelihood: -27115.168
Optimal log-likelihood: -27115.165
Gamma shape alpha: 1.599
Parameters optimization took 1 rounds (0.209 sec)
BEST SCORE FOUND : -27115.165
Creating bootstrap support values...
Split supports printed to NEXUS file results_broccoli_metc/alignments_prefiltering/OG_5732.iqtree.splits.nex
Total tree length: 45.193

Total number of iterations: 231
CPU time used for tree search: 455.501 sec (0h:7m:35s)
Wall-clock time used for tree search: 456.414 sec (0h:7m:36s)
Total CPU time used: 458.838 sec (0h:7m:38s)
Total wall-clock time used: 459.642 sec (0h:7m:39s)

Computing bootstrap consensus tree...
Reading input file results_broccoli_metc/alignments_prefiltering/OG_5732.iqtree.splits.nex...
86 taxa and 546 splits.
Consensus tree written to results_broccoli_metc/alignments_prefiltering/OG_5732.iqtree.contree
Reading input trees file results_broccoli_metc/alignments_prefiltering/OG_5732.iqtree.contree
Log-likelihood of consensus tree: -27115.371

Analysis results written to: 
  IQ-TREE report:                results_broccoli_metc/alignments_prefiltering/OG_5732.iqtree.iqtree
  Maximum-likelihood tree:       results_broccoli_metc/alignments_prefiltering/OG_5732.iqtree.treefile
  Likelihood distances:          results_broccoli_metc/alignments_prefiltering/OG_5732.iqtree.mldist

Ultrafast bootstrap approximation results written to:
  Split support values:          results_broccoli_metc/alignments_prefiltering/OG_5732.iqtree.splits.nex
  Consensus tree:                results_broccoli_metc/alignments_prefiltering/OG_5732.iqtree.contree
  Screen log file:               results_broccoli_metc/alignments_prefiltering/OG_5732.iqtree.log

Date and Time: Thu Jun  2 01:00:27 2022
