IQ-TREE multicore version 2.1.0 for Linux 64-bit built Jul 18 2020
Developed by Bui Quang Minh, James Barbetti, Nguyen Lam Tung,
Olga Chernomor, Heiko Schmidt, Dominik Schrempf, Michael Woodhams.

Host:    node-hp0410.linux.crg.es (AVX, 125 GB RAM)
Command: /users/asebe/xgraubove/Programes/iqtree-2.1.0-Linux/bin/iqtree2 -s results_broccoli_metc/alignments_prefiltering/OG_5457.lt.fasta -m TEST -mset LG,WAG,JTT -nt AUTO -ntmax 2 -bb 1000 -pre results_broccoli_metc/alignments_prefiltering/OG_5457.iqtree -nm 10000 -nstop 200 -cptime 1800
Seed:    433 (Using SPRNG - Scalable Parallel Random Number Generator)
Time:    Thu Jun  2 00:02:14 2022
Kernel:  AVX - auto-detect threads (2 CPU cores detected)

Reading alignment file results_broccoli_metc/alignments_prefiltering/OG_5457.lt.fasta ... Fasta format detected
Alignment most likely contains protein sequences
Alignment has 96 sequences with 548 columns, 548 distinct patterns
543 parsimony-informative, 1 singleton sites, 4 constant sites
                                                   Gap/Ambiguity  Composition  p-value
   1  Salinf_EP00049_Salpingoeca_infusionum_P008236       11.13%    failed      1.28%
   2  Pbac_sb2665111                                      11.86%    passed     25.05%
   3  Pbac_sb2639302                                      60.77%    passed      9.86%
   4  Horcal_Hcv1.av93.c7.g802.i1                          3.83%    passed     11.85%
   5  Drygla_Dgla_sb282186                                44.53%    passed     37.71%
   6  Beraby_Baby_sb339936                                22.63%    passed     20.81%
   7  Beraby_Baby_sb339935                                 2.55%    passed      8.35%
   8  Mlei_ML0295.g17.i1                                   2.37%    passed     30.31%
   9  Lampan_Lpan_9576_01                                  3.65%    passed     11.22%
  10  Coemet_Cmet_scaffold9927_01                          4.74%    passed      9.75%
  11  Vmul_Simscaffold16652_01                             2.19%    passed     89.16%
  12  Eupdun_Edun_sb10598389                              29.56%    passed     81.05%
  13  Tcas_TC008294_001                                    2.74%    passed     54.00%
  14  Bralan_BLAG04000031_1                                0.91%    passed     89.85%
  15  Cscu_XM_023377198.1                                 74.82%    passed     44.16%
  16  Spis_XP_022794334_1                                  3.10%    passed     84.53%
  17  Pocdam_XM_027201836.1                                7.66%    passed     93.01%
  18  Gasp_gasp1.m3.18984.m1                               3.10%    passed     98.01%
  19  Gasp_gasp1.m3.12877.m1                              52.19%    passed     73.94%
  20  Fspp_ffun1.m4.24787.m1                              25.55%    passed     53.16%
  21  Gfas_gfas1.m1.5561.m1                                5.66%    passed     97.22%
  22  Adig_XM_015915320.1                                 37.41%    passed     90.50%
  23  Exapal_XM_028661566.1                               16.61%    passed     49.01%
  24  Nvec_v1g147313                                      86.31%    passed     91.51%
  25  Nvec_v1g238595                                       3.83%    passed     98.45%
  26  Amil_Amillepora07496-RA                             24.64%    passed     76.27%
  27  Skow_XM_006818772.1                                  2.37%    passed     93.97%
  28  Acagra_model.g15636.t1_model.g15637.t1               2.01%    passed     99.78%
  29  Cgig_XM_011457377.3                                  1.82%    passed     95.64%
  30  Ctel_gnl_WGS_AMQN_CAPTEDRAFT_mRNA161952             12.59%    passed     89.17%
  31  Hsap_ENST00000414423                                 1.09%    passed     84.17%
  32  Nemnom_g2131.t1                                      4.38%    passed     94.27%
  33  Rhoesc_Res_001034-T1                                 4.38%    passed     96.17%
  34  Sanmal_Sma_026898-T1                                 1.46%    passed     87.03%
  35  Cscu_XM_023370590.1                                  3.28%    passed     86.61%
  36  Cscu_XM_023379378.1                                 35.58%    passed     19.02%
  37  Morvir_scaffold43.g59.t1                             3.83%    passed     89.06%
  38  Dpul_mRNA8009                                        0.36%    passed     72.02%
  39  Spur_XM_030998674.1                                  2.01%    passed     97.12%
  40  Dgig_XM_028542788.1                                  3.10%    passed     80.97%
  41  Xesp_012234-T1                                       2.92%    passed     60.80%
  42  Chem_TCONS_00054380                                  2.01%    passed     68.35%
  43  Hvul_g4633_1                                         4.93%    passed      7.47%
  44  Opea_EP00118_Oscarella_pearsei_P002921               2.92%    passed     72.48%
  45  Ocar_g6847                                          15.15%    passed     50.80%
  46  Plajan_Pjan_C567538_01                               1.64%    passed     99.79%
  47  Clacor_Ccor_scaffold4983_01                         46.53%    passed     38.30%
  48  Emue_Em0019g568a.t1                                  3.28%    passed     94.13%
  49  Emue_Em0019g559a.t1                                  3.28%    passed     96.22%
  50  Spolac_c101158_g2_i1_m.24709c101158-g1              67.88%    passed     54.20%
  51  Spolac_c101158_g2_i2_m.24710c101158-g1              31.93%    passed     76.84%
  52  Spolac_c101158_g2_i3_m.24711c101158-g1              74.27%    passed     28.37%
  53  Spolac_c101158_g1_i1_m.24707c101158-g1              78.47%    passed     30.72%
  54  Spolac_c101158_g1_i3_m.24708c101158-g1              76.46%    passed     28.53%
  55  Tetwil_g10410.t1                                     3.47%    passed     93.61%
  56  Halamb_c56585_g2_i1mm.7237                           3.47%    passed     41.12%
  57  Aque_Aqu2.1.40831_001                                3.10%    passed     91.14%
  58  Xestes_maker-XT_scaffold4277-snap-gene-0.6-mRNA-1   38.69%    passed     93.57%
  59  Eupdun_Edun_sb10624194                              70.99%    passed     29.87%
  60  Eupdun_Edun_sb10624195                              70.99%    passed     29.87%
  61  Plespi_Pspi_scaffold9646_01                          4.20%    passed     90.14%
  62  Plespi_Pspi_scaffold9647_01                         30.29%    passed     29.30%
  63  Hhon_g03119.t1                                       3.28%    passed     55.11%
  64  HoiH04_mRNA13200                                     3.28%    passed     57.73%
  65  HoiH23_PlH23_007545-RA                               3.28%    passed     46.70%
  66  HoiH06_mRNA8880                                     10.04%    passed     21.79%
  67  HoiH11_mRNA2942                                     13.87%    passed     52.37%
  68  TrH2_TrispH2_009547-RA                               3.28%    passed     45.90%
  69  Tadh_TriadT62033                                     3.28%    passed     44.99%
  70  Lcom_lcpid40555                                      3.10%    passed     84.91%
  71  Lcom_lcpid35104                                     34.12%    passed     70.12%
  72  Gracom_Gcom_scaffold11313_01                         3.47%    passed     74.30%
  73  Scil_scict010543.1                                   3.47%    passed     74.42%
  74  Leuniv_Lniv_scaffold24528_01                         3.28%    passed     91.04%
  75  Acaspe_EP00035_Acanthoeca_spectabilis_P023088        8.76%    passed     68.96%
  76  Helnan_EP00037_Helgoeca_nana_P003319                 8.58%    failed      4.47%
  77  Lcom_lcpid198230                                    74.82%    passed     57.65%
  78  Stedip_EP00041_Stephanoeca_diplocostata_P025309      4.93%    passed     96.10%
  79  Stedip_EP00041_Stephanoeca_diplocostata_P025303     60.40%    passed     25.99%
  80  Salpun_EP00053_Salpingoeca_punica_P012525            9.12%    passed     28.66%
  81  Salmac_EP00052_Salpingoeca_macrocollata_P011511     78.83%    passed     23.06%
  82  Salmac_EP00052_Salpingoeca_macrocollata_P011512      9.12%    passed     15.31%
  83  Salurc_EP00051_Salpingoeca_urceolata_P027878         3.65%    passed     19.92%
  84  Salkve_EP00050_Salpingoeca_kvevrii_P011328           9.85%    passed     30.82%
  85  Diagra_EP00040_Diaphanoeca_grandis_P012449           5.66%    passed     98.16%
  86  Saldol_EP00054_Salpingoeca_dolichothecata_P004377    7.85%    passed     97.02%
  87  Chofle_EP00730_Choanoeca_flexa_P007100               9.31%    failed      2.08%
  88  Chofle_EP00730_Choanoeca_flexa_P007103              50.18%    passed     23.50%
  89  Choper_EP00045_Choanoeca_perplexa_P004696            7.48%    failed      1.05%
  90  Mylflu_EP00047_Mylnosiga_fluctuans_P003558           2.37%    failed      0.01%
  91  Microa_EP00043_Microstomoeca_roanoka_P016617        10.22%    passed     39.54%
  92  Sros_EGD78639                                       18.43%    failed      0.69%
  93  Codhol_EP00042_Codosiga_hollandica_P049492           6.20%    failed      0.47%
  94  Codhol_EP00042_Codosiga_hollandica_P049494          15.69%    failed      0.01%
  95  Didcos_EP00039_Didymoeca_costata_P006191             8.76%    passed     90.75%
  96  Mbre_EDQ88645                                       29.01%    failed      0.07%
WARNING: 14 sequences contain more than 50% gaps/ambiguity
****  TOTAL                                               18.61%  9 sequences failed composition chi2 test (p-value<5%; df=19)
NOTE: Eupdun_Edun_sb10624195 is identical to Eupdun_Edun_sb10624194 but kept for subsequent analysis


Create initial parsimony tree by phylogenetic likelihood library (PLL)... 0.042 seconds
Measuring multi-threading efficiency up to 2 CPU cores
Increase to 10 rounds for branch lengths
2 trees examined
Threads: 1 / Time: 2.628 sec / Speedup: 1.000 / Efficiency: 100% / LogL: -73837
Threads: 2 / Time: 1.431 sec / Speedup: 1.836 / Efficiency: 92% / LogL: -73837
BEST NUMBER OF THREADS: 2

Perform fast likelihood tree search using LG+I+G model...
Estimate model parameters (epsilon = 5.000)
Perform nearest neighbor interchange...
Estimate model parameters (epsilon = 1.000)
1. Initial log-likelihood: -50114.903
Optimal log-likelihood: -50114.831
Proportion of invariable sites: 0.006
Gamma shape alpha: 1.483
Parameters optimization took 1 rounds (0.268 sec)
Time for fast ML tree search: 2.843 seconds

NOTE: ModelFinder requires 35 MB RAM!
ModelFinder will test up to 24 protein models (sample size: 548) ...
 No. Model         -LnL         df  AIC          AICc         BIC
  1  LG            51882.647    189 104143.293   104343.908   104957.179
  2  LG+I          51808.933    190 103997.867   104201.172   104816.059
  3  LG+G4         50126.871    190 100633.742   100837.048   101451.935
  4  LG+I+G4       50114.879    191 100611.758   100817.780   101434.257
  8  LG+F+I+G4     49951.624    210 100323.249   100586.216   101227.567
 12  WAG+I+G4      50376.531    191 101135.063   101341.085   101957.561
 16  WAG+F+I+G4    50188.267    210 100796.533   101059.501   101700.851
 20  JTT+I+G4      50455.151    191 101292.303   101498.325   102114.801
 24  JTT+F+I+G4    50252.968    210 100925.936   101188.903   101830.254
Akaike Information Criterion:           LG+F+I+G4
Corrected Akaike Information Criterion: LG+F+I+G4
Bayesian Information Criterion:         LG+F+I+G4
Best-fit model: LG+F+I+G4 chosen according to BIC

All model information printed to results_broccoli_metc/alignments_prefiltering/OG_5457.iqtree.model.gz
CPU time for ModelFinder: 25.679 seconds (0h:0m:25s)
Wall-clock time for ModelFinder: 14.270 seconds (0h:0m:14s)
Generating 1000 samples for ultrafast bootstrap (seed: 433)...

NOTE: 35 MB RAM (0 GB) is required!
Estimate model parameters (epsilon = 0.100)
Thoroughly optimizing +I+G parameters from 10 start values...
Init pinv, alpha: 0.000, 1.480 / Estimate: 0.006, 1.476 / LogL: -49951.581
Init pinv, alpha: 0.001, 1.480 / Estimate: 0.005, 1.476 / LogL: -49951.592
Init pinv, alpha: 0.002, 1.480 / Estimate: 0.006, 1.477 / LogL: -49951.589
Init pinv, alpha: 0.002, 1.480 / Estimate: 0.006, 1.477 / LogL: -49951.587
Init pinv, alpha: 0.003, 1.480 / Estimate: 0.006, 1.476 / LogL: -49951.584
Init pinv, alpha: 0.004, 1.480 / Estimate: 0.006, 1.476 / LogL: -49951.582
Init pinv, alpha: 0.005, 1.480 / Estimate: 0.006, 1.476 / LogL: -49951.589
Init pinv, alpha: 0.006, 1.480 / Estimate: 0.006, 1.476 / LogL: -49951.586
Init pinv, alpha: 0.006, 1.480 / Estimate: 0.006, 1.476 / LogL: -49951.584
Init pinv, alpha: 0.007, 1.480 / Estimate: 0.006, 1.475 / LogL: -49951.576
Optimal pinv,alpha: 0.006, 1.475 / LogL: -49951.576

Parameters optimization took 5.185 sec
Computing ML distances based on estimated model parameters...
Computing ML distances took 0.600761 sec (of wall-clock time) 1.200649 sec(of CPU time)
WARNING: Some pairwise ML distances are too long (saturated)
Computing RapidNJ tree took 0.001261 sec (of wall-clock time) 0.002517 sec (of CPU time)
Log-likelihood of RapidNJ tree: -50394.687
--------------------------------------------------------------------
|             INITIALIZING CANDIDATE TREE SET                      |
--------------------------------------------------------------------
Generating 98 parsimony trees... 4.331 second
Computing log-likelihood of 98 initial trees ... 8.439 seconds
Current best score: -49951.576

Do NNI search on 20 best initial trees
Estimate model parameters (epsilon = 0.100)
BETTER TREE FOUND at iteration 1: -49951.572
Iteration 10 / LogL: -49958.623 / Time: 0h:0m:36s
Iteration 20 / LogL: -49955.383 / Time: 0h:0m:55s
Finish initializing candidate tree set (18)
Current best tree score: -49951.572 / CPU time: 49.388
Number of iterations: 20
--------------------------------------------------------------------
|               OPTIMIZING CANDIDATE TREE SET                      |
--------------------------------------------------------------------
Iteration 30 / LogL: -49953.385 / Time: 0h:1m:15s (0h:7m:23s left)
Iteration 40 / LogL: -49951.586 / Time: 0h:1m:37s (0h:6m:42s left)
Iteration 50 / LogL: -49951.591 / Time: 0h:1m:58s (0h:6m:3s left)
Log-likelihood cutoff on original alignment: -50000.598
Iteration 60 / LogL: -49953.195 / Time: 0h:2m:17s (0h:5m:29s left)
Iteration 70 / LogL: -49963.153 / Time: 0h:2m:38s (0h:5m:1s left)
Iteration 80 / LogL: -49961.954 / Time: 0h:2m:58s (0h:4m:33s left)
Iteration 90 / LogL: -49953.513 / Time: 0h:3m:19s (0h:4m:9s left)
Iteration 100 / LogL: -49954.645 / Time: 0h:3m:40s (0h:3m:44s left)
Log-likelihood cutoff on original alignment: -50000.598
NOTE: Bootstrap correlation coefficient of split occurrence frequencies: 0.999
Iteration 110 / LogL: -49955.287 / Time: 0h:4m:2s (0h:3m:22s left)
Iteration 120 / LogL: -49958.358 / Time: 0h:4m:24s (0h:3m:0s left)
Iteration 130 / LogL: -49952.567 / Time: 0h:4m:45s (0h:2m:37s left)
Iteration 140 / LogL: -49952.444 / Time: 0h:5m:5s (0h:2m:14s left)
Iteration 150 / LogL: -49951.784 / Time: 0h:5m:27s (0h:1m:51s left)
Log-likelihood cutoff on original alignment: -50000.598
Iteration 160 / LogL: -49961.898 / Time: 0h:5m:47s (0h:1m:29s left)
Iteration 170 / LogL: -49952.212 / Time: 0h:6m:7s (0h:1m:7s left)
Iteration 180 / LogL: -49953.457 / Time: 0h:6m:28s (0h:0m:45s left)
Iteration 190 / LogL: -49962.491 / Time: 0h:6m:47s (0h:0m:23s left)
Iteration 200 / LogL: -49952.450 / Time: 0h:7m:9s (0h:0m:2s left)
Log-likelihood cutoff on original alignment: -50000.598
NOTE: Bootstrap correlation coefficient of split occurrence frequencies: 1.000
TREE SEARCH COMPLETED AFTER 202 ITERATIONS / Time: 0h:7m:13s

--------------------------------------------------------------------
|                    FINALIZING TREE SEARCH                        |
--------------------------------------------------------------------
Performs final model parameters optimization
Estimate model parameters (epsilon = 0.010)
1. Initial log-likelihood: -49951.572
Optimal log-likelihood: -49951.570
Proportion of invariable sites: 0.006
Gamma shape alpha: 1.473
Parameters optimization took 1 rounds (0.273 sec)
BEST SCORE FOUND : -49951.570
Creating bootstrap support values...
Split supports printed to NEXUS file results_broccoli_metc/alignments_prefiltering/OG_5457.iqtree.splits.nex
Total tree length: 39.489

Total number of iterations: 202
CPU time used for tree search: 845.128 sec (0h:14m:5s)
Wall-clock time used for tree search: 426.492 sec (0h:7m:6s)
Total CPU time used: 859.126 sec (0h:14m:19s)
Total wall-clock time used: 433.621 sec (0h:7m:13s)

Computing bootstrap consensus tree...
Reading input file results_broccoli_metc/alignments_prefiltering/OG_5457.iqtree.splits.nex...
96 taxa and 405 splits.
Consensus tree written to results_broccoli_metc/alignments_prefiltering/OG_5457.iqtree.contree
Reading input trees file results_broccoli_metc/alignments_prefiltering/OG_5457.iqtree.contree
Log-likelihood of consensus tree: -49951.576

Analysis results written to: 
  IQ-TREE report:                results_broccoli_metc/alignments_prefiltering/OG_5457.iqtree.iqtree
  Maximum-likelihood tree:       results_broccoli_metc/alignments_prefiltering/OG_5457.iqtree.treefile
  Likelihood distances:          results_broccoli_metc/alignments_prefiltering/OG_5457.iqtree.mldist

Ultrafast bootstrap approximation results written to:
  Split support values:          results_broccoli_metc/alignments_prefiltering/OG_5457.iqtree.splits.nex
  Consensus tree:                results_broccoli_metc/alignments_prefiltering/OG_5457.iqtree.contree
  Screen log file:               results_broccoli_metc/alignments_prefiltering/OG_5457.iqtree.log

Date and Time: Thu Jun  2 00:09:42 2022
