IQ-TREE multicore version 2.1.0 for Linux 64-bit built Jul 18 2020
Developed by Bui Quang Minh, James Barbetti, Nguyen Lam Tung,
Olga Chernomor, Heiko Schmidt, Dominik Schrempf, Michael Woodhams.

Host:    node-hp0110.linux.crg.es (AVX, 125 GB RAM)
Command: /users/asebe/xgraubove/Programes/iqtree-2.1.0-Linux/bin/iqtree2 -s results_broccoli_metc/alignments_prefiltering/OG_5717.lt.fasta -m TEST -mset LG,WAG,JTT -nt AUTO -ntmax 2 -bb 1000 -pre results_broccoli_metc/alignments_prefiltering/OG_5717.iqtree -nm 10000 -nstop 200 -cptime 1800
Seed:    910809 (Using SPRNG - Scalable Parallel Random Number Generator)
Time:    Thu Jun  2 00:55:57 2022
Kernel:  AVX - auto-detect threads (2 CPU cores detected)

Reading alignment file results_broccoli_metc/alignments_prefiltering/OG_5717.lt.fasta ... Fasta format detected
Alignment most likely contains protein sequences
Alignment has 106 sequences with 840 columns, 838 distinct patterns
818 parsimony-informative, 3 singleton sites, 19 constant sites
                                                        Gap/Ambiguity  Composition  p-value
   1  Emue_Em0010g357a.t1                                      36.19%    passed      8.06%
   2  Emue_Em0010g361a.t1                                      77.26%    passed     14.91%
   3  Spolac_c103612_g2_i3_m.35159c103612-g2                   10.60%    passed     91.17%
   4  Tetwil_g4159.t1                                           4.29%    passed     69.66%
   5  Bralan_BLAG19100898_1                                     5.36%    passed     80.62%
   6  Spur_NM_214494.1                                          3.81%    passed     78.80%
   7  Skow_XM_006815240.1                                      81.79%    passed      9.76%
   8  Cgig_XM_034465963.1                                       3.10%    passed     43.67%
   9  Spis_XP_022797908_1                                       2.38%    passed     70.47%
  10  Pocdam_XM_027187087.1                                     2.26%    passed     55.71%
  11  Fspp_ffun1.m4.7644.m1                                    44.76%    passed     27.43%
  12  Gasp_gasp1.m3.12790.m1                                   41.67%    passed     61.06%
  13  Amil_Amillepora03975-RA                                   9.40%    passed     90.57%
  14  Adig_XM_015892738.1                                      16.19%    passed     99.73%
  15  Gfas_gfas1.m1.15878.m1                                   11.43%    passed     96.39%
  16  Exapal_XM_021043294.2                                     9.05%    passed     93.77%
  17  Nvec_v1g193454                                            4.76%    passed     81.51%
  18  Dgig_XM_028543518.1                                       2.62%    passed     49.99%
  19  Dgig_XM_028557924.1                                       2.50%    passed     59.38%
  20  Xesp_020386-T1                                            3.10%    passed     36.02%
  21  Opea_EP00118_Oscarella_pearsei_P010566                   85.24%    passed     47.80%
  22  Opea_EP00118_Oscarella_pearsei_P010565                    9.76%    passed     41.08%
  23  Plajan_Pjan_scaffold3352_01                              42.98%    passed     59.71%
  24  Plajan_Pjan_scaffold3356_01                              42.98%    passed     59.71%
  25  Plajan_Pjan_scaffold3354_01                              42.50%    passed     60.50%
  26  Hvul_g26943_1                                             4.29%    passed     39.93%
  27  Chem_TCONS_00021611                                       1.31%    passed     21.60%
  28  Nemnom_g19080.t1                                          5.60%    passed     92.38%
  29  Nemnom_g4478.t1                                           5.12%    passed     92.88%
  30  Rhoesc_Res_012992-T1                                      2.50%    passed     80.21%
  31  Aaur_scaffold33.g5.t2                                    49.05%    passed     68.35%
  32  Sanmal_Sma_026055-T1                                      3.45%    passed     93.46%
  33  Sanmal_Sma_009858-T1                                      4.40%    passed     87.29%
  34  Ctel_gnl_WGS_AMQN_CAPTEDRAFT_mRNA226670                  21.43%    passed     35.85%
  35  Ctel_gnl_WGS_AMQN_CAPTEDRAFT_mRNA183430                   5.36%    passed     89.23%
  36  Aque_Aqu2.1.38611_001                                     7.14%    passed     76.93%
  37  Halamb_c53800_g2_i1mm.5454                                6.79%    passed     87.46%
  38  Hsap_ENST00000679126                                      4.64%    passed     81.71%
  39  Bolinf_Binf_sb1207271                                    36.43%    passed     69.39%
  40  Mertsp_Mesp_sb568446                                     32.14%    passed     72.32%
  41  Beraby_Baby_sb338197                                     16.79%    passed     29.06%
  42  Beraby_Baby_sb338198                                     35.60%    passed     27.30%
  43  Beraby_Baby_sb338200                                     55.83%    failed      4.85%
  44  Beraby_Baby_sb338201                                     92.74%    failed      1.22%
  45  Beraby_Baby_sb338199                                     32.02%    passed     75.02%
  46  Beraby_Baby_sb338202                                     50.83%    passed     70.61%
  47  Beraby_Baby_sb338203                                     71.07%    passed     13.44%
  48  Mlei_ML3209.g8.i1                                         5.60%    passed     42.32%
  49  Vmul_sbMO368117                                          80.48%    passed     53.49%
  50  Coeast_Cast_sb792198                                     79.52%    passed     29.11%
  51  Coeast_Cast_sb792202                                     58.69%    failed      3.55%
  52  Coeast_Cast_sb792201                                     55.60%    passed      8.63%
  53  Coemet_Cmet_scaffold22697_01                             24.76%    passed     91.91%
  54  Coeast_Cast_sb792199                                     57.74%    passed     13.17%
  55  Coeast_Cast_sb792200                                     60.83%    passed      5.80%
  56  Horcal_Hcv1.av93.c2.g559.i1                               4.29%    passed     58.01%
  57  Horcal_Hcv1.av93.c2.g559.i2                              24.76%    passed     85.71%
  58  Horcal_Hcv1.av93.c2.g559.i3                              42.38%    passed     38.71%
  59  Pbac_sb2663243                                           40.95%    passed     90.93%
  60  Pbac_sb2662133                                           57.02%    passed      9.29%
  61  Lampan_Lpan_5404_01                                      48.33%    passed     52.92%
  62  Lampan_Lpan_5405_01                                      48.81%    passed     66.43%
  63  Lampan_Lpan_5406_01                                      48.81%    passed     66.43%
  64  Pbac_sb2663958                                           63.33%    passed      9.02%
  65  Acagra_model.g27852.t1                                    4.64%    passed     87.43%
  66  Plespi_Pspi_C615000_01                                    8.21%    passed     39.38%
  67  Skow_XM_002738858.2                                      23.69%    passed     63.54%
  68  Dpul_mRNA18999                                            7.50%    passed     58.12%
  69  HoiH23_PlH23_009656-RA                                   20.00%    failed      1.93%
  70  HoiH06_mRNA9646                                          22.62%    failed      2.05%
  71  Hhon_g02872.t1                                           19.88%    failed      2.10%
  72  HoiH04_mRNA8261                                          20.36%    failed      2.84%
  73  TrH2_TrispH2_001050-RA                                   19.64%    passed     14.11%
  74  Tadh_TriadT52286                                         18.69%    passed     18.28%
  75  TrH2_TrispH2_001051-RA                                   19.64%    passed     83.81%
  76  Tadh_TriadT52287                                          7.02%    passed     91.18%
  77  Hhon_g02871.t1                                            5.71%    passed     63.21%
  78  HoiH06_mRNA9691                                           6.43%    passed     71.35%
  79  HoiH23_PlH23_009655-RA                                   11.67%    passed     96.38%
  80  HoiH04_mRNA2395                                          11.79%    passed     68.36%
  81  HoiH11_mRNA6132                                          11.43%    passed     47.56%
  82  Stycar_maker-SC_scaffold5483-augustus-gene-0.24-mRNA-1   56.67%    passed     52.92%
  83  Cscu_XM_023364661.1                                       4.88%    failed      0.40%
  84  Lcom_lcpid68329                                          27.62%    passed      7.81%
  85  Lcom_lcpid119030                                         68.10%    passed     57.88%
  86  Gracom_Gcom_C554264_01                                   19.17%    passed     31.81%
  87  Leuniv_Lniv_scaffold24326_01                             19.64%    passed     25.77%
  88  Clacor_Ccor_scaffold14058_01                             22.50%    passed     54.46%
  89  Tcas_TC010949_001                                        35.00%    passed     36.65%
  90  Tcas_TC013058_001                                        14.76%    passed     34.66%
  91  Codhol_EP00042_Codosiga_hollandica_P016564               52.26%    failed      0.84%
  92  Salmac_EP00052_Salpingoeca_macrocollata_P024644          12.98%    passed     29.52%
  93  Salurc_EP00051_Salpingoeca_urceolata_P011187              9.05%    failed      2.58%
  94  Salkve_EP00050_Salpingoeca_kvevrii_P017051               13.69%    failed      0.04%
  95  Mylflu_EP00047_Mylnosiga_fluctuans_P023868               11.19%    failed      0.00%
  96  Microa_EP00043_Microstomoeca_roanoka_P017550              9.52%    failed      0.03%
  97  Sros_EGD76263                                            11.31%    passed     32.08%
  98  Chofle_EP00730_Choanoeca_flexa_P009019                   22.74%    failed      0.02%
  99  Choper_EP00045_Choanoeca_perplexa_P001366                13.21%    failed      0.21%
 100  Mbre_EDQ93116                                            68.93%    passed     51.28%
 101  Salinf_EP00049_Salpingoeca_infusionum_P015440            51.31%    failed      0.66%
 102  Salinf_EP00049_Salpingoeca_infusionum_P015441             6.79%    failed      0.00%
 103  Mylflu_EP00047_Mylnosiga_fluctuans_P023867               22.98%    failed      0.00%
 104  Morvir_scaffold738.g3.t1                                 42.26%    passed     48.84%
 105  Codhol_EP00042_Codosiga_hollandica_P047282               28.93%    failed      0.00%
 106  Diagra_EP00040_Diaphanoeca_grandis_P033016               19.40%    failed      0.18%
WARNING: 20 sequences contain more than 50% gaps/ambiguity
****  TOTAL                                                    26.85%  20 sequences failed composition chi2 test (p-value<5%; df=19)
NOTE: Plajan_Pjan_scaffold3356_01 is identical to Plajan_Pjan_scaffold3352_01 but kept for subsequent analysis
NOTE: Lampan_Lpan_5406_01 is identical to Lampan_Lpan_5405_01 but kept for subsequent analysis


Create initial parsimony tree by phylogenetic likelihood library (PLL)... 0.077 seconds
Measuring multi-threading efficiency up to 2 CPU cores
7 trees examined
Threads: 1 / Time: 2.096 sec / Speedup: 1.000 / Efficiency: 100% / LogL: -111830
Threads: 2 / Time: 1.073 sec / Speedup: 1.954 / Efficiency: 98% / LogL: -111830
BEST NUMBER OF THREADS: 2

Perform fast likelihood tree search using LG+I+G model...
Estimate model parameters (epsilon = 5.000)
Perform nearest neighbor interchange...
Estimate model parameters (epsilon = 1.000)
1. Initial log-likelihood: -68063.623
Optimal log-likelihood: -68063.558
Proportion of invariable sites: 0.022
Gamma shape alpha: 1.400
Parameters optimization took 1 rounds (0.461 sec)
Time for fast ML tree search: 4.506 seconds

NOTE: ModelFinder requires 59 MB RAM!
ModelFinder will test up to 24 protein models (sample size: 840) ...
 No. Model         -LnL         df  AIC          AICc         BIC
  1  LG            70723.547    209 141865.094   142004.427   142854.375
  2  LG+I          70305.621    210 141031.242   141172.132   142025.256
  3  LG+G4         68119.869    210 136659.739   136800.629   137653.753
  4  LG+I+G4       68063.567    211 136549.133   136691.592   137547.881
  8  LG+F+I+G4     68200.426    230 136860.853   137035.336   137949.535
 12  WAG+I+G4      68474.780    211 137371.560   137514.019   138370.308
 16  WAG+F+I+G4    68643.494    230 137746.987   137921.470   138835.670
 20  JTT+I+G4      68494.241    211 137410.482   137552.941   138409.230
 24  JTT+F+I+G4    68487.725    230 137435.451   137609.934   138524.133
Akaike Information Criterion:           LG+I+G4
Corrected Akaike Information Criterion: LG+I+G4
Bayesian Information Criterion:         LG+I+G4
Best-fit model: LG+I+G4 chosen according to BIC

All model information printed to results_broccoli_metc/alignments_prefiltering/OG_5717.iqtree.model.gz
CPU time for ModelFinder: 39.958 seconds (0h:0m:39s)
Wall-clock time for ModelFinder: 21.101 seconds (0h:0m:21s)
Generating 1000 samples for ultrafast bootstrap (seed: 910809)...

NOTE: 59 MB RAM (0 GB) is required!
Estimate model parameters (epsilon = 0.100)
Thoroughly optimizing +I+G parameters from 10 start values...
Init pinv, alpha: 0.000, 1.402 / Estimate: 0.022, 1.401 / LogL: -68063.558
Init pinv, alpha: 0.003, 1.402 / Estimate: 0.022, 1.400 / LogL: -68063.567
Init pinv, alpha: 0.005, 1.402 / Estimate: 0.022, 1.401 / LogL: -68063.577
Init pinv, alpha: 0.008, 1.402 / Estimate: 0.022, 1.401 / LogL: -68063.571
Init pinv, alpha: 0.010, 1.402 / Estimate: 0.022, 1.401 / LogL: -68063.580
Init pinv, alpha: 0.013, 1.402 / Estimate: 0.022, 1.401 / LogL: -68063.572
Init pinv, alpha: 0.015, 1.402 / Estimate: 0.022, 1.400 / LogL: -68063.566
Init pinv, alpha: 0.018, 1.402 / Estimate: 0.022, 1.400 / LogL: -68063.561
Init pinv, alpha: 0.020, 1.402 / Estimate: 0.022, 1.400 / LogL: -68063.560
Init pinv, alpha: 0.023, 1.402 / Estimate: 0.022, 1.400 / LogL: -68063.556
Optimal pinv,alpha: 0.022, 1.400 / LogL: -68063.556

Parameters optimization took 11.153 sec
Computing ML distances based on estimated model parameters...
Computing ML distances took 0.745839 sec (of wall-clock time) 1.488445 sec(of CPU time)
WARNING: Some pairwise ML distances are too long (saturated)
Computing RapidNJ tree took 0.001716 sec (of wall-clock time) 0.003397 sec (of CPU time)
Log-likelihood of RapidNJ tree: -69472.727
--------------------------------------------------------------------
|             INITIALIZING CANDIDATE TREE SET                      |
--------------------------------------------------------------------
Generating 98 parsimony trees... 7.022 second
Computing log-likelihood of 98 initial trees ... 13.638 seconds
Current best score: -68063.556

Do NNI search on 20 best initial trees
Estimate model parameters (epsilon = 0.100)
BETTER TREE FOUND at iteration 1: -68063.555
Estimate model parameters (epsilon = 0.100)
BETTER TREE FOUND at iteration 3: -68047.738
Iteration 10 / LogL: -68071.472 / Time: 0h:1m:4s
Iteration 20 / LogL: -68079.564 / Time: 0h:1m:36s
Finish initializing candidate tree set (18)
Current best tree score: -68047.738 / CPU time: 82.762
Number of iterations: 20
--------------------------------------------------------------------
|               OPTIMIZING CANDIDATE TREE SET                      |
--------------------------------------------------------------------
Estimate model parameters (epsilon = 0.100)
BETTER TREE FOUND at iteration 22: -68047.198
Estimate model parameters (epsilon = 0.100)
BETTER TREE FOUND at iteration 23: -68045.797
Iteration 30 / LogL: -68046.837 / Time: 0h:2m:18s (0h:15m:18s left)
Iteration 40 / LogL: -68046.490 / Time: 0h:2m:59s (0h:14m:0s left)
Iteration 50 / LogL: -68047.110 / Time: 0h:3m:37s (0h:12m:48s left)
Log-likelihood cutoff on original alignment: -68104.548
Iteration 60 / LogL: -68074.662 / Time: 0h:4m:17s (0h:11m:50s left)
Estimate model parameters (epsilon = 0.100)
BETTER TREE FOUND at iteration 61: -68045.692
Iteration 70 / LogL: -68045.790 / Time: 0h:4m:56s (0h:13m:40s left)
Iteration 80 / LogL: -68045.802 / Time: 0h:5m:38s (0h:12m:55s left)
Iteration 90 / LogL: -68046.305 / Time: 0h:6m:20s (0h:12m:10s left)
Iteration 100 / LogL: -68047.512 / Time: 0h:6m:59s (0h:11m:21s left)
Log-likelihood cutoff on original alignment: -68101.317
NOTE: Bootstrap correlation coefficient of split occurrence frequencies: 0.998
Iteration 110 / LogL: -68045.787 / Time: 0h:7m:41s (0h:10m:38s left)
Iteration 120 / LogL: -68045.791 / Time: 0h:8m:21s (0h:9m:53s left)
Iteration 130 / LogL: -68045.696 / Time: 0h:9m:2s (0h:9m:10s left)
Iteration 140 / LogL: -68048.262 / Time: 0h:9m:44s (0h:8m:28s left)
Iteration 150 / LogL: -68070.952 / Time: 0h:10m:24s (0h:7m:45s left)
Log-likelihood cutoff on original alignment: -68101.317
Iteration 160 / LogL: -68045.965 / Time: 0h:11m:8s (0h:7m:4s left)
Iteration 170 / LogL: -68047.254 / Time: 0h:11m:49s (0h:6m:21s left)
Iteration 180 / LogL: -68046.678 / Time: 0h:12m:30s (0h:5m:39s left)
Iteration 190 / LogL: -68155.439 / Time: 0h:13m:14s (0h:4m:58s left)
Iteration 200 / LogL: -68045.785 / Time: 0h:13m:56s (0h:4m:16s left)
Log-likelihood cutoff on original alignment: -68101.317
NOTE: Bootstrap correlation coefficient of split occurrence frequencies: 0.998
Iteration 210 / LogL: -68047.651 / Time: 0h:14m:35s (0h:6m:16s left)
Iteration 220 / LogL: -68123.298 / Time: 0h:15m:18s (0h:5m:35s left)
Iteration 230 / LogL: -68124.263 / Time: 0h:15m:58s (0h:4m:52s left)
Iteration 240 / LogL: -68045.809 / Time: 0h:16m:36s (0h:4m:10s left)
Iteration 250 / LogL: -68047.148 / Time: 0h:17m:17s (0h:3m:28s left)
Log-likelihood cutoff on original alignment: -68101.317
Iteration 260 / LogL: -68049.363 / Time: 0h:17m:58s (0h:2m:46s left)
TREE SEARCH COMPLETED AFTER 262 ITERATIONS / Time: 0h:18m:6s

--------------------------------------------------------------------
|                    FINALIZING TREE SEARCH                        |
--------------------------------------------------------------------
Performs final model parameters optimization
Estimate model parameters (epsilon = 0.010)
1. Initial log-likelihood: -68045.692
Optimal log-likelihood: -68045.691
Proportion of invariable sites: 0.022
Gamma shape alpha: 1.401
Parameters optimization took 1 rounds (0.500 sec)
BEST SCORE FOUND : -68045.691
Creating bootstrap support values...
Split supports printed to NEXUS file results_broccoli_metc/alignments_prefiltering/OG_5717.iqtree.splits.nex
Total tree length: 34.724

Total number of iterations: 262
CPU time used for tree search: 2133.182 sec (0h:35m:33s)
Wall-clock time used for tree search: 1072.982 sec (0h:17m:52s)
Total CPU time used: 2161.525 sec (0h:36m:1s)
Total wall-clock time used: 1087.302 sec (0h:18m:7s)

Computing bootstrap consensus tree...
Reading input file results_broccoli_metc/alignments_prefiltering/OG_5717.iqtree.splits.nex...
106 taxa and 428 splits.
Consensus tree written to results_broccoli_metc/alignments_prefiltering/OG_5717.iqtree.contree
Reading input trees file results_broccoli_metc/alignments_prefiltering/OG_5717.iqtree.contree
Log-likelihood of consensus tree: -68045.792

Analysis results written to: 
  IQ-TREE report:                results_broccoli_metc/alignments_prefiltering/OG_5717.iqtree.iqtree
  Maximum-likelihood tree:       results_broccoli_metc/alignments_prefiltering/OG_5717.iqtree.treefile
  Likelihood distances:          results_broccoli_metc/alignments_prefiltering/OG_5717.iqtree.mldist

Ultrafast bootstrap approximation results written to:
  Split support values:          results_broccoli_metc/alignments_prefiltering/OG_5717.iqtree.splits.nex
  Consensus tree:                results_broccoli_metc/alignments_prefiltering/OG_5717.iqtree.contree
  Screen log file:               results_broccoli_metc/alignments_prefiltering/OG_5717.iqtree.log

Date and Time: Thu Jun  2 01:14:27 2022
