IQ-TREE multicore version 2.1.0 for Linux 64-bit built Jul 18 2020
Developed by Bui Quang Minh, James Barbetti, Nguyen Lam Tung,
Olga Chernomor, Heiko Schmidt, Dominik Schrempf, Michael Woodhams.

Host:    node-hp0405.linux.crg.es (AVX, 125 GB RAM)
Command: /users/asebe/xgraubove/Programes/iqtree-2.1.0-Linux/bin/iqtree2 -s results_broccoli_metc/alignments_prefiltering/OG_5462.lt.fasta -m TEST -mset LG,WAG,JTT -nt AUTO -ntmax 2 -bb 1000 -pre results_broccoli_metc/alignments_prefiltering/OG_5462.iqtree -nm 10000 -nstop 200 -cptime 1800
Seed:    806744 (Using SPRNG - Scalable Parallel Random Number Generator)
Time:    Wed Jun  1 23:55:30 2022
Kernel:  AVX - auto-detect threads (2 CPU cores detected)

Reading alignment file results_broccoli_metc/alignments_prefiltering/OG_5462.lt.fasta ... Fasta format detected
Alignment most likely contains protein sequences
Alignment has 84 sequences with 1455 columns, 1455 distinct patterns
1447 parsimony-informative, 0 singleton sites, 8 constant sites
                                                    Gap/Ambiguity  Composition  p-value
   1  Salinf_EP00049_Salpingoeca_infusionum_P012736        40.55%    failed      0.72%
   2  Microa_EP00043_Microstomoeca_roanoka_P010990         37.80%    failed      0.57%
   3  Lcom_lcpid12389                                      22.89%    failed      0.03%
   4  Scil_scict023261.1                                   21.92%    failed      0.00%
   5  Leuniv_Lniv_C814540_01                               48.04%    failed      0.01%
   6  Gracom_Gcom_scaffold18650_01                         50.86%    failed      0.65%
   7  Cgig_XM_034453924.1                                  16.43%    failed      2.97%
   8  Dpul_mRNA14595                                       90.86%    passed     93.51%
   9  Dpul_mRNA14596                                       90.86%    passed     93.51%
  10  Dpul_mRNA14603                                       90.86%    passed     93.51%
  11  Dpul_mRNA16059                                       87.08%    passed     24.37%
  12  Dpul_mRNA5346                                        87.08%    passed     24.37%
  13  Dpul_mRNA763                                         90.86%    passed     61.59%
  14  Ctel_gnl_WGS_AMQN_CAPTEDRAFT_mRNA220544              31.00%    passed     56.41%
  15  Acagra_model.g20097.t1_model.g20098.t1               18.08%    passed     58.21%
  16  Skow_XM_006814015.1                                  34.85%    failed      0.80%
  17  Bralan_BLAG10000985_1                                18.97%    passed     45.93%
  18  Clacor_Ccor_scaffold5658_01                          73.68%    passed     10.76%
  19  Spur_XM_011677930.2                                  17.04%    passed     87.19%
  20  Spur_XM_030975899.1                                  16.98%    passed     87.30%
  21  Exapal_XM_021061724.2                                12.58%    failed      1.28%
  22  Nvec_v1g82036                                        16.98%    failed      0.05%
  23  Pocdam_XM_027181067.1                                19.18%    failed      0.31%
  24  Spis_XP_022792324_1                                  12.10%    failed      1.72%
  25  Gasp_gasp1.m3.14176.m1                               15.26%    passed      7.31%
  26  Fspp_ffun1.m4.18463.m1                               32.30%    passed     31.06%
  27  Gfas_gfas1.m1.7742.m1                                14.02%    failed      0.28%
  28  Hsap_ENST00000622683                                 27.90%    failed      0.00%
  29  Horcal_Hcv1.av93.c1.g1294.i1                         67.77%    failed      4.01%
  30  Pbac_sb2666716                                       92.71%    failed      0.34%
  31  Pbac_sb2649673                                       94.36%    passed     13.14%
  32  Mlei_ML0192.g40.i1                                   62.89%    passed     11.83%
  33  Vmul_sbMO382759                                      87.90%    failed      2.05%
  34  Beraby_Baby_sb343400                                 69.21%    passed     42.22%
  35  Coeast_Cast_sb746424                                 79.24%    failed      0.00%
  36  Coemet_Cmet_scaffold14071_01                         47.90%    failed      0.00%
  37  Coemet_Cmet_scaffold14070_01                         83.16%    failed      0.70%
  38  Coemet_Cmet_scaffold14072_01                         73.06%    failed      0.03%
  39  Nemnom_g16863.t1                                     15.19%    failed      3.26%
  40  Rhoesc_Res_005194-T2                                 15.33%    failed      0.58%
  41  Aaur_scaffold232.g3.t1                               12.78%    passed     15.62%
  42  Sanmal_Sma_005528-T1                                 46.46%    passed     12.07%
  43  Morvir_scaffold147.g1.t2                             36.56%    passed     17.62%
  44  Dgig_XM_028543160.1                                  20.62%    failed      0.01%
  45  Xesp_009914-T1                                       53.40%    failed      0.00%
  46  Hvul_g7216_1                                         27.77%    failed      0.00%
  47  Hsap_ENST00000396432                                 18.14%    failed      0.01%
  48  Cscu_XM_023387974.1                                  26.46%    failed      0.00%
  49  Chem_TCONS_00012487                                  49.62%    failed      0.00%
  50  Tcas_TC034405_001                                    48.93%    failed      0.00%
  51  Salurc_EP00051_Salpingoeca_urceolata_P002860         34.98%    failed      0.00%
  52  Salmac_EP00052_Salpingoeca_macrocollata_P019226      61.31%    failed      1.24%
  53  Salpun_EP00053_Salpingoeca_punica_P015940            45.22%    failed      0.00%
  54  Salkve_EP00050_Salpingoeca_kvevrii_P011131           33.26%    failed      0.00%
  55  Saldol_EP00054_Salpingoeca_dolichothecata_P039218    55.67%    passed     23.49%
  56  Opea_EP00118_Oscarella_pearsei_P001819               51.96%    failed      0.05%
  57  Ocar_g2947                                           42.89%    passed      8.69%
  58  Plajan_Pjan_scaffold23436_01                         36.84%    failed      0.09%
  59  Chofle_EP00730_Choanoeca_flexa_P009297               42.06%    failed      0.15%
  60  Choper_EP00045_Choanoeca_perplexa_P011501            43.64%    failed      0.58%
  61  HoiH23_PlH23_010944-RA                               18.01%    failed      0.00%
  62  HoiH06_mRNA13623                                     57.59%    failed      0.00%
  63  Hhon_g09763.t1                                       18.01%    failed      0.00%
  64  HoiH04_mRNA714                                       18.21%    failed      0.00%
  65  TrH2_TrispH2_011429-RA                               19.38%    failed      0.00%
  66  Codhol_EP00042_Codosiga_hollandica_P054229           27.49%    failed      0.00%
  67  Codhol_EP00042_Codosiga_hollandica_P054232           25.84%    failed      0.00%
  68  Codhol_EP00042_Codosiga_hollandica_P054233           25.50%    failed      0.00%
  69  Codhol_EP00042_Codosiga_hollandica_P054228           27.22%    failed      0.00%
  70  Didcos_EP00039_Didymoeca_costata_P013306             61.65%    passed     20.96%
  71  Codhol_EP00042_Codosiga_hollandica_P044621           36.29%    failed      0.01%
  72  Codhol_EP00042_Codosiga_hollandica_P044623           36.43%    failed      0.16%
  73  Codhol_EP00042_Codosiga_hollandica_P044622           40.48%    failed      0.12%
  74  Codhol_EP00042_Codosiga_hollandica_P044624           40.62%    failed      2.61%
  75  Spolac_c101545_g2_i1_m.25943c101545-g1               37.87%    failed      0.75%
  76  Spolac_c101545_g2_i2_m.25948c101545-g1               41.99%    failed      0.76%
  77  Mbre_EDQ89440                                        42.61%    failed      0.04%
  78  Tetwil_g5852.t3                                      22.96%    failed      0.56%
  79  Stycar_maker-SC_scaffold3809-snap-gene-0.34-mRNA-1   65.84%    failed      0.44%
  80  Mylflu_EP00047_Mylnosiga_fluctuans_P015232           34.78%    failed      0.00%
  81  Sros_EGD72027                                        44.60%    failed      0.00%
  82  Aque_Aqu2.1.27080_001                                40.96%    passed      7.31%
  83  Halamb_c55714_g1_i1m.41539                           48.38%    passed      7.65%
  84  Xestes_maker-XT_scaffold12049-snap-gene-0.9-mRNA-1   44.19%    failed      0.01%
WARNING: 24 sequences contain more than 50% gaps/ambiguity
****  TOTAL                                                42.75%  59 sequences failed composition chi2 test (p-value<5%; df=19)
NOTE: Dpul_mRNA14596 is identical to Dpul_mRNA14595 but kept for subsequent analysis
NOTE: Dpul_mRNA5346 is identical to Dpul_mRNA16059 but kept for subsequent analysis
NOTE: 1 identical sequences (see below) will be ignored for subsequent analysis
NOTE: Dpul_mRNA14603 (identical to Dpul_mRNA14595) is ignored but added at the end
Alignment was printed to results_broccoli_metc/alignments_prefiltering/OG_5462.iqtree.uniqueseq.phy

For your convenience alignment with unique sequences printed to results_broccoli_metc/alignments_prefiltering/OG_5462.iqtree.uniqueseq.phy


Create initial parsimony tree by phylogenetic likelihood library (PLL)... 0.076 seconds
Measuring multi-threading efficiency up to 2 CPU cores
5 trees examined
Threads: 1 / Time: 2.117 sec / Speedup: 1.000 / Efficiency: 100% / LogL: -156664
Threads: 2 / Time: 1.041 sec / Speedup: 2.033 / Efficiency: 102% / LogL: -156664
BEST NUMBER OF THREADS: 2

Perform fast likelihood tree search using LG+I+G model...
Estimate model parameters (epsilon = 5.000)
Perform nearest neighbor interchange...
Estimate model parameters (epsilon = 1.000)
1. Initial log-likelihood: -114116.678
Optimal log-likelihood: -114116.532
Proportion of invariable sites: 0.005
Gamma shape alpha: 1.775
Parameters optimization took 1 rounds (0.569 sec)
Time for fast ML tree search: 6.170 seconds

NOTE: ModelFinder requires 81 MB RAM!
ModelFinder will test up to 24 protein models (sample size: 1455) ...
 No. Model         -LnL         df  AIC          AICc         BIC
  1  LG            116817.062   163 233960.123   234001.536   234821.213
  2  LG+I          116588.470   164 233504.939   233546.893   234371.312
  3  LG+G4         114170.247   164 228668.495   228710.448   229534.867
  4  LG+I+G4       114116.389   165 228562.777   228605.275   229434.433
  8  LG+F+I+G4     113311.206   184 226990.411   227044.018   227962.440
 12  WAG+I+G4      113953.222   165 228236.444   228278.942   229108.100
 16  WAG+F+I+G4    113428.624   184 227225.249   227278.855   228197.277
 20  JTT+I+G4      114056.536   165 228443.071   228485.570   229314.727
 24  JTT+F+I+G4    113393.339   184 227154.679   227208.285   228126.707
Akaike Information Criterion:           LG+F+I+G4
Corrected Akaike Information Criterion: LG+F+I+G4
Bayesian Information Criterion:         LG+F+I+G4
Best-fit model: LG+F+I+G4 chosen according to BIC

All model information printed to results_broccoli_metc/alignments_prefiltering/OG_5462.iqtree.model.gz
CPU time for ModelFinder: 57.454 seconds (0h:0m:57s)
Wall-clock time for ModelFinder: 30.075 seconds (0h:0m:30s)
Generating 1000 samples for ultrafast bootstrap (seed: 806744)...

NOTE: 81 MB RAM (0 GB) is required!
Estimate model parameters (epsilon = 0.100)
Thoroughly optimizing +I+G parameters from 10 start values...
Init pinv, alpha: 0.000, 1.697 / Estimate: 0.005, 1.696 / LogL: -113311.197
Init pinv, alpha: 0.001, 1.697 / Estimate: 0.005, 1.696 / LogL: -113311.198
Init pinv, alpha: 0.001, 1.697 / Estimate: 0.005, 1.696 / LogL: -113311.197
Init pinv, alpha: 0.002, 1.697 / Estimate: 0.005, 1.696 / LogL: -113311.196
Init pinv, alpha: 0.002, 1.697 / Estimate: 0.005, 1.696 / LogL: -113311.196
Init pinv, alpha: 0.003, 1.697 / Estimate: 0.005, 1.695 / LogL: -113311.195
Init pinv, alpha: 0.004, 1.697 / Estimate: 0.005, 1.695 / LogL: -113311.195
Init pinv, alpha: 0.004, 1.697 / Estimate: 0.005, 1.695 / LogL: -113311.196
Init pinv, alpha: 0.005, 1.697 / Estimate: 0.005, 1.695 / LogL: -113311.195
Init pinv, alpha: 0.005, 1.697 / Estimate: 0.005, 1.695 / LogL: -113311.194
Optimal pinv,alpha: 0.005, 1.695 / LogL: -113311.194

Parameters optimization took 9.940 sec
Computing ML distances based on estimated model parameters...
Computing ML distances took 0.520712 sec (of wall-clock time) 1.038122 sec(of CPU time)
Computing RapidNJ tree took 0.001286 sec (of wall-clock time) 0.001565 sec (of CPU time)
Log-likelihood of RapidNJ tree: -114093.452
--------------------------------------------------------------------
|             INITIALIZING CANDIDATE TREE SET                      |
--------------------------------------------------------------------
Generating 98 parsimony trees... 9.791 second
Computing log-likelihood of 98 initial trees ... 19.098 seconds
Current best score: -113311.194

Do NNI search on 20 best initial trees
Estimate model parameters (epsilon = 0.100)
BETTER TREE FOUND at iteration 1: -113307.078
Estimate model parameters (epsilon = 0.100)
BETTER TREE FOUND at iteration 2: -113306.259
Estimate model parameters (epsilon = 0.100)
BETTER TREE FOUND at iteration 5: -113306.151
Iteration 10 / LogL: -113306.246 / Time: 0h:1m:31s
Iteration 20 / LogL: -113306.368 / Time: 0h:2m:18s
Finish initializing candidate tree set (11)
Current best tree score: -113306.151 / CPU time: 124.485
Number of iterations: 20
--------------------------------------------------------------------
|               OPTIMIZING CANDIDATE TREE SET                      |
--------------------------------------------------------------------
Iteration 30 / LogL: -113313.667 / Time: 0h:3m:5s (0h:18m:41s left)
Iteration 40 / LogL: -113306.543 / Time: 0h:3m:58s (0h:16m:49s left)
Iteration 50 / LogL: -113306.478 / Time: 0h:4m:48s (0h:15m:11s left)
Log-likelihood cutoff on original alignment: -113352.339
Estimate model parameters (epsilon = 0.100)
UPDATE BEST LOG-LIKELIHOOD: -113295.639
Iteration 60 / LogL: -113307.157 / Time: 0h:5m:37s (0h:13m:49s left)
Iteration 70 / LogL: -113296.307 / Time: 0h:6m:27s (0h:12m:38s left)
Iteration 80 / LogL: -113295.959 / Time: 0h:7m:18s (0h:11m:33s left)
Iteration 90 / LogL: -113295.645 / Time: 0h:8m:8s (0h:10m:30s left)
Iteration 100 / LogL: -113298.504 / Time: 0h:8m:58s (0h:9m:31s left)
Log-likelihood cutoff on original alignment: -113352.339
NOTE: Bootstrap correlation coefficient of split occurrence frequencies: 0.994
Iteration 110 / LogL: -113295.680 / Time: 0h:9m:48s (0h:8m:33s left)
Iteration 120 / LogL: -113296.860 / Time: 0h:10m:38s (0h:7m:36s left)
Iteration 130 / LogL: -113297.711 / Time: 0h:11m:28s (0h:6m:40s left)
Iteration 140 / LogL: -113297.398 / Time: 0h:12m:20s (0h:5m:46s left)
Iteration 150 / LogL: -113296.011 / Time: 0h:13m:10s (0h:4m:51s left)
Log-likelihood cutoff on original alignment: -113352.339
Iteration 160 / LogL: -113295.679 / Time: 0h:13m:59s (0h:3m:57s left)
Iteration 170 / LogL: -113295.952 / Time: 0h:14m:47s (0h:3m:3s left)
Iteration 180 / LogL: -113296.729 / Time: 0h:15m:38s (0h:2m:11s left)
Iteration 190 / LogL: -113298.062 / Time: 0h:16m:26s (0h:1m:18s left)
Iteration 200 / LogL: -113298.597 / Time: 0h:17m:21s (0h:0m:26s left)
Log-likelihood cutoff on original alignment: -113352.339
NOTE: Bootstrap correlation coefficient of split occurrence frequencies: 0.999
TREE SEARCH COMPLETED AFTER 206 ITERATIONS / Time: 0h:17m:53s

--------------------------------------------------------------------
|                    FINALIZING TREE SEARCH                        |
--------------------------------------------------------------------
Performs final model parameters optimization
Estimate model parameters (epsilon = 0.010)
1. Initial log-likelihood: -113295.639
Optimal log-likelihood: -113295.638
Proportion of invariable sites: 0.005
Gamma shape alpha: 1.670
Parameters optimization took 1 rounds (0.626 sec)
BEST SCORE FOUND : -113295.638
Creating bootstrap support values...
Split supports printed to NEXUS file results_broccoli_metc/alignments_prefiltering/OG_5462.iqtree.splits.nex
Total tree length: 59.009

Total number of iterations: 206
CPU time used for tree search: 2111.884 sec (0h:35m:11s)
Wall-clock time used for tree search: 1059.268 sec (0h:17m:39s)
Total CPU time used: 2140.838 sec (0h:35m:40s)
Total wall-clock time used: 1073.884 sec (0h:17m:53s)

Computing bootstrap consensus tree...
Reading input file results_broccoli_metc/alignments_prefiltering/OG_5462.iqtree.splits.nex...
83 taxa and 294 splits.
Consensus tree written to results_broccoli_metc/alignments_prefiltering/OG_5462.iqtree.contree
Reading input trees file results_broccoli_metc/alignments_prefiltering/OG_5462.iqtree.contree
Log-likelihood of consensus tree: -113295.647

Analysis results written to: 
  IQ-TREE report:                results_broccoli_metc/alignments_prefiltering/OG_5462.iqtree.iqtree
  Maximum-likelihood tree:       results_broccoli_metc/alignments_prefiltering/OG_5462.iqtree.treefile
  Likelihood distances:          results_broccoli_metc/alignments_prefiltering/OG_5462.iqtree.mldist

Ultrafast bootstrap approximation results written to:
  Split support values:          results_broccoli_metc/alignments_prefiltering/OG_5462.iqtree.splits.nex
  Consensus tree:                results_broccoli_metc/alignments_prefiltering/OG_5462.iqtree.contree
  Screen log file:               results_broccoli_metc/alignments_prefiltering/OG_5462.iqtree.log

Date and Time: Thu Jun  2 00:13:56 2022
