IQ-TREE multicore version 2.1.0 for Linux 64-bit built Jul 18 2020
Developed by Bui Quang Minh, James Barbetti, Nguyen Lam Tung,
Olga Chernomor, Heiko Schmidt, Dominik Schrempf, Michael Woodhams.

Host:    node-hp0104.linux.crg.es (AVX, 125 GB RAM)
Command: /users/asebe/xgraubove/Programes/iqtree-2.1.0-Linux/bin/iqtree2 -s results_broccoli_metc/alignments_prefiltering/OG_5210.lt.fasta -m TEST -mset LG,WAG,JTT -nt AUTO -ntmax 2 -bb 1000 -pre results_broccoli_metc/alignments_prefiltering/OG_5210.iqtree -nm 10000 -nstop 200 -cptime 1800
Seed:    908474 (Using SPRNG - Scalable Parallel Random Number Generator)
Time:    Wed Jun  1 23:23:49 2022
Kernel:  AVX - auto-detect threads (2 CPU cores detected)

Reading alignment file results_broccoli_metc/alignments_prefiltering/OG_5210.lt.fasta ... Fasta format detected
Alignment most likely contains protein sequences
Alignment has 106 sequences with 361 columns, 361 distinct patterns
358 parsimony-informative, 0 singleton sites, 3 constant sites
                                                        Gap/Ambiguity  Composition  p-value
   1  Aaur_scaffold138.g7.t1                                   78.95%    passed     39.43%
   2  Nemnom_g16552.t1                                          2.49%    passed     72.86%
   3  Rhoesc_Res_017083-T1                                      2.49%    passed     44.94%
   4  Sanmal_Sma_029033-T1                                      2.49%    passed     43.19%
   5  Morvir_scaffold238.g21.t1                                 1.66%    passed     94.02%
   6  Spis_XP_022789919_1                                       3.05%    passed     97.66%
   7  Pocdam_XM_027199461.1                                     3.05%    passed     86.54%
   8  Gasp_gasp1.m3.6753.m1                                     2.77%    passed     96.67%
   9  Fspp_ffun1.m4.8328.m1                                     1.66%    passed     96.97%
  10  Amil_Amillepora02778-RA                                  18.56%    passed     99.58%
  11  Gfas_gfas1.m1.6339.m1                                     9.70%    passed     99.42%
  12  Exapal_XM_021049190.2                                     4.16%    passed     99.63%
  13  Nvec_v1g246453                                            3.32%    passed     96.55%
  14  Dgig_XM_028558233.1                                       2.22%    passed     99.82%
  15  Dgig_XM_028559755.1                                       2.22%    passed     99.77%
  16  Xesp_011050-T1                                            2.22%    passed     88.78%
  17  Emue_Em0016g1074a.t1                                      4.43%    passed     79.76%
  18  Spolac_c98402_g3_i1_m.17099c98402-g3                      4.99%    passed     73.11%
  19  Aque_Aqu2.1.16114_001                                     3.32%    passed     92.92%
  20  Xestes_maker-XT_scaffold23658-augustus-gene-0.6-mRNA-1   26.04%    passed     78.54%
  21  Halamb_c49050_g4_i2mm.2893                                3.05%    passed     77.74%
  22  Tetwil_g9454.t2                                           2.77%    passed     59.45%
  23  Stycar_maker-SC_scaffold2124-snap-gene-0.63-mRNA-1       50.97%    passed     61.60%
  24  Chem_TCONS_00006338                                      10.25%    passed     99.36%
  25  Lcom_lcpid226749                                         71.47%    passed     86.18%
  26  Acagra_model.g763.t1_model.g765.t1                        0.55%    passed     88.21%
  27  Tcas_TC007967_001                                         1.11%    passed     23.79%
  28  Dpul_mRNA2133                                             1.39%    passed     34.94%
  29  Cscu_XM_023359179.1                                       1.11%    passed     24.49%
  30  Lcom_lcpid175635                                         59.00%    passed     85.51%
  31  Ctel_gnl_WGS_AMQN_CAPTEDRAFT_mRNA138749                   3.88%    passed     78.41%
  32  Opea_EP00118_Oscarella_pearsei_P002940                    7.76%    passed     93.74%
  33  Ocar_g8471                                                7.76%    passed     96.41%
  34  Plajan_Pjan_C556563_01                                    4.43%    passed     99.83%
  35  HoiH23_PlH23_002278-RA                                    2.22%    passed     85.46%
  36  Hhon_g05730.t1                                            2.22%    passed     64.90%
  37  HoiH04_mRNA15099                                          3.60%    passed     47.72%
  38  HoiH06_mRNA10916                                          3.05%    passed     90.63%
  39  Tadh_TriadT63506                                          6.93%    passed     88.24%
  40  TrH2_TrispH2_006329-RA                                    2.22%    passed     86.75%
  41  HoiH11_mRNA5744                                          35.18%    passed     93.33%
  42  Bralan_BLAG03000187_1                                     3.32%    passed     96.51%
  43  Skow_XM_002740547.2                                      78.67%    failed      0.73%
  44  Spur_XM_030989155.1                                       2.77%    passed     87.18%
  45  Skow_XM_002736134.2                                      38.23%    passed     99.49%
  46  Cgig_XM_011452478.3                                       2.77%    passed     61.31%
  47  Acaspe_EP00035_Acanthoeca_spectabilis_P020311             7.76%    passed     17.49%
  48  Helnan_EP00037_Helgoeca_nana_P000146                      7.76%    passed     33.62%
  49  Stedip_EP00041_Stephanoeca_diplocostata_P006534           4.16%    passed     67.32%
  50  Diagra_EP00040_Diaphanoeca_grandis_P010015                5.82%    passed     69.17%
  51  Salkve_EP00050_Salpingoeca_kvevrii_P006667                5.26%    failed      4.61%
  52  Salinf_EP00049_Salpingoeca_infusionum_P017499             8.31%    passed     11.65%
  53  Microa_EP00043_Microstomoeca_roanoka_P014405             10.25%    passed     85.92%
  54  Sros_EGD74983                                            10.25%    passed     81.42%
  55  Mbre_EDQ86909                                             9.97%    passed     67.70%
  56  Chofle_EP00730_Choanoeca_flexa_P015082                    9.42%    passed     92.93%
  57  Choper_EP00045_Choanoeca_perplexa_P003197                 9.42%    passed     60.29%
  58  Mylflu_EP00047_Mylnosiga_fluctuans_P002782                7.48%    passed     46.44%
  59  Salmac_EP00052_Salpingoeca_macrocollata_P031060          10.80%    passed     65.96%
  60  Salpun_EP00053_Salpingoeca_punica_P006567                 6.65%    passed     58.60%
  61  Didcos_EP00039_Didymoeca_costata_P018636                  5.26%    passed     80.41%
  62  Codhol_EP00042_Codosiga_hollandica_P056186               17.17%    failed      0.06%
  63  Codhol_EP00042_Codosiga_hollandica_P056188               10.53%    passed     66.28%
  64  Saldol_EP00054_Salpingoeca_dolichothecata_P009159         9.97%    passed     24.84%
  65  Salurc_EP00051_Salpingoeca_urceolata_P027255              4.99%    passed      8.36%
  66  Plespi_Pspi_scaffold19252_01                             15.24%    passed     85.68%
  67  Clacor_Ccor_C540037_01                                    6.37%    passed     56.44%
  68  Lcom_lcpid108722                                          8.31%    passed     66.73%
  69  Gracom_Gcom_C545302_01                                    7.48%    passed     93.76%
  70  Leuniv_Lniv_C804192_01                                    8.31%    passed     62.92%
  71  Scil_scict022622.1                                        8.03%    passed     61.08%
  72  Lcom_lcpid238338                                         71.75%    passed      7.91%
  73  Hvul_g1712_1                                              7.76%    passed     74.53%
  74  Bolinf_Binf_sb1215386                                     6.65%    passed     46.76%
  75  Bolinf_Binf_sb1215387                                    28.81%    passed     52.05%
  76  Mertsp_Mesp_sb576206                                      6.65%    passed     46.76%
  77  Mertsp_Mesp_sb576207                                      6.65%    passed     46.76%
  78  Mertsp_Mesp_sb576208                                      6.65%    passed     46.76%
  79  Bolinf_Binf_sb1215388                                    44.32%    passed     92.21%
  80  Bolinf_Binf_sb1259224                                    11.91%    passed     27.54%
  81  Bolinf_Binf_sb1259225                                    25.48%    passed     53.45%
  82  Bolinf_Binf_sb1259223                                     7.20%    passed     45.74%
  83  Mertsp_Mesp_sb556424                                     17.45%    passed     30.52%
  84  Mlei_ML2079.g14.i1                                        5.54%    passed     34.82%
  85  Vmul_sbMO426210                                          46.54%    passed     18.56%
  86  Vmul_sbMO426208                                          55.68%    passed     60.25%
  87  Drygla_Dgla_sb292267                                     54.02%    passed     17.78%
  88  Drygla_Dgla_sb292265                                     25.21%    passed     61.43%
  89  Drygla_Dgla_sb292266                                     45.15%    passed     79.16%
  90  Drygla_Dgla_sb292264                                      5.82%    passed     62.39%
  91  Beraby_Baby_sb350417                                      9.42%    passed     77.91%
  92  Horcal_Hcv1.av93.c5.g223.i1                               5.54%    passed     40.94%
  93  Lampan_Lpan_13513_01                                      5.54%    passed     36.69%
  94  Coeast_Cast_sb771046                                     59.00%    passed     57.58%
  95  Coemet_Cmet_scaffold16402_01                              5.82%    passed     44.05%
  96  Coemet_Cmet_scaffold16403_01                              5.82%    passed     44.05%
  97  Vmul_sbMO454757                                          14.13%    passed     70.47%
  98  Pbac_sb2655698                                           34.63%    passed     66.48%
  99  Pbac_sb2652026                                           80.06%    passed     70.63%
 100  Eupdun_Edun_sb10622784                                    8.59%    passed     63.02%
 101  Lcom_lcpid196187                                         62.88%    passed     79.03%
 102  Leuniv_Lniv_C805796_01                                   27.15%    passed     73.58%
 103  Scil_scict000506.1                                       13.30%    passed      8.65%
 104  Lcom_lcpid75411                                          13.30%    failed      0.87%
 105  Clacor_Ccor_C522737_01                                   34.35%    passed     52.89%
 106  Aaur_scaffold138.g8.t2                                   37.40%    passed     84.24%
WARNING: 11 sequences contain more than 50% gaps/ambiguity
****  TOTAL                                                    16.01%  4 sequences failed composition chi2 test (p-value<5%; df=19)
NOTE: Mertsp_Mesp_sb576206 is identical to Bolinf_Binf_sb1215386 but kept for subsequent analysis
NOTE: Coemet_Cmet_scaffold16403_01 is identical to Coemet_Cmet_scaffold16402_01 but kept for subsequent analysis
NOTE: 2 identical sequences (see below) will be ignored for subsequent analysis
NOTE: Mertsp_Mesp_sb576207 (identical to Bolinf_Binf_sb1215386) is ignored but added at the end
NOTE: Mertsp_Mesp_sb576208 (identical to Bolinf_Binf_sb1215386) is ignored but added at the end
Alignment was printed to results_broccoli_metc/alignments_prefiltering/OG_5210.iqtree.uniqueseq.phy

For your convenience alignment with unique sequences printed to results_broccoli_metc/alignments_prefiltering/OG_5210.iqtree.uniqueseq.phy


Create initial parsimony tree by phylogenetic likelihood library (PLL)... 0.023 seconds
Measuring multi-threading efficiency up to 2 CPU cores
Increase to 10 rounds for branch lengths
2 trees examined
Threads: 1 / Time: 2.063 sec / Speedup: 1.000 / Efficiency: 100% / LogL: -58276
Threads: 2 / Time: 1.080 sec / Speedup: 1.910 / Efficiency: 96% / LogL: -58276
BEST NUMBER OF THREADS: 2

Perform fast likelihood tree search using LG+I+G model...
Estimate model parameters (epsilon = 5.000)
Perform nearest neighbor interchange...
Estimate model parameters (epsilon = 1.000)
1. Initial log-likelihood: -38412.773
Optimal log-likelihood: -38412.771
Proportion of invariable sites: 0.007
Gamma shape alpha: 1.431
Parameters optimization took 1 rounds (0.192 sec)
Time for fast ML tree search: 2.098 seconds

NOTE: ModelFinder requires 26 MB RAM!
ModelFinder will test up to 24 protein models (sample size: 361) ...
 No. Model         -LnL         df  AIC          AICc         BIC
  1  LG            39781.824    205 79973.648    80518.551    80770.868
  2  LG+I          39710.121    206 79832.242    80386.034    80633.350
  3  LG+G4         38424.928    206 77261.857    77815.649    78062.966
  4  LG+I+G4       38412.779    207 77239.559    77802.382    78044.556
  8  LG+F+I+G4     38374.971    226 77201.943    77967.644    78080.829
 12  WAG+I+G4      38618.406    207 77650.813    78213.637    78455.811
 16  WAG+F+I+G4    38559.758    226 77571.515    78337.217    78450.402
 20  JTT+I+G4      38858.418    207 78130.836    78693.659    78935.833
 24  JTT+F+I+G4    38858.729    226 78169.458    78935.159    79048.344
Akaike Information Criterion:           LG+F+I+G4
Corrected Akaike Information Criterion: LG+I+G4
Bayesian Information Criterion:         LG+I+G4
Best-fit model: LG+I+G4 chosen according to BIC

All model information printed to results_broccoli_metc/alignments_prefiltering/OG_5210.iqtree.model.gz
CPU time for ModelFinder: 19.259 seconds (0h:0m:19s)
Wall-clock time for ModelFinder: 10.679 seconds (0h:0m:10s)
Generating 1000 samples for ultrafast bootstrap (seed: 908474)...

NOTE: 26 MB RAM (0 GB) is required!
Estimate model parameters (epsilon = 0.100)
Thoroughly optimizing +I+G parameters from 10 start values...
Init pinv, alpha: 0.000, 1.433 / Estimate: 0.007, 1.431 / LogL: -38412.774
Init pinv, alpha: 0.001, 1.433 / Estimate: 0.007, 1.431 / LogL: -38412.775
Init pinv, alpha: 0.002, 1.433 / Estimate: 0.007, 1.432 / LogL: -38412.774
Init pinv, alpha: 0.003, 1.433 / Estimate: 0.007, 1.432 / LogL: -38412.773
Init pinv, alpha: 0.004, 1.433 / Estimate: 0.007, 1.432 / LogL: -38412.772
Init pinv, alpha: 0.005, 1.433 / Estimate: 0.007, 1.432 / LogL: -38412.772
Init pinv, alpha: 0.006, 1.433 / Estimate: 0.007, 1.430 / LogL: -38412.774
Init pinv, alpha: 0.006, 1.433 / Estimate: 0.007, 1.431 / LogL: -38412.772
Init pinv, alpha: 0.007, 1.433 / Estimate: 0.007, 1.431 / LogL: -38412.771
Init pinv, alpha: 0.008, 1.433 / Estimate: 0.007, 1.431 / LogL: -38412.771
Optimal pinv,alpha: 0.007, 1.431 / LogL: -38412.771

Parameters optimization took 3.555 sec
Computing ML distances based on estimated model parameters...
Computing ML distances took 0.798392 sec (of wall-clock time) 1.592668 sec(of CPU time)
WARNING: Some pairwise ML distances are too long (saturated)
Computing RapidNJ tree took 0.001744 sec (of wall-clock time) 0.001470 sec (of CPU time)
Log-likelihood of RapidNJ tree: -39509.113
--------------------------------------------------------------------
|             INITIALIZING CANDIDATE TREE SET                      |
--------------------------------------------------------------------
Generating 98 parsimony trees... 3.945 second
Computing log-likelihood of 98 initial trees ... 6.388 seconds
Current best score: -38412.771

Do NNI search on 20 best initial trees
Estimate model parameters (epsilon = 0.100)
BETTER TREE FOUND at iteration 1: -38412.687
Estimate model parameters (epsilon = 0.100)
BETTER TREE FOUND at iteration 3: -38412.581
Estimate model parameters (epsilon = 0.100)
BETTER TREE FOUND at iteration 5: -38411.572
Iteration 10 / LogL: -38412.583 / Time: 0h:0m:33s
Estimate model parameters (epsilon = 0.100)
BETTER TREE FOUND at iteration 13: -38401.195
Iteration 20 / LogL: -38431.122 / Time: 0h:0m:52s
Finish initializing candidate tree set (19)
Current best tree score: -38401.195 / CPU time: 47.017
Number of iterations: 20
--------------------------------------------------------------------
|               OPTIMIZING CANDIDATE TREE SET                      |
--------------------------------------------------------------------
Estimate model parameters (epsilon = 0.100)
BETTER TREE FOUND at iteration 30: -38400.841
Iteration 30 / LogL: -38400.841 / Time: 0h:1m:9s (0h:7m:58s left)
Estimate model parameters (epsilon = 0.100)
BETTER TREE FOUND at iteration 31: -38400.547
Iteration 40 / LogL: -38400.899 / Time: 0h:1m:27s (0h:7m:10s left)
Iteration 50 / LogL: -38400.580 / Time: 0h:1m:44s (0h:6m:24s left)
Log-likelihood cutoff on original alignment: -38455.380
Iteration 60 / LogL: -38414.103 / Time: 0h:2m:2s (0h:5m:54s left)
Iteration 70 / LogL: -38410.592 / Time: 0h:2m:18s (0h:5m:23s left)
Iteration 80 / LogL: -38400.632 / Time: 0h:2m:36s (0h:4m:58s left)
BETTER TREE FOUND at iteration 88: -38400.543
Iteration 90 / LogL: -38431.231 / Time: 0h:2m:53s (0h:6m:26s left)
Iteration 100 / LogL: -38406.629 / Time: 0h:3m:9s (0h:6m:0s left)
Log-likelihood cutoff on original alignment: -38455.380
NOTE: Bootstrap correlation coefficient of split occurrence frequencies: 0.998
Iteration 110 / LogL: -38400.547 / Time: 0h:3m:26s (0h:5m:36s left)
Iteration 120 / LogL: -38407.519 / Time: 0h:3m:43s (0h:5m:15s left)
UPDATE BEST LOG-LIKELIHOOD: -38400.542
Iteration 130 / LogL: -38400.580 / Time: 0h:4m:0s (0h:4m:54s left)
Iteration 140 / LogL: -38406.075 / Time: 0h:4m:18s (0h:4m:34s left)
UPDATE BEST LOG-LIKELIHOOD: -38400.542
Iteration 150 / LogL: -38408.683 / Time: 0h:4m:35s (0h:4m:14s left)
Log-likelihood cutoff on original alignment: -38455.380
Iteration 160 / LogL: -38403.908 / Time: 0h:4m:52s (0h:3m:55s left)
Iteration 170 / LogL: -38400.875 / Time: 0h:5m:10s (0h:3m:36s left)
Iteration 180 / LogL: -38400.543 / Time: 0h:5m:26s (0h:3m:17s left)
Iteration 190 / LogL: -38402.234 / Time: 0h:5m:44s (0h:2m:58s left)
Iteration 200 / LogL: -38411.177 / Time: 0h:6m:1s (0h:2m:40s left)
Log-likelihood cutoff on original alignment: -38455.380
NOTE: Bootstrap correlation coefficient of split occurrence frequencies: 0.999
Iteration 210 / LogL: -38446.473 / Time: 0h:6m:19s (0h:2m:43s left)
Iteration 220 / LogL: -38400.546 / Time: 0h:6m:36s (0h:2m:24s left)
Iteration 230 / LogL: -38403.161 / Time: 0h:6m:53s (0h:2m:6s left)
Iteration 240 / LogL: -38400.543 / Time: 0h:7m:10s (0h:1m:48s left)
Iteration 250 / LogL: -38410.372 / Time: 0h:7m:27s (0h:1m:29s left)
Log-likelihood cutoff on original alignment: -38455.380
Iteration 260 / LogL: -38400.794 / Time: 0h:7m:44s (0h:1m:11s left)
Iteration 270 / LogL: -38407.062 / Time: 0h:8m:2s (0h:0m:53s left)
Iteration 280 / LogL: -38401.231 / Time: 0h:8m:20s (0h:0m:35s left)
TREE SEARCH COMPLETED AFTER 289 ITERATIONS / Time: 0h:8m:35s

--------------------------------------------------------------------
|                    FINALIZING TREE SEARCH                        |
--------------------------------------------------------------------
Performs final model parameters optimization
Estimate model parameters (epsilon = 0.010)
1. Initial log-likelihood: -38400.542
Optimal log-likelihood: -38400.542
Proportion of invariable sites: 0.007
Gamma shape alpha: 1.436
Parameters optimization took 1 rounds (0.206 sec)
BEST SCORE FOUND : -38400.542
Creating bootstrap support values...
Split supports printed to NEXUS file results_broccoli_metc/alignments_prefiltering/OG_5210.iqtree.splits.nex
Total tree length: 48.387

Total number of iterations: 289
CPU time used for tree search: 1011.212 sec (0h:16m:51s)
Wall-clock time used for tree search: 510.596 sec (0h:8m:30s)
Total CPU time used: 1022.172 sec (0h:17m:2s)
Total wall-clock time used: 516.219 sec (0h:8m:36s)

Computing bootstrap consensus tree...
Reading input file results_broccoli_metc/alignments_prefiltering/OG_5210.iqtree.splits.nex...
104 taxa and 503 splits.
Consensus tree written to results_broccoli_metc/alignments_prefiltering/OG_5210.iqtree.contree
Reading input trees file results_broccoli_metc/alignments_prefiltering/OG_5210.iqtree.contree
Log-likelihood of consensus tree: -38401.442

Analysis results written to: 
  IQ-TREE report:                results_broccoli_metc/alignments_prefiltering/OG_5210.iqtree.iqtree
  Maximum-likelihood tree:       results_broccoli_metc/alignments_prefiltering/OG_5210.iqtree.treefile
  Likelihood distances:          results_broccoli_metc/alignments_prefiltering/OG_5210.iqtree.mldist

Ultrafast bootstrap approximation results written to:
  Split support values:          results_broccoli_metc/alignments_prefiltering/OG_5210.iqtree.splits.nex
  Consensus tree:                results_broccoli_metc/alignments_prefiltering/OG_5210.iqtree.contree
  Screen log file:               results_broccoli_metc/alignments_prefiltering/OG_5210.iqtree.log

Date and Time: Wed Jun  1 23:32:37 2022
