IQ-TREE multicore version 2.1.0 for Linux 64-bit built Jul 18 2020
Developed by Bui Quang Minh, James Barbetti, Nguyen Lam Tung,
Olga Chernomor, Heiko Schmidt, Dominik Schrempf, Michael Woodhams.

Host:    node-hp0103.linux.crg.es (AVX, 125 GB RAM)
Command: /users/asebe/xgraubove/Programes/iqtree-2.1.0-Linux/bin/iqtree2 -s results_broccoli_metc/alignments_prefiltering/OG_5842.lt.fasta -m TEST -mset LG,WAG,JTT -nt AUTO -ntmax 2 -bb 1000 -pre results_broccoli_metc/alignments_prefiltering/OG_5842.iqtree -nm 10000 -nstop 200 -cptime 1800
Seed:    473736 (Using SPRNG - Scalable Parallel Random Number Generator)
Time:    Thu Jun  2 01:07:25 2022
Kernel:  AVX - auto-detect threads (2 CPU cores detected)

Reading alignment file results_broccoli_metc/alignments_prefiltering/OG_5842.lt.fasta ... Fasta format detected
Alignment most likely contains protein sequences
Alignment has 129 sequences with 282 columns, 281 distinct patterns
275 parsimony-informative, 0 singleton sites, 7 constant sites
                                                                  Gap/Ambiguity  Composition  p-value
   1  Gfas_gfas1.m1.10599.m1                                             15.25%    passed     99.16%
   2  Spis_XP_022785394_1                                                 1.77%    passed     99.11%
   3  Pocdam_XM_027195057.1                                               1.77%    passed     99.96%
   4  Fspp_ffun1.m4.23189.m1                                             36.88%    passed     75.95%
   5  Exapal_XM_021044786.2                                               1.77%    passed     98.03%
   6  Nvec_v1g165376                                                      8.87%    passed     99.12%
   7  Adig_XM_015900687.1                                                24.82%    passed     84.89%
   8  Amil_Amillepora19447-RA                                            14.89%    passed     98.75%
   9  Lcom_lcpid78671                                                     1.42%    passed     99.75%
  10  Gracom_Gcom_scaffold9200_01                                         1.77%    passed     99.95%
  11  Scil_scict007721.1                                                  1.42%    passed     99.86%
  12  Clacor_Ccor_C526379_01                                             30.85%    passed     99.75%
  13  Spur_XM_030986797.1                                                 0.00%    passed     99.95%
  14  Acagra_model.g30638.t1.3.5d3b8d10                                   1.06%    passed     96.50%
  15  Cgig_XM_011431699.3                                                 0.00%    passed     99.93%
  16  Cgig_XM_034459333.1                                                 0.00%    passed     99.93%
  17  Skow_XM_006811951.1                                                 1.42%    passed     98.12%
  18  HoiH23_PlH23_008142-RA                                              1.77%    passed     99.70%
  19  HoiH06_mRNA11206                                                    1.77%    passed     99.65%
  20  Hhon_g08737.t1                                                      1.77%    passed     99.84%
  21  HoiH04_mRNA1039                                                     1.77%    passed     99.84%
  22  TrH2_TrispH2_004621-RA                                              1.77%    passed     99.85%
  23  Tadh_TriadT57643                                                    3.90%    passed     99.54%
  24  Hsap_ENST00000376957                                                1.06%    passed     38.96%
  25  Hvul_g20959_1                                                      67.38%    passed     54.58%
  26  Chem_TCONS_00051924                                                 0.00%    passed     23.88%
  27  Morvir_scaffold30.g104.t1                                           1.77%    passed     99.99%
  28  Nemnom_g6233.t1                                                     1.77%    passed     83.40%
  29  Rhoesc_Res_010308-T1                                                1.77%    passed     95.39%
  30  Sanmal_Sma_020328-T1                                                1.77%    passed     69.11%
  31  Aaur_scaffold4.g14.t1                                               1.77%    passed     91.94%
  32  Aque_Aqu2.1.31001_001                                               1.77%    passed     99.21%
  33  Aque_Aqu2.1.13620_001                                               1.77%    passed     98.91%
  34  Halamb_c51629_g1_i4mm.4071                                          1.77%    passed     80.65%
  35  Halamb_c51176_g1_i2m.29965                                          3.19%    passed     91.52%
  36  Halamb_c51176_g2_i2mm.3827                                          4.61%    passed     62.28%
  37  Xestes_maker-XT_scaffold1046-augustus-gene-0.29-mRNA-1              9.22%    passed     94.34%
  38  Tetwil_g6628.t2                                                     0.00%    passed     99.89%
  39  Tetwil_g6629.t1                                                     1.77%    passed     99.16%
  40  Dpul_mRNA16496                                                      0.00%    passed     85.64%
  41  Lcom_lcpid163703                                                   36.88%    passed     85.52%
  42  Saldol_EP00054_Salpingoeca_dolichothecata_P035315                   1.42%    passed     99.71%
  43  Microa_EP00043_Microstomoeca_roanoka_P014938                        1.77%    passed     98.14%
  44  Sros_EGD73450                                                       1.42%    passed     97.77%
  45  Chofle_EP00730_Choanoeca_flexa_P015090                              1.42%    passed     64.07%
  46  Choper_EP00045_Choanoeca_perplexa_P004907                           7.80%    passed     80.22%
  47  Choper_EP00045_Choanoeca_perplexa_P004908                           2.13%    passed     99.89%
  48  Chofle_EP00730_Choanoeca_flexa_P015091                             23.76%    passed     89.90%
  49  Mbre_EDQ91603                                                       0.00%    passed     85.12%
  50  Dgig_XM_028535197.1                                                 1.77%    passed     74.69%
  51  Xesp_013815-T1                                                      2.48%    passed     60.28%
  52  Mylflu_EP00047_Mylnosiga_fluctuans_P005393                          1.77%    passed     37.79%
  53  Ctel_gnl_WGS_AMQN_CAPTEDRAFT_mRNA156944                             0.35%    passed     92.21%
  54  Plespi_Pspi_C604250_01                                              2.13%    passed     99.49%
  55  Salmac_EP00052_Salpingoeca_macrocollata_P001692                     1.77%    passed     69.35%
  56  Salpun_EP00053_Salpingoeca_punica_P000381                           1.06%    passed     39.84%
  57  Stedip_EP00041_Stephanoeca_diplocostata_P002479                    17.02%    passed     93.94%
  58  Didcos_EP00039_Didymoeca_costata_P019422                            1.77%    passed    100.00%
  59  Acagra_model.g14318.t1.1.5d3b87a0                                   0.00%    passed     99.06%
  60  Cscu_XM_023354998.1                                                 0.71%    passed     98.44%
  61  Morvir_scaffold77.g68.t1                                            0.71%    passed     99.12%
  62  Nemnom_g6347.t1                                                     0.00%    passed     89.83%
  63  Rhoesc_Res_010443-T1                                                1.77%    passed     84.64%
  64  Aaur_scaffold404.g3.t2                                              0.00%    passed     76.07%
  65  Sanmal_Sma_020477-T1                                                9.57%    passed     78.62%
  66  Dgig_XM_028546091.1                                                 0.00%    passed     80.06%
  67  Stycar_maker-SC_scaffold138255-snap-gene-0.52-mRNA-1               50.00%    passed     71.96%
  68  Emue_Em0030g24a.t1                                                  8.16%    passed     70.57%
  69  Emue_Em0008g394a.t1                                                 8.16%    passed     70.57%
  70  Spolac_c101180_g1_i1_m.24781c101180-g1                              1.06%    passed     74.26%
  71  Gasp_gasp1.m3.2589.m1                                              40.78%    passed     90.48%
  72  Plajan_Pjan_scaffold5799_01                                        58.16%    passed     11.40%
  73  Opea_EP00118_Oscarella_pearsei_P026557                              2.48%    passed     81.13%
  74  Ocar_g4066                                                         29.79%    passed     92.29%
  75  Opea_EP00118_Oscarella_pearsei_P002514                              0.00%    passed     97.33%
  76  Ocar_g7199                                                          0.00%    passed     97.33%
  77  Opea_EP00118_Oscarella_pearsei_P026406                              0.00%    passed     87.20%
  78  Ocar_g9926                                                         15.25%    passed     92.94%
  79  Plajan_Pjan_C550271_01                                              1.42%    passed     98.18%
  80  Plajan_Pjan_scaffold5801_01                                        37.94%    passed     56.66%
  81  Plajan_Pjan_scaffold5800_01                                        32.27%    passed     68.52%
  82  Cgig_XM_011455845.3                                                 0.00%    passed     94.08%
  83  Tcas_TC015179_001                                                   2.48%    passed     98.95%
  84  Salurc_EP00051_Salpingoeca_urceolata_P017269                       45.39%    passed     82.31%
  85  Salurc_EP00051_Salpingoeca_urceolata_P017270                        1.77%    passed     96.81%
  86  Salurc_EP00051_Salpingoeca_urceolata_P017271                       45.04%    passed     37.63%
  87  Chem_TCONS_00003487                                                 1.77%    passed     98.48%
  88  Lcom_lcpid138954                                                   16.67%    passed     19.72%
  89  Didcos_EP00039_Didymoeca_costata_P020506                            1.06%    passed     70.50%
  90  Nvec_v1g156736                                                     45.39%    passed     31.58%
  91  Helnan_EP00037_Helgoeca_nana_P032172                               79.79%    passed     47.42%
  92  Aque_Aqu2.1.41472_001                                               1.77%    passed     15.99%
  93  Aque_Aqu2.1.41473_001                                               1.77%    passed     50.87%
  94  Halamb_c43031_g1_i6mm.1212                                          1.42%    passed     33.05%
  95  Xestes_maker-XT_scaffold131062-snap-gene-0.15-mRNA-1               28.72%    passed     49.73%
  96  Xestes_augustus_masked-XT_scaffold1404-processed-gene-0.4-mRNA-1   22.70%    passed     89.23%
  97  Aque_Aqu2.1.41474_001                                               3.55%    failed      3.34%
  98  Halamb_c39710_g1_i1m.11987                                          9.22%    passed     72.27%
  99  Diagra_EP00040_Diaphanoeca_grandis_P039467                          2.48%    passed     85.35%
 100  Acaspe_EP00035_Acanthoeca_spectabilis_P022529                       1.42%    passed     59.92%
 101  Helnan_EP00037_Helgoeca_nana_P013438                                0.71%    passed      6.73%
 102  Lcom_lcpid239570                                                   63.83%    passed      8.55%
 103  Sanmal_Sma_009597-T1                                                1.42%    passed     50.91%
 104  Aaur_scaffold23.g1.t1                                              62.06%    passed     44.12%
 105  Aaur_scaffold30.g11.t3                                             34.04%    passed     19.57%
 106  Morvir_scaffold324.g22.t1                                           0.71%    passed     66.39%
 107  Bolinf_Binf_sb1193336                                              44.33%    passed     55.46%
 108  Mertsp_Mesp_sb559829                                                1.42%    passed     50.77%
 109  Lampan_Lpan_C410691_01                                              2.13%    passed     51.26%
 110  Vmul_sbMO396177                                                    10.28%    passed     54.33%
 111  Coemet_Cmet_C588203_01                                              2.48%    passed     56.06%
 112  Vmul_sbMO415035                                                     1.42%    passed     99.73%
 113  Horcal_Hcv1.av93.c6.g166.i1                                         1.06%    passed     61.06%
 114  Pbac_sb2666380                                                      1.06%    passed     73.03%
 115  Acagra_model.g24092.t1                                              1.42%    passed     85.96%
 116  Lcom_lcpid216408                                                   58.16%    passed     93.57%
 117  Acaspe_EP00035_Acanthoeca_spectabilis_P022528                       0.35%    passed      6.64%
 118  Helnan_EP00037_Helgoeca_nana_P013437                               43.26%    failed      2.45%
 119  Helnan_EP00037_Helgoeca_nana_P013439                                0.35%    failed      1.58%
 120  Stedip_EP00041_Stephanoeca_diplocostata_P010623                     1.42%    passed     10.91%
 121  Stedip_EP00041_Stephanoeca_diplocostata_P010622                     6.03%    passed     13.64%
 122  Hvul_g20958_1                                                      55.32%    passed     30.72%
 123  Stycar_maker-SC_scaffold138255-snap-gene-0.53-mRNA-1               64.18%    passed     73.68%
 124  Salinf_EP00049_Salpingoeca_infusionum_P000826                       4.96%    passed     21.43%
 125  Mertsp_Mesp_sb610051                                               12.41%    passed     27.50%
 126  Horcal_Hcv1.av93.c10.g742.i1                                        1.42%    passed     13.31%
 127  Horcal_Hcv1.av93.c10.g742.i2                                       36.88%    passed     74.33%
 128  Pbac_sb2657036                                                     36.88%    passed     41.10%
 129  Horcal_Hcv1.av93.c10.g742.i3                                        4.96%    passed      5.06%
WARNING: 8 sequences contain more than 50% gaps/ambiguity
****  TOTAL                                                              11.86%  3 sequences failed composition chi2 test (p-value<5%; df=19)
NOTE: HoiH04_mRNA1039 is identical to Hhon_g08737.t1 but kept for subsequent analysis
NOTE: Emue_Em0008g394a.t1 is identical to Emue_Em0030g24a.t1 but kept for subsequent analysis
NOTE: Ocar_g7199 is identical to Opea_EP00118_Oscarella_pearsei_P002514 but kept for subsequent analysis


Create initial parsimony tree by phylogenetic likelihood library (PLL)... 0.057 seconds
Measuring multi-threading efficiency up to 2 CPU cores
Increase to 10 rounds for branch lengths
3 trees examined
Threads: 1 / Time: 2.998 sec / Speedup: 1.000 / Efficiency: 100% / LogL: -49512
Threads: 2 / Time: 1.629 sec / Speedup: 1.841 / Efficiency: 92% / LogL: -49512
BEST NUMBER OF THREADS: 2

Perform fast likelihood tree search using LG+I+G model...
Estimate model parameters (epsilon = 5.000)
Perform nearest neighbor interchange...
Estimate model parameters (epsilon = 1.000)
1. Initial log-likelihood: -34644.945
Optimal log-likelihood: -34643.949
Proportion of invariable sites: 0.023
Gamma shape alpha: 1.354
Parameters optimization took 1 rounds (0.366 sec)
Time for fast ML tree search: 2.349 seconds

NOTE: ModelFinder requires 25 MB RAM!
ModelFinder will test up to 24 protein models (sample size: 282) ...
 No. Model         -LnL         df  AIC          AICc         BIC
  1  LG            36218.858    255 72947.717    77969.255    73876.403
  2  LG+I          36081.106    256 72674.212    77937.572    73606.540
  3  LG+G4         34659.025    256 69830.049    75093.409    70762.377
  4  LG+I+G4       34643.199    257 69800.397    75325.897    70736.367
  8  LG+F+I+G4     34512.152    276 69576.303    100157.103   70581.470
 12  WAG+I+G4      34843.738    257 70201.476    75726.976    71137.446
 16  WAG+F+I+G4    34757.923    276 70067.846    100648.646   71073.012
 20  JTT+I+G4      35070.024    257 70654.047    76179.547    71590.017
 24  JTT+F+I+G4    34938.034    276 70428.069    101008.869   71433.235
Akaike Information Criterion:           LG+F+I+G4
Corrected Akaike Information Criterion: LG+G4
Bayesian Information Criterion:         LG+F+I+G4
Best-fit model: LG+F+I+G4 chosen according to BIC

All model information printed to results_broccoli_metc/alignments_prefiltering/OG_5842.iqtree.model.gz
CPU time for ModelFinder: 23.339 seconds (0h:0m:23s)
Wall-clock time for ModelFinder: 13.203 seconds (0h:0m:13s)
Generating 1000 samples for ultrafast bootstrap (seed: 473736)...

NOTE: 25 MB RAM (0 GB) is required!
Estimate model parameters (epsilon = 0.100)
Thoroughly optimizing +I+G parameters from 10 start values...
Init pinv, alpha: 0.000, 1.405 / Estimate: 0.024, 1.403 / LogL: -34512.189
Init pinv, alpha: 0.003, 1.405 / Estimate: 0.024, 1.404 / LogL: -34512.164
Init pinv, alpha: 0.006, 1.405 / Estimate: 0.024, 1.405 / LogL: -34512.141
Init pinv, alpha: 0.008, 1.405 / Estimate: 0.023, 1.404 / LogL: -34512.159
Init pinv, alpha: 0.011, 1.405 / Estimate: 0.023, 1.404 / LogL: -34512.141
Init pinv, alpha: 0.014, 1.405 / Estimate: 0.024, 1.405 / LogL: -34512.125
Init pinv, alpha: 0.017, 1.405 / Estimate: 0.024, 1.406 / LogL: -34512.112
Init pinv, alpha: 0.019, 1.405 / Estimate: 0.024, 1.406 / LogL: -34512.101
Init pinv, alpha: 0.022, 1.405 / Estimate: 0.024, 1.406 / LogL: -34512.107
Init pinv, alpha: 0.025, 1.405 / Estimate: 0.024, 1.407 / LogL: -34512.095
Optimal pinv,alpha: 0.024, 1.407 / LogL: -34512.095

Parameters optimization took 6.140 sec
Computing ML distances based on estimated model parameters...
Computing ML distances took 1.128145 sec (of wall-clock time) 2.231657 sec(of CPU time)
WARNING: Some pairwise ML distances are too long (saturated)
Computing RapidNJ tree took 0.002228 sec (of wall-clock time) 0.004453 sec (of CPU time)
Log-likelihood of RapidNJ tree: -34795.267
--------------------------------------------------------------------
|             INITIALIZING CANDIDATE TREE SET                      |
--------------------------------------------------------------------
Generating 98 parsimony trees... 5.478 second
Computing log-likelihood of 98 initial trees ... 6.403 seconds
Current best score: -34512.095

Do NNI search on 20 best initial trees
Estimate model parameters (epsilon = 0.100)
BETTER TREE FOUND at iteration 1: -34511.311
Estimate model parameters (epsilon = 0.100)
BETTER TREE FOUND at iteration 2: -34452.668
Estimate model parameters (epsilon = 0.100)
BETTER TREE FOUND at iteration 4: -34440.985
Iteration 10 / LogL: -34452.779 / Time: 0h:0m:34s
Iteration 20 / LogL: -34478.297 / Time: 0h:0m:47s
Finish initializing candidate tree set (20)
Current best tree score: -34440.985 / CPU time: 39.096
Number of iterations: 20
--------------------------------------------------------------------
|               OPTIMIZING CANDIDATE TREE SET                      |
--------------------------------------------------------------------
Estimate model parameters (epsilon = 0.100)
BETTER TREE FOUND at iteration 27: -34437.941
Iteration 30 / LogL: -34452.405 / Time: 0h:1m:4s (0h:7m:18s left)
Estimate model parameters (epsilon = 0.100)
BETTER TREE FOUND at iteration 33: -34435.962
Estimate model parameters (epsilon = 0.100)
BETTER TREE FOUND at iteration 37: -34433.022
Iteration 40 / LogL: -34443.336 / Time: 0h:1m:21s (0h:6m:49s left)
Estimate model parameters (epsilon = 0.100)
BETTER TREE FOUND at iteration 48: -34432.278
Iteration 50 / LogL: -34477.036 / Time: 0h:1m:35s (0h:6m:27s left)
Log-likelihood cutoff on original alignment: -34520.436
Estimate model parameters (epsilon = 0.100)
BETTER TREE FOUND at iteration 59: -34430.201
Iteration 60 / LogL: -34431.288 / Time: 0h:1m:52s (0h:6m:17s left)
Estimate model parameters (epsilon = 0.100)
BETTER TREE FOUND at iteration 62: -34427.737
Estimate model parameters (epsilon = 0.100)
BETTER TREE FOUND at iteration 64: -34426.094
Estimate model parameters (epsilon = 0.100)
BETTER TREE FOUND at iteration 70: -34424.285
Iteration 70 / LogL: -34424.285 / Time: 0h:2m:7s (0h:6m:8s left)
Iteration 80 / LogL: -34428.616 / Time: 0h:2m:22s (0h:5m:42s left)
Iteration 90 / LogL: -34430.220 / Time: 0h:2m:37s (0h:5m:17s left)
Iteration 100 / LogL: -34470.463 / Time: 0h:2m:51s (0h:4m:54s left)
Log-likelihood cutoff on original alignment: -34519.479
NOTE: Bootstrap correlation coefficient of split occurrence frequencies: 0.984
NOTE: UFBoot does not converge, continue at least 100 more iterations
Iteration 110 / LogL: -34425.900 / Time: 0h:3m:6s (0h:4m:33s left)
Estimate model parameters (epsilon = 0.100)
BETTER TREE FOUND at iteration 114: -34423.932
Iteration 120 / LogL: -34425.938 / Time: 0h:3m:21s (0h:5m:28s left)
Estimate model parameters (epsilon = 0.100)
BETTER TREE FOUND at iteration 130: -34421.257
Iteration 130 / LogL: -34421.257 / Time: 0h:3m:36s (0h:5m:35s left)
Iteration 140 / LogL: -34426.906 / Time: 0h:3m:50s (0h:5m:15s left)
Iteration 150 / LogL: -34440.161 / Time: 0h:4m:4s (0h:4m:55s left)
Log-likelihood cutoff on original alignment: -34504.564
Estimate model parameters (epsilon = 0.100)
BETTER TREE FOUND at iteration 156: -34417.235
Iteration 160 / LogL: -34421.302 / Time: 0h:4m:20s (0h:5m:20s left)
Iteration 170 / LogL: -34421.148 / Time: 0h:4m:34s (0h:5m:1s left)
Iteration 180 / LogL: -34454.463 / Time: 0h:4m:48s (0h:4m:43s left)
Estimate model parameters (epsilon = 0.100)
BETTER TREE FOUND at iteration 183: -34416.843
Iteration 190 / LogL: -34421.431 / Time: 0h:5m:3s (0h:5m:10s left)
Iteration 200 / LogL: -34555.880 / Time: 0h:5m:17s (0h:4m:52s left)
Log-likelihood cutoff on original alignment: -34504.564
NOTE: Bootstrap correlation coefficient of split occurrence frequencies: 0.986
NOTE: UFBoot does not converge, continue at least 100 more iterations
Iteration 210 / LogL: -34418.583 / Time: 0h:5m:31s (0h:4m:34s left)
Iteration 220 / LogL: -34417.823 / Time: 0h:5m:46s (0h:4m:17s left)
Iteration 230 / LogL: -34418.851 / Time: 0h:6m:0s (0h:4m:0s left)
Iteration 240 / LogL: -34417.780 / Time: 0h:6m:14s (0h:3m:44s left)
Iteration 250 / LogL: -34420.838 / Time: 0h:6m:28s (0h:3m:27s left)
Log-likelihood cutoff on original alignment: -34504.564
Iteration 260 / LogL: -34418.789 / Time: 0h:6m:43s (0h:3m:11s left)
Iteration 270 / LogL: -34421.341 / Time: 0h:6m:58s (0h:2m:55s left)
Iteration 280 / LogL: -34442.755 / Time: 0h:7m:12s (0h:2m:39s left)
Iteration 290 / LogL: -34417.335 / Time: 0h:7m:27s (0h:2m:23s left)
Iteration 300 / LogL: -34416.935 / Time: 0h:7m:41s (0h:2m:7s left)
Log-likelihood cutoff on original alignment: -34504.564
NOTE: Bootstrap correlation coefficient of split occurrence frequencies: 0.987
NOTE: UFBoot does not converge, continue at least 100 more iterations
Iteration 310 / LogL: -34420.649 / Time: 0h:7m:55s (0h:2m:18s left)
Iteration 320 / LogL: -34418.974 / Time: 0h:8m:10s (0h:2m:3s left)
Iteration 330 / LogL: -34421.785 / Time: 0h:8m:24s (0h:1m:47s left)
Iteration 340 / LogL: -34420.330 / Time: 0h:8m:39s (0h:1m:31s left)
Iteration 350 / LogL: -34421.255 / Time: 0h:8m:54s (0h:1m:16s left)
Log-likelihood cutoff on original alignment: -34498.898
Iteration 360 / LogL: -34420.907 / Time: 0h:9m:9s (0h:1m:1s left)
Estimate model parameters (epsilon = 0.100)
BETTER TREE FOUND at iteration 367: -34416.508
Iteration 370 / LogL: -34416.882 / Time: 0h:9m:23s (0h:5m:1s left)
Estimate model parameters (epsilon = 0.100)
BETTER TREE FOUND at iteration 380: -34415.895
Iteration 380 / LogL: -34415.895 / Time: 0h:9m:38s (0h:5m:5s left)
Estimate model parameters (epsilon = 0.100)
BETTER TREE FOUND at iteration 387: -34415.730
Iteration 390 / LogL: -34416.023 / Time: 0h:9m:53s (0h:5m:0s left)
Iteration 400 / LogL: -34452.579 / Time: 0h:10m:9s (0h:4m:45s left)
Log-likelihood cutoff on original alignment: -34498.898
NOTE: Bootstrap correlation coefficient of split occurrence frequencies: 0.998
Estimate model parameters (epsilon = 0.100)
BETTER TREE FOUND at iteration 408: -34415.666
Iteration 410 / LogL: -34418.920 / Time: 0h:10m:23s (0h:5m:1s left)
BETTER TREE FOUND at iteration 416: -34415.657
Iteration 420 / LogL: -34415.828 / Time: 0h:10m:39s (0h:4m:58s left)
Iteration 430 / LogL: -34418.716 / Time: 0h:10m:53s (0h:4m:43s left)
Iteration 440 / LogL: -34418.664 / Time: 0h:11m:9s (0h:4m:28s left)
Iteration 450 / LogL: -34417.193 / Time: 0h:11m:23s (0h:4m:12s left)
Log-likelihood cutoff on original alignment: -34498.898
Iteration 460 / LogL: -34417.458 / Time: 0h:11m:39s (0h:3m:57s left)
Iteration 470 / LogL: -34420.558 / Time: 0h:11m:55s (0h:3m:42s left)
Iteration 480 / LogL: -34428.034 / Time: 0h:12m:10s (0h:3m:27s left)
Iteration 490 / LogL: -34415.929 / Time: 0h:12m:25s (0h:3m:12s left)
Iteration 500 / LogL: -34416.198 / Time: 0h:12m:40s (0h:2m:56s left)
Log-likelihood cutoff on original alignment: -34498.898
NOTE: Bootstrap correlation coefficient of split occurrence frequencies: 0.998
Iteration 510 / LogL: -34418.631 / Time: 0h:12m:54s (0h:2m:41s left)
Estimate model parameters (epsilon = 0.100)
BETTER TREE FOUND at iteration 516: -34415.559
Iteration 520 / LogL: -34429.873 / Time: 0h:13m:9s (0h:4m:58s left)
Iteration 530 / LogL: -34433.920 / Time: 0h:13m:23s (0h:4m:42s left)
Iteration 540 / LogL: -34417.599 / Time: 0h:13m:37s (0h:4m:26s left)
Iteration 550 / LogL: -34420.640 / Time: 0h:13m:53s (0h:4m:11s left)
Log-likelihood cutoff on original alignment: -34498.898
Iteration 560 / LogL: -34424.729 / Time: 0h:14m:9s (0h:3m:57s left)
Iteration 570 / LogL: -34422.428 / Time: 0h:14m:24s (0h:3m:41s left)
Iteration 580 / LogL: -34416.658 / Time: 0h:14m:38s (0h:3m:26s left)
Iteration 590 / LogL: -34417.672 / Time: 0h:14m:53s (0h:3m:11s left)
Iteration 600 / LogL: -34417.622 / Time: 0h:15m:7s (0h:2m:55s left)
Log-likelihood cutoff on original alignment: -34498.898
NOTE: Bootstrap correlation coefficient of split occurrence frequencies: 0.997
Iteration 610 / LogL: -34423.357 / Time: 0h:15m:22s (0h:2m:40s left)
Iteration 620 / LogL: -34418.331 / Time: 0h:15m:38s (0h:2m:25s left)
Iteration 630 / LogL: -34423.523 / Time: 0h:15m:53s (0h:2m:10s left)
Iteration 640 / LogL: -34435.538 / Time: 0h:16m:6s (0h:1m:54s left)
Iteration 650 / LogL: -34424.411 / Time: 0h:16m:20s (0h:1m:39s left)
Log-likelihood cutoff on original alignment: -34498.898
Iteration 660 / LogL: -34442.966 / Time: 0h:16m:36s (0h:1m:24s left)
Iteration 670 / LogL: -34415.917 / Time: 0h:16m:50s (0h:1m:9s left)
Iteration 680 / LogL: -34419.754 / Time: 0h:17m:6s (0h:0m:54s left)
Iteration 690 / LogL: -34422.946 / Time: 0h:17m:21s (0h:0m:39s left)
Iteration 700 / LogL: -34421.378 / Time: 0h:17m:35s (0h:0m:24s left)
Log-likelihood cutoff on original alignment: -34498.898
NOTE: Bootstrap correlation coefficient of split occurrence frequencies: 0.997
Iteration 710 / LogL: -34420.268 / Time: 0h:17m:51s (0h:2m:15s left)
TREE SEARCH COMPLETED AFTER 717 ITERATIONS / Time: 0h:18m:2s

--------------------------------------------------------------------
|                    FINALIZING TREE SEARCH                        |
--------------------------------------------------------------------
Performs final model parameters optimization
Estimate model parameters (epsilon = 0.010)
1. Initial log-likelihood: -34415.559
Optimal log-likelihood: -34415.559
Proportion of invariable sites: 0.024
Gamma shape alpha: 1.370
Parameters optimization took 1 rounds (0.205 sec)
BEST SCORE FOUND : -34415.559
Creating bootstrap support values...
Split supports printed to NEXUS file results_broccoli_metc/alignments_prefiltering/OG_5842.iqtree.splits.nex
Total tree length: 50.615

Total number of iterations: 717
CPU time used for tree search: 2124.915 sec (0h:35m:24s)
Wall-clock time used for tree search: 1074.154 sec (0h:17m:54s)
Total CPU time used: 2142.723 sec (0h:35m:42s)
Total wall-clock time used: 1083.292 sec (0h:18m:3s)

Computing bootstrap consensus tree...
Reading input file results_broccoli_metc/alignments_prefiltering/OG_5842.iqtree.splits.nex...
129 taxa and 1093 splits.
Consensus tree written to results_broccoli_metc/alignments_prefiltering/OG_5842.iqtree.contree
Reading input trees file results_broccoli_metc/alignments_prefiltering/OG_5842.iqtree.contree
Log-likelihood of consensus tree: -34419.076

Analysis results written to: 
  IQ-TREE report:                results_broccoli_metc/alignments_prefiltering/OG_5842.iqtree.iqtree
  Maximum-likelihood tree:       results_broccoli_metc/alignments_prefiltering/OG_5842.iqtree.treefile
  Likelihood distances:          results_broccoli_metc/alignments_prefiltering/OG_5842.iqtree.mldist

Ultrafast bootstrap approximation results written to:
  Split support values:          results_broccoli_metc/alignments_prefiltering/OG_5842.iqtree.splits.nex
  Consensus tree:                results_broccoli_metc/alignments_prefiltering/OG_5842.iqtree.contree
  Screen log file:               results_broccoli_metc/alignments_prefiltering/OG_5842.iqtree.log

Date and Time: Thu Jun  2 01:25:43 2022
