IQ-TREE multicore version 2.1.0 for Linux 64-bit built Jul 18 2020
Developed by Bui Quang Minh, James Barbetti, Nguyen Lam Tung,
Olga Chernomor, Heiko Schmidt, Dominik Schrempf, Michael Woodhams.

Host:    node-hp0405.linux.crg.es (AVX, 125 GB RAM)
Command: /users/asebe/xgraubove/Programes/iqtree-2.1.0-Linux/bin/iqtree2 -s results_broccoli_metc/alignments_prefiltering/OG_652.lt.fasta -m TEST -mset LG,WAG,JTT -nt AUTO -ntmax 2 -bb 1000 -pre results_broccoli_metc/alignments_prefiltering/OG_652.iqtree -nm 10000 -nstop 200 -cptime 1800
Seed:    980881 (Using SPRNG - Scalable Parallel Random Number Generator)
Time:    Thu Jun  2 02:18:46 2022
Kernel:  AVX - auto-detect threads (2 CPU cores detected)

Reading alignment file results_broccoli_metc/alignments_prefiltering/OG_652.lt.fasta ... Fasta format detected
Alignment most likely contains protein sequences
Alignment has 74 sequences with 117 columns, 114 distinct patterns
101 parsimony-informative, 0 singleton sites, 16 constant sites
                                                                   Gap/Ambiguity  Composition  p-value
   1  Emue_Em0015g112a.t1                                                  6.84%    passed     89.67%
   2  Stycar_augustus_masked-SC_scaffold17771-processed-gene-0.1-mRNA-1   23.08%    passed     99.92%
   3  Aque_Aqu2.1.16671_001                                                5.98%    passed     99.16%
   4  Halamb_c9128_g1_i1m.1393                                            23.93%    passed     98.17%
   5  Xestes_augustus_masked-XT_scaffold44063-processed-gene-0.0-mRNA-1   22.22%    passed     97.80%
   6  Tetwil_g20134.t1                                                     3.42%    passed     98.34%
   7  Lcom_lcpid122714                                                     5.13%    passed     96.73%
   8  Lcom_lcpid189712                                                    19.66%    passed     99.99%
   9  Cgig_XM_011453427.3                                                  5.13%    passed     98.23%
  10  Bralan_BLAG04001692_1                                               11.11%    passed     99.99%
  11  Spur_XM_030991567.1                                                  4.27%    passed     98.96%
  12  Skow_XM_002737544.2                                                  8.55%    passed    100.00%
  13  Ctel_gnl_WGS_AMQN_CAPTEDRAFT_mRNA221674                              2.56%    passed     99.59%
  14  Spis_XP_022803732_1                                                  3.42%    passed    100.00%
  15  Pocdam_XM_027193445.1                                                3.42%    passed    100.00%
  16  Fspp_ffun1.m4.23293.m1                                               3.42%    passed     99.99%
  17  Amil_Amillepora24983-RA                                             20.51%    passed     99.93%
  18  Adig_XM_015901963.1                                                  3.42%    passed    100.00%
  19  Gfas_gfas1.m1.13534.m1                                               3.42%    passed     97.43%
  20  Gasp_gasp1.m3.9659.m1                                               15.38%    passed     98.45%
  21  Exapal_XM_021050134.2                                                0.85%    passed    100.00%
  22  Nvec_v1g86522                                                        3.42%    passed     99.95%
  23  Hsap_ENST00000215829                                                 5.98%    passed     99.67%
  24  Hsap_ENST00000404603                                                 5.98%    passed     99.67%
  25  Cscu_XM_023366099.1                                                  6.84%    passed     99.57%
  26  Tcas_TC015424_001                                                    7.69%    passed      8.37%
  27  Dpul_mRNA6219                                                       16.24%    passed     94.07%
  28  Acagra_model.g14202.t1                                               4.27%    passed     99.43%
  29  Morvir_scaffold21.g102.t1                                            4.27%    passed     99.98%
  30  Nemnom_g5217.t1                                                      6.84%    passed    100.00%
  31  Rhoesc_Res_006333-T1                                                 6.84%    passed    100.00%
  32  Aaur_scaffold4550.g1.t1                                             30.77%    passed     95.19%
  33  Sanmal_Sma_018887-T1                                                 5.98%    passed     99.97%
  34  Rhoesc_Res_006332-T1                                                18.80%    passed     99.85%
  35  Chem_TCONS_00003602                                                  4.27%    passed     99.98%
  36  Hvul_g23543_1                                                        3.42%    passed    100.00%
  37  Xesp_004992-T1                                                       3.42%    passed     91.43%
  38  HoiH23_PlH23_005164-RA                                               8.55%    passed    100.00%
  39  Hhon_g03644.t1                                                       8.55%    passed    100.00%
  40  HoiH04_mRNA16943                                                     8.55%    passed    100.00%
  41  HoiH11_mRNA4341                                                      5.98%    passed    100.00%
  42  TrH2_TrispH2_006631-RA                                               5.98%    passed     99.94%
  43  Tadh_TriadT8416                                                     27.35%    passed     82.46%
  44  Horcal_Hcv1.av93.c11.g52.i1                                          9.40%    passed     99.99%
  45  Pbac_sb2649398                                                       9.40%    passed     99.99%
  46  Mlei_ML0513.g35.i1                                                   9.40%    passed    100.00%
  47  Lcom_lcpid168285                                                     5.13%    passed     99.69%
  48  Scil_scict002889.1                                                   5.13%    passed     99.81%
  49  Opea_EP00118_Oscarella_pearsei_P024760                               7.69%    passed     99.36%
  50  Ocar_g8489                                                           7.69%    passed     99.36%
  51  Plajan_Pjan_C535835_01                                               0.85%    passed     96.49%
  52  Salurc_EP00051_Salpingoeca_urceolata_P027305                         7.69%    passed     94.99%
  53  Salmac_EP00052_Salpingoeca_macrocollata_P030676                     13.68%    passed     99.88%
  54  Salpun_EP00053_Salpingoeca_punica_P003891                           16.24%    passed     88.52%
  55  Chofle_EP00730_Choanoeca_flexa_P014658                               7.69%    passed     99.72%
  56  Choper_EP00045_Choanoeca_perplexa_P001379                            7.69%    passed     99.13%
  57  Mbre_EDQ88798                                                        7.69%    passed     98.78%
  58  Salinf_EP00049_Salpingoeca_infusionum_P018132                       13.68%    passed     98.96%
  59  Microa_EP00043_Microstomoeca_roanoka_P015498                         7.69%    passed     99.90%
  60  Sros_EGD74532                                                        7.69%    passed     98.16%
  61  Mylflu_EP00047_Mylnosiga_fluctuans_P002251                          16.24%    passed     93.79%
  62  Diagra_EP00040_Diaphanoeca_grandis_P017970                          11.11%    passed     97.11%
  63  Didcos_EP00039_Didymoeca_costata_P018281                            18.80%    passed     97.69%
  64  Stedip_EP00041_Stephanoeca_diplocostata_P039771                     13.68%    passed     84.04%
  65  Acaspe_EP00035_Acanthoeca_spectabilis_P020586                       17.09%    passed     70.39%
  66  Helnan_EP00037_Helgoeca_nana_P038054                                20.51%    passed     67.09%
  67  Codhol_EP00042_Codosiga_hollandica_P018613                          18.80%    passed     97.56%
  68  Acaspe_EP00035_Acanthoeca_spectabilis_P035022                       13.68%    passed     97.04%
  69  Helnan_EP00037_Helgoeca_nana_P032478                                13.68%    passed     62.90%
  70  Stedip_EP00041_Stephanoeca_diplocostata_P022619                      1.71%    passed     10.10%
  71  Salkve_EP00050_Salpingoeca_kvevrii_P018521                          18.80%    passed     96.26%
  72  Saldol_EP00054_Salpingoeca_dolichothecata_P032129                    7.69%    passed     70.31%
  73  Vmul_sbMO394123                                                     13.68%    passed     42.96%
  74  Leuniv_Lniv_scaffold15735_01                                        20.51%    failed      0.09%
****  TOTAL                                                               10.08%  1 sequences failed composition chi2 test (p-value<5%; df=19)
NOTE: Pocdam_XM_027193445.1 is identical to Spis_XP_022803732_1 but kept for subsequent analysis
NOTE: Hsap_ENST00000404603 is identical to Hsap_ENST00000215829 but kept for subsequent analysis
NOTE: Hhon_g03644.t1 is identical to HoiH23_PlH23_005164-RA but kept for subsequent analysis
NOTE: Pbac_sb2649398 is identical to Horcal_Hcv1.av93.c11.g52.i1 but kept for subsequent analysis
NOTE: Ocar_g8489 is identical to Opea_EP00118_Oscarella_pearsei_P024760 but kept for subsequent analysis
NOTE: 1 identical sequences (see below) will be ignored for subsequent analysis
NOTE: HoiH04_mRNA16943 (identical to HoiH23_PlH23_005164-RA) is ignored but added at the end
Alignment was printed to results_broccoli_metc/alignments_prefiltering/OG_652.iqtree.uniqueseq.phy

For your convenience alignment with unique sequences printed to results_broccoli_metc/alignments_prefiltering/OG_652.iqtree.uniqueseq.phy


Create initial parsimony tree by phylogenetic likelihood library (PLL)... 0.012 seconds
Measuring multi-threading efficiency up to 2 CPU cores
Increase to 10 rounds for branch lengths
9 trees examined
Threads: 1 / Time: 2.153 sec / Speedup: 1.000 / Efficiency: 100% / LogL: -8639
Threads: 2 / Time: 1.263 sec / Speedup: 1.706 / Efficiency: 85% / LogL: -8639
BEST NUMBER OF THREADS: 2

Perform fast likelihood tree search using LG+I+G model...
Estimate model parameters (epsilon = 5.000)
Perform nearest neighbor interchange...
Estimate model parameters (epsilon = 1.000)
1. Initial log-likelihood: -5824.161
Optimal log-likelihood: -5824.079
Proportion of invariable sites: 0.112
Gamma shape alpha: 1.095
Parameters optimization took 1 rounds (0.050 sec)
Time for fast ML tree search: 0.497 seconds

NOTE: ModelFinder requires 6 MB RAM!
ModelFinder will test up to 24 protein models (sample size: 117) ...
 No. Model         -LnL         df  AIC          AICc         BIC
  1  LG            6178.459     143 12642.918    53826.918    13037.909
  2  LG+I          6052.497     144 12392.994    54152.994    12790.747
  3  LG+G4         5832.161     144 11952.322    53712.322    12350.075
  4  LG+I+G4       5824.081     145 11938.162    54278.162    12338.678
  8  LG+F+I+G4     5804.275     164 11936.550    66056.550    12389.547
 12  WAG+I+G4      5851.116     145 11992.232    54332.232    12392.747
 16  WAG+F+I+G4    5853.091     164 12034.183    66154.183    12487.179
 20  JTT+I+G4      5849.178     145 11988.356    54328.356    12388.871
 24  JTT+F+I+G4    5849.590     164 12027.180    66147.180    12480.177
Akaike Information Criterion:           LG+F+I+G4
Corrected Akaike Information Criterion: LG+G4
Bayesian Information Criterion:         LG+I+G4
Best-fit model: LG+I+G4 chosen according to BIC

All model information printed to results_broccoli_metc/alignments_prefiltering/OG_652.iqtree.model.gz
CPU time for ModelFinder: 8.118 seconds (0h:0m:8s)
Wall-clock time for ModelFinder: 5.122 seconds (0h:0m:5s)
Generating 1000 samples for ultrafast bootstrap (seed: 980881)...

NOTE: 6 MB RAM (0 GB) is required!
Estimate model parameters (epsilon = 0.100)
Thoroughly optimizing +I+G parameters from 10 start values...
Init pinv, alpha: 0.000, 1.103 / Estimate: 0.000, 0.759 / LogL: -5832.150
Init pinv, alpha: 0.015, 1.103 / Estimate: 0.112, 1.097 / LogL: -5824.093
Init pinv, alpha: 0.030, 1.103 / Estimate: 0.112, 1.097 / LogL: -5824.093
Init pinv, alpha: 0.046, 1.103 / Estimate: 0.113, 1.100 / LogL: -5824.089
Init pinv, alpha: 0.061, 1.103 / Estimate: 0.112, 1.098 / LogL: -5824.092
Init pinv, alpha: 0.076, 1.103 / Estimate: 0.113, 1.100 / LogL: -5824.087
Init pinv, alpha: 0.091, 1.103 / Estimate: 0.112, 1.097 / LogL: -5824.088
Init pinv, alpha: 0.106, 1.103 / Estimate: 0.112, 1.096 / LogL: -5824.083
Init pinv, alpha: 0.122, 1.103 / Estimate: 0.116, 1.107 / LogL: -5824.077
Init pinv, alpha: 0.137, 1.103 / Estimate: 0.116, 1.104 / LogL: -5824.080
Optimal pinv,alpha: 0.116, 1.107 / LogL: -5824.077

Parameters optimization took 2.037 sec
Computing ML distances based on estimated model parameters...
Computing ML distances took 0.295737 sec (of wall-clock time) 0.590127 sec(of CPU time)
Computing RapidNJ tree took 0.001076 sec (of wall-clock time) 0.001151 sec (of CPU time)
Log-likelihood of RapidNJ tree: -5878.949
--------------------------------------------------------------------
|             INITIALIZING CANDIDATE TREE SET                      |
--------------------------------------------------------------------
Generating 98 parsimony trees... 0.997 second
Computing log-likelihood of 98 initial trees ... 1.703 seconds
Current best score: -5824.077

Do NNI search on 20 best initial trees
Estimate model parameters (epsilon = 0.100)
BETTER TREE FOUND at iteration 1: -5824.076
Estimate model parameters (epsilon = 0.100)
BETTER TREE FOUND at iteration 2: -5814.841
Iteration 10 / LogL: -5815.488 / Time: 0h:0m:9s
Estimate model parameters (epsilon = 0.100)
BETTER TREE FOUND at iteration 17: -5813.624
Iteration 20 / LogL: -5817.064 / Time: 0h:0m:13s
Finish initializing candidate tree set (20)
Current best tree score: -5813.624 / CPU time: 11.329
Number of iterations: 20
--------------------------------------------------------------------
|               OPTIMIZING CANDIDATE TREE SET                      |
--------------------------------------------------------------------
Iteration 30 / LogL: -5815.223 / Time: 0h:0m:18s (0h:2m:1s left)
Iteration 40 / LogL: -5815.044 / Time: 0h:0m:23s (0h:1m:45s left)
Iteration 50 / LogL: -5813.633 / Time: 0h:0m:27s (0h:1m:34s left)
Log-likelihood cutoff on original alignment: -5871.386
Iteration 60 / LogL: -5818.050 / Time: 0h:0m:32s (0h:1m:25s left)
Iteration 70 / LogL: -5814.953 / Time: 0h:0m:36s (0h:1m:18s left)
Iteration 80 / LogL: -5815.878 / Time: 0h:0m:41s (0h:1m:12s left)
Iteration 90 / LogL: -5813.637 / Time: 0h:0m:46s (0h:1m:6s left)
Iteration 100 / LogL: -5817.990 / Time: 0h:0m:51s (0h:1m:0s left)
Log-likelihood cutoff on original alignment: -5871.386
NOTE: Bootstrap correlation coefficient of split occurrence frequencies: 0.999
Iteration 110 / LogL: -5816.526 / Time: 0h:0m:56s (0h:0m:55s left)
Iteration 120 / LogL: -5815.132 / Time: 0h:1m:1s (0h:0m:49s left)
Iteration 130 / LogL: -5814.068 / Time: 0h:1m:5s (0h:0m:44s left)
Iteration 140 / LogL: -5813.675 / Time: 0h:1m:10s (0h:0m:38s left)
Iteration 150 / LogL: -5813.939 / Time: 0h:1m:14s (0h:0m:33s left)
Log-likelihood cutoff on original alignment: -5871.386
Iteration 160 / LogL: -5845.781 / Time: 0h:1m:19s (0h:0m:28s left)
Iteration 170 / LogL: -5815.565 / Time: 0h:1m:23s (0h:0m:23s left)
Iteration 180 / LogL: -5813.630 / Time: 0h:1m:28s (0h:0m:18s left)
Iteration 190 / LogL: -5813.627 / Time: 0h:1m:33s (0h:0m:13s left)
Iteration 200 / LogL: -5813.625 / Time: 0h:1m:38s (0h:0m:8s left)
Log-likelihood cutoff on original alignment: -5871.386
NOTE: Bootstrap correlation coefficient of split occurrence frequencies: 0.999
Iteration 210 / LogL: -5813.627 / Time: 0h:1m:42s (0h:0m:44s left)
TREE SEARCH COMPLETED AFTER 218 ITERATIONS / Time: 0h:1m:46s

--------------------------------------------------------------------
|                    FINALIZING TREE SEARCH                        |
--------------------------------------------------------------------
Performs final model parameters optimization
Estimate model parameters (epsilon = 0.010)
1. Initial log-likelihood: -5813.624
Optimal log-likelihood: -5813.623
Proportion of invariable sites: 0.114
Gamma shape alpha: 1.082
Parameters optimization took 1 rounds (0.053 sec)
BEST SCORE FOUND : -5813.623
Creating bootstrap support values...
Split supports printed to NEXUS file results_broccoli_metc/alignments_prefiltering/OG_652.iqtree.splits.nex
Total tree length: 18.266

Total number of iterations: 218
CPU time used for tree search: 203.976 sec (0h:3m:23s)
Wall-clock time used for tree search: 103.758 sec (0h:1m:43s)
Total CPU time used: 209.544 sec (0h:3m:29s)
Total wall-clock time used: 106.637 sec (0h:1m:46s)

Computing bootstrap consensus tree...
Reading input file results_broccoli_metc/alignments_prefiltering/OG_652.iqtree.splits.nex...
73 taxa and 567 splits.
Consensus tree written to results_broccoli_metc/alignments_prefiltering/OG_652.iqtree.contree
Reading input trees file results_broccoli_metc/alignments_prefiltering/OG_652.iqtree.contree
Log-likelihood of consensus tree: -5813.631

Analysis results written to: 
  IQ-TREE report:                results_broccoli_metc/alignments_prefiltering/OG_652.iqtree.iqtree
  Maximum-likelihood tree:       results_broccoli_metc/alignments_prefiltering/OG_652.iqtree.treefile
  Likelihood distances:          results_broccoli_metc/alignments_prefiltering/OG_652.iqtree.mldist

Ultrafast bootstrap approximation results written to:
  Split support values:          results_broccoli_metc/alignments_prefiltering/OG_652.iqtree.splits.nex
  Consensus tree:                results_broccoli_metc/alignments_prefiltering/OG_652.iqtree.contree
  Screen log file:               results_broccoli_metc/alignments_prefiltering/OG_652.iqtree.log

Date and Time: Thu Jun  2 02:20:38 2022
