IQ-TREE multicore version 2.1.0 for Linux 64-bit built Jul 18 2020
Developed by Bui Quang Minh, James Barbetti, Nguyen Lam Tung,
Olga Chernomor, Heiko Schmidt, Dominik Schrempf, Michael Woodhams.

Host:    node-hp0510.linux.crg.es (AVX, 125 GB RAM)
Command: /users/asebe/xgraubove/Programes/iqtree-2.1.0-Linux/bin/iqtree2 -s results_broccoli_metc/alignments_prefiltering/OG_7966.lt.fasta -m TEST -mset LG,WAG,JTT -nt AUTO -ntmax 2 -bb 1000 -pre results_broccoli_metc/alignments_prefiltering/OG_7966.iqtree -nm 10000 -nstop 200 -cptime 1800
Seed:    464886 (Using SPRNG - Scalable Parallel Random Number Generator)
Time:    Thu Jun  2 03:30:05 2022
Kernel:  AVX - auto-detect threads (2 CPU cores detected)

Reading alignment file results_broccoli_metc/alignments_prefiltering/OG_7966.lt.fasta ... Fasta format detected
Alignment most likely contains protein sequences
Alignment has 89 sequences with 301 columns, 301 distinct patterns
301 parsimony-informative, 0 singleton sites, 0 constant sites
                                                                   Gap/Ambiguity  Composition  p-value
   1  Chem_TCONS_00001648                                                 47.84%    passed      8.15%
   2  Morvir_scaffold393.g15.t1                                            3.99%    passed     39.86%
   3  Hhon_g03114.t1                                                       8.31%    failed      3.48%
   4  HoiH04_mRNA13208                                                     8.31%    failed      3.48%
   5  HoiH23_PlH23_007540-RA                                               7.31%    failed      0.96%
   6  HoiH06_mRNA12549                                                     7.31%    passed     10.01%
   7  Tadh_TriadT33385                                                     6.64%    passed     30.64%
   8  TrH2_TrispH2_009553-RA                                               6.64%    passed     30.64%
   9  Adig_XM_015908163.1                                                 11.30%    passed     65.63%
  10  Amil_Amillepora09860-RA                                             50.50%    passed     16.03%
  11  Gfas_gfas1.m1.16605.m1                                               8.64%    passed     92.11%
  12  Gasp_gasp1.m3.26482.m1                                              26.58%    passed     98.20%
  13  Pocdam_XM_027182984.1                                               10.63%    passed     96.63%
  14  Spis_XP_022791031_1                                                 10.63%    passed     54.74%
  15  Fspp_ffun1.m4.13631.m1                                              31.23%    passed     56.98%
  16  Nvec_v1g83464                                                        4.32%    passed     62.02%
  17  Scil_scict009839.1                                                   3.32%    passed     45.50%
  18  Gracom_Gcom_C547046_01                                               3.99%    passed     32.46%
  19  Lcom_lcpid83398                                                      4.32%    passed      9.29%
  20  Plajan_Pjan_C563228_01                                               5.32%    passed     12.46%
  21  Opea_EP00118_Oscarella_pearsei_P002633                              75.42%    failed      1.33%
  22  Ocar_g4655                                                          16.94%    passed     71.95%
  23  Opea_EP00118_Oscarella_pearsei_P028060                              39.20%    passed     68.90%
  24  Spur_XM_030983795.1                                                  0.33%    passed     97.80%
  25  Spur_XM_030998563.1                                                  0.33%    passed     97.80%
  26  Xesp_012266-T1                                                       4.32%    failed      2.91%
  27  Dgig_XM_028553905.1                                                  7.97%    passed      5.22%
  28  Tetwil_g20148.t1                                                     6.31%    passed     10.15%
  29  Skow_XM_006812146.1                                                  0.33%    failed      1.25%
  30  Salinf_EP00049_Salpingoeca_infusionum_P005009                       71.76%    passed     22.61%
  31  Ctel_gnl_WGS_AMQN_CAPTEDRAFT_mRNA157459                             13.29%    passed     97.08%
  32  Acagra_model.g16284.t1                                               4.98%    passed     99.97%
  33  Acagra_model.g16284.t1.1.5d3b8875                                    4.98%    passed     99.97%
  34  Microa_EP00043_Microstomoeca_roanoka_P025811                        67.44%    passed     19.09%
  35  Microa_EP00043_Microstomoeca_roanoka_P025812                        39.53%    failed      1.48%
  36  Sros_EGD72421                                                       15.95%    failed      0.00%
  37  Bralan_BLAG04000923_1                                                3.65%    passed     68.51%
  38  Chofle_EP00730_Choanoeca_flexa_P009940                              14.95%    passed     15.84%
  39  Choper_EP00045_Choanoeca_perplexa_P015658                           14.95%    failed      3.00%
  40  Mbre_EDQ92059                                                       14.95%    failed      0.86%
  41  Hsap_ENST00000269967                                                 6.64%    failed      0.18%
  42  Salurc_EP00051_Salpingoeca_urceolata_P034501                         5.32%    failed      0.00%
  43  Halamb_c34494_g1_i1m.8145                                           43.85%    passed     32.66%
  44  Aque_Aqu2.1.34825_001                                               19.93%    passed     69.49%
  45  Xestes_augustus_masked-XT_scaffold11569-processed-gene-0.6-mRNA-1   13.29%    passed     54.47%
  46  Stycar_augustus_masked-SC_scaffold24351-processed-gene-0.1-mRNA-1   18.94%    passed     83.90%
  47  Emue_Em0019g880a.t1                                                  9.30%    passed     69.02%
  48  Spolac_c91900_g1_i1_m.7345c91900-g1                                 26.58%    passed     51.48%
  49  Plespi_Pspi_scaffold11043_01                                        50.17%    passed     68.24%
  50  Cscu_XM_023357368.1                                                 11.96%    failed      1.73%
  51  Cscu_XM_023370556.1                                                 21.59%    failed      2.51%
  52  Cgig_XM_011441544.3                                                  5.65%    passed     16.36%
  53  Salkve_EP00050_Salpingoeca_kvevrii_P007976                          10.30%    failed      0.00%
  54  Didcos_EP00039_Didymoeca_costata_P005731                            21.59%    passed     56.85%
  55  Didcos_EP00039_Didymoeca_costata_P005732                            64.12%    passed     31.26%
  56  Diagra_EP00040_Diaphanoeca_grandis_P005241                          14.29%    passed     10.43%
  57  Salmac_EP00052_Salpingoeca_macrocollata_P000369                     62.13%    failed      0.00%
  58  Mylflu_EP00047_Mylnosiga_fluctuans_P019685                           7.97%    failed      0.03%
  59  Mlei_ML1207.g34.i1                                                  27.24%    passed     88.11%
  60  Bolinf_Binf_sb1231828                                               24.58%    passed     92.98%
  61  Bolinf_Binf_sb1231829                                               24.58%    passed     92.98%
  62  Bolinf_Binf_sb1231832                                               24.58%    passed     92.98%
  63  Mertsp_Mesp_sb565331                                                48.50%    passed     87.50%
  64  Mertsp_Mesp_sb565332                                                48.50%    passed     87.50%
  65  Bolinf_Binf_sb1231830                                               48.84%    passed     71.59%
  66  Bolinf_Binf_sb1231831                                               48.84%    passed     71.59%
  67  Bolinf_Binf_sb1231833                                               48.84%    passed     71.59%
  68  Drygla_Dgla_sb288937                                                10.30%    passed     82.73%
  69  Drygla_Dgla_sb288938                                                10.30%    passed     82.73%
  70  Pbac_sb2658205                                                      59.47%    passed     12.49%
  71  Pbac_sb2657093                                                      52.49%    passed     26.53%
  72  Eupdun_Edun_sb10630895                                              45.18%    passed     64.79%
  73  Coemet_Cmet_scaffold3278_01                                         14.62%    passed     50.03%
  74  Coeast_Cast_sb816298                                                14.95%    passed     10.98%
  75  Lampan_Lpan_7442_01                                                 16.94%    passed     76.01%
  76  Tcas_TC007463_001                                                    5.65%    passed     10.57%
  77  Dpul_mRNA3046                                                       21.93%    passed     57.45%
  78  Stedip_EP00041_Stephanoeca_diplocostata_P011292                     13.62%    passed     87.84%
  79  Stedip_EP00041_Stephanoeca_diplocostata_P011291                     41.53%    failed      0.36%
  80  Hvul_g13507_1                                                       15.61%    failed      0.01%
  81  Halamb_c54274_g1_i1m.37840                                          20.27%    failed      0.00%
  82  Clacor_Ccor_C513819_01                                              46.84%    passed     45.38%
  83  Exapal_XM_021041294.2                                               37.21%    failed      0.00%
  84  Salinf_EP00049_Salpingoeca_infusionum_P002617                        3.99%    failed      0.43%
  85  Helnan_EP00037_Helgoeca_nana_P014681                                10.96%    failed      0.00%
  86  Salmac_EP00052_Salpingoeca_macrocollata_P032870                     15.28%    failed      0.00%
  87  Salpun_EP00053_Salpingoeca_punica_P001049                           34.22%    failed      0.78%
  88  Codhol_EP00042_Codosiga_hollandica_P017953                          11.63%    failed      0.03%
  89  Beraby_Baby_sb342273                                                38.21%    passed     71.13%
WARNING: 9 sequences contain more than 50% gaps/ambiguity
****  TOTAL                                                               22.29%  26 sequences failed composition chi2 test (p-value<5%; df=19)
NOTE: HoiH04_mRNA13208 is identical to Hhon_g03114.t1 but kept for subsequent analysis
NOTE: TrH2_TrispH2_009553-RA is identical to Tadh_TriadT33385 but kept for subsequent analysis
NOTE: Spur_XM_030998563.1 is identical to Spur_XM_030983795.1 but kept for subsequent analysis
NOTE: Acagra_model.g16284.t1.1.5d3b8875 is identical to Acagra_model.g16284.t1 but kept for subsequent analysis
NOTE: Bolinf_Binf_sb1231829 is identical to Bolinf_Binf_sb1231828 but kept for subsequent analysis
NOTE: Mertsp_Mesp_sb565332 is identical to Mertsp_Mesp_sb565331 but kept for subsequent analysis
NOTE: Bolinf_Binf_sb1231831 is identical to Bolinf_Binf_sb1231830 but kept for subsequent analysis
NOTE: Drygla_Dgla_sb288938 is identical to Drygla_Dgla_sb288937 but kept for subsequent analysis
NOTE: 2 identical sequences (see below) will be ignored for subsequent analysis
NOTE: Bolinf_Binf_sb1231832 (identical to Bolinf_Binf_sb1231828) is ignored but added at the end
NOTE: Bolinf_Binf_sb1231833 (identical to Bolinf_Binf_sb1231830) is ignored but added at the end
Alignment was printed to results_broccoli_metc/alignments_prefiltering/OG_7966.iqtree.uniqueseq.phy

For your convenience alignment with unique sequences printed to results_broccoli_metc/alignments_prefiltering/OG_7966.iqtree.uniqueseq.phy


Create initial parsimony tree by phylogenetic likelihood library (PLL)... 0.029 seconds
Measuring multi-threading efficiency up to 2 CPU cores
Increase to 10 rounds for branch lengths
3 trees examined
Threads: 1 / Time: 2.117 sec / Speedup: 1.000 / Efficiency: 100% / LogL: -41481
Threads: 2 / Time: 1.132 sec / Speedup: 1.870 / Efficiency: 93% / LogL: -41481
BEST NUMBER OF THREADS: 2

Perform fast likelihood tree search using LG+G model...
Estimate model parameters (epsilon = 5.000)
Perform nearest neighbor interchange...
Estimate model parameters (epsilon = 1.000)
1. Initial log-likelihood: -31270.896
Optimal log-likelihood: -31270.840
Gamma shape alpha: 1.638
Parameters optimization took 1 rounds (0.121 sec)
Time for fast ML tree search: 1.793 seconds

NOTE: ModelFinder requires 18 MB RAM!
ModelFinder will test up to 12 protein models (sample size: 301) ...
 No. Model         -LnL         df  AIC          AICc         BIC
  1  LG            32182.450    171 64706.901    65162.901    65340.816
  2  LG+G4         31270.866    172 62885.733    63350.670    63523.356
  4  LG+F+G4       31358.611    191 63099.221    63772.102    63807.279
  6  WAG+G4        31381.187    172 63106.374    63571.311    63743.997
  8  WAG+F+G4      31500.670    191 63383.341    64056.222    64091.399
 10  JTT+G4        31493.506    172 63331.011    63795.949    63968.634
 12  JTT+F+G4      31455.877    191 63293.753    63966.634    64001.811
Akaike Information Criterion:           LG+G4
Corrected Akaike Information Criterion: LG+G4
Bayesian Information Criterion:         LG+G4
Best-fit model: LG+G4 chosen according to BIC

All model information printed to results_broccoli_metc/alignments_prefiltering/OG_7966.iqtree.model.gz
CPU time for ModelFinder: 15.488 seconds (0h:0m:15s)
Wall-clock time for ModelFinder: 8.807 seconds (0h:0m:8s)
Generating 1000 samples for ultrafast bootstrap (seed: 464886)...

NOTE: 18 MB RAM (0 GB) is required!
Estimate model parameters (epsilon = 0.100)
1. Initial log-likelihood: -31270.866
Optimal log-likelihood: -31270.847
Gamma shape alpha: 1.637
Parameters optimization took 1 rounds (0.123 sec)
Computing ML distances based on estimated model parameters...
Computing ML distances took 0.536893 sec (of wall-clock time) 1.071396 sec(of CPU time)
Computing RapidNJ tree took 0.001395 sec (of wall-clock time) 0.002766 sec (of CPU time)
Log-likelihood of RapidNJ tree: -31691.061
--------------------------------------------------------------------
|             INITIALIZING CANDIDATE TREE SET                      |
--------------------------------------------------------------------
Generating 98 parsimony trees... 2.994 second
Computing log-likelihood of 98 initial trees ... 4.395 seconds
Current best score: -31270.847

Do NNI search on 20 best initial trees
Estimate model parameters (epsilon = 0.100)
BETTER TREE FOUND at iteration 1: -31270.809
Estimate model parameters (epsilon = 0.100)
BETTER TREE FOUND at iteration 2: -31261.941
Estimate model parameters (epsilon = 0.100)
BETTER TREE FOUND at iteration 3: -31260.323
Iteration 10 / LogL: -31272.904 / Time: 0h:0m:22s
Iteration 20 / LogL: -31265.622 / Time: 0h:0m:36s
Finish initializing candidate tree set (20)
Current best tree score: -31260.323 / CPU time: 35.487
Number of iterations: 20
--------------------------------------------------------------------
|               OPTIMIZING CANDIDATE TREE SET                      |
--------------------------------------------------------------------
Estimate model parameters (epsilon = 0.100)
BETTER TREE FOUND at iteration 23: -31260.268
Estimate model parameters (epsilon = 0.100)
BETTER TREE FOUND at iteration 29: -31259.210
Iteration 30 / LogL: -31268.842 / Time: 0h:0m:50s (0h:5m:48s left)
Iteration 40 / LogL: -31261.760 / Time: 0h:1m:4s (0h:5m:14s left)
Iteration 50 / LogL: -31261.175 / Time: 0h:1m:19s (0h:4m:50s left)
Log-likelihood cutoff on original alignment: -31321.829
Estimate model parameters (epsilon = 0.100)
BETTER TREE FOUND at iteration 52: -31258.023
Iteration 60 / LogL: -31260.622 / Time: 0h:1m:34s (0h:5m:7s left)
Estimate model parameters (epsilon = 0.100)
BETTER TREE FOUND at iteration 68: -31255.324
Iteration 70 / LogL: -31259.746 / Time: 0h:1m:47s (0h:5m:7s left)
Estimate model parameters (epsilon = 0.100)
BETTER TREE FOUND at iteration 75: -31254.205
Iteration 80 / LogL: -31254.714 / Time: 0h:2m:1s (0h:4m:59s left)
Estimate model parameters (epsilon = 0.100)
BETTER TREE FOUND at iteration 81: -31253.269
Estimate model parameters (epsilon = 0.100)
BETTER TREE FOUND at iteration 85: -31252.926
Iteration 90 / LogL: -31254.361 / Time: 0h:2m:15s (0h:4m:57s left)
Estimate model parameters (epsilon = 0.100)
BETTER TREE FOUND at iteration 98: -31252.747
Iteration 100 / LogL: -31253.550 / Time: 0h:2m:30s (0h:5m:1s left)
Log-likelihood cutoff on original alignment: -31321.829
NOTE: Bootstrap correlation coefficient of split occurrence frequencies: 0.987
NOTE: UFBoot does not converge, continue at least 100 more iterations
Iteration 110 / LogL: -31252.748 / Time: 0h:2m:46s (0h:4m:46s left)
Iteration 120 / LogL: -31260.790 / Time: 0h:3m:0s (0h:4m:29s left)
Iteration 130 / LogL: -31276.705 / Time: 0h:3m:14s (0h:4m:13s left)
Iteration 140 / LogL: -31252.747 / Time: 0h:3m:28s (0h:3m:57s left)
Iteration 150 / LogL: -31252.782 / Time: 0h:3m:43s (0h:3m:42s left)
Log-likelihood cutoff on original alignment: -31321.829
Iteration 160 / LogL: -31255.916 / Time: 0h:3m:58s (0h:3m:26s left)
Iteration 170 / LogL: -31257.917 / Time: 0h:4m:12s (0h:3m:11s left)
Iteration 180 / LogL: -31255.991 / Time: 0h:4m:28s (0h:2m:56s left)
Iteration 190 / LogL: -31263.892 / Time: 0h:4m:43s (0h:2m:41s left)
Iteration 200 / LogL: -31252.782 / Time: 0h:4m:56s (0h:2m:26s left)
Log-likelihood cutoff on original alignment: -31321.829
NOTE: Bootstrap correlation coefficient of split occurrence frequencies: 0.996
Iteration 210 / LogL: -31253.445 / Time: 0h:5m:11s (0h:2m:14s left)
Iteration 220 / LogL: -31252.927 / Time: 0h:5m:26s (0h:1m:59s left)
Iteration 230 / LogL: -31254.074 / Time: 0h:5m:42s (0h:1m:44s left)
Iteration 240 / LogL: -31253.934 / Time: 0h:5m:56s (0h:1m:29s left)
Iteration 250 / LogL: -31253.514 / Time: 0h:6m:10s (0h:1m:14s left)
Log-likelihood cutoff on original alignment: -31321.829
Iteration 260 / LogL: -31253.524 / Time: 0h:6m:25s (0h:0m:59s left)
Iteration 270 / LogL: -31253.476 / Time: 0h:6m:41s (0h:0m:44s left)
Iteration 280 / LogL: -31253.182 / Time: 0h:6m:54s (0h:0m:29s left)
Iteration 290 / LogL: -31262.091 / Time: 0h:7m:8s (0h:0m:14s left)
TREE SEARCH COMPLETED AFTER 299 ITERATIONS / Time: 0h:7m:20s

--------------------------------------------------------------------
|                    FINALIZING TREE SEARCH                        |
--------------------------------------------------------------------
Performs final model parameters optimization
Estimate model parameters (epsilon = 0.010)
1. Initial log-likelihood: -31252.747
Optimal log-likelihood: -31252.747
Gamma shape alpha: 1.624
Parameters optimization took 1 rounds (0.121 sec)
BEST SCORE FOUND : -31252.747
Creating bootstrap support values...
Split supports printed to NEXUS file results_broccoli_metc/alignments_prefiltering/OG_7966.iqtree.splits.nex
Total tree length: 52.936

Total number of iterations: 299
CPU time used for tree search: 870.686 sec (0h:14m:30s)
Wall-clock time used for tree search: 439.418 sec (0h:7m:19s)
Total CPU time used: 873.828 sec (0h:14m:33s)
Total wall-clock time used: 441.094 sec (0h:7m:21s)

Computing bootstrap consensus tree...
Reading input file results_broccoli_metc/alignments_prefiltering/OG_7966.iqtree.splits.nex...
87 taxa and 746 splits.
Consensus tree written to results_broccoli_metc/alignments_prefiltering/OG_7966.iqtree.contree
Reading input trees file results_broccoli_metc/alignments_prefiltering/OG_7966.iqtree.contree
Log-likelihood of consensus tree: -31252.754

Analysis results written to: 
  IQ-TREE report:                results_broccoli_metc/alignments_prefiltering/OG_7966.iqtree.iqtree
  Maximum-likelihood tree:       results_broccoli_metc/alignments_prefiltering/OG_7966.iqtree.treefile
  Likelihood distances:          results_broccoli_metc/alignments_prefiltering/OG_7966.iqtree.mldist

Ultrafast bootstrap approximation results written to:
  Split support values:          results_broccoli_metc/alignments_prefiltering/OG_7966.iqtree.splits.nex
  Consensus tree:                results_broccoli_metc/alignments_prefiltering/OG_7966.iqtree.contree
  Screen log file:               results_broccoli_metc/alignments_prefiltering/OG_7966.iqtree.log

Date and Time: Thu Jun  2 03:37:36 2022
