IQ-TREE multicore version 2.1.0 for Linux 64-bit built Jul 18 2020
Developed by Bui Quang Minh, James Barbetti, Nguyen Lam Tung,
Olga Chernomor, Heiko Schmidt, Dominik Schrempf, Michael Woodhams.

Host:    node-hp0110.linux.crg.es (AVX, 125 GB RAM)
Command: /users/asebe/xgraubove/Programes/iqtree-2.1.0-Linux/bin/iqtree2 -s results_broccoli_metc/alignments_prefiltering/OG_7548.lt.fasta -m TEST -mset LG,WAG,JTT -nt AUTO -ntmax 2 -bb 1000 -pre results_broccoli_metc/alignments_prefiltering/OG_7548.iqtree -nm 10000 -nstop 200 -cptime 1800
Seed:    867747 (Using SPRNG - Scalable Parallel Random Number Generator)
Time:    Thu Jun  2 02:51:16 2022
Kernel:  AVX - auto-detect threads (2 CPU cores detected)

Reading alignment file results_broccoli_metc/alignments_prefiltering/OG_7548.lt.fasta ... Fasta format detected
Alignment most likely contains protein sequences
Alignment has 70 sequences with 204 columns, 204 distinct patterns
199 parsimony-informative, 0 singleton sites, 5 constant sites
                                                                  Gap/Ambiguity  Composition  p-value
   1  Sros_EGD73431                                                       9.31%    passed     78.14%
   2  Microa_EP00043_Microstomoeca_roanoka_P003934                       10.29%    passed     89.86%
   3  Salinf_EP00049_Salpingoeca_infusionum_P005693                       9.31%    passed     89.98%
   4  Choper_EP00045_Choanoeca_perplexa_P021775                           9.80%    passed     77.72%
   5  Chofle_EP00730_Choanoeca_flexa_P003289                              5.88%    passed     74.86%
   6  Lcom_lcpid235409                                                   48.53%    passed     79.02%
   7  Saldol_EP00054_Salpingoeca_dolichothecata_P020818                  10.78%    passed     93.25%
   8  Diagra_EP00040_Diaphanoeca_grandis_P019322                         11.27%    passed     55.10%
   9  Acaspe_EP00035_Acanthoeca_spectabilis_P033433                       2.94%    passed     86.60%
  10  Helnan_EP00037_Helgoeca_nana_P038175                                9.80%    passed     32.14%
  11  Didcos_EP00039_Didymoeca_costata_P024890                           10.29%    passed     86.33%
  12  Salpun_EP00053_Salpingoeca_punica_P004401                           8.82%    passed      7.71%
  13  Salmac_EP00052_Salpingoeca_macrocollata_P010886                     6.37%    failed      0.81%
  14  Salmac_EP00052_Salpingoeca_macrocollata_P010887                    33.33%    passed     36.56%
  15  Salkve_EP00050_Salpingoeca_kvevrii_P014563                         13.24%    passed     29.36%
  16  Salurc_EP00051_Salpingoeca_urceolata_P009559                       13.24%    passed     19.70%
  17  Spur_XM_776644.4                                                    0.98%    passed     57.84%
  18  Cgig_XM_011440175.3                                                 5.39%    passed     92.36%
  19  Skow_NM_001184840.1                                                 0.98%    passed     94.89%
  20  Spis_XP_022804852_1                                                 1.47%    passed     99.81%
  21  Pocdam_XM_027183369.1                                               1.47%    passed    100.00%
  22  Gasp_gasp1.m3.3872.m1                                               1.47%    passed     99.90%
  23  Fspp_ffun1.m4.10750.m1                                              1.47%    passed     99.94%
  24  Gfas_gfas1.m1.6411.m1                                               1.47%    passed     99.91%
  25  Adig_XM_015923586.1                                                 1.47%    passed     98.13%
  26  Amil_Amillepora08633-RA                                             1.47%    passed     99.23%
  27  Nvec_v1g191511                                                      0.98%    passed     99.91%
  28  Exapal_XM_021045935.2                                               0.49%    passed     99.94%
  29  Acagra_model.g30197.t1.1.5d3b8ce4                                   1.47%    passed     90.44%
  30  Hvul_g6150_1                                                        2.45%    passed     79.15%
  31  Sanmal_Sma_025243-T1                                                0.00%    passed     93.19%
  32  Rhoesc_Res_010955-T1                                                0.49%    passed     92.86%
  33  Nemnom_g11922.t1                                                    0.00%    passed     99.75%
  34  Aaur_scaffold270.g7.t1                                              0.00%    passed     94.43%
  35  Morvir_scaffold255.g17.t1                                           0.00%    passed     39.28%
  36  Opea_EP00118_Oscarella_pearsei_P029004                              0.00%    passed     75.51%
  37  Ocar_g7252                                                         15.20%    passed     68.55%
  38  Tetwil_g6243.t1                                                     0.00%    passed     76.38%
  39  Stycar_augustus_masked-SC_scaffold6867-processed-gene-0.9-mRNA-1    0.49%    passed     86.33%
  40  Spolac_c98115_g1_i1_m.16467c98115-g1                                0.49%    passed     95.50%
  41  Emue_Em0018g997a.t1                                                 0.49%    passed     99.28%
  42  Plespi_Pspi_C594704_01                                              0.00%    passed     97.10%
  43  Bralan_BLAG07001024_1                                               2.45%    passed     51.38%
  44  Aque_Aqu2.1.40929_001                                               2.94%    passed     74.19%
  45  Xestes_maker-XT_scaffold558-augustus-gene-0.19-mRNA-1               0.49%    passed     70.50%
  46  Halamb_c39779_g1_i1m.12057                                          2.45%    passed     94.65%
  47  Hsap_ENST00000426538                                                0.00%    passed     82.68%
  48  Scil_scict020812.1                                                  7.84%    passed     57.08%
  49  Gracom_Gcom_scaffold6985_01                                         7.84%    passed     96.00%
  50  Lcom_lcpid86869                                                     7.84%    passed     92.68%
  51  Lcom_lcpid128786                                                   30.88%    passed     77.36%
  52  Leuniv_Lniv_C798546_01                                              6.37%    passed     82.38%
  53  Cscu_XM_023373412.1                                                 4.90%    passed     62.35%
  54  HoiH11_mRNA2444                                                     0.00%    passed     66.68%
  55  HoiH04_mRNA3112                                                     0.00%    passed     75.99%
  56  Hhon_g00935.t1                                                      0.00%    passed     72.52%
  57  HoiH23_PlH23_001675-RA                                              0.00%    passed     58.95%
  58  Tadh_TriadT24572                                                    0.49%    passed     98.58%
  59  TrH2_TrispH2_005377-RA                                              0.49%    passed     98.52%
  60  Ctel_gnl_WGS_AMQN_CAPTEDRAFT_mRNA21464                              0.00%    passed     93.96%
  61  Dgig_XM_028554332.1                                                 0.49%    passed     96.67%
  62  Xesp_012944-T1                                                      0.49%    passed     96.05%
  63  Dpul_mRNA28251                                                      4.41%    passed     37.20%
  64  Mlei_ML0549.g5.i1                                                   2.45%    passed     25.36%
  65  Mertsp_Mesp_sb550306                                               17.65%    passed     44.07%
  66  Lampan_Lpan_C395635_01                                              2.45%    passed     19.94%
  67  Vmul_Simscaffold16307_01                                            3.43%    passed     86.80%
  68  Horcal_Hcv1.av93.c3.g840.i1                                         1.96%    passed     95.29%
  69  Pbac_sb2655077                                                      1.47%    passed     87.32%
  70  Tcas_TC010104_001                                                   5.88%    passed     62.34%
****  TOTAL                                                               5.27%  1 sequences failed composition chi2 test (p-value<5%; df=19)


Create initial parsimony tree by phylogenetic likelihood library (PLL)... 0.014 seconds
Measuring multi-threading efficiency up to 2 CPU cores
Increase to 10 rounds for branch lengths
6 trees examined
Threads: 1 / Time: 2.138 sec / Speedup: 1.000 / Efficiency: 100% / LogL: -23721
Threads: 2 / Time: 1.249 sec / Speedup: 1.712 / Efficiency: 86% / LogL: -23721
BEST NUMBER OF THREADS: 2

Perform fast likelihood tree search using LG+I+G model...
Estimate model parameters (epsilon = 5.000)
Perform nearest neighbor interchange...
Estimate model parameters (epsilon = 1.000)
1. Initial log-likelihood: -16332.248
Optimal log-likelihood: -16332.229
Proportion of invariable sites: 0.018
Gamma shape alpha: 1.781
Parameters optimization took 1 rounds (0.074 sec)
Time for fast ML tree search: 1.135 seconds

NOTE: ModelFinder requires 10 MB RAM!
ModelFinder will test up to 24 protein models (sample size: 204) ...
 No. Model         -LnL         df  AIC          AICc         BIC
  1  LG            16785.893    137 33845.786    34418.695    34300.368
  2  LG+I          16738.671    138 33753.342    34343.558    34211.243
  3  LG+G4         16337.153    138 32950.306    33540.521    33408.207
  4  LG+I+G4       16332.242    139 32942.483    33550.608    33403.702
  7  LG+F+G4       16342.929    157 32999.857    34078.379    33520.802
  8  LG+F+I+G4     16336.710    158 32989.420    34105.953    33513.682
 11  WAG+G4        16455.134    138 33186.267    33776.483    33644.168
 12  WAG+I+G4      16443.914    139 33165.828    33773.953    33627.046
 15  WAG+F+G4      16478.976    157 33271.953    34350.475    33792.898
 16  WAG+F+I+G4    16467.727    158 33251.455    34367.988    33775.718
 19  JTT+G4        16415.917    138 33107.834    33698.049    33565.734
 20  JTT+I+G4      16405.359    139 33088.718    33696.843    33549.937
 23  JTT+F+G4      16398.262    157 33110.525    34189.046    33631.469
 24  JTT+F+I+G4    16386.627    158 33089.253    34205.787    33613.516
Akaike Information Criterion:           LG+I+G4
Corrected Akaike Information Criterion: LG+G4
Bayesian Information Criterion:         LG+I+G4
Best-fit model: LG+I+G4 chosen according to BIC

All model information printed to results_broccoli_metc/alignments_prefiltering/OG_7548.iqtree.model.gz
CPU time for ModelFinder: 12.732 seconds (0h:0m:12s)
Wall-clock time for ModelFinder: 7.413 seconds (0h:0m:7s)
Generating 1000 samples for ultrafast bootstrap (seed: 867747)...

NOTE: 10 MB RAM (0 GB) is required!
Estimate model parameters (epsilon = 0.100)
Thoroughly optimizing +I+G parameters from 10 start values...
Init pinv, alpha: 0.000, 1.781 / Estimate: 0.018, 1.778 / LogL: -16332.237
Init pinv, alpha: 0.003, 1.781 / Estimate: 0.017, 1.776 / LogL: -16332.239
Init pinv, alpha: 0.005, 1.781 / Estimate: 0.018, 1.779 / LogL: -16332.234
Init pinv, alpha: 0.008, 1.781 / Estimate: 0.017, 1.774 / LogL: -16332.241
Init pinv, alpha: 0.011, 1.781 / Estimate: 0.018, 1.778 / LogL: -16332.235
Init pinv, alpha: 0.014, 1.781 / Estimate: 0.018, 1.780 / LogL: -16332.232
Init pinv, alpha: 0.016, 1.781 / Estimate: 0.018, 1.779 / LogL: -16332.233
Init pinv, alpha: 0.019, 1.781 / Estimate: 0.018, 1.784 / LogL: -16332.230
Init pinv, alpha: 0.022, 1.781 / Estimate: 0.019, 1.788 / LogL: -16332.231
Init pinv, alpha: 0.025, 1.781 / Estimate: 0.019, 1.785 / LogL: -16332.229
Optimal pinv,alpha: 0.019, 1.785 / LogL: -16332.229

Parameters optimization took 2.019 sec
Computing ML distances based on estimated model parameters...
Computing ML distances took 0.317262 sec (of wall-clock time) 0.629465 sec(of CPU time)
Computing RapidNJ tree took 0.001015 sec (of wall-clock time) 0.001018 sec (of CPU time)
Log-likelihood of RapidNJ tree: -16360.718
--------------------------------------------------------------------
|             INITIALIZING CANDIDATE TREE SET                      |
--------------------------------------------------------------------
Generating 98 parsimony trees... 1.512 second
Computing log-likelihood of 98 initial trees ... 2.489 seconds
Current best score: -16332.229

Do NNI search on 20 best initial trees
Estimate model parameters (epsilon = 0.100)
BETTER TREE FOUND at iteration 1: -16332.229
Estimate model parameters (epsilon = 0.100)
BETTER TREE FOUND at iteration 2: -16325.109
Estimate model parameters (epsilon = 0.100)
BETTER TREE FOUND at iteration 3: -16321.914
Estimate model parameters (epsilon = 0.100)
BETTER TREE FOUND at iteration 4: -16308.609
Iteration 10 / LogL: -16317.988 / Time: 0h:0m:11s
Estimate model parameters (epsilon = 0.100)
BETTER TREE FOUND at iteration 17: -16308.146
Iteration 20 / LogL: -16309.065 / Time: 0h:0m:15s
Finish initializing candidate tree set (18)
Current best tree score: -16308.146 / CPU time: 12.860
Number of iterations: 20
--------------------------------------------------------------------
|               OPTIMIZING CANDIDATE TREE SET                      |
--------------------------------------------------------------------
Estimate model parameters (epsilon = 0.100)
BETTER TREE FOUND at iteration 27: -16307.423
Estimate model parameters (epsilon = 0.100)
BETTER TREE FOUND at iteration 30: -16307.074
Iteration 30 / LogL: -16307.074 / Time: 0h:0m:20s (0h:2m:24s left)
Iteration 40 / LogL: -16307.833 / Time: 0h:0m:26s (0h:2m:7s left)
Iteration 50 / LogL: -16307.746 / Time: 0h:0m:31s (0h:1m:54s left)
Log-likelihood cutoff on original alignment: -16355.226
Iteration 60 / LogL: -16310.028 / Time: 0h:0m:36s (0h:1m:45s left)
Iteration 70 / LogL: -16307.705 / Time: 0h:0m:41s (0h:1m:36s left)
Iteration 80 / LogL: -16308.404 / Time: 0h:0m:46s (0h:1m:28s left)
Iteration 90 / LogL: -16307.087 / Time: 0h:0m:52s (0h:1m:21s left)
Iteration 100 / LogL: -16309.006 / Time: 0h:0m:56s (0h:1m:14s left)
Log-likelihood cutoff on original alignment: -16355.226
NOTE: Bootstrap correlation coefficient of split occurrence frequencies: 0.998
Iteration 110 / LogL: -16308.393 / Time: 0h:1m:2s (0h:1m:8s left)
Iteration 120 / LogL: -16437.904 / Time: 0h:1m:7s (0h:1m:2s left)
Iteration 130 / LogL: -16307.163 / Time: 0h:1m:12s (0h:0m:56s left)
Iteration 140 / LogL: -16308.109 / Time: 0h:1m:17s (0h:0m:50s left)
Iteration 150 / LogL: -16307.563 / Time: 0h:1m:23s (0h:0m:44s left)
Log-likelihood cutoff on original alignment: -16355.226
Iteration 160 / LogL: -16334.942 / Time: 0h:1m:28s (0h:0m:38s left)
Iteration 170 / LogL: -16307.634 / Time: 0h:1m:33s (0h:0m:33s left)
Iteration 180 / LogL: -16307.890 / Time: 0h:1m:38s (0h:0m:27s left)
Iteration 190 / LogL: -16335.079 / Time: 0h:1m:43s (0h:0m:21s left)
Iteration 200 / LogL: -16317.579 / Time: 0h:1m:48s (0h:0m:16s left)
Log-likelihood cutoff on original alignment: -16355.226
NOTE: Bootstrap correlation coefficient of split occurrence frequencies: 1.000
Iteration 210 / LogL: -16308.209 / Time: 0h:1m:53s (0h:0m:48s left)
Iteration 220 / LogL: -16307.237 / Time: 0h:1m:58s (0h:0m:43s left)
Iteration 230 / LogL: -16335.789 / Time: 0h:2m:4s (0h:0m:37s left)
TREE SEARCH COMPLETED AFTER 231 ITERATIONS / Time: 0h:2m:4s

--------------------------------------------------------------------
|                    FINALIZING TREE SEARCH                        |
--------------------------------------------------------------------
Performs final model parameters optimization
Estimate model parameters (epsilon = 0.010)
1. Initial log-likelihood: -16307.074
Optimal log-likelihood: -16307.072
Proportion of invariable sites: 0.018
Gamma shape alpha: 1.787
Parameters optimization took 1 rounds (0.078 sec)
BEST SCORE FOUND : -16307.072
Creating bootstrap support values...
Split supports printed to NEXUS file results_broccoli_metc/alignments_prefiltering/OG_7548.iqtree.splits.nex
Total tree length: 26.078

Total number of iterations: 231
CPU time used for tree search: 241.004 sec (0h:4m:1s)
Wall-clock time used for tree search: 122.035 sec (0h:2m:2s)
Total CPU time used: 246.572 sec (0h:4m:6s)
Total wall-clock time used: 124.900 sec (0h:2m:4s)

Computing bootstrap consensus tree...
Reading input file results_broccoli_metc/alignments_prefiltering/OG_7548.iqtree.splits.nex...
70 taxa and 459 splits.
Consensus tree written to results_broccoli_metc/alignments_prefiltering/OG_7548.iqtree.contree
Reading input trees file results_broccoli_metc/alignments_prefiltering/OG_7548.iqtree.contree
Log-likelihood of consensus tree: -16307.072

Analysis results written to: 
  IQ-TREE report:                results_broccoli_metc/alignments_prefiltering/OG_7548.iqtree.iqtree
  Maximum-likelihood tree:       results_broccoli_metc/alignments_prefiltering/OG_7548.iqtree.treefile
  Likelihood distances:          results_broccoli_metc/alignments_prefiltering/OG_7548.iqtree.mldist

Ultrafast bootstrap approximation results written to:
  Split support values:          results_broccoli_metc/alignments_prefiltering/OG_7548.iqtree.splits.nex
  Consensus tree:                results_broccoli_metc/alignments_prefiltering/OG_7548.iqtree.contree
  Screen log file:               results_broccoli_metc/alignments_prefiltering/OG_7548.iqtree.log

Date and Time: Thu Jun  2 02:53:29 2022
