IQ-TREE multicore version 2.1.0 for Linux 64-bit built Jul 18 2020
Developed by Bui Quang Minh, James Barbetti, Nguyen Lam Tung,
Olga Chernomor, Heiko Schmidt, Dominik Schrempf, Michael Woodhams.

Host:    node-hp0515.linux.crg.es (AVX, 125 GB RAM)
Command: /users/asebe/xgraubove/Programes/iqtree-2.1.0-Linux/bin/iqtree2 -s results_broccoli_metc/alignments_prefiltering/OG_881.lt.fasta -m TEST -mset LG,WAG,JTT -nt AUTO -ntmax 2 -bb 1000 -pre results_broccoli_metc/alignments_prefiltering/OG_881.iqtree -nm 10000 -nstop 200 -cptime 1800
Seed:    430507 (Using SPRNG - Scalable Parallel Random Number Generator)
Time:    Thu Jun  2 04:44:27 2022
Kernel:  AVX - auto-detect threads (2 CPU cores detected)

Reading alignment file results_broccoli_metc/alignments_prefiltering/OG_881.lt.fasta ... Fasta format detected
Alignment most likely contains protein sequences
Alignment has 87 sequences with 430 columns, 430 distinct patterns
426 parsimony-informative, 0 singleton sites, 4 constant sites
                                                    Gap/Ambiguity  Composition  p-value
   1  Emue_Em0018g1178a.t1                                 12.56%    failed      4.59%
   2  Emue_Em0018g1191a.t1                                 20.23%    failed      1.55%
   3  Spolac_c102309_g1_i1_m.28790c102309-g1               11.86%    passed     41.78%
   4  Spolac_c102309_g1_i3_m.28791c102309-g1               11.86%    passed     41.78%
   5  Xestes_maker-XT_scaffold4937-snap-gene-0.19-mRNA-1    7.44%    passed     72.40%
   6  Tetwil_g14574.t2                                      4.65%    passed     92.34%
   7  Stycar_maker-SC_scaffold3116-snap-gene-0.19-mRNA-1   19.77%    passed     54.31%
   8  Aque_Aqu2.1.25304_001                                10.00%    passed     61.80%
   9  Halamb_c46863_g1_i1m.21340                            8.60%    passed     59.46%
  10  Plespi_Pspi_C613096_01                               12.33%    passed     55.60%
  11  Lcom_lcpid251077                                     77.67%    passed     33.99%
  12  Acaspe_EP00035_Acanthoeca_spectabilis_P021705        10.23%    failed      0.08%
  13  Helnan_EP00037_Helgoeca_nana_P033466                  6.05%    passed     12.86%
  14  Spis_XP_022798976_1                                   3.02%    passed     99.49%
  15  Pocdam_XM_027197628.1                                 3.02%    passed     99.23%
  16  Gasp_gasp1.m3.1945.m1                                 3.49%    passed     97.24%
  17  Fspp_ffun1.m4.21298.m1                                3.72%    passed     96.80%
  18  Amil_Amillepora05347-RA                               5.58%    passed     93.04%
  19  Adig_XM_015911431.1                                  41.16%    passed     82.29%
  20  Gfas_gfas1.m1.15674.m1                                8.14%    passed     98.55%
  21  Exapal_XM_021059863.2                                 3.72%    passed     35.51%
  22  Nvec_v1g128041                                       18.84%    passed     78.65%
  23  Saldol_EP00054_Salpingoeca_dolichothecata_P005257    16.28%    passed     45.77%
  24  Hsap_ENST00000262643                                 10.93%    passed     73.50%
  25  Bralan_BLAG07001373_1                                 9.53%    passed     88.16%
  26  Skow_XM_006817087.1                                   7.91%    passed     99.16%
  27  Acagra_model.g29578.t1                                4.65%    passed     60.56%
  28  Ctel_gnl_WGS_AMQN_CAPTEDRAFT_mRNA150088              21.16%    passed     97.16%
  29  Cgig_XM_011434848.3                                   8.37%    passed     83.25%
  30  Spur_XM_030975217.1                                   6.28%    passed     99.91%
  31  Dpul_mRNA8040                                        11.86%    passed     96.85%
  32  HoiH23_PlH23_001699-RA                               17.91%    passed     13.73%
  33  HoiH06_mRNA8108                                      50.00%    passed     18.81%
  34  Hhon_g02466.t1                                       10.23%    failed      0.55%
  35  HoiH04_mRNA6716                                      10.23%    failed      0.73%
  36  TrH2_TrispH2_003810-RA                               11.16%    passed     36.10%
  37  Tadh_TriadT15757                                     39.77%    passed     21.61%
  38  Morvir_scaffold422.g11.t1                            66.98%    passed     41.80%
  39  Sanmal_Sma_025074-T1                                 19.07%    passed     66.67%
  40  Sanmal_Sma_025077-T1                                  6.51%    passed     32.99%
  41  Nemnom_g1987.t1                                      10.70%    passed     82.22%
  42  Rhoesc_Res_011186-T1                                 10.47%    passed     72.01%
  43  Morvir_scaffold422.g9.t1                             37.44%    passed     73.99%
  44  Hvul_g14185_1                                         5.35%    passed     85.70%
  45  Chem_TCONS_00029822                                   3.95%    passed     67.67%
  46  Cscu_XM_023368547.1                                  63.49%    failed      2.52%
  47  Cscu_XM_023354683.1                                  69.53%    passed     15.26%
  48  Cscu_XM_023381867.1                                  63.49%    failed      2.52%
  49  Cscu_XM_023374016.1                                  63.49%    failed      2.52%
  50  Cscu_XM_023383760.1                                  63.49%    failed      1.72%
  51  Cscu_XM_023367975.1                                  63.49%    failed      1.72%
  52  Cscu_XM_023362406.1                                  63.49%    failed      1.72%
  53  Cscu_XM_023369617.1                                  63.49%    failed      1.72%
  54  Cscu_XM_023383618.1                                  62.09%    failed      1.40%
  55  Cscu_XM_023369615.1                                  11.40%    failed      4.16%
  56  Cscu_XM_023369629.1                                  16.28%    failed      1.95%
  57  Cscu_XM_023369630.1                                   8.60%    failed      1.20%
  58  Cscu_XM_023369631.1                                  15.58%    failed      3.37%
  59  Dgig_XM_028536682.1                                  11.86%    passed     91.87%
  60  Xesp_005590-T1                                       12.09%    passed     95.55%
  61  Hsap_ENST00000308108                                 10.00%    passed     72.88%
  62  Stedip_EP00041_Stephanoeca_diplocostata_P030989       6.05%    passed     23.20%
  63  Diagra_EP00040_Diaphanoeca_grandis_P000211            8.60%    passed     30.78%
  64  Salmac_EP00052_Salpingoeca_macrocollata_P017825      12.56%    failed      0.04%
  65  Salpun_EP00053_Salpingoeca_punica_P010312             6.28%    failed      0.24%
  66  Opea_EP00118_Oscarella_pearsei_P004670               13.02%    passed     94.08%
  67  Ocar_g4032                                           21.63%    passed     42.39%
  68  Plajan_Pjan_C559515_01                               14.42%    passed     99.59%
  69  Codhol_EP00042_Codosiga_hollandica_P039291            0.93%    passed      7.70%
  70  Salkve_EP00050_Salpingoeca_kvevrii_P001481           12.56%    failed      0.79%
  71  Didcos_EP00039_Didymoeca_costata_P020091             13.02%    passed     92.78%
  72  Horcal_Hcv1.av93.c12.g246.i1                         11.63%    passed     97.10%
  73  Horcal_Hcv1.av93.c12.g246.i2                         11.63%    passed     97.10%
  74  Pbac_sb2651004                                       28.14%    passed     99.49%
  75  Pbac_sb2662601                                       59.77%    passed     54.66%
  76  Coemet_Cmet_scaffold16551_01                         14.88%    passed     81.96%
  77  Vmul_Simscaffold15989_01                             14.42%    passed     96.53%
  78  Mlei_ML2467.g1.i1                                    11.63%    passed     65.65%
  79  Lampan_Lpan_C417815_01                               11.63%    passed     84.99%
  80  Tcas_TC031574_002                                     4.19%    passed     31.80%
  81  Mylflu_EP00047_Mylnosiga_fluctuans_P004549           19.30%    passed     11.50%
  82  Lcom_lcpid52550                                      16.05%    passed      5.10%
  83  Gracom_Gcom_C554274_01                               14.88%    passed     46.86%
  84  Scil_scict020063.2                                   29.53%    passed      9.85%
  85  Leuniv_Lniv_scaffold25832_01                         13.26%    passed     14.92%
  86  Salinf_EP00049_Salpingoeca_infusionum_P003970         6.51%    failed      0.00%
  87  Clacor_Ccor_scaffold13721_01                         13.26%    failed      0.95%
WARNING: 12 sequences contain more than 50% gaps/ambiguity
****  TOTAL                                                20.14%  22 sequences failed composition chi2 test (p-value<5%; df=19)
NOTE: Spolac_c102309_g1_i3_m.28791c102309-g1 is identical to Spolac_c102309_g1_i1_m.28790c102309-g1 but kept for subsequent analysis
NOTE: Cscu_XM_023381867.1 is identical to Cscu_XM_023368547.1 but kept for subsequent analysis
NOTE: Cscu_XM_023367975.1 is identical to Cscu_XM_023383760.1 but kept for subsequent analysis
NOTE: Horcal_Hcv1.av93.c12.g246.i2 is identical to Horcal_Hcv1.av93.c12.g246.i1 but kept for subsequent analysis
NOTE: 3 identical sequences (see below) will be ignored for subsequent analysis
NOTE: Cscu_XM_023374016.1 (identical to Cscu_XM_023368547.1) is ignored but added at the end
NOTE: Cscu_XM_023362406.1 (identical to Cscu_XM_023383760.1) is ignored but added at the end
NOTE: Cscu_XM_023369617.1 (identical to Cscu_XM_023383760.1) is ignored but added at the end
Alignment was printed to results_broccoli_metc/alignments_prefiltering/OG_881.iqtree.uniqueseq.phy

For your convenience alignment with unique sequences printed to results_broccoli_metc/alignments_prefiltering/OG_881.iqtree.uniqueseq.phy


Create initial parsimony tree by phylogenetic likelihood library (PLL)... 0.035 seconds
Measuring multi-threading efficiency up to 2 CPU cores
Increase to 10 rounds for branch lengths
3 trees examined
Threads: 1 / Time: 2.859 sec / Speedup: 1.000 / Efficiency: 100% / LogL: -56897
Threads: 2 / Time: 1.471 sec / Speedup: 1.943 / Efficiency: 97% / LogL: -56897
BEST NUMBER OF THREADS: 2

Perform fast likelihood tree search using LG+I+G model...
Estimate model parameters (epsilon = 5.000)
Perform nearest neighbor interchange...
Estimate model parameters (epsilon = 1.000)
1. Initial log-likelihood: -39275.273
Optimal log-likelihood: -39275.101
Proportion of invariable sites: 0.005
Gamma shape alpha: 1.393
Parameters optimization took 1 rounds (0.320 sec)
Time for fast ML tree search: 2.308 seconds

NOTE: ModelFinder requires 25 MB RAM!
ModelFinder will test up to 24 protein models (sample size: 430) ...
 No. Model         -LnL         df  AIC          AICc         BIC
  1  LG            40806.277    165 81942.553    82150.053    82613.078
  2  LG+I          40754.228    166 81840.456    82051.269    82515.044
  3  LG+G4         39278.575    166 78889.150    79099.963    79563.738
  4  LG+I+G4       39275.103    167 78884.206    79098.373    79562.858
  7  LG+F+G4       39174.568    185 78719.135    79001.184    79470.935
  8  LG+F+I+G4     39170.937    186 78713.873    79000.145    79469.737
 11  WAG+G4        39403.075    166 79138.149    79348.963    79812.737
 12  WAG+I+G4      39398.311    167 79130.623    79344.791    79809.275
 15  WAG+F+G4      39326.165    185 79022.330    79304.379    79774.130
 16  WAG+F+I+G4    39320.614    186 79013.229    79299.500    79769.093
 19  JTT+G4        39365.445    166 79062.890    79273.703    79737.478
 20  JTT+I+G4      39361.692    167 79057.384    79271.552    79736.036
 23  JTT+F+G4      39240.264    185 78850.528    79132.577    79602.328
 24  JTT+F+I+G4    39235.524    186 78843.048    79129.320    79598.912
Akaike Information Criterion:           LG+F+I+G4
Corrected Akaike Information Criterion: LG+F+I+G4
Bayesian Information Criterion:         LG+F+I+G4
Best-fit model: LG+F+I+G4 chosen according to BIC

All model information printed to results_broccoli_metc/alignments_prefiltering/OG_881.iqtree.model.gz
CPU time for ModelFinder: 27.709 seconds (0h:0m:27s)
Wall-clock time for ModelFinder: 15.316 seconds (0h:0m:15s)
Generating 1000 samples for ultrafast bootstrap (seed: 430507)...

NOTE: 25 MB RAM (0 GB) is required!
Estimate model parameters (epsilon = 0.100)
Thoroughly optimizing +I+G parameters from 10 start values...
Init pinv, alpha: 0.000, 1.346 / Estimate: 0.005, 1.344 / LogL: -39170.943
Init pinv, alpha: 0.001, 1.346 / Estimate: 0.005, 1.346 / LogL: -39170.939
Init pinv, alpha: 0.002, 1.346 / Estimate: 0.005, 1.343 / LogL: -39170.946
Init pinv, alpha: 0.003, 1.346 / Estimate: 0.005, 1.346 / LogL: -39170.939
Init pinv, alpha: 0.004, 1.346 / Estimate: 0.005, 1.345 / LogL: -39170.941
Init pinv, alpha: 0.005, 1.346 / Estimate: 0.005, 1.346 / LogL: -39170.936
Init pinv, alpha: 0.006, 1.346 / Estimate: 0.006, 1.348 / LogL: -39170.938
Init pinv, alpha: 0.007, 1.346 / Estimate: 0.006, 1.349 / LogL: -39170.944
Init pinv, alpha: 0.008, 1.346 / Estimate: 0.006, 1.348 / LogL: -39170.937
Init pinv, alpha: 0.009, 1.346 / Estimate: 0.006, 1.347 / LogL: -39170.938
Optimal pinv,alpha: 0.005, 1.346 / LogL: -39170.936

Parameters optimization took 3.374 sec
Computing ML distances based on estimated model parameters...
Computing ML distances took 0.577456 sec (of wall-clock time) 1.154538 sec(of CPU time)
WARNING: Some pairwise ML distances are too long (saturated)
Computing RapidNJ tree took 0.001138 sec (of wall-clock time) 0.002276 sec (of CPU time)
Log-likelihood of RapidNJ tree: -39540.720
--------------------------------------------------------------------
|             INITIALIZING CANDIDATE TREE SET                      |
--------------------------------------------------------------------
Generating 98 parsimony trees... 3.313 second
Computing log-likelihood of 98 initial trees ... 5.799 seconds
Current best score: -39170.936

Do NNI search on 20 best initial trees
Estimate model parameters (epsilon = 0.100)
BETTER TREE FOUND at iteration 1: -39170.935
Estimate model parameters (epsilon = 0.100)
BETTER TREE FOUND at iteration 2: -39154.488
Estimate model parameters (epsilon = 0.100)
BETTER TREE FOUND at iteration 6: -39153.473
Iteration 10 / LogL: -39161.457 / Time: 0h:0m:28s
Estimate model parameters (epsilon = 0.100)
BETTER TREE FOUND at iteration 20: -39153.338
Iteration 20 / LogL: -39153.338 / Time: 0h:0m:44s
Finish initializing candidate tree set (20)
Current best tree score: -39153.338 / CPU time: 39.873
Number of iterations: 20
--------------------------------------------------------------------
|               OPTIMIZING CANDIDATE TREE SET                      |
--------------------------------------------------------------------
Iteration 30 / LogL: -39155.768 / Time: 0h:1m:1s (0h:6m:44s left)
Estimate model parameters (epsilon = 0.100)
BETTER TREE FOUND at iteration 36: -39152.487
Iteration 40 / LogL: -39153.670 / Time: 0h:1m:19s (0h:6m:41s left)
Estimate model parameters (epsilon = 0.100)
BETTER TREE FOUND at iteration 43: -39152.156
Iteration 50 / LogL: -39156.064 / Time: 0h:1m:37s (0h:6m:24s left)
Log-likelihood cutoff on original alignment: -39191.020
Estimate model parameters (epsilon = 0.100)
BETTER TREE FOUND at iteration 59: -39151.961
Iteration 60 / LogL: -39152.159 / Time: 0h:1m:54s (0h:6m:24s left)
Estimate model parameters (epsilon = 0.100)
BETTER TREE FOUND at iteration 63: -39151.632
Iteration 70 / LogL: -39155.483 / Time: 0h:2m:9s (0h:6m:3s left)
BETTER TREE FOUND at iteration 73: -39151.632
Iteration 80 / LogL: -39166.495 / Time: 0h:2m:27s (0h:6m:0s left)
Iteration 90 / LogL: -39154.057 / Time: 0h:2m:44s (0h:5m:37s left)
BETTER TREE FOUND at iteration 96: -39151.632
Iteration 100 / LogL: -39155.374 / Time: 0h:3m:1s (0h:5m:58s left)
Log-likelihood cutoff on original alignment: -39191.020
NOTE: Bootstrap correlation coefficient of split occurrence frequencies: 0.998
UPDATE BEST LOG-LIKELIHOOD: -39151.632
UPDATE BEST LOG-LIKELIHOOD: -39151.632
UPDATE BEST LOG-LIKELIHOOD: -39151.631
Iteration 110 / LogL: -39154.157 / Time: 0h:3m:19s (0h:5m:40s left)
Iteration 120 / LogL: -39185.037 / Time: 0h:3m:36s (0h:5m:20s left)
Iteration 130 / LogL: -39153.641 / Time: 0h:3m:53s (0h:5m:0s left)
Iteration 140 / LogL: -39159.799 / Time: 0h:4m:10s (0h:4m:41s left)
Iteration 150 / LogL: -39155.188 / Time: 0h:4m:26s (0h:4m:21s left)
Log-likelihood cutoff on original alignment: -39191.020
Iteration 160 / LogL: -39183.651 / Time: 0h:4m:44s (0h:4m:3s left)
Iteration 170 / LogL: -39151.635 / Time: 0h:5m:1s (0h:3m:44s left)
Iteration 180 / LogL: -39167.013 / Time: 0h:5m:19s (0h:3m:27s left)
Iteration 190 / LogL: -39179.374 / Time: 0h:5m:36s (0h:3m:8s left)
Iteration 200 / LogL: -39151.632 / Time: 0h:5m:55s (0h:2m:51s left)
Log-likelihood cutoff on original alignment: -39191.020
NOTE: Bootstrap correlation coefficient of split occurrence frequencies: 1.000
UPDATE BEST LOG-LIKELIHOOD: -39151.631
Iteration 210 / LogL: -39152.878 / Time: 0h:6m:13s (0h:2m:40s left)
Iteration 220 / LogL: -39159.814 / Time: 0h:6m:30s (0h:2m:22s left)
Iteration 230 / LogL: -39152.817 / Time: 0h:6m:47s (0h:2m:4s left)
Iteration 240 / LogL: -39153.979 / Time: 0h:7m:6s (0h:1m:47s left)
Iteration 250 / LogL: -39153.974 / Time: 0h:7m:23s (0h:1m:29s left)
Log-likelihood cutoff on original alignment: -39191.020
Iteration 260 / LogL: -39151.632 / Time: 0h:7m:41s (0h:1m:11s left)
Iteration 270 / LogL: -39151.850 / Time: 0h:7m:58s (0h:0m:53s left)
Iteration 280 / LogL: -39151.633 / Time: 0h:8m:16s (0h:0m:35s left)
Iteration 290 / LogL: -39152.817 / Time: 0h:8m:33s (0h:0m:17s left)
TREE SEARCH COMPLETED AFTER 297 ITERATIONS / Time: 0h:8m:45s

--------------------------------------------------------------------
|                    FINALIZING TREE SEARCH                        |
--------------------------------------------------------------------
Performs final model parameters optimization
Estimate model parameters (epsilon = 0.010)
1. Initial log-likelihood: -39151.631
Optimal log-likelihood: -39151.631
Proportion of invariable sites: 0.005
Gamma shape alpha: 1.347
Parameters optimization took 1 rounds (0.186 sec)
BEST SCORE FOUND : -39151.631
Creating bootstrap support values...
Split supports printed to NEXUS file results_broccoli_metc/alignments_prefiltering/OG_881.iqtree.splits.nex
Total tree length: 43.400

Total number of iterations: 297
CPU time used for tree search: 1034.461 sec (0h:17m:14s)
Wall-clock time used for tree search: 521.010 sec (0h:8m:41s)
Total CPU time used: 1044.137 sec (0h:17m:24s)
Total wall-clock time used: 525.983 sec (0h:8m:45s)

Computing bootstrap consensus tree...
Reading input file results_broccoli_metc/alignments_prefiltering/OG_881.iqtree.splits.nex...
84 taxa and 498 splits.
Consensus tree written to results_broccoli_metc/alignments_prefiltering/OG_881.iqtree.contree
Reading input trees file results_broccoli_metc/alignments_prefiltering/OG_881.iqtree.contree
Log-likelihood of consensus tree: -39156.760

Analysis results written to: 
  IQ-TREE report:                results_broccoli_metc/alignments_prefiltering/OG_881.iqtree.iqtree
  Maximum-likelihood tree:       results_broccoli_metc/alignments_prefiltering/OG_881.iqtree.treefile
  Likelihood distances:          results_broccoli_metc/alignments_prefiltering/OG_881.iqtree.mldist

Ultrafast bootstrap approximation results written to:
  Split support values:          results_broccoli_metc/alignments_prefiltering/OG_881.iqtree.splits.nex
  Consensus tree:                results_broccoli_metc/alignments_prefiltering/OG_881.iqtree.contree
  Screen log file:               results_broccoli_metc/alignments_prefiltering/OG_881.iqtree.log

Date and Time: Thu Jun  2 04:53:29 2022
