IQ-TREE multicore version 2.1.0 for Linux 64-bit built Jul 18 2020
Developed by Bui Quang Minh, James Barbetti, Nguyen Lam Tung,
Olga Chernomor, Heiko Schmidt, Dominik Schrempf, Michael Woodhams.

Host:    node-hp0414.linux.crg.es (AVX, 125 GB RAM)
Command: /users/asebe/xgraubove/Programes/iqtree-2.1.0-Linux/bin/iqtree2 -s results_broccoli_metc/alignments_prefiltering/OG_8318.lt.fasta -m TEST -mset LG,WAG,JTT -nt AUTO -ntmax 2 -bb 1000 -pre results_broccoli_metc/alignments_prefiltering/OG_8318.iqtree -nm 10000 -nstop 200 -cptime 1800
Seed:    72238 (Using SPRNG - Scalable Parallel Random Number Generator)
Time:    Thu Jun  2 04:01:08 2022
Kernel:  AVX - auto-detect threads (2 CPU cores detected)

Reading alignment file results_broccoli_metc/alignments_prefiltering/OG_8318.lt.fasta ... Fasta format detected
Alignment most likely contains protein sequences
Alignment has 90 sequences with 150 columns, 148 distinct patterns
128 parsimony-informative, 0 singleton sites, 22 constant sites
                                                   Gap/Ambiguity  Composition  p-value
   1  Xesp_000921-T1                                      20.00%    passed     99.75%
   2  Hsap_ENST00000377275                                 0.00%    passed     97.46%
   3  Hsap_ENST00000295087                                 0.00%    passed     86.06%
   4  Nvec_v1g235432                                       0.67%    passed     98.39%
   5  Nvec_v1g195794                                       0.67%    passed     98.39%
   6  Amil_Amillepora10994-RA                              9.33%    passed     99.50%
   7  Adig_XM_015896363.1                                  0.67%    passed     99.90%
   8  Gfas_gfas1.m1.10326.m1                               0.67%    passed     99.97%
   9  Spis_XP_022787278_1                                  0.67%    passed     99.98%
  10  Pocdam_XM_027186328.1                                0.67%    passed     99.98%
  11  Exapal_XM_021040129.2                                0.67%    passed     99.31%
  12  Fspp_ffun1.m4.3913.m1                                0.67%    passed     99.87%
  13  Gasp_gasp1.m3.25661.m1                              10.67%    passed     89.16%
  14  Skow_XM_002735226.2                                  0.67%    passed     99.86%
  15  Cgig_XM_034461712.1                                  0.00%    passed    100.00%
  16  Acagra_model.g22459.t1                               0.00%    passed    100.00%
  17  Cscu_XM_023362133.1                                  0.00%    passed     97.20%
  18  Cscu_XM_023362100.1                                 48.67%    passed     68.71%
  19  Ctel_gnl_WGS_AMQN_CAPTEDRAFT_mRNA2859                0.67%    passed     99.94%
  20  Tcas_TC014635_001                                    0.00%    passed     99.91%
  21  Spur_XM_030990156.1                                  0.67%    passed     99.42%
  22  Spur_XM_030990174.1                                  0.67%    passed     99.42%
  23  Cscu_XM_023372897.1                                  0.00%    passed     88.19%
  24  Dpul_mRNA24878                                       0.00%    passed     98.63%
  25  Sanmal_Sma_005659-T1                                 0.67%    passed     99.03%
  26  Rhoesc_Res_005149-T1                                 0.00%    passed     94.18%
  27  Nemnom_g14664.t1                                     0.67%    passed     99.23%
  28  Morvir_scaffold27.g25.t1                             0.00%    passed     99.98%
  29  Chem_TCONS_00064238                                  0.67%    passed     99.99%
  30  Hvul_g31062_1                                        0.00%    passed    100.00%
  31  Halamb_c42073_g1_i2mm.1053                           0.67%    passed     99.23%
  32  Halamb_c43349_g1_i6mm.1255                           0.67%    passed     99.23%
  33  Aque_Aqu2.1.42104_001                                0.67%    passed     99.53%
  34  Xestes_maker-XT_scaffold668-snap-gene-0.53-mRNA-1    0.00%    passed     99.99%
  35  Emue_Em0004g1708a.t1                                 0.67%    passed     99.95%
  36  Spolac_c95496_g1_i1_m.11560c95496-g1                 0.67%    passed     99.97%
  37  Dgig_XM_028549607.1                                  0.67%    passed    100.00%
  38  HoiH23_PlH23_003001-RA                               7.33%    passed     99.03%
  39  HoiH11_mRNA2515                                      3.33%    passed     99.36%
  40  HoiH04_mRNA670                                       6.67%    passed     99.78%
  41  Hhon_g10412.t1                                       0.00%    passed     99.92%
  42  HoiH06_mRNA9063                                      2.00%    passed     98.87%
  43  TrH2_TrispH2_008544-RA                               3.33%    passed     98.29%
  44  Bralan_BLAG10000347_1                                0.67%    passed     95.05%
  45  Opea_EP00118_Oscarella_pearsei_P009830               0.67%    passed     89.26%
  46  Plajan_Pjan_C533797_01                               0.67%    passed     66.44%
  47  Scil_scict019493.1                                   0.00%    passed     99.82%
  48  Lcom_lcpid91477                                      0.00%    passed     99.44%
  49  Leuniv_Lniv_C808080_01                               0.00%    passed     99.91%
  50  Gracom_Gcom_scaffold8765_01                          0.00%    passed     97.43%
  51  Clacor_Ccor_scaffold9969_01                          0.00%    passed     99.97%
  52  Horcal_Hcv1.av93.c1.g974.i1                          0.00%    passed     89.37%
  53  Beraby_Baby_sb337129                                 0.00%    passed     99.14%
  54  Mertsp_Mesp_sb553885                                14.67%    passed     69.32%
  55  Lampan_Lpan_10745_01                                 0.00%    passed     95.67%
  56  Lampan_Lpan_10746_01                                 0.00%    passed     95.67%
  57  Mlei_ML0127.g7.i1                                    0.00%    passed     99.44%
  58  Drygla_Dgla_sb285412                                 0.00%    passed     98.08%
  59  Drygla_Dgla_sb285413                                 8.00%    passed     99.20%
  60  Drygla_Dgla_sb285414                                15.33%    passed     94.40%
  61  Vmul_Simscaffold3917_01                              0.00%    passed     91.26%
  62  Coemet_Cmet_C599899_01                               0.00%    passed     95.48%
  63  Eupdun_Edun_sb10653935                               0.00%    passed     98.21%
  64  Salinf_EP00049_Salpingoeca_infusionum_P017696        0.00%    passed     96.45%
  65  Microa_EP00043_Microstomoeca_roanoka_P004331         0.00%    passed     92.02%
  66  Sros_EGD82816                                        0.00%    passed     91.63%
  67  Salmac_EP00052_Salpingoeca_macrocollata_P011863      0.00%    passed     98.42%
  68  Salpun_EP00053_Salpingoeca_punica_P007312           27.33%    passed     95.30%
  69  Salurc_EP00051_Salpingoeca_urceolata_P034911         0.00%    passed     99.61%
  70  Salkve_EP00050_Salpingoeca_kvevrii_P005969           0.00%    passed     99.30%
  71  Saldol_EP00054_Salpingoeca_dolichothecata_P014682    0.00%    passed     98.87%
  72  Stedip_EP00041_Stephanoeca_diplocostata_P014828      0.00%    passed     99.27%
  73  Mylflu_EP00047_Mylnosiga_fluctuans_P002626           0.00%    passed     58.18%
  74  Chofle_EP00730_Choanoeca_flexa_P004652               0.00%    passed     95.51%
  75  Choper_EP00045_Choanoeca_perplexa_P000845            0.00%    passed     98.21%
  76  Mbre_EDQ93065                                        0.00%    passed     99.42%
  77  Chofle_EP00730_Choanoeca_flexa_P004655              15.33%    passed     97.98%
  78  Chofle_EP00730_Choanoeca_flexa_P004654              39.33%    passed     85.98%
  79  Acaspe_EP00035_Acanthoeca_spectabilis_P012469        0.00%    passed     65.53%
  80  Helnan_EP00037_Helgoeca_nana_P013798                 0.00%    passed     57.61%
  81  Diagra_EP00040_Diaphanoeca_grandis_P005167           0.00%    passed     94.77%
  82  Plespi_Pspi_scaffold19257_01                        21.33%    passed     88.26%
  83  Plespi_Pspi_scaffold19258_01                         5.33%    passed     34.01%
  84  Tetwil_g18964.t2                                     2.00%    passed     94.62%
  85  Codhol_EP00042_Codosiga_hollandica_P015461           0.00%    passed     84.56%
  86  Codhol_EP00042_Codosiga_hollandica_P015460          34.67%    passed     17.84%
  87  Didcos_EP00039_Didymoeca_costata_P029214             0.67%    passed     90.22%
  88  Hsap_ENST00000269586                                 0.00%    passed     97.16%
  89  Cscu_XM_023376708.1                                 30.67%    passed     79.06%
  90  Cscu_XM_023376707.1                                 30.67%    passed     79.06%
****  TOTAL                                                4.14%  0 sequences failed composition chi2 test (p-value<5%; df=19)
NOTE: Nvec_v1g195794 is identical to Nvec_v1g235432 but kept for subsequent analysis
NOTE: Pocdam_XM_027186328.1 is identical to Spis_XP_022787278_1 but kept for subsequent analysis
NOTE: Spur_XM_030990174.1 is identical to Spur_XM_030990156.1 but kept for subsequent analysis
NOTE: Halamb_c43349_g1_i6mm.1255 is identical to Halamb_c42073_g1_i2mm.1053 but kept for subsequent analysis
NOTE: Lampan_Lpan_10746_01 is identical to Lampan_Lpan_10745_01 but kept for subsequent analysis
NOTE: Cscu_XM_023376707.1 is identical to Cscu_XM_023376708.1 but kept for subsequent analysis


Create initial parsimony tree by phylogenetic likelihood library (PLL)... 0.012 seconds
Measuring multi-threading efficiency up to 2 CPU cores
Increase to 10 rounds for branch lengths
6 trees examined
Threads: 1 / Time: 2.196 sec / Speedup: 1.000 / Efficiency: 100% / LogL: -13193
Threads: 2 / Time: 1.296 sec / Speedup: 1.694 / Efficiency: 85% / LogL: -13193
BEST NUMBER OF THREADS: 2

Perform fast likelihood tree search using LG+I+G model...
Estimate model parameters (epsilon = 5.000)
Perform nearest neighbor interchange...
Estimate model parameters (epsilon = 1.000)
1. Initial log-likelihood: -8320.689
Optimal log-likelihood: -8320.361
Proportion of invariable sites: 0.134
Gamma shape alpha: 1.552
Parameters optimization took 1 rounds (0.135 sec)
Time for fast ML tree search: 1.069 seconds

NOTE: ModelFinder requires 9 MB RAM!
ModelFinder will test up to 24 protein models (sample size: 150) ...
 No. Model         -LnL         df  AIC          AICc         BIC
  1  LG            8798.770     177 17951.540    80963.540    18484.423
  2  LG+I          8606.686     178 17569.372    81293.372    18105.265
  3  LG+G4         8339.341     178 17034.682    80758.682    17570.575
  4  LG+I+G4       8320.370     179 16998.741    81438.741    17537.645
  8  LG+F+I+G4     8374.155     198 17144.311    95948.311    17740.417
 12  WAG+I+G4      8407.517     179 17173.035    81613.035    17711.939
 16  WAG+F+I+G4    8469.585     198 17335.170    96139.170    17931.276
 20  JTT+I+G4      8390.627     179 17139.254    81579.254    17678.158
 24  JTT+F+I+G4    8419.408     198 17234.817    96038.817    17830.922
Akaike Information Criterion:           LG+I+G4
Corrected Akaike Information Criterion: LG+G4
Bayesian Information Criterion:         LG+I+G4
Best-fit model: LG+I+G4 chosen according to BIC

All model information printed to results_broccoli_metc/alignments_prefiltering/OG_8318.iqtree.model.gz
CPU time for ModelFinder: 10.197 seconds (0h:0m:10s)
Wall-clock time for ModelFinder: 6.172 seconds (0h:0m:6s)
Generating 1000 samples for ultrafast bootstrap (seed: 72238)...

NOTE: 9 MB RAM (0 GB) is required!
Estimate model parameters (epsilon = 0.100)
Thoroughly optimizing +I+G parameters from 10 start values...
Init pinv, alpha: 0.000, 1.565 / Estimate: 0.000, 0.836 / LogL: -8339.324
Init pinv, alpha: 0.016, 1.565 / Estimate: 0.134, 1.565 / LogL: -8320.398
Init pinv, alpha: 0.033, 1.565 / Estimate: 0.134, 1.567 / LogL: -8320.377
Init pinv, alpha: 0.049, 1.565 / Estimate: 0.134, 1.564 / LogL: -8320.375
Init pinv, alpha: 0.065, 1.565 / Estimate: 0.134, 1.565 / LogL: -8320.377
Init pinv, alpha: 0.081, 1.565 / Estimate: 0.134, 1.567 / LogL: -8320.380
Init pinv, alpha: 0.098, 1.565 / Estimate: 0.134, 1.567 / LogL: -8320.378
Init pinv, alpha: 0.114, 1.565 / Estimate: 0.134, 1.564 / LogL: -8320.374
Init pinv, alpha: 0.130, 1.565 / Estimate: 0.134, 1.562 / LogL: -8320.362
Init pinv, alpha: 0.147, 1.565 / Estimate: 0.136, 1.564 / LogL: -8320.354
Optimal pinv,alpha: 0.136, 1.564 / LogL: -8320.354

Parameters optimization took 2.942 sec
Computing ML distances based on estimated model parameters...
Computing ML distances took 0.399629 sec (of wall-clock time) 0.794481 sec(of CPU time)
Computing RapidNJ tree took 0.001409 sec (of wall-clock time) 0.000823 sec (of CPU time)
Log-likelihood of RapidNJ tree: -8374.588
--------------------------------------------------------------------
|             INITIALIZING CANDIDATE TREE SET                      |
--------------------------------------------------------------------
Generating 98 parsimony trees... 1.377 second
Computing log-likelihood of 98 initial trees ... 2.499 seconds
Current best score: -8320.354

Do NNI search on 20 best initial trees
Estimate model parameters (epsilon = 0.100)
BETTER TREE FOUND at iteration 1: -8317.787
Estimate model parameters (epsilon = 0.100)
BETTER TREE FOUND at iteration 2: -8308.070
Estimate model parameters (epsilon = 0.100)
BETTER TREE FOUND at iteration 3: -8302.317
Estimate model parameters (epsilon = 0.100)
BETTER TREE FOUND at iteration 4: -8301.052
Iteration 10 / LogL: -8305.850 / Time: 0h:0m:15s
Estimate model parameters (epsilon = 0.100)
BETTER TREE FOUND at iteration 12: -8297.887
Iteration 20 / LogL: -8322.098 / Time: 0h:0m:23s
Finish initializing candidate tree set (20)
Current best tree score: -8297.887 / CPU time: 19.973
Number of iterations: 20
--------------------------------------------------------------------
|               OPTIMIZING CANDIDATE TREE SET                      |
--------------------------------------------------------------------
Estimate model parameters (epsilon = 0.100)
BETTER TREE FOUND at iteration 29: -8294.296
Iteration 30 / LogL: -8299.071 / Time: 0h:0m:31s (0h:3m:36s left)
Estimate model parameters (epsilon = 0.100)
BETTER TREE FOUND at iteration 39: -8293.128
Iteration 40 / LogL: -8360.523 / Time: 0h:0m:39s (0h:3m:20s left)
Estimate model parameters (epsilon = 0.100)
BETTER TREE FOUND at iteration 47: -8292.674
Iteration 50 / LogL: -8294.734 / Time: 0h:0m:46s (0h:3m:8s left)
Log-likelihood cutoff on original alignment: -8343.082
Iteration 60 / LogL: -8300.993 / Time: 0h:0m:55s (0h:2m:54s left)
Iteration 70 / LogL: -8298.094 / Time: 0h:1m:2s (0h:2m:41s left)
Iteration 80 / LogL: -8294.615 / Time: 0h:1m:10s (0h:2m:29s left)
Iteration 90 / LogL: -8298.145 / Time: 0h:1m:18s (0h:2m:17s left)
Iteration 100 / LogL: -8294.691 / Time: 0h:1m:25s (0h:2m:7s left)
Log-likelihood cutoff on original alignment: -8343.082
NOTE: Bootstrap correlation coefficient of split occurrence frequencies: 0.998
Iteration 110 / LogL: -8293.023 / Time: 0h:1m:33s (0h:1m:57s left)
Iteration 120 / LogL: -8298.035 / Time: 0h:1m:40s (0h:1m:47s left)
Iteration 130 / LogL: -8295.132 / Time: 0h:1m:48s (0h:1m:38s left)
Iteration 140 / LogL: -8293.308 / Time: 0h:1m:56s (0h:1m:29s left)
Iteration 150 / LogL: -8305.667 / Time: 0h:2m:3s (0h:1m:20s left)
Log-likelihood cutoff on original alignment: -8343.082
Iteration 160 / LogL: -8292.853 / Time: 0h:2m:11s (0h:1m:11s left)
Iteration 170 / LogL: -8298.116 / Time: 0h:2m:19s (0h:1m:3s left)
Iteration 180 / LogL: -8293.806 / Time: 0h:2m:26s (0h:0m:54s left)
Iteration 190 / LogL: -8293.261 / Time: 0h:2m:34s (0h:0m:46s left)
Iteration 200 / LogL: -8293.476 / Time: 0h:2m:42s (0h:0m:38s left)
Log-likelihood cutoff on original alignment: -8343.082
NOTE: Bootstrap correlation coefficient of split occurrence frequencies: 0.999
Iteration 210 / LogL: -8295.298 / Time: 0h:2m:49s (0h:1m:13s left)
Iteration 220 / LogL: -8294.395 / Time: 0h:2m:57s (0h:1m:4s left)
Iteration 230 / LogL: -8292.988 / Time: 0h:3m:5s (0h:0m:56s left)
Iteration 240 / LogL: -8292.674 / Time: 0h:3m:13s (0h:0m:48s left)
TREE SEARCH COMPLETED AFTER 248 ITERATIONS / Time: 0h:3m:18s

--------------------------------------------------------------------
|                    FINALIZING TREE SEARCH                        |
--------------------------------------------------------------------
Performs final model parameters optimization
Estimate model parameters (epsilon = 0.010)
1. Initial log-likelihood: -8292.674
Optimal log-likelihood: -8292.674
Proportion of invariable sites: 0.134
Gamma shape alpha: 1.504
Parameters optimization took 1 rounds (0.080 sec)
BEST SCORE FOUND : -8292.674
Creating bootstrap support values...
Split supports printed to NEXUS file results_broccoli_metc/alignments_prefiltering/OG_8318.iqtree.splits.nex
Total tree length: 14.597

Total number of iterations: 248
CPU time used for tree search: 384.473 sec (0h:6m:24s)
Wall-clock time used for tree search: 195.181 sec (0h:3m:15s)
Total CPU time used: 392.171 sec (0h:6m:32s)
Total wall-clock time used: 199.158 sec (0h:3m:19s)

Computing bootstrap consensus tree...
Reading input file results_broccoli_metc/alignments_prefiltering/OG_8318.iqtree.splits.nex...
90 taxa and 827 splits.
Consensus tree written to results_broccoli_metc/alignments_prefiltering/OG_8318.iqtree.contree
Reading input trees file results_broccoli_metc/alignments_prefiltering/OG_8318.iqtree.contree
Log-likelihood of consensus tree: -8293.347

Analysis results written to: 
  IQ-TREE report:                results_broccoli_metc/alignments_prefiltering/OG_8318.iqtree.iqtree
  Maximum-likelihood tree:       results_broccoli_metc/alignments_prefiltering/OG_8318.iqtree.treefile
  Likelihood distances:          results_broccoli_metc/alignments_prefiltering/OG_8318.iqtree.mldist

Ultrafast bootstrap approximation results written to:
  Split support values:          results_broccoli_metc/alignments_prefiltering/OG_8318.iqtree.splits.nex
  Consensus tree:                results_broccoli_metc/alignments_prefiltering/OG_8318.iqtree.contree
  Screen log file:               results_broccoli_metc/alignments_prefiltering/OG_8318.iqtree.log

Date and Time: Thu Jun  2 04:04:33 2022
