IQ-TREE multicore version 2.1.0 for Linux 64-bit built Jul 18 2020
Developed by Bui Quang Minh, James Barbetti, Nguyen Lam Tung,
Olga Chernomor, Heiko Schmidt, Dominik Schrempf, Michael Woodhams.

Host:    node-hp0507.linux.crg.es (AVX, 125 GB RAM)
Command: /users/asebe/xgraubove/Programes/iqtree-2.1.0-Linux/bin/iqtree2 -s results_broccoli_metc/alignments_prefiltering/OG_930.lt.fasta -m TEST -mset LG,WAG,JTT -nt AUTO -ntmax 2 -bb 1000 -pre results_broccoli_metc/alignments_prefiltering/OG_930.iqtree -nm 10000 -nstop 200 -cptime 1800
Seed:    903286 (Using SPRNG - Scalable Parallel Random Number Generator)
Time:    Thu Jun  2 04:57:31 2022
Kernel:  AVX - auto-detect threads (2 CPU cores detected)

Reading alignment file results_broccoli_metc/alignments_prefiltering/OG_930.lt.fasta ... Fasta format detected
Alignment most likely contains protein sequences
Alignment has 150 sequences with 1000 columns, 1000 distinct patterns
998 parsimony-informative, 0 singleton sites, 2 constant sites
                                                         Gap/Ambiguity  Composition  p-value
   1  Emue_Em0018g839a.t1                                       26.40%    passed     73.65%
   2  Spolac_c104392_g1_i1_m.40134c104392-g1                    81.40%    failed      0.68%
   3  Spolac_c104392_g1_i2_m.40135c104392-g1                     1.60%    passed     85.34%
   4  Emue_Em0018g833a.t1                                       46.60%    passed     51.14%
   5  Emue_Em0018g834a.t1                                       56.90%    passed     58.75%
   6  Aque_Aqu2.1.37890_001                                      1.60%    passed     86.59%
   7  Halamb_c55550_g1_i5m.41097                                 1.40%    passed     96.90%
   8  Stycar_maker-SC_scaffold6484-snap-gene-0.5-mRNA-1         61.00%    failed      1.54%
   9  Plespi_Pspi_scaffold11832_01                               2.10%    passed     99.94%
  10  Plespi_Pspi_scaffold11833_01                              14.80%    passed     94.03%
  11  Plespi_Pspi_scaffold11835_01                              11.30%    passed     88.31%
  12  Tetwil_g9230.t2                                           37.20%    failed      0.00%
  13  Stycar_maker-SC_scaffold6064-snap-gene-0.5-mRNA-1         81.10%    passed     36.00%
  14  Lcom_lcpid191227                                          86.20%    failed      0.00%
  15  Bralan_BLAG07101647_1                                      0.60%    passed     62.34%
  16  Acagra_model.g29423.t1                                     2.10%    passed     99.96%
  17  Cscu_XM_023358429.1                                       87.90%    passed     22.42%
  18  Cscu_XM_023357953.1                                       42.40%    passed     45.17%
  19  Cgig_XM_011447370.3                                        1.20%    passed     95.08%
  20  Dpul_mRNA15876                                             0.60%    passed     88.63%
  21  Ctel_gnl_WGS_AMQN_CAPTEDRAFT_mRNA211657                   87.90%    failed      0.00%
  22  Ctel_gnl_WGS_AMQN_CAPTEDRAFT_mRNA208640                   87.90%    failed      0.00%
  23  Ctel_gnl_WGS_AMQN_CAPTEDRAFT_mRNA155000                    1.30%    passed     94.16%
  24  Tcas_TC014294_001                                          0.70%    passed     90.08%
  25  Skow_XM_002732959.2                                        1.10%    passed     83.11%
  26  Hsap_ENST00000216297                                       1.00%    passed     25.44%
  27  Spur_XM_030975559.1                                        0.40%    passed     98.17%
  28  Morvir_scaffold47.g176.t1                                 56.20%    passed     71.26%
  29  Nemnom_g8937.t1                                            1.10%    passed     99.89%
  30  Rhoesc_Res_001665-T1                                       4.10%    passed     99.89%
  31  Aaur_scaffold318.g2.t3                                    24.40%    passed     41.26%
  32  Spis_XP_022794768_1                                        0.60%    passed     87.25%
  33  Pocdam_XM_027191550.1                                      0.60%    passed     82.53%
  34  Gasp_gasp1.m3.3457.m1                                     23.80%    passed     65.00%
  35  Gasp_gasp1.m3.1525.m1                                     22.40%    passed     34.16%
  36  Gasp_gasp1.m1b.1958.m1                                    79.90%    passed     14.77%
  37  Gasp_gasp1.m3.3460.m1                                     83.50%    passed      7.92%
  38  Fspp_ffun1.m4.13562.m1                                     2.20%    passed     74.78%
  39  Gasp_gasp1.m3.1218.m1                                     93.20%    passed     21.35%
  40  Gfas_gfas1.m1.2392.m1                                      7.60%    passed     88.18%
  41  Gasp_gasp1.m3.1216.m1                                     89.20%    passed     87.25%
  42  Amil_Amillepora08682-RA                                   52.30%    passed     73.42%
  43  Adig_XM_015923151.1                                        6.30%    passed     46.22%
  44  Gasp_gasp1.m3.1215.m1                                     78.30%    passed     15.22%
  45  Exapal_XM_021055350.2                                      0.50%    passed     95.95%
  46  Nvec_v1g247576                                             0.60%    passed     90.12%
  47  Gasp_gasp1.m3.1217.m1                                     89.60%    passed     67.59%
  48  Dgig_XM_028536011.1                                        0.40%    passed     75.03%
  49  Xesp_007114-T1                                             3.00%    passed     71.24%
  50  Chem_TCONS_00021341                                        1.10%    passed     61.85%
  51  Hvul_g20468_1                                             10.30%    failed      2.88%
  52  Cscu_XM_023354153.1                                       74.30%    passed     58.04%
  53  Lcom_lcpid28005                                            3.20%    passed     17.56%
  54  Gracom_Gcom_scaffold18193_01                               2.90%    passed     46.66%
  55  Leuniv_Lniv_scaffold16131_01                               3.30%    passed     47.72%
  56  Leuniv_Lniv_scaffold16132_01                              15.60%    passed     65.74%
  57  Clacor_Ccor_scaffold14739_01                              44.20%    passed     46.10%
  58  Opea_EP00118_Oscarella_pearsei_P025297                    48.30%    passed     84.12%
  59  Plajan_Pjan_C571284_01                                     0.80%    passed     59.80%
  60  Ocar_g10182                                               56.80%    passed     96.02%
  61  Opea_EP00118_Oscarella_pearsei_P026173                    57.00%    passed     71.38%
  62  Morvir_scaffold47.g175.t1                                 65.80%    passed     50.76%
  63  Sanmal_Sma_025578-T1                                      51.00%    passed     25.15%
  64  HoiH23_PlH23_000776-RA                                     5.00%    passed     79.46%
  65  Hhon_g04467.t1                                             2.20%    passed     57.37%
  66  HoiH04_mRNA3830                                            2.20%    passed     53.88%
  67  HoiH06_mRNA4600                                            6.80%    passed     49.49%
  68  HoiH11_mRNA1238                                            2.20%    passed     33.57%
  69  TrH2_TrispH2_000175-RA                                     2.50%    passed     35.30%
  70  Tadh_TriadT18255                                           2.50%    passed     22.41%
  71  Xestes_maker-XT_scaffold189423-augustus-gene-0.5-mRNA-1   81.50%    passed     59.08%
  72  Bolinf_Binf_sb1179416                                     83.90%    failed      0.01%
  73  Beraby_Baby_sb340556                                       2.10%    passed     21.62%
  74  Beraby_Baby_sb340557                                      53.30%    passed     61.48%
  75  Bolinf_Binf_sb1242443                                     76.60%    passed     41.19%
  76  Bolinf_Binf_sb1242440                                     47.20%    passed     27.89%
  77  Bolinf_Binf_sb1242442                                     63.10%    passed     75.90%
  78  Bolinf_Binf_sb1242441                                     60.20%    passed     63.71%
  79  Mertsp_Mesp_sb569112                                      73.40%    passed     62.02%
  80  Mertsp_Mesp_sb569113                                      74.00%    passed     53.73%
  81  Mlei_ML2635.g19.i1                                         2.40%    passed     66.13%
  82  Coeast_Cast_sb760357                                      82.30%    passed     25.50%
  83  Coeast_Cast_sb760358                                      82.30%    passed     25.50%
  84  Coemet_Cmet_scaffold8362_01                               45.00%    passed     58.06%
  85  Vmul_Simscaffold11099_01                                   2.80%    passed     25.20%
  86  Lampan_Lpan_12881_01                                       3.20%    passed     56.72%
  87  Eupdun_Edun_sb10624926                                    57.90%    passed     44.69%
  88  Horcal_Hcv1.av93.c4.g269.i1                                3.00%    failed      4.42%
  89  Pbac_sb2667349                                            66.20%    failed      3.99%
  90  Bolinf_Binf_sb1249738                                     70.00%    failed      4.17%
  91  Mertsp_Mesp_sb562100                                      77.00%    failed      0.10%
  92  Bolinf_Binf_sb1249739                                     80.20%    failed      0.00%
  93  Drygla_Dgla_sb291239                                      37.30%    passed     30.70%
  94  Coeast_Cast_sb799727                                      54.80%    passed     12.31%
  95  Coeast_Cast_sb799728                                      60.50%    passed     10.62%
  96  Coeast_Cast_sb799730                                      63.40%    passed     30.68%
  97  Coeast_Cast_sb799732                                      64.80%    passed     45.12%
  98  Coeast_Cast_sb799723                                      41.30%    passed     11.48%
  99  Coeast_Cast_sb799726                                      64.80%    passed     45.12%
 100  Coeast_Cast_sb799731                                      61.90%    passed     16.63%
 101  Coeast_Cast_sb799733                                      60.20%    passed     13.04%
 102  Coeast_Cast_sb799724                                      61.90%    passed     16.63%
 103  Coeast_Cast_sb799734                                      61.20%    passed     17.12%
 104  Coeast_Cast_sb799736                                      64.10%    passed     44.54%
 105  Coeast_Cast_sb799729                                      49.90%    passed     24.97%
 106  Coeast_Cast_sb799735                                      63.10%    passed     36.48%
 107  Coeast_Cast_sb799725                                      44.20%    passed     17.07%
 108  Coeast_Cast_sb799742                                      79.40%    passed     21.63%
 109  Coeast_Cast_sb799737                                      69.90%    passed     14.40%
 110  Coemet_Cmet_C569761_01                                    80.40%    passed     20.83%
 111  Coeast_Cast_sb799739                                      75.60%    passed     29.24%
 112  Coeast_Cast_sb799741                                      81.80%    failed      1.27%
 113  Pbac_sb2646443                                            87.60%    failed      0.59%
 114  Pbac_sb2657567                                            71.50%    passed     25.64%
 115  Pbac_sb2658506                                            48.50%    passed     19.50%
 116  Eupdun_Edun_sb10638549                                    75.50%    passed     28.49%
 117  Tetwil_g12700.t1                                          87.90%    passed     35.69%
 118  Tetwil_g9228.t2                                           83.20%    failed      0.00%
 119  Ocar_g3196                                                66.70%    passed     31.91%
 120  Saldol_EP00054_Salpingoeca_dolichothecata_P015949          5.70%    failed      1.55%
 121  Codhol_EP00042_Codosiga_hollandica_P058416                 3.20%    failed      1.40%
 122  Salmac_EP00052_Salpingoeca_macrocollata_P022060            3.90%    passed     34.79%
 123  Salpun_EP00053_Salpingoeca_punica_P018764                  3.90%    passed     10.44%
 124  Salkve_EP00050_Salpingoeca_kvevrii_P010632                 5.80%    passed     10.66%
 125  Microa_EP00043_Microstomoeca_roanoka_P009292               5.40%    failed      1.58%
 126  Sros_EGD75018                                              6.00%    failed      0.32%
 127  Chofle_EP00730_Choanoeca_flexa_P008754                    90.10%    failed      0.60%
 128  Chofle_EP00730_Choanoeca_flexa_P008755                    85.80%    failed      0.00%
 129  Chofle_EP00730_Choanoeca_flexa_P008756                    84.30%    failed      0.00%
 130  Chofle_EP00730_Choanoeca_flexa_P008761                    14.60%    passed     14.60%
 131  Choper_EP00045_Choanoeca_perplexa_P019729                  5.50%    passed      7.08%
 132  Mbre_EDQ90301                                             68.40%    failed      0.24%
 133  Mylflu_EP00047_Mylnosiga_fluctuans_P015401                 4.70%    passed      9.90%
 134  Salinf_EP00049_Salpingoeca_infusionum_P001196              6.70%    failed      0.01%
 135  Acaspe_EP00035_Acanthoeca_spectabilis_P034199              3.60%    failed      0.97%
 136  Helnan_EP00037_Helgoeca_nana_P032772                       2.90%    failed      0.32%
 137  Stedip_EP00041_Stephanoeca_diplocostata_P006881            3.40%    passed     52.85%
 138  Diagra_EP00040_Diaphanoeca_grandis_P011207                 2.70%    passed     36.89%
 139  Didcos_EP00039_Didymoeca_costata_P001117                   3.60%    passed     25.75%
 140  Lcom_lcpid253810                                          90.60%    passed     42.12%
 141  Salurc_EP00051_Salpingoeca_urceolata_P001609               3.70%    passed     26.65%
 142  Mbre_EDQ90302                                             41.20%    failed      0.34%
 143  Lcom_lcpid201652                                          86.40%    passed     27.92%
 144  Salkve_EP00050_Salpingoeca_kvevrii_P020493                37.40%    failed      0.00%
 145  Codhol_EP00042_Codosiga_hollandica_P036901                34.30%    failed      0.00%
 146  Diagra_EP00040_Diaphanoeca_grandis_P032535                36.60%    failed      0.00%
 147  Helnan_EP00037_Helgoeca_nana_P036663                      26.90%    failed      0.00%
 148  Salurc_EP00051_Salpingoeca_urceolata_P031782              51.00%    failed      0.00%
 149  Amil_Amillepora08683-RA                                   77.80%    failed      0.03%
 150  Saldol_EP00054_Salpingoeca_dolichothecata_P012138         36.20%    failed      0.00%
WARNING: 66 sequences contain more than 50% gaps/ambiguity
****  TOTAL                                                     39.23%  35 sequences failed composition chi2 test (p-value<5%; df=19)
NOTE: Coeast_Cast_sb760358 is identical to Coeast_Cast_sb760357 but kept for subsequent analysis
NOTE: Coeast_Cast_sb799726 is identical to Coeast_Cast_sb799732 but kept for subsequent analysis
NOTE: Coeast_Cast_sb799724 is identical to Coeast_Cast_sb799731 but kept for subsequent analysis


Create initial parsimony tree by phylogenetic likelihood library (PLL)... 0.101 seconds
Measuring multi-threading efficiency up to 2 CPU cores
4 trees examined
Threads: 1 / Time: 2.065 sec / Speedup: 1.000 / Efficiency: 100% / LogL: -143145
Threads: 2 / Time: 1.044 sec / Speedup: 1.979 / Efficiency: 99% / LogL: -143145
BEST NUMBER OF THREADS: 2

Perform fast likelihood tree search using LG+I+G model...
Estimate model parameters (epsilon = 5.000)
Perform nearest neighbor interchange...
Estimate model parameters (epsilon = 1.000)
1. Initial log-likelihood: -88945.577
Optimal log-likelihood: -88945.560
Proportion of invariable sites: 0.001
Gamma shape alpha: 1.520
Parameters optimization took 1 rounds (0.767 sec)
Time for fast ML tree search: 12.069 seconds

NOTE: ModelFinder requires 98 MB RAM!
ModelFinder will test up to 24 protein models (sample size: 1000) ...
 No. Model         -LnL         df  AIC          AICc         BIC
  1  LG            91932.682    297 184459.364   184711.518   185916.967
  2  LG+I          91910.783    298 184417.567   184671.781   185880.078
  3  LG+G4         88947.162    298 178490.324   178744.538   179952.835
  4  LG+I+G4       88945.604    299 178489.207   178745.493   179956.626
  7  LG+F+G4       89087.821    317 178809.641   179105.260   180365.399
  8  LG+F+I+G4     89085.060    318 178806.121   179104.042   180366.787
 11  WAG+G4        89368.328    298 179332.655   179586.869   180795.166
 12  WAG+I+G4      89366.278    299 179330.557   179586.842   180797.976
 15  WAG+F+G4      89783.676    317 180201.351   180496.970   181757.109
 16  WAG+F+I+G4    89781.053    318 180198.106   180496.027   181758.772
 19  JTT+G4        89590.913    298 179777.826   180032.040   181240.337
 20  JTT+I+G4      89588.099    299 179774.199   180030.485   181241.618
 23  JTT+F+G4      89679.061    317 179992.123   180287.742   181547.881
 24  JTT+F+I+G4    89675.460    318 179986.919   180284.840   181547.586
Akaike Information Criterion:           LG+I+G4
Corrected Akaike Information Criterion: LG+G4
Bayesian Information Criterion:         LG+G4
Best-fit model: LG+G4 chosen according to BIC

All model information printed to results_broccoli_metc/alignments_prefiltering/OG_930.iqtree.model.gz
CPU time for ModelFinder: 99.526 seconds (0h:1m:39s)
Wall-clock time for ModelFinder: 51.377 seconds (0h:0m:51s)
Generating 1000 samples for ultrafast bootstrap (seed: 903286)...

NOTE: 98 MB RAM (0 GB) is required!
Estimate model parameters (epsilon = 0.100)
1. Initial log-likelihood: -88947.162
Optimal log-likelihood: -88947.109
Gamma shape alpha: 1.511
Parameters optimization took 1 rounds (0.693 sec)
Computing ML distances based on estimated model parameters...
Computing ML distances took 1.362588 sec (of wall-clock time) 2.723911 sec(of CPU time)
WARNING: Some pairwise ML distances are too long (saturated)
Computing RapidNJ tree took 0.002867 sec (of wall-clock time) 0.005715 sec (of CPU time)
Log-likelihood of RapidNJ tree: -92950.381
--------------------------------------------------------------------
|             INITIALIZING CANDIDATE TREE SET                      |
--------------------------------------------------------------------
Generating 98 parsimony trees... 12.422 second
Computing log-likelihood of 98 initial trees ... 23.692 seconds
Current best score: -88947.109

Do NNI search on 20 best initial trees
Estimate model parameters (epsilon = 0.100)
BETTER TREE FOUND at iteration 1: -88946.353
Estimate model parameters (epsilon = 0.100)
BETTER TREE FOUND at iteration 2: -88931.142
Estimate model parameters (epsilon = 0.100)
BETTER TREE FOUND at iteration 3: -88928.546
Estimate model parameters (epsilon = 0.100)
BETTER TREE FOUND at iteration 9: -88924.422
Iteration 10 / LogL: -88942.488 / Time: 0h:2m:41s
Iteration 20 / LogL: -88953.814 / Time: 0h:4m:43s
Finish initializing candidate tree set (20)
Current best tree score: -88924.422 / CPU time: 271.120
Number of iterations: 20
--------------------------------------------------------------------
|               OPTIMIZING CANDIDATE TREE SET                      |
--------------------------------------------------------------------
Estimate model parameters (epsilon = 0.100)
BETTER TREE FOUND at iteration 21: -88922.420
Estimate model parameters (epsilon = 0.100)
BETTER TREE FOUND at iteration 29: -88920.743
Iteration 30 / LogL: -88927.151 / Time: 0h:6m:31s (0h:44m:45s left)
Iteration 40 / LogL: -88920.953 / Time: 0h:8m:29s (0h:41m:7s left)
Estimate model parameters (epsilon = 0.100)
BETTER TREE FOUND at iteration 50: -88920.585
Iteration 50 / LogL: -88920.585 / Time: 0h:10m:15s (0h:41m:52s left)
Log-likelihood cutoff on original alignment: -88971.480
BETTER TREE FOUND at iteration 54: -88920.581
Iteration 60 / LogL: -88921.583 / Time: 0h:11m:51s (0h:39m:0s left)
Estimate model parameters (epsilon = 0.100)
BETTER TREE FOUND at iteration 62: -88920.464
Iteration 70 / LogL: -88920.590 / Time: 0h:13m:53s (0h:38m:38s left)
Iteration 80 / LogL: -88926.140 / Time: 0h:16m:0s (0h:36m:53s left)
Iteration 90 / LogL: -88926.379 / Time: 0h:18m:5s (0h:34m:58s left)
BETTER TREE FOUND at iteration 99: -88920.463
Iteration 100 / LogL: -88920.661 / Time: 0h:20m:8s (0h:40m:28s left)
Log-likelihood cutoff on original alignment: -88971.480
NOTE: Bootstrap correlation coefficient of split occurrence frequencies: 0.994
Iteration 110 / LogL: -88921.919 / Time: 0h:21m:59s (0h:38m:7s left)
Iteration 120 / LogL: -88921.512 / Time: 0h:23m:47s (0h:35m:46s left)
Iteration 130 / LogL: -88920.589 / Time: 0h:25m:42s (0h:33m:40s left)
Iteration 140 / LogL: -88922.008 / Time: 0h:27m:24s (0h:31m:21s left)
Iteration 150 / LogL: -88925.727 / Time: 0h:29m:13s (0h:29m:13s left)
Log-likelihood cutoff on original alignment: -88971.480
Iteration 160 / LogL: -88921.052 / Time: 0h:31m:8s (0h:27m:13s left)
Iteration 170 / LogL: -88923.755 / Time: 0h:32m:55s (0h:25m:8s left)
Iteration 180 / LogL: -88921.816 / Time: 0h:34m:35s (0h:22m:59s left)
Iteration 190 / LogL: -88944.934 / Time: 0h:36m:18s (0h:20m:56s left)
Iteration 200 / LogL: -88927.059 / Time: 0h:38m:8s (0h:18m:58s left)
Log-likelihood cutoff on original alignment: -88971.480
NOTE: Bootstrap correlation coefficient of split occurrence frequencies: 0.998
Iteration 210 / LogL: -88920.657 / Time: 0h:40m:0s (0h:17m:13s left)
Iteration 220 / LogL: -88926.971 / Time: 0h:41m:36s (0h:15m:11s left)
Iteration 230 / LogL: -88920.572 / Time: 0h:43m:18s (0h:13m:14s left)
Iteration 240 / LogL: -88923.410 / Time: 0h:45m:16s (0h:11m:22s left)
Iteration 250 / LogL: -88920.511 / Time: 0h:47m:7s (0h:9m:27s left)
Log-likelihood cutoff on original alignment: -88971.480
Iteration 260 / LogL: -88922.794 / Time: 0h:48m:47s (0h:7m:32s left)
Iteration 270 / LogL: -88922.203 / Time: 0h:50m:48s (0h:5m:39s left)
Iteration 280 / LogL: -88920.466 / Time: 0h:52m:48s (0h:3m:47s left)
Iteration 290 / LogL: -88923.487 / Time: 0h:54m:40s (0h:1m:53s left)
Iteration 300 / LogL: -88922.055 / Time: 0h:56m:17s (0h:0m:0s left)
Log-likelihood cutoff on original alignment: -88971.480
NOTE: Bootstrap correlation coefficient of split occurrence frequencies: 0.998
TREE SEARCH COMPLETED AFTER 300 ITERATIONS / Time: 0h:56m:17s

--------------------------------------------------------------------
|                    FINALIZING TREE SEARCH                        |
--------------------------------------------------------------------
Performs final model parameters optimization
Estimate model parameters (epsilon = 0.010)
1. Initial log-likelihood: -88920.463
Optimal log-likelihood: -88920.462
Gamma shape alpha: 1.521
Parameters optimization took 1 rounds (0.682 sec)
BEST SCORE FOUND : -88920.462
Creating bootstrap support values...
Split supports printed to NEXUS file results_broccoli_metc/alignments_prefiltering/OG_930.iqtree.splits.nex
Total tree length: 48.831

Total number of iterations: 300
CPU time used for tree search: 6695.367 sec (1h:51m:35s)
Wall-clock time used for tree search: 3365.197 sec (0h:56m:5s)
Total CPU time used: 6722.378 sec (1h:52m:2s)
Total wall-clock time used: 3378.959 sec (0h:56m:18s)

Computing bootstrap consensus tree...
Reading input file results_broccoli_metc/alignments_prefiltering/OG_930.iqtree.splits.nex...
150 taxa and 1172 splits.
Consensus tree written to results_broccoli_metc/alignments_prefiltering/OG_930.iqtree.contree
Reading input trees file results_broccoli_metc/alignments_prefiltering/OG_930.iqtree.contree
Log-likelihood of consensus tree: -88920.483

Analysis results written to: 
  IQ-TREE report:                results_broccoli_metc/alignments_prefiltering/OG_930.iqtree.iqtree
  Maximum-likelihood tree:       results_broccoli_metc/alignments_prefiltering/OG_930.iqtree.treefile
  Likelihood distances:          results_broccoli_metc/alignments_prefiltering/OG_930.iqtree.mldist

Ultrafast bootstrap approximation results written to:
  Split support values:          results_broccoli_metc/alignments_prefiltering/OG_930.iqtree.splits.nex
  Consensus tree:                results_broccoli_metc/alignments_prefiltering/OG_930.iqtree.contree
  Screen log file:               results_broccoli_metc/alignments_prefiltering/OG_930.iqtree.log

Date and Time: Thu Jun  2 05:54:50 2022
