IQ-TREE multicore version 2.1.0 for Linux 64-bit built Jul 18 2020
Developed by Bui Quang Minh, James Barbetti, Nguyen Lam Tung,
Olga Chernomor, Heiko Schmidt, Dominik Schrempf, Michael Woodhams.

Host:    node-hp0103.linux.crg.es (AVX, 125 GB RAM)
Command: /users/asebe/xgraubove/Programes/iqtree-2.1.0-Linux/bin/iqtree2 -s results_broccoli_metc/alignments_prefiltering/OG_940.lt.fasta -m TEST -mset LG,WAG,JTT -nt AUTO -ntmax 2 -bb 1000 -pre results_broccoli_metc/alignments_prefiltering/OG_940.iqtree -nm 10000 -nstop 200 -cptime 1800
Seed:    683073 (Using SPRNG - Scalable Parallel Random Number Generator)
Time:    Thu Jun  2 04:56:36 2022
Kernel:  AVX - auto-detect threads (2 CPU cores detected)

Reading alignment file results_broccoli_metc/alignments_prefiltering/OG_940.lt.fasta ... Fasta format detected
Alignment most likely contains protein sequences
Alignment has 87 sequences with 241 columns, 241 distinct patterns
238 parsimony-informative, 0 singleton sites, 3 constant sites
                                                       Gap/Ambiguity  Composition  p-value
   1  Emue_Em0018g998a.t1                                     31.95%    passed     74.95%
   2  Spolac_c96701_g1_i2_m.13566c96701-g1                    18.67%    passed     96.30%
   3  Spolac_c96701_g1_i1_m.13565c96701-g1                    48.96%    passed     47.20%
   4  Tetwil_g6244.t1                                          7.88%    passed     81.10%
   5  Spis_XP_022802849_1                                      7.05%    passed     89.10%
   6  Pocdam_XM_027191771.1                                   15.77%    passed     53.55%
   7  Gasp_gasp1.m3.24172.m1                                  20.33%    passed     86.80%
   8  Amil_Amillepora27552-RA                                  7.05%    passed     94.04%
   9  Adig_XM_015908519.1                                      7.05%    passed     94.04%
  10  Fspp_ffun1.m4.8861.m1                                   50.62%    passed     93.03%
  11  Gfas_gfas1.m1.21161.m1                                  39.42%    passed     11.25%
  12  Exapal_XM_021038742.2                                    8.30%    passed     58.94%
  13  Nvec_v1g118883                                           7.88%    passed     98.37%
  14  HoiH23_PlH23_005186-RA                                  66.39%    passed     70.39%
  15  HoiH06_mRNA1630                                         15.35%    passed      6.09%
  16  Hhon_g05640.t1                                          10.79%    passed      8.51%
  17  HoiH04_mRNA9672                                          9.54%    failed      2.98%
  18  HoiH11_mRNA7659                                         13.28%    passed     33.83%
  19  TrH2_TrispH2_007971-RA                                   8.71%    passed     65.24%
  20  Tadh_TriadT56646                                         8.71%    passed     71.08%
  21  Xesp_005236-T1                                           9.54%    passed     47.38%
  22  Salmac_EP00052_Salpingoeca_macrocollata_P001702          3.32%    passed     27.86%
  23  Salmac_EP00052_Salpingoeca_macrocollata_P001703         67.22%    passed     47.10%
  24  Salurc_EP00051_Salpingoeca_urceolata_P018163             4.15%    passed     12.89%
  25  Salurc_EP00051_Salpingoeca_urceolata_P018164             4.15%    passed     12.51%
  26  Microa_EP00043_Microstomoeca_roanoka_P011062             5.39%    passed     70.49%
  27  Microa_EP00043_Microstomoeca_roanoka_P011063             9.54%    passed     79.26%
  28  Sros_EGD73162                                            3.32%    passed     37.23%
  29  Skow_XM_002736255.2                                      3.32%    passed     17.44%
  30  Lcom_lcpid82549                                          4.98%    failed      3.33%
  31  Lcom_lcpid62253                                         21.99%    failed      0.15%
  32  Lcom_lcpid81349                                          8.30%    passed     70.73%
  33  Lcom_lcpid61220                                         25.31%    passed     33.20%
  34  Gracom_Gcom_scaffold17822_01                            10.37%    passed     61.96%
  35  Leuniv_Lniv_scaffold23714_01                            21.16%    passed     79.21%
  36  Clacor_Ccor_scaffold3462_01                              9.54%    passed     30.95%
  37  Bralan_BLAG07000487_1                                    8.71%    passed     47.49%
  38  Hsap_ENST00000585603                                    11.62%    passed     57.15%
  39  Plespi_Pspi_scaffold801_01                              42.32%    passed      7.21%
  40  Spur_XM_030979624.1                                      4.98%    passed     30.94%
  41  Salpun_EP00053_Salpingoeca_punica_P002172                6.22%    passed     50.09%
  42  Aque_Aqu2.1.40928_001                                   13.28%    passed     40.47%
  43  Halamb_c47804_g1_i2m.23006                              12.03%    passed     55.27%
  44  Xestes_maker-XT_scaffold558-augustus-gene-0.21-mRNA-1   12.03%    passed     89.19%
  45  Opea_EP00118_Oscarella_pearsei_P028397                   8.30%    passed     92.71%
  46  Saldol_EP00054_Salpingoeca_dolichothecata_P035163       10.37%    passed     47.69%
  47  Codhol_EP00042_Codosiga_hollandica_P040430               3.73%    passed     23.58%
  48  Codhol_EP00042_Codosiga_hollandica_P040431               8.30%    passed     23.98%
  49  Codhol_EP00042_Codosiga_hollandica_P040433               6.22%    passed     28.58%
  50  Morvir_scaffold16.g41.t1                                 4.15%    passed     78.24%
  51  Nemnom_g7247.t1                                         13.28%    passed     73.66%
  52  Rhoesc_Res_004601-T1                                    13.28%    passed     55.11%
  53  Sanmal_Sma_023409-T1                                     6.22%    passed     40.03%
  54  Cgig_XM_011452914.3                                     12.86%    passed     52.34%
  55  Bolinf_Binf_sb1233597                                   17.43%    passed     99.75%
  56  Bolinf_Binf_sb1233598                                   17.43%    passed     99.75%
  57  Mertsp_Mesp_sb566366                                    17.43%    passed     99.63%
  58  Mertsp_Mesp_sb566367                                    31.95%    passed     92.63%
  59  Drygla_Dgla_sb297262                                    17.43%    passed     95.71%
  60  Drygla_Dgla_sb297265                                    25.73%    passed     92.51%
  61  Drygla_Dgla_sb297264                                    23.65%    passed     95.68%
  62  Drygla_Dgla_sb297263                                    17.84%    passed     91.91%
  63  Beraby_Baby_sb326425                                    36.10%    passed     90.53%
  64  Mlei_ML0711.g57.i1                                      17.43%    passed     39.83%
  65  Lampan_Lpan_C406657_01                                  17.84%    passed     80.14%
  66  Horcal_Hcv1.av93.c7.g329.i1                             58.51%    passed     30.67%
  67  Horcal_Hcv1.av93.c7.g331.i1                             31.95%    failed      4.97%
  68  Pbac_sb2662226                                          17.43%    passed     62.22%
  69  Coeast_Cast_sb789881                                    18.67%    passed     21.43%
  70  Coeast_Cast_sb789880                                    18.67%    passed     21.71%
  71  Coemet_Cmet_C584085_01                                  18.67%    passed     46.62%
  72  Vmul_Simscaffold12904_01                                18.67%    passed     49.05%
  73  Didcos_EP00039_Didymoeca_costata_P013917                 7.05%    passed     69.77%
  74  Stedip_EP00041_Stephanoeca_diplocostata_P006927          7.47%    passed     60.71%
  75  Helnan_EP00037_Helgoeca_nana_P001974                     6.22%    failed      0.08%
  76  Cscu_XM_023370265.1                                     14.11%    passed     69.31%
  77  Salinf_EP00049_Salpingoeca_infusionum_P008446            6.22%    passed     96.70%
  78  Chofle_EP00730_Choanoeca_flexa_P001570                   4.15%    passed     57.76%
  79  Choper_EP00045_Choanoeca_perplexa_P000586                3.73%    failed      1.19%
  80  Mbre_EDQ92363                                           16.18%    failed      2.87%
  81  Mylflu_EP00047_Mylnosiga_fluctuans_P018258               1.66%    passed     28.75%
  82  Salkve_EP00050_Salpingoeca_kvevrii_P018450               8.30%    passed      6.71%
  83  Acagra_model.g14543.t1                                   0.00%    passed     12.78%
  84  Hvul_g8185_1                                            14.94%    passed      9.76%
  85  Chem_TCONS_00054312                                      9.54%    passed      7.11%
  86  Ctel_gnl_WGS_AMQN_CAPTEDRAFT_mRNA156834                 10.37%    passed     89.90%
  87  Tcas_TC034729_001                                       13.28%    passed     17.64%
WARNING: 4 sequences contain more than 50% gaps/ambiguity
****  TOTAL                                                   15.62%  7 sequences failed composition chi2 test (p-value<5%; df=19)
NOTE: Adig_XM_015908519.1 is identical to Amil_Amillepora27552-RA but kept for subsequent analysis
NOTE: Bolinf_Binf_sb1233598 is identical to Bolinf_Binf_sb1233597 but kept for subsequent analysis


Create initial parsimony tree by phylogenetic likelihood library (PLL)... 0.017 seconds
Measuring multi-threading efficiency up to 2 CPU cores
Increase to 10 rounds for branch lengths
4 trees examined
Threads: 1 / Time: 2.301 sec / Speedup: 1.000 / Efficiency: 100% / LogL: -35196
Threads: 2 / Time: 1.234 sec / Speedup: 1.864 / Efficiency: 93% / LogL: -35196
BEST NUMBER OF THREADS: 2

Perform fast likelihood tree search using LG+I+G model...
Estimate model parameters (epsilon = 5.000)
Perform nearest neighbor interchange...
Estimate model parameters (epsilon = 1.000)
1. Initial log-likelihood: -24751.319
Optimal log-likelihood: -24751.202
Proportion of invariable sites: 0.008
Gamma shape alpha: 1.499
Parameters optimization took 1 rounds (0.208 sec)
Time for fast ML tree search: 2.383 seconds

NOTE: ModelFinder requires 15 MB RAM!
ModelFinder will test up to 24 protein models (sample size: 241) ...
 No. Model         -LnL         df  AIC          AICc         BIC
  1  LG            25497.091    171 51336.182    52188.704    51932.082
  2  LG+I          25457.744    172 51259.487    52134.664    51858.873
  3  LG+G4         24752.337    172 49848.673    50723.849    50448.058
  4  LG+I+G4       24751.197    173 49848.393    50746.961    50451.263
  7  LG+F+G4       24694.436    191 49770.871    51267.687    50436.467
  8  LG+F+I+G4     24693.450    192 49770.900    51314.900    50439.981
 11  WAG+G4        24821.810    172 49987.621    50862.797    50587.006
 12  WAG+I+G4      24820.120    173 49986.240    50884.808    50589.110
 15  WAG+F+G4      24802.116    191 49986.231    51483.048    50651.827
 16  WAG+F+I+G4    24801.375    192 49986.750    51530.750    50655.831
 19  JTT+G4        24880.607    172 50105.214    50980.390    50704.599
 20  JTT+I+G4      24875.474    173 50096.948    50995.516    50699.818
 23  JTT+F+G4      24815.211    191 50012.423    51509.239    50678.019
 24  JTT+F+I+G4    24810.784    192 50005.569    51549.569    50674.650
Akaike Information Criterion:           LG+F+G4
Corrected Akaike Information Criterion: LG+G4
Bayesian Information Criterion:         LG+F+G4
Best-fit model: LG+F+G4 chosen according to BIC

All model information printed to results_broccoli_metc/alignments_prefiltering/OG_940.iqtree.model.gz
CPU time for ModelFinder: 19.646 seconds (0h:0m:19s)
Wall-clock time for ModelFinder: 10.965 seconds (0h:0m:10s)
Generating 1000 samples for ultrafast bootstrap (seed: 683073)...

NOTE: 15 MB RAM (0 GB) is required!
Estimate model parameters (epsilon = 0.100)
1. Initial log-likelihood: -24694.436
Optimal log-likelihood: -24694.432
Gamma shape alpha: 1.406
Parameters optimization took 1 rounds (0.102 sec)
Computing ML distances based on estimated model parameters...
Computing ML distances took 0.538211 sec (of wall-clock time) 1.072887 sec(of CPU time)
Computing RapidNJ tree took 0.001345 sec (of wall-clock time) 0.002684 sec (of CPU time)
Log-likelihood of RapidNJ tree: -24878.666
--------------------------------------------------------------------
|             INITIALIZING CANDIDATE TREE SET                      |
--------------------------------------------------------------------
Generating 98 parsimony trees... 2.345 second
Computing log-likelihood of 98 initial trees ... 3.689 seconds
Current best score: -24694.432

Do NNI search on 20 best initial trees
Estimate model parameters (epsilon = 0.100)
BETTER TREE FOUND at iteration 1: -24693.535
Estimate model parameters (epsilon = 0.100)
BETTER TREE FOUND at iteration 2: -24684.018
Estimate model parameters (epsilon = 0.100)
BETTER TREE FOUND at iteration 4: -24681.217
Estimate model parameters (epsilon = 0.100)
BETTER TREE FOUND at iteration 5: -24675.359
Estimate model parameters (epsilon = 0.100)
BETTER TREE FOUND at iteration 6: -24666.969
Iteration 10 / LogL: -24676.151 / Time: 0h:0m:18s
Iteration 20 / LogL: -24681.839 / Time: 0h:0m:29s
Finish initializing candidate tree set (20)
Current best tree score: -24666.969 / CPU time: 28.057
Number of iterations: 20
--------------------------------------------------------------------
|               OPTIMIZING CANDIDATE TREE SET                      |
--------------------------------------------------------------------
UPDATE BEST LOG-LIKELIHOOD: -24666.969
Estimate model parameters (epsilon = 0.100)
BETTER TREE FOUND at iteration 30: -24665.939
Iteration 30 / LogL: -24665.939 / Time: 0h:0m:39s (0h:4m:33s left)
BETTER TREE FOUND at iteration 35: -24665.938
Estimate model parameters (epsilon = 0.100)
BETTER TREE FOUND at iteration 40: -24664.327
Iteration 40 / LogL: -24664.327 / Time: 0h:0m:50s (0h:4m:18s left)
Estimate model parameters (epsilon = 0.100)
BETTER TREE FOUND at iteration 47: -24664.078
Iteration 50 / LogL: -24672.032 / Time: 0h:1m:0s (0h:4m:5s left)
Log-likelihood cutoff on original alignment: -24725.448
Estimate model parameters (epsilon = 0.100)
BETTER TREE FOUND at iteration 55: -24663.437
Iteration 60 / LogL: -24664.079 / Time: 0h:1m:11s (0h:3m:56s left)
Estimate model parameters (epsilon = 0.100)
BETTER TREE FOUND at iteration 69: -24662.705
Iteration 70 / LogL: -24672.656 / Time: 0h:1m:22s (0h:3m:57s left)
Estimate model parameters (epsilon = 0.100)
BETTER TREE FOUND at iteration 71: -24659.696
Estimate model parameters (epsilon = 0.100)
BETTER TREE FOUND at iteration 72: -24659.672
Iteration 80 / LogL: -24662.524 / Time: 0h:1m:33s (0h:3m:47s left)
Iteration 90 / LogL: -24660.046 / Time: 0h:1m:44s (0h:3m:33s left)
UPDATE BEST LOG-LIKELIHOOD: -24659.666
Iteration 100 / LogL: -24664.681 / Time: 0h:1m:54s (0h:3m:18s left)
Log-likelihood cutoff on original alignment: -24725.448
NOTE: Bootstrap correlation coefficient of split occurrence frequencies: 0.990
NOTE: UFBoot does not converge, continue at least 100 more iterations
Iteration 110 / LogL: -24659.673 / Time: 0h:2m:4s (0h:3m:5s left)
Iteration 120 / LogL: -24659.673 / Time: 0h:2m:15s (0h:2m:53s left)
Iteration 130 / LogL: -24661.186 / Time: 0h:2m:26s (0h:2m:41s left)
Iteration 140 / LogL: -24659.854 / Time: 0h:2m:36s (0h:2m:28s left)
Iteration 150 / LogL: -24659.673 / Time: 0h:2m:48s (0h:2m:17s left)
Log-likelihood cutoff on original alignment: -24725.448
Iteration 160 / LogL: -24660.566 / Time: 0h:2m:58s (0h:2m:5s left)
Iteration 170 / LogL: -24660.155 / Time: 0h:3m:9s (0h:1m:54s left)
Iteration 180 / LogL: -24663.298 / Time: 0h:3m:20s (0h:1m:42s left)
Iteration 190 / LogL: -24669.763 / Time: 0h:3m:31s (0h:1m:31s left)
Iteration 200 / LogL: -24659.921 / Time: 0h:3m:42s (0h:1m:20s left)
Log-likelihood cutoff on original alignment: -24725.448
NOTE: Bootstrap correlation coefficient of split occurrence frequencies: 0.997
Iteration 210 / LogL: -24660.211 / Time: 0h:3m:53s (0h:1m:40s left)
Iteration 220 / LogL: -24677.942 / Time: 0h:4m:4s (0h:1m:29s left)
Iteration 230 / LogL: -24659.673 / Time: 0h:4m:14s (0h:1m:17s left)
Iteration 240 / LogL: -24660.635 / Time: 0h:4m:26s (0h:1m:6s left)
Iteration 250 / LogL: -24660.449 / Time: 0h:4m:37s (0h:0m:55s left)
Log-likelihood cutoff on original alignment: -24725.448
UPDATE BEST LOG-LIKELIHOOD: -24659.666
Iteration 260 / LogL: -24659.755 / Time: 0h:4m:49s (0h:0m:44s left)
Iteration 270 / LogL: -24659.696 / Time: 0h:5m:0s (0h:0m:33s left)
Estimate model parameters (epsilon = 0.100)
BETTER TREE FOUND at iteration 271: -24656.708
Estimate model parameters (epsilon = 0.100)
BETTER TREE FOUND at iteration 280: -24656.037
Iteration 280 / LogL: -24656.037 / Time: 0h:5m:12s (0h:3m:43s left)
Iteration 290 / LogL: -24656.830 / Time: 0h:5m:22s (0h:3m:32s left)
Iteration 300 / LogL: -24663.750 / Time: 0h:5m:33s (0h:3m:20s left)
Log-likelihood cutoff on original alignment: -24725.448
NOTE: Bootstrap correlation coefficient of split occurrence frequencies: 0.996
Iteration 310 / LogL: -24658.189 / Time: 0h:5m:44s (0h:3m:9s left)
Iteration 320 / LogL: -24660.074 / Time: 0h:5m:55s (0h:2m:58s left)
Iteration 330 / LogL: -24656.037 / Time: 0h:6m:6s (0h:2m:47s left)
Iteration 340 / LogL: -24656.830 / Time: 0h:6m:17s (0h:2m:35s left)
Iteration 350 / LogL: -24662.389 / Time: 0h:6m:28s (0h:2m:24s left)
Log-likelihood cutoff on original alignment: -24725.448
Iteration 360 / LogL: -24656.594 / Time: 0h:6m:40s (0h:2m:13s left)
Iteration 370 / LogL: -24662.310 / Time: 0h:6m:49s (0h:2m:2s left)
Iteration 380 / LogL: -24658.507 / Time: 0h:7m:0s (0h:1m:50s left)
Iteration 390 / LogL: -24656.442 / Time: 0h:7m:11s (0h:1m:39s left)
Iteration 400 / LogL: -24656.322 / Time: 0h:7m:22s (0h:1m:28s left)
Log-likelihood cutoff on original alignment: -24725.448
NOTE: Bootstrap correlation coefficient of split occurrence frequencies: 0.988
NOTE: UFBoot does not converge, continue at least 100 more iterations
Iteration 410 / LogL: -24657.898 / Time: 0h:7m:33s (0h:1m:39s left)
Iteration 420 / LogL: -24656.037 / Time: 0h:7m:45s (0h:1m:28s left)
Iteration 430 / LogL: -24660.254 / Time: 0h:7m:55s (0h:1m:17s left)
Iteration 440 / LogL: -24656.711 / Time: 0h:8m:7s (0h:1m:6s left)
UPDATE BEST LOG-LIKELIHOOD: -24656.037
Iteration 450 / LogL: -24659.788 / Time: 0h:8m:18s (0h:0m:55s left)
Log-likelihood cutoff on original alignment: -24725.448
Iteration 460 / LogL: -24656.038 / Time: 0h:8m:30s (0h:0m:44s left)
UPDATE BEST LOG-LIKELIHOOD: -24656.037
Iteration 470 / LogL: -24656.550 / Time: 0h:8m:42s (0h:0m:33s left)
Iteration 480 / LogL: -24661.586 / Time: 0h:8m:54s (0h:0m:22s left)
Iteration 490 / LogL: -24656.038 / Time: 0h:9m:6s (0h:0m:11s left)
UPDATE BEST LOG-LIKELIHOOD: -24656.037
Iteration 500 / LogL: -24663.572 / Time: 0h:9m:17s (0h:0m:0s left)
Log-likelihood cutoff on original alignment: -24725.448
NOTE: Bootstrap correlation coefficient of split occurrence frequencies: 0.984
NOTE: UFBoot does not converge, continue at least 100 more iterations
Iteration 510 / LogL: -24656.286 / Time: 0h:9m:30s (0h:1m:40s left)
Iteration 520 / LogL: -24656.050 / Time: 0h:9m:41s (0h:1m:29s left)
Iteration 530 / LogL: -24661.922 / Time: 0h:9m:53s (0h:1m:18s left)
Iteration 540 / LogL: -24656.050 / Time: 0h:10m:4s (0h:1m:7s left)
Iteration 550 / LogL: -24661.317 / Time: 0h:10m:15s (0h:0m:56s left)
Log-likelihood cutoff on original alignment: -24725.448
Iteration 560 / LogL: -24657.838 / Time: 0h:10m:28s (0h:0m:44s left)
Iteration 570 / LogL: -24656.050 / Time: 0h:10m:39s (0h:0m:33s left)
Iteration 580 / LogL: -24656.037 / Time: 0h:10m:51s (0h:0m:22s left)
Iteration 590 / LogL: -24656.050 / Time: 0h:11m:1s (0h:0m:11s left)
Iteration 600 / LogL: -24657.226 / Time: 0h:11m:12s (0h:0m:0s left)
Log-likelihood cutoff on original alignment: -24725.448
NOTE: Bootstrap correlation coefficient of split occurrence frequencies: 0.994
TREE SEARCH COMPLETED AFTER 600 ITERATIONS / Time: 0h:11m:13s

--------------------------------------------------------------------
|                    FINALIZING TREE SEARCH                        |
--------------------------------------------------------------------
Performs final model parameters optimization
Estimate model parameters (epsilon = 0.010)
1. Initial log-likelihood: -24656.037
Optimal log-likelihood: -24656.037
Gamma shape alpha: 1.379
Parameters optimization took 1 rounds (0.107 sec)
BEST SCORE FOUND : -24656.037
Creating bootstrap support values...
Split supports printed to NEXUS file results_broccoli_metc/alignments_prefiltering/OG_940.iqtree.splits.nex
Total tree length: 40.327

Total number of iterations: 600
CPU time used for tree search: 1331.152 sec (0h:22m:11s)
Wall-clock time used for tree search: 671.883 sec (0h:11m:11s)
Total CPU time used: 1333.994 sec (0h:22m:13s)
Total wall-clock time used: 673.394 sec (0h:11m:13s)

Computing bootstrap consensus tree...
Reading input file results_broccoli_metc/alignments_prefiltering/OG_940.iqtree.splits.nex...
87 taxa and 903 splits.
Consensus tree written to results_broccoli_metc/alignments_prefiltering/OG_940.iqtree.contree
Reading input trees file results_broccoli_metc/alignments_prefiltering/OG_940.iqtree.contree
Log-likelihood of consensus tree: -24656.055

Analysis results written to: 
  IQ-TREE report:                results_broccoli_metc/alignments_prefiltering/OG_940.iqtree.iqtree
  Maximum-likelihood tree:       results_broccoli_metc/alignments_prefiltering/OG_940.iqtree.treefile
  Likelihood distances:          results_broccoli_metc/alignments_prefiltering/OG_940.iqtree.mldist

Ultrafast bootstrap approximation results written to:
  Split support values:          results_broccoli_metc/alignments_prefiltering/OG_940.iqtree.splits.nex
  Consensus tree:                results_broccoli_metc/alignments_prefiltering/OG_940.iqtree.contree
  Screen log file:               results_broccoli_metc/alignments_prefiltering/OG_940.iqtree.log

Date and Time: Thu Jun  2 05:08:01 2022
