IQ-TREE multicore version 2.1.0 for Linux 64-bit built Jul 18 2020
Developed by Bui Quang Minh, James Barbetti, Nguyen Lam Tung,
Olga Chernomor, Heiko Schmidt, Dominik Schrempf, Michael Woodhams.

Host:    node-hp0206.linux.crg.es (AVX, 125 GB RAM)
Command: /users/asebe/xgraubove/Programes/iqtree-2.1.0-Linux/bin/iqtree2 -s results_broccoli_meto/alignments/OG_1579.lt.fasta -m TEST -mset LG,WAG,JTT -nt AUTO -ntmax 2 -bb 1000 -pre results_broccoli_meto/alignments/OG_1579.iqtree -nm 10000 -nstop 200 -cptime 1800
Seed:    900757 (Using SPRNG - Scalable Parallel Random Number Generator)
Time:    Fri Dec 16 13:18:10 2022
Kernel:  AVX - auto-detect threads (2 CPU cores detected)

Reading alignment file results_broccoli_meto/alignments/OG_1579.lt.fasta ... Fasta format detected
Alignment most likely contains protein sequences
Alignment has 61 sequences with 529 columns, 513 distinct patterns
470 parsimony-informative, 0 singleton sites, 59 constant sites
                                                       Gap/Ambiguity  Composition  p-value
   1  Hsap_ENST00000621317                                     2.65%    passed     97.91%
   2  Bralan_BLAG07101643_3                                    1.51%    passed     67.80%
   3  Skow_XM_002738692.2                                     17.20%    passed     79.67%
   4  Cgig_XM_011453388.3                                      2.08%    passed     51.80%
   5  Acagra_model.g28954.t1                                   0.76%    passed     98.77%
   6  Cscu_XM_023372571.1                                      6.24%    passed     98.15%
   7  Spur_XM_030975093.1                                      6.43%    passed     98.25%
   8  Ctel_gnl_WGS_AMQN_CAPTEDRAFT_mRNA149947                  1.89%    passed     99.01%
   9  Tcas_TC005070_001                                        1.89%    passed     99.85%
  10  Dpul_mRNA14828                                           1.89%    passed     83.48%
  11  Exapal_XM_021051637.2                                    1.32%    passed     99.90%
  12  Nvec_v1g186817                                           4.73%    passed     97.54%
  13  Adig_XM_015916599.1                                      2.08%    passed     99.72%
  14  Amil_Amillepora08835-RA                                  3.40%    passed     99.73%
  15  Gfas_gfas1.m1.2898.m1                                    1.70%    passed     99.03%
  16  Fspp_ffun1.m4.9751.m1                                   44.99%    passed     95.46%
  17  Spis_XP_022799792_1                                      1.70%    passed     99.99%
  18  Pocdam_XM_027181642.1                                    1.89%    passed     99.99%
  19  Gasp_gasp1.m3.18142.m1                                  20.60%    passed     91.38%
  20  Dgig_XM_028536676.1                                      1.89%    passed     93.91%
  21  Xesp_005484-T1                                           1.70%    passed     96.34%
  22  Hvul_g9412_1                                             0.19%    passed     88.90%
  23  Chem_TCONS_00070297                                      0.19%    passed     91.96%
  24  Morvir_scaffold371.g8.t1                                11.53%    passed     99.80%
  25  Nemnom_g13677.t1                                         0.38%    passed     94.72%
  26  Rhoesc_Res_011210-T1                                     0.38%    passed     98.83%
  27  Sanmal_Sma_025062-T1                                     0.38%    passed     89.14%
  28  Tadh_TriadT63564                                         1.32%    passed     78.83%
  29  TrH2_TrispH2_000174-RA                                   1.32%    passed     78.83%
  30  HoiH06_mRNA4603                                          2.08%    passed     90.39%
  31  HoiH23_PlH23_000777-RA                                   0.38%    passed     81.49%
  32  Hhon_g04466.t1                                           0.38%    passed     79.02%
  33  HoiH04_mRNA3828                                          0.38%    passed     81.04%
  34  HoiH11_mRNA1233                                          0.19%    passed     97.36%
  35  Aque_Aqu2.1.31222_001                                    3.21%    passed     85.06%
  36  Halamb_c54568_g2_i1m.38643                               3.40%    passed     95.81%
  37  Xestes_maker-XT_scaffold1920-augustus-gene-0.9-mRNA-1   66.73%    passed     36.85%
  38  Emue_Em0006g502a.t1                                      1.89%    passed     33.60%
  39  Spolac_c102931_g1_i1_m.31702c102931-g1                   2.65%    passed     93.97%
  40  Tetwil_g25011.t1                                         0.76%    passed     93.09%
  41  Stycar_maker-SC_scaffold3903-augustus-gene-0.8-mRNA-1   27.22%    passed     99.90%
  42  Plespi_Pspi_C604336_01                                  34.97%    passed     41.86%
  43  Scil_scict018540.1                                       0.76%    passed     58.65%
  44  Lcom_lcpid56731                                          2.08%    passed     71.51%
  45  Leuniv_Lniv_scaffold22612_01                             7.18%    passed     24.27%
  46  Gracom_Gcom_C558088_01                                   1.89%    passed     88.42%
  47  Clacor_Ccor_scaffold4247_01                             37.05%    passed     26.12%
  48  Ocar_g8008                                               5.86%    passed     68.83%
  49  Opea_EP00118_Oscarella_pearsei_P018239                   4.16%    passed     51.83%
  50  Plajan_Pjan_scaffold20240_01                             0.95%    passed     84.92%
  51  Pbac_sb2657376                                           2.84%    passed     87.95%
  52  Horcal_Hcv1.av93.c1.g1044.i1                             2.84%    passed     79.94%
  53  Bolinf_Binf_sb1259274                                   21.17%    passed     96.98%
  54  Mertsp_Mesp_sb599005                                    46.31%    passed     99.17%
  55  Beraby_Baby_sb350143                                     2.08%    passed     99.96%
  56  Lampan_Lpan_C418505_01                                   2.08%    passed     99.00%
  57  Drygla_Dgla_sb299861                                    12.29%    passed     96.65%
  58  Vmul_Simscaffold15057_01                                 2.46%    passed     99.86%
  59  Coeast_Cast_sb791001                                     2.46%    passed     95.75%
  60  Coemet_Cmet_scaffold22623_01                             2.46%    passed     93.47%
  61  Eupdun_Edun_sb10638147                                  10.78%    passed     93.55%
WARNING: 1 sequences contain more than 50% gaps/ambiguity
****  TOTAL                                                    7.48%  0 sequences failed composition chi2 test (p-value<5%; df=19)
NOTE: TrH2_TrispH2_000174-RA is identical to Tadh_TriadT63564 but kept for subsequent analysis


Create initial parsimony tree by phylogenetic likelihood library (PLL)... 0.019 seconds
Measuring multi-threading efficiency up to 2 CPU cores
Increase to 10 rounds for branch lengths
3 trees examined
Threads: 1 / Time: 2.452 sec / Speedup: 1.000 / Efficiency: 100% / LogL: -41350
Threads: 2 / Time: 1.268 sec / Speedup: 1.934 / Efficiency: 97% / LogL: -41350
BEST NUMBER OF THREADS: 2

Perform fast likelihood tree search using LG+I+G model...
Estimate model parameters (epsilon = 5.000)
Perform nearest neighbor interchange...
Estimate model parameters (epsilon = 1.000)
1. Initial log-likelihood: -26632.462
Optimal log-likelihood: -26632.269
Proportion of invariable sites: 0.103
Gamma shape alpha: 1.409
Parameters optimization took 1 rounds (0.170 sec)
Time for fast ML tree search: 1.322 seconds

NOTE: ModelFinder requires 22 MB RAM!
ModelFinder will test up to 24 protein models (sample size: 529) ...
 No. Model         -LnL         df  AIC          AICc         BIC
  1  LG            27987.950    119 56213.900    56283.729    56722.147
  2  LG+I          27499.523    120 55239.047    55310.223    55751.565
  3  LG+G4         26681.098    120 53602.197    53673.373    54114.715
  4  LG+I+G4       26632.246    121 53506.492    53579.033    54023.282
  8  LG+F+I+G4     26759.904    140 53799.809    53901.561    54397.747
 12  WAG+I+G4      26869.900    121 53981.800    54054.341    54498.590
 16  WAG+F+I+G4    27076.736    140 54433.471    54535.224    55031.410
 20  JTT+I+G4      26719.816    121 53681.631    53754.172    54198.421
 24  JTT+F+I+G4    26789.818    140 53859.637    53961.390    54457.575
Akaike Information Criterion:           LG+I+G4
Corrected Akaike Information Criterion: LG+I+G4
Bayesian Information Criterion:         LG+I+G4
Best-fit model: LG+I+G4 chosen according to BIC

All model information printed to results_broccoli_meto/alignments/OG_1579.iqtree.model.gz
CPU time for ModelFinder: 17.303 seconds (0h:0m:17s)
Wall-clock time for ModelFinder: 9.993 seconds (0h:0m:9s)
Generating 1000 samples for ultrafast bootstrap (seed: 900757)...

NOTE: 22 MB RAM (0 GB) is required!
Estimate model parameters (epsilon = 0.100)
Thoroughly optimizing +I+G parameters from 10 start values...
Init pinv, alpha: 0.000, 1.406 / Estimate: 0.000, 0.837 / LogL: -26681.097
Init pinv, alpha: 0.012, 1.406 / Estimate: 0.103, 1.404 / LogL: -26632.239
Init pinv, alpha: 0.025, 1.406 / Estimate: 0.103, 1.405 / LogL: -26632.240
Init pinv, alpha: 0.037, 1.406 / Estimate: 0.103, 1.405 / LogL: -26632.244
Init pinv, alpha: 0.050, 1.406 / Estimate: 0.103, 1.405 / LogL: -26632.240
Init pinv, alpha: 0.062, 1.406 / Estimate: 0.103, 1.406 / LogL: -26632.245
Init pinv, alpha: 0.074, 1.406 / Estimate: 0.103, 1.407 / LogL: -26632.248
Init pinv, alpha: 0.087, 1.406 / Estimate: 0.103, 1.407 / LogL: -26632.257
Init pinv, alpha: 0.099, 1.406 / Estimate: 0.103, 1.403 / LogL: -26632.244
Init pinv, alpha: 0.112, 1.406 / Estimate: 0.103, 1.401 / LogL: -26632.237
Optimal pinv,alpha: 0.103, 1.401 / LogL: -26632.237

Parameters optimization took 6.260 sec
Computing ML distances based on estimated model parameters...
Computing ML distances took 0.214669 sec (of wall-clock time) 0.428553 sec(of CPU time)
Computing RapidNJ tree took 0.000879 sec (of wall-clock time) 0.000000 sec (of CPU time)
Log-likelihood of RapidNJ tree: -26818.412
--------------------------------------------------------------------
|             INITIALIZING CANDIDATE TREE SET                      |
--------------------------------------------------------------------
Generating 98 parsimony trees... 2.034 second
Computing log-likelihood of 98 initial trees ... 4.956 seconds
Current best score: -26632.237

Do NNI search on 20 best initial trees
Estimate model parameters (epsilon = 0.100)
BETTER TREE FOUND at iteration 1: -26630.939
Estimate model parameters (epsilon = 0.100)
UPDATE BEST LOG-LIKELIHOOD: -26628.838
Iteration 10 / LogL: -26639.732 / Time: 0h:0m:20s
Estimate model parameters (epsilon = 0.100)
BETTER TREE FOUND at iteration 16: -26626.325
Iteration 20 / LogL: -26628.038 / Time: 0h:0m:27s
Finish initializing candidate tree set (13)
Current best tree score: -26626.325 / CPU time: 20.382
Number of iterations: 20
--------------------------------------------------------------------
|               OPTIMIZING CANDIDATE TREE SET                      |
--------------------------------------------------------------------
Estimate model parameters (epsilon = 0.100)
UPDATE BEST LOG-LIKELIHOOD: -26626.134
Iteration 30 / LogL: -26626.149 / Time: 0h:0m:38s (0h:4m:8s left)
Iteration 40 / LogL: -26626.244 / Time: 0h:0m:49s (0h:3m:41s left)
Iteration 50 / LogL: -26626.775 / Time: 0h:0m:59s (0h:3m:21s left)
Log-likelihood cutoff on original alignment: -26680.413
Iteration 60 / LogL: -26628.188 / Time: 0h:1m:10s (0h:3m:5s left)
Iteration 70 / LogL: -26628.119 / Time: 0h:1m:21s (0h:2m:51s left)
Iteration 80 / LogL: -26626.483 / Time: 0h:1m:31s (0h:2m:37s left)
Iteration 90 / LogL: -26627.171 / Time: 0h:1m:40s (0h:2m:22s left)
Iteration 100 / LogL: -26627.013 / Time: 0h:1m:51s (0h:2m:10s left)
Log-likelihood cutoff on original alignment: -26680.413
NOTE: Bootstrap correlation coefficient of split occurrence frequencies: 0.999
Iteration 110 / LogL: -26633.847 / Time: 0h:2m:1s (0h:1m:57s left)
Iteration 120 / LogL: -26626.461 / Time: 0h:2m:11s (0h:1m:46s left)
Iteration 130 / LogL: -26635.500 / Time: 0h:2m:21s (0h:1m:34s left)
Iteration 140 / LogL: -26629.876 / Time: 0h:2m:32s (0h:1m:23s left)
Iteration 150 / LogL: -26626.180 / Time: 0h:2m:43s (0h:1m:12s left)
Log-likelihood cutoff on original alignment: -26680.413
Iteration 160 / LogL: -26628.479 / Time: 0h:2m:54s (0h:1m:1s left)
Iteration 170 / LogL: -26626.438 / Time: 0h:3m:3s (0h:0m:49s left)
Iteration 180 / LogL: -26627.062 / Time: 0h:3m:13s (0h:0m:38s left)
Iteration 190 / LogL: -26626.301 / Time: 0h:3m:24s (0h:0m:28s left)
Iteration 200 / LogL: -26626.675 / Time: 0h:3m:34s (0h:0m:17s left)
Log-likelihood cutoff on original alignment: -26680.413
NOTE: Bootstrap correlation coefficient of split occurrence frequencies: 0.999
Iteration 210 / LogL: -26629.016 / Time: 0h:3m:45s (0h:1m:37s left)
TREE SEARCH COMPLETED AFTER 217 ITERATIONS / Time: 0h:3m:51s

--------------------------------------------------------------------
|                    FINALIZING TREE SEARCH                        |
--------------------------------------------------------------------
Performs final model parameters optimization
Estimate model parameters (epsilon = 0.010)
1. Initial log-likelihood: -26626.134
Optimal log-likelihood: -26626.134
Proportion of invariable sites: 0.103
Gamma shape alpha: 1.400
Parameters optimization took 1 rounds (0.161 sec)
BEST SCORE FOUND : -26626.134
Creating bootstrap support values...
Split supports printed to NEXUS file results_broccoli_meto/alignments/OG_1579.iqtree.splits.nex
Total tree length: 17.946

Total number of iterations: 217
CPU time used for tree search: 445.748 sec (0h:7m:25s)
Wall-clock time used for tree search: 224.647 sec (0h:3m:44s)
Total CPU time used: 460.657 sec (0h:7m:40s)
Total wall-clock time used: 232.353 sec (0h:3m:52s)

Computing bootstrap consensus tree...
Reading input file results_broccoli_meto/alignments/OG_1579.iqtree.splits.nex...
61 taxa and 247 splits.
Consensus tree written to results_broccoli_meto/alignments/OG_1579.iqtree.contree
Reading input trees file results_broccoli_meto/alignments/OG_1579.iqtree.contree
Log-likelihood of consensus tree: -26626.139

Analysis results written to: 
  IQ-TREE report:                results_broccoli_meto/alignments/OG_1579.iqtree.iqtree
  Maximum-likelihood tree:       results_broccoli_meto/alignments/OG_1579.iqtree.treefile
  Likelihood distances:          results_broccoli_meto/alignments/OG_1579.iqtree.mldist

Ultrafast bootstrap approximation results written to:
  Split support values:          results_broccoli_meto/alignments/OG_1579.iqtree.splits.nex
  Consensus tree:                results_broccoli_meto/alignments/OG_1579.iqtree.contree
  Screen log file:               results_broccoli_meto/alignments/OG_1579.iqtree.log

Date and Time: Fri Dec 16 13:22:13 2022
