IQ-TREE multicore version 2.1.0 for Linux 64-bit built Jul 18 2020
Developed by Bui Quang Minh, James Barbetti, Nguyen Lam Tung,
Olga Chernomor, Heiko Schmidt, Dominik Schrempf, Michael Woodhams.

Host:    node-hp0502.linux.crg.es (AVX, 125 GB RAM)
Command: /users/asebe/xgraubove/Programes/iqtree-2.1.0-Linux/bin/iqtree2 -s results_broccoli_meto/alignments/OG_1944.lt.fasta -m TEST -mset LG,WAG,JTT -nt AUTO -ntmax 2 -bb 1000 -pre results_broccoli_meto/alignments/OG_1944.iqtree -nm 10000 -nstop 200 -cptime 1800
Seed:    40196 (Using SPRNG - Scalable Parallel Random Number Generator)
Time:    Fri Dec 16 14:00:23 2022
Kernel:  AVX - auto-detect threads (2 CPU cores detected)

Reading alignment file results_broccoli_meto/alignments/OG_1944.lt.fasta ... Fasta format detected
Alignment most likely contains protein sequences
Alignment has 46 sequences with 323 columns, 323 distinct patterns
319 parsimony-informative, 0 singleton sites, 4 constant sites
                                         Gap/Ambiguity  Composition  p-value
   1  Hsap_ENST00000651950                       6.19%    passed     29.10%
   2  Bralan_BLAG08001040_1                      8.05%    failed      1.83%
   3  Skow_XM_002733023.2                        8.67%    passed     24.10%
   4  Spur_XM_775049.5                           8.67%    passed     90.57%
   5  Ctel_gnl_WGS_AMQN_CAPTEDRAFT_mRNA184099    7.12%    failed      3.15%
   6  Tcas_TC002930_001                         11.76%    passed     52.19%
   7  Dpul_mRNA19668                             9.29%    passed     99.54%
   8  Cscu_XM_023378573.1                        5.88%    passed     71.98%
   9  Cgig_XM_011428229.3                        8.05%    passed     24.20%
  10  Acagra_model.g10528.t1                     6.81%    passed     90.65%
  11  Exapal_XM_021051094.2                      5.88%    passed     75.23%
  12  Nvec_v1g241152                             8.36%    passed     74.36%
  13  Adig_XM_015908294.1                       26.01%    passed     90.72%
  14  Amil_Amillepora26849-RA                    8.98%    passed     78.76%
  15  Gfas_gfas1.m1.7609.m1                      8.36%    passed     74.08%
  16  Fspp_ffun1.m2b.16907.m1                    8.98%    passed     94.31%
  17  Spis_XP_022797221_1                        7.74%    passed     61.16%
  18  Pocdam_XM_027189967.1                      7.74%    passed     54.58%
  19  Dgig_XM_028539128.1                        8.67%    passed     30.60%
  20  Xesp_007961-T1                            11.76%    passed      5.14%
  21  Mlei_ML0032.g60.i1                         8.67%    passed     12.59%
  22  Mertsp_Mesp_sb541250                      54.80%    passed     40.39%
  23  Drygla_Dgla_sb301391                       8.98%    passed     93.22%
  24  Lampan_Lpan_C407889_01                     9.29%    passed     10.09%
  25  Pbac_sb2655148                             5.57%    passed     73.11%
  26  Horcal_Hcv1.av93.c6.g1261.i1               5.88%    passed     77.93%
  27  Vmul_Simscaffold5103_01                    9.60%    passed     77.16%
  28  Coeast_Cast_sb771235                       9.60%    passed     56.81%
  29  Coemet_Cmet_scaffold17453_01              30.96%    passed     37.26%
  30  Eupdun_Edun_sb10616212                    58.82%    passed     11.66%
  31  Aaur_scaffold716.g11.t1                   67.49%    passed     95.25%
  32  Nemnom_g18697.t1                           7.74%    passed     48.32%
  33  Rhoesc_Res_015451-T1                       8.67%    passed     29.19%
  34  Sanmal_Sma_021643-T1                      11.46%    passed     42.60%
  35  Morvir_scaffold430.g11.t1                 42.72%    passed     39.43%
  36  Tadh_TriadT53401                          11.76%    passed     15.05%
  37  TrH2_TrispH2_008921-RA                     4.64%    passed      9.79%
  38  HoiH06_mRNA6670                            5.26%    passed     19.51%
  39  HoiH23_PlH23_003600-RA                     4.64%    passed     28.21%
  40  Hhon_g05367.t1                             5.26%    passed     31.39%
  41  HoiH04_mRNA13467                           4.64%    passed     38.34%
  42  HoiH11_mRNA6035                            4.95%    passed     20.43%
  43  Scil_scict006650.1                         6.19%    passed     29.16%
  44  Leuniv_Lniv_C801940_01                    32.20%    failed      0.56%
  45  Gracom_Gcom_scaffold17589_01               5.26%    passed     26.40%
  46  Lcom_lcpid70046                            7.43%    passed     12.87%
WARNING: 3 sequences contain more than 50% gaps/ambiguity
****  TOTAL                                     13.38%  3 sequences failed composition chi2 test (p-value<5%; df=19)


Create initial parsimony tree by phylogenetic likelihood library (PLL)... 0.011 seconds
Measuring multi-threading efficiency up to 2 CPU cores
Increase to 10 rounds for branch lengths
6 trees examined
Threads: 1 / Time: 2.337 sec / Speedup: 1.000 / Efficiency: 100% / LogL: -27244
Threads: 2 / Time: 1.215 sec / Speedup: 1.923 / Efficiency: 96% / LogL: -27244
BEST NUMBER OF THREADS: 2

Perform fast likelihood tree search using LG+I+G model...
Estimate model parameters (epsilon = 5.000)
Perform nearest neighbor interchange...
Estimate model parameters (epsilon = 1.000)
1. Initial log-likelihood: -18858.489
Optimal log-likelihood: -18858.282
Proportion of invariable sites: 0.011
Gamma shape alpha: 3.085
Parameters optimization took 1 rounds (0.078 sec)
Time for fast ML tree search: 0.735 seconds

NOTE: ModelFinder requires 11 MB RAM!
ModelFinder will test up to 24 protein models (sample size: 323) ...
 No. Model         -LnL         df  AIC          AICc         BIC
  1  LG            19134.546    89  38447.092    38515.847    38783.303
  2  LG+I          19073.780    90  38327.559    38398.163    38667.548
  3  LG+G4         18878.407    90  37936.814    38007.418    38276.803
  4  LG+I+G4       18858.266    91  37898.532    37971.017    38242.299
  8  LG+F+I+G4     18773.278    110 37766.557    37881.746    38182.099
 12  WAG+I+G4      18979.384    91  38140.769    38213.253    38484.535
 16  WAG+F+I+G4    18932.384    110 38084.767    38199.956    38500.309
 20  JTT+I+G4      18898.946    91  37979.893    38052.378    38323.659
 24  JTT+F+I+G4    18822.387    110 37864.773    37979.962    38280.315
Akaike Information Criterion:           LG+F+I+G4
Corrected Akaike Information Criterion: LG+F+I+G4
Bayesian Information Criterion:         LG+F+I+G4
Best-fit model: LG+F+I+G4 chosen according to BIC

All model information printed to results_broccoli_meto/alignments/OG_1944.iqtree.model.gz
CPU time for ModelFinder: 10.311 seconds (0h:0m:10s)
Wall-clock time for ModelFinder: 6.322 seconds (0h:0m:6s)
Generating 1000 samples for ultrafast bootstrap (seed: 40196)...

NOTE: 11 MB RAM (0 GB) is required!
Estimate model parameters (epsilon = 0.100)
Thoroughly optimizing +I+G parameters from 10 start values...
Init pinv, alpha: 0.000, 3.056 / Estimate: 0.011, 3.043 / LogL: -18773.272
Init pinv, alpha: 0.001, 3.056 / Estimate: 0.011, 3.050 / LogL: -18773.273
Init pinv, alpha: 0.003, 3.056 / Estimate: 0.011, 3.050 / LogL: -18773.273
Init pinv, alpha: 0.004, 3.056 / Estimate: 0.011, 3.050 / LogL: -18773.273
Init pinv, alpha: 0.006, 3.056 / Estimate: 0.011, 3.050 / LogL: -18773.272
Init pinv, alpha: 0.007, 3.056 / Estimate: 0.011, 3.052 / LogL: -18773.272
Init pinv, alpha: 0.008, 3.056 / Estimate: 0.011, 3.052 / LogL: -18773.272
Init pinv, alpha: 0.010, 3.056 / Estimate: 0.011, 3.049 / LogL: -18773.273
Init pinv, alpha: 0.011, 3.056 / Estimate: 0.011, 3.049 / LogL: -18773.272
Init pinv, alpha: 0.012, 3.056 / Estimate: 0.011, 3.049 / LogL: -18773.272
Optimal pinv,alpha: 0.011, 3.049 / LogL: -18773.272

Parameters optimization took 1.436 sec
Computing ML distances based on estimated model parameters...
Computing ML distances took 0.146031 sec (of wall-clock time) 0.290744 sec(of CPU time)
Computing RapidNJ tree took 0.000660 sec (of wall-clock time) 0.000000 sec (of CPU time)
Log-likelihood of RapidNJ tree: -18808.903
--------------------------------------------------------------------
|             INITIALIZING CANDIDATE TREE SET                      |
--------------------------------------------------------------------
Generating 98 parsimony trees... 1.150 second
Computing log-likelihood of 98 initial trees ... 2.416 seconds
Current best score: -18773.272

Do NNI search on 20 best initial trees
Estimate model parameters (epsilon = 0.100)
BETTER TREE FOUND at iteration 1: -18772.597
Estimate model parameters (epsilon = 0.100)
BETTER TREE FOUND at iteration 2: -18767.584
Estimate model parameters (epsilon = 0.100)
BETTER TREE FOUND at iteration 3: -18766.332
Estimate model parameters (epsilon = 0.100)
BETTER TREE FOUND at iteration 9: -18761.232
Iteration 10 / LogL: -18766.437 / Time: 0h:0m:9s
Iteration 20 / LogL: -18767.903 / Time: 0h:0m:13s
Finish initializing candidate tree set (10)
Current best tree score: -18761.232 / CPU time: 11.359
Number of iterations: 20
--------------------------------------------------------------------
|               OPTIMIZING CANDIDATE TREE SET                      |
--------------------------------------------------------------------
Estimate model parameters (epsilon = 0.100)
BETTER TREE FOUND at iteration 22: -18761.173
Iteration 30 / LogL: -18763.628 / Time: 0h:0m:19s (0h:2m:9s left)
Iteration 40 / LogL: -18761.551 / Time: 0h:0m:25s (0h:1m:57s left)
Iteration 50 / LogL: -18765.715 / Time: 0h:0m:30s (0h:1m:47s left)
Log-likelihood cutoff on original alignment: -18797.735
Iteration 60 / LogL: -18761.343 / Time: 0h:0m:36s (0h:1m:40s left)
Iteration 70 / LogL: -18944.632 / Time: 0h:0m:41s (0h:1m:32s left)
Iteration 80 / LogL: -18761.754 / Time: 0h:0m:47s (0h:1m:25s left)
Iteration 90 / LogL: -18766.361 / Time: 0h:0m:53s (0h:1m:19s left)
Iteration 100 / LogL: -18761.187 / Time: 0h:0m:58s (0h:1m:12s left)
Log-likelihood cutoff on original alignment: -18797.735
NOTE: Bootstrap correlation coefficient of split occurrence frequencies: 0.999
Iteration 110 / LogL: -18762.030 / Time: 0h:1m:4s (0h:1m:6s left)
Iteration 120 / LogL: -18768.836 / Time: 0h:1m:9s (0h:0m:59s left)
UPDATE BEST LOG-LIKELIHOOD: -18761.168
Iteration 130 / LogL: -18762.049 / Time: 0h:1m:14s (0h:0m:53s left)
Iteration 140 / LogL: -18762.126 / Time: 0h:1m:19s (0h:0m:47s left)
Iteration 150 / LogL: -18766.822 / Time: 0h:1m:24s (0h:0m:41s left)
Log-likelihood cutoff on original alignment: -18797.735
Iteration 160 / LogL: -18762.320 / Time: 0h:1m:30s (0h:0m:35s left)
Iteration 170 / LogL: -18763.726 / Time: 0h:1m:35s (0h:0m:29s left)
Iteration 180 / LogL: -18761.560 / Time: 0h:1m:41s (0h:0m:23s left)
Iteration 190 / LogL: -18763.632 / Time: 0h:1m:46s (0h:0m:18s left)
Iteration 200 / LogL: -18762.272 / Time: 0h:1m:52s (0h:0m:12s left)
Log-likelihood cutoff on original alignment: -18797.735
NOTE: Bootstrap correlation coefficient of split occurrence frequencies: 0.999
Iteration 210 / LogL: -18761.285 / Time: 0h:1m:58s (0h:0m:50s left)
Iteration 220 / LogL: -18810.715 / Time: 0h:2m:3s (0h:0m:45s left)
TREE SEARCH COMPLETED AFTER 223 ITERATIONS / Time: 0h:2m:5s

--------------------------------------------------------------------
|                    FINALIZING TREE SEARCH                        |
--------------------------------------------------------------------
Performs final model parameters optimization
Estimate model parameters (epsilon = 0.010)
1. Initial log-likelihood: -18761.168
Optimal log-likelihood: -18761.166
Proportion of invariable sites: 0.011
Gamma shape alpha: 3.056
Parameters optimization took 1 rounds (0.077 sec)
BEST SCORE FOUND : -18761.166
Creating bootstrap support values...
Split supports printed to NEXUS file results_broccoli_meto/alignments/OG_1944.iqtree.splits.nex
Total tree length: 25.267

Total number of iterations: 223
CPU time used for tree search: 244.609 sec (0h:4m:4s)
Wall-clock time used for tree search: 123.289 sec (0h:2m:3s)
Total CPU time used: 248.977 sec (0h:4m:8s)
Total wall-clock time used: 125.761 sec (0h:2m:5s)

Computing bootstrap consensus tree...
Reading input file results_broccoli_meto/alignments/OG_1944.iqtree.splits.nex...
46 taxa and 245 splits.
Consensus tree written to results_broccoli_meto/alignments/OG_1944.iqtree.contree
Reading input trees file results_broccoli_meto/alignments/OG_1944.iqtree.contree
Log-likelihood of consensus tree: -18761.167

Analysis results written to: 
  IQ-TREE report:                results_broccoli_meto/alignments/OG_1944.iqtree.iqtree
  Maximum-likelihood tree:       results_broccoli_meto/alignments/OG_1944.iqtree.treefile
  Likelihood distances:          results_broccoli_meto/alignments/OG_1944.iqtree.mldist

Ultrafast bootstrap approximation results written to:
  Split support values:          results_broccoli_meto/alignments/OG_1944.iqtree.splits.nex
  Consensus tree:                results_broccoli_meto/alignments/OG_1944.iqtree.contree
  Screen log file:               results_broccoli_meto/alignments/OG_1944.iqtree.log

Date and Time: Fri Dec 16 14:02:35 2022
