IQ-TREE multicore version 2.1.0 for Linux 64-bit built Jul 18 2020
Developed by Bui Quang Minh, James Barbetti, Nguyen Lam Tung,
Olga Chernomor, Heiko Schmidt, Dominik Schrempf, Michael Woodhams.

Host:    trantor09.linux.crg.es (AVX, FMA3, 503 GB RAM)
Command: /users/asebe/xgraubove/Programes/iqtree-2.1.0-Linux/bin/iqtree2 -s results_broccoli_meto/alignments/OG_13038.lt.fasta -m TEST -mset LG,WAG,JTT -nt AUTO -ntmax 2 -bb 1000 -pre results_broccoli_meto/alignments/OG_13038.iqtree -nm 10000 -nstop 200 -cptime 1800
Seed:    914199 (Using SPRNG - Scalable Parallel Random Number Generator)
Time:    Fri Dec 16 12:51:25 2022
Kernel:  AVX+FMA - auto-detect threads (2 CPU cores detected)

Reading alignment file results_broccoli_meto/alignments/OG_13038.lt.fasta ... Fasta format detected
Alignment most likely contains protein sequences
Alignment has 29 sequences with 180 columns, 178 distinct patterns
162 parsimony-informative, 0 singleton sites, 18 constant sites
                                        Gap/Ambiguity  Composition  p-value
   1  Bralan_BLAG18000305_1                    16.11%    passed     31.48%
   2  Spur_XM_030988143.1                       6.67%    passed     27.22%
   3  Skow_XM_006824501.1                       2.78%    passed     98.16%
   4  Cgig_XM_011431810.3                       6.11%    passed     66.86%
   5  Acagra_model.g6974.t1                     3.89%    passed     13.47%
   6  Nvec_v1g229324                            5.00%    passed     96.66%
   7  Amil_Amillepora05199-RA                   3.33%    passed     95.97%
   8  Gfas_gfas1.m1.18014.m1                    3.33%    passed     51.01%
   9  Fspp_ffun1.m4.12596.m1                    3.33%    passed     83.57%
  10  Gasp_gasp1.m3.2639.m1                     1.67%    passed     68.91%
  11  Spis_XP_022805201_1                       5.56%    passed     92.27%
  12  Pocdam_XM_027191430.1                     4.44%    passed     90.01%
  13  Dgig_XM_028546841.1                       2.78%    passed     61.20%
  14  Xesp_020728-T1                            5.00%    passed     41.12%
  15  Tadh_TriadT6171                           4.44%    passed     99.31%
  16  TrH2_TrispH2_002149-RA                    1.67%    passed     98.28%
  17  HoiH06_mRNA13037                          4.44%    passed     73.49%
  18  HoiH23_PlH23_002131-RA                    4.44%    passed     46.70%
  19  Hhon_g04690.t1                            4.44%    passed     28.13%
  20  HoiH11_mRNA3361                          21.67%    passed     97.08%
  21  Aaur_scaffold24.g4.t1                     0.56%    passed     89.08%
  22  Rhoesc_Res_017234-T1                      1.67%    passed     99.80%
  23  Sanmal_Sma_024277-T1                     21.67%    passed     91.54%
  24  Hvul_g18913_1                             3.33%    passed     48.56%
  25  Morvir_scaffold115.g35.t1                16.11%    passed     79.28%
  26  Opea_EP00118_Oscarella_pearsei_P009410    1.11%    passed     99.73%
  27  Dpul_mRNA30803                            2.78%    passed     99.45%
  28  Cscu_XM_023367414.1                       2.22%    passed     94.31%
  29  Adig_XM_015915253.1                      15.00%    passed     23.91%
****  TOTAL                                     6.05%  0 sequences failed composition chi2 test (p-value<5%; df=19)


Create initial parsimony tree by phylogenetic likelihood library (PLL)... 0.006 seconds
Measuring multi-threading efficiency up to 2 CPU cores
Increase to 10 rounds for branch lengths
9 trees examined
Threads: 1 / Time: 2.102 sec / Speedup: 1.000 / Efficiency: 100% / LogL: -9042
Threads: 2 / Time: 1.743 sec / Speedup: 1.206 / Efficiency: 60% / LogL: -9042
BEST NUMBER OF THREADS: 2

Perform fast likelihood tree search using LG+I+G model...
Estimate model parameters (epsilon = 5.000)
Perform nearest neighbor interchange...
Estimate model parameters (epsilon = 1.000)
1. Initial log-likelihood: -7441.386
Optimal log-likelihood: -7441.303
Proportion of invariable sites: 0.090
Gamma shape alpha: 1.685
Parameters optimization took 1 rounds (0.078 sec)
Time for fast ML tree search: 0.589 seconds

NOTE: ModelFinder requires 4 MB RAM!
ModelFinder will test up to 24 protein models (sample size: 180) ...
 No. Model         -LnL         df  AIC          AICc         BIC
  1  LG            7801.290     55  15712.580    15762.258    15888.193
  2  LG+I          7648.839     56  15409.678    15461.581    15588.484
  3  LG+G4         7460.338     56  15032.677    15084.579    15211.482
  4  LG+I+G4       7441.304     57  14996.607    15050.804    15178.606
  8  LG+F+I+G4     7404.549     76  14961.098    15074.729    15203.763
 12  WAG+I+G4      7466.396     57  15046.793    15100.989    15228.791
 16  WAG+F+I+G4    7397.096     76  14946.193    15059.824    15188.857
 20  JTT+I+G4      7473.888     57  15061.776    15115.973    15243.775
 24  JTT+F+I+G4    7415.974     76  14983.948    15097.579    15226.613
Akaike Information Criterion:           WAG+F+I+G4
Corrected Akaike Information Criterion: LG+I+G4
Bayesian Information Criterion:         LG+I+G4
Best-fit model: LG+I+G4 chosen according to BIC

All model information printed to results_broccoli_meto/alignments/OG_13038.iqtree.model.gz
CPU time for ModelFinder: 10.695 seconds (0h:0m:10s)
Wall-clock time for ModelFinder: 6.407 seconds (0h:0m:6s)
Generating 1000 samples for ultrafast bootstrap (seed: 914199)...

NOTE: 4 MB RAM (0 GB) is required!
Estimate model parameters (epsilon = 0.100)
Thoroughly optimizing +I+G parameters from 10 start values...
Init pinv, alpha: 0.000, 1.689 / Estimate: 0.000, 0.924 / LogL: -7460.330
Init pinv, alpha: 0.011, 1.689 / Estimate: 0.091, 1.689 / LogL: -7441.302
Init pinv, alpha: 0.022, 1.689 / Estimate: 0.090, 1.687 / LogL: -7441.304
Init pinv, alpha: 0.033, 1.689 / Estimate: 0.090, 1.689 / LogL: -7441.304
Init pinv, alpha: 0.044, 1.689 / Estimate: 0.091, 1.689 / LogL: -7441.303
Init pinv, alpha: 0.056, 1.689 / Estimate: 0.090, 1.685 / LogL: -7441.305
Init pinv, alpha: 0.067, 1.689 / Estimate: 0.090, 1.687 / LogL: -7441.305
Init pinv, alpha: 0.078, 1.689 / Estimate: 0.091, 1.688 / LogL: -7441.303
Init pinv, alpha: 0.089, 1.689 / Estimate: 0.091, 1.687 / LogL: -7441.302
Init pinv, alpha: 0.100, 1.689 / Estimate: 0.092, 1.694 / LogL: -7441.304
Optimal pinv,alpha: 0.091, 1.687 / LogL: -7441.302

Parameters optimization took 2.412 sec
Computing ML distances based on estimated model parameters...
Computing ML distances took 0.115250 sec (of wall-clock time) 0.230464 sec(of CPU time)
Computing RapidNJ tree took 0.000478 sec (of wall-clock time) 0.000000 sec (of CPU time)
Log-likelihood of RapidNJ tree: -7453.751
--------------------------------------------------------------------
|             INITIALIZING CANDIDATE TREE SET                      |
--------------------------------------------------------------------
Generating 98 parsimony trees... 0.596 second
Computing log-likelihood of 98 initial trees ... 2.250 seconds
Current best score: -7441.302

Do NNI search on 20 best initial trees
Estimate model parameters (epsilon = 0.100)
BETTER TREE FOUND at iteration 1: -7441.301
Estimate model parameters (epsilon = 0.100)
BETTER TREE FOUND at iteration 2: -7439.070
Estimate model parameters (epsilon = 0.100)
BETTER TREE FOUND at iteration 5: -7438.311
Iteration 10 / LogL: -7442.946 / Time: 0h:0m:9s
Estimate model parameters (epsilon = 0.100)
BETTER TREE FOUND at iteration 20: -7434.779
Iteration 20 / LogL: -7434.779 / Time: 0h:0m:13s
Finish initializing candidate tree set (17)
Current best tree score: -7434.779 / CPU time: 10.425
Number of iterations: 20
--------------------------------------------------------------------
|               OPTIMIZING CANDIDATE TREE SET                      |
--------------------------------------------------------------------
Iteration 30 / LogL: -7435.321 / Time: 0h:0m:17s (0h:1m:56s left)
Iteration 40 / LogL: -7435.329 / Time: 0h:0m:22s (0h:1m:41s left)
Iteration 50 / LogL: -7434.900 / Time: 0h:0m:26s (0h:1m:30s left)
Log-likelihood cutoff on original alignment: -7471.406
Iteration 60 / LogL: -7434.944 / Time: 0h:0m:30s (0h:1m:23s left)
Iteration 70 / LogL: -7435.615 / Time: 0h:0m:34s (0h:1m:15s left)
Iteration 80 / LogL: -7435.758 / Time: 0h:0m:38s (0h:1m:8s left)
Iteration 90 / LogL: -7435.205 / Time: 0h:0m:42s (0h:1m:2s left)
Iteration 100 / LogL: -7434.786 / Time: 0h:0m:47s (0h:0m:57s left)
Log-likelihood cutoff on original alignment: -7471.406
NOTE: Bootstrap correlation coefficient of split occurrence frequencies: 0.999
Iteration 110 / LogL: -7435.936 / Time: 0h:0m:51s (0h:0m:52s left)
Iteration 120 / LogL: -7434.836 / Time: 0h:0m:55s (0h:0m:46s left)
Iteration 130 / LogL: -7435.458 / Time: 0h:0m:59s (0h:0m:41s left)
Estimate model parameters (epsilon = 0.100)
BETTER TREE FOUND at iteration 138: -7434.406
Iteration 140 / LogL: -7435.461 / Time: 0h:1m:4s (0h:1m:31s left)
Iteration 150 / LogL: -7434.429 / Time: 0h:1m:8s (0h:1m:26s left)
Log-likelihood cutoff on original alignment: -7471.406
Iteration 160 / LogL: -7434.850 / Time: 0h:1m:13s (0h:1m:22s left)
Iteration 170 / LogL: -7434.870 / Time: 0h:1m:17s (0h:1m:17s left)
Iteration 180 / LogL: -7435.156 / Time: 0h:1m:22s (0h:1m:12s left)
Iteration 190 / LogL: -7436.052 / Time: 0h:1m:26s (0h:1m:7s left)
Iteration 200 / LogL: -7439.624 / Time: 0h:1m:31s (0h:1m:3s left)
Log-likelihood cutoff on original alignment: -7471.406
NOTE: Bootstrap correlation coefficient of split occurrence frequencies: 0.992
Iteration 210 / LogL: -7434.812 / Time: 0h:1m:35s (0h:0m:58s left)
Iteration 220 / LogL: -7454.067 / Time: 0h:1m:40s (0h:0m:54s left)
Iteration 230 / LogL: -7438.034 / Time: 0h:1m:44s (0h:0m:49s left)
Iteration 240 / LogL: -7435.608 / Time: 0h:1m:49s (0h:0m:44s left)
Iteration 250 / LogL: -7479.470 / Time: 0h:1m:53s (0h:0m:40s left)
Log-likelihood cutoff on original alignment: -7464.098
Iteration 260 / LogL: -7438.045 / Time: 0h:1m:57s (0h:0m:35s left)
Iteration 270 / LogL: -7434.896 / Time: 0h:2m:2s (0h:0m:30s left)
Iteration 280 / LogL: -7435.161 / Time: 0h:2m:6s (0h:0m:26s left)
Iteration 290 / LogL: -7434.477 / Time: 0h:2m:10s (0h:0m:21s left)
Iteration 300 / LogL: -7434.478 / Time: 0h:2m:15s (0h:0m:17s left)
Log-likelihood cutoff on original alignment: -7464.098
NOTE: Bootstrap correlation coefficient of split occurrence frequencies: 0.998
Iteration 310 / LogL: -7435.333 / Time: 0h:2m:19s (0h:0m:40s left)
UPDATE BEST LOG-LIKELIHOOD: -7434.405
Iteration 320 / LogL: -7434.783 / Time: 0h:2m:24s (0h:0m:36s left)
Iteration 330 / LogL: -7434.546 / Time: 0h:2m:28s (0h:0m:31s left)
TREE SEARCH COMPLETED AFTER 339 ITERATIONS / Time: 0h:2m:32s

--------------------------------------------------------------------
|                    FINALIZING TREE SEARCH                        |
--------------------------------------------------------------------
Performs final model parameters optimization
Estimate model parameters (epsilon = 0.010)
1. Initial log-likelihood: -7434.405
Optimal log-likelihood: -7434.404
Proportion of invariable sites: 0.091
Gamma shape alpha: 1.694
Parameters optimization took 1 rounds (0.078 sec)
BEST SCORE FOUND : -7434.404
Creating bootstrap support values...
Split supports printed to NEXUS file results_broccoli_meto/alignments/OG_13038.iqtree.splits.nex
Total tree length: 17.856

Total number of iterations: 339
CPU time used for tree search: 296.485 sec (0h:4m:56s)
Wall-clock time used for tree search: 149.602 sec (0h:2m:29s)
Total CPU time used: 302.717 sec (0h:5m:2s)
Total wall-clock time used: 152.997 sec (0h:2m:32s)

Computing bootstrap consensus tree...
Reading input file results_broccoli_meto/alignments/OG_13038.iqtree.splits.nex...
29 taxa and 271 splits.
Consensus tree written to results_broccoli_meto/alignments/OG_13038.iqtree.contree
Reading input trees file results_broccoli_meto/alignments/OG_13038.iqtree.contree
Log-likelihood of consensus tree: -7436.156

Analysis results written to: 
  IQ-TREE report:                results_broccoli_meto/alignments/OG_13038.iqtree.iqtree
  Maximum-likelihood tree:       results_broccoli_meto/alignments/OG_13038.iqtree.treefile
  Likelihood distances:          results_broccoli_meto/alignments/OG_13038.iqtree.mldist

Ultrafast bootstrap approximation results written to:
  Split support values:          results_broccoli_meto/alignments/OG_13038.iqtree.splits.nex
  Consensus tree:                results_broccoli_meto/alignments/OG_13038.iqtree.contree
  Screen log file:               results_broccoli_meto/alignments/OG_13038.iqtree.log

Date and Time: Fri Dec 16 12:54:05 2022
