IQ-TREE multicore version 2.1.0 for Linux 64-bit built Jul 18 2020
Developed by Bui Quang Minh, James Barbetti, Nguyen Lam Tung,
Olga Chernomor, Heiko Schmidt, Dominik Schrempf, Michael Woodhams.

Host:    node-hp0203.linux.crg.es (AVX, 125 GB RAM)
Command: /users/asebe/xgraubove/Programes/iqtree-2.1.0-Linux/bin/iqtree2 -s results_broccoli_meto/alignments/OG_1459.lt.fasta -m TEST -mset LG,WAG,JTT -nt AUTO -ntmax 2 -bb 1000 -pre results_broccoli_meto/alignments/OG_1459.iqtree -nm 10000 -nstop 200 -cptime 1800
Seed:    687465 (Using SPRNG - Scalable Parallel Random Number Generator)
Time:    Fri Dec 16 13:08:35 2022
Kernel:  AVX - auto-detect threads (2 CPU cores detected)

Reading alignment file results_broccoli_meto/alignments/OG_1459.lt.fasta ... Fasta format detected
Alignment most likely contains protein sequences
Alignment has 55 sequences with 1024 columns, 1024 distinct patterns
1014 parsimony-informative, 0 singleton sites, 10 constant sites
                                                          Gap/Ambiguity  Composition  p-value
   1  Hsap_ENST00000334988                                       15.04%    failed      1.29%
   2  Bralan_BLAG03001516_1                                       5.47%    failed      0.01%
   3  Spur_XM_030986333.1                                         3.32%    passed     17.10%
   4  Skow_NM_001184841.1                                         4.49%    passed     48.42%
   5  Mlei_ML0317.g2.i1                                          14.36%    passed     77.47%
   6  Bolinf_Binf_sb1240241                                      69.04%    passed     61.87%
   7  Mertsp_Mesp_sb568050                                       69.53%    passed     54.09%
   8  Drygla_Dgla_sb308189                                       31.84%    passed     89.94%
   9  Beraby_Baby_sb350121                                       14.65%    passed     97.09%
  10  Horcal_Hcv1.av93.c1.g1089.i1                               15.43%    passed     95.92%
  11  Lampan_Lpan_4984_01                                        48.24%    passed     79.53%
  12  Coeast_Cast_sb833411                                       86.23%    passed     83.10%
  13  Coemet_Cmet_scaffold17228_01                               25.29%    failed      1.70%
  14  Eupdun_Edun_sb10685927                                     86.62%    passed     31.87%
  15  Pbac_sb2648257                                             58.20%    failed      2.66%
  16  Ctel_gnl_WGS_AMQN_CAPTEDRAFT_mRNA220456                     3.71%    passed     18.15%
  17  Cgig_XM_034474455.1                                         3.12%    failed      1.04%
  18  Acagra_model.g18026.t1                                      3.61%    passed     18.90%
  19  Clacor_Ccor_scaffold13662_01                               70.41%    failed      2.82%
  20  Plajan_Pjan_C569718_01                                     17.58%    passed     12.10%
  21  Opea_EP00118_Oscarella_pearsei_P009807                     31.64%    failed      1.86%
  22  Exapal_XM_021058966.1                                      76.07%    passed     67.15%
  23  Nvec_v1g238522                                              8.20%    passed     84.08%
  24  Adig_XM_015918001.1                                         6.35%    passed     88.16%
  25  Amil_Amillepora18064-RA                                     6.25%    passed     95.42%
  26  Gfas_gfas1.m1.10545.m1                                      6.15%    passed     91.61%
  27  Fspp_ffun1.m4.3845.m1                                       4.49%    passed     58.49%
  28  Gasp_gasp1.m3.18235.m1                                      4.10%    passed     77.16%
  29  Spis_XP_022792737_1                                         4.79%    passed     49.80%
  30  Pocdam_XM_027201222.1                                       4.39%    passed     35.23%
  31  Dgig_XM_028535066.1                                         8.59%    passed     76.62%
  32  Xesp_013047-T1                                              8.50%    passed      5.99%
  33  Aque_Aqu2.1.32562_001                                      20.70%    passed     52.10%
  34  Halamb_c54345_g1_i2mm.5849                                 60.74%    failed      3.25%
  35  Xestes_maker-XT_scaffold137869-augustus-gene-0.12-mRNA-1   56.35%    passed     12.07%
  36  Emue_Em0009g1008a.t1                                       23.93%    failed      0.00%
  37  Spolac_c97599_g2_i1_m.15359c97599-g2                       83.59%    failed      1.25%
  38  Tetwil_g2649.t1                                            22.27%    failed      0.02%
  39  Stycar_maker-SC_scaffold44268-snap-gene-0.6-mRNA-1         59.28%    failed      0.06%
  40  Aaur_scaffold1648.g3.t1                                    64.75%    failed      0.29%
  41  Nemnom_g9889.t1                                            52.83%    passed     31.46%
  42  Rhoesc_Res_003319-T1                                       12.79%    failed      0.41%
  43  Sanmal_Sma_008730-T1                                       13.77%    passed      5.01%
  44  Morvir_scaffold183.g32.t1                                  35.94%    passed     12.70%
  45  Scil_scict018560.1                                         31.74%    failed      0.00%
  46  Gracom_Gcom_scaffold19090_01                               76.27%    passed     17.39%
  47  Leuniv_Lniv_scaffold19005_01                               67.87%    failed      0.02%
  48  Lcom_lcpid32959                                            32.91%    failed      0.00%
  49  Tadh_TriadT58673                                           11.43%    failed      0.01%
  50  TrH2_TrispH2_006215-RA                                     11.43%    failed      0.03%
  51  HoiH06_mRNA9116                                            46.97%    failed      0.19%
  52  HoiH23_PlH23_005766-RA                                     11.33%    failed      0.00%
  53  HoiH11_mRNA7524                                            11.23%    failed      0.18%
  54  HoiH04_mRNA16887                                           28.03%    failed      0.02%
  55  Chem_TCONS_00071306                                        18.65%    failed      0.00%
WARNING: 15 sequences contain more than 50% gaps/ambiguity
****  TOTAL                                                      30.37%  24 sequences failed composition chi2 test (p-value<5%; df=19)


Create initial parsimony tree by phylogenetic likelihood library (PLL)... 0.055 seconds
Measuring multi-threading efficiency up to 2 CPU cores
11 trees examined
Threads: 1 / Time: 2.168 sec / Speedup: 1.000 / Efficiency: 100% / LogL: -83448
Threads: 2 / Time: 2.156 sec / Speedup: 1.006 / Efficiency: 50% / LogL: -83448
BEST NUMBER OF THREADS: 1

Perform fast likelihood tree search using LG+I+G model...
Estimate model parameters (epsilon = 5.000)
Perform nearest neighbor interchange...
Estimate model parameters (epsilon = 1.000)
1. Initial log-likelihood: -61064.071
Optimal log-likelihood: -61063.935
Proportion of invariable sites: 0.006
Gamma shape alpha: 1.425
Parameters optimization took 1 rounds (0.574 sec)
Time for fast ML tree search: 5.047 seconds

NOTE: ModelFinder requires 39 MB RAM!
ModelFinder will test up to 24 protein models (sample size: 1024) ...
 No. Model         -LnL         df  AIC          AICc         BIC
  1  LG            62908.284    107 126030.567   126055.799   126558.235
  2  LG+I          62796.445    108 125808.891   125834.622   126341.490
  3  LG+G4         61079.451    108 122374.901   122400.632   122907.500
  4  LG+I+G4       61063.934    109 122345.867   122372.104   122883.398
  8  LG+F+I+G4     60953.427    128 122162.854   122199.752   122794.082
 12  WAG+I+G4      61224.541    109 122667.082   122693.318   123204.612
 16  WAG+F+I+G4    61135.243    128 122526.487   122563.385   123157.715
 20  JTT+I+G4      61180.399    109 122578.797   122605.034   123116.328
 24  JTT+F+I+G4    60997.090    128 122250.180   122287.078   122881.408
Akaike Information Criterion:           LG+F+I+G4
Corrected Akaike Information Criterion: LG+F+I+G4
Bayesian Information Criterion:         LG+F+I+G4
Best-fit model: LG+F+I+G4 chosen according to BIC

All model information printed to results_broccoli_meto/alignments/OG_1459.iqtree.model.gz
CPU time for ModelFinder: 31.836 seconds (0h:0m:31s)
Wall-clock time for ModelFinder: 29.547 seconds (0h:0m:29s)
Generating 1000 samples for ultrafast bootstrap (seed: 687465)...

NOTE: 39 MB RAM (0 GB) is required!
Estimate model parameters (epsilon = 0.100)
Thoroughly optimizing +I+G parameters from 10 start values...
Init pinv, alpha: 0.000, 1.358 / Estimate: 0.005, 1.352 / LogL: -60953.422
Init pinv, alpha: 0.001, 1.358 / Estimate: 0.005, 1.355 / LogL: -60953.420
Init pinv, alpha: 0.002, 1.358 / Estimate: 0.005, 1.355 / LogL: -60953.425
Init pinv, alpha: 0.003, 1.358 / Estimate: 0.005, 1.355 / LogL: -60953.421
Init pinv, alpha: 0.004, 1.358 / Estimate: 0.005, 1.354 / LogL: -60953.419
Init pinv, alpha: 0.005, 1.358 / Estimate: 0.005, 1.355 / LogL: -60953.420
Init pinv, alpha: 0.007, 1.358 / Estimate: 0.006, 1.356 / LogL: -60953.423
Init pinv, alpha: 0.008, 1.358 / Estimate: 0.006, 1.354 / LogL: -60953.419
Init pinv, alpha: 0.009, 1.358 / Estimate: 0.006, 1.354 / LogL: -60953.420
Init pinv, alpha: 0.010, 1.358 / Estimate: 0.006, 1.354 / LogL: -60953.421
Optimal pinv,alpha: 0.006, 1.354 / LogL: -60953.419

Parameters optimization took 11.144 sec
Computing ML distances based on estimated model parameters...
Computing ML distances took 0.472290 sec (of wall-clock time) 0.471901 sec(of CPU time)
WARNING: Some pairwise ML distances are too long (saturated)
Computing RapidNJ tree took 0.000346 sec (of wall-clock time) 0.000377 sec (of CPU time)
Log-likelihood of RapidNJ tree: -62141.097
--------------------------------------------------------------------
|             INITIALIZING CANDIDATE TREE SET                      |
--------------------------------------------------------------------
Generating 98 parsimony trees... 3.563 second
Computing log-likelihood of 98 initial trees ... 17.368 seconds
Current best score: -60953.419

Do NNI search on 20 best initial trees
Estimate model parameters (epsilon = 0.100)
BETTER TREE FOUND at iteration 1: -60951.678
Iteration 10 / LogL: -60953.734 / Time: 0h:1m:2s
Iteration 20 / LogL: -60952.347 / Time: 0h:1m:34s
Finish initializing candidate tree set (2)
Current best tree score: -60951.678 / CPU time: 81.161
Number of iterations: 20
--------------------------------------------------------------------
|               OPTIMIZING CANDIDATE TREE SET                      |
--------------------------------------------------------------------
Iteration 30 / LogL: -60964.396 / Time: 0h:2m:14s (0h:13m:12s left)
Iteration 40 / LogL: -60953.035 / Time: 0h:2m:53s (0h:11m:54s left)
Iteration 50 / LogL: -60965.365 / Time: 0h:3m:31s (0h:10m:50s left)
Log-likelihood cutoff on original alignment: -60985.038
Iteration 60 / LogL: -60952.690 / Time: 0h:4m:5s (0h:9m:47s left)
Iteration 70 / LogL: -60953.807 / Time: 0h:4m:45s (0h:9m:1s left)
Iteration 80 / LogL: -60951.920 / Time: 0h:5m:22s (0h:8m:14s left)
Iteration 90 / LogL: -60952.839 / Time: 0h:6m:3s (0h:7m:33s left)
Iteration 100 / LogL: -60952.250 / Time: 0h:6m:39s (0h:6m:47s left)
Log-likelihood cutoff on original alignment: -60985.038
NOTE: Bootstrap correlation coefficient of split occurrence frequencies: 1.000
Iteration 110 / LogL: -60952.962 / Time: 0h:7m:18s (0h:6m:5s left)
Iteration 120 / LogL: -60952.347 / Time: 0h:7m:58s (0h:5m:25s left)
Iteration 130 / LogL: -60970.655 / Time: 0h:8m:38s (0h:4m:45s left)
Iteration 140 / LogL: -60952.332 / Time: 0h:9m:18s (0h:4m:4s left)
Iteration 150 / LogL: -60952.022 / Time: 0h:9m:55s (0h:3m:23s left)
Log-likelihood cutoff on original alignment: -60985.347
Iteration 160 / LogL: -60951.783 / Time: 0h:10m:44s (0h:2m:46s left)
Iteration 170 / LogL: -60953.352 / Time: 0h:11m:26s (0h:2m:6s left)
Iteration 180 / LogL: -60964.715 / Time: 0h:12m:3s (0h:1m:24s left)
Iteration 190 / LogL: -61392.435 / Time: 0h:12m:41s (0h:0m:44s left)
Iteration 200 / LogL: -60952.199 / Time: 0h:13m:22s (0h:0m:4s left)
Log-likelihood cutoff on original alignment: -60985.416
NOTE: Bootstrap correlation coefficient of split occurrence frequencies: 1.000
TREE SEARCH COMPLETED AFTER 202 ITERATIONS / Time: 0h:13m:30s

--------------------------------------------------------------------
|                    FINALIZING TREE SEARCH                        |
--------------------------------------------------------------------
Performs final model parameters optimization
Estimate model parameters (epsilon = 0.010)
1. Initial log-likelihood: -60951.678
Optimal log-likelihood: -60951.677
Proportion of invariable sites: 0.005
Gamma shape alpha: 1.356
Parameters optimization took 1 rounds (0.562 sec)
BEST SCORE FOUND : -60951.677
Creating bootstrap support values...
Split supports printed to NEXUS file results_broccoli_meto/alignments/OG_1459.iqtree.splits.nex
Total tree length: 44.014

Total number of iterations: 202
CPU time used for tree search: 796.216 sec (0h:13m:16s)
Wall-clock time used for tree search: 797.274 sec (0h:13m:17s)
Total CPU time used: 810.105 sec (0h:13m:30s)
Total wall-clock time used: 811.261 sec (0h:13m:31s)

Computing bootstrap consensus tree...
Reading input file results_broccoli_meto/alignments/OG_1459.iqtree.splits.nex...
55 taxa and 205 splits.
Consensus tree written to results_broccoli_meto/alignments/OG_1459.iqtree.contree
Reading input trees file results_broccoli_meto/alignments/OG_1459.iqtree.contree
Log-likelihood of consensus tree: -60951.679

Analysis results written to: 
  IQ-TREE report:                results_broccoli_meto/alignments/OG_1459.iqtree.iqtree
  Maximum-likelihood tree:       results_broccoli_meto/alignments/OG_1459.iqtree.treefile
  Likelihood distances:          results_broccoli_meto/alignments/OG_1459.iqtree.mldist

Ultrafast bootstrap approximation results written to:
  Split support values:          results_broccoli_meto/alignments/OG_1459.iqtree.splits.nex
  Consensus tree:                results_broccoli_meto/alignments/OG_1459.iqtree.contree
  Screen log file:               results_broccoli_meto/alignments/OG_1459.iqtree.log

Date and Time: Fri Dec 16 13:22:39 2022
