IQ-TREE multicore version 2.1.0 for Linux 64-bit built Jul 18 2020
Developed by Bui Quang Minh, James Barbetti, Nguyen Lam Tung,
Olga Chernomor, Heiko Schmidt, Dominik Schrempf, Michael Woodhams.

Host:    node-hp0303.linux.crg.es (AVX, 125 GB RAM)
Command: /users/asebe/xgraubove/Programes/iqtree-2.1.0-Linux/bin/iqtree2 -s results_broccoli_meto/alignments/OG_10630.lt.fasta -m TEST -mset LG,WAG,JTT -nt AUTO -ntmax 2 -bb 1000 -pre results_broccoli_meto/alignments/OG_10630.iqtree -nm 10000 -nstop 200 -cptime 1800
Seed:    282278 (Using SPRNG - Scalable Parallel Random Number Generator)
Time:    Fri Dec 16 09:34:00 2022
Kernel:  AVX - auto-detect threads (2 CPU cores detected)

Reading alignment file results_broccoli_meto/alignments/OG_10630.lt.fasta ... Fasta format detected
Alignment most likely contains protein sequences
Alignment has 51 sequences with 1203 columns, 1190 distinct patterns
1134 parsimony-informative, 0 singleton sites, 69 constant sites
                                                     Gap/Ambiguity  Composition  p-value
   1  Hsap_ENST00000611977                                  17.21%    passed     56.37%
   2  Spur_XM_030982132.1                                   15.38%    passed     21.11%
   3  Tcas_TC013915_001                                     23.11%    passed     39.43%
   4  Dpul_mRNA8453                                         74.90%    failed      0.80%
   5  Acagra_model.g17128.t1                                15.30%    passed     97.52%
   6  Cgig_XM_034474201.1                                    7.56%    passed     94.59%
   7  Ctel_gnl_WGS_AMQN_CAPTEDRAFT_mRNA214359               15.30%    passed     70.66%
   8  Skow_XM_006816404.1                                    5.15%    passed     51.92%
   9  Ocar_g4293                                             8.23%    passed     25.70%
  10  Opea_EP00118_Oscarella_pearsei_P006053                 8.65%    passed     48.19%
  11  Tadh_TriadT52046                                      16.79%    passed     28.63%
  12  TrH2_TrispH2_005164-RA                                10.97%    passed      9.10%
  13  HoiH06_mRNA5789                                       15.21%    passed     15.29%
  14  HoiH23_PlH23_001213-RA                                10.47%    passed     10.75%
  15  HoiH11_mRNA130                                        35.41%    passed     12.93%
  16  Hhon_g06198.t1                                        22.36%    passed      7.10%
  17  HoiH04_mRNA12301                                      52.70%    passed      7.97%
  18  Chem_TCONS_00050053                                    4.24%    passed     93.32%
  19  Aaur_scaffold408.g12.t1                               18.95%    passed     82.58%
  20  Nemnom_g17876.t1                                      12.55%    passed     95.55%
  21  Rhoesc_Res_007782-T1                                   6.73%    passed     85.72%
  22  Sanmal_Sma_015518-T1                                  11.97%    passed     97.07%
  23  Morvir_scaffold13.g26.t4                               5.99%    passed     96.79%
  24  Exapal_XM_021048007.2                                 14.38%    passed     78.37%
  25  Nvec_v1g106616                                         3.49%    passed     83.37%
  26  Adig_XM_015898506.1                                    3.24%    passed     55.61%
  27  Amil_Amillepora24739-RA                               10.47%    passed     65.91%
  28  Fspp_ffun1.m4.11936.m1                                12.14%    passed     77.17%
  29  Gasp_gasp1.m3.1718.m1                                  9.98%    passed     34.73%
  30  Spis_XP_022779115_1                                    2.99%    passed     71.62%
  31  Pocdam_XM_027191834.1                                  9.39%    passed     63.58%
  32  Gfas_gfas1.m1.2190.m1                                  8.40%    passed     86.83%
  33  Plajan_Pjan_scaffold6447_01                           19.95%    passed     63.09%
  34  Hvul_g29958_1                                         63.92%    failed      0.04%
  35  Dgig_XM_028545803.1                                    6.23%    passed     94.55%
  36  Xesp_014207-T1                                         7.73%    passed     23.92%
  37  Clacor_Ccor_scaffold15183_01                          30.51%    failed      4.90%
  38  Vmul_SimC401896                                       52.20%    passed     62.89%
  39  Coeast_Cast_sb788721                                  73.40%    passed      5.80%
  40  Coemet_Cmet_scaffold19248_01                          12.97%    passed     77.79%
  41  Scil_scict023433.1                                    15.30%    failed      0.02%
  42  Gracom_Gcom_C561236_01                                23.36%    passed      8.41%
  43  Lcom_lcpid36574                                       27.35%    failed      0.05%
  44  Cscu_XM_023374695.1                                   52.78%    passed     12.43%
  45  Aque_Aqu2.1.41019_001                                 15.05%    passed     29.63%
  46  Halamb_c56552_g1_i2m.43642                            16.63%    passed      8.57%
  47  Xestes_maker-XT_scaffold5001-snap-gene-0.194-mRNA-1   22.94%    passed     75.76%
  48  Emue_Em0021g726a.t1                                   54.36%    passed      5.42%
  49  Tetwil_g3118.t1                                       55.53%    passed     43.91%
  50  Plespi_Pspi_C614832_01                                16.29%    passed     28.06%
  51  Spolac_c102435_g1_i2_m.29331c102435-g1                51.70%    passed     23.88%
WARNING: 9 sequences contain more than 50% gaps/ambiguity
****  TOTAL                                                 21.72%  5 sequences failed composition chi2 test (p-value<5%; df=19)


Create initial parsimony tree by phylogenetic likelihood library (PLL)... 0.032 seconds
Measuring multi-threading efficiency up to 2 CPU cores
10 trees examined
Threads: 1 / Time: 2.163 sec / Speedup: 1.000 / Efficiency: 100% / LogL: -86353
Threads: 2 / Time: 1.098 sec / Speedup: 1.969 / Efficiency: 98% / LogL: -86353
BEST NUMBER OF THREADS: 2

Perform fast likelihood tree search using LG+I+G model...
Estimate model parameters (epsilon = 5.000)
Perform nearest neighbor interchange...
Estimate model parameters (epsilon = 1.000)
1. Initial log-likelihood: -61499.141
Optimal log-likelihood: -61498.406
Proportion of invariable sites: 0.051
Gamma shape alpha: 1.499
Parameters optimization took 1 rounds (0.320 sec)
Time for fast ML tree search: 2.823 seconds

NOTE: ModelFinder requires 42 MB RAM!
ModelFinder will test up to 24 protein models (sample size: 1203) ...
 No. Model         -LnL         df  AIC          AICc         BIC
  1  LG            63879.198    99  127956.395   127974.346   128460.560
  2  LG+I          63207.249    100 126614.498   126632.828   127123.755
  3  LG+G4         61594.831    100 123389.662   123407.992   123898.919
  4  LG+I+G4       61498.038    101 123198.075   123216.789   123712.425
  8  LG+F+I+G4     61249.010    120 122738.020   122764.859   123349.129
 12  WAG+I+G4      61690.512    101 123583.025   123601.739   124097.375
 16  WAG+F+I+G4    61387.795    120 123015.589   123042.428   123626.698
 20  JTT+I+G4      61413.738    101 123029.477   123048.191   123543.827
 24  JTT+F+I+G4    61147.660    120 122535.320   122562.159   123146.428
Akaike Information Criterion:           JTT+F+I+G4
Corrected Akaike Information Criterion: JTT+F+I+G4
Bayesian Information Criterion:         JTT+F+I+G4
Best-fit model: JTT+F+I+G4 chosen according to BIC

All model information printed to results_broccoli_meto/alignments/OG_10630.iqtree.model.gz
CPU time for ModelFinder: 29.717 seconds (0h:0m:29s)
Wall-clock time for ModelFinder: 16.206 seconds (0h:0m:16s)
Generating 1000 samples for ultrafast bootstrap (seed: 282278)...

NOTE: 42 MB RAM (0 GB) is required!
Estimate model parameters (epsilon = 0.100)
Thoroughly optimizing +I+G parameters from 10 start values...
Init pinv, alpha: 0.000, 1.584 / Estimate: 0.052, 1.582 / LogL: -61147.662
Init pinv, alpha: 0.006, 1.584 / Estimate: 0.052, 1.585 / LogL: -61147.658
Init pinv, alpha: 0.013, 1.584 / Estimate: 0.052, 1.584 / LogL: -61147.658
Init pinv, alpha: 0.019, 1.584 / Estimate: 0.052, 1.586 / LogL: -61147.658
Init pinv, alpha: 0.025, 1.584 / Estimate: 0.052, 1.586 / LogL: -61147.657
Init pinv, alpha: 0.032, 1.584 / Estimate: 0.052, 1.588 / LogL: -61147.659
Init pinv, alpha: 0.038, 1.584 / Estimate: 0.052, 1.588 / LogL: -61147.658
Init pinv, alpha: 0.045, 1.584 / Estimate: 0.052, 1.587 / LogL: -61147.658
Init pinv, alpha: 0.051, 1.584 / Estimate: 0.052, 1.587 / LogL: -61147.657
Init pinv, alpha: 0.057, 1.584 / Estimate: 0.052, 1.584 / LogL: -61147.659
Optimal pinv,alpha: 0.052, 1.587 / LogL: -61147.657

Parameters optimization took 12.179 sec
Computing ML distances based on estimated model parameters...
Computing ML distances took 0.178812 sec (of wall-clock time) 0.357399 sec(of CPU time)
Computing RapidNJ tree took 0.000935 sec (of wall-clock time) 0.001608 sec (of CPU time)
Log-likelihood of RapidNJ tree: -61365.905
--------------------------------------------------------------------
|             INITIALIZING CANDIDATE TREE SET                      |
--------------------------------------------------------------------
Generating 98 parsimony trees... 3.160 second
Computing log-likelihood of 98 initial trees ... 9.955 seconds
Current best score: -61147.657

Do NNI search on 20 best initial trees
Estimate model parameters (epsilon = 0.100)
BETTER TREE FOUND at iteration 1: -61146.628
Iteration 10 / LogL: -61147.615 / Time: 0h:0m:45s
Iteration 20 / LogL: -61147.199 / Time: 0h:1m:4s
Finish initializing candidate tree set (1)
Current best tree score: -61146.628 / CPU time: 50.335
Number of iterations: 20
--------------------------------------------------------------------
|               OPTIMIZING CANDIDATE TREE SET                      |
--------------------------------------------------------------------
Iteration 30 / LogL: -61148.506 / Time: 0h:1m:25s (0h:8m:26s left)
Iteration 40 / LogL: -61146.994 / Time: 0h:1m:48s (0h:7m:26s left)
Iteration 50 / LogL: -61153.010 / Time: 0h:2m:9s (0h:6m:37s left)
Log-likelihood cutoff on original alignment: -61193.749
Iteration 60 / LogL: -61147.476 / Time: 0h:2m:29s (0h:5m:57s left)
Iteration 70 / LogL: -61152.849 / Time: 0h:2m:50s (0h:5m:23s left)
Iteration 80 / LogL: -61148.098 / Time: 0h:3m:13s (0h:4m:55s left)
Iteration 90 / LogL: -61146.728 / Time: 0h:3m:34s (0h:4m:27s left)
Iteration 100 / LogL: -61147.500 / Time: 0h:3m:56s (0h:4m:1s left)
Log-likelihood cutoff on original alignment: -61193.749
NOTE: Bootstrap correlation coefficient of split occurrence frequencies: 1.000
Iteration 110 / LogL: -61173.025 / Time: 0h:4m:18s (0h:3m:35s left)
Iteration 120 / LogL: -61146.722 / Time: 0h:4m:39s (0h:3m:10s left)
Iteration 130 / LogL: -61146.975 / Time: 0h:5m:1s (0h:2m:45s left)
Iteration 140 / LogL: -61148.060 / Time: 0h:5m:22s (0h:2m:21s left)
Iteration 150 / LogL: -61155.157 / Time: 0h:5m:44s (0h:1m:57s left)
Log-likelihood cutoff on original alignment: -61193.749
Iteration 160 / LogL: -61168.157 / Time: 0h:6m:5s (0h:1m:34s left)
Iteration 170 / LogL: -61147.258 / Time: 0h:6m:27s (0h:1m:11s left)
Iteration 180 / LogL: -61149.233 / Time: 0h:6m:47s (0h:0m:47s left)
Iteration 190 / LogL: -61148.920 / Time: 0h:7m:9s (0h:0m:25s left)
Iteration 200 / LogL: -61146.840 / Time: 0h:7m:32s (0h:0m:2s left)
Log-likelihood cutoff on original alignment: -61190.801
NOTE: Bootstrap correlation coefficient of split occurrence frequencies: 1.000
TREE SEARCH COMPLETED AFTER 202 ITERATIONS / Time: 0h:7m:36s

--------------------------------------------------------------------
|                    FINALIZING TREE SEARCH                        |
--------------------------------------------------------------------
Performs final model parameters optimization
Estimate model parameters (epsilon = 0.010)
1. Initial log-likelihood: -61146.628
Optimal log-likelihood: -61146.625
Proportion of invariable sites: 0.052
Gamma shape alpha: 1.587
Parameters optimization took 1 rounds (0.318 sec)
BEST SCORE FOUND : -61146.625
Creating bootstrap support values...
Split supports printed to NEXUS file results_broccoli_meto/alignments/OG_10630.iqtree.splits.nex
Total tree length: 26.021

Total number of iterations: 202
CPU time used for tree search: 875.812 sec (0h:14m:35s)
Wall-clock time used for tree search: 441.626 sec (0h:7m:21s)
Total CPU time used: 905.614 sec (0h:15m:5s)
Total wall-clock time used: 456.803 sec (0h:7m:36s)

Computing bootstrap consensus tree...
Reading input file results_broccoli_meto/alignments/OG_10630.iqtree.splits.nex...
51 taxa and 180 splits.
Consensus tree written to results_broccoli_meto/alignments/OG_10630.iqtree.contree
Reading input trees file results_broccoli_meto/alignments/OG_10630.iqtree.contree
Log-likelihood of consensus tree: -61146.626

Analysis results written to: 
  IQ-TREE report:                results_broccoli_meto/alignments/OG_10630.iqtree.iqtree
  Maximum-likelihood tree:       results_broccoli_meto/alignments/OG_10630.iqtree.treefile
  Likelihood distances:          results_broccoli_meto/alignments/OG_10630.iqtree.mldist

Ultrafast bootstrap approximation results written to:
  Split support values:          results_broccoli_meto/alignments/OG_10630.iqtree.splits.nex
  Consensus tree:                results_broccoli_meto/alignments/OG_10630.iqtree.contree
  Screen log file:               results_broccoli_meto/alignments/OG_10630.iqtree.log

Date and Time: Fri Dec 16 09:41:54 2022
