IQ-TREE multicore version 2.1.0 for Linux 64-bit built Jul 18 2020
Developed by Bui Quang Minh, James Barbetti, Nguyen Lam Tung,
Olga Chernomor, Heiko Schmidt, Dominik Schrempf, Michael Woodhams.

Host:    node-hp0209.linux.crg.es (AVX, 125 GB RAM)
Command: /users/asebe/xgraubove/Programes/iqtree-2.1.0-Linux/bin/iqtree2 -s results_broccoli_meto/alignments/OG_1390.lt.fasta -m TEST -mset LG,WAG,JTT -nt AUTO -ntmax 2 -bb 1000 -pre results_broccoli_meto/alignments/OG_1390.iqtree -nm 10000 -nstop 200 -cptime 1800
Seed:    187120 (Using SPRNG - Scalable Parallel Random Number Generator)
Time:    Fri Dec 16 12:54:00 2022
Kernel:  AVX - auto-detect threads (2 CPU cores detected)

Reading alignment file results_broccoli_meto/alignments/OG_1390.lt.fasta ... Fasta format detected
Alignment most likely contains protein sequences
Alignment has 43 sequences with 378 columns, 378 distinct patterns
369 parsimony-informative, 0 singleton sites, 9 constant sites
                                        Gap/Ambiguity  Composition  p-value
   1  Hsap_ENST00000481551                     24.34%    passed      7.20%
   2  Ctel_gnl_WGS_AMQN_CAPTEDRAFT_mRNA77168   70.37%    passed     11.37%
   3  Acagra_model.g19861.t1                   11.64%    passed     59.91%
   4  Aaur_scaffold850.g3.t1                    9.52%    passed     97.65%
   5  Nemnom_g14666.t1                          7.67%    passed     24.93%
   6  Rhoesc_Res_005151-T1                      9.26%    passed     96.35%
   7  Adig_XM_015895535.1                      82.54%    passed     40.51%
   8  Amil_Amillepora12592-RA                  20.90%    passed     48.54%
   9  Gasp_gasp1.m3.15327.m1                   26.46%    passed     85.22%
  10  Fspp_ffun1.m4.18047.m1                   39.15%    passed     98.15%
  11  Spis_XP_022788345_1                      10.85%    passed     78.65%
  12  Pocdam_XM_027189571.1                    69.05%    passed     37.55%
  13  Nvec_v1g130539                            7.94%    failed      2.97%
  14  Aque_Aqu2.1.27509_001                     6.88%    failed      0.01%
  15  Halamb_c38145_g1_i1m.10573               64.02%    failed      2.00%
  16  Emue_Em0011g1049a.t1                     31.22%    passed     25.27%
  17  Spolac_c98650_g1_i1_m.17697c98650-g1     29.10%    passed     88.82%
  18  Tetwil_g6637.t1                          17.20%    passed     30.40%
  19  HoiH06_mRNA13551                         36.24%    passed     18.01%
  20  Hhon_g10404.t1                           36.24%    passed     90.41%
  21  HoiH04_mRNA7639                          41.01%    passed     96.82%
  22  HoiH23_PlH23_002993-RA                   32.54%    passed      7.63%
  23  Opea_EP00118_Oscarella_pearsei_P007976   46.56%    passed     12.00%
  24  Morvir_scaffold5.g50.t1                   8.47%    passed     56.59%
  25  Dgig_XM_028538795.1                      18.52%    passed     97.90%
  26  Sanmal_Sma_005826-T1                     34.39%    passed     25.44%
  27  Xesp_009713-T1                           57.67%    passed      8.58%
  28  Exapal_XM_021040871.2                    31.48%    passed     20.71%
  29  Cgig_XM_011426979.3                      11.11%    passed     32.29%
  30  Spur_XM_030989823.1                       2.65%    failed      0.07%
  31  Lcom_lcpid20950                          17.20%    failed      0.08%
  32  Gracom_Gcom_C544514_01                   11.11%    failed      0.09%
  33  Leuniv_Lniv_C797914_01                    8.99%    failed      0.00%
  34  Cscu_XM_023388077.1                      26.72%    failed      0.07%
  35  Mlei_ML0015.g15.i1                       30.95%    passed     76.40%
  36  Coemet_Cmet_C598243_01                   31.75%    passed     30.32%
  37  Lampan_Lpan_4629_01                      56.61%    passed     37.78%
  38  Beraby_Baby_sb345848                     27.51%    passed     96.45%
  39  Drygla_Dgla_sb295575                     27.78%    passed     20.33%
  40  Gfas_gfas1.m1.12433.m1                   38.62%    failed      0.55%
  41  Eupdun_Edun_sb10614545                   38.10%    passed     64.47%
  42  Hvul_g8469_1                             35.98%    passed      5.62%
  43  Tcas_TC000063_001                        66.14%    passed     23.23%
WARNING: 7 sequences contain more than 50% gaps/ambiguity
****  TOTAL                                    30.52%  9 sequences failed composition chi2 test (p-value<5%; df=19)


Create initial parsimony tree by phylogenetic likelihood library (PLL)... 0.020 seconds
Measuring multi-threading efficiency up to 2 CPU cores
Increase to 10 rounds for branch lengths
5 trees examined
Threads: 1 / Time: 2.136 sec / Speedup: 1.000 / Efficiency: 100% / LogL: -24020
Threads: 2 / Time: 2.191 sec / Speedup: 0.975 / Efficiency: 49% / LogL: -24020
BEST NUMBER OF THREADS: 1

Perform fast likelihood tree search using LG+I+G model...
Estimate model parameters (epsilon = 5.000)
Perform nearest neighbor interchange...
Estimate model parameters (epsilon = 1.000)
1. Initial log-likelihood: -21383.692
Optimal log-likelihood: -21383.626
Proportion of invariable sites: 0.021
Gamma shape alpha: 1.456
Parameters optimization took 1 rounds (0.159 sec)
Time for fast ML tree search: 2.274 seconds

NOTE: ModelFinder requires 12 MB RAM!
ModelFinder will test up to 24 protein models (sample size: 378) ...
 No. Model         -LnL         df  AIC          AICc         BIC
  1  LG            22146.983    83  44459.965    44507.394    44786.561
  2  LG+I          21999.875    84  44167.749    44216.486    44498.280
  3  LG+G4         21414.549    84  42997.098    43045.835    43327.629
  4  LG+I+G4       21383.631    85  42937.262    42987.330    43271.728
  8  LG+F+I+G4     21213.467    104 42634.934    42714.934    43044.163
 12  WAG+I+G4      21363.712    85  42897.425    42947.493    43231.891
 16  WAG+F+I+G4    21255.174    104 42718.347    42798.347    43127.576
 20  JTT+I+G4      21413.565    85  42997.129    43047.198    43331.595
 24  JTT+F+I+G4    21279.106    104 42766.212    42846.212    43175.441
Akaike Information Criterion:           LG+F+I+G4
Corrected Akaike Information Criterion: LG+F+I+G4
Bayesian Information Criterion:         LG+F+I+G4
Best-fit model: LG+F+I+G4 chosen according to BIC

All model information printed to results_broccoli_meto/alignments/OG_1390.iqtree.model.gz
CPU time for ModelFinder: 14.266 seconds (0h:0m:14s)
Wall-clock time for ModelFinder: 11.920 seconds (0h:0m:11s)
Generating 1000 samples for ultrafast bootstrap (seed: 187120)...

NOTE: 12 MB RAM (0 GB) is required!
Estimate model parameters (epsilon = 0.100)
Thoroughly optimizing +I+G parameters from 10 start values...
Init pinv, alpha: 0.000, 1.419 / Estimate: 0.022, 1.414 / LogL: -21213.458
Init pinv, alpha: 0.003, 1.419 / Estimate: 0.022, 1.417 / LogL: -21213.461
Init pinv, alpha: 0.005, 1.419 / Estimate: 0.022, 1.419 / LogL: -21213.466
Init pinv, alpha: 0.008, 1.419 / Estimate: 0.022, 1.418 / LogL: -21213.463
Init pinv, alpha: 0.011, 1.419 / Estimate: 0.022, 1.418 / LogL: -21213.462
Init pinv, alpha: 0.013, 1.419 / Estimate: 0.022, 1.416 / LogL: -21213.460
Init pinv, alpha: 0.016, 1.419 / Estimate: 0.022, 1.416 / LogL: -21213.459
Init pinv, alpha: 0.019, 1.419 / Estimate: 0.022, 1.416 / LogL: -21213.458
Init pinv, alpha: 0.021, 1.419 / Estimate: 0.022, 1.416 / LogL: -21213.459
Init pinv, alpha: 0.024, 1.419 / Estimate: 0.022, 1.415 / LogL: -21213.458
Optimal pinv,alpha: 0.022, 1.415 / LogL: -21213.458

Parameters optimization took 3.556 sec
Computing ML distances based on estimated model parameters...
Computing ML distances took 0.261038 sec (of wall-clock time) 0.259591 sec(of CPU time)
Computing RapidNJ tree took 0.000254 sec (of wall-clock time) 0.000000 sec (of CPU time)
Log-likelihood of RapidNJ tree: -21319.038
--------------------------------------------------------------------
|             INITIALIZING CANDIDATE TREE SET                      |
--------------------------------------------------------------------
Generating 98 parsimony trees... 1.102 second
Computing log-likelihood of 98 initial trees ... 4.862 seconds
Current best score: -21213.458

Do NNI search on 20 best initial trees
Estimate model parameters (epsilon = 0.100)
BETTER TREE FOUND at iteration 1: -21213.406
Estimate model parameters (epsilon = 0.100)
BETTER TREE FOUND at iteration 2: -21210.342
Estimate model parameters (epsilon = 0.100)
BETTER TREE FOUND at iteration 3: -21201.387
Iteration 10 / LogL: -21206.082 / Time: 0h:0m:21s
Iteration 20 / LogL: -21238.806 / Time: 0h:0m:35s
Finish initializing candidate tree set (18)
Current best tree score: -21201.387 / CPU time: 31.569
Number of iterations: 20
--------------------------------------------------------------------
|               OPTIMIZING CANDIDATE TREE SET                      |
--------------------------------------------------------------------
Estimate model parameters (epsilon = 0.100)
BETTER TREE FOUND at iteration 21: -21200.372
Estimate model parameters (epsilon = 0.100)
BETTER TREE FOUND at iteration 29: -21199.936
Iteration 30 / LogL: -21201.030 / Time: 0h:0m:46s (0h:5m:19s left)
Iteration 40 / LogL: -21204.029 / Time: 0h:0m:57s (0h:4m:36s left)
Iteration 50 / LogL: -21206.060 / Time: 0h:1m:6s (0h:4m:3s left)
Log-likelihood cutoff on original alignment: -21238.233
Iteration 60 / LogL: -21200.557 / Time: 0h:1m:17s (0h:3m:41s left)
Estimate model parameters (epsilon = 0.100)
BETTER TREE FOUND at iteration 63: -21199.781
Iteration 70 / LogL: -21200.934 / Time: 0h:1m:28s (0h:4m:7s left)
Iteration 80 / LogL: -21203.092 / Time: 0h:1m:38s (0h:3m:48s left)
Iteration 90 / LogL: -21201.025 / Time: 0h:1m:48s (0h:3m:30s left)
Iteration 100 / LogL: -21199.935 / Time: 0h:1m:58s (0h:3m:15s left)
Log-likelihood cutoff on original alignment: -21238.233
NOTE: Bootstrap correlation coefficient of split occurrence frequencies: 0.998
Iteration 110 / LogL: -21203.010 / Time: 0h:2m:8s (0h:2m:59s left)
Iteration 120 / LogL: -21200.623 / Time: 0h:2m:18s (0h:2m:46s left)
Iteration 130 / LogL: -21207.452 / Time: 0h:2m:28s (0h:2m:33s left)
Iteration 140 / LogL: -21200.058 / Time: 0h:2m:38s (0h:2m:20s left)
Iteration 150 / LogL: -21203.402 / Time: 0h:2m:48s (0h:2m:7s left)
Log-likelihood cutoff on original alignment: -21236.185
Iteration 160 / LogL: -21201.856 / Time: 0h:2m:58s (0h:1m:55s left)
Iteration 170 / LogL: -21199.940 / Time: 0h:3m:8s (0h:1m:43s left)
Iteration 180 / LogL: -21200.094 / Time: 0h:3m:17s (0h:1m:31s left)
Iteration 190 / LogL: -21199.913 / Time: 0h:3m:27s (0h:1m:20s left)
Iteration 200 / LogL: -21306.433 / Time: 0h:3m:37s (0h:1m:8s left)
Log-likelihood cutoff on original alignment: -21236.185
NOTE: Bootstrap correlation coefficient of split occurrence frequencies: 0.998
Iteration 210 / LogL: -21229.093 / Time: 0h:3m:47s (0h:1m:37s left)
Iteration 220 / LogL: -21199.788 / Time: 0h:3m:56s (0h:1m:26s left)
Iteration 230 / LogL: -21199.817 / Time: 0h:4m:7s (0h:1m:15s left)
Iteration 240 / LogL: -21199.983 / Time: 0h:4m:17s (0h:1m:4s left)
Iteration 250 / LogL: -21199.948 / Time: 0h:4m:26s (0h:0m:53s left)
Log-likelihood cutoff on original alignment: -21236.185
Iteration 260 / LogL: -21200.267 / Time: 0h:4m:37s (0h:0m:42s left)
TREE SEARCH COMPLETED AFTER 264 ITERATIONS / Time: 0h:4m:41s

--------------------------------------------------------------------
|                    FINALIZING TREE SEARCH                        |
--------------------------------------------------------------------
Performs final model parameters optimization
Estimate model parameters (epsilon = 0.010)
1. Initial log-likelihood: -21199.781
Optimal log-likelihood: -21199.779
Proportion of invariable sites: 0.022
Gamma shape alpha: 1.383
Parameters optimization took 1 rounds (0.156 sec)
BEST SCORE FOUND : -21199.779
Creating bootstrap support values...
Split supports printed to NEXUS file results_broccoli_meto/alignments/OG_1390.iqtree.splits.nex
Total tree length: 46.805

Total number of iterations: 264
CPU time used for tree search: 276.713 sec (0h:4m:36s)
Wall-clock time used for tree search: 277.350 sec (0h:4m:37s)
Total CPU time used: 281.471 sec (0h:4m:41s)
Total wall-clock time used: 282.144 sec (0h:4m:42s)

Computing bootstrap consensus tree...
Reading input file results_broccoli_meto/alignments/OG_1390.iqtree.splits.nex...
43 taxa and 397 splits.
Consensus tree written to results_broccoli_meto/alignments/OG_1390.iqtree.contree
Reading input trees file results_broccoli_meto/alignments/OG_1390.iqtree.contree
Log-likelihood of consensus tree: -21199.771

Analysis results written to: 
  IQ-TREE report:                results_broccoli_meto/alignments/OG_1390.iqtree.iqtree
  Maximum-likelihood tree:       results_broccoli_meto/alignments/OG_1390.iqtree.treefile
  Likelihood distances:          results_broccoli_meto/alignments/OG_1390.iqtree.mldist

Ultrafast bootstrap approximation results written to:
  Split support values:          results_broccoli_meto/alignments/OG_1390.iqtree.splits.nex
  Consensus tree:                results_broccoli_meto/alignments/OG_1390.iqtree.contree
  Screen log file:               results_broccoli_meto/alignments/OG_1390.iqtree.log

Date and Time: Fri Dec 16 12:58:54 2022
