IQ-TREE multicore version 2.1.0 for Linux 64-bit built Jul 18 2020
Developed by Bui Quang Minh, James Barbetti, Nguyen Lam Tung,
Olga Chernomor, Heiko Schmidt, Dominik Schrempf, Michael Woodhams.

Host:    node-hp0411.linux.crg.es (AVX, 125 GB RAM)
Command: /users/asebe/xgraubove/Programes/iqtree-2.1.0-Linux/bin/iqtree2 -s results_broccoli_meto/alignments/OG_1892.lt.fasta -m TEST -mset LG,WAG,JTT -nt AUTO -ntmax 2 -bb 1000 -pre results_broccoli_meto/alignments/OG_1892.iqtree -nm 10000 -nstop 200 -cptime 1800
Seed:    156273 (Using SPRNG - Scalable Parallel Random Number Generator)
Time:    Fri Dec 16 13:54:15 2022
Kernel:  AVX - auto-detect threads (2 CPU cores detected)

Reading alignment file results_broccoli_meto/alignments/OG_1892.lt.fasta ... Fasta format detected
Alignment most likely contains protein sequences
Alignment has 47 sequences with 209 columns, 209 distinct patterns
201 parsimony-informative, 0 singleton sites, 8 constant sites
                                                         Gap/Ambiguity  Composition  p-value
   1  Hsap_ENST00000424830                                       1.44%    passed     99.95%
   2  Dpul_mRNA12930                                             1.44%    passed     96.28%
   3  Cscu_XM_023363728.1                                        0.48%    passed     92.19%
   4  Cgig_XM_034472785.1                                        0.48%    passed     93.96%
   5  Acagra_model.g17536.t1                                     1.44%    passed     91.38%
   6  Scil_scict008152.1                                         1.44%    passed     58.57%
   7  Leuniv_Lniv_C807004_01                                     1.44%    passed     61.27%
   8  Lcom_lcpid38168                                            2.39%    passed     91.86%
   9  Gracom_Gcom_C525906_01                                     1.44%    passed     67.47%
  10  Tadh_TriadT33235                                           1.91%    passed     98.92%
  11  TrH2_TrispH2_011047-RA                                     7.18%    passed     96.56%
  12  Hhon_g04922.t1                                             6.22%    passed     90.81%
  13  HoiH04_mRNA3357                                            6.70%    passed     96.50%
  14  HoiH23_PlH23_005025-RA                                     4.31%    passed     94.06%
  15  Spur_XM_030982075.1                                        0.00%    passed     39.08%
  16  Nvec_v1g191239                                             0.96%    passed     79.51%
  17  Gfas_gfas1.m1.17829.m1                                     0.96%    passed     83.12%
  18  Spis_XP_022793639_1                                        0.96%    passed     99.08%
  19  Pocdam_XM_027202595.1                                      0.96%    passed     91.61%
  20  Dgig_XM_028545981.1                                        0.00%    passed     78.02%
  21  Xesp_015700-T1                                             0.96%    passed     85.91%
  22  Emue_Em0021g841a.t1                                        0.00%    passed     95.11%
  23  Spolac_c98316_g1_i1_m.16934c98316-g1                       0.00%    passed     83.98%
  24  Tetwil_g7021.t2                                            2.39%    passed     99.98%
  25  Aque_Aqu2.1.26091_001                                      6.70%    passed     98.91%
  26  Xestes_maker-XT_scaffold136059-augustus-gene-0.4-mRNA-1   40.67%    passed    100.00%
  27  Stycar_maker-SC_scaffold142995-augustus-gene-0.6-mRNA-1   56.46%    passed     80.88%
  28  Skow_XM_002731377.2                                        0.48%    passed     96.36%
  29  Hvul_g28026_1                                              0.48%    passed     80.97%
  30  Chem_TCONS_00007099                                        0.96%    passed     64.59%
  31  Nemnom_g5555.t1                                            0.48%    passed     73.46%
  32  Rhoesc_Res_007896-T1                                       0.48%    passed     65.04%
  33  Morvir_scaffold191.g38.t1                                 13.40%    passed     53.53%
  34  Tcas_TC014458_002                                          0.48%    passed     56.66%
  35  Exapal_XM_021039538.2                                      1.44%    passed     86.19%
  36  Ctel_gnl_WGS_AMQN_CAPTEDRAFT_mRNA128552                    5.74%    passed     96.01%
  37  Mlei_ML0797.g7.i1                                          2.87%    passed     81.95%
  38  Bolinf_Binf_sb1228674                                     28.71%    passed     19.87%
  39  Beraby_Baby_sb339086                                       2.87%    passed     96.65%
  40  Pbac_sb2669147                                             0.96%    passed     67.04%
  41  Horcal_Hcv1.av93.c1.g369.i1                                3.35%    passed     74.00%
  42  Drygla_Dgla_sb282949                                      20.10%    passed     88.81%
  43  Vmul_SimC379724                                            1.44%    passed     91.60%
  44  Coeast_Cast_sb762863                                       3.83%    passed     70.05%
  45  Coemet_Cmet_scaffold21277_01                               1.91%    passed     51.07%
  46  Lampan_Lpan_13074_01                                      44.02%    passed     48.47%
  47  Sanmal_Sma_015204-T1                                      16.27%    passed     79.61%
WARNING: 1 sequences contain more than 50% gaps/ambiguity
****  TOTAL                                                      6.37%  0 sequences failed composition chi2 test (p-value<5%; df=19)


Create initial parsimony tree by phylogenetic likelihood library (PLL)... 0.023 seconds
Measuring multi-threading efficiency up to 2 CPU cores
Increase to 10 rounds for branch lengths
8 trees examined
Threads: 1 / Time: 2.217 sec / Speedup: 1.000 / Efficiency: 100% / LogL: -15710
Threads: 2 / Time: 3.104 sec / Speedup: 0.714 / Efficiency: 36% / LogL: -15710
BEST NUMBER OF THREADS: 1

Perform fast likelihood tree search using LG+I+G model...
Estimate model parameters (epsilon = 5.000)
Perform nearest neighbor interchange...
Estimate model parameters (epsilon = 1.000)
1. Initial log-likelihood: -12166.248
Optimal log-likelihood: -12166.142
Proportion of invariable sites: 0.024
Gamma shape alpha: 1.511
Parameters optimization took 1 rounds (0.203 sec)
Time for fast ML tree search: 1.366 seconds

NOTE: ModelFinder requires 7 MB RAM!
ModelFinder will test up to 24 protein models (sample size: 209) ...
 No. Model         -LnL         df  AIC          AICc         BIC
  1  LG            12596.297    91  25374.595    25517.706    25678.747
  2  LG+I          12538.021    92  25260.042    25407.559    25567.537
  3  LG+G4         12170.878    92  24525.756    24673.273    24833.250
  4  LG+I+G4       12166.141    93  24518.282    24670.317    24829.119
  7  LG+F+G4       12154.803    111 24531.606    24787.936    24902.605
  8  LG+F+I+G4     12149.588    112 24523.176    24786.842    24897.517
 11  WAG+G4        12206.340    92  24596.680    24744.198    24904.175
 12  WAG+I+G4      12196.768    93  24579.536    24731.571    24890.373
 15  WAG+F+G4      12199.090    111 24620.180    24876.510    24991.179
 16  WAG+F+I+G4    12190.225    112 24604.451    24868.117    24978.792
 19  JTT+G4        12347.889    92  24879.778    25027.295    25187.273
 20  JTT+I+G4      12341.440    93  24868.879    25020.914    25179.716
 23  JTT+F+G4      12338.354    111 24898.707    25155.037    25269.706
 24  JTT+F+I+G4    12331.896    112 24887.792    25151.458    25262.133
Akaike Information Criterion:           LG+I+G4
Corrected Akaike Information Criterion: LG+I+G4
Bayesian Information Criterion:         LG+I+G4
Best-fit model: LG+I+G4 chosen according to BIC

All model information printed to results_broccoli_meto/alignments/OG_1892.iqtree.model.gz
CPU time for ModelFinder: 10.725 seconds (0h:0m:10s)
Wall-clock time for ModelFinder: 10.929 seconds (0h:0m:10s)
Generating 1000 samples for ultrafast bootstrap (seed: 156273)...

NOTE: 7 MB RAM (0 GB) is required!
Estimate model parameters (epsilon = 0.100)
Thoroughly optimizing +I+G parameters from 10 start values...
Init pinv, alpha: 0.000, 1.516 / Estimate: 0.000, 1.350 / LogL: -12170.794
Init pinv, alpha: 0.004, 1.516 / Estimate: 0.024, 1.511 / LogL: -12166.144
Init pinv, alpha: 0.009, 1.516 / Estimate: 0.023, 1.509 / LogL: -12166.149
Init pinv, alpha: 0.013, 1.516 / Estimate: 0.024, 1.513 / LogL: -12166.141
Init pinv, alpha: 0.017, 1.516 / Estimate: 0.023, 1.511 / LogL: -12166.144
Init pinv, alpha: 0.021, 1.516 / Estimate: 0.023, 1.510 / LogL: -12166.144
Init pinv, alpha: 0.026, 1.516 / Estimate: 0.025, 1.518 / LogL: -12166.138
Init pinv, alpha: 0.030, 1.516 / Estimate: 0.026, 1.525 / LogL: -12166.145
Init pinv, alpha: 0.034, 1.516 / Estimate: 0.026, 1.521 / LogL: -12166.141
Init pinv, alpha: 0.038, 1.516 / Estimate: 0.026, 1.522 / LogL: -12166.143
Optimal pinv,alpha: 0.025, 1.518 / LogL: -12166.138

Parameters optimization took 2.417 sec
Computing ML distances based on estimated model parameters...
Computing ML distances took 0.300681 sec (of wall-clock time) 0.298485 sec(of CPU time)
Computing RapidNJ tree took 0.000260 sec (of wall-clock time) 0.000256 sec (of CPU time)
Log-likelihood of RapidNJ tree: -12201.461
--------------------------------------------------------------------
|             INITIALIZING CANDIDATE TREE SET                      |
--------------------------------------------------------------------
Generating 98 parsimony trees... 1.008 second
Computing log-likelihood of 98 initial trees ... 3.206 seconds
Current best score: -12166.138

Do NNI search on 20 best initial trees
Estimate model parameters (epsilon = 0.100)
BETTER TREE FOUND at iteration 1: -12164.662
Estimate model parameters (epsilon = 0.100)
BETTER TREE FOUND at iteration 2: -12164.428
Estimate model parameters (epsilon = 0.100)
BETTER TREE FOUND at iteration 4: -12164.312
Iteration 10 / LogL: -12189.106 / Time: 0h:0m:13s
Estimate model parameters (epsilon = 0.100)
BETTER TREE FOUND at iteration 12: -12159.999
Iteration 20 / LogL: -12180.085 / Time: 0h:0m:20s
Finish initializing candidate tree set (16)
Current best tree score: -12159.999 / CPU time: 17.032
Number of iterations: 20
--------------------------------------------------------------------
|               OPTIMIZING CANDIDATE TREE SET                      |
--------------------------------------------------------------------
Estimate model parameters (epsilon = 0.100)
BETTER TREE FOUND at iteration 21: -12158.010
Iteration 30 / LogL: -12163.000 / Time: 0h:0m:27s (0h:3m:3s left)
Iteration 40 / LogL: -12160.618 / Time: 0h:0m:34s (0h:2m:38s left)
Iteration 50 / LogL: -12161.981 / Time: 0h:0m:40s (0h:2m:21s left)
Log-likelihood cutoff on original alignment: -12217.602
Iteration 60 / LogL: -12160.028 / Time: 0h:0m:47s (0h:2m:9s left)
Iteration 70 / LogL: -12159.409 / Time: 0h:0m:54s (0h:1m:58s left)
Iteration 80 / LogL: -12158.148 / Time: 0h:1m:0s (0h:1m:47s left)
Iteration 90 / LogL: -12159.524 / Time: 0h:1m:6s (0h:1m:37s left)
Iteration 100 / LogL: -12158.124 / Time: 0h:1m:12s (0h:1m:28s left)
Log-likelihood cutoff on original alignment: -12217.602
NOTE: Bootstrap correlation coefficient of split occurrence frequencies: 0.996
Iteration 110 / LogL: -12161.712 / Time: 0h:1m:19s (0h:1m:20s left)
Iteration 120 / LogL: -12158.635 / Time: 0h:1m:26s (0h:1m:13s left)
Iteration 130 / LogL: -12158.163 / Time: 0h:1m:33s (0h:1m:5s left)
Iteration 140 / LogL: -12158.054 / Time: 0h:1m:40s (0h:0m:58s left)
Iteration 150 / LogL: -12168.931 / Time: 0h:1m:47s (0h:0m:51s left)
Log-likelihood cutoff on original alignment: -12207.496
Iteration 160 / LogL: -12159.974 / Time: 0h:1m:54s (0h:0m:43s left)
Iteration 170 / LogL: -12158.066 / Time: 0h:2m:1s (0h:0m:36s left)
Iteration 180 / LogL: -12160.271 / Time: 0h:2m:8s (0h:0m:29s left)
Iteration 190 / LogL: -12158.050 / Time: 0h:2m:15s (0h:0m:22s left)
Iteration 200 / LogL: -12158.198 / Time: 0h:2m:22s (0h:0m:15s left)
Log-likelihood cutoff on original alignment: -12207.496
NOTE: Bootstrap correlation coefficient of split occurrence frequencies: 1.000
Iteration 210 / LogL: -12158.091 / Time: 0h:2m:29s (0h:1m:4s left)
Iteration 220 / LogL: -12158.148 / Time: 0h:2m:35s (0h:0m:56s left)
TREE SEARCH COMPLETED AFTER 222 ITERATIONS / Time: 0h:2m:37s

--------------------------------------------------------------------
|                    FINALIZING TREE SEARCH                        |
--------------------------------------------------------------------
Performs final model parameters optimization
Estimate model parameters (epsilon = 0.010)
1. Initial log-likelihood: -12158.010
Optimal log-likelihood: -12158.008
Proportion of invariable sites: 0.025
Gamma shape alpha: 1.515
Parameters optimization took 1 rounds (0.107 sec)
BEST SCORE FOUND : -12158.008
Creating bootstrap support values...
Split supports printed to NEXUS file results_broccoli_meto/alignments/OG_1892.iqtree.splits.nex
Total tree length: 20.646

Total number of iterations: 222
CPU time used for tree search: 153.207 sec (0h:2m:33s)
Wall-clock time used for tree search: 153.627 sec (0h:2m:33s)
Total CPU time used: 156.506 sec (0h:2m:36s)
Total wall-clock time used: 157.383 sec (0h:2m:37s)

Computing bootstrap consensus tree...
Reading input file results_broccoli_meto/alignments/OG_1892.iqtree.splits.nex...
47 taxa and 344 splits.
Consensus tree written to results_broccoli_meto/alignments/OG_1892.iqtree.contree
Reading input trees file results_broccoli_meto/alignments/OG_1892.iqtree.contree
Log-likelihood of consensus tree: -12159.825

Analysis results written to: 
  IQ-TREE report:                results_broccoli_meto/alignments/OG_1892.iqtree.iqtree
  Maximum-likelihood tree:       results_broccoli_meto/alignments/OG_1892.iqtree.treefile
  Likelihood distances:          results_broccoli_meto/alignments/OG_1892.iqtree.mldist

Ultrafast bootstrap approximation results written to:
  Split support values:          results_broccoli_meto/alignments/OG_1892.iqtree.splits.nex
  Consensus tree:                results_broccoli_meto/alignments/OG_1892.iqtree.contree
  Screen log file:               results_broccoli_meto/alignments/OG_1892.iqtree.log

Date and Time: Fri Dec 16 13:57:03 2022
