IQ-TREE multicore version 2.1.0 for Linux 64-bit built Jul 18 2020
Developed by Bui Quang Minh, James Barbetti, Nguyen Lam Tung,
Olga Chernomor, Heiko Schmidt, Dominik Schrempf, Michael Woodhams.

Host:    node-hp0209.linux.crg.es (AVX, 125 GB RAM)
Command: /users/asebe/xgraubove/Programes/iqtree-2.1.0-Linux/bin/iqtree2 -s results_broccoli_meto/alignments/OG_1417.lt.fasta -m TEST -mset LG,WAG,JTT -nt AUTO -ntmax 2 -bb 1000 -pre results_broccoli_meto/alignments/OG_1417.iqtree -nm 10000 -nstop 200 -cptime 1800
Seed:    238568 (Using SPRNG - Scalable Parallel Random Number Generator)
Time:    Fri Dec 16 13:00:43 2022
Kernel:  AVX - auto-detect threads (2 CPU cores detected)

Reading alignment file results_broccoli_meto/alignments/OG_1417.lt.fasta ... Fasta format detected
Alignment most likely contains protein sequences
Alignment has 56 sequences with 143 columns, 121 distinct patterns
88 parsimony-informative, 0 singleton sites, 55 constant sites
                                                     Gap/Ambiguity  Composition  p-value
   1  Bralan_BLAG14001007_1                                  0.70%    passed     86.82%
   2  Skow_XM_002730616.2                                    0.00%    passed    100.00%
   3  Spur_XM_782119.5                                       0.00%    passed     99.99%
   4  Tcas_TC015547_001                                      2.10%    passed    100.00%
   5  Dpul_mRNA23284                                         0.70%    passed     99.98%
   6  Exapal_XM_021040887.2                                  2.10%    passed    100.00%
   7  Nvec_v1g214407                                         0.00%    passed     99.98%
   8  Adig_XM_015904011.1                                    0.70%    passed    100.00%
   9  Fspp_ffun1.m4.17380.m1                                 0.70%    passed     99.95%
  10  Gasp_gasp1.m3.16003.m1                                 0.70%    passed    100.00%
  11  Spis_XP_022792025_1                                    0.70%    passed    100.00%
  12  Pocdam_XM_027197981.1                                  0.70%    passed    100.00%
  13  Amil_Amillepora24648-RA                                0.70%    passed    100.00%
  14  Dgig_XM_028544297.1                                    1.40%    passed    100.00%
  15  Xesp_014709-T1                                         1.40%    passed     99.96%
  16  Tadh_TriadT35934                                       0.70%    passed    100.00%
  17  TrH2_TrispH2_004338-RA                                 0.70%    passed    100.00%
  18  HoiH06_mRNA6717                                        1.40%    passed     99.98%
  19  HoiH23_PlH23_009491-RA                                 1.40%    passed     99.95%
  20  Hhon_g06249.t1                                         1.40%    passed     99.93%
  21  HoiH04_mRNA1120                                        1.40%    passed     99.93%
  22  HoiH11_mRNA5685                                       41.26%    passed     87.02%
  23  Ocar_g3311                                             0.00%    passed     99.97%
  24  Opea_EP00118_Oscarella_pearsei_P025642                 0.00%    passed     99.97%
  25  Chem_TCONS_00063262                                    0.00%    passed     99.99%
  26  Aaur_scaffold226.g7.t1                                13.29%    passed    100.00%
  27  Nemnom_g17600.t1                                       2.10%    passed    100.00%
  28  Rhoesc_Res_007434-T1                                   2.10%    passed    100.00%
  29  Morvir_scaffold68.g38.t1                               0.00%    passed    100.00%
  30  Sanmal_Sma_015307-T1                                   0.00%    passed     99.99%
  31  Acagra_model.g5394.t1                                  0.00%    passed     99.99%
  32  Emue_Em0006g1168a.t1                                   0.00%    passed    100.00%
  33  Spolac_c98910_g1_i1_m.18319c98910-g1                   0.70%    passed     99.97%
  34  Stycar_maker-SC_scaffold19670-snap-gene-0.12-mRNA-1    0.00%    passed     99.58%
  35  Plajan_Pjan_C530173_01                                 0.00%    passed     99.27%
  36  Cscu_XM_023362290.1                                    2.10%    passed     99.99%
  37  Plespi_Pspi_C585224_01                                 1.40%    passed    100.00%
  38  Aque_Aqu2.1.28327_001                                  0.00%    passed    100.00%
  39  Halamb_c32932_g1_i1m.7387                              0.00%    passed    100.00%
  40  Ctel_gnl_WGS_AMQN_CAPTEDRAFT_mRNA181742                0.00%    passed    100.00%
  41  Mlei_ML0180.g30.i1                                     0.00%    passed    100.00%
  42  Bolinf_Binf_sb1230804                                  0.00%    passed     99.94%
  43  Mertsp_Mesp_sb561320                                   0.00%    passed     99.94%
  44  Vmul_sbMO473327                                        0.00%    passed    100.00%
  45  Coemet_Cmet_scaffold4882_01                            0.00%    passed     99.99%
  46  Pbac_sb2644351                                         0.70%    passed     99.54%
  47  Horcal_Hcv1.av93.c5.g687.i1                            0.70%    passed     99.78%
  48  Lampan_Lpan_C405565_01                                 1.40%    passed     99.99%
  49  Tetwil_g11344.t2                                      14.69%    passed     97.99%
  50  Lcom_lcpid92512                                        0.00%    passed     97.99%
  51  Gracom_Gcom_C540644_01                                 0.00%    passed     99.66%
  52  Leuniv_Lniv_scaffold22594_01                           0.00%    passed     99.88%
  53  Clacor_Ccor_C524441_01                                 0.00%    passed     99.81%
  54  Gfas_gfas1.m1.13719.m1                                11.19%    passed     99.99%
  55  Coeast_Cast_sb800748                                   0.70%    passed     94.69%
  56  Hvul_g15633_1                                         12.59%    passed     99.90%
****  TOTAL                                                  2.22%  0 sequences failed composition chi2 test (p-value<5%; df=19)
NOTE: Pocdam_XM_027197981.1 is identical to Spis_XP_022792025_1 but kept for subsequent analysis
NOTE: TrH2_TrispH2_004338-RA is identical to Tadh_TriadT35934 but kept for subsequent analysis
NOTE: HoiH04_mRNA1120 is identical to Hhon_g06249.t1 but kept for subsequent analysis
NOTE: Mertsp_Mesp_sb561320 is identical to Bolinf_Binf_sb1230804 but kept for subsequent analysis


Create initial parsimony tree by phylogenetic likelihood library (PLL)... 0.010 seconds
Measuring multi-threading efficiency up to 2 CPU cores
Increase to 10 rounds for branch lengths
11 trees examined
Threads: 1 / Time: 2.108 sec / Speedup: 1.000 / Efficiency: 100% / LogL: -5472
Threads: 2 / Time: 2.261 sec / Speedup: 0.932 / Efficiency: 47% / LogL: -5472
BEST NUMBER OF THREADS: 1

Perform fast likelihood tree search using LG+I+G model...
Estimate model parameters (epsilon = 5.000)
Perform nearest neighbor interchange...
Estimate model parameters (epsilon = 1.000)
1. Initial log-likelihood: -3656.705
Optimal log-likelihood: -3656.528
Proportion of invariable sites: 0.231
Gamma shape alpha: 0.572
Parameters optimization took 1 rounds (0.076 sec)
Time for fast ML tree search: 0.640 seconds

NOTE: ModelFinder requires 5 MB RAM!
ModelFinder will test up to 24 protein models (sample size: 143) ...
 No. Model         -LnL         df  AIC          AICc         BIC
  1  LG            3987.369     109 8192.738     8919.405     8515.688
  2  LG+I          3787.109     110 7794.217     8557.342     8120.130
  3  LG+G4         3665.062     110 7550.123     8313.248     7876.036
  4  LG+I+G4       3656.409     111 7534.818     8336.883     7863.694
  8  LG+F+I+G4     3667.768     130 7595.537     10433.870    7980.706
 12  WAG+I+G4      3683.479     111 7588.957     8391.022     7917.833
 16  WAG+F+I+G4    3710.747     130 7681.494     10519.828    8066.664
 20  JTT+I+G4      3689.895     111 7601.790     8403.854     7930.666
 24  JTT+F+I+G4    3698.370     130 7656.739     10495.072    8041.909
Akaike Information Criterion:           LG+I+G4
Corrected Akaike Information Criterion: LG+G4
Bayesian Information Criterion:         LG+I+G4
Best-fit model: LG+I+G4 chosen according to BIC

All model information printed to results_broccoli_meto/alignments/OG_1417.iqtree.model.gz
CPU time for ModelFinder: 10.384 seconds (0h:0m:10s)
Wall-clock time for ModelFinder: 8.016 seconds (0h:0m:8s)
Generating 1000 samples for ultrafast bootstrap (seed: 238568)...

NOTE: 5 MB RAM (0 GB) is required!
Estimate model parameters (epsilon = 0.100)
Thoroughly optimizing +I+G parameters from 10 start values...
Init pinv, alpha: 0.000, 0.616 / Estimate: 0.000, 0.425 / LogL: -3665.074
Init pinv, alpha: 0.043, 0.616 / Estimate: 0.235, 0.580 / LogL: -3656.493
Init pinv, alpha: 0.085, 0.616 / Estimate: 0.238, 0.583 / LogL: -3656.479
Init pinv, alpha: 0.128, 0.616 / Estimate: 0.235, 0.580 / LogL: -3656.494
Init pinv, alpha: 0.171, 0.616 / Estimate: 0.233, 0.576 / LogL: -3656.513
Init pinv, alpha: 0.214, 0.616 / Estimate: 0.242, 0.593 / LogL: -3656.455
Init pinv, alpha: 0.256, 0.616 / Estimate: 0.260, 0.629 / LogL: -3656.396
Init pinv, alpha: 0.299, 0.616 / Estimate: 0.341, 1.086 / LogL: -3655.267
Init pinv, alpha: 0.342, 0.616 / Estimate: 0.342, 1.092 / LogL: -3655.255
Init pinv, alpha: 0.385, 0.616 / Estimate: 0.344, 1.098 / LogL: -3655.246
Optimal pinv,alpha: 0.344, 1.098 / LogL: -3655.246

Parameters optimization took 5.254 sec
Computing ML distances based on estimated model parameters...
Computing ML distances took 0.280838 sec (of wall-clock time) 0.280461 sec(of CPU time)
Computing RapidNJ tree took 0.000355 sec (of wall-clock time) 0.000259 sec (of CPU time)
Log-likelihood of RapidNJ tree: -3678.871
--------------------------------------------------------------------
|             INITIALIZING CANDIDATE TREE SET                      |
--------------------------------------------------------------------
Generating 98 parsimony trees... 0.779 second
Computing log-likelihood of 98 initial trees ... 2.202 seconds
Current best score: -3655.246

Do NNI search on 20 best initial trees
Estimate model parameters (epsilon = 0.100)
BETTER TREE FOUND at iteration 1: -3655.245
Estimate model parameters (epsilon = 0.100)
BETTER TREE FOUND at iteration 2: -3649.293
Estimate model parameters (epsilon = 0.100)
BETTER TREE FOUND at iteration 10: -3648.913
Iteration 10 / LogL: -3648.913 / Time: 0h:0m:13s
Iteration 20 / LogL: -3658.106 / Time: 0h:0m:18s
Finish initializing candidate tree set (19)
Current best tree score: -3648.913 / CPU time: 12.928
Number of iterations: 20
--------------------------------------------------------------------
|               OPTIMIZING CANDIDATE TREE SET                      |
--------------------------------------------------------------------
Estimate model parameters (epsilon = 0.100)
BETTER TREE FOUND at iteration 21: -3647.778
Estimate model parameters (epsilon = 0.100)
BETTER TREE FOUND at iteration 23: -3646.217
Iteration 30 / LogL: -3647.775 / Time: 0h:0m:24s (0h:2m:45s left)
UPDATE BEST LOG-LIKELIHOOD: -3646.216
Estimate model parameters (epsilon = 0.100)
BETTER TREE FOUND at iteration 39: -3644.576
Iteration 40 / LogL: -3647.081 / Time: 0h:0m:30s (0h:2m:33s left)
BETTER TREE FOUND at iteration 49: -3644.576
Iteration 50 / LogL: -3644.577 / Time: 0h:0m:35s (0h:2m:22s left)
Log-likelihood cutoff on original alignment: -3686.722
Iteration 60 / LogL: -3644.577 / Time: 0h:0m:40s (0h:2m:10s left)
Iteration 70 / LogL: -3644.576 / Time: 0h:0m:46s (0h:2m:1s left)
Iteration 80 / LogL: -3652.539 / Time: 0h:0m:52s (0h:1m:52s left)
Iteration 90 / LogL: -3644.576 / Time: 0h:0m:58s (0h:1m:45s left)
Iteration 100 / LogL: -3644.866 / Time: 0h:1m:4s (0h:1m:37s left)
Log-likelihood cutoff on original alignment: -3686.722
NOTE: Bootstrap correlation coefficient of split occurrence frequencies: 0.996
Iteration 110 / LogL: -3644.576 / Time: 0h:1m:10s (0h:1m:29s left)
Iteration 120 / LogL: -3644.577 / Time: 0h:1m:16s (0h:1m:23s left)
UPDATE BEST LOG-LIKELIHOOD: -3644.576
Iteration 130 / LogL: -3644.576 / Time: 0h:1m:22s (0h:1m:15s left)
Iteration 140 / LogL: -3644.577 / Time: 0h:1m:28s (0h:1m:9s left)
Iteration 150 / LogL: -3644.576 / Time: 0h:1m:33s (0h:1m:2s left)
Log-likelihood cutoff on original alignment: -3686.722
Iteration 160 / LogL: -3644.576 / Time: 0h:1m:39s (0h:0m:55s left)
Iteration 170 / LogL: -3644.576 / Time: 0h:1m:45s (0h:0m:49s left)
Iteration 180 / LogL: -3644.577 / Time: 0h:1m:51s (0h:0m:42s left)
Iteration 190 / LogL: -3644.576 / Time: 0h:1m:57s (0h:0m:36s left)
Iteration 200 / LogL: -3644.929 / Time: 0h:2m:2s (0h:0m:30s left)
Log-likelihood cutoff on original alignment: -3686.722
NOTE: Bootstrap correlation coefficient of split occurrence frequencies: 0.999
Iteration 210 / LogL: -3644.577 / Time: 0h:2m:8s (0h:0m:55s left)
Iteration 220 / LogL: -3670.666 / Time: 0h:2m:14s (0h:0m:49s left)
Iteration 230 / LogL: -3645.872 / Time: 0h:2m:19s (0h:0m:42s left)
UPDATE BEST LOG-LIKELIHOOD: -3644.576
Iteration 240 / LogL: -3644.929 / Time: 0h:2m:25s (0h:0m:36s left)
Iteration 250 / LogL: -3646.425 / Time: 0h:2m:31s (0h:0m:30s left)
Log-likelihood cutoff on original alignment: -3686.722
TREE SEARCH COMPLETED AFTER 250 ITERATIONS / Time: 0h:2m:31s

--------------------------------------------------------------------
|                    FINALIZING TREE SEARCH                        |
--------------------------------------------------------------------
Performs final model parameters optimization
Estimate model parameters (epsilon = 0.010)
1. Initial log-likelihood: -3644.576
Optimal log-likelihood: -3644.576
Proportion of invariable sites: 0.345
Gamma shape alpha: 1.090
Parameters optimization took 1 rounds (0.073 sec)
BEST SCORE FOUND : -3644.576
Creating bootstrap support values...
Split supports printed to NEXUS file results_broccoli_meto/alignments/OG_1417.iqtree.splits.nex
Total tree length: 8.246

Total number of iterations: 250
CPU time used for tree search: 145.359 sec (0h:2m:25s)
Wall-clock time used for tree search: 145.768 sec (0h:2m:25s)
Total CPU time used: 151.429 sec (0h:2m:31s)
Total wall-clock time used: 151.844 sec (0h:2m:31s)

Computing bootstrap consensus tree...
Reading input file results_broccoli_meto/alignments/OG_1417.iqtree.splits.nex...
56 taxa and 552 splits.
Consensus tree written to results_broccoli_meto/alignments/OG_1417.iqtree.contree
Reading input trees file results_broccoli_meto/alignments/OG_1417.iqtree.contree
Log-likelihood of consensus tree: -3645.382

Analysis results written to: 
  IQ-TREE report:                results_broccoli_meto/alignments/OG_1417.iqtree.iqtree
  Maximum-likelihood tree:       results_broccoli_meto/alignments/OG_1417.iqtree.treefile
  Likelihood distances:          results_broccoli_meto/alignments/OG_1417.iqtree.mldist

Ultrafast bootstrap approximation results written to:
  Split support values:          results_broccoli_meto/alignments/OG_1417.iqtree.splits.nex
  Consensus tree:                results_broccoli_meto/alignments/OG_1417.iqtree.contree
  Screen log file:               results_broccoli_meto/alignments/OG_1417.iqtree.log

Date and Time: Fri Dec 16 13:03:23 2022
