IQ-TREE multicore version 2.1.0 for Linux 64-bit built Jul 18 2020
Developed by Bui Quang Minh, James Barbetti, Nguyen Lam Tung,
Olga Chernomor, Heiko Schmidt, Dominik Schrempf, Michael Woodhams.

Host:    node-hp0515.linux.crg.es (AVX, 125 GB RAM)
Command: /users/asebe/xgraubove/Programes/iqtree-2.1.0-Linux/bin/iqtree2 -s results_broccoli_meto/alignments/OG_13340.lt.fasta -m TEST -mset LG,WAG,JTT -nt AUTO -ntmax 2 -bb 1000 -pre results_broccoli_meto/alignments/OG_13340.iqtree -nm 10000 -nstop 200 -cptime 1800
Seed:    377985 (Using SPRNG - Scalable Parallel Random Number Generator)
Time:    Fri Dec 16 12:22:07 2022
Kernel:  AVX - auto-detect threads (2 CPU cores detected)

Reading alignment file results_broccoli_meto/alignments/OG_13340.lt.fasta ... Fasta format detected
Alignment most likely contains protein sequences
Alignment has 41 sequences with 435 columns, 435 distinct patterns
429 parsimony-informative, 0 singleton sites, 6 constant sites
                                                   Gap/Ambiguity  Composition  p-value
   1  Bralan_BLAG02002319_1                                2.30%    passed     30.98%
   2  Skow_XM_006813968.1                                  3.91%    passed     92.36%
   3  Exapal_XM_021060310.2                                3.68%    passed     97.19%
   4  Nvec_v1g242282                                       7.13%    passed     96.17%
   5  Adig_XM_015902210.1                                 54.02%    passed     80.43%
   6  Gfas_gfas1.m1.4134.m1                                2.99%    passed     99.87%
   7  Fspp_ffun1.m4.13650.m1                              33.33%    passed     78.21%
   8  Gasp_gasp1.m3.20913.m1                               3.22%    passed     98.25%
   9  Spis_XP_022778080_1                                 39.08%    passed     98.26%
  10  Pocdam_XM_027183125.1                                3.22%    passed    100.00%
  11  Amil_Amillepora29141-RA                             52.18%    passed     11.34%
  12  Dgig_XM_028543387.1                                  6.44%    passed     93.93%
  13  Xesp_002242-T1                                      15.63%    passed     60.86%
  14  Cgig_XM_011423667.3                                  4.14%    passed     49.40%
  15  Acagra_model.g13805.t1                               3.45%    passed     72.70%
  16  Aaur_scaffold1101.g4.t2                             17.24%    passed     87.86%
  17  Nemnom_g3530.t1                                     10.11%    passed     67.95%
  18  Rhoesc_Res_009555-T1                                 1.84%    passed     56.94%
  19  Sanmal_Sma_013784-T1                                 2.07%    passed     74.48%
  20  Spur_XM_030976905.1                                  5.75%    passed     92.65%
  21  Lcom_lcpid15547                                      2.07%    failed      3.34%
  22  Leuniv_Lniv_scaffold15334_01                         5.52%    failed      3.33%
  23  Gracom_Gcom_C554188_01                               2.76%    passed     25.59%
  24  Clacor_Ccor_scaffold9920_01                         29.43%    passed     42.52%
  25  Ocar_g9487                                          64.60%    passed      5.98%
  26  Opea_EP00118_Oscarella_pearsei_P004256              10.57%    passed     10.76%
  27  Aque_Aqu2.1.37796_001                                0.69%    passed     30.13%
  28  Halamb_c48247_g2_i3mm.2572                           2.53%    passed     52.06%
  29  Emue_Em0009g402a.t1                                  3.45%    passed     92.85%
  30  Spolac_c100409_g1_i1_m.22354c100409-g1               3.45%    passed     27.85%
  31  Tetwil_g4429.t1                                      8.05%    passed     82.71%
  32  Stycar_maker-SC_scaffold4254-snap-gene-0.5-mRNA-1   73.33%    passed     16.14%
  33  Plespi_Pspi_C611586_01                               7.59%    passed     92.73%
  34  Chem_TCONS_00022813                                  3.22%    passed     61.61%
  35  HoiH06_mRNA7187                                     36.55%    passed     20.66%
  36  Hhon_g08330.t1                                       7.36%    passed     38.64%
  37  HoiH04_mRNA5351                                      4.14%    passed     45.07%
  38  HoiH23_PlH23_008819-RA                               4.14%    passed     58.10%
  39  HoiH11_mRNA8260                                      4.14%    passed     93.94%
  40  Morvir_scaffold254.g23.t1                           31.49%    passed     53.32%
  41  Ctel_gnl_WGS_AMQN_CAPTEDRAFT_mRNA44181              18.39%    passed     90.73%
WARNING: 4 sequences contain more than 50% gaps/ambiguity
****  TOTAL                                               14.52%  2 sequences failed composition chi2 test (p-value<5%; df=19)


Create initial parsimony tree by phylogenetic likelihood library (PLL)... 0.011 seconds
Measuring multi-threading efficiency up to 2 CPU cores
Increase to 10 rounds for branch lengths
5 trees examined
Threads: 1 / Time: 2.224 sec / Speedup: 1.000 / Efficiency: 100% / LogL: -29711
Threads: 2 / Time: 1.164 sec / Speedup: 1.911 / Efficiency: 96% / LogL: -29711
BEST NUMBER OF THREADS: 2

Perform fast likelihood tree search using LG+I+G model...
Estimate model parameters (epsilon = 5.000)
Perform nearest neighbor interchange...
Estimate model parameters (epsilon = 1.000)
1. Initial log-likelihood: -22742.357
Optimal log-likelihood: -22742.229
Proportion of invariable sites: 0.006
Gamma shape alpha: 1.586
Parameters optimization took 1 rounds (0.090 sec)
Time for fast ML tree search: 0.897 seconds

NOTE: ModelFinder requires 13 MB RAM!
ModelFinder will test up to 24 protein models (sample size: 435) ...
 No. Model         -LnL         df  AIC          AICc         BIC
  1  LG            23347.295    79  46852.589    46888.195    47174.541
  2  LG+I          23310.066    80  46780.133    46816.743    47106.160
  3  LG+G4         22743.636    80  45647.272    45683.882    45973.299
  4  LG+I+G4       22742.227    81  45646.455    45684.086    45976.558
  7  LG+F+G4       22669.362    99  45536.724    45595.829    45940.184
  8  LG+F+I+G4     22668.401    100 45536.802    45597.281    45944.337
 11  WAG+G4        22844.917    80  45849.834    45886.444    46175.862
 12  WAG+I+G4      22842.711    81  45847.422    45885.054    46177.525
 15  WAG+F+G4      22720.624    99  45639.249    45698.353    46042.708
 16  WAG+F+I+G4    22718.495    100 45636.990    45697.469    46044.525
 19  JTT+G4        22845.226    80  45850.451    45887.061    46176.479
 20  JTT+I+G4      22842.587    81  45847.174    45884.805    46177.277
 23  JTT+F+G4      22741.313    99  45680.625    45739.730    46084.084
 24  JTT+F+I+G4    22739.036    100 45678.071    45738.550    46085.606
Akaike Information Criterion:           LG+F+G4
Corrected Akaike Information Criterion: LG+F+G4
Bayesian Information Criterion:         LG+F+G4
Best-fit model: LG+F+G4 chosen according to BIC

All model information printed to results_broccoli_meto/alignments/OG_13340.iqtree.model.gz
CPU time for ModelFinder: 14.748 seconds (0h:0m:14s)
Wall-clock time for ModelFinder: 8.588 seconds (0h:0m:8s)
Generating 1000 samples for ultrafast bootstrap (seed: 377985)...

NOTE: 13 MB RAM (0 GB) is required!
Estimate model parameters (epsilon = 0.100)
1. Initial log-likelihood: -22669.362
Optimal log-likelihood: -22669.361
Gamma shape alpha: 1.490
Parameters optimization took 1 rounds (0.078 sec)
Computing ML distances based on estimated model parameters...
Computing ML distances took 0.116883 sec (of wall-clock time) 0.233465 sec(of CPU time)
Computing RapidNJ tree took 0.000543 sec (of wall-clock time) 0.001077 sec (of CPU time)
Log-likelihood of RapidNJ tree: -23307.354
--------------------------------------------------------------------
|             INITIALIZING CANDIDATE TREE SET                      |
--------------------------------------------------------------------
Generating 98 parsimony trees... 1.187 second
Computing log-likelihood of 98 initial trees ... 2.720 seconds
Current best score: -22669.361

Do NNI search on 20 best initial trees
Estimate model parameters (epsilon = 0.100)
BETTER TREE FOUND at iteration 1: -22668.204
Estimate model parameters (epsilon = 0.100)
BETTER TREE FOUND at iteration 6: -22666.312
Iteration 10 / LogL: -22666.823 / Time: 0h:0m:8s
Iteration 20 / LogL: -22685.160 / Time: 0h:0m:12s
Finish initializing candidate tree set (7)
Current best tree score: -22666.312 / CPU time: 12.071
Number of iterations: 20
--------------------------------------------------------------------
|               OPTIMIZING CANDIDATE TREE SET                      |
--------------------------------------------------------------------
Iteration 30 / LogL: -22668.237 / Time: 0h:0m:18s (0h:1m:54s left)
Iteration 40 / LogL: -22668.227 / Time: 0h:0m:24s (0h:1m:45s left)
Iteration 50 / LogL: -22666.437 / Time: 0h:0m:31s (0h:1m:39s left)
Log-likelihood cutoff on original alignment: -22710.349
Iteration 60 / LogL: -22666.867 / Time: 0h:0m:37s (0h:1m:33s left)
Iteration 70 / LogL: -22666.360 / Time: 0h:0m:42s (0h:1m:24s left)
Iteration 80 / LogL: -22667.309 / Time: 0h:0m:48s (0h:1m:17s left)
Iteration 90 / LogL: -22666.808 / Time: 0h:0m:54s (0h:1m:11s left)
Iteration 100 / LogL: -22672.629 / Time: 0h:1m:0s (0h:1m:4s left)
Log-likelihood cutoff on original alignment: -22710.349
NOTE: Bootstrap correlation coefficient of split occurrence frequencies: 0.999
Iteration 110 / LogL: -22666.422 / Time: 0h:1m:6s (0h:0m:58s left)
Iteration 120 / LogL: -22666.690 / Time: 0h:1m:12s (0h:0m:52s left)
Iteration 130 / LogL: -22666.683 / Time: 0h:1m:17s (0h:0m:45s left)
Iteration 140 / LogL: -22668.423 / Time: 0h:1m:23s (0h:0m:39s left)
Iteration 150 / LogL: -22666.424 / Time: 0h:1m:29s (0h:0m:33s left)
Log-likelihood cutoff on original alignment: -22710.349
Iteration 160 / LogL: -22668.400 / Time: 0h:1m:34s (0h:0m:27s left)
Iteration 170 / LogL: -22671.414 / Time: 0h:1m:41s (0h:0m:21s left)
Iteration 180 / LogL: -22668.500 / Time: 0h:1m:46s (0h:0m:15s left)
Iteration 190 / LogL: -22666.536 / Time: 0h:1m:51s (0h:0m:9s left)
Iteration 200 / LogL: -22666.750 / Time: 0h:1m:57s (0h:0m:3s left)
Log-likelihood cutoff on original alignment: -22710.349
NOTE: Bootstrap correlation coefficient of split occurrence frequencies: 1.000
TREE SEARCH COMPLETED AFTER 207 ITERATIONS / Time: 0h:2m:0s

--------------------------------------------------------------------
|                    FINALIZING TREE SEARCH                        |
--------------------------------------------------------------------
Performs final model parameters optimization
Estimate model parameters (epsilon = 0.010)
1. Initial log-likelihood: -22666.312
Optimal log-likelihood: -22666.309
Gamma shape alpha: 1.492
Parameters optimization took 1 rounds (0.077 sec)
BEST SCORE FOUND : -22666.309
Creating bootstrap support values...
Split supports printed to NEXUS file results_broccoli_meto/alignments/OG_13340.iqtree.splits.nex
Total tree length: 23.024

Total number of iterations: 207
CPU time used for tree search: 238.561 sec (0h:3m:58s)
Wall-clock time used for tree search: 120.225 sec (0h:2m:0s)
Total CPU time used: 239.998 sec (0h:3m:59s)
Total wall-clock time used: 121.099 sec (0h:2m:1s)

Computing bootstrap consensus tree...
Reading input file results_broccoli_meto/alignments/OG_13340.iqtree.splits.nex...
41 taxa and 219 splits.
Consensus tree written to results_broccoli_meto/alignments/OG_13340.iqtree.contree
Reading input trees file results_broccoli_meto/alignments/OG_13340.iqtree.contree
Log-likelihood of consensus tree: -22666.310

Analysis results written to: 
  IQ-TREE report:                results_broccoli_meto/alignments/OG_13340.iqtree.iqtree
  Maximum-likelihood tree:       results_broccoli_meto/alignments/OG_13340.iqtree.treefile
  Likelihood distances:          results_broccoli_meto/alignments/OG_13340.iqtree.mldist

Ultrafast bootstrap approximation results written to:
  Split support values:          results_broccoli_meto/alignments/OG_13340.iqtree.splits.nex
  Consensus tree:                results_broccoli_meto/alignments/OG_13340.iqtree.contree
  Screen log file:               results_broccoli_meto/alignments/OG_13340.iqtree.log

Date and Time: Fri Dec 16 12:24:17 2022
