IQ-TREE multicore version 2.1.0 for Linux 64-bit built Jul 18 2020
Developed by Bui Quang Minh, James Barbetti, Nguyen Lam Tung,
Olga Chernomor, Heiko Schmidt, Dominik Schrempf, Michael Woodhams.

Host:    node-hp0413.linux.crg.es (AVX, 125 GB RAM)
Command: /users/asebe/xgraubove/Programes/iqtree-2.1.0-Linux/bin/iqtree2 -s results_broccoli_meto/alignments/OG_12486.lt.fasta -m TEST -mset LG,WAG,JTT -nt AUTO -ntmax 2 -bb 1000 -pre results_broccoli_meto/alignments/OG_12486.iqtree -nm 10000 -nstop 200 -cptime 1800
Seed:    43341 (Using SPRNG - Scalable Parallel Random Number Generator)
Time:    Fri Dec 16 10:49:47 2022
Kernel:  AVX - auto-detect threads (2 CPU cores detected)

Reading alignment file results_broccoli_meto/alignments/OG_12486.lt.fasta ... Fasta format detected
Alignment most likely contains protein sequences
Alignment has 53 sequences with 333 columns, 333 distinct patterns
332 parsimony-informative, 0 singleton sites, 1 constant sites
                                                         Gap/Ambiguity  Composition  p-value
   1  Hsap_ENST00000367874                                       3.90%    passed     59.02%
   2  Bralan_BLAG08000366_1                                      1.50%    passed     72.42%
   3  Skow_XM_002735340.2                                        1.80%    passed     60.49%
   4  Nvec_v1g98418                                              8.41%    passed     41.75%
   5  Adig_XM_015910321.1                                       33.03%    passed     51.49%
   6  Amil_Amillepora06097-RA                                   10.81%    passed     97.19%
   7  Gfas_gfas1.m1.1374.m1                                      4.80%    passed     99.64%
   8  Fspp_ffun1.m4.12643.m1                                    36.64%    passed     93.35%
   9  Gasp_gasp1.m3.19951.m1                                     2.40%    passed     98.64%
  10  Spis_XP_022789612_1                                        2.40%    passed     97.81%
  11  Pocdam_XM_027184094.1                                      2.40%    passed     96.72%
  12  Chem_TCONS_00006252                                       60.96%    passed     50.48%
  13  Aaur_scaffold78.g33.t1                                    23.42%    passed     95.27%
  14  Sanmal_Sma_021571-T1                                       7.21%    passed     69.26%
  15  Nemnom_g13545.t1                                          20.42%    passed     81.30%
  16  Rhoesc_Res_015196-T1                                      32.13%    passed     58.59%
  17  Dgig_XM_028535235.1                                        6.01%    passed     97.12%
  18  Xesp_013232-T1                                             6.91%    passed     80.55%
  19  Morvir_scaffold1.g25.t2                                    8.11%    passed     96.78%
  20  Cscu_XM_023360092.1                                        3.60%    passed     53.05%
  21  Cgig_XM_011457050.3                                        3.90%    passed     68.72%
  22  Acagra_model.g20444.t1                                     1.20%    passed     98.97%
  23  Aque_Aqu2.1.40231_001                                     13.81%    passed     68.17%
  24  Emue_Em0016g164a.t1                                       21.32%    failed      3.25%
  25  Spolac_c111033_g1_i1_m.45775c111033-g1                    14.71%    passed     29.55%
  26  Tetwil_g24178.t1                                           8.41%    passed     97.15%
  27  Stycar_maker-SC_scaffold3166-snap-gene-0.33-mRNA-1         3.00%    failed      2.33%
  28  Xestes_maker-XT_scaffold154785-augustus-gene-0.4-mRNA-1   34.83%    passed     57.79%
  29  Dpul_mRNA6401                                              9.91%    passed     41.24%
  30  Ctel_gnl_WGS_AMQN_CAPTEDRAFT_mRNA220509                   41.14%    passed     98.16%
  31  Spur_XM_030975570.1                                        5.41%    passed     68.82%
  32  Opea_EP00118_Oscarella_pearsei_P004993                     7.81%    passed     27.20%
  33  Tadh_TriadT53489                                          14.41%    passed     88.29%
  34  TrH2_TrispH2_002667-RA                                     8.41%    passed     82.23%
  35  HoiH06_mRNA6047                                           15.02%    passed     14.62%
  36  Hhon_g01575.t1                                             8.11%    passed     94.85%
  37  HoiH04_mRNA16805                                           8.11%    passed     92.82%
  38  HoiH23_PlH23_002519-RA                                     8.11%    passed     79.37%
  39  HoiH11_mRNA5725                                            8.11%    passed     84.04%
  40  Pbac_sb2659103                                            15.02%    passed     53.55%
  41  Horcal_Hcv1.av93.c2.g227.i1                               21.32%    passed     82.66%
  42  Drygla_Dgla_sb281775                                      32.73%    passed     21.58%
  43  Beraby_Baby_sb333169                                      56.46%    passed     93.68%
  44  Lampan_Lpan_12582_01                                      18.62%    passed     32.01%
  45  Vmul_sbMO415272                                           19.22%    passed     14.89%
  46  Coeast_Cast_sb767629                                      42.04%    passed      5.57%
  47  Coemet_Cmet_scaffold9933_01                               19.22%    passed     42.86%
  48  Eupdun_Edun_sb10692652                                    56.16%    failed      3.74%
  49  Plajan_Pjan_scaffold318_01                                 7.51%    passed     69.30%
  50  Tcas_TC000372_001                                         21.02%    passed     20.13%
  51  Lcom_lcpid94830                                           19.22%    failed      0.27%
  52  Gracom_Gcom_scaffold6727_01                               13.51%    passed     17.10%
  53  Leuniv_Lniv_scaffold6020_01                               29.43%    failed      0.00%
WARNING: 3 sequences contain more than 50% gaps/ambiguity
****  TOTAL                                                     16.68%  5 sequences failed composition chi2 test (p-value<5%; df=19)


Create initial parsimony tree by phylogenetic likelihood library (PLL)... 0.027 seconds
Measuring multi-threading efficiency up to 2 CPU cores
Increase to 10 rounds for branch lengths
5 trees examined
Threads: 1 / Time: 2.395 sec / Speedup: 1.000 / Efficiency: 100% / LogL: -29212
Threads: 2 / Time: 1.284 sec / Speedup: 1.866 / Efficiency: 93% / LogL: -29212
BEST NUMBER OF THREADS: 2

Perform fast likelihood tree search using LG+I+G model...
Estimate model parameters (epsilon = 5.000)
Perform nearest neighbor interchange...
Estimate model parameters (epsilon = 1.000)
1. Initial log-likelihood: -21982.703
Optimal log-likelihood: -21982.502
Proportion of invariable sites: 0.000
Gamma shape alpha: 1.950
Parameters optimization took 1 rounds (0.240 sec)
Time for fast ML tree search: 1.308 seconds

NOTE: ModelFinder requires 13 MB RAM!
ModelFinder will test up to 24 protein models (sample size: 333) ...
 No. Model         -LnL         df  AIC          AICc         BIC
  1  LG            22446.043    103 45098.086    45191.641    45490.325
  2  LG+I          22443.055    104 45094.111    45189.900    45490.158
  3  LG+G4         21982.502    104 44173.004    44268.794    44569.051
  4  LG+I+G4       21982.499    105 44174.998    44273.059    44574.853
  7  LG+F+G4       21904.527    123 44055.054    44201.007    44523.456
  8  LG+F+I+G4     21904.529    124 44057.058    44206.096    44529.267
 11  WAG+G4        22064.955    104 44337.910    44433.700    44733.957
 12  WAG+I+G4      22064.907    105 44339.813    44437.875    44739.668
 15  WAG+F+G4      22021.579    123 44289.159    44435.111    44757.560
 16  WAG+F+I+G4    22021.512    124 44291.023    44440.062    44763.233
 19  JTT+G4        21961.219    104 44130.438    44226.228    44526.485
 20  JTT+I+G4      21960.045    105 44130.090    44228.152    44529.945
 23  JTT+F+G4      21906.883    123 44059.766    44205.718    44528.167
 24  JTT+F+I+G4    21905.088    124 44058.175    44207.214    44530.385
Akaike Information Criterion:           LG+F+G4
Corrected Akaike Information Criterion: LG+F+G4
Bayesian Information Criterion:         LG+F+G4
Best-fit model: LG+F+G4 chosen according to BIC

All model information printed to results_broccoli_meto/alignments/OG_12486.iqtree.model.gz
CPU time for ModelFinder: 16.389 seconds (0h:0m:16s)
Wall-clock time for ModelFinder: 10.882 seconds (0h:0m:10s)
Generating 1000 samples for ultrafast bootstrap (seed: 43341)...

NOTE: 13 MB RAM (0 GB) is required!
Estimate model parameters (epsilon = 0.100)
1. Initial log-likelihood: -21904.527
Optimal log-likelihood: -21904.526
Gamma shape alpha: 1.902
Parameters optimization took 1 rounds (0.088 sec)
Computing ML distances based on estimated model parameters...
Computing ML distances took 0.213786 sec (of wall-clock time) 0.417929 sec(of CPU time)
Computing RapidNJ tree took 0.000979 sec (of wall-clock time) 0.001675 sec (of CPU time)
Log-likelihood of RapidNJ tree: -21974.791
--------------------------------------------------------------------
|             INITIALIZING CANDIDATE TREE SET                      |
--------------------------------------------------------------------
Generating 98 parsimony trees... 1.389 second
Computing log-likelihood of 98 initial trees ... 3.014 seconds
Current best score: -21904.526

Do NNI search on 20 best initial trees
Estimate model parameters (epsilon = 0.100)
BETTER TREE FOUND at iteration 1: -21902.827
Estimate model parameters (epsilon = 0.100)
BETTER TREE FOUND at iteration 2: -21902.423
Estimate model parameters (epsilon = 0.100)
BETTER TREE FOUND at iteration 3: -21900.993
Estimate model parameters (epsilon = 0.100)
BETTER TREE FOUND at iteration 5: -21900.836
Estimate model parameters (epsilon = 0.100)
BETTER TREE FOUND at iteration 9: -21899.104
Iteration 10 / LogL: -21899.317 / Time: 0h:0m:12s
BETTER TREE FOUND at iteration 12: -21899.101
Estimate model parameters (epsilon = 0.100)
UPDATE BEST LOG-LIKELIHOOD: -21898.967
Iteration 20 / LogL: -21903.130 / Time: 0h:0m:18s
Finish initializing candidate tree set (12)
Current best tree score: -21898.967 / CPU time: 16.386
Number of iterations: 20
--------------------------------------------------------------------
|               OPTIMIZING CANDIDATE TREE SET                      |
--------------------------------------------------------------------
Iteration 30 / LogL: -21907.897 / Time: 0h:0m:25s (0h:2m:41s left)
Iteration 40 / LogL: -21899.353 / Time: 0h:0m:32s (0h:2m:22s left)
Iteration 50 / LogL: -21899.819 / Time: 0h:0m:39s (0h:2m:12s left)
Log-likelihood cutoff on original alignment: -21930.440
Iteration 60 / LogL: -21899.929 / Time: 0h:0m:46s (0h:2m:0s left)
Iteration 70 / LogL: -21900.897 / Time: 0h:0m:53s (0h:1m:50s left)
Iteration 80 / LogL: -21899.162 / Time: 0h:1m:0s (0h:1m:40s left)
Iteration 90 / LogL: -21899.133 / Time: 0h:1m:6s (0h:1m:31s left)
Iteration 100 / LogL: -21899.273 / Time: 0h:1m:12s (0h:1m:22s left)
Log-likelihood cutoff on original alignment: -21930.440
NOTE: Bootstrap correlation coefficient of split occurrence frequencies: 0.999
Estimate model parameters (epsilon = 0.100)
BETTER TREE FOUND at iteration 109: -21898.692
Iteration 110 / LogL: -21899.391 / Time: 0h:1m:20s (0h:2m:26s left)
Iteration 120 / LogL: -21899.951 / Time: 0h:1m:26s (0h:2m:17s left)
Iteration 130 / LogL: -21899.841 / Time: 0h:1m:33s (0h:2m:10s left)
Iteration 140 / LogL: -21982.308 / Time: 0h:1m:40s (0h:2m:2s left)
Iteration 150 / LogL: -21899.074 / Time: 0h:1m:47s (0h:1m:54s left)
Log-likelihood cutoff on original alignment: -21929.713
Iteration 160 / LogL: -21899.233 / Time: 0h:1m:54s (0h:1m:47s left)
Iteration 170 / LogL: -21972.165 / Time: 0h:2m:0s (0h:1m:38s left)
Estimate model parameters (epsilon = 0.100)
UPDATE BEST LOG-LIKELIHOOD: -21898.665
Iteration 180 / LogL: -21898.982 / Time: 0h:2m:7s (0h:1m:31s left)
Iteration 190 / LogL: -21910.289 / Time: 0h:2m:13s (0h:1m:24s left)
Iteration 200 / LogL: -21899.210 / Time: 0h:2m:20s (0h:1m:16s left)
Log-likelihood cutoff on original alignment: -21930.029
NOTE: Bootstrap correlation coefficient of split occurrence frequencies: 0.998
Iteration 210 / LogL: -21899.499 / Time: 0h:2m:27s (0h:1m:9s left)
Iteration 220 / LogL: -21899.553 / Time: 0h:2m:33s (0h:1m:2s left)
Iteration 230 / LogL: -21899.212 / Time: 0h:2m:39s (0h:0m:55s left)
Iteration 240 / LogL: -21899.123 / Time: 0h:2m:46s (0h:0m:48s left)
Iteration 250 / LogL: -21899.104 / Time: 0h:2m:53s (0h:0m:41s left)
Log-likelihood cutoff on original alignment: -21930.029
Iteration 260 / LogL: -21905.857 / Time: 0h:3m:0s (0h:0m:34s left)
Iteration 270 / LogL: -21899.204 / Time: 0h:3m:6s (0h:0m:27s left)
Iteration 280 / LogL: -21900.792 / Time: 0h:3m:13s (0h:0m:20s left)
Iteration 290 / LogL: -21899.185 / Time: 0h:3m:19s (0h:0m:13s left)
Iteration 300 / LogL: -21901.150 / Time: 0h:3m:26s (0h:0m:6s left)
Log-likelihood cutoff on original alignment: -21930.029
NOTE: Bootstrap correlation coefficient of split occurrence frequencies: 0.998
Iteration 310 / LogL: -21899.635 / Time: 0h:3m:33s (0h:1m:2s left)
TREE SEARCH COMPLETED AFTER 310 ITERATIONS / Time: 0h:3m:33s

--------------------------------------------------------------------
|                    FINALIZING TREE SEARCH                        |
--------------------------------------------------------------------
Performs final model parameters optimization
Estimate model parameters (epsilon = 0.010)
1. Initial log-likelihood: -21898.665
Optimal log-likelihood: -21898.664
Gamma shape alpha: 1.910
Parameters optimization took 1 rounds (0.086 sec)
BEST SCORE FOUND : -21898.664
Creating bootstrap support values...
Split supports printed to NEXUS file results_broccoli_meto/alignments/OG_12486.iqtree.splits.nex
Total tree length: 33.594

Total number of iterations: 310
CPU time used for tree search: 415.276 sec (0h:6m:55s)
Wall-clock time used for tree search: 210.631 sec (0h:3m:30s)
Total CPU time used: 417.333 sec (0h:6m:57s)
Total wall-clock time used: 213.854 sec (0h:3m:33s)

Computing bootstrap consensus tree...
Reading input file results_broccoli_meto/alignments/OG_12486.iqtree.splits.nex...
53 taxa and 308 splits.
Consensus tree written to results_broccoli_meto/alignments/OG_12486.iqtree.contree
Reading input trees file results_broccoli_meto/alignments/OG_12486.iqtree.contree
Log-likelihood of consensus tree: -21899.199

Analysis results written to: 
  IQ-TREE report:                results_broccoli_meto/alignments/OG_12486.iqtree.iqtree
  Maximum-likelihood tree:       results_broccoli_meto/alignments/OG_12486.iqtree.treefile
  Likelihood distances:          results_broccoli_meto/alignments/OG_12486.iqtree.mldist

Ultrafast bootstrap approximation results written to:
  Split support values:          results_broccoli_meto/alignments/OG_12486.iqtree.splits.nex
  Consensus tree:                results_broccoli_meto/alignments/OG_12486.iqtree.contree
  Screen log file:               results_broccoli_meto/alignments/OG_12486.iqtree.log

Date and Time: Fri Dec 16 10:53:36 2022
