IQ-TREE multicore version 2.1.0 for Linux 64-bit built Jul 18 2020
Developed by Bui Quang Minh, James Barbetti, Nguyen Lam Tung,
Olga Chernomor, Heiko Schmidt, Dominik Schrempf, Michael Woodhams.

Host:    node-hp0305.linux.crg.es (AVX, 125 GB RAM)
Command: /users/asebe/xgraubove/Programes/iqtree-2.1.0-Linux/bin/iqtree2 -s results_broccoli_meto/alignments/OG_13000.lt.fasta -m TEST -mset LG,WAG,JTT -nt AUTO -ntmax 2 -bb 1000 -pre results_broccoli_meto/alignments/OG_13000.iqtree -nm 10000 -nstop 200 -cptime 1800
Seed:    512777 (Using SPRNG - Scalable Parallel Random Number Generator)
Time:    Fri Dec 16 11:48:38 2022
Kernel:  AVX - auto-detect threads (2 CPU cores detected)

Reading alignment file results_broccoli_meto/alignments/OG_13000.lt.fasta ... Fasta format detected
Alignment most likely contains protein sequences
Alignment has 37 sequences with 1212 columns, 1209 distinct patterns
1192 parsimony-informative, 0 singleton sites, 19 constant sites
                                                        Gap/Ambiguity  Composition  p-value
   1  Hsap_ENST00000264555                                     15.26%    failed      0.00%
   2  Spur_XM_030989365.1                                       8.33%    failed      0.00%
   3  Skow_XM_006814823.1                                       3.63%    failed      0.15%
   4  Lcom_lcpid127136                                         87.05%    failed      0.00%
   5  Gracom_Gcom_C553012_01                                   56.19%    failed      0.00%
   6  Cgig_XM_011448805.3                                       9.57%    failed      0.00%
   7  Nvec_NVE16359                                            25.25%    passed     43.11%
   8  Adig_XM_015913088.1                                      18.15%    passed     35.85%
   9  Amil_Amillepora13036-RA                                  18.40%    passed     42.58%
  10  Gfas_gfas1.m1.2278.m1                                    19.97%    passed     41.87%
  11  Fspp_ffun1.m4.1039.m1                                    83.75%    failed      0.00%
  12  Gasp_gasp1.m3.17012.m1                                   20.71%    failed      0.00%
  13  Spis_XP_022793822_1                                      22.03%    passed     27.14%
  14  Pocdam_XM_027191477.1                                    25.41%    passed     72.91%
  15  Sanmal_Sma_001613-T1                                     25.99%    passed     18.98%
  16  Chem_TCONS_00018575                                      32.43%    failed      0.00%
  17  Acagra_model.g18248.t1                                    9.49%    failed      2.88%
  18  Emue_Em0003g1008a.t1                                     42.66%    failed      4.09%
  19  Spolac_c93448_g1_i1_m.8888c93448-g1                      87.05%    passed     24.76%
  20  Tetwil_g22368.t1                                         31.52%    failed      0.01%
  21  Xestes_maker-XT_scaffold4441-augustus-gene-0.13-mRNA-1   34.98%    failed      0.34%
  22  Nemnom_g3346.t1                                          32.92%    passed     63.07%
  23  Rhoesc_Res_017586-T1                                     33.99%    passed     52.88%
  24  Tadh_TriadT51933                                         59.65%    failed      0.16%
  25  TrH2_TrispH2_007532-RA                                   57.43%    failed      0.21%
  26  HoiH06_mRNA6207                                          62.62%    failed      0.02%
  27  HoiH23_PlH23_002306-RA                                   57.92%    failed      0.06%
  28  Hhon_g07626.t1                                           57.76%    failed      0.01%
  29  HoiH04_mRNA8809                                          57.67%    failed      0.02%
  30  Bralan_BLAG03000578_1                                    14.36%    failed      0.00%
  31  Tcas_TC005009_001                                         9.49%    failed      0.28%
  32  Hvul_g27620_1                                            33.83%    failed      0.00%
  33  Dpul_mRNA6430                                            15.02%    failed      0.46%
  34  Aque_Aqu2.1.35177_001                                    32.18%    passed     63.43%
  35  Cscu_XM_023367589.1                                      18.73%    failed      0.00%
  36  Exapal_XM_028658721.1                                    47.69%    failed      0.05%
  37  Xesp_022700-T1                                           67.16%    failed      1.24%
WARNING: 11 sequences contain more than 50% gaps/ambiguity
****  TOTAL                                                    36.11%  26 sequences failed composition chi2 test (p-value<5%; df=19)


Create initial parsimony tree by phylogenetic likelihood library (PLL)... 0.043 seconds
Measuring multi-threading efficiency up to 2 CPU cores
Increase to 10 rounds for branch lengths
2 trees examined
Threads: 1 / Time: 2.559 sec / Speedup: 1.000 / Efficiency: 100% / LogL: -65273
Threads: 2 / Time: 1.721 sec / Speedup: 1.487 / Efficiency: 74% / LogL: -65273
BEST NUMBER OF THREADS: 2

Perform fast likelihood tree search using LG+I+G model...
Estimate model parameters (epsilon = 5.000)
Perform nearest neighbor interchange...
Estimate model parameters (epsilon = 1.000)
1. Initial log-likelihood: -59074.547
Optimal log-likelihood: -59074.497
Proportion of invariable sites: 0.014
Gamma shape alpha: 2.350
Parameters optimization took 1 rounds (0.242 sec)
Time for fast ML tree search: 2.937 seconds

NOTE: ModelFinder requires 32 MB RAM!
ModelFinder will test up to 24 protein models (sample size: 1212) ...
 No. Model         -LnL         df  AIC          AICc         BIC
  1  LG            60006.106    71  120154.213   120163.181   120516.315
  2  LG+I          59785.234    72  119714.467   119723.696   120081.669
  3  LG+G4         59136.695    72  118417.389   118426.618   118784.591
  4  LG+I+G4       59074.491    73  118294.983   118304.477   118667.285
  8  LG+F+I+G4     58552.657    92  117289.314   117304.606   117758.516
 12  WAG+I+G4      59007.246    73  118160.491   118169.985   118532.793
 16  WAG+F+I+G4    58501.292    92  117186.584   117201.876   117655.786
 20  JTT+I+G4      59160.130    73  118466.259   118475.753   118838.561
 24  JTT+F+I+G4    58480.647    92  117145.295   117160.587   117614.497
Akaike Information Criterion:           JTT+F+I+G4
Corrected Akaike Information Criterion: JTT+F+I+G4
Bayesian Information Criterion:         JTT+F+I+G4
Best-fit model: JTT+F+I+G4 chosen according to BIC

All model information printed to results_broccoli_meto/alignments/OG_13000.iqtree.model.gz
CPU time for ModelFinder: 28.543 seconds (0h:0m:28s)
Wall-clock time for ModelFinder: 16.200 seconds (0h:0m:16s)
Generating 1000 samples for ultrafast bootstrap (seed: 512777)...

NOTE: 32 MB RAM (0 GB) is required!
Estimate model parameters (epsilon = 0.100)
Thoroughly optimizing +I+G parameters from 10 start values...
Init pinv, alpha: 0.000, 2.069 / Estimate: 0.016, 2.052 / LogL: -58480.653
Init pinv, alpha: 0.002, 2.069 / Estimate: 0.016, 2.059 / LogL: -58480.644
Init pinv, alpha: 0.004, 2.069 / Estimate: 0.016, 2.065 / LogL: -58480.644
Init pinv, alpha: 0.006, 2.069 / Estimate: 0.016, 2.066 / LogL: -58480.646
Init pinv, alpha: 0.007, 2.069 / Estimate: 0.016, 2.065 / LogL: -58480.645
Init pinv, alpha: 0.009, 2.069 / Estimate: 0.016, 2.065 / LogL: -58480.644
Init pinv, alpha: 0.011, 2.069 / Estimate: 0.016, 2.066 / LogL: -58480.644
Init pinv, alpha: 0.013, 2.069 / Estimate: 0.016, 2.064 / LogL: -58480.644
Init pinv, alpha: 0.015, 2.069 / Estimate: 0.016, 2.064 / LogL: -58480.644
Init pinv, alpha: 0.017, 2.069 / Estimate: 0.016, 2.064 / LogL: -58480.643
Optimal pinv,alpha: 0.016, 2.064 / LogL: -58480.643

Parameters optimization took 5.629 sec
Computing ML distances based on estimated model parameters...
Computing ML distances took 0.111058 sec (of wall-clock time) 0.220833 sec(of CPU time)
Computing RapidNJ tree took 0.000469 sec (of wall-clock time) 0.000932 sec (of CPU time)
Log-likelihood of RapidNJ tree: -58528.893
--------------------------------------------------------------------
|             INITIALIZING CANDIDATE TREE SET                      |
--------------------------------------------------------------------
Generating 98 parsimony trees... 2.856 second
Computing log-likelihood of 98 initial trees ... 7.304 seconds
Current best score: -58480.643

Do NNI search on 20 best initial trees
Estimate model parameters (epsilon = 0.100)
BETTER TREE FOUND at iteration 1: -58480.161
Estimate model parameters (epsilon = 0.100)
BETTER TREE FOUND at iteration 3: -58480.061
Iteration 10 / LogL: -58483.396 / Time: 0h:0m:32s
Iteration 20 / LogL: -58493.477 / Time: 0h:0m:49s
Finish initializing candidate tree set (9)
Current best tree score: -58480.061 / CPU time: 42.329
Number of iterations: 20
--------------------------------------------------------------------
|               OPTIMIZING CANDIDATE TREE SET                      |
--------------------------------------------------------------------
Estimate model parameters (epsilon = 0.100)
UPDATE BEST LOG-LIKELIHOOD: -58479.880
Estimate model parameters (epsilon = 0.100)
BETTER TREE FOUND at iteration 27: -58479.297
Iteration 30 / LogL: -58480.277 / Time: 0h:1m:6s (0h:7m:28s left)
Iteration 40 / LogL: -58480.210 / Time: 0h:1m:22s (0h:6m:37s left)
Iteration 50 / LogL: -58480.398 / Time: 0h:1m:40s (0h:6m:3s left)
Log-likelihood cutoff on original alignment: -58511.343
Iteration 60 / LogL: -58481.343 / Time: 0h:1m:57s (0h:5m:33s left)
Iteration 70 / LogL: -58483.129 / Time: 0h:2m:13s (0h:5m:3s left)
Iteration 80 / LogL: -58480.334 / Time: 0h:2m:30s (0h:4m:40s left)
Iteration 90 / LogL: -58480.154 / Time: 0h:2m:47s (0h:4m:17s left)
Iteration 100 / LogL: -58481.114 / Time: 0h:3m:3s (0h:3m:55s left)
Log-likelihood cutoff on original alignment: -58509.504
NOTE: Bootstrap correlation coefficient of split occurrence frequencies: 0.999
Iteration 110 / LogL: -58480.257 / Time: 0h:3m:20s (0h:3m:35s left)
Iteration 120 / LogL: -58483.533 / Time: 0h:3m:36s (0h:3m:14s left)
Iteration 130 / LogL: -58480.043 / Time: 0h:3m:55s (0h:2m:57s left)
Iteration 140 / LogL: -58482.638 / Time: 0h:4m:11s (0h:2m:37s left)
Iteration 150 / LogL: -58493.736 / Time: 0h:4m:25s (0h:2m:17s left)
Log-likelihood cutoff on original alignment: -58509.504
Iteration 160 / LogL: -58479.405 / Time: 0h:4m:40s (0h:1m:58s left)
Iteration 170 / LogL: -58480.030 / Time: 0h:4m:58s (0h:1m:40s left)
Iteration 180 / LogL: -58480.293 / Time: 0h:5m:15s (0h:1m:22s left)
Iteration 190 / LogL: -58480.175 / Time: 0h:5m:31s (0h:1m:4s left)
Iteration 200 / LogL: -58480.266 / Time: 0h:5m:48s (0h:0m:47s left)
Log-likelihood cutoff on original alignment: -58509.504
NOTE: Bootstrap correlation coefficient of split occurrence frequencies: 0.999
Iteration 210 / LogL: -58479.963 / Time: 0h:6m:4s (0h:2m:37s left)
Iteration 220 / LogL: -58480.460 / Time: 0h:6m:20s (0h:2m:18s left)
TREE SEARCH COMPLETED AFTER 228 ITERATIONS / Time: 0h:6m:33s

--------------------------------------------------------------------
|                    FINALIZING TREE SEARCH                        |
--------------------------------------------------------------------
Performs final model parameters optimization
Estimate model parameters (epsilon = 0.010)
1. Initial log-likelihood: -58479.297
Optimal log-likelihood: -58479.290
Proportion of invariable sites: 0.016
Gamma shape alpha: 2.085
Parameters optimization took 1 rounds (0.233 sec)
BEST SCORE FOUND : -58479.290
Creating bootstrap support values...
Split supports printed to NEXUS file results_broccoli_meto/alignments/OG_13000.iqtree.splits.nex
Total tree length: 44.495

Total number of iterations: 228
CPU time used for tree search: 760.764 sec (0h:12m:40s)
Wall-clock time used for tree search: 386.287 sec (0h:6m:26s)
Total CPU time used: 774.735 sec (0h:12m:54s)
Total wall-clock time used: 393.621 sec (0h:6m:33s)

Computing bootstrap consensus tree...
Reading input file results_broccoli_meto/alignments/OG_13000.iqtree.splits.nex...
37 taxa and 211 splits.
Consensus tree written to results_broccoli_meto/alignments/OG_13000.iqtree.contree
Reading input trees file results_broccoli_meto/alignments/OG_13000.iqtree.contree
Log-likelihood of consensus tree: -58479.290

Analysis results written to: 
  IQ-TREE report:                results_broccoli_meto/alignments/OG_13000.iqtree.iqtree
  Maximum-likelihood tree:       results_broccoli_meto/alignments/OG_13000.iqtree.treefile
  Likelihood distances:          results_broccoli_meto/alignments/OG_13000.iqtree.mldist

Ultrafast bootstrap approximation results written to:
  Split support values:          results_broccoli_meto/alignments/OG_13000.iqtree.splits.nex
  Consensus tree:                results_broccoli_meto/alignments/OG_13000.iqtree.contree
  Screen log file:               results_broccoli_meto/alignments/OG_13000.iqtree.log

Date and Time: Fri Dec 16 11:55:29 2022
