IQ-TREE multicore version 2.1.0 for Linux 64-bit built Jul 18 2020
Developed by Bui Quang Minh, James Barbetti, Nguyen Lam Tung,
Olga Chernomor, Heiko Schmidt, Dominik Schrempf, Michael Woodhams.

Host:    node-hp0409.linux.crg.es (AVX, 125 GB RAM)
Command: /users/asebe/xgraubove/Programes/iqtree-2.1.0-Linux/bin/iqtree2 -s results_broccoli_meto/alignments/OG_13288.lt.fasta -m TEST -mset LG,WAG,JTT -nt AUTO -ntmax 2 -bb 1000 -pre results_broccoli_meto/alignments/OG_13288.iqtree -nm 10000 -nstop 200 -cptime 1800
Seed:    957662 (Using SPRNG - Scalable Parallel Random Number Generator)
Time:    Fri Dec 16 12:18:50 2022
Kernel:  AVX - auto-detect threads (2 CPU cores detected)

Reading alignment file results_broccoli_meto/alignments/OG_13288.lt.fasta ... Fasta format detected
Alignment most likely contains protein sequences
Alignment has 56 sequences with 786 columns, 786 distinct patterns
761 parsimony-informative, 0 singleton sites, 25 constant sites
                                                          Gap/Ambiguity  Composition  p-value
   1  Hsap_ENST00000515393                                        5.85%    passed     57.96%
   2  Bralan_BLAG02102361_21                                     18.96%    passed     56.39%
   3  Cgig_XM_034468430.1                                         5.22%    passed     76.61%
   4  Ctel_gnl_WGS_AMQN_CAPTEDRAFT_mRNA227763                    23.92%    passed     15.37%
   5  Spur_XM_030976972.1                                         3.31%    passed     95.90%
   6  Tcas_TC014537_003                                           4.20%    passed     29.29%
   7  Dpul_mRNA19615                                             32.19%    passed     25.07%
   8  Exapal_XM_021058146.1                                       6.62%    passed      6.12%
   9  Nvec_v1g91324                                              10.81%    passed     53.32%
  10  Adig_XM_015922546.1                                        10.69%    passed     44.81%
  11  Gfas_gfas1.m1.5360.m1                                       5.73%    passed      5.22%
  12  Amil_Amillepora02034-RA                                    25.57%    passed     74.35%
  13  Fspp_ffun1.m4.24692.m1                                      5.47%    passed      8.72%
  14  Gasp_gasp1.m3.24372.m1                                      6.23%    passed      5.44%
  15  Spis_XP_022785026_1                                         5.47%    passed      6.32%
  16  Pocdam_XM_027203659.1                                       5.47%    passed      5.66%
  17  Dgig_XM_028560691.1                                         5.98%    passed     34.29%
  18  Xesp_001932-T1                                             30.66%    passed     98.18%
  19  Hvul_g28083_1                                              32.70%    passed     30.37%
  20  Chem_TCONS_00026031                                         3.18%    passed     21.62%
  21  Aaur_scaffold6.g32.t2                                      19.85%    passed     69.00%
  22  Nemnom_g1720.t1                                             8.27%    passed     99.32%
  23  Rhoesc_Res_009344-T1                                        6.62%    passed     88.87%
  24  Sanmal_Sma_014070-T1                                       40.59%    passed     72.03%
  25  Tadh_TriadT60419                                           16.03%    failed      0.22%
  26  TrH2_TrispH2_002925-RA                                      3.56%    failed      0.98%
  27  HoiH06_mRNA8717                                             2.80%    passed      7.04%
  28  HoiH23_PlH23_003444-RA                                      2.93%    failed      3.67%
  29  Hhon_g11502.t1                                             23.03%    failed      0.07%
  30  HoiH04_mRNA14271                                           67.94%    passed     27.85%
  31  Lcom_lcpid25928                                             4.58%    failed      3.36%
  32  Gracom_Gcom_scaffold13978_01                                6.49%    failed      0.24%
  33  Leuniv_Lniv_C813648_01                                     10.69%    passed      5.54%
  34  Clacor_Ccor_scaffold15082_01                               69.97%    passed     41.44%
  35  Ocar_g8780                                                 19.47%    passed     66.22%
  36  Opea_EP00118_Oscarella_pearsei_P004563                      5.60%    passed     19.88%
  37  Morvir_scaffold40.g82.t1                                   14.38%    passed     64.43%
  38  Acagra_model.g13143.t1                                     43.89%    passed     70.46%
  39  Cscu_XM_023363591.1                                        39.57%    passed     22.03%
  40  Mlei_ML1611.g1.i1                                           8.14%    passed      6.35%
  41  Beraby_Baby_sb327006                                       60.31%    passed     12.66%
  42  Pbac_sb2645638                                              8.78%    passed     38.97%
  43  Bolinf_Binf_sb1168550                                      73.03%    passed     26.45%
  44  Horcal_Hcv1.av93.c5.g735.i4                                 8.02%    passed     26.39%
  45  Drygla_Dgla_sb289095                                       45.17%    passed     11.07%
  46  Eupdun_Edun_sb10605722                                     67.05%    failed      1.28%
  47  Lampan_Lpan_C419577_01                                     14.12%    passed     13.90%
  48  Mertsp_Mesp_sb553033                                       75.70%    passed     78.02%
  49  Plajan_Pjan_scaffold6515_01                                44.40%    failed      0.17%
  50  Aque_Aqu2.1.44296_001                                      36.26%    failed      0.00%
  51  Xestes_maker-XT_scaffold3156-augustus-gene-0.5-mRNA-1      50.38%    passed     68.96%
  52  Emue_Em0009g1049a.t1                                        8.52%    failed      0.40%
  53  Spolac_c104781_g1_i3_m.43236c104781-g1                      8.65%    passed     17.49%
  54  Tetwil_g18387.t1                                            7.89%    failed      4.10%
  55  Halamb_c14663_g1_i2mm.13                                   60.56%    failed      2.30%
  56  Stycar_maker-SC_scaffold113887-augustus-gene-0.11-mRNA-1   38.80%    passed     13.54%
WARNING: 8 sequences contain more than 50% gaps/ambiguity
****  TOTAL                                                      22.68%  12 sequences failed composition chi2 test (p-value<5%; df=19)


Create initial parsimony tree by phylogenetic likelihood library (PLL)... 0.027 seconds
Measuring multi-threading efficiency up to 2 CPU cores
Increase to 10 rounds for branch lengths
2 trees examined
Threads: 1 / Time: 2.615 sec / Speedup: 1.000 / Efficiency: 100% / LogL: -58283
Threads: 2 / Time: 1.301 sec / Speedup: 2.009 / Efficiency: 100% / LogL: -58283
BEST NUMBER OF THREADS: 2

Perform fast likelihood tree search using LG+I+G model...
Estimate model parameters (epsilon = 5.000)
Perform nearest neighbor interchange...
Estimate model parameters (epsilon = 1.000)
1. Initial log-likelihood: -41711.380
Optimal log-likelihood: -41710.744
Proportion of invariable sites: 0.023
Gamma shape alpha: 1.770
Parameters optimization took 1 rounds (0.256 sec)
Time for fast ML tree search: 2.570 seconds

NOTE: ModelFinder requires 31 MB RAM!
ModelFinder will test up to 24 protein models (sample size: 786) ...
 No. Model         -LnL         df  AIC          AICc         BIC
  1  LG            42782.226    109 85782.453    85817.926    86291.151
  2  LG+I          42630.244    110 85480.488    85516.666    85993.854
  3  LG+G4         41731.123    110 83682.246    83718.424    84195.611
  4  LG+I+G4       41710.743    111 83643.486    83680.376    84161.518
  8  LG+F+I+G4     41692.214    130 83644.427    83696.427    84251.132
 12  WAG+I+G4      41934.818    111 84091.636    84128.526    84609.668
 16  WAG+F+I+G4    41972.801    130 84205.601    84257.601    84812.305
 20  JTT+I+G4      42046.129    111 84314.258    84351.148    84832.290
 24  JTT+F+I+G4    41992.481    130 84244.961    84296.961    84851.665
Akaike Information Criterion:           LG+I+G4
Corrected Akaike Information Criterion: LG+I+G4
Bayesian Information Criterion:         LG+I+G4
Best-fit model: LG+I+G4 chosen according to BIC

All model information printed to results_broccoli_meto/alignments/OG_13288.iqtree.model.gz
CPU time for ModelFinder: 24.709 seconds (0h:0m:24s)
Wall-clock time for ModelFinder: 13.966 seconds (0h:0m:13s)
Generating 1000 samples for ultrafast bootstrap (seed: 957662)...

NOTE: 31 MB RAM (0 GB) is required!
Estimate model parameters (epsilon = 0.100)
Thoroughly optimizing +I+G parameters from 10 start values...
Init pinv, alpha: 0.000, 1.770 / Estimate: 0.023, 1.764 / LogL: -41710.744
Init pinv, alpha: 0.004, 1.770 / Estimate: 0.023, 1.763 / LogL: -41710.743
Init pinv, alpha: 0.007, 1.770 / Estimate: 0.023, 1.766 / LogL: -41710.742
Init pinv, alpha: 0.011, 1.770 / Estimate: 0.023, 1.768 / LogL: -41710.747
Init pinv, alpha: 0.014, 1.770 / Estimate: 0.023, 1.768 / LogL: -41710.744
Init pinv, alpha: 0.018, 1.770 / Estimate: 0.023, 1.767 / LogL: -41710.747
Init pinv, alpha: 0.021, 1.770 / Estimate: 0.023, 1.765 / LogL: -41710.748
Init pinv, alpha: 0.025, 1.770 / Estimate: 0.024, 1.770 / LogL: -41710.743
Init pinv, alpha: 0.028, 1.770 / Estimate: 0.024, 1.767 / LogL: -41710.743
Init pinv, alpha: 0.032, 1.770 / Estimate: 0.024, 1.767 / LogL: -41710.746
Optimal pinv,alpha: 0.023, 1.766 / LogL: -41710.742

Parameters optimization took 7.964 sec
Computing ML distances based on estimated model parameters...
Computing ML distances took 0.215716 sec (of wall-clock time) 0.427357 sec(of CPU time)
Computing RapidNJ tree took 0.000762 sec (of wall-clock time) 0.001499 sec (of CPU time)
Log-likelihood of RapidNJ tree: -41999.298
--------------------------------------------------------------------
|             INITIALIZING CANDIDATE TREE SET                      |
--------------------------------------------------------------------
Generating 98 parsimony trees... 2.709 second
Computing log-likelihood of 98 initial trees ... 7.722 seconds
Current best score: -41710.742

Do NNI search on 20 best initial trees
Estimate model parameters (epsilon = 0.100)
BETTER TREE FOUND at iteration 1: -41710.741
Estimate model parameters (epsilon = 0.100)
BETTER TREE FOUND at iteration 2: -41692.512
Estimate model parameters (epsilon = 0.100)
BETTER TREE FOUND at iteration 4: -41692.344
Iteration 10 / LogL: -41692.445 / Time: 0h:0m:32s
Iteration 20 / LogL: -41697.566 / Time: 0h:0m:45s
Finish initializing candidate tree set (9)
Current best tree score: -41692.344 / CPU time: 36.647
Number of iterations: 20
--------------------------------------------------------------------
|               OPTIMIZING CANDIDATE TREE SET                      |
--------------------------------------------------------------------
Iteration 30 / LogL: -41694.447 / Time: 0h:1m:1s (0h:6m:7s left)
Iteration 40 / LogL: -41695.563 / Time: 0h:1m:17s (0h:5m:27s left)
Iteration 50 / LogL: -41694.151 / Time: 0h:1m:34s (0h:4m:56s left)
Log-likelihood cutoff on original alignment: -41746.039
Iteration 60 / LogL: -41693.767 / Time: 0h:1m:49s (0h:4m:27s left)
Iteration 70 / LogL: -41693.102 / Time: 0h:2m:7s (0h:4m:7s left)
Iteration 80 / LogL: -41693.929 / Time: 0h:2m:21s (0h:3m:42s left)
Iteration 90 / LogL: -41693.595 / Time: 0h:2m:39s (0h:3m:23s left)
Iteration 100 / LogL: -41695.384 / Time: 0h:2m:55s (0h:3m:3s left)
Log-likelihood cutoff on original alignment: -41746.039
NOTE: Bootstrap correlation coefficient of split occurrence frequencies: 1.000
Iteration 110 / LogL: -41692.759 / Time: 0h:3m:11s (0h:2m:45s left)
Iteration 120 / LogL: -41692.914 / Time: 0h:3m:26s (0h:2m:26s left)
Iteration 130 / LogL: -41693.464 / Time: 0h:3m:42s (0h:2m:7s left)
Iteration 140 / LogL: -41693.861 / Time: 0h:3m:58s (0h:1m:49s left)
Iteration 150 / LogL: -41692.413 / Time: 0h:4m:14s (0h:1m:32s left)
Log-likelihood cutoff on original alignment: -41746.039
Iteration 160 / LogL: -41695.401 / Time: 0h:4m:31s (0h:1m:15s left)
Iteration 170 / LogL: -41692.752 / Time: 0h:4m:47s (0h:0m:57s left)
Iteration 180 / LogL: -41692.401 / Time: 0h:5m:3s (0h:0m:40s left)
Iteration 190 / LogL: -41692.543 / Time: 0h:5m:19s (0h:0m:23s left)
Iteration 200 / LogL: -41693.283 / Time: 0h:5m:37s (0h:0m:6s left)
Log-likelihood cutoff on original alignment: -41746.039
NOTE: Bootstrap correlation coefficient of split occurrence frequencies: 1.000
TREE SEARCH COMPLETED AFTER 205 ITERATIONS / Time: 0h:5m:46s

--------------------------------------------------------------------
|                    FINALIZING TREE SEARCH                        |
--------------------------------------------------------------------
Performs final model parameters optimization
Estimate model parameters (epsilon = 0.010)
1. Initial log-likelihood: -41692.344
Optimal log-likelihood: -41692.337
Proportion of invariable sites: 0.023
Gamma shape alpha: 1.766
Parameters optimization took 1 rounds (0.251 sec)
BEST SCORE FOUND : -41692.337
Creating bootstrap support values...
Split supports printed to NEXUS file results_broccoli_meto/alignments/OG_13288.iqtree.splits.nex
Total tree length: 25.006

Total number of iterations: 205
CPU time used for tree search: 664.662 sec (0h:11m:4s)
Wall-clock time used for tree search: 337.071 sec (0h:5m:37s)
Total CPU time used: 683.278 sec (0h:11m:23s)
Total wall-clock time used: 346.717 sec (0h:5m:46s)

Computing bootstrap consensus tree...
Reading input file results_broccoli_meto/alignments/OG_13288.iqtree.splits.nex...
56 taxa and 221 splits.
Consensus tree written to results_broccoli_meto/alignments/OG_13288.iqtree.contree
Reading input trees file results_broccoli_meto/alignments/OG_13288.iqtree.contree
Log-likelihood of consensus tree: -41692.812

Analysis results written to: 
  IQ-TREE report:                results_broccoli_meto/alignments/OG_13288.iqtree.iqtree
  Maximum-likelihood tree:       results_broccoli_meto/alignments/OG_13288.iqtree.treefile
  Likelihood distances:          results_broccoli_meto/alignments/OG_13288.iqtree.mldist

Ultrafast bootstrap approximation results written to:
  Split support values:          results_broccoli_meto/alignments/OG_13288.iqtree.splits.nex
  Consensus tree:                results_broccoli_meto/alignments/OG_13288.iqtree.contree
  Screen log file:               results_broccoli_meto/alignments/OG_13288.iqtree.log

Date and Time: Fri Dec 16 12:24:51 2022
