IQ-TREE multicore version 2.1.0 for Linux 64-bit built Jul 18 2020
Developed by Bui Quang Minh, James Barbetti, Nguyen Lam Tung,
Olga Chernomor, Heiko Schmidt, Dominik Schrempf, Michael Woodhams.

Host:    node-hp0515.linux.crg.es (AVX, 125 GB RAM)
Command: /users/asebe/xgraubove/Programes/iqtree-2.1.0-Linux/bin/iqtree2 -s results_broccoli_meto/alignments/OG_1299.lt.fasta -m TEST -mset LG,WAG,JTT -nt AUTO -ntmax 2 -bb 1000 -pre results_broccoli_meto/alignments/OG_1299.iqtree -nm 10000 -nstop 200 -cptime 1800
Seed:    290062 (Using SPRNG - Scalable Parallel Random Number Generator)
Time:    Fri Dec 16 11:47:15 2022
Kernel:  AVX - auto-detect threads (2 CPU cores detected)

Reading alignment file results_broccoli_meto/alignments/OG_1299.lt.fasta ... Fasta format detected
Alignment most likely contains protein sequences
Alignment has 30 sequences with 132 columns, 132 distinct patterns
130 parsimony-informative, 0 singleton sites, 2 constant sites
                                                              Gap/Ambiguity  Composition  p-value
   1  Hsap_ENST00000399277                                            3.79%    passed     64.00%
   2  Bralan_BLAG02000382_1                                           3.79%    passed     47.93%
   3  Spur_XM_030991653.1                                             0.00%    passed     61.71%
   4  Cscu_XM_023365647.1                                             6.82%    passed     82.22%
   5  Cgig_XM_034482207.1                                             5.30%    passed     96.93%
   6  Exapal_XM_021054075.2                                           7.58%    passed     84.90%
   7  Nvec_v1g217113                                                 73.48%    passed     97.29%
   8  Adig_XM_015924052.1                                            20.45%    passed     91.32%
   9  Amil_Amillepora22456-RA                                        11.36%    passed     71.07%
  10  Gasp_gasp1.m3.8366.m1                                           1.52%    passed     70.45%
  11  Spis_XP_022787572_1                                            40.15%    failed      0.00%
  12  Fspp_ffun1.m4.8787.m1                                           3.79%    passed     91.13%
  13  Dgig_XM_028544796.1                                             4.55%    passed     96.73%
  14  Xesp_004495-T1                                                  6.82%    passed     50.17%
  15  Aaur_scaffold933.g3.t1                                         49.24%    passed     78.90%
  16  Nemnom_g5195.t1                                                 1.52%    passed     23.20%
  17  Rhoesc_Res_006355-T1                                           31.06%    passed     52.34%
  18  Sanmal_Sma_019347-T1                                            0.76%    passed     75.25%
  19  Tetwil_g20416.t1                                                2.27%    passed     96.81%
  20  Stycar_snap_masked-SC_scaffold6364-processed-gene-0.4-mRNA-1    0.00%    passed     35.50%
  21  Plespi_Pspi_C589160_01                                          0.00%    passed     99.51%
  22  Skow_XM_006821831.1                                            43.18%    passed     40.53%
  23  Hhon_g04538.t1                                                 11.36%    passed     64.56%
  24  HoiH04_mRNA3550                                                11.36%    passed     54.19%
  25  Aque_Aqu2.1.27355_001                                           5.30%    passed     68.92%
  26  Scil_scict006117.1                                              5.30%    passed      7.75%
  27  Lcom_lcpid124461                                                1.52%    failed      0.22%
  28  Gracom_Gcom_scaffold6340_01                                     1.52%    passed     14.43%
  29  Dpul_mRNA21056                                                  8.33%    passed      6.36%
  30  Tcas_TC015298_001                                               1.52%    failed      3.87%
WARNING: 1 sequences contain more than 50% gaps/ambiguity
****  TOTAL                                                          12.12%  3 sequences failed composition chi2 test (p-value<5%; df=19)


Create initial parsimony tree by phylogenetic likelihood library (PLL)... 0.004 seconds
Measuring multi-threading efficiency up to 2 CPU cores
Increase to 10 rounds for branch lengths
20 trees examined
Threads: 1 / Time: 2.029 sec / Speedup: 1.000 / Efficiency: 100% / LogL: -7238
Threads: 2 / Time: 1.178 sec / Speedup: 1.723 / Efficiency: 86% / LogL: -7238
BEST NUMBER OF THREADS: 2

Perform fast likelihood tree search using LG+I+G model...
Estimate model parameters (epsilon = 5.000)
Perform nearest neighbor interchange...
Estimate model parameters (epsilon = 1.000)
1. Initial log-likelihood: -6405.105
Optimal log-likelihood: -6404.882
Proportion of invariable sites: 0.015
Gamma shape alpha: 2.958
Parameters optimization took 1 rounds (0.037 sec)
Time for fast ML tree search: 0.268 seconds

NOTE: ModelFinder requires 3 MB RAM!
ModelFinder will test up to 24 protein models (sample size: 132) ...
 No. Model         -LnL         df  AIC          AICc         BIC
  1  LG            6519.659     57  13153.317    13242.668    13317.637
  2  LG+I          6486.408     58  13088.817    13182.570    13256.019
  3  LG+G4         6416.012     58  12948.025    13041.778    13115.227
  4  LG+I+G4       6404.873     59  12927.746    13026.079    13097.831
  8  LG+F+I+G4     6386.246     78  12928.493    13161.021    13153.351
 12  WAG+I+G4      6436.525     59  12991.051    13089.384    13161.136
 16  WAG+F+I+G4    6388.275     78  12932.549    13165.077    13157.408
 20  JTT+I+G4      6437.555     59  12993.111    13091.444    13163.196
 24  JTT+F+I+G4    6392.333     78  12940.666    13173.194    13165.524
Akaike Information Criterion:           LG+I+G4
Corrected Akaike Information Criterion: LG+I+G4
Bayesian Information Criterion:         LG+I+G4
Best-fit model: LG+I+G4 chosen according to BIC

All model information printed to results_broccoli_meto/alignments/OG_1299.iqtree.model.gz
CPU time for ModelFinder: 6.325 seconds (0h:0m:6s)
Wall-clock time for ModelFinder: 4.314 seconds (0h:0m:4s)
Generating 1000 samples for ultrafast bootstrap (seed: 290062)...

NOTE: 3 MB RAM (0 GB) is required!
Estimate model parameters (epsilon = 0.100)
Thoroughly optimizing +I+G parameters from 10 start values...
Init pinv, alpha: 0.000, 2.975 / Estimate: 0.015, 2.966 / LogL: -6404.873
Init pinv, alpha: 0.002, 2.975 / Estimate: 0.015, 2.975 / LogL: -6404.873
Init pinv, alpha: 0.003, 2.975 / Estimate: 0.015, 2.978 / LogL: -6404.873
Init pinv, alpha: 0.005, 2.975 / Estimate: 0.015, 2.975 / LogL: -6404.873
Init pinv, alpha: 0.007, 2.975 / Estimate: 0.015, 2.975 / LogL: -6404.873
Init pinv, alpha: 0.008, 2.975 / Estimate: 0.015, 2.975 / LogL: -6404.873
Init pinv, alpha: 0.010, 2.975 / Estimate: 0.015, 2.975 / LogL: -6404.873
Init pinv, alpha: 0.012, 2.975 / Estimate: 0.015, 2.975 / LogL: -6404.873
Init pinv, alpha: 0.013, 2.975 / Estimate: 0.015, 2.975 / LogL: -6404.873
Init pinv, alpha: 0.015, 2.975 / Estimate: 0.015, 2.975 / LogL: -6404.873
Optimal pinv,alpha: 0.015, 2.975 / LogL: -6404.873

Parameters optimization took 0.401 sec
Computing ML distances based on estimated model parameters...
Computing ML distances took 0.056743 sec (of wall-clock time) 0.110477 sec(of CPU time)
Computing RapidNJ tree took 0.000436 sec (of wall-clock time) 0.000000 sec (of CPU time)
Log-likelihood of RapidNJ tree: -6425.585
--------------------------------------------------------------------
|             INITIALIZING CANDIDATE TREE SET                      |
--------------------------------------------------------------------
Generating 98 parsimony trees... 0.492 second
Computing log-likelihood of 98 initial trees ... 0.704 seconds
Current best score: -6404.873

Do NNI search on 20 best initial trees
Estimate model parameters (epsilon = 0.100)
BETTER TREE FOUND at iteration 1: -6404.300
Estimate model parameters (epsilon = 0.100)
BETTER TREE FOUND at iteration 2: -6397.737
Estimate model parameters (epsilon = 0.100)
BETTER TREE FOUND at iteration 3: -6384.744
Iteration 10 / LogL: -6397.549 / Time: 0h:0m:3s
Iteration 20 / LogL: -6401.751 / Time: 0h:0m:5s
Finish initializing candidate tree set (19)
Current best tree score: -6384.744 / CPU time: 4.571
Number of iterations: 20
--------------------------------------------------------------------
|               OPTIMIZING CANDIDATE TREE SET                      |
--------------------------------------------------------------------
Estimate model parameters (epsilon = 0.100)
BETTER TREE FOUND at iteration 22: -6382.162
Estimate model parameters (epsilon = 0.100)
BETTER TREE FOUND at iteration 24: -6381.031
Iteration 30 / LogL: -6385.471 / Time: 0h:0m:6s (0h:0m:46s left)
Iteration 40 / LogL: -6381.132 / Time: 0h:0m:8s (0h:0m:39s left)
UPDATE BEST LOG-LIKELIHOOD: -6381.031
Iteration 50 / LogL: -6381.135 / Time: 0h:0m:9s (0h:0m:35s left)
Log-likelihood cutoff on original alignment: -6424.722
Iteration 60 / LogL: -6381.193 / Time: 0h:0m:11s (0h:0m:32s left)
Iteration 70 / LogL: -6381.280 / Time: 0h:0m:12s (0h:0m:28s left)
UPDATE BEST LOG-LIKELIHOOD: -6381.027
Iteration 80 / LogL: -6381.105 / Time: 0h:0m:14s (0h:0m:26s left)
Iteration 90 / LogL: -6381.622 / Time: 0h:0m:16s (0h:0m:24s left)
Iteration 100 / LogL: -6381.362 / Time: 0h:0m:17s (0h:0m:21s left)
Log-likelihood cutoff on original alignment: -6423.106
NOTE: Bootstrap correlation coefficient of split occurrence frequencies: 0.996
Iteration 110 / LogL: -6381.034 / Time: 0h:0m:18s (0h:0m:19s left)
Iteration 120 / LogL: -6381.433 / Time: 0h:0m:20s (0h:0m:17s left)
Iteration 130 / LogL: -6381.743 / Time: 0h:0m:21s (0h:0m:15s left)
Iteration 140 / LogL: -6381.055 / Time: 0h:0m:23s (0h:0m:14s left)
Iteration 150 / LogL: -6381.260 / Time: 0h:0m:24s (0h:0m:12s left)
Log-likelihood cutoff on original alignment: -6418.948
Iteration 160 / LogL: -6381.050 / Time: 0h:0m:26s (0h:0m:10s left)
Iteration 170 / LogL: -6381.194 / Time: 0h:0m:27s (0h:0m:8s left)
UPDATE BEST LOG-LIKELIHOOD: -6381.021
Iteration 180 / LogL: -6381.120 / Time: 0h:0m:29s (0h:0m:7s left)
Iteration 190 / LogL: -6381.523 / Time: 0h:0m:30s (0h:0m:5s left)
Iteration 200 / LogL: -6381.047 / Time: 0h:0m:31s (0h:0m:3s left)
Log-likelihood cutoff on original alignment: -6411.743
NOTE: Bootstrap correlation coefficient of split occurrence frequencies: 0.998
Iteration 210 / LogL: -6381.046 / Time: 0h:0m:33s (0h:0m:14s left)
Iteration 220 / LogL: -6381.288 / Time: 0h:0m:35s (0h:0m:12s left)
TREE SEARCH COMPLETED AFTER 225 ITERATIONS / Time: 0h:0m:35s

--------------------------------------------------------------------
|                    FINALIZING TREE SEARCH                        |
--------------------------------------------------------------------
Performs final model parameters optimization
Estimate model parameters (epsilon = 0.010)
1. Initial log-likelihood: -6381.021
2. Current log-likelihood: -6380.978
Optimal log-likelihood: -6380.975
Proportion of invariable sites: 0.015
Gamma shape alpha: 2.846
Parameters optimization took 2 rounds (0.057 sec)
BEST SCORE FOUND : -6380.975
Creating bootstrap support values...
Split supports printed to NEXUS file results_broccoli_meto/alignments/OG_1299.iqtree.splits.nex
Total tree length: 21.456

Total number of iterations: 225
CPU time used for tree search: 68.873 sec (0h:1m:8s)
Wall-clock time used for tree search: 35.077 sec (0h:0m:35s)
Total CPU time used: 70.323 sec (0h:1m:10s)
Total wall-clock time used: 35.944 sec (0h:0m:35s)

Computing bootstrap consensus tree...
Reading input file results_broccoli_meto/alignments/OG_1299.iqtree.splits.nex...
30 taxa and 353 splits.
Consensus tree written to results_broccoli_meto/alignments/OG_1299.iqtree.contree
Reading input trees file results_broccoli_meto/alignments/OG_1299.iqtree.contree
Log-likelihood of consensus tree: -6381.207

Analysis results written to: 
  IQ-TREE report:                results_broccoli_meto/alignments/OG_1299.iqtree.iqtree
  Maximum-likelihood tree:       results_broccoli_meto/alignments/OG_1299.iqtree.treefile
  Likelihood distances:          results_broccoli_meto/alignments/OG_1299.iqtree.mldist

Ultrafast bootstrap approximation results written to:
  Split support values:          results_broccoli_meto/alignments/OG_1299.iqtree.splits.nex
  Consensus tree:                results_broccoli_meto/alignments/OG_1299.iqtree.contree
  Screen log file:               results_broccoli_meto/alignments/OG_1299.iqtree.log

Date and Time: Fri Dec 16 11:47:55 2022
