IQ-TREE multicore version 2.1.0 for Linux 64-bit built Jul 18 2020
Developed by Bui Quang Minh, James Barbetti, Nguyen Lam Tung,
Olga Chernomor, Heiko Schmidt, Dominik Schrempf, Michael Woodhams.

Host:    node-hp0515.linux.crg.es (AVX, 125 GB RAM)
Command: /users/asebe/xgraubove/Programes/iqtree-2.1.0-Linux/bin/iqtree2 -s results_broccoli_meto/alignments/OG_1780.lt.fasta -m TEST -mset LG,WAG,JTT -nt AUTO -ntmax 2 -bb 1000 -pre results_broccoli_meto/alignments/OG_1780.iqtree -nm 10000 -nstop 200 -cptime 1800
Seed:    18702 (Using SPRNG - Scalable Parallel Random Number Generator)
Time:    Fri Dec 16 13:39:28 2022
Kernel:  AVX - auto-detect threads (2 CPU cores detected)

Reading alignment file results_broccoli_meto/alignments/OG_1780.lt.fasta ... Fasta format detected
Alignment most likely contains protein sequences
Alignment has 42 sequences with 212 columns, 212 distinct patterns
206 parsimony-informative, 0 singleton sites, 6 constant sites
                                         Gap/Ambiguity  Composition  p-value
   1  Hsap_ENST00000404774                       1.42%    passed     83.18%
   2  Bralan_BLAG09000093_1                      2.83%    passed     66.72%
   3  Skow_XM_006816277.1                        0.00%    passed     92.54%
   4  Cscu_XM_023387036.1                        1.89%    passed     28.38%
   5  Ctel_gnl_WGS_AMQN_CAPTEDRAFT_mRNA159890    5.66%    passed     99.55%
   6  Acagra_model.g4167.t1.1.5d3b831d           1.89%    passed     96.20%
   7  Cgig_XM_034455361.1                        1.89%    passed     96.78%
   8  Spur_XM_011671292.2                        1.42%    passed     98.65%
   9  Exapal_XM_021056810.2                      3.30%    passed     92.90%
  10  Nvec_v1g188749                             3.30%    passed     96.66%
  11  Adig_XM_015921505.1                       39.62%    passed     95.25%
  12  Gfas_gfas1.m1.9806.m1                     24.53%    passed     98.16%
  13  Gasp_gasp1.m3.19431.m1                     1.42%    passed     94.21%
  14  Spis_XP_022800011_1                        1.42%    passed     86.14%
  15  Pocdam_XM_027180263.1                      1.42%    passed     97.73%
  16  Fspp_ffun1.m4.5210.m1                      1.42%    passed     91.78%
  17  Amil_Amillepora14478-RA                   11.32%    passed     93.56%
  18  Dgig_XM_028557327.1                        3.30%    passed     99.99%
  19  Xesp_016605-T1                             2.36%    passed     84.23%
  20  Aaur_scaffold890.g5.t1                     2.36%    passed     94.24%
  21  Nemnom_g9149.t1                            2.83%    passed     93.15%
  22  Rhoesc_Res_014115-T1                       2.83%    passed     73.42%
  23  Tadh_TriadT53109                          13.68%    passed     56.24%
  24  TrH2_TrispH2_003030-RA                     2.83%    passed     54.57%
  25  HoiH06_mRNA7597                            5.19%    passed     90.53%
  26  HoiH23_PlH23_000023-RA                     2.83%    passed     96.66%
  27  Hhon_g09416.t1                             2.83%    passed     79.25%
  28  HoiH04_mRNA1205                            5.19%    passed     79.64%
  29  HoiH11_mRNA5124                           12.74%    passed     71.45%
  30  Hvul_g31490_1                              8.49%    passed     76.45%
  31  Chem_TCONS_00015331                        3.77%    passed     98.32%
  32  Opea_EP00118_Oscarella_pearsei_P005526     2.36%    passed     60.56%
  33  Pbac_sb2648251                             0.00%    failed      0.93%
  34  Horcal_Hcv1.av93.c3.g617.i1                3.77%    passed     30.80%
  35  Coemet_Cmet_scaffold17302_01               9.43%    passed     82.29%
  36  Lampan_Lpan_8903_01                        8.49%    passed     36.05%
  37  Tcas_TC030639_001                         16.51%    passed     26.29%
  38  Scil_scict011881.1                         4.25%    passed      8.65%
  39  Lcom_lcpid91384                            4.25%    failed      2.52%
  40  Gracom_Gcom_scaffold3131_01                4.25%    passed     29.70%
  41  Clacor_Ccor_C519953_01                    30.19%    passed      5.76%
  42  Plajan_Pjan_scaffold19412_01              21.70%    failed      1.00%
****  TOTAL                                      6.69%  3 sequences failed composition chi2 test (p-value<5%; df=19)


Create initial parsimony tree by phylogenetic likelihood library (PLL)... 0.007 seconds
Measuring multi-threading efficiency up to 2 CPU cores
Increase to 10 rounds for branch lengths
9 trees examined
Threads: 1 / Time: 2.039 sec / Speedup: 1.000 / Efficiency: 100% / LogL: -15588
Threads: 2 / Time: 1.103 sec / Speedup: 1.850 / Efficiency: 92% / LogL: -15588
BEST NUMBER OF THREADS: 2

Perform fast likelihood tree search using LG+I+G model...
Estimate model parameters (epsilon = 5.000)
Perform nearest neighbor interchange...
Estimate model parameters (epsilon = 1.000)
1. Initial log-likelihood: -11607.275
Optimal log-likelihood: -11607.225
Proportion of invariable sites: 0.026
Gamma shape alpha: 1.457
Parameters optimization took 1 rounds (0.048 sec)
Time for fast ML tree search: 0.589 seconds

NOTE: ModelFinder requires 6 MB RAM!
ModelFinder will test up to 24 protein models (sample size: 212) ...
 No. Model         -LnL         df  AIC          AICc         BIC
  1  LG            12054.342    81  24270.684    24372.869    24542.567
  2  LG+I          11971.152    82  24106.304    24211.824    24381.544
  3  LG+G4         11620.452    82  23404.903    23510.422    23680.143
  4  LG+I+G4       11607.239    83  23380.478    23489.415    23659.074
  8  LG+F+I+G4     11534.314    102 23272.629    23465.399    23615.001
 12  WAG+I+G4      11688.375    83  23542.750    23651.687    23821.346
 16  WAG+F+I+G4    11551.549    102 23307.097    23499.868    23649.469
 20  JTT+I+G4      11682.040    83  23530.080    23639.017    23808.676
 24  JTT+F+I+G4    11550.546    102 23305.093    23497.863    23647.465
Akaike Information Criterion:           LG+F+I+G4
Corrected Akaike Information Criterion: LG+F+I+G4
Bayesian Information Criterion:         LG+F+I+G4
Best-fit model: LG+F+I+G4 chosen according to BIC

All model information printed to results_broccoli_meto/alignments/OG_1780.iqtree.model.gz
CPU time for ModelFinder: 8.580 seconds (0h:0m:8s)
Wall-clock time for ModelFinder: 5.383 seconds (0h:0m:5s)
Generating 1000 samples for ultrafast bootstrap (seed: 18702)...

NOTE: 6 MB RAM (0 GB) is required!
Estimate model parameters (epsilon = 0.100)
Thoroughly optimizing +I+G parameters from 10 start values...
Init pinv, alpha: 0.000, 1.278 / Estimate: 0.023, 1.273 / LogL: -11534.309
Init pinv, alpha: 0.003, 1.278 / Estimate: 0.023, 1.275 / LogL: -11534.311
Init pinv, alpha: 0.006, 1.278 / Estimate: 0.023, 1.275 / LogL: -11534.310
Init pinv, alpha: 0.009, 1.278 / Estimate: 0.022, 1.273 / LogL: -11534.313
Init pinv, alpha: 0.013, 1.278 / Estimate: 0.023, 1.273 / LogL: -11534.311
Init pinv, alpha: 0.016, 1.278 / Estimate: 0.023, 1.275 / LogL: -11534.310
Init pinv, alpha: 0.019, 1.278 / Estimate: 0.022, 1.273 / LogL: -11534.313
Init pinv, alpha: 0.022, 1.278 / Estimate: 0.023, 1.274 / LogL: -11534.310
Init pinv, alpha: 0.025, 1.278 / Estimate: 0.023, 1.274 / LogL: -11534.309
Init pinv, alpha: 0.028, 1.278 / Estimate: 0.023, 1.272 / LogL: -11534.309
Optimal pinv,alpha: 0.023, 1.272 / LogL: -11534.309

Parameters optimization took 1.154 sec
Computing ML distances based on estimated model parameters...
Computing ML distances took 0.132200 sec (of wall-clock time) 0.263801 sec(of CPU time)
WARNING: Some pairwise ML distances are too long (saturated)
Computing RapidNJ tree took 0.000623 sec (of wall-clock time) 0.001243 sec (of CPU time)
Log-likelihood of RapidNJ tree: -11582.402
--------------------------------------------------------------------
|             INITIALIZING CANDIDATE TREE SET                      |
--------------------------------------------------------------------
Generating 98 parsimony trees... 0.844 second
Computing log-likelihood of 98 initial trees ... 1.448 seconds
Current best score: -11534.309

Do NNI search on 20 best initial trees
Estimate model parameters (epsilon = 0.100)
BETTER TREE FOUND at iteration 1: -11528.181
Estimate model parameters (epsilon = 0.100)
BETTER TREE FOUND at iteration 3: -11526.576
Estimate model parameters (epsilon = 0.100)
BETTER TREE FOUND at iteration 6: -11525.052
Iteration 10 / LogL: -11531.486 / Time: 0h:0m:6s
Estimate model parameters (epsilon = 0.100)
BETTER TREE FOUND at iteration 11: -11524.825
Iteration 20 / LogL: -11535.273 / Time: 0h:0m:9s
Finish initializing candidate tree set (15)
Current best tree score: -11524.825 / CPU time: 8.023
Number of iterations: 20
--------------------------------------------------------------------
|               OPTIMIZING CANDIDATE TREE SET                      |
--------------------------------------------------------------------
Estimate model parameters (epsilon = 0.100)
BETTER TREE FOUND at iteration 26: -11524.199
Iteration 30 / LogL: -11527.033 / Time: 0h:0m:12s (0h:1m:26s left)
Estimate model parameters (epsilon = 0.100)
BETTER TREE FOUND at iteration 33: -11523.866
Estimate model parameters (epsilon = 0.100)
BETTER TREE FOUND at iteration 39: -11523.285
Iteration 40 / LogL: -11523.320 / Time: 0h:0m:15s (0h:1m:20s left)
Estimate model parameters (epsilon = 0.100)
BETTER TREE FOUND at iteration 46: -11522.954
Iteration 50 / LogL: -11526.703 / Time: 0h:0m:18s (0h:1m:15s left)
Log-likelihood cutoff on original alignment: -11559.798
Iteration 60 / LogL: -11523.698 / Time: 0h:0m:22s (0h:1m:9s left)
Iteration 70 / LogL: -11524.214 / Time: 0h:0m:25s (0h:1m:4s left)
Iteration 80 / LogL: -11525.124 / Time: 0h:0m:28s (0h:0m:59s left)
Iteration 90 / LogL: -11523.136 / Time: 0h:0m:31s (0h:0m:55s left)
Iteration 100 / LogL: -11523.144 / Time: 0h:0m:34s (0h:0m:51s left)
Log-likelihood cutoff on original alignment: -11560.326
NOTE: Bootstrap correlation coefficient of split occurrence frequencies: 0.998
Iteration 110 / LogL: -11523.154 / Time: 0h:0m:37s (0h:0m:47s left)
Iteration 120 / LogL: -11524.262 / Time: 0h:0m:40s (0h:0m:43s left)
Iteration 130 / LogL: -11523.521 / Time: 0h:0m:44s (0h:0m:39s left)
Iteration 140 / LogL: -11524.213 / Time: 0h:0m:47s (0h:0m:36s left)
Iteration 150 / LogL: -11523.723 / Time: 0h:0m:50s (0h:0m:32s left)
Log-likelihood cutoff on original alignment: -11560.326
Iteration 160 / LogL: -11523.043 / Time: 0h:0m:53s (0h:0m:28s left)
Iteration 170 / LogL: -11523.384 / Time: 0h:0m:55s (0h:0m:25s left)
Iteration 180 / LogL: -11524.765 / Time: 0h:0m:58s (0h:0m:21s left)
Iteration 190 / LogL: -11523.698 / Time: 0h:1m:1s (0h:0m:18s left)
Iteration 200 / LogL: -11523.106 / Time: 0h:1m:4s (0h:0m:14s left)
Log-likelihood cutoff on original alignment: -11560.326
NOTE: Bootstrap correlation coefficient of split occurrence frequencies: 0.999
Iteration 210 / LogL: -11523.191 / Time: 0h:1m:8s (0h:0m:29s left)
Iteration 220 / LogL: -11523.769 / Time: 0h:1m:11s (0h:0m:26s left)
Iteration 230 / LogL: -11524.274 / Time: 0h:1m:14s (0h:0m:22s left)
Iteration 240 / LogL: -11523.461 / Time: 0h:1m:17s (0h:0m:19s left)
TREE SEARCH COMPLETED AFTER 247 ITERATIONS / Time: 0h:1m:19s

--------------------------------------------------------------------
|                    FINALIZING TREE SEARCH                        |
--------------------------------------------------------------------
Performs final model parameters optimization
Estimate model parameters (epsilon = 0.010)
1. Initial log-likelihood: -11522.954
Optimal log-likelihood: -11522.952
Proportion of invariable sites: 0.023
Gamma shape alpha: 1.295
Parameters optimization took 1 rounds (0.049 sec)
BEST SCORE FOUND : -11522.952
Creating bootstrap support values...
Split supports printed to NEXUS file results_broccoli_meto/alignments/OG_1780.iqtree.splits.nex
Total tree length: 30.976

Total number of iterations: 247
CPU time used for tree search: 153.942 sec (0h:2m:33s)
Wall-clock time used for tree search: 77.905 sec (0h:1m:17s)
Total CPU time used: 157.273 sec (0h:2m:37s)
Total wall-clock time used: 79.729 sec (0h:1m:19s)

Computing bootstrap consensus tree...
Reading input file results_broccoli_meto/alignments/OG_1780.iqtree.splits.nex...
42 taxa and 360 splits.
Consensus tree written to results_broccoli_meto/alignments/OG_1780.iqtree.contree
Reading input trees file results_broccoli_meto/alignments/OG_1780.iqtree.contree
Log-likelihood of consensus tree: -11522.953

Analysis results written to: 
  IQ-TREE report:                results_broccoli_meto/alignments/OG_1780.iqtree.iqtree
  Maximum-likelihood tree:       results_broccoli_meto/alignments/OG_1780.iqtree.treefile
  Likelihood distances:          results_broccoli_meto/alignments/OG_1780.iqtree.mldist

Ultrafast bootstrap approximation results written to:
  Split support values:          results_broccoli_meto/alignments/OG_1780.iqtree.splits.nex
  Consensus tree:                results_broccoli_meto/alignments/OG_1780.iqtree.contree
  Screen log file:               results_broccoli_meto/alignments/OG_1780.iqtree.log

Date and Time: Fri Dec 16 13:40:53 2022
