IQ-TREE multicore version 2.1.0 for Linux 64-bit built Jul 18 2020
Developed by Bui Quang Minh, James Barbetti, Nguyen Lam Tung,
Olga Chernomor, Heiko Schmidt, Dominik Schrempf, Michael Woodhams.

Host:    node-hp0106.linux.crg.es (AVX, 125 GB RAM)
Command: /users/asebe/xgraubove/Programes/iqtree-2.1.0-Linux/bin/iqtree2 -s results_broccoli_meto/alignments/OG_13006.lt.fasta -m TEST -mset LG,WAG,JTT -nt AUTO -ntmax 2 -bb 1000 -pre results_broccoli_meto/alignments/OG_13006.iqtree -nm 10000 -nstop 200 -cptime 1800
Seed:    702324 (Using SPRNG - Scalable Parallel Random Number Generator)
Time:    Fri Dec 16 11:47:57 2022
Kernel:  AVX - auto-detect threads (2 CPU cores detected)

Reading alignment file results_broccoli_meto/alignments/OG_13006.lt.fasta ... Fasta format detected
Alignment most likely contains protein sequences
Alignment has 43 sequences with 139 columns, 122 distinct patterns
95 parsimony-informative, 0 singleton sites, 44 constant sites
                                         Gap/Ambiguity  Composition  p-value
   1  Bralan_BLAG11000938_2                      0.00%    passed     99.60%
   2  Spur_XM_030992722.1                        0.00%    passed     98.75%
   3  Ctel_gnl_WGS_AMQN_CAPTEDRAFT_mRNA149194    0.00%    passed     99.76%
   4  Cgig_XM_011448795.3                        2.16%    passed     99.82%
   5  Acagra_model.g17998.t1                     1.44%    passed     99.27%
   6  Tcas_TC001037_001                          0.00%    passed     92.51%
   7  Dpul_mRNA6717                              0.00%    passed     99.96%
   8  Cscu_XM_023378090.1                        0.00%    passed     98.30%
   9  Dgig_XM_028543822.1                        0.72%    passed    100.00%
  10  Xesp_021794-T1                             0.72%    passed     99.60%
  11  Adig_XM_015898099.1                        2.88%    passed     99.78%
  12  Spis_XP_022806617_1                        2.88%    passed     99.94%
  13  Pocdam_XM_027180758.1                      2.88%    passed    100.00%
  14  Gfas_gfas1.m1.14986.m1                     2.16%    passed    100.00%
  15  Aaur_scaffold257.g14.t1                   22.30%    passed     70.44%
  16  Rhoesc_Res_004024-T1                       0.00%    passed     94.46%
  17  Sanmal_Sma_022846-T1                       0.00%    passed     79.28%
  18  Opea_EP00118_Oscarella_pearsei_P024797     1.44%    passed     99.46%
  19  Plajan_Pjan_C552075_01                     0.72%    passed     98.72%
  20  Scil_scict015808.1                         1.44%    passed     99.99%
  21  Gracom_Gcom_scaffold3393_01                0.72%    passed     99.99%
  22  Clacor_Ccor_scaffold14961_01               0.72%    passed     99.81%
  23  TrH2_TrispH2_009536-RA                     2.16%    passed     99.79%
  24  Hhon_g09710.t1                             0.00%    passed     99.99%
  25  HoiH23_PlH23_007275-RA                    11.51%    passed     98.92%
  26  HoiH04_mRNA9083                            3.60%    passed     99.93%
  27  HoiH06_mRNA9497                           12.95%    passed     91.28%
  28  HoiH11_mRNA807                            10.79%    passed     88.32%
  29  Lcom_lcpid112318                           1.44%    passed     99.56%
  30  Leuniv_Lniv_scaffold11067_01              14.39%    passed     99.96%
  31  Mlei_ML2306.g8.i1                          0.00%    passed     99.96%
  32  Beraby_Baby_sb335360                       0.00%    passed     99.53%
  33  Horcal_Hcv1.av93.c8.g826.i1                0.00%    passed     99.87%
  34  Lampan_Lpan_13106_01                       6.47%    passed     97.01%
  35  Vmul_sbMO430405                            0.00%    passed     99.96%
  36  Coeast_Cast_sb761906                       5.04%    passed     97.92%
  37  Drygla_Dgla_sb277123                      14.39%    failed      0.82%
  38  Hvul_g20376_1                              0.00%    passed     95.09%
  39  Chem_TCONS_00005888                        0.00%    passed     96.29%
  40  Nemnom_g15453.t1                           0.00%    passed     90.54%
  41  Morvir_scaffold79.g32.t1                   3.60%    passed     41.95%
  42  Pbac_sb2668980                            46.76%    passed     88.09%
  43  Amil_Amillepora06033-RA                   56.12%    passed     12.47%
WARNING: 1 sequences contain more than 50% gaps/ambiguity
****  TOTAL                                      5.40%  1 sequences failed composition chi2 test (p-value<5%; df=19)


Create initial parsimony tree by phylogenetic likelihood library (PLL)... 0.010 seconds
Measuring multi-threading efficiency up to 2 CPU cores
Increase to 10 rounds for branch lengths
13 trees examined
Threads: 1 / Time: 2.020 sec / Speedup: 1.000 / Efficiency: 100% / LogL: -6001
Threads: 2 / Time: 3.323 sec / Speedup: 0.608 / Efficiency: 30% / LogL: -6001
BEST NUMBER OF THREADS: 1

Perform fast likelihood tree search using LG+I+G model...
Estimate model parameters (epsilon = 5.000)
Perform nearest neighbor interchange...
Estimate model parameters (epsilon = 1.000)
1. Initial log-likelihood: -4380.839
Optimal log-likelihood: -4380.642
Proportion of invariable sites: 0.224
Gamma shape alpha: 0.716
Parameters optimization took 1 rounds (0.116 sec)
Time for fast ML tree search: 0.613 seconds

NOTE: ModelFinder requires 4 MB RAM!
ModelFinder will test up to 24 protein models (sample size: 139) ...
 No. Model         -LnL         df  AIC          AICc         BIC
  1  LG            4870.741     83  9907.482     10161.009    10151.044
  2  LG+I          4606.674     84  9381.348     9645.792     9627.843
  3  LG+G4         4385.873     84  8939.746     9204.191     9186.242
  4  LG+I+G4       4380.448     85  8930.895     9206.744     9180.326
  7  LG+F+G4       4433.180     103 9072.361     9684.475     9374.612
  8  LG+F+I+G4     4426.577     104 9061.154     9703.507     9366.340
 11  WAG+G4        4392.682     84  8953.365     9217.809     9199.861
 12  WAG+I+G4      4386.948     85  8943.897     9219.746     9193.327
 15  WAG+F+G4      4438.655     103 9083.311     9695.425     9385.561
 16  WAG+F+I+G4    4432.628     104 9073.255     9715.608     9378.441
 19  JTT+G4        4387.795     84  8943.589     9208.034     9190.085
 20  JTT+I+G4      4381.747     85  8933.493     9209.342     9182.924
 23  JTT+F+G4      4432.919     103 9071.839     9683.953     9374.090
 24  JTT+F+I+G4    4426.093     104 9060.185     9702.538     9365.370
Akaike Information Criterion:           LG+I+G4
Corrected Akaike Information Criterion: LG+G4
Bayesian Information Criterion:         LG+I+G4
Best-fit model: LG+I+G4 chosen according to BIC

All model information printed to results_broccoli_meto/alignments/OG_13006.iqtree.model.gz
CPU time for ModelFinder: 8.131 seconds (0h:0m:8s)
Wall-clock time for ModelFinder: 8.390 seconds (0h:0m:8s)
Generating 1000 samples for ultrafast bootstrap (seed: 702324)...

NOTE: 4 MB RAM (0 GB) is required!
Estimate model parameters (epsilon = 0.100)
Thoroughly optimizing +I+G parameters from 10 start values...
Init pinv, alpha: 0.000, 0.764 / Estimate: 0.000, 0.416 / LogL: -4385.873
Init pinv, alpha: 0.035, 0.764 / Estimate: 0.239, 0.755 / LogL: -4380.480
Init pinv, alpha: 0.070, 0.764 / Estimate: 0.237, 0.747 / LogL: -4380.509
Init pinv, alpha: 0.106, 0.764 / Estimate: 0.240, 0.757 / LogL: -4380.472
Init pinv, alpha: 0.141, 0.764 / Estimate: 0.240, 0.757 / LogL: -4380.473
Init pinv, alpha: 0.176, 0.764 / Estimate: 0.238, 0.751 / LogL: -4380.490
Init pinv, alpha: 0.211, 0.764 / Estimate: 0.237, 0.751 / LogL: -4380.487
Init pinv, alpha: 0.246, 0.764 / Estimate: 0.249, 0.787 / LogL: -4380.393
Init pinv, alpha: 0.281, 0.764 / Estimate: 0.261, 0.829 / LogL: -4380.374
Init pinv, alpha: 0.317, 0.764 / Estimate: 0.263, 0.835 / LogL: -4380.382
Optimal pinv,alpha: 0.261, 0.829 / LogL: -4380.374

Parameters optimization took 6.194 sec
Computing ML distances based on estimated model parameters...
Computing ML distances took 0.261443 sec (of wall-clock time) 0.260551 sec(of CPU time)
Computing RapidNJ tree took 0.000234 sec (of wall-clock time) 0.000289 sec (of CPU time)
Log-likelihood of RapidNJ tree: -4411.592
--------------------------------------------------------------------
|             INITIALIZING CANDIDATE TREE SET                      |
--------------------------------------------------------------------
Generating 98 parsimony trees... 0.541 second
Computing log-likelihood of 98 initial trees ... 1.829 seconds
Current best score: -4376.838

Do NNI search on 20 best initial trees
Estimate model parameters (epsilon = 0.100)
BETTER TREE FOUND at iteration 1: -4368.868
UPDATE BEST LOG-LIKELIHOOD: -4368.868
Estimate model parameters (epsilon = 0.100)
BETTER TREE FOUND at iteration 9: -4367.550
Iteration 10 / LogL: -4371.419 / Time: 0h:0m:12s
Estimate model parameters (epsilon = 0.100)
BETTER TREE FOUND at iteration 14: -4366.335
Iteration 20 / LogL: -4368.902 / Time: 0h:0m:16s
Finish initializing candidate tree set (14)
Current best tree score: -4366.335 / CPU time: 9.167
Number of iterations: 20
--------------------------------------------------------------------
|               OPTIMIZING CANDIDATE TREE SET                      |
--------------------------------------------------------------------
Iteration 30 / LogL: -4367.942 / Time: 0h:0m:20s (0h:2m:10s left)
Iteration 40 / LogL: -4369.752 / Time: 0h:0m:24s (0h:1m:50s left)
Estimate model parameters (epsilon = 0.100)
BETTER TREE FOUND at iteration 47: -4365.537
Iteration 50 / LogL: -4370.346 / Time: 0h:0m:29s (0h:1m:57s left)
Log-likelihood cutoff on original alignment: -4411.095
Estimate model parameters (epsilon = 0.100)
BETTER TREE FOUND at iteration 52: -4363.654
Iteration 60 / LogL: -4363.654 / Time: 0h:0m:33s (0h:1m:49s left)
UPDATE BEST LOG-LIKELIHOOD: -4363.654
Iteration 70 / LogL: -4363.656 / Time: 0h:0m:38s (0h:1m:40s left)
Iteration 80 / LogL: -4366.940 / Time: 0h:0m:42s (0h:1m:32s left)
Iteration 90 / LogL: -4363.657 / Time: 0h:0m:46s (0h:1m:25s left)
Iteration 100 / LogL: -4363.654 / Time: 0h:0m:51s (0h:1m:18s left)
Log-likelihood cutoff on original alignment: -4410.448
NOTE: Bootstrap correlation coefficient of split occurrence frequencies: 0.993
UPDATE BEST LOG-LIKELIHOOD: -4363.654
Iteration 110 / LogL: -4368.694 / Time: 0h:0m:55s (0h:1m:12s left)
Iteration 120 / LogL: -4365.557 / Time: 0h:0m:59s (0h:1m:6s left)
Iteration 130 / LogL: -4363.818 / Time: 0h:1m:4s (0h:1m:0s left)
Iteration 140 / LogL: -4363.675 / Time: 0h:1m:7s (0h:0m:54s left)
Iteration 150 / LogL: -4363.654 / Time: 0h:1m:12s (0h:0m:49s left)
Log-likelihood cutoff on original alignment: -4410.448
Iteration 160 / LogL: -4366.523 / Time: 0h:1m:16s (0h:0m:44s left)
Iteration 170 / LogL: -4363.654 / Time: 0h:1m:20s (0h:0m:39s left)
Iteration 180 / LogL: -4363.820 / Time: 0h:1m:24s (0h:0m:33s left)
Iteration 190 / LogL: -4363.820 / Time: 0h:1m:28s (0h:0m:28s left)
Iteration 200 / LogL: -4363.656 / Time: 0h:1m:32s (0h:0m:24s left)
Log-likelihood cutoff on original alignment: -4410.448
NOTE: Bootstrap correlation coefficient of split occurrence frequencies: 1.000
Iteration 210 / LogL: -4363.657 / Time: 0h:1m:36s (0h:0m:41s left)
Iteration 220 / LogL: -4365.545 / Time: 0h:1m:41s (0h:0m:36s left)
Iteration 230 / LogL: -4366.348 / Time: 0h:1m:45s (0h:0m:32s left)
Iteration 240 / LogL: -4369.086 / Time: 0h:1m:49s (0h:0m:27s left)
Iteration 250 / LogL: -4363.654 / Time: 0h:1m:53s (0h:0m:22s left)
Log-likelihood cutoff on original alignment: -4410.448
TREE SEARCH COMPLETED AFTER 253 ITERATIONS / Time: 0h:1m:55s

--------------------------------------------------------------------
|                    FINALIZING TREE SEARCH                        |
--------------------------------------------------------------------
Performs final model parameters optimization
Estimate model parameters (epsilon = 0.010)
1. Initial log-likelihood: -4363.654
Optimal log-likelihood: -4363.654
Proportion of invariable sites: 0.262
Gamma shape alpha: 0.836
Parameters optimization took 1 rounds (0.061 sec)
BEST SCORE FOUND : -4363.654
Creating bootstrap support values...
Split supports printed to NEXUS file results_broccoli_meto/alignments/OG_13006.iqtree.splits.nex
Total tree length: 9.770

Total number of iterations: 253
CPU time used for tree search: 107.871 sec (0h:1m:47s)
Wall-clock time used for tree search: 108.686 sec (0h:1m:48s)
Total CPU time used: 114.901 sec (0h:1m:54s)
Total wall-clock time used: 115.835 sec (0h:1m:55s)

Computing bootstrap consensus tree...
Reading input file results_broccoli_meto/alignments/OG_13006.iqtree.splits.nex...
43 taxa and 364 splits.
Consensus tree written to results_broccoli_meto/alignments/OG_13006.iqtree.contree
Reading input trees file results_broccoli_meto/alignments/OG_13006.iqtree.contree
Log-likelihood of consensus tree: -4363.657

Analysis results written to: 
  IQ-TREE report:                results_broccoli_meto/alignments/OG_13006.iqtree.iqtree
  Maximum-likelihood tree:       results_broccoli_meto/alignments/OG_13006.iqtree.treefile
  Likelihood distances:          results_broccoli_meto/alignments/OG_13006.iqtree.mldist

Ultrafast bootstrap approximation results written to:
  Split support values:          results_broccoli_meto/alignments/OG_13006.iqtree.splits.nex
  Consensus tree:                results_broccoli_meto/alignments/OG_13006.iqtree.contree
  Screen log file:               results_broccoli_meto/alignments/OG_13006.iqtree.log

Date and Time: Fri Dec 16 11:50:02 2022
