IQ-TREE multicore version 2.1.0 for Linux 64-bit built Jul 18 2020
Developed by Bui Quang Minh, James Barbetti, Nguyen Lam Tung,
Olga Chernomor, Heiko Schmidt, Dominik Schrempf, Michael Woodhams.

Host:    node-hp0302.linux.crg.es (AVX, 125 GB RAM)
Command: /users/asebe/xgraubove/Programes/iqtree-2.1.0-Linux/bin/iqtree2 -s results_broccoli_meto/alignments/OG_12942.lt.fasta -m TEST -mset LG,WAG,JTT -nt AUTO -ntmax 2 -bb 1000 -pre results_broccoli_meto/alignments/OG_12942.iqtree -nm 10000 -nstop 200 -cptime 1800
Seed:    49792 (Using SPRNG - Scalable Parallel Random Number Generator)
Time:    Fri Dec 16 11:41:17 2022
Kernel:  AVX - auto-detect threads (2 CPU cores detected)

Reading alignment file results_broccoli_meto/alignments/OG_12942.lt.fasta ... Fasta format detected
Alignment most likely contains protein sequences
Alignment has 45 sequences with 173 columns, 157 distinct patterns
140 parsimony-informative, 0 singleton sites, 33 constant sites
                                                        Gap/Ambiguity  Composition  p-value
   1  Hsap_ENST00000331200                                      0.00%    passed     62.62%
   2  Skow_XM_006817282.1                                      47.98%    passed     55.54%
   3  Cgig_XM_034451711.1                                       9.83%    passed     77.82%
   4  Bralan_BLAG19000298_1                                     9.83%    passed     97.65%
   5  Dpul_mRNA11323                                           21.97%    passed     99.78%
   6  Ctel_gnl_WGS_AMQN_CAPTEDRAFT_mRNA178519                  38.15%    passed     95.42%
   7  Tadh_TriadT24211                                         15.61%    passed     99.63%
   8  TrH2_TrispH2_010255-RA                                    8.67%    passed     99.89%
   9  HoiH06_mRNA13627                                          7.51%    passed     98.21%
  10  HoiH23_PlH23_004394-RA                                    7.51%    passed     97.76%
  11  Hhon_g07192.t1                                            8.67%    passed     98.91%
  12  HoiH04_mRNA4701                                           8.67%    passed     97.44%
  13  HoiH11_mRNA1722                                           7.51%    passed     99.26%
  14  Acagra_model.g11426.t1                                    2.89%    passed     47.60%
  15  Cscu_XM_023381759.1                                       9.25%    passed     92.42%
  16  Spur_XM_030972255.1                                      10.98%    passed     18.08%
  17  Exapal_XM_021044901.2                                    12.14%    passed     65.79%
  18  Nvec_v1g239804                                           11.56%    passed     66.17%
  19  Spis_XP_022804212_1                                      12.72%    passed     99.89%
  20  Pocdam_XM_027187141.1                                    12.72%    passed     99.35%
  21  Xestes_maker-XT_scaffold5074-augustus-gene-0.15-mRNA-1   30.64%    passed     95.95%
  22  Halamb_c42968_g2_i1m.15557                                4.05%    passed     89.09%
  23  Leuniv_Lniv_scaffold3475_01                               1.73%    passed     67.65%
  24  Scil_scict007960.1                                        2.89%    passed     94.03%
  25  Gracom_Gcom_scaffold7082_01                               2.31%    passed     73.64%
  26  Lcom_lcpid118996                                          1.73%    passed     91.31%
  27  Emue_Em0010g927a.t1                                      14.45%    passed     90.09%
  28  Spolac_c97346_g1_i1_m.14793c97346-g1                      9.83%    passed     74.76%
  29  Dgig_XM_028546472.1                                      10.40%    passed     54.56%
  30  Xesp_029071-T1                                           10.40%    passed     67.71%
  31  Tcas_TC008662_001                                         0.00%    passed     94.89%
  32  Plespi_Pspi_scaffold10496_01                             15.61%    passed     99.82%
  33  Mlei_ML0769.g15.i1                                       23.12%    passed     98.53%
  34  Bolinf_Binf_sb1193559                                    22.54%    passed     97.47%
  35  Mertsp_Mesp_sb549317                                     21.97%    passed     94.53%
  36  Lampan_Lpan_8474_01                                      20.81%    passed     95.62%
  37  Beraby_Baby_sb329614                                     20.81%    passed     98.72%
  38  Pbac_sb2664747                                            0.00%    passed     80.73%
  39  Horcal_Hcv1.av93.c8.g678.i1                              24.86%    passed     89.59%
  40  Coemet_Cmet_scaffold14240_01                             23.12%    passed     77.89%
  41  Ocar_g9771                                               17.34%    passed     82.74%
  42  Opea_EP00118_Oscarella_pearsei_P027154                   12.14%    passed     83.78%
  43  Aque_Aqu2.1.43366_001                                     4.05%    passed     92.80%
  44  Hvul_g17690_1                                             1.16%    passed     71.33%
  45  Chem_TCONS_00008130                                      13.87%    passed     79.10%
****  TOTAL                                                    12.76%  0 sequences failed composition chi2 test (p-value<5%; df=19)


Create initial parsimony tree by phylogenetic likelihood library (PLL)... 0.008 seconds
Measuring multi-threading efficiency up to 2 CPU cores
Increase to 10 rounds for branch lengths
10 trees examined
Threads: 1 / Time: 2.065 sec / Speedup: 1.000 / Efficiency: 100% / LogL: -9116
Threads: 2 / Time: 1.709 sec / Speedup: 1.208 / Efficiency: 60% / LogL: -9116
BEST NUMBER OF THREADS: 2

Perform fast likelihood tree search using LG+I+G model...
Estimate model parameters (epsilon = 5.000)
Perform nearest neighbor interchange...
Estimate model parameters (epsilon = 1.000)
1. Initial log-likelihood: -7084.238
Optimal log-likelihood: -7084.107
Proportion of invariable sites: 0.113
Gamma shape alpha: 0.695
Parameters optimization took 1 rounds (0.083 sec)
Time for fast ML tree search: 0.497 seconds

NOTE: ModelFinder requires 5 MB RAM!
ModelFinder will test up to 24 protein models (sample size: 173) ...
 No. Model         -LnL         df  AIC          AICc         BIC
  1  LG            7744.403     87  15662.807    15842.948    15937.143
  2  LG+I          7461.170     88  15098.340    15284.816    15375.829
  3  LG+G4         7088.296     88  14352.592    14539.069    14630.082
  4  LG+I+G4       7083.996     89  14345.992    14539.004    14626.635
  7  LG+F+G4       7117.649     107 14449.298    14804.867    14786.700
  8  LG+F+I+G4     7114.270     108 14444.539    14812.414    14785.095
 11  WAG+G4        7111.401     88  14398.803    14585.279    14676.292
 12  WAG+I+G4      7100.936     89  14379.873    14572.885    14660.516
 15  WAG+F+G4      7138.908     107 14491.815    14847.385    14829.218
 16  WAG+F+I+G4    7130.362     108 14476.723    14844.598    14817.279
 19  JTT+G4        7138.467     88  14452.934    14639.410    14730.423
 20  JTT+I+G4      7129.986     89  14437.971    14630.983    14718.614
 23  JTT+F+G4      7190.327     107 14594.653    14950.222    14932.055
 24  JTT+F+I+G4    7182.998     108 14581.996    14949.871    14922.551
Akaike Information Criterion:           LG+I+G4
Corrected Akaike Information Criterion: LG+I+G4
Bayesian Information Criterion:         LG+I+G4
Best-fit model: LG+I+G4 chosen according to BIC

All model information printed to results_broccoli_meto/alignments/OG_12942.iqtree.model.gz
CPU time for ModelFinder: 10.580 seconds (0h:0m:10s)
Wall-clock time for ModelFinder: 7.001 seconds (0h:0m:7s)
Generating 1000 samples for ultrafast bootstrap (seed: 49792)...

NOTE: 5 MB RAM (0 GB) is required!
Estimate model parameters (epsilon = 0.100)
Thoroughly optimizing +I+G parameters from 10 start values...
Init pinv, alpha: 0.000, 0.725 / Estimate: 0.000, 0.550 / LogL: -7088.294
Init pinv, alpha: 0.021, 0.725 / Estimate: 0.107, 0.681 / LogL: -7084.204
Init pinv, alpha: 0.042, 0.725 / Estimate: 0.107, 0.681 / LogL: -7084.204
Init pinv, alpha: 0.064, 0.725 / Estimate: 0.109, 0.685 / LogL: -7084.174
Init pinv, alpha: 0.085, 0.725 / Estimate: 0.110, 0.688 / LogL: -7084.153
Init pinv, alpha: 0.106, 0.725 / Estimate: 0.119, 0.712 / LogL: -7084.041
Init pinv, alpha: 0.127, 0.725 / Estimate: 0.130, 0.749 / LogL: -7083.931
Init pinv, alpha: 0.148, 0.725 / Estimate: 0.145, 0.817 / LogL: -7083.785
Init pinv, alpha: 0.170, 0.725 / Estimate: 0.176, 1.028 / LogL: -7081.539
Init pinv, alpha: 0.191, 0.725 / Estimate: 0.176, 1.027 / LogL: -7081.518
Optimal pinv,alpha: 0.176, 1.027 / LogL: -7081.518

Parameters optimization took 2.497 sec
Computing ML distances based on estimated model parameters...
Computing ML distances took 0.152037 sec (of wall-clock time) 0.301284 sec(of CPU time)
Computing RapidNJ tree took 0.000950 sec (of wall-clock time) 0.001599 sec (of CPU time)
Log-likelihood of RapidNJ tree: -7117.826
--------------------------------------------------------------------
|             INITIALIZING CANDIDATE TREE SET                      |
--------------------------------------------------------------------
Generating 98 parsimony trees... 0.829 second
Computing log-likelihood of 98 initial trees ... 1.350 seconds
Current best score: -7081.518

Do NNI search on 20 best initial trees
Estimate model parameters (epsilon = 0.100)
BETTER TREE FOUND at iteration 1: -7081.020
Estimate model parameters (epsilon = 0.100)
BETTER TREE FOUND at iteration 2: -7073.974
UPDATE BEST LOG-LIKELIHOOD: -7073.974
Estimate model parameters (epsilon = 0.100)
BETTER TREE FOUND at iteration 7: -7073.268
Iteration 10 / LogL: -7074.962 / Time: 0h:0m:10s
Estimate model parameters (epsilon = 0.100)
BETTER TREE FOUND at iteration 17: -7072.401
Iteration 20 / LogL: -7078.657 / Time: 0h:0m:14s
Finish initializing candidate tree set (17)
Current best tree score: -7072.401 / CPU time: 11.752
Number of iterations: 20
--------------------------------------------------------------------
|               OPTIMIZING CANDIDATE TREE SET                      |
--------------------------------------------------------------------
Estimate model parameters (epsilon = 0.100)
BETTER TREE FOUND at iteration 24: -7071.483
Iteration 30 / LogL: -7076.357 / Time: 0h:0m:18s (0h:2m:3s left)
Iteration 40 / LogL: -7076.390 / Time: 0h:0m:21s (0h:1m:42s left)
Estimate model parameters (epsilon = 0.100)
UPDATE BEST LOG-LIKELIHOOD: -7071.433
Iteration 50 / LogL: -7076.717 / Time: 0h:0m:24s (0h:1m:28s left)
Log-likelihood cutoff on original alignment: -7122.870
Iteration 60 / LogL: -7072.394 / Time: 0h:0m:27s (0h:1m:17s left)
Iteration 70 / LogL: -7074.072 / Time: 0h:0m:30s (0h:1m:8s left)
Iteration 80 / LogL: -7072.324 / Time: 0h:0m:33s (0h:1m:1s left)
Iteration 90 / LogL: -7076.759 / Time: 0h:0m:36s (0h:0m:55s left)
Iteration 100 / LogL: -7072.263 / Time: 0h:0m:39s (0h:0m:49s left)
Log-likelihood cutoff on original alignment: -7122.870
NOTE: Bootstrap correlation coefficient of split occurrence frequencies: 0.999
Iteration 110 / LogL: -7071.486 / Time: 0h:0m:43s (0h:0m:45s left)
Iteration 120 / LogL: -7071.623 / Time: 0h:0m:46s (0h:0m:40s left)
Iteration 130 / LogL: -7071.453 / Time: 0h:0m:49s (0h:0m:36s left)
Iteration 140 / LogL: -7071.515 / Time: 0h:0m:53s (0h:0m:32s left)
Iteration 150 / LogL: -7071.573 / Time: 0h:0m:55s (0h:0m:27s left)
Log-likelihood cutoff on original alignment: -7113.044
Iteration 160 / LogL: -7072.025 / Time: 0h:0m:59s (0h:0m:23s left)
Iteration 170 / LogL: -7071.577 / Time: 0h:1m:2s (0h:0m:20s left)
Iteration 180 / LogL: -7072.562 / Time: 0h:1m:5s (0h:0m:16s left)
Iteration 190 / LogL: -7071.627 / Time: 0h:1m:8s (0h:0m:12s left)
Iteration 200 / LogL: -7071.474 / Time: 0h:1m:11s (0h:0m:8s left)
Log-likelihood cutoff on original alignment: -7113.044
NOTE: Bootstrap correlation coefficient of split occurrence frequencies: 0.991
Iteration 210 / LogL: -7071.719 / Time: 0h:1m:14s (0h:0m:32s left)
Iteration 220 / LogL: -7071.965 / Time: 0h:1m:17s (0h:0m:28s left)
TREE SEARCH COMPLETED AFTER 225 ITERATIONS / Time: 0h:1m:19s

--------------------------------------------------------------------
|                    FINALIZING TREE SEARCH                        |
--------------------------------------------------------------------
Performs final model parameters optimization
Estimate model parameters (epsilon = 0.010)
1. Initial log-likelihood: -7071.433
Optimal log-likelihood: -7071.428
Proportion of invariable sites: 0.178
Gamma shape alpha: 1.026
Parameters optimization took 1 rounds (0.046 sec)
BEST SCORE FOUND : -7071.428
Creating bootstrap support values...
Split supports printed to NEXUS file results_broccoli_meto/alignments/OG_12942.iqtree.splits.nex
Total tree length: 23.349

Total number of iterations: 225
CPU time used for tree search: 149.346 sec (0h:2m:29s)
Wall-clock time used for tree search: 76.108 sec (0h:1m:16s)
Total CPU time used: 155.634 sec (0h:2m:35s)
Total wall-clock time used: 79.570 sec (0h:1m:19s)

Computing bootstrap consensus tree...
Reading input file results_broccoli_meto/alignments/OG_12942.iqtree.splits.nex...
45 taxa and 361 splits.
Consensus tree written to results_broccoli_meto/alignments/OG_12942.iqtree.contree
Reading input trees file results_broccoli_meto/alignments/OG_12942.iqtree.contree
Log-likelihood of consensus tree: -7071.504

Analysis results written to: 
  IQ-TREE report:                results_broccoli_meto/alignments/OG_12942.iqtree.iqtree
  Maximum-likelihood tree:       results_broccoli_meto/alignments/OG_12942.iqtree.treefile
  Likelihood distances:          results_broccoli_meto/alignments/OG_12942.iqtree.mldist

Ultrafast bootstrap approximation results written to:
  Split support values:          results_broccoli_meto/alignments/OG_12942.iqtree.splits.nex
  Consensus tree:                results_broccoli_meto/alignments/OG_12942.iqtree.contree
  Screen log file:               results_broccoli_meto/alignments/OG_12942.iqtree.log

Date and Time: Fri Dec 16 11:42:44 2022
