IQ-TREE multicore version 2.1.0 for Linux 64-bit built Jul 18 2020
Developed by Bui Quang Minh, James Barbetti, Nguyen Lam Tung,
Olga Chernomor, Heiko Schmidt, Dominik Schrempf, Michael Woodhams.

Host:    node-hp0201.linux.crg.es (AVX, 125 GB RAM)
Command: /users/asebe/xgraubove/Programes/iqtree-2.1.0-Linux/bin/iqtree2 -s results_broccoli_meto/alignments/OG_12279.lt.fasta -m TEST -mset LG,WAG,JTT -nt AUTO -ntmax 2 -bb 1000 -pre results_broccoli_meto/alignments/OG_12279.iqtree -nm 10000 -nstop 200 -cptime 1800
Seed:    299668 (Using SPRNG - Scalable Parallel Random Number Generator)
Time:    Fri Dec 16 10:37:36 2022
Kernel:  AVX - auto-detect threads (2 CPU cores detected)

Reading alignment file results_broccoli_meto/alignments/OG_12279.lt.fasta ... Fasta format detected
Alignment most likely contains protein sequences
Alignment has 47 sequences with 1079 columns, 1078 distinct patterns
1045 parsimony-informative, 0 singleton sites, 34 constant sites
                                         Gap/Ambiguity  Composition  p-value
   1  Hsap_ENST00000336824                       5.28%    passed     23.07%
   2  Bralan_BLAG14101199_12                     4.82%    passed     32.12%
   3  Ctel_gnl_WGS_AMQN_CAPTEDRAFT_mRNA151424    6.95%    passed     44.73%
   4  Cgig_XM_020069745.2                        4.82%    passed     15.82%
   5  Acagra_model.g16795.t1                    12.05%    passed     62.49%
   6  Cscu_XM_023382564.1                       27.53%    failed      0.04%
   7  Spur_XM_030981865.1                        3.43%    passed     50.32%
   8  Skow_XM_002735860.2                       12.97%    passed     68.22%
   9  Tcas_TC033105_002                          6.39%    passed     69.81%
  10  Dpul_mRNA4027                             28.08%    passed      7.54%
  11  Mlei_ML0866.g12.i1                        11.03%    passed     12.02%
  12  Beraby_Baby_sb350185                      11.96%    passed     18.35%
  13  Lampan_Lpan_12232_01                      53.20%    passed     44.37%
  14  Drygla_Dgla_sb286851                      51.53%    passed     28.17%
  15  Vmul_Simscaffold4176_01                   10.19%    passed     82.05%
  16  Coeast_Cast_sb775423                      78.04%    passed      5.30%
  17  Coemet_Cmet_scaffold20324_01              10.10%    passed     32.67%
  18  Exapal_XM_021053001.2                      2.69%    failed      0.81%
  19  Nvec_v1g243939                             3.61%    passed     16.49%
  20  Adig_XM_015903360.1                        6.67%    passed     86.72%
  21  Amil_Amillepora24602-RA                    6.21%    passed     93.81%
  22  Gfas_gfas1.m1.15296.m1                     1.85%    passed     89.81%
  23  Fspp_ffun1.m4.14569.m1                     7.69%    passed     84.89%
  24  Gasp_gasp1.m3.18624.m1                     5.00%    passed     91.92%
  25  Spis_XP_022798251_1                        2.22%    passed     75.00%
  26  Pocdam_XM_027199107.1                     17.15%    passed     94.28%
  27  Dgig_XM_028546090.1                        6.95%    passed     33.87%
  28  Xesp_014684-T1                            11.49%    failed      2.45%
  29  Hvul_g21567_1                             11.77%    failed      0.00%
  30  Chem_TCONS_00049955                        3.43%    failed      2.33%
  31  Aaur_scaffold293.g16.t1                   15.01%    passed     72.78%
  32  Nemnom_g5655.t1                            4.82%    passed     98.73%
  33  Rhoesc_Res_007340-T1                       2.87%    passed     97.41%
  34  Sanmal_Sma_015427-T1                       4.45%    passed     53.62%
  35  Morvir_scaffold13.g58.t1                  18.44%    failed      0.05%
  36  Spolac_c88500_g3_i2_m.5078c88500-g2       76.09%    passed     58.05%
  37  Scil_scict015911.1                        12.70%    failed      0.00%
  38  Leuniv_Lniv_C815410_01                    12.60%    failed      0.00%
  39  Lcom_lcpid33758                           13.25%    failed      0.05%
  40  Gracom_Gcom_scaffold18107_01              13.72%    failed      0.12%
  41  Clacor_Ccor_C540067_01                    60.61%    failed      3.37%
  42  Opea_EP00118_Oscarella_pearsei_P016361    17.15%    passed      8.51%
  43  Plajan_Pjan_scaffold20685_01              39.48%    passed     20.19%
  44  Tetwil_g4564.t1                           55.24%    passed     23.05%
  45  Plespi_Pspi_scaffold4900_01               49.86%    passed     26.03%
  46  Emue_Em0021g76a.t1                        55.89%    failed      0.02%
  47  Ocar_g2783                                55.51%    failed      4.48%
WARNING: 8 sequences contain more than 50% gaps/ambiguity
****  TOTAL                                     19.85%  13 sequences failed composition chi2 test (p-value<5%; df=19)


Create initial parsimony tree by phylogenetic likelihood library (PLL)... 0.030 seconds
Measuring multi-threading efficiency up to 2 CPU cores
Increase to 10 rounds for branch lengths
2 trees examined
Threads: 1 / Time: 2.721 sec / Speedup: 1.000 / Efficiency: 100% / LogL: -81981
Threads: 2 / Time: 1.390 sec / Speedup: 1.958 / Efficiency: 98% / LogL: -81981
BEST NUMBER OF THREADS: 2

Perform fast likelihood tree search using LG+I+G model...
Estimate model parameters (epsilon = 5.000)
Perform nearest neighbor interchange...
Estimate model parameters (epsilon = 1.000)
1. Initial log-likelihood: -66313.051
Optimal log-likelihood: -66313.032
Proportion of invariable sites: 0.027
Gamma shape alpha: 2.232
Parameters optimization took 1 rounds (0.247 sec)
Time for fast ML tree search: 2.031 seconds

NOTE: ModelFinder requires 36 MB RAM!
ModelFinder will test up to 24 protein models (sample size: 1079) ...
 No. Model         -LnL         df  AIC          AICc         BIC
  1  LG            67760.173    91  135702.345   135719.310   136155.870
  2  LG+I          67480.451    92  135144.901   135162.256   135603.410
  3  LG+G4         66366.909    92  132917.818   132935.173   133376.327
  4  LG+I+G4       66313.032    93  132812.065   132829.815   133275.557
  8  LG+F+I+G4     66052.608    112 132329.216   132355.419   132887.400
 12  WAG+I+G4      66473.243    93  133132.485   133150.236   133595.978
 16  WAG+F+I+G4    66299.625    112 132823.250   132849.453   133381.434
 20  JTT+I+G4      66411.114    93  133008.228   133025.978   133471.720
 24  JTT+F+I+G4    66278.867    112 132781.734   132807.937   133339.918
Akaike Information Criterion:           LG+F+I+G4
Corrected Akaike Information Criterion: LG+F+I+G4
Bayesian Information Criterion:         LG+F+I+G4
Best-fit model: LG+F+I+G4 chosen according to BIC

All model information printed to results_broccoli_meto/alignments/OG_12279.iqtree.model.gz
CPU time for ModelFinder: 22.676 seconds (0h:0m:22s)
Wall-clock time for ModelFinder: 12.785 seconds (0h:0m:12s)
Generating 1000 samples for ultrafast bootstrap (seed: 299668)...

NOTE: 36 MB RAM (0 GB) is required!
Estimate model parameters (epsilon = 0.100)
Thoroughly optimizing +I+G parameters from 10 start values...
Init pinv, alpha: 0.000, 2.199 / Estimate: 0.027, 2.197 / LogL: -66052.605
Init pinv, alpha: 0.004, 2.199 / Estimate: 0.027, 2.197 / LogL: -66052.605
Init pinv, alpha: 0.007, 2.199 / Estimate: 0.027, 2.195 / LogL: -66052.607
Init pinv, alpha: 0.011, 2.199 / Estimate: 0.027, 2.196 / LogL: -66052.606
Init pinv, alpha: 0.014, 2.199 / Estimate: 0.027, 2.197 / LogL: -66052.607
Init pinv, alpha: 0.018, 2.199 / Estimate: 0.027, 2.197 / LogL: -66052.606
Init pinv, alpha: 0.021, 2.199 / Estimate: 0.027, 2.196 / LogL: -66052.608
Init pinv, alpha: 0.025, 2.199 / Estimate: 0.027, 2.197 / LogL: -66052.605
Init pinv, alpha: 0.028, 2.199 / Estimate: 0.027, 2.201 / LogL: -66052.606
Init pinv, alpha: 0.032, 2.199 / Estimate: 0.027, 2.198 / LogL: -66052.606
Optimal pinv,alpha: 0.027, 2.197 / LogL: -66052.605

Parameters optimization took 8.987 sec
Computing ML distances based on estimated model parameters...
Computing ML distances took 0.163069 sec (of wall-clock time) 0.322776 sec(of CPU time)
Computing RapidNJ tree took 0.000708 sec (of wall-clock time) 0.001395 sec (of CPU time)
Log-likelihood of RapidNJ tree: -66221.552
--------------------------------------------------------------------
|             INITIALIZING CANDIDATE TREE SET                      |
--------------------------------------------------------------------
Generating 98 parsimony trees... 3.020 second
Computing log-likelihood of 98 initial trees ... 8.009 seconds
Current best score: -66052.605

Do NNI search on 20 best initial trees
Estimate model parameters (epsilon = 0.100)
BETTER TREE FOUND at iteration 1: -66049.951
Iteration 10 / LogL: -66055.352 / Time: 0h:0m:32s
Iteration 20 / LogL: -66050.449 / Time: 0h:0m:45s
Finish initializing candidate tree set (4)
Current best tree score: -66049.951 / CPU time: 35.979
Number of iterations: 20
--------------------------------------------------------------------
|               OPTIMIZING CANDIDATE TREE SET                      |
--------------------------------------------------------------------
Iteration 30 / LogL: -66052.683 / Time: 0h:1m:1s (0h:6m:3s left)
Iteration 40 / LogL: -66050.642 / Time: 0h:1m:19s (0h:5m:27s left)
Iteration 50 / LogL: -66050.739 / Time: 0h:1m:37s (0h:5m:0s left)
Log-likelihood cutoff on original alignment: -66084.386
Iteration 60 / LogL: -66049.959 / Time: 0h:1m:54s (0h:4m:33s left)
Iteration 70 / LogL: -66050.024 / Time: 0h:2m:11s (0h:4m:9s left)
Iteration 80 / LogL: -66050.136 / Time: 0h:2m:29s (0h:3m:49s left)
Iteration 90 / LogL: -66053.000 / Time: 0h:2m:46s (0h:3m:27s left)
Iteration 100 / LogL: -66050.043 / Time: 0h:3m:2s (0h:3m:5s left)
Log-likelihood cutoff on original alignment: -66086.219
NOTE: Bootstrap correlation coefficient of split occurrence frequencies: 0.999
Iteration 110 / LogL: -66050.266 / Time: 0h:3m:18s (0h:2m:45s left)
Iteration 120 / LogL: -66052.685 / Time: 0h:3m:35s (0h:2m:26s left)
Iteration 130 / LogL: -66050.569 / Time: 0h:3m:50s (0h:2m:6s left)
Iteration 140 / LogL: -66052.763 / Time: 0h:4m:5s (0h:1m:47s left)
Iteration 150 / LogL: -66050.293 / Time: 0h:4m:21s (0h:1m:29s left)
Log-likelihood cutoff on original alignment: -66086.219
Iteration 160 / LogL: -66049.965 / Time: 0h:4m:38s (0h:1m:11s left)
Iteration 170 / LogL: -66054.073 / Time: 0h:4m:53s (0h:0m:53s left)
Iteration 180 / LogL: -66050.675 / Time: 0h:5m:8s (0h:0m:36s left)
Iteration 190 / LogL: -66050.010 / Time: 0h:5m:24s (0h:0m:18s left)
Iteration 200 / LogL: -66050.055 / Time: 0h:5m:40s (0h:0m:1s left)
Log-likelihood cutoff on original alignment: -66085.588
NOTE: Bootstrap correlation coefficient of split occurrence frequencies: 0.999
TREE SEARCH COMPLETED AFTER 202 ITERATIONS / Time: 0h:5m:43s

--------------------------------------------------------------------
|                    FINALIZING TREE SEARCH                        |
--------------------------------------------------------------------
Performs final model parameters optimization
Estimate model parameters (epsilon = 0.010)
1. Initial log-likelihood: -66049.951
Optimal log-likelihood: -66049.949
Proportion of invariable sites: 0.027
Gamma shape alpha: 2.198
Parameters optimization took 1 rounds (0.260 sec)
BEST SCORE FOUND : -66049.949
Creating bootstrap support values...
Split supports printed to NEXUS file results_broccoli_meto/alignments/OG_12279.iqtree.splits.nex
Total tree length: 27.874

Total number of iterations: 202
CPU time used for tree search: 660.731 sec (0h:11m:0s)
Wall-clock time used for tree search: 333.487 sec (0h:5m:33s)
Total CPU time used: 681.010 sec (0h:11m:21s)
Total wall-clock time used: 343.862 sec (0h:5m:43s)

Computing bootstrap consensus tree...
Reading input file results_broccoli_meto/alignments/OG_12279.iqtree.splits.nex...
47 taxa and 149 splits.
Consensus tree written to results_broccoli_meto/alignments/OG_12279.iqtree.contree
Reading input trees file results_broccoli_meto/alignments/OG_12279.iqtree.contree
Log-likelihood of consensus tree: -66049.949

Analysis results written to: 
  IQ-TREE report:                results_broccoli_meto/alignments/OG_12279.iqtree.iqtree
  Maximum-likelihood tree:       results_broccoli_meto/alignments/OG_12279.iqtree.treefile
  Likelihood distances:          results_broccoli_meto/alignments/OG_12279.iqtree.mldist

Ultrafast bootstrap approximation results written to:
  Split support values:          results_broccoli_meto/alignments/OG_12279.iqtree.splits.nex
  Consensus tree:                results_broccoli_meto/alignments/OG_12279.iqtree.contree
  Screen log file:               results_broccoli_meto/alignments/OG_12279.iqtree.log

Date and Time: Fri Dec 16 10:43:33 2022
