IQ-TREE multicore version 2.1.0 for Linux 64-bit built Jul 18 2020
Developed by Bui Quang Minh, James Barbetti, Nguyen Lam Tung,
Olga Chernomor, Heiko Schmidt, Dominik Schrempf, Michael Woodhams.

Host:    node-hp0202.linux.crg.es (AVX, 125 GB RAM)
Command: /users/asebe/xgraubove/Programes/iqtree-2.1.0-Linux/bin/iqtree2 -s results_broccoli_meto/alignments/OG_12703.lt.fasta -m TEST -mset LG,WAG,JTT -nt AUTO -ntmax 2 -bb 1000 -pre results_broccoli_meto/alignments/OG_12703.iqtree -nm 10000 -nstop 200 -cptime 1800
Seed:    303914 (Using SPRNG - Scalable Parallel Random Number Generator)
Time:    Fri Dec 16 11:06:17 2022
Kernel:  AVX - auto-detect threads (2 CPU cores detected)

Reading alignment file results_broccoli_meto/alignments/OG_12703.lt.fasta ... Fasta format detected
Alignment most likely contains protein sequences
Alignment has 59 sequences with 433 columns, 432 distinct patterns
425 parsimony-informative, 0 singleton sites, 8 constant sites
                                                     Gap/Ambiguity  Composition  p-value
   1  Hsap_ENST00000367576                                   5.08%    passed     89.99%
   2  Bralan_BLAG02001944_1                                  6.70%    passed     48.66%
   3  Skow_XM_006822586.1                                    6.93%    passed     96.85%
   4  Cgig_XM_011446912.3                                    9.01%    passed     99.33%
   5  Acagra_model.g12045.t1                                 5.77%    passed     45.00%
   6  Spur_XM_030983475.1                                    5.54%    failed      3.47%
   7  Cscu_XM_023368121.1                                   26.79%    passed     24.06%
   8  Tcas_TC008848_001                                     10.62%    passed     70.27%
   9  Dpul_mRNA4963                                          5.08%    passed     99.25%
  10  Exapal_XM_028659778.1                                 18.71%    passed     89.71%
  11  Adig_XM_015899269.1                                   24.94%    passed     48.29%
  12  Amil_Amillepora23298-RA                                5.31%    passed     90.80%
  13  Gfas_gfas1.m1.6528.m1                                 14.09%    passed     68.75%
  14  Fspp_ffun1.m4.21711.m1                                13.39%    passed     94.83%
  15  Spis_XP_022798692_1                                    4.62%    passed     95.33%
  16  Pocdam_XM_027202633.1                                  4.62%    passed     77.58%
  17  Gasp_gasp1.m3.9858.m1                                 17.55%    passed     70.01%
  18  Dgig_XM_028546840.1                                    6.24%    passed     92.20%
  19  Xesp_019902-T1                                         5.31%    passed     10.89%
  20  Hvul_g30036_1                                          8.31%    failed      0.02%
  21  Chem_TCONS_00047695                                    5.31%    passed     30.19%
  22  Aaur_scaffold44.g46.t1                                 9.70%    passed     96.91%
  23  Nemnom_g5520.t1                                        9.70%    passed     41.93%
  24  Rhoesc_Res_007868-T1                                   9.47%    passed     74.86%
  25  Sanmal_Sma_015748-T1                                   5.77%    passed     49.08%
  26  Nvec_v1g217989                                        14.09%    passed     70.51%
  27  Ocar_g6484                                            37.88%    passed     65.07%
  28  Opea_EP00118_Oscarella_pearsei_P009005                15.24%    passed     38.63%
  29  Plajan_Pjan_C560650_01                                 9.47%    passed      5.37%
  30  Morvir_scaffold9.g42.t1                               13.39%    passed     99.22%
  31  Tadh_TriadT58067                                       9.24%    passed     98.81%
  32  TrH2_TrispH2_000539-RA                                 9.24%    passed     98.92%
  33  HoiH06_mRNA8684                                       10.16%    passed     73.78%
  34  HoiH23_PlH23_007758-RA                                 8.55%    passed     96.02%
  35  Hhon_g00152.t1                                         8.55%    passed     63.41%
  36  HoiH04_mRNA8712                                       10.85%    passed     55.42%
  37  HoiH11_mRNA1850                                        9.70%    passed     92.29%
  38  Mlei_ML3588.g13.i1                                    12.47%    passed     10.90%
  39  Vmul_sbMO420538                                       12.47%    passed     10.90%
  40  Bolinf_Binf_sb1260163                                  9.93%    passed     74.53%
  41  Mertsp_Mesp_sb583879                                   9.93%    passed     74.53%
  42  Beraby_Baby_sb339218                                  12.47%    passed     98.08%
  43  Lampan_Lpan_14083_01                                  11.09%    passed     40.69%
  44  Coeast_Cast_sb793934                                  27.48%    passed     36.29%
  45  Coemet_Cmet_scaffold6464_01                           12.70%    passed     52.84%
  46  Pbac_sb2652866                                        11.32%    passed     80.83%
  47  Horcal_Hcv1.av93.c2.g785.i1                           10.39%    passed     70.45%
  48  Eupdun_Edun_sb10648782                                60.51%    passed      5.76%
  49  Aque_Aqu2.1.33921_001                                 14.55%    passed     48.03%
  50  Xestes_maker-XT_scaffold4159-snap-gene-0.22-mRNA-1    12.93%    passed     76.18%
  51  Halamb_c51692_g1_i1m.31173                            47.11%    failed      0.55%
  52  Emue_Em0005g1196a.t1                                   6.93%    passed     28.62%
  53  Spolac_c99617_g1_i1_m.20127c99617-g1                  11.78%    passed     89.87%
  54  Plespi_Pspi_scaffold11818_01                          27.48%    failed      0.02%
  55  Lcom_lcpid62096                                        5.31%    failed      0.18%
  56  Leuniv_Lniv_scaffold25586_01                          49.88%    passed     69.31%
  57  Gracom_Gcom_scaffold18669_01                          40.18%    failed      0.93%
  58  Stycar_maker-SC_scaffold1866-snap-gene-0.157-mRNA-1   57.27%    passed      8.18%
  59  Clacor_Ccor_C537535_01                                22.63%    failed      0.01%
WARNING: 2 sequences contain more than 50% gaps/ambiguity
****  TOTAL                                                 15.05%  7 sequences failed composition chi2 test (p-value<5%; df=19)
NOTE: Vmul_sbMO420538 is identical to Mlei_ML3588.g13.i1 but kept for subsequent analysis
NOTE: Mertsp_Mesp_sb583879 is identical to Bolinf_Binf_sb1260163 but kept for subsequent analysis


Create initial parsimony tree by phylogenetic likelihood library (PLL)... 0.037 seconds
Measuring multi-threading efficiency up to 2 CPU cores
Increase to 10 rounds for branch lengths
3 trees examined
Threads: 1 / Time: 2.054 sec / Speedup: 1.000 / Efficiency: 100% / LogL: -41571
Threads: 2 / Time: 1.398 sec / Speedup: 1.469 / Efficiency: 73% / LogL: -41571
BEST NUMBER OF THREADS: 2

Perform fast likelihood tree search using LG+I+G model...
Estimate model parameters (epsilon = 5.000)
Perform nearest neighbor interchange...
Estimate model parameters (epsilon = 1.000)
1. Initial log-likelihood: -30765.993
Optimal log-likelihood: -30765.763
Proportion of invariable sites: 0.016
Gamma shape alpha: 1.348
Parameters optimization took 1 rounds (0.134 sec)
Time for fast ML tree search: 1.187 seconds

NOTE: ModelFinder requires 18 MB RAM!
ModelFinder will test up to 24 protein models (sample size: 433) ...
 No. Model         -LnL         df  AIC          AICc         BIC
  1  LG            32003.246    115 64236.493    64320.657    64704.628
  2  LG+I          31856.642    116 63945.284    64031.182    64417.489
  3  LG+G4         30786.203    116 61804.406    61890.305    62276.612
  4  LG+I+G4       30765.740    117 61765.481    61853.138    62241.757
  8  LG+F+I+G4     30798.015    136 61868.030    61993.922    62421.651
 12  WAG+I+G4      30779.823    117 61793.647    61881.304    62269.923
 16  WAG+F+I+G4    30901.408    136 62074.816    62200.708    62628.436
 20  JTT+I+G4      30774.987    117 61783.974    61871.631    62260.250
 24  JTT+F+I+G4    30789.175    136 61850.350    61976.242    62403.970
Akaike Information Criterion:           LG+I+G4
Corrected Akaike Information Criterion: LG+I+G4
Bayesian Information Criterion:         LG+I+G4
Best-fit model: LG+I+G4 chosen according to BIC

All model information printed to results_broccoli_meto/alignments/OG_12703.iqtree.model.gz
CPU time for ModelFinder: 14.382 seconds (0h:0m:14s)
Wall-clock time for ModelFinder: 8.661 seconds (0h:0m:8s)
Generating 1000 samples for ultrafast bootstrap (seed: 303914)...

NOTE: 18 MB RAM (0 GB) is required!
Estimate model parameters (epsilon = 0.100)
Thoroughly optimizing +I+G parameters from 10 start values...
Init pinv, alpha: 0.000, 1.345 / Estimate: 0.016, 1.340 / LogL: -30765.731
Init pinv, alpha: 0.002, 1.345 / Estimate: 0.016, 1.345 / LogL: -30765.738
Init pinv, alpha: 0.004, 1.345 / Estimate: 0.016, 1.344 / LogL: -30765.736
Init pinv, alpha: 0.006, 1.345 / Estimate: 0.016, 1.343 / LogL: -30765.740
Init pinv, alpha: 0.008, 1.345 / Estimate: 0.016, 1.343 / LogL: -30765.737
Init pinv, alpha: 0.010, 1.345 / Estimate: 0.016, 1.344 / LogL: -30765.736
Init pinv, alpha: 0.012, 1.345 / Estimate: 0.016, 1.343 / LogL: -30765.734
Init pinv, alpha: 0.014, 1.345 / Estimate: 0.016, 1.342 / LogL: -30765.735
Init pinv, alpha: 0.016, 1.345 / Estimate: 0.016, 1.342 / LogL: -30765.733
Init pinv, alpha: 0.018, 1.345 / Estimate: 0.016, 1.342 / LogL: -30765.732
Optimal pinv,alpha: 0.016, 1.340 / LogL: -30765.731

Parameters optimization took 3.145 sec
Computing ML distances based on estimated model parameters...
Computing ML distances took 0.266118 sec (of wall-clock time) 0.524989 sec(of CPU time)
Computing RapidNJ tree took 0.000943 sec (of wall-clock time) 0.000813 sec (of CPU time)
Log-likelihood of RapidNJ tree: -30809.992
--------------------------------------------------------------------
|             INITIALIZING CANDIDATE TREE SET                      |
--------------------------------------------------------------------
Generating 98 parsimony trees... 2.286 second
Computing log-likelihood of 98 initial trees ... 4.166 seconds
Current best score: -30765.731

Do NNI search on 20 best initial trees
Estimate model parameters (epsilon = 0.100)
BETTER TREE FOUND at iteration 1: -30765.731
Estimate model parameters (epsilon = 0.100)
BETTER TREE FOUND at iteration 2: -30764.857
Estimate model parameters (epsilon = 0.100)
BETTER TREE FOUND at iteration 6: -30764.199
Iteration 10 / LogL: -30768.549 / Time: 0h:0m:18s
Estimate model parameters (epsilon = 0.100)
BETTER TREE FOUND at iteration 13: -30761.832
Iteration 20 / LogL: -30762.120 / Time: 0h:0m:25s
Finish initializing candidate tree set (15)
Current best tree score: -30761.832 / CPU time: 21.784
Number of iterations: 20
--------------------------------------------------------------------
|               OPTIMIZING CANDIDATE TREE SET                      |
--------------------------------------------------------------------
Iteration 30 / LogL: -30766.814 / Time: 0h:0m:34s (0h:3m:37s left)
Estimate model parameters (epsilon = 0.100)
UPDATE BEST LOG-LIKELIHOOD: -30761.525
Iteration 40 / LogL: -30762.213 / Time: 0h:0m:43s (0h:3m:11s left)
Iteration 50 / LogL: -30761.901 / Time: 0h:0m:53s (0h:2m:58s left)
Log-likelihood cutoff on original alignment: -30802.495
Iteration 60 / LogL: -30763.064 / Time: 0h:1m:2s (0h:2m:41s left)
Iteration 70 / LogL: -30762.017 / Time: 0h:1m:10s (0h:2m:26s left)
Iteration 80 / LogL: -30761.563 / Time: 0h:1m:19s (0h:2m:14s left)
Iteration 90 / LogL: -30761.579 / Time: 0h:1m:28s (0h:2m:1s left)
Iteration 100 / LogL: -30761.752 / Time: 0h:1m:37s (0h:1m:51s left)
Log-likelihood cutoff on original alignment: -30797.843
NOTE: Bootstrap correlation coefficient of split occurrence frequencies: 0.999
Iteration 110 / LogL: -30773.215 / Time: 0h:1m:47s (0h:1m:41s left)
Iteration 120 / LogL: -30764.338 / Time: 0h:1m:56s (0h:1m:30s left)
Iteration 130 / LogL: -30761.637 / Time: 0h:2m:5s (0h:1m:20s left)
Iteration 140 / LogL: -30761.572 / Time: 0h:2m:13s (0h:1m:10s left)
Iteration 150 / LogL: -30766.187 / Time: 0h:2m:22s (0h:1m:0s left)
Log-likelihood cutoff on original alignment: -30797.843
Iteration 160 / LogL: -30761.531 / Time: 0h:2m:31s (0h:0m:50s left)
Iteration 170 / LogL: -30767.721 / Time: 0h:2m:40s (0h:0m:40s left)
Iteration 180 / LogL: -30761.733 / Time: 0h:2m:49s (0h:0m:31s left)
Iteration 190 / LogL: -30761.565 / Time: 0h:2m:58s (0h:0m:21s left)
Iteration 200 / LogL: -30839.314 / Time: 0h:3m:6s (0h:0m:12s left)
Log-likelihood cutoff on original alignment: -30797.843
NOTE: Bootstrap correlation coefficient of split occurrence frequencies: 1.000
Iteration 210 / LogL: -30762.572 / Time: 0h:3m:16s (0h:1m:24s left)
TREE SEARCH COMPLETED AFTER 214 ITERATIONS / Time: 0h:3m:20s

--------------------------------------------------------------------
|                    FINALIZING TREE SEARCH                        |
--------------------------------------------------------------------
Performs final model parameters optimization
Estimate model parameters (epsilon = 0.010)
1. Initial log-likelihood: -30761.525
Optimal log-likelihood: -30761.520
Proportion of invariable sites: 0.016
Gamma shape alpha: 1.328
Parameters optimization took 1 rounds (0.143 sec)
BEST SCORE FOUND : -30761.520
Creating bootstrap support values...
Split supports printed to NEXUS file results_broccoli_meto/alignments/OG_12703.iqtree.splits.nex
Total tree length: 35.312

Total number of iterations: 214
CPU time used for tree search: 388.881 sec (0h:6m:28s)
Wall-clock time used for tree search: 196.449 sec (0h:3m:16s)
Total CPU time used: 397.107 sec (0h:6m:37s)
Total wall-clock time used: 200.775 sec (0h:3m:20s)

Computing bootstrap consensus tree...
Reading input file results_broccoli_meto/alignments/OG_12703.iqtree.splits.nex...
59 taxa and 289 splits.
Consensus tree written to results_broccoli_meto/alignments/OG_12703.iqtree.contree
Reading input trees file results_broccoli_meto/alignments/OG_12703.iqtree.contree
Log-likelihood of consensus tree: -30764.031

Analysis results written to: 
  IQ-TREE report:                results_broccoli_meto/alignments/OG_12703.iqtree.iqtree
  Maximum-likelihood tree:       results_broccoli_meto/alignments/OG_12703.iqtree.treefile
  Likelihood distances:          results_broccoli_meto/alignments/OG_12703.iqtree.mldist

Ultrafast bootstrap approximation results written to:
  Split support values:          results_broccoli_meto/alignments/OG_12703.iqtree.splits.nex
  Consensus tree:                results_broccoli_meto/alignments/OG_12703.iqtree.contree
  Screen log file:               results_broccoli_meto/alignments/OG_12703.iqtree.log

Date and Time: Fri Dec 16 11:09:47 2022
