IQ-TREE multicore version 2.1.0 for Linux 64-bit built Jul 18 2020
Developed by Bui Quang Minh, James Barbetti, Nguyen Lam Tung,
Olga Chernomor, Heiko Schmidt, Dominik Schrempf, Michael Woodhams.

Host:    node-hp0413.linux.crg.es (AVX, 125 GB RAM)
Command: /users/asebe/xgraubove/Programes/iqtree-2.1.0-Linux/bin/iqtree2 -s results_broccoli_meto/alignments/OG_11181.lt.fasta -m TEST -mset LG,WAG,JTT -nt AUTO -ntmax 2 -bb 1000 -pre results_broccoli_meto/alignments/OG_11181.iqtree -nm 10000 -nstop 200 -cptime 1800
Seed:    420582 (Using SPRNG - Scalable Parallel Random Number Generator)
Time:    Fri Dec 16 09:56:54 2022
Kernel:  AVX - auto-detect threads (2 CPU cores detected)

Reading alignment file results_broccoli_meto/alignments/OG_11181.lt.fasta ... Fasta format detected
Alignment most likely contains protein sequences
Alignment has 52 sequences with 206 columns, 205 distinct patterns
199 parsimony-informative, 0 singleton sites, 7 constant sites
                                                    Gap/Ambiguity  Composition  p-value
   1  Bralan_BLAG16000688_1                                 0.49%    passed     81.97%
   2  Exapal_XM_021046214.1                                18.93%    passed     96.32%
   3  Adig_XM_015901861.1                                   9.71%    passed     98.14%
   4  Gfas_gfas1.m1.16192.m1                                9.71%    passed     99.81%
   5  Pocdam_XM_027188418.1                                 9.71%    passed     99.76%
   6  Gasp_gasp1.m3.10042.m1                                9.71%    passed     99.96%
   7  Amil_Amillepora20423-RA                              35.92%    passed     87.70%
   8  Spis_XP_022786298_1                                  59.22%    passed     98.59%
   9  Dgig_XM_028549166.1                                   9.71%    passed     98.26%
  10  Xesp_002778-T1                                       25.73%    passed     88.17%
  11  Nvec_v1g176292                                       30.58%    passed     98.02%
  12  Spur_XM_030974255.1                                   0.97%    passed     74.21%
  13  Cgig_XM_011442013.3                                   0.00%    passed     99.95%
  14  Acagra_model.g19130.t1                                0.00%    passed     61.61%
  15  Ocar_g3430                                           40.78%    passed     37.66%
  16  Opea_EP00118_Oscarella_pearsei_P028234                7.28%    passed     97.31%
  17  Plajan_Pjan_C540336_01                                8.25%    passed     99.56%
  18  Ctel_gnl_WGS_AMQN_CAPTEDRAFT_mRNA156508               1.46%    passed     99.67%
  19  Hvul_g871_1                                           7.77%    passed     66.48%
  20  Chem_TCONS_00004179                                   6.31%    passed     99.07%
  21  Tadh_TriadT51180                                     10.19%    passed     91.93%
  22  TrH2_TrispH2_009789-RA                               30.10%    passed     83.01%
  23  HoiH06_mRNA11333                                     31.55%    passed     69.16%
  24  HoiH23_PlH23_007443-RA                               10.19%    passed     92.87%
  25  Hhon_g08171.t1                                       10.19%    passed     94.14%
  26  HoiH04_mRNA12024                                     10.19%    passed     87.29%
  27  HoiH11_mRNA1406                                      35.92%    passed     90.12%
  28  Aque_Aqu2.1.32609_001                                 1.46%    passed     76.78%
  29  Lcom_lcpid99180                                       0.49%    passed     75.10%
  30  Leuniv_Lniv_scaffold24375_01                          0.00%    passed     42.05%
  31  Spolac_c100313_g1_i1_m.22085c100313-g1                1.46%    passed     37.87%
  32  Tetwil_g8339.t2                                       3.40%    passed     66.00%
  33  Stycar_maker-SC_scaffold6473-snap-gene-0.94-mRNA-1   41.75%    passed     13.19%
  34  Tcas_TC011183_001                                     1.94%    passed     74.60%
  35  Dpul_mRNA24802                                        0.00%    passed     97.18%
  36  Skow_XM_002730524.2                                  18.93%    passed     91.80%
  37  Mlei_ML1051.g1.i1                                     0.97%    passed     97.69%
  38  Bolinf_Binf_sb1244157                                 0.97%    passed     62.83%
  39  Mertsp_Mesp_sb573314                                  0.97%    passed     76.26%
  40  Drygla_Dgla_sb279448                                  1.94%    passed     84.34%
  41  Pbac_sb2652791                                        1.46%    passed     47.48%
  42  Horcal_Hcv1.av93.c8.g814.i1                           7.28%    passed     67.76%
  43  Beraby_Baby_sb330198                                  0.97%    passed     94.96%
  44  Lampan_Lpan_9304_01                                   0.49%    passed     93.28%
  45  Eupdun_Edun_sb10635095                                1.46%    passed     29.97%
  46  Vmul_Simscaffold9144_01                               1.46%    passed     89.77%
  47  Coeast_Cast_sb829087                                  8.25%    passed     90.97%
  48  Coemet_Cmet_scaffold6074_01                          31.55%    passed     49.89%
  49  Cscu_XM_023357889.1                                  42.23%    passed     12.19%
  50  Emue_Em0002g75a.t1                                   26.70%    passed     22.65%
  51  Fspp_ffun1.m4.13544.m1                               22.82%    failed      1.09%
  52  Scil_scict010981.1                                   86.89%    passed     88.04%
WARNING: 2 sequences contain more than 50% gaps/ambiguity
****  TOTAL                                                14.16%  1 sequences failed composition chi2 test (p-value<5%; df=19)


Create initial parsimony tree by phylogenetic likelihood library (PLL)... 0.019 seconds
Measuring multi-threading efficiency up to 2 CPU cores
Increase to 10 rounds for branch lengths
7 trees examined
Threads: 1 / Time: 2.092 sec / Speedup: 1.000 / Efficiency: 100% / LogL: -14784
Threads: 2 / Time: 2.925 sec / Speedup: 0.715 / Efficiency: 36% / LogL: -14784
BEST NUMBER OF THREADS: 1

Perform fast likelihood tree search using LG+I+G model...
Estimate model parameters (epsilon = 5.000)
Perform nearest neighbor interchange...
Estimate model parameters (epsilon = 1.000)
1. Initial log-likelihood: -10574.418
Optimal log-likelihood: -10574.161
Proportion of invariable sites: 0.024
Gamma shape alpha: 1.907
Parameters optimization took 1 rounds (0.209 sec)
Time for fast ML tree search: 1.277 seconds

NOTE: ModelFinder requires 8 MB RAM!
ModelFinder will test up to 24 protein models (sample size: 206) ...
 No. Model         -LnL         df  AIC          AICc         BIC
  1  LG            10871.235    101 21944.471    22142.586    22280.586
  2  LG+I          10824.644    102 21853.287    22057.287    22192.731
  3  LG+G4         10578.175    102 21360.351    21564.351    21699.794
  4  LG+I+G4       10574.069    103 21354.138    21564.177    21696.909
  7  LG+F+G4       10559.256    121 21360.513    21711.989    21763.186
  8  LG+F+I+G4     10553.737    122 21351.475    21713.065    21757.476
 11  WAG+G4        10636.283    102 21476.567    21680.567    21816.010
 12  WAG+I+G4      10630.508    103 21467.016    21677.055    21809.787
 15  WAG+F+G4      10633.882    121 21509.764    21861.240    21912.437
 16  WAG+F+I+G4    10627.282    122 21498.565    21860.155    21904.566
 19  JTT+G4        10699.519    102 21603.039    21807.039    21942.482
 20  JTT+I+G4      10694.497    103 21594.994    21805.034    21937.766
 23  JTT+F+G4      10642.412    121 21526.824    21878.300    21929.497
 24  JTT+F+I+G4    10635.692    122 21515.384    21876.974    21921.385
Akaike Information Criterion:           LG+F+I+G4
Corrected Akaike Information Criterion: LG+I+G4
Bayesian Information Criterion:         LG+I+G4
Best-fit model: LG+I+G4 chosen according to BIC

All model information printed to results_broccoli_meto/alignments/OG_11181.iqtree.model.gz
CPU time for ModelFinder: 10.496 seconds (0h:0m:10s)
Wall-clock time for ModelFinder: 13.486 seconds (0h:0m:13s)
Generating 1000 samples for ultrafast bootstrap (seed: 420582)...

NOTE: 8 MB RAM (0 GB) is required!
Estimate model parameters (epsilon = 0.100)
Thoroughly optimizing +I+G parameters from 10 start values...
Init pinv, alpha: 0.000, 1.921 / Estimate: 0.000, 1.658 / LogL: -10578.166
Init pinv, alpha: 0.004, 1.921 / Estimate: 0.025, 1.914 / LogL: -10574.077
Init pinv, alpha: 0.008, 1.921 / Estimate: 0.025, 1.910 / LogL: -10574.079
Init pinv, alpha: 0.011, 1.921 / Estimate: 0.025, 1.917 / LogL: -10574.071
Init pinv, alpha: 0.015, 1.921 / Estimate: 0.025, 1.911 / LogL: -10574.077
Init pinv, alpha: 0.019, 1.921 / Estimate: 0.025, 1.917 / LogL: -10574.070
Init pinv, alpha: 0.023, 1.921 / Estimate: 0.025, 1.915 / LogL: -10574.071
Init pinv, alpha: 0.026, 1.921 / Estimate: 0.026, 1.926 / LogL: -10574.066
Init pinv, alpha: 0.030, 1.921 / Estimate: 0.027, 1.934 / LogL: -10574.069
Init pinv, alpha: 0.034, 1.921 / Estimate: 0.026, 1.930 / LogL: -10574.067
Optimal pinv,alpha: 0.026, 1.926 / LogL: -10574.066

Parameters optimization took 2.890 sec
Computing ML distances based on estimated model parameters...
Computing ML distances took 0.313295 sec (of wall-clock time) 0.310228 sec(of CPU time)
WARNING: Some pairwise ML distances are too long (saturated)
Computing RapidNJ tree took 0.000312 sec (of wall-clock time) 0.000329 sec (of CPU time)
Log-likelihood of RapidNJ tree: -10873.328
--------------------------------------------------------------------
|             INITIALIZING CANDIDATE TREE SET                      |
--------------------------------------------------------------------
Generating 98 parsimony trees... 1.049 second
Computing log-likelihood of 98 initial trees ... 3.444 seconds
Current best score: -10574.066

Do NNI search on 20 best initial trees
Estimate model parameters (epsilon = 0.100)
BETTER TREE FOUND at iteration 1: -10574.066
Estimate model parameters (epsilon = 0.100)
BETTER TREE FOUND at iteration 2: -10572.682
Iteration 10 / LogL: -10576.851 / Time: 0h:0m:16s
Iteration 20 / LogL: -10576.851 / Time: 0h:0m:23s
Finish initializing candidate tree set (16)
Current best tree score: -10572.682 / CPU time: 17.858
Number of iterations: 20
--------------------------------------------------------------------
|               OPTIMIZING CANDIDATE TREE SET                      |
--------------------------------------------------------------------
Estimate model parameters (epsilon = 0.100)
BETTER TREE FOUND at iteration 29: -10572.626
Iteration 30 / LogL: -10572.635 / Time: 0h:0m:32s (0h:3m:45s left)
Estimate model parameters (epsilon = 0.100)
BETTER TREE FOUND at iteration 32: -10571.740
Estimate model parameters (epsilon = 0.100)
BETTER TREE FOUND at iteration 36: -10571.593
BETTER TREE FOUND at iteration 40: -10571.593
Iteration 40 / LogL: -10571.593 / Time: 0h:0m:42s (0h:3m:37s left)
UPDATE BEST LOG-LIKELIHOOD: -10571.593
Iteration 50 / LogL: -10574.031 / Time: 0h:0m:52s (0h:3m:24s left)
Log-likelihood cutoff on original alignment: -10605.024
UPDATE BEST LOG-LIKELIHOOD: -10571.593
Iteration 60 / LogL: -10571.740 / Time: 0h:1m:2s (0h:3m:9s left)
Iteration 70 / LogL: -10571.593 / Time: 0h:1m:10s (0h:2m:53s left)
Iteration 80 / LogL: -10571.593 / Time: 0h:1m:19s (0h:2m:40s left)
Iteration 90 / LogL: -10580.907 / Time: 0h:1m:28s (0h:2m:29s left)
Iteration 100 / LogL: -10571.593 / Time: 0h:1m:37s (0h:2m:18s left)
Log-likelihood cutoff on original alignment: -10605.874
NOTE: Bootstrap correlation coefficient of split occurrence frequencies: 0.997
Iteration 110 / LogL: -10571.593 / Time: 0h:1m:47s (0h:2m:7s left)
Iteration 120 / LogL: -10572.015 / Time: 0h:1m:55s (0h:1m:56s left)
Iteration 130 / LogL: -10571.593 / Time: 0h:2m:4s (0h:1m:45s left)
Iteration 140 / LogL: -10575.437 / Time: 0h:2m:13s (0h:1m:35s left)
Iteration 150 / LogL: -10571.593 / Time: 0h:2m:22s (0h:1m:25s left)
Log-likelihood cutoff on original alignment: -10605.874
Iteration 160 / LogL: -10573.176 / Time: 0h:2m:31s (0h:1m:16s left)
Iteration 170 / LogL: -10571.593 / Time: 0h:2m:40s (0h:1m:6s left)
Iteration 180 / LogL: -10571.593 / Time: 0h:2m:49s (0h:0m:56s left)
Iteration 190 / LogL: -10571.593 / Time: 0h:2m:58s (0h:0m:47s left)
Iteration 200 / LogL: -10571.593 / Time: 0h:3m:7s (0h:0m:37s left)
Log-likelihood cutoff on original alignment: -10606.103
NOTE: Bootstrap correlation coefficient of split occurrence frequencies: 0.999
Iteration 210 / LogL: -10572.497 / Time: 0h:3m:16s (0h:1m:24s left)
Iteration 220 / LogL: -10604.517 / Time: 0h:3m:25s (0h:1m:15s left)
Iteration 230 / LogL: -10571.740 / Time: 0h:3m:35s (0h:1m:5s left)
Iteration 240 / LogL: -10574.308 / Time: 0h:3m:44s (0h:0m:56s left)
TREE SEARCH COMPLETED AFTER 241 ITERATIONS / Time: 0h:3m:45s

--------------------------------------------------------------------
|                    FINALIZING TREE SEARCH                        |
--------------------------------------------------------------------
Performs final model parameters optimization
Estimate model parameters (epsilon = 0.010)
1. Initial log-likelihood: -10571.593
Optimal log-likelihood: -10571.593
Proportion of invariable sites: 0.026
Gamma shape alpha: 1.907
Parameters optimization took 1 rounds (0.114 sec)
BEST SCORE FOUND : -10571.593
Creating bootstrap support values...
Split supports printed to NEXUS file results_broccoli_meto/alignments/OG_11181.iqtree.splits.nex
Total tree length: 15.862

Total number of iterations: 241
CPU time used for tree search: 215.644 sec (0h:3m:35s)
Wall-clock time used for tree search: 220.274 sec (0h:3m:40s)
Total CPU time used: 219.561 sec (0h:3m:39s)
Total wall-clock time used: 227.161 sec (0h:3m:47s)

Computing bootstrap consensus tree...
Reading input file results_broccoli_meto/alignments/OG_11181.iqtree.splits.nex...
52 taxa and 319 splits.
Consensus tree written to results_broccoli_meto/alignments/OG_11181.iqtree.contree
Reading input trees file results_broccoli_meto/alignments/OG_11181.iqtree.contree
Log-likelihood of consensus tree: -10571.741

Analysis results written to: 
  IQ-TREE report:                results_broccoli_meto/alignments/OG_11181.iqtree.iqtree
  Maximum-likelihood tree:       results_broccoli_meto/alignments/OG_11181.iqtree.treefile
  Likelihood distances:          results_broccoli_meto/alignments/OG_11181.iqtree.mldist

Ultrafast bootstrap approximation results written to:
  Split support values:          results_broccoli_meto/alignments/OG_11181.iqtree.splits.nex
  Consensus tree:                results_broccoli_meto/alignments/OG_11181.iqtree.contree
  Screen log file:               results_broccoli_meto/alignments/OG_11181.iqtree.log

Date and Time: Fri Dec 16 10:00:59 2022
