IQ-TREE multicore version 2.1.0 for Linux 64-bit built Jul 18 2020
Developed by Bui Quang Minh, James Barbetti, Nguyen Lam Tung,
Olga Chernomor, Heiko Schmidt, Dominik Schrempf, Michael Woodhams.

Host:    node-hp0414.linux.crg.es (AVX, 125 GB RAM)
Command: /users/asebe/xgraubove/Programes/iqtree-2.1.0-Linux/bin/iqtree2 -s results_broccoli_meto/alignments/OG_13520.lt.fasta -m TEST -mset LG,WAG,JTT -nt AUTO -ntmax 2 -bb 1000 -pre results_broccoli_meto/alignments/OG_13520.iqtree -nm 10000 -nstop 200 -cptime 1800
Seed:    572237 (Using SPRNG - Scalable Parallel Random Number Generator)
Time:    Fri Dec 16 12:38:31 2022
Kernel:  AVX - auto-detect threads (2 CPU cores detected)

Reading alignment file results_broccoli_meto/alignments/OG_13520.lt.fasta ... Fasta format detected
Alignment most likely contains protein sequences
Alignment has 57 sequences with 739 columns, 738 distinct patterns
716 parsimony-informative, 0 singleton sites, 23 constant sites
                                                        Gap/Ambiguity  Composition  p-value
   1  Hsap_ENST00000198939                                      8.80%    passed     37.89%
   2  Bralan_BLAG15000431_1                                    13.53%    passed     98.88%
   3  Skow_XM_002732910.2                                      49.93%    failed      0.00%
   4  Cscu_XM_023386096.1                                       8.53%    failed      0.51%
   5  Tcas_TC012118_002                                        17.73%    passed     17.03%
   6  Spur_XM_030996285.1                                      10.69%    passed     32.11%
   7  Exapal_XM_021040085.2                                    25.58%    passed     25.13%
   8  Nvec_v1g238907                                           10.96%    passed     36.93%
   9  Adig_XM_015900022.1                                      24.63%    passed     40.18%
  10  Amil_Amillepora25335-RA                                  21.24%    passed     56.94%
  11  Gfas_gfas1.m1.18837.m1                                   43.84%    failed      2.42%
  12  Fspp_ffun1.m4.14940.m1                                   20.70%    passed     47.13%
  13  Spis_XP_022782138_1                                       9.47%    passed     80.91%
  14  Pocdam_XM_027200100.1                                     9.61%    passed     96.39%
  15  Gasp_gasp1.m3.488.m1                                     89.45%    passed     48.53%
  16  Dgig_XM_028547921.1                                      16.91%    passed     21.45%
  17  Xesp_001164-T1                                           19.35%    passed     86.31%
  18  Scil_scict024743.5                                       10.28%    failed      0.07%
  19  Lcom_lcpid56741                                          25.98%    failed      3.82%
  20  Aque_Aqu2.1.28732_001                                    19.22%    failed      0.24%
  21  Halamb_c52500_g4_i3m.33251                               74.83%    failed      0.00%
  22  Xestes_maker-XT_scaffold1254-augustus-gene-0.61-mRNA-1   20.30%    passed     19.80%
  23  Plajan_Pjan_scaffold22389_01                             25.03%    passed     42.54%
  24  Ctel_gnl_WGS_AMQN_CAPTEDRAFT_mRNA228166                  14.48%    passed     90.37%
  25  Chem_TCONS_00053640                                      41.68%    failed      0.00%
  26  Nemnom_g6616.t1                                          13.94%    passed     53.38%
  27  Rhoesc_Res_016495-T1                                     14.61%    passed     29.22%
  28  Sanmal_Sma_011931-T1                                     15.56%    passed     64.13%
  29  Morvir_scaffold47.g66.t3                                 13.13%    failed      1.34%
  30  Opea_EP00118_Oscarella_pearsei_P007346                   24.22%    passed     55.95%
  31  Tadh_TriadT64054                                         43.98%    passed     97.34%
  32  TrH2_TrispH2_005285-RA                                   26.93%    passed     41.59%
  33  HoiH06_mRNA8828                                          27.06%    passed     41.96%
  34  HoiH04_mRNA8792                                          60.08%    passed     17.22%
  35  HoiH23_PlH23_008387-RA                                   27.47%    passed     40.76%
  36  HoiH11_mRNA2098                                          71.72%    passed     18.74%
  37  Emue_Em0011g142a.t1                                      15.29%    passed      6.00%
  38  Spolac_c102696_g1_i2_m.30545c102696-g1                   57.37%    failed      2.27%
  39  Tetwil_g20365.t1                                         14.48%    passed      8.57%
  40  Cgig_XM_011457391.3                                      18.81%    passed     11.15%
  41  Acagra_model.g27629.t1                                   25.03%    passed      5.15%
  42  Hvul_g9129_1                                             21.11%    passed     28.81%
  43  Plespi_Pspi_C609286_01                                   47.90%    failed      0.00%
  44  Clacor_Ccor_C535337_01                                   74.02%    failed      0.00%
  45  Leuniv_Lniv_scaffold16925_01                             52.91%    failed      0.00%
  46  Mlei_ML1311.g4.i1                                        20.70%    passed     12.25%
  47  Bolinf_Binf_sb1298251                                    76.05%    failed      0.00%
  48  Mertsp_Mesp_sb561883                                     72.26%    failed      0.00%
  49  Beraby_Baby_sb336687                                     47.09%    failed      0.01%
  50  Drygla_Dgla_sb276588                                     75.64%    failed      0.00%
  51  Pbac_sb2650687                                           65.36%    failed      0.00%
  52  Horcal_Hcv1.av93.c3.g1088.i1                             15.83%    failed      2.85%
  53  Vmul_SimC394918                                          57.65%    failed      0.91%
  54  Coemet_Cmet_scaffold20998_01                             17.59%    failed      0.38%
  55  Lampan_Lpan_10016_01                                     27.20%    passed      6.10%
  56  Eupdun_Edun_sb10629151                                   62.52%    failed      0.00%
  57  Dpul_mRNA19255                                           22.73%    failed      0.33%
WARNING: 13 sequences contain more than 50% gaps/ambiguity
****  TOTAL                                                    32.61%  23 sequences failed composition chi2 test (p-value<5%; df=19)


Create initial parsimony tree by phylogenetic likelihood library (PLL)... 0.059 seconds
Measuring multi-threading efficiency up to 2 CPU cores
Increase to 10 rounds for branch lengths
2 trees examined
Threads: 1 / Time: 2.430 sec / Speedup: 1.000 / Efficiency: 100% / LogL: -53611
Threads: 2 / Time: 2.465 sec / Speedup: 0.986 / Efficiency: 49% / LogL: -53611
BEST NUMBER OF THREADS: 1

Perform fast likelihood tree search using LG+I+G model...
Estimate model parameters (epsilon = 5.000)
Perform nearest neighbor interchange...
Estimate model parameters (epsilon = 1.000)
1. Initial log-likelihood: -42042.815
Optimal log-likelihood: -42042.697
Proportion of invariable sites: 0.021
Gamma shape alpha: 1.657
Parameters optimization took 1 rounds (0.457 sec)
Time for fast ML tree search: 4.709 seconds

NOTE: ModelFinder requires 29 MB RAM!
ModelFinder will test up to 24 protein models (sample size: 739) ...
 No. Model         -LnL         df  AIC          AICc         BIC
  1  LG            43225.083    111 86672.166    86711.821    87183.354
  2  LG+I          43073.683    112 86371.366    86411.801    86887.159
  3  LG+G4         42060.403    112 84344.807    84385.241    84860.600
  4  LG+I+G4       42042.668    113 84311.335    84352.558    84831.734
  8  LG+F+I+G4     41731.669    132 83727.338    83785.278    84335.237
 12  WAG+I+G4      41989.529    113 84205.058    84246.280    84725.456
 16  WAG+F+I+G4    41868.372    132 84000.743    84058.684    84608.642
 20  JTT+I+G4      41945.239    113 84116.478    84157.700    84636.876
 24  JTT+F+I+G4    41922.764    132 84109.528    84167.468    84717.427
Akaike Information Criterion:           LG+F+I+G4
Corrected Akaike Information Criterion: LG+F+I+G4
Bayesian Information Criterion:         LG+F+I+G4
Best-fit model: LG+F+I+G4 chosen according to BIC

All model information printed to results_broccoli_meto/alignments/OG_13520.iqtree.model.gz
CPU time for ModelFinder: 21.642 seconds (0h:0m:21s)
Wall-clock time for ModelFinder: 21.403 seconds (0h:0m:21s)
Generating 1000 samples for ultrafast bootstrap (seed: 572237)...

NOTE: 29 MB RAM (0 GB) is required!
Estimate model parameters (epsilon = 0.100)
Thoroughly optimizing +I+G parameters from 10 start values...
Init pinv, alpha: 0.000, 1.599 / Estimate: 0.021, 1.594 / LogL: -41731.664
Init pinv, alpha: 0.003, 1.599 / Estimate: 0.020, 1.593 / LogL: -41731.667
Init pinv, alpha: 0.007, 1.599 / Estimate: 0.021, 1.596 / LogL: -41731.665
Init pinv, alpha: 0.010, 1.599 / Estimate: 0.020, 1.595 / LogL: -41731.669
Init pinv, alpha: 0.014, 1.599 / Estimate: 0.021, 1.596 / LogL: -41731.666
Init pinv, alpha: 0.017, 1.599 / Estimate: 0.020, 1.595 / LogL: -41731.667
Init pinv, alpha: 0.021, 1.599 / Estimate: 0.021, 1.598 / LogL: -41731.665
Init pinv, alpha: 0.024, 1.599 / Estimate: 0.021, 1.598 / LogL: -41731.665
Init pinv, alpha: 0.028, 1.599 / Estimate: 0.021, 1.598 / LogL: -41731.668
Init pinv, alpha: 0.031, 1.599 / Estimate: 0.021, 1.599 / LogL: -41731.672
Optimal pinv,alpha: 0.021, 1.594 / LogL: -41731.664

Parameters optimization took 14.716 sec
Computing ML distances based on estimated model parameters...
Computing ML distances took 0.473708 sec (of wall-clock time) 0.470357 sec(of CPU time)
WARNING: Some pairwise ML distances are too long (saturated)
Computing RapidNJ tree took 0.000364 sec (of wall-clock time) 0.000468 sec (of CPU time)
Log-likelihood of RapidNJ tree: -41908.671
--------------------------------------------------------------------
|             INITIALIZING CANDIDATE TREE SET                      |
--------------------------------------------------------------------
Generating 98 parsimony trees... 3.103 second
Computing log-likelihood of 98 initial trees ... 13.823 seconds
Current best score: -41731.664

Do NNI search on 20 best initial trees
Estimate model parameters (epsilon = 0.100)
BETTER TREE FOUND at iteration 1: -41731.019
Iteration 10 / LogL: -41732.559 / Time: 0h:0m:54s
Iteration 20 / LogL: -41731.731 / Time: 0h:1m:18s
Finish initializing candidate tree set (3)
Current best tree score: -41731.019 / CPU time: 61.498
Number of iterations: 20
--------------------------------------------------------------------
|               OPTIMIZING CANDIDATE TREE SET                      |
--------------------------------------------------------------------
Iteration 30 / LogL: -41731.345 / Time: 0h:1m:48s (0h:10m:41s left)
Iteration 40 / LogL: -41731.686 / Time: 0h:2m:21s (0h:9m:43s left)
Iteration 50 / LogL: -41731.974 / Time: 0h:2m:46s (0h:8m:32s left)
Log-likelihood cutoff on original alignment: -41776.926
Iteration 60 / LogL: -41731.122 / Time: 0h:3m:14s (0h:7m:45s left)
Iteration 70 / LogL: -41731.577 / Time: 0h:3m:43s (0h:7m:3s left)
Iteration 80 / LogL: -41731.058 / Time: 0h:4m:10s (0h:6m:23s left)
Iteration 90 / LogL: -41735.426 / Time: 0h:4m:36s (0h:5m:44s left)
Iteration 100 / LogL: -41731.898 / Time: 0h:5m:5s (0h:5m:11s left)
Log-likelihood cutoff on original alignment: -41776.926
NOTE: Bootstrap correlation coefficient of split occurrence frequencies: 0.998
Iteration 110 / LogL: -41731.184 / Time: 0h:5m:34s (0h:4m:39s left)
Iteration 120 / LogL: -41731.693 / Time: 0h:6m:2s (0h:4m:6s left)
Iteration 130 / LogL: -41731.476 / Time: 0h:6m:27s (0h:3m:33s left)
Iteration 140 / LogL: -41731.167 / Time: 0h:6m:54s (0h:3m:1s left)
Iteration 150 / LogL: -41731.201 / Time: 0h:7m:21s (0h:2m:31s left)
Log-likelihood cutoff on original alignment: -41776.044
Iteration 160 / LogL: -41731.079 / Time: 0h:7m:49s (0h:2m:1s left)
Iteration 170 / LogL: -41731.300 / Time: 0h:8m:18s (0h:1m:31s left)
Iteration 180 / LogL: -41731.517 / Time: 0h:8m:44s (0h:1m:1s left)
Iteration 190 / LogL: -41731.314 / Time: 0h:9m:15s (0h:0m:32s left)
Iteration 200 / LogL: -41736.872 / Time: 0h:9m:44s (0h:0m:2s left)
Log-likelihood cutoff on original alignment: -41771.620
NOTE: Bootstrap correlation coefficient of split occurrence frequencies: 0.999
TREE SEARCH COMPLETED AFTER 202 ITERATIONS / Time: 0h:9m:50s

--------------------------------------------------------------------
|                    FINALIZING TREE SEARCH                        |
--------------------------------------------------------------------
Performs final model parameters optimization
Estimate model parameters (epsilon = 0.010)
1. Initial log-likelihood: -41731.019
Optimal log-likelihood: -41731.019
Proportion of invariable sites: 0.021
Gamma shape alpha: 1.594
Parameters optimization took 1 rounds (0.440 sec)
BEST SCORE FOUND : -41731.019
Creating bootstrap support values...
Split supports printed to NEXUS file results_broccoli_meto/alignments/OG_13520.iqtree.splits.nex
Total tree length: 28.771

Total number of iterations: 202
CPU time used for tree search: 571.565 sec (0h:9m:31s)
Wall-clock time used for tree search: 573.157 sec (0h:9m:33s)
Total CPU time used: 588.939 sec (0h:9m:48s)
Total wall-clock time used: 590.859 sec (0h:9m:50s)

Computing bootstrap consensus tree...
Reading input file results_broccoli_meto/alignments/OG_13520.iqtree.splits.nex...
57 taxa and 218 splits.
Consensus tree written to results_broccoli_meto/alignments/OG_13520.iqtree.contree
Reading input trees file results_broccoli_meto/alignments/OG_13520.iqtree.contree
Log-likelihood of consensus tree: -41731.021

Analysis results written to: 
  IQ-TREE report:                results_broccoli_meto/alignments/OG_13520.iqtree.iqtree
  Maximum-likelihood tree:       results_broccoli_meto/alignments/OG_13520.iqtree.treefile
  Likelihood distances:          results_broccoli_meto/alignments/OG_13520.iqtree.mldist

Ultrafast bootstrap approximation results written to:
  Split support values:          results_broccoli_meto/alignments/OG_13520.iqtree.splits.nex
  Consensus tree:                results_broccoli_meto/alignments/OG_13520.iqtree.contree
  Screen log file:               results_broccoli_meto/alignments/OG_13520.iqtree.log

Date and Time: Fri Dec 16 12:48:46 2022
