IQ-TREE multicore version 2.1.0 for Linux 64-bit built Jul 18 2020
Developed by Bui Quang Minh, James Barbetti, Nguyen Lam Tung,
Olga Chernomor, Heiko Schmidt, Dominik Schrempf, Michael Woodhams.

Host:    node-hp0415.linux.crg.es (AVX, 125 GB RAM)
Command: /users/asebe/xgraubove/Programes/iqtree-2.1.0-Linux/bin/iqtree2 -s results_broccoli_meto/alignments/OG_12897.lt.fasta -m TEST -mset LG,WAG,JTT -nt AUTO -ntmax 2 -bb 1000 -pre results_broccoli_meto/alignments/OG_12897.iqtree -nm 10000 -nstop 200 -cptime 1800
Seed:    879738 (Using SPRNG - Scalable Parallel Random Number Generator)
Time:    Fri Dec 16 11:38:15 2022
Kernel:  AVX - auto-detect threads (2 CPU cores detected)

Reading alignment file results_broccoli_meto/alignments/OG_12897.lt.fasta ... Fasta format detected
Alignment most likely contains protein sequences
Alignment has 43 sequences with 150 columns, 150 distinct patterns
140 parsimony-informative, 0 singleton sites, 10 constant sites
                                                        Gap/Ambiguity  Composition  p-value
   1  Hsap_ENST00000243918                                      3.33%    passed     72.09%
   2  Bralan_BLAG07000895_2                                     2.00%    passed     97.92%
   3  Skow_XM_002742392.2                                       3.33%    passed     99.24%
   4  Ctel_gnl_WGS_AMQN_CAPTEDRAFT_mRNA179970                   3.33%    passed     99.93%
   5  Exapal_XM_021055140.2                                     2.67%    passed     97.84%
   6  Nvec_v1g229542                                           55.33%    passed     84.81%
   7  Adig_XM_015914389.1                                       4.67%    passed     88.41%
   8  Amil_Amillepora09096-RA                                   3.33%    passed     97.29%
   9  Gfas_gfas1.m1.20176.m1                                    6.67%    passed     97.55%
  10  Fspp_ffun1.m4.33897.m1                                    7.33%    passed     95.80%
  11  Gasp_gasp1.m3.7532.m1                                     2.00%    passed     99.59%
  12  Spis_XP_022779555_1                                       3.33%    passed     99.32%
  13  Pocdam_XM_027190778.1                                     3.33%    passed     99.81%
  14  Dgig_XM_028554328.1                                       2.67%    passed     96.10%
  15  Xesp_005328-T1                                            1.33%    passed     98.09%
  16  Tadh_TriadT60139                                          0.67%    passed     99.20%
  17  TrH2_TrispH2_000702-RA                                    0.67%    passed     99.20%
  18  HoiH06_mRNA1806                                           0.67%    passed     89.62%
  19  HoiH23_PlH23_008021-RA                                    0.67%    passed     99.42%
  20  Hhon_g07836.t1                                            0.67%    passed     99.93%
  21  HoiH04_mRNA9157                                           0.67%    passed     99.94%
  22  Cscu_XM_023370179.1                                       2.00%    passed     53.00%
  23  Dpul_mRNA15484                                            3.33%    passed     95.04%
  24  Tcas_TC030547_001                                         2.00%    passed     99.01%
  25  Spur_XM_011668937.2                                       4.00%    passed     90.34%
  26  Emue_Em0018g1150a.t1                                     11.33%    passed     99.10%
  27  Tetwil_g12585.t1                                          5.33%    passed     79.34%
  28  Stycar_maker-SC_scaffold6877-augustus-gene-0.10-mRNA-1    5.33%    passed     39.34%
  29  Hvul_g6729_1                                              6.00%    passed     63.95%
  30  Aaur_scaffold911.g7.t1                                    4.67%    passed     86.76%
  31  Rhoesc_Res_010920-T1                                      4.67%    passed     89.59%
  32  Nemnom_g12237.t1                                         28.00%    passed     48.18%
  33  Chem_TCONS_00009208                                       4.00%    passed     81.14%
  34  Cgig_XM_011456186.3                                       1.33%    passed     58.70%
  35  Spolac_c96426_g1_i1_m.13068c96426-g1                     29.33%    passed     97.45%
  36  Acagra_model.g30844.t1                                   10.00%    passed     94.88%
  37  Morvir_scaffold108.g56.t1                                40.00%    passed     71.05%
  38  Vmul_SimC369663                                           4.67%    passed     59.55%
  39  Coemet_Cmet_C556191_01                                    6.00%    passed     85.49%
  40  Lampan_Lpan_C392651_01                                    4.67%    passed     89.46%
  41  Eupdun_Edun_sb10627648                                    4.00%    passed     55.75%
  42  Lcom_lcpid90983                                           3.33%    passed     42.49%
  43  Gracom_Gcom_scaffold11850_01                              3.33%    passed     54.97%
WARNING: 1 sequences contain more than 50% gaps/ambiguity
****  TOTAL                                                     6.88%  0 sequences failed composition chi2 test (p-value<5%; df=19)
NOTE: TrH2_TrispH2_000702-RA is identical to Tadh_TriadT60139 but kept for subsequent analysis


Create initial parsimony tree by phylogenetic likelihood library (PLL)... 0.010 seconds
Measuring multi-threading efficiency up to 2 CPU cores
Increase to 10 rounds for branch lengths
12 trees examined
Threads: 1 / Time: 2.108 sec / Speedup: 1.000 / Efficiency: 100% / LogL: -10097
Threads: 2 / Time: 1.142 sec / Speedup: 1.847 / Efficiency: 92% / LogL: -10097
BEST NUMBER OF THREADS: 2

Perform fast likelihood tree search using LG+I+G model...
Estimate model parameters (epsilon = 5.000)
Perform nearest neighbor interchange...
Estimate model parameters (epsilon = 1.000)
1. Initial log-likelihood: -7529.876
Optimal log-likelihood: -7529.565
Proportion of invariable sites: 0.055
Gamma shape alpha: 2.205
Parameters optimization took 1 rounds (0.064 sec)
Time for fast ML tree search: 0.479 seconds

NOTE: ModelFinder requires 5 MB RAM!
ModelFinder will test up to 24 protein models (sample size: 150) ...
 No. Model         -LnL         df  AIC          AICc         BIC
  1  LG            7724.935     83  15615.871    15827.143    15865.753
  2  LG+I          7659.309     84  15486.619    15706.311    15739.512
  3  LG+G4         7538.557     84  15245.113    15464.805    15498.006
  4  LG+I+G4       7529.561     85  15229.122    15457.559    15485.026
  8  LG+F+I+G4     7438.020     104 15084.041    15569.374    15397.147
 12  WAG+I+G4      7580.359     85  15330.718    15559.156    15586.622
 16  WAG+F+I+G4    7459.134     104 15126.268    15611.601    15439.374
 20  JTT+I+G4      7566.230     85  15302.461    15530.898    15558.365
 24  JTT+F+I+G4    7445.691     104 15099.382    15584.715    15412.488
Akaike Information Criterion:           LG+F+I+G4
Corrected Akaike Information Criterion: LG+I+G4
Bayesian Information Criterion:         LG+F+I+G4
Best-fit model: LG+F+I+G4 chosen according to BIC

All model information printed to results_broccoli_meto/alignments/OG_12897.iqtree.model.gz
CPU time for ModelFinder: 7.470 seconds (0h:0m:7s)
Wall-clock time for ModelFinder: 4.955 seconds (0h:0m:4s)
Generating 1000 samples for ultrafast bootstrap (seed: 879738)...

NOTE: 5 MB RAM (0 GB) is required!
Estimate model parameters (epsilon = 0.100)
Thoroughly optimizing +I+G parameters from 10 start values...
Init pinv, alpha: 0.000, 1.861 / Estimate: 0.000, 1.365 / LogL: -7442.636
Init pinv, alpha: 0.007, 1.861 / Estimate: 0.047, 1.841 / LogL: -7438.025
Init pinv, alpha: 0.015, 1.861 / Estimate: 0.047, 1.840 / LogL: -7438.025
Init pinv, alpha: 0.022, 1.861 / Estimate: 0.047, 1.836 / LogL: -7438.028
Init pinv, alpha: 0.030, 1.861 / Estimate: 0.046, 1.825 / LogL: -7438.037
Init pinv, alpha: 0.037, 1.861 / Estimate: 0.047, 1.843 / LogL: -7438.022
Init pinv, alpha: 0.044, 1.861 / Estimate: 0.047, 1.845 / LogL: -7438.021
Init pinv, alpha: 0.052, 1.861 / Estimate: 0.050, 1.870 / LogL: -7438.018
Init pinv, alpha: 0.059, 1.861 / Estimate: 0.050, 1.871 / LogL: -7438.018
Init pinv, alpha: 0.067, 1.861 / Estimate: 0.050, 1.877 / LogL: -7438.022
Optimal pinv,alpha: 0.050, 1.870 / LogL: -7438.018

Parameters optimization took 1.202 sec
Computing ML distances based on estimated model parameters...
Computing ML distances took 0.122607 sec (of wall-clock time) 0.244369 sec(of CPU time)
Computing RapidNJ tree took 0.000639 sec (of wall-clock time) 0.001264 sec (of CPU time)
Log-likelihood of RapidNJ tree: -7461.271
--------------------------------------------------------------------
|             INITIALIZING CANDIDATE TREE SET                      |
--------------------------------------------------------------------
Generating 98 parsimony trees... 0.753 second
Computing log-likelihood of 98 initial trees ... 1.191 seconds
Current best score: -7438.018

Do NNI search on 20 best initial trees
Estimate model parameters (epsilon = 0.100)
BETTER TREE FOUND at iteration 1: -7436.021
Estimate model parameters (epsilon = 0.100)
BETTER TREE FOUND at iteration 2: -7422.554
Estimate model parameters (epsilon = 0.100)
BETTER TREE FOUND at iteration 5: -7419.177
Iteration 10 / LogL: -7441.709 / Time: 0h:0m:6s
Iteration 20 / LogL: -7437.128 / Time: 0h:0m:9s
Finish initializing candidate tree set (19)
Current best tree score: -7419.177 / CPU time: 7.257
Number of iterations: 20
--------------------------------------------------------------------
|               OPTIMIZING CANDIDATE TREE SET                      |
--------------------------------------------------------------------
Estimate model parameters (epsilon = 0.100)
BETTER TREE FOUND at iteration 27: -7417.636
UPDATE BEST LOG-LIKELIHOOD: -7417.635
Iteration 30 / LogL: -7417.635 / Time: 0h:0m:12s (0h:1m:21s left)
Iteration 40 / LogL: -7417.653 / Time: 0h:0m:15s (0h:1m:12s left)
Iteration 50 / LogL: -7417.636 / Time: 0h:0m:18s (0h:1m:6s left)
Log-likelihood cutoff on original alignment: -7456.389
Iteration 60 / LogL: -7421.476 / Time: 0h:0m:21s (0h:1m:0s left)
Iteration 70 / LogL: -7419.187 / Time: 0h:0m:24s (0h:0m:56s left)
UPDATE BEST LOG-LIKELIHOOD: -7417.635
Iteration 80 / LogL: -7419.191 / Time: 0h:0m:27s (0h:0m:51s left)
Iteration 90 / LogL: -7419.189 / Time: 0h:0m:30s (0h:0m:47s left)
Iteration 100 / LogL: -7417.635 / Time: 0h:0m:33s (0h:0m:43s left)
Log-likelihood cutoff on original alignment: -7456.389
NOTE: Bootstrap correlation coefficient of split occurrence frequencies: 0.999
Iteration 110 / LogL: -7417.683 / Time: 0h:0m:37s (0h:0m:39s left)
UPDATE BEST LOG-LIKELIHOOD: -7417.635
UPDATE BEST LOG-LIKELIHOOD: -7417.635
Iteration 120 / LogL: -7417.640 / Time: 0h:0m:40s (0h:0m:36s left)
Iteration 130 / LogL: -7418.427 / Time: 0h:0m:42s (0h:0m:32s left)
Iteration 140 / LogL: -7420.130 / Time: 0h:0m:45s (0h:0m:28s left)
Iteration 150 / LogL: -7419.187 / Time: 0h:0m:49s (0h:0m:25s left)
Log-likelihood cutoff on original alignment: -7456.389
Iteration 160 / LogL: -7419.187 / Time: 0h:0m:52s (0h:0m:22s left)
Iteration 170 / LogL: -7420.129 / Time: 0h:0m:55s (0h:0m:18s left)
Iteration 180 / LogL: -7417.635 / Time: 0h:0m:58s (0h:0m:15s left)
Iteration 190 / LogL: -7417.635 / Time: 0h:1m:1s (0h:0m:12s left)
Iteration 200 / LogL: -7419.219 / Time: 0h:1m:4s (0h:0m:8s left)
Log-likelihood cutoff on original alignment: -7456.389
NOTE: Bootstrap correlation coefficient of split occurrence frequencies: 0.999
Iteration 210 / LogL: -7417.708 / Time: 0h:1m:7s (0h:0m:29s left)
Iteration 220 / LogL: -7417.635 / Time: 0h:1m:10s (0h:0m:25s left)
TREE SEARCH COMPLETED AFTER 228 ITERATIONS / Time: 0h:1m:13s

--------------------------------------------------------------------
|                    FINALIZING TREE SEARCH                        |
--------------------------------------------------------------------
Performs final model parameters optimization
Estimate model parameters (epsilon = 0.010)
1. Initial log-likelihood: -7417.635
Optimal log-likelihood: -7417.635
Proportion of invariable sites: 0.049
Gamma shape alpha: 1.900
Parameters optimization took 1 rounds (0.037 sec)
BEST SCORE FOUND : -7417.635
Creating bootstrap support values...
Split supports printed to NEXUS file results_broccoli_meto/alignments/OG_12897.iqtree.splits.nex
Total tree length: 18.498

Total number of iterations: 228
CPU time used for tree search: 140.236 sec (0h:2m:20s)
Wall-clock time used for tree search: 71.478 sec (0h:1m:11s)
Total CPU time used: 143.726 sec (0h:2m:23s)
Total wall-clock time used: 73.507 sec (0h:1m:13s)

Computing bootstrap consensus tree...
Reading input file results_broccoli_meto/alignments/OG_12897.iqtree.splits.nex...
43 taxa and 342 splits.
Consensus tree written to results_broccoli_meto/alignments/OG_12897.iqtree.contree
Reading input trees file results_broccoli_meto/alignments/OG_12897.iqtree.contree
Log-likelihood of consensus tree: -7417.636

Analysis results written to: 
  IQ-TREE report:                results_broccoli_meto/alignments/OG_12897.iqtree.iqtree
  Maximum-likelihood tree:       results_broccoli_meto/alignments/OG_12897.iqtree.treefile
  Likelihood distances:          results_broccoli_meto/alignments/OG_12897.iqtree.mldist

Ultrafast bootstrap approximation results written to:
  Split support values:          results_broccoli_meto/alignments/OG_12897.iqtree.splits.nex
  Consensus tree:                results_broccoli_meto/alignments/OG_12897.iqtree.contree
  Screen log file:               results_broccoli_meto/alignments/OG_12897.iqtree.log

Date and Time: Fri Dec 16 11:39:34 2022
