IQ-TREE multicore version 2.1.0 for Linux 64-bit built Jul 18 2020
Developed by Bui Quang Minh, James Barbetti, Nguyen Lam Tung,
Olga Chernomor, Heiko Schmidt, Dominik Schrempf, Michael Woodhams.

Host:    node-hp0410.linux.crg.es (AVX, 125 GB RAM)
Command: /users/asebe/xgraubove/Programes/iqtree-2.1.0-Linux/bin/iqtree2 -s results_broccoli_meto/alignments/OG_1613.lt.fasta -m TEST -mset LG,WAG,JTT -nt AUTO -ntmax 2 -bb 1000 -pre results_broccoli_meto/alignments/OG_1613.iqtree -nm 10000 -nstop 200 -cptime 1800
Seed:    967965 (Using SPRNG - Scalable Parallel Random Number Generator)
Time:    Fri Dec 16 13:21:37 2022
Kernel:  AVX - auto-detect threads (2 CPU cores detected)

Reading alignment file results_broccoli_meto/alignments/OG_1613.lt.fasta ... Fasta format detected
Alignment most likely contains protein sequences
Alignment has 46 sequences with 731 columns, 722 distinct patterns
673 parsimony-informative, 0 singleton sites, 58 constant sites
                                                       Gap/Ambiguity  Composition  p-value
   1  Hsap_ENST00000449850                                     3.15%    passed     75.40%
   2  Bralan_BLAG16000326_1                                    3.28%    passed     58.13%
   3  Spur_XM_030974424.1                                      2.87%    passed     99.01%
   4  Skow_XM_006825481.1                                      5.06%    passed     13.65%
   5  Adig_XM_015897378.1                                      5.34%    passed     98.99%
   6  Amil_Amillepora35785-RA                                  8.48%    passed     94.10%
   7  Gfas_gfas1.m1.7712.m1                                   11.22%    passed     78.24%
   8  Fspp_ffun1.m4.19546.m1                                  24.90%    passed     94.02%
   9  Gasp_gasp1.m3.5518.m1                                    3.28%    passed     93.29%
  10  Spis_XP_022799675_1                                      7.39%    passed     82.31%
  11  Pocdam_XM_027183425.1                                   11.90%    passed     93.47%
  12  Clacor_Ccor_C527203_01                                  72.09%    passed     98.94%
  13  Exapal_XM_021043766.2                                    8.48%    passed     92.42%
  14  Nvec_NVE17156                                           19.84%    passed      6.75%
  15  Scil_scict024361.1                                       3.83%    passed      5.32%
  16  Leuniv_Lniv_C803560_01                                  59.23%    passed      5.84%
  17  Lcom_lcpid31687                                          4.10%    passed     11.28%
  18  Gracom_Gcom_scaffold19052_01                            21.07%    failed      0.00%
  19  Mlei_ML0953.g11.i1                                       3.83%    passed     99.15%
  20  Bolinf_Binf_sb1196836                                   78.66%    passed     76.18%
  21  Mertsp_Mesp_sb528290                                    67.72%    passed     58.60%
  22  Drygla_Dgla_sb305110                                     9.44%    passed     99.81%
  23  Pbac_sb2660994                                          46.65%    passed     24.97%
  24  Horcal_Hcv1.av93.c11.g1030.i1                            5.34%    passed     99.05%
  25  Lampan_Lpan_3072_01                                     35.84%    passed     80.97%
  26  Coemet_Cmet_C605066_01                                   5.06%    passed     91.23%
  27  Vmul_sbMO362121                                         71.82%    passed     35.52%
  28  Dgig_XM_028548388.1                                     16.42%    passed     96.14%
  29  Xesp_002851-T1                                          19.29%    passed     42.02%
  30  Hvul_g22840_1                                           91.11%    passed     40.35%
  31  Chem_TCONS_00019650                                      6.43%    passed     64.98%
  32  Aaur_scaffold1049.g1.t1                                 23.80%    failed      0.31%
  33  Nemnom_g751.t1                                           4.38%    passed     77.77%
  34  Rhoesc_Res_012891-T1                                     4.38%    passed     74.47%
  35  Sanmal_Sma_016817-T1                                    16.28%    passed      6.90%
  36  Aque_Aqu2.1.36137_001                                    2.87%    passed     66.71%
  37  Halamb_c54537_g1_i2mm.5973                               3.28%    passed     87.31%
  38  Xestes_maker-XT_scaffold5525-augustus-gene-0.8-mRNA-1   28.86%    passed     78.74%
  39  Emue_Em0005g1571a.t1                                     4.10%    passed     41.31%
  40  Spolac_c101652_g1_i2_m.26306c101652-g1                   3.42%    passed     28.63%
  41  Stycar_maker-SC_scaffold5356-snap-gene-0.8-mRNA-1       22.71%    passed     58.97%
  42  Tetwil_g3701.t1                                         76.61%    failed      3.48%
  43  Plespi_Pspi_scaffold14559_01                            48.97%    passed     61.38%
  44  Cscu_XM_023375336.1                                      7.66%    passed     20.68%
  45  Cgig_XM_011445485.3                                      2.87%    passed     97.20%
  46  Acagra_model.g18760.t1                                   6.29%    passed     51.13%
WARNING: 7 sequences contain more than 50% gaps/ambiguity
****  TOTAL                                                   21.51%  3 sequences failed composition chi2 test (p-value<5%; df=19)


Create initial parsimony tree by phylogenetic likelihood library (PLL)... 0.020 seconds
Measuring multi-threading efficiency up to 2 CPU cores
Increase to 10 rounds for branch lengths
3 trees examined
Threads: 1 / Time: 2.851 sec / Speedup: 1.000 / Efficiency: 100% / LogL: -48233
Threads: 2 / Time: 1.633 sec / Speedup: 1.746 / Efficiency: 87% / LogL: -48233
BEST NUMBER OF THREADS: 2

Perform fast likelihood tree search using LG+I+G model...
Estimate model parameters (epsilon = 5.000)
Perform nearest neighbor interchange...
Estimate model parameters (epsilon = 1.000)
1. Initial log-likelihood: -37681.254
Optimal log-likelihood: -37680.686
Proportion of invariable sites: 0.072
Gamma shape alpha: 1.776
Parameters optimization took 1 rounds (0.179 sec)
Time for fast ML tree search: 1.561 seconds

NOTE: ModelFinder requires 23 MB RAM!
ModelFinder will test up to 24 protein models (sample size: 731) ...
 No. Model         -LnL         df  AIC          AICc         BIC
  1  LG            39154.336    89  78486.671    78511.664    78895.574
  2  LG+I          38664.919    90  77509.838    77535.432    77923.335
  3  LG+G4         37747.023    90  75674.046    75699.640    76087.543
  4  LG+I+G4       37680.653    91  75543.306    75569.509    75961.398
  8  LG+F+I+G4     37605.119    110 75430.238    75469.625    75935.624
 12  WAG+I+G4      37797.122    91  75776.245    75802.448    76194.337
 16  WAG+F+I+G4    37720.285    110 75660.571    75699.958    76165.956
 20  JTT+I+G4      37882.278    91  75946.556    75972.760    76364.648
 24  JTT+F+I+G4    37792.474    110 75804.948    75844.335    76310.333
Akaike Information Criterion:           LG+F+I+G4
Corrected Akaike Information Criterion: LG+F+I+G4
Bayesian Information Criterion:         LG+F+I+G4
Best-fit model: LG+F+I+G4 chosen according to BIC

All model information printed to results_broccoli_meto/alignments/OG_1613.iqtree.model.gz
CPU time for ModelFinder: 17.964 seconds (0h:0m:17s)
Wall-clock time for ModelFinder: 10.793 seconds (0h:0m:10s)
Generating 1000 samples for ultrafast bootstrap (seed: 967965)...

NOTE: 24 MB RAM (0 GB) is required!
Estimate model parameters (epsilon = 0.100)
Thoroughly optimizing +I+G parameters from 10 start values...
Init pinv, alpha: 0.000, 1.774 / Estimate: 0.072, 1.772 / LogL: -37605.124
Init pinv, alpha: 0.009, 1.774 / Estimate: 0.072, 1.773 / LogL: -37605.122
Init pinv, alpha: 0.018, 1.774 / Estimate: 0.072, 1.775 / LogL: -37605.120
Init pinv, alpha: 0.026, 1.774 / Estimate: 0.072, 1.772 / LogL: -37605.124
Init pinv, alpha: 0.035, 1.774 / Estimate: 0.072, 1.773 / LogL: -37605.121
Init pinv, alpha: 0.044, 1.774 / Estimate: 0.072, 1.775 / LogL: -37605.122
Init pinv, alpha: 0.053, 1.774 / Estimate: 0.071, 1.771 / LogL: -37605.125
Init pinv, alpha: 0.062, 1.774 / Estimate: 0.072, 1.773 / LogL: -37605.122
Init pinv, alpha: 0.071, 1.774 / Estimate: 0.072, 1.774 / LogL: -37605.119
Init pinv, alpha: 0.079, 1.774 / Estimate: 0.072, 1.775 / LogL: -37605.121
Optimal pinv,alpha: 0.072, 1.774 / LogL: -37605.119

Parameters optimization took 8.128 sec
Computing ML distances based on estimated model parameters...
Computing ML distances took 0.139886 sec (of wall-clock time) 0.277777 sec(of CPU time)
Computing RapidNJ tree took 0.000929 sec (of wall-clock time) 0.001583 sec (of CPU time)
Log-likelihood of RapidNJ tree: -38293.134
--------------------------------------------------------------------
|             INITIALIZING CANDIDATE TREE SET                      |
--------------------------------------------------------------------
Generating 98 parsimony trees... 2.204 second
Computing log-likelihood of 98 initial trees ... 5.472 seconds
Current best score: -37605.119

Do NNI search on 20 best initial trees
Estimate model parameters (epsilon = 0.100)
BETTER TREE FOUND at iteration 1: -37605.119
Estimate model parameters (epsilon = 0.100)
BETTER TREE FOUND at iteration 2: -37599.348
Iteration 10 / LogL: -37601.603 / Time: 0h:0m:23s
Iteration 20 / LogL: -37600.043 / Time: 0h:0m:31s
Finish initializing candidate tree set (2)
Current best tree score: -37599.348 / CPU time: 22.583
Number of iterations: 20
--------------------------------------------------------------------
|               OPTIMIZING CANDIDATE TREE SET                      |
--------------------------------------------------------------------
Iteration 30 / LogL: -37600.112 / Time: 0h:0m:41s (0h:4m:4s left)
Iteration 40 / LogL: -37605.671 / Time: 0h:0m:51s (0h:3m:32s left)
Iteration 50 / LogL: -37599.873 / Time: 0h:1m:1s (0h:3m:10s left)
Log-likelihood cutoff on original alignment: -37644.095
Iteration 60 / LogL: -37601.064 / Time: 0h:1m:12s (0h:2m:53s left)
Iteration 70 / LogL: -37600.446 / Time: 0h:1m:23s (0h:2m:40s left)
Iteration 80 / LogL: -37600.214 / Time: 0h:1m:34s (0h:2m:25s left)
Iteration 90 / LogL: -37605.330 / Time: 0h:1m:45s (0h:2m:12s left)
Iteration 100 / LogL: -37602.299 / Time: 0h:1m:56s (0h:2m:0s left)
Log-likelihood cutoff on original alignment: -37644.095
NOTE: Bootstrap correlation coefficient of split occurrence frequencies: 0.999
Iteration 110 / LogL: -37599.738 / Time: 0h:2m:8s (0h:1m:48s left)
Iteration 120 / LogL: -37601.622 / Time: 0h:2m:19s (0h:1m:35s left)
Iteration 130 / LogL: -37599.640 / Time: 0h:2m:30s (0h:1m:24s left)
Iteration 140 / LogL: -37600.043 / Time: 0h:2m:41s (0h:1m:11s left)
Iteration 150 / LogL: -37600.268 / Time: 0h:2m:51s (0h:0m:59s left)
Log-likelihood cutoff on original alignment: -37644.095
Iteration 160 / LogL: -37599.812 / Time: 0h:3m:1s (0h:0m:48s left)
UPDATE BEST LOG-LIKELIHOOD: -37599.345
Iteration 170 / LogL: -37623.118 / Time: 0h:3m:13s (0h:0m:36s left)
Iteration 180 / LogL: -37600.169 / Time: 0h:3m:25s (0h:0m:25s left)
Iteration 190 / LogL: -37599.377 / Time: 0h:3m:36s (0h:0m:13s left)
Iteration 200 / LogL: -37600.163 / Time: 0h:3m:46s (0h:0m:2s left)
Log-likelihood cutoff on original alignment: -37644.095
NOTE: Bootstrap correlation coefficient of split occurrence frequencies: 1.000
TREE SEARCH COMPLETED AFTER 203 ITERATIONS / Time: 0h:3m:50s

--------------------------------------------------------------------
|                    FINALIZING TREE SEARCH                        |
--------------------------------------------------------------------
Performs final model parameters optimization
Estimate model parameters (epsilon = 0.010)
1. Initial log-likelihood: -37599.345
2. Current log-likelihood: -37599.331
Optimal log-likelihood: -37599.331
Proportion of invariable sites: 0.072
Gamma shape alpha: 1.771
Parameters optimization took 2 rounds (0.342 sec)
BEST SCORE FOUND : -37599.331
Creating bootstrap support values...
Split supports printed to NEXUS file results_broccoli_meto/alignments/OG_1613.iqtree.splits.nex
Total tree length: 22.473

Total number of iterations: 203
CPU time used for tree search: 435.306 sec (0h:7m:15s)
Wall-clock time used for tree search: 221.434 sec (0h:3m:41s)
Total CPU time used: 453.544 sec (0h:7m:33s)
Total wall-clock time used: 230.898 sec (0h:3m:50s)

Computing bootstrap consensus tree...
Reading input file results_broccoli_meto/alignments/OG_1613.iqtree.splits.nex...
46 taxa and 168 splits.
Consensus tree written to results_broccoli_meto/alignments/OG_1613.iqtree.contree
Reading input trees file results_broccoli_meto/alignments/OG_1613.iqtree.contree
Log-likelihood of consensus tree: -37599.331

Analysis results written to: 
  IQ-TREE report:                results_broccoli_meto/alignments/OG_1613.iqtree.iqtree
  Maximum-likelihood tree:       results_broccoli_meto/alignments/OG_1613.iqtree.treefile
  Likelihood distances:          results_broccoli_meto/alignments/OG_1613.iqtree.mldist

Ultrafast bootstrap approximation results written to:
  Split support values:          results_broccoli_meto/alignments/OG_1613.iqtree.splits.nex
  Consensus tree:                results_broccoli_meto/alignments/OG_1613.iqtree.contree
  Screen log file:               results_broccoli_meto/alignments/OG_1613.iqtree.log

Date and Time: Fri Dec 16 13:25:40 2022
