IQ-TREE multicore version 2.1.0 for Linux 64-bit built Jul 18 2020
Developed by Bui Quang Minh, James Barbetti, Nguyen Lam Tung,
Olga Chernomor, Heiko Schmidt, Dominik Schrempf, Michael Woodhams.

Host:    node-hp0212.linux.crg.es (AVX, 125 GB RAM)
Command: /users/asebe/xgraubove/Programes/iqtree-2.1.0-Linux/bin/iqtree2 -s results_broccoli_meto/alignments/OG_13054.lt.fasta -m TEST -mset LG,WAG,JTT -nt AUTO -ntmax 2 -bb 1000 -pre results_broccoli_meto/alignments/OG_13054.iqtree -nm 10000 -nstop 200 -cptime 1800
Seed:    205827 (Using SPRNG - Scalable Parallel Random Number Generator)
Time:    Fri Dec 16 11:52:24 2022
Kernel:  AVX - auto-detect threads (2 CPU cores detected)

Reading alignment file results_broccoli_meto/alignments/OG_13054.lt.fasta ... Fasta format detected
Alignment most likely contains protein sequences
Alignment has 48 sequences with 544 columns, 544 distinct patterns
538 parsimony-informative, 0 singleton sites, 6 constant sites
                                                       Gap/Ambiguity  Composition  p-value
   1  Hsap_ENST00000332408                                    23.35%    passed      6.12%
   2  Bralan_BLAG02002141_1                                    2.02%    failed      0.00%
   3  Cgig_XM_011433096.3                                     22.98%    passed     52.45%
   4  Acagra_model.g13131.t1                                  30.15%    passed     75.61%
   5  Skow_XM_006813959.1                                     16.73%    passed     95.08%
   6  Tcas_TC010804_001                                       34.38%    passed     50.48%
   7  Cscu_XM_023356127.1                                     22.79%    passed     85.66%
   8  Spur_XM_030977409.1                                     13.42%    passed     88.10%
   9  Dgig_XM_028555566.1                                     15.99%    passed     99.02%
  10  Xesp_001963-T1                                          15.07%    passed     90.46%
  11  Tadh_TriadT18086                                        92.46%    passed     59.49%
  12  TrH2_TrispH2_006752-RA                                  25.74%    passed     47.10%
  13  Hhon_g08332.t1                                          27.94%    passed     21.50%
  14  HoiH04_mRNA5355                                         27.94%    passed     31.01%
  15  HoiH23_PlH23_008820-RA                                  28.49%    failed      2.11%
  16  HoiH11_mRNA3961                                         32.17%    passed     12.94%
  17  Exapal_XM_021041751.2                                   17.46%    passed     94.27%
  18  Adig_XM_015911046.1                                     15.44%    passed     87.43%
  19  Amil_Amillepora01736-RA                                 24.82%    passed     90.21%
  20  Gfas_gfas1.m1.15469.m1                                   9.38%    passed     58.43%
  21  Gasp_gasp1.m3.10294.m1                                   9.38%    passed     73.31%
  22  Spis_XP_022805549_1                                      8.82%    passed     80.14%
  23  Pocdam_XM_027199802.1                                    9.38%    passed     99.42%
  24  Fspp_ffun1.m4.4791.m1                                   37.13%    failed      0.65%
  25  Lcom_lcpid58556                                         19.67%    failed      1.21%
  26  Gracom_Gcom_scaffold15398_01                            21.14%    passed      6.53%
  27  Leuniv_Lniv_scaffold25484_01                            40.99%    failed      0.23%
  28  Clacor_Ccor_scaffold8982_01                             57.90%    failed      0.03%
  29  Nvec_v1g90669                                           31.25%    passed     24.04%
  30  Nemnom_g3435.t1                                          6.99%    passed     28.13%
  31  Rhoesc_Res_009623-T1                                     8.27%    passed     37.38%
  32  Sanmal_Sma_013734-T1                                    21.88%    passed     31.94%
  33  Pbac_sb2655778                                          40.81%    passed     22.41%
  34  Horcal_Hcv1.av93.c2.g560.i1                             29.60%    passed      8.66%
  35  Bolinf_Binf_sb1278358                                   56.80%    passed     42.63%
  36  Mertsp_Mesp_sb549826                                    72.24%    passed     55.50%
  37  Drygla_Dgla_sb289214                                    68.20%    passed     30.25%
  38  Beraby_Baby_sb332326                                    28.49%    passed     24.88%
  39  Lampan_Lpan_8544_01                                     70.40%    passed     16.08%
  40  Coeast_Cast_sb830712                                    74.82%    passed     58.85%
  41  Coemet_Cmet_C601295_01                                  28.31%    failed      3.65%
  42  Tetwil_g7441.t2                                         38.60%    passed     23.96%
  43  Morvir_scaffold55.g32.t1                                15.07%    passed     22.05%
  44  Emue_Em0009g44a.t1                                      13.60%    failed      3.67%
  45  Spolac_c103695_g1_i4_m.35607c103695-g1                  55.15%    failed      0.02%
  46  Chem_TCONS_00046665                                     20.04%    passed     90.22%
  47  Aque_Aqu2.1.15446_001                                   24.08%    failed      0.00%
  48  Stycar_maker-SC_scaffold903-augustus-gene-0.50-mRNA-1   50.74%    passed     40.90%
WARNING: 9 sequences contain more than 50% gaps/ambiguity
****  TOTAL                                                   30.38%  10 sequences failed composition chi2 test (p-value<5%; df=19)


Create initial parsimony tree by phylogenetic likelihood library (PLL)... 0.032 seconds
Measuring multi-threading efficiency up to 2 CPU cores
Increase to 10 rounds for branch lengths
3 trees examined
Threads: 1 / Time: 2.462 sec / Speedup: 1.000 / Efficiency: 100% / LogL: -36736
Threads: 2 / Time: 1.566 sec / Speedup: 1.573 / Efficiency: 79% / LogL: -36736
BEST NUMBER OF THREADS: 2

Perform fast likelihood tree search using LG+I+G model...
Estimate model parameters (epsilon = 5.000)
Perform nearest neighbor interchange...
Estimate model parameters (epsilon = 1.000)
1. Initial log-likelihood: -28099.672
Optimal log-likelihood: -28099.671
Proportion of invariable sites: 0.005
Gamma shape alpha: 1.647
Parameters optimization took 1 rounds (0.131 sec)
Time for fast ML tree search: 1.549 seconds

NOTE: ModelFinder requires 18 MB RAM!
ModelFinder will test up to 24 protein models (sample size: 544) ...
 No. Model         -LnL         df  AIC          AICc         BIC
  1  LG            28845.965    93  57877.929    57916.783    58277.732
  2  LG+I          28810.033    94  57808.066    57847.844    58212.168
  3  LG+G4         28104.715    94  56397.430    56437.207    56801.531
  4  LG+I+G4       28099.673    95  56389.347    56430.061    56797.747
  7  LG+F+G4       27932.549    113 56091.098    56151.014    56576.879
  8  LG+F+I+G4     27926.657    114 56081.314    56142.433    56571.395
 11  WAG+G4        28065.438    94  56318.876    56358.653    56722.977
 12  WAG+I+G4      28060.583    95  56311.166    56351.880    56719.566
 15  WAG+F+G4      27951.486    113 56128.971    56188.887    56614.752
 16  WAG+F+I+G4    27946.159    114 56120.318    56181.437    56610.398
 19  JTT+G4        28089.789    94  56367.577    56407.355    56771.679
 20  JTT+I+G4      28082.402    95  56354.805    56395.519    56763.205
 23  JTT+F+G4      28005.682    113 56237.364    56297.280    56723.145
 24  JTT+F+I+G4    27997.696    114 56223.392    56284.510    56713.472
Akaike Information Criterion:           LG+F+I+G4
Corrected Akaike Information Criterion: LG+F+I+G4
Bayesian Information Criterion:         LG+F+I+G4
Best-fit model: LG+F+I+G4 chosen according to BIC

All model information printed to results_broccoli_meto/alignments/OG_13054.iqtree.model.gz
CPU time for ModelFinder: 21.150 seconds (0h:0m:21s)
Wall-clock time for ModelFinder: 12.532 seconds (0h:0m:12s)
Generating 1000 samples for ultrafast bootstrap (seed: 205827)...

NOTE: 18 MB RAM (0 GB) is required!
Estimate model parameters (epsilon = 0.100)
Thoroughly optimizing +I+G parameters from 10 start values...
Init pinv, alpha: 0.000, 1.644 / Estimate: 0.005, 1.641 / LogL: -27926.654
Init pinv, alpha: 0.001, 1.644 / Estimate: 0.005, 1.640 / LogL: -27926.658
Init pinv, alpha: 0.002, 1.644 / Estimate: 0.005, 1.640 / LogL: -27926.655
Init pinv, alpha: 0.004, 1.644 / Estimate: 0.005, 1.642 / LogL: -27926.654
Init pinv, alpha: 0.005, 1.644 / Estimate: 0.005, 1.641 / LogL: -27926.654
Init pinv, alpha: 0.006, 1.644 / Estimate: 0.005, 1.643 / LogL: -27926.655
Init pinv, alpha: 0.007, 1.644 / Estimate: 0.005, 1.641 / LogL: -27926.654
Init pinv, alpha: 0.009, 1.644 / Estimate: 0.005, 1.641 / LogL: -27926.654
Init pinv, alpha: 0.010, 1.644 / Estimate: 0.005, 1.641 / LogL: -27926.654
Init pinv, alpha: 0.011, 1.644 / Estimate: 0.005, 1.640 / LogL: -27926.655
Optimal pinv,alpha: 0.005, 1.641 / LogL: -27926.654

Parameters optimization took 2.709 sec
Computing ML distances based on estimated model parameters...
Computing ML distances took 0.168517 sec (of wall-clock time) 0.333850 sec(of CPU time)
Computing RapidNJ tree took 0.000707 sec (of wall-clock time) 0.000406 sec (of CPU time)
Log-likelihood of RapidNJ tree: -28086.989
--------------------------------------------------------------------
|             INITIALIZING CANDIDATE TREE SET                      |
--------------------------------------------------------------------
Generating 98 parsimony trees... 1.893 second
Computing log-likelihood of 98 initial trees ... 4.175 seconds
Current best score: -27926.654

Do NNI search on 20 best initial trees
Estimate model parameters (epsilon = 0.100)
BETTER TREE FOUND at iteration 1: -27926.654
Estimate model parameters (epsilon = 0.100)
BETTER TREE FOUND at iteration 8: -27925.874
Iteration 10 / LogL: -27926.019 / Time: 0h:0m:18s
Iteration 20 / LogL: -27927.336 / Time: 0h:0m:28s
Finish initializing candidate tree set (8)
Current best tree score: -27925.874 / CPU time: 24.996
Number of iterations: 20
--------------------------------------------------------------------
|               OPTIMIZING CANDIDATE TREE SET                      |
--------------------------------------------------------------------
Estimate model parameters (epsilon = 0.100)
BETTER TREE FOUND at iteration 25: -27924.887
Estimate model parameters (epsilon = 0.100)
BETTER TREE FOUND at iteration 26: -27923.543
Iteration 30 / LogL: -27926.445 / Time: 0h:0m:41s (0h:4m:39s left)
Iteration 40 / LogL: -27925.027 / Time: 0h:0m:50s (0h:4m:1s left)
Iteration 50 / LogL: -27923.669 / Time: 0h:1m:1s (0h:3m:39s left)
Log-likelihood cutoff on original alignment: -27958.051
Iteration 60 / LogL: -27924.510 / Time: 0h:1m:12s (0h:3m:22s left)
Iteration 70 / LogL: -27928.534 / Time: 0h:1m:22s (0h:3m:7s left)
Iteration 80 / LogL: -27928.564 / Time: 0h:1m:36s (0h:2m:58s left)
Iteration 90 / LogL: -27924.790 / Time: 0h:1m:46s (0h:2m:43s left)
Iteration 100 / LogL: -27923.835 / Time: 0h:1m:57s (0h:2m:29s left)
Log-likelihood cutoff on original alignment: -27958.051
NOTE: Bootstrap correlation coefficient of split occurrence frequencies: 0.999
Iteration 110 / LogL: -27924.144 / Time: 0h:2m:7s (0h:2m:16s left)
Iteration 120 / LogL: -27924.895 / Time: 0h:2m:18s (0h:2m:3s left)
Iteration 130 / LogL: -27924.361 / Time: 0h:2m:29s (0h:1m:51s left)
Iteration 140 / LogL: -27923.571 / Time: 0h:2m:40s (0h:1m:39s left)
Iteration 150 / LogL: -27924.789 / Time: 0h:2m:50s (0h:1m:27s left)
Log-likelihood cutoff on original alignment: -27958.051
Iteration 160 / LogL: -27923.969 / Time: 0h:2m:59s (0h:1m:14s left)
Iteration 170 / LogL: -27924.494 / Time: 0h:3m:9s (0h:1m:2s left)
Iteration 180 / LogL: -27924.362 / Time: 0h:3m:24s (0h:0m:52s left)
Iteration 190 / LogL: -27924.818 / Time: 0h:3m:35s (0h:0m:40s left)
Iteration 200 / LogL: -27923.696 / Time: 0h:3m:45s (0h:0m:29s left)
Log-likelihood cutoff on original alignment: -27958.604
NOTE: Bootstrap correlation coefficient of split occurrence frequencies: 0.999
Iteration 210 / LogL: -27925.866 / Time: 0h:3m:55s (0h:1m:41s left)
Iteration 220 / LogL: -27923.553 / Time: 0h:4m:12s (0h:1m:32s left)
TREE SEARCH COMPLETED AFTER 227 ITERATIONS / Time: 0h:4m:20s

--------------------------------------------------------------------
|                    FINALIZING TREE SEARCH                        |
--------------------------------------------------------------------
Performs final model parameters optimization
Estimate model parameters (epsilon = 0.010)
1. Initial log-likelihood: -27923.543
Optimal log-likelihood: -27923.543
Proportion of invariable sites: 0.005
Gamma shape alpha: 1.630
Parameters optimization took 1 rounds (0.138 sec)
BEST SCORE FOUND : -27923.543
Creating bootstrap support values...
Split supports printed to NEXUS file results_broccoli_meto/alignments/OG_13054.iqtree.splits.nex
Total tree length: 32.501

Total number of iterations: 227
CPU time used for tree search: 478.680 sec (0h:7m:58s)
Wall-clock time used for tree search: 256.681 sec (0h:4m:16s)
Total CPU time used: 485.846 sec (0h:8m:5s)
Total wall-clock time used: 260.457 sec (0h:4m:20s)

Computing bootstrap consensus tree...
Reading input file results_broccoli_meto/alignments/OG_13054.iqtree.splits.nex...
48 taxa and 240 splits.
Consensus tree written to results_broccoli_meto/alignments/OG_13054.iqtree.contree
Reading input trees file results_broccoli_meto/alignments/OG_13054.iqtree.contree
Log-likelihood of consensus tree: -27923.543

Analysis results written to: 
  IQ-TREE report:                results_broccoli_meto/alignments/OG_13054.iqtree.iqtree
  Maximum-likelihood tree:       results_broccoli_meto/alignments/OG_13054.iqtree.treefile
  Likelihood distances:          results_broccoli_meto/alignments/OG_13054.iqtree.mldist

Ultrafast bootstrap approximation results written to:
  Split support values:          results_broccoli_meto/alignments/OG_13054.iqtree.splits.nex
  Consensus tree:                results_broccoli_meto/alignments/OG_13054.iqtree.contree
  Screen log file:               results_broccoli_meto/alignments/OG_13054.iqtree.log

Date and Time: Fri Dec 16 11:56:57 2022
