IQ-TREE multicore version 2.1.0 for Linux 64-bit built Jul 18 2020
Developed by Bui Quang Minh, James Barbetti, Nguyen Lam Tung,
Olga Chernomor, Heiko Schmidt, Dominik Schrempf, Michael Woodhams.

Host:    node-hp0307.linux.crg.es (AVX, 125 GB RAM)
Command: /users/asebe/xgraubove/Programes/iqtree-2.1.0-Linux/bin/iqtree2 -s results_broccoli_meto/alignments/OG_136.lt.fasta -m TEST -mset LG,WAG,JTT -nt AUTO -ntmax 2 -bb 1000 -pre results_broccoli_meto/alignments/OG_136.iqtree -nm 10000 -nstop 200 -cptime 1800
Seed:    360394 (Using SPRNG - Scalable Parallel Random Number Generator)
Time:    Fri Dec 16 12:46:14 2022
Kernel:  AVX - auto-detect threads (2 CPU cores detected)

Reading alignment file results_broccoli_meto/alignments/OG_136.lt.fasta ... Fasta format detected
Alignment most likely contains protein sequences
Alignment has 38 sequences with 128 columns, 116 distinct patterns
82 parsimony-informative, 0 singleton sites, 46 constant sites
                                                     Gap/Ambiguity  Composition  p-value
   1  Hsap_ENST00000664196                                   7.81%    passed     99.97%
   2  Cscu_XM_023360399.1                                   10.16%    passed     97.63%
   3  Lcom_lcpid108103                                       1.56%    passed     99.35%
   4  Spur_XM_030982315.1                                    0.78%    passed     99.96%
   5  Skow_XM_002738890.2                                    7.03%    passed     99.88%
   6  Cgig_XM_034471635.1                                   10.94%    passed     99.99%
   7  Acagra_model.g16621.t1                                 7.03%    passed    100.00%
   8  Exapal_XM_021040802.2                                  4.69%    passed     99.77%
   9  Gfas_gfas1.m1.2586.m1                                 14.06%    passed     99.38%
  10  Fspp_ffun1.m4.6329.m1                                 17.97%    passed    100.00%
  11  Gasp_gasp1.m3.12869.m1                                 7.81%    passed    100.00%
  12  Spis_XP_022793312_1                                    6.25%    passed     99.97%
  13  Pocdam_XM_027192781.1                                  7.81%    passed     99.99%
  14  Aque_Aqu2.1.42236_001                                  2.34%    passed     99.99%
  15  Tetwil_g23660.t1                                       6.25%    passed     99.99%
  16  Xestes_maker-XT_scaffold16787-snap-gene-0.38-mRNA-1    0.00%    passed     98.57%
  17  Nemnom_g5814.t1                                        7.03%    passed     99.90%
  18  Rhoesc_Res_007619-T1                                   7.03%    passed     99.97%
  19  Sanmal_Sma_015637-T1                                   0.78%    passed     99.84%
  20  Stycar_maker-SC_scaffold1826-snap-gene-0.23-mRNA-1     0.78%    passed     99.85%
  21  Morvir_scaffold219.g8.t1                               3.91%    passed     99.65%
  22  Dpul_mRNA369                                           7.81%    passed     99.98%
  23  Emue_Em0021g835a.t1                                   10.94%    passed     99.99%
  24  Spolac_c93705_g1_i1_m.9157c93705-g1                    9.38%    passed     92.95%
  25  Tcas_TC009923_001                                      9.38%    passed     99.79%
  26  Dgig_XM_028556968.1                                   10.94%    passed     98.65%
  27  Xesp_014008-T1                                        14.84%    passed     88.86%
  28  Tadh_TriadT51090                                       8.59%    passed     98.42%
  29  TrH2_TrispH2_008121-RA                                 1.56%    passed     88.81%
  30  HoiH06_mRNA15003                                       8.59%    passed     99.09%
  31  Hhon_g05578.t1                                         8.59%    passed     99.92%
  32  HoiH23_PlH23_004955-RA                                 8.59%    passed     99.78%
  33  HoiH04_mRNA6360                                        8.59%    passed     98.36%
  34  Chem_TCONS_00007010                                    1.56%    passed     99.00%
  35  Mlei_ML0091.g14.i1                                     3.12%    passed     99.94%
  36  Horcal_Hcv1.av93.c11.g142.i1                           0.78%    passed     77.99%
  37  Bralan_BLAG14001177_1                                 32.81%    passed     66.20%
  38  Pbac_sb2660929                                         6.25%    failed      3.03%
****  TOTAL                                                  7.48%  1 sequences failed composition chi2 test (p-value<5%; df=19)


Create initial parsimony tree by phylogenetic likelihood library (PLL)... 0.003 seconds
Measuring multi-threading efficiency up to 2 CPU cores
Increase to 10 rounds for branch lengths
16 trees examined
Threads: 1 / Time: 2.018 sec / Speedup: 1.000 / Efficiency: 100% / LogL: -4580
Threads: 2 / Time: 2.814 sec / Speedup: 0.717 / Efficiency: 36% / LogL: -4580
BEST NUMBER OF THREADS: 1

Perform fast likelihood tree search using LG+I+G model...
Estimate model parameters (epsilon = 5.000)
Perform nearest neighbor interchange...
Estimate model parameters (epsilon = 1.000)
1. Initial log-likelihood: -3645.479
2. Current log-likelihood: -3644.296
3. Current log-likelihood: -3643.057
4. Current log-likelihood: -3641.832
Optimal log-likelihood: -3640.683
Proportion of invariable sites: 0.336
Gamma shape alpha: 1.300
Parameters optimization took 4 rounds (0.294 sec)
Time for fast ML tree search: 0.687 seconds

NOTE: ModelFinder requires 3 MB RAM!
ModelFinder will test up to 24 protein models (sample size: 128) ...
 No. Model         -LnL         df  AIC          AICc         BIC
  1  LG            4040.421     73  8226.843     8426.917     8435.041
  2  LG+I          3752.409     74  7652.817     7862.251     7863.867
  3  LG+G4         3650.228     74  7448.456     7657.890     7659.506
  4  LG+I+G4       3640.363     75  7430.727     7649.958     7644.629
  8  LG+F+I+G4     3495.112     94  7178.224     7719.436     7446.315
 12  WAG+I+G4      3598.642     75  7347.283     7566.514     7561.185
 16  WAG+F+I+G4    3502.908     94  7193.817     7735.029     7461.908
 20  JTT+I+G4      3667.326     75  7484.652     7703.883     7698.554
 24  JTT+F+I+G4    3528.248     94  7244.497     7785.709     7512.588
Akaike Information Criterion:           LG+F+I+G4
Corrected Akaike Information Criterion: WAG+I+G4
Bayesian Information Criterion:         LG+F+I+G4
Best-fit model: LG+F+I+G4 chosen according to BIC

All model information printed to results_broccoli_meto/alignments/OG_136.iqtree.model.gz
CPU time for ModelFinder: 7.051 seconds (0h:0m:7s)
Wall-clock time for ModelFinder: 6.829 seconds (0h:0m:6s)
Generating 1000 samples for ultrafast bootstrap (seed: 360394)...

NOTE: 3 MB RAM (0 GB) is required!
Estimate model parameters (epsilon = 0.100)
Thoroughly optimizing +I+G parameters from 10 start values...
Init pinv, alpha: 0.000, 1.394 / Estimate: 0.000, 0.392 / LogL: -3506.669
Init pinv, alpha: 0.040, 1.394 / Estimate: 0.342, 1.385 / LogL: -3495.116
Init pinv, alpha: 0.080, 1.394 / Estimate: 0.341, 1.371 / LogL: -3495.135
Init pinv, alpha: 0.120, 1.394 / Estimate: 0.342, 1.379 / LogL: -3495.124
Init pinv, alpha: 0.160, 1.394 / Estimate: 0.342, 1.381 / LogL: -3495.120
Init pinv, alpha: 0.200, 1.394 / Estimate: 0.342, 1.380 / LogL: -3495.121
Init pinv, alpha: 0.240, 1.394 / Estimate: 0.341, 1.373 / LogL: -3495.131
Init pinv, alpha: 0.280, 1.394 / Estimate: 0.341, 1.370 / LogL: -3495.129
Init pinv, alpha: 0.319, 1.394 / Estimate: 0.342, 1.383 / LogL: -3495.116
Init pinv, alpha: 0.359, 1.394 / Estimate: 0.345, 1.412 / LogL: -3495.121
Optimal pinv,alpha: 0.342, 1.385 / LogL: -3495.116

Parameters optimization took 4.207 sec
Computing ML distances based on estimated model parameters...
Computing ML distances took 0.157892 sec (of wall-clock time) 0.154713 sec(of CPU time)
Computing RapidNJ tree took 0.000201 sec (of wall-clock time) 0.000200 sec (of CPU time)
Log-likelihood of RapidNJ tree: -3552.584
--------------------------------------------------------------------
|             INITIALIZING CANDIDATE TREE SET                      |
--------------------------------------------------------------------
Generating 98 parsimony trees... 0.444 second
Computing log-likelihood of 98 initial trees ... 1.409 seconds
Current best score: -3488.620

Do NNI search on 20 best initial trees
Estimate model parameters (epsilon = 0.100)
BETTER TREE FOUND at iteration 1: -3475.263
Estimate model parameters (epsilon = 0.100)
BETTER TREE FOUND at iteration 6: -3472.287
Iteration 10 / LogL: -3481.632 / Time: 0h:0m:9s
Iteration 20 / LogL: -3480.262 / Time: 0h:0m:12s
Finish initializing candidate tree set (19)
Current best tree score: -3472.287 / CPU time: 7.664
Number of iterations: 20
--------------------------------------------------------------------
|               OPTIMIZING CANDIDATE TREE SET                      |
--------------------------------------------------------------------
Iteration 30 / LogL: -3472.291 / Time: 0h:0m:15s (0h:1m:33s left)
Estimate model parameters (epsilon = 0.100)
BETTER TREE FOUND at iteration 32: -3471.157
Estimate model parameters (epsilon = 0.100)
BETTER TREE FOUND at iteration 40: -3470.722
Iteration 40 / LogL: -3470.722 / Time: 0h:0m:19s (0h:1m:37s left)
Iteration 50 / LogL: -3472.526 / Time: 0h:0m:22s (0h:1m:26s left)
Log-likelihood cutoff on original alignment: -3511.039
Iteration 60 / LogL: -3471.444 / Time: 0h:0m:26s (0h:1m:19s left)
Iteration 70 / LogL: -3477.735 / Time: 0h:0m:29s (0h:1m:12s left)
Iteration 80 / LogL: -3471.779 / Time: 0h:0m:32s (0h:1m:6s left)
Iteration 90 / LogL: -3471.418 / Time: 0h:0m:36s (0h:1m:1s left)
Iteration 100 / LogL: -3471.116 / Time: 0h:0m:39s (0h:0m:56s left)
Log-likelihood cutoff on original alignment: -3511.039
NOTE: Bootstrap correlation coefficient of split occurrence frequencies: 0.997
Iteration 110 / LogL: -3471.444 / Time: 0h:0m:43s (0h:0m:52s left)
Iteration 120 / LogL: -3471.077 / Time: 0h:0m:46s (0h:0m:47s left)
Iteration 130 / LogL: -3474.535 / Time: 0h:0m:50s (0h:0m:42s left)
Iteration 140 / LogL: -3485.093 / Time: 0h:0m:53s (0h:0m:38s left)
Iteration 150 / LogL: -3471.158 / Time: 0h:0m:56s (0h:0m:34s left)
Log-likelihood cutoff on original alignment: -3511.039
Iteration 160 / LogL: -3471.116 / Time: 0h:1m:0s (0h:0m:30s left)
Iteration 170 / LogL: -3470.796 / Time: 0h:1m:3s (0h:0m:26s left)
Iteration 180 / LogL: -3471.139 / Time: 0h:1m:7s (0h:0m:22s left)
Iteration 190 / LogL: -3477.022 / Time: 0h:1m:11s (0h:0m:18s left)
Iteration 200 / LogL: -3471.158 / Time: 0h:1m:14s (0h:0m:14s left)
Log-likelihood cutoff on original alignment: -3511.039
NOTE: Bootstrap correlation coefficient of split occurrence frequencies: 0.998
Iteration 210 / LogL: -3471.195 / Time: 0h:1m:18s (0h:0m:33s left)
Iteration 220 / LogL: -3474.559 / Time: 0h:1m:21s (0h:0m:29s left)
Iteration 230 / LogL: -3471.502 / Time: 0h:1m:24s (0h:0m:25s left)
Iteration 240 / LogL: -3484.841 / Time: 0h:1m:28s (0h:0m:22s left)
TREE SEARCH COMPLETED AFTER 241 ITERATIONS / Time: 0h:1m:28s

--------------------------------------------------------------------
|                    FINALIZING TREE SEARCH                        |
--------------------------------------------------------------------
Performs final model parameters optimization
Estimate model parameters (epsilon = 0.010)
1. Initial log-likelihood: -3470.722
Optimal log-likelihood: -3470.721
Proportion of invariable sites: 0.344
Gamma shape alpha: 1.403
Parameters optimization took 1 rounds (0.047 sec)
BEST SCORE FOUND : -3470.721
Creating bootstrap support values...
Split supports printed to NEXUS file results_broccoli_meto/alignments/OG_136.iqtree.splits.nex
Total tree length: 9.539

Total number of iterations: 241
CPU time used for tree search: 83.724 sec (0h:1m:23s)
Wall-clock time used for tree search: 84.128 sec (0h:1m:24s)
Total CPU time used: 88.497 sec (0h:1m:28s)
Total wall-clock time used: 89.036 sec (0h:1m:29s)

Computing bootstrap consensus tree...
Reading input file results_broccoli_meto/alignments/OG_136.iqtree.splits.nex...
38 taxa and 459 splits.
Consensus tree written to results_broccoli_meto/alignments/OG_136.iqtree.contree
Reading input trees file results_broccoli_meto/alignments/OG_136.iqtree.contree
Log-likelihood of consensus tree: -3471.159

Analysis results written to: 
  IQ-TREE report:                results_broccoli_meto/alignments/OG_136.iqtree.iqtree
  Maximum-likelihood tree:       results_broccoli_meto/alignments/OG_136.iqtree.treefile
  Likelihood distances:          results_broccoli_meto/alignments/OG_136.iqtree.mldist

Ultrafast bootstrap approximation results written to:
  Split support values:          results_broccoli_meto/alignments/OG_136.iqtree.splits.nex
  Consensus tree:                results_broccoli_meto/alignments/OG_136.iqtree.contree
  Screen log file:               results_broccoli_meto/alignments/OG_136.iqtree.log

Date and Time: Fri Dec 16 12:47:50 2022
