IQ-TREE multicore version 2.1.0 for Linux 64-bit built Jul 18 2020
Developed by Bui Quang Minh, James Barbetti, Nguyen Lam Tung,
Olga Chernomor, Heiko Schmidt, Dominik Schrempf, Michael Woodhams.

Host:    node-hp0303.linux.crg.es (AVX, 125 GB RAM)
Command: /users/asebe/xgraubove/Programes/iqtree-2.1.0-Linux/bin/iqtree2 -s results_broccoli_meto/alignments/OG_12829.lt.fasta -m TEST -mset LG,WAG,JTT -nt AUTO -ntmax 2 -bb 1000 -pre results_broccoli_meto/alignments/OG_12829.iqtree -nm 10000 -nstop 200 -cptime 1800
Seed:    461082 (Using SPRNG - Scalable Parallel Random Number Generator)
Time:    Fri Dec 16 11:27:37 2022
Kernel:  AVX - auto-detect threads (2 CPU cores detected)

Reading alignment file results_broccoli_meto/alignments/OG_12829.lt.fasta ... Fasta format detected
Alignment most likely contains protein sequences
Alignment has 46 sequences with 885 columns, 877 distinct patterns
831 parsimony-informative, 0 singleton sites, 54 constant sites
                                         Gap/Ambiguity  Composition  p-value
   1  Hsap_ENST00000678037                       7.91%    passed     30.26%
   2  Bralan_BLAG04001330_2                      4.52%    passed     86.93%
   3  Ctel_gnl_WGS_AMQN_CAPTEDRAFT_mRNA123860   57.51%    passed     12.33%
   4  Skow_XM_006823692.1                       69.15%    passed     48.64%
   5  Acagra_model.g15453.t1                    13.79%    passed     65.22%
   6  Spur_XM_030999820.1                        6.44%    passed     81.44%
   7  Exapal_XM_021039211.2                      4.75%    passed     87.75%
   8  Nvec_v1g121980                            46.33%    passed     60.85%
   9  Adig_XM_015912387.1                       10.40%    passed     99.64%
  10  Gfas_gfas1.m1.5649.m1                     58.76%    passed     80.27%
  11  Fspp_ffun1.m4.12136.m1                    23.84%    passed     47.54%
  12  Spis_XP_022804030_1                        4.75%    passed     70.30%
  13  Pocdam_XM_027199806.1                      5.31%    passed     94.42%
  14  Gasp_gasp1.m3.9466.m1                     16.16%    passed     92.40%
  15  Amil_Amillepora15578-RA                   28.81%    passed     82.59%
  16  Cgig_XM_034467449.1                        6.33%    passed     60.10%
  17  Dgig_XM_028542680.1                        6.21%    passed     94.49%
  18  Xesp_028951-T1                             7.80%    passed     74.36%
  19  Tadh_TriadT20215                          60.56%    passed      9.41%
  20  TrH2_TrispH2_007378-RA                     6.21%    passed      7.47%
  21  HoiH06_mRNA3972                           16.50%    passed     31.46%
  22  HoiH23_PlH23_004268-RA                     6.21%    failed      3.88%
  23  Hhon_g03922.t1                             6.33%    failed      1.68%
  24  HoiH04_mRNA183                            19.21%    passed     10.55%
  25  HoiH11_mRNA4453                           49.60%    passed     43.02%
  26  Hvul_g23878_1                              9.15%    failed      1.19%
  27  Chem_TCONS_00061944                        4.86%    passed     62.38%
  28  Aaur_scaffold40.g14.t3                     5.65%    passed     17.28%
  29  Nemnom_g16952.t1                           6.55%    passed     57.51%
  30  Rhoesc_Res_013744-T1                       6.78%    passed     70.57%
  31  Morvir_scaffold161.g4.t1                  26.44%    passed     14.36%
  32  Plajan_Pjan_scaffold6235_01                5.08%    failed      2.57%
  33  Pbac_sb2659738                            65.65%    passed     56.96%
  34  Horcal_Hcv1.av93.c2.g1460.i1              12.32%    passed     88.47%
  35  Coeast_Cast_sb792455                      44.86%    passed     90.15%
  36  Coemet_Cmet_scaffold9960_01               11.75%    passed     81.22%
  37  Eupdun_Edun_sb10634034                    82.71%    passed     25.41%
  38  Lampan_Lpan_16127_01                      62.37%    passed     28.85%
  39  Lcom_lcpid25440                           11.64%    failed      1.70%
  40  Leuniv_Lniv_scaffold17526_01              26.78%    passed     13.46%
  41  Gracom_Gcom_scaffold16708_01              14.12%    failed      1.01%
  42  Ocar_g1676                                66.44%    passed     20.55%
  43  Opea_EP00118_Oscarella_pearsei_P007030    12.99%    failed      0.00%
  44  Sanmal_Sma_009219-T1                      22.82%    passed     76.33%
  45  Mlei_ML1043.g40.i1                        50.06%    failed      0.34%
  46  Clacor_Ccor_C537071_01                    68.93%    passed     15.60%
WARNING: 10 sequences contain more than 50% gaps/ambiguity
****  TOTAL                                     25.25%  8 sequences failed composition chi2 test (p-value<5%; df=19)


Create initial parsimony tree by phylogenetic likelihood library (PLL)... 0.022 seconds
Measuring multi-threading efficiency up to 2 CPU cores
Increase to 10 rounds for branch lengths
2 trees examined
Threads: 1 / Time: 2.009 sec / Speedup: 1.000 / Efficiency: 100% / LogL: -53190
Threads: 2 / Time: 1.038 sec / Speedup: 1.935 / Efficiency: 97% / LogL: -53190
BEST NUMBER OF THREADS: 2

Perform fast likelihood tree search using LG+I+G model...
Estimate model parameters (epsilon = 5.000)
Perform nearest neighbor interchange...
Estimate model parameters (epsilon = 1.000)
1. Initial log-likelihood: -40082.633
Optimal log-likelihood: -40082.586
Proportion of invariable sites: 0.047
Gamma shape alpha: 1.441
Parameters optimization took 1 rounds (0.190 sec)
Time for fast ML tree search: 1.763 seconds

NOTE: ModelFinder requires 29 MB RAM!
ModelFinder will test up to 24 protein models (sample size: 885) ...
 No. Model         -LnL         df  AIC          AICc         BIC
  1  LG            41634.269    89  83446.537    83466.688    83872.454
  2  LG+I          41268.672    90  82717.344    82737.973    83148.046
  3  LG+G4         40117.391    90  80414.782    80435.412    80845.485
  4  LG+I+G4       40082.592    91  80347.183    80368.298    80782.672
  8  LG+F+I+G4     39966.073    110 80152.146    80183.696    80678.560
 12  WAG+I+G4      40164.185    91  80510.370    80531.484    80945.858
 16  WAG+F+I+G4    40030.640    110 80281.279    80312.830    80807.694
 20  JTT+I+G4      40171.232    91  80524.464    80545.579    80959.953
 24  JTT+F+I+G4    40044.483    110 80308.966    80340.517    80835.381
Akaike Information Criterion:           LG+F+I+G4
Corrected Akaike Information Criterion: LG+F+I+G4
Bayesian Information Criterion:         LG+F+I+G4
Best-fit model: LG+F+I+G4 chosen according to BIC

All model information printed to results_broccoli_meto/alignments/OG_12829.iqtree.model.gz
CPU time for ModelFinder: 19.661 seconds (0h:0m:19s)
Wall-clock time for ModelFinder: 10.972 seconds (0h:0m:10s)
Generating 1000 samples for ultrafast bootstrap (seed: 461082)...

NOTE: 29 MB RAM (0 GB) is required!
Estimate model parameters (epsilon = 0.100)
Thoroughly optimizing +I+G parameters from 10 start values...
Init pinv, alpha: 0.000, 1.378 / Estimate: 0.000, 1.063 / LogL: -40000.168
Init pinv, alpha: 0.007, 1.378 / Estimate: 0.047, 1.376 / LogL: -39966.072
Init pinv, alpha: 0.014, 1.378 / Estimate: 0.047, 1.375 / LogL: -39966.075
Init pinv, alpha: 0.020, 1.378 / Estimate: 0.047, 1.376 / LogL: -39966.072
Init pinv, alpha: 0.027, 1.378 / Estimate: 0.046, 1.374 / LogL: -39966.076
Init pinv, alpha: 0.034, 1.378 / Estimate: 0.047, 1.376 / LogL: -39966.075
Init pinv, alpha: 0.041, 1.378 / Estimate: 0.047, 1.375 / LogL: -39966.076
Init pinv, alpha: 0.047, 1.378 / Estimate: 0.047, 1.378 / LogL: -39966.070
Init pinv, alpha: 0.054, 1.378 / Estimate: 0.047, 1.379 / LogL: -39966.073
Init pinv, alpha: 0.061, 1.378 / Estimate: 0.048, 1.380 / LogL: -39966.083
Optimal pinv,alpha: 0.047, 1.378 / LogL: -39966.070

Parameters optimization took 6.803 sec
Computing ML distances based on estimated model parameters...
Computing ML distances took 0.140911 sec (of wall-clock time) 0.280522 sec(of CPU time)
Computing RapidNJ tree took 0.000616 sec (of wall-clock time) 0.001227 sec (of CPU time)
Log-likelihood of RapidNJ tree: -40434.973
--------------------------------------------------------------------
|             INITIALIZING CANDIDATE TREE SET                      |
--------------------------------------------------------------------
Generating 98 parsimony trees... 2.312 second
Computing log-likelihood of 98 initial trees ... 6.032 seconds
Current best score: -39966.070

Do NNI search on 20 best initial trees
Estimate model parameters (epsilon = 0.100)
BETTER TREE FOUND at iteration 1: -39965.421
Estimate model parameters (epsilon = 0.100)
BETTER TREE FOUND at iteration 3: -39961.789
Iteration 10 / LogL: -39968.180 / Time: 0h:0m:26s
Iteration 20 / LogL: -39962.217 / Time: 0h:0m:36s
Finish initializing candidate tree set (9)
Current best tree score: -39961.789 / CPU time: 29.525
Number of iterations: 20
--------------------------------------------------------------------
|               OPTIMIZING CANDIDATE TREE SET                      |
--------------------------------------------------------------------
Iteration 30 / LogL: -39963.370 / Time: 0h:0m:50s (0h:4m:59s left)
Iteration 40 / LogL: -39971.208 / Time: 0h:1m:1s (0h:4m:17s left)
Iteration 50 / LogL: -39969.189 / Time: 0h:1m:13s (0h:3m:50s left)
Log-likelihood cutoff on original alignment: -39998.955
Iteration 60 / LogL: -39964.780 / Time: 0h:1m:27s (0h:3m:31s left)
Iteration 70 / LogL: -39961.850 / Time: 0h:1m:39s (0h:3m:11s left)
Iteration 80 / LogL: -39978.377 / Time: 0h:1m:51s (0h:2m:54s left)
Iteration 90 / LogL: -39964.736 / Time: 0h:2m:4s (0h:2m:37s left)
Iteration 100 / LogL: -39963.392 / Time: 0h:2m:17s (0h:2m:23s left)
Log-likelihood cutoff on original alignment: -39998.955
NOTE: Bootstrap correlation coefficient of split occurrence frequencies: 0.999
Iteration 110 / LogL: -39961.957 / Time: 0h:2m:30s (0h:2m:8s left)
Iteration 120 / LogL: -39965.658 / Time: 0h:2m:42s (0h:1m:53s left)
Iteration 130 / LogL: -39966.551 / Time: 0h:2m:55s (0h:1m:39s left)
Iteration 140 / LogL: -39963.635 / Time: 0h:3m:7s (0h:1m:24s left)
Iteration 150 / LogL: -39961.814 / Time: 0h:3m:20s (0h:1m:11s left)
Log-likelihood cutoff on original alignment: -39999.843
Iteration 160 / LogL: -39967.039 / Time: 0h:3m:33s (0h:0m:57s left)
Iteration 170 / LogL: -39961.991 / Time: 0h:3m:45s (0h:0m:44s left)
Iteration 180 / LogL: -39961.934 / Time: 0h:3m:59s (0h:0m:30s left)
Iteration 190 / LogL: -39961.892 / Time: 0h:4m:14s (0h:0m:17s left)
Iteration 200 / LogL: -39974.870 / Time: 0h:4m:27s (0h:0m:4s left)
Log-likelihood cutoff on original alignment: -40000.167
NOTE: Bootstrap correlation coefficient of split occurrence frequencies: 1.000
TREE SEARCH COMPLETED AFTER 204 ITERATIONS / Time: 0h:4m:32s

--------------------------------------------------------------------
|                    FINALIZING TREE SEARCH                        |
--------------------------------------------------------------------
Performs final model parameters optimization
Estimate model parameters (epsilon = 0.010)
1. Initial log-likelihood: -39961.789
Optimal log-likelihood: -39961.786
Proportion of invariable sites: 0.047
Gamma shape alpha: 1.382
Parameters optimization took 1 rounds (0.193 sec)
BEST SCORE FOUND : -39961.786
Creating bootstrap support values...
Split supports printed to NEXUS file results_broccoli_meto/alignments/OG_12829.iqtree.splits.nex
Total tree length: 22.774

Total number of iterations: 204
CPU time used for tree search: 526.043 sec (0h:8m:46s)
Wall-clock time used for tree search: 264.912 sec (0h:4m:24s)
Total CPU time used: 541.469 sec (0h:9m:1s)
Total wall-clock time used: 272.752 sec (0h:4m:32s)

Computing bootstrap consensus tree...
Reading input file results_broccoli_meto/alignments/OG_12829.iqtree.splits.nex...
46 taxa and 205 splits.
Consensus tree written to results_broccoli_meto/alignments/OG_12829.iqtree.contree
Reading input trees file results_broccoli_meto/alignments/OG_12829.iqtree.contree
Log-likelihood of consensus tree: -39961.787

Analysis results written to: 
  IQ-TREE report:                results_broccoli_meto/alignments/OG_12829.iqtree.iqtree
  Maximum-likelihood tree:       results_broccoli_meto/alignments/OG_12829.iqtree.treefile
  Likelihood distances:          results_broccoli_meto/alignments/OG_12829.iqtree.mldist

Ultrafast bootstrap approximation results written to:
  Split support values:          results_broccoli_meto/alignments/OG_12829.iqtree.splits.nex
  Consensus tree:                results_broccoli_meto/alignments/OG_12829.iqtree.contree
  Screen log file:               results_broccoli_meto/alignments/OG_12829.iqtree.log

Date and Time: Fri Dec 16 11:32:21 2022
