IQ-TREE multicore version 2.1.0 for Linux 64-bit built Jul 18 2020
Developed by Bui Quang Minh, James Barbetti, Nguyen Lam Tung,
Olga Chernomor, Heiko Schmidt, Dominik Schrempf, Michael Woodhams.

Host:    node-hp0202.linux.crg.es (AVX, 125 GB RAM)
Command: /users/asebe/xgraubove/Programes/iqtree-2.1.0-Linux/bin/iqtree2 -s results_broccoli_meto/alignments/OG_11297.lt.fasta -m TEST -mset LG,WAG,JTT -nt AUTO -ntmax 2 -bb 1000 -pre results_broccoli_meto/alignments/OG_11297.iqtree -nm 10000 -nstop 200 -cptime 1800
Seed:    945464 (Using SPRNG - Scalable Parallel Random Number Generator)
Time:    Fri Dec 16 10:00:25 2022
Kernel:  AVX - auto-detect threads (2 CPU cores detected)

Reading alignment file results_broccoli_meto/alignments/OG_11297.lt.fasta ... Fasta format detected
Alignment most likely contains protein sequences
Alignment has 61 sequences with 1141 columns, 1141 distinct patterns
1128 parsimony-informative, 0 singleton sites, 13 constant sites
                                                   Gap/Ambiguity  Composition  p-value
   1  Hsap_ENST00000356352                                 3.24%    passed     43.26%
   2  Bralan_BLAG05000944_1                                2.02%    passed     26.69%
   3  Spur_XM_030972110.1                                 16.13%    passed     76.44%
   4  Tcas_TC002851_001                                   12.71%    passed     32.08%
   5  Ctel_gnl_WGS_AMQN_CAPTEDRAFT_mRNA168822             15.86%    passed     41.51%
   6  Cgig_XM_034451126.1                                  5.08%    passed     68.51%
   7  Acagra_model.g7966.t1                                2.98%    passed     64.37%
   8  Skow_XM_006818781.1                                 11.31%    passed     80.80%
   9  Dpul_mRNA26265                                      12.80%    passed     83.34%
  10  Exapal_XM_021042321.2                                4.82%    passed     37.87%
  11  Nvec_v1g88040                                        4.73%    passed     61.87%
  12  Adig_XM_015920776.1                                 37.07%    failed      1.12%
  13  Gfas_gfas1.m1.15026.m1                               7.62%    passed     91.52%
  14  Fspp_ffun1.m4.20191.m1                               4.65%    passed     98.25%
  15  Spis_XP_022791788_1                                  3.42%    passed     65.40%
  16  Pocdam_XM_027181336.1                                3.42%    passed     59.82%
  17  Amil_Amillepora04106-RA                             26.64%    passed     47.68%
  18  Dgig_XM_028542368.1                                  6.22%    passed     59.75%
  19  Xesp_003593-T1                                      30.59%    passed     86.43%
  20  Chem_TCONS_00051419                                 17.88%    passed     56.57%
  21  Aaur_scaffold374.g3.t1                              79.05%    failed      0.51%
  22  Rhoesc_Res_013367-T1                                 4.73%    passed     92.95%
  23  Sanmal_Sma_009400-T1                                11.04%    passed     40.49%
  24  Nemnom_g4772.t1                                     42.24%    failed      1.80%
  25  Morvir_scaffold384.g14.t1                           15.51%    passed     80.82%
  26  Mlei_ML2715.g24.i1                                  19.63%    passed     21.42%
  27  Horcal_Hcv1.av93.c8.g807.i1                         16.65%    passed     77.91%
  28  Vmul_Simscaffold13426_01                            15.51%    passed     21.73%
  29  Coeast_Cast_sb803907                                53.55%    passed     22.01%
  30  Coemet_Cmet_C607278_01                              15.78%    passed     35.67%
  31  Drygla_Dgla_sb300393                                46.54%    passed     43.85%
  32  Mertsp_Mesp_sb602281                                48.03%    passed     45.17%
  33  Lampan_Lpan_C420191_01                              16.74%    passed      7.80%
  34  Bolinf_Binf_sb1249251                               66.43%    passed     14.17%
  35  Beraby_Baby_sb333406                                40.58%    passed      9.38%
  36  Pbac_sb2662051                                      36.11%    passed     10.39%
  37  Eupdun_Edun_sb10638853                              67.22%    passed     78.97%
  38  Aque_Aqu2.1.42542_001                               13.32%    passed     84.38%
  39  Halamb_c51936_g1_i1m.31753                          53.46%    passed     65.18%
  40  Emue_Em0001g2411a.t1                                58.37%    failed      2.75%
  41  Spolac_c104538_g1_i1_m.41268c104538-g1              11.04%    failed      0.02%
  42  Stycar_maker-SC_scaffold3993-snap-gene-0.5-mRNA-1   76.60%    failed      2.34%
  43  Plespi_Pspi_scaffold14665_01                        21.21%    passed     12.48%
  44  Ocar_g9291                                          33.13%    failed      0.37%
  45  Opea_EP00118_Oscarella_pearsei_P019223              26.56%    failed      2.00%
  46  Plajan_Pjan_C572024_01                               5.61%    passed      5.20%
  47  Scil_scict024944.1                                   5.61%    failed      0.19%
  48  Gracom_Gcom_scaffold19100_01                        45.31%    failed      0.72%
  49  Lcom_lcpid16010                                      5.43%    failed      0.00%
  50  Leuniv_Lniv_C798326_01                              66.96%    passed     20.31%
  51  Tadh_TriadT24207                                    19.81%    failed      3.68%
  52  TrH2_TrispH2_004891-RA                               6.40%    failed      4.38%
  53  HoiH06_mRNA2204                                     38.91%    passed      7.71%
  54  HoiH23_PlH23_002572-RA                               8.59%    failed      1.53%
  55  Hhon_g02185.t1                                       8.50%    failed      4.08%
  56  HoiH04_mRNA17665                                    12.18%    passed      6.46%
  57  HoiH11_mRNA1150                                     15.16%    failed      1.60%
  58  Clacor_Ccor_C525293_01                              76.51%    failed      0.14%
  59  Cscu_XM_023361589.1                                 83.00%    passed     16.73%
  60  Gasp_gasp1.m3.18656.m1                              42.77%    failed      0.00%
  61  Tetwil_g23081.t1                                    39.96%    failed      0.00%
WARNING: 10 sequences contain more than 50% gaps/ambiguity
****  TOTAL                                               26.21%  19 sequences failed composition chi2 test (p-value<5%; df=19)


Create initial parsimony tree by phylogenetic likelihood library (PLL)... 0.038 seconds
Measuring multi-threading efficiency up to 2 CPU cores
9 trees examined
Threads: 1 / Time: 2.089 sec / Speedup: 1.000 / Efficiency: 100% / LogL: -94835
Threads: 2 / Time: 1.090 sec / Speedup: 1.917 / Efficiency: 96% / LogL: -94835
BEST NUMBER OF THREADS: 2

Perform fast likelihood tree search using LG+I+G model...
Estimate model parameters (epsilon = 5.000)
Perform nearest neighbor interchange...
Estimate model parameters (epsilon = 1.000)
1. Initial log-likelihood: -66647.176
Optimal log-likelihood: -66647.021
Proportion of invariable sites: 0.010
Gamma shape alpha: 1.864
Parameters optimization took 1 rounds (0.356 sec)
Time for fast ML tree search: 3.383 seconds

NOTE: ModelFinder requires 48 MB RAM!
ModelFinder will test up to 24 protein models (sample size: 1141) ...
 No. Model         -LnL         df  AIC          AICc         BIC
  1  LG            68337.301    119 136912.602   136940.574   137512.321
  2  LG+I          68227.516    120 136695.032   136723.502   137299.791
  3  LG+G4         66662.694    120 133565.388   133593.858   134170.147
  4  LG+I+G4       66647.012    121 133536.025   133564.998   134145.824
  8  LG+F+I+G4     66790.442    140 133860.884   133900.364   134566.436
 12  WAG+I+G4      66958.888    121 134159.776   134188.750   134769.575
 16  WAG+F+I+G4    67235.266    140 134750.532   134790.012   135456.084
 20  JTT+I+G4      66815.357    121 133872.713   133901.687   134482.512
 24  JTT+F+I+G4    66810.329    140 133900.658   133940.138   134606.210
Akaike Information Criterion:           LG+I+G4
Corrected Akaike Information Criterion: LG+I+G4
Bayesian Information Criterion:         LG+I+G4
Best-fit model: LG+I+G4 chosen according to BIC

All model information printed to results_broccoli_meto/alignments/OG_11297.iqtree.model.gz
CPU time for ModelFinder: 30.865 seconds (0h:0m:30s)
Wall-clock time for ModelFinder: 16.632 seconds (0h:0m:16s)
Generating 1000 samples for ultrafast bootstrap (seed: 945464)...

NOTE: 48 MB RAM (0 GB) is required!
Estimate model parameters (epsilon = 0.100)
Thoroughly optimizing +I+G parameters from 10 start values...
Init pinv, alpha: 0.000, 1.864 / Estimate: 0.010, 1.860 / LogL: -66647.006
Init pinv, alpha: 0.001, 1.864 / Estimate: 0.010, 1.859 / LogL: -66647.006
Init pinv, alpha: 0.003, 1.864 / Estimate: 0.010, 1.863 / LogL: -66647.007
Init pinv, alpha: 0.004, 1.864 / Estimate: 0.010, 1.863 / LogL: -66647.007
Init pinv, alpha: 0.005, 1.864 / Estimate: 0.010, 1.861 / LogL: -66647.009
Init pinv, alpha: 0.006, 1.864 / Estimate: 0.010, 1.861 / LogL: -66647.007
Init pinv, alpha: 0.008, 1.864 / Estimate: 0.010, 1.863 / LogL: -66647.006
Init pinv, alpha: 0.009, 1.864 / Estimate: 0.010, 1.860 / LogL: -66647.008
Init pinv, alpha: 0.010, 1.864 / Estimate: 0.010, 1.861 / LogL: -66647.006
Init pinv, alpha: 0.011, 1.864 / Estimate: 0.010, 1.861 / LogL: -66647.005
Optimal pinv,alpha: 0.010, 1.861 / LogL: -66647.005

Parameters optimization took 9.101 sec
Computing ML distances based on estimated model parameters...
Computing ML distances took 0.261166 sec (of wall-clock time) 0.521883 sec(of CPU time)
WARNING: Some pairwise ML distances are too long (saturated)
Computing RapidNJ tree took 0.000880 sec (of wall-clock time) 0.001759 sec (of CPU time)
Log-likelihood of RapidNJ tree: -68484.050
--------------------------------------------------------------------
|             INITIALIZING CANDIDATE TREE SET                      |
--------------------------------------------------------------------
Generating 98 parsimony trees... 4.381 second
Computing log-likelihood of 98 initial trees ... 10.986 seconds
Current best score: -66647.005

Do NNI search on 20 best initial trees
Estimate model parameters (epsilon = 0.100)
BETTER TREE FOUND at iteration 1: -66644.551
Iteration 10 / LogL: -66645.482 / Time: 0h:0m:42s
Iteration 20 / LogL: -66644.900 / Time: 0h:1m:0s
Finish initializing candidate tree set (3)
Current best tree score: -66644.551 / CPU time: 50.524
Number of iterations: 20
--------------------------------------------------------------------
|               OPTIMIZING CANDIDATE TREE SET                      |
--------------------------------------------------------------------
Iteration 30 / LogL: -66645.708 / Time: 0h:1m:23s (0h:8m:12s left)
Iteration 40 / LogL: -66645.700 / Time: 0h:1m:44s (0h:7m:13s left)
Iteration 50 / LogL: -66646.667 / Time: 0h:2m:7s (0h:6m:32s left)
Log-likelihood cutoff on original alignment: -66686.336
Iteration 60 / LogL: -66645.611 / Time: 0h:2m:28s (0h:5m:55s left)
Iteration 70 / LogL: -66646.169 / Time: 0h:2m:50s (0h:5m:23s left)
Iteration 80 / LogL: -66646.780 / Time: 0h:3m:12s (0h:4m:55s left)
Iteration 90 / LogL: -66646.300 / Time: 0h:3m:32s (0h:4m:25s left)
Iteration 100 / LogL: -66645.619 / Time: 0h:3m:53s (0h:3m:58s left)
Log-likelihood cutoff on original alignment: -66686.904
NOTE: Bootstrap correlation coefficient of split occurrence frequencies: 0.999
Iteration 110 / LogL: -66646.784 / Time: 0h:4m:15s (0h:3m:33s left)
Iteration 120 / LogL: -66646.944 / Time: 0h:4m:36s (0h:3m:7s left)
Iteration 130 / LogL: -66645.692 / Time: 0h:4m:58s (0h:2m:44s left)
Iteration 140 / LogL: -66644.761 / Time: 0h:5m:19s (0h:2m:20s left)
Iteration 150 / LogL: -66645.259 / Time: 0h:5m:41s (0h:1m:56s left)
Log-likelihood cutoff on original alignment: -66686.904
Iteration 160 / LogL: -66645.702 / Time: 0h:6m:3s (0h:1m:33s left)
Iteration 170 / LogL: -66646.266 / Time: 0h:6m:24s (0h:1m:10s left)
Iteration 180 / LogL: -66646.638 / Time: 0h:6m:44s (0h:0m:47s left)
Iteration 190 / LogL: -66645.834 / Time: 0h:7m:6s (0h:0m:24s left)
Iteration 200 / LogL: -66645.681 / Time: 0h:7m:29s (0h:0m:2s left)
Log-likelihood cutoff on original alignment: -66686.904
NOTE: Bootstrap correlation coefficient of split occurrence frequencies: 0.999
TREE SEARCH COMPLETED AFTER 202 ITERATIONS / Time: 0h:7m:33s

--------------------------------------------------------------------
|                    FINALIZING TREE SEARCH                        |
--------------------------------------------------------------------
Performs final model parameters optimization
Estimate model parameters (epsilon = 0.010)
1. Initial log-likelihood: -66644.551
2. Current log-likelihood: -66644.535
Optimal log-likelihood: -66644.533
Proportion of invariable sites: 0.010
Gamma shape alpha: 1.861
Parameters optimization took 2 rounds (0.681 sec)
BEST SCORE FOUND : -66644.533
Creating bootstrap support values...
Split supports printed to NEXUS file results_broccoli_meto/alignments/OG_11297.iqtree.splits.nex
Total tree length: 28.506

Total number of iterations: 202
CPU time used for tree search: 880.474 sec (0h:14m:40s)
Wall-clock time used for tree search: 443.215 sec (0h:7m:23s)
Total CPU time used: 902.756 sec (0h:15m:2s)
Total wall-clock time used: 454.586 sec (0h:7m:34s)

Computing bootstrap consensus tree...
Reading input file results_broccoli_meto/alignments/OG_11297.iqtree.splits.nex...
61 taxa and 211 splits.
Consensus tree written to results_broccoli_meto/alignments/OG_11297.iqtree.contree
Reading input trees file results_broccoli_meto/alignments/OG_11297.iqtree.contree
Log-likelihood of consensus tree: -66644.533

Analysis results written to: 
  IQ-TREE report:                results_broccoli_meto/alignments/OG_11297.iqtree.iqtree
  Maximum-likelihood tree:       results_broccoli_meto/alignments/OG_11297.iqtree.treefile
  Likelihood distances:          results_broccoli_meto/alignments/OG_11297.iqtree.mldist

Ultrafast bootstrap approximation results written to:
  Split support values:          results_broccoli_meto/alignments/OG_11297.iqtree.splits.nex
  Consensus tree:                results_broccoli_meto/alignments/OG_11297.iqtree.contree
  Screen log file:               results_broccoli_meto/alignments/OG_11297.iqtree.log

Date and Time: Fri Dec 16 10:08:18 2022
