IQ-TREE multicore version 2.1.0 for Linux 64-bit built Jul 18 2020
Developed by Bui Quang Minh, James Barbetti, Nguyen Lam Tung,
Olga Chernomor, Heiko Schmidt, Dominik Schrempf, Michael Woodhams.

Host:    node-hp0409.linux.crg.es (AVX, 125 GB RAM)
Command: /users/asebe/xgraubove/Programes/iqtree-2.1.0-Linux/bin/iqtree2 -s results_broccoli_meto/alignments/OG_13185.lt.fasta -m TEST -mset LG,WAG,JTT -nt AUTO -ntmax 2 -bb 1000 -pre results_broccoli_meto/alignments/OG_13185.iqtree -nm 10000 -nstop 200 -cptime 1800
Seed:    52641 (Using SPRNG - Scalable Parallel Random Number Generator)
Time:    Fri Dec 16 12:06:34 2022
Kernel:  AVX - auto-detect threads (2 CPU cores detected)

Reading alignment file results_broccoli_meto/alignments/OG_13185.lt.fasta ... Fasta format detected
Alignment most likely contains protein sequences
Alignment has 34 sequences with 191 columns, 188 distinct patterns
180 parsimony-informative, 0 singleton sites, 11 constant sites
                                         Gap/Ambiguity  Composition  p-value
   1  Hsap_ENST00000398075                       2.09%    failed      0.00%
   2  Bralan_BLAG13000473_1                      5.76%    failed      4.43%
   3  Adig_XM_015915165.1                        3.14%    passed     95.24%
   4  Gfas_gfas1.m1.16727.m1                     8.38%    passed     94.00%
   5  Gasp_gasp1.m3.11854.m1                     7.33%    passed     73.23%
   6  Spis_XP_022798312_1                        7.33%    passed     98.83%
   7  Pocdam_XM_027183223.1                      7.33%    passed     99.99%
   8  Fspp_ffun1.m4.3984.m1                      6.81%    passed     54.90%
   9  Dgig_XM_028545818.1                       16.75%    passed     80.80%
  10  Xesp_014431-T1                             9.42%    passed     47.06%
  11  Aaur_scaffold362.g18.t1                    7.33%    passed     67.91%
  12  Nemnom_g16393.t1                           9.95%    passed     87.96%
  13  Rhoesc_Res_000186-T1                       9.95%    passed     88.26%
  14  Sanmal_Sma_011185-T1                       7.33%    passed     86.06%
  15  Morvir_scaffold57.g52.t1                   8.90%    passed     98.42%
  16  Hvul_g869_1                                8.38%    passed     24.30%
  17  Exapal_XM_021047867.2                      9.95%    passed     87.09%
  18  Nvec_v1g79669                              7.85%    passed     99.91%
  19  Tcas_TC007644_001                          8.38%    passed     98.48%
  20  Dpul_mRNA27660                             2.09%    passed     85.20%
  21  Cscu_XM_023388744.1                        3.14%    passed     41.93%
  22  Spur_XM_011683171.2                        3.66%    passed     70.50%
  23  Mlei_ML2835.g1.i1                          3.14%    passed     99.82%
  24  Lampan_Lpan_3468_01                        0.52%    passed     77.57%
  25  Vmul_sbMO425989                           12.57%    passed     93.77%
  26  Coemet_Cmet_scaffold19835_01               2.09%    passed     70.16%
  27  Drygla_Dgla_sb288401                      12.04%    passed     90.37%
  28  Beraby_Baby_sb337321                       2.09%    passed     99.13%
  29  Bolinf_Binf_sb1231624                      6.81%    passed     96.32%
  30  Mertsp_Mesp_sb568042                       6.81%    passed     98.08%
  31  Chem_TCONS_00073145                       14.66%    passed     68.22%
  32  Cgig_XM_020070631.2                        8.38%    passed     61.90%
  33  Ctel_gnl_WGS_AMQN_CAPTEDRAFT_mRNA165878    2.09%    passed      7.99%
  34  Pbac_sb2666562                            16.23%    failed      2.86%
****  TOTAL                                      7.31%  3 sequences failed composition chi2 test (p-value<5%; df=19)


Create initial parsimony tree by phylogenetic likelihood library (PLL)... 0.005 seconds
Measuring multi-threading efficiency up to 2 CPU cores
Increase to 10 rounds for branch lengths
12 trees examined
Threads: 1 / Time: 2.146 sec / Speedup: 1.000 / Efficiency: 100% / LogL: -10948
Threads: 2 / Time: 1.174 sec / Speedup: 1.828 / Efficiency: 91% / LogL: -10948
BEST NUMBER OF THREADS: 2

Perform fast likelihood tree search using LG+I+G model...
Estimate model parameters (epsilon = 5.000)
Perform nearest neighbor interchange...
Estimate model parameters (epsilon = 1.000)
1. Initial log-likelihood: -9418.277
Optimal log-likelihood: -9418.009
Proportion of invariable sites: 0.042
Gamma shape alpha: 1.465
Parameters optimization took 1 rounds (0.074 sec)
Time for fast ML tree search: 0.494 seconds

NOTE: ModelFinder requires 5 MB RAM!
ModelFinder will test up to 24 protein models (sample size: 191) ...
 No. Model         -LnL         df  AIC          AICc         BIC
  1  LG            9824.436     65  19778.873    19847.513    19990.270
  2  LG+I          9743.932     66  19619.865    19691.188    19834.515
  3  LG+G4         9423.643     66  18979.287    19050.609    19193.937
  4  LG+I+G4       9418.002     67  18970.004    19044.085    19187.906
  7  LG+F+G4       9400.917     85  18971.835    19111.073    19248.278
  8  LG+F+I+G4     9395.337     86  18962.674    19106.559    19242.369
 11  WAG+G4        9459.921     66  19051.843    19123.166    19266.493
 12  WAG+I+G4      9452.392     67  19038.784    19112.865    19256.686
 15  WAG+F+G4      9436.144     85  19042.288    19181.526    19318.731
 16  WAG+F+I+G4    9429.403     86  19030.807    19174.691    19310.502
 19  JTT+G4        9511.071     66  19154.143    19225.465    19368.793
 20  JTT+I+G4      9503.882     67  19141.765    19215.846    19359.667
 23  JTT+F+G4      9494.931     85  19159.862    19299.100    19436.305
 24  JTT+F+I+G4    9487.673     86  19147.346    19291.231    19427.042
Akaike Information Criterion:           LG+F+I+G4
Corrected Akaike Information Criterion: LG+I+G4
Bayesian Information Criterion:         LG+I+G4
Best-fit model: LG+I+G4 chosen according to BIC

All model information printed to results_broccoli_meto/alignments/OG_13185.iqtree.model.gz
CPU time for ModelFinder: 8.409 seconds (0h:0m:8s)
Wall-clock time for ModelFinder: 5.623 seconds (0h:0m:5s)
Generating 1000 samples for ultrafast bootstrap (seed: 52641)...

NOTE: 5 MB RAM (0 GB) is required!
Estimate model parameters (epsilon = 0.100)
Thoroughly optimizing +I+G parameters from 10 start values...
Init pinv, alpha: 0.000, 1.481 / Estimate: 0.000, 1.165 / LogL: -9423.636
Init pinv, alpha: 0.006, 1.481 / Estimate: 0.043, 1.476 / LogL: -9418.009
Init pinv, alpha: 0.013, 1.481 / Estimate: 0.043, 1.476 / LogL: -9418.006
Init pinv, alpha: 0.019, 1.481 / Estimate: 0.042, 1.474 / LogL: -9418.009
Init pinv, alpha: 0.026, 1.481 / Estimate: 0.043, 1.478 / LogL: -9417.999
Init pinv, alpha: 0.032, 1.481 / Estimate: 0.043, 1.474 / LogL: -9418.001
Init pinv, alpha: 0.038, 1.481 / Estimate: 0.042, 1.473 / LogL: -9418.002
Init pinv, alpha: 0.045, 1.481 / Estimate: 0.044, 1.488 / LogL: -9417.991
Init pinv, alpha: 0.051, 1.481 / Estimate: 0.046, 1.498 / LogL: -9417.995
Init pinv, alpha: 0.058, 1.481 / Estimate: 0.045, 1.494 / LogL: -9417.992
Optimal pinv,alpha: 0.044, 1.488 / LogL: -9417.991

Parameters optimization took 1.187 sec
Computing ML distances based on estimated model parameters...
Computing ML distances took 0.084168 sec (of wall-clock time) 0.167756 sec(of CPU time)
Computing RapidNJ tree took 0.000538 sec (of wall-clock time) 0.000063 sec (of CPU time)
Log-likelihood of RapidNJ tree: -9441.838
--------------------------------------------------------------------
|             INITIALIZING CANDIDATE TREE SET                      |
--------------------------------------------------------------------
Generating 98 parsimony trees... 0.548 second
Computing log-likelihood of 98 initial trees ... 1.157 seconds
Current best score: -9417.991

Do NNI search on 20 best initial trees
Estimate model parameters (epsilon = 0.100)
BETTER TREE FOUND at iteration 1: -9417.990
Iteration 10 / LogL: -9420.115 / Time: 0h:0m:5s
Estimate model parameters (epsilon = 0.100)
BETTER TREE FOUND at iteration 19: -9416.269
Iteration 20 / LogL: -9442.207 / Time: 0h:0m:7s
Finish initializing candidate tree set (11)
Current best tree score: -9416.269 / CPU time: 6.301
Number of iterations: 20
--------------------------------------------------------------------
|               OPTIMIZING CANDIDATE TREE SET                      |
--------------------------------------------------------------------
Estimate model parameters (epsilon = 0.100)
BETTER TREE FOUND at iteration 21: -9415.635
Iteration 30 / LogL: -9415.738 / Time: 0h:0m:10s (0h:1m:9s left)
Iteration 40 / LogL: -9415.672 / Time: 0h:0m:12s (0h:0m:59s left)
Iteration 50 / LogL: -9416.285 / Time: 0h:0m:15s (0h:0m:52s left)
Log-likelihood cutoff on original alignment: -9457.618
Iteration 60 / LogL: -9417.337 / Time: 0h:0m:17s (0h:0m:47s left)
Iteration 70 / LogL: -9416.243 / Time: 0h:0m:19s (0h:0m:43s left)
Iteration 80 / LogL: -9416.248 / Time: 0h:0m:21s (0h:0m:39s left)
Iteration 90 / LogL: -9416.279 / Time: 0h:0m:24s (0h:0m:35s left)
Iteration 100 / LogL: -9417.419 / Time: 0h:0m:26s (0h:0m:32s left)
Log-likelihood cutoff on original alignment: -9457.618
NOTE: Bootstrap correlation coefficient of split occurrence frequencies: 0.995
Iteration 110 / LogL: -9416.664 / Time: 0h:0m:29s (0h:0m:29s left)
Iteration 120 / LogL: -9416.356 / Time: 0h:0m:31s (0h:0m:26s left)
Iteration 130 / LogL: -9416.090 / Time: 0h:0m:33s (0h:0m:23s left)
Iteration 140 / LogL: -9417.466 / Time: 0h:0m:36s (0h:0m:21s left)
Iteration 150 / LogL: -9415.644 / Time: 0h:0m:38s (0h:0m:18s left)
Log-likelihood cutoff on original alignment: -9457.618
Iteration 160 / LogL: -9417.390 / Time: 0h:0m:40s (0h:0m:15s left)
Iteration 170 / LogL: -9416.060 / Time: 0h:0m:43s (0h:0m:13s left)
Iteration 180 / LogL: -9421.798 / Time: 0h:0m:45s (0h:0m:10s left)
Iteration 190 / LogL: -9415.744 / Time: 0h:0m:48s (0h:0m:7s left)
Iteration 200 / LogL: -9424.908 / Time: 0h:0m:50s (0h:0m:5s left)
Log-likelihood cutoff on original alignment: -9457.618
NOTE: Bootstrap correlation coefficient of split occurrence frequencies: 1.000
Iteration 210 / LogL: -9416.152 / Time: 0h:0m:53s (0h:0m:22s left)
Iteration 220 / LogL: -9415.874 / Time: 0h:0m:55s (0h:0m:20s left)
TREE SEARCH COMPLETED AFTER 222 ITERATIONS / Time: 0h:0m:55s

--------------------------------------------------------------------
|                    FINALIZING TREE SEARCH                        |
--------------------------------------------------------------------
Performs final model parameters optimization
Estimate model parameters (epsilon = 0.010)
1. Initial log-likelihood: -9415.635
Optimal log-likelihood: -9415.635
Proportion of invariable sites: 0.044
Gamma shape alpha: 1.465
Parameters optimization took 1 rounds (0.069 sec)
BEST SCORE FOUND : -9415.635
Creating bootstrap support values...
Split supports printed to NEXUS file results_broccoli_meto/alignments/OG_13185.iqtree.splits.nex
Total tree length: 20.150

Total number of iterations: 222
CPU time used for tree search: 105.586 sec (0h:1m:45s)
Wall-clock time used for tree search: 54.122 sec (0h:0m:54s)
Total CPU time used: 108.924 sec (0h:1m:48s)
Total wall-clock time used: 56.109 sec (0h:0m:56s)

Computing bootstrap consensus tree...
Reading input file results_broccoli_meto/alignments/OG_13185.iqtree.splits.nex...
34 taxa and 277 splits.
Consensus tree written to results_broccoli_meto/alignments/OG_13185.iqtree.contree
Reading input trees file results_broccoli_meto/alignments/OG_13185.iqtree.contree
Log-likelihood of consensus tree: -9415.721

Analysis results written to: 
  IQ-TREE report:                results_broccoli_meto/alignments/OG_13185.iqtree.iqtree
  Maximum-likelihood tree:       results_broccoli_meto/alignments/OG_13185.iqtree.treefile
  Likelihood distances:          results_broccoli_meto/alignments/OG_13185.iqtree.mldist

Ultrafast bootstrap approximation results written to:
  Split support values:          results_broccoli_meto/alignments/OG_13185.iqtree.splits.nex
  Consensus tree:                results_broccoli_meto/alignments/OG_13185.iqtree.contree
  Screen log file:               results_broccoli_meto/alignments/OG_13185.iqtree.log

Date and Time: Fri Dec 16 12:07:36 2022
