IQ-TREE multicore version 2.1.0 for Linux 64-bit built Jul 18 2020
Developed by Bui Quang Minh, James Barbetti, Nguyen Lam Tung,
Olga Chernomor, Heiko Schmidt, Dominik Schrempf, Michael Woodhams.

Host:    node-hp0202.linux.crg.es (AVX, 125 GB RAM)
Command: /users/asebe/xgraubove/Programes/iqtree-2.1.0-Linux/bin/iqtree2 -s results_broccoli_meto/alignments/OG_1228.lt.fasta -m TEST -mset LG,WAG,JTT -nt AUTO -ntmax 2 -bb 1000 -pre results_broccoli_meto/alignments/OG_1228.iqtree -nm 10000 -nstop 200 -cptime 1800
Seed:    89658 (Using SPRNG - Scalable Parallel Random Number Generator)
Time:    Fri Dec 16 10:41:09 2022
Kernel:  AVX - auto-detect threads (2 CPU cores detected)

Reading alignment file results_broccoli_meto/alignments/OG_1228.lt.fasta ... Fasta format detected
Alignment most likely contains protein sequences
Alignment has 56 sequences with 151 columns, 149 distinct patterns
131 parsimony-informative, 0 singleton sites, 20 constant sites
                                                        Gap/Ambiguity  Composition  p-value
   1  Hsap_ENST00000616395                                      0.66%    passed    100.00%
   2  Bralan_BLAG01000349_1                                     0.66%    passed    100.00%
   3  Nvec_v1g175923                                            8.61%    passed    100.00%
   4  Amil_Amillepora19696-RA                                  33.11%    passed     77.79%
   5  Gfas_gfas1.m1.19774.m1                                    0.66%    passed     99.46%
   6  Fspp_ffun1.m4.9691.m1                                     0.66%    passed     97.85%
   7  Gasp_gasp1.m3.23147.m1                                    0.66%    passed     96.94%
   8  Spis_XP_022804826_1                                       0.66%    passed     97.45%
   9  Pocdam_XM_027192870.1                                     0.66%    passed     98.65%
  10  Tadh_TriadT50982                                          0.00%    passed     99.93%
  11  TrH2_TrispH2_009196-RA                                    0.00%    passed     99.90%
  12  HoiH06_mRNA2275                                           9.27%    passed     99.76%
  13  Hhon_g01099.t1                                            0.00%    passed     99.85%
  14  HoiH04_mRNA4780                                           0.00%    passed     99.85%
  15  HoiH23_PlH23_005112-RA                                    0.00%    passed     99.74%
  16  HoiH11_mRNA2851                                           9.27%    passed     99.28%
  17  Spur_XM_790410.5                                          0.66%    passed     99.88%
  18  Skow_XM_002734371.2                                       0.66%    passed    100.00%
  19  Ctel_gnl_WGS_AMQN_CAPTEDRAFT_mRNA228019                   0.66%    passed     99.96%
  20  Acagra_model.g6526.t1                                     0.66%    passed    100.00%
  21  Cgig_XM_011427164.3                                       0.66%    passed     99.92%
  22  Dgig_XM_028557631.1                                       0.66%    passed     99.95%
  23  Xesp_010572-T1                                            0.66%    passed     98.36%
  24  Hvul_g29440_1                                             0.00%    passed     99.63%
  25  Chem_TCONS_00008739                                       1.32%    passed     99.62%
  26  Nemnom_g4618.t1                                           0.00%    passed     96.12%
  27  Rhoesc_Res_008461-T1                                      0.00%    passed     92.53%
  28  Sanmal_Sma_004599-T1                                      0.00%    passed     83.83%
  29  Ocar_g2742                                                1.99%    passed     97.60%
  30  Opea_EP00118_Oscarella_pearsei_P002956                    1.32%    passed     96.71%
  31  Plajan_Pjan_C537070_01                                    1.32%    passed     96.57%
  32  Scil_scict022756.2                                        0.00%    passed     99.92%
  33  Gracom_Gcom_C545236_01                                    0.00%    passed     99.73%
  34  Lcom_lcpid87441                                           0.00%    passed     99.91%
  35  Aque_Aqu2.1.33509_001                                     0.00%    passed     99.70%
  36  Halamb_c31217_g1_i1m.6585                                 1.32%    passed     99.98%
  37  Emue_Em0145g8a.t1                                         0.00%    passed     99.39%
  38  Spolac_c100796_g1_i1_m.23555c100670-g1                    1.99%    passed     98.74%
  39  Xestes_maker-XT_scaffold4541-augustus-gene-0.14-mRNA-1    0.00%    passed     96.51%
  40  Tetwil_g13790.t1                                          0.66%    passed     86.74%
  41  Morvir_scaffold76.g26.t1                                  0.66%    passed     98.93%
  42  Cscu_XM_023359337.1                                       0.66%    passed     88.82%
  43  Adig_XM_015895459.1                                      36.42%    passed     86.00%
  44  Mlei_ML2795.g9.i1                                         1.32%    passed     98.83%
  45  Bolinf_Binf_sb1257915                                    17.88%    passed     88.16%
  46  Mertsp_Mesp_sb588380                                      0.66%    passed     94.27%
  47  Beraby_Baby_sb343578                                     15.23%    passed     74.91%
  48  Lampan_Lpan_4870_01                                       1.32%    passed    100.00%
  49  Drygla_Dgla_sb302267                                      1.32%    passed     98.75%
  50  Pbac_sb2654121                                            1.32%    passed     99.46%
  51  Horcal_Hcv1.av93.c6.g930.i1                               1.32%    passed     99.40%
  52  Vmul_SimC383276                                           1.32%    passed     96.90%
  53  Coemet_Cmet_C592949_01                                    1.32%    passed     95.31%
  54  Clacor_Ccor_scaffold13917_01                              0.66%    passed     97.46%
  55  Tcas_TC014009_001                                         1.99%    passed     83.03%
  56  Dpul_mRNA26392                                            1.32%    passed     83.56%
****  TOTAL                                                     2.93%  0 sequences failed composition chi2 test (p-value<5%; df=19)
NOTE: HoiH04_mRNA4780 is identical to Hhon_g01099.t1 but kept for subsequent analysis


Create initial parsimony tree by phylogenetic likelihood library (PLL)... 0.014 seconds
Measuring multi-threading efficiency up to 2 CPU cores
Increase to 10 rounds for branch lengths
9 trees examined
Threads: 1 / Time: 2.173 sec / Speedup: 1.000 / Efficiency: 100% / LogL: -8936
Threads: 2 / Time: 1.205 sec / Speedup: 1.802 / Efficiency: 90% / LogL: -8936
BEST NUMBER OF THREADS: 2

Perform fast likelihood tree search using LG+I+G model...
Estimate model parameters (epsilon = 5.000)
Perform nearest neighbor interchange...
Estimate model parameters (epsilon = 1.000)
1. Initial log-likelihood: -5772.438
Optimal log-likelihood: -5772.366
Proportion of invariable sites: 0.090
Gamma shape alpha: 1.344
Parameters optimization took 1 rounds (0.053 sec)
Time for fast ML tree search: 0.428 seconds

NOTE: ModelFinder requires 6 MB RAM!
ModelFinder will test up to 24 protein models (sample size: 151) ...
 No. Model         -LnL         df  AIC          AICc         BIC
  1  LG            6029.214     109 12276.428    12861.306    12605.311
  2  LG+I          5946.216     110 12112.431    12722.931    12444.332
  3  LG+G4         5777.962     110 11775.925    12386.425    12107.825
  4  LG+I+G4       5772.355     111 11766.709    12404.248    12101.627
  7  LG+F+G4       5776.279     129 11810.557    13407.700    12199.786
  8  LG+F+I+G4     5770.923     130 11801.846    13504.846    12194.092
 11  WAG+G4        5859.942     110 11939.883    12550.383    12271.784
 12  WAG+I+G4      5854.489     111 11930.979    12568.517    12265.897
 15  WAG+F+G4      5858.593     129 11975.186    13572.329    12364.415
 16  WAG+F+I+G4    5853.399     130 11966.798    13669.798    12359.044
 19  JTT+G4        5808.807     110 11837.614    12448.114    12169.514
 20  JTT+I+G4      5801.587     111 11825.174    12462.713    12160.092
 23  JTT+F+G4      5804.992     129 11867.983    13465.126    12257.213
 24  JTT+F+I+G4    5798.134     130 11856.269    13559.269    12248.515
Akaike Information Criterion:           LG+I+G4
Corrected Akaike Information Criterion: LG+G4
Bayesian Information Criterion:         LG+I+G4
Best-fit model: LG+I+G4 chosen according to BIC

All model information printed to results_broccoli_meto/alignments/OG_1228.iqtree.model.gz
CPU time for ModelFinder: 9.459 seconds (0h:0m:9s)
Wall-clock time for ModelFinder: 5.881 seconds (0h:0m:5s)
Generating 1000 samples for ultrafast bootstrap (seed: 89658)...

NOTE: 6 MB RAM (0 GB) is required!
Estimate model parameters (epsilon = 0.100)
Thoroughly optimizing +I+G parameters from 10 start values...
Init pinv, alpha: 0.000, 1.357 / Estimate: 0.000, 0.954 / LogL: -5777.958
Init pinv, alpha: 0.015, 1.357 / Estimate: 0.092, 1.357 / LogL: -5772.361
Init pinv, alpha: 0.029, 1.357 / Estimate: 0.091, 1.352 / LogL: -5772.368
Init pinv, alpha: 0.044, 1.357 / Estimate: 0.090, 1.352 / LogL: -5772.367
Init pinv, alpha: 0.059, 1.357 / Estimate: 0.090, 1.351 / LogL: -5772.369
Init pinv, alpha: 0.074, 1.357 / Estimate: 0.090, 1.349 / LogL: -5772.368
Init pinv, alpha: 0.088, 1.357 / Estimate: 0.092, 1.354 / LogL: -5772.356
Init pinv, alpha: 0.103, 1.357 / Estimate: 0.097, 1.376 / LogL: -5772.359
Init pinv, alpha: 0.118, 1.357 / Estimate: 0.097, 1.373 / LogL: -5772.362
Init pinv, alpha: 0.132, 1.357 / Estimate: 0.096, 1.367 / LogL: -5772.358
Optimal pinv,alpha: 0.092, 1.354 / LogL: -5772.356

Parameters optimization took 2.025 sec
Computing ML distances based on estimated model parameters...
Computing ML distances took 0.150152 sec (of wall-clock time) 0.298785 sec(of CPU time)
Computing RapidNJ tree took 0.000824 sec (of wall-clock time) 0.000599 sec (of CPU time)
Log-likelihood of RapidNJ tree: -5816.234
--------------------------------------------------------------------
|             INITIALIZING CANDIDATE TREE SET                      |
--------------------------------------------------------------------
Generating 98 parsimony trees... 1.138 second
Computing log-likelihood of 98 initial trees ... 1.613 seconds
Current best score: -5772.356

Do NNI search on 20 best initial trees
Estimate model parameters (epsilon = 0.100)
BETTER TREE FOUND at iteration 1: -5772.352
Iteration 10 / LogL: -5775.048 / Time: 0h:0m:7s
Estimate model parameters (epsilon = 0.100)
BETTER TREE FOUND at iteration 18: -5771.771
Iteration 20 / LogL: -5777.362 / Time: 0h:0m:9s
Finish initializing candidate tree set (15)
Current best tree score: -5771.771 / CPU time: 7.187
Number of iterations: 20
--------------------------------------------------------------------
|               OPTIMIZING CANDIDATE TREE SET                      |
--------------------------------------------------------------------
Estimate model parameters (epsilon = 0.100)
BETTER TREE FOUND at iteration 21: -5771.262
Estimate model parameters (epsilon = 0.100)
BETTER TREE FOUND at iteration 24: -5770.502
BETTER TREE FOUND at iteration 26: -5770.492
Estimate model parameters (epsilon = 0.100)
BETTER TREE FOUND at iteration 28: -5768.652
Iteration 30 / LogL: -5771.492 / Time: 0h:0m:13s (0h:1m:30s left)
Estimate model parameters (epsilon = 0.100)
BETTER TREE FOUND at iteration 37: -5768.245
Iteration 40 / LogL: -5768.680 / Time: 0h:0m:16s (0h:1m:25s left)
UPDATE BEST LOG-LIKELIHOOD: -5768.245
Iteration 50 / LogL: -5771.486 / Time: 0h:0m:20s (0h:1m:16s left)
Log-likelihood cutoff on original alignment: -5819.298
Iteration 60 / LogL: -5774.352 / Time: 0h:0m:23s (0h:1m:10s left)
Iteration 70 / LogL: -5771.506 / Time: 0h:0m:26s (0h:1m:3s left)
Iteration 80 / LogL: -5771.062 / Time: 0h:0m:29s (0h:0m:58s left)
Iteration 90 / LogL: -5773.667 / Time: 0h:0m:32s (0h:0m:54s left)
Iteration 100 / LogL: -5768.976 / Time: 0h:0m:35s (0h:0m:49s left)
Log-likelihood cutoff on original alignment: -5819.298
NOTE: Bootstrap correlation coefficient of split occurrence frequencies: 0.998
Iteration 110 / LogL: -5769.826 / Time: 0h:0m:39s (0h:0m:46s left)
Iteration 120 / LogL: -5768.908 / Time: 0h:0m:42s (0h:0m:41s left)
Iteration 130 / LogL: -5769.445 / Time: 0h:0m:45s (0h:0m:38s left)
Iteration 140 / LogL: -5770.580 / Time: 0h:0m:49s (0h:0m:34s left)
Iteration 150 / LogL: -5768.714 / Time: 0h:0m:52s (0h:0m:30s left)
Log-likelihood cutoff on original alignment: -5819.298
Iteration 160 / LogL: -5768.308 / Time: 0h:0m:55s (0h:0m:26s left)
Iteration 170 / LogL: -5771.799 / Time: 0h:0m:58s (0h:0m:23s left)
Iteration 180 / LogL: -5768.996 / Time: 0h:1m:2s (0h:0m:19s left)
Iteration 190 / LogL: -5772.088 / Time: 0h:1m:5s (0h:0m:16s left)
Iteration 200 / LogL: -5770.507 / Time: 0h:1m:8s (0h:0m:12s left)
Log-likelihood cutoff on original alignment: -5819.298
NOTE: Bootstrap correlation coefficient of split occurrence frequencies: 0.999
Iteration 210 / LogL: -5768.280 / Time: 0h:1m:11s (0h:0m:30s left)
Iteration 220 / LogL: -5768.366 / Time: 0h:1m:15s (0h:0m:27s left)
Iteration 230 / LogL: -5768.961 / Time: 0h:1m:18s (0h:0m:24s left)
TREE SEARCH COMPLETED AFTER 238 ITERATIONS / Time: 0h:1m:21s

--------------------------------------------------------------------
|                    FINALIZING TREE SEARCH                        |
--------------------------------------------------------------------
Performs final model parameters optimization
Estimate model parameters (epsilon = 0.010)
1. Initial log-likelihood: -5768.245
Optimal log-likelihood: -5768.234
Proportion of invariable sites: 0.096
Gamma shape alpha: 1.392
Parameters optimization took 1 rounds (0.055 sec)
BEST SCORE FOUND : -5768.234
Creating bootstrap support values...
Split supports printed to NEXUS file results_broccoli_meto/alignments/OG_1228.iqtree.splits.nex
Total tree length: 11.027

Total number of iterations: 238
CPU time used for tree search: 154.956 sec (0h:2m:34s)
Wall-clock time used for tree search: 78.744 sec (0h:1m:18s)
Total CPU time used: 160.188 sec (0h:2m:40s)
Total wall-clock time used: 81.469 sec (0h:1m:21s)

Computing bootstrap consensus tree...
Reading input file results_broccoli_meto/alignments/OG_1228.iqtree.splits.nex...
56 taxa and 401 splits.
Consensus tree written to results_broccoli_meto/alignments/OG_1228.iqtree.contree
Reading input trees file results_broccoli_meto/alignments/OG_1228.iqtree.contree
Log-likelihood of consensus tree: -5769.411

Analysis results written to: 
  IQ-TREE report:                results_broccoli_meto/alignments/OG_1228.iqtree.iqtree
  Maximum-likelihood tree:       results_broccoli_meto/alignments/OG_1228.iqtree.treefile
  Likelihood distances:          results_broccoli_meto/alignments/OG_1228.iqtree.mldist

Ultrafast bootstrap approximation results written to:
  Split support values:          results_broccoli_meto/alignments/OG_1228.iqtree.splits.nex
  Consensus tree:                results_broccoli_meto/alignments/OG_1228.iqtree.contree
  Screen log file:               results_broccoli_meto/alignments/OG_1228.iqtree.log

Date and Time: Fri Dec 16 10:42:36 2022
