IQ-TREE multicore version 2.1.0 for Linux 64-bit built Jul 18 2020
Developed by Bui Quang Minh, James Barbetti, Nguyen Lam Tung,
Olga Chernomor, Heiko Schmidt, Dominik Schrempf, Michael Woodhams.

Host:    node-hp0106.linux.crg.es (AVX, 125 GB RAM)
Command: /users/asebe/xgraubove/Programes/iqtree-2.1.0-Linux/bin/iqtree2 -s results_broccoli_meto/alignments/OG_10272.lt.fasta -m TEST -mset LG,WAG,JTT -nt AUTO -ntmax 2 -bb 1000 -pre results_broccoli_meto/alignments/OG_10272.iqtree -nm 10000 -nstop 200 -cptime 1800
Seed:    835537 (Using SPRNG - Scalable Parallel Random Number Generator)
Time:    Fri Dec 16 09:17:39 2022
Kernel:  AVX - auto-detect threads (2 CPU cores detected)

Reading alignment file results_broccoli_meto/alignments/OG_10272.lt.fasta ... Fasta format detected
Alignment most likely contains protein sequences
Alignment has 33 sequences with 376 columns, 367 distinct patterns
336 parsimony-informative, 0 singleton sites, 40 constant sites
                                                                    Gap/Ambiguity  Composition  p-value
   1  Bralan_BLAG09000621_1                                                 1.06%    passed     87.03%
   2  Cgig_XM_034455392.1                                                   0.53%    passed     60.10%
   3  Nvec_v1g129329                                                       39.63%    passed     84.94%
   4  Fspp_ffun1.m4.7472.m1                                                 2.13%    passed     96.21%
   5  Gasp_gasp1.m3.19823.m1                                                1.86%    passed     97.49%
   6  Spis_XP_022784141_1                                                   2.39%    passed     98.43%
   7  Pocdam_XM_027182485.1                                                 2.66%    passed     99.77%
   8  Adig_XM_015911350.1                                                   2.93%    passed     97.39%
   9  Amil_Amillepora38081-RA                                              10.64%    passed     98.29%
  10  Gfas_gfas1.m1.16596.m1                                                5.32%    passed     97.33%
  11  Dgig_XM_028547664.1                                                   7.45%    passed     99.06%
  12  Lcom_lcpid77471                                                      18.88%    passed     69.86%
  13  Leuniv_Lniv_C805268_01                                               16.49%    passed     89.99%
  14  Gracom_Gcom_C540852_01                                               19.15%    passed     68.65%
  15  Sanmal_Sma_012691-T1                                                 12.23%    passed     99.97%
  16  Nemnom_g9264.t1                                                      11.17%    passed     98.29%
  17  Rhoesc_Res_014515-T1                                                  7.45%    passed     55.20%
  18  Acagra_model.g3492.t1.3.5d3b827e                                      1.86%    passed     61.67%
  19  Cscu_XM_023384307.1                                                   4.52%    passed     50.23%
  20  Tadh_TriadT21078                                                      6.65%    passed     49.53%
  21  TrH2_TrispH2_002337-RA                                                6.65%    passed     49.53%
  22  HoiH06_mRNA7294                                                       2.93%    failed      4.83%
  23  HoiH23_PlH23_001944-RA                                                2.93%    failed      3.84%
  24  Hhon_g01502.t1                                                        3.72%    passed      7.03%
  25  HoiH04_mRNA3051                                                       3.72%    passed     11.45%
  26  Ocar_g3128                                                           35.90%    passed     90.81%
  27  Opea_EP00118_Oscarella_pearsei_P001100                               17.29%    passed     98.91%
  28  Plajan_Pjan_C555293_01                                                4.79%    passed     95.78%
  29  Skow_XM_006821756.1                                                  16.22%    failed      0.18%
  30  Coeast_Cast_sb770414                                                 61.17%    passed     28.87%
  31  Coemet_Cmet_C595841_01                                               12.50%    passed     19.17%
  32  Xestes_augustus_masked-XT_scaffold149440-processed-gene-0.2-mRNA-1   32.18%    passed     17.92%
  33  Stycar_augustus_masked-SC_scaffold72952-processed-gene-0.3-mRNA-1    32.98%    failed      0.07%
WARNING: 1 sequences contain more than 50% gaps/ambiguity
****  TOTAL                                                                12.36%  4 sequences failed composition chi2 test (p-value<5%; df=19)
NOTE: TrH2_TrispH2_002337-RA is identical to Tadh_TriadT21078 but kept for subsequent analysis


Create initial parsimony tree by phylogenetic likelihood library (PLL)... 0.007 seconds
Measuring multi-threading efficiency up to 2 CPU cores
Increase to 10 rounds for branch lengths
7 trees examined
Threads: 1 / Time: 2.317 sec / Speedup: 1.000 / Efficiency: 100% / LogL: -17528
Threads: 2 / Time: 1.183 sec / Speedup: 1.959 / Efficiency: 98% / LogL: -17528
BEST NUMBER OF THREADS: 2

Perform fast likelihood tree search using LG+I+G model...
Estimate model parameters (epsilon = 5.000)
Perform nearest neighbor interchange...
Estimate model parameters (epsilon = 1.000)
1. Initial log-likelihood: -13866.475
Optimal log-likelihood: -13866.249
Proportion of invariable sites: 0.090
Gamma shape alpha: 1.054
Parameters optimization took 1 rounds (0.118 sec)
Time for fast ML tree search: 0.703 seconds

NOTE: ModelFinder requires 9 MB RAM!
ModelFinder will test up to 24 protein models (sample size: 376) ...
 No. Model         -LnL         df  AIC          AICc         BIC
  1  LG            14751.310    63  29628.621    29654.467    29876.185
  2  LG+I          14447.271    64  29022.541    29049.294    29274.035
  3  LG+G4         13889.328    64  27906.655    27933.408    28158.149
  4  LG+I+G4       13866.223    65  27862.446    27890.124    28117.870
  8  LG+F+I+G4     13823.449    84  27814.899    27863.971    28144.984
 12  WAG+I+G4      13881.141    65  27892.283    27919.960    28147.706
 16  WAG+F+I+G4    13812.583    84  27793.167    27842.239    28123.252
 20  JTT+I+G4      13939.396    65  28008.791    28036.469    28264.215
 24  JTT+F+I+G4    13848.558    84  27865.116    27914.188    28195.201
Akaike Information Criterion:           WAG+F+I+G4
Corrected Akaike Information Criterion: WAG+F+I+G4
Bayesian Information Criterion:         LG+I+G4
Best-fit model: LG+I+G4 chosen according to BIC

All model information printed to results_broccoli_meto/alignments/OG_10272.iqtree.model.gz
CPU time for ModelFinder: 10.137 seconds (0h:0m:10s)
Wall-clock time for ModelFinder: 7.344 seconds (0h:0m:7s)
Generating 1000 samples for ultrafast bootstrap (seed: 835537)...

NOTE: 9 MB RAM (0 GB) is required!
Estimate model parameters (epsilon = 0.100)
Thoroughly optimizing +I+G parameters from 10 start values...
Init pinv, alpha: 0.000, 1.050 / Estimate: 0.000, 0.721 / LogL: -13889.312
Init pinv, alpha: 0.012, 1.050 / Estimate: 0.091, 1.041 / LogL: -13866.196
Init pinv, alpha: 0.024, 1.050 / Estimate: 0.091, 1.040 / LogL: -13866.194
Init pinv, alpha: 0.035, 1.050 / Estimate: 0.091, 1.043 / LogL: -13866.194
Init pinv, alpha: 0.047, 1.050 / Estimate: 0.090, 1.041 / LogL: -13866.197
Init pinv, alpha: 0.059, 1.050 / Estimate: 0.091, 1.046 / LogL: -13866.203
Init pinv, alpha: 0.071, 1.050 / Estimate: 0.090, 1.046 / LogL: -13866.222
Init pinv, alpha: 0.083, 1.050 / Estimate: 0.091, 1.046 / LogL: -13866.204
Init pinv, alpha: 0.095, 1.050 / Estimate: 0.092, 1.047 / LogL: -13866.198
Init pinv, alpha: 0.106, 1.050 / Estimate: 0.091, 1.042 / LogL: -13866.192
Optimal pinv,alpha: 0.091, 1.042 / LogL: -13866.192

Parameters optimization took 2.600 sec
Computing ML distances based on estimated model parameters...
Computing ML distances took 0.080212 sec (of wall-clock time) 0.159041 sec(of CPU time)
WARNING: Some pairwise ML distances are too long (saturated)
Computing RapidNJ tree took 0.000411 sec (of wall-clock time) 0.000811 sec (of CPU time)
Log-likelihood of RapidNJ tree: -13913.612
--------------------------------------------------------------------
|             INITIALIZING CANDIDATE TREE SET                      |
--------------------------------------------------------------------
Generating 98 parsimony trees... 0.744 second
Computing log-likelihood of 98 initial trees ... 2.030 seconds
Current best score: -13866.192

Do NNI search on 20 best initial trees
Estimate model parameters (epsilon = 0.100)
BETTER TREE FOUND at iteration 1: -13866.192
Estimate model parameters (epsilon = 0.100)
BETTER TREE FOUND at iteration 3: -13864.208
Estimate model parameters (epsilon = 0.100)
BETTER TREE FOUND at iteration 5: -13859.824
Iteration 10 / LogL: -13860.555 / Time: 0h:0m:9s
Iteration 20 / LogL: -13867.718 / Time: 0h:0m:13s
Finish initializing candidate tree set (15)
Current best tree score: -13859.824 / CPU time: 10.390
Number of iterations: 20
--------------------------------------------------------------------
|               OPTIMIZING CANDIDATE TREE SET                      |
--------------------------------------------------------------------
Iteration 30 / LogL: -13861.862 / Time: 0h:0m:18s (0h:1m:48s left)
Estimate model parameters (epsilon = 0.100)
UPDATE BEST LOG-LIKELIHOOD: -13858.854
Iteration 40 / LogL: -13859.720 / Time: 0h:0m:21s (0h:1m:32s left)
Iteration 50 / LogL: -13859.930 / Time: 0h:0m:25s (0h:1m:21s left)
Log-likelihood cutoff on original alignment: -13902.461
Iteration 60 / LogL: -13867.251 / Time: 0h:0m:30s (0h:1m:14s left)
Iteration 70 / LogL: -13860.039 / Time: 0h:0m:33s (0h:1m:6s left)
Iteration 80 / LogL: -13858.930 / Time: 0h:0m:38s (0h:1m:0s left)
Iteration 90 / LogL: -13861.368 / Time: 0h:0m:42s (0h:0m:55s left)
Iteration 100 / LogL: -13861.218 / Time: 0h:0m:46s (0h:0m:49s left)
Log-likelihood cutoff on original alignment: -13902.461
NOTE: Bootstrap correlation coefficient of split occurrence frequencies: 0.998
Iteration 110 / LogL: -13860.121 / Time: 0h:0m:50s (0h:0m:44s left)
Iteration 120 / LogL: -13860.138 / Time: 0h:0m:54s (0h:0m:38s left)
Iteration 130 / LogL: -13860.665 / Time: 0h:0m:58s (0h:0m:33s left)
Iteration 140 / LogL: -13859.647 / Time: 0h:1m:2s (0h:0m:29s left)
Iteration 150 / LogL: -13860.563 / Time: 0h:1m:6s (0h:0m:24s left)
Log-likelihood cutoff on original alignment: -13902.461
Iteration 160 / LogL: -13867.565 / Time: 0h:1m:10s (0h:0m:19s left)
Iteration 170 / LogL: -13865.367 / Time: 0h:1m:13s (0h:0m:15s left)
Iteration 180 / LogL: -13860.200 / Time: 0h:1m:17s (0h:0m:10s left)
Iteration 190 / LogL: -13859.946 / Time: 0h:1m:21s (0h:0m:6s left)
Iteration 200 / LogL: -13860.278 / Time: 0h:1m:26s (0h:0m:2s left)
Log-likelihood cutoff on original alignment: -13902.461
NOTE: Bootstrap correlation coefficient of split occurrence frequencies: 0.999
TREE SEARCH COMPLETED AFTER 206 ITERATIONS / Time: 0h:1m:28s

--------------------------------------------------------------------
|                    FINALIZING TREE SEARCH                        |
--------------------------------------------------------------------
Performs final model parameters optimization
Estimate model parameters (epsilon = 0.010)
1. Initial log-likelihood: -13858.854
Optimal log-likelihood: -13858.842
Proportion of invariable sites: 0.092
Gamma shape alpha: 1.064
Parameters optimization took 1 rounds (0.070 sec)
BEST SCORE FOUND : -13858.842
Creating bootstrap support values...
Split supports printed to NEXUS file results_broccoli_meto/alignments/OG_10272.iqtree.splits.nex
Total tree length: 22.541

Total number of iterations: 206
CPU time used for tree search: 168.486 sec (0h:2m:48s)
Wall-clock time used for tree search: 85.873 sec (0h:1m:25s)
Total CPU time used: 174.734 sec (0h:2m:54s)
Total wall-clock time used: 89.222 sec (0h:1m:29s)

Computing bootstrap consensus tree...
Reading input file results_broccoli_meto/alignments/OG_10272.iqtree.splits.nex...
33 taxa and 282 splits.
Consensus tree written to results_broccoli_meto/alignments/OG_10272.iqtree.contree
Reading input trees file results_broccoli_meto/alignments/OG_10272.iqtree.contree
Log-likelihood of consensus tree: -13861.232

Analysis results written to: 
  IQ-TREE report:                results_broccoli_meto/alignments/OG_10272.iqtree.iqtree
  Maximum-likelihood tree:       results_broccoli_meto/alignments/OG_10272.iqtree.treefile
  Likelihood distances:          results_broccoli_meto/alignments/OG_10272.iqtree.mldist

Ultrafast bootstrap approximation results written to:
  Split support values:          results_broccoli_meto/alignments/OG_10272.iqtree.splits.nex
  Consensus tree:                results_broccoli_meto/alignments/OG_10272.iqtree.contree
  Screen log file:               results_broccoli_meto/alignments/OG_10272.iqtree.log

Date and Time: Fri Dec 16 09:19:16 2022
