IQ-TREE multicore version 2.1.0 for Linux 64-bit built Jul 18 2020
Developed by Bui Quang Minh, James Barbetti, Nguyen Lam Tung,
Olga Chernomor, Heiko Schmidt, Dominik Schrempf, Michael Woodhams.

Host:    node-hp0308.linux.crg.es (AVX, 125 GB RAM)
Command: /users/asebe/xgraubove/Programes/iqtree-2.1.0-Linux/bin/iqtree2 -s results_broccoli_meto/alignments/OG_14222.lt.fasta -m TEST -mset LG,WAG,JTT -nt AUTO -ntmax 2 -bb 1000 -pre results_broccoli_meto/alignments/OG_14222.iqtree -nm 10000 -nstop 200 -cptime 1800
Seed:    260917 (Using SPRNG - Scalable Parallel Random Number Generator)
Time:    Fri Dec 16 13:03:11 2022
Kernel:  AVX - auto-detect threads (2 CPU cores detected)

Reading alignment file results_broccoli_meto/alignments/OG_14222.lt.fasta ... Fasta format detected
Alignment most likely contains protein sequences
Alignment has 44 sequences with 1686 columns, 1684 distinct patterns
1650 parsimony-informative, 0 singleton sites, 36 constant sites
                                                     Gap/Ambiguity  Composition  p-value
   1  Hsap_ENST00000296302                                  13.52%    passed     14.10%
   2  Bralan_BLAG03001317_1                                  6.29%    failed      3.85%
   3  Skow_XM_006822428.1                                    6.35%    passed     24.84%
   4  Cgig_XM_034449805.1                                    9.79%    failed      1.71%
   5  Acagra_model.g7952.t1                                 13.05%    passed     17.44%
   6  Tcas_TC000618_002                                     11.21%    passed     22.12%
   7  Dpul_mRNA14741                                        15.90%    passed     16.49%
   8  Nvec_v1g127783                                         7.12%    passed      9.59%
   9  Adig_XM_015919238.1                                    8.30%    passed     25.49%
  10  Amil_Amillepora37183-RA                                9.73%    passed     38.86%
  11  Gfas_gfas1.m1.18821.m1                                27.46%    failed      1.31%
  12  Fspp_ffun1.m2b.34908.m1                               74.02%    passed     26.10%
  13  Spis_XP_022784581_1                                    2.85%    failed      1.13%
  14  Pocdam_XM_027187256.1                                  2.79%    failed      0.78%
  15  Gasp_gasp1.m3.21214.m1                                81.85%    passed     90.08%
  16  Aaur_scaffold77.g13.t2                                89.15%    passed     84.49%
  17  Sanmal_Sma_009439-T1                                  15.24%    passed     52.34%
  18  Nemnom_g16924.t1                                      10.38%    passed     70.83%
  19  Rhoesc_Res_013767-T1                                   9.67%    passed     88.22%
  20  Morvir_scaffold549.g2.t1                              77.11%    passed     55.09%
  21  Dgig_XM_028542358.1                                   10.02%    passed     59.29%
  22  Xesp_003487-T1                                        10.08%    passed     91.12%
  23  Spur_XM_030972839.1                                    4.03%    failed      0.20%
  24  Cscu_XM_023361020.1                                   18.39%    passed     10.25%
  25  Ctel_gnl_WGS_AMQN_CAPTEDRAFT_mRNA221993               13.58%    passed     17.50%
  26  Hvul_g24863_1                                         77.64%    failed      3.56%
  27  Chem_TCONS_00061346                                   14.12%    passed     20.04%
  28  Aque_Aqu2.1.40407_001                                 18.62%    failed      0.11%
  29  Halamb_c46046_g1_i1mm.1835                            19.63%    failed      0.07%
  30  Xestes_maker-XT_scaffold47436-snap-gene-0.38-mRNA-1   16.07%    failed      0.11%
  31  Emue_Em0001g2763a.t1                                  21.12%    failed      0.00%
  32  Spolac_c99858_g3_i1_m.20784c111131-g1                 78.23%    passed     54.21%
  33  Tetwil_g11993.t2                                      28.47%    failed      0.00%
  34  Lcom_lcpid4069                                         5.99%    failed      0.00%
  35  Gracom_Gcom_scaffold18356_01                          83.63%    failed      0.00%
  36  Leuniv_Lniv_C807326_01                                70.76%    failed      1.68%
  37  Tadh_TriadT52108                                      35.82%    failed      0.17%
  38  TrH2_TrispH2_008263-RA                                26.28%    failed      0.00%
  39  HoiH06_mRNA6247                                       27.11%    failed      0.00%
  40  HoiH23_PlH23_007309-RA                                27.11%    failed      0.00%
  41  Hhon_g09288.t1                                        26.39%    failed      0.00%
  42  HoiH04_mRNA738                                        26.45%    failed      0.00%
  43  Plespi_Pspi_scaffold18921_01                          80.55%    passed     56.49%
  44  Opea_EP00118_Oscarella_pearsei_P012648                32.62%    failed      0.03%
WARNING: 9 sequences contain more than 50% gaps/ambiguity
****  TOTAL                                                 28.74%  22 sequences failed composition chi2 test (p-value<5%; df=19)


Create initial parsimony tree by phylogenetic likelihood library (PLL)... 0.038 seconds
Measuring multi-threading efficiency up to 2 CPU cores
8 trees examined
Threads: 1 / Time: 2.092 sec / Speedup: 1.000 / Efficiency: 100% / LogL: -100731
Threads: 2 / Time: 1.065 sec / Speedup: 1.964 / Efficiency: 98% / LogL: -100731
BEST NUMBER OF THREADS: 2

Perform fast likelihood tree search using LG+I+G model...
Estimate model parameters (epsilon = 5.000)
Perform nearest neighbor interchange...
Estimate model parameters (epsilon = 1.000)
1. Initial log-likelihood: -79829.592
Optimal log-likelihood: -79828.522
Proportion of invariable sites: 0.019
Gamma shape alpha: 2.008
Parameters optimization took 1 rounds (0.383 sec)
Time for fast ML tree search: 3.817 seconds

NOTE: ModelFinder requires 52 MB RAM!
ModelFinder will test up to 24 protein models (sample size: 1686) ...
 No. Model         -LnL         df  AIC          AICc         BIC
  1  LG            81704.717    85  163579.433   163588.571   164040.993
  2  LG+I          81379.800    86  162931.601   162940.959   163398.590
  3  LG+G4         79891.788    86  159955.577   159964.935   160422.567
  4  LG+I+G4       79828.400    87  159830.799   159840.381   160303.219
  8  LG+F+I+G4     79864.808    106 159941.616   159955.982   160517.208
 12  WAG+I+G4      80067.735    87  160309.469   160319.051   160781.889
 16  WAG+F+I+G4    80311.457    106 160834.914   160849.280   161410.506
 20  JTT+I+G4      79800.313    87  159774.627   159784.209   160247.047
 24  JTT+F+I+G4    79817.069    106 159846.138   159860.504   160421.730
Akaike Information Criterion:           JTT+I+G4
Corrected Akaike Information Criterion: JTT+I+G4
Bayesian Information Criterion:         JTT+I+G4
Best-fit model: JTT+I+G4 chosen according to BIC

All model information printed to results_broccoli_meto/alignments/OG_14222.iqtree.model.gz
CPU time for ModelFinder: 32.958 seconds (0h:0m:32s)
Wall-clock time for ModelFinder: 17.881 seconds (0h:0m:17s)
Generating 1000 samples for ultrafast bootstrap (seed: 260917)...

NOTE: 52 MB RAM (0 GB) is required!
Estimate model parameters (epsilon = 0.100)
Thoroughly optimizing +I+G parameters from 10 start values...
Init pinv, alpha: 0.000, 2.219 / Estimate: 0.020, 2.217 / LogL: -79800.311
Init pinv, alpha: 0.002, 2.219 / Estimate: 0.020, 2.218 / LogL: -79800.309
Init pinv, alpha: 0.005, 2.219 / Estimate: 0.020, 2.220 / LogL: -79800.308
Init pinv, alpha: 0.007, 2.219 / Estimate: 0.020, 2.223 / LogL: -79800.308
Init pinv, alpha: 0.009, 2.219 / Estimate: 0.020, 2.222 / LogL: -79800.308
Init pinv, alpha: 0.012, 2.219 / Estimate: 0.020, 2.222 / LogL: -79800.310
Init pinv, alpha: 0.014, 2.219 / Estimate: 0.020, 2.221 / LogL: -79800.309
Init pinv, alpha: 0.017, 2.219 / Estimate: 0.020, 2.223 / LogL: -79800.308
Init pinv, alpha: 0.019, 2.219 / Estimate: 0.020, 2.222 / LogL: -79800.309
Init pinv, alpha: 0.021, 2.219 / Estimate: 0.020, 2.221 / LogL: -79800.309
Optimal pinv,alpha: 0.020, 2.223 / LogL: -79800.308

Parameters optimization took 10.867 sec
Computing ML distances based on estimated model parameters...
Computing ML distances took 0.131436 sec (of wall-clock time) 0.261024 sec(of CPU time)
Computing RapidNJ tree took 0.000595 sec (of wall-clock time) 0.001160 sec (of CPU time)
Log-likelihood of RapidNJ tree: -80333.697
--------------------------------------------------------------------
|             INITIALIZING CANDIDATE TREE SET                      |
--------------------------------------------------------------------
Generating 98 parsimony trees... 3.913 second
Computing log-likelihood of 98 initial trees ... 11.949 seconds
Current best score: -79800.308

Do NNI search on 20 best initial trees
Estimate model parameters (epsilon = 0.100)
BETTER TREE FOUND at iteration 1: -79799.151
Estimate model parameters (epsilon = 0.100)
UPDATE BEST LOG-LIKELIHOOD: -79798.851
Iteration 10 / LogL: -79803.867 / Time: 0h:0m:49s
Iteration 20 / LogL: -79798.910 / Time: 0h:1m:17s
Finish initializing candidate tree set (2)
Current best tree score: -79798.851 / CPU time: 65.294
Number of iterations: 20
--------------------------------------------------------------------
|               OPTIMIZING CANDIDATE TREE SET                      |
--------------------------------------------------------------------
Iteration 30 / LogL: -79802.409 / Time: 0h:1m:43s (0h:10m:12s left)
Iteration 40 / LogL: -79798.955 / Time: 0h:2m:9s (0h:8m:55s left)
Iteration 50 / LogL: -79800.933 / Time: 0h:2m:32s (0h:7m:50s left)
Log-likelihood cutoff on original alignment: -79847.599
Iteration 60 / LogL: -79800.702 / Time: 0h:2m:58s (0h:7m:7s left)
Iteration 70 / LogL: -79800.205 / Time: 0h:3m:26s (0h:6m:31s left)
Iteration 80 / LogL: -79855.367 / Time: 0h:3m:51s (0h:5m:53s left)
Iteration 90 / LogL: -79799.517 / Time: 0h:4m:19s (0h:5m:23s left)
Iteration 100 / LogL: -79799.845 / Time: 0h:4m:47s (0h:4m:53s left)
Log-likelihood cutoff on original alignment: -79847.599
NOTE: Bootstrap correlation coefficient of split occurrence frequencies: 1.000
Iteration 110 / LogL: -79801.415 / Time: 0h:5m:15s (0h:4m:23s left)
Iteration 120 / LogL: -79800.058 / Time: 0h:5m:41s (0h:3m:52s left)
Iteration 130 / LogL: -79799.844 / Time: 0h:6m:7s (0h:3m:22s left)
Iteration 140 / LogL: -79800.826 / Time: 0h:6m:35s (0h:2m:53s left)
Iteration 150 / LogL: -79799.577 / Time: 0h:7m:2s (0h:2m:24s left)
Log-likelihood cutoff on original alignment: -79847.599
Iteration 160 / LogL: -79799.630 / Time: 0h:7m:27s (0h:1m:55s left)
Iteration 170 / LogL: -79799.888 / Time: 0h:7m:54s (0h:1m:26s left)
Iteration 180 / LogL: -79799.374 / Time: 0h:8m:19s (0h:0m:58s left)
Iteration 190 / LogL: -79799.183 / Time: 0h:8m:45s (0h:0m:30s left)
Iteration 200 / LogL: -79800.643 / Time: 0h:9m:14s (0h:0m:2s left)
Log-likelihood cutoff on original alignment: -79847.599
NOTE: Bootstrap correlation coefficient of split occurrence frequencies: 1.000
TREE SEARCH COMPLETED AFTER 202 ITERATIONS / Time: 0h:9m:20s

--------------------------------------------------------------------
|                    FINALIZING TREE SEARCH                        |
--------------------------------------------------------------------
Performs final model parameters optimization
Estimate model parameters (epsilon = 0.010)
1. Initial log-likelihood: -79798.851
Optimal log-likelihood: -79798.846
Proportion of invariable sites: 0.020
Gamma shape alpha: 2.221
Parameters optimization took 1 rounds (0.371 sec)
BEST SCORE FOUND : -79798.846
Creating bootstrap support values...
Split supports printed to NEXUS file results_broccoli_meto/alignments/OG_14222.iqtree.splits.nex
Total tree length: 24.330

Total number of iterations: 202
CPU time used for tree search: 1089.239 sec (0h:18m:9s)
Wall-clock time used for tree search: 547.934 sec (0h:9m:7s)
Total CPU time used: 1114.166 sec (0h:18m:34s)
Total wall-clock time used: 560.588 sec (0h:9m:20s)

Computing bootstrap consensus tree...
Reading input file results_broccoli_meto/alignments/OG_14222.iqtree.splits.nex...
44 taxa and 143 splits.
Consensus tree written to results_broccoli_meto/alignments/OG_14222.iqtree.contree
Reading input trees file results_broccoli_meto/alignments/OG_14222.iqtree.contree
Log-likelihood of consensus tree: -79798.845

Analysis results written to: 
  IQ-TREE report:                results_broccoli_meto/alignments/OG_14222.iqtree.iqtree
  Maximum-likelihood tree:       results_broccoli_meto/alignments/OG_14222.iqtree.treefile
  Likelihood distances:          results_broccoli_meto/alignments/OG_14222.iqtree.mldist

Ultrafast bootstrap approximation results written to:
  Split support values:          results_broccoli_meto/alignments/OG_14222.iqtree.splits.nex
  Consensus tree:                results_broccoli_meto/alignments/OG_14222.iqtree.contree
  Screen log file:               results_broccoli_meto/alignments/OG_14222.iqtree.log

Date and Time: Fri Dec 16 13:12:51 2022
