IQ-TREE multicore version 2.1.0 for Linux 64-bit built Jul 18 2020
Developed by Bui Quang Minh, James Barbetti, Nguyen Lam Tung,
Olga Chernomor, Heiko Schmidt, Dominik Schrempf, Michael Woodhams.

Host:    node-hp0210.linux.crg.es (AVX, 125 GB RAM)
Command: /users/asebe/xgraubove/Programes/iqtree-2.1.0-Linux/bin/iqtree2 -s results_broccoli_meto/alignments/OG_11272.lt.fasta -m TEST -mset LG,WAG,JTT -nt AUTO -ntmax 2 -bb 1000 -pre results_broccoli_meto/alignments/OG_11272.iqtree -nm 10000 -nstop 200 -cptime 1800
Seed:    952284 (Using SPRNG - Scalable Parallel Random Number Generator)
Time:    Fri Dec 16 09:57:52 2022
Kernel:  AVX - auto-detect threads (2 CPU cores detected)

Reading alignment file results_broccoli_meto/alignments/OG_11272.lt.fasta ... Fasta format detected
Alignment most likely contains protein sequences
Alignment has 56 sequences with 696 columns, 695 distinct patterns
684 parsimony-informative, 0 singleton sites, 12 constant sites
                                                      Gap/Ambiguity  Composition  p-value
   1  Hsap_ENST00000355765                                   12.93%    failed      0.19%
   2  Bralan_BLAG04000791_1                                   7.18%    failed      0.63%
   3  Cscu_XM_023359819.1                                    10.63%    passed      5.52%
   4  Ctel_gnl_WGS_AMQN_CAPTEDRAFT_mRNA180947                17.10%    passed     69.09%
   5  Cgig_XM_011450148.3                                    16.38%    passed     23.49%
   6  Acagra_model.g15440.t1                                 15.66%    passed      5.04%
   7  Skow_XM_006824765.1                                    31.18%    passed     27.25%
   8  Exapal_XM_021046252.2                                   9.20%    passed     93.32%
   9  Nvec_v1g11203                                          28.74%    passed     51.35%
  10  Amil_Amillepora16450-RA                                15.66%    passed      7.40%
  11  Gfas_gfas1.m1.17770.m1                                  7.47%    passed     69.16%
  12  Spis_XP_022800431_1                                    11.64%    passed     94.51%
  13  Pocdam_XM_027201420.1                                   7.47%    passed     54.12%
  14  Fspp_ffun1.m4.14485.m1                                 10.78%    passed     29.11%
  15  Gasp_gasp1.m3.13303.m1                                 11.06%    passed     49.90%
  16  Dgig_XM_028540524.1                                     8.76%    passed     41.50%
  17  Xesp_011759-T1                                          7.90%    passed     88.99%
  18  Tcas_TC009607_001                                      10.06%    passed     22.31%
  19  Aaur_scaffold2116.g3.t2                                51.15%    passed      8.70%
  20  Nemnom_g16087.t1                                       11.64%    passed     55.91%
  21  Rhoesc_Res_001370-T1                                   11.49%    passed     24.19%
  22  Sanmal_Sma_026905-T1                                   10.20%    passed     29.31%
  23  Morvir_scaffold29.g25.t1                               28.88%    passed     17.31%
  24  Spur_XM_030998640.1                                     9.20%    passed     66.69%
  25  Tadh_TriadT59779                                       20.55%    passed     13.04%
  26  TrH2_TrispH2_000362-RA                                 84.77%    passed     42.95%
  27  HoiH06_mRNA8220                                        15.66%    passed     42.83%
  28  HoiH23_PlH23_000416-RA                                 17.10%    passed     32.30%
  29  Hhon_g05825.t1                                         14.80%    passed      7.31%
  30  HoiH04_mRNA13885                                       14.80%    passed      6.42%
  31  HoiH11_mRNA4045                                        27.59%    passed     84.27%
  32  Hvul_g32185_1                                          57.33%    failed      1.19%
  33  Tetwil_g23583.t2                                       18.39%    passed     59.78%
  34  Stycar_maker-SC_scaffold5302-snap-gene-0.67-mRNA-1     38.79%    failed      2.65%
  35  Scil_scict008500.2                                      6.90%    failed      0.85%
  36  Leuniv_Lniv_scaffold5723_01                            25.72%    failed      4.90%
  37  Lcom_lcpid40862                                         6.32%    failed      0.20%
  38  Gracom_Gcom_scaffold3051_01                            26.44%    passed      8.73%
  39  Clacor_Ccor_scaffold12659_01                           35.63%    passed     15.55%
  40  Ocar_g9317                                             47.41%    passed     69.65%
  41  Opea_EP00118_Oscarella_pearsei_P003949                 21.84%    passed     30.78%
  42  Plajan_Pjan_scaffold20449_01                           20.83%    failed      0.39%
  43  Pbac_sb2661692                                         11.06%    passed      8.94%
  44  Horcal_Hcv1.av93.c6.g225.i1                            10.20%    passed     19.56%
  45  Bolinf_Binf_sb1242301                                   3.02%    passed      6.33%
  46  Mertsp_Mesp_sb594450                                    9.05%    passed     10.47%
  47  Vmul_sbMO453845                                        15.66%    failed      1.81%
  48  Eupdun_Edun_sb10667443                                 40.95%    failed      1.59%
  49  Drygla_Dgla_sb304727                                   38.36%    passed     75.56%
  50  Beraby_Baby_sb348825                                   53.30%    failed      0.07%
  51  Coeast_Cast_sb815702                                   35.06%    failed      1.31%
  52  Coemet_Cmet_scaffold4486_01                            61.78%    failed      0.13%
  53  Dpul_mRNA30791                                         10.92%    passed     21.51%
  54  Plespi_Pspi_scaffold1418_01                            40.23%    failed      0.15%
  55  Chem_TCONS_00018939                                    54.45%    passed     59.53%
  56  Xestes_maker-XT_scaffold226-augustus-gene-0.8-mRNA-1   70.83%    failed      0.01%
WARNING: 7 sequences contain more than 50% gaps/ambiguity
****  TOTAL                                                  23.54%  15 sequences failed composition chi2 test (p-value<5%; df=19)


Create initial parsimony tree by phylogenetic likelihood library (PLL)... 0.030 seconds
Measuring multi-threading efficiency up to 2 CPU cores
Increase to 10 rounds for branch lengths
2 trees examined
Threads: 1 / Time: 2.138 sec / Speedup: 1.000 / Efficiency: 100% / LogL: -55655
Threads: 2 / Time: 1.070 sec / Speedup: 1.998 / Efficiency: 100% / LogL: -55655
BEST NUMBER OF THREADS: 2

Perform fast likelihood tree search using LG+I+G model...
Estimate model parameters (epsilon = 5.000)
Perform nearest neighbor interchange...
Estimate model parameters (epsilon = 1.000)
1. Initial log-likelihood: -41164.845
Optimal log-likelihood: -41164.684
Proportion of invariable sites: 0.015
Gamma shape alpha: 1.724
Parameters optimization took 1 rounds (0.207 sec)
Time for fast ML tree search: 2.150 seconds

NOTE: ModelFinder requires 27 MB RAM!
ModelFinder will test up to 24 protein models (sample size: 696) ...
 No. Model         -LnL         df  AIC          AICc         BIC
  1  LG            42323.478    109 84864.957    84905.878    85360.400
  2  LG+I          42179.267    110 84578.534    84620.278    85078.522
  3  LG+G4         41188.308    110 82596.615    82638.359    83096.604
  4  LG+I+G4       41164.674    111 82551.347    82593.923    83055.881
  8  LG+F+I+G4     41197.685    130 82655.370    82715.653    83246.265
 12  WAG+I+G4      41324.155    111 82870.310    82912.885    83374.844
 16  WAG+F+I+G4    41515.149    130 83290.298    83350.582    83881.194
 20  JTT+I+G4      41344.663    111 82911.326    82953.902    83415.860
 24  JTT+F+I+G4    41313.510    130 82887.019    82947.302    83477.915
Akaike Information Criterion:           LG+I+G4
Corrected Akaike Information Criterion: LG+I+G4
Bayesian Information Criterion:         LG+I+G4
Best-fit model: LG+I+G4 chosen according to BIC

All model information printed to results_broccoli_meto/alignments/OG_11272.iqtree.model.gz
CPU time for ModelFinder: 19.881 seconds (0h:0m:19s)
Wall-clock time for ModelFinder: 11.178 seconds (0h:0m:11s)
Generating 1000 samples for ultrafast bootstrap (seed: 952284)...

NOTE: 27 MB RAM (0 GB) is required!
Estimate model parameters (epsilon = 0.100)
Thoroughly optimizing +I+G parameters from 10 start values...
Init pinv, alpha: 0.000, 1.726 / Estimate: 0.015, 1.719 / LogL: -41164.668
Init pinv, alpha: 0.002, 1.726 / Estimate: 0.015, 1.725 / LogL: -41164.674
Init pinv, alpha: 0.004, 1.726 / Estimate: 0.015, 1.726 / LogL: -41164.672
Init pinv, alpha: 0.006, 1.726 / Estimate: 0.015, 1.724 / LogL: -41164.671
Init pinv, alpha: 0.008, 1.726 / Estimate: 0.015, 1.724 / LogL: -41164.673
Init pinv, alpha: 0.010, 1.726 / Estimate: 0.015, 1.723 / LogL: -41164.671
Init pinv, alpha: 0.011, 1.726 / Estimate: 0.015, 1.724 / LogL: -41164.670
Init pinv, alpha: 0.013, 1.726 / Estimate: 0.015, 1.722 / LogL: -41164.670
Init pinv, alpha: 0.015, 1.726 / Estimate: 0.015, 1.722 / LogL: -41164.668
Init pinv, alpha: 0.017, 1.726 / Estimate: 0.015, 1.721 / LogL: -41164.667
Optimal pinv,alpha: 0.015, 1.721 / LogL: -41164.667

Parameters optimization took 5.000 sec
Computing ML distances based on estimated model parameters...
Computing ML distances took 0.212964 sec (of wall-clock time) 0.425716 sec(of CPU time)
WARNING: Some pairwise ML distances are too long (saturated)
Computing RapidNJ tree took 0.000772 sec (of wall-clock time) 0.000539 sec (of CPU time)
Log-likelihood of RapidNJ tree: -41375.859
--------------------------------------------------------------------
|             INITIALIZING CANDIDATE TREE SET                      |
--------------------------------------------------------------------
Generating 98 parsimony trees... 2.815 second
Computing log-likelihood of 98 initial trees ... 6.182 seconds
Current best score: -41164.667

Do NNI search on 20 best initial trees
Estimate model parameters (epsilon = 0.100)
BETTER TREE FOUND at iteration 1: -41164.667
Estimate model parameters (epsilon = 0.100)
BETTER TREE FOUND at iteration 2: -41101.236
Estimate model parameters (epsilon = 0.100)
BETTER TREE FOUND at iteration 6: -41097.133
Iteration 10 / LogL: -41108.474 / Time: 0h:0m:26s
Iteration 20 / LogL: -41100.280 / Time: 0h:0m:36s
Finish initializing candidate tree set (11)
Current best tree score: -41097.133 / CPU time: 30.715
Number of iterations: 20
--------------------------------------------------------------------
|               OPTIMIZING CANDIDATE TREE SET                      |
--------------------------------------------------------------------
Iteration 30 / LogL: -41097.269 / Time: 0h:0m:49s (0h:5m:1s left)
Iteration 40 / LogL: -41098.346 / Time: 0h:1m:2s (0h:4m:26s left)
Iteration 50 / LogL: -41098.636 / Time: 0h:1m:15s (0h:4m:0s left)
Log-likelihood cutoff on original alignment: -41172.800
Iteration 60 / LogL: -41098.806 / Time: 0h:1m:28s (0h:3m:39s left)
Iteration 70 / LogL: -41097.273 / Time: 0h:1m:41s (0h:3m:21s left)
Iteration 80 / LogL: -41098.964 / Time: 0h:1m:54s (0h:3m:3s left)
Iteration 90 / LogL: -41097.834 / Time: 0h:2m:8s (0h:2m:47s left)
Iteration 100 / LogL: -41097.758 / Time: 0h:2m:22s (0h:2m:32s left)
Log-likelihood cutoff on original alignment: -41172.800
NOTE: Bootstrap correlation coefficient of split occurrence frequencies: 0.998
Iteration 110 / LogL: -41097.972 / Time: 0h:2m:34s (0h:2m:16s left)
Iteration 120 / LogL: -41098.684 / Time: 0h:2m:46s (0h:2m:0s left)
Iteration 130 / LogL: -41097.413 / Time: 0h:2m:59s (0h:1m:45s left)
Iteration 140 / LogL: -41102.418 / Time: 0h:3m:12s (0h:1m:31s left)
Iteration 150 / LogL: -41103.499 / Time: 0h:3m:26s (0h:1m:17s left)
Log-likelihood cutoff on original alignment: -41172.800
Iteration 160 / LogL: -41105.104 / Time: 0h:3m:38s (0h:1m:3s left)
Iteration 170 / LogL: -41097.274 / Time: 0h:3m:51s (0h:0m:49s left)
Iteration 180 / LogL: -41097.367 / Time: 0h:4m:3s (0h:0m:35s left)
Iteration 190 / LogL: -41098.095 / Time: 0h:4m:16s (0h:0m:21s left)
Iteration 200 / LogL: -41098.230 / Time: 0h:4m:29s (0h:0m:8s left)
Log-likelihood cutoff on original alignment: -41172.800
NOTE: Bootstrap correlation coefficient of split occurrence frequencies: 0.999
TREE SEARCH COMPLETED AFTER 207 ITERATIONS / Time: 0h:4m:38s

--------------------------------------------------------------------
|                    FINALIZING TREE SEARCH                        |
--------------------------------------------------------------------
Performs final model parameters optimization
Estimate model parameters (epsilon = 0.010)
1. Initial log-likelihood: -41097.133
Optimal log-likelihood: -41097.127
Proportion of invariable sites: 0.015
Gamma shape alpha: 1.733
Parameters optimization took 1 rounds (0.201 sec)
BEST SCORE FOUND : -41097.127
Creating bootstrap support values...
Split supports printed to NEXUS file results_broccoli_meto/alignments/OG_11272.iqtree.splits.nex
Total tree length: 29.096

Total number of iterations: 207
CPU time used for tree search: 539.286 sec (0h:8m:59s)
Wall-clock time used for tree search: 272.281 sec (0h:4m:32s)
Total CPU time used: 551.574 sec (0h:9m:11s)
Total wall-clock time used: 278.546 sec (0h:4m:38s)

Computing bootstrap consensus tree...
Reading input file results_broccoli_meto/alignments/OG_11272.iqtree.splits.nex...
56 taxa and 269 splits.
Consensus tree written to results_broccoli_meto/alignments/OG_11272.iqtree.contree
Reading input trees file results_broccoli_meto/alignments/OG_11272.iqtree.contree
Log-likelihood of consensus tree: -41097.391

Analysis results written to: 
  IQ-TREE report:                results_broccoli_meto/alignments/OG_11272.iqtree.iqtree
  Maximum-likelihood tree:       results_broccoli_meto/alignments/OG_11272.iqtree.treefile
  Likelihood distances:          results_broccoli_meto/alignments/OG_11272.iqtree.mldist

Ultrafast bootstrap approximation results written to:
  Split support values:          results_broccoli_meto/alignments/OG_11272.iqtree.splits.nex
  Consensus tree:                results_broccoli_meto/alignments/OG_11272.iqtree.contree
  Screen log file:               results_broccoli_meto/alignments/OG_11272.iqtree.log

Date and Time: Fri Dec 16 10:02:43 2022
