IQ-TREE multicore version 2.1.0 for Linux 64-bit built Jul 18 2020
Developed by Bui Quang Minh, James Barbetti, Nguyen Lam Tung,
Olga Chernomor, Heiko Schmidt, Dominik Schrempf, Michael Woodhams.

Host:    node-hp0102.linux.crg.es (AVX, 125 GB RAM)
Command: /users/asebe/xgraubove/Programes/iqtree-2.1.0-Linux/bin/iqtree2 -s results_broccoli_meto/alignments/OG_1158.lt.fasta -m TEST -mset LG,WAG,JTT -nt AUTO -ntmax 2 -bb 1000 -pre results_broccoli_meto/alignments/OG_1158.iqtree -nm 10000 -nstop 200 -cptime 1800
Seed:    29383 (Using SPRNG - Scalable Parallel Random Number Generator)
Time:    Fri Dec 16 10:17:01 2022
Kernel:  AVX - auto-detect threads (2 CPU cores detected)

Reading alignment file results_broccoli_meto/alignments/OG_1158.lt.fasta ... Fasta format detected
Alignment most likely contains protein sequences
Alignment has 54 sequences with 1074 columns, 1074 distinct patterns
1052 parsimony-informative, 0 singleton sites, 22 constant sites
                                                        Gap/Ambiguity  Composition  p-value
   1  Spur_XM_030999188.1                                       4.38%    failed      0.00%
   2  Skow_XM_006824416.1                                       4.84%    failed      0.22%
   3  Tcas_TC030641_002                                        31.47%    failed      0.09%
   4  Dpul_mRNA14817                                           77.84%    failed      0.02%
   5  Cscu_XM_023388369.1                                      13.97%    passed     56.74%
   6  Ctel_gnl_WGS_AMQN_CAPTEDRAFT_mRNA198680                  76.16%    passed      7.99%
   7  Acagra_model.g16144.t1                                   21.23%    passed     36.11%
   8  Cgig_XM_034467978.1                                      19.37%    failed      0.17%
   9  Exapal_XM_021050763.1                                    88.45%    passed     23.09%
  10  Nvec_v1g88486                                            22.72%    passed     16.20%
  11  Spis_XP_022804968_1                                      10.52%    passed     13.33%
  12  Pocdam_XM_027199492.1                                    10.61%    passed     20.63%
  13  Adig_XM_015908089.1                                      11.45%    passed      6.56%
  14  Amil_Amillepora15281-RA                                  11.45%    failed      3.98%
  15  Fspp_ffun1.m4.2290.m1                                     9.22%    failed      0.49%
  16  Gfas_gfas1.m1.3131.m1                                    14.34%    passed      5.15%
  17  Gasp_gasp1.m3.30078.m1                                    9.59%    passed     15.67%
  18  Mlei_ML0507.g15.i1                                       48.32%    passed     86.34%
  19  Bolinf_Binf_sb1180654                                    86.59%    failed      3.43%
  20  Mertsp_Mesp_sb561353                                     70.67%    failed      2.33%
  21  Lampan_Lpan_14731_01                                     51.30%    passed      5.85%
  22  Beraby_Baby_sb328540                                     76.07%    passed      8.02%
  23  Horcal_Hcv1.av93.c10.g320.i3                             53.63%    failed      2.51%
  24  Eupdun_Edun_sb10640469                                   76.54%    failed      2.15%
  25  Drygla_Dgla_sb288264                                     59.40%    failed      1.26%
  26  Dgig_XM_028540164.1                                      18.25%    passed     32.56%
  27  Xesp_011773-T1                                           22.81%    failed      0.51%
  28  Morvir_scaffold474.g9.t1                                 35.66%    passed     75.62%
  29  Plajan_Pjan_C563636_01                                   57.73%    failed      0.48%
  30  Chem_TCONS_00001590                                      20.39%    passed     36.22%
  31  Ocar_g7788                                               81.94%    passed     31.53%
  32  Opea_EP00118_Oscarella_pearsei_P017244                   70.20%    passed     22.23%
  33  Sanmal_Sma_026770-T1                                     10.99%    passed      6.17%
  34  Hvul_g16837_1                                            18.62%    failed      0.00%
  35  Aque_Aqu2.1.22698_001                                    66.95%    passed      9.71%
  36  Halamb_c16949_g1_i1m.2875                                67.41%    failed      4.86%
  37  Tetwil_g11236.t1                                         41.90%    passed      5.63%
  38  Nemnom_g2429.t1                                          16.76%    passed     30.85%
  39  Rhoesc_Res_001783-T1                                     13.13%    passed      7.15%
  40  Tadh_TriadT32197                                         76.26%    passed      5.50%
  41  HoiH06_mRNA13791                                          9.31%    failed      0.00%
  42  HoiH23_PlH23_006695-RA                                    8.57%    failed      0.00%
  43  Hhon_g09854.t1                                            8.94%    failed      0.00%
  44  HoiH04_mRNA7328                                          25.33%    failed      0.00%
  45  TrH2_TrispH2_007387-RA                                   15.27%    failed      0.01%
  46  Aaur_scaffold482.g13.t1                                  17.23%    passed      8.44%
  47  Xestes_maker-XT_scaffold1798-augustus-gene-0.48-mRNA-1   62.57%    failed      0.20%
  48  Emue_Em0021g19a.t1                                       41.90%    passed      8.16%
  49  Spolac_c88385_g1_i1_m.4983c88385-g1                      78.12%    passed     69.92%
  50  Leuniv_Lniv_C813712_01                                   55.96%    failed      0.04%
  51  Scil_scict006408.4                                       66.95%    failed      0.00%
  52  Pbac_sb2641420                                           48.23%    failed      0.25%
  53  Gracom_Gcom_C531440_01                                   73.84%    failed      0.41%
  54  Lcom_lcpid44251                                          62.10%    failed      0.00%
WARNING: 22 sequences contain more than 50% gaps/ambiguity
****  TOTAL                                                    39.88%  27 sequences failed composition chi2 test (p-value<5%; df=19)


Create initial parsimony tree by phylogenetic likelihood library (PLL)... 0.032 seconds
Measuring multi-threading efficiency up to 2 CPU cores
Increase to 10 rounds for branch lengths
2 trees examined
Threads: 1 / Time: 3.017 sec / Speedup: 1.000 / Efficiency: 100% / LogL: -71398
Threads: 2 / Time: 3.418 sec / Speedup: 0.883 / Efficiency: 44% / LogL: -71398
BEST NUMBER OF THREADS: 1

Perform fast likelihood tree search using LG+I+G model...
Estimate model parameters (epsilon = 5.000)
Perform nearest neighbor interchange...
Estimate model parameters (epsilon = 1.000)
1. Initial log-likelihood: -59863.558
Optimal log-likelihood: -59862.876
Proportion of invariable sites: 0.019
Gamma shape alpha: 1.195
Parameters optimization took 1 rounds (0.581 sec)
Time for fast ML tree search: 5.176 seconds

NOTE: ModelFinder requires 40 MB RAM!
ModelFinder will test up to 24 protein models (sample size: 1074) ...
 No. Model         -LnL         df  AIC          AICc         BIC
  1  LG            61993.950    105 124197.900   124220.896   124720.710
  2  LG+I          61666.791    106 123545.582   123569.040   124073.372
  3  LG+G4         59914.702    106 120041.404   120064.862   120569.193
  4  LG+I+G4       59862.673    107 119939.347   119963.272   120472.115
  8  LG+F+I+G4     59586.368    126 119424.735   119458.530   120052.107
 12  WAG+I+G4      59839.690    107 119893.379   119917.305   120426.148
 16  WAG+F+I+G4    59611.557    126 119475.115   119508.910   120102.487
 20  JTT+I+G4      59824.590    107 119863.180   119887.105   120395.948
 24  JTT+F+I+G4    59495.703    126 119243.406   119277.201   119870.779
Akaike Information Criterion:           JTT+F+I+G4
Corrected Akaike Information Criterion: JTT+F+I+G4
Bayesian Information Criterion:         JTT+F+I+G4
Best-fit model: JTT+F+I+G4 chosen according to BIC

All model information printed to results_broccoli_meto/alignments/OG_1158.iqtree.model.gz
CPU time for ModelFinder: 33.103 seconds (0h:0m:33s)
Wall-clock time for ModelFinder: 36.561 seconds (0h:0m:36s)
Generating 1000 samples for ultrafast bootstrap (seed: 29383)...

NOTE: 40 MB RAM (0 GB) is required!
Estimate model parameters (epsilon = 0.100)
Thoroughly optimizing +I+G parameters from 10 start values...
Init pinv, alpha: 0.000, 1.201 / Estimate: 0.019, 1.201 / LogL: -59495.679
Init pinv, alpha: 0.002, 1.201 / Estimate: 0.019, 1.207 / LogL: -59495.666
Init pinv, alpha: 0.005, 1.201 / Estimate: 0.019, 1.209 / LogL: -59495.669
Init pinv, alpha: 0.007, 1.201 / Estimate: 0.019, 1.209 / LogL: -59495.672
Init pinv, alpha: 0.009, 1.201 / Estimate: 0.019, 1.208 / LogL: -59495.671
Init pinv, alpha: 0.011, 1.201 / Estimate: 0.019, 1.208 / LogL: -59495.671
Init pinv, alpha: 0.014, 1.201 / Estimate: 0.019, 1.207 / LogL: -59495.671
Init pinv, alpha: 0.016, 1.201 / Estimate: 0.019, 1.207 / LogL: -59495.672
Init pinv, alpha: 0.018, 1.201 / Estimate: 0.019, 1.205 / LogL: -59495.677
Init pinv, alpha: 0.020, 1.201 / Estimate: 0.019, 1.204 / LogL: -59495.679
Optimal pinv,alpha: 0.019, 1.207 / LogL: -59495.666

Parameters optimization took 13.888 sec
Computing ML distances based on estimated model parameters...
Computing ML distances took 0.424921 sec (of wall-clock time) 0.422331 sec(of CPU time)
Computing RapidNJ tree took 0.000334 sec (of wall-clock time) 0.000332 sec (of CPU time)
Log-likelihood of RapidNJ tree: -59957.342
--------------------------------------------------------------------
|             INITIALIZING CANDIDATE TREE SET                      |
--------------------------------------------------------------------
Generating 98 parsimony trees... 3.426 second
Computing log-likelihood of 98 initial trees ... 17.522 seconds
Current best score: -59495.666

Do NNI search on 20 best initial trees
Estimate model parameters (epsilon = 0.100)
BETTER TREE FOUND at iteration 1: -59493.381
Estimate model parameters (epsilon = 0.100)
BETTER TREE FOUND at iteration 2: -59488.319
Iteration 10 / LogL: -59505.065 / Time: 0h:1m:11s
Iteration 20 / LogL: -59489.364 / Time: 0h:1m:43s
Finish initializing candidate tree set (8)
Current best tree score: -59488.319 / CPU time: 86.090
Number of iterations: 20
--------------------------------------------------------------------
|               OPTIMIZING CANDIDATE TREE SET                      |
--------------------------------------------------------------------
Iteration 30 / LogL: -59489.941 / Time: 0h:2m:19s (0h:13m:47s left)
Iteration 40 / LogL: -59493.878 / Time: 0h:2m:52s (0h:11m:58s left)
Iteration 50 / LogL: -59496.256 / Time: 0h:3m:26s (0h:10m:40s left)
Log-likelihood cutoff on original alignment: -59523.438
Iteration 60 / LogL: -59489.153 / Time: 0h:4m:2s (0h:9m:43s left)
Iteration 70 / LogL: -59489.281 / Time: 0h:4m:37s (0h:8m:51s left)
Estimate model parameters (epsilon = 0.100)
UPDATE BEST LOG-LIKELIHOOD: -59488.218
Iteration 80 / LogL: -59488.581 / Time: 0h:5m:17s (0h:8m:9s left)
Estimate model parameters (epsilon = 0.100)
UPDATE BEST LOG-LIKELIHOOD: -59488.120
Iteration 90 / LogL: -59494.598 / Time: 0h:5m:55s (0h:7m:27s left)
Iteration 100 / LogL: -59515.532 / Time: 0h:6m:27s (0h:6m:38s left)
Log-likelihood cutoff on original alignment: -59522.219
NOTE: Bootstrap correlation coefficient of split occurrence frequencies: 0.999
Iteration 110 / LogL: -59489.793 / Time: 0h:7m:0s (0h:5m:55s left)
Iteration 120 / LogL: -59519.743 / Time: 0h:7m:33s (0h:5m:12s left)
Iteration 130 / LogL: -59489.416 / Time: 0h:8m:6s (0h:4m:31s left)
Iteration 140 / LogL: -59488.959 / Time: 0h:8m:41s (0h:3m:52s left)
Iteration 150 / LogL: -59488.561 / Time: 0h:9m:14s (0h:3m:13s left)
Log-likelihood cutoff on original alignment: -59522.219
Iteration 160 / LogL: -59488.369 / Time: 0h:9m:50s (0h:2m:35s left)
Iteration 170 / LogL: -59501.139 / Time: 0h:10m:26s (0h:1m:58s left)
Iteration 180 / LogL: -59518.687 / Time: 0h:10m:59s (0h:1m:20s left)
Iteration 190 / LogL: -59491.026 / Time: 0h:11m:34s (0h:0m:44s left)
Iteration 200 / LogL: -59493.731 / Time: 0h:12m:8s (0h:0m:7s left)
Log-likelihood cutoff on original alignment: -59522.219
NOTE: Bootstrap correlation coefficient of split occurrence frequencies: 1.000
TREE SEARCH COMPLETED AFTER 203 ITERATIONS / Time: 0h:12m:20s

--------------------------------------------------------------------
|                    FINALIZING TREE SEARCH                        |
--------------------------------------------------------------------
Performs final model parameters optimization
Estimate model parameters (epsilon = 0.010)
1. Initial log-likelihood: -59488.120
Optimal log-likelihood: -59488.117
Proportion of invariable sites: 0.019
Gamma shape alpha: 1.210
Parameters optimization took 1 rounds (0.563 sec)
BEST SCORE FOUND : -59488.117
Creating bootstrap support values...
Split supports printed to NEXUS file results_broccoli_meto/alignments/OG_1158.iqtree.splits.nex
Total tree length: 57.457

Total number of iterations: 203
CPU time used for tree search: 717.894 sec (0h:11m:57s)
Wall-clock time used for tree search: 721.857 sec (0h:12m:1s)
Total CPU time used: 734.239 sec (0h:12m:14s)
Total wall-clock time used: 741.337 sec (0h:12m:21s)

Computing bootstrap consensus tree...
Reading input file results_broccoli_meto/alignments/OG_1158.iqtree.splits.nex...
54 taxa and 233 splits.
Consensus tree written to results_broccoli_meto/alignments/OG_1158.iqtree.contree
Reading input trees file results_broccoli_meto/alignments/OG_1158.iqtree.contree
Log-likelihood of consensus tree: -59488.119

Analysis results written to: 
  IQ-TREE report:                results_broccoli_meto/alignments/OG_1158.iqtree.iqtree
  Maximum-likelihood tree:       results_broccoli_meto/alignments/OG_1158.iqtree.treefile
  Likelihood distances:          results_broccoli_meto/alignments/OG_1158.iqtree.mldist

Ultrafast bootstrap approximation results written to:
  Split support values:          results_broccoli_meto/alignments/OG_1158.iqtree.splits.nex
  Consensus tree:                results_broccoli_meto/alignments/OG_1158.iqtree.contree
  Screen log file:               results_broccoli_meto/alignments/OG_1158.iqtree.log

Date and Time: Fri Dec 16 10:30:05 2022
