IQ-TREE multicore version 2.1.0 for Linux 64-bit built Jul 18 2020
Developed by Bui Quang Minh, James Barbetti, Nguyen Lam Tung,
Olga Chernomor, Heiko Schmidt, Dominik Schrempf, Michael Woodhams.

Host:    node-hp0307.linux.crg.es (AVX, 125 GB RAM)
Command: /users/asebe/xgraubove/Programes/iqtree-2.1.0-Linux/bin/iqtree2 -s results_broccoli_meto/alignments/OG_2948.lt.fasta -m TEST -mset LG,WAG,JTT -nt AUTO -ntmax 2 -bb 1000 -pre results_broccoli_meto/alignments/OG_2948.iqtree -nm 10000 -nstop 200 -cptime 1800
Seed:    128682 (Using SPRNG - Scalable Parallel Random Number Generator)
Time:    Fri Dec 16 16:19:42 2022
Kernel:  AVX - auto-detect threads (2 CPU cores detected)

Reading alignment file results_broccoli_meto/alignments/OG_2948.lt.fasta ... Fasta format detected
Alignment most likely contains protein sequences
Alignment has 50 sequences with 168 columns, 167 distinct patterns
165 parsimony-informative, 0 singleton sites, 3 constant sites
                                                       Gap/Ambiguity  Composition  p-value
   1  Hsap_ENST00000323060                                     7.74%    failed      0.92%
   2  Bralan_BLAG04001868_1                                    5.36%    passed     97.95%
   3  Spur_XM_779505.4                                        10.71%    passed     90.41%
   4  Skow_XM_002736019.2                                      0.60%    passed     87.96%
   5  Cscu_XM_023382948.1                                      0.00%    passed     79.95%
   6  Acagra_model.g16323.t1                                  10.12%    passed     80.27%
   7  Exapal_XM_021038688.2                                    6.55%    passed     74.89%
   8  Nvec_v1g166480                                           5.95%    passed     99.55%
   9  Amil_Amillepora15533-RA                                 13.69%    passed     96.30%
  10  Gfas_gfas1.m1.18059.m1                                  13.69%    passed     80.35%
  11  Fspp_ffun1.m4.5383.m1                                   12.50%    passed     99.10%
  12  Gasp_gasp1.m3.18023.m1                                  12.50%    passed     99.02%
  13  Pocdam_XM_027186565.1                                   12.50%    passed     88.42%
  14  Tadh_TriadT7238                                         20.83%    passed     94.06%
  15  TrH2_TrispH2_005064-RA                                   0.60%    passed     97.75%
  16  HoiH11_mRNA5424                                          0.60%    passed     99.99%
  17  Hhon_g03577.t1                                           1.79%    passed     97.89%
  18  HoiH04_mRNA17368                                         1.79%    passed     97.89%
  19  HoiH23_PlH23_001397-RA                                   1.19%    passed     96.03%
  20  Plajan_Pjan_C535459_01                                   3.57%    passed     98.60%
  21  Opea_EP00118_Oscarella_pearsei_P029201                  10.12%    passed     99.70%
  22  Ctel_gnl_WGS_AMQN_CAPTEDRAFT_mRNA210501                  4.76%    passed     99.74%
  23  Dgig_XM_028542784.1                                      7.14%    passed     78.73%
  24  Xesp_012445-T1                                           7.14%    passed     17.00%
  25  Hvul_g32305_1                                            1.19%    passed     66.87%
  26  Chem_TCONS_00054711                                     11.31%    passed     41.15%
  27  Aaur_scaffold21.g1.t1                                   19.64%    passed     78.92%
  28  Nemnom_g8802.t1                                         16.67%    passed     94.44%
  29  Rhoesc_Res_001509-T1                                    16.67%    passed     93.96%
  30  Sanmal_Sma_026879-T1                                    11.90%    passed     70.17%
  31  Morvir_scaffold2.g79.t1                                 13.69%    passed     73.89%
  32  Aque_Aqu2.1.24887_001                                   11.90%    passed     89.05%
  33  Stycar_maker-SC_scaffold852-augustus-gene-0.22-mRNA-1    8.93%    passed     86.17%
  34  Tetwil_g27542.t1                                        10.71%    passed     82.70%
  35  Tcas_TC030558_001                                        0.60%    passed     78.89%
  36  Dpul_mRNA14992                                          12.50%    passed     41.09%
  37  Scil_scict015162.1                                       1.19%    passed     99.63%
  38  Lcom_lcpid123201                                         1.19%    passed     52.84%
  39  Leuniv_Lniv_C801370_01                                   1.19%    passed     96.96%
  40  Gracom_Gcom_scaffold12951_01                             0.60%    passed     89.31%
  41  Emue_Em0019g708a.t1                                     29.17%    passed     51.89%
  42  Spolac_c97251_g1_i1_m.14594c97251-g1                     3.57%    passed     53.77%
  43  Vmul_Simscaffold14814_01                                 8.93%    passed     56.11%
  44  Coeast_Cast_sb794048                                     6.55%    passed     48.70%
  45  Coemet_Cmet_C573610_01                                   6.55%    passed     41.50%
  46  Lampan_Lpan_C403429_01                                   6.55%    passed     99.39%
  47  Beraby_Baby_sb325007                                     7.74%    passed     87.84%
  48  Drygla_Dgla_sb278182                                     7.14%    passed     95.59%
  49  Mertsp_Mesp_sb569084                                     8.93%    passed     44.68%
  50  Eupdun_Edun_sb10627636                                   5.95%    passed     68.64%
****  TOTAL                                                    8.05%  1 sequences failed composition chi2 test (p-value<5%; df=19)
NOTE: HoiH04_mRNA17368 is identical to Hhon_g03577.t1 but kept for subsequent analysis


Create initial parsimony tree by phylogenetic likelihood library (PLL)... 0.007 seconds
Measuring multi-threading efficiency up to 2 CPU cores
Increase to 10 rounds for branch lengths
9 trees examined
Threads: 1 / Time: 2.134 sec / Speedup: 1.000 / Efficiency: 100% / LogL: -13989
Threads: 2 / Time: 1.140 sec / Speedup: 1.872 / Efficiency: 94% / LogL: -13989
BEST NUMBER OF THREADS: 2

Perform fast likelihood tree search using LG+I+G model...
Estimate model parameters (epsilon = 5.000)
Perform nearest neighbor interchange...
Estimate model parameters (epsilon = 1.000)
1. Initial log-likelihood: -10633.771
Optimal log-likelihood: -10633.634
Proportion of invariable sites: 0.007
Gamma shape alpha: 1.425
Parameters optimization took 1 rounds (0.089 sec)
Time for fast ML tree search: 0.659 seconds

NOTE: ModelFinder requires 6 MB RAM!
ModelFinder will test up to 24 protein models (sample size: 168) ...
 No. Model         -LnL         df  AIC          AICc         BIC
  1  LG            10982.311    97  22158.623    22430.223    22461.647
  2  LG+I          10964.367    98  22124.734    22405.951    22430.882
  3  LG+G4         10634.237    98  21464.475    21745.692    21770.623
  4  LG+I+G4       10633.635    99  21465.270    21756.446    21774.542
  7  LG+F+G4       10630.427    117 21494.855    22047.095    21860.358
  8  LG+F+I+G4     10630.033    118 21496.066    22069.209    21864.694
 11  WAG+G4        10729.207    98  21654.413    21935.631    21960.562
 12  WAG+I+G4      10726.833    99  21651.666    21942.842    21960.938
 15  WAG+F+G4      10721.533    117 21677.067    22229.307    22042.571
 16  WAG+F+I+G4    10719.708    118 21675.416    22248.559    22044.044
 19  JTT+G4        10775.230    98  21746.460    22027.677    22052.608
 20  JTT+I+G4      10772.326    99  21742.652    22033.829    22051.925
 23  JTT+F+G4      10719.988    117 21673.976    22226.216    22039.480
 24  JTT+F+I+G4    10717.386    118 21670.772    22243.915    22039.400
Akaike Information Criterion:           LG+G4
Corrected Akaike Information Criterion: LG+G4
Bayesian Information Criterion:         LG+G4
Best-fit model: LG+G4 chosen according to BIC

All model information printed to results_broccoli_meto/alignments/OG_2948.iqtree.model.gz
CPU time for ModelFinder: 9.126 seconds (0h:0m:9s)
Wall-clock time for ModelFinder: 5.626 seconds (0h:0m:5s)
Generating 1000 samples for ultrafast bootstrap (seed: 128682)...

NOTE: 6 MB RAM (0 GB) is required!
Estimate model parameters (epsilon = 0.100)
1. Initial log-likelihood: -10634.237
Optimal log-likelihood: -10634.231
Gamma shape alpha: 1.371
Parameters optimization took 1 rounds (0.045 sec)
Computing ML distances based on estimated model parameters...
Computing ML distances took 0.165674 sec (of wall-clock time) 0.330658 sec(of CPU time)
Computing RapidNJ tree took 0.000679 sec (of wall-clock time) 0.001354 sec (of CPU time)
Log-likelihood of RapidNJ tree: -10653.532
--------------------------------------------------------------------
|             INITIALIZING CANDIDATE TREE SET                      |
--------------------------------------------------------------------
Generating 98 parsimony trees... 1.069 second
Computing log-likelihood of 98 initial trees ... 1.511 seconds
Current best score: -10634.231

Do NNI search on 20 best initial trees
Estimate model parameters (epsilon = 0.100)
BETTER TREE FOUND at iteration 1: -10633.690
Estimate model parameters (epsilon = 0.100)
BETTER TREE FOUND at iteration 2: -10631.714
Estimate model parameters (epsilon = 0.100)
BETTER TREE FOUND at iteration 3: -10627.137
Estimate model parameters (epsilon = 0.100)
BETTER TREE FOUND at iteration 8: -10626.555
Iteration 10 / LogL: -10627.235 / Time: 0h:0m:5s
Estimate model parameters (epsilon = 0.100)
BETTER TREE FOUND at iteration 11: -10626.405
Iteration 20 / LogL: -10626.562 / Time: 0h:0m:7s
Finish initializing candidate tree set (11)
Current best tree score: -10626.405 / CPU time: 7.510
Number of iterations: 20
--------------------------------------------------------------------
|               OPTIMIZING CANDIDATE TREE SET                      |
--------------------------------------------------------------------
Estimate model parameters (epsilon = 0.100)
BETTER TREE FOUND at iteration 30: -10626.274
Iteration 30 / LogL: -10626.274 / Time: 0h:0m:11s (0h:1m:16s left)
Estimate model parameters (epsilon = 0.100)
BETTER TREE FOUND at iteration 32: -10626.151
Iteration 40 / LogL: -10627.041 / Time: 0h:0m:14s (0h:1m:11s left)
Iteration 50 / LogL: -10626.523 / Time: 0h:0m:17s (0h:1m:5s left)
Log-likelihood cutoff on original alignment: -10668.063
Estimate model parameters (epsilon = 0.100)
BETTER TREE FOUND at iteration 54: -10625.877
Iteration 60 / LogL: -10626.152 / Time: 0h:0m:21s (0h:1m:10s left)
Iteration 70 / LogL: -10625.976 / Time: 0h:0m:25s (0h:1m:7s left)
Iteration 80 / LogL: -10626.151 / Time: 0h:0m:28s (0h:1m:3s left)
Iteration 90 / LogL: -10625.976 / Time: 0h:0m:32s (0h:0m:59s left)
UPDATE BEST LOG-LIKELIHOOD: -10625.877
Iteration 100 / LogL: -10626.276 / Time: 0h:0m:35s (0h:0m:55s left)
Log-likelihood cutoff on original alignment: -10668.063
NOTE: Bootstrap correlation coefficient of split occurrence frequencies: 0.995
Iteration 110 / LogL: -10625.877 / Time: 0h:0m:39s (0h:0m:51s left)
Iteration 120 / LogL: -10625.877 / Time: 0h:0m:42s (0h:0m:48s left)
Iteration 130 / LogL: -10627.616 / Time: 0h:0m:46s (0h:0m:44s left)
Iteration 140 / LogL: -10625.877 / Time: 0h:0m:50s (0h:0m:41s left)
Iteration 150 / LogL: -10625.877 / Time: 0h:0m:53s (0h:0m:37s left)
Log-likelihood cutoff on original alignment: -10668.063
Iteration 160 / LogL: -10626.151 / Time: 0h:0m:57s (0h:0m:33s left)
Iteration 170 / LogL: -10625.877 / Time: 0h:1m:1s (0h:0m:30s left)
Iteration 180 / LogL: -10626.539 / Time: 0h:1m:5s (0h:0m:26s left)
Iteration 190 / LogL: -10626.546 / Time: 0h:1m:8s (0h:0m:23s left)
Iteration 200 / LogL: -10626.409 / Time: 0h:1m:12s (0h:0m:19s left)
Log-likelihood cutoff on original alignment: -10668.063
NOTE: Bootstrap correlation coefficient of split occurrence frequencies: 1.000
Iteration 210 / LogL: -10626.409 / Time: 0h:1m:16s (0h:0m:32s left)
Iteration 220 / LogL: -10625.976 / Time: 0h:1m:19s (0h:0m:29s left)
Iteration 230 / LogL: -10626.501 / Time: 0h:1m:22s (0h:0m:25s left)
Iteration 240 / LogL: -10627.493 / Time: 0h:1m:26s (0h:0m:21s left)
Iteration 250 / LogL: -10626.249 / Time: 0h:1m:29s (0h:0m:18s left)
Log-likelihood cutoff on original alignment: -10668.063
TREE SEARCH COMPLETED AFTER 255 ITERATIONS / Time: 0h:1m:32s

--------------------------------------------------------------------
|                    FINALIZING TREE SEARCH                        |
--------------------------------------------------------------------
Performs final model parameters optimization
Estimate model parameters (epsilon = 0.010)
1. Initial log-likelihood: -10625.877
Optimal log-likelihood: -10625.877
Gamma shape alpha: 1.376
Parameters optimization took 1 rounds (0.041 sec)
BEST SCORE FOUND : -10625.877
Creating bootstrap support values...
Split supports printed to NEXUS file results_broccoli_meto/alignments/OG_2948.iqtree.splits.nex
Total tree length: 26.437

Total number of iterations: 255
CPU time used for tree search: 180.417 sec (0h:3m:0s)
Wall-clock time used for tree search: 91.599 sec (0h:1m:31s)
Total CPU time used: 181.583 sec (0h:3m:1s)
Total wall-clock time used: 92.300 sec (0h:1m:32s)

Computing bootstrap consensus tree...
Reading input file results_broccoli_meto/alignments/OG_2948.iqtree.splits.nex...
50 taxa and 317 splits.
Consensus tree written to results_broccoli_meto/alignments/OG_2948.iqtree.contree
Reading input trees file results_broccoli_meto/alignments/OG_2948.iqtree.contree
Log-likelihood of consensus tree: -10625.878

Analysis results written to: 
  IQ-TREE report:                results_broccoli_meto/alignments/OG_2948.iqtree.iqtree
  Maximum-likelihood tree:       results_broccoli_meto/alignments/OG_2948.iqtree.treefile
  Likelihood distances:          results_broccoli_meto/alignments/OG_2948.iqtree.mldist

Ultrafast bootstrap approximation results written to:
  Split support values:          results_broccoli_meto/alignments/OG_2948.iqtree.splits.nex
  Consensus tree:                results_broccoli_meto/alignments/OG_2948.iqtree.contree
  Screen log file:               results_broccoli_meto/alignments/OG_2948.iqtree.log

Date and Time: Fri Dec 16 16:21:20 2022
