IQ-TREE multicore version 2.1.0 for Linux 64-bit built Jul 18 2020
Developed by Bui Quang Minh, James Barbetti, Nguyen Lam Tung,
Olga Chernomor, Heiko Schmidt, Dominik Schrempf, Michael Woodhams.

Host:    node-hp0206.linux.crg.es (AVX, 125 GB RAM)
Command: /users/asebe/xgraubove/Programes/iqtree-2.1.0-Linux/bin/iqtree2 -s results_broccoli_meto/alignments/OG_2822.lt.fasta -m TEST -mset LG,WAG,JTT -nt AUTO -ntmax 2 -bb 1000 -pre results_broccoli_meto/alignments/OG_2822.iqtree -nm 10000 -nstop 200 -cptime 1800
Seed:    687009 (Using SPRNG - Scalable Parallel Random Number Generator)
Time:    Fri Dec 16 16:07:20 2022
Kernel:  AVX - auto-detect threads (2 CPU cores detected)

Reading alignment file results_broccoli_meto/alignments/OG_2822.lt.fasta ... Fasta format detected
Alignment most likely contains protein sequences
Alignment has 42 sequences with 912 columns, 912 distinct patterns
899 parsimony-informative, 0 singleton sites, 13 constant sites
                                                              Gap/Ambiguity  Composition  p-value
   1  Hsap_ENST00000435205                                           16.34%    passed     13.09%
   2  Scil_scict013101.3                                             13.38%    failed      1.32%
   3  Gracom_Gcom_scaffold13189_01                                   46.93%    failed      0.25%
   4  Leuniv_Lniv_scaffold23531_01                                   82.89%    failed      1.59%
   5  Lcom_lcpid45451                                                13.82%    failed      0.34%
   6  Ctel_gnl_WGS_AMQN_CAPTEDRAFT_mRNA183880                        12.50%    passed     96.19%
   7  Acagra_model.g13616.t1.4.5d3b8767                               6.36%    passed     20.65%
   8  Cgig_XM_034444281.1                                            10.20%    passed     74.84%
   9  Spur_XM_030980636.1                                             7.46%    passed     85.78%
  10  Bralan_BLAG06000967_1                                           8.88%    failed      2.62%
  11  Exapal_XM_021050769.2                                          10.20%    passed     39.16%
  12  Nvec_v1g243165                                                 34.10%    passed     92.79%
  13  Adig_XM_015893537.1                                            16.12%    passed     60.87%
  14  Amil_Amillepora08018-RA                                        35.96%    passed     85.11%
  15  Gfas_gfas1.m1.7807.m1                                           8.88%    passed     99.53%
  16  Fspp_ffun1.m4.18472.m1                                          9.10%    passed     68.64%
  17  Gasp_gasp1.m3.11575.m1                                          9.98%    passed     46.16%
  18  Spis_XP_022805122_1                                             8.77%    passed     54.62%
  19  Pocdam_XM_027198378.1                                           8.77%    passed     58.27%
  20  Dgig_XM_028551872.1                                            16.45%    passed     74.30%
  21  Xesp_014978-T1                                                 17.65%    passed     26.37%
  22  Tcas_TC014180_001                                              20.83%    passed     39.98%
  23  Cscu_XM_023381807.1                                            10.86%    passed     36.76%
  24  Skow_XM_006813566.1                                            22.92%    passed     85.86%
  25  Clacor_Ccor_C529653_01                                         72.37%    failed      4.19%
  26  Aque_Aqu2.1.25762_001                                          19.96%    passed     81.52%
  27  Halamb_c18285_g1_i1m.3161                                      15.68%    passed     90.57%
  28  Xestes_maker-XT_scaffold996-snap-gene-0.14-mRNA-1              20.72%    passed     64.95%
  29  Emue_Em0022g176a.t1                                            19.19%    passed      7.48%
  30  Spolac_c97075_g1_i2_m.14240c112108-g1                          49.78%    failed      0.04%
  31  Tetwil_g18284.t1                                                8.55%    passed     30.33%
  32  Stycar_snap_masked-SC_scaffold6978-processed-gene-0.5-mRNA-1   50.66%    passed     40.07%
  33  Ocar_g2461                                                     24.89%    passed     98.06%
  34  Opea_EP00118_Oscarella_pearsei_P007083                         24.01%    passed     97.58%
  35  Plajan_Pjan_C566326_01                                         30.15%    passed     67.33%
  36  Hvul_g16035_1                                                  16.78%    failed      0.00%
  37  Chem_TCONS_00010585                                            11.95%    passed     14.55%
  38  Aaur_scaffold395.g8.t1                                         42.54%    passed      9.00%
  39  Nemnom_g2486.t1                                                15.79%    passed     58.34%
  40  Rhoesc_Res_000521-T1                                           15.46%    passed      6.34%
  41  Morvir_scaffold679.g5.t2                                       48.79%    passed     64.87%
  42  Dpul_mRNA8835                                                  13.38%    passed     12.17%
WARNING: 3 sequences contain more than 50% gaps/ambiguity
****  TOTAL                                                          22.62%  8 sequences failed composition chi2 test (p-value<5%; df=19)


Create initial parsimony tree by phylogenetic likelihood library (PLL)... 0.035 seconds
Measuring multi-threading efficiency up to 2 CPU cores
Increase to 10 rounds for branch lengths
3 trees examined
Threads: 1 / Time: 2.838 sec / Speedup: 1.000 / Efficiency: 100% / LogL: -58704
Threads: 2 / Time: 3.265 sec / Speedup: 0.869 / Efficiency: 43% / LogL: -58704
BEST NUMBER OF THREADS: 1

Perform fast likelihood tree search using LG+I+G model...
Estimate model parameters (epsilon = 5.000)
Perform nearest neighbor interchange...
Estimate model parameters (epsilon = 1.000)
1. Initial log-likelihood: -47708.759
Optimal log-likelihood: -47708.642
Proportion of invariable sites: 0.011
Gamma shape alpha: 1.515
Parameters optimization took 1 rounds (0.365 sec)
Time for fast ML tree search: 3.351 seconds

NOTE: ModelFinder requires 27 MB RAM!
ModelFinder will test up to 24 protein models (sample size: 912) ...
 No. Model         -LnL         df  AIC          AICc         BIC
  1  LG            49112.913    81  98387.826    98403.831    98777.893
  2  LG+I          49012.205    82  98188.410    98204.830    98583.292
  3  LG+G4         47720.138    82  95604.277    95620.696    95999.159
  4  LG+I+G4       47708.640    83  95583.279    95600.120    95982.977
  8  LG+F+I+G4     47508.302    102 95220.604    95246.577    95711.799
 12  WAG+I+G4      47830.114    83  95826.228    95843.069    96225.927
 16  WAG+F+I+G4    47615.439    102 95434.877    95460.850    95926.072
 20  JTT+I+G4      47722.738    83  95611.477    95628.317    96011.175
 24  JTT+F+I+G4    47525.665    102 95255.330    95281.303    95746.526
Akaike Information Criterion:           LG+F+I+G4
Corrected Akaike Information Criterion: LG+F+I+G4
Bayesian Information Criterion:         LG+F+I+G4
Best-fit model: LG+F+I+G4 chosen according to BIC

All model information printed to results_broccoli_meto/alignments/OG_2822.iqtree.model.gz
CPU time for ModelFinder: 22.132 seconds (0h:0m:22s)
Wall-clock time for ModelFinder: 22.298 seconds (0h:0m:22s)
Generating 1000 samples for ultrafast bootstrap (seed: 687009)...

NOTE: 27 MB RAM (0 GB) is required!
Estimate model parameters (epsilon = 0.100)
Thoroughly optimizing +I+G parameters from 10 start values...
Init pinv, alpha: 0.000, 1.456 / Estimate: 0.010, 1.453 / LogL: -47508.299
Init pinv, alpha: 0.002, 1.456 / Estimate: 0.010, 1.454 / LogL: -47508.298
Init pinv, alpha: 0.003, 1.456 / Estimate: 0.010, 1.454 / LogL: -47508.300
Init pinv, alpha: 0.005, 1.456 / Estimate: 0.010, 1.454 / LogL: -47508.299
Init pinv, alpha: 0.006, 1.456 / Estimate: 0.010, 1.454 / LogL: -47508.301
Init pinv, alpha: 0.008, 1.456 / Estimate: 0.010, 1.454 / LogL: -47508.299
Init pinv, alpha: 0.010, 1.456 / Estimate: 0.010, 1.453 / LogL: -47508.300
Init pinv, alpha: 0.011, 1.456 / Estimate: 0.011, 1.454 / LogL: -47508.298
Init pinv, alpha: 0.013, 1.456 / Estimate: 0.011, 1.453 / LogL: -47508.298
Init pinv, alpha: 0.014, 1.456 / Estimate: 0.011, 1.453 / LogL: -47508.298
Optimal pinv,alpha: 0.011, 1.453 / LogL: -47508.298

Parameters optimization took 9.755 sec
Computing ML distances based on estimated model parameters...
Computing ML distances took 0.263328 sec (of wall-clock time) 0.262517 sec(of CPU time)
Computing RapidNJ tree took 0.000232 sec (of wall-clock time) 0.000000 sec (of CPU time)
Log-likelihood of RapidNJ tree: -47581.249
--------------------------------------------------------------------
|             INITIALIZING CANDIDATE TREE SET                      |
--------------------------------------------------------------------
Generating 98 parsimony trees... 2.446 second
Computing log-likelihood of 98 initial trees ... 11.073 seconds
Current best score: -47508.298

Do NNI search on 20 best initial trees
Estimate model parameters (epsilon = 0.100)
BETTER TREE FOUND at iteration 1: -47508.298
Estimate model parameters (epsilon = 0.100)
UPDATE BEST LOG-LIKELIHOOD: -47507.963
Iteration 10 / LogL: -47508.334 / Time: 0h:0m:43s
Iteration 20 / LogL: -47508.409 / Time: 0h:1m:5s
Finish initializing candidate tree set (6)
Current best tree score: -47507.963 / CPU time: 54.806
Number of iterations: 20
--------------------------------------------------------------------
|               OPTIMIZING CANDIDATE TREE SET                      |
--------------------------------------------------------------------
Iteration 30 / LogL: -47510.241 / Time: 0h:1m:26s (0h:8m:30s left)
Iteration 40 / LogL: -47512.221 / Time: 0h:1m:47s (0h:7m:23s left)
Iteration 50 / LogL: -47508.352 / Time: 0h:2m:8s (0h:6m:34s left)
Log-likelihood cutoff on original alignment: -47548.648
Iteration 60 / LogL: -47508.877 / Time: 0h:2m:30s (0h:5m:58s left)
Iteration 70 / LogL: -47514.055 / Time: 0h:2m:52s (0h:5m:27s left)
Iteration 80 / LogL: -47507.980 / Time: 0h:3m:13s (0h:4m:55s left)
Iteration 90 / LogL: -47510.166 / Time: 0h:3m:35s (0h:4m:28s left)
Iteration 100 / LogL: -47510.830 / Time: 0h:3m:56s (0h:4m:0s left)
Log-likelihood cutoff on original alignment: -47548.648
NOTE: Bootstrap correlation coefficient of split occurrence frequencies: 1.000
Iteration 110 / LogL: -47508.227 / Time: 0h:4m:17s (0h:3m:34s left)
Iteration 120 / LogL: -47508.188 / Time: 0h:4m:42s (0h:3m:12s left)
Iteration 130 / LogL: -47508.091 / Time: 0h:5m:4s (0h:2m:47s left)
Iteration 140 / LogL: -47513.859 / Time: 0h:5m:25s (0h:2m:22s left)
Iteration 150 / LogL: -47509.977 / Time: 0h:5m:45s (0h:1m:58s left)
Log-likelihood cutoff on original alignment: -47548.648
Iteration 160 / LogL: -47511.707 / Time: 0h:6m:6s (0h:1m:34s left)
Iteration 170 / LogL: -47509.457 / Time: 0h:6m:27s (0h:1m:11s left)
Iteration 180 / LogL: -47508.546 / Time: 0h:6m:49s (0h:0m:48s left)
Iteration 190 / LogL: -47508.717 / Time: 0h:7m:12s (0h:0m:25s left)
Iteration 200 / LogL: -47508.453 / Time: 0h:7m:33s (0h:0m:2s left)
Log-likelihood cutoff on original alignment: -47548.648
NOTE: Bootstrap correlation coefficient of split occurrence frequencies: 1.000
TREE SEARCH COMPLETED AFTER 202 ITERATIONS / Time: 0h:7m:36s

--------------------------------------------------------------------
|                    FINALIZING TREE SEARCH                        |
--------------------------------------------------------------------
Performs final model parameters optimization
Estimate model parameters (epsilon = 0.010)
1. Initial log-likelihood: -47507.963
Optimal log-likelihood: -47507.961
Proportion of invariable sites: 0.011
Gamma shape alpha: 1.455
Parameters optimization took 1 rounds (0.364 sec)
BEST SCORE FOUND : -47507.961
Creating bootstrap support values...
Split supports printed to NEXUS file results_broccoli_meto/alignments/OG_2822.iqtree.splits.nex
Total tree length: 32.710

Total number of iterations: 202
CPU time used for tree search: 445.359 sec (0h:7m:25s)
Wall-clock time used for tree search: 445.834 sec (0h:7m:25s)
Total CPU time used: 456.888 sec (0h:7m:36s)
Total wall-clock time used: 457.849 sec (0h:7m:37s)

Computing bootstrap consensus tree...
Reading input file results_broccoli_meto/alignments/OG_2822.iqtree.splits.nex...
42 taxa and 152 splits.
Consensus tree written to results_broccoli_meto/alignments/OG_2822.iqtree.contree
Reading input trees file results_broccoli_meto/alignments/OG_2822.iqtree.contree
Log-likelihood of consensus tree: -47508.392

Analysis results written to: 
  IQ-TREE report:                results_broccoli_meto/alignments/OG_2822.iqtree.iqtree
  Maximum-likelihood tree:       results_broccoli_meto/alignments/OG_2822.iqtree.treefile
  Likelihood distances:          results_broccoli_meto/alignments/OG_2822.iqtree.mldist

Ultrafast bootstrap approximation results written to:
  Split support values:          results_broccoli_meto/alignments/OG_2822.iqtree.splits.nex
  Consensus tree:                results_broccoli_meto/alignments/OG_2822.iqtree.contree
  Screen log file:               results_broccoli_meto/alignments/OG_2822.iqtree.log

Date and Time: Fri Dec 16 16:15:22 2022
