IQ-TREE multicore version 2.1.0 for Linux 64-bit built Jul 18 2020
Developed by Bui Quang Minh, James Barbetti, Nguyen Lam Tung,
Olga Chernomor, Heiko Schmidt, Dominik Schrempf, Michael Woodhams.

Host:    node-hp0411.linux.crg.es (AVX, 125 GB RAM)
Command: /users/asebe/xgraubove/Programes/iqtree-2.1.0-Linux/bin/iqtree2 -s results_broccoli_meto/alignments/OG_20223.lt.fasta -m TEST -mset LG,WAG,JTT -nt AUTO -ntmax 2 -bb 1000 -pre results_broccoli_meto/alignments/OG_20223.iqtree -nm 10000 -nstop 200 -cptime 1800
Seed:    811165 (Using SPRNG - Scalable Parallel Random Number Generator)
Time:    Fri Dec 16 14:14:59 2022
Kernel:  AVX - auto-detect threads (2 CPU cores detected)

Reading alignment file results_broccoli_meto/alignments/OG_20223.lt.fasta ... Fasta format detected
Alignment most likely contains protein sequences
Alignment has 34 sequences with 93 columns, 93 distinct patterns
92 parsimony-informative, 0 singleton sites, 1 constant sites
                                                         Gap/Ambiguity  Composition  p-value
   1  Hsap_ENST00000441173                                       1.08%    passed      7.60%
   2  Bralan_BLAG14000974_1                                      0.00%    passed     83.35%
   3  Skow_XM_002736120.2                                        0.00%    passed     99.12%
   4  Spur_XM_030981619.1                                        0.00%    passed     96.95%
   5  Cscu_XM_023372378.1                                        3.23%    passed     67.92%
   6  Ctel_gnl_WGS_AMQN_CAPTEDRAFT_mRNA145761                    0.00%    passed     77.61%
   7  Tcas_TC006518_001                                          8.60%    passed     82.05%
   8  Dpul_mRNA25727                                             7.53%    passed     94.48%
   9  Cgig_XM_020068053.2                                        0.00%    passed     73.75%
  10  Exapal_XM_021047940.2                                      2.15%    passed     68.58%
  11  Adig_XM_015898655.1                                        2.15%    passed     99.48%
  12  Amil_Amillepora24743-RA                                    2.15%    passed     99.65%
  13  Fspp_ffun1.m4.26181.m1                                     2.15%    passed    100.00%
  14  Gasp_gasp1.m1b.2179.m1                                     2.15%    passed     99.83%
  15  Spis_XP_022779089_1                                        2.15%    passed     99.98%
  16  Pocdam_XM_027191880.1                                      2.15%    passed     99.97%
  17  Gfas_gfas1.m1.11247.m1                                     0.00%    passed     96.17%
  18  Nvec_v1g232793                                             3.23%    passed     93.28%
  19  Aaur_scaffold719.g8.t1                                    70.97%    passed     86.32%
  20  Nemnom_g5614.t1                                            3.23%    passed     99.73%
  21  Rhoesc_Res_007568-T2                                       3.23%    passed     99.66%
  22  Morvir_scaffold1.g314.t1                                   4.30%    passed     92.88%
  23  Dgig_XM_028545554.1                                        4.30%    passed     90.97%
  24  Xesp_014204-T1                                            10.75%    passed     34.27%
  25  Hvul_g27267_1                                              0.00%    passed     70.10%
  26  Sanmal_Sma_015380-T1                                       5.38%    passed      9.77%
  27  Aque_Aqu2.1.09970_001                                      6.45%    passed     43.74%
  28  Xestes_maker-XT_scaffold118594-augustus-gene-0.7-mRNA-1   29.03%    passed     78.75%
  29  Tadh_hyp_clust1035.t1                                     53.76%    passed     95.08%
  30  TrH2_TrispH2_000952-RA                                    25.81%    passed     94.11%
  31  HoiH11_mRNA6847                                           26.88%    passed     91.49%
  32  Hhon_g03190.t1                                             6.45%    passed     98.12%
  33  HoiH04_mRNA821                                             6.45%    passed     98.12%
  34  Acagra_model.g17043.t1                                    21.51%    passed     15.98%
WARNING: 2 sequences contain more than 50% gaps/ambiguity
****  TOTAL                                                      9.33%  0 sequences failed composition chi2 test (p-value<5%; df=19)
NOTE: HoiH04_mRNA821 is identical to Hhon_g03190.t1 but kept for subsequent analysis


Create initial parsimony tree by phylogenetic likelihood library (PLL)... 0.003 seconds
Measuring multi-threading efficiency up to 2 CPU cores
Increase to 10 rounds for branch lengths
23 trees examined
Threads: 1 / Time: 2.018 sec / Speedup: 1.000 / Efficiency: 100% / LogL: -5064
Threads: 2 / Time: 1.193 sec / Speedup: 1.692 / Efficiency: 85% / LogL: -5064
BEST NUMBER OF THREADS: 2

Perform fast likelihood tree search using LG+I+G model...
Estimate model parameters (epsilon = 5.000)
Perform nearest neighbor interchange...
Estimate model parameters (epsilon = 1.000)
1. Initial log-likelihood: -4063.501
Optimal log-likelihood: -4063.501
Proportion of invariable sites: 0.004
Gamma shape alpha: 1.844
Parameters optimization took 1 rounds (0.020 sec)
Time for fast ML tree search: 0.203 seconds

NOTE: ModelFinder requires 2 MB RAM!
ModelFinder will test up to 24 protein models (sample size: 93) ...
 No. Model         -LnL         df  AIC          AICc         BIC
  1  LG            4150.935     65  8431.870     8749.648     8596.489
  2  LG+I          4146.222     66  8424.443     8764.597     8591.595
  3  LG+G4         4063.577     66  8259.154     8599.308     8426.306
  4  LG+I+G4       4063.501     67  8261.002     8625.482     8430.686
  7  LG+F+G4       4053.346     85  8276.691     10365.263    8491.962
  8  LG+F+I+G4     4053.147     86  8278.294     10772.294    8496.097
 11  WAG+G4        4095.693     66  8323.385     8663.539     8490.537
 12  WAG+I+G4      4095.715     67  8325.429     8689.909     8495.113
 15  WAG+F+G4      4084.316     85  8338.633     10427.204    8553.904
 16  WAG+F+I+G4    4084.253     86  8340.506     10834.506    8558.309
 19  JTT+G4        4087.290     66  8306.580     8646.734     8473.732
 20  JTT+I+G4      4087.320     67  8308.640     8673.120     8478.324
 23  JTT+F+G4      4078.610     85  8327.219     10415.791    8542.490
 24  JTT+F+I+G4    4078.641     86  8329.282     10823.282    8547.086
Akaike Information Criterion:           LG+G4
Corrected Akaike Information Criterion: LG+G4
Bayesian Information Criterion:         LG+G4
Best-fit model: LG+G4 chosen according to BIC

All model information printed to results_broccoli_meto/alignments/OG_20223.iqtree.model.gz
CPU time for ModelFinder: 6.474 seconds (0h:0m:6s)
Wall-clock time for ModelFinder: 4.242 seconds (0h:0m:4s)
Generating 1000 samples for ultrafast bootstrap (seed: 811165)...

NOTE: 2 MB RAM (0 GB) is required!
Estimate model parameters (epsilon = 0.100)
1. Initial log-likelihood: -4063.577
Optimal log-likelihood: -4063.577
Gamma shape alpha: 1.800
Parameters optimization took 1 rounds (0.017 sec)
Computing ML distances based on estimated model parameters...
Computing ML distances took 0.069088 sec (of wall-clock time) 0.138138 sec(of CPU time)
WARNING: Some pairwise ML distances are too long (saturated)
Computing RapidNJ tree took 0.000738 sec (of wall-clock time) 0.000000 sec (of CPU time)
Log-likelihood of RapidNJ tree: -4076.057
--------------------------------------------------------------------
|             INITIALIZING CANDIDATE TREE SET                      |
--------------------------------------------------------------------
Generating 98 parsimony trees... 0.400 second
Computing log-likelihood of 98 initial trees ... 0.622 seconds
Current best score: -4062.392

Do NNI search on 20 best initial trees
Estimate model parameters (epsilon = 0.100)
BETTER TREE FOUND at iteration 1: -4044.284
Estimate model parameters (epsilon = 0.100)
BETTER TREE FOUND at iteration 3: -4042.357
Estimate model parameters (epsilon = 0.100)
BETTER TREE FOUND at iteration 5: -4040.664
Iteration 10 / LogL: -4047.501 / Time: 0h:0m:2s
Iteration 20 / LogL: -4054.162 / Time: 0h:0m:4s
Finish initializing candidate tree set (18)
Current best tree score: -4040.664 / CPU time: 4.473
Number of iterations: 20
--------------------------------------------------------------------
|               OPTIMIZING CANDIDATE TREE SET                      |
--------------------------------------------------------------------
Estimate model parameters (epsilon = 0.100)
UPDATE BEST LOG-LIKELIHOOD: -4040.360
Iteration 30 / LogL: -4040.506 / Time: 0h:0m:6s (0h:0m:39s left)
Iteration 40 / LogL: -4040.459 / Time: 0h:0m:8s (0h:0m:34s left)
Estimate model parameters (epsilon = 0.100)
BETTER TREE FOUND at iteration 46: -4040.198
Iteration 50 / LogL: -4040.740 / Time: 0h:0m:9s (0h:0m:39s left)
Log-likelihood cutoff on original alignment: -4072.375
UPDATE BEST LOG-LIKELIHOOD: -4040.198
Iteration 60 / LogL: -4040.690 / Time: 0h:0m:11s (0h:0m:36s left)
UPDATE BEST LOG-LIKELIHOOD: -4040.198
Iteration 70 / LogL: -4040.198 / Time: 0h:0m:12s (0h:0m:33s left)
Iteration 80 / LogL: -4040.495 / Time: 0h:0m:14s (0h:0m:30s left)
Iteration 90 / LogL: -4041.752 / Time: 0h:0m:15s (0h:0m:27s left)
UPDATE BEST LOG-LIKELIHOOD: -4040.198
Iteration 100 / LogL: -4043.529 / Time: 0h:0m:17s (0h:0m:25s left)
Log-likelihood cutoff on original alignment: -4072.375
NOTE: Bootstrap correlation coefficient of split occurrence frequencies: 0.997
Iteration 110 / LogL: -4040.424 / Time: 0h:0m:19s (0h:0m:23s left)
UPDATE BEST LOG-LIKELIHOOD: -4040.198
Iteration 120 / LogL: -4040.748 / Time: 0h:0m:20s (0h:0m:22s left)
Iteration 130 / LogL: -4041.449 / Time: 0h:0m:22s (0h:0m:20s left)
Iteration 140 / LogL: -4040.199 / Time: 0h:0m:24s (0h:0m:18s left)
Iteration 150 / LogL: -4040.579 / Time: 0h:0m:25s (0h:0m:16s left)
Log-likelihood cutoff on original alignment: -4072.375
Iteration 160 / LogL: -4041.420 / Time: 0h:0m:27s (0h:0m:14s left)
Iteration 170 / LogL: -4040.198 / Time: 0h:0m:29s (0h:0m:13s left)
Iteration 180 / LogL: -4040.755 / Time: 0h:0m:30s (0h:0m:11s left)
Iteration 190 / LogL: -4040.199 / Time: 0h:0m:32s (0h:0m:9s left)
Iteration 200 / LogL: -4040.579 / Time: 0h:0m:33s (0h:0m:7s left)
Log-likelihood cutoff on original alignment: -4072.375
NOTE: Bootstrap correlation coefficient of split occurrence frequencies: 0.999
Iteration 210 / LogL: -4040.200 / Time: 0h:0m:35s (0h:0m:15s left)
Iteration 220 / LogL: -4040.581 / Time: 0h:0m:37s (0h:0m:13s left)
Iteration 230 / LogL: -4040.200 / Time: 0h:0m:38s (0h:0m:11s left)
Iteration 240 / LogL: -4040.580 / Time: 0h:0m:40s (0h:0m:10s left)
UPDATE BEST LOG-LIKELIHOOD: -4040.197
TREE SEARCH COMPLETED AFTER 247 ITERATIONS / Time: 0h:0m:41s

--------------------------------------------------------------------
|                    FINALIZING TREE SEARCH                        |
--------------------------------------------------------------------
Performs final model parameters optimization
Estimate model parameters (epsilon = 0.010)
1. Initial log-likelihood: -4040.197
Optimal log-likelihood: -4040.197
Gamma shape alpha: 1.742
Parameters optimization took 1 rounds (0.017 sec)
BEST SCORE FOUND : -4040.197
Creating bootstrap support values...
Split supports printed to NEXUS file results_broccoli_meto/alignments/OG_20223.iqtree.splits.nex
Total tree length: 17.573

Total number of iterations: 247
CPU time used for tree search: 81.853 sec (0h:1m:21s)
Wall-clock time used for tree search: 41.523 sec (0h:0m:41s)
Total CPU time used: 82.502 sec (0h:1m:22s)
Total wall-clock time used: 41.961 sec (0h:0m:41s)

Computing bootstrap consensus tree...
Reading input file results_broccoli_meto/alignments/OG_20223.iqtree.splits.nex...
34 taxa and 482 splits.
Consensus tree written to results_broccoli_meto/alignments/OG_20223.iqtree.contree
Reading input trees file results_broccoli_meto/alignments/OG_20223.iqtree.contree
Log-likelihood of consensus tree: -4041.351

Analysis results written to: 
  IQ-TREE report:                results_broccoli_meto/alignments/OG_20223.iqtree.iqtree
  Maximum-likelihood tree:       results_broccoli_meto/alignments/OG_20223.iqtree.treefile
  Likelihood distances:          results_broccoli_meto/alignments/OG_20223.iqtree.mldist

Ultrafast bootstrap approximation results written to:
  Split support values:          results_broccoli_meto/alignments/OG_20223.iqtree.splits.nex
  Consensus tree:                results_broccoli_meto/alignments/OG_20223.iqtree.contree
  Screen log file:               results_broccoli_meto/alignments/OG_20223.iqtree.log

Date and Time: Fri Dec 16 14:15:46 2022
