IQ-TREE multicore version 2.1.0 for Linux 64-bit built Jul 18 2020
Developed by Bui Quang Minh, James Barbetti, Nguyen Lam Tung,
Olga Chernomor, Heiko Schmidt, Dominik Schrempf, Michael Woodhams.

Host:    node-hp0410.linux.crg.es (AVX, 125 GB RAM)
Command: /users/asebe/xgraubove/Programes/iqtree-2.1.0-Linux/bin/iqtree2 -s results_broccoli_meto/alignments/OG_204.lt.fasta -m TEST -mset LG,WAG,JTT -nt AUTO -ntmax 2 -bb 1000 -pre results_broccoli_meto/alignments/OG_204.iqtree -nm 10000 -nstop 200 -cptime 1800
Seed:    395087 (Using SPRNG - Scalable Parallel Random Number Generator)
Time:    Fri Dec 16 14:19:19 2022
Kernel:  AVX - auto-detect threads (2 CPU cores detected)

Reading alignment file results_broccoli_meto/alignments/OG_204.lt.fasta ... Fasta format detected
Alignment most likely contains protein sequences
Alignment has 59 sequences with 234 columns, 234 distinct patterns
225 parsimony-informative, 0 singleton sites, 9 constant sites
                                                    Gap/Ambiguity  Composition  p-value
   1  Hsap_ENST00000414833                                  1.71%    passed     99.85%
   2  Spur_XM_030991535.1                                   0.00%    passed     86.37%
   3  Ctel_gnl_WGS_AMQN_CAPTEDRAFT_mRNA153600               3.42%    passed     79.49%
   4  Cgig_XM_011434515.3                                   1.28%    passed     95.43%
   5  Acagra_model.g14107.t1                                3.85%    passed     98.41%
   6  Exapal_XM_021041182.1                                 5.13%    passed     95.95%
   7  Nvec_v1g237567                                        4.70%    passed     99.04%
   8  Adig_XM_015902317.1                                   0.43%    passed     99.94%
   9  Amil_Amillepora06279-RA                               4.70%    passed     99.82%
  10  Gasp_gasp1.m3.19214.m1                               56.41%    passed     81.94%
  11  Spis_XP_022793090_1                                   0.43%    passed    100.00%
  12  Pocdam_XM_027186769.1                                 0.43%    passed    100.00%
  13  Gfas_gfas1.m1.2857.m1                                18.80%    passed     99.97%
  14  Dgig_XM_028540587.1                                   3.85%    passed     99.61%
  15  Xesp_005010-T1                                       18.38%    passed     88.67%
  16  Aque_Aqu2.1.39876_001                                58.97%    passed     74.02%
  17  Xestes_maker-XT_scaffold592-snap-gene-0.36-mRNA-1     2.99%    passed     97.06%
  18  Halamb_c43178_g1_i2mm.1237                            2.56%    passed     50.86%
  19  Stycar_maker-SC_scaffold4727-snap-gene-0.15-mRNA-1   49.57%    passed     73.22%
  20  Emue_Em0015g692a.t1                                   8.55%    passed     74.60%
  21  Spolac_c96454_g1_i2_m.13115c96454-g1                  4.70%    passed     81.89%
  22  Plespi_Pspi_C593658_01                                6.41%    passed     49.09%
  23  Aaur_scaffold69.g39.t1                                8.97%    passed     86.35%
  24  Sanmal_Sma_019386-T1                                  1.28%    passed     92.43%
  25  Nemnom_g10706.t1                                     11.11%    passed     39.71%
  26  Rhoesc_Res_006168-T1                                 17.09%    passed     86.95%
  27  Morvir_scaffold359.g7.t1                              2.56%    passed     80.59%
  28  Bralan_BLAG01001811_1                                 3.85%    passed     99.67%
  29  Chem_TCONS_00000631                                   1.71%    passed     95.97%
  30  Opea_EP00118_Oscarella_pearsei_P004023                5.13%    passed     99.84%
  31  Plajan_Pjan_scaffold9181_01                           2.14%    passed     92.13%
  32  Skow_XM_006817865.1                                  30.34%    passed     28.97%
  33  Tadh_TriadT50669                                      3.42%    passed     91.62%
  34  TrH2_TrispH2_001995-RA                                0.43%    passed     90.37%
  35  HoiH06_mRNA13590                                      0.43%    passed     93.39%
  36  HoiH11_mRNA3234                                       3.42%    passed     96.98%
  37  HoiH23_PlH23_008630-RA                               11.11%    passed     73.56%
  38  Cscu_XM_023366257.1                                   0.85%    passed     88.75%
  39  Dpul_mRNA1138                                         6.41%    passed     95.24%
  40  Tcas_TC015165_001                                     9.83%    passed     95.53%
  41  Tetwil_g26794.t2                                     19.66%    passed     50.69%
  42  Scil_scict014676.1                                    7.69%    failed      2.51%
  43  Lcom_lcpid52691                                       7.69%    passed     50.57%
  44  Leuniv_Lniv_C795824_01                                7.69%    passed     34.63%
  45  Gracom_Gcom_C541132_01                                6.41%    failed      0.03%
  46  Clacor_Ccor_C527409_01                                6.41%    passed     76.41%
  47  Mlei_ML0136.g8.i1                                    24.79%    passed     10.19%
  48  Bolinf_Binf_sb1226736                                 6.84%    passed     44.82%
  49  Mertsp_Mesp_sb566246                                  6.41%    passed     45.77%
  50  Drygla_Dgla_sb293582                                  9.40%    passed     55.32%
  51  Beraby_Baby_sb347778                                  9.40%    passed     67.74%
  52  Vmul_sbMO433350                                       7.69%    passed     85.58%
  53  Coemet_Cmet_C584697_01                                9.40%    passed     86.35%
  54  Lampan_Lpan_C410647_01                                9.40%    passed     35.87%
  55  Pbac_sb2648681                                       45.73%    passed     11.24%
  56  Horcal_Hcv1.av93.c3.g1048.i1                          8.12%    passed     88.35%
  57  Eupdun_Edun_sb10649794                               23.50%    passed     53.50%
  58  Hvul_g10800_1                                         2.56%    passed      7.41%
  59  Fspp_ffun1.m4.538.m1                                 66.24%    passed     65.49%
WARNING: 3 sequences contain more than 50% gaps/ambiguity
****  TOTAL                                                11.23%  2 sequences failed composition chi2 test (p-value<5%; df=19)


Create initial parsimony tree by phylogenetic likelihood library (PLL)... 0.018 seconds
Measuring multi-threading efficiency up to 2 CPU cores
Increase to 10 rounds for branch lengths
6 trees examined
Threads: 1 / Time: 2.302 sec / Speedup: 1.000 / Efficiency: 100% / LogL: -17735
Threads: 2 / Time: 1.243 sec / Speedup: 1.852 / Efficiency: 93% / LogL: -17735
BEST NUMBER OF THREADS: 2

Perform fast likelihood tree search using LG+I+G model...
Estimate model parameters (epsilon = 5.000)
Perform nearest neighbor interchange...
Estimate model parameters (epsilon = 1.000)
1. Initial log-likelihood: -12193.426
Optimal log-likelihood: -12193.339
Proportion of invariable sites: 0.030
Gamma shape alpha: 1.417
Parameters optimization took 1 rounds (0.137 sec)
Time for fast ML tree search: 0.908 seconds

NOTE: ModelFinder requires 10 MB RAM!
ModelFinder will test up to 24 protein models (sample size: 234) ...
 No. Model         -LnL         df  AIC          AICc         BIC
  1  LG            12662.049    115 25554.098    25780.200    25951.460
  2  LG+I          12585.430    116 25402.861    25634.861    25803.678
  3  LG+G4         12198.969    116 24629.938    24861.938    25030.755
  4  LG+I+G4       12193.342    117 24620.685    24858.719    25024.958
  7  LG+F+G4       12167.043    135 24604.086    24978.780    25070.554
  8  LG+F+I+G4     12161.975    136 24595.950    24980.115    25065.873
 11  WAG+G4        12296.689    116 24825.378    25057.378    25226.196
 12  WAG+I+G4      12290.147    117 24814.293    25052.328    25218.566
 15  WAG+F+G4      12290.905    135 24851.810    25226.504    25318.279
 16  WAG+F+I+G4    12285.578    136 24843.157    25227.322    25313.080
 19  JTT+G4        12186.536    116 24605.072    24837.072    25005.889
 20  JTT+I+G4      12180.179    117 24594.357    24832.392    24998.630
 23  JTT+F+G4      12141.595    135 24553.190    24927.884    25019.658
 24  JTT+F+I+G4    12135.823    136 24543.646    24927.811    25013.570
Akaike Information Criterion:           JTT+F+I+G4
Corrected Akaike Information Criterion: JTT+I+G4
Bayesian Information Criterion:         JTT+I+G4
Best-fit model: JTT+I+G4 chosen according to BIC

All model information printed to results_broccoli_meto/alignments/OG_204.iqtree.model.gz
CPU time for ModelFinder: 12.954 seconds (0h:0m:12s)
Wall-clock time for ModelFinder: 7.754 seconds (0h:0m:7s)
Generating 1000 samples for ultrafast bootstrap (seed: 395087)...

NOTE: 10 MB RAM (0 GB) is required!
Estimate model parameters (epsilon = 0.100)
Thoroughly optimizing +I+G parameters from 10 start values...
Init pinv, alpha: 0.000, 1.477 / Estimate: 0.000, 1.244 / LogL: -12186.528
Init pinv, alpha: 0.004, 1.477 / Estimate: 0.030, 1.474 / LogL: -12180.182
Init pinv, alpha: 0.009, 1.477 / Estimate: 0.030, 1.471 / LogL: -12180.185
Init pinv, alpha: 0.013, 1.477 / Estimate: 0.030, 1.474 / LogL: -12180.180
Init pinv, alpha: 0.017, 1.477 / Estimate: 0.030, 1.476 / LogL: -12180.178
Init pinv, alpha: 0.021, 1.477 / Estimate: 0.030, 1.473 / LogL: -12180.180
Init pinv, alpha: 0.026, 1.477 / Estimate: 0.030, 1.469 / LogL: -12180.186
Init pinv, alpha: 0.030, 1.477 / Estimate: 0.031, 1.477 / LogL: -12180.177
Init pinv, alpha: 0.034, 1.477 / Estimate: 0.031, 1.482 / LogL: -12180.178
Init pinv, alpha: 0.038, 1.477 / Estimate: 0.031, 1.480 / LogL: -12180.177
Optimal pinv,alpha: 0.031, 1.477 / LogL: -12180.177

Parameters optimization took 2.112 sec
Computing ML distances based on estimated model parameters...
Computing ML distances took 0.189547 sec (of wall-clock time) 0.373471 sec(of CPU time)
WARNING: Some pairwise ML distances are too long (saturated)
Computing RapidNJ tree took 0.000904 sec (of wall-clock time) 0.000780 sec (of CPU time)
Log-likelihood of RapidNJ tree: -12388.328
--------------------------------------------------------------------
|             INITIALIZING CANDIDATE TREE SET                      |
--------------------------------------------------------------------
Generating 98 parsimony trees... 1.263 second
Computing log-likelihood of 98 initial trees ... 2.504 seconds
Current best score: -12180.177

Do NNI search on 20 best initial trees
Estimate model parameters (epsilon = 0.100)
BETTER TREE FOUND at iteration 1: -12176.842
Estimate model parameters (epsilon = 0.100)
BETTER TREE FOUND at iteration 2: -12165.681
Estimate model parameters (epsilon = 0.100)
BETTER TREE FOUND at iteration 3: -12165.250
Estimate model parameters (epsilon = 0.100)
BETTER TREE FOUND at iteration 5: -12163.625
Iteration 10 / LogL: -12163.825 / Time: 0h:0m:11s
Estimate model parameters (epsilon = 0.100)
BETTER TREE FOUND at iteration 11: -12163.535
Iteration 20 / LogL: -12181.031 / Time: 0h:0m:16s
Finish initializing candidate tree set (10)
Current best tree score: -12163.535 / CPU time: 13.438
Number of iterations: 20
--------------------------------------------------------------------
|               OPTIMIZING CANDIDATE TREE SET                      |
--------------------------------------------------------------------
Iteration 30 / LogL: -12163.787 / Time: 0h:0m:21s (0h:2m:15s left)
Iteration 40 / LogL: -12163.792 / Time: 0h:0m:27s (0h:2m:1s left)
Iteration 50 / LogL: -12163.575 / Time: 0h:0m:33s (0h:1m:48s left)
Log-likelihood cutoff on original alignment: -12220.317
Iteration 60 / LogL: -12163.857 / Time: 0h:0m:39s (0h:1m:40s left)
Iteration 70 / LogL: -12165.416 / Time: 0h:0m:44s (0h:1m:31s left)
Iteration 80 / LogL: -12163.795 / Time: 0h:0m:50s (0h:1m:23s left)
Iteration 90 / LogL: -12163.787 / Time: 0h:0m:56s (0h:1m:16s left)
Iteration 100 / LogL: -12168.290 / Time: 0h:1m:2s (0h:1m:9s left)
Log-likelihood cutoff on original alignment: -12218.412
NOTE: Bootstrap correlation coefficient of split occurrence frequencies: 0.997
Iteration 110 / LogL: -12163.781 / Time: 0h:1m:8s (0h:1m:3s left)
Iteration 120 / LogL: -12163.580 / Time: 0h:1m:13s (0h:0m:56s left)
Iteration 130 / LogL: -12163.779 / Time: 0h:1m:19s (0h:0m:49s left)
Iteration 140 / LogL: -12171.699 / Time: 0h:1m:24s (0h:0m:43s left)
Iteration 150 / LogL: -12163.772 / Time: 0h:1m:29s (0h:0m:36s left)
Log-likelihood cutoff on original alignment: -12218.412
Iteration 160 / LogL: -12163.799 / Time: 0h:1m:35s (0h:0m:30s left)
Iteration 170 / LogL: -12171.762 / Time: 0h:1m:41s (0h:0m:24s left)
Iteration 180 / LogL: -12163.785 / Time: 0h:1m:46s (0h:0m:18s left)
Iteration 190 / LogL: -12165.615 / Time: 0h:1m:51s (0h:0m:12s left)
Iteration 200 / LogL: -12163.784 / Time: 0h:1m:57s (0h:0m:6s left)
Log-likelihood cutoff on original alignment: -12218.412
NOTE: Bootstrap correlation coefficient of split occurrence frequencies: 0.999
Iteration 210 / LogL: -12163.802 / Time: 0h:2m:3s (0h:0m:52s left)
TREE SEARCH COMPLETED AFTER 212 ITERATIONS / Time: 0h:2m:4s

--------------------------------------------------------------------
|                    FINALIZING TREE SEARCH                        |
--------------------------------------------------------------------
Performs final model parameters optimization
Estimate model parameters (epsilon = 0.010)
1. Initial log-likelihood: -12163.535
Optimal log-likelihood: -12163.534
Proportion of invariable sites: 0.031
Gamma shape alpha: 1.498
Parameters optimization took 1 rounds (0.081 sec)
BEST SCORE FOUND : -12163.534
Creating bootstrap support values...
Split supports printed to NEXUS file results_broccoli_meto/alignments/OG_204.iqtree.splits.nex
Total tree length: 16.512

Total number of iterations: 212
CPU time used for tree search: 238.852 sec (0h:3m:58s)
Wall-clock time used for tree search: 121.327 sec (0h:2m:1s)
Total CPU time used: 244.522 sec (0h:4m:4s)
Total wall-clock time used: 124.438 sec (0h:2m:4s)

Computing bootstrap consensus tree...
Reading input file results_broccoli_meto/alignments/OG_204.iqtree.splits.nex...
59 taxa and 317 splits.
Consensus tree written to results_broccoli_meto/alignments/OG_204.iqtree.contree
Reading input trees file results_broccoli_meto/alignments/OG_204.iqtree.contree
Log-likelihood of consensus tree: -12163.777

Analysis results written to: 
  IQ-TREE report:                results_broccoli_meto/alignments/OG_204.iqtree.iqtree
  Maximum-likelihood tree:       results_broccoli_meto/alignments/OG_204.iqtree.treefile
  Likelihood distances:          results_broccoli_meto/alignments/OG_204.iqtree.mldist

Ultrafast bootstrap approximation results written to:
  Split support values:          results_broccoli_meto/alignments/OG_204.iqtree.splits.nex
  Consensus tree:                results_broccoli_meto/alignments/OG_204.iqtree.contree
  Screen log file:               results_broccoli_meto/alignments/OG_204.iqtree.log

Date and Time: Fri Dec 16 14:21:32 2022
