IQ-TREE multicore version 2.1.0 for Linux 64-bit built Jul 18 2020
Developed by Bui Quang Minh, James Barbetti, Nguyen Lam Tung,
Olga Chernomor, Heiko Schmidt, Dominik Schrempf, Michael Woodhams.

Host:    node-hp0308.linux.crg.es (AVX, 125 GB RAM)
Command: /users/asebe/xgraubove/Programes/iqtree-2.1.0-Linux/bin/iqtree2 -s results_broccoli_meto/alignments/OG_2253.lt.fasta -m TEST -mset LG,WAG,JTT -nt AUTO -ntmax 2 -bb 1000 -pre results_broccoli_meto/alignments/OG_2253.iqtree -nm 10000 -nstop 200 -cptime 1800
Seed:    620617 (Using SPRNG - Scalable Parallel Random Number Generator)
Time:    Fri Dec 16 14:46:52 2022
Kernel:  AVX - auto-detect threads (2 CPU cores detected)

Reading alignment file results_broccoli_meto/alignments/OG_2253.lt.fasta ... Fasta format detected
Alignment most likely contains protein sequences
Alignment has 39 sequences with 111 columns, 111 distinct patterns
111 parsimony-informative, 0 singleton sites, 0 constant sites
                                                    Gap/Ambiguity  Composition  p-value
   1  Hsap_ENST00000223129                                  0.90%    passed     61.27%
   2  Bralan_BLAG10000442_1                                 2.70%    passed     97.75%
   3  Spur_XM_030990518.1                                   2.70%    passed     66.34%
   4  Cgig_XM_011449430.3                                   1.80%    passed     99.19%
   5  Acagra_model.g26718.t1                                0.00%    passed     71.67%
   6  Cscu_XM_023367579.1                                   6.31%    passed     72.26%
   7  Nvec_v1g236362                                        1.80%    passed     84.68%
   8  Adig_XM_015892371.1                                  18.02%    passed     99.79%
   9  Amil_Amillepora11259-RA                              24.32%    passed     89.03%
  10  Gfas_gfas1.m1.15519.m1                                2.70%    passed     83.12%
  11  Fspp_ffun1.m4.3119.m1                                 2.70%    passed     99.61%
  12  Gasp_gasp1.m3.22367.m1                                2.70%    passed     99.75%
  13  Spis_XP_022785896_1                                   2.70%    passed     96.54%
  14  Pocdam_XM_027181087.1                                 2.70%    passed     99.66%
  15  Tadh_wf_g2825.t1                                      9.91%    passed     95.07%
  16  TrH2_TrispH2_004783-RA                                9.91%    passed     91.48%
  17  HoiH06_mRNA2032                                       9.01%    passed     77.06%
  18  HoiH23_PlH23_003896-RA                                9.01%    passed     83.48%
  19  Hhon_g02829.t1                                        9.01%    passed     51.37%
  20  HoiH04_mRNA1230                                       9.01%    passed     51.37%
  21  Hvul_g10954_1                                         2.70%    passed     99.53%
  22  Aaur_scaffold214.g14.t1                               0.90%    passed     97.17%
  23  Nemnom_g16779.t1                                      5.41%    passed     97.74%
  24  Rhoesc_Res_005595-T1                                  5.41%    passed     96.49%
  25  Sanmal_Sma_005319-T1                                  0.90%    passed     53.31%
  26  Dgig_XM_028541241.1                                   0.90%    passed     97.59%
  27  Xesp_009855-T1                                        1.80%    passed     64.62%
  28  Aque_Aqu2.1.42068_001                                 6.31%    passed     24.08%
  29  Halamb_c38560_g1_i1m.10919                            7.21%    passed      8.84%
  30  Emue_Em0004g22a.t1                                   17.12%    passed     42.61%
  31  Spolac_c45768_g1_i1_m.1333c45768-g1                   6.31%    passed     64.62%
  32  Tetwil_g12523.t1                                     20.72%    passed     53.95%
  33  Stycar_maker-SC_scaffold5389-snap-gene-0.11-mRNA-1   19.82%    passed     83.22%
  34  Scil_scict017739.1                                    6.31%    passed     44.82%
  35  Lcom_lcpid147572                                      6.31%    passed     19.08%
  36  Dpul_mRNA10807                                       13.51%    passed     96.94%
  37  Ctel_gnl_WGS_AMQN_CAPTEDRAFT_mRNA203407               5.41%    passed     22.34%
  38  Tcas_TC012056_001                                     4.50%    passed     90.04%
  39  Horcal_Hcv1.av93.c13.g355.i1                          8.11%    passed     16.96%
****  TOTAL                                                 6.86%  0 sequences failed composition chi2 test (p-value<5%; df=19)
NOTE: HoiH04_mRNA1230 is identical to Hhon_g02829.t1 but kept for subsequent analysis


Create initial parsimony tree by phylogenetic likelihood library (PLL)... 0.004 seconds
Measuring multi-threading efficiency up to 2 CPU cores
Increase to 10 rounds for branch lengths
17 trees examined
Threads: 1 / Time: 2.096 sec / Speedup: 1.000 / Efficiency: 100% / LogL: -7712
Threads: 2 / Time: 1.203 sec / Speedup: 1.742 / Efficiency: 87% / LogL: -7712
BEST NUMBER OF THREADS: 2

Perform fast likelihood tree search using LG+G model...
Estimate model parameters (epsilon = 5.000)
Perform nearest neighbor interchange...
Estimate model parameters (epsilon = 1.000)
1. Initial log-likelihood: -6067.600
Optimal log-likelihood: -6067.396
Gamma shape alpha: 2.595
Parameters optimization took 1 rounds (0.045 sec)
Time for fast ML tree search: 0.241 seconds

NOTE: ModelFinder requires 3 MB RAM!
ModelFinder will test up to 12 protein models (sample size: 111) ...
 No. Model         -LnL         df  AIC          AICc         BIC
  1  LG            6154.559     75  12459.118    12784.832    12662.333
  2  LG+G4         6067.392     76  12286.784    12631.019    12492.708
  4  LG+F+G4       6037.212     95  12264.424    13480.424    12521.829
  6  WAG+G4        6099.716     76  12351.431    12695.667    12557.356
  8  WAG+F+G4      6069.028     95  12328.057    13544.057    12585.462
 10  JTT+G4        6085.150     76  12322.300    12666.536    12528.225
 12  JTT+F+G4      6060.294     95  12310.588    13526.588    12567.994
Akaike Information Criterion:           LG+F+G4
Corrected Akaike Information Criterion: LG+G4
Bayesian Information Criterion:         LG+G4
Best-fit model: LG+G4 chosen according to BIC

All model information printed to results_broccoli_meto/alignments/OG_2253.iqtree.model.gz
CPU time for ModelFinder: 6.053 seconds (0h:0m:6s)
Wall-clock time for ModelFinder: 4.071 seconds (0h:0m:4s)
Generating 1000 samples for ultrafast bootstrap (seed: 620617)...

NOTE: 3 MB RAM (0 GB) is required!
Estimate model parameters (epsilon = 0.100)
1. Initial log-likelihood: -6067.392
Optimal log-likelihood: -6067.392
Gamma shape alpha: 2.593
Parameters optimization took 1 rounds (0.024 sec)
Computing ML distances based on estimated model parameters...
Computing ML distances took 0.094992 sec (of wall-clock time) 0.187132 sec(of CPU time)
Computing RapidNJ tree took 0.000590 sec (of wall-clock time) 0.001132 sec (of CPU time)
Log-likelihood of RapidNJ tree: -6101.329
--------------------------------------------------------------------
|             INITIALIZING CANDIDATE TREE SET                      |
--------------------------------------------------------------------
Generating 98 parsimony trees... 0.535 second
Computing log-likelihood of 98 initial trees ... 0.866 seconds
Current best score: -6067.392

Do NNI search on 20 best initial trees
Estimate model parameters (epsilon = 0.100)
BETTER TREE FOUND at iteration 1: -6067.391
Estimate model parameters (epsilon = 0.100)
BETTER TREE FOUND at iteration 3: -6065.410
Iteration 10 / LogL: -6067.600 / Time: 0h:0m:2s
Iteration 20 / LogL: -6065.486 / Time: 0h:0m:4s
Finish initializing candidate tree set (2)
Current best tree score: -6065.410 / CPU time: 3.879
Number of iterations: 20
--------------------------------------------------------------------
|               OPTIMIZING CANDIDATE TREE SET                      |
--------------------------------------------------------------------
Iteration 30 / LogL: -6065.501 / Time: 0h:0m:5s (0h:0m:34s left)
Iteration 40 / LogL: -6065.490 / Time: 0h:0m:7s (0h:0m:31s left)
Iteration 50 / LogL: -6065.480 / Time: 0h:0m:9s (0h:0m:29s left)
Log-likelihood cutoff on original alignment: -6097.437
Iteration 60 / LogL: -6065.517 / Time: 0h:0m:11s (0h:0m:26s left)
Iteration 70 / LogL: -6065.495 / Time: 0h:0m:12s (0h:0m:24s left)
Iteration 80 / LogL: -6066.730 / Time: 0h:0m:14s (0h:0m:22s left)
Iteration 90 / LogL: -6065.478 / Time: 0h:0m:16s (0h:0m:20s left)
Iteration 100 / LogL: -6067.548 / Time: 0h:0m:18s (0h:0m:19s left)
Log-likelihood cutoff on original alignment: -6096.501
NOTE: Bootstrap correlation coefficient of split occurrence frequencies: 0.997
Iteration 110 / LogL: -6065.515 / Time: 0h:0m:20s (0h:0m:17s left)
Iteration 120 / LogL: -6067.473 / Time: 0h:0m:22s (0h:0m:15s left)
Iteration 130 / LogL: -6066.204 / Time: 0h:0m:23s (0h:0m:13s left)
Iteration 140 / LogL: -6065.499 / Time: 0h:0m:25s (0h:0m:11s left)
Iteration 150 / LogL: -6065.504 / Time: 0h:0m:27s (0h:0m:9s left)
Log-likelihood cutoff on original alignment: -6096.501
Iteration 160 / LogL: -6065.445 / Time: 0h:0m:29s (0h:0m:7s left)
Iteration 170 / LogL: -6065.589 / Time: 0h:0m:31s (0h:0m:6s left)
Iteration 180 / LogL: -6069.236 / Time: 0h:0m:32s (0h:0m:4s left)
Iteration 190 / LogL: -6067.634 / Time: 0h:0m:34s (0h:0m:2s left)
Iteration 200 / LogL: -6065.508 / Time: 0h:0m:36s (0h:0m:0s left)
Log-likelihood cutoff on original alignment: -6096.501
NOTE: Bootstrap correlation coefficient of split occurrence frequencies: 0.999
TREE SEARCH COMPLETED AFTER 204 ITERATIONS / Time: 0h:0m:37s

--------------------------------------------------------------------
|                    FINALIZING TREE SEARCH                        |
--------------------------------------------------------------------
Performs final model parameters optimization
Estimate model parameters (epsilon = 0.010)
1. Initial log-likelihood: -6065.410
Optimal log-likelihood: -6065.409
Gamma shape alpha: 2.632
Parameters optimization took 1 rounds (0.023 sec)
BEST SCORE FOUND : -6065.409
Creating bootstrap support values...
Split supports printed to NEXUS file results_broccoli_meto/alignments/OG_2253.iqtree.splits.nex
Total tree length: 21.391

Total number of iterations: 204
CPU time used for tree search: 72.594 sec (0h:1m:12s)
Wall-clock time used for tree search: 36.865 sec (0h:0m:36s)
Total CPU time used: 73.260 sec (0h:1m:13s)
Total wall-clock time used: 37.270 sec (0h:0m:37s)

Computing bootstrap consensus tree...
Reading input file results_broccoli_meto/alignments/OG_2253.iqtree.splits.nex...
39 taxa and 291 splits.
Consensus tree written to results_broccoli_meto/alignments/OG_2253.iqtree.contree
Reading input trees file results_broccoli_meto/alignments/OG_2253.iqtree.contree
Log-likelihood of consensus tree: -6065.555

Analysis results written to: 
  IQ-TREE report:                results_broccoli_meto/alignments/OG_2253.iqtree.iqtree
  Maximum-likelihood tree:       results_broccoli_meto/alignments/OG_2253.iqtree.treefile
  Likelihood distances:          results_broccoli_meto/alignments/OG_2253.iqtree.mldist

Ultrafast bootstrap approximation results written to:
  Split support values:          results_broccoli_meto/alignments/OG_2253.iqtree.splits.nex
  Consensus tree:                results_broccoli_meto/alignments/OG_2253.iqtree.contree
  Screen log file:               results_broccoli_meto/alignments/OG_2253.iqtree.log

Date and Time: Fri Dec 16 14:47:34 2022
