IQ-TREE multicore version 2.1.0 for Linux 64-bit built Jul 18 2020
Developed by Bui Quang Minh, James Barbetti, Nguyen Lam Tung,
Olga Chernomor, Heiko Schmidt, Dominik Schrempf, Michael Woodhams.

Host:    node-hp0508.linux.crg.es (AVX, 125 GB RAM)
Command: /users/asebe/xgraubove/Programes/iqtree-2.1.0-Linux/bin/iqtree2 -s results_broccoli_meto/alignments/OG_2826.lt.fasta -m TEST -mset LG,WAG,JTT -nt AUTO -ntmax 2 -bb 1000 -pre results_broccoli_meto/alignments/OG_2826.iqtree -nm 10000 -nstop 200 -cptime 1800
Seed:    723512 (Using SPRNG - Scalable Parallel Random Number Generator)
Time:    Fri Dec 16 16:07:14 2022
Kernel:  AVX - auto-detect threads (2 CPU cores detected)

Reading alignment file results_broccoli_meto/alignments/OG_2826.lt.fasta ... Fasta format detected
Alignment most likely contains protein sequences
Alignment has 54 sequences with 263 columns, 225 distinct patterns
163 parsimony-informative, 0 singleton sites, 100 constant sites
                                                     Gap/Ambiguity  Composition  p-value
   1  Hsap_ENST00000221494                                   0.38%    passed     30.69%
   2  Dpul_mRNA21095                                        18.25%    passed     99.98%
   3  Ctel_gnl_WGS_AMQN_CAPTEDRAFT_mRNA168698               14.07%    passed     99.95%
   4  Cgig_XM_034444869.1                                    7.22%    passed     46.64%
   5  Acagra_model.g2554.t1                                  3.80%    passed     69.21%
   6  Exapal_XM_021038822.1                                 12.17%    passed     99.94%
   7  Adig_XM_015902151.1                                   11.41%    passed     99.93%
   8  Gfas_gfas1.m1.7.m1                                    12.17%    passed     99.99%
   9  Fspp_ffun1.m4.2251.m1                                 13.69%    passed     99.97%
  10  Spis_XP_022799537_1                                   12.17%    passed    100.00%
  11  Pocdam_XM_027181838.1                                 12.17%    passed    100.00%
  12  Gasp_gasp1.m3.3830.m1                                 27.00%    passed     99.82%
  13  Dgig_XM_028559029.1                                    1.14%    passed     95.32%
  14  Xesp_021645-T1                                         6.46%    passed     98.90%
  15  Aque_Aqu2.1.39678_001                                 21.67%    passed     88.15%
  16  Xestes_maker-XT_scaffold190411-snap-gene-0.6-mRNA-1   70.34%    passed     15.30%
  17  Halamb_c48076_g2_i2m.23491                            22.05%    passed     87.13%
  18  Stycar_maker-SC_scaffold990-snap-gene-0.7-mRNA-1      55.51%    passed     52.62%
  19  Emue_Em0017g286a.t1                                   22.81%    passed     78.04%
  20  Spolac_c100646_g1_i1_m.23106c100646-g1                22.81%    passed     75.08%
  21  Tetwil_g25045.t1                                      24.33%    passed     94.43%
  22  Clacor_Ccor_scaffold10195_01                          16.35%    passed     73.46%
  23  Morvir_scaffold14.g54.t1                               2.66%    passed     99.77%
  24  Nemnom_g2706.t1                                        2.66%    passed     99.96%
  25  Rhoesc_Res_003817-T1                                   2.66%    passed    100.00%
  26  Sanmal_Sma_008219-T1                                   1.90%    passed     80.85%
  27  Lcom_lcpid4130                                        18.25%    passed     98.18%
  28  Leuniv_Lniv_C795026_01                                18.63%    passed     98.51%
  29  Gracom_Gcom_C549436_01                                20.15%    passed     99.38%
  30  Chem_TCONS_00055069                                    0.76%    passed     81.81%
  31  Opea_EP00118_Oscarella_pearsei_P028495                28.14%    passed     49.11%
  32  Plajan_Pjan_C537310_01                                21.67%    passed     82.30%
  33  Skow_XM_002731334.2                                    6.08%    passed     98.12%
  34  Cscu_XM_023366782.1                                    7.22%    passed     54.79%
  35  Spur_XM_030993318.1                                    6.08%    passed     56.36%
  36  Tcas_TC007585_001                                     12.55%    passed     96.78%
  37  Bralan_BLAG13000429_1                                  3.04%    passed     48.18%
  38  Tadh_TriadT63497                                      15.59%    passed     64.72%
  39  TrH2_TrispH2_003189-RA                                15.59%    passed     64.72%
  40  HoiH06_mRNA7385                                       15.59%    passed     56.54%
  41  HoiH23_PlH23_002078-RA                                15.59%    passed     51.53%
  42  Hhon_g03676.t1                                        15.59%    passed     57.57%
  43  HoiH04_mRNA6697                                       15.59%    passed     60.32%
  44  HoiH11_mRNA201                                        15.59%    passed     50.31%
  45  Mlei_ML0150.g6.i1                                      0.76%    passed     92.82%
  46  Mertsp_Mesp_sb547095                                  55.13%    passed     16.66%
  47  Bolinf_Binf_sb1220074                                 65.40%    failed      0.00%
  48  Horcal_Hcv1.av93.c8.g554.i1                            3.80%    passed     99.98%
  49  Eupdun_Edun_sb10679788                                26.24%    passed     93.05%
  50  Coemet_Cmet_scaffold2276_01                            9.51%    passed     99.03%
  51  Hvul_g20391_1                                          0.00%    passed     97.18%
  52  Lampan_Lpan_9898_01                                   13.31%    passed     37.49%
  53  Nvec_v1g243113                                        61.60%    passed      7.64%
  54  Amil_Amillepora09967-RA                               11.41%    passed     97.80%
WARNING: 5 sequences contain more than 50% gaps/ambiguity
****  TOTAL                                                 16.98%  1 sequences failed composition chi2 test (p-value<5%; df=19)
NOTE: TrH2_TrispH2_003189-RA is identical to Tadh_TriadT63497 but kept for subsequent analysis


Create initial parsimony tree by phylogenetic likelihood library (PLL)... 0.007 seconds
Measuring multi-threading efficiency up to 2 CPU cores
Increase to 10 rounds for branch lengths
7 trees examined
Threads: 1 / Time: 2.294 sec / Speedup: 1.000 / Efficiency: 100% / LogL: -10366
Threads: 2 / Time: 1.263 sec / Speedup: 1.816 / Efficiency: 91% / LogL: -10366
BEST NUMBER OF THREADS: 2

Perform fast likelihood tree search using LG+I+G model...
Estimate model parameters (epsilon = 5.000)
Perform nearest neighbor interchange...
Estimate model parameters (epsilon = 1.000)
1. Initial log-likelihood: -7359.624
Optimal log-likelihood: -7359.482
Proportion of invariable sites: 0.335
Gamma shape alpha: 0.811
Parameters optimization took 1 rounds (0.068 sec)
Time for fast ML tree search: 0.679 seconds

NOTE: ModelFinder requires 9 MB RAM!
ModelFinder will test up to 24 protein models (sample size: 263) ...
 No. Model         -LnL         df  AIC          AICc         BIC
  1  LG            8327.954     105 16865.907    17007.691    17240.983
  2  LG+I          7726.116     106 15664.233    15809.643    16042.881
  3  LG+G4         7389.364     106 14990.729    15136.139    15369.377
  4  LG+I+G4       7359.461     107 14932.923    15082.033    15315.143
  8  LG+F+I+G4     7328.667     126 14909.333    15144.657    15359.425
 12  WAG+I+G4      7397.918     107 15009.836    15158.945    15392.056
 16  WAG+F+I+G4    7404.482     126 15060.963    15296.287    15511.055
 20  JTT+I+G4      7317.044     107 14848.088    14997.197    15230.308
 24  JTT+F+I+G4    7325.206     126 14902.412    15137.736    15352.504
Akaike Information Criterion:           JTT+I+G4
Corrected Akaike Information Criterion: JTT+I+G4
Bayesian Information Criterion:         JTT+I+G4
Best-fit model: JTT+I+G4 chosen according to BIC

All model information printed to results_broccoli_meto/alignments/OG_2826.iqtree.model.gz
CPU time for ModelFinder: 10.194 seconds (0h:0m:10s)
Wall-clock time for ModelFinder: 6.414 seconds (0h:0m:6s)
Generating 1000 samples for ultrafast bootstrap (seed: 723512)...

NOTE: 9 MB RAM (0 GB) is required!
Estimate model parameters (epsilon = 0.100)
Thoroughly optimizing +I+G parameters from 10 start values...
Init pinv, alpha: 0.000, 0.901 / Estimate: 0.000, 0.378 / LogL: -7337.073
Init pinv, alpha: 0.042, 0.901 / Estimate: 0.329, 0.857 / LogL: -7317.054
Init pinv, alpha: 0.084, 0.901 / Estimate: 0.330, 0.858 / LogL: -7317.050
Init pinv, alpha: 0.127, 0.901 / Estimate: 0.330, 0.858 / LogL: -7317.051
Init pinv, alpha: 0.169, 0.901 / Estimate: 0.330, 0.859 / LogL: -7317.044
Init pinv, alpha: 0.211, 0.901 / Estimate: 0.331, 0.864 / LogL: -7317.033
Init pinv, alpha: 0.253, 0.901 / Estimate: 0.330, 0.859 / LogL: -7317.045
Init pinv, alpha: 0.296, 0.901 / Estimate: 0.330, 0.859 / LogL: -7317.038
Init pinv, alpha: 0.338, 0.901 / Estimate: 0.337, 0.891 / LogL: -7317.012
Init pinv, alpha: 0.380, 0.901 / Estimate: 0.339, 0.899 / LogL: -7317.031
Optimal pinv,alpha: 0.337, 0.891 / LogL: -7317.012

Parameters optimization took 6.705 sec
Computing ML distances based on estimated model parameters...
Computing ML distances took 0.197800 sec (of wall-clock time) 0.394126 sec(of CPU time)
WARNING: Some pairwise ML distances are too long (saturated)
Computing RapidNJ tree took 0.000863 sec (of wall-clock time) 0.000019 sec (of CPU time)
Log-likelihood of RapidNJ tree: -7513.233
--------------------------------------------------------------------
|             INITIALIZING CANDIDATE TREE SET                      |
--------------------------------------------------------------------
Generating 98 parsimony trees... 0.974 second
Computing log-likelihood of 98 initial trees ... 2.125 seconds
Current best score: -7317.012

Do NNI search on 20 best initial trees
Estimate model parameters (epsilon = 0.100)
BETTER TREE FOUND at iteration 1: -7315.924
Estimate model parameters (epsilon = 0.100)
BETTER TREE FOUND at iteration 2: -7312.293
Estimate model parameters (epsilon = 0.100)
BETTER TREE FOUND at iteration 3: -7305.293
Estimate model parameters (epsilon = 0.100)
BETTER TREE FOUND at iteration 6: -7305.233
Iteration 10 / LogL: -7308.990 / Time: 0h:0m:14s
Iteration 20 / LogL: -7313.209 / Time: 0h:0m:17s
Finish initializing candidate tree set (20)
Current best tree score: -7305.233 / CPU time: 10.294
Number of iterations: 20
--------------------------------------------------------------------
|               OPTIMIZING CANDIDATE TREE SET                      |
--------------------------------------------------------------------
Iteration 30 / LogL: -7309.620 / Time: 0h:0m:22s (0h:2m:18s left)
Estimate model parameters (epsilon = 0.100)
BETTER TREE FOUND at iteration 32: -7302.726
Iteration 40 / LogL: -7331.419 / Time: 0h:0m:28s (0h:2m:18s left)
UPDATE BEST LOG-LIKELIHOOD: -7302.726
Iteration 50 / LogL: -7303.816 / Time: 0h:0m:33s (0h:2m:4s left)
Log-likelihood cutoff on original alignment: -7346.475
Iteration 60 / LogL: -7320.759 / Time: 0h:0m:38s (0h:1m:52s left)
UPDATE BEST LOG-LIKELIHOOD: -7302.726
Iteration 70 / LogL: -7302.726 / Time: 0h:0m:44s (0h:1m:43s left)
Iteration 80 / LogL: -7303.449 / Time: 0h:0m:49s (0h:1m:34s left)
Iteration 90 / LogL: -7302.726 / Time: 0h:0m:54s (0h:1m:26s left)
Iteration 100 / LogL: -7302.727 / Time: 0h:0m:58s (0h:1m:18s left)
Log-likelihood cutoff on original alignment: -7346.475
NOTE: Bootstrap correlation coefficient of split occurrence frequencies: 0.997
Iteration 110 / LogL: -7302.727 / Time: 0h:1m:3s (0h:1m:11s left)
UPDATE BEST LOG-LIKELIHOOD: -7302.726
Iteration 120 / LogL: -7305.859 / Time: 0h:1m:8s (0h:1m:4s left)
Iteration 130 / LogL: -7311.437 / Time: 0h:1m:14s (0h:0m:58s left)
Iteration 140 / LogL: -7304.068 / Time: 0h:1m:19s (0h:0m:52s left)
UPDATE BEST LOG-LIKELIHOOD: -7302.726
Iteration 150 / LogL: -7308.765 / Time: 0h:1m:25s (0h:0m:46s left)
Log-likelihood cutoff on original alignment: -7346.475
Iteration 160 / LogL: -7303.736 / Time: 0h:1m:30s (0h:0m:41s left)
UPDATE BEST LOG-LIKELIHOOD: -7302.726
Iteration 170 / LogL: -7302.726 / Time: 0h:1m:36s (0h:0m:35s left)
Iteration 180 / LogL: -7310.708 / Time: 0h:1m:41s (0h:0m:29s left)
Iteration 190 / LogL: -7308.765 / Time: 0h:1m:46s (0h:0m:23s left)
Iteration 200 / LogL: -7302.821 / Time: 0h:1m:52s (0h:0m:18s left)
Log-likelihood cutoff on original alignment: -7346.475
NOTE: Bootstrap correlation coefficient of split occurrence frequencies: 0.999
UPDATE BEST LOG-LIKELIHOOD: -7302.726
Iteration 210 / LogL: -7307.220 / Time: 0h:1m:57s (0h:0m:50s left)
Iteration 220 / LogL: -7304.446 / Time: 0h:2m:2s (0h:0m:44s left)
Iteration 230 / LogL: -7303.396 / Time: 0h:2m:7s (0h:0m:38s left)
TREE SEARCH COMPLETED AFTER 233 ITERATIONS / Time: 0h:2m:9s

--------------------------------------------------------------------
|                    FINALIZING TREE SEARCH                        |
--------------------------------------------------------------------
Performs final model parameters optimization
Estimate model parameters (epsilon = 0.010)
1. Initial log-likelihood: -7302.726
Optimal log-likelihood: -7302.725
Proportion of invariable sites: 0.337
Gamma shape alpha: 0.901
Parameters optimization took 1 rounds (0.068 sec)
BEST SCORE FOUND : -7302.725
Creating bootstrap support values...
Split supports printed to NEXUS file results_broccoli_meto/alignments/OG_2826.iqtree.splits.nex
Total tree length: 9.702

Total number of iterations: 233
CPU time used for tree search: 240.675 sec (0h:4m:0s)
Wall-clock time used for tree search: 121.712 sec (0h:2m:1s)
Total CPU time used: 255.507 sec (0h:4m:15s)
Total wall-clock time used: 129.327 sec (0h:2m:9s)

Computing bootstrap consensus tree...
Reading input file results_broccoli_meto/alignments/OG_2826.iqtree.splits.nex...
54 taxa and 433 splits.
Consensus tree written to results_broccoli_meto/alignments/OG_2826.iqtree.contree
Reading input trees file results_broccoli_meto/alignments/OG_2826.iqtree.contree
Log-likelihood of consensus tree: -7302.727

Analysis results written to: 
  IQ-TREE report:                results_broccoli_meto/alignments/OG_2826.iqtree.iqtree
  Maximum-likelihood tree:       results_broccoli_meto/alignments/OG_2826.iqtree.treefile
  Likelihood distances:          results_broccoli_meto/alignments/OG_2826.iqtree.mldist

Ultrafast bootstrap approximation results written to:
  Split support values:          results_broccoli_meto/alignments/OG_2826.iqtree.splits.nex
  Consensus tree:                results_broccoli_meto/alignments/OG_2826.iqtree.contree
  Screen log file:               results_broccoli_meto/alignments/OG_2826.iqtree.log

Date and Time: Fri Dec 16 16:09:30 2022
