IQ-TREE multicore version 2.1.0 for Linux 64-bit built Jul 18 2020
Developed by Bui Quang Minh, James Barbetti, Nguyen Lam Tung,
Olga Chernomor, Heiko Schmidt, Dominik Schrempf, Michael Woodhams.

Host:    node-hp0406.linux.crg.es (AVX, 125 GB RAM)
Command: /users/asebe/xgraubove/Programes/iqtree-2.1.0-Linux/bin/iqtree2 -s results_broccoli_meto/alignments/OG_20608.lt.fasta -m TEST -mset LG,WAG,JTT -nt AUTO -ntmax 2 -bb 1000 -pre results_broccoli_meto/alignments/OG_20608.iqtree -nm 10000 -nstop 200 -cptime 1800
Seed:    710964 (Using SPRNG - Scalable Parallel Random Number Generator)
Time:    Fri Dec 16 14:20:32 2022
Kernel:  AVX - auto-detect threads (2 CPU cores detected)

Reading alignment file results_broccoli_meto/alignments/OG_20608.lt.fasta ... Fasta format detected
Alignment most likely contains protein sequences
Alignment has 36 sequences with 316 columns, 316 distinct patterns
313 parsimony-informative, 0 singleton sites, 3 constant sites
                                                   Gap/Ambiguity  Composition  p-value
   1  Hsap_ENST00000381431                                 5.06%    passed     88.22%
   2  Bralan_BLAG06000551_1                                1.27%    failed      1.21%
   3  Skow_XM_006825737.1                                 51.90%    passed     20.64%
   4  Cscu_XM_023383089.1                                  4.75%    passed     16.56%
   5  Spur_XM_030980340.1                                  4.43%    passed     33.34%
   6  Tcas_TC004520_001                                    3.48%    passed     80.69%
   7  Exapal_XM_028659500.1                               12.34%    passed     25.80%
   8  Nvec_v1g242600                                      14.87%    passed     68.74%
   9  Adig_XM_015920633.1                                  3.80%    passed     93.84%
  10  Amil_Amillepora06722-RA                              6.01%    passed     87.95%
  11  Gfas_gfas1.m1.4175.m1                                4.43%    passed     51.75%
  12  Gasp_gasp1.m3.9275.m1                                2.85%    passed     69.75%
  13  Pocdam_XM_027202160.1                                2.53%    passed     82.26%
  14  Spis_XP_022787967_1                                  9.18%    passed     32.58%
  15  Fspp_ffun1.m4.20677.m1                              35.76%    failed      0.25%
  16  Dgig_XM_028542151.1                                  4.75%    passed     29.28%
  17  Xesp_015929-T1                                       9.49%    passed     51.69%
  18  Hvul_g14277_1                                       11.71%    failed      0.70%
  19  Nemnom_g16314.t1                                     4.75%    failed      0.88%
  20  Rhoesc_Res_000040-T1                                 4.75%    passed     30.24%
  21  Sanmal_Sma_010788-T1                                 6.96%    passed      7.75%
  22  Morvir_scaffold86.g7.t1                              6.33%    passed     45.02%
  23  Aque_Aqu2.1.41333_001                               11.39%    passed     17.19%
  24  Cgig_XM_011455998.3                                  6.01%    passed     83.92%
  25  Emue_Em0022g526a.t1                                  4.43%    failed      0.09%
  26  Stycar_maker-SC_scaffold425-snap-gene-0.15-mRNA-1   23.42%    passed     21.49%
  27  Tetwil_g13056.t2                                    15.19%    failed      1.16%
  28  Scil_scict007995.2                                   2.85%    failed      0.13%
  29  Leuniv_Lniv_scaffold20072_01                        37.03%    passed     31.68%
  30  Lcom_lcpid23184                                      3.80%    failed      0.01%
  31  Gracom_Gcom_scaffold12778_01                         5.38%    failed      0.02%
  32  Clacor_Ccor_C535303_01                              26.58%    failed      3.96%
  33  Acagra_model.g12978.t1                               6.96%    failed      3.93%
  34  Opea_EP00118_Oscarella_pearsei_P006863               8.86%    passed     38.32%
  35  Plajan_Pjan_scaffold21291_01                        31.96%    passed     52.60%
  36  Chem_TCONS_00031933                                 15.51%    passed     22.47%
WARNING: 1 sequences contain more than 50% gaps/ambiguity
****  TOTAL                                               11.41%  11 sequences failed composition chi2 test (p-value<5%; df=19)


Create initial parsimony tree by phylogenetic likelihood library (PLL)... 0.011 seconds
Measuring multi-threading efficiency up to 2 CPU cores
Increase to 10 rounds for branch lengths
7 trees examined
Threads: 1 / Time: 2.019 sec / Speedup: 1.000 / Efficiency: 100% / LogL: -21028
Threads: 2 / Time: 2.088 sec / Speedup: 0.967 / Efficiency: 48% / LogL: -21028
BEST NUMBER OF THREADS: 1

Perform fast likelihood tree search using LG+I+G model...
Estimate model parameters (epsilon = 5.000)
Perform nearest neighbor interchange...
Estimate model parameters (epsilon = 1.000)
1. Initial log-likelihood: -18510.477
Optimal log-likelihood: -18510.441
Proportion of invariable sites: 0.008
Gamma shape alpha: 2.813
Parameters optimization took 1 rounds (0.110 sec)
Time for fast ML tree search: 1.093 seconds

NOTE: ModelFinder requires 8 MB RAM!
ModelFinder will test up to 24 protein models (sample size: 316) ...
 No. Model         -LnL         df  AIC          AICc         BIC
  1  LG            18771.006    69  37680.012    37719.280    37939.158
  2  LG+I          18751.275    70  37642.550    37683.122    37905.452
  3  LG+G4         18514.190    70  37168.379    37208.951    37431.281
  4  LG+I+G4       18510.441    71  37162.882    37204.784    37429.540
  7  LG+F+G4       18420.849    89  37019.698    37090.583    37353.959
  8  LG+F+I+G4     18417.162    90  37014.323    37087.123    37352.340
 11  WAG+G4        18580.855    70  37301.709    37342.281    37564.611
 12  WAG+I+G4      18577.482    71  37296.964    37338.865    37563.621
 15  WAG+F+G4      18471.354    89  37120.709    37191.594    37454.970
 16  WAG+F+I+G4    18467.799    90  37115.599    37188.399    37453.616
 19  JTT+G4        18663.120    70  37466.240    37506.811    37729.142
 20  JTT+I+G4      18658.070    71  37458.140    37500.042    37724.798
 23  JTT+F+G4      18573.718    89  37325.436    37396.321    37659.697
 24  JTT+F+I+G4    18568.897    90  37317.793    37390.593    37655.810
Akaike Information Criterion:           LG+F+I+G4
Corrected Akaike Information Criterion: LG+F+I+G4
Bayesian Information Criterion:         LG+F+I+G4
Best-fit model: LG+F+I+G4 chosen according to BIC

All model information printed to results_broccoli_meto/alignments/OG_20608.iqtree.model.gz
CPU time for ModelFinder: 12.653 seconds (0h:0m:12s)
Wall-clock time for ModelFinder: 10.377 seconds (0h:0m:10s)
Generating 1000 samples for ultrafast bootstrap (seed: 710964)...

NOTE: 8 MB RAM (0 GB) is required!
Estimate model parameters (epsilon = 0.100)
Thoroughly optimizing +I+G parameters from 10 start values...
Init pinv, alpha: 0.000, 2.445 / Estimate: 0.008, 2.436 / LogL: -18417.157
Init pinv, alpha: 0.001, 2.445 / Estimate: 0.008, 2.436 / LogL: -18417.157
Init pinv, alpha: 0.002, 2.445 / Estimate: 0.008, 2.437 / LogL: -18417.157
Init pinv, alpha: 0.003, 2.445 / Estimate: 0.008, 2.435 / LogL: -18417.159
Init pinv, alpha: 0.004, 2.445 / Estimate: 0.008, 2.436 / LogL: -18417.157
Init pinv, alpha: 0.005, 2.445 / Estimate: 0.008, 2.437 / LogL: -18417.157
Init pinv, alpha: 0.006, 2.445 / Estimate: 0.008, 2.435 / LogL: -18417.159
Init pinv, alpha: 0.007, 2.445 / Estimate: 0.008, 2.438 / LogL: -18417.157
Init pinv, alpha: 0.008, 2.445 / Estimate: 0.008, 2.440 / LogL: -18417.157
Init pinv, alpha: 0.009, 2.445 / Estimate: 0.008, 2.443 / LogL: -18417.157
Optimal pinv,alpha: 0.008, 2.440 / LogL: -18417.157

Parameters optimization took 2.417 sec
Computing ML distances based on estimated model parameters...
Computing ML distances took 0.180285 sec (of wall-clock time) 0.178120 sec(of CPU time)
Computing RapidNJ tree took 0.000174 sec (of wall-clock time) 0.000172 sec (of CPU time)
Log-likelihood of RapidNJ tree: -18457.555
--------------------------------------------------------------------
|             INITIALIZING CANDIDATE TREE SET                      |
--------------------------------------------------------------------
Generating 98 parsimony trees... 0.787 second
Computing log-likelihood of 98 initial trees ... 3.250 seconds
Current best score: -18417.157

Do NNI search on 20 best initial trees
Estimate model parameters (epsilon = 0.100)
BETTER TREE FOUND at iteration 1: -18417.156
Iteration 10 / LogL: -18417.330 / Time: 0h:0m:11s
Iteration 20 / LogL: -18418.047 / Time: 0h:0m:16s
Finish initializing candidate tree set (1)
Current best tree score: -18417.156 / CPU time: 14.092
Number of iterations: 20
--------------------------------------------------------------------
|               OPTIMIZING CANDIDATE TREE SET                      |
--------------------------------------------------------------------
Iteration 30 / LogL: -18419.980 / Time: 0h:0m:23s (0h:2m:20s left)
Iteration 40 / LogL: -18417.697 / Time: 0h:0m:29s (0h:2m:0s left)
Iteration 50 / LogL: -18418.700 / Time: 0h:0m:35s (0h:1m:50s left)
Log-likelihood cutoff on original alignment: -18458.840
Iteration 60 / LogL: -18418.649 / Time: 0h:0m:41s (0h:1m:39s left)
Iteration 70 / LogL: -18417.240 / Time: 0h:0m:47s (0h:1m:30s left)
Iteration 80 / LogL: -18417.332 / Time: 0h:0m:54s (0h:1m:22s left)
Iteration 90 / LogL: -18417.361 / Time: 0h:1m:0s (0h:1m:15s left)
Iteration 100 / LogL: -18418.637 / Time: 0h:1m:6s (0h:1m:7s left)
Log-likelihood cutoff on original alignment: -18458.840
NOTE: Bootstrap correlation coefficient of split occurrence frequencies: 0.999
Iteration 110 / LogL: -18417.711 / Time: 0h:1m:12s (0h:1m:0s left)
Iteration 120 / LogL: -18417.242 / Time: 0h:1m:18s (0h:0m:53s left)
Iteration 130 / LogL: -18417.172 / Time: 0h:1m:24s (0h:0m:46s left)
Iteration 140 / LogL: -18417.291 / Time: 0h:1m:30s (0h:0m:39s left)
Iteration 150 / LogL: -18417.193 / Time: 0h:1m:37s (0h:0m:33s left)
Log-likelihood cutoff on original alignment: -18458.840
Iteration 160 / LogL: -18417.809 / Time: 0h:1m:43s (0h:0m:26s left)
Iteration 170 / LogL: -18417.256 / Time: 0h:1m:49s (0h:0m:20s left)
Iteration 180 / LogL: -18417.984 / Time: 0h:1m:55s (0h:0m:13s left)
Iteration 190 / LogL: -18418.277 / Time: 0h:2m:1s (0h:0m:7s left)
Iteration 200 / LogL: -18417.187 / Time: 0h:2m:7s (0h:0m:0s left)
Log-likelihood cutoff on original alignment: -18458.840
NOTE: Bootstrap correlation coefficient of split occurrence frequencies: 0.999
TREE SEARCH COMPLETED AFTER 202 ITERATIONS / Time: 0h:2m:8s

--------------------------------------------------------------------
|                    FINALIZING TREE SEARCH                        |
--------------------------------------------------------------------
Performs final model parameters optimization
Estimate model parameters (epsilon = 0.010)
1. Initial log-likelihood: -18417.156
Optimal log-likelihood: -18417.156
Proportion of invariable sites: 0.008
Gamma shape alpha: 2.438
Parameters optimization took 1 rounds (0.109 sec)
BEST SCORE FOUND : -18417.156
Creating bootstrap support values...
Split supports printed to NEXUS file results_broccoli_meto/alignments/OG_20608.iqtree.splits.nex
Total tree length: 29.532

Total number of iterations: 202
CPU time used for tree search: 124.965 sec (0h:2m:4s)
Wall-clock time used for tree search: 125.668 sec (0h:2m:5s)
Total CPU time used: 128.207 sec (0h:2m:8s)
Total wall-clock time used: 129.014 sec (0h:2m:9s)

Computing bootstrap consensus tree...
Reading input file results_broccoli_meto/alignments/OG_20608.iqtree.splits.nex...
36 taxa and 179 splits.
Consensus tree written to results_broccoli_meto/alignments/OG_20608.iqtree.contree
Reading input trees file results_broccoli_meto/alignments/OG_20608.iqtree.contree
Log-likelihood of consensus tree: -18417.156

Analysis results written to: 
  IQ-TREE report:                results_broccoli_meto/alignments/OG_20608.iqtree.iqtree
  Maximum-likelihood tree:       results_broccoli_meto/alignments/OG_20608.iqtree.treefile
  Likelihood distances:          results_broccoli_meto/alignments/OG_20608.iqtree.mldist

Ultrafast bootstrap approximation results written to:
  Split support values:          results_broccoli_meto/alignments/OG_20608.iqtree.splits.nex
  Consensus tree:                results_broccoli_meto/alignments/OG_20608.iqtree.contree
  Screen log file:               results_broccoli_meto/alignments/OG_20608.iqtree.log

Date and Time: Fri Dec 16 14:22:53 2022
