IQ-TREE multicore version 2.1.0 for Linux 64-bit built Jul 18 2020
Developed by Bui Quang Minh, James Barbetti, Nguyen Lam Tung,
Olga Chernomor, Heiko Schmidt, Dominik Schrempf, Michael Woodhams.

Host:    node-hp0308.linux.crg.es (AVX, 125 GB RAM)
Command: /users/asebe/xgraubove/Programes/iqtree-2.1.0-Linux/bin/iqtree2 -s results_broccoli_meto/alignments/OG_25627.lt.fasta -m TEST -mset LG,WAG,JTT -nt AUTO -ntmax 2 -bb 1000 -pre results_broccoli_meto/alignments/OG_25627.iqtree -nm 10000 -nstop 200 -cptime 1800
Seed:    995878 (Using SPRNG - Scalable Parallel Random Number Generator)
Time:    Fri Dec 16 15:31:42 2022
Kernel:  AVX - auto-detect threads (2 CPU cores detected)

Reading alignment file results_broccoli_meto/alignments/OG_25627.lt.fasta ... Fasta format detected
Alignment most likely contains protein sequences
Alignment has 40 sequences with 125 columns, 123 distinct patterns
116 parsimony-informative, 0 singleton sites, 9 constant sites
                                                    Gap/Ambiguity  Composition  p-value
   1  Hsap_ENST00000520507                                  1.60%    passed     97.32%
   2  Bralan_BLAG07001197_2                                 3.20%    passed     66.09%
   3  Cgig_XM_011452725.3                                   3.20%    passed     99.61%
   4  Spur_XM_003729716.3                                   3.20%    passed     94.88%
   5  Dpul_mRNA23391                                        4.00%    passed     99.03%
   6  Emue_Em0023g25a.t1                                    0.80%    passed     98.11%
   7  Spolac_c45221_g1_i2_m.1318c45221-g1                   0.80%    passed     97.47%
   8  Exapal_XM_021038112.2                                 0.80%    passed     99.89%
   9  Adig_XM_015900863.1                                   0.00%    passed     99.84%
  10  Gasp_gasp1.m3.9865.m1                                 0.00%    passed     99.01%
  11  Spis_XP_022798677_1                                   0.00%    passed     99.60%
  12  Pocdam_XM_027203819.1                                 0.00%    passed     99.76%
  13  Fspp_ffun1.m4.4424.m1                                 0.00%    passed    100.00%
  14  Gfas_gfas1.m1.7024.m1                                 0.80%    passed     96.53%
  15  Amil_Amillepora23304-RA                              14.40%    passed     28.04%
  16  Nvec_v1g242360                                        3.20%    passed     99.76%
  17  Hvul_g4506_1                                          4.00%    passed     70.55%
  18  Aaur_scaffold1215.g2.t1                               3.20%    passed     95.72%
  19  Nemnom_g9608.t1                                       3.20%    passed     99.98%
  20  Rhoesc_Res_011754-T1                                  3.20%    passed     99.90%
  21  Sanmal_Sma_007446-T1                                  3.20%    passed     99.32%
  22  Mlei_ML0530.g17.i1                                    4.00%    passed     99.32%
  23  Pbac_sb2668297                                        4.00%    passed    100.00%
  24  Horcal_Hcv1.av93.c13.g343.i1                          4.00%    passed    100.00%
  25  Morvir_scaffold278.g4.t1                              4.00%    passed     98.45%
  26  Ocar_g1667                                            3.20%    passed     99.87%
  27  Opea_EP00118_Oscarella_pearsei_P024843                0.00%    passed     99.37%
  28  Tadh_TriadT64080                                      7.20%    passed     97.34%
  29  TrH2_TrispH2_000560-RA                                7.20%    passed     97.34%
  30  Ctel_gnl_WGS_AMQN_CAPTEDRAFT_mRNA178589               4.00%    passed     36.24%
  31  Dgig_XM_028557930.1                                   3.20%    passed     89.77%
  32  Xesp_020602-T1                                        3.20%    passed     98.92%
  33  Skow_XM_002737532.2                                   4.00%    passed     69.37%
  34  Aque_Aqu2.1.25460_001                                 4.80%    failed      1.99%
  35  Halamb_c39059_g1_i1m.11360                            2.40%    passed     53.59%
  36  Tcas_TC006240_001                                     4.00%    passed     97.80%
  37  HoiH23_PlH23_008865-RA                               24.80%    passed     11.15%
  38  Cscu_XM_023379371.1                                  16.80%    passed      7.10%
  39  Stycar_maker-SC_scaffold81430-snap-gene-0.3-mRNA-1   19.20%    failed      3.43%
  40  Lcom_lcpid249651                                     48.80%    passed     53.56%
****  TOTAL                                                 5.54%  2 sequences failed composition chi2 test (p-value<5%; df=19)
NOTE: TrH2_TrispH2_000560-RA is identical to Tadh_TriadT64080 but kept for subsequent analysis


Create initial parsimony tree by phylogenetic likelihood library (PLL)... 0.004 seconds
Measuring multi-threading efficiency up to 2 CPU cores
Increase to 10 rounds for branch lengths
15 trees examined
Threads: 1 / Time: 2.033 sec / Speedup: 1.000 / Efficiency: 100% / LogL: -6552
Threads: 2 / Time: 1.175 sec / Speedup: 1.730 / Efficiency: 86% / LogL: -6552
BEST NUMBER OF THREADS: 2

Perform fast likelihood tree search using LG+I+G model...
Estimate model parameters (epsilon = 5.000)
Perform nearest neighbor interchange...
Estimate model parameters (epsilon = 1.000)
1. Initial log-likelihood: -5137.221
Optimal log-likelihood: -5137.099
Proportion of invariable sites: 0.055
Gamma shape alpha: 1.859
Parameters optimization took 1 rounds (0.052 sec)
Time for fast ML tree search: 0.297 seconds

NOTE: ModelFinder requires 4 MB RAM!
ModelFinder will test up to 24 protein models (sample size: 125) ...
 No. Model         -LnL         df  AIC          AICc         BIC
  1  LG            5299.897     77  10753.793    11009.368    10971.574
  2  LG+I          5256.234     78  10668.468    10936.381    10889.076
  3  LG+G4         5142.108     78  10440.215    10708.128    10660.824
  4  LG+I+G4       5137.095     79  10432.191    10713.080    10655.627
  7  LG+F+G4       5153.203     97  10500.406    11204.554    10774.753
  8  LG+F+I+G4     5148.625     98  10493.250    11239.558    10770.425
 11  WAG+G4        5160.603     78  10477.206    10745.119    10697.815
 12  WAG+I+G4      5153.791     79  10465.582    10746.471    10689.019
 15  WAG+F+G4      5172.570     97  10539.141    11243.289    10813.487
 16  WAG+F+I+G4    5166.449     98  10528.899    11275.207    10806.074
 19  JTT+G4        5214.191     78  10584.382    10852.295    10804.990
 20  JTT+I+G4      5208.735     79  10575.470    10856.359    10798.907
 23  JTT+F+G4      5228.034     97  10650.068    11354.217    10924.415
 24  JTT+F+I+G4    5223.642     98  10643.283    11389.591    10920.458
Akaike Information Criterion:           LG+I+G4
Corrected Akaike Information Criterion: LG+G4
Bayesian Information Criterion:         LG+I+G4
Best-fit model: LG+I+G4 chosen according to BIC

All model information printed to results_broccoli_meto/alignments/OG_25627.iqtree.model.gz
CPU time for ModelFinder: 7.501 seconds (0h:0m:7s)
Wall-clock time for ModelFinder: 4.772 seconds (0h:0m:4s)
Generating 1000 samples for ultrafast bootstrap (seed: 995878)...

NOTE: 4 MB RAM (0 GB) is required!
Estimate model parameters (epsilon = 0.100)
Thoroughly optimizing +I+G parameters from 10 start values...
Init pinv, alpha: 0.000, 1.878 / Estimate: 0.000, 1.351 / LogL: -5142.103
Init pinv, alpha: 0.008, 1.878 / Estimate: 0.056, 1.873 / LogL: -5137.098
Init pinv, alpha: 0.016, 1.878 / Estimate: 0.056, 1.871 / LogL: -5137.098
Init pinv, alpha: 0.024, 1.878 / Estimate: 0.055, 1.868 / LogL: -5137.101
Init pinv, alpha: 0.032, 1.878 / Estimate: 0.056, 1.872 / LogL: -5137.096
Init pinv, alpha: 0.040, 1.878 / Estimate: 0.055, 1.867 / LogL: -5137.099
Init pinv, alpha: 0.048, 1.878 / Estimate: 0.054, 1.859 / LogL: -5137.103
Init pinv, alpha: 0.056, 1.878 / Estimate: 0.057, 1.878 / LogL: -5137.093
Init pinv, alpha: 0.064, 1.878 / Estimate: 0.058, 1.890 / LogL: -5137.096
Init pinv, alpha: 0.072, 1.878 / Estimate: 0.058, 1.884 / LogL: -5137.094
Optimal pinv,alpha: 0.057, 1.878 / LogL: -5137.093

Parameters optimization took 0.925 sec
Computing ML distances based on estimated model parameters...
Computing ML distances took 0.084155 sec (of wall-clock time) 0.168268 sec(of CPU time)
Computing RapidNJ tree took 0.000496 sec (of wall-clock time) 0.000989 sec (of CPU time)
Log-likelihood of RapidNJ tree: -5155.827
--------------------------------------------------------------------
|             INITIALIZING CANDIDATE TREE SET                      |
--------------------------------------------------------------------
Generating 98 parsimony trees... 0.517 second
Computing log-likelihood of 98 initial trees ... 0.950 seconds
Current best score: -5133.612

Do NNI search on 20 best initial trees
Estimate model parameters (epsilon = 0.100)
BETTER TREE FOUND at iteration 1: -5118.439
Iteration 10 / LogL: -5126.775 / Time: 0h:0m:4s
Estimate model parameters (epsilon = 0.100)
BETTER TREE FOUND at iteration 18: -5114.618
Iteration 20 / LogL: -5126.524 / Time: 0h:0m:5s
Finish initializing candidate tree set (20)
Current best tree score: -5114.618 / CPU time: 4.745
Number of iterations: 20
--------------------------------------------------------------------
|               OPTIMIZING CANDIDATE TREE SET                      |
--------------------------------------------------------------------
Iteration 30 / LogL: -5120.642 / Time: 0h:0m:7s (0h:0m:51s left)
Iteration 40 / LogL: -5119.342 / Time: 0h:0m:10s (0h:0m:46s left)
Iteration 50 / LogL: -5120.717 / Time: 0h:0m:12s (0h:0m:41s left)
Log-likelihood cutoff on original alignment: -5153.644
Iteration 60 / LogL: -5116.098 / Time: 0h:0m:14s (0h:0m:38s left)
Iteration 70 / LogL: -5114.622 / Time: 0h:0m:16s (0h:0m:35s left)
Iteration 80 / LogL: -5114.622 / Time: 0h:0m:18s (0h:0m:32s left)
UPDATE BEST LOG-LIKELIHOOD: -5114.618
UPDATE BEST LOG-LIKELIHOOD: -5114.618
Iteration 90 / LogL: -5116.143 / Time: 0h:0m:20s (0h:0m:29s left)
Iteration 100 / LogL: -5118.278 / Time: 0h:0m:22s (0h:0m:26s left)
Log-likelihood cutoff on original alignment: -5153.644
NOTE: Bootstrap correlation coefficient of split occurrence frequencies: 0.998
Iteration 110 / LogL: -5125.894 / Time: 0h:0m:24s (0h:0m:24s left)
Iteration 120 / LogL: -5118.930 / Time: 0h:0m:26s (0h:0m:22s left)
Iteration 130 / LogL: -5128.322 / Time: 0h:0m:28s (0h:0m:19s left)
Iteration 140 / LogL: -5116.069 / Time: 0h:0m:30s (0h:0m:17s left)
Iteration 150 / LogL: -5114.618 / Time: 0h:0m:33s (0h:0m:15s left)
Log-likelihood cutoff on original alignment: -5153.644
Iteration 160 / LogL: -5121.067 / Time: 0h:0m:35s (0h:0m:12s left)
Iteration 170 / LogL: -5116.429 / Time: 0h:0m:37s (0h:0m:10s left)
Iteration 180 / LogL: -5114.619 / Time: 0h:0m:39s (0h:0m:8s left)
Iteration 190 / LogL: -5115.947 / Time: 0h:0m:41s (0h:0m:6s left)
Iteration 200 / LogL: -5118.775 / Time: 0h:0m:43s (0h:0m:3s left)
Log-likelihood cutoff on original alignment: -5153.644
NOTE: Bootstrap correlation coefficient of split occurrence frequencies: 0.999
Iteration 210 / LogL: -5118.786 / Time: 0h:0m:46s (0h:0m:19s left)
TREE SEARCH COMPLETED AFTER 219 ITERATIONS / Time: 0h:0m:47s

--------------------------------------------------------------------
|                    FINALIZING TREE SEARCH                        |
--------------------------------------------------------------------
Performs final model parameters optimization
Estimate model parameters (epsilon = 0.010)
1. Initial log-likelihood: -5114.618
Optimal log-likelihood: -5114.618
Proportion of invariable sites: 0.054
Gamma shape alpha: 1.800
Parameters optimization took 1 rounds (0.029 sec)
BEST SCORE FOUND : -5114.618
Creating bootstrap support values...
Split supports printed to NEXUS file results_broccoli_meto/alignments/OG_25627.iqtree.splits.nex
Total tree length: 12.770

Total number of iterations: 219
CPU time used for tree search: 92.195 sec (0h:1m:32s)
Wall-clock time used for tree search: 46.832 sec (0h:0m:46s)
Total CPU time used: 94.724 sec (0h:1m:34s)
Total wall-clock time used: 48.172 sec (0h:0m:48s)

Computing bootstrap consensus tree...
Reading input file results_broccoli_meto/alignments/OG_25627.iqtree.splits.nex...
40 taxa and 430 splits.
Consensus tree written to results_broccoli_meto/alignments/OG_25627.iqtree.contree
Reading input trees file results_broccoli_meto/alignments/OG_25627.iqtree.contree
Log-likelihood of consensus tree: -5114.619

Analysis results written to: 
  IQ-TREE report:                results_broccoli_meto/alignments/OG_25627.iqtree.iqtree
  Maximum-likelihood tree:       results_broccoli_meto/alignments/OG_25627.iqtree.treefile
  Likelihood distances:          results_broccoli_meto/alignments/OG_25627.iqtree.mldist

Ultrafast bootstrap approximation results written to:
  Split support values:          results_broccoli_meto/alignments/OG_25627.iqtree.splits.nex
  Consensus tree:                results_broccoli_meto/alignments/OG_25627.iqtree.contree
  Screen log file:               results_broccoli_meto/alignments/OG_25627.iqtree.log

Date and Time: Fri Dec 16 15:32:35 2022
