IQ-TREE multicore version 2.1.0 for Linux 64-bit built Jul 18 2020
Developed by Bui Quang Minh, James Barbetti, Nguyen Lam Tung,
Olga Chernomor, Heiko Schmidt, Dominik Schrempf, Michael Woodhams.

Host:    node-hp0413.linux.crg.es (AVX, 125 GB RAM)
Command: /users/asebe/xgraubove/Programes/iqtree-2.1.0-Linux/bin/iqtree2 -s results_broccoli_meto/alignments/OG_2073.lt.fasta -m TEST -mset LG,WAG,JTT -nt AUTO -ntmax 2 -bb 1000 -pre results_broccoli_meto/alignments/OG_2073.iqtree -nm 10000 -nstop 200 -cptime 1800
Seed:    696808 (Using SPRNG - Scalable Parallel Random Number Generator)
Time:    Fri Dec 16 14:25:47 2022
Kernel:  AVX - auto-detect threads (2 CPU cores detected)

Reading alignment file results_broccoli_meto/alignments/OG_2073.lt.fasta ... Fasta format detected
Alignment most likely contains protein sequences
Alignment has 58 sequences with 792 columns, 789 distinct patterns
750 parsimony-informative, 1 singleton sites, 41 constant sites
                                                    Gap/Ambiguity  Composition  p-value
   1  Hsap_ENST00000265849                                  6.44%    passed     75.21%
   2  Bralan_BLAG09000609_1                                 5.93%    passed     78.43%
   3  Skow_XM_002736445.2                                  40.28%    passed     91.67%
   4  Fspp_ffun1.m4.22455.m1                                1.26%    passed     61.05%
   5  Gasp_gasp1.m3.29236.m1                                2.27%    passed     79.23%
   6  Stycar_maker-SC_scaffold4979-snap-gene-0.17-mRNA-1   92.93%    passed     28.13%
   7  Spis_XP_022786714_1                                   1.39%    passed     82.96%
   8  Pocdam_XM_027202873.1                                 1.52%    passed     77.55%
   9  Cgig_XM_034455175.1                                   6.82%    passed     87.34%
  10  Halamb_c45320_g1_i3mm.1655                           17.30%    passed     78.35%
  11  Spur_XM_781499.5                                      6.82%    passed     39.44%
  12  Ctel_gnl_WGS_AMQN_CAPTEDRAFT_mRNA218769              49.75%    passed     36.86%
  13  Sanmal_Sma_025318-T1                                  3.79%    passed     81.60%
  14  Adig_XM_015924735.1                                  17.80%    passed     50.31%
  15  Amil_Amillepora10699-RA                              10.61%    passed     24.53%
  16  Dgig_XM_028536137.1                                  10.35%    passed     95.08%
  17  Xesp_006983-T1                                        5.81%    passed     17.23%
  18  Exapal_XM_021038749.2                                12.12%    passed     43.02%
  19  Gfas_gfas1.m1.17205.m1                               14.02%    passed     98.33%
  20  Nvec_v1g231142                                        8.59%    passed     92.88%
  21  Scil_scict017044.1                                    4.55%    failed      0.00%
  22  Lcom_lcpid33076                                       5.43%    failed      0.00%
  23  Gracom_Gcom_C506402_01                               82.32%    failed      1.58%
  24  Ocar_g2189                                           39.14%    passed     54.12%
  25  Opea_EP00118_Oscarella_pearsei_P012212               22.73%    passed     18.06%
  26  Nemnom_g12263.t1                                      5.43%    passed     39.05%
  27  Rhoesc_Res_010903-T1                                  5.93%    passed     87.00%
  28  Tadh_TriadT21244                                     12.63%    passed     27.98%
  29  TrH2_TrispH2_005981-RA                                9.09%    passed     44.76%
  30  HoiH06_mRNA3941                                      10.48%    passed     35.76%
  31  HoiH23_PlH23_001981-RA                               11.11%    passed     77.07%
  32  Hhon_g01464.t1                                        9.97%    passed     64.63%
  33  HoiH04_mRNA17530                                      9.97%    passed     55.93%
  34  HoiH11_mRNA489                                       10.86%    passed     90.67%
  35  Hvul_g2269_1                                         10.23%    failed      0.07%
  36  Aque_Aqu2.1.26494_001                                38.76%    passed     75.10%
  37  Xestes_maker-XT_scaffold5573-snap-gene-0.6-mRNA-1    24.62%    passed     86.59%
  38  Tetwil_g19449.t2                                     15.78%    passed     83.85%
  39  Tcas_TC002932_001                                    10.73%    failed      1.25%
  40  Acagra_model.g3538.t1                                 5.05%    passed     45.11%
  41  Cscu_XM_023372689.1                                  15.53%    failed      0.41%
  42  Mlei_ML3103.g23.i1                                   22.22%    passed     65.34%
  43  Bolinf_Binf_sb1178010                                52.27%    passed     93.48%
  44  Mertsp_Mesp_sb534861                                 76.89%    passed     87.17%
  45  Drygla_Dgla_sb284806                                 52.65%    passed     68.04%
  46  Pbac_sb2639278                                       16.79%    passed      6.88%
  47  Horcal_Hcv1.av93.c5.g23.i1                           18.56%    passed      7.58%
  48  Beraby_Baby_sb330057                                 76.52%    passed     36.55%
  49  Lampan_Lpan_8359_01                                  51.89%    failed      1.47%
  50  Coeast_Cast_sb774738                                 66.29%    passed      6.31%
  51  Coemet_Cmet_C606188_01                               27.02%    passed     33.82%
  52  Vmul_sbMO411663                                      50.76%    passed     48.47%
  53  Dpul_mRNA18755                                       13.89%    failed      2.89%
  54  Plespi_Pspi_scaffold3286_01                          25.88%    passed     90.80%
  55  Emue_Em0012g1049a.t1                                 16.54%    failed      0.45%
  56  Aaur_scaffold323.g6.t1                               14.39%    passed     93.52%
  57  Leuniv_Lniv_scaffold13061_01                         51.14%    failed      0.00%
  58  Plajan_Pjan_scaffold12749_01                         55.68%    passed      7.82%
WARNING: 11 sequences contain more than 50% gaps/ambiguity
****  TOTAL                                                23.54%  10 sequences failed composition chi2 test (p-value<5%; df=19)


Create initial parsimony tree by phylogenetic likelihood library (PLL)... 0.052 seconds
Measuring multi-threading efficiency up to 2 CPU cores
Increase to 10 rounds for branch lengths
2 trees examined
Threads: 1 / Time: 2.410 sec / Speedup: 1.000 / Efficiency: 100% / LogL: -64161
Threads: 2 / Time: 2.983 sec / Speedup: 0.808 / Efficiency: 40% / LogL: -64161
BEST NUMBER OF THREADS: 1

Perform fast likelihood tree search using LG+I+G model...
Estimate model parameters (epsilon = 5.000)
Perform nearest neighbor interchange...
Estimate model parameters (epsilon = 1.000)
1. Initial log-likelihood: -50362.987
Optimal log-likelihood: -50362.664
Proportion of invariable sites: 0.048
Gamma shape alpha: 1.060
Parameters optimization took 1 rounds (0.436 sec)
Time for fast ML tree search: 6.561 seconds

NOTE: ModelFinder requires 32 MB RAM!
ModelFinder will test up to 24 protein models (sample size: 792) ...
 No. Model         -LnL         df  AIC          AICc         BIC
  1  LG            53579.838    113 107385.676   107423.676   107913.901
  2  LG+I          52962.685    114 106153.370   106192.100   106686.270
  3  LG+G4         50424.270    114 101076.540   101115.270   101609.440
  4  LG+I+G4       50362.624    115 100955.247   100994.715   101492.822
  8  LG+F+I+G4     49947.714    134 100163.428   100218.496   100789.819
 12  WAG+I+G4      50536.593    115 101303.186   101342.654   101840.761
 16  WAG+F+I+G4    50141.544    134 100551.088   100606.156   101177.479
 20  JTT+I+G4      50545.139    115 101320.278   101359.745   101857.852
 24  JTT+F+I+G4    50056.256    134 100380.511   100435.580   101006.902
Akaike Information Criterion:           LG+F+I+G4
Corrected Akaike Information Criterion: LG+F+I+G4
Bayesian Information Criterion:         LG+F+I+G4
Best-fit model: LG+F+I+G4 chosen according to BIC

All model information printed to results_broccoli_meto/alignments/OG_2073.iqtree.model.gz
CPU time for ModelFinder: 30.599 seconds (0h:0m:30s)
Wall-clock time for ModelFinder: 32.421 seconds (0h:0m:32s)
Generating 1000 samples for ultrafast bootstrap (seed: 696808)...

NOTE: 32 MB RAM (0 GB) is required!
Estimate model parameters (epsilon = 0.100)
Thoroughly optimizing +I+G parameters from 10 start values...
Init pinv, alpha: 0.000, 0.973 / Estimate: 0.000, 0.652 / LogL: -49999.780
Init pinv, alpha: 0.006, 0.973 / Estimate: 0.048, 0.972 / LogL: -49947.703
Init pinv, alpha: 0.012, 0.973 / Estimate: 0.048, 0.973 / LogL: -49947.706
Init pinv, alpha: 0.017, 0.973 / Estimate: 0.048, 0.973 / LogL: -49947.705
Init pinv, alpha: 0.023, 0.973 / Estimate: 0.048, 0.974 / LogL: -49947.720
Init pinv, alpha: 0.029, 0.973 / Estimate: 0.048, 0.973 / LogL: -49947.720
Init pinv, alpha: 0.035, 0.973 / Estimate: 0.048, 0.974 / LogL: -49947.725
Init pinv, alpha: 0.040, 0.973 / Estimate: 0.048, 0.973 / LogL: -49947.712
Init pinv, alpha: 0.046, 0.973 / Estimate: 0.048, 0.972 / LogL: -49947.707
Init pinv, alpha: 0.052, 0.973 / Estimate: 0.048, 0.971 / LogL: -49947.701
Optimal pinv,alpha: 0.048, 0.971 / LogL: -49947.701

Parameters optimization took 14.255 sec
Computing ML distances based on estimated model parameters...
Computing ML distances took 0.538663 sec (of wall-clock time) 0.528229 sec(of CPU time)
WARNING: Some pairwise ML distances are too long (saturated)
Computing RapidNJ tree took 0.000640 sec (of wall-clock time) 0.000356 sec (of CPU time)
Log-likelihood of RapidNJ tree: -50090.561
--------------------------------------------------------------------
|             INITIALIZING CANDIDATE TREE SET                      |
--------------------------------------------------------------------
Generating 98 parsimony trees... 2.990 second
Computing log-likelihood of 98 initial trees ... 13.898 seconds
Current best score: -49947.701

Do NNI search on 20 best initial trees
Estimate model parameters (epsilon = 0.100)
BETTER TREE FOUND at iteration 1: -49947.701
Estimate model parameters (epsilon = 0.100)
BETTER TREE FOUND at iteration 3: -49936.820
Estimate model parameters (epsilon = 0.100)
BETTER TREE FOUND at iteration 5: -49934.819
Iteration 10 / LogL: -49938.026 / Time: 0h:1m:3s
Estimate model parameters (epsilon = 0.100)
BETTER TREE FOUND at iteration 15: -49930.654
Iteration 20 / LogL: -49937.602 / Time: 0h:1m:35s
Finish initializing candidate tree set (16)
Current best tree score: -49930.654 / CPU time: 77.978
Number of iterations: 20
--------------------------------------------------------------------
|               OPTIMIZING CANDIDATE TREE SET                      |
--------------------------------------------------------------------
Iteration 30 / LogL: -49931.615 / Time: 0h:2m:7s (0h:13m:34s left)
Iteration 40 / LogL: -49933.039 / Time: 0h:2m:37s (0h:11m:48s left)
Iteration 50 / LogL: -49935.468 / Time: 0h:3m:7s (0h:10m:30s left)
Log-likelihood cutoff on original alignment: -49988.788
Iteration 60 / LogL: -49931.434 / Time: 0h:3m:42s (0h:9m:44s left)
Iteration 70 / LogL: -49932.847 / Time: 0h:4m:14s (0h:8m:54s left)
Iteration 80 / LogL: -49935.065 / Time: 0h:4m:44s (0h:8m:6s left)
Iteration 90 / LogL: -49930.930 / Time: 0h:5m:17s (0h:7m:26s left)
Iteration 100 / LogL: -49931.739 / Time: 0h:5m:49s (0h:6m:46s left)
Log-likelihood cutoff on original alignment: -49979.786
NOTE: Bootstrap correlation coefficient of split occurrence frequencies: 0.997
Iteration 110 / LogL: -49930.721 / Time: 0h:6m:21s (0h:6m:7s left)
Iteration 120 / LogL: -49931.427 / Time: 0h:6m:53s (0h:5m:30s left)
Iteration 130 / LogL: -49936.268 / Time: 0h:7m:22s (0h:4m:51s left)
Iteration 140 / LogL: -49930.699 / Time: 0h:7m:55s (0h:4m:16s left)
Iteration 150 / LogL: -49931.460 / Time: 0h:8m:27s (0h:3m:41s left)
Log-likelihood cutoff on original alignment: -49979.786
Iteration 160 / LogL: -49931.035 / Time: 0h:9m:1s (0h:3m:7s left)
Iteration 170 / LogL: -49933.105 / Time: 0h:9m:35s (0h:2m:33s left)
Iteration 180 / LogL: -49932.482 / Time: 0h:10m:7s (0h:1m:58s left)
Iteration 190 / LogL: -49944.882 / Time: 0h:10m:38s (0h:1m:24s left)
Iteration 200 / LogL: -49930.837 / Time: 0h:11m:11s (0h:0m:50s left)
Log-likelihood cutoff on original alignment: -49979.786
NOTE: Bootstrap correlation coefficient of split occurrence frequencies: 0.999
Iteration 210 / LogL: -49934.937 / Time: 0h:11m:43s (0h:5m:2s left)
TREE SEARCH COMPLETED AFTER 216 ITERATIONS / Time: 0h:12m:4s

--------------------------------------------------------------------
|                    FINALIZING TREE SEARCH                        |
--------------------------------------------------------------------
Performs final model parameters optimization
Estimate model parameters (epsilon = 0.010)
1. Initial log-likelihood: -49930.654
Optimal log-likelihood: -49930.640
Proportion of invariable sites: 0.048
Gamma shape alpha: 0.981
Parameters optimization took 1 rounds (0.469 sec)
BEST SCORE FOUND : -49930.640
Creating bootstrap support values...
Split supports printed to NEXUS file results_broccoli_meto/alignments/OG_2073.iqtree.splits.nex
Total tree length: 48.495

Total number of iterations: 216
CPU time used for tree search: 702.518 sec (0h:11m:42s)
Wall-clock time used for tree search: 705.789 sec (0h:11m:45s)
Total CPU time used: 719.605 sec (0h:11m:59s)
Total wall-clock time used: 725.629 sec (0h:12m:5s)

Computing bootstrap consensus tree...
Reading input file results_broccoli_meto/alignments/OG_2073.iqtree.splits.nex...
58 taxa and 375 splits.
Consensus tree written to results_broccoli_meto/alignments/OG_2073.iqtree.contree
Reading input trees file results_broccoli_meto/alignments/OG_2073.iqtree.contree
Log-likelihood of consensus tree: -49930.637

Analysis results written to: 
  IQ-TREE report:                results_broccoli_meto/alignments/OG_2073.iqtree.iqtree
  Maximum-likelihood tree:       results_broccoli_meto/alignments/OG_2073.iqtree.treefile
  Likelihood distances:          results_broccoli_meto/alignments/OG_2073.iqtree.mldist

Ultrafast bootstrap approximation results written to:
  Split support values:          results_broccoli_meto/alignments/OG_2073.iqtree.splits.nex
  Consensus tree:                results_broccoli_meto/alignments/OG_2073.iqtree.contree
  Screen log file:               results_broccoli_meto/alignments/OG_2073.iqtree.log

Date and Time: Fri Dec 16 14:38:29 2022
