IQ-TREE multicore version 2.1.0 for Linux 64-bit built Jul 18 2020
Developed by Bui Quang Minh, James Barbetti, Nguyen Lam Tung,
Olga Chernomor, Heiko Schmidt, Dominik Schrempf, Michael Woodhams.

Host:    node-hp0512.linux.crg.es (AVX, 125 GB RAM)
Command: /users/asebe/xgraubove/Programes/iqtree-2.1.0-Linux/bin/iqtree2 -s results_broccoli_meto/alignments/OG_2599.lt.fasta -m TEST -mset LG,WAG,JTT -nt AUTO -ntmax 2 -bb 1000 -pre results_broccoli_meto/alignments/OG_2599.iqtree -nm 10000 -nstop 200 -cptime 1800
Seed:    854016 (Using SPRNG - Scalable Parallel Random Number Generator)
Time:    Fri Dec 16 15:51:41 2022
Kernel:  AVX - auto-detect threads (2 CPU cores detected)

Reading alignment file results_broccoli_meto/alignments/OG_2599.lt.fasta ... Fasta format detected
Alignment most likely contains protein sequences
Alignment has 55 sequences with 1115 columns, 1103 distinct patterns
1047 parsimony-informative, 0 singleton sites, 68 constant sites
                                                   Gap/Ambiguity  Composition  p-value
   1  Hsap_ENST00000373539                                 4.48%    passed     86.03%
   2  Spur_XM_030980397.1                                  2.24%    passed     66.75%
   3  Skow_XM_002736142.2                                  3.32%    passed     87.51%
   4  Ctel_gnl_WGS_AMQN_CAPTEDRAFT_mRNA163062              4.48%    passed     82.74%
   5  Cgig_XM_011451048.3                                  3.05%    passed     79.31%
   6  Nvec_v1g191111                                       4.22%    passed     99.72%
   7  Adig_XM_015915331.1                                  5.65%    passed     99.91%
   8  Gfas_gfas1.m1.9682.m1                               85.02%    passed     55.32%
   9  Fspp_ffun1.m4.25697.m1                              15.25%    passed     79.63%
  10  Gasp_gasp1.m3.16521.m1                              65.29%    passed     79.04%
  11  Spis_XP_022792164_1                                  3.95%    passed     96.93%
  12  Pocdam_XM_027191649.1                                6.37%    passed     90.92%
  13  Amil_Amillepora24424-RA                             14.62%    passed     97.77%
  14  Dgig_XM_028541731.1                                  5.20%    passed     99.98%
  15  Xesp_016088-T1                                       6.19%    passed     99.48%
  16  Lcom_lcpid17134                                      3.50%    passed     14.68%
  17  Gracom_Gcom_scaffold17439_01                        69.69%    passed     53.75%
  18  Tcas_TC007200_001                                    5.29%    passed     94.60%
  19  Dpul_mRNA10893                                       4.66%    passed     93.82%
  20  Cscu_XM_023382547.1                                  4.04%    passed     95.45%
  21  Bralan_BLAG06001004_1                                3.41%    passed     30.39%
  22  Plespi_Pspi_scaffold11106_01                        48.97%    passed     45.80%
  23  Ocar_g4223                                          47.53%    passed     60.20%
  24  Opea_EP00118_Oscarella_pearsei_P007734               4.66%    passed     72.16%
  25  Plajan_Pjan_scaffold22486_01                        23.23%    passed     80.53%
  26  Aaur_scaffold271.g12.t1                             62.87%    passed      6.25%
  27  Nemnom_g1709.t1                                     34.80%    passed     86.65%
  28  Rhoesc_Res_000421-T1                                 4.84%    passed     79.54%
  29  Sanmal_Sma_010686-T1                                 4.66%    passed     98.32%
  30  Morvir_scaffold199.g33.t1                            6.19%    passed     39.86%
  31  Aque_Aqu2.1.41224_001                               27.17%    passed     89.27%
  32  Halamb_c55864_g1_i2m.41921                           5.83%    passed     96.64%
  33  Tadh_TriadT25466                                     6.73%    passed     84.23%
  34  TrH2_TrispH2_005477-RA                               6.01%    passed     86.22%
  35  HoiH06_mRNA576                                       6.01%    passed     95.70%
  36  HoiH23_PlH23_004963-RA                               8.34%    passed     91.77%
  37  HoiH04_mRNA2972                                      7.71%    passed     91.56%
  38  HoiH11_mRNA8910                                      6.01%    passed     97.31%
  39  Chem_TCONS_00067512                                 25.56%    passed     68.59%
  40  Hvul_g6405_1                                        60.72%    passed     29.89%
  41  Tetwil_g7451.t1                                     45.65%    passed     72.79%
  42  Stycar_maker-SC_scaffold2031-snap-gene-0.7-mRNA-1   48.61%    passed     53.24%
  43  Spolac_c100684_g1_i1_m.23222c100684-g1              55.07%    passed     92.15%
  44  Clacor_Ccor_scaffold1766_01                         55.87%    passed      5.84%
  45  Leuniv_Lniv_scaffold18013_01                        54.08%    failed      1.54%
  46  Acagra_model.g9978.t1                               33.90%    passed     93.55%
  47  Mlei_ML0098.g9.i1                                   19.28%    failed      4.72%
  48  Coeast_Cast_sb821337                                42.96%    passed     37.45%
  49  Coemet_Cmet_scaffold8249_01                         30.49%    passed     13.63%
  50  Pbac_sb2661549                                      20.63%    passed     46.54%
  51  Horcal_Hcv1.av93.c7.g615.i1                         20.81%    passed     78.67%
  52  Drygla_Dgla_sb275446                                60.36%    failed      1.92%
  53  Lampan_Lpan_C418639_01                              41.08%    failed      0.01%
  54  Vmul_sbMO444749                                     52.02%    passed     33.57%
  55  Emue_Em0022g47a.t1                                  51.57%    failed      0.25%
WARNING: 11 sequences contain more than 50% gaps/ambiguity
****  TOTAL                                               24.55%  5 sequences failed composition chi2 test (p-value<5%; df=19)


Create initial parsimony tree by phylogenetic likelihood library (PLL)... 0.045 seconds
Measuring multi-threading efficiency up to 2 CPU cores
11 trees examined
Threads: 1 / Time: 2.166 sec / Speedup: 1.000 / Efficiency: 100% / LogL: -80191
Threads: 2 / Time: 1.081 sec / Speedup: 2.004 / Efficiency: 100% / LogL: -80191
BEST NUMBER OF THREADS: 2

Perform fast likelihood tree search using LG+I+G model...
Estimate model parameters (epsilon = 5.000)
Perform nearest neighbor interchange...
Estimate model parameters (epsilon = 1.000)
1. Initial log-likelihood: -57362.097
Optimal log-likelihood: -57361.946
Proportion of invariable sites: 0.045
Gamma shape alpha: 1.193
Parameters optimization took 1 rounds (0.299 sec)
Time for fast ML tree search: 3.038 seconds

NOTE: ModelFinder requires 42 MB RAM!
ModelFinder will test up to 24 protein models (sample size: 1115) ...
 No. Model         -LnL         df  AIC          AICc         BIC
  1  LG            60055.475    107 120324.949   120347.901   120861.727
  2  LG+I          59592.277    108 119400.553   119423.957   119942.347
  3  LG+G4         57390.448    108 114996.896   115020.300   115538.690
  4  LG+I+G4       57361.946    109 114941.893   114965.753   115488.703
  8  LG+F+I+G4     57211.893    128 114679.786   114713.279   115321.912
 12  WAG+I+G4      57559.447    109 115336.893   115360.754   115883.704
 16  WAG+F+I+G4    57403.595    128 115063.191   115096.684   115705.317
 20  JTT+I+G4      57560.083    109 115338.167   115362.027   115884.977
 24  JTT+F+I+G4    57410.029    128 115076.059   115109.552   115718.185
Akaike Information Criterion:           LG+F+I+G4
Corrected Akaike Information Criterion: LG+F+I+G4
Bayesian Information Criterion:         LG+F+I+G4
Best-fit model: LG+F+I+G4 chosen according to BIC

All model information printed to results_broccoli_meto/alignments/OG_2599.iqtree.model.gz
CPU time for ModelFinder: 28.020 seconds (0h:0m:28s)
Wall-clock time for ModelFinder: 15.374 seconds (0h:0m:15s)
Generating 1000 samples for ultrafast bootstrap (seed: 854016)...

NOTE: 42 MB RAM (0 GB) is required!
Estimate model parameters (epsilon = 0.100)
Thoroughly optimizing +I+G parameters from 10 start values...
Init pinv, alpha: 0.000, 1.179 / Estimate: 0.000, 0.940 / LogL: -57238.103
Init pinv, alpha: 0.007, 1.179 / Estimate: 0.045, 1.178 / LogL: -57211.893
Init pinv, alpha: 0.014, 1.179 / Estimate: 0.045, 1.178 / LogL: -57211.892
Init pinv, alpha: 0.020, 1.179 / Estimate: 0.044, 1.177 / LogL: -57211.900
Init pinv, alpha: 0.027, 1.179 / Estimate: 0.045, 1.178 / LogL: -57211.888
Init pinv, alpha: 0.034, 1.179 / Estimate: 0.045, 1.178 / LogL: -57211.893
Init pinv, alpha: 0.041, 1.179 / Estimate: 0.045, 1.178 / LogL: -57211.889
Init pinv, alpha: 0.047, 1.179 / Estimate: 0.046, 1.183 / LogL: -57211.887
Init pinv, alpha: 0.054, 1.179 / Estimate: 0.046, 1.182 / LogL: -57211.892
Init pinv, alpha: 0.061, 1.179 / Estimate: 0.046, 1.180 / LogL: -57211.890
Optimal pinv,alpha: 0.046, 1.183 / LogL: -57211.887

Parameters optimization took 11.829 sec
Computing ML distances based on estimated model parameters...
Computing ML distances took 0.220365 sec (of wall-clock time) 0.439284 sec(of CPU time)
WARNING: Some pairwise ML distances are too long (saturated)
Computing RapidNJ tree took 0.000669 sec (of wall-clock time) 0.001334 sec (of CPU time)
Log-likelihood of RapidNJ tree: -57656.846
--------------------------------------------------------------------
|             INITIALIZING CANDIDATE TREE SET                      |
--------------------------------------------------------------------
Generating 98 parsimony trees... 3.691 second
Computing log-likelihood of 98 initial trees ... 9.081 seconds
Current best score: -57211.887

Do NNI search on 20 best initial trees
Estimate model parameters (epsilon = 0.100)
BETTER TREE FOUND at iteration 1: -57211.882
Estimate model parameters (epsilon = 0.100)
BETTER TREE FOUND at iteration 8: -57209.321
Iteration 10 / LogL: -57215.095 / Time: 0h:0m:37s
Iteration 20 / LogL: -57210.009 / Time: 0h:0m:52s
Finish initializing candidate tree set (3)
Current best tree score: -57209.321 / CPU time: 39.288
Number of iterations: 20
--------------------------------------------------------------------
|               OPTIMIZING CANDIDATE TREE SET                      |
--------------------------------------------------------------------
Iteration 30 / LogL: -57210.300 / Time: 0h:1m:12s (0h:7m:26s left)
Iteration 40 / LogL: -57209.488 / Time: 0h:1m:30s (0h:6m:30s left)
Iteration 50 / LogL: -57213.053 / Time: 0h:1m:50s (0h:5m:55s left)
Log-likelihood cutoff on original alignment: -57256.178
Iteration 60 / LogL: -57212.394 / Time: 0h:2m:9s (0h:5m:25s left)
Iteration 70 / LogL: -57210.615 / Time: 0h:2m:28s (0h:4m:57s left)
Iteration 80 / LogL: -57209.406 / Time: 0h:2m:48s (0h:4m:32s left)
Iteration 90 / LogL: -57216.400 / Time: 0h:3m:5s (0h:4m:6s left)
Iteration 100 / LogL: -57215.957 / Time: 0h:3m:23s (0h:3m:42s left)
Log-likelihood cutoff on original alignment: -57247.960
NOTE: Bootstrap correlation coefficient of split occurrence frequencies: 0.999
Iteration 110 / LogL: -57212.913 / Time: 0h:3m:42s (0h:3m:20s left)
Iteration 120 / LogL: -57209.447 / Time: 0h:4m:2s (0h:2m:59s left)
Iteration 130 / LogL: -57209.658 / Time: 0h:4m:19s (0h:2m:37s left)
Iteration 140 / LogL: -57216.297 / Time: 0h:4m:40s (0h:2m:16s left)
Iteration 150 / LogL: -57209.395 / Time: 0h:4m:59s (0h:1m:56s left)
Log-likelihood cutoff on original alignment: -57244.767
Iteration 160 / LogL: -57214.667 / Time: 0h:5m:19s (0h:1m:36s left)
Iteration 170 / LogL: -57212.056 / Time: 0h:5m:38s (0h:1m:16s left)
Iteration 180 / LogL: -57209.402 / Time: 0h:6m:0s (0h:0m:56s left)
Iteration 190 / LogL: -57209.588 / Time: 0h:6m:18s (0h:0m:36s left)
Iteration 200 / LogL: -57212.014 / Time: 0h:6m:38s (0h:0m:16s left)
Log-likelihood cutoff on original alignment: -57244.767
NOTE: Bootstrap correlation coefficient of split occurrence frequencies: 1.000
TREE SEARCH COMPLETED AFTER 209 ITERATIONS / Time: 0h:6m:55s

--------------------------------------------------------------------
|                    FINALIZING TREE SEARCH                        |
--------------------------------------------------------------------
Performs final model parameters optimization
Estimate model parameters (epsilon = 0.010)
1. Initial log-likelihood: -57209.321
Optimal log-likelihood: -57209.307
Proportion of invariable sites: 0.045
Gamma shape alpha: 1.172
Parameters optimization took 1 rounds (0.299 sec)
BEST SCORE FOUND : -57209.307
Creating bootstrap support values...
Split supports printed to NEXUS file results_broccoli_meto/alignments/OG_2599.iqtree.splits.nex
Total tree length: 27.335

Total number of iterations: 209
CPU time used for tree search: 799.222 sec (0h:13m:19s)
Wall-clock time used for tree search: 402.614 sec (0h:6m:42s)
Total CPU time used: 825.949 sec (0h:13m:45s)
Total wall-clock time used: 416.166 sec (0h:6m:56s)

Computing bootstrap consensus tree...
Reading input file results_broccoli_meto/alignments/OG_2599.iqtree.splits.nex...
55 taxa and 181 splits.
Consensus tree written to results_broccoli_meto/alignments/OG_2599.iqtree.contree
Reading input trees file results_broccoli_meto/alignments/OG_2599.iqtree.contree
Log-likelihood of consensus tree: -57212.987

Analysis results written to: 
  IQ-TREE report:                results_broccoli_meto/alignments/OG_2599.iqtree.iqtree
  Maximum-likelihood tree:       results_broccoli_meto/alignments/OG_2599.iqtree.treefile
  Likelihood distances:          results_broccoli_meto/alignments/OG_2599.iqtree.mldist

Ultrafast bootstrap approximation results written to:
  Split support values:          results_broccoli_meto/alignments/OG_2599.iqtree.splits.nex
  Consensus tree:                results_broccoli_meto/alignments/OG_2599.iqtree.contree
  Screen log file:               results_broccoli_meto/alignments/OG_2599.iqtree.log

Date and Time: Fri Dec 16 15:58:54 2022
