IQ-TREE multicore version 2.1.0 for Linux 64-bit built Jul 18 2020
Developed by Bui Quang Minh, James Barbetti, Nguyen Lam Tung,
Olga Chernomor, Heiko Schmidt, Dominik Schrempf, Michael Woodhams.

Host:    node-hp0406.linux.crg.es (AVX, 125 GB RAM)
Command: /users/asebe/xgraubove/Programes/iqtree-2.1.0-Linux/bin/iqtree2 -s results_broccoli_meto/alignments/OG_25491.lt.fasta -m TEST -mset LG,WAG,JTT -nt AUTO -ntmax 2 -bb 1000 -pre results_broccoli_meto/alignments/OG_25491.iqtree -nm 10000 -nstop 200 -cptime 1800
Seed:    597944 (Using SPRNG - Scalable Parallel Random Number Generator)
Time:    Fri Dec 16 15:26:50 2022
Kernel:  AVX - auto-detect threads (2 CPU cores detected)

Reading alignment file results_broccoli_meto/alignments/OG_25491.lt.fasta ... Fasta format detected
Alignment most likely contains protein sequences
Alignment has 48 sequences with 502 columns, 493 distinct patterns
471 parsimony-informative, 0 singleton sites, 31 constant sites
                                                                  Gap/Ambiguity  Composition  p-value
   1  Hsap_ENST00000451899                                                8.96%    passed     89.76%
   2  Bralan_BLAG07000698_1                                               6.18%    failed      4.86%
   3  Skow_XM_006821815.1                                                 9.36%    passed     46.69%
   4  Ctel_gnl_WGS_AMQN_CAPTEDRAFT_mRNA160689                            22.51%    passed     52.73%
   5  Acagra_model.g25945.t1                                              9.76%    passed     32.84%
   6  Cgig_XM_034482942.1                                                32.07%    passed     97.03%
   7  Dpul_mRNA2313                                                      18.53%    passed     77.03%
   8  Cscu_XM_023377721.1                                                10.36%    passed     97.32%
   9  Exapal_XM_021055184.2                                              13.55%    passed     40.88%
  10  Nvec_v1g229336                                                      9.36%    passed     99.95%
  11  Adig_XM_015922772.1                                                 9.96%    passed     93.49%
  12  Amil_Amillepora05344-RA                                             9.96%    passed     92.58%
  13  Gfas_gfas1.m1.2712.m1                                               9.96%    passed     97.62%
  14  Fspp_ffun1.m4.17459.m1                                             11.95%    passed     97.01%
  15  Gasp_gasp1.m3.7962.m1                                               9.96%    passed     96.79%
  16  Spis_XP_022796357_1                                                 9.76%    passed     95.39%
  17  Pocdam_XM_027182845.1                                               9.56%    passed     99.43%
  18  Dgig_XM_028550024.1                                                12.95%    passed     33.36%
  19  Xesp_002488-T1                                                     13.15%    passed      9.57%
  20  Spur_XM_011667772.2                                                 8.17%    passed     60.06%
  21  Hvul_g32400_1                                                      12.95%    passed     43.56%
  22  Chem_TCONS_00002035                                                13.35%    passed     89.87%
  23  Aaur_scaffold1323.g7.t1                                            21.51%    passed     63.00%
  24  Nemnom_g18258.t1                                                   12.75%    passed     58.61%
  25  Rhoesc_Res_010570-T1                                               11.95%    passed     60.65%
  26  Sanmal_Sma_025565-T1                                               10.96%    passed     37.16%
  27  Morvir_scaffold64.g6.t1                                            11.35%    passed     77.42%
  28  Aque_Aqu2.1.17195_001                                               5.18%    passed     22.84%
  29  Xestes_augustus_masked-XT_scaffold4394-processed-gene-0.4-mRNA-1    6.57%    passed     75.00%
  30  Halamb_c52666_g2_i1m.33653                                          4.98%    passed     31.88%
  31  Emue_Em0018g1119a.t1                                                6.97%    passed     33.35%
  32  Spolac_c93904_g2_i1_m.9413c93904-g1                                41.04%    passed     58.38%
  33  Tetwil_g23411.t1                                                    6.77%    passed     99.94%
  34  Stycar_maker-SC_scaffold7048-augustus-gene-0.6-mRNA-1               9.56%    passed     40.26%
  35  Ocar_g4739                                                          9.96%    passed     57.02%
  36  Opea_EP00118_Oscarella_pearsei_P006921                              7.37%    passed     22.89%
  37  Tadh_TriadT52503                                                    5.98%    passed     69.24%
  38  TrH2_TrispH2_000159-RA                                              5.98%    passed     69.24%
  39  HoiH06_mRNA14746                                                    5.58%    passed     28.73%
  40  HoiH23_PlH23_000792-RA                                              5.58%    passed     51.68%
  41  Hhon_g04452.t1                                                      5.58%    passed      9.83%
  42  HoiH04_mRNA1318                                                     6.18%    failed      3.65%
  43  HoiH11_mRNA3283                                                     6.37%    passed     16.68%
  44  Scil_scict021936.1                                                  5.78%    failed      0.90%
  45  Leuniv_Lniv_scaffold15310_01                                        6.97%    failed      0.18%
  46  Lcom_lcpid47297                                                     5.98%    failed      0.22%
  47  Gracom_Gcom_scaffold16233_01                                        5.58%    failed      0.37%
  48  Tcas_TC033575_001                                                   6.57%    passed     97.23%
****  TOTAL                                                              10.65%  6 sequences failed composition chi2 test (p-value<5%; df=19)
NOTE: TrH2_TrispH2_000159-RA is identical to Tadh_TriadT52503 but kept for subsequent analysis


Create initial parsimony tree by phylogenetic likelihood library (PLL)... 0.014 seconds
Measuring multi-threading efficiency up to 2 CPU cores
Increase to 10 rounds for branch lengths
4 trees examined
Threads: 1 / Time: 2.434 sec / Speedup: 1.000 / Efficiency: 100% / LogL: -39927
Threads: 2 / Time: 2.469 sec / Speedup: 0.986 / Efficiency: 49% / LogL: -39927
BEST NUMBER OF THREADS: 1

Perform fast likelihood tree search using LG+I+G model...
Estimate model parameters (epsilon = 5.000)
Perform nearest neighbor interchange...
Estimate model parameters (epsilon = 1.000)
1. Initial log-likelihood: -29371.337
Optimal log-likelihood: -29371.297
Proportion of invariable sites: 0.054
Gamma shape alpha: 1.384
Parameters optimization took 1 rounds (0.234 sec)
Time for fast ML tree search: 2.844 seconds

NOTE: ModelFinder requires 17 MB RAM!
ModelFinder will test up to 24 protein models (sample size: 502) ...
 No. Model         -LnL         df  AIC          AICc         BIC
  1  LG            30699.444    93  61584.888    61627.741    61977.218
  2  LG+I          30394.688    94  60977.376    61021.258    61373.924
  3  LG+G4         29408.352    94  59004.703    59048.585    59401.252
  4  LG+I+G4       29371.316    95  58932.632    58977.558    59333.399
  8  LG+F+I+G4     29230.250    114 58688.500    58756.252    59169.421
 12  WAG+I+G4      29474.978    95  59139.955    59184.882    59540.722
 16  WAG+F+I+G4    29336.514    114 58901.028    58968.780    59381.948
 20  JTT+I+G4      29525.135    95  59240.270    59285.196    59641.037
 24  JTT+F+I+G4    29452.822    114 59133.644    59201.396    59614.564
Akaike Information Criterion:           LG+F+I+G4
Corrected Akaike Information Criterion: LG+F+I+G4
Bayesian Information Criterion:         LG+F+I+G4
Best-fit model: LG+F+I+G4 chosen according to BIC

All model information printed to results_broccoli_meto/alignments/OG_25491.iqtree.model.gz
CPU time for ModelFinder: 16.691 seconds (0h:0m:16s)
Wall-clock time for ModelFinder: 14.009 seconds (0h:0m:14s)
Generating 1000 samples for ultrafast bootstrap (seed: 597944)...

NOTE: 17 MB RAM (0 GB) is required!
Estimate model parameters (epsilon = 0.100)
Thoroughly optimizing +I+G parameters from 10 start values...
Init pinv, alpha: 0.000, 1.405 / Estimate: 0.055, 1.405 / LogL: -29230.249
Init pinv, alpha: 0.007, 1.405 / Estimate: 0.055, 1.405 / LogL: -29230.250
Init pinv, alpha: 0.014, 1.405 / Estimate: 0.055, 1.405 / LogL: -29230.250
Init pinv, alpha: 0.021, 1.405 / Estimate: 0.055, 1.405 / LogL: -29230.250
Init pinv, alpha: 0.027, 1.405 / Estimate: 0.055, 1.407 / LogL: -29230.253
Init pinv, alpha: 0.034, 1.405 / Estimate: 0.055, 1.407 / LogL: -29230.257
Init pinv, alpha: 0.041, 1.405 / Estimate: 0.055, 1.408 / LogL: -29230.259
Init pinv, alpha: 0.048, 1.405 / Estimate: 0.055, 1.406 / LogL: -29230.252
Init pinv, alpha: 0.055, 1.405 / Estimate: 0.055, 1.404 / LogL: -29230.249
Init pinv, alpha: 0.062, 1.405 / Estimate: 0.055, 1.402 / LogL: -29230.250
Optimal pinv,alpha: 0.055, 1.404 / LogL: -29230.249

Parameters optimization took 8.566 sec
Computing ML distances based on estimated model parameters...
Computing ML distances took 0.339026 sec (of wall-clock time) 0.336433 sec(of CPU time)
Computing RapidNJ tree took 0.000282 sec (of wall-clock time) 0.000000 sec (of CPU time)
Log-likelihood of RapidNJ tree: -29301.566
--------------------------------------------------------------------
|             INITIALIZING CANDIDATE TREE SET                      |
--------------------------------------------------------------------
Generating 98 parsimony trees... 1.584 second
Computing log-likelihood of 98 initial trees ... 6.952 seconds
Current best score: -29230.249

Do NNI search on 20 best initial trees
Estimate model parameters (epsilon = 0.100)
BETTER TREE FOUND at iteration 1: -29229.838
Estimate model parameters (epsilon = 0.100)
BETTER TREE FOUND at iteration 2: -29228.973
Iteration 10 / LogL: -29244.001 / Time: 0h:0m:28s
Iteration 20 / LogL: -29232.957 / Time: 0h:0m:39s
Finish initializing candidate tree set (8)
Current best tree score: -29228.973 / CPU time: 29.262
Number of iterations: 20
--------------------------------------------------------------------
|               OPTIMIZING CANDIDATE TREE SET                      |
--------------------------------------------------------------------
Estimate model parameters (epsilon = 0.100)
UPDATE BEST LOG-LIKELIHOOD: -29225.698
Iteration 30 / LogL: -29230.458 / Time: 0h:0m:54s (0h:5m:25s left)
Iteration 40 / LogL: -29228.121 / Time: 0h:1m:8s (0h:4m:44s left)
Iteration 50 / LogL: -29229.079 / Time: 0h:1m:22s (0h:4m:16s left)
Log-likelihood cutoff on original alignment: -29281.151
Iteration 60 / LogL: -29226.871 / Time: 0h:1m:38s (0h:3m:56s left)
Iteration 70 / LogL: -29225.843 / Time: 0h:1m:52s (0h:3m:35s left)
Iteration 80 / LogL: -29226.059 / Time: 0h:2m:7s (0h:3m:16s left)
Iteration 90 / LogL: -29229.411 / Time: 0h:2m:22s (0h:2m:58s left)
Iteration 100 / LogL: -29226.011 / Time: 0h:2m:36s (0h:2m:41s left)
Log-likelihood cutoff on original alignment: -29281.151
NOTE: Bootstrap correlation coefficient of split occurrence frequencies: 1.000
Iteration 110 / LogL: -29226.100 / Time: 0h:2m:49s (0h:2m:23s left)
Iteration 120 / LogL: -29227.327 / Time: 0h:3m:4s (0h:2m:7s left)
Iteration 130 / LogL: -29225.849 / Time: 0h:3m:18s (0h:1m:50s left)
Iteration 140 / LogL: -29230.014 / Time: 0h:3m:33s (0h:1m:35s left)
Iteration 150 / LogL: -29229.262 / Time: 0h:3m:48s (0h:1m:19s left)
Log-likelihood cutoff on original alignment: -29281.151
Iteration 160 / LogL: -29225.743 / Time: 0h:4m:1s (0h:1m:3s left)
Iteration 170 / LogL: -29229.406 / Time: 0h:4m:17s (0h:0m:48s left)
Iteration 180 / LogL: -29226.252 / Time: 0h:4m:30s (0h:0m:33s left)
Iteration 190 / LogL: -29225.880 / Time: 0h:4m:44s (0h:0m:18s left)
Iteration 200 / LogL: -29226.465 / Time: 0h:4m:59s (0h:0m:3s left)
Log-likelihood cutoff on original alignment: -29281.151
NOTE: Bootstrap correlation coefficient of split occurrence frequencies: 1.000
TREE SEARCH COMPLETED AFTER 203 ITERATIONS / Time: 0h:5m:4s

--------------------------------------------------------------------
|                    FINALIZING TREE SEARCH                        |
--------------------------------------------------------------------
Performs final model parameters optimization
Estimate model parameters (epsilon = 0.010)
1. Initial log-likelihood: -29225.698
Optimal log-likelihood: -29225.698
Proportion of invariable sites: 0.055
Gamma shape alpha: 1.408
Parameters optimization took 1 rounds (0.227 sec)
BEST SCORE FOUND : -29225.698
Creating bootstrap support values...
Split supports printed to NEXUS file results_broccoli_meto/alignments/OG_25491.iqtree.splits.nex
Total tree length: 28.138

Total number of iterations: 203
CPU time used for tree search: 294.359 sec (0h:4m:54s)
Wall-clock time used for tree search: 294.637 sec (0h:4m:54s)
Total CPU time used: 304.274 sec (0h:5m:4s)
Total wall-clock time used: 305.170 sec (0h:5m:5s)

Computing bootstrap consensus tree...
Reading input file results_broccoli_meto/alignments/OG_25491.iqtree.splits.nex...
48 taxa and 207 splits.
Consensus tree written to results_broccoli_meto/alignments/OG_25491.iqtree.contree
Reading input trees file results_broccoli_meto/alignments/OG_25491.iqtree.contree
Log-likelihood of consensus tree: -29225.700

Analysis results written to: 
  IQ-TREE report:                results_broccoli_meto/alignments/OG_25491.iqtree.iqtree
  Maximum-likelihood tree:       results_broccoli_meto/alignments/OG_25491.iqtree.treefile
  Likelihood distances:          results_broccoli_meto/alignments/OG_25491.iqtree.mldist

Ultrafast bootstrap approximation results written to:
  Split support values:          results_broccoli_meto/alignments/OG_25491.iqtree.splits.nex
  Consensus tree:                results_broccoli_meto/alignments/OG_25491.iqtree.contree
  Screen log file:               results_broccoli_meto/alignments/OG_25491.iqtree.log

Date and Time: Fri Dec 16 15:32:10 2022
