IQ-TREE multicore version 2.1.0 for Linux 64-bit built Jul 18 2020
Developed by Bui Quang Minh, James Barbetti, Nguyen Lam Tung,
Olga Chernomor, Heiko Schmidt, Dominik Schrempf, Michael Woodhams.

Host:    node-hp0515.linux.crg.es (AVX, 125 GB RAM)
Command: /users/asebe/xgraubove/Programes/iqtree-2.1.0-Linux/bin/iqtree2 -s results_broccoli_meto/alignments/OG_25629.lt.fasta -m TEST -mset LG,WAG,JTT -nt AUTO -ntmax 2 -bb 1000 -pre results_broccoli_meto/alignments/OG_25629.iqtree -nm 10000 -nstop 200 -cptime 1800
Seed:    431448 (Using SPRNG - Scalable Parallel Random Number Generator)
Time:    Fri Dec 16 15:31:57 2022
Kernel:  AVX - auto-detect threads (2 CPU cores detected)

Reading alignment file results_broccoli_meto/alignments/OG_25629.lt.fasta ... Fasta format detected
Alignment most likely contains protein sequences
Alignment has 49 sequences with 210 columns, 145 distinct patterns
101 parsimony-informative, 0 singleton sites, 109 constant sites
                                                                   Gap/Ambiguity  Composition  p-value
   1  Hsap_ENST00000278572                                                 0.48%    passed    100.00%
   2  Cgig_XM_011440006.3                                                  0.95%    passed     99.97%
   3  Acagra_model.g12771.t1                                               0.48%    passed    100.00%
   4  Adig_XM_015903310.1                                                  0.48%    passed     99.84%
   5  Amil_Amillepora08096-RA                                             10.00%    passed     99.52%
   6  Gfas_gfas1.m1.6790.m1                                                0.95%    passed     99.97%
   7  Gasp_gasp1.m3.11597.m1                                               0.48%    passed     99.97%
   8  Fspp_ffun1.m4.13971.m1                                               0.00%    passed     99.99%
   9  Spis_XP_022795354_1                                                  0.00%    passed    100.00%
  10  Pocdam_XM_027198360.1                                                0.00%    passed    100.00%
  11  Dgig_XM_028547043.1                                                  0.95%    passed     99.93%
  12  Xesp_015647-T1                                                       0.95%    passed     99.93%
  13  Nvec_v1g158071                                                       0.00%    passed    100.00%
  14  Lcom_lcpid129937                                                     0.00%    passed     99.97%
  15  Clacor_Ccor_C520779_01                                               1.90%    passed     99.84%
  16  Ctel_gnl_WGS_AMQN_CAPTEDRAFT_mRNA171942                              0.48%    passed    100.00%
  17  Ocar_g6947                                                           3.33%    passed     99.98%
  18  Opea_EP00118_Oscarella_pearsei_P024558                               2.86%    passed     99.97%
  19  Plajan_Pjan_scaffold23040_01                                         2.38%    passed    100.00%
  20  Hvul_g10540_1                                                        0.95%    passed     99.99%
  21  Nemnom_g7967.t1                                                      0.48%    passed     99.93%
  22  Rhoesc_Res_000771-T1                                                 0.48%    passed    100.00%
  23  Sanmal_Sma_011032-T1                                                 0.48%    passed     99.96%
  24  Morvir_scaffold123.g3.t1                                             0.48%    passed    100.00%
  25  Tadh_TriadT38207                                                     6.19%    passed     92.96%
  26  TrH2_TrispH2_008401-RA                                               6.19%    passed     92.96%
  27  HoiH06_mRNA11233                                                     9.05%    passed     96.33%
  28  HoiH04_mRNA12596                                                     9.05%    passed     97.11%
  29  HoiH23_PlH23_009145-RA                                               5.71%    passed     91.37%
  30  HoiH11_mRNA1755                                                      9.05%    passed     97.43%
  31  Hhon_g08423.t1                                                      10.48%    passed     98.44%
  32  Pbac_sb2666002                                                       1.43%    passed     99.96%
  33  Horcal_Hcv1.av93.c4.g698.i1                                          1.43%    passed     99.96%
  34  Bolinf_Binf_sb1229850                                                0.95%    passed     99.98%
  35  Mertsp_Mesp_sb557998                                                 0.00%    passed     99.90%
  36  Vmul_sbMO384920                                                     27.62%    passed     96.29%
  37  Beraby_Baby_sb325577                                                 0.95%    passed     99.99%
  38  Drygla_Dgla_sb279399                                                 1.43%    passed     99.98%
  39  Eupdun_Edun_sb10633106                                               0.95%    passed    100.00%
  40  Leuniv_Lniv_C780799_01                                               3.33%    passed     99.94%
  41  Aque_Aqu2.1.26386_001                                                2.38%    passed     98.58%
  42  Halamb_c44972_g1_i1m.18273                                           1.43%    passed     99.99%
  43  Xestes_maker-XT_scaffold122656-augustus-gene-0.8-mRNA-1              0.95%    passed     99.99%
  44  Tetwil_g12323.t1                                                     0.48%    passed    100.00%
  45  Emue_Em0022g493a.t1                                                  0.48%    passed     99.63%
  46  Spolac_c92638_g1_i1_m.8023c92638-g1                                  0.48%    passed     99.94%
  47  Chem_TCONS_00004268                                                 13.81%    passed     99.90%
  48  Stycar_augustus_masked-SC_scaffold38338-processed-gene-0.8-mRNA-1    0.95%    passed     98.69%
  49  Skow_XM_006821848.1                                                 33.33%    passed     73.07%
****  TOTAL                                                                3.62%  0 sequences failed composition chi2 test (p-value<5%; df=19)
NOTE: TrH2_TrispH2_008401-RA is identical to Tadh_TriadT38207 but kept for subsequent analysis
NOTE: Horcal_Hcv1.av93.c4.g698.i1 is identical to Pbac_sb2666002 but kept for subsequent analysis


Create initial parsimony tree by phylogenetic likelihood library (PLL)... 0.005 seconds
Measuring multi-threading efficiency up to 2 CPU cores
Increase to 10 rounds for branch lengths
11 trees examined
Threads: 1 / Time: 2.069 sec / Speedup: 1.000 / Efficiency: 100% / LogL: -6322
Threads: 2 / Time: 1.177 sec / Speedup: 1.758 / Efficiency: 88% / LogL: -6322
BEST NUMBER OF THREADS: 2

Perform fast likelihood tree search using LG+I+G model...
Estimate model parameters (epsilon = 5.000)
Perform nearest neighbor interchange...
Estimate model parameters (epsilon = 1.000)
1. Initial log-likelihood: -4005.602
Optimal log-likelihood: -4005.329
Proportion of invariable sites: 0.337
Gamma shape alpha: 0.397
Parameters optimization took 1 rounds (0.041 sec)
Time for fast ML tree search: 0.450 seconds

NOTE: ModelFinder requires 5 MB RAM!
ModelFinder will test up to 24 protein models (sample size: 210) ...
 No. Model         -LnL         df  AIC          AICc         BIC
  1  LG            4588.252     95  9366.505     9526.505     9684.480
  2  LG+I          4231.103     96  8654.206     8819.020     8975.528
  3  LG+G4         4026.657     96  8245.315     8410.129     8566.637
  4  LG+I+G4       4005.137     97  8204.274     8374.024     8528.944
  8  LG+F+I+G4     4029.638     116 8291.277     8583.148     8679.541
 12  WAG+I+G4      4011.427     97  8216.854     8386.604     8541.523
 16  WAG+F+I+G4    4039.323     116 8310.645     8602.516     8698.910
 20  JTT+I+G4      3995.987     97  8185.974     8355.724     8510.643
 24  JTT+F+I+G4    4023.634     116 8279.267     8571.138     8667.531
Akaike Information Criterion:           JTT+I+G4
Corrected Akaike Information Criterion: JTT+I+G4
Bayesian Information Criterion:         JTT+I+G4
Best-fit model: JTT+I+G4 chosen according to BIC

All model information printed to results_broccoli_meto/alignments/OG_25629.iqtree.model.gz
CPU time for ModelFinder: 7.620 seconds (0h:0m:7s)
Wall-clock time for ModelFinder: 4.911 seconds (0h:0m:4s)
Generating 1000 samples for ultrafast bootstrap (seed: 431448)...

NOTE: 5 MB RAM (0 GB) is required!
Estimate model parameters (epsilon = 0.100)
Thoroughly optimizing +I+G parameters from 10 start values...
Init pinv, alpha: 0.000, 0.454 / Estimate: 0.000, 0.286 / LogL: -4018.212
Init pinv, alpha: 0.058, 0.454 / Estimate: 0.366, 0.447 / LogL: -3996.025
Init pinv, alpha: 0.115, 0.454 / Estimate: 0.367, 0.448 / LogL: -3996.019
Init pinv, alpha: 0.173, 0.454 / Estimate: 0.370, 0.450 / LogL: -3996.003
Init pinv, alpha: 0.231, 0.454 / Estimate: 0.371, 0.452 / LogL: -3995.996
Init pinv, alpha: 0.288, 0.454 / Estimate: 0.368, 0.449 / LogL: -3996.015
Init pinv, alpha: 0.346, 0.454 / Estimate: 0.369, 0.450 / LogL: -3996.009
Init pinv, alpha: 0.404, 0.454 / Estimate: 0.387, 0.467 / LogL: -3995.989
Init pinv, alpha: 0.461, 0.454 / Estimate: 0.392, 0.472 / LogL: -3996.011
Init pinv, alpha: 0.519, 0.454 / Estimate: 0.391, 0.470 / LogL: -3996.003
Optimal pinv,alpha: 0.387, 0.467 / LogL: -3995.989

Parameters optimization took 3.180 sec
Computing ML distances based on estimated model parameters...
Computing ML distances took 0.150521 sec (of wall-clock time) 0.296599 sec(of CPU time)
WARNING: Some pairwise ML distances are too long (saturated)
Computing RapidNJ tree took 0.000698 sec (of wall-clock time) 0.001395 sec (of CPU time)
Log-likelihood of RapidNJ tree: -4071.620
--------------------------------------------------------------------
|             INITIALIZING CANDIDATE TREE SET                      |
--------------------------------------------------------------------
Generating 98 parsimony trees... 0.563 second
Computing log-likelihood of 98 initial trees ... 1.285 seconds
Current best score: -3995.989

Do NNI search on 20 best initial trees
Estimate model parameters (epsilon = 0.100)
BETTER TREE FOUND at iteration 1: -3994.146
UPDATE BEST LOG-LIKELIHOOD: -3994.146
Iteration 10 / LogL: -3995.061 / Time: 0h:0m:8s
Iteration 20 / LogL: -3995.061 / Time: 0h:0m:11s
Finish initializing candidate tree set (3)
Current best tree score: -3994.146 / CPU time: 7.621
Number of iterations: 20
--------------------------------------------------------------------
|               OPTIMIZING CANDIDATE TREE SET                      |
--------------------------------------------------------------------
Iteration 30 / LogL: -3994.146 / Time: 0h:0m:14s (0h:1m:27s left)
Iteration 40 / LogL: -3994.174 / Time: 0h:0m:18s (0h:1m:14s left)
Iteration 50 / LogL: -3995.102 / Time: 0h:0m:21s (0h:1m:7s left)
Log-likelihood cutoff on original alignment: -4024.704
Iteration 60 / LogL: -3994.269 / Time: 0h:0m:25s (0h:1m:1s left)
Iteration 70 / LogL: -4009.037 / Time: 0h:0m:29s (0h:0m:55s left)
UPDATE BEST LOG-LIKELIHOOD: -3994.146
Iteration 80 / LogL: -3994.146 / Time: 0h:0m:32s (0h:0m:49s left)
Iteration 90 / LogL: -3994.151 / Time: 0h:0m:36s (0h:0m:45s left)
Iteration 100 / LogL: -4011.278 / Time: 0h:0m:39s (0h:0m:40s left)
Log-likelihood cutoff on original alignment: -4024.704
NOTE: Bootstrap correlation coefficient of split occurrence frequencies: 0.999
UPDATE BEST LOG-LIKELIHOOD: -3994.146
Iteration 110 / LogL: -3997.810 / Time: 0h:0m:43s (0h:0m:36s left)
Iteration 120 / LogL: -3994.146 / Time: 0h:0m:46s (0h:0m:31s left)
Iteration 130 / LogL: -3995.392 / Time: 0h:0m:50s (0h:0m:27s left)
Iteration 140 / LogL: -3994.567 / Time: 0h:0m:53s (0h:0m:23s left)
Iteration 150 / LogL: -3994.161 / Time: 0h:0m:57s (0h:0m:19s left)
Log-likelihood cutoff on original alignment: -4024.537
UPDATE BEST LOG-LIKELIHOOD: -3994.146
Iteration 160 / LogL: -3997.973 / Time: 0h:1m:0s (0h:0m:15s left)
Iteration 170 / LogL: -3994.146 / Time: 0h:1m:4s (0h:0m:11s left)
Iteration 180 / LogL: -3994.153 / Time: 0h:1m:7s (0h:0m:7s left)
Iteration 190 / LogL: -3994.161 / Time: 0h:1m:11s (0h:0m:4s left)
Iteration 200 / LogL: -4003.186 / Time: 0h:1m:14s (0h:0m:0s left)
Log-likelihood cutoff on original alignment: -4023.587
NOTE: Bootstrap correlation coefficient of split occurrence frequencies: 0.998
TREE SEARCH COMPLETED AFTER 202 ITERATIONS / Time: 0h:1m:15s

--------------------------------------------------------------------
|                    FINALIZING TREE SEARCH                        |
--------------------------------------------------------------------
Performs final model parameters optimization
Estimate model parameters (epsilon = 0.010)
1. Initial log-likelihood: -3994.146
Optimal log-likelihood: -3994.144
Proportion of invariable sites: 0.384
Gamma shape alpha: 0.460
Parameters optimization took 1 rounds (0.042 sec)
BEST SCORE FOUND : -3994.144
Creating bootstrap support values...
Split supports printed to NEXUS file results_broccoli_meto/alignments/OG_25629.iqtree.splits.nex
Total tree length: 6.635

Total number of iterations: 202
CPU time used for tree search: 141.225 sec (0h:2m:21s)
Wall-clock time used for tree search: 71.445 sec (0h:1m:11s)
Total CPU time used: 148.767 sec (0h:2m:28s)
Total wall-clock time used: 75.436 sec (0h:1m:15s)

Computing bootstrap consensus tree...
Reading input file results_broccoli_meto/alignments/OG_25629.iqtree.splits.nex...
49 taxa and 308 splits.
Consensus tree written to results_broccoli_meto/alignments/OG_25629.iqtree.contree
Reading input trees file results_broccoli_meto/alignments/OG_25629.iqtree.contree
Log-likelihood of consensus tree: -3994.146

Analysis results written to: 
  IQ-TREE report:                results_broccoli_meto/alignments/OG_25629.iqtree.iqtree
  Maximum-likelihood tree:       results_broccoli_meto/alignments/OG_25629.iqtree.treefile
  Likelihood distances:          results_broccoli_meto/alignments/OG_25629.iqtree.mldist

Ultrafast bootstrap approximation results written to:
  Split support values:          results_broccoli_meto/alignments/OG_25629.iqtree.splits.nex
  Consensus tree:                results_broccoli_meto/alignments/OG_25629.iqtree.contree
  Screen log file:               results_broccoli_meto/alignments/OG_25629.iqtree.log

Date and Time: Fri Dec 16 15:33:17 2022
