IQ-TREE multicore version 2.1.0 for Linux 64-bit built Jul 18 2020
Developed by Bui Quang Minh, James Barbetti, Nguyen Lam Tung,
Olga Chernomor, Heiko Schmidt, Dominik Schrempf, Michael Woodhams.

Host:    node-hp0211.linux.crg.es (AVX, 125 GB RAM)
Command: /users/asebe/xgraubove/Programes/iqtree-2.1.0-Linux/bin/iqtree2 -s results_broccoli_meto/alignments/OG_2269.lt.fasta -m TEST -mset LG,WAG,JTT -nt AUTO -ntmax 2 -bb 1000 -pre results_broccoli_meto/alignments/OG_2269.iqtree -nm 10000 -nstop 200 -cptime 1800
Seed:    961730 (Using SPRNG - Scalable Parallel Random Number Generator)
Time:    Fri Dec 16 14:48:50 2022
Kernel:  AVX - auto-detect threads (2 CPU cores detected)

Reading alignment file results_broccoli_meto/alignments/OG_2269.lt.fasta ... Fasta format detected
Alignment most likely contains protein sequences
Alignment has 42 sequences with 203 columns, 203 distinct patterns
194 parsimony-informative, 0 singleton sites, 9 constant sites
                                                        Gap/Ambiguity  Composition  p-value
   1  Bralan_BLAG13000417_1                                     2.46%    passed     80.61%
   2  Spur_XM_030996963.1                                       0.99%    passed     34.50%
   3  Skow_XM_002732535.2                                       4.93%    passed     88.28%
   4  Cscu_XM_023370378.1                                       9.36%    passed     94.64%
   5  Emue_Em0011g71a.t1                                       59.11%    passed     94.69%
   6  Spolac_c92009_g1_i1_m.7435c92009-g1                      17.73%    passed     66.54%
   7  Stycar_maker-SC_scaffold6937-snap-gene-0.63-mRNA-1       11.33%    passed     37.12%
   8  Tetwil_g8309.t1                                           2.96%    passed     54.80%
   9  Lcom_lcpid83818                                           1.97%    passed     10.84%
  10  Gracom_Gcom_scaffold17667_01                              1.97%    passed     10.34%
  11  Chem_TCONS_00010957                                       4.93%    passed     65.85%
  12  Acagra_model.g24409.t1.1.5d3b8b13                         2.96%    passed     42.11%
  13  Exapal_XM_021058179.2                                    15.76%    passed     29.10%
  14  Adig_XM_015916501.1                                      22.17%    passed     93.61%
  15  Amil_Amillepora03252-RA                                   2.46%    passed     99.09%
  16  Gfas_gfas1.m1.15691.m1                                    2.46%    passed     99.31%
  17  Fspp_ffun1.m4.15970.m1                                   45.32%    passed     93.33%
  18  Gasp_gasp1.m3.646.m1                                      2.46%    passed     99.50%
  19  Spis_XP_022783738_1                                       2.96%    passed     95.10%
  20  Pocdam_XM_027185706.1                                     2.46%    passed     97.17%
  21  Dgig_XM_028560922.1                                      11.82%    passed     50.00%
  22  Xesp_025633-T2                                           15.27%    passed     44.55%
  23  Cgig_XM_011426009.3                                       3.94%    passed     92.32%
  24  HoiH06_mRNA7488                                          10.84%    passed     94.74%
  25  HoiH23_PlH23_004126-RA                                   12.32%    passed     79.26%
  26  HoiH04_mRNA972                                           10.34%    passed     66.08%
  27  Plespi_Pspi_C606826_01                                    4.93%    passed     98.97%
  28  Morvir_scaffold268.g32.t1                                17.24%    passed     98.70%
  29  Aaur_scaffold366.g13.t1                                   9.36%    passed     61.56%
  30  Nemnom_g18673.t1                                         15.76%    passed     97.68%
  31  Rhoesc_Res_003132-T1                                     15.27%    passed     76.54%
  32  Sanmal_Sma_008789-T1                                      5.91%    passed     27.27%
  33  Ctel_gnl_WGS_AMQN_CAPTEDRAFT_mRNA154287                   2.46%    passed     55.19%
  34  Xestes_maker-XT_scaffold4437-augustus-gene-0.18-mRNA-1   50.74%    passed     21.07%
  35  Hvul_g27826_1                                             5.42%    failed      4.66%
  36  Horcal_Hcv1.av93.c7.g719.i1                              17.73%    passed     36.97%
  37  Bolinf_Binf_sb1209841                                    30.05%    failed      0.09%
  38  Vmul_sbMO462496                                          17.24%    failed      0.05%
  39  Lampan_Lpan_14288_01                                     18.23%    passed     17.73%
  40  Mertsp_Mesp_sb578069                                     46.31%    passed     66.17%
  41  Beraby_Baby_sb333412                                     25.12%    failed      0.22%
  42  Coemet_Cmet_C573244_01                                   20.20%    passed     91.94%
WARNING: 2 sequences contain more than 50% gaps/ambiguity
****  TOTAL                                                    13.89%  4 sequences failed composition chi2 test (p-value<5%; df=19)


Create initial parsimony tree by phylogenetic likelihood library (PLL)... 0.016 seconds
Measuring multi-threading efficiency up to 2 CPU cores
Increase to 10 rounds for branch lengths
9 trees examined
Threads: 1 / Time: 2.181 sec / Speedup: 1.000 / Efficiency: 100% / LogL: -13867
Threads: 2 / Time: 1.219 sec / Speedup: 1.789 / Efficiency: 89% / LogL: -13867
BEST NUMBER OF THREADS: 2

Perform fast likelihood tree search using LG+I+G model...
Estimate model parameters (epsilon = 5.000)
Perform nearest neighbor interchange...
Estimate model parameters (epsilon = 1.000)
1. Initial log-likelihood: -11681.629
Optimal log-likelihood: -11681.612
Proportion of invariable sites: 0.041
Gamma shape alpha: 1.463
Parameters optimization took 1 rounds (0.078 sec)
Time for fast ML tree search: 0.631 seconds

NOTE: ModelFinder requires 6 MB RAM!
ModelFinder will test up to 24 protein models (sample size: 203) ...
 No. Model         -LnL         df  AIC          AICc         BIC
  1  LG            12171.483    81  24504.967    24614.752    24773.337
  2  LG+I          12055.034    82  24274.067    24387.500    24545.750
  3  LG+G4         11696.809    82  23557.617    23671.051    23829.300
  4  LG+I+G4       11681.615    83  23529.229    23646.405    23804.225
  8  LG+F+I+G4     11695.931    102 23595.863    23805.983    23933.810
 12  WAG+I+G4      11727.495    83  23620.990    23738.167    23895.987
 16  WAG+F+I+G4    11758.414    102 23720.827    23930.947    24058.774
 20  JTT+I+G4      11740.254    83  23646.507    23763.684    23921.503
 24  JTT+F+I+G4    11718.688    102 23641.376    23851.496    23979.323
Akaike Information Criterion:           LG+I+G4
Corrected Akaike Information Criterion: LG+I+G4
Bayesian Information Criterion:         LG+I+G4
Best-fit model: LG+I+G4 chosen according to BIC

All model information printed to results_broccoli_meto/alignments/OG_2269.iqtree.model.gz
CPU time for ModelFinder: 8.303 seconds (0h:0m:8s)
Wall-clock time for ModelFinder: 5.327 seconds (0h:0m:5s)
Generating 1000 samples for ultrafast bootstrap (seed: 961730)...

NOTE: 6 MB RAM (0 GB) is required!
Estimate model parameters (epsilon = 0.100)
Thoroughly optimizing +I+G parameters from 10 start values...
Init pinv, alpha: 0.000, 1.467 / Estimate: 0.041, 1.466 / LogL: -11681.615
Init pinv, alpha: 0.005, 1.467 / Estimate: 0.041, 1.465 / LogL: -11681.614
Init pinv, alpha: 0.010, 1.467 / Estimate: 0.041, 1.467 / LogL: -11681.617
Init pinv, alpha: 0.015, 1.467 / Estimate: 0.041, 1.468 / LogL: -11681.615
Init pinv, alpha: 0.020, 1.467 / Estimate: 0.040, 1.465 / LogL: -11681.619
Init pinv, alpha: 0.025, 1.467 / Estimate: 0.041, 1.465 / LogL: -11681.616
Init pinv, alpha: 0.030, 1.467 / Estimate: 0.041, 1.465 / LogL: -11681.614
Init pinv, alpha: 0.034, 1.467 / Estimate: 0.041, 1.465 / LogL: -11681.613
Init pinv, alpha: 0.039, 1.467 / Estimate: 0.041, 1.465 / LogL: -11681.612
Init pinv, alpha: 0.044, 1.467 / Estimate: 0.041, 1.467 / LogL: -11681.612
Optimal pinv,alpha: 0.041, 1.467 / LogL: -11681.612

Parameters optimization took 1.573 sec
Computing ML distances based on estimated model parameters...
Computing ML distances took 0.127444 sec (of wall-clock time) 0.253555 sec(of CPU time)
Computing RapidNJ tree took 0.000658 sec (of wall-clock time) 0.000298 sec (of CPU time)
Log-likelihood of RapidNJ tree: -11717.272
--------------------------------------------------------------------
|             INITIALIZING CANDIDATE TREE SET                      |
--------------------------------------------------------------------
Generating 98 parsimony trees... 0.803 second
Computing log-likelihood of 98 initial trees ... 1.573 seconds
Current best score: -11681.612

Do NNI search on 20 best initial trees
Estimate model parameters (epsilon = 0.100)
BETTER TREE FOUND at iteration 1: -11681.612
Estimate model parameters (epsilon = 0.100)
BETTER TREE FOUND at iteration 2: -11676.815
Estimate model parameters (epsilon = 0.100)
BETTER TREE FOUND at iteration 9: -11675.910
Iteration 10 / LogL: -11689.762 / Time: 0h:0m:7s
Iteration 20 / LogL: -11682.733 / Time: 0h:0m:10s
Finish initializing candidate tree set (19)
Current best tree score: -11675.910 / CPU time: 9.024
Number of iterations: 20
--------------------------------------------------------------------
|               OPTIMIZING CANDIDATE TREE SET                      |
--------------------------------------------------------------------
Estimate model parameters (epsilon = 0.100)
BETTER TREE FOUND at iteration 22: -11675.796
Iteration 30 / LogL: -11677.245 / Time: 0h:0m:14s (0h:1m:34s left)
Iteration 40 / LogL: -11676.876 / Time: 0h:0m:17s (0h:1m:20s left)
Iteration 50 / LogL: -11676.051 / Time: 0h:0m:20s (0h:1m:10s left)
Log-likelihood cutoff on original alignment: -11716.107
Iteration 60 / LogL: -11676.504 / Time: 0h:0m:23s (0h:1m:4s left)
Iteration 70 / LogL: -11676.216 / Time: 0h:0m:26s (0h:0m:58s left)
Iteration 80 / LogL: -11675.935 / Time: 0h:0m:30s (0h:0m:54s left)
Iteration 90 / LogL: -11676.848 / Time: 0h:0m:33s (0h:0m:49s left)
Iteration 100 / LogL: -11675.847 / Time: 0h:0m:36s (0h:0m:44s left)
Log-likelihood cutoff on original alignment: -11714.844
NOTE: Bootstrap correlation coefficient of split occurrence frequencies: 0.998
Iteration 110 / LogL: -11677.222 / Time: 0h:0m:40s (0h:0m:41s left)
Iteration 120 / LogL: -11676.525 / Time: 0h:0m:43s (0h:0m:36s left)
Iteration 130 / LogL: -11675.914 / Time: 0h:0m:46s (0h:0m:33s left)
Iteration 140 / LogL: -11676.494 / Time: 0h:0m:49s (0h:0m:29s left)
Iteration 150 / LogL: -11676.051 / Time: 0h:0m:52s (0h:0m:25s left)
Log-likelihood cutoff on original alignment: -11714.844
Iteration 160 / LogL: -11675.925 / Time: 0h:0m:55s (0h:0m:21s left)
Iteration 170 / LogL: -11676.032 / Time: 0h:0m:58s (0h:0m:18s left)
Iteration 180 / LogL: -11677.129 / Time: 0h:1m:1s (0h:0m:14s left)
Iteration 190 / LogL: -11676.192 / Time: 0h:1m:4s (0h:0m:11s left)
Iteration 200 / LogL: -11679.421 / Time: 0h:1m:8s (0h:0m:7s left)
Log-likelihood cutoff on original alignment: -11714.844
NOTE: Bootstrap correlation coefficient of split occurrence frequencies: 0.999
Iteration 210 / LogL: -11675.871 / Time: 0h:1m:11s (0h:0m:30s left)
Iteration 220 / LogL: -11680.689 / Time: 0h:1m:14s (0h:0m:27s left)
TREE SEARCH COMPLETED AFTER 223 ITERATIONS / Time: 0h:1m:15s

--------------------------------------------------------------------
|                    FINALIZING TREE SEARCH                        |
--------------------------------------------------------------------
Performs final model parameters optimization
Estimate model parameters (epsilon = 0.010)
1. Initial log-likelihood: -11675.796
Optimal log-likelihood: -11675.793
Proportion of invariable sites: 0.041
Gamma shape alpha: 1.483
Parameters optimization took 1 rounds (0.049 sec)
BEST SCORE FOUND : -11675.793
Creating bootstrap support values...
Split supports printed to NEXUS file results_broccoli_meto/alignments/OG_2269.iqtree.splits.nex
Total tree length: 27.663

Total number of iterations: 223
CPU time used for tree search: 144.280 sec (0h:2m:24s)
Wall-clock time used for tree search: 73.333 sec (0h:1m:13s)
Total CPU time used: 148.447 sec (0h:2m:28s)
Total wall-clock time used: 75.664 sec (0h:1m:15s)

Computing bootstrap consensus tree...
Reading input file results_broccoli_meto/alignments/OG_2269.iqtree.splits.nex...
42 taxa and 349 splits.
Consensus tree written to results_broccoli_meto/alignments/OG_2269.iqtree.contree
Reading input trees file results_broccoli_meto/alignments/OG_2269.iqtree.contree
Log-likelihood of consensus tree: -11675.793

Analysis results written to: 
  IQ-TREE report:                results_broccoli_meto/alignments/OG_2269.iqtree.iqtree
  Maximum-likelihood tree:       results_broccoli_meto/alignments/OG_2269.iqtree.treefile
  Likelihood distances:          results_broccoli_meto/alignments/OG_2269.iqtree.mldist

Ultrafast bootstrap approximation results written to:
  Split support values:          results_broccoli_meto/alignments/OG_2269.iqtree.splits.nex
  Consensus tree:                results_broccoli_meto/alignments/OG_2269.iqtree.contree
  Screen log file:               results_broccoli_meto/alignments/OG_2269.iqtree.log

Date and Time: Fri Dec 16 14:50:12 2022
