IQ-TREE multicore version 2.1.0 for Linux 64-bit built Jul 18 2020
Developed by Bui Quang Minh, James Barbetti, Nguyen Lam Tung,
Olga Chernomor, Heiko Schmidt, Dominik Schrempf, Michael Woodhams.

Host:    trantor09.linux.crg.es (AVX, FMA3, 503 GB RAM)
Command: /users/asebe/xgraubove/Programes/iqtree-2.1.0-Linux/bin/iqtree2 -s results_broccoli_meto/alignments/OG_2525.lt.fasta -m TEST -mset LG,WAG,JTT -nt AUTO -ntmax 2 -bb 1000 -pre results_broccoli_meto/alignments/OG_2525.iqtree -nm 10000 -nstop 200 -cptime 1800
Seed:    937108 (Using SPRNG - Scalable Parallel Random Number Generator)
Time:    Fri Dec 16 16:24:57 2022
Kernel:  AVX+FMA - auto-detect threads (2 CPU cores detected)

Reading alignment file results_broccoli_meto/alignments/OG_2525.lt.fasta ... Fasta format detected
Alignment most likely contains protein sequences
Alignment has 41 sequences with 188 columns, 188 distinct patterns
185 parsimony-informative, 0 singleton sites, 2 constant sites
                                                                   Gap/Ambiguity  Composition  p-value
   1  Exapal_XM_028661593.1                                               20.74%    passed     65.51%
   2  Nvec_v1g163685                                                       5.32%    passed     92.10%
   3  Gfas_gfas1.m1.14674.m1                                               3.19%    passed     85.20%
   4  Fspp_ffun1.m4.5869.m1                                               22.34%    passed     97.20%
   5  Gasp_gasp1.m3.16451.m1                                               8.51%    passed     91.30%
   6  Spis_XP_022801820_1                                                  3.19%    passed     87.28%
   7  Pocdam_XM_027182813.1                                                3.19%    passed     78.67%
   8  Amil_Amillepora16991-RA                                             32.45%    passed     85.94%
   9  Dgig_XM_028555056.1                                                  2.13%    passed     98.66%
  10  Xesp_004355-T1                                                       2.66%    passed     93.25%
  11  Emue_Em0002g1892a.t1                                                16.49%    passed     52.10%
  12  Spolac_c96912_g1_i2_m.13954c96912-g1                                 2.66%    passed     73.88%
  13  Stycar_maker-SC_scaffold606-augustus-gene-0.8-mRNA-1                 5.85%    passed     40.81%
  14  Ocar_g6135                                                          12.23%    failed      1.32%
  15  Opea_EP00118_Oscarella_pearsei_P026467                               3.19%    passed     91.98%
  16  Tadh_TriadT55432                                                     6.38%    passed     87.35%
  17  TrH2_TrispH2_004740-RA                                              13.83%    passed     94.34%
  18  HoiH06_mRNA5427                                                     51.60%    passed     10.74%
  19  Hhon_g09355.t1                                                      10.11%    passed     72.94%
  20  HoiH04_mRNA16607                                                    11.70%    passed     93.63%
  21  HoiH23_PlH23_008911-RA                                              22.34%    passed     93.65%
  22  HoiH11_mRNA4539                                                     22.34%    passed     92.50%
  23  Scil_scict016057.1                                                   2.13%    passed     90.01%
  24  Lcom_lcpid86457                                                      2.13%    passed     90.18%
  25  Leuniv_Lniv_C798436_01                                               2.13%    passed     97.26%
  26  Gracom_Gcom_C532702_01                                               2.13%    passed     67.36%
  27  Clacor_Ccor_C533365_01                                               2.66%    passed     64.27%
  28  Aque_Aqu2.1.32570_001                                                3.19%    passed     98.88%
  29  Xestes_augustus_masked-XT_scaffold15093-processed-gene-0.1-mRNA-1    4.26%    passed     61.07%
  30  Mlei_ML0788.g12.i1                                                  36.17%    passed     31.13%
  31  Bolinf_Binf_sb1222979                                                3.72%    passed     33.30%
  32  Mertsp_Mesp_sb560302                                                 3.72%    passed     33.30%
  33  Beraby_Baby_sb343066                                                12.23%    passed     82.57%
  34  Drygla_Dgla_sb291969                                                 3.19%    passed     46.91%
  35  Vmul_sbMO443335                                                      2.66%    passed     55.11%
  36  Coemet_Cmet_scaffold18096_01                                         2.66%    passed     87.59%
  37  Lampan_Lpan_C405901_01                                               3.19%    passed     75.72%
  38  Pbac_sb2666037                                                      15.43%    passed     88.80%
  39  Horcal_Hcv1.av93.c9.g798.i1                                          2.66%    passed     55.73%
  40  Eupdun_Edun_sb10629271                                               4.79%    passed     82.42%
  41  Tetwil_g7444.t1                                                     41.49%    passed     81.04%
WARNING: 1 sequences contain more than 50% gaps/ambiguity
****  TOTAL                                                               10.56%  1 sequences failed composition chi2 test (p-value<5%; df=19)
NOTE: Mertsp_Mesp_sb560302 is identical to Bolinf_Binf_sb1222979 but kept for subsequent analysis


Create initial parsimony tree by phylogenetic likelihood library (PLL)... 0.011 seconds
Measuring multi-threading efficiency up to 2 CPU cores
Increase to 10 rounds for branch lengths
6 trees examined
Threads: 1 / Time: 2.123 sec / Speedup: 1.000 / Efficiency: 100% / LogL: -11749
Threads: 2 / Time: 1.767 sec / Speedup: 1.202 / Efficiency: 60% / LogL: -11749
BEST NUMBER OF THREADS: 2

Perform fast likelihood tree search using LG+I+G model...
Estimate model parameters (epsilon = 5.000)
Perform nearest neighbor interchange...
Estimate model parameters (epsilon = 1.000)
1. Initial log-likelihood: -7597.550
Optimal log-likelihood: -7597.226
Proportion of invariable sites: 0.014
Gamma shape alpha: 2.012
Parameters optimization took 1 rounds (0.111 sec)
Time for fast ML tree search: 0.930 seconds

NOTE: ModelFinder requires 6 MB RAM!
ModelFinder will test up to 24 protein models (sample size: 188) ...
 No. Model         -LnL         df  AIC          AICc         BIC
  1  LG            7785.559     79  15729.119    15846.156    15984.798
  2  LG+I          7761.696     80  15683.391    15804.513    15942.307
  3  LG+G4         7600.386     80  15360.772    15481.894    15619.688
  4  LG+I+G4       7597.196     81  15356.392    15481.713    15618.544
  7  LG+F+G4       7628.807     99  15455.614    15680.614    15776.021
  8  LG+F+I+G4     7625.551     100 15451.103    15683.286    15774.747
 11  WAG+G4        7643.615     80  15447.231    15568.352    15706.146
 12  WAG+I+G4      7639.926     81  15441.851    15567.172    15704.003
 15  WAG+F+G4      7691.793     99  15581.586    15806.586    15901.994
 16  WAG+F+I+G4    7688.205     100 15576.410    15808.594    15900.054
 19  JTT+G4        7652.508     80  15465.017    15586.138    15723.932
 20  JTT+I+G4      7649.751     81  15461.501    15586.822    15723.653
 23  JTT+F+G4      7630.449     99  15458.898    15683.898    15779.306
 24  JTT+F+I+G4    7627.882     100 15455.765    15687.949    15779.409
Akaike Information Criterion:           LG+I+G4
Corrected Akaike Information Criterion: LG+I+G4
Bayesian Information Criterion:         LG+I+G4
Best-fit model: LG+I+G4 chosen according to BIC

All model information printed to results_broccoli_meto/alignments/OG_2525.iqtree.model.gz
CPU time for ModelFinder: 16.427 seconds (0h:0m:16s)
Wall-clock time for ModelFinder: 9.330 seconds (0h:0m:9s)
Generating 1000 samples for ultrafast bootstrap (seed: 937108)...

NOTE: 6 MB RAM (0 GB) is required!
Estimate model parameters (epsilon = 0.100)
Thoroughly optimizing +I+G parameters from 10 start values...
Init pinv, alpha: 0.000, 2.018 / Estimate: 0.000, 1.821 / LogL: -7600.361
Init pinv, alpha: 0.002, 2.018 / Estimate: 0.014, 2.013 / LogL: -7597.195
Init pinv, alpha: 0.004, 2.018 / Estimate: 0.014, 2.014 / LogL: -7597.194
Init pinv, alpha: 0.005, 2.018 / Estimate: 0.014, 2.011 / LogL: -7597.195
Init pinv, alpha: 0.007, 2.018 / Estimate: 0.014, 2.013 / LogL: -7597.194
Init pinv, alpha: 0.009, 2.018 / Estimate: 0.014, 2.014 / LogL: -7597.194
Init pinv, alpha: 0.011, 2.018 / Estimate: 0.014, 2.009 / LogL: -7597.196
Init pinv, alpha: 0.012, 2.018 / Estimate: 0.014, 2.013 / LogL: -7597.194
Init pinv, alpha: 0.014, 2.018 / Estimate: 0.014, 2.016 / LogL: -7597.193
Init pinv, alpha: 0.016, 2.018 / Estimate: 0.014, 2.018 / LogL: -7597.194
Optimal pinv,alpha: 0.014, 2.016 / LogL: -7597.193

Parameters optimization took 2.355 sec
Computing ML distances based on estimated model parameters...
Computing ML distances took 0.205308 sec (of wall-clock time) 0.409530 sec(of CPU time)
WARNING: Some pairwise ML distances are too long (saturated)
Computing RapidNJ tree took 0.000772 sec (of wall-clock time) 0.000508 sec (of CPU time)
Log-likelihood of RapidNJ tree: -7629.679
--------------------------------------------------------------------
|             INITIALIZING CANDIDATE TREE SET                      |
--------------------------------------------------------------------
Generating 98 parsimony trees... 0.880 second
Computing log-likelihood of 98 initial trees ... 3.491 seconds
Current best score: -7597.193

Do NNI search on 20 best initial trees
Estimate model parameters (epsilon = 0.100)
BETTER TREE FOUND at iteration 1: -7597.193
Estimate model parameters (epsilon = 0.100)
BETTER TREE FOUND at iteration 7: -7594.825
Iteration 10 / LogL: -7598.639 / Time: 0h:0m:11s
Iteration 20 / LogL: -7598.610 / Time: 0h:0m:16s
Finish initializing candidate tree set (3)
Current best tree score: -7594.825 / CPU time: 13.672
Number of iterations: 20
--------------------------------------------------------------------
|               OPTIMIZING CANDIDATE TREE SET                      |
--------------------------------------------------------------------
Estimate model parameters (epsilon = 0.100)
BETTER TREE FOUND at iteration 24: -7594.102
Iteration 30 / LogL: -7596.546 / Time: 0h:0m:24s (0h:2m:42s left)
Iteration 40 / LogL: -7594.913 / Time: 0h:0m:31s (0h:2m:26s left)
Iteration 50 / LogL: -7594.115 / Time: 0h:0m:37s (0h:2m:13s left)
Log-likelihood cutoff on original alignment: -7625.928
Iteration 60 / LogL: -7594.363 / Time: 0h:0m:45s (0h:2m:5s left)
Iteration 70 / LogL: -7594.128 / Time: 0h:0m:52s (0h:1m:56s left)
Iteration 80 / LogL: -7594.198 / Time: 0h:0m:59s (0h:1m:48s left)
Iteration 90 / LogL: -7598.419 / Time: 0h:1m:6s (0h:1m:39s left)
Iteration 100 / LogL: -7594.852 / Time: 0h:1m:13s (0h:1m:31s left)
Log-likelihood cutoff on original alignment: -7625.928
NOTE: Bootstrap correlation coefficient of split occurrence frequencies: 0.998
Iteration 110 / LogL: -7594.656 / Time: 0h:1m:20s (0h:1m:24s left)
Iteration 120 / LogL: -7594.961 / Time: 0h:1m:27s (0h:1m:16s left)
Iteration 130 / LogL: -7596.585 / Time: 0h:1m:34s (0h:1m:8s left)
Iteration 140 / LogL: -7595.008 / Time: 0h:1m:40s (0h:1m:0s left)
Iteration 150 / LogL: -7594.404 / Time: 0h:1m:47s (0h:0m:53s left)
Log-likelihood cutoff on original alignment: -7626.522
Iteration 160 / LogL: -7595.020 / Time: 0h:1m:53s (0h:0m:45s left)
Iteration 170 / LogL: -7594.342 / Time: 0h:2m:0s (0h:0m:38s left)
Iteration 180 / LogL: -7597.276 / Time: 0h:2m:7s (0h:0m:31s left)
Iteration 190 / LogL: -7594.848 / Time: 0h:2m:14s (0h:0m:24s left)
Iteration 200 / LogL: -7598.691 / Time: 0h:2m:21s (0h:0m:17s left)
Log-likelihood cutoff on original alignment: -7626.522
NOTE: Bootstrap correlation coefficient of split occurrence frequencies: 0.999
Iteration 210 / LogL: -7594.846 / Time: 0h:2m:29s (0h:1m:4s left)
Iteration 220 / LogL: -7594.663 / Time: 0h:2m:36s (0h:0m:57s left)
TREE SEARCH COMPLETED AFTER 225 ITERATIONS / Time: 0h:2m:39s

--------------------------------------------------------------------
|                    FINALIZING TREE SEARCH                        |
--------------------------------------------------------------------
Performs final model parameters optimization
Estimate model parameters (epsilon = 0.010)
1. Initial log-likelihood: -7594.102
Optimal log-likelihood: -7594.101
Proportion of invariable sites: 0.014
Gamma shape alpha: 1.992
Parameters optimization took 1 rounds (0.115 sec)
BEST SCORE FOUND : -7594.101
Creating bootstrap support values...
Split supports printed to NEXUS file results_broccoli_meto/alignments/OG_2525.iqtree.splits.nex
Total tree length: 13.701

Total number of iterations: 225
CPU time used for tree search: 310.756 sec (0h:5m:10s)
Wall-clock time used for tree search: 156.840 sec (0h:2m:36s)
Total CPU time used: 317.157 sec (0h:5m:17s)
Total wall-clock time used: 160.284 sec (0h:2m:40s)

Computing bootstrap consensus tree...
Reading input file results_broccoli_meto/alignments/OG_2525.iqtree.splits.nex...
41 taxa and 232 splits.
Consensus tree written to results_broccoli_meto/alignments/OG_2525.iqtree.contree
Reading input trees file results_broccoli_meto/alignments/OG_2525.iqtree.contree
Log-likelihood of consensus tree: -7594.102

Analysis results written to: 
  IQ-TREE report:                results_broccoli_meto/alignments/OG_2525.iqtree.iqtree
  Maximum-likelihood tree:       results_broccoli_meto/alignments/OG_2525.iqtree.treefile
  Likelihood distances:          results_broccoli_meto/alignments/OG_2525.iqtree.mldist

Ultrafast bootstrap approximation results written to:
  Split support values:          results_broccoli_meto/alignments/OG_2525.iqtree.splits.nex
  Consensus tree:                results_broccoli_meto/alignments/OG_2525.iqtree.contree
  Screen log file:               results_broccoli_meto/alignments/OG_2525.iqtree.log

Date and Time: Fri Dec 16 16:27:48 2022
