IQ-TREE multicore version 2.1.0 for Linux 64-bit built Jul 18 2020
Developed by Bui Quang Minh, James Barbetti, Nguyen Lam Tung,
Olga Chernomor, Heiko Schmidt, Dominik Schrempf, Michael Woodhams.

Host:    node-hp0515.linux.crg.es (AVX, 125 GB RAM)
Command: /users/asebe/xgraubove/Programes/iqtree-2.1.0-Linux/bin/iqtree2 -s results_broccoli_meto/alignments/OG_3711.lt.fasta -m TEST -mset LG,WAG,JTT -nt AUTO -ntmax 2 -bb 1000 -pre results_broccoli_meto/alignments/OG_3711.iqtree -nm 10000 -nstop 200 -cptime 1800
Seed:    623113 (Using SPRNG - Scalable Parallel Random Number Generator)
Time:    Fri Dec 16 17:12:03 2022
Kernel:  AVX - auto-detect threads (2 CPU cores detected)

Reading alignment file results_broccoli_meto/alignments/OG_3711.lt.fasta ... Fasta format detected
Alignment most likely contains protein sequences
Alignment has 38 sequences with 387 columns, 387 distinct patterns
382 parsimony-informative, 0 singleton sites, 5 constant sites
                                         Gap/Ambiguity  Composition  p-value
   1  Hsap_ENST00000393545                      12.14%    failed      2.86%
   2  Bralan_BLAG04000729_1                      7.24%    failed      0.00%
   3  Skow_XM_002739319.2                       26.87%    passed     90.84%
   4  Ctel_gnl_WGS_AMQN_CAPTEDRAFT_mRNA214055   24.81%    passed     12.69%
   5  Cgig_XM_011442753.3                       10.08%    passed     72.68%
   6  Acagra_model.g18232.t1                    19.90%    passed     89.74%
   7  Spur_XM_011675668.2                       17.31%    passed     96.35%
   8  Cscu_XM_023361092.1                        9.56%    passed     14.58%
   9  Aque_Aqu2.1.35250_001                     40.05%    passed     11.08%
  10  Halamb_c26466_g1_i1m.5129                 67.70%    passed     88.37%
  11  Mlei_ML0585.g16.i1                        35.40%    passed     29.33%
  12  Pbac_sb2661663                            38.50%    passed     74.56%
  13  Horcal_Hcv1.av93.c7.g170.i1               40.31%    passed     70.58%
  14  Vmul_SimC401308                           29.20%    failed      1.55%
  15  Coemet_Cmet_C599841_01                    36.43%    passed     34.63%
  16  Exapal_XM_021044536.2                     20.41%    passed     95.91%
  17  Adig_XM_015912417.1                       10.34%    passed     69.43%
  18  Amil_Amillepora15561-RA                   20.41%    passed     95.65%
  19  Gfas_gfas1.m1.14423.m1                    13.95%    passed     72.61%
  20  Fspp_ffun1.m4.5354.m1                     11.63%    passed     56.82%
  21  Gasp_gasp1.m3.4323.m1                     13.70%    passed     72.63%
  22  Spis_XP_022809598_1                       10.59%    passed     99.22%
  23  Pocdam_XM_027200346.1                      9.56%    passed     98.82%
  24  Dgig_XM_028540429.1                       16.28%    passed     81.47%
  25  Xesp_011772-T1                            25.58%    passed     61.69%
  26  Ocar_g3346                                26.10%    passed     32.24%
  27  Opea_EP00118_Oscarella_pearsei_P013904    25.58%    passed     28.75%
  28  Plajan_Pjan_scaffold19853_01              18.60%    passed      5.80%
  29  Emue_Em0019g809a.t1                       21.19%    failed      0.00%
  30  Spolac_c87615_g1_i1_m.4356c87615-g1NA     60.47%    failed      0.61%
  31  Tadh_TriadT57176                          27.91%    passed     98.08%
  32  TrH2_TrispH2_003259-RA                    24.55%    passed     99.04%
  33  Hhon_g04610.t1                            24.03%    failed      2.94%
  34  HoiH04_mRNA11363                          24.03%    failed      1.69%
  35  HoiH23_PlH23_004450-RA                    23.51%    failed      0.52%
  36  Nvec_v1g238694                            41.60%    passed     12.24%
  37  Chem_TCONS_00046449                       21.96%    passed     14.69%
  38  Morvir_scaffold25.g8.t2                   29.72%    passed     31.52%
WARNING: 2 sequences contain more than 50% gaps/ambiguity
****  TOTAL                                     24.66%  8 sequences failed composition chi2 test (p-value<5%; df=19)


Create initial parsimony tree by phylogenetic likelihood library (PLL)... 0.011 seconds
Measuring multi-threading efficiency up to 2 CPU cores
Increase to 10 rounds for branch lengths
6 trees examined
Threads: 1 / Time: 2.233 sec / Speedup: 1.000 / Efficiency: 100% / LogL: -24243
Threads: 2 / Time: 1.206 sec / Speedup: 1.852 / Efficiency: 93% / LogL: -24243
BEST NUMBER OF THREADS: 2

Perform fast likelihood tree search using LG+I+G model...
Estimate model parameters (epsilon = 5.000)
Perform nearest neighbor interchange...
Estimate model parameters (epsilon = 1.000)
1. Initial log-likelihood: -19683.050
Optimal log-likelihood: -19683.039
Proportion of invariable sites: 0.013
Gamma shape alpha: 1.960
Parameters optimization took 1 rounds (0.078 sec)
Time for fast ML tree search: 1.120 seconds

NOTE: ModelFinder requires 11 MB RAM!
ModelFinder will test up to 24 protein models (sample size: 387) ...
 No. Model         -LnL         df  AIC          AICc         BIC
  1  LG            20114.129    73  40374.257    40408.775    40663.222
  2  LG+I          20040.137    74  40228.275    40263.852    40521.198
  3  LG+G4         19701.715    74  39551.431    39587.007    39844.354
  4  LG+I+G4       19683.047    75  39516.094    39552.750    39812.976
  8  LG+F+I+G4     19556.987    94  39301.974    39363.138    39674.066
 12  WAG+I+G4      19679.254    75  39508.507    39545.163    39805.389
 16  WAG+F+I+G4    19562.241    94  39312.483    39373.647    39684.575
 20  JTT+I+G4      19684.265    75  39518.530    39555.186    39815.412
 24  JTT+F+I+G4    19543.283    94  39274.567    39335.731    39646.658
Akaike Information Criterion:           JTT+F+I+G4
Corrected Akaike Information Criterion: JTT+F+I+G4
Bayesian Information Criterion:         JTT+F+I+G4
Best-fit model: JTT+F+I+G4 chosen according to BIC

All model information printed to results_broccoli_meto/alignments/OG_3711.iqtree.model.gz
CPU time for ModelFinder: 12.039 seconds (0h:0m:12s)
Wall-clock time for ModelFinder: 7.178 seconds (0h:0m:7s)
Generating 1000 samples for ultrafast bootstrap (seed: 623113)...

NOTE: 11 MB RAM (0 GB) is required!
Estimate model parameters (epsilon = 0.100)
Thoroughly optimizing +I+G parameters from 10 start values...
Init pinv, alpha: 0.000, 1.907 / Estimate: 0.012, 1.909 / LogL: -19543.281
Init pinv, alpha: 0.001, 1.907 / Estimate: 0.012, 1.921 / LogL: -19543.276
Init pinv, alpha: 0.003, 1.907 / Estimate: 0.012, 1.920 / LogL: -19543.276
Init pinv, alpha: 0.004, 1.907 / Estimate: 0.012, 1.919 / LogL: -19543.276
Init pinv, alpha: 0.006, 1.907 / Estimate: 0.012, 1.919 / LogL: -19543.276
Init pinv, alpha: 0.007, 1.907 / Estimate: 0.012, 1.919 / LogL: -19543.276
Init pinv, alpha: 0.009, 1.907 / Estimate: 0.012, 1.918 / LogL: -19543.276
Init pinv, alpha: 0.010, 1.907 / Estimate: 0.012, 1.915 / LogL: -19543.277
Init pinv, alpha: 0.011, 1.907 / Estimate: 0.012, 1.915 / LogL: -19543.277
Init pinv, alpha: 0.013, 1.907 / Estimate: 0.012, 1.915 / LogL: -19543.277
Optimal pinv,alpha: 0.012, 1.921 / LogL: -19543.276

Parameters optimization took 1.604 sec
Computing ML distances based on estimated model parameters...
Computing ML distances took 0.113186 sec (of wall-clock time) 0.224304 sec(of CPU time)
Computing RapidNJ tree took 0.000515 sec (of wall-clock time) 0.001012 sec (of CPU time)
Log-likelihood of RapidNJ tree: -19556.792
--------------------------------------------------------------------
|             INITIALIZING CANDIDATE TREE SET                      |
--------------------------------------------------------------------
Generating 98 parsimony trees... 0.903 second
Computing log-likelihood of 98 initial trees ... 2.283 seconds
Current best score: -19543.276

Do NNI search on 20 best initial trees
Estimate model parameters (epsilon = 0.100)
BETTER TREE FOUND at iteration 1: -19542.155
Estimate model parameters (epsilon = 0.100)
BETTER TREE FOUND at iteration 2: -19538.126
Iteration 10 / LogL: -19545.813 / Time: 0h:0m:9s
Iteration 20 / LogL: -19551.924 / Time: 0h:0m:14s
Finish initializing candidate tree set (11)
Current best tree score: -19538.126 / CPU time: 12.707
Number of iterations: 20
--------------------------------------------------------------------
|               OPTIMIZING CANDIDATE TREE SET                      |
--------------------------------------------------------------------
BETTER TREE FOUND at iteration 21: -19538.119
Iteration 30 / LogL: -19546.086 / Time: 0h:0m:20s (0h:2m:15s left)
Iteration 40 / LogL: -19538.313 / Time: 0h:0m:25s (0h:2m:0s left)
Estimate model parameters (epsilon = 0.100)
UPDATE BEST LOG-LIKELIHOOD: -19537.829
Iteration 50 / LogL: -19538.297 / Time: 0h:0m:31s (0h:1m:48s left)
Log-likelihood cutoff on original alignment: -19573.288
Iteration 60 / LogL: -19538.115 / Time: 0h:0m:36s (0h:1m:38s left)
Iteration 70 / LogL: -19537.929 / Time: 0h:0m:41s (0h:1m:31s left)
Iteration 80 / LogL: -19538.225 / Time: 0h:0m:46s (0h:1m:23s left)
Iteration 90 / LogL: -19540.759 / Time: 0h:0m:52s (0h:1m:16s left)
Iteration 100 / LogL: -19538.017 / Time: 0h:0m:57s (0h:1m:10s left)
Log-likelihood cutoff on original alignment: -19573.288
NOTE: Bootstrap correlation coefficient of split occurrence frequencies: 0.999
Iteration 110 / LogL: -19538.341 / Time: 0h:1m:2s (0h:1m:3s left)
Iteration 120 / LogL: -19539.846 / Time: 0h:1m:8s (0h:0m:57s left)
Iteration 130 / LogL: -19538.257 / Time: 0h:1m:12s (0h:0m:51s left)
Iteration 140 / LogL: -19537.995 / Time: 0h:1m:18s (0h:0m:45s left)
Iteration 150 / LogL: -19538.209 / Time: 0h:1m:23s (0h:0m:39s left)
Log-likelihood cutoff on original alignment: -19573.288
Iteration 160 / LogL: -19538.258 / Time: 0h:1m:28s (0h:0m:34s left)
Iteration 170 / LogL: -19537.959 / Time: 0h:1m:34s (0h:0m:28s left)
Iteration 180 / LogL: -19537.850 / Time: 0h:1m:39s (0h:0m:22s left)
Iteration 190 / LogL: -19538.365 / Time: 0h:1m:44s (0h:0m:17s left)
Iteration 200 / LogL: -19540.978 / Time: 0h:1m:49s (0h:0m:11s left)
Log-likelihood cutoff on original alignment: -19572.143
NOTE: Bootstrap correlation coefficient of split occurrence frequencies: 0.999
Iteration 210 / LogL: -19537.861 / Time: 0h:1m:55s (0h:0m:49s left)
Iteration 220 / LogL: -19538.191 / Time: 0h:2m:0s (0h:0m:43s left)
TREE SEARCH COMPLETED AFTER 222 ITERATIONS / Time: 0h:2m:1s

--------------------------------------------------------------------
|                    FINALIZING TREE SEARCH                        |
--------------------------------------------------------------------
Performs final model parameters optimization
Estimate model parameters (epsilon = 0.010)
1. Initial log-likelihood: -19537.829
Optimal log-likelihood: -19537.825
Proportion of invariable sites: 0.012
Gamma shape alpha: 1.882
Parameters optimization took 1 rounds (0.080 sec)
BEST SCORE FOUND : -19537.825
Creating bootstrap support values...
Split supports printed to NEXUS file results_broccoli_meto/alignments/OG_3711.iqtree.splits.nex
Total tree length: 36.310

Total number of iterations: 222
CPU time used for tree search: 236.151 sec (0h:3m:56s)
Wall-clock time used for tree search: 118.974 sec (0h:1m:58s)
Total CPU time used: 240.601 sec (0h:4m:0s)
Total wall-clock time used: 121.391 sec (0h:2m:1s)

Computing bootstrap consensus tree...
Reading input file results_broccoli_meto/alignments/OG_3711.iqtree.splits.nex...
38 taxa and 255 splits.
Consensus tree written to results_broccoli_meto/alignments/OG_3711.iqtree.contree
Reading input trees file results_broccoli_meto/alignments/OG_3711.iqtree.contree
Log-likelihood of consensus tree: -19538.126

Analysis results written to: 
  IQ-TREE report:                results_broccoli_meto/alignments/OG_3711.iqtree.iqtree
  Maximum-likelihood tree:       results_broccoli_meto/alignments/OG_3711.iqtree.treefile
  Likelihood distances:          results_broccoli_meto/alignments/OG_3711.iqtree.mldist

Ultrafast bootstrap approximation results written to:
  Split support values:          results_broccoli_meto/alignments/OG_3711.iqtree.splits.nex
  Consensus tree:                results_broccoli_meto/alignments/OG_3711.iqtree.contree
  Screen log file:               results_broccoli_meto/alignments/OG_3711.iqtree.log

Date and Time: Fri Dec 16 17:14:12 2022
