IQ-TREE multicore version 2.1.0 for Linux 64-bit built Jul 18 2020
Developed by Bui Quang Minh, James Barbetti, Nguyen Lam Tung,
Olga Chernomor, Heiko Schmidt, Dominik Schrempf, Michael Woodhams.

Host:    node-hp0307.linux.crg.es (AVX, 125 GB RAM)
Command: /users/asebe/xgraubove/Programes/iqtree-2.1.0-Linux/bin/iqtree2 -s results_broccoli_meto/alignments/OG_3092.lt.fasta -m TEST -mset LG,WAG,JTT -nt AUTO -ntmax 2 -bb 1000 -pre results_broccoli_meto/alignments/OG_3092.iqtree -nm 10000 -nstop 200 -cptime 1800
Seed:    166053 (Using SPRNG - Scalable Parallel Random Number Generator)
Time:    Fri Dec 16 16:33:15 2022
Kernel:  AVX - auto-detect threads (2 CPU cores detected)

Reading alignment file results_broccoli_meto/alignments/OG_3092.lt.fasta ... Fasta format detected
Alignment most likely contains protein sequences
Alignment has 20 sequences with 948 columns, 936 distinct patterns
889 parsimony-informative, 0 singleton sites, 59 constant sites
                                         Gap/Ambiguity  Composition  p-value
   1  Hsap_ENST00000558726                      11.60%    passed     56.02%
   2  Bralan_BLAG08000454_1                     13.61%    failed      1.85%
   3  Ctel_gnl_WGS_AMQN_CAPTEDRAFT_mRNA108687   37.45%    passed      9.62%
   4  Dpul_mRNA16142                            32.07%    failed      0.31%
   5  Cscu_XM_023377150.1                        6.86%    failed      0.04%
   6  Acagra_model.g27968.t1                     5.59%    failed      0.50%
   7  Adig_XM_015925456.1                       78.69%    passed     26.36%
   8  Fspp_ffun1.m4.11438.m1                    20.46%    passed     47.22%
   9  Gasp_gasp1.m3.26546.m1                    50.53%    passed     20.75%
  10  Pocdam_XM_027196988.1                     12.03%    passed     96.49%
  11  Spis_XP_022780790_1                       11.71%    passed     95.84%
  12  Gfas_gfas1.m1.10212.m1                    21.62%    passed     92.06%
  13  Tcas_TC032517_001                         28.38%    passed     62.10%
  14  Skow_XM_006817258.1                        9.60%    passed      7.13%
  15  HoiH06_mRNA9805                           26.69%    passed     39.28%
  16  Hhon_g01277.t1                            13.92%    passed     21.01%
  17  HoiH04_mRNA4993                           13.92%    passed     12.93%
  18  Tadh_TriadT63632                          22.78%    passed     12.83%
  19  TrH2_TrispH2_003086-RA                    19.09%    passed     17.97%
  20  HoiH23_PlH23_010188-RA                    17.41%    passed     58.38%
WARNING: 2 sequences contain more than 50% gaps/ambiguity
****  TOTAL                                     22.70%  4 sequences failed composition chi2 test (p-value<5%; df=19)


Create initial parsimony tree by phylogenetic likelihood library (PLL)... 0.007 seconds
Measuring multi-threading efficiency up to 2 CPU cores
Increase to 10 rounds for branch lengths
5 trees examined
Threads: 1 / Time: 2.313 sec / Speedup: 1.000 / Efficiency: 100% / LogL: -29973
Threads: 2 / Time: 1.192 sec / Speedup: 1.940 / Efficiency: 97% / LogL: -29973
BEST NUMBER OF THREADS: 2

Perform fast likelihood tree search using LG+I+G model...
Estimate model parameters (epsilon = 5.000)
Perform nearest neighbor interchange...
Estimate model parameters (epsilon = 1.000)
1. Initial log-likelihood: -23169.536
Optimal log-likelihood: -23169.384
Proportion of invariable sites: 0.042
Gamma shape alpha: 1.770
Parameters optimization took 1 rounds (0.089 sec)
Time for fast ML tree search: 0.787 seconds

NOTE: ModelFinder requires 15 MB RAM!
ModelFinder will test up to 24 protein models (sample size: 948) ...
 No. Model         -LnL         df  AIC          AICc         BIC
  1  LG            23703.454    37  47480.909    47483.999    47660.520
  2  LG+I          23514.095    38  47104.190    47107.451    47288.656
  3  LG+G4         23190.232    38  46456.463    46459.724    46640.929
  4  LG+I+G4       23169.369    39  46416.738    46420.174    46606.058
  8  LG+F+I+G4     23105.323    58  46326.645    46334.344    46608.198
 12  WAG+I+G4      23261.354    39  46600.707    46604.144    46790.027
 16  WAG+F+I+G4    23143.093    58  46402.186    46409.884    46683.738
 20  JTT+I+G4      23251.205    39  46580.410    46583.846    46769.729
 24  JTT+F+I+G4    23139.808    58  46395.617    46403.315    46677.169
Akaike Information Criterion:           LG+F+I+G4
Corrected Akaike Information Criterion: LG+F+I+G4
Bayesian Information Criterion:         LG+I+G4
Best-fit model: LG+I+G4 chosen according to BIC

All model information printed to results_broccoli_meto/alignments/OG_3092.iqtree.model.gz
CPU time for ModelFinder: 11.058 seconds (0h:0m:11s)
Wall-clock time for ModelFinder: 6.702 seconds (0h:0m:6s)
Generating 1000 samples for ultrafast bootstrap (seed: 166053)...

NOTE: 15 MB RAM (0 GB) is required!
Estimate model parameters (epsilon = 0.100)
Thoroughly optimizing +I+G parameters from 10 start values...
Init pinv, alpha: 0.000, 1.782 / Estimate: 0.000, 1.315 / LogL: -23190.220
Init pinv, alpha: 0.007, 1.782 / Estimate: 0.042, 1.774 / LogL: -23169.372
Init pinv, alpha: 0.014, 1.782 / Estimate: 0.042, 1.774 / LogL: -23169.372
Init pinv, alpha: 0.021, 1.782 / Estimate: 0.041, 1.772 / LogL: -23169.374
Init pinv, alpha: 0.028, 1.782 / Estimate: 0.041, 1.771 / LogL: -23169.379
Init pinv, alpha: 0.035, 1.782 / Estimate: 0.041, 1.771 / LogL: -23169.381
Init pinv, alpha: 0.041, 1.782 / Estimate: 0.042, 1.780 / LogL: -23169.369
Init pinv, alpha: 0.048, 1.782 / Estimate: 0.043, 1.788 / LogL: -23169.373
Init pinv, alpha: 0.055, 1.782 / Estimate: 0.042, 1.786 / LogL: -23169.371
Init pinv, alpha: 0.062, 1.782 / Estimate: 0.043, 1.789 / LogL: -23169.372
Optimal pinv,alpha: 0.042, 1.780 / LogL: -23169.369

Parameters optimization took 3.454 sec
Computing ML distances based on estimated model parameters...
Computing ML distances took 0.026788 sec (of wall-clock time) 0.051967 sec(of CPU time)
Computing RapidNJ tree took 0.000273 sec (of wall-clock time) 0.000539 sec (of CPU time)
Log-likelihood of RapidNJ tree: -23191.984
--------------------------------------------------------------------
|             INITIALIZING CANDIDATE TREE SET                      |
--------------------------------------------------------------------
Generating 98 parsimony trees... 0.594 second
Computing log-likelihood of 98 initial trees ... 2.611 seconds
Current best score: -23169.369

Do NNI search on 20 best initial trees
Estimate model parameters (epsilon = 0.100)
BETTER TREE FOUND at iteration 1: -23169.368
Estimate model parameters (epsilon = 0.100)
BETTER TREE FOUND at iteration 2: -23168.872
Iteration 10 / LogL: -23168.999 / Time: 0h:0m:11s
Estimate model parameters (epsilon = 0.100)
UPDATE BEST LOG-LIKELIHOOD: -23168.829
Iteration 20 / LogL: -23168.947 / Time: 0h:0m:17s
Finish initializing candidate tree set (3)
Current best tree score: -23168.829 / CPU time: 13.809
Number of iterations: 20
--------------------------------------------------------------------
|               OPTIMIZING CANDIDATE TREE SET                      |
--------------------------------------------------------------------
Iteration 30 / LogL: -23171.052 / Time: 0h:0m:23s (0h:2m:17s left)
Iteration 40 / LogL: -23169.548 / Time: 0h:0m:28s (0h:1m:56s left)
Iteration 50 / LogL: -23171.749 / Time: 0h:0m:33s (0h:1m:44s left)
Log-likelihood cutoff on original alignment: -23204.723
Iteration 60 / LogL: -23170.537 / Time: 0h:0m:39s (0h:1m:34s left)
Iteration 70 / LogL: -23169.900 / Time: 0h:0m:44s (0h:1m:25s left)
Iteration 80 / LogL: -23169.012 / Time: 0h:0m:50s (0h:1m:18s left)
Iteration 90 / LogL: -23171.877 / Time: 0h:0m:56s (0h:1m:10s left)
Iteration 100 / LogL: -23169.677 / Time: 0h:1m:1s (0h:1m:3s left)
Log-likelihood cutoff on original alignment: -23204.723
NOTE: Bootstrap correlation coefficient of split occurrence frequencies: 1.000
Iteration 110 / LogL: -23169.077 / Time: 0h:1m:6s (0h:0m:56s left)
Iteration 120 / LogL: -23171.336 / Time: 0h:1m:12s (0h:0m:49s left)
Iteration 130 / LogL: -23170.750 / Time: 0h:1m:17s (0h:0m:42s left)
Iteration 140 / LogL: -23169.714 / Time: 0h:1m:21s (0h:0m:36s left)
Iteration 150 / LogL: -23169.157 / Time: 0h:1m:27s (0h:0m:30s left)
Log-likelihood cutoff on original alignment: -23204.723
Iteration 160 / LogL: -23168.980 / Time: 0h:1m:32s (0h:0m:24s left)
Iteration 170 / LogL: -23169.226 / Time: 0h:1m:38s (0h:0m:18s left)
Iteration 180 / LogL: -23169.496 / Time: 0h:1m:42s (0h:0m:12s left)
Iteration 190 / LogL: -23174.211 / Time: 0h:1m:48s (0h:0m:6s left)
Iteration 200 / LogL: -23169.184 / Time: 0h:1m:53s (0h:0m:1s left)
Log-likelihood cutoff on original alignment: -23200.477
NOTE: Bootstrap correlation coefficient of split occurrence frequencies: 1.000
TREE SEARCH COMPLETED AFTER 203 ITERATIONS / Time: 0h:1m:55s

--------------------------------------------------------------------
|                    FINALIZING TREE SEARCH                        |
--------------------------------------------------------------------
Performs final model parameters optimization
Estimate model parameters (epsilon = 0.010)
1. Initial log-likelihood: -23168.829
Optimal log-likelihood: -23168.828
Proportion of invariable sites: 0.042
Gamma shape alpha: 1.755
Parameters optimization took 1 rounds (0.084 sec)
BEST SCORE FOUND : -23168.828
Creating bootstrap support values...
Split supports printed to NEXUS file results_broccoli_meto/alignments/OG_3092.iqtree.splits.nex
Total tree length: 13.180

Total number of iterations: 203
CPU time used for tree search: 221.378 sec (0h:3m:41s)
Wall-clock time used for tree search: 111.359 sec (0h:1m:51s)
Total CPU time used: 229.424 sec (0h:3m:49s)
Total wall-clock time used: 115.551 sec (0h:1m:55s)

Computing bootstrap consensus tree...
Reading input file results_broccoli_meto/alignments/OG_3092.iqtree.splits.nex...
20 taxa and 103 splits.
Consensus tree written to results_broccoli_meto/alignments/OG_3092.iqtree.contree
Reading input trees file results_broccoli_meto/alignments/OG_3092.iqtree.contree
Log-likelihood of consensus tree: -23169.201

Analysis results written to: 
  IQ-TREE report:                results_broccoli_meto/alignments/OG_3092.iqtree.iqtree
  Maximum-likelihood tree:       results_broccoli_meto/alignments/OG_3092.iqtree.treefile
  Likelihood distances:          results_broccoli_meto/alignments/OG_3092.iqtree.mldist

Ultrafast bootstrap approximation results written to:
  Split support values:          results_broccoli_meto/alignments/OG_3092.iqtree.splits.nex
  Consensus tree:                results_broccoli_meto/alignments/OG_3092.iqtree.contree
  Screen log file:               results_broccoli_meto/alignments/OG_3092.iqtree.log

Date and Time: Fri Dec 16 16:35:17 2022
