IQ-TREE multicore version 2.1.0 for Linux 64-bit built Jul 18 2020
Developed by Bui Quang Minh, James Barbetti, Nguyen Lam Tung,
Olga Chernomor, Heiko Schmidt, Dominik Schrempf, Michael Woodhams.

Host:    node-hp0202.linux.crg.es (AVX, 125 GB RAM)
Command: /users/asebe/xgraubove/Programes/iqtree-2.1.0-Linux/bin/iqtree2 -s results_broccoli_meto/alignments/OG_3738.lt.fasta -m TEST -mset LG,WAG,JTT -nt AUTO -ntmax 2 -bb 1000 -pre results_broccoli_meto/alignments/OG_3738.iqtree -nm 10000 -nstop 200 -cptime 1800
Seed:    343588 (Using SPRNG - Scalable Parallel Random Number Generator)
Time:    Fri Dec 16 17:17:31 2022
Kernel:  AVX - auto-detect threads (2 CPU cores detected)

Reading alignment file results_broccoli_meto/alignments/OG_3738.lt.fasta ... Fasta format detected
Alignment most likely contains protein sequences
Alignment has 53 sequences with 3752 columns, 3738 distinct patterns
3633 parsimony-informative, 1 singleton sites, 118 constant sites
                                                       Gap/Ambiguity  Composition  p-value
   1  Hsap_ENST00000314191                                     2.19%    failed      1.69%
   2  Spur_XM_030984017.1                                      1.65%    failed      0.33%
   3  Cgig_XM_034456602.1                                     85.93%    failed      0.38%
   4  Acagra_model.g4765.t1                                    1.44%    failed      1.19%
   5  Exapal_XM_028658686.1                                    6.37%    passed     73.14%
   6  Adig_XM_015896494.1                                     59.17%    passed     59.10%
   7  Amil_Amillepora31800-RA                                 20.26%    passed     48.77%
   8  Gfas_gfas1.m1.1388.m1                                    5.86%    passed     50.22%
   9  Fspp_ffun1.m4.17166.m1                                  49.57%    passed     23.24%
  10  Gasp_gasp1.m3.16765.m1                                  86.25%    failed      0.86%
  11  Spis_XP_022778667_1                                      2.67%    passed     52.81%
  12  Pocdam_XM_027190054.1                                    3.28%    passed     42.78%
  13  Aque_Aqu2.1.43354_001                                    2.08%    failed      0.43%
  14  Xestes_maker-XT_scaffold6119-augustus-gene-0.7-mRNA-1   84.06%    passed     11.82%
  15  Emue_Em0020g393a.t1                                     31.93%    failed      0.00%
  16  Spolac_c97936_g1_i1_m.16060c101510-g5                   89.71%    passed     16.85%
  17  Tetwil_g17513.t2                                        83.00%    failed      2.86%
  18  Stycar_maker-SC_scaffold319-augustus-gene-0.10-mRNA-1   88.75%    failed      3.55%
  19  Plespi_Pspi_C615836_01                                  34.99%    failed      1.04%
  20  Lcom_lcpid2172                                          15.01%    failed      0.00%
  21  Leuniv_Lniv_C793364_01                                  91.10%    passed      5.16%
  22  Gracom_Gcom_scaffold9269_01                             47.57%    failed      0.00%
  23  Clacor_Ccor_scaffold11715_01                            90.72%    passed      7.19%
  24  Nvec_v1g126386                                          54.64%    failed      1.45%
  25  Dgig_XM_028557361.1                                      1.41%    failed      2.63%
  26  Xesp_016312-T1                                          64.21%    failed      0.13%
  27  Tadh_TriadT20924                                         4.32%    failed      0.02%
  28  TrH2_TrispH2_002721-RA                                   1.23%    failed      0.20%
  29  HoiH06_mRNA10426                                         1.09%    failed      0.19%
  30  Hhon_g00474.t1                                           1.04%    failed      0.03%
  31  HoiH04_mRNA12310                                         4.21%    failed      0.09%
  32  HoiH23_PlH23_005295-RA                                   4.21%    failed      0.03%
  33  Ocar_g1193                                              71.08%    passed      9.03%
  34  Opea_EP00118_Oscarella_pearsei_P014136                   2.05%    failed      0.00%
  35  Skow_XM_006812014.1                                     50.64%    passed     18.55%
  36  Bralan_BLAG09000162_1                                   87.87%    failed      0.37%
  37  Aaur_scaffold15.g19.t1                                  25.56%    passed     89.11%
  38  Nemnom_g1763.t1                                          7.44%    passed     94.35%
  39  Rhoesc_Res_017620-T1                                    53.84%    passed     82.48%
  40  Mlei_ML1066.g2.i1                                       96.83%    passed     22.49%
  41  Lampan_Lpan_C419611_01                                  80.14%    passed     29.49%
  42  Vmul_SimC396874                                         89.39%    passed     13.58%
  43  Coemet_Cmet_scaffold21604_01                            84.17%    passed      7.25%
  44  Eupdun_Edun_sb10603240                                  94.32%    failed      3.50%
  45  Sanmal_Sma_014527-T1                                    79.85%    passed     23.53%
  46  Morvir_scaffold1.g284.t1                                79.50%    passed      8.23%
  47  Ctel_gnl_WGS_AMQN_CAPTEDRAFT_mRNA224273                  5.70%    passed     11.71%
  48  Cscu_XM_023367720.1                                      2.93%    failed      0.00%
  49  Hvul_g6564_1                                            76.87%    failed      1.18%
  50  Pbac_sb2661698                                          87.98%    passed      7.29%
  51  Horcal_Hcv1.av93.c1.g894.i1                             59.49%    failed      0.00%
  52  Tcas_TC016161_001                                       10.18%    failed      0.00%
  53  Dpul_mRNA12548                                          21.14%    failed      0.00%
WARNING: 25 sequences contain more than 50% gaps/ambiguity
****  TOTAL                                                   43.15%  29 sequences failed composition chi2 test (p-value<5%; df=19)


Create initial parsimony tree by phylogenetic likelihood library (PLL)... 0.108 seconds
Measuring multi-threading efficiency up to 2 CPU cores
3 trees examined
Threads: 1 / Time: 2.040 sec / Speedup: 1.000 / Efficiency: 100% / LogL: -208674
Threads: 2 / Time: 1.004 sec / Speedup: 2.030 / Efficiency: 102% / LogL: -208674
BEST NUMBER OF THREADS: 2

Perform fast likelihood tree search using LG+I+G model...
Estimate model parameters (epsilon = 5.000)
Perform nearest neighbor interchange...
Estimate model parameters (epsilon = 1.000)
1. Initial log-likelihood: -167645.886
Optimal log-likelihood: -167645.177
Proportion of invariable sites: 0.026
Gamma shape alpha: 1.939
Parameters optimization took 1 rounds (1.015 sec)
Time for fast ML tree search: 8.940 seconds

NOTE: ModelFinder requires 137 MB RAM!
ModelFinder will test up to 24 protein models (sample size: 3752) ...
 No. Model         -LnL         df  AIC          AICc         BIC
  1  LG            172150.635   103 344507.271   344513.143   345148.965
  2  LG+I          171206.046   104 342620.093   342626.081   343268.017
  3  LG+G4         167827.552   104 335863.103   335869.092   336511.028
  4  LG+I+G4       167645.068   105 335500.136   335506.241   336154.291
  8  LG+F+I+G4     167081.051   124 334410.102   334418.649   335182.628
 12  WAG+I+G4      168501.703   105 337213.406   337219.511   337867.560
 16  WAG+F+I+G4    167919.044   124 336086.087   336094.634   336858.613
 20  JTT+I+G4      168436.766   105 337083.532   337089.638   337737.687
 24  JTT+F+I+G4    167472.000   124 335192.000   335200.547   335964.525
Akaike Information Criterion:           LG+F+I+G4
Corrected Akaike Information Criterion: LG+F+I+G4
Bayesian Information Criterion:         LG+F+I+G4
Best-fit model: LG+F+I+G4 chosen according to BIC

All model information printed to results_broccoli_meto/alignments/OG_3738.iqtree.model.gz
CPU time for ModelFinder: 90.526 seconds (0h:1m:30s)
Wall-clock time for ModelFinder: 46.877 seconds (0h:0m:46s)
Generating 1000 samples for ultrafast bootstrap (seed: 343588)...

NOTE: 137 MB RAM (0 GB) is required!
Estimate model parameters (epsilon = 0.100)
Thoroughly optimizing +I+G parameters from 10 start values...
Init pinv, alpha: 0.000, 1.867 / Estimate: 0.026, 1.863 / LogL: -167081.047
Init pinv, alpha: 0.003, 1.867 / Estimate: 0.026, 1.864 / LogL: -167081.045
Init pinv, alpha: 0.007, 1.867 / Estimate: 0.026, 1.866 / LogL: -167081.043
Init pinv, alpha: 0.010, 1.867 / Estimate: 0.026, 1.864 / LogL: -167081.045
Init pinv, alpha: 0.014, 1.867 / Estimate: 0.026, 1.864 / LogL: -167081.044
Init pinv, alpha: 0.017, 1.867 / Estimate: 0.026, 1.867 / LogL: -167081.046
Init pinv, alpha: 0.021, 1.867 / Estimate: 0.026, 1.865 / LogL: -167081.049
Init pinv, alpha: 0.024, 1.867 / Estimate: 0.026, 1.867 / LogL: -167081.043
Init pinv, alpha: 0.028, 1.867 / Estimate: 0.026, 1.867 / LogL: -167081.042
Init pinv, alpha: 0.031, 1.867 / Estimate: 0.026, 1.866 / LogL: -167081.045
Optimal pinv,alpha: 0.026, 1.867 / LogL: -167081.042

Parameters optimization took 34.619 sec
Computing ML distances based on estimated model parameters...
Computing ML distances took 0.194138 sec (of wall-clock time) 0.387122 sec(of CPU time)
WARNING: Some pairwise ML distances are too long (saturated)
Computing RapidNJ tree took 0.000729 sec (of wall-clock time) 0.001456 sec (of CPU time)
Log-likelihood of RapidNJ tree: -167624.443
--------------------------------------------------------------------
|             INITIALIZING CANDIDATE TREE SET                      |
--------------------------------------------------------------------
Generating 98 parsimony trees... 12.757 second
Computing log-likelihood of 98 initial trees ... 41.463 seconds
Current best score: -167081.042

Do NNI search on 20 best initial trees
Estimate model parameters (epsilon = 0.100)
BETTER TREE FOUND at iteration 1: -167079.428
Iteration 10 / LogL: -167080.425 / Time: 0h:2m:42s
Iteration 20 / LogL: -167081.843 / Time: 0h:3m:50s
Finish initializing candidate tree set (5)
Current best tree score: -167079.428 / CPU time: 192.796
Number of iterations: 20
--------------------------------------------------------------------
|               OPTIMIZING CANDIDATE TREE SET                      |
--------------------------------------------------------------------
Iteration 30 / LogL: -167080.122 / Time: 0h:5m:9s (0h:30m:22s left)
Iteration 40 / LogL: -167080.904 / Time: 0h:6m:15s (0h:25m:52s left)
Iteration 50 / LogL: -167083.798 / Time: 0h:7m:22s (0h:22m:44s left)
Log-likelihood cutoff on original alignment: -167133.761
Iteration 60 / LogL: -167080.318 / Time: 0h:8m:33s (0h:20m:27s left)
Iteration 70 / LogL: -167081.887 / Time: 0h:9m:38s (0h:18m:17s left)
Iteration 80 / LogL: -167080.505 / Time: 0h:10m:45s (0h:16m:28s left)
Iteration 90 / LogL: -167331.704 / Time: 0h:11m:49s (0h:14m:45s left)
Iteration 100 / LogL: -167081.050 / Time: 0h:12m:58s (0h:13m:14s left)
Log-likelihood cutoff on original alignment: -167133.761
NOTE: Bootstrap correlation coefficient of split occurrence frequencies: 1.000
Iteration 110 / LogL: -167089.765 / Time: 0h:14m:2s (0h:11m:43s left)
Iteration 120 / LogL: -167120.113 / Time: 0h:15m:5s (0h:10m:16s left)
Iteration 130 / LogL: -167082.316 / Time: 0h:16m:59s (0h:9m:21s left)
Iteration 140 / LogL: -167085.053 / Time: 0h:19m:13s (0h:8m:25s left)
Iteration 150 / LogL: -167081.244 / Time: 0h:21m:20s (0h:7m:18s left)
Log-likelihood cutoff on original alignment: -167133.761
Iteration 160 / LogL: -167082.567 / Time: 0h:22m:40s (0h:5m:50s left)
Iteration 170 / LogL: -167080.351 / Time: 0h:24m:11s (0h:4m:26s left)
Iteration 180 / LogL: -167084.689 / Time: 0h:25m:57s (0h:3m:2s left)
Iteration 190 / LogL: -167082.785 / Time: 0h:27m:4s (0h:1m:34s left)
Iteration 200 / LogL: -167088.484 / Time: 0h:28m:8s (0h:0m:8s left)
Log-likelihood cutoff on original alignment: -167133.761
NOTE: Bootstrap correlation coefficient of split occurrence frequencies: 1.000
TREE SEARCH COMPLETED AFTER 202 ITERATIONS / Time: 0h:28m:22s

--------------------------------------------------------------------
|                    FINALIZING TREE SEARCH                        |
--------------------------------------------------------------------
Performs final model parameters optimization
Estimate model parameters (epsilon = 0.010)
1. Initial log-likelihood: -167079.428
Optimal log-likelihood: -167079.427
Proportion of invariable sites: 0.026
Gamma shape alpha: 1.865
Parameters optimization took 1 rounds (0.971 sec)
BEST SCORE FOUND : -167079.427
Creating bootstrap support values...
Split supports printed to NEXUS file results_broccoli_meto/alignments/OG_3738.iqtree.splits.nex
Total tree length: 32.636

Total number of iterations: 202
CPU time used for tree search: 2930.506 sec (0h:48m:50s)
Wall-clock time used for tree search: 1664.200 sec (0h:27m:44s)
Total CPU time used: 3008.474 sec (0h:50m:8s)
Total wall-clock time used: 1703.431 sec (0h:28m:23s)

Computing bootstrap consensus tree...
Reading input file results_broccoli_meto/alignments/OG_3738.iqtree.splits.nex...
53 taxa and 180 splits.
Consensus tree written to results_broccoli_meto/alignments/OG_3738.iqtree.contree
Reading input trees file results_broccoli_meto/alignments/OG_3738.iqtree.contree
Log-likelihood of consensus tree: -167079.428

Analysis results written to: 
  IQ-TREE report:                results_broccoli_meto/alignments/OG_3738.iqtree.iqtree
  Maximum-likelihood tree:       results_broccoli_meto/alignments/OG_3738.iqtree.treefile
  Likelihood distances:          results_broccoli_meto/alignments/OG_3738.iqtree.mldist

Ultrafast bootstrap approximation results written to:
  Split support values:          results_broccoli_meto/alignments/OG_3738.iqtree.splits.nex
  Consensus tree:                results_broccoli_meto/alignments/OG_3738.iqtree.contree
  Screen log file:               results_broccoli_meto/alignments/OG_3738.iqtree.log

Date and Time: Fri Dec 16 17:46:45 2022
