IQ-TREE multicore version 2.1.0 for Linux 64-bit built Jul 18 2020
Developed by Bui Quang Minh, James Barbetti, Nguyen Lam Tung,
Olga Chernomor, Heiko Schmidt, Dominik Schrempf, Michael Woodhams.

Host:    node-hp0502.linux.crg.es (AVX, 125 GB RAM)
Command: /users/asebe/xgraubove/Programes/iqtree-2.1.0-Linux/bin/iqtree2 -s results_broccoli_meto/alignments/OG_3761.lt.fasta -m TEST -mset LG,WAG,JTT -nt AUTO -ntmax 2 -bb 1000 -pre results_broccoli_meto/alignments/OG_3761.iqtree -nm 10000 -nstop 200 -cptime 1800
Seed:    297634 (Using SPRNG - Scalable Parallel Random Number Generator)
Time:    Fri Dec 16 17:14:50 2022
Kernel:  AVX - auto-detect threads (2 CPU cores detected)

Reading alignment file results_broccoli_meto/alignments/OG_3761.lt.fasta ... Fasta format detected
Alignment most likely contains protein sequences
Alignment has 39 sequences with 249 columns, 246 distinct patterns
236 parsimony-informative, 0 singleton sites, 13 constant sites
                                                    Gap/Ambiguity  Composition  p-value
   1  Hsap_ENST00000376693                                 19.28%    failed      0.00%
   2  Bralan_BLAG11000156_1                                 2.01%    passed     29.56%
   3  Spur_XM_030986627.1                                   1.20%    passed     90.46%
   4  Skow_XM_006811944.1                                   7.23%    passed     96.62%
   5  Aque_Aqu2.1.43895_001                                23.29%    passed     54.18%
   6  Emue_Em0021g83a.t1                                   21.29%    passed     73.64%
   7  Tetwil_g1815.t1                                      19.68%    passed     62.74%
   8  Stycar_maker-SC_scaffold1516-snap-gene-0.39-mRNA-1   17.27%    passed     51.64%
   9  Amil_Amillepora18851-RA                               4.02%    passed     42.82%
  10  Gfas_gfas1.m1.17624.m1                                3.21%    passed     95.83%
  11  Fspp_ffun1.m4.19340.m1                                4.02%    passed     99.24%
  12  Spis_XP_022807838_1                                   4.02%    passed     97.53%
  13  Pocdam_XM_027196073.1                                 5.22%    passed     68.85%
  14  Gasp_gasp1.m3.29920.m1                               46.99%    failed      1.96%
  15  Ctel_gnl_WGS_AMQN_CAPTEDRAFT_mRNA155923               8.84%    passed     85.24%
  16  Acagra_model.g31112.t1.1.5d3b8d41.1.5d401244          6.83%    passed     61.81%
  17  Cgig_XM_034482426.1                                   4.02%    passed     66.93%
  18  Nvec_v1g219826                                        6.43%    passed     85.25%
  19  Cscu_XM_023374995.1                                   2.41%    passed     64.62%
  20  Exapal_XM_021058935.2                                 7.63%    passed     74.79%
  21  Dpul_mRNA26815                                       11.65%    passed     73.63%
  22  Morvir_scaffold108.g20.t1                             6.02%    passed     63.50%
  23  Hvul_g29700_1                                        67.07%    passed     25.86%
  24  Chem_TCONS_00064504                                   7.63%    passed      9.37%
  25  Aaur_scaffold184.g25.t1                               5.22%    passed     36.55%
  26  Nemnom_g4043.t1                                       7.23%    passed     79.25%
  27  Rhoesc_Res_009902-T1                                  6.43%    passed     31.49%
  28  Sanmal_Sma_020255-T1                                  5.62%    passed     30.81%
  29  Opea_EP00118_Oscarella_pearsei_P001922                8.84%    passed     60.27%
  30  Plajan_Pjan_C538622_01                                8.84%    passed     53.72%
  31  Pbac_sb2647644                                       18.47%    passed     98.01%
  32  Horcal_Hcv1.av93.c5.g207.i1                          18.47%    passed     99.43%
  33  Bolinf_Binf_sb1213159                                53.41%    passed     76.81%
  34  Mertsp_Mesp_sb595043                                 32.93%    passed     96.31%
  35  Beraby_Baby_sb337400                                 19.68%    passed     92.50%
  36  Lampan_Lpan_1452_01                                  19.28%    passed     30.32%
  37  Vmul_sbMO464023                                      21.29%    passed     64.80%
  38  Coeast_Cast_sb761062                                 51.00%    passed     17.92%
  39  Drygla_Dgla_sb275560                                 21.29%    passed     74.63%
WARNING: 3 sequences contain more than 50% gaps/ambiguity
****  TOTAL                                                15.52%  2 sequences failed composition chi2 test (p-value<5%; df=19)


Create initial parsimony tree by phylogenetic likelihood library (PLL)... 0.006 seconds
Measuring multi-threading efficiency up to 2 CPU cores
Increase to 10 rounds for branch lengths
9 trees examined
Threads: 1 / Time: 2.202 sec / Speedup: 1.000 / Efficiency: 100% / LogL: -17031
Threads: 2 / Time: 1.222 sec / Speedup: 1.802 / Efficiency: 90% / LogL: -17031
BEST NUMBER OF THREADS: 2

Perform fast likelihood tree search using LG+I+G model...
Estimate model parameters (epsilon = 5.000)
Perform nearest neighbor interchange...
Estimate model parameters (epsilon = 1.000)
1. Initial log-likelihood: -14383.853
Optimal log-likelihood: -14383.414
Proportion of invariable sites: 0.048
Gamma shape alpha: 1.386
Parameters optimization took 1 rounds (0.094 sec)
Time for fast ML tree search: 0.563 seconds

NOTE: ModelFinder requires 7 MB RAM!
ModelFinder will test up to 24 protein models (sample size: 249) ...
 No. Model         -LnL         df  AIC          AICc         BIC
  1  LG            14956.870    75  30063.740    30129.636    30327.549
  2  LG+I          14805.141    76  29762.282    29830.329    30029.609
  3  LG+G4         14406.963    76  28965.927    29033.973    29233.253
  4  LG+I+G4       14383.306    77  28920.611    28990.857    29191.455
  8  LG+F+I+G4     14333.388    96  28858.777    28981.303    29196.452
 12  WAG+I+G4      14437.542    77  29029.085    29099.331    29299.929
 16  WAG+F+I+G4    14352.459    96  28896.919    29019.445    29234.594
 20  JTT+I+G4      14479.467    77  29112.934    29183.179    29383.778
 24  JTT+F+I+G4    14436.120    96  29064.240    29186.766    29401.915
Akaike Information Criterion:           LG+F+I+G4
Corrected Akaike Information Criterion: LG+F+I+G4
Bayesian Information Criterion:         LG+I+G4
Best-fit model: LG+I+G4 chosen according to BIC

All model information printed to results_broccoli_meto/alignments/OG_3761.iqtree.model.gz
CPU time for ModelFinder: 8.988 seconds (0h:0m:8s)
Wall-clock time for ModelFinder: 5.648 seconds (0h:0m:5s)
Generating 1000 samples for ultrafast bootstrap (seed: 297634)...

NOTE: 7 MB RAM (0 GB) is required!
Estimate model parameters (epsilon = 0.100)
Thoroughly optimizing +I+G parameters from 10 start values...
Init pinv, alpha: 0.000, 1.365 / Estimate: 0.048, 1.343 / LogL: -14383.335
Init pinv, alpha: 0.006, 1.365 / Estimate: 0.048, 1.358 / LogL: -14383.307
Init pinv, alpha: 0.012, 1.365 / Estimate: 0.048, 1.368 / LogL: -14383.308
Init pinv, alpha: 0.017, 1.365 / Estimate: 0.048, 1.373 / LogL: -14383.314
Init pinv, alpha: 0.023, 1.365 / Estimate: 0.048, 1.373 / LogL: -14383.318
Init pinv, alpha: 0.029, 1.365 / Estimate: 0.048, 1.371 / LogL: -14383.313
Init pinv, alpha: 0.035, 1.365 / Estimate: 0.048, 1.369 / LogL: -14383.309
Init pinv, alpha: 0.041, 1.365 / Estimate: 0.048, 1.367 / LogL: -14383.306
Init pinv, alpha: 0.046, 1.365 / Estimate: 0.048, 1.365 / LogL: -14383.305
Init pinv, alpha: 0.052, 1.365 / Estimate: 0.049, 1.363 / LogL: -14383.304
Optimal pinv,alpha: 0.049, 1.363 / LogL: -14383.304

Parameters optimization took 1.480 sec
Computing ML distances based on estimated model parameters...
Computing ML distances took 0.116519 sec (of wall-clock time) 0.231916 sec(of CPU time)
WARNING: Some pairwise ML distances are too long (saturated)
Computing RapidNJ tree took 0.000561 sec (of wall-clock time) 0.000000 sec (of CPU time)
Log-likelihood of RapidNJ tree: -14460.512
--------------------------------------------------------------------
|             INITIALIZING CANDIDATE TREE SET                      |
--------------------------------------------------------------------
Generating 98 parsimony trees... 0.687 second
Computing log-likelihood of 98 initial trees ... 1.562 seconds
Current best score: -14383.304

Do NNI search on 20 best initial trees
Estimate model parameters (epsilon = 0.100)
BETTER TREE FOUND at iteration 1: -14383.002
Iteration 10 / LogL: -14402.549 / Time: 0h:0m:8s
Estimate model parameters (epsilon = 0.100)
BETTER TREE FOUND at iteration 17: -14381.670
Iteration 20 / LogL: -14391.392 / Time: 0h:0m:11s
Finish initializing candidate tree set (17)
Current best tree score: -14381.670 / CPU time: 9.796
Number of iterations: 20
--------------------------------------------------------------------
|               OPTIMIZING CANDIDATE TREE SET                      |
--------------------------------------------------------------------
Estimate model parameters (epsilon = 0.100)
BETTER TREE FOUND at iteration 23: -14381.643
Estimate model parameters (epsilon = 0.100)
BETTER TREE FOUND at iteration 29: -14381.476
Iteration 30 / LogL: -14381.735 / Time: 0h:0m:15s (0h:1m:46s left)
Iteration 40 / LogL: -14381.488 / Time: 0h:0m:18s (0h:1m:29s left)
Iteration 50 / LogL: -14382.028 / Time: 0h:0m:22s (0h:1m:20s left)
Log-likelihood cutoff on original alignment: -14427.176
Iteration 60 / LogL: -14381.758 / Time: 0h:0m:25s (0h:1m:12s left)
Iteration 70 / LogL: -14389.865 / Time: 0h:0m:28s (0h:1m:6s left)
Iteration 80 / LogL: -14390.447 / Time: 0h:0m:32s (0h:1m:0s left)
Iteration 90 / LogL: -14381.505 / Time: 0h:0m:35s (0h:0m:55s left)
Iteration 100 / LogL: -14382.635 / Time: 0h:0m:38s (0h:0m:50s left)
Log-likelihood cutoff on original alignment: -14427.176
NOTE: Bootstrap correlation coefficient of split occurrence frequencies: 0.999
Iteration 110 / LogL: -14387.560 / Time: 0h:0m:42s (0h:0m:46s left)
Iteration 120 / LogL: -14381.896 / Time: 0h:0m:45s (0h:0m:41s left)
Iteration 130 / LogL: -14388.739 / Time: 0h:0m:49s (0h:0m:37s left)
Iteration 140 / LogL: -14381.694 / Time: 0h:0m:52s (0h:0m:33s left)
Iteration 150 / LogL: -14382.924 / Time: 0h:0m:55s (0h:0m:29s left)
Log-likelihood cutoff on original alignment: -14427.176
Iteration 160 / LogL: -14383.142 / Time: 0h:0m:59s (0h:0m:25s left)
Iteration 170 / LogL: -14388.911 / Time: 0h:1m:2s (0h:0m:21s left)
Iteration 180 / LogL: -14381.501 / Time: 0h:1m:5s (0h:0m:17s left)
Iteration 190 / LogL: -14382.095 / Time: 0h:1m:8s (0h:0m:14s left)
Iteration 200 / LogL: -14381.847 / Time: 0h:1m:12s (0h:0m:10s left)
Log-likelihood cutoff on original alignment: -14427.176
NOTE: Bootstrap correlation coefficient of split occurrence frequencies: 0.999
Iteration 210 / LogL: -14381.757 / Time: 0h:1m:15s (0h:0m:32s left)
Iteration 220 / LogL: -14388.644 / Time: 0h:1m:19s (0h:0m:29s left)
Iteration 230 / LogL: -14381.548 / Time: 0h:1m:23s (0h:0m:25s left)
TREE SEARCH COMPLETED AFTER 230 ITERATIONS / Time: 0h:1m:23s

--------------------------------------------------------------------
|                    FINALIZING TREE SEARCH                        |
--------------------------------------------------------------------
Performs final model parameters optimization
Estimate model parameters (epsilon = 0.010)
1. Initial log-likelihood: -14381.476
Optimal log-likelihood: -14381.476
Proportion of invariable sites: 0.048
Gamma shape alpha: 1.345
Parameters optimization took 1 rounds (0.051 sec)
BEST SCORE FOUND : -14381.476
Creating bootstrap support values...
Split supports printed to NEXUS file results_broccoli_meto/alignments/OG_3761.iqtree.splits.nex
Total tree length: 35.417

Total number of iterations: 230
CPU time used for tree search: 160.794 sec (0h:2m:40s)
Wall-clock time used for tree search: 81.218 sec (0h:1m:21s)
Total CPU time used: 164.829 sec (0h:2m:44s)
Total wall-clock time used: 83.442 sec (0h:1m:23s)

Computing bootstrap consensus tree...
Reading input file results_broccoli_meto/alignments/OG_3761.iqtree.splits.nex...
39 taxa and 398 splits.
Consensus tree written to results_broccoli_meto/alignments/OG_3761.iqtree.contree
Reading input trees file results_broccoli_meto/alignments/OG_3761.iqtree.contree
Log-likelihood of consensus tree: -14381.703

Analysis results written to: 
  IQ-TREE report:                results_broccoli_meto/alignments/OG_3761.iqtree.iqtree
  Maximum-likelihood tree:       results_broccoli_meto/alignments/OG_3761.iqtree.treefile
  Likelihood distances:          results_broccoli_meto/alignments/OG_3761.iqtree.mldist

Ultrafast bootstrap approximation results written to:
  Split support values:          results_broccoli_meto/alignments/OG_3761.iqtree.splits.nex
  Consensus tree:                results_broccoli_meto/alignments/OG_3761.iqtree.contree
  Screen log file:               results_broccoli_meto/alignments/OG_3761.iqtree.log

Date and Time: Fri Dec 16 17:16:19 2022
