IQ-TREE multicore version 2.1.0 for Linux 64-bit built Jul 18 2020
Developed by Bui Quang Minh, James Barbetti, Nguyen Lam Tung,
Olga Chernomor, Heiko Schmidt, Dominik Schrempf, Michael Woodhams.

Host:    node-hp0406.linux.crg.es (AVX, 125 GB RAM)
Command: /users/asebe/xgraubove/Programes/iqtree-2.1.0-Linux/bin/iqtree2 -s results_broccoli_meto/alignments/OG_319.lt.fasta -m TEST -mset LG,WAG,JTT -nt AUTO -ntmax 2 -bb 1000 -pre results_broccoli_meto/alignments/OG_319.iqtree -nm 10000 -nstop 200 -cptime 1800
Seed:    751483 (Using SPRNG - Scalable Parallel Random Number Generator)
Time:    Fri Dec 16 16:43:45 2022
Kernel:  AVX - auto-detect threads (2 CPU cores detected)

Reading alignment file results_broccoli_meto/alignments/OG_319.lt.fasta ... Fasta format detected
Alignment most likely contains protein sequences
Alignment has 43 sequences with 304 columns, 292 distinct patterns
273 parsimony-informative, 0 singleton sites, 31 constant sites
                                                    Gap/Ambiguity  Composition  p-value
   1  Hsap_ENST00000264595                                  3.62%    passed     94.50%
   2  Bralan_BLAG06000886_1                                 3.29%    passed     90.15%
   3  Spur_XM_030980824.1                                   2.96%    passed     87.77%
   4  Adig_XM_015911199.1                                   0.99%    passed     97.60%
   5  Spis_XP_022785753_1                                   0.99%    passed     98.52%
   6  Pocdam_XM_027197415.1                                 0.99%    passed     93.07%
   7  Aaur_scaffold107.g29.t1                              58.22%    passed     25.40%
   8  Nemnom_g18654.t1                                      5.26%    passed     94.93%
   9  Rhoesc_Res_003100-T1                                  4.61%    passed     97.28%
  10  Sanmal_Sma_008701-T1                                 12.50%    passed     52.40%
  11  Ocar_g7838                                            1.64%    passed     99.71%
  12  Opea_EP00118_Oscarella_pearsei_P013920                4.93%    passed     99.84%
  13  Tadh_TriadT24893                                      8.22%    passed     94.86%
  14  TrH2_TrispH2_007977-RA                                1.32%    passed     99.54%
  15  HoiH06_mRNA5182                                       2.63%    passed     95.11%
  16  HoiH23_PlH23_005193-RA                                2.63%    passed     91.62%
  17  HoiH11_mRNA9738                                      12.17%    passed     93.68%
  18  Hhon_g05631.t1                                        1.97%    passed     96.55%
  19  HoiH04_mRNA17268                                      1.97%    passed     97.88%
  20  Morvir_scaffold197.g10.t1                             2.96%    passed     99.09%
  21  Hvul_g16070_1                                        35.53%    passed     40.71%
  22  Chem_TCONS_00055281                                  18.09%    passed     72.23%
  23  Dgig_XM_028542126.1                                   2.30%    passed     99.65%
  24  Clacor_Ccor_scaffold8744_01                          55.92%    passed     89.91%
  25  Xesp_016015-T1                                        6.25%    passed     19.03%
  26  Cscu_XM_023356350.1                                   4.93%    passed     98.04%
  27  Aque_Aqu2.1.28542_001                                 3.95%    passed     93.75%
  28  Emue_Em0022g359a.t1                                  22.70%    passed     83.42%
  29  Spolac_c95763_g1_i1_m.12002c95763-g1                  3.62%    passed     90.14%
  30  Tetwil_g24985.t1                                      4.93%    passed     63.40%
  31  Scil_scict023588.1                                   49.01%    passed     66.88%
  32  Lcom_lcpid100827                                      4.61%    passed     98.44%
  33  Gracom_Gcom_scaffold17565_01                          1.32%    passed     86.21%
  34  Plespi_Pspi_scaffold19043_01                          5.92%    passed     94.83%
  35  Acagra_model.g10149.t1                                0.33%    passed     96.09%
  36  Fspp_ffun1.m4.25672.m1                                8.88%    passed     71.49%
  37  Gasp_gasp1.m3.20144.m1                                9.21%    passed     26.88%
  38  Exapal_XM_021057071.2                                 5.26%    passed     70.89%
  39  Nvec_v1g79749                                         1.97%    passed     59.18%
  40  Ctel_gnl_WGS_AMQN_CAPTEDRAFT_mRNA109878               5.92%    passed     21.06%
  41  Cgig_XM_034447485.1                                   3.95%    passed     71.88%
  42  Skow_XM_006820211.1                                   6.25%    passed      6.48%
  43  Stycar_maker-SC_scaffold6232-snap-gene-0.59-mRNA-1   26.64%    passed     57.75%
WARNING: 2 sequences contain more than 50% gaps/ambiguity
****  TOTAL                                                 9.80%  0 sequences failed composition chi2 test (p-value<5%; df=19)


Create initial parsimony tree by phylogenetic likelihood library (PLL)... 0.014 seconds
Measuring multi-threading efficiency up to 2 CPU cores
Increase to 10 rounds for branch lengths
7 trees examined
Threads: 1 / Time: 2.248 sec / Speedup: 1.000 / Efficiency: 100% / LogL: -18973
Threads: 2 / Time: 2.308 sec / Speedup: 0.974 / Efficiency: 49% / LogL: -18973
BEST NUMBER OF THREADS: 1

Perform fast likelihood tree search using LG+I+G model...
Estimate model parameters (epsilon = 5.000)
Perform nearest neighbor interchange...
Estimate model parameters (epsilon = 1.000)
1. Initial log-likelihood: -15798.260
Optimal log-likelihood: -15797.951
Proportion of invariable sites: 0.087
Gamma shape alpha: 1.108
Parameters optimization took 1 rounds (0.226 sec)
Time for fast ML tree search: 1.567 seconds

NOTE: ModelFinder requires 9 MB RAM!
ModelFinder will test up to 24 protein models (sample size: 304) ...
 No. Model         -LnL         df  AIC          AICc         BIC
  1  LG            16841.278    83  33848.556    33911.938    34157.070
  2  LG+I          16547.390    84  33262.779    33327.985    33575.010
  3  LG+G4         15829.236    84  31826.472    31891.677    32138.702
  4  LG+I+G4       15797.925    85  31765.849    31832.914    32081.797
  8  LG+F+I+G4     15869.349    104 31946.697    32056.446    32333.268
 12  WAG+I+G4      15807.438    85  31784.877    31851.941    32100.824
 16  WAG+F+I+G4    15855.638    104 31919.276    32029.025    32305.847
 20  JTT+I+G4      15942.824    85  32055.647    32122.711    32371.594
 24  JTT+F+I+G4    16020.348    104 32248.696    32358.445    32635.267
Akaike Information Criterion:           LG+I+G4
Corrected Akaike Information Criterion: LG+I+G4
Bayesian Information Criterion:         LG+I+G4
Best-fit model: LG+I+G4 chosen according to BIC

All model information printed to results_broccoli_meto/alignments/OG_319.iqtree.model.gz
CPU time for ModelFinder: 11.948 seconds (0h:0m:11s)
Wall-clock time for ModelFinder: 9.476 seconds (0h:0m:9s)
Generating 1000 samples for ultrafast bootstrap (seed: 751483)...

NOTE: 9 MB RAM (0 GB) is required!
Estimate model parameters (epsilon = 0.100)
Thoroughly optimizing +I+G parameters from 10 start values...
Init pinv, alpha: 0.000, 1.093 / Estimate: 0.087, 1.085 / LogL: -15797.951
Init pinv, alpha: 0.011, 1.093 / Estimate: 0.087, 1.091 / LogL: -15797.927
Init pinv, alpha: 0.023, 1.093 / Estimate: 0.086, 1.091 / LogL: -15797.926
Init pinv, alpha: 0.034, 1.093 / Estimate: 0.087, 1.096 / LogL: -15797.920
Init pinv, alpha: 0.045, 1.093 / Estimate: 0.087, 1.096 / LogL: -15797.920
Init pinv, alpha: 0.057, 1.093 / Estimate: 0.087, 1.100 / LogL: -15797.922
Init pinv, alpha: 0.068, 1.093 / Estimate: 0.087, 1.099 / LogL: -15797.923
Init pinv, alpha: 0.079, 1.093 / Estimate: 0.087, 1.097 / LogL: -15797.920
Init pinv, alpha: 0.091, 1.093 / Estimate: 0.088, 1.095 / LogL: -15797.922
Init pinv, alpha: 0.102, 1.093 / Estimate: 0.088, 1.094 / LogL: -15797.925
Optimal pinv,alpha: 0.087, 1.097 / LogL: -15797.920

Parameters optimization took 5.054 sec
Computing ML distances based on estimated model parameters...
Computing ML distances took 0.229986 sec (of wall-clock time) 0.229376 sec(of CPU time)
Computing RapidNJ tree took 0.000246 sec (of wall-clock time) 0.000281 sec (of CPU time)
Log-likelihood of RapidNJ tree: -15849.941
--------------------------------------------------------------------
|             INITIALIZING CANDIDATE TREE SET                      |
--------------------------------------------------------------------
Generating 98 parsimony trees... 1.093 second
Computing log-likelihood of 98 initial trees ... 3.700 seconds
Current best score: -15797.920

Do NNI search on 20 best initial trees
Estimate model parameters (epsilon = 0.100)
BETTER TREE FOUND at iteration 1: -15797.895
Estimate model parameters (epsilon = 0.100)
BETTER TREE FOUND at iteration 3: -15795.124
Estimate model parameters (epsilon = 0.100)
BETTER TREE FOUND at iteration 4: -15791.493
Iteration 10 / LogL: -15792.988 / Time: 0h:0m:17s
Estimate model parameters (epsilon = 0.100)
BETTER TREE FOUND at iteration 18: -15790.891
Iteration 20 / LogL: -15824.479 / Time: 0h:0m:26s
Finish initializing candidate tree set (16)
Current best tree score: -15790.891 / CPU time: 20.397
Number of iterations: 20
--------------------------------------------------------------------
|               OPTIMIZING CANDIDATE TREE SET                      |
--------------------------------------------------------------------
Estimate model parameters (epsilon = 0.100)
BETTER TREE FOUND at iteration 21: -15790.276
Iteration 30 / LogL: -15790.287 / Time: 0h:0m:34s (0h:3m:47s left)
Iteration 40 / LogL: -15790.913 / Time: 0h:0m:42s (0h:3m:18s left)
Iteration 50 / LogL: -15791.080 / Time: 0h:0m:50s (0h:2m:55s left)
Log-likelihood cutoff on original alignment: -15851.371
Iteration 60 / LogL: -15790.941 / Time: 0h:0m:57s (0h:2m:38s left)
Iteration 70 / LogL: -15798.856 / Time: 0h:1m:6s (0h:2m:24s left)
Iteration 80 / LogL: -15790.931 / Time: 0h:1m:14s (0h:2m:12s left)
Iteration 90 / LogL: -15791.197 / Time: 0h:1m:22s (0h:2m:1s left)
Iteration 100 / LogL: -15791.617 / Time: 0h:1m:30s (0h:1m:50s left)
Log-likelihood cutoff on original alignment: -15851.371
NOTE: Bootstrap correlation coefficient of split occurrence frequencies: 0.999
Iteration 110 / LogL: -15790.311 / Time: 0h:1m:38s (0h:1m:40s left)
Iteration 120 / LogL: -15790.935 / Time: 0h:1m:46s (0h:1m:30s left)
Iteration 130 / LogL: -15792.791 / Time: 0h:1m:54s (0h:1m:20s left)
Iteration 140 / LogL: -15791.134 / Time: 0h:2m:3s (0h:1m:12s left)
Iteration 150 / LogL: -15791.116 / Time: 0h:2m:12s (0h:1m:2s left)
Log-likelihood cutoff on original alignment: -15851.371
Iteration 160 / LogL: -15790.953 / Time: 0h:2m:20s (0h:0m:53s left)
Iteration 170 / LogL: -15790.334 / Time: 0h:2m:27s (0h:0m:44s left)
Iteration 180 / LogL: -15790.991 / Time: 0h:2m:35s (0h:0m:35s left)
Iteration 190 / LogL: -15800.996 / Time: 0h:2m:43s (0h:0m:26s left)
Iteration 200 / LogL: -15791.001 / Time: 0h:2m:51s (0h:0m:18s left)
Log-likelihood cutoff on original alignment: -15851.371
NOTE: Bootstrap correlation coefficient of split occurrence frequencies: 0.999
Iteration 210 / LogL: -15790.530 / Time: 0h:2m:59s (0h:1m:17s left)
Iteration 220 / LogL: -15791.041 / Time: 0h:3m:8s (0h:1m:8s left)
TREE SEARCH COMPLETED AFTER 222 ITERATIONS / Time: 0h:3m:10s

--------------------------------------------------------------------
|                    FINALIZING TREE SEARCH                        |
--------------------------------------------------------------------
Performs final model parameters optimization
Estimate model parameters (epsilon = 0.010)
1. Initial log-likelihood: -15790.276
Optimal log-likelihood: -15790.276
Proportion of invariable sites: 0.088
Gamma shape alpha: 1.105
Parameters optimization took 1 rounds (0.119 sec)
BEST SCORE FOUND : -15790.276
Creating bootstrap support values...
Split supports printed to NEXUS file results_broccoli_meto/alignments/OG_319.iqtree.splits.nex
Total tree length: 24.421

Total number of iterations: 222
CPU time used for tree search: 184.142 sec (0h:3m:4s)
Wall-clock time used for tree search: 184.335 sec (0h:3m:4s)
Total CPU time used: 190.114 sec (0h:3m:10s)
Total wall-clock time used: 190.358 sec (0h:3m:10s)

Computing bootstrap consensus tree...
Reading input file results_broccoli_meto/alignments/OG_319.iqtree.splits.nex...
43 taxa and 367 splits.
Consensus tree written to results_broccoli_meto/alignments/OG_319.iqtree.contree
Reading input trees file results_broccoli_meto/alignments/OG_319.iqtree.contree
Log-likelihood of consensus tree: -15791.220

Analysis results written to: 
  IQ-TREE report:                results_broccoli_meto/alignments/OG_319.iqtree.iqtree
  Maximum-likelihood tree:       results_broccoli_meto/alignments/OG_319.iqtree.treefile
  Likelihood distances:          results_broccoli_meto/alignments/OG_319.iqtree.mldist

Ultrafast bootstrap approximation results written to:
  Split support values:          results_broccoli_meto/alignments/OG_319.iqtree.splits.nex
  Consensus tree:                results_broccoli_meto/alignments/OG_319.iqtree.contree
  Screen log file:               results_broccoli_meto/alignments/OG_319.iqtree.log

Date and Time: Fri Dec 16 16:47:05 2022
