IQ-TREE multicore version 2.1.0 for Linux 64-bit built Jul 18 2020
Developed by Bui Quang Minh, James Barbetti, Nguyen Lam Tung,
Olga Chernomor, Heiko Schmidt, Dominik Schrempf, Michael Woodhams.

Host:    node-hp0515.linux.crg.es (AVX, 125 GB RAM)
Command: /users/asebe/xgraubove/Programes/iqtree-2.1.0-Linux/bin/iqtree2 -s results_broccoli_meto/alignments/OG_4011.lt.fasta -m TEST -mset LG,WAG,JTT -nt AUTO -ntmax 2 -bb 1000 -pre results_broccoli_meto/alignments/OG_4011.iqtree -nm 10000 -nstop 200 -cptime 1800
Seed:    373601 (Using SPRNG - Scalable Parallel Random Number Generator)
Time:    Fri Dec 16 17:27:20 2022
Kernel:  AVX - auto-detect threads (2 CPU cores detected)

Reading alignment file results_broccoli_meto/alignments/OG_4011.lt.fasta ... Fasta format detected
Alignment most likely contains protein sequences
Alignment has 39 sequences with 1033 columns, 997 distinct patterns
885 parsimony-informative, 0 singleton sites, 148 constant sites
                                         Gap/Ambiguity  Composition  p-value
   1  Hsap_ENST00000375630                       2.32%    passed     97.54%
   2  Bralan_BLAG14000639_1                      3.19%    passed     65.65%
   3  Ctel_gnl_WGS_AMQN_CAPTEDRAFT_mRNA203466   25.94%    passed     40.07%
   4  Acagra_model.g17529.t1.4.5d3b88eb          2.81%    passed     88.34%
   5  Cgig_XM_034474188.1                        3.48%    passed     94.88%
   6  Exapal_XM_021052322.2                      3.58%    passed     97.36%
   7  Nvec_v1g115237                            10.36%    passed     69.72%
   8  Adig_XM_015906416.1                        2.90%    passed     49.97%
   9  Amil_Amillepora23683-RA                   42.30%    failed      3.65%
  10  Gfas_gfas1.m1.14895.m1                    73.57%    passed     88.31%
  11  Gasp_gasp1.m3.10667.m1                     2.61%    passed     60.45%
  12  Fspp_ffun1.m4.5538.m1                      4.55%    passed     60.77%
  13  Spis_XP_022791578_1                        3.48%    passed     90.17%
  14  Pocdam_XM_027188674.1                      2.61%    passed     53.30%
  15  Chem_TCONS_00005194                        5.52%    passed     94.30%
  16  Aaur_scaffold195.g14.t1                   27.69%    passed      8.16%
  17  Rhoesc_Res_007698-T1                       1.84%    passed     84.90%
  18  Sanmal_Sma_015612-T1                       9.29%    passed     69.82%
  19  Morvir_scaffold18.g39.t2                   1.84%    passed     83.45%
  20  Dgig_XM_028541778.1                        3.10%    passed     98.00%
  21  Xesp_015947-T1                             4.74%    passed     92.64%
  22  Hvul_g11400_1                             15.30%    passed     40.43%
  23  Tadh_TriadT56098                           5.03%    passed     81.05%
  24  TrH2_TrispH2_010005-RA                     3.58%    passed     80.79%
  25  HoiH06_mRNA7636                            4.16%    passed     37.03%
  26  HoiH23_PlH23_009043-RA                     4.55%    passed     46.94%
  27  Hhon_g04163.t1                             4.65%    passed     14.85%
  28  HoiH04_mRNA6967                            5.23%    passed     16.38%
  29  HoiH11_mRNA9714                            9.49%    passed     12.11%
  30  Mlei_ML1039.g5.i1                         33.59%    passed     50.12%
  31  Horcal_Hcv1.av93.c13.g599.i1               3.97%    passed     39.46%
  32  Pbac_sb2667190                            80.15%    passed     61.65%
  33  Coemet_Cmet_scaffold18507_01              56.92%    passed     76.37%
  34  Eupdun_Edun_sb10635707                    80.15%    passed     88.58%
  35  Lampan_Lpan_3088_01                       60.21%    passed     13.52%
  36  Beraby_Baby_sb357245                      85.87%    failed      0.14%
  37  Spur_XM_030982354.1                        2.42%    passed     53.93%
  38  Dpul_mRNA5905                              2.71%    passed     59.64%
  39  Skow_XM_006825824.1                       17.52%    passed     15.19%
WARNING: 6 sequences contain more than 50% gaps/ambiguity
****  TOTAL                                     18.29%  2 sequences failed composition chi2 test (p-value<5%; df=19)


Create initial parsimony tree by phylogenetic likelihood library (PLL)... 0.012 seconds
Measuring multi-threading efficiency up to 2 CPU cores
Increase to 10 rounds for branch lengths
3 trees examined
Threads: 1 / Time: 2.902 sec / Speedup: 1.000 / Efficiency: 100% / LogL: -51208
Threads: 2 / Time: 1.667 sec / Speedup: 1.741 / Efficiency: 87% / LogL: -51208
BEST NUMBER OF THREADS: 2

Perform fast likelihood tree search using LG+I+G model...
Estimate model parameters (epsilon = 5.000)
Perform nearest neighbor interchange...
Estimate model parameters (epsilon = 1.000)
1. Initial log-likelihood: -38730.096
Optimal log-likelihood: -38729.269
Proportion of invariable sites: 0.130
Gamma shape alpha: 1.319
Parameters optimization took 1 rounds (0.193 sec)
Time for fast ML tree search: 1.656 seconds

NOTE: ModelFinder requires 28 MB RAM!
ModelFinder will test up to 24 protein models (sample size: 1033) ...
 No. Model         -LnL         df  AIC          AICc         BIC
  1  LG            41023.305    75  82196.609    82208.521    82567.126
  2  LG+I          39907.553    76  79967.106    79979.349    80342.563
  3  LG+G4         38809.799    76  77771.598    77783.841    78147.055
  4  LG+I+G4       38729.204    77  77612.408    77624.986    77992.805
  8  LG+F+I+G4     38654.732    96  77501.464    77521.361    77975.725
 12  WAG+I+G4      38949.858    77  78053.715    78066.293    78434.112
 16  WAG+F+I+G4    38800.724    96  77793.448    77813.345    78267.709
 20  JTT+I+G4      39081.095    77  78316.190    78328.768    78696.587
 24  JTT+F+I+G4    38916.328    96  78024.656    78044.554    78498.917
Akaike Information Criterion:           LG+F+I+G4
Corrected Akaike Information Criterion: LG+F+I+G4
Bayesian Information Criterion:         LG+F+I+G4
Best-fit model: LG+F+I+G4 chosen according to BIC

All model information printed to results_broccoli_meto/alignments/OG_4011.iqtree.model.gz
CPU time for ModelFinder: 20.188 seconds (0h:0m:20s)
Wall-clock time for ModelFinder: 11.970 seconds (0h:0m:11s)
Generating 1000 samples for ultrafast bootstrap (seed: 373601)...

NOTE: 28 MB RAM (0 GB) is required!
Estimate model parameters (epsilon = 0.100)
Thoroughly optimizing +I+G parameters from 10 start values...
Init pinv, alpha: 0.000, 1.292 / Estimate: 0.000, 0.682 / LogL: -38733.660
Init pinv, alpha: 0.016, 1.292 / Estimate: 0.129, 1.292 / LogL: -38654.722
Init pinv, alpha: 0.032, 1.292 / Estimate: 0.130, 1.292 / LogL: -38654.721
Init pinv, alpha: 0.048, 1.292 / Estimate: 0.129, 1.292 / LogL: -38654.723
Init pinv, alpha: 0.064, 1.292 / Estimate: 0.130, 1.292 / LogL: -38654.722
Init pinv, alpha: 0.080, 1.292 / Estimate: 0.129, 1.291 / LogL: -38654.722
Init pinv, alpha: 0.096, 1.292 / Estimate: 0.129, 1.292 / LogL: -38654.723
Init pinv, alpha: 0.111, 1.292 / Estimate: 0.129, 1.291 / LogL: -38654.729
Init pinv, alpha: 0.127, 1.292 / Estimate: 0.129, 1.290 / LogL: -38654.725
Init pinv, alpha: 0.143, 1.292 / Estimate: 0.130, 1.292 / LogL: -38654.727
Optimal pinv,alpha: 0.130, 1.292 / LogL: -38654.721

Parameters optimization took 9.040 sec
Computing ML distances based on estimated model parameters...
Computing ML distances took 0.097842 sec (of wall-clock time) 0.194854 sec(of CPU time)
WARNING: Some pairwise ML distances are too long (saturated)
Computing RapidNJ tree took 0.000548 sec (of wall-clock time) 0.001088 sec (of CPU time)
Log-likelihood of RapidNJ tree: -38752.648
--------------------------------------------------------------------
|             INITIALIZING CANDIDATE TREE SET                      |
--------------------------------------------------------------------
Generating 98 parsimony trees... 1.603 second
Computing log-likelihood of 98 initial trees ... 5.682 seconds
Current best score: -38654.721

Do NNI search on 20 best initial trees
Estimate model parameters (epsilon = 0.100)
BETTER TREE FOUND at iteration 1: -38654.721
Iteration 10 / LogL: -38655.901 / Time: 0h:0m:25s
Iteration 20 / LogL: -38654.977 / Time: 0h:0m:35s
Finish initializing candidate tree set (7)
Current best tree score: -38654.721 / CPU time: 25.211
Number of iterations: 20
--------------------------------------------------------------------
|               OPTIMIZING CANDIDATE TREE SET                      |
--------------------------------------------------------------------
Iteration 30 / LogL: -38656.368 / Time: 0h:0m:47s (0h:4m:39s left)
Iteration 40 / LogL: -38657.826 / Time: 0h:0m:58s (0h:4m:3s left)
Iteration 50 / LogL: -38655.903 / Time: 0h:1m:11s (0h:3m:40s left)
Log-likelihood cutoff on original alignment: -38699.001
Iteration 60 / LogL: -38655.046 / Time: 0h:1m:22s (0h:3m:17s left)
Iteration 70 / LogL: -38655.112 / Time: 0h:1m:34s (0h:2m:59s left)
Iteration 80 / LogL: -38656.902 / Time: 0h:1m:46s (0h:2m:42s left)
Iteration 90 / LogL: -38654.753 / Time: 0h:1m:59s (0h:2m:28s left)
Iteration 100 / LogL: -38658.475 / Time: 0h:2m:11s (0h:2m:14s left)
Log-likelihood cutoff on original alignment: -38699.001
NOTE: Bootstrap correlation coefficient of split occurrence frequencies: 0.999
Iteration 110 / LogL: -38656.747 / Time: 0h:2m:25s (0h:2m:1s left)
Iteration 120 / LogL: -38657.590 / Time: 0h:2m:36s (0h:1m:46s left)
Iteration 130 / LogL: -38655.015 / Time: 0h:2m:49s (0h:1m:33s left)
Iteration 140 / LogL: -38655.418 / Time: 0h:3m:1s (0h:1m:19s left)
Iteration 150 / LogL: -38670.482 / Time: 0h:3m:13s (0h:1m:6s left)
Log-likelihood cutoff on original alignment: -38699.001
Iteration 160 / LogL: -38656.150 / Time: 0h:3m:26s (0h:0m:53s left)
Iteration 170 / LogL: -38658.970 / Time: 0h:3m:39s (0h:0m:40s left)
Iteration 180 / LogL: -38655.018 / Time: 0h:3m:50s (0h:0m:27s left)
Iteration 190 / LogL: -38655.220 / Time: 0h:4m:1s (0h:0m:14s left)
Iteration 200 / LogL: -38655.739 / Time: 0h:4m:13s (0h:0m:1s left)
Log-likelihood cutoff on original alignment: -38699.001
NOTE: Bootstrap correlation coefficient of split occurrence frequencies: 0.999
TREE SEARCH COMPLETED AFTER 202 ITERATIONS / Time: 0h:4m:16s

--------------------------------------------------------------------
|                    FINALIZING TREE SEARCH                        |
--------------------------------------------------------------------
Performs final model parameters optimization
Estimate model parameters (epsilon = 0.010)
1. Initial log-likelihood: -38654.721
Optimal log-likelihood: -38654.721
Proportion of invariable sites: 0.130
Gamma shape alpha: 1.292
Parameters optimization took 1 rounds (0.182 sec)
BEST SCORE FOUND : -38654.721
Creating bootstrap support values...
Split supports printed to NEXUS file results_broccoli_meto/alignments/OG_4011.iqtree.splits.nex
Total tree length: 17.833

Total number of iterations: 202
CPU time used for tree search: 490.091 sec (0h:8m:10s)
Wall-clock time used for tree search: 246.359 sec (0h:4m:6s)
Total CPU time used: 510.218 sec (0h:8m:30s)
Total wall-clock time used: 256.694 sec (0h:4m:16s)

Computing bootstrap consensus tree...
Reading input file results_broccoli_meto/alignments/OG_4011.iqtree.splits.nex...
39 taxa and 166 splits.
Consensus tree written to results_broccoli_meto/alignments/OG_4011.iqtree.contree
Reading input trees file results_broccoli_meto/alignments/OG_4011.iqtree.contree
Log-likelihood of consensus tree: -38654.723

Analysis results written to: 
  IQ-TREE report:                results_broccoli_meto/alignments/OG_4011.iqtree.iqtree
  Maximum-likelihood tree:       results_broccoli_meto/alignments/OG_4011.iqtree.treefile
  Likelihood distances:          results_broccoli_meto/alignments/OG_4011.iqtree.mldist

Ultrafast bootstrap approximation results written to:
  Split support values:          results_broccoli_meto/alignments/OG_4011.iqtree.splits.nex
  Consensus tree:                results_broccoli_meto/alignments/OG_4011.iqtree.contree
  Screen log file:               results_broccoli_meto/alignments/OG_4011.iqtree.log

Date and Time: Fri Dec 16 17:31:50 2022
