IQ-TREE multicore version 2.1.0 for Linux 64-bit built Jul 18 2020
Developed by Bui Quang Minh, James Barbetti, Nguyen Lam Tung,
Olga Chernomor, Heiko Schmidt, Dominik Schrempf, Michael Woodhams.

Host:    node-hp0308.linux.crg.es (AVX, 125 GB RAM)
Command: /users/asebe/xgraubove/Programes/iqtree-2.1.0-Linux/bin/iqtree2 -s results_broccoli_meto/alignments/OG_4269.lt.fasta -m TEST -mset LG,WAG,JTT -nt AUTO -ntmax 2 -bb 1000 -pre results_broccoli_meto/alignments/OG_4269.iqtree -nm 10000 -nstop 200 -cptime 1800
Seed:    611474 (Using SPRNG - Scalable Parallel Random Number Generator)
Time:    Fri Dec 16 17:43:38 2022
Kernel:  AVX - auto-detect threads (2 CPU cores detected)

Reading alignment file results_broccoli_meto/alignments/OG_4269.lt.fasta ... Fasta format detected
Alignment most likely contains protein sequences
Alignment has 52 sequences with 629 columns, 628 distinct patterns
613 parsimony-informative, 0 singleton sites, 16 constant sites
                                                        Gap/Ambiguity  Composition  p-value
   1  Hsap_ENST00000396153                                      4.29%    passed     97.20%
   2  Bralan_BLAG13101148_1                                     4.29%    passed     48.31%
   3  Skow_XM_002734448.2                                       3.18%    passed     99.68%
   4  Ocar_g9006                                               62.80%    passed     58.31%
   5  Opea_EP00118_Oscarella_pearsei_P022526                    5.09%    passed     29.47%
   6  Ctel_gnl_WGS_AMQN_CAPTEDRAFT_mRNA183840                   3.82%    passed     32.82%
   7  Cgig_XM_034458699.1                                       3.02%    passed     53.20%
   8  Acagra_model.g8204.t1                                     6.04%    passed     85.79%
   9  Exapal_XM_021040647.2                                     3.82%    passed     68.55%
  10  Adig_XM_015897145.1                                       2.23%    passed     92.23%
  11  Amil_Amillepora26230-RA                                  19.40%    passed     63.60%
  12  Gfas_gfas1.m1.510.m1                                      1.43%    passed     90.98%
  13  Fspp_ffun1.m4.16301.m1                                    6.20%    passed     80.09%
  14  Gasp_gasp1.m3.9808.m1                                     1.43%    passed     85.26%
  15  Spis_XP_022795982_1                                      14.79%    passed     94.05%
  16  Pocdam_XM_027183703.1                                     1.43%    passed     82.22%
  17  Nvec_v1g120705                                           15.58%    passed     43.07%
  18  Dgig_XM_028548924.1                                       2.38%    passed     94.72%
  19  Xesp_000525-T1                                            1.11%    passed     21.95%
  20  Spur_XM_030995814.1                                       2.23%    passed     99.32%
  21  Tcas_TC034804_001                                         4.13%    passed     58.93%
  22  Dpul_mRNA29472                                            4.61%    passed     65.97%
  23  Cscu_XM_023379658.1                                       5.09%    passed     21.92%
  24  Aque_Aqu2.1.21550_001                                    29.25%    passed      6.38%
  25  Halamb_c24956_g1_i1m.4614                                47.69%    passed     59.75%
  26  Xestes_maker-XT_scaffold43931-augustus-gene-0.5-mRNA-1   57.55%    passed     30.18%
  27  Tetwil_g21289.t2                                          6.84%    passed     43.03%
  28  Stycar_maker-SC_scaffold3124-augustus-gene-0.5-mRNA-1    29.73%    passed     71.92%
  29  Plespi_Pspi_C611752_01                                    5.56%    passed     62.66%
  30  Emue_Em0011g1029a.t1                                     27.98%    failed      3.25%
  31  Spolac_c103409_g1_i1_m.34091c103409-g1                   15.58%    passed     13.00%
  32  Morvir_scaffold47.g85.t1                                  6.68%    passed     99.69%
  33  Mlei_ML0683.g9.i1                                        52.94%    passed     43.82%
  34  Beraby_Baby_sb341774                                     14.79%    passed     47.30%
  35  Vmul_Simscaffold8544_01                                  14.63%    passed     76.95%
  36  Coemet_Cmet_scaffold21641_01                             14.31%    passed     97.47%
  37  Bolinf_Binf_sb1235576                                    39.90%    passed     31.75%
  38  Mertsp_Mesp_sb534317                                     70.11%    passed     93.65%
  39  Drygla_Dgla_sb287024                                     45.95%    passed     34.04%
  40  Lampan_Lpan_254_01                                       40.86%    passed     77.99%
  41  Eupdun_Edun_sb10627889                                   11.76%    passed     75.77%
  42  Pbac_sb2667460                                           58.66%    passed     10.83%
  43  Horcal_Hcv1.av93.c13.g3.i1                               65.34%    passed     42.31%
  44  Tadh_TriadT58828                                         15.90%    failed      1.60%
  45  TrH2_TrispH2_008101-RA                                    7.00%    failed      0.52%
  46  HoiH06_mRNA6783                                           7.15%    passed     23.04%
  47  HoiH23_PlH23_008364-RA                                    7.00%    passed     10.69%
  48  Hhon_g06845.t1                                            7.00%    passed      8.08%
  49  HoiH04_mRNA6916                                           7.00%    passed      5.88%
  50  HoiH11_mRNA4912                                           7.00%    passed     18.77%
  51  Plajan_Pjan_scaffold6110_01                              32.27%    failed      1.16%
  52  Chem_TCONS_00022341                                      37.20%    passed     13.84%
WARNING: 6 sequences contain more than 50% gaps/ambiguity
****  TOTAL                                                    18.50%  4 sequences failed composition chi2 test (p-value<5%; df=19)


Create initial parsimony tree by phylogenetic likelihood library (PLL)... 0.018 seconds
Measuring multi-threading efficiency up to 2 CPU cores
Increase to 10 rounds for branch lengths
3 trees examined
Threads: 1 / Time: 2.460 sec / Speedup: 1.000 / Efficiency: 100% / LogL: -49591
Threads: 2 / Time: 1.279 sec / Speedup: 1.924 / Efficiency: 96% / LogL: -49591
BEST NUMBER OF THREADS: 2

Perform fast likelihood tree search using LG+I+G model...
Estimate model parameters (epsilon = 5.000)
Perform nearest neighbor interchange...
Estimate model parameters (epsilon = 1.000)
1. Initial log-likelihood: -36958.227
Optimal log-likelihood: -36957.869
Proportion of invariable sites: 0.021
Gamma shape alpha: 1.788
Parameters optimization took 1 rounds (0.293 sec)
Time for fast ML tree search: 2.032 seconds

NOTE: ModelFinder requires 23 MB RAM!
ModelFinder will test up to 24 protein models (sample size: 629) ...
 No. Model         -LnL         df  AIC          AICc         BIC
  1  LG            38031.911    101 76265.822    76304.918    76714.679
  2  LG+I          37886.380    102 75976.760    76016.707    76430.061
  3  LG+G4         36981.579    102 74167.158    74207.105    74620.460
  4  LG+I+G4       36957.870    103 74121.740    74162.548    74579.486
  8  LG+F+I+G4     36868.024    122 73980.049    74039.361    74522.233
 12  WAG+I+G4      37099.256    103 74404.512    74445.319    74862.257
 16  WAG+F+I+G4    36985.446    122 74214.892    74274.205    74757.077
 20  JTT+I+G4      37142.315    103 74490.630    74531.437    74948.375
 24  JTT+F+I+G4    37005.381    122 74254.762    74314.075    74796.946
Akaike Information Criterion:           LG+F+I+G4
Corrected Akaike Information Criterion: LG+F+I+G4
Bayesian Information Criterion:         LG+F+I+G4
Best-fit model: LG+F+I+G4 chosen according to BIC

All model information printed to results_broccoli_meto/alignments/OG_4269.iqtree.model.gz
CPU time for ModelFinder: 19.422 seconds (0h:0m:19s)
Wall-clock time for ModelFinder: 11.060 seconds (0h:0m:11s)
Generating 1000 samples for ultrafast bootstrap (seed: 611474)...

NOTE: 23 MB RAM (0 GB) is required!
Estimate model parameters (epsilon = 0.100)
Thoroughly optimizing +I+G parameters from 10 start values...
Init pinv, alpha: 0.000, 1.705 / Estimate: 0.021, 1.702 / LogL: -36868.025
Init pinv, alpha: 0.003, 1.705 / Estimate: 0.021, 1.701 / LogL: -36868.024
Init pinv, alpha: 0.006, 1.705 / Estimate: 0.021, 1.706 / LogL: -36868.027
Init pinv, alpha: 0.008, 1.705 / Estimate: 0.021, 1.705 / LogL: -36868.024
Init pinv, alpha: 0.011, 1.705 / Estimate: 0.021, 1.704 / LogL: -36868.023
Init pinv, alpha: 0.014, 1.705 / Estimate: 0.021, 1.704 / LogL: -36868.025
Init pinv, alpha: 0.017, 1.705 / Estimate: 0.021, 1.704 / LogL: -36868.022
Init pinv, alpha: 0.020, 1.705 / Estimate: 0.021, 1.702 / LogL: -36868.022
Init pinv, alpha: 0.023, 1.705 / Estimate: 0.021, 1.703 / LogL: -36868.020
Init pinv, alpha: 0.025, 1.705 / Estimate: 0.021, 1.700 / LogL: -36868.020
Optimal pinv,alpha: 0.021, 1.700 / LogL: -36868.020

Parameters optimization took 4.544 sec
Computing ML distances based on estimated model parameters...
Computing ML distances took 0.182620 sec (of wall-clock time) 0.364706 sec(of CPU time)
Computing RapidNJ tree took 0.001009 sec (of wall-clock time) 0.000750 sec (of CPU time)
Log-likelihood of RapidNJ tree: -36987.456
--------------------------------------------------------------------
|             INITIALIZING CANDIDATE TREE SET                      |
--------------------------------------------------------------------
Generating 98 parsimony trees... 2.013 second
Computing log-likelihood of 98 initial trees ... 4.942 seconds
Current best score: -36868.020

Do NNI search on 20 best initial trees
Estimate model parameters (epsilon = 0.100)
BETTER TREE FOUND at iteration 1: -36867.018
Estimate model parameters (epsilon = 0.100)
BETTER TREE FOUND at iteration 2: -36863.906
Iteration 10 / LogL: -36867.605 / Time: 0h:0m:20s
Iteration 20 / LogL: -36867.013 / Time: 0h:0m:28s
Finish initializing candidate tree set (6)
Current best tree score: -36863.906 / CPU time: 23.306
Number of iterations: 20
--------------------------------------------------------------------
|               OPTIMIZING CANDIDATE TREE SET                      |
--------------------------------------------------------------------
Iteration 30 / LogL: -36866.823 / Time: 0h:0m:40s (0h:4m:1s left)
Iteration 40 / LogL: -36865.132 / Time: 0h:0m:51s (0h:3m:34s left)
Iteration 50 / LogL: -36864.987 / Time: 0h:1m:2s (0h:3m:13s left)
Log-likelihood cutoff on original alignment: -36903.899
UPDATE BEST LOG-LIKELIHOOD: -36863.905
Iteration 60 / LogL: -36864.291 / Time: 0h:1m:13s (0h:2m:57s left)
Iteration 70 / LogL: -36868.513 / Time: 0h:1m:25s (0h:2m:43s left)
Iteration 80 / LogL: -36865.701 / Time: 0h:1m:35s (0h:2m:27s left)
Iteration 90 / LogL: -36865.955 / Time: 0h:1m:46s (0h:2m:13s left)
Iteration 100 / LogL: -36866.801 / Time: 0h:1m:57s (0h:2m:0s left)
Log-likelihood cutoff on original alignment: -36903.899
NOTE: Bootstrap correlation coefficient of split occurrence frequencies: 0.999
Iteration 110 / LogL: -36863.925 / Time: 0h:2m:8s (0h:1m:48s left)
UPDATE BEST LOG-LIKELIHOOD: -36863.902
Iteration 120 / LogL: -36868.466 / Time: 0h:2m:20s (0h:1m:36s left)
Iteration 130 / LogL: -36869.217 / Time: 0h:2m:31s (0h:1m:24s left)
Iteration 140 / LogL: -36865.247 / Time: 0h:2m:41s (0h:1m:11s left)
Iteration 150 / LogL: -36865.575 / Time: 0h:2m:51s (0h:1m:0s left)
Log-likelihood cutoff on original alignment: -36903.899
Iteration 160 / LogL: -36863.931 / Time: 0h:3m:3s (0h:0m:48s left)
Iteration 170 / LogL: -36865.934 / Time: 0h:3m:14s (0h:0m:36s left)
Iteration 180 / LogL: -36863.931 / Time: 0h:3m:25s (0h:0m:25s left)
Iteration 190 / LogL: -36865.156 / Time: 0h:3m:36s (0h:0m:13s left)
Iteration 200 / LogL: -36863.941 / Time: 0h:3m:47s (0h:0m:2s left)
Log-likelihood cutoff on original alignment: -36903.899
NOTE: Bootstrap correlation coefficient of split occurrence frequencies: 1.000
TREE SEARCH COMPLETED AFTER 203 ITERATIONS / Time: 0h:3m:51s

--------------------------------------------------------------------
|                    FINALIZING TREE SEARCH                        |
--------------------------------------------------------------------
Performs final model parameters optimization
Estimate model parameters (epsilon = 0.010)
1. Initial log-likelihood: -36863.902
Optimal log-likelihood: -36863.892
Proportion of invariable sites: 0.021
Gamma shape alpha: 1.686
Parameters optimization took 1 rounds (0.168 sec)
BEST SCORE FOUND : -36863.892
Creating bootstrap support values...
Split supports printed to NEXUS file results_broccoli_meto/alignments/OG_4269.iqtree.splits.nex
Total tree length: 28.433

Total number of iterations: 203
CPU time used for tree search: 448.190 sec (0h:7m:28s)
Wall-clock time used for tree search: 225.691 sec (0h:3m:45s)
Total CPU time used: 459.207 sec (0h:7m:39s)
Total wall-clock time used: 231.403 sec (0h:3m:51s)

Computing bootstrap consensus tree...
Reading input file results_broccoli_meto/alignments/OG_4269.iqtree.splits.nex...
52 taxa and 221 splits.
Consensus tree written to results_broccoli_meto/alignments/OG_4269.iqtree.contree
Reading input trees file results_broccoli_meto/alignments/OG_4269.iqtree.contree
Log-likelihood of consensus tree: -36863.892

Analysis results written to: 
  IQ-TREE report:                results_broccoli_meto/alignments/OG_4269.iqtree.iqtree
  Maximum-likelihood tree:       results_broccoli_meto/alignments/OG_4269.iqtree.treefile
  Likelihood distances:          results_broccoli_meto/alignments/OG_4269.iqtree.mldist

Ultrafast bootstrap approximation results written to:
  Split support values:          results_broccoli_meto/alignments/OG_4269.iqtree.splits.nex
  Consensus tree:                results_broccoli_meto/alignments/OG_4269.iqtree.contree
  Screen log file:               results_broccoli_meto/alignments/OG_4269.iqtree.log

Date and Time: Fri Dec 16 17:47:41 2022
