IQ-TREE multicore version 2.1.0 for Linux 64-bit built Jul 18 2020
Developed by Bui Quang Minh, James Barbetti, Nguyen Lam Tung,
Olga Chernomor, Heiko Schmidt, Dominik Schrempf, Michael Woodhams.

Host:    node-hp0209.linux.crg.es (AVX, 125 GB RAM)
Command: /users/asebe/xgraubove/Programes/iqtree-2.1.0-Linux/bin/iqtree2 -s results_broccoli_meto/alignments/OG_5777.lt.fasta -m TEST -mset LG,WAG,JTT -nt AUTO -ntmax 2 -bb 1000 -pre results_broccoli_meto/alignments/OG_5777.iqtree -nm 10000 -nstop 200 -cptime 1800
Seed:    834014 (Using SPRNG - Scalable Parallel Random Number Generator)
Time:    Fri Dec 16 18:28:42 2022
Kernel:  AVX - auto-detect threads (2 CPU cores detected)

Reading alignment file results_broccoli_meto/alignments/OG_5777.lt.fasta ... Fasta format detected
Alignment most likely contains protein sequences
Alignment has 33 sequences with 181 columns, 181 distinct patterns
179 parsimony-informative, 0 singleton sites, 2 constant sites
                                                                  Gap/Ambiguity  Composition  p-value
   1  Exapal_XM_021059390.2                                               8.84%    passed     69.36%
   2  Nvec_NVE8016                                                       13.81%    passed     42.98%
   3  Adig_XM_015914776.1                                                 3.87%    passed     98.91%
   4  Amil_Amillepora08464-RA                                             3.31%    passed     99.65%
   5  Gfas_gfas1.m1.1830.m1                                               3.31%    passed     87.92%
   6  Fspp_ffun1.m4.33786.m1                                             63.54%    passed     55.34%
   7  Gasp_gasp1.m3.26192.m1                                              0.00%    passed     98.26%
   8  Spis_XP_022807597_1                                                 0.55%    passed     99.75%
   9  Pocdam_XM_027204123.1                                               0.55%    passed     99.77%
  10  Plespi_Pspi_C584674_01                                              8.84%    passed     72.66%
  11  Morvir_scaffold635.g2.t1                                           15.47%    passed     88.38%
  12  Aaur_scaffold395.g7.t1                                              8.84%    passed     68.86%
  13  Nemnom_g2492.t1                                                     9.39%    passed     83.67%
  14  Rhoesc_Res_000514-T1                                                9.39%    passed     89.58%
  15  Sanmal_Sma_010710-T1                                               69.61%    passed     73.29%
  16  Emue_Em0022g128a.t1                                                 7.73%    passed     97.55%
  17  Spolac_c87624_g1_i1_m.4364c87624-g1NA                               8.29%    passed     99.77%
  18  Dgig_XM_028545697.1                                                11.60%    passed     82.95%
  19  Xesp_014436-T1                                                     12.15%    passed     93.05%
  20  Tetwil_g3278.t1                                                     8.29%    passed     46.38%
  21  Stycar_augustus_masked-SC_scaffold3072-processed-gene-0.2-mRNA-1   12.71%    passed     81.69%
  22  Plajan_Pjan_C530717_01                                             14.92%    passed     99.43%
  23  Opea_EP00118_Oscarella_pearsei_P025857                              7.18%    passed     65.00%
  24  Tadh_TriadT64407                                                   19.34%    passed     66.34%
  25  TrH2_TrispH2_010698-RA                                             18.23%    passed     78.96%
  26  Hhon_g10816.t1                                                     20.44%    passed     62.00%
  27  HoiH04_mRNA7946                                                    20.44%    passed     62.00%
  28  HoiH23_PlH23_009448-RA                                             19.89%    passed     98.11%
  29  Aque_Aqu2.1.26825_001                                              11.05%    passed     37.30%
  30  Hvul_g31346_1                                                      39.23%    passed     32.70%
  31  Scil_scict007607.1                                                 11.60%    passed      8.04%
  32  Lcom_lcpid125170                                                   12.71%    passed     80.94%
  33  Clacor_Ccor_scaffold12619_01                                       18.78%    passed     13.62%
WARNING: 2 sequences contain more than 50% gaps/ambiguity
****  TOTAL                                                              14.97%  0 sequences failed composition chi2 test (p-value<5%; df=19)
NOTE: HoiH04_mRNA7946 is identical to Hhon_g10816.t1 but kept for subsequent analysis


Create initial parsimony tree by phylogenetic likelihood library (PLL)... 0.008 seconds
Measuring multi-threading efficiency up to 2 CPU cores
Increase to 10 rounds for branch lengths
13 trees examined
Threads: 1 / Time: 2.074 sec / Speedup: 1.000 / Efficiency: 100% / LogL: -10680
Threads: 2 / Time: 2.148 sec / Speedup: 0.965 / Efficiency: 48% / LogL: -10680
BEST NUMBER OF THREADS: 1

Perform fast likelihood tree search using LG+I+G model...
Estimate model parameters (epsilon = 5.000)
Perform nearest neighbor interchange...
Estimate model parameters (epsilon = 1.000)
1. Initial log-likelihood: -8420.253
Optimal log-likelihood: -8420.108
Proportion of invariable sites: 0.007
Gamma shape alpha: 2.076
Parameters optimization took 1 rounds (0.055 sec)
Time for fast ML tree search: 0.636 seconds

NOTE: ModelFinder requires 4 MB RAM!
ModelFinder will test up to 24 protein models (sample size: 181) ...
 No. Model         -LnL         df  AIC          AICc         BIC
  1  LG            8570.356     63  17266.712    17335.635    17468.218
  2  LG+I          8561.494     64  17250.988    17322.712    17455.692
  3  LG+G4         8420.855     64  16969.710    17041.435    17174.414
  4  LG+I+G4       8420.092     65  16970.184    17044.793    17178.086
  7  LG+F+G4       8428.519     83  17023.038    17166.791    17288.513
  8  LG+F+I+G4     8427.727     84  17023.455    17172.205    17292.128
 11  WAG+G4        8447.569     64  17023.138    17094.862    17227.842
 12  WAG+I+G4      8445.860     65  17021.721    17096.329    17229.623
 15  WAG+F+G4      8456.604     83  17079.208    17222.961    17344.683
 16  WAG+F+I+G4    8455.045     84  17078.089    17226.839    17346.763
 19  JTT+G4        8442.396     64  17012.792    17084.516    17217.496
 20  JTT+I+G4      8438.490     65  17006.980    17081.588    17214.882
 23  JTT+F+G4      8437.284     83  17040.569    17184.321    17306.044
 24  JTT+F+I+G4    8433.715     84  17035.430    17184.180    17304.103
Akaike Information Criterion:           LG+G4
Corrected Akaike Information Criterion: LG+G4
Bayesian Information Criterion:         LG+G4
Best-fit model: LG+G4 chosen according to BIC

All model information printed to results_broccoli_meto/alignments/OG_5777.iqtree.model.gz
CPU time for ModelFinder: 10.012 seconds (0h:0m:10s)
Wall-clock time for ModelFinder: 7.615 seconds (0h:0m:7s)
Generating 1000 samples for ultrafast bootstrap (seed: 834014)...

NOTE: 4 MB RAM (0 GB) is required!
Estimate model parameters (epsilon = 0.100)
1. Initial log-likelihood: -8420.855
Optimal log-likelihood: -8420.855
Gamma shape alpha: 1.978
Parameters optimization took 1 rounds (0.051 sec)
Computing ML distances based on estimated model parameters...
Computing ML distances took 0.149068 sec (of wall-clock time) 0.147368 sec(of CPU time)
Computing RapidNJ tree took 0.000152 sec (of wall-clock time) 0.000167 sec (of CPU time)
Log-likelihood of RapidNJ tree: -8452.556
--------------------------------------------------------------------
|             INITIALIZING CANDIDATE TREE SET                      |
--------------------------------------------------------------------
Generating 98 parsimony trees... 0.523 second
Computing log-likelihood of 98 initial trees ... 1.824 seconds
Current best score: -8420.855

Do NNI search on 20 best initial trees
Estimate model parameters (epsilon = 0.100)
BETTER TREE FOUND at iteration 1: -8420.855
Estimate model parameters (epsilon = 0.100)
BETTER TREE FOUND at iteration 2: -8420.213
Estimate model parameters (epsilon = 0.100)
BETTER TREE FOUND at iteration 4: -8418.673
Iteration 10 / LogL: -8423.873 / Time: 0h:0m:6s
Estimate model parameters (epsilon = 0.100)
BETTER TREE FOUND at iteration 18: -8418.618
Iteration 20 / LogL: -8426.655 / Time: 0h:0m:10s
Finish initializing candidate tree set (17)
Current best tree score: -8418.618 / CPU time: 9.551
Number of iterations: 20
--------------------------------------------------------------------
|               OPTIMIZING CANDIDATE TREE SET                      |
--------------------------------------------------------------------
Estimate model parameters (epsilon = 0.100)
BETTER TREE FOUND at iteration 23: -8417.952
Iteration 30 / LogL: -8418.716 / Time: 0h:0m:14s (0h:1m:34s left)
Estimate model parameters (epsilon = 0.100)
BETTER TREE FOUND at iteration 37: -8416.965
Iteration 40 / LogL: -8418.830 / Time: 0h:0m:18s (0h:1m:31s left)
Iteration 50 / LogL: -8417.461 / Time: 0h:0m:22s (0h:1m:24s left)
Log-likelihood cutoff on original alignment: -8448.560
Iteration 60 / LogL: -8419.158 / Time: 0h:0m:26s (0h:1m:18s left)
Iteration 70 / LogL: -8417.485 / Time: 0h:0m:29s (0h:1m:12s left)
Iteration 80 / LogL: -8417.029 / Time: 0h:0m:33s (0h:1m:6s left)
Iteration 90 / LogL: -8418.880 / Time: 0h:0m:36s (0h:1m:0s left)
Iteration 100 / LogL: -8420.473 / Time: 0h:0m:40s (0h:0m:55s left)
Log-likelihood cutoff on original alignment: -8448.457
NOTE: Bootstrap correlation coefficient of split occurrence frequencies: 0.999
Iteration 110 / LogL: -8418.081 / Time: 0h:0m:43s (0h:0m:50s left)
Iteration 120 / LogL: -8417.125 / Time: 0h:0m:47s (0h:0m:46s left)
Iteration 130 / LogL: -8416.987 / Time: 0h:0m:50s (0h:0m:42s left)
Iteration 140 / LogL: -8418.015 / Time: 0h:0m:54s (0h:0m:37s left)
Iteration 150 / LogL: -8416.968 / Time: 0h:0m:58s (0h:0m:34s left)
Log-likelihood cutoff on original alignment: -8448.457
Iteration 160 / LogL: -8416.993 / Time: 0h:1m:2s (0h:0m:30s left)
Iteration 170 / LogL: -8419.143 / Time: 0h:1m:6s (0h:0m:26s left)
Iteration 180 / LogL: -8417.873 / Time: 0h:1m:10s (0h:0m:22s left)
Iteration 190 / LogL: -8417.001 / Time: 0h:1m:13s (0h:0m:18s left)
Iteration 200 / LogL: -8419.336 / Time: 0h:1m:16s (0h:0m:14s left)
Log-likelihood cutoff on original alignment: -8448.457
NOTE: Bootstrap correlation coefficient of split occurrence frequencies: 0.999
Iteration 210 / LogL: -8419.399 / Time: 0h:1m:20s (0h:0m:34s left)
Iteration 220 / LogL: -8416.970 / Time: 0h:1m:24s (0h:0m:30s left)
UPDATE BEST LOG-LIKELIHOOD: -8416.965
UPDATE BEST LOG-LIKELIHOOD: -8416.962
Iteration 230 / LogL: -8421.083 / Time: 0h:1m:28s (0h:0m:27s left)
TREE SEARCH COMPLETED AFTER 238 ITERATIONS / Time: 0h:1m:32s

--------------------------------------------------------------------
|                    FINALIZING TREE SEARCH                        |
--------------------------------------------------------------------
Performs final model parameters optimization
Estimate model parameters (epsilon = 0.010)
1. Initial log-likelihood: -8416.962
Optimal log-likelihood: -8416.954
Gamma shape alpha: 2.023
Parameters optimization took 1 rounds (0.057 sec)
BEST SCORE FOUND : -8416.954
Creating bootstrap support values...
Split supports printed to NEXUS file results_broccoli_meto/alignments/OG_5777.iqtree.splits.nex
Total tree length: 26.646

Total number of iterations: 238
CPU time used for tree search: 91.114 sec (0h:1m:31s)
Wall-clock time used for tree search: 91.472 sec (0h:1m:31s)
Total CPU time used: 91.811 sec (0h:1m:31s)
Total wall-clock time used: 92.320 sec (0h:1m:32s)

Computing bootstrap consensus tree...
Reading input file results_broccoli_meto/alignments/OG_5777.iqtree.splits.nex...
33 taxa and 353 splits.
Consensus tree written to results_broccoli_meto/alignments/OG_5777.iqtree.contree
Reading input trees file results_broccoli_meto/alignments/OG_5777.iqtree.contree
Log-likelihood of consensus tree: -8416.954

Analysis results written to: 
  IQ-TREE report:                results_broccoli_meto/alignments/OG_5777.iqtree.iqtree
  Maximum-likelihood tree:       results_broccoli_meto/alignments/OG_5777.iqtree.treefile
  Likelihood distances:          results_broccoli_meto/alignments/OG_5777.iqtree.mldist

Ultrafast bootstrap approximation results written to:
  Split support values:          results_broccoli_meto/alignments/OG_5777.iqtree.splits.nex
  Consensus tree:                results_broccoli_meto/alignments/OG_5777.iqtree.contree
  Screen log file:               results_broccoli_meto/alignments/OG_5777.iqtree.log

Date and Time: Fri Dec 16 18:30:23 2022
