IQ-TREE multicore version 2.1.0 for Linux 64-bit built Jul 18 2020
Developed by Bui Quang Minh, James Barbetti, Nguyen Lam Tung,
Olga Chernomor, Heiko Schmidt, Dominik Schrempf, Michael Woodhams.

Host:    node-hp0412.linux.crg.es (AVX, 125 GB RAM)
Command: /users/asebe/xgraubove/Programes/iqtree-2.1.0-Linux/bin/iqtree2 -s results_broccoli_meto/alignments/OG_5885.lt.fasta -m TEST -mset LG,WAG,JTT -nt AUTO -ntmax 2 -bb 1000 -pre results_broccoli_meto/alignments/OG_5885.iqtree -nm 10000 -nstop 200 -cptime 1800
Seed:    171055 (Using SPRNG - Scalable Parallel Random Number Generator)
Time:    Fri Dec 16 18:33:12 2022
Kernel:  AVX - auto-detect threads (2 CPU cores detected)

Reading alignment file results_broccoli_meto/alignments/OG_5885.lt.fasta ... Fasta format detected
Alignment most likely contains protein sequences
Alignment has 60 sequences with 885 columns, 884 distinct patterns
871 parsimony-informative, 0 singleton sites, 14 constant sites
                                                    Gap/Ambiguity  Composition  p-value
   1  Hsap_ENST00000346134                                  4.75%    passed     98.04%
   2  Skow_XM_006822344.1                                  74.46%    passed     23.32%
   3  Bralan_BLAG06000145_1                                 4.97%    passed     96.17%
   4  Acagra_model.g13698.t1                                4.07%    passed     96.13%
   5  Spur_XM_030981107.1                                   3.73%    passed     46.04%
   6  Cgig_XM_034448190.1                                   4.18%    passed     94.42%
   7  Ctel_gnl_WGS_AMQN_CAPTEDRAFT_mRNA229168               5.08%    passed     97.80%
   8  Exapal_XM_021055539.2                                 2.26%    passed     99.98%
   9  Nvec_v1g228848                                        7.23%    passed     97.80%
  10  Adig_XM_015892621.1                                  21.02%    passed     83.85%
  11  Amil_Amillepora07304-RA                               8.25%    passed     99.82%
  12  Fspp_ffun1.m4.28636.m1                               22.94%    passed     84.79%
  13  Gasp_gasp1.m3.839.m1                                  3.50%    passed     95.32%
  14  Spis_XP_022794018_1                                   9.60%    passed     83.06%
  15  Pocdam_XM_027199006.1                                 2.37%    passed     98.17%
  16  Gfas_gfas1.m1.16767.m1                                7.68%    passed     98.14%
  17  Dgig_XM_028561083.1                                   3.84%    passed     76.37%
  18  Xesp_014678-T1                                        4.07%    passed     54.83%
  19  Tadh_TriadT25724                                      4.52%    passed     41.85%
  20  TrH2_TrispH2_005510-RA                               57.97%    passed     29.55%
  21  HoiH06_mRNA2744                                       4.07%    passed     93.31%
  22  HoiH23_PlH23_006773-RA                               11.53%    passed     71.41%
  23  Hhon_g10316.t1                                        4.52%    passed     89.49%
  24  HoiH04_mRNA9690                                       4.52%    passed     83.64%
  25  HoiH11_mRNA8780                                      11.19%    passed     67.75%
  26  Ocar_g10541                                          88.81%    passed     70.18%
  27  Opea_EP00118_Oscarella_pearsei_P023083                4.07%    passed     19.62%
  28  Plajan_Pjan_C570044_01                                4.52%    passed      9.48%
  29  Dpul_mRNA10538                                        7.34%    passed     61.79%
  30  Hvul_g18904_1                                        46.55%    passed     61.26%
  31  Chem_TCONS_00068844                                   4.52%    passed     68.89%
  32  Aaur_scaffold3576.g2.t1                              83.73%    passed     77.04%
  33  Nemnom_g8011.t1                                       4.29%    passed     24.90%
  34  Rhoesc_Res_000915-T1                                  9.38%    passed     33.99%
  35  Sanmal_Sma_010975-T1                                  7.34%    passed     96.55%
  36  Morvir_scaffold24.g4.t1                               8.70%    passed     73.56%
  37  Lcom_lcpid19073                                       6.78%    passed     62.85%
  38  Leuniv_Lniv_C814812_01                                6.55%    passed     63.17%
  39  Gracom_Gcom_C559474_01                                6.33%    passed     34.29%
  40  Clacor_Ccor_C532831_01                               58.87%    passed     10.28%
  41  Aque_Aqu2.1.37711_001                                 4.29%    passed     74.93%
  42  Halamb_c55569_g1_i1m.41141                            3.28%    passed     51.03%
  43  Xestes_maker-XT_scaffold5605-snap-gene-0.23-mRNA-1    3.95%    passed     37.36%
  44  Tetwil_g10455.t1                                     49.72%    failed      4.09%
  45  Emue_Em0005g1505a.t1                                 28.36%    passed     59.92%
  46  Spolac_c103914_g1_i1_m.36982c103914-g1                7.23%    passed     70.50%
  47  Stycar_maker-SC_scaffold2816-snap-gene-0.10-mRNA-1   41.02%    failed      0.08%
  48  Tcas_TC001107_001                                    20.11%    passed     47.46%
  49  Bolinf_Binf_sb1191301                                47.57%    passed     49.45%
  50  Mertsp_Mesp_sb557202                                 74.69%    passed     13.97%
  51  Lampan_Lpan_14566_01                                  9.60%    passed     58.22%
  52  Vmul_SimC406262                                       8.81%    passed     59.49%
  53  Beraby_Baby_sb330408                                 51.98%    passed     27.48%
  54  Mlei_ML1411.g4.i1                                     7.80%    passed     40.11%
  55  Drygla_Dgla_sb293740                                 24.07%    passed     15.51%
  56  Coeast_Cast_sb783928                                 47.68%    passed     29.38%
  57  Coemet_Cmet_scaffold17468_01                          8.25%    passed      8.84%
  58  Pbac_sb2666726                                       15.48%    passed     47.57%
  59  Horcal_Hcv1.av93.c5.g1285.i1                          9.38%    passed     70.61%
  60  Plespi_Pspi_scaffold5455_01                          58.98%    passed     47.19%
WARNING: 8 sequences contain more than 50% gaps/ambiguity
****  TOTAL                                                19.37%  2 sequences failed composition chi2 test (p-value<5%; df=19)


Create initial parsimony tree by phylogenetic likelihood library (PLL)... 0.031 seconds
Measuring multi-threading efficiency up to 2 CPU cores
Increase to 10 rounds for branch lengths
2 trees examined
Threads: 1 / Time: 2.745 sec / Speedup: 1.000 / Efficiency: 100% / LogL: -77269
Threads: 2 / Time: 1.419 sec / Speedup: 1.934 / Efficiency: 97% / LogL: -77269
BEST NUMBER OF THREADS: 2

Perform fast likelihood tree search using LG+I+G model...
Estimate model parameters (epsilon = 5.000)
Perform nearest neighbor interchange...
Estimate model parameters (epsilon = 1.000)
1. Initial log-likelihood: -53554.293
Optimal log-likelihood: -53554.121
Proportion of invariable sites: 0.012
Gamma shape alpha: 1.915
Parameters optimization took 1 rounds (0.261 sec)
Time for fast ML tree search: 2.502 seconds

NOTE: ModelFinder requires 36 MB RAM!
ModelFinder will test up to 24 protein models (sample size: 885) ...
 No. Model         -LnL         df  AIC          AICc         BIC
  1  LG            55014.950    117 110263.901   110299.901   110823.814
  2  LG+I          54897.866    118 110031.732   110068.396   110596.432
  3  LG+G4         53568.953    118 107373.906   107410.569   107938.605
  4  LG+I+G4       53554.086    119 107346.172   107383.505   107915.656
  8  LG+F+I+G4     53604.764    138 107485.528   107536.955   108145.939
 12  WAG+I+G4      53864.160    119 107966.321   108003.654   108535.806
 16  WAG+F+I+G4    54003.907    138 108283.814   108335.240   108944.225
 20  JTT+I+G4      53633.536    119 107505.072   107542.405   108074.557
 24  JTT+F+I+G4    53520.806    138 107317.612   107369.038   107978.023
Akaike Information Criterion:           JTT+F+I+G4
Corrected Akaike Information Criterion: JTT+F+I+G4
Bayesian Information Criterion:         LG+I+G4
Best-fit model: LG+I+G4 chosen according to BIC

All model information printed to results_broccoli_meto/alignments/OG_5885.iqtree.model.gz
CPU time for ModelFinder: 24.711 seconds (0h:0m:24s)
Wall-clock time for ModelFinder: 13.945 seconds (0h:0m:13s)
Generating 1000 samples for ultrafast bootstrap (seed: 171055)...

NOTE: 36 MB RAM (0 GB) is required!
Estimate model parameters (epsilon = 0.100)
Thoroughly optimizing +I+G parameters from 10 start values...
Init pinv, alpha: 0.000, 1.915 / Estimate: 0.012, 1.915 / LogL: -53554.086
Init pinv, alpha: 0.002, 1.915 / Estimate: 0.012, 1.913 / LogL: -53554.086
Init pinv, alpha: 0.004, 1.915 / Estimate: 0.012, 1.912 / LogL: -53554.088
Init pinv, alpha: 0.005, 1.915 / Estimate: 0.012, 1.915 / LogL: -53554.086
Init pinv, alpha: 0.007, 1.915 / Estimate: 0.012, 1.911 / LogL: -53554.089
Init pinv, alpha: 0.009, 1.915 / Estimate: 0.012, 1.912 / LogL: -53554.086
Init pinv, alpha: 0.011, 1.915 / Estimate: 0.012, 1.913 / LogL: -53554.088
Init pinv, alpha: 0.012, 1.915 / Estimate: 0.012, 1.915 / LogL: -53554.085
Init pinv, alpha: 0.014, 1.915 / Estimate: 0.012, 1.915 / LogL: -53554.085
Init pinv, alpha: 0.016, 1.915 / Estimate: 0.012, 1.915 / LogL: -53554.086
Optimal pinv,alpha: 0.012, 1.915 / LogL: -53554.085

Parameters optimization took 7.423 sec
Computing ML distances based on estimated model parameters...
Computing ML distances took 0.249076 sec (of wall-clock time) 0.496833 sec(of CPU time)
WARNING: Some pairwise ML distances are too long (saturated)
Computing RapidNJ tree took 0.000774 sec (of wall-clock time) 0.001524 sec (of CPU time)
Log-likelihood of RapidNJ tree: -53897.545
--------------------------------------------------------------------
|             INITIALIZING CANDIDATE TREE SET                      |
--------------------------------------------------------------------
Generating 98 parsimony trees... 3.543 second
Computing log-likelihood of 98 initial trees ... 8.268 seconds
Current best score: -53554.085

Do NNI search on 20 best initial trees
Estimate model parameters (epsilon = 0.100)
BETTER TREE FOUND at iteration 1: -53554.085
Estimate model parameters (epsilon = 0.100)
BETTER TREE FOUND at iteration 2: -53551.247
Estimate model parameters (epsilon = 0.100)
BETTER TREE FOUND at iteration 3: -53550.237
Iteration 10 / LogL: -53551.407 / Time: 0h:0m:32s
Iteration 20 / LogL: -53551.109 / Time: 0h:0m:43s
Finish initializing candidate tree set (4)
Current best tree score: -53550.237 / CPU time: 34.957
Number of iterations: 20
--------------------------------------------------------------------
|               OPTIMIZING CANDIDATE TREE SET                      |
--------------------------------------------------------------------
Iteration 30 / LogL: -53551.296 / Time: 0h:1m:1s (0h:6m:4s left)
Iteration 40 / LogL: -53551.281 / Time: 0h:1m:20s (0h:5m:34s left)
Iteration 50 / LogL: -53554.688 / Time: 0h:1m:38s (0h:5m:6s left)
Log-likelihood cutoff on original alignment: -53583.822
Iteration 60 / LogL: -53552.162 / Time: 0h:1m:55s (0h:4m:39s left)
Iteration 70 / LogL: -53552.304 / Time: 0h:2m:12s (0h:4m:15s left)
Iteration 80 / LogL: -53551.009 / Time: 0h:2m:29s (0h:3m:53s left)
Iteration 90 / LogL: -53550.495 / Time: 0h:2m:48s (0h:3m:33s left)
Iteration 100 / LogL: -53551.269 / Time: 0h:3m:7s (0h:3m:14s left)
Log-likelihood cutoff on original alignment: -53583.822
NOTE: Bootstrap correlation coefficient of split occurrence frequencies: 0.999
Iteration 110 / LogL: -53551.364 / Time: 0h:3m:25s (0h:2m:55s left)
Iteration 120 / LogL: -53553.396 / Time: 0h:3m:42s (0h:2m:34s left)
Iteration 130 / LogL: -53551.886 / Time: 0h:3m:58s (0h:2m:15s left)
Iteration 140 / LogL: -53551.270 / Time: 0h:4m:18s (0h:1m:56s left)
Iteration 150 / LogL: -53551.320 / Time: 0h:4m:36s (0h:1m:38s left)
Log-likelihood cutoff on original alignment: -53583.822
UPDATE BEST LOG-LIKELIHOOD: -53550.235
Iteration 160 / LogL: -53550.235 / Time: 0h:4m:57s (0h:1m:20s left)
Iteration 170 / LogL: -53551.305 / Time: 0h:5m:15s (0h:1m:1s left)
Iteration 180 / LogL: -53550.673 / Time: 0h:5m:32s (0h:0m:42s left)
Iteration 190 / LogL: -53554.036 / Time: 0h:5m:49s (0h:0m:24s left)
Iteration 200 / LogL: -53551.528 / Time: 0h:6m:7s (0h:0m:5s left)
Log-likelihood cutoff on original alignment: -53583.822
NOTE: Bootstrap correlation coefficient of split occurrence frequencies: 1.000
TREE SEARCH COMPLETED AFTER 204 ITERATIONS / Time: 0h:6m:14s

--------------------------------------------------------------------
|                    FINALIZING TREE SEARCH                        |
--------------------------------------------------------------------
Performs final model parameters optimization
Estimate model parameters (epsilon = 0.010)
1. Initial log-likelihood: -53550.235
Optimal log-likelihood: -53550.233
Proportion of invariable sites: 0.012
Gamma shape alpha: 1.915
Parameters optimization took 1 rounds (0.261 sec)
BEST SCORE FOUND : -53550.233
Creating bootstrap support values...
Split supports printed to NEXUS file results_broccoli_meto/alignments/OG_5885.iqtree.splits.nex
Total tree length: 23.492

Total number of iterations: 204
CPU time used for tree search: 725.181 sec (0h:12m:5s)
Wall-clock time used for tree search: 365.491 sec (0h:6m:5s)
Total CPU time used: 742.808 sec (0h:12m:22s)
Total wall-clock time used: 374.489 sec (0h:6m:14s)

Computing bootstrap consensus tree...
Reading input file results_broccoli_meto/alignments/OG_5885.iqtree.splits.nex...
60 taxa and 199 splits.
Consensus tree written to results_broccoli_meto/alignments/OG_5885.iqtree.contree
Reading input trees file results_broccoli_meto/alignments/OG_5885.iqtree.contree
Log-likelihood of consensus tree: -53551.244

Analysis results written to: 
  IQ-TREE report:                results_broccoli_meto/alignments/OG_5885.iqtree.iqtree
  Maximum-likelihood tree:       results_broccoli_meto/alignments/OG_5885.iqtree.treefile
  Likelihood distances:          results_broccoli_meto/alignments/OG_5885.iqtree.mldist

Ultrafast bootstrap approximation results written to:
  Split support values:          results_broccoli_meto/alignments/OG_5885.iqtree.splits.nex
  Consensus tree:                results_broccoli_meto/alignments/OG_5885.iqtree.contree
  Screen log file:               results_broccoli_meto/alignments/OG_5885.iqtree.log

Date and Time: Fri Dec 16 18:39:41 2022
