IQ-TREE multicore version 2.1.0 for Linux 64-bit built Jul 18 2020
Developed by Bui Quang Minh, James Barbetti, Nguyen Lam Tung,
Olga Chernomor, Heiko Schmidt, Dominik Schrempf, Michael Woodhams.

Host:    node-hp0104.linux.crg.es (AVX, 125 GB RAM)
Command: /users/asebe/xgraubove/Programes/iqtree-2.1.0-Linux/bin/iqtree2 -s results_broccoli_meto/alignments/OG_552.lt.fasta -m TEST -mset LG,WAG,JTT -nt AUTO -ntmax 2 -bb 1000 -pre results_broccoli_meto/alignments/OG_552.iqtree -nm 10000 -nstop 200 -cptime 1800
Seed:    767928 (Using SPRNG - Scalable Parallel Random Number Generator)
Time:    Fri Dec 16 18:20:52 2022
Kernel:  AVX - auto-detect threads (2 CPU cores detected)

Reading alignment file results_broccoli_meto/alignments/OG_552.lt.fasta ... Fasta format detected
Alignment most likely contains protein sequences
Alignment has 51 sequences with 380 columns, 380 distinct patterns
366 parsimony-informative, 0 singleton sites, 13 constant sites
                                                                   Gap/Ambiguity  Composition  p-value
   1  Hsap_ENST00000265038                                                 2.37%    passed     97.64%
   2  Bralan_BLAG13000331_1                                                1.32%    passed     95.72%
   3  Skow_XM_002733610.2                                                  2.63%    passed     99.81%
   4  Spur_XM_030996017.1                                                  0.79%    passed     85.82%
   5  Adig_XM_015901442.1                                                  1.05%    passed     96.55%
   6  Gfas_gfas1.m1.3329.m1                                                1.05%    passed     98.16%
   7  Fspp_ffun1.m4.15326.m1                                              10.79%    passed     97.60%
   8  Gasp_gasp1.m3.8536.m1                                                0.26%    passed     98.20%
   9  Spis_XP_022797244_1                                                  0.53%    passed     92.67%
  10  Pocdam_XM_027192320.1                                                0.79%    passed     99.47%
  11  Aaur_scaffold153.g8.t1                                              58.68%    passed     49.36%
  12  Rhoesc_Res_016740-T1                                                 1.32%    passed     24.63%
  13  Exapal_XM_021046614.2                                                3.16%    passed     87.64%
  14  Nvec_v1g119845                                                       1.32%    passed     97.68%
  15  Plajan_Pjan_C558399_01                                               1.05%    passed     22.44%
  16  Morvir_scaffold814.g2.t1                                            55.26%    passed     30.97%
  17  Cgig_XM_011455452.3                                                  1.05%    passed     98.89%
  18  Acagra_model.g11816.t1                                               1.32%    passed     87.45%
  19  Aque_Aqu2.1.26641_001                                                5.26%    passed     12.96%
  20  Xestes_maker-XT_scaffold39981-snap-gene-0.5-mRNA-1                  66.84%    passed     28.13%
  21  Tetwil_g7113.t1                                                      1.05%    passed     13.53%
  22  Ctel_gnl_WGS_AMQN_CAPTEDRAFT_mRNA147072                              1.32%    passed     30.53%
  23  Emue_Em0011g147a.t1                                                  2.11%    failed      4.86%
  24  Spolac_c90425_g2_i1_m.6307c90425-g1                                 60.26%    passed     15.96%
  25  Opea_EP00118_Oscarella_pearsei_P013315                               2.63%    passed     44.85%
  26  Tadh_TriadT59324                                                     0.79%    passed     98.15%
  27  TrH2_TrispH2_007363-RA                                               0.79%    passed     98.15%
  28  HoiH11_mRNA9005                                                      0.53%    passed     91.97%
  29  HoiH06_mRNA10293                                                     1.58%    passed     50.44%
  30  Hhon_g06097.t1                                                       0.53%    passed     94.58%
  31  HoiH04_mRNA14462                                                     0.53%    passed     97.72%
  32  HoiH23_PlH23_010116-RA                                               0.53%    passed     83.50%
  33  Dpul_mRNA559                                                         1.05%    passed     51.96%
  34  Cscu_XM_023355057.1                                                  1.32%    passed     76.17%
  35  Lcom_lcpid108630                                                    26.05%    failed      0.90%
  36  Gracom_Gcom_C557390_01                                               0.79%    failed      1.90%
  37  Sanmal_Sma_021410-T1                                                65.53%    passed     53.13%
  38  Mlei_ML1565.g12.i1                                                   5.53%    passed     89.29%
  39  Beraby_Baby_sb330895                                                 6.84%    passed      7.03%
  40  Bolinf_Binf_sb1215313                                               23.16%    passed     83.36%
  41  Mertsp_Mesp_sb558828                                                10.00%    passed     87.58%
  42  Lampan_Lpan_C412323_01                                               6.05%    passed     62.94%
  43  Drygla_Dgla_sb310486                                                11.32%    passed     96.21%
  44  Vmul_sbMO371374                                                     42.89%    passed     11.66%
  45  Coemet_Cmet_scaffold16409_01                                         6.05%    passed     22.62%
  46  Pbac_sb2665509                                                      24.74%    passed     98.44%
  47  Horcal_Hcv1.av93.c1.g281.i3                                          7.63%    passed     98.37%
  48  Coeast_Cast_sb761259                                                54.47%    passed     87.69%
  49  Hvul_g7821_1                                                        11.58%    passed      7.05%
  50  Chem_TCONS_00063653                                                 11.05%    passed     52.04%
  51  Stycar_augustus_masked-SC_scaffold44404-processed-gene-0.7-mRNA-1   50.00%    failed      0.02%
WARNING: 6 sequences contain more than 50% gaps/ambiguity
****  TOTAL                                                               12.85%  4 sequences failed composition chi2 test (p-value<5%; df=19)
NOTE: TrH2_TrispH2_007363-RA is identical to Tadh_TriadT59324 but kept for subsequent analysis


Create initial parsimony tree by phylogenetic likelihood library (PLL)... 0.019 seconds
Measuring multi-threading efficiency up to 2 CPU cores
Increase to 10 rounds for branch lengths
4 trees examined
Threads: 1 / Time: 2.021 sec / Speedup: 1.000 / Efficiency: 100% / LogL: -30894
Threads: 2 / Time: 1.301 sec / Speedup: 1.554 / Efficiency: 78% / LogL: -30894
BEST NUMBER OF THREADS: 2

Perform fast likelihood tree search using LG+I+G model...
Estimate model parameters (epsilon = 5.000)
Perform nearest neighbor interchange...
Estimate model parameters (epsilon = 1.000)
1. Initial log-likelihood: -23523.043
Optimal log-likelihood: -23522.748
Proportion of invariable sites: 0.033
Gamma shape alpha: 1.737
Parameters optimization took 1 rounds (0.104 sec)
Time for fast ML tree search: 0.884 seconds

NOTE: ModelFinder requires 14 MB RAM!
ModelFinder will test up to 24 protein models (sample size: 380) ...
 No. Model         -LnL         df  AIC          AICc         BIC
  1  LG            24278.002    99  48754.004    48824.719    49144.081
  2  LG+I          24148.160    100 48496.319    48568.721    48890.336
  3  LG+G4         23547.947    100 47295.893    47368.295    47689.910
  4  LG+I+G4       23522.731    101 47247.462    47321.577    47645.419
  8  LG+F+I+G4     23416.171    120 47072.343    47184.466    47545.163
 12  WAG+I+G4      23620.399    101 47442.799    47516.914    47840.756
 16  WAG+F+I+G4    23484.557    120 47209.114    47321.238    47681.935
 20  JTT+I+G4      23623.132    101 47448.263    47522.378    47846.221
 24  JTT+F+I+G4    23518.709    120 47277.417    47389.541    47750.238
Akaike Information Criterion:           LG+F+I+G4
Corrected Akaike Information Criterion: LG+F+I+G4
Bayesian Information Criterion:         LG+F+I+G4
Best-fit model: LG+F+I+G4 chosen according to BIC

All model information printed to results_broccoli_meto/alignments/OG_552.iqtree.model.gz
CPU time for ModelFinder: 11.638 seconds (0h:0m:11s)
Wall-clock time for ModelFinder: 7.190 seconds (0h:0m:7s)
Generating 1000 samples for ultrafast bootstrap (seed: 767928)...

NOTE: 14 MB RAM (0 GB) is required!
Estimate model parameters (epsilon = 0.100)
Thoroughly optimizing +I+G parameters from 10 start values...
Init pinv, alpha: 0.000, 1.736 / Estimate: 0.033, 1.732 / LogL: -23416.164
Init pinv, alpha: 0.004, 1.736 / Estimate: 0.033, 1.729 / LogL: -23416.165
Init pinv, alpha: 0.008, 1.736 / Estimate: 0.033, 1.733 / LogL: -23416.165
Init pinv, alpha: 0.012, 1.736 / Estimate: 0.033, 1.736 / LogL: -23416.168
Init pinv, alpha: 0.016, 1.736 / Estimate: 0.033, 1.734 / LogL: -23416.167
Init pinv, alpha: 0.020, 1.736 / Estimate: 0.033, 1.734 / LogL: -23416.169
Init pinv, alpha: 0.025, 1.736 / Estimate: 0.033, 1.735 / LogL: -23416.167
Init pinv, alpha: 0.029, 1.736 / Estimate: 0.033, 1.734 / LogL: -23416.165
Init pinv, alpha: 0.033, 1.736 / Estimate: 0.033, 1.732 / LogL: -23416.165
Init pinv, alpha: 0.037, 1.736 / Estimate: 0.033, 1.733 / LogL: -23416.165
Optimal pinv,alpha: 0.033, 1.732 / LogL: -23416.164

Parameters optimization took 2.941 sec
Computing ML distances based on estimated model parameters...
Computing ML distances took 0.174623 sec (of wall-clock time) 0.345747 sec(of CPU time)
Computing RapidNJ tree took 0.000701 sec (of wall-clock time) 0.000399 sec (of CPU time)
Log-likelihood of RapidNJ tree: -23592.522
--------------------------------------------------------------------
|             INITIALIZING CANDIDATE TREE SET                      |
--------------------------------------------------------------------
Generating 98 parsimony trees... 1.499 second
Computing log-likelihood of 98 initial trees ... 3.080 seconds
Current best score: -23416.164

Do NNI search on 20 best initial trees
Estimate model parameters (epsilon = 0.100)
BETTER TREE FOUND at iteration 1: -23415.070
Iteration 10 / LogL: -23415.349 / Time: 0h:0m:13s
Estimate model parameters (epsilon = 0.100)
BETTER TREE FOUND at iteration 12: -23413.864
Estimate model parameters (epsilon = 0.100)
BETTER TREE FOUND at iteration 13: -23413.226
Iteration 20 / LogL: -23417.951 / Time: 0h:0m:19s
Finish initializing candidate tree set (11)
Current best tree score: -23413.226 / CPU time: 15.415
Number of iterations: 20
--------------------------------------------------------------------
|               OPTIMIZING CANDIDATE TREE SET                      |
--------------------------------------------------------------------
Iteration 30 / LogL: -23416.567 / Time: 0h:0m:26s (0h:2m:44s left)
Iteration 40 / LogL: -23415.070 / Time: 0h:0m:32s (0h:2m:23s left)
Iteration 50 / LogL: -23413.757 / Time: 0h:0m:38s (0h:2m:8s left)
Log-likelihood cutoff on original alignment: -23453.782
Iteration 60 / LogL: -23416.172 / Time: 0h:0m:45s (0h:1m:56s left)
Iteration 70 / LogL: -23413.769 / Time: 0h:0m:51s (0h:1m:46s left)
Iteration 80 / LogL: -23416.319 / Time: 0h:0m:57s (0h:1m:36s left)
Iteration 90 / LogL: -23414.091 / Time: 0h:1m:3s (0h:1m:28s left)
Iteration 100 / LogL: -23413.331 / Time: 0h:1m:10s (0h:1m:20s left)
Log-likelihood cutoff on original alignment: -23453.782
NOTE: Bootstrap correlation coefficient of split occurrence frequencies: 0.999
Iteration 110 / LogL: -23413.285 / Time: 0h:1m:17s (0h:1m:13s left)
Iteration 120 / LogL: -23413.399 / Time: 0h:1m:24s (0h:1m:6s left)
Iteration 130 / LogL: -23413.253 / Time: 0h:1m:32s (0h:0m:59s left)
Iteration 140 / LogL: -23416.088 / Time: 0h:1m:38s (0h:0m:51s left)
Iteration 150 / LogL: -23413.947 / Time: 0h:1m:45s (0h:0m:44s left)
Log-likelihood cutoff on original alignment: -23453.782
Iteration 160 / LogL: -23413.411 / Time: 0h:1m:51s (0h:0m:37s left)
Iteration 170 / LogL: -23413.381 / Time: 0h:1m:57s (0h:0m:29s left)
Iteration 180 / LogL: -23460.503 / Time: 0h:2m:3s (0h:0m:22s left)
Iteration 190 / LogL: -23414.110 / Time: 0h:2m:10s (0h:0m:15s left)
Iteration 200 / LogL: -23418.548 / Time: 0h:2m:16s (0h:0m:8s left)
Log-likelihood cutoff on original alignment: -23453.782
NOTE: Bootstrap correlation coefficient of split occurrence frequencies: 1.000
Iteration 210 / LogL: -23413.293 / Time: 0h:2m:22s (0h:1m:1s left)
TREE SEARCH COMPLETED AFTER 214 ITERATIONS / Time: 0h:2m:25s

--------------------------------------------------------------------
|                    FINALIZING TREE SEARCH                        |
--------------------------------------------------------------------
Performs final model parameters optimization
Estimate model parameters (epsilon = 0.010)
1. Initial log-likelihood: -23413.226
Optimal log-likelihood: -23413.226
Proportion of invariable sites: 0.033
Gamma shape alpha: 1.742
Parameters optimization took 1 rounds (0.099 sec)
BEST SCORE FOUND : -23413.226
Creating bootstrap support values...
Split supports printed to NEXUS file results_broccoli_meto/alignments/OG_552.iqtree.splits.nex
Total tree length: 28.667

Total number of iterations: 214
CPU time used for tree search: 281.636 sec (0h:4m:41s)
Wall-clock time used for tree search: 142.011 sec (0h:2m:22s)
Total CPU time used: 289.274 sec (0h:4m:49s)
Total wall-clock time used: 145.996 sec (0h:2m:25s)

Computing bootstrap consensus tree...
Reading input file results_broccoli_meto/alignments/OG_552.iqtree.splits.nex...
51 taxa and 308 splits.
Consensus tree written to results_broccoli_meto/alignments/OG_552.iqtree.contree
Reading input trees file results_broccoli_meto/alignments/OG_552.iqtree.contree
Log-likelihood of consensus tree: -23414.505

Analysis results written to: 
  IQ-TREE report:                results_broccoli_meto/alignments/OG_552.iqtree.iqtree
  Maximum-likelihood tree:       results_broccoli_meto/alignments/OG_552.iqtree.treefile
  Likelihood distances:          results_broccoli_meto/alignments/OG_552.iqtree.mldist

Ultrafast bootstrap approximation results written to:
  Split support values:          results_broccoli_meto/alignments/OG_552.iqtree.splits.nex
  Consensus tree:                results_broccoli_meto/alignments/OG_552.iqtree.contree
  Screen log file:               results_broccoli_meto/alignments/OG_552.iqtree.log

Date and Time: Fri Dec 16 18:23:26 2022
