IQ-TREE multicore version 2.1.0 for Linux 64-bit built Jul 18 2020
Developed by Bui Quang Minh, James Barbetti, Nguyen Lam Tung,
Olga Chernomor, Heiko Schmidt, Dominik Schrempf, Michael Woodhams.

Host:    node-hp0211.linux.crg.es (AVX, 125 GB RAM)
Command: /users/asebe/xgraubove/Programes/iqtree-2.1.0-Linux/bin/iqtree2 -s results_broccoli_meto/alignments/OG_551.lt.fasta -m TEST -mset LG,WAG,JTT -nt AUTO -ntmax 2 -bb 1000 -pre results_broccoli_meto/alignments/OG_551.iqtree -nm 10000 -nstop 200 -cptime 1800
Seed:    972399 (Using SPRNG - Scalable Parallel Random Number Generator)
Time:    Fri Dec 16 18:22:08 2022
Kernel:  AVX - auto-detect threads (2 CPU cores detected)

Reading alignment file results_broccoli_meto/alignments/OG_551.lt.fasta ... Fasta format detected
Alignment most likely contains protein sequences
Alignment has 24 sequences with 509 columns, 504 distinct patterns
459 parsimony-informative, 0 singleton sites, 50 constant sites
                                                       Gap/Ambiguity  Composition  p-value
   1  Mlei_ML0590.g2.i1                                        7.27%    passed      5.50%
   2  Bolinf_Binf_sb1237120                                   29.27%    passed     24.32%
   3  Mertsp_Mesp_sb570886                                    19.25%    passed     23.42%
   4  Drygla_Dgla_sb291357                                    50.49%    passed     31.15%
   5  Beraby_Baby_sb342309                                    49.31%    passed     29.93%
   6  Lampan_Lpan_15906_01                                    22.00%    passed     67.00%
   7  Vmul_sbMO455769                                         55.01%    passed     29.34%
   8  Coemet_Cmet_scaffold14033_01                            10.61%    passed     50.71%
   9  Eupdun_Edun_sb10632770                                  62.48%    passed     14.77%
  10  Aque_Aqu2.1.32211_001                                    7.66%    passed     45.23%
  11  Halamb_c38941_g1_i1mm.636                                7.07%    passed     41.49%
  12  Xestes_maker-XT_scaffold4542-augustus-gene-0.5-mRNA-1    6.48%    passed     33.19%
  13  Emue_Em0019g322a.t1                                     18.27%    passed      6.87%
  14  Spolac_c99811_g1_i4_m.20651c99811-g1                     7.27%    passed     28.25%
  15  Stycar_maker-SC_scaffold5449-snap-gene-0.12-mRNA-1       7.07%    passed     50.09%
  16  Tetwil_g20572.t2                                         8.06%    passed     28.39%
  17  Ocar_g346                                               24.95%    passed     81.51%
  18  Opea_EP00118_Oscarella_pearsei_P008441                   7.86%    passed     88.67%
  19  Plajan_Pjan_scaffold14372_01                            52.65%    passed     89.11%
  20  Scil_scict013920.3                                       8.64%    passed      9.68%
  21  Leuniv_Lniv_scaffold25450_01                             8.64%    passed     61.02%
  22  Gracom_Gcom_scaffold9402_01                              6.48%    passed     99.00%
  23  Lcom_lcpid71361                                          6.48%    failed      4.52%
  24  Clacor_Ccor_scaffold3300_01                             26.13%    passed      7.20%
WARNING: 4 sequences contain more than 50% gaps/ambiguity
****  TOTAL                                                   21.23%  1 sequences failed composition chi2 test (p-value<5%; df=19)


Create initial parsimony tree by phylogenetic likelihood library (PLL)... 0.004 seconds
Measuring multi-threading efficiency up to 2 CPU cores
Increase to 10 rounds for branch lengths
8 trees examined
Threads: 1 / Time: 2.233 sec / Speedup: 1.000 / Efficiency: 100% / LogL: -16700
Threads: 2 / Time: 1.159 sec / Speedup: 1.927 / Efficiency: 96% / LogL: -16700
BEST NUMBER OF THREADS: 2

Perform fast likelihood tree search using LG+I+G model...
Estimate model parameters (epsilon = 5.000)
Perform nearest neighbor interchange...
Estimate model parameters (epsilon = 1.000)
1. Initial log-likelihood: -12487.642
Optimal log-likelihood: -12487.546
Proportion of invariable sites: 0.066
Gamma shape alpha: 1.685
Parameters optimization took 1 rounds (0.055 sec)
Time for fast ML tree search: 0.419 seconds

NOTE: ModelFinder requires 9 MB RAM!
ModelFinder will test up to 24 protein models (sample size: 509) ...
 No. Model         -LnL         df  AIC          AICc         BIC
  1  LG            12840.250    45  25770.500    25779.441    25960.960
  2  LG+I          12687.910    46  25467.821    25477.180    25662.513
  3  LG+G4         12499.592    46  25091.184    25100.543    25285.876
  4  LG+I+G4       12487.540    47  25069.079    25078.867    25268.005
  8  LG+F+I+G4     12386.445    66  24904.890    24924.899    25184.231
 12  WAG+I+G4      12516.997    47  25127.994    25137.781    25326.919
 16  WAG+F+I+G4    12450.168    66  25032.336    25052.345    25311.677
 20  JTT+I+G4      12520.843    47  25135.687    25145.474    25334.612
 24  JTT+F+I+G4    12472.528    66  25077.056    25097.065    25356.397
Akaike Information Criterion:           LG+F+I+G4
Corrected Akaike Information Criterion: LG+F+I+G4
Bayesian Information Criterion:         LG+F+I+G4
Best-fit model: LG+F+I+G4 chosen according to BIC

All model information printed to results_broccoli_meto/alignments/OG_551.iqtree.model.gz
CPU time for ModelFinder: 8.119 seconds (0h:0m:8s)
Wall-clock time for ModelFinder: 5.213 seconds (0h:0m:5s)
Generating 1000 samples for ultrafast bootstrap (seed: 972399)...

NOTE: 9 MB RAM (0 GB) is required!
Estimate model parameters (epsilon = 0.100)
Thoroughly optimizing +I+G parameters from 10 start values...
Init pinv, alpha: 0.000, 1.683 / Estimate: 0.000, 1.124 / LogL: -12398.599
Init pinv, alpha: 0.011, 1.683 / Estimate: 0.066, 1.669 / LogL: -12386.453
Init pinv, alpha: 0.022, 1.683 / Estimate: 0.065, 1.663 / LogL: -12386.462
Init pinv, alpha: 0.033, 1.683 / Estimate: 0.065, 1.663 / LogL: -12386.460
Init pinv, alpha: 0.044, 1.683 / Estimate: 0.066, 1.673 / LogL: -12386.449
Init pinv, alpha: 0.055, 1.683 / Estimate: 0.066, 1.673 / LogL: -12386.449
Init pinv, alpha: 0.065, 1.683 / Estimate: 0.067, 1.677 / LogL: -12386.447
Init pinv, alpha: 0.076, 1.683 / Estimate: 0.069, 1.694 / LogL: -12386.450
Init pinv, alpha: 0.087, 1.683 / Estimate: 0.068, 1.691 / LogL: -12386.448
Init pinv, alpha: 0.098, 1.683 / Estimate: 0.069, 1.695 / LogL: -12386.449
Optimal pinv,alpha: 0.067, 1.677 / LogL: -12386.447

Parameters optimization took 2.714 sec
Computing ML distances based on estimated model parameters...
Computing ML distances took 0.037082 sec (of wall-clock time) 0.072365 sec(of CPU time)
Computing RapidNJ tree took 0.000314 sec (of wall-clock time) 0.000613 sec (of CPU time)
Log-likelihood of RapidNJ tree: -12398.729
--------------------------------------------------------------------
|             INITIALIZING CANDIDATE TREE SET                      |
--------------------------------------------------------------------
Generating 98 parsimony trees... 0.413 second
Computing log-likelihood of 98 initial trees ... 1.704 seconds
Current best score: -12386.447

Do NNI search on 20 best initial trees
Estimate model parameters (epsilon = 0.100)
BETTER TREE FOUND at iteration 1: -12386.445
Iteration 10 / LogL: -12386.539 / Time: 0h:0m:7s
Iteration 20 / LogL: -12386.569 / Time: 0h:0m:9s
Finish initializing candidate tree set (3)
Current best tree score: -12386.445 / CPU time: 6.669
Number of iterations: 20
--------------------------------------------------------------------
|               OPTIMIZING CANDIDATE TREE SET                      |
--------------------------------------------------------------------
Iteration 30 / LogL: -12396.563 / Time: 0h:0m:12s (0h:1m:14s left)
Iteration 40 / LogL: -12397.477 / Time: 0h:0m:15s (0h:1m:4s left)
Iteration 50 / LogL: -12387.702 / Time: 0h:0m:18s (0h:0m:58s left)
Log-likelihood cutoff on original alignment: -12428.442
Iteration 60 / LogL: -12386.814 / Time: 0h:0m:22s (0h:0m:54s left)
Iteration 70 / LogL: -12388.128 / Time: 0h:0m:25s (0h:0m:48s left)
Iteration 80 / LogL: -12396.908 / Time: 0h:0m:29s (0h:0m:44s left)
Iteration 90 / LogL: -12396.919 / Time: 0h:0m:32s (0h:0m:41s left)
Iteration 100 / LogL: -12387.187 / Time: 0h:0m:36s (0h:0m:37s left)
Log-likelihood cutoff on original alignment: -12428.442
NOTE: Bootstrap correlation coefficient of split occurrence frequencies: 1.000
Iteration 110 / LogL: -12396.635 / Time: 0h:0m:39s (0h:0m:33s left)
Iteration 120 / LogL: -12397.040 / Time: 0h:0m:43s (0h:0m:29s left)
Iteration 130 / LogL: -12386.497 / Time: 0h:0m:46s (0h:0m:25s left)
Iteration 140 / LogL: -12387.133 / Time: 0h:0m:49s (0h:0m:21s left)
Iteration 150 / LogL: -12386.599 / Time: 0h:0m:52s (0h:0m:17s left)
Log-likelihood cutoff on original alignment: -12428.442
Iteration 160 / LogL: -12443.756 / Time: 0h:0m:55s (0h:0m:14s left)
Iteration 170 / LogL: -12387.703 / Time: 0h:0m:59s (0h:0m:10s left)
Iteration 180 / LogL: -12387.010 / Time: 0h:1m:2s (0h:0m:7s left)
Iteration 190 / LogL: -12387.027 / Time: 0h:1m:5s (0h:0m:3s left)
Iteration 200 / LogL: -12397.413 / Time: 0h:1m:9s (0h:0m:0s left)
Log-likelihood cutoff on original alignment: -12428.442
NOTE: Bootstrap correlation coefficient of split occurrence frequencies: 1.000
TREE SEARCH COMPLETED AFTER 202 ITERATIONS / Time: 0h:1m:9s

--------------------------------------------------------------------
|                    FINALIZING TREE SEARCH                        |
--------------------------------------------------------------------
Performs final model parameters optimization
Estimate model parameters (epsilon = 0.010)
1. Initial log-likelihood: -12386.445
Optimal log-likelihood: -12386.445
Proportion of invariable sites: 0.067
Gamma shape alpha: 1.681
Parameters optimization took 1 rounds (0.059 sec)
BEST SCORE FOUND : -12386.445
Creating bootstrap support values...
Split supports printed to NEXUS file results_broccoli_meto/alignments/OG_551.iqtree.splits.nex
Total tree length: 10.428

Total number of iterations: 202
CPU time used for tree search: 132.935 sec (0h:2m:12s)
Wall-clock time used for tree search: 66.840 sec (0h:1m:6s)
Total CPU time used: 139.210 sec (0h:2m:19s)
Total wall-clock time used: 70.145 sec (0h:1m:10s)

Computing bootstrap consensus tree...
Reading input file results_broccoli_meto/alignments/OG_551.iqtree.splits.nex...
24 taxa and 108 splits.
Consensus tree written to results_broccoli_meto/alignments/OG_551.iqtree.contree
Reading input trees file results_broccoli_meto/alignments/OG_551.iqtree.contree
Log-likelihood of consensus tree: -12386.446

Analysis results written to: 
  IQ-TREE report:                results_broccoli_meto/alignments/OG_551.iqtree.iqtree
  Maximum-likelihood tree:       results_broccoli_meto/alignments/OG_551.iqtree.treefile
  Likelihood distances:          results_broccoli_meto/alignments/OG_551.iqtree.mldist

Ultrafast bootstrap approximation results written to:
  Split support values:          results_broccoli_meto/alignments/OG_551.iqtree.splits.nex
  Consensus tree:                results_broccoli_meto/alignments/OG_551.iqtree.contree
  Screen log file:               results_broccoli_meto/alignments/OG_551.iqtree.log

Date and Time: Fri Dec 16 18:23:24 2022
