IQ-TREE multicore version 2.1.0 for Linux 64-bit built Jul 18 2020
Developed by Bui Quang Minh, James Barbetti, Nguyen Lam Tung,
Olga Chernomor, Heiko Schmidt, Dominik Schrempf, Michael Woodhams.

Host:    node-hp0202.linux.crg.es (AVX, 125 GB RAM)
Command: /users/asebe/xgraubove/Programes/iqtree-2.1.0-Linux/bin/iqtree2 -s results_broccoli_meto/alignments/OG_5993.lt.fasta -m TEST -mset LG,WAG,JTT -nt AUTO -ntmax 2 -bb 1000 -pre results_broccoli_meto/alignments/OG_5993.iqtree -nm 10000 -nstop 200 -cptime 1800
Seed:    583855 (Using SPRNG - Scalable Parallel Random Number Generator)
Time:    Fri Dec 16 18:38:56 2022
Kernel:  AVX - auto-detect threads (2 CPU cores detected)

Reading alignment file results_broccoli_meto/alignments/OG_5993.lt.fasta ... Fasta format detected
Alignment most likely contains protein sequences
Alignment has 33 sequences with 400 columns, 397 distinct patterns
393 parsimony-informative, 0 singleton sites, 7 constant sites
                                                                    Gap/Ambiguity  Composition  p-value
   1  Hsap_ENST00000309993                                                 10.50%    passed     43.13%
   2  Spur_XM_011679873.2                                                  13.50%    passed     43.08%
   3  Skow_XM_006817635.1                                                  22.50%    passed      9.90%
   4  Ctel_gnl_WGS_AMQN_CAPTEDRAFT_mRNA94474                               74.00%    failed      1.39%
   5  Acagra_model.g21675.t1                                               14.00%    passed     95.36%
   6  Tcas_TC001753_001                                                    27.25%    passed     57.59%
   7  Dpul_mRNA2834                                                        32.75%    passed     85.60%
   8  Cscu_XM_023377775.1                                                  31.50%    passed     79.20%
   9  Bralan_BLAG14000829_1                                                32.50%    failed      0.06%
  10  Cgig_XM_011435637.3                                                  20.75%    passed     65.83%
  11  Exapal_XM_021053863.2                                                15.00%    passed     21.10%
  12  Nvec_v1g244677                                                       15.75%    passed     84.00%
  13  Adig_XM_015905616.1                                                  14.50%    passed     97.79%
  14  Gfas_gfas1.m1.18538.m1                                               12.00%    passed     93.96%
  15  Fspp_ffun1.m4.20690.m1                                               10.75%    passed     97.23%
  16  Gasp_gasp1.m3.16964.m1                                               11.00%    passed     72.73%
  17  Spis_XP_022805278_1                                                  23.25%    passed     98.73%
  18  Pocdam_XM_027185954.1                                                11.00%    passed     97.33%
  19  Aque_Aqu2.1.01581_001                                                74.25%    failed      2.24%
  20  Xestes_augustus_masked-XT_scaffold190438-processed-gene-0.1-mRNA-1   26.25%    passed     12.75%
  21  Tetwil_g21555.t1                                                      5.00%    failed      0.66%
  22  Opea_EP00118_Oscarella_pearsei_P000541                               44.25%    passed     93.02%
  23  Plajan_Pjan_C537254_01                                               51.25%    failed      2.08%
  24  Scil_scict003448.1                                                   23.75%    failed      0.00%
  25  Gracom_Gcom_scaffold17707_01                                         75.50%    failed      0.27%
  26  Lcom_lcpid73979                                                      28.25%    failed      0.00%
  27  Dgig_XM_028545489.1                                                  23.25%    failed      0.11%
  28  Morvir_scaffold156.g7.t1                                             18.25%    passed     96.63%
  29  Hvul_g11396_1                                                        10.25%    failed      0.00%
  30  Nemnom_g5457.t1                                                       5.75%    passed      5.81%
  31  Rhoesc_Res_007711-T1                                                  6.00%    passed     40.29%
  32  Sanmal_Sma_015599-T1                                                  8.00%    passed     43.86%
  33  Chem_TCONS_00054153                                                  73.75%    failed      0.02%
WARNING: 5 sequences contain more than 50% gaps/ambiguity
****  TOTAL                                                                26.25%  11 sequences failed composition chi2 test (p-value<5%; df=19)


Create initial parsimony tree by phylogenetic likelihood library (PLL)... 0.012 seconds
Measuring multi-threading efficiency up to 2 CPU cores
Increase to 10 rounds for branch lengths
6 trees examined
Threads: 1 / Time: 2.107 sec / Speedup: 1.000 / Efficiency: 100% / LogL: -21994
Threads: 2 / Time: 1.126 sec / Speedup: 1.871 / Efficiency: 94% / LogL: -21994
BEST NUMBER OF THREADS: 2

Perform fast likelihood tree search using LG+I+G model...
Estimate model parameters (epsilon = 5.000)
Perform nearest neighbor interchange...
Estimate model parameters (epsilon = 1.000)
1. Initial log-likelihood: -19722.934
Optimal log-likelihood: -19722.850
Proportion of invariable sites: 0.017
Gamma shape alpha: 2.337
Parameters optimization took 1 rounds (0.072 sec)
Time for fast ML tree search: 0.589 seconds

NOTE: ModelFinder requires 10 MB RAM!
ModelFinder will test up to 24 protein models (sample size: 400) ...
 No. Model         -LnL         df  AIC          AICc         BIC
  1  LG            20098.650    63  40323.301    40347.301    40574.763
  2  LG+I          19989.982    64  40107.963    40132.799    40363.417
  3  LG+G4         19761.055    64  39650.109    39674.945    39905.563
  4  LG+I+G4       19722.845    65  39575.689    39601.378    39835.135
  8  LG+F+I+G4     19654.567    84  39477.133    39522.467    39812.416
 12  WAG+I+G4      19708.051    65  39546.102    39571.791    39805.547
 16  WAG+F+I+G4    19648.081    84  39464.162    39509.495    39799.445
 20  JTT+I+G4      19667.938    65  39465.876    39491.565    39725.322
 24  JTT+F+I+G4    19610.951    84  39389.902    39435.235    39725.185
Akaike Information Criterion:           JTT+F+I+G4
Corrected Akaike Information Criterion: JTT+F+I+G4
Bayesian Information Criterion:         JTT+F+I+G4
Best-fit model: JTT+F+I+G4 chosen according to BIC

All model information printed to results_broccoli_meto/alignments/OG_5993.iqtree.model.gz
CPU time for ModelFinder: 9.699 seconds (0h:0m:9s)
Wall-clock time for ModelFinder: 5.949 seconds (0h:0m:5s)
Generating 1000 samples for ultrafast bootstrap (seed: 583855)...

NOTE: 10 MB RAM (0 GB) is required!
Estimate model parameters (epsilon = 0.100)
Thoroughly optimizing +I+G parameters from 10 start values...
Init pinv, alpha: 0.000, 2.490 / Estimate: 0.017, 2.445 / LogL: -19610.953
Init pinv, alpha: 0.002, 2.490 / Estimate: 0.017, 2.480 / LogL: -19610.946
Init pinv, alpha: 0.004, 2.490 / Estimate: 0.017, 2.481 / LogL: -19610.946
Init pinv, alpha: 0.006, 2.490 / Estimate: 0.017, 2.481 / LogL: -19610.945
Init pinv, alpha: 0.008, 2.490 / Estimate: 0.017, 2.478 / LogL: -19610.944
Init pinv, alpha: 0.010, 2.490 / Estimate: 0.017, 2.477 / LogL: -19610.944
Init pinv, alpha: 0.012, 2.490 / Estimate: 0.017, 2.476 / LogL: -19610.944
Init pinv, alpha: 0.014, 2.490 / Estimate: 0.017, 2.475 / LogL: -19610.943
Init pinv, alpha: 0.016, 2.490 / Estimate: 0.017, 2.479 / LogL: -19610.944
Init pinv, alpha: 0.017, 2.490 / Estimate: 0.017, 2.478 / LogL: -19610.944
Optimal pinv,alpha: 0.017, 2.475 / LogL: -19610.943

Parameters optimization took 1.437 sec
Computing ML distances based on estimated model parameters...
Computing ML distances took 0.087826 sec (of wall-clock time) 0.173604 sec(of CPU time)
WARNING: Some pairwise ML distances are too long (saturated)
Computing RapidNJ tree took 0.000741 sec (of wall-clock time) 0.000000 sec (of CPU time)
Log-likelihood of RapidNJ tree: -19642.495
--------------------------------------------------------------------
|             INITIALIZING CANDIDATE TREE SET                      |
--------------------------------------------------------------------
Generating 98 parsimony trees... 0.871 second
Computing log-likelihood of 98 initial trees ... 2.115 seconds
Current best score: -19610.943

Do NNI search on 20 best initial trees
Estimate model parameters (epsilon = 0.100)
BETTER TREE FOUND at iteration 1: -19610.943
Estimate model parameters (epsilon = 0.100)
BETTER TREE FOUND at iteration 2: -19608.600
Estimate model parameters (epsilon = 0.100)
BETTER TREE FOUND at iteration 3: -19608.340
Iteration 10 / LogL: -19608.773 / Time: 0h:0m:9s
Iteration 20 / LogL: -19608.455 / Time: 0h:0m:13s
Finish initializing candidate tree set (4)
Current best tree score: -19608.340 / CPU time: 11.535
Number of iterations: 20
--------------------------------------------------------------------
|               OPTIMIZING CANDIDATE TREE SET                      |
--------------------------------------------------------------------
Iteration 30 / LogL: -19608.742 / Time: 0h:0m:18s (0h:1m:51s left)
Iteration 40 / LogL: -19608.351 / Time: 0h:0m:23s (0h:1m:37s left)
Iteration 50 / LogL: -19608.762 / Time: 0h:0m:27s (0h:1m:26s left)
Log-likelihood cutoff on original alignment: -19632.453
Iteration 60 / LogL: -19608.781 / Time: 0h:0m:32s (0h:1m:19s left)
Iteration 70 / LogL: -19608.393 / Time: 0h:0m:38s (0h:1m:13s left)
Iteration 80 / LogL: -19608.375 / Time: 0h:0m:43s (0h:1m:7s left)
Iteration 90 / LogL: -19608.351 / Time: 0h:0m:48s (0h:1m:1s left)
Iteration 100 / LogL: -19608.816 / Time: 0h:0m:53s (0h:0m:55s left)
Log-likelihood cutoff on original alignment: -19633.227
NOTE: Bootstrap correlation coefficient of split occurrence frequencies: 0.999
Iteration 110 / LogL: -19608.658 / Time: 0h:0m:58s (0h:0m:50s left)
Iteration 120 / LogL: -19608.611 / Time: 0h:1m:3s (0h:0m:44s left)
Iteration 130 / LogL: -19608.768 / Time: 0h:1m:8s (0h:0m:38s left)
Iteration 140 / LogL: -19608.663 / Time: 0h:1m:13s (0h:0m:33s left)
Iteration 150 / LogL: -19617.233 / Time: 0h:1m:18s (0h:0m:27s left)
Log-likelihood cutoff on original alignment: -19633.227
Iteration 160 / LogL: -19608.351 / Time: 0h:1m:23s (0h:0m:22s left)
Iteration 170 / LogL: -19608.353 / Time: 0h:1m:27s (0h:0m:17s left)
Iteration 180 / LogL: -19608.558 / Time: 0h:1m:33s (0h:0m:11s left)
Iteration 190 / LogL: -19608.455 / Time: 0h:1m:38s (0h:0m:6s left)
Iteration 200 / LogL: -19608.629 / Time: 0h:1m:43s (0h:0m:1s left)
Log-likelihood cutoff on original alignment: -19634.057
NOTE: Bootstrap correlation coefficient of split occurrence frequencies: 0.999
TREE SEARCH COMPLETED AFTER 204 ITERATIONS / Time: 0h:1m:45s

--------------------------------------------------------------------
|                    FINALIZING TREE SEARCH                        |
--------------------------------------------------------------------
Performs final model parameters optimization
Estimate model parameters (epsilon = 0.010)
1. Initial log-likelihood: -19608.340
Optimal log-likelihood: -19608.339
Proportion of invariable sites: 0.017
Gamma shape alpha: 2.460
Parameters optimization took 1 rounds (0.068 sec)
BEST SCORE FOUND : -19608.339
Creating bootstrap support values...
Split supports printed to NEXUS file results_broccoli_meto/alignments/OG_5993.iqtree.splits.nex
Total tree length: 39.017

Total number of iterations: 204
CPU time used for tree search: 205.429 sec (0h:3m:25s)
Wall-clock time used for tree search: 103.799 sec (0h:1m:43s)
Total CPU time used: 209.554 sec (0h:3m:29s)
Total wall-clock time used: 106.070 sec (0h:1m:46s)

Computing bootstrap consensus tree...
Reading input file results_broccoli_meto/alignments/OG_5993.iqtree.splits.nex...
33 taxa and 226 splits.
Consensus tree written to results_broccoli_meto/alignments/OG_5993.iqtree.contree
Reading input trees file results_broccoli_meto/alignments/OG_5993.iqtree.contree
Log-likelihood of consensus tree: -19608.340

Analysis results written to: 
  IQ-TREE report:                results_broccoli_meto/alignments/OG_5993.iqtree.iqtree
  Maximum-likelihood tree:       results_broccoli_meto/alignments/OG_5993.iqtree.treefile
  Likelihood distances:          results_broccoli_meto/alignments/OG_5993.iqtree.mldist

Ultrafast bootstrap approximation results written to:
  Split support values:          results_broccoli_meto/alignments/OG_5993.iqtree.splits.nex
  Consensus tree:                results_broccoli_meto/alignments/OG_5993.iqtree.contree
  Screen log file:               results_broccoli_meto/alignments/OG_5993.iqtree.log

Date and Time: Fri Dec 16 18:40:48 2022
