IQ-TREE multicore version 2.1.0 for Linux 64-bit built Jul 18 2020
Developed by Bui Quang Minh, James Barbetti, Nguyen Lam Tung,
Olga Chernomor, Heiko Schmidt, Dominik Schrempf, Michael Woodhams.

Host:    node-hp0210.linux.crg.es (AVX, 125 GB RAM)
Command: /users/asebe/xgraubove/Programes/iqtree-2.1.0-Linux/bin/iqtree2 -s results_broccoli_meto/alignments/OG_6457.lt.fasta -m TEST -mset LG,WAG,JTT -nt AUTO -ntmax 2 -bb 1000 -pre results_broccoli_meto/alignments/OG_6457.iqtree -nm 10000 -nstop 200 -cptime 1800
Seed:    472607 (Using SPRNG - Scalable Parallel Random Number Generator)
Time:    Fri Dec 16 19:04:03 2022
Kernel:  AVX - auto-detect threads (2 CPU cores detected)

Reading alignment file results_broccoli_meto/alignments/OG_6457.lt.fasta ... Fasta format detected
Alignment most likely contains protein sequences
Alignment has 41 sequences with 198 columns, 198 distinct patterns
192 parsimony-informative, 0 singleton sites, 6 constant sites
                                                    Gap/Ambiguity  Composition  p-value
   1  Bralan_BLAG16000767_1                                 3.54%    passed     94.01%
   2  Skow_XM_002732536.2                                   3.03%    passed     97.42%
   3  Scil_scict002607.1                                    2.53%    passed     95.36%
   4  Lcom_lcpid6341                                        3.03%    passed     68.34%
   5  Leuniv_Lniv_C799174_01                                3.03%    passed     97.93%
   6  Gracom_Gcom_scaffold3531_01                           3.03%    passed     82.88%
   7  Spur_XM_001197762.4                                   3.03%    passed     94.03%
   8  Tadh_TriadT64314                                      4.04%    passed     99.93%
   9  TrH2_TrispH2_009187-RA                                4.04%    passed     99.93%
  10  HoiH06_mRNA14677                                      4.04%    passed     96.39%
  11  HoiH23_PlH23_005121-RA                                4.04%    passed     97.74%
  12  Hhon_g01090.t1                                        4.04%    passed     98.58%
  13  HoiH04_mRNA6444                                       4.04%    passed     99.58%
  14  HoiH11_mRNA8429                                      14.65%    passed     66.48%
  15  Cgig_XM_011420540.3                                   0.51%    passed     92.16%
  16  Ocar_g9612                                            3.03%    passed     99.51%
  17  Opea_EP00118_Oscarella_pearsei_P025564                2.02%    passed     99.58%
  18  Aque_Aqu2.1.42779_001                                43.43%    passed     87.02%
  19  Halamb_c20965_g1_i1m.3792                             2.02%    passed     69.73%
  20  Stycar_maker-SC_scaffold79193-snap-gene-0.3-mRNA-1    2.53%    passed     99.84%
  21  Tetwil_g2657.t1                                       2.02%    passed     97.66%
  22  Spolac_c103924_g1_i1_m.37040c103924-g1                4.04%    passed     27.13%
  23  Emue_Em0009g1011a.t1                                 34.85%    passed     74.55%
  24  Hvul_g28963_1                                         0.51%    passed     86.19%
  25  Chem_TCONS_00010977                                   4.04%    passed     98.78%
  26  Aaur_scaffold608.g2.t1                                0.00%    passed     84.28%
  27  Rhoesc_Res_013080-T1                                  0.00%    passed     83.24%
  28  Nemnom_g9219.t1                                       0.51%    passed     95.08%
  29  Sanmal_Sma_012643-T1                                 12.63%    passed     89.61%
  30  Exapal_XM_021062135.2                                24.75%    passed     87.07%
  31  Nvec_v1g243274                                       24.75%    passed     31.38%
  32  Adig_XM_015924641.1                                  19.70%    passed     87.52%
  33  Amil_Amillepora26066-RA                              19.70%    passed     87.52%
  34  Gfas_gfas1.m1.2055.m1                                20.71%    passed     79.30%
  35  Fspp_ffun1.m4.14061.m1                               20.71%    passed     81.75%
  36  Spis_XP_022798574_1                                  19.70%    passed     90.18%
  37  Pocdam_XM_027181272.1                                19.70%    passed     86.48%
  38  Gasp_gasp1.m3.9323.m1                                20.71%    passed     60.19%
  39  Mlei_ML0998.g7.i1                                    11.11%    passed     16.24%
  40  Pbac_sb2655268                                        4.55%    passed      5.01%
  41  Horcal_Hcv1.av93.c3.g942.i1                          21.72%    passed     16.20%
****  TOTAL                                                 9.76%  0 sequences failed composition chi2 test (p-value<5%; df=19)
NOTE: TrH2_TrispH2_009187-RA is identical to Tadh_TriadT64314 but kept for subsequent analysis
NOTE: Amil_Amillepora26066-RA is identical to Adig_XM_015924641.1 but kept for subsequent analysis


Create initial parsimony tree by phylogenetic likelihood library (PLL)... 0.005 seconds
Measuring multi-threading efficiency up to 2 CPU cores
Increase to 10 rounds for branch lengths
9 trees examined
Threads: 1 / Time: 2.013 sec / Speedup: 1.000 / Efficiency: 100% / LogL: -12603
Threads: 2 / Time: 1.082 sec / Speedup: 1.860 / Efficiency: 93% / LogL: -12603
BEST NUMBER OF THREADS: 2

Perform fast likelihood tree search using LG+I+G model...
Estimate model parameters (epsilon = 5.000)
Perform nearest neighbor interchange...
Estimate model parameters (epsilon = 1.000)
1. Initial log-likelihood: -7921.728
Optimal log-likelihood: -7921.697
Proportion of invariable sites: 0.010
Gamma shape alpha: 2.225
Parameters optimization took 1 rounds (0.081 sec)
Time for fast ML tree search: 0.460 seconds

NOTE: ModelFinder requires 6 MB RAM!
ModelFinder will test up to 24 protein models (sample size: 198) ...
 No. Model         -LnL         df  AIC          AICc         BIC
  1  LG            8054.892     79  16267.785    16374.903    16527.558
  2  LG+I          8042.547     80  16245.093    16355.862    16508.155
  3  LG+G4         7922.856     80  16005.712    16116.481    16268.773
  4  LG+I+G4       7921.697     81  16005.394    16119.911    16271.744
  7  LG+F+G4       7919.621     99  16037.242    16239.283    16362.781
  8  LG+F+I+G4     7918.836     100 16037.672    16245.920    16366.499
 11  WAG+G4        7958.191     80  16076.382    16187.151    16339.443
 12  WAG+I+G4      7957.429     81  16076.858    16191.376    16343.208
 15  WAG+F+G4      7950.091     99  16098.183    16300.223    16423.721
 16  WAG+F+I+G4    7949.396     100 16098.791    16307.039    16427.618
 19  JTT+G4        8005.808     80  16171.617    16282.386    16434.678
 20  JTT+I+G4      8004.866     81  16171.733    16286.250    16438.083
 23  JTT+F+G4      8006.729     99  16211.458    16413.499    16536.996
 24  JTT+F+I+G4    8005.877     100 16211.755    16420.002    16540.581
Akaike Information Criterion:           LG+I+G4
Corrected Akaike Information Criterion: LG+G4
Bayesian Information Criterion:         LG+G4
Best-fit model: LG+G4 chosen according to BIC

All model information printed to results_broccoli_meto/alignments/OG_6457.iqtree.model.gz
CPU time for ModelFinder: 8.572 seconds (0h:0m:8s)
Wall-clock time for ModelFinder: 5.307 seconds (0h:0m:5s)
Generating 1000 samples for ultrafast bootstrap (seed: 472607)...

NOTE: 6 MB RAM (0 GB) is required!
Estimate model parameters (epsilon = 0.100)
1. Initial log-likelihood: -7922.856
Optimal log-likelihood: -7922.856
Gamma shape alpha: 2.086
Parameters optimization took 1 rounds (0.041 sec)
Computing ML distances based on estimated model parameters...
Computing ML distances took 0.113504 sec (of wall-clock time) 0.224721 sec(of CPU time)
Computing RapidNJ tree took 0.000623 sec (of wall-clock time) 0.001219 sec (of CPU time)
Log-likelihood of RapidNJ tree: -7939.417
--------------------------------------------------------------------
|             INITIALIZING CANDIDATE TREE SET                      |
--------------------------------------------------------------------
Generating 98 parsimony trees... 0.696 second
Computing log-likelihood of 98 initial trees ... 1.434 seconds
Current best score: -7922.856

Do NNI search on 20 best initial trees
Estimate model parameters (epsilon = 0.100)
BETTER TREE FOUND at iteration 1: -7922.855
Estimate model parameters (epsilon = 0.100)
BETTER TREE FOUND at iteration 2: -7920.360
Iteration 10 / LogL: -7920.432 / Time: 0h:0m:5s
Iteration 20 / LogL: -7920.387 / Time: 0h:0m:8s
Finish initializing candidate tree set (3)
Current best tree score: -7920.360 / CPU time: 8.003
Number of iterations: 20
--------------------------------------------------------------------
|               OPTIMIZING CANDIDATE TREE SET                      |
--------------------------------------------------------------------
Estimate model parameters (epsilon = 0.100)
BETTER TREE FOUND at iteration 22: -7918.993
Iteration 30 / LogL: -7920.632 / Time: 0h:0m:12s (0h:1m:21s left)
Iteration 40 / LogL: -7919.147 / Time: 0h:0m:15s (0h:1m:13s left)
Iteration 50 / LogL: -7921.178 / Time: 0h:0m:19s (0h:1m:6s left)
Log-likelihood cutoff on original alignment: -7948.939
Iteration 60 / LogL: -7921.793 / Time: 0h:0m:22s (0h:1m:2s left)
Iteration 70 / LogL: -7919.181 / Time: 0h:0m:26s (0h:0m:57s left)
Iteration 80 / LogL: -7921.572 / Time: 0h:0m:29s (0h:0m:53s left)
Iteration 90 / LogL: -7919.164 / Time: 0h:0m:32s (0h:0m:48s left)
Iteration 100 / LogL: -7935.549 / Time: 0h:0m:36s (0h:0m:44s left)
Log-likelihood cutoff on original alignment: -7948.939
NOTE: Bootstrap correlation coefficient of split occurrence frequencies: 0.998
Iteration 110 / LogL: -7919.136 / Time: 0h:0m:39s (0h:0m:40s left)
Iteration 120 / LogL: -7919.921 / Time: 0h:0m:43s (0h:0m:37s left)
Iteration 130 / LogL: -7921.420 / Time: 0h:0m:47s (0h:0m:33s left)
Iteration 140 / LogL: -7919.286 / Time: 0h:0m:50s (0h:0m:29s left)
Iteration 150 / LogL: -7919.061 / Time: 0h:0m:53s (0h:0m:26s left)
Log-likelihood cutoff on original alignment: -7948.939
Iteration 160 / LogL: -7919.918 / Time: 0h:0m:57s (0h:0m:22s left)
Iteration 170 / LogL: -7921.835 / Time: 0h:1m:1s (0h:0m:18s left)
Iteration 180 / LogL: -7920.277 / Time: 0h:1m:5s (0h:0m:15s left)
Iteration 190 / LogL: -7919.947 / Time: 0h:1m:8s (0h:0m:11s left)
Iteration 200 / LogL: -7922.517 / Time: 0h:1m:12s (0h:0m:7s left)
Log-likelihood cutoff on original alignment: -7948.939
NOTE: Bootstrap correlation coefficient of split occurrence frequencies: 1.000
Iteration 210 / LogL: -7920.333 / Time: 0h:1m:15s (0h:0m:32s left)
Iteration 220 / LogL: -7919.057 / Time: 0h:1m:19s (0h:0m:28s left)
TREE SEARCH COMPLETED AFTER 223 ITERATIONS / Time: 0h:1m:20s

--------------------------------------------------------------------
|                    FINALIZING TREE SEARCH                        |
--------------------------------------------------------------------
Performs final model parameters optimization
Estimate model parameters (epsilon = 0.010)
1. Initial log-likelihood: -7918.993
Optimal log-likelihood: -7918.987
Gamma shape alpha: 2.175
Parameters optimization took 1 rounds (0.041 sec)
BEST SCORE FOUND : -7918.987
Creating bootstrap support values...
Split supports printed to NEXUS file results_broccoli_meto/alignments/OG_6457.iqtree.splits.nex
Total tree length: 14.970

Total number of iterations: 223
CPU time used for tree search: 156.928 sec (0h:2m:36s)
Wall-clock time used for tree search: 79.744 sec (0h:1m:19s)
Total CPU time used: 158.072 sec (0h:2m:38s)
Total wall-clock time used: 80.458 sec (0h:1m:20s)

Computing bootstrap consensus tree...
Reading input file results_broccoli_meto/alignments/OG_6457.iqtree.splits.nex...
41 taxa and 241 splits.
Consensus tree written to results_broccoli_meto/alignments/OG_6457.iqtree.contree
Reading input trees file results_broccoli_meto/alignments/OG_6457.iqtree.contree
Log-likelihood of consensus tree: -7919.137

Analysis results written to: 
  IQ-TREE report:                results_broccoli_meto/alignments/OG_6457.iqtree.iqtree
  Maximum-likelihood tree:       results_broccoli_meto/alignments/OG_6457.iqtree.treefile
  Likelihood distances:          results_broccoli_meto/alignments/OG_6457.iqtree.mldist

Ultrafast bootstrap approximation results written to:
  Split support values:          results_broccoli_meto/alignments/OG_6457.iqtree.splits.nex
  Consensus tree:                results_broccoli_meto/alignments/OG_6457.iqtree.contree
  Screen log file:               results_broccoli_meto/alignments/OG_6457.iqtree.log

Date and Time: Fri Dec 16 19:05:29 2022
