IQ-TREE multicore version 2.1.0 for Linux 64-bit built Jul 18 2020
Developed by Bui Quang Minh, James Barbetti, Nguyen Lam Tung,
Olga Chernomor, Heiko Schmidt, Dominik Schrempf, Michael Woodhams.

Host:    node-hp0303.linux.crg.es (AVX, 125 GB RAM)
Command: /users/asebe/xgraubove/Programes/iqtree-2.1.0-Linux/bin/iqtree2 -s results_broccoli_meto/alignments/OG_6393.lt.fasta -m TEST -mset LG,WAG,JTT -nt AUTO -ntmax 2 -bb 1000 -pre results_broccoli_meto/alignments/OG_6393.iqtree -nm 10000 -nstop 200 -cptime 1800
Seed:    452179 (Using SPRNG - Scalable Parallel Random Number Generator)
Time:    Fri Dec 16 19:04:43 2022
Kernel:  AVX - auto-detect threads (2 CPU cores detected)

Reading alignment file results_broccoli_meto/alignments/OG_6393.lt.fasta ... Fasta format detected
Alignment most likely contains protein sequences
Alignment has 38 sequences with 294 columns, 280 distinct patterns
249 parsimony-informative, 0 singleton sites, 45 constant sites
                                                                   Gap/Ambiguity  Composition  p-value
   1  Hsap_ENST00000344265                                                14.97%    passed     94.09%
   2  Exapal_XM_021058554.2                                               27.55%    passed     86.09%
   3  Nvec_v1g112929                                                      28.23%    passed     78.21%
   4  Adig_XM_015900632.1                                                 27.55%    passed     73.57%
   5  Gfas_gfas1.m1.7563.m1                                               28.57%    passed     81.73%
   6  Fspp_ffun1.m4.9695.m1                                               28.57%    passed     80.44%
   7  Gasp_gasp1.m3.6709.m1                                               28.57%    passed     70.24%
   8  Spis_XP_022804818_1                                                 28.57%    passed     62.63%
   9  Pocdam_XM_027192954.1                                               28.57%    passed     65.94%
  10  Aaur_scaffold570.g1.t1                                              27.21%    passed     59.34%
  11  Nemnom_g15176.t1                                                    27.21%    passed     43.84%
  12  Rhoesc_Res_008183-T1                                                27.21%    passed     62.48%
  13  Morvir_scaffold54.g4.t1                                             27.21%    passed     94.55%
  14  Sanmal_Sma_001694-T1                                                 2.04%    passed     64.73%
  15  Emue_Em0023g485a.t1                                                  8.16%    passed     19.44%
  16  Spolac_c100221_g1_i1_m.21849c100221-g1                               9.18%    passed     14.54%
  17  Stycar_augustus_masked-SC_scaffold16083-processed-gene-0.1-mRNA-1    6.46%    failed      1.70%
  18  Xestes_augustus_masked-XT_scaffold4120-processed-gene-0.3-mRNA-1     8.50%    passed     10.67%
  19  Halamb_c29829_g1_i1m.6079                                           12.59%    passed     39.98%
  20  Mlei_ML0633.g28.i1                                                  23.47%    passed     15.62%
  21  Bolinf_Binf_sb1218756                                               48.64%    passed     58.89%
  22  Beraby_Baby_sb323257                                                60.54%    passed     62.80%
  23  Lampan_Lpan_C404133_01                                              20.41%    passed     69.97%
  24  Pbac_sb2640491                                                      71.77%    passed      6.80%
  25  Horcal_Hcv1.av93.c3.g874.i1                                         17.01%    passed     37.91%
  26  Vmul_SimC402380                                                     17.35%    passed     90.20%
  27  Coeast_Cast_sb794450                                                18.03%    passed     63.72%
  28  Coemet_Cmet_C603748_01                                              18.03%    passed     66.88%
  29  Eupdun_Edun_sb10696883                                              29.59%    passed     29.78%
  30  Dgig_XM_028556566.1                                                 27.89%    passed     66.33%
  31  Xesp_010298-T1                                                      32.99%    passed     39.80%
  32  Ocar_g4621                                                          17.69%    passed     52.23%
  33  Opea_EP00118_Oscarella_pearsei_P026624                              11.56%    passed     16.82%
  34  Plajan_Pjan_C553315_01                                              17.35%    passed     47.45%
  35  Plespi_Pspi_scaffold16950_01                                        10.20%    passed     52.87%
  36  Tetwil_g11037.t1                                                     4.08%    passed     40.79%
  37  Acagra_model.g3140.t1                                               43.20%    passed     41.99%
  38  Ctel_gnl_WGS_AMQN_CAPTEDRAFT_mRNA206397                             55.44%    failed      3.52%
WARNING: 3 sequences contain more than 50% gaps/ambiguity
****  TOTAL                                                               24.79%  2 sequences failed composition chi2 test (p-value<5%; df=19)


Create initial parsimony tree by phylogenetic likelihood library (PLL)... 0.007 seconds
Measuring multi-threading efficiency up to 2 CPU cores
Increase to 10 rounds for branch lengths
7 trees examined
Threads: 1 / Time: 2.001 sec / Speedup: 1.000 / Efficiency: 100% / LogL: -13391
Threads: 2 / Time: 2.609 sec / Speedup: 0.767 / Efficiency: 38% / LogL: -13391
BEST NUMBER OF THREADS: 1

Perform fast likelihood tree search using LG+I+G model...
Estimate model parameters (epsilon = 5.000)
Perform nearest neighbor interchange...
Estimate model parameters (epsilon = 1.000)
1. Initial log-likelihood: -9955.728
Optimal log-likelihood: -9955.529
Proportion of invariable sites: 0.144
Gamma shape alpha: 1.461
Parameters optimization took 1 rounds (0.109 sec)
Time for fast ML tree search: 1.349 seconds

NOTE: ModelFinder requires 8 MB RAM!
ModelFinder will test up to 24 protein models (sample size: 294) ...
 No. Model         -LnL         df  AIC          AICc         BIC
  1  LG            10545.637    73  21237.274    21286.383    21506.175
  2  LG+I          10177.164    74  20502.327    20553.012    20774.912
  3  LG+G4         9987.350     74  20122.699    20173.384    20395.284
  4  LG+I+G4       9955.471     75  20060.942    20113.236    20337.211
  8  LG+F+I+G4     9832.672     94  19853.345    19943.093    20199.601
 12  WAG+I+G4      9942.185     75  20034.370    20086.663    20310.638
 16  WAG+F+I+G4    9864.446     94  19916.891    20006.640    20263.148
 20  JTT+I+G4      9863.770     75  19877.540    19929.833    20153.808
 24  JTT+F+I+G4    9793.130     94  19774.259    19864.008    20120.516
Akaike Information Criterion:           JTT+F+I+G4
Corrected Akaike Information Criterion: JTT+F+I+G4
Bayesian Information Criterion:         JTT+F+I+G4
Best-fit model: JTT+F+I+G4 chosen according to BIC

All model information printed to results_broccoli_meto/alignments/OG_6393.iqtree.model.gz
CPU time for ModelFinder: 8.897 seconds (0h:0m:8s)
Wall-clock time for ModelFinder: 9.134 seconds (0h:0m:9s)
Generating 1000 samples for ultrafast bootstrap (seed: 452179)...

NOTE: 8 MB RAM (0 GB) is required!
Estimate model parameters (epsilon = 0.100)
Thoroughly optimizing +I+G parameters from 10 start values...
Init pinv, alpha: 0.000, 1.478 / Estimate: 0.000, 0.707 / LogL: -9820.583
Init pinv, alpha: 0.017, 1.478 / Estimate: 0.141, 1.474 / LogL: -9793.123
Init pinv, alpha: 0.034, 1.478 / Estimate: 0.141, 1.472 / LogL: -9793.121
Init pinv, alpha: 0.051, 1.478 / Estimate: 0.141, 1.476 / LogL: -9793.121
Init pinv, alpha: 0.068, 1.478 / Estimate: 0.141, 1.474 / LogL: -9793.124
Init pinv, alpha: 0.085, 1.478 / Estimate: 0.141, 1.475 / LogL: -9793.122
Init pinv, alpha: 0.102, 1.478 / Estimate: 0.141, 1.478 / LogL: -9793.123
Init pinv, alpha: 0.119, 1.478 / Estimate: 0.140, 1.476 / LogL: -9793.126
Init pinv, alpha: 0.136, 1.478 / Estimate: 0.140, 1.473 / LogL: -9793.123
Init pinv, alpha: 0.153, 1.478 / Estimate: 0.141, 1.473 / LogL: -9793.121
Optimal pinv,alpha: 0.141, 1.473 / LogL: -9793.121

Parameters optimization took 5.020 sec
Computing ML distances based on estimated model parameters...
Computing ML distances took 0.165729 sec (of wall-clock time) 0.164411 sec(of CPU time)
WARNING: Some pairwise ML distances are too long (saturated)
Computing RapidNJ tree took 0.000200 sec (of wall-clock time) 0.000198 sec (of CPU time)
Log-likelihood of RapidNJ tree: -9904.607
--------------------------------------------------------------------
|             INITIALIZING CANDIDATE TREE SET                      |
--------------------------------------------------------------------
Generating 98 parsimony trees... 0.652 second
Computing log-likelihood of 98 initial trees ... 3.188 seconds
Current best score: -9793.121

Do NNI search on 20 best initial trees
Estimate model parameters (epsilon = 0.100)
BETTER TREE FOUND at iteration 1: -9793.119
Estimate model parameters (epsilon = 0.100)
BETTER TREE FOUND at iteration 2: -9792.961
Estimate model parameters (epsilon = 0.100)
BETTER TREE FOUND at iteration 3: -9792.029
Iteration 10 / LogL: -9792.442 / Time: 0h:0m:16s
Iteration 20 / LogL: -9792.968 / Time: 0h:0m:23s
Finish initializing candidate tree set (8)
Current best tree score: -9792.029 / CPU time: 17.594
Number of iterations: 20
--------------------------------------------------------------------
|               OPTIMIZING CANDIDATE TREE SET                      |
--------------------------------------------------------------------
Iteration 30 / LogL: -9792.234 / Time: 0h:0m:31s (0h:3m:8s left)
Iteration 40 / LogL: -9792.794 / Time: 0h:0m:40s (0h:2m:47s left)
Iteration 50 / LogL: -9792.881 / Time: 0h:0m:49s (0h:2m:33s left)
Log-likelihood cutoff on original alignment: -9819.959
Iteration 60 / LogL: -9792.128 / Time: 0h:0m:57s (0h:2m:19s left)
Iteration 70 / LogL: -9792.854 / Time: 0h:1m:4s (0h:2m:4s left)
Iteration 80 / LogL: -9794.191 / Time: 0h:1m:12s (0h:1m:52s left)
Iteration 90 / LogL: -9792.229 / Time: 0h:1m:20s (0h:1m:41s left)
Iteration 100 / LogL: -9792.039 / Time: 0h:1m:27s (0h:1m:31s left)
Log-likelihood cutoff on original alignment: -9819.134
NOTE: Bootstrap correlation coefficient of split occurrence frequencies: 0.998
Iteration 110 / LogL: -9807.383 / Time: 0h:1m:35s (0h:1m:21s left)
Iteration 120 / LogL: -9792.225 / Time: 0h:1m:44s (0h:1m:12s left)
Iteration 130 / LogL: -9792.713 / Time: 0h:1m:52s (0h:1m:3s left)
Iteration 140 / LogL: -9792.096 / Time: 0h:2m:0s (0h:0m:54s left)
Iteration 150 / LogL: -9792.537 / Time: 0h:2m:7s (0h:0m:45s left)
Log-likelihood cutoff on original alignment: -9819.134
Iteration 160 / LogL: -9792.067 / Time: 0h:2m:15s (0h:0m:36s left)
Iteration 170 / LogL: -9795.614 / Time: 0h:2m:22s (0h:0m:27s left)
Iteration 180 / LogL: -9792.174 / Time: 0h:2m:30s (0h:0m:19s left)
Iteration 190 / LogL: -9807.407 / Time: 0h:2m:37s (0h:0m:10s left)
Iteration 200 / LogL: -9795.095 / Time: 0h:2m:45s (0h:0m:2s left)
Log-likelihood cutoff on original alignment: -9819.134
NOTE: Bootstrap correlation coefficient of split occurrence frequencies: 0.999
TREE SEARCH COMPLETED AFTER 204 ITERATIONS / Time: 0h:2m:48s

--------------------------------------------------------------------
|                    FINALIZING TREE SEARCH                        |
--------------------------------------------------------------------
Performs final model parameters optimization
Estimate model parameters (epsilon = 0.010)
1. Initial log-likelihood: -9792.029
Optimal log-likelihood: -9792.026
Proportion of invariable sites: 0.141
Gamma shape alpha: 1.473
Parameters optimization took 1 rounds (0.102 sec)
BEST SCORE FOUND : -9792.026
Creating bootstrap support values...
Split supports printed to NEXUS file results_broccoli_meto/alignments/OG_6393.iqtree.splits.nex
Total tree length: 17.501

Total number of iterations: 204
CPU time used for tree search: 162.742 sec (0h:2m:42s)
Wall-clock time used for tree search: 162.914 sec (0h:2m:42s)
Total CPU time used: 168.471 sec (0h:2m:48s)
Total wall-clock time used: 168.966 sec (0h:2m:48s)

Computing bootstrap consensus tree...
Reading input file results_broccoli_meto/alignments/OG_6393.iqtree.splits.nex...
38 taxa and 247 splits.
Consensus tree written to results_broccoli_meto/alignments/OG_6393.iqtree.contree
Reading input trees file results_broccoli_meto/alignments/OG_6393.iqtree.contree
Log-likelihood of consensus tree: -9792.027

Analysis results written to: 
  IQ-TREE report:                results_broccoli_meto/alignments/OG_6393.iqtree.iqtree
  Maximum-likelihood tree:       results_broccoli_meto/alignments/OG_6393.iqtree.treefile
  Likelihood distances:          results_broccoli_meto/alignments/OG_6393.iqtree.mldist

Ultrafast bootstrap approximation results written to:
  Split support values:          results_broccoli_meto/alignments/OG_6393.iqtree.splits.nex
  Consensus tree:                results_broccoli_meto/alignments/OG_6393.iqtree.contree
  Screen log file:               results_broccoli_meto/alignments/OG_6393.iqtree.log

Date and Time: Fri Dec 16 19:07:42 2022
