IQ-TREE multicore version 2.1.0 for Linux 64-bit built Jul 18 2020
Developed by Bui Quang Minh, James Barbetti, Nguyen Lam Tung,
Olga Chernomor, Heiko Schmidt, Dominik Schrempf, Michael Woodhams.

Host:    node-hp0510.linux.crg.es (AVX, 125 GB RAM)
Command: /users/asebe/xgraubove/Programes/iqtree-2.1.0-Linux/bin/iqtree2 -s results_broccoli_meto/alignments/OG_6395.lt.fasta -m TEST -mset LG,WAG,JTT -nt AUTO -ntmax 2 -bb 1000 -pre results_broccoli_meto/alignments/OG_6395.iqtree -nm 10000 -nstop 200 -cptime 1800
Seed:    310543 (Using SPRNG - Scalable Parallel Random Number Generator)
Time:    Fri Dec 16 19:10:55 2022
Kernel:  AVX - auto-detect threads (2 CPU cores detected)

Reading alignment file results_broccoli_meto/alignments/OG_6395.lt.fasta ... Fasta format detected
Alignment most likely contains protein sequences
Alignment has 57 sequences with 990 columns, 989 distinct patterns
980 parsimony-informative, 0 singleton sites, 10 constant sites
                                                        Gap/Ambiguity  Composition  p-value
   1  Hsap_ENST00000319080                                     28.99%    failed      0.24%
   2  Bralan_BLAG01001304_3                                    17.37%    passed     22.53%
   3  Nvec_v1g26800                                            80.51%    passed     74.12%
   4  Fspp_ffun1.m4.32877.m1                                    5.35%    passed     18.42%
   5  Gasp_gasp1.m3.9632.m1                                     7.88%    passed     79.61%
   6  Spis_XP_022800525_1                                       7.07%    passed     49.79%
   7  Pocdam_XM_027185526.1                                     4.24%    passed     80.66%
   8  Gfas_gfas1.m1.17113.m1                                    7.37%    passed     36.65%
   9  Amil_Amillepora24959-RA                                  14.55%    passed     19.58%
  10  Tcas_TC034695_001                                        83.94%    failed      4.96%
  11  Acagra_model.g14228.t1_model.g14229.t1                   22.83%    passed     12.39%
  12  Dpul_mRNA22861                                           79.29%    failed      0.80%
  13  Cgig_XM_034443429.1                                      25.96%    failed      0.05%
  14  Ctel_gnl_WGS_AMQN_CAPTEDRAFT_mRNA219042                  27.47%    passed     12.97%
  15  Dgig_XM_028540938.1                                      10.40%    passed     42.38%
  16  Xesp_005051-T1                                           19.49%    passed      8.02%
  17  Cscu_XM_023384836.1                                      41.11%    failed      1.08%
  18  Ocar_g8493                                               83.33%    failed      1.79%
  19  Opea_EP00118_Oscarella_pearsei_P005609                   36.97%    failed      0.00%
  20  Tadh_TriadT28773                                         84.14%    passed     34.19%
  21  TrH2_TrispH2_005936-RA                                   23.64%    passed      6.81%
  22  HoiH06_mRNA7919                                          28.59%    passed      5.69%
  23  HoiH23_PlH23_000690-RA                                   24.75%    failed      2.48%
  24  Hhon_g02672.t1                                           25.05%    passed     10.04%
  25  HoiH04_mRNA3243                                          25.05%    passed      9.38%
  26  HoiH11_mRNA7984                                          84.04%    passed     38.41%
  27  Spur_XM_030991625.1                                       7.68%    failed      0.00%
  28  Exapal_XM_021053942.1                                    86.06%    passed     53.04%
  29  Scil_scict007582.1                                       90.61%    passed     11.72%
  30  Gracom_Gcom_scaffold3391_01                              30.61%    failed      0.15%
  31  Leuniv_Lniv_scaffold22178_01                             36.57%    passed     22.72%
  32  Lcom_lcpid52409                                          31.62%    failed      0.48%
  33  Morvir_scaffold103.g70.t1                                13.84%    passed      7.40%
  34  Aque_Aqu2.1.39736_001                                    19.39%    passed     12.80%
  35  Halamb_c40966_g1_i1mm.874                                19.49%    passed     19.61%
  36  Emue_Em0015g325a.t1                                      14.85%    failed      0.00%
  37  Spolac_c100295_g1_i2_m.22036c100295-g1                   56.36%    passed     16.81%
  38  Tetwil_g9632.t2                                          20.51%    failed      2.84%
  39  Stycar_maker-SC_scaffold10098-augustus-gene-0.2-mRNA-1   80.40%    passed     67.24%
  40  Plajan_Pjan_scaffold10597_01                             23.03%    failed      1.68%
  41  Nemnom_g19694.t1                                         60.40%    passed     20.47%
  42  Rhoesc_Res_006462-T1                                      8.99%    passed      7.76%
  43  Sanmal_Sma_019180-T1                                      7.17%    failed      3.96%
  44  Plespi_Pspi_C612496_01                                   34.34%    passed     98.93%
  45  Hvul_g23599_1                                            79.09%    failed      0.59%
  46  Chem_TCONS_00058323                                      17.68%    failed      1.11%
  47  Mlei_ML0708.g11.i1                                       47.58%    passed     16.24%
  48  Beraby_Baby_sb335574                                     78.99%    passed     44.27%
  49  Drygla_Dgla_sb294497                                     69.90%    failed      1.15%
  50  Pbac_sb2665253                                           48.99%    passed      5.14%
  51  Horcal_Hcv1.av93.c3.g1349.i1                             47.17%    passed      8.00%
  52  Vmul_Simscaffold13534_01                                 65.96%    passed     24.04%
  53  Coeast_Cast_sb765582                                     85.15%    failed      2.48%
  54  Coemet_Cmet_scaffold20210_01                             50.00%    failed      1.58%
  55  Lampan_Lpan_C388943_01                                   81.52%    failed      1.79%
  56  Clacor_Ccor_scaffold14038_01                             88.99%    passed     40.55%
  57  Skow_XM_006815495.1                                      15.86%    passed      6.05%
WARNING: 18 sequences contain more than 50% gaps/ambiguity
****  TOTAL                                                    40.67%  21 sequences failed composition chi2 test (p-value<5%; df=19)


Create initial parsimony tree by phylogenetic likelihood library (PLL)... 0.032 seconds
Measuring multi-threading efficiency up to 2 CPU cores
Increase to 10 rounds for branch lengths
2 trees examined
Threads: 1 / Time: 2.911 sec / Speedup: 1.000 / Efficiency: 100% / LogL: -71721
Threads: 2 / Time: 1.518 sec / Speedup: 1.918 / Efficiency: 96% / LogL: -71721
BEST NUMBER OF THREADS: 2

Perform fast likelihood tree search using LG+I+G model...
Estimate model parameters (epsilon = 5.000)
Perform nearest neighbor interchange...
Estimate model parameters (epsilon = 1.000)
1. Initial log-likelihood: -56478.996
Optimal log-likelihood: -56478.889
Proportion of invariable sites: 0.008
Gamma shape alpha: 1.687
Parameters optimization took 1 rounds (0.303 sec)
Time for fast ML tree search: 3.407 seconds

NOTE: ModelFinder requires 39 MB RAM!
ModelFinder will test up to 24 protein models (sample size: 990) ...
 No. Model         -LnL         df  AIC          AICc         BIC
  1  LG            57801.636    111 115825.271   115853.590   116368.917
  2  LG+I          57700.239    112 115624.478   115653.340   116173.021
  3  LG+G4         56496.271    112 113216.541   113245.403   113765.084
  4  LG+I+G4       56478.890    113 113183.781   113213.192   113737.222
  8  LG+F+I+G4     55681.896    132 111627.792   111668.763   112274.289
 12  WAG+I+G4      56446.165    113 113118.330   113147.741   113671.771
 16  WAG+F+I+G4    55780.352    132 111824.705   111865.676   112471.202
 20  JTT+I+G4      56146.309    113 112518.618   112548.029   113072.058
 24  JTT+F+I+G4    55507.785    132 111279.570   111320.541   111926.067
Akaike Information Criterion:           JTT+F+I+G4
Corrected Akaike Information Criterion: JTT+F+I+G4
Bayesian Information Criterion:         JTT+F+I+G4
Best-fit model: JTT+F+I+G4 chosen according to BIC

All model information printed to results_broccoli_meto/alignments/OG_6395.iqtree.model.gz
CPU time for ModelFinder: 31.862 seconds (0h:0m:31s)
Wall-clock time for ModelFinder: 18.235 seconds (0h:0m:18s)
Generating 1000 samples for ultrafast bootstrap (seed: 310543)...

NOTE: 39 MB RAM (0 GB) is required!
Estimate model parameters (epsilon = 0.100)
Thoroughly optimizing +I+G parameters from 10 start values...
Init pinv, alpha: 0.000, 1.660 / Estimate: 0.009, 1.661 / LogL: -55507.777
Init pinv, alpha: 0.001, 1.660 / Estimate: 0.009, 1.666 / LogL: -55507.775
Init pinv, alpha: 0.002, 1.660 / Estimate: 0.009, 1.664 / LogL: -55507.777
Init pinv, alpha: 0.003, 1.660 / Estimate: 0.009, 1.663 / LogL: -55507.776
Init pinv, alpha: 0.004, 1.660 / Estimate: 0.009, 1.665 / LogL: -55507.775
Init pinv, alpha: 0.006, 1.660 / Estimate: 0.009, 1.665 / LogL: -55507.775
Init pinv, alpha: 0.007, 1.660 / Estimate: 0.009, 1.665 / LogL: -55507.775
Init pinv, alpha: 0.008, 1.660 / Estimate: 0.009, 1.663 / LogL: -55507.776
Init pinv, alpha: 0.009, 1.660 / Estimate: 0.009, 1.663 / LogL: -55507.776
Init pinv, alpha: 0.010, 1.660 / Estimate: 0.009, 1.663 / LogL: -55507.778
Optimal pinv,alpha: 0.009, 1.665 / LogL: -55507.775

Parameters optimization took 6.100 sec
Computing ML distances based on estimated model parameters...
Computing ML distances took 0.244692 sec (of wall-clock time) 0.477191 sec(of CPU time)
WARNING: Some pairwise ML distances are too long (saturated)
Computing RapidNJ tree took 0.000892 sec (of wall-clock time) 0.000879 sec (of CPU time)
Log-likelihood of RapidNJ tree: -55785.747
--------------------------------------------------------------------
|             INITIALIZING CANDIDATE TREE SET                      |
--------------------------------------------------------------------
Generating 98 parsimony trees... 3.664 second
Computing log-likelihood of 98 initial trees ... 9.093 seconds
Current best score: -55507.775

Do NNI search on 20 best initial trees
Estimate model parameters (epsilon = 0.100)
BETTER TREE FOUND at iteration 1: -55502.507
Estimate model parameters (epsilon = 0.100)
BETTER TREE FOUND at iteration 2: -55498.212
Iteration 10 / LogL: -55504.775 / Time: 0h:0m:44s
Iteration 20 / LogL: -55502.446 / Time: 0h:1m:6s
Finish initializing candidate tree set (12)
Current best tree score: -55498.212 / CPU time: 55.657
Number of iterations: 20
--------------------------------------------------------------------
|               OPTIMIZING CANDIDATE TREE SET                      |
--------------------------------------------------------------------
Iteration 30 / LogL: -55499.017 / Time: 0h:1m:30s (0h:8m:58s left)
Iteration 40 / LogL: -55498.637 / Time: 0h:1m:53s (0h:7m:53s left)
Iteration 50 / LogL: -55504.745 / Time: 0h:2m:14s (0h:6m:58s left)
Log-likelihood cutoff on original alignment: -55542.348
Iteration 60 / LogL: -55503.198 / Time: 0h:2m:39s (0h:6m:22s left)
Iteration 70 / LogL: -55498.525 / Time: 0h:3m:1s (0h:5m:46s left)
Iteration 80 / LogL: -55498.416 / Time: 0h:3m:21s (0h:5m:11s left)
Iteration 90 / LogL: -55498.531 / Time: 0h:3m:43s (0h:4m:41s left)
Iteration 100 / LogL: -55499.140 / Time: 0h:4m:5s (0h:4m:12s left)
Log-likelihood cutoff on original alignment: -55542.348
NOTE: Bootstrap correlation coefficient of split occurrence frequencies: 0.999
Iteration 110 / LogL: -55499.975 / Time: 0h:4m:28s (0h:3m:46s left)
Iteration 120 / LogL: -55499.817 / Time: 0h:4m:52s (0h:3m:21s left)
Iteration 130 / LogL: -55521.601 / Time: 0h:5m:14s (0h:2m:55s left)
Iteration 140 / LogL: -55518.991 / Time: 0h:5m:36s (0h:2m:30s left)
Iteration 150 / LogL: -55504.620 / Time: 0h:5m:58s (0h:2m:4s left)
Log-likelihood cutoff on original alignment: -55542.348
Iteration 160 / LogL: -55502.014 / Time: 0h:6m:21s (0h:1m:40s left)
Iteration 170 / LogL: -55500.316 / Time: 0h:6m:43s (0h:1m:16s left)
Iteration 180 / LogL: -55525.691 / Time: 0h:7m:6s (0h:0m:52s left)
Iteration 190 / LogL: -55499.934 / Time: 0h:7m:27s (0h:0m:28s left)
Iteration 200 / LogL: -55498.851 / Time: 0h:7m:48s (0h:0m:4s left)
Log-likelihood cutoff on original alignment: -55542.348
NOTE: Bootstrap correlation coefficient of split occurrence frequencies: 1.000
TREE SEARCH COMPLETED AFTER 203 ITERATIONS / Time: 0h:7m:54s

--------------------------------------------------------------------
|                    FINALIZING TREE SEARCH                        |
--------------------------------------------------------------------
Performs final model parameters optimization
Estimate model parameters (epsilon = 0.010)
1. Initial log-likelihood: -55498.212
Optimal log-likelihood: -55498.209
Proportion of invariable sites: 0.009
Gamma shape alpha: 1.646
Parameters optimization took 1 rounds (0.304 sec)
BEST SCORE FOUND : -55498.209
Creating bootstrap support values...
Split supports printed to NEXUS file results_broccoli_meto/alignments/OG_6395.iqtree.splits.nex
Total tree length: 44.765

Total number of iterations: 203
CPU time used for tree search: 912.907 sec (0h:15m:12s)
Wall-clock time used for tree search: 463.955 sec (0h:7m:43s)
Total CPU time used: 928.525 sec (0h:15m:28s)
Total wall-clock time used: 474.861 sec (0h:7m:54s)

Computing bootstrap consensus tree...
Reading input file results_broccoli_meto/alignments/OG_6395.iqtree.splits.nex...
57 taxa and 271 splits.
Consensus tree written to results_broccoli_meto/alignments/OG_6395.iqtree.contree
Reading input trees file results_broccoli_meto/alignments/OG_6395.iqtree.contree
Log-likelihood of consensus tree: -55498.210

Analysis results written to: 
  IQ-TREE report:                results_broccoli_meto/alignments/OG_6395.iqtree.iqtree
  Maximum-likelihood tree:       results_broccoli_meto/alignments/OG_6395.iqtree.treefile
  Likelihood distances:          results_broccoli_meto/alignments/OG_6395.iqtree.mldist

Ultrafast bootstrap approximation results written to:
  Split support values:          results_broccoli_meto/alignments/OG_6395.iqtree.splits.nex
  Consensus tree:                results_broccoli_meto/alignments/OG_6395.iqtree.contree
  Screen log file:               results_broccoli_meto/alignments/OG_6395.iqtree.log

Date and Time: Fri Dec 16 19:19:09 2022
