IQ-TREE multicore version 2.1.0 for Linux 64-bit built Jul 18 2020
Developed by Bui Quang Minh, James Barbetti, Nguyen Lam Tung,
Olga Chernomor, Heiko Schmidt, Dominik Schrempf, Michael Woodhams.

Host:    node-hp0512.linux.crg.es (AVX, 125 GB RAM)
Command: /users/asebe/xgraubove/Programes/iqtree-2.1.0-Linux/bin/iqtree2 -s results_broccoli_meto/alignments/OG_7025.lt.fasta -m TEST -mset LG,WAG,JTT -nt AUTO -ntmax 2 -bb 1000 -pre results_broccoli_meto/alignments/OG_7025.iqtree -nm 10000 -nstop 200 -cptime 1800
Seed:    797327 (Using SPRNG - Scalable Parallel Random Number Generator)
Time:    Fri Dec 16 19:31:00 2022
Kernel:  AVX - auto-detect threads (2 CPU cores detected)

Reading alignment file results_broccoli_meto/alignments/OG_7025.lt.fasta ... Fasta format detected
Alignment most likely contains protein sequences
Alignment has 38 sequences with 304 columns, 300 distinct patterns
291 parsimony-informative, 0 singleton sites, 13 constant sites
                                         Gap/Ambiguity  Composition  p-value
   1  Bralan_BLAG11001058_1                      5.26%    passed     49.23%
   2  Spur_XM_030987323.1                        3.95%    passed     66.96%
   3  Scil_scict012004.1                         8.22%    passed     94.20%
   4  Gracom_Gcom_C535852_01                     8.22%    passed     79.30%
   5  Lcom_lcpid73075                            8.22%    passed     87.57%
   6  Leuniv_Lniv_scaffold5114_01                8.22%    passed     61.70%
   7  Clacor_Ccor_scaffold12577_01              16.45%    passed     90.30%
   8  Emue_Em0009g1283a.t1                       7.24%    passed     46.66%
   9  Spolac_c103597_g1_i1_m.35076c103597-g1     5.92%    passed     20.85%
  10  Skow_XM_002737299.2                        4.93%    passed     80.73%
  11  Cgig_XM_011419807.3                        1.64%    passed     94.16%
  12  Exapal_XM_021057599.2                      2.96%    passed     91.46%
  13  Nvec_v1g239331                            30.92%    passed     99.32%
  14  Adig_XM_015906205.1                        5.92%    passed     99.72%
  15  Amil_Amillepora24856-RA                    2.96%    passed     99.55%
  16  Gfas_gfas1.m1.1858.m1                      2.63%    passed     92.03%
  17  Fspp_ffun1.m4.17040.m1                     2.96%    passed     90.25%
  18  Gasp_gasp1.m3.18951.m1                     6.58%    passed     99.78%
  19  Spis_XP_022790647_1                        2.96%    passed     99.85%
  20  Pocdam_XM_027190250.1                      2.96%    passed     99.52%
  21  Nemnom_g5071.t1                            1.64%    passed     99.18%
  22  Rhoesc_Res_006051-T1                       1.64%    passed     95.36%
  23  Sanmal_Sma_018596-T1                       3.29%    passed     42.64%
  24  Morvir_scaffold97.g66.t1                   1.32%    passed     58.80%
  25  Chem_TCONS_00034683                        2.63%    passed     57.15%
  26  Ctel_gnl_WGS_AMQN_CAPTEDRAFT_mRNA224266   10.20%    passed     92.42%
  27  Acagra_model.g30964.t1.2.5d3b8d32          9.21%    passed     63.71%
  28  Dgig_XM_028540842.1                        2.30%    passed     48.23%
  29  Xesp_005063-T1                            10.86%    passed     52.05%
  30  Cscu_XM_023362350.1                        4.61%    passed     42.00%
  31  Mlei_ML0734.g3.i1                         14.47%    failed      1.77%
  32  Beraby_Baby_sb322519                      20.39%    passed     73.81%
  33  Bolinf_Binf_sb1301695                     14.47%    passed     18.86%
  34  Mertsp_Mesp_sb530496                      16.12%    passed     19.57%
  35  Lampan_Lpan_C402103_01                    21.05%    passed      8.23%
  36  Eupdun_Edun_sb10605854                    35.20%    passed     83.62%
  37  Vmul_SimC391006                           16.45%    passed     24.61%
  38  Coemet_Cmet_C593583_01                    15.79%    passed     13.30%
****  TOTAL                                      8.97%  1 sequences failed composition chi2 test (p-value<5%; df=19)


Create initial parsimony tree by phylogenetic likelihood library (PLL)... 0.007 seconds
Measuring multi-threading efficiency up to 2 CPU cores
Increase to 10 rounds for branch lengths
8 trees examined
Threads: 1 / Time: 2.279 sec / Speedup: 1.000 / Efficiency: 100% / LogL: -17703
Threads: 2 / Time: 1.241 sec / Speedup: 1.837 / Efficiency: 92% / LogL: -17703
BEST NUMBER OF THREADS: 2

Perform fast likelihood tree search using LG+I+G model...
Estimate model parameters (epsilon = 5.000)
Perform nearest neighbor interchange...
Estimate model parameters (epsilon = 1.000)
1. Initial log-likelihood: -13923.582
Optimal log-likelihood: -13923.371
Proportion of invariable sites: 0.030
Gamma shape alpha: 1.236
Parameters optimization took 1 rounds (0.056 sec)
Time for fast ML tree search: 0.522 seconds

NOTE: ModelFinder requires 8 MB RAM!
ModelFinder will test up to 24 protein models (sample size: 304) ...
 No. Model         -LnL         df  AIC          AICc         BIC
  1  LG            14569.916    73  29285.831    29332.805    29557.174
  2  LG+I          14466.073    74  29080.147    29128.618    29355.207
  3  LG+G4         13930.576    74  28009.152    28057.623    28284.212
  4  LG+I+G4       13923.364    75  27996.728    28046.728    28275.505
  7  LG+F+G4       13915.319    93  28016.638    28099.895    28362.321
  8  LG+F+I+G4     13907.298    94  28002.596    28088.050    28351.996
 11  WAG+G4        14034.097    74  28216.195    28264.667    28491.255
 12  WAG+I+G4      14025.418    75  28200.835    28250.835    28479.613
 15  WAG+F+G4      14001.319    93  28188.638    28271.896    28534.322
 16  WAG+F+I+G4    13992.414    94  28172.828    28258.283    28522.229
 19  JTT+G4        14041.066    74  28230.131    28278.603    28505.191
 20  JTT+I+G4      14031.993    75  28213.985    28263.985    28492.763
 23  JTT+F+G4      14013.809    93  28213.619    28296.876    28559.302
 24  JTT+F+I+G4    14003.982    94  28195.964    28281.418    28545.364
Akaike Information Criterion:           LG+I+G4
Corrected Akaike Information Criterion: LG+I+G4
Bayesian Information Criterion:         LG+I+G4
Best-fit model: LG+I+G4 chosen according to BIC

All model information printed to results_broccoli_meto/alignments/OG_7025.iqtree.model.gz
CPU time for ModelFinder: 10.041 seconds (0h:0m:10s)
Wall-clock time for ModelFinder: 6.288 seconds (0h:0m:6s)
Generating 1000 samples for ultrafast bootstrap (seed: 797327)...

NOTE: 8 MB RAM (0 GB) is required!
Estimate model parameters (epsilon = 0.100)
Thoroughly optimizing +I+G parameters from 10 start values...
Init pinv, alpha: 0.000, 1.245 / Estimate: 0.000, 1.071 / LogL: -13930.555
Init pinv, alpha: 0.005, 1.245 / Estimate: 0.030, 1.242 / LogL: -13923.370
Init pinv, alpha: 0.010, 1.245 / Estimate: 0.031, 1.244 / LogL: -13923.363
Init pinv, alpha: 0.014, 1.245 / Estimate: 0.031, 1.243 / LogL: -13923.366
Init pinv, alpha: 0.019, 1.245 / Estimate: 0.031, 1.244 / LogL: -13923.362
Init pinv, alpha: 0.024, 1.245 / Estimate: 0.031, 1.242 / LogL: -13923.364
Init pinv, alpha: 0.029, 1.245 / Estimate: 0.031, 1.241 / LogL: -13923.364
Init pinv, alpha: 0.033, 1.245 / Estimate: 0.032, 1.247 / LogL: -13923.360
Init pinv, alpha: 0.038, 1.245 / Estimate: 0.032, 1.245 / LogL: -13923.359
Init pinv, alpha: 0.043, 1.245 / Estimate: 0.032, 1.245 / LogL: -13923.362
Optimal pinv,alpha: 0.032, 1.245 / LogL: -13923.359

Parameters optimization took 1.603 sec
Computing ML distances based on estimated model parameters...
Computing ML distances took 0.103336 sec (of wall-clock time) 0.205037 sec(of CPU time)
Computing RapidNJ tree took 0.000568 sec (of wall-clock time) 0.001117 sec (of CPU time)
Log-likelihood of RapidNJ tree: -14004.588
--------------------------------------------------------------------
|             INITIALIZING CANDIDATE TREE SET                      |
--------------------------------------------------------------------
Generating 98 parsimony trees... 0.733 second
Computing log-likelihood of 98 initial trees ... 1.724 seconds
Current best score: -13923.359

Do NNI search on 20 best initial trees
Estimate model parameters (epsilon = 0.100)
BETTER TREE FOUND at iteration 1: -13923.359
Estimate model parameters (epsilon = 0.100)
BETTER TREE FOUND at iteration 2: -13911.382
Iteration 10 / LogL: -13912.427 / Time: 0h:0m:6s
Iteration 20 / LogL: -13911.564 / Time: 0h:0m:9s
Finish initializing candidate tree set (4)
Current best tree score: -13911.382 / CPU time: 7.222
Number of iterations: 20
--------------------------------------------------------------------
|               OPTIMIZING CANDIDATE TREE SET                      |
--------------------------------------------------------------------
Iteration 30 / LogL: -13911.802 / Time: 0h:0m:12s (0h:1m:15s left)
Iteration 40 / LogL: -13911.456 / Time: 0h:0m:16s (0h:1m:7s left)
Iteration 50 / LogL: -13911.897 / Time: 0h:0m:19s (0h:1m:0s left)
Log-likelihood cutoff on original alignment: -13940.908
Estimate model parameters (epsilon = 0.100)
UPDATE BEST LOG-LIKELIHOOD: -13911.365
Iteration 60 / LogL: -13911.887 / Time: 0h:0m:23s (0h:0m:55s left)
Iteration 70 / LogL: -13915.554 / Time: 0h:0m:26s (0h:0m:51s left)
Iteration 80 / LogL: -13915.656 / Time: 0h:0m:30s (0h:0m:47s left)
Iteration 90 / LogL: -13912.324 / Time: 0h:0m:33s (0h:0m:42s left)
Iteration 100 / LogL: -13911.435 / Time: 0h:0m:36s (0h:0m:37s left)
Log-likelihood cutoff on original alignment: -13940.908
NOTE: Bootstrap correlation coefficient of split occurrence frequencies: 0.999
Iteration 110 / LogL: -13911.467 / Time: 0h:0m:40s (0h:0m:34s left)
Iteration 120 / LogL: -13915.089 / Time: 0h:0m:43s (0h:0m:30s left)
Iteration 130 / LogL: -13920.273 / Time: 0h:0m:47s (0h:0m:26s left)
Iteration 140 / LogL: -13912.497 / Time: 0h:0m:50s (0h:0m:22s left)
Iteration 150 / LogL: -13911.502 / Time: 0h:0m:54s (0h:0m:18s left)
Log-likelihood cutoff on original alignment: -13941.014
Iteration 160 / LogL: -13914.675 / Time: 0h:0m:57s (0h:0m:15s left)
Iteration 170 / LogL: -13912.039 / Time: 0h:1m:0s (0h:0m:11s left)
Iteration 180 / LogL: -13911.633 / Time: 0h:1m:4s (0h:0m:7s left)
Iteration 190 / LogL: -13911.469 / Time: 0h:1m:7s (0h:0m:4s left)
Iteration 200 / LogL: -13915.515 / Time: 0h:1m:11s (0h:0m:0s left)
Log-likelihood cutoff on original alignment: -13941.255
NOTE: Bootstrap correlation coefficient of split occurrence frequencies: 0.999
TREE SEARCH COMPLETED AFTER 203 ITERATIONS / Time: 0h:1m:12s

--------------------------------------------------------------------
|                    FINALIZING TREE SEARCH                        |
--------------------------------------------------------------------
Performs final model parameters optimization
Estimate model parameters (epsilon = 0.010)
1. Initial log-likelihood: -13911.365
Optimal log-likelihood: -13911.364
Proportion of invariable sites: 0.030
Gamma shape alpha: 1.237
Parameters optimization took 1 rounds (0.056 sec)
BEST SCORE FOUND : -13911.364
Creating bootstrap support values...
Split supports printed to NEXUS file results_broccoli_meto/alignments/OG_7025.iqtree.splits.nex
Total tree length: 21.275

Total number of iterations: 203
CPU time used for tree search: 139.015 sec (0h:2m:19s)
Wall-clock time used for tree search: 70.159 sec (0h:1m:10s)
Total CPU time used: 143.304 sec (0h:2m:23s)
Total wall-clock time used: 72.471 sec (0h:1m:12s)

Computing bootstrap consensus tree...
Reading input file results_broccoli_meto/alignments/OG_7025.iqtree.splits.nex...
38 taxa and 198 splits.
Consensus tree written to results_broccoli_meto/alignments/OG_7025.iqtree.contree
Reading input trees file results_broccoli_meto/alignments/OG_7025.iqtree.contree
Log-likelihood of consensus tree: -13912.607

Analysis results written to: 
  IQ-TREE report:                results_broccoli_meto/alignments/OG_7025.iqtree.iqtree
  Maximum-likelihood tree:       results_broccoli_meto/alignments/OG_7025.iqtree.treefile
  Likelihood distances:          results_broccoli_meto/alignments/OG_7025.iqtree.mldist

Ultrafast bootstrap approximation results written to:
  Split support values:          results_broccoli_meto/alignments/OG_7025.iqtree.splits.nex
  Consensus tree:                results_broccoli_meto/alignments/OG_7025.iqtree.contree
  Screen log file:               results_broccoli_meto/alignments/OG_7025.iqtree.log

Date and Time: Fri Dec 16 19:32:19 2022
