IQ-TREE multicore version 2.1.0 for Linux 64-bit built Jul 18 2020
Developed by Bui Quang Minh, James Barbetti, Nguyen Lam Tung,
Olga Chernomor, Heiko Schmidt, Dominik Schrempf, Michael Woodhams.

Host:    node-hp0206.linux.crg.es (AVX, 125 GB RAM)
Command: /users/asebe/xgraubove/Programes/iqtree-2.1.0-Linux/bin/iqtree2 -s results_broccoli_meto/alignments/OG_752.lt.fasta -m TEST -mset LG,WAG,JTT -nt AUTO -ntmax 2 -bb 1000 -pre results_broccoli_meto/alignments/OG_752.iqtree -nm 10000 -nstop 200 -cptime 1800
Seed:    871151 (Using SPRNG - Scalable Parallel Random Number Generator)
Time:    Fri Dec 16 19:53:41 2022
Kernel:  AVX - auto-detect threads (2 CPU cores detected)

Reading alignment file results_broccoli_meto/alignments/OG_752.lt.fasta ... Fasta format detected
Alignment most likely contains protein sequences
Alignment has 32 sequences with 254 columns, 254 distinct patterns
249 parsimony-informative, 0 singleton sites, 5 constant sites
                                                      Gap/Ambiguity  Composition  p-value
   1  Hsap_ENST00000357429                                   33.46%    failed      0.00%
   2  Bralan_BLAG09000234_1                                   7.48%    failed      3.26%
   3  Exapal_XM_021040253.2                                  16.54%    passed     66.62%
   4  Nvec_v1g238825                                          5.51%    passed     71.65%
   5  Adig_XM_015911377.1                                    16.54%    passed     68.81%
   6  Amil_Amillepora14163-RA                                17.32%    passed     68.46%
   7  Gfas_gfas1.m1.17569.m1                                 13.78%    passed     95.73%
   8  Fspp_ffun1.m4.26499.m1                                 12.20%    passed     79.92%
   9  Spis_XP_022800263_1                                    59.84%    passed     71.94%
  10  Pocdam_XM_027190070.1                                  14.57%    passed     90.42%
  11  Tadh_TriadT53944                                       51.18%    passed     34.21%
  12  TrH2_TrispH2_005695-RA                                 46.46%    passed     51.60%
  13  Hhon_g00347.t1                                         50.79%    passed     61.23%
  14  HoiH04_mRNA18052                                       50.79%    passed     72.83%
  15  HoiH23_PlH23_003739-RA                                 50.79%    passed     52.20%
  16  HoiH11_mRNA8728                                        54.33%    passed     81.14%
  17  Sanmal_Sma_012594-T1                                   20.87%    passed     12.85%
  18  Gracom_Gcom_scaffold9298_01                            27.56%    passed     53.59%
  19  Aaur_scaffold47.g40.t2                                 27.17%    passed     22.31%
  20  Nemnom_g9084.t1                                        17.32%    passed     99.67%
  21  Rhoesc_Res_014370-T1                                   11.81%    failed      4.92%
  22  Scil_scict020985.1                                     18.11%    passed     26.68%
  23  Lcom_lcpid14325                                        24.41%    failed      2.82%
  24  Tcas_TC007747_001                                      37.01%    passed     64.40%
  25  Cgig_XM_011446919.3                                    14.57%    passed     70.71%
  26  Acagra_model.g4047.t1.2.5d3b82f9                        2.36%    passed     71.73%
  27  Aque_Aqu2.1.43377_001                                  46.46%    passed     24.42%
  28  Emue_Em0020g946a.t1                                    11.42%    passed      8.42%
  29  Spolac_c98812_g1_i1_m.18068c98812-g1                   16.14%    passed     67.66%
  30  Tetwil_g4205.t1                                        25.59%    passed     15.05%
  31  Stycar_maker-SC_scaffold118481-snap-gene-0.46-mRNA-1   15.75%    failed      0.30%
  32  Gasp_gasp1.m1b.34573.m1                                62.60%    passed      6.45%
WARNING: 7 sequences contain more than 50% gaps/ambiguity
****  TOTAL                                                  27.52%  5 sequences failed composition chi2 test (p-value<5%; df=19)


Create initial parsimony tree by phylogenetic likelihood library (PLL)... 0.006 seconds
Measuring multi-threading efficiency up to 2 CPU cores
Increase to 10 rounds for branch lengths
10 trees examined
Threads: 1 / Time: 2.101 sec / Speedup: 1.000 / Efficiency: 100% / LogL: -12957
Threads: 2 / Time: 1.137 sec / Speedup: 1.848 / Efficiency: 92% / LogL: -12957
BEST NUMBER OF THREADS: 2

Perform fast likelihood tree search using LG+I+G model...
Estimate model parameters (epsilon = 5.000)
Perform nearest neighbor interchange...
Estimate model parameters (epsilon = 1.000)
1. Initial log-likelihood: -11358.088
Optimal log-likelihood: -11358.016
Proportion of invariable sites: 0.019
Gamma shape alpha: 2.470
Parameters optimization took 1 rounds (0.078 sec)
Time for fast ML tree search: 0.516 seconds

NOTE: ModelFinder requires 6 MB RAM!
ModelFinder will test up to 24 protein models (sample size: 254) ...
 No. Model         -LnL         df  AIC          AICc         BIC
  1  LG            11590.033    61  23302.065    23341.461    23517.843
  2  LG+I          11535.743    62  23195.486    23236.386    23414.800
  3  LG+G4         11374.451    62  22872.902    22913.803    23092.217
  4  LG+I+G4       11358.021    63  22842.043    22884.485    23064.895
  8  LG+F+I+G4     11284.922    82  22733.844    22813.446    23023.905
 12  WAG+I+G4      11346.385    63  22818.770    22861.212    23041.622
 16  WAG+F+I+G4    11311.254    82  22786.507    22866.110    23076.569
 20  JTT+I+G4      11371.806    63  22869.612    22912.054    23092.464
 24  JTT+F+I+G4    11252.917    82  22669.834    22749.437    22959.896
Akaike Information Criterion:           JTT+F+I+G4
Corrected Akaike Information Criterion: JTT+F+I+G4
Bayesian Information Criterion:         JTT+F+I+G4
Best-fit model: JTT+F+I+G4 chosen according to BIC

All model information printed to results_broccoli_meto/alignments/OG_752.iqtree.model.gz
CPU time for ModelFinder: 8.397 seconds (0h:0m:8s)
Wall-clock time for ModelFinder: 5.313 seconds (0h:0m:5s)
Generating 1000 samples for ultrafast bootstrap (seed: 871151)...

NOTE: 6 MB RAM (0 GB) is required!
Estimate model parameters (epsilon = 0.100)
Thoroughly optimizing +I+G parameters from 10 start values...
Init pinv, alpha: 0.000, 1.943 / Estimate: 0.016, 1.939 / LogL: -11252.921
Init pinv, alpha: 0.002, 1.943 / Estimate: 0.016, 1.970 / LogL: -11252.902
Init pinv, alpha: 0.004, 1.943 / Estimate: 0.016, 1.966 / LogL: -11252.903
Init pinv, alpha: 0.007, 1.943 / Estimate: 0.016, 1.965 / LogL: -11252.902
Init pinv, alpha: 0.009, 1.943 / Estimate: 0.016, 1.965 / LogL: -11252.902
Init pinv, alpha: 0.011, 1.943 / Estimate: 0.016, 1.964 / LogL: -11252.902
Init pinv, alpha: 0.013, 1.943 / Estimate: 0.016, 1.958 / LogL: -11252.905
Init pinv, alpha: 0.015, 1.943 / Estimate: 0.016, 1.958 / LogL: -11252.905
Init pinv, alpha: 0.017, 1.943 / Estimate: 0.016, 1.958 / LogL: -11252.906
Init pinv, alpha: 0.020, 1.943 / Estimate: 0.017, 1.958 / LogL: -11252.907
Optimal pinv,alpha: 0.016, 1.970 / LogL: -11252.902

Parameters optimization took 0.795 sec
Computing ML distances based on estimated model parameters...
Computing ML distances took 0.082669 sec (of wall-clock time) 0.163982 sec(of CPU time)
Computing RapidNJ tree took 0.000384 sec (of wall-clock time) 0.000751 sec (of CPU time)
Log-likelihood of RapidNJ tree: -11265.015
--------------------------------------------------------------------
|             INITIALIZING CANDIDATE TREE SET                      |
--------------------------------------------------------------------
Generating 98 parsimony trees... 0.559 second
Computing log-likelihood of 98 initial trees ... 1.312 seconds
Current best score: -11252.902

Do NNI search on 20 best initial trees
Estimate model parameters (epsilon = 0.100)
BETTER TREE FOUND at iteration 1: -11252.798
Estimate model parameters (epsilon = 0.100)
BETTER TREE FOUND at iteration 2: -11250.387
Iteration 10 / LogL: -11252.819 / Time: 0h:0m:6s
Iteration 20 / LogL: -11252.818 / Time: 0h:0m:9s
Finish initializing candidate tree set (8)
Current best tree score: -11250.387 / CPU time: 8.192
Number of iterations: 20
--------------------------------------------------------------------
|               OPTIMIZING CANDIDATE TREE SET                      |
--------------------------------------------------------------------
Iteration 30 / LogL: -11253.914 / Time: 0h:0m:12s (0h:1m:13s left)
UPDATE BEST LOG-LIKELIHOOD: -11250.386
Estimate model parameters (epsilon = 0.100)
BETTER TREE FOUND at iteration 38: -11250.210
Iteration 40 / LogL: -11258.695 / Time: 0h:0m:15s (0h:1m:18s left)
UPDATE BEST LOG-LIKELIHOOD: -11250.207
Iteration 50 / LogL: -11251.973 / Time: 0h:0m:18s (0h:1m:12s left)
Log-likelihood cutoff on original alignment: -11279.697
Iteration 60 / LogL: -11251.204 / Time: 0h:0m:22s (0h:1m:7s left)
Iteration 70 / LogL: -11250.839 / Time: 0h:0m:26s (0h:1m:3s left)
UPDATE BEST LOG-LIKELIHOOD: -11250.206
Iteration 80 / LogL: -11250.348 / Time: 0h:0m:29s (0h:0m:59s left)
Iteration 90 / LogL: -11250.412 / Time: 0h:0m:32s (0h:0m:54s left)
UPDATE BEST LOG-LIKELIHOOD: -11250.206
Iteration 100 / LogL: -11250.225 / Time: 0h:0m:35s (0h:0m:49s left)
Log-likelihood cutoff on original alignment: -11280.658
NOTE: Bootstrap correlation coefficient of split occurrence frequencies: 0.995
Iteration 110 / LogL: -11250.400 / Time: 0h:0m:39s (0h:0m:46s left)
Iteration 120 / LogL: -11250.415 / Time: 0h:0m:42s (0h:0m:42s left)
Iteration 130 / LogL: -11250.400 / Time: 0h:0m:46s (0h:0m:38s left)
Iteration 140 / LogL: -11250.222 / Time: 0h:0m:49s (0h:0m:35s left)
Iteration 150 / LogL: -11250.346 / Time: 0h:0m:53s (0h:0m:31s left)
Log-likelihood cutoff on original alignment: -11279.697
Iteration 160 / LogL: -11250.207 / Time: 0h:0m:56s (0h:0m:27s left)
Iteration 170 / LogL: -11250.415 / Time: 0h:1m:0s (0h:0m:24s left)
Iteration 180 / LogL: -11250.418 / Time: 0h:1m:3s (0h:0m:20s left)
Iteration 190 / LogL: -11250.400 / Time: 0h:1m:7s (0h:0m:17s left)
Iteration 200 / LogL: -11253.004 / Time: 0h:1m:10s (0h:0m:13s left)
Log-likelihood cutoff on original alignment: -11279.697
NOTE: Bootstrap correlation coefficient of split occurrence frequencies: 0.999
Iteration 210 / LogL: -11256.619 / Time: 0h:1m:14s (0h:0m:31s left)
Iteration 220 / LogL: -11250.400 / Time: 0h:1m:17s (0h:0m:28s left)
Iteration 230 / LogL: -11250.240 / Time: 0h:1m:20s (0h:0m:24s left)
TREE SEARCH COMPLETED AFTER 239 ITERATIONS / Time: 0h:1m:23s

--------------------------------------------------------------------
|                    FINALIZING TREE SEARCH                        |
--------------------------------------------------------------------
Performs final model parameters optimization
Estimate model parameters (epsilon = 0.010)
1. Initial log-likelihood: -11250.206
Optimal log-likelihood: -11250.201
Proportion of invariable sites: 0.016
Gamma shape alpha: 1.913
Parameters optimization took 1 rounds (0.044 sec)
BEST SCORE FOUND : -11250.201
Creating bootstrap support values...
Split supports printed to NEXUS file results_broccoli_meto/alignments/OG_752.iqtree.splits.nex
Total tree length: 37.421

Total number of iterations: 239
CPU time used for tree search: 163.025 sec (0h:2m:43s)
Wall-clock time used for tree search: 82.420 sec (0h:1m:22s)
Total CPU time used: 165.426 sec (0h:2m:45s)
Total wall-clock time used: 83.698 sec (0h:1m:23s)

Computing bootstrap consensus tree...
Reading input file results_broccoli_meto/alignments/OG_752.iqtree.splits.nex...
32 taxa and 264 splits.
Consensus tree written to results_broccoli_meto/alignments/OG_752.iqtree.contree
Reading input trees file results_broccoli_meto/alignments/OG_752.iqtree.contree
Log-likelihood of consensus tree: -11250.843

Analysis results written to: 
  IQ-TREE report:                results_broccoli_meto/alignments/OG_752.iqtree.iqtree
  Maximum-likelihood tree:       results_broccoli_meto/alignments/OG_752.iqtree.treefile
  Likelihood distances:          results_broccoli_meto/alignments/OG_752.iqtree.mldist

Ultrafast bootstrap approximation results written to:
  Split support values:          results_broccoli_meto/alignments/OG_752.iqtree.splits.nex
  Consensus tree:                results_broccoli_meto/alignments/OG_752.iqtree.contree
  Screen log file:               results_broccoli_meto/alignments/OG_752.iqtree.log

Date and Time: Fri Dec 16 19:55:11 2022
