IQ-TREE multicore version 2.1.0 for Linux 64-bit built Jul 18 2020
Developed by Bui Quang Minh, James Barbetti, Nguyen Lam Tung,
Olga Chernomor, Heiko Schmidt, Dominik Schrempf, Michael Woodhams.

Host:    node-hp0508.linux.crg.es (AVX, 125 GB RAM)
Command: /users/asebe/xgraubove/Programes/iqtree-2.1.0-Linux/bin/iqtree2 -s results_broccoli_meto/alignments/OG_7247.lt.fasta -m TEST -mset LG,WAG,JTT -nt AUTO -ntmax 2 -bb 1000 -pre results_broccoli_meto/alignments/OG_7247.iqtree -nm 10000 -nstop 200 -cptime 1800
Seed:    837189 (Using SPRNG - Scalable Parallel Random Number Generator)
Time:    Fri Dec 16 19:39:03 2022
Kernel:  AVX - auto-detect threads (2 CPU cores detected)

Reading alignment file results_broccoli_meto/alignments/OG_7247.lt.fasta ... Fasta format detected
Alignment most likely contains protein sequences
Alignment has 45 sequences with 255 columns, 255 distinct patterns
251 parsimony-informative, 0 singleton sites, 4 constant sites
                                        Gap/Ambiguity  Composition  p-value
   1  Bralan_BLAG01000743_1                     1.18%    passed     21.18%
   2  Dpul_mRNA15022                            0.78%    passed     94.12%
   3  Cscu_XM_023365106.1                       0.78%    passed     98.21%
   4  Cgig_XM_011418517.3                       1.57%    passed     82.84%
   5  Acagra_model.g5854.t1.1.5d3b846a          1.18%    passed     96.48%
   6  Spur_XM_791978.4                          1.18%    passed     51.64%
   7  Exapal_XM_021061746.2                     1.57%    passed     95.99%
   8  Amil_Amillepora11121-RA                   5.88%    passed     96.99%
   9  Gfas_gfas1.m1.16311.m1                   17.25%    passed     87.97%
  10  Fspp_ffun1.m4.21240.m1                   10.20%    passed     99.40%
  11  Gasp_gasp1.m3.24226.m1                    3.14%    passed     93.61%
  12  Spis_XP_022806732_1                      54.12%    passed     35.78%
  13  Nvec_v1g126254                            2.35%    passed     92.67%
  14  Adig_XM_015894405.1                       7.84%    passed     75.60%
  15  Aaur_scaffold22.g26.t1                    2.75%    passed     42.96%
  16  Nemnom_g17802.t1                          2.75%    passed     61.57%
  17  Rhoesc_Res_005265-T1                      2.75%    passed     22.99%
  18  Sanmal_Sma_005457-T1                      2.75%    passed     59.86%
  19  Morvir_scaffold39.g105.t1                23.92%    passed     88.12%
  20  Tadh_TriadT60591                         12.55%    passed     91.11%
  21  TrH2_TrispH2_009496-RA                    7.84%    passed     81.50%
  22  Hhon_g07019.t1                            9.02%    passed     74.06%
  23  HoiH04_mRNA16843                         14.12%    passed     33.75%
  24  HoiH11_mRNA953                           23.53%    passed     22.67%
  25  HoiH23_PlH23_010302-RA                   10.59%    passed     84.37%
  26  Chem_TCONS_00026157                       3.14%    passed     27.30%
  27  Aque_Aqu2.1.27271_001                     3.14%    passed      6.04%
  28  Halamb_c53411_g1_i2m.35447                3.53%    passed     62.47%
  29  Tetwil_g23714.t2                          5.10%    passed     81.35%
  30  Emue_Em0019g955a.t1                       6.67%    passed     31.18%
  31  Spolac_c100348_g1_i1_m.22184c100348-g1    4.71%    passed     38.80%
  32  Mlei_ML0805.g5.i1                         0.78%    passed     94.53%
  33  Bolinf_Binf_sb1259904                    19.22%    passed     79.60%
  34  Beraby_Baby_sb342477                     11.76%    passed     85.61%
  35  Drygla_Dgla_sb280464                     29.41%    passed     94.67%
  36  Mertsp_Mesp_sb534742                     22.35%    passed     97.77%
  37  Pbac_sb2665305                            1.18%    passed     66.43%
  38  Horcal_Hcv1.av93.c11.g738.i1              1.57%    passed     68.63%
  39  Vmul_SimC390836                           1.18%    passed     26.56%
  40  Coemet_Cmet_scaffold9902_01               1.57%    passed     49.13%
  41  Scil_scict018623.1                        2.75%    passed      6.22%
  42  Gracom_Gcom_C548208_01                    1.57%    passed     10.47%
  43  Lcom_lcpid86597                           1.57%    passed     12.34%
  44  Leuniv_Lniv_scaffold16239_01             19.61%    failed      0.01%
  45  Clacor_Ccor_scaffold8484_01               0.78%    passed     30.73%
WARNING: 1 sequences contain more than 50% gaps/ambiguity
****  TOTAL                                     8.07%  1 sequences failed composition chi2 test (p-value<5%; df=19)


Create initial parsimony tree by phylogenetic likelihood library (PLL)... 0.007 seconds
Measuring multi-threading efficiency up to 2 CPU cores
Increase to 10 rounds for branch lengths
7 trees examined
Threads: 1 / Time: 2.033 sec / Speedup: 1.000 / Efficiency: 100% / LogL: -21921
Threads: 2 / Time: 1.101 sec / Speedup: 1.847 / Efficiency: 92% / LogL: -21921
BEST NUMBER OF THREADS: 2

Perform fast likelihood tree search using LG+I+G model...
Estimate model parameters (epsilon = 5.000)
Perform nearest neighbor interchange...
Estimate model parameters (epsilon = 1.000)
1. Initial log-likelihood: -14917.146
Optimal log-likelihood: -14917.114
Proportion of invariable sites: 0.009
Gamma shape alpha: 2.344
Parameters optimization took 1 rounds (0.056 sec)
Time for fast ML tree search: 0.533 seconds

NOTE: ModelFinder requires 8 MB RAM!
ModelFinder will test up to 24 protein models (sample size: 255) ...
 No. Model         -LnL         df  AIC          AICc         BIC
  1  LG            15197.999    87  30569.999    30661.688    30878.089
  2  LG+I          15172.044    88  30520.087    30614.449    30831.719
  3  LG+G4         14921.333    88  30018.666    30113.027    30330.297
  4  LG+I+G4       14917.116    89  30012.233    30109.324    30327.405
  7  LG+F+G4       14894.344    107 30002.688    30159.912    30381.603
  8  LG+F+I+G4     14889.961    108 29995.923    30157.183    30378.379
 11  WAG+G4        14995.787    88  30167.573    30261.935    30479.205
 12  WAG+I+G4      14987.684    89  30153.368    30250.458    30468.540
 15  WAG+F+G4      14951.503    107 30117.006    30274.230    30495.921
 16  WAG+F+I+G4    14944.086    108 30104.172    30265.432    30486.629
 19  JTT+G4        15004.736    88  30185.471    30279.833    30497.102
 20  JTT+I+G4      14995.748    89  30169.496    30266.587    30484.669
 23  JTT+F+G4      14951.881    107 30117.761    30274.986    30496.676
 24  JTT+F+I+G4    14942.203    108 30100.406    30261.666    30482.862
Akaike Information Criterion:           LG+F+I+G4
Corrected Akaike Information Criterion: LG+I+G4
Bayesian Information Criterion:         LG+I+G4
Best-fit model: LG+I+G4 chosen according to BIC

All model information printed to results_broccoli_meto/alignments/OG_7247.iqtree.model.gz
CPU time for ModelFinder: 9.588 seconds (0h:0m:9s)
Wall-clock time for ModelFinder: 6.126 seconds (0h:0m:6s)
Generating 1000 samples for ultrafast bootstrap (seed: 837189)...

NOTE: 8 MB RAM (0 GB) is required!
Estimate model parameters (epsilon = 0.100)
Thoroughly optimizing +I+G parameters from 10 start values...
Init pinv, alpha: 0.000, 2.347 / Estimate: 0.009, 2.336 / LogL: -14917.120
Init pinv, alpha: 0.002, 2.347 / Estimate: 0.009, 2.336 / LogL: -14917.118
Init pinv, alpha: 0.003, 2.347 / Estimate: 0.008, 2.332 / LogL: -14917.126
Init pinv, alpha: 0.005, 2.347 / Estimate: 0.009, 2.336 / LogL: -14917.118
Init pinv, alpha: 0.007, 2.347 / Estimate: 0.009, 2.334 / LogL: -14917.123
Init pinv, alpha: 0.009, 2.347 / Estimate: 0.009, 2.340 / LogL: -14917.115
Init pinv, alpha: 0.010, 2.347 / Estimate: 0.010, 2.347 / LogL: -14917.115
Init pinv, alpha: 0.012, 2.347 / Estimate: 0.010, 2.350 / LogL: -14917.119
Init pinv, alpha: 0.014, 2.347 / Estimate: 0.010, 2.346 / LogL: -14917.115
Init pinv, alpha: 0.016, 2.347 / Estimate: 0.010, 2.347 / LogL: -14917.116
Optimal pinv,alpha: 0.010, 2.347 / LogL: -14917.115

Parameters optimization took 1.187 sec
Computing ML distances based on estimated model parameters...
Computing ML distances took 0.138796 sec (of wall-clock time) 0.273695 sec(of CPU time)
Computing RapidNJ tree took 0.000605 sec (of wall-clock time) 0.000204 sec (of CPU time)
Log-likelihood of RapidNJ tree: -14956.323
--------------------------------------------------------------------
|             INITIALIZING CANDIDATE TREE SET                      |
--------------------------------------------------------------------
Generating 98 parsimony trees... 0.887 second
Computing log-likelihood of 98 initial trees ... 1.867 seconds
Current best score: -14917.115

Do NNI search on 20 best initial trees
Estimate model parameters (epsilon = 0.100)
BETTER TREE FOUND at iteration 1: -14917.114
Estimate model parameters (epsilon = 0.100)
BETTER TREE FOUND at iteration 7: -14916.771
Iteration 10 / LogL: -14925.994 / Time: 0h:0m:7s
Iteration 20 / LogL: -14925.582 / Time: 0h:0m:9s
Finish initializing candidate tree set (7)
Current best tree score: -14916.771 / CPU time: 7.553
Number of iterations: 20
--------------------------------------------------------------------
|               OPTIMIZING CANDIDATE TREE SET                      |
--------------------------------------------------------------------
Iteration 30 / LogL: -14917.033 / Time: 0h:0m:13s (0h:1m:20s left)
Iteration 40 / LogL: -14918.791 / Time: 0h:0m:16s (0h:1m:12s left)
Iteration 50 / LogL: -14921.418 / Time: 0h:0m:20s (0h:1m:6s left)
Log-likelihood cutoff on original alignment: -14954.949
Iteration 60 / LogL: -14916.831 / Time: 0h:0m:24s (0h:1m:0s left)
Iteration 70 / LogL: -14917.070 / Time: 0h:0m:28s (0h:0m:56s left)
Iteration 80 / LogL: -14916.791 / Time: 0h:0m:32s (0h:0m:52s left)
Iteration 90 / LogL: -14916.782 / Time: 0h:0m:36s (0h:0m:48s left)
Iteration 100 / LogL: -14916.983 / Time: 0h:0m:40s (0h:0m:43s left)
Log-likelihood cutoff on original alignment: -14954.949
NOTE: Bootstrap correlation coefficient of split occurrence frequencies: 0.999
Iteration 110 / LogL: -14917.291 / Time: 0h:0m:44s (0h:0m:39s left)
Iteration 120 / LogL: -14917.029 / Time: 0h:0m:47s (0h:0m:34s left)
Iteration 130 / LogL: -14917.235 / Time: 0h:0m:51s (0h:0m:30s left)
Iteration 140 / LogL: -14926.157 / Time: 0h:0m:55s (0h:0m:26s left)
Iteration 150 / LogL: -14917.341 / Time: 0h:0m:58s (0h:0m:22s left)
Log-likelihood cutoff on original alignment: -14954.949
Iteration 160 / LogL: -14917.204 / Time: 0h:1m:2s (0h:0m:18s left)
Iteration 170 / LogL: -14917.267 / Time: 0h:1m:6s (0h:0m:14s left)
Iteration 180 / LogL: -14916.966 / Time: 0h:1m:10s (0h:0m:10s left)
Iteration 190 / LogL: -14916.814 / Time: 0h:1m:14s (0h:0m:6s left)
Iteration 200 / LogL: -14916.911 / Time: 0h:1m:18s (0h:0m:2s left)
Log-likelihood cutoff on original alignment: -14954.949
NOTE: Bootstrap correlation coefficient of split occurrence frequencies: 1.000
TREE SEARCH COMPLETED AFTER 208 ITERATIONS / Time: 0h:1m:21s

--------------------------------------------------------------------
|                    FINALIZING TREE SEARCH                        |
--------------------------------------------------------------------
Performs final model parameters optimization
Estimate model parameters (epsilon = 0.010)
1. Initial log-likelihood: -14916.771
Optimal log-likelihood: -14916.771
Proportion of invariable sites: 0.009
Gamma shape alpha: 2.338
Parameters optimization took 1 rounds (0.060 sec)
BEST SCORE FOUND : -14916.771
Creating bootstrap support values...
Split supports printed to NEXUS file results_broccoli_meto/alignments/OG_7247.iqtree.splits.nex
Total tree length: 21.607

Total number of iterations: 208
CPU time used for tree search: 157.279 sec (0h:2m:37s)
Wall-clock time used for tree search: 79.398 sec (0h:1m:19s)
Total CPU time used: 160.844 sec (0h:2m:40s)
Total wall-clock time used: 81.604 sec (0h:1m:21s)

Computing bootstrap consensus tree...
Reading input file results_broccoli_meto/alignments/OG_7247.iqtree.splits.nex...
45 taxa and 214 splits.
Consensus tree written to results_broccoli_meto/alignments/OG_7247.iqtree.contree
Reading input trees file results_broccoli_meto/alignments/OG_7247.iqtree.contree
Log-likelihood of consensus tree: -14916.899

Analysis results written to: 
  IQ-TREE report:                results_broccoli_meto/alignments/OG_7247.iqtree.iqtree
  Maximum-likelihood tree:       results_broccoli_meto/alignments/OG_7247.iqtree.treefile
  Likelihood distances:          results_broccoli_meto/alignments/OG_7247.iqtree.mldist

Ultrafast bootstrap approximation results written to:
  Split support values:          results_broccoli_meto/alignments/OG_7247.iqtree.splits.nex
  Consensus tree:                results_broccoli_meto/alignments/OG_7247.iqtree.contree
  Screen log file:               results_broccoli_meto/alignments/OG_7247.iqtree.log

Date and Time: Fri Dec 16 19:40:31 2022
