IQ-TREE multicore version 2.1.0 for Linux 64-bit built Jul 18 2020
Developed by Bui Quang Minh, James Barbetti, Nguyen Lam Tung,
Olga Chernomor, Heiko Schmidt, Dominik Schrempf, Michael Woodhams.

Host:    node-hp0406.linux.crg.es (AVX, 125 GB RAM)
Command: /users/asebe/xgraubove/Programes/iqtree-2.1.0-Linux/bin/iqtree2 -s results_broccoli_meto/alignments/OG_7261.lt.fasta -m TEST -mset LG,WAG,JTT -nt AUTO -ntmax 2 -bb 1000 -pre results_broccoli_meto/alignments/OG_7261.iqtree -nm 10000 -nstop 200 -cptime 1800
Seed:    638374 (Using SPRNG - Scalable Parallel Random Number Generator)
Time:    Fri Dec 16 19:46:08 2022
Kernel:  AVX - auto-detect threads (2 CPU cores detected)

Reading alignment file results_broccoli_meto/alignments/OG_7261.lt.fasta ... Fasta format detected
Alignment most likely contains protein sequences
Alignment has 49 sequences with 403 columns, 396 distinct patterns
351 parsimony-informative, 0 singleton sites, 52 constant sites
                                                        Gap/Ambiguity  Composition  p-value
   1  Hsap_ENST00000361847                                     13.15%    passed     84.70%
   2  Bralan_BLAG04001248_1                                     6.95%    passed     99.51%
   3  Skow_XM_006824778.1                                      12.41%    passed     99.63%
   4  Hhon_g08033.t1                                            4.96%    passed     57.25%
   5  HoiH04_mRNA11468                                          4.96%    passed     55.90%
   6  HoiH11_mRNA2289                                          54.84%    passed     33.13%
   7  HoiH23_PlH23_009422-RA                                    4.96%    passed     50.73%
   8  Cgig_XM_011454165.3                                       7.44%    passed     99.10%
   9  Dgig_XM_028562052.1                                      13.15%    passed     98.29%
  10  Xesp_011857-T1                                           18.36%    passed     95.07%
  11  Exapal_XM_021044505.2                                     9.18%    passed     99.18%
  12  Adig_XM_015899856.1                                       7.44%    passed     98.76%
  13  Amil_Amillepora07341-RA                                  12.16%    passed     99.59%
  14  Fspp_ffun1.m4.27980.m1                                    6.95%    passed     99.96%
  15  Spis_XP_022790934_1                                       6.95%    passed     97.57%
  16  Pocdam_XM_027183035.1                                     7.20%    passed     97.92%
  17  Gfas_gfas1.m1.15141.m1                                   42.43%    passed     49.49%
  18  Nvec_v1g108108                                            7.44%    passed     99.40%
  19  Acagra_model.g17585.t1                                    5.96%    passed     85.51%
  20  Aque_Aqu2.1.24895_001                                     7.44%    passed     35.69%
  21  Xestes_maker-XT_scaffold1082-augustus-gene-0.24-mRNA-1   58.31%    passed     33.87%
  22  Halamb_c53248_g1_i3mm.5069                                8.68%    passed     44.96%
  23  Emue_Em0019g698a.t1                                      11.91%    passed     58.42%
  24  Spolac_c97917_g1_i2_m.16015c97917-g1                     12.16%    passed     65.09%
  25  Tetwil_g22888.t2                                          7.20%    passed     51.24%
  26  Plespi_Pspi_scaffold9520_01                              68.73%    passed     77.96%
  27  Spur_XM_780985.5                                         10.67%    passed     87.40%
  28  Chem_TCONS_00047622                                       7.69%    passed     49.03%
  29  Aaur_scaffold2191.g2.t1                                  27.54%    passed     87.22%
  30  Nemnom_g18385.t1                                          7.44%    passed     98.33%
  31  Rhoesc_Res_001147-T1                                      6.95%    passed     89.88%
  32  Sanmal_Sma_027288-T1                                      8.44%    passed     99.78%
  33  Morvir_scaffold167.g38.t1                                 8.44%    passed     30.07%
  34  Mlei_ML0161.g3.i1                                        27.79%    passed     93.34%
  35  Beraby_Baby_sb347940                                     21.09%    passed     99.84%
  36  Horcal_Hcv1.av93.c7.g911.i2                               5.46%    passed     99.75%
  37  Bolinf_Binf_sb1231792                                    29.78%    passed     99.87%
  38  Mertsp_Mesp_sb566526                                     21.09%    passed     99.95%
  39  Drygla_Dgla_sb277128                                     60.55%    passed     79.17%
  40  Lampan_Lpan_4198_01                                       3.97%    passed     88.50%
  41  Eupdun_Edun_sb10648862                                   17.62%    passed    100.00%
  42  Ctel_gnl_WGS_AMQN_CAPTEDRAFT_mRNA192643                   8.44%    passed     60.87%
  43  Opea_EP00118_Oscarella_pearsei_P028961                   12.66%    passed     26.90%
  44  Scil_scict006483.1                                       53.60%    passed     65.71%
  45  Leuniv_Lniv_scaffold25607_01                             53.60%    passed     67.28%
  46  Gracom_Gcom_C559214_01                                   13.65%    passed     73.68%
  47  Lcom_lcpid36951                                           7.69%    failed      4.00%
  48  Stycar_maker-SC_scaffold144383-snap-gene-0.38-mRNA-1     37.72%    passed     63.99%
  49  Gasp_gasp1.m3.10612.m1                                   31.27%    passed     23.07%
WARNING: 6 sequences contain more than 50% gaps/ambiguity
****  TOTAL                                                    18.46%  1 sequences failed composition chi2 test (p-value<5%; df=19)


Create initial parsimony tree by phylogenetic likelihood library (PLL)... 0.016 seconds
Measuring multi-threading efficiency up to 2 CPU cores
Increase to 10 rounds for branch lengths
4 trees examined
Threads: 1 / Time: 2.011 sec / Speedup: 1.000 / Efficiency: 100% / LogL: -23653
Threads: 2 / Time: 2.053 sec / Speedup: 0.980 / Efficiency: 49% / LogL: -23653
BEST NUMBER OF THREADS: 1

Perform fast likelihood tree search using LG+I+G model...
Estimate model parameters (epsilon = 5.000)
Perform nearest neighbor interchange...
Estimate model parameters (epsilon = 1.000)
1. Initial log-likelihood: -17374.005
Optimal log-likelihood: -17373.849
Proportion of invariable sites: 0.119
Gamma shape alpha: 1.283
Parameters optimization took 1 rounds (0.330 sec)
Time for fast ML tree search: 2.280 seconds

NOTE: ModelFinder requires 14 MB RAM!
ModelFinder will test up to 24 protein models (sample size: 403) ...
 No. Model         -LnL         df  AIC          AICc         BIC
  1  LG            18450.349    95  37090.698    37150.112    37470.597
  2  LG+I          18008.648    96  36209.296    36270.159    36593.194
  3  LG+G4         17409.924    96  35011.849    35072.712    35395.747
  4  LG+I+G4       17373.841    97  34941.683    35004.017    35329.580
  8  LG+F+I+G4     17331.986    116 34895.972    34990.881    35359.849
 12  WAG+I+G4      17454.644    97  35103.288    35165.622    35491.185
 16  WAG+F+I+G4    17425.354    116 35082.707    35177.616    35546.584
 20  JTT+I+G4      17423.035    97  35040.069    35102.404    35427.966
 24  JTT+F+I+G4    17384.958    116 35001.915    35096.824    35465.792
Akaike Information Criterion:           LG+F+I+G4
Corrected Akaike Information Criterion: LG+F+I+G4
Bayesian Information Criterion:         LG+I+G4
Best-fit model: LG+I+G4 chosen according to BIC

All model information printed to results_broccoli_meto/alignments/OG_7261.iqtree.model.gz
CPU time for ModelFinder: 13.510 seconds (0h:0m:13s)
Wall-clock time for ModelFinder: 11.336 seconds (0h:0m:11s)
Generating 1000 samples for ultrafast bootstrap (seed: 638374)...

NOTE: 14 MB RAM (0 GB) is required!
Estimate model parameters (epsilon = 0.100)
Thoroughly optimizing +I+G parameters from 10 start values...
Init pinv, alpha: 0.000, 1.280 / Estimate: 0.000, 0.661 / LogL: -17409.924
Init pinv, alpha: 0.014, 1.280 / Estimate: 0.119, 1.279 / LogL: -17373.835
Init pinv, alpha: 0.029, 1.280 / Estimate: 0.119, 1.277 / LogL: -17373.829
Init pinv, alpha: 0.043, 1.280 / Estimate: 0.119, 1.277 / LogL: -17373.830
Init pinv, alpha: 0.057, 1.280 / Estimate: 0.119, 1.277 / LogL: -17373.832
Init pinv, alpha: 0.072, 1.280 / Estimate: 0.119, 1.280 / LogL: -17373.838
Init pinv, alpha: 0.086, 1.280 / Estimate: 0.119, 1.281 / LogL: -17373.841
Init pinv, alpha: 0.100, 1.280 / Estimate: 0.119, 1.281 / LogL: -17373.849
Init pinv, alpha: 0.115, 1.280 / Estimate: 0.119, 1.277 / LogL: -17373.836
Init pinv, alpha: 0.129, 1.280 / Estimate: 0.119, 1.274 / LogL: -17373.826
Optimal pinv,alpha: 0.119, 1.274 / LogL: -17373.826

Parameters optimization took 7.728 sec
Computing ML distances based on estimated model parameters...
Computing ML distances took 0.255260 sec (of wall-clock time) 0.254394 sec(of CPU time)
Computing RapidNJ tree took 0.000316 sec (of wall-clock time) 0.000334 sec (of CPU time)
Log-likelihood of RapidNJ tree: -17509.752
--------------------------------------------------------------------
|             INITIALIZING CANDIDATE TREE SET                      |
--------------------------------------------------------------------
Generating 98 parsimony trees... 1.082 second
Computing log-likelihood of 98 initial trees ... 5.723 seconds
Current best score: -17373.826

Do NNI search on 20 best initial trees
Estimate model parameters (epsilon = 0.100)
BETTER TREE FOUND at iteration 1: -17373.825
BETTER TREE FOUND at iteration 2: -17373.817
Estimate model parameters (epsilon = 0.100)
BETTER TREE FOUND at iteration 3: -17372.074
Estimate model parameters (epsilon = 0.100)
BETTER TREE FOUND at iteration 5: -17371.504
Iteration 10 / LogL: -17380.446 / Time: 0h:0m:28s
Estimate model parameters (epsilon = 0.100)
BETTER TREE FOUND at iteration 17: -17371.189
Iteration 20 / LogL: -17373.816 / Time: 0h:0m:43s
Finish initializing candidate tree set (10)
Current best tree score: -17371.189 / CPU time: 34.877
Number of iterations: 20
--------------------------------------------------------------------
|               OPTIMIZING CANDIDATE TREE SET                      |
--------------------------------------------------------------------
UPDATE BEST LOG-LIKELIHOOD: -17371.187
Iteration 30 / LogL: -17371.507 / Time: 0h:0m:56s (0h:6m:3s left)
Iteration 40 / LogL: -17379.924 / Time: 0h:1m:10s (0h:5m:18s left)
Iteration 50 / LogL: -17371.407 / Time: 0h:1m:22s (0h:4m:42s left)
Log-likelihood cutoff on original alignment: -17407.796
Iteration 60 / LogL: -17379.793 / Time: 0h:1m:34s (0h:4m:11s left)
UPDATE BEST LOG-LIKELIHOOD: -17371.186
UPDATE BEST LOG-LIKELIHOOD: -17371.186
Iteration 70 / LogL: -17371.513 / Time: 0h:1m:48s (0h:3m:51s left)
Iteration 80 / LogL: -17372.086 / Time: 0h:2m:1s (0h:3m:31s left)
Iteration 90 / LogL: -17372.475 / Time: 0h:2m:15s (0h:3m:12s left)
Iteration 100 / LogL: -17371.511 / Time: 0h:2m:28s (0h:2m:55s left)
Log-likelihood cutoff on original alignment: -17406.297
NOTE: Bootstrap correlation coefficient of split occurrence frequencies: 0.999
Iteration 110 / LogL: -17371.505 / Time: 0h:2m:41s (0h:2m:38s left)
Iteration 120 / LogL: -17371.508 / Time: 0h:2m:56s (0h:2m:24s left)
Iteration 130 / LogL: -17371.652 / Time: 0h:3m:10s (0h:2m:8s left)
Iteration 140 / LogL: -17372.804 / Time: 0h:3m:25s (0h:1m:53s left)
Iteration 150 / LogL: -17371.209 / Time: 0h:3m:39s (0h:1m:38s left)
Log-likelihood cutoff on original alignment: -17402.072
Iteration 160 / LogL: -17372.077 / Time: 0h:3m:54s (0h:1m:23s left)
Iteration 170 / LogL: -17371.654 / Time: 0h:4m:8s (0h:1m:9s left)
Iteration 180 / LogL: -17372.079 / Time: 0h:4m:21s (0h:0m:54s left)
Iteration 190 / LogL: -17372.454 / Time: 0h:4m:34s (0h:0m:39s left)
Iteration 200 / LogL: -17372.298 / Time: 0h:4m:49s (0h:0m:24s left)
Log-likelihood cutoff on original alignment: -17402.072
NOTE: Bootstrap correlation coefficient of split occurrence frequencies: 1.000
Iteration 210 / LogL: -17372.454 / Time: 0h:5m:3s (0h:2m:10s left)
TREE SEARCH COMPLETED AFTER 218 ITERATIONS / Time: 0h:5m:14s

--------------------------------------------------------------------
|                    FINALIZING TREE SEARCH                        |
--------------------------------------------------------------------
Performs final model parameters optimization
Estimate model parameters (epsilon = 0.010)
1. Initial log-likelihood: -17371.186
Optimal log-likelihood: -17371.183
Proportion of invariable sites: 0.119
Gamma shape alpha: 1.267
Parameters optimization took 1 rounds (0.199 sec)
BEST SCORE FOUND : -17371.183
Creating bootstrap support values...
Split supports printed to NEXUS file results_broccoli_meto/alignments/OG_7261.iqtree.splits.nex
Total tree length: 22.002

Total number of iterations: 218
CPU time used for tree search: 305.350 sec (0h:5m:5s)
Wall-clock time used for tree search: 306.045 sec (0h:5m:6s)
Total CPU time used: 314.467 sec (0h:5m:14s)
Total wall-clock time used: 315.259 sec (0h:5m:15s)

Computing bootstrap consensus tree...
Reading input file results_broccoli_meto/alignments/OG_7261.iqtree.splits.nex...
49 taxa and 265 splits.
Consensus tree written to results_broccoli_meto/alignments/OG_7261.iqtree.contree
Reading input trees file results_broccoli_meto/alignments/OG_7261.iqtree.contree
Log-likelihood of consensus tree: -17371.184

Analysis results written to: 
  IQ-TREE report:                results_broccoli_meto/alignments/OG_7261.iqtree.iqtree
  Maximum-likelihood tree:       results_broccoli_meto/alignments/OG_7261.iqtree.treefile
  Likelihood distances:          results_broccoli_meto/alignments/OG_7261.iqtree.mldist

Ultrafast bootstrap approximation results written to:
  Split support values:          results_broccoli_meto/alignments/OG_7261.iqtree.splits.nex
  Consensus tree:                results_broccoli_meto/alignments/OG_7261.iqtree.contree
  Screen log file:               results_broccoli_meto/alignments/OG_7261.iqtree.log

Date and Time: Fri Dec 16 19:51:36 2022
