IQ-TREE multicore version 2.1.0 for Linux 64-bit built Jul 18 2020
Developed by Bui Quang Minh, James Barbetti, Nguyen Lam Tung,
Olga Chernomor, Heiko Schmidt, Dominik Schrempf, Michael Woodhams.

Host:    node-hp0307.linux.crg.es (AVX, 125 GB RAM)
Command: /users/asebe/xgraubove/Programes/iqtree-2.1.0-Linux/bin/iqtree2 -s results_broccoli_meto/alignments/OG_8917.lt.fasta -m TEST -mset LG,WAG,JTT -nt AUTO -ntmax 2 -bb 1000 -pre results_broccoli_meto/alignments/OG_8917.iqtree -nm 10000 -nstop 200 -cptime 1800
Seed:    863791 (Using SPRNG - Scalable Parallel Random Number Generator)
Time:    Fri Dec 16 20:59:40 2022
Kernel:  AVX - auto-detect threads (2 CPU cores detected)

Reading alignment file results_broccoli_meto/alignments/OG_8917.lt.fasta ... Fasta format detected
Alignment most likely contains protein sequences
Alignment has 57 sequences with 714 columns, 696 distinct patterns
606 parsimony-informative, 0 singleton sites, 107 constant sites
                                                        Gap/Ambiguity  Composition  p-value
   1  Hsap_ENST00000614987                                      5.18%    passed     92.97%
   2  Bralan_BLAG04001380_1                                     3.50%    passed     96.11%
   3  Ctel_gnl_WGS_AMQN_CAPTEDRAFT_mRNA1743                    12.46%    passed     99.00%
   4  Acagra_model.g2438.t1_model.g2439.t1                      2.24%    passed     98.17%
   5  Cgig_XM_011434575.3                                       2.10%    passed     73.51%
   6  Exapal_XM_021049976.2                                     7.70%    passed     97.39%
   7  Nvec_v1g111564                                            6.72%    passed     72.29%
   8  Amil_Amillepora15239-RA                                  15.83%    passed     99.93%
   9  Gfas_gfas1.m1.17304.m1                                   36.41%    passed     95.69%
  10  Fspp_ffun1.m4.8736.m1                                     7.14%    passed     99.31%
  11  Gasp_gasp1.m3.27783.m1                                    7.14%    passed     98.87%
  12  Spis_XP_022782257_1                                       7.14%    passed     96.54%
  13  Pocdam_XM_027203810.1                                     7.14%    passed     91.86%
  14  Dgig_XM_028553848.1                                       6.72%    passed     92.82%
  15  Xesp_012348-T1                                            6.86%    passed     92.31%
  16  Spur_XM_030998408.1                                       1.82%    passed     88.22%
  17  Dpul_mRNA14390                                            3.92%    passed     89.12%
  18  Cscu_XM_023378325.1                                       7.70%    passed     96.25%
  19  Tcas_TC000021_001                                         4.76%    passed     97.22%
  20  Aaur_scaffold1400.g2.t1                                   1.54%    passed     96.06%
  21  Nemnom_g15867.t1                                          2.94%    passed     80.44%
  22  Rhoesc_Res_001327-T1                                      3.08%    passed     93.38%
  23  Sanmal_Sma_026623-T1                                      2.52%    passed     77.06%
  24  Lcom_lcpid45035                                           8.82%    passed     10.19%
  25  Gracom_Gcom_scaffold5106_01                               9.24%    passed     91.46%
  26  Leuniv_Lniv_scaffold13396_01                             48.18%    passed     87.11%
  27  Clacor_Ccor_C541797_01                                   20.31%    passed     14.70%
  28  Morvir_scaffold83.g26.t2                                  1.68%    passed     81.65%
  29  Opea_EP00118_Oscarella_pearsei_P013358                    6.16%    passed     54.11%
  30  Plajan_Pjan_scaffold17689_01                             26.47%    passed     18.48%
  31  Tadh_TriadT19422                                         10.36%    passed     68.71%
  32  TrH2_TrispH2_004083-RA                                    9.94%    passed     71.84%
  33  HoiH06_mRNA12001                                          9.94%    passed     80.33%
  34  HoiH23_PlH23_004258-RA                                    9.94%    passed     60.62%
  35  Hhon_g03932.t1                                            9.94%    passed     58.03%
  36  HoiH04_mRNA7699                                           9.94%    passed     69.94%
  37  HoiH11_mRNA2882                                          10.92%    passed     80.41%
  38  Mlei_ML2693.g1.i1                                         9.24%    passed     95.22%
  39  Bolinf_Binf_sb1230425                                    65.41%    passed     56.67%
  40  Mertsp_Mesp_sb570024                                     44.82%    passed     67.85%
  41  Pbac_sb2662061                                            3.08%    passed     95.71%
  42  Horcal_Hcv1.av93.c7.g964.i1                               3.92%    passed     97.24%
  43  Drygla_Dgla_sb285378                                     57.70%    passed     91.21%
  44  Beraby_Baby_sb331927                                      4.06%    passed     99.71%
  45  Lampan_Lpan_13882_01                                     19.47%    passed     95.31%
  46  Coeast_Cast_sb791464                                     21.01%    passed     45.08%
  47  Coemet_Cmet_scaffold18153_01                             45.80%    passed     44.58%
  48  Eupdun_Edun_sb10641529                                   43.98%    passed     53.24%
  49  Chem_TCONS_00006422                                       0.98%    passed     80.56%
  50  Plespi_Pspi_scaffold20661_01                             46.64%    passed     70.61%
  51  Xestes_maker-XT_scaffold6174-augustus-gene-0.31-mRNA-1   43.70%    passed     83.62%
  52  Aque_Aqu2.1.20367_001                                    12.89%    passed     44.64%
  53  Halamb_c56151_g1_i3m.42627                               12.89%    passed     60.71%
  54  Emue_Em0019g1058a.t1                                     11.76%    passed     78.39%
  55  Spolac_c102381_g1_i1_m.29097c102381-g1                   33.75%    passed     31.88%
  56  Stycar_maker-SC_scaffold7263-augustus-gene-0.62-mRNA-1   39.08%    passed      7.67%
  57  Skow_XM_002737922.1                                      52.24%    passed     23.14%
WARNING: 3 sequences contain more than 50% gaps/ambiguity
****  TOTAL                                                    16.26%  0 sequences failed composition chi2 test (p-value<5%; df=19)


Create initial parsimony tree by phylogenetic likelihood library (PLL)... 0.022 seconds
Measuring multi-threading efficiency up to 2 CPU cores
Increase to 10 rounds for branch lengths
2 trees examined
Threads: 1 / Time: 2.129 sec / Speedup: 1.000 / Efficiency: 100% / LogL: -48394
Threads: 2 / Time: 1.095 sec / Speedup: 1.944 / Efficiency: 97% / LogL: -48394
BEST NUMBER OF THREADS: 2

Perform fast likelihood tree search using LG+I+G model...
Estimate model parameters (epsilon = 5.000)
Perform nearest neighbor interchange...
Estimate model parameters (epsilon = 1.000)
1. Initial log-likelihood: -33387.947
Optimal log-likelihood: -33387.772
Proportion of invariable sites: 0.136
Gamma shape alpha: 1.258
Parameters optimization took 1 rounds (0.210 sec)
Time for fast ML tree search: 1.909 seconds

NOTE: ModelFinder requires 27 MB RAM!
ModelFinder will test up to 24 protein models (sample size: 714) ...
 No. Model         -LnL         df  AIC          AICc         BIC
  1  LG            35562.174    111 71346.349    71387.651    71853.717
  2  LG+I          34641.812    112 69507.623    69549.740    70019.562
  3  LG+G4         33460.598    112 67145.196    67187.313    67657.135
  4  LG+I+G4       33387.753    113 67001.505    67044.445    67518.015
  8  LG+F+I+G4     33301.134    132 66866.269    66926.702    67469.625
 12  WAG+I+G4      33506.930    113 67239.860    67282.800    67756.370
 16  WAG+F+I+G4    33422.317    132 67108.634    67169.068    67711.990
 20  JTT+I+G4      33506.420    113 67238.840    67281.780    67755.350
 24  JTT+F+I+G4    33448.316    132 67160.631    67221.065    67763.988
Akaike Information Criterion:           LG+F+I+G4
Corrected Akaike Information Criterion: LG+F+I+G4
Bayesian Information Criterion:         LG+F+I+G4
Best-fit model: LG+F+I+G4 chosen according to BIC

All model information printed to results_broccoli_meto/alignments/OG_8917.iqtree.model.gz
CPU time for ModelFinder: 22.607 seconds (0h:0m:22s)
Wall-clock time for ModelFinder: 12.487 seconds (0h:0m:12s)
Generating 1000 samples for ultrafast bootstrap (seed: 863791)...

NOTE: 27 MB RAM (0 GB) is required!
Estimate model parameters (epsilon = 0.100)
Thoroughly optimizing +I+G parameters from 10 start values...
Init pinv, alpha: 0.000, 1.247 / Estimate: 0.000, 0.726 / LogL: -33372.525
Init pinv, alpha: 0.017, 1.247 / Estimate: 0.136, 1.246 / LogL: -33301.116
Init pinv, alpha: 0.034, 1.247 / Estimate: 0.136, 1.247 / LogL: -33301.131
Init pinv, alpha: 0.050, 1.247 / Estimate: 0.136, 1.244 / LogL: -33301.101
Init pinv, alpha: 0.067, 1.247 / Estimate: 0.136, 1.244 / LogL: -33301.103
Init pinv, alpha: 0.084, 1.247 / Estimate: 0.136, 1.246 / LogL: -33301.121
Init pinv, alpha: 0.101, 1.247 / Estimate: 0.136, 1.244 / LogL: -33301.104
Init pinv, alpha: 0.118, 1.247 / Estimate: 0.136, 1.247 / LogL: -33301.128
Init pinv, alpha: 0.134, 1.247 / Estimate: 0.136, 1.244 / LogL: -33301.107
Init pinv, alpha: 0.151, 1.247 / Estimate: 0.137, 1.237 / LogL: -33301.082
Optimal pinv,alpha: 0.137, 1.237 / LogL: -33301.082

Parameters optimization took 9.929 sec
Computing ML distances based on estimated model parameters...
Computing ML distances took 0.198570 sec (of wall-clock time) 0.395832 sec(of CPU time)
Computing RapidNJ tree took 0.000828 sec (of wall-clock time) 0.000640 sec (of CPU time)
Log-likelihood of RapidNJ tree: -33466.770
--------------------------------------------------------------------
|             INITIALIZING CANDIDATE TREE SET                      |
--------------------------------------------------------------------
Generating 98 parsimony trees... 2.370 second
Computing log-likelihood of 98 initial trees ... 6.384 seconds
Current best score: -33301.082

Do NNI search on 20 best initial trees
Estimate model parameters (epsilon = 0.100)
BETTER TREE FOUND at iteration 1: -33299.717
Estimate model parameters (epsilon = 0.100)
BETTER TREE FOUND at iteration 9: -33297.098
Iteration 10 / LogL: -33298.577 / Time: 0h:0m:30s
Iteration 20 / LogL: -33298.566 / Time: 0h:0m:40s
Finish initializing candidate tree set (6)
Current best tree score: -33297.098 / CPU time: 29.739
Number of iterations: 20
--------------------------------------------------------------------
|               OPTIMIZING CANDIDATE TREE SET                      |
--------------------------------------------------------------------
Estimate model parameters (epsilon = 0.100)
BETTER TREE FOUND at iteration 26: -33292.451
Iteration 30 / LogL: -33612.865 / Time: 0h:0m:53s (0h:6m:1s left)
Iteration 40 / LogL: -33293.318 / Time: 0h:1m:6s (0h:5m:15s left)
Estimate model parameters (epsilon = 0.100)
BETTER TREE FOUND at iteration 42: -33291.666
Iteration 50 / LogL: -33294.894 / Time: 0h:1m:18s (0h:5m:9s left)
Log-likelihood cutoff on original alignment: -33326.679
Iteration 60 / LogL: -33294.406 / Time: 0h:1m:31s (0h:4m:40s left)
Iteration 70 / LogL: -33295.099 / Time: 0h:1m:42s (0h:4m:15s left)
Iteration 80 / LogL: -33295.207 / Time: 0h:1m:54s (0h:3m:54s left)
Iteration 90 / LogL: -33294.627 / Time: 0h:2m:7s (0h:3m:37s left)
Iteration 100 / LogL: -33294.570 / Time: 0h:2m:18s (0h:3m:19s left)
Log-likelihood cutoff on original alignment: -33326.327
NOTE: Bootstrap correlation coefficient of split occurrence frequencies: 0.998
Iteration 110 / LogL: -33293.564 / Time: 0h:2m:30s (0h:3m:2s left)
Iteration 120 / LogL: -33295.836 / Time: 0h:2m:42s (0h:2m:46s left)
Iteration 130 / LogL: -33293.142 / Time: 0h:2m:55s (0h:2m:32s left)
Iteration 140 / LogL: -33293.504 / Time: 0h:3m:7s (0h:2m:17s left)
Iteration 150 / LogL: -33291.733 / Time: 0h:3m:18s (0h:2m:2s left)
Log-likelihood cutoff on original alignment: -33327.127
Iteration 160 / LogL: -33294.380 / Time: 0h:3m:30s (0h:1m:48s left)
Iteration 170 / LogL: -33291.905 / Time: 0h:3m:43s (0h:1m:35s left)
Iteration 180 / LogL: -33292.490 / Time: 0h:3m:56s (0h:1m:21s left)
Iteration 190 / LogL: -33293.802 / Time: 0h:4m:8s (0h:1m:8s left)
Iteration 200 / LogL: -33292.437 / Time: 0h:4m:19s (0h:0m:54s left)
Log-likelihood cutoff on original alignment: -33327.127
NOTE: Bootstrap correlation coefficient of split occurrence frequencies: 1.000
Iteration 210 / LogL: -33292.958 / Time: 0h:4m:32s (0h:1m:57s left)
Iteration 220 / LogL: -33293.739 / Time: 0h:4m:44s (0h:1m:43s left)
Iteration 230 / LogL: -33291.850 / Time: 0h:4m:56s (0h:1m:30s left)
Iteration 240 / LogL: -33291.759 / Time: 0h:5m:9s (0h:1m:17s left)
TREE SEARCH COMPLETED AFTER 243 ITERATIONS / Time: 0h:5m:13s

--------------------------------------------------------------------
|                    FINALIZING TREE SEARCH                        |
--------------------------------------------------------------------
Performs final model parameters optimization
Estimate model parameters (epsilon = 0.010)
1. Initial log-likelihood: -33291.666
Optimal log-likelihood: -33291.666
Proportion of invariable sites: 0.136
Gamma shape alpha: 1.214
Parameters optimization took 1 rounds (0.207 sec)
BEST SCORE FOUND : -33291.666
Creating bootstrap support values...
Split supports printed to NEXUS file results_broccoli_meto/alignments/OG_8917.iqtree.splits.nex
Total tree length: 19.604

Total number of iterations: 243
CPU time used for tree search: 600.279 sec (0h:10m:0s)
Wall-clock time used for tree search: 302.667 sec (0h:5m:2s)
Total CPU time used: 622.287 sec (0h:10m:22s)
Total wall-clock time used: 313.930 sec (0h:5m:13s)

Computing bootstrap consensus tree...
Reading input file results_broccoli_meto/alignments/OG_8917.iqtree.splits.nex...
57 taxa and 234 splits.
Consensus tree written to results_broccoli_meto/alignments/OG_8917.iqtree.contree
Reading input trees file results_broccoli_meto/alignments/OG_8917.iqtree.contree
Log-likelihood of consensus tree: -33292.670

Analysis results written to: 
  IQ-TREE report:                results_broccoli_meto/alignments/OG_8917.iqtree.iqtree
  Maximum-likelihood tree:       results_broccoli_meto/alignments/OG_8917.iqtree.treefile
  Likelihood distances:          results_broccoli_meto/alignments/OG_8917.iqtree.mldist

Ultrafast bootstrap approximation results written to:
  Split support values:          results_broccoli_meto/alignments/OG_8917.iqtree.splits.nex
  Consensus tree:                results_broccoli_meto/alignments/OG_8917.iqtree.contree
  Screen log file:               results_broccoli_meto/alignments/OG_8917.iqtree.log

Date and Time: Fri Dec 16 21:05:08 2022
