IQ-TREE multicore version 2.1.0 for Linux 64-bit built Jul 18 2020
Developed by Bui Quang Minh, James Barbetti, Nguyen Lam Tung,
Olga Chernomor, Heiko Schmidt, Dominik Schrempf, Michael Woodhams.

Host:    node-hp0303.linux.crg.es (AVX, 125 GB RAM)
Command: /users/asebe/xgraubove/Programes/iqtree-2.1.0-Linux/bin/iqtree2 -s results_broccoli_meto/alignments/OG_9641.lt.fasta -m TEST -mset LG,WAG,JTT -nt AUTO -ntmax 2 -bb 1000 -pre results_broccoli_meto/alignments/OG_9641.iqtree -nm 10000 -nstop 200 -cptime 1800
Seed:    955734 (Using SPRNG - Scalable Parallel Random Number Generator)
Time:    Fri Dec 16 21:35:23 2022
Kernel:  AVX - auto-detect threads (2 CPU cores detected)

Reading alignment file results_broccoli_meto/alignments/OG_9641.lt.fasta ... Fasta format detected
Alignment most likely contains protein sequences
Alignment has 58 sequences with 492 columns, 492 distinct patterns
482 parsimony-informative, 0 singleton sites, 10 constant sites
                                                    Gap/Ambiguity  Composition  p-value
   1  Hsap_ENST00000270066                                  6.91%    passed      7.92%
   2  Bralan_BLAG04102223_1                                 6.91%    passed     55.48%
   3  Clacor_Ccor_C506481_01                               67.89%    passed     55.83%
   4  Ctel_gnl_WGS_AMQN_CAPTEDRAFT_mRNA152427              37.60%    passed     79.45%
   5  Cgig_XM_011435326.3                                  13.21%    passed     98.67%
   6  Acagra_model.g25243.t1                               10.98%    passed     74.84%
   7  Skow_XM_006814543.1                                  15.04%    passed     94.14%
   8  Cscu_XM_023360337.1                                  13.21%    passed      7.77%
   9  Exapal_XM_021057824.2                                 6.91%    passed     80.37%
  10  Nvec_v1g240079                                        6.91%    passed     48.68%
  11  Adig_XM_015893517.1                                  18.09%    passed     95.67%
  12  Amil_Amillepora24315-RA                              22.97%    passed     47.96%
  13  Gfas_gfas1.m1.19026.m1                               43.70%    failed      3.07%
  14  Fspp_ffun1.m4.9451.m1                                12.80%    passed     61.42%
  15  Gasp_gasp1.m3.17867.m1                                6.91%    passed     80.00%
  16  Spis_XP_022790364_1                                   6.10%    passed     57.35%
  17  Pocdam_XM_027193258.1                                17.07%    passed     55.23%
  18  Dgig_XM_028545796.1                                   7.32%    passed     84.44%
  19  Xesp_014404-T1                                        9.76%    passed     72.37%
  20  Pbac_sb2638807                                       29.88%    passed     94.12%
  21  Horcal_Hcv1.av93.c5.g1345.i1                         29.88%    passed     97.13%
  22  Bolinf_Binf_sb1252885                                28.05%    passed     64.03%
  23  Mertsp_Mesp_sb583570                                 30.69%    passed     63.26%
  24  Drygla_Dgla_sb293347                                 41.26%    passed     34.24%
  25  Beraby_Baby_sb337408                                 31.71%    passed     94.51%
  26  Lampan_Lpan_7063_01                                  27.03%    passed     85.46%
  27  Eupdun_Edun_sb10629675                               69.51%    passed     77.47%
  28  Vmul_Simscaffold13027_01                             28.66%    passed     39.00%
  29  Coeast_Cast_sb787377                                 35.37%    passed     64.56%
  30  Coemet_Cmet_scaffold15757_01                         48.98%    passed     62.58%
  31  Hvul_g19340_1                                         9.76%    passed     26.74%
  32  Chem_TCONS_00049619                                   7.93%    passed     45.82%
  33  Aaur_scaffold81.g25.t2                               12.40%    passed     34.15%
  34  Nemnom_g17475.t1                                      8.54%    passed     21.63%
  35  Rhoesc_Res_007989-T1                                  4.47%    passed     32.87%
  36  Sanmal_Sma_015489-T1                                  3.86%    passed      7.90%
  37  Morvir_scaffold1.g119.t1                             28.86%    passed     76.11%
  38  Scil_scict020420.1                                    9.15%    passed     10.61%
  39  Leuniv_Lniv_scaffold22789_01                         34.35%    failed      3.91%
  40  Lcom_lcpid26673                                       8.74%    failed      0.01%
  41  Spur_XM_011666772.2                                   4.47%    passed     56.56%
  42  Aque_Aqu2.1.32721_001                                 4.88%    failed      3.94%
  43  Halamb_c49112_g2_i1mm.2927                            5.28%    passed     59.68%
  44  Xestes_maker-XT_scaffold4924-snap-gene-0.19-mRNA-1    5.69%    passed     38.95%
  45  Emue_Em0005g24a.t1                                   51.83%    failed      0.42%
  46  Spolac_c103650_g1_i2_m.35366c103650-g1                5.28%    failed      4.14%
  47  Stycar_maker-SC_scaffold83595-snap-gene-0.2-mRNA-1   81.71%    passed     31.99%
  48  Plespi_Pspi_scaffold16643_01                         17.89%    passed     60.82%
  49  Tadh_TriadT51276                                     63.41%    passed     14.28%
  50  TrH2_TrispH2_011559-RA                                9.76%    failed      0.01%
  51  HoiH06_mRNA173                                       10.57%    failed      0.01%
  52  HoiH23_PlH23_010110-RA                                9.76%    failed      0.01%
  53  Hhon_g10277.t1                                        9.96%    failed      0.00%
  54  HoiH04_mRNA3565                                      14.23%    failed      0.01%
  55  Opea_EP00118_Oscarella_pearsei_P006753                9.55%    passed     46.82%
  56  Plajan_Pjan_C565098_01                                6.10%    passed     15.79%
  57  Tcas_TC007722_001                                    33.13%    failed      0.29%
  58  Dpul_mRNA13828                                       24.19%    passed     81.25%
WARNING: 5 sequences contain more than 50% gaps/ambiguity
****  TOTAL                                                21.16%  12 sequences failed composition chi2 test (p-value<5%; df=19)


Create initial parsimony tree by phylogenetic likelihood library (PLL)... 0.019 seconds
Measuring multi-threading efficiency up to 2 CPU cores
Increase to 10 rounds for branch lengths
3 trees examined
Threads: 1 / Time: 2.247 sec / Speedup: 1.000 / Efficiency: 100% / LogL: -43819
Threads: 2 / Time: 1.172 sec / Speedup: 1.917 / Efficiency: 96% / LogL: -43819
BEST NUMBER OF THREADS: 2

Perform fast likelihood tree search using LG+I+G model...
Estimate model parameters (epsilon = 5.000)
Perform nearest neighbor interchange...
Estimate model parameters (epsilon = 1.000)
1. Initial log-likelihood: -31996.362
Optimal log-likelihood: -31996.287
Proportion of invariable sites: 0.018
Gamma shape alpha: 1.796
Parameters optimization took 1 rounds (0.155 sec)
Time for fast ML tree search: 1.568 seconds

NOTE: ModelFinder requires 20 MB RAM!
ModelFinder will test up to 24 protein models (sample size: 492) ...
 No. Model         -LnL         df  AIC          AICc         BIC
  1  LG            32901.334    113 66028.667    66096.826    66503.095
  2  LG+I          32771.996    114 65771.992    65841.541    66250.618
  3  LG+G4         32016.334    114 64260.667    64330.216    64739.294
  4  LG+I+G4       31996.293    115 64222.587    64293.544    64705.412
  8  LG+F+I+G4     31768.231    134 63804.462    63905.807    64367.059
 12  WAG+I+G4      32055.791    115 64341.582    64412.539    64824.407
 16  WAG+F+I+G4    31913.029    134 64094.058    64195.402    64656.654
 20  JTT+I+G4      31848.975    115 63927.950    63998.908    64410.775
 24  JTT+F+I+G4    31733.865    134 63735.731    63837.076    64298.327
Akaike Information Criterion:           JTT+F+I+G4
Corrected Akaike Information Criterion: JTT+F+I+G4
Bayesian Information Criterion:         JTT+F+I+G4
Best-fit model: JTT+F+I+G4 chosen according to BIC

All model information printed to results_broccoli_meto/alignments/OG_9641.iqtree.model.gz
CPU time for ModelFinder: 16.779 seconds (0h:0m:16s)
Wall-clock time for ModelFinder: 9.582 seconds (0h:0m:9s)
Generating 1000 samples for ultrafast bootstrap (seed: 955734)...

NOTE: 20 MB RAM (0 GB) is required!
Estimate model parameters (epsilon = 0.100)
Thoroughly optimizing +I+G parameters from 10 start values...
Init pinv, alpha: 0.000, 1.966 / Estimate: 0.019, 1.966 / LogL: -31733.868
Init pinv, alpha: 0.002, 1.966 / Estimate: 0.019, 1.966 / LogL: -31733.869
Init pinv, alpha: 0.005, 1.966 / Estimate: 0.019, 1.966 / LogL: -31733.867
Init pinv, alpha: 0.007, 1.966 / Estimate: 0.019, 1.965 / LogL: -31733.870
Init pinv, alpha: 0.009, 1.966 / Estimate: 0.019, 1.965 / LogL: -31733.867
Init pinv, alpha: 0.011, 1.966 / Estimate: 0.019, 1.965 / LogL: -31733.866
Init pinv, alpha: 0.014, 1.966 / Estimate: 0.019, 1.965 / LogL: -31733.865
Init pinv, alpha: 0.016, 1.966 / Estimate: 0.019, 1.967 / LogL: -31733.865
Init pinv, alpha: 0.018, 1.966 / Estimate: 0.019, 1.966 / LogL: -31733.864
Init pinv, alpha: 0.020, 1.966 / Estimate: 0.019, 1.966 / LogL: -31733.865
Optimal pinv,alpha: 0.019, 1.966 / LogL: -31733.864

Parameters optimization took 3.879 sec
Computing ML distances based on estimated model parameters...
Computing ML distances took 0.227132 sec (of wall-clock time) 0.453412 sec(of CPU time)
Computing RapidNJ tree took 0.000796 sec (of wall-clock time) 0.000000 sec (of CPU time)
Log-likelihood of RapidNJ tree: -32012.685
--------------------------------------------------------------------
|             INITIALIZING CANDIDATE TREE SET                      |
--------------------------------------------------------------------
Generating 98 parsimony trees... 2.123 second
Computing log-likelihood of 98 initial trees ... 4.654 seconds
Current best score: -31733.864

Do NNI search on 20 best initial trees
Estimate model parameters (epsilon = 0.100)
BETTER TREE FOUND at iteration 1: -31733.496
Estimate model parameters (epsilon = 0.100)
BETTER TREE FOUND at iteration 6: -31727.863
Iteration 10 / LogL: -31735.142 / Time: 0h:0m:18s
Iteration 20 / LogL: -31728.865 / Time: 0h:0m:26s
Finish initializing candidate tree set (16)
Current best tree score: -31727.863 / CPU time: 21.937
Number of iterations: 20
--------------------------------------------------------------------
|               OPTIMIZING CANDIDATE TREE SET                      |
--------------------------------------------------------------------
Iteration 30 / LogL: -31733.246 / Time: 0h:0m:37s (0h:3m:48s left)
Estimate model parameters (epsilon = 0.100)
BETTER TREE FOUND at iteration 33: -31724.864
Estimate model parameters (epsilon = 0.100)
BETTER TREE FOUND at iteration 37: -31724.194
Iteration 40 / LogL: -31728.535 / Time: 0h:0m:49s (0h:4m:8s left)
Iteration 50 / LogL: -31724.708 / Time: 0h:0m:59s (0h:3m:47s left)
Log-likelihood cutoff on original alignment: -31762.160
Iteration 60 / LogL: -31741.559 / Time: 0h:1m:10s (0h:3m:30s left)
Estimate model parameters (epsilon = 0.100)
BETTER TREE FOUND at iteration 61: -31723.384
Iteration 70 / LogL: -31724.076 / Time: 0h:1m:20s (0h:3m:43s left)
Iteration 80 / LogL: -31724.384 / Time: 0h:1m:32s (0h:3m:31s left)
Iteration 90 / LogL: -31728.604 / Time: 0h:1m:43s (0h:3m:18s left)
Iteration 100 / LogL: -31723.393 / Time: 0h:1m:54s (0h:3m:5s left)
Log-likelihood cutoff on original alignment: -31762.160
NOTE: Bootstrap correlation coefficient of split occurrence frequencies: 0.998
Iteration 110 / LogL: -31729.943 / Time: 0h:2m:4s (0h:2m:51s left)
Iteration 120 / LogL: -31730.584 / Time: 0h:2m:14s (0h:2m:39s left)
Iteration 130 / LogL: -31728.372 / Time: 0h:2m:25s (0h:2m:27s left)
Iteration 140 / LogL: -31725.517 / Time: 0h:2m:35s (0h:2m:15s left)
Iteration 150 / LogL: -31725.626 / Time: 0h:2m:45s (0h:2m:3s left)
Log-likelihood cutoff on original alignment: -31762.160
Iteration 160 / LogL: -31729.941 / Time: 0h:2m:57s (0h:1m:52s left)
Iteration 170 / LogL: -31723.580 / Time: 0h:3m:7s (0h:1m:41s left)
Iteration 180 / LogL: -31727.885 / Time: 0h:3m:19s (0h:1m:30s left)
Iteration 190 / LogL: -31726.393 / Time: 0h:3m:29s (0h:1m:18s left)
Iteration 200 / LogL: -31723.409 / Time: 0h:3m:39s (0h:1m:7s left)
Log-likelihood cutoff on original alignment: -31761.337
NOTE: Bootstrap correlation coefficient of split occurrence frequencies: 0.999
Iteration 210 / LogL: -31724.373 / Time: 0h:3m:50s (0h:1m:39s left)
Iteration 220 / LogL: -31723.427 / Time: 0h:4m:1s (0h:1m:28s left)
Iteration 230 / LogL: -31725.225 / Time: 0h:4m:12s (0h:1m:17s left)
Iteration 240 / LogL: -31723.442 / Time: 0h:4m:22s (0h:1m:5s left)
Iteration 250 / LogL: -31724.816 / Time: 0h:4m:32s (0h:0m:54s left)
Log-likelihood cutoff on original alignment: -31761.337
Iteration 260 / LogL: -31723.776 / Time: 0h:4m:43s (0h:0m:43s left)
TREE SEARCH COMPLETED AFTER 262 ITERATIONS / Time: 0h:4m:45s

--------------------------------------------------------------------
|                    FINALIZING TREE SEARCH                        |
--------------------------------------------------------------------
Performs final model parameters optimization
Estimate model parameters (epsilon = 0.010)
1. Initial log-likelihood: -31723.384
Optimal log-likelihood: -31723.382
Proportion of invariable sites: 0.019
Gamma shape alpha: 1.939
Parameters optimization took 1 rounds (0.149 sec)
BEST SCORE FOUND : -31723.382
Creating bootstrap support values...
Split supports printed to NEXUS file results_broccoli_meto/alignments/OG_9641.iqtree.splits.nex
Total tree length: 27.192

Total number of iterations: 262
CPU time used for tree search: 556.612 sec (0h:9m:16s)
Wall-clock time used for tree search: 280.372 sec (0h:4m:40s)
Total CPU time used: 566.272 sec (0h:9m:26s)
Total wall-clock time used: 285.410 sec (0h:4m:45s)

Computing bootstrap consensus tree...
Reading input file results_broccoli_meto/alignments/OG_9641.iqtree.splits.nex...
58 taxa and 301 splits.
Consensus tree written to results_broccoli_meto/alignments/OG_9641.iqtree.contree
Reading input trees file results_broccoli_meto/alignments/OG_9641.iqtree.contree
Log-likelihood of consensus tree: -31724.201

Analysis results written to: 
  IQ-TREE report:                results_broccoli_meto/alignments/OG_9641.iqtree.iqtree
  Maximum-likelihood tree:       results_broccoli_meto/alignments/OG_9641.iqtree.treefile
  Likelihood distances:          results_broccoli_meto/alignments/OG_9641.iqtree.mldist

Ultrafast bootstrap approximation results written to:
  Split support values:          results_broccoli_meto/alignments/OG_9641.iqtree.splits.nex
  Consensus tree:                results_broccoli_meto/alignments/OG_9641.iqtree.contree
  Screen log file:               results_broccoli_meto/alignments/OG_9641.iqtree.log

Date and Time: Fri Dec 16 21:40:19 2022
