IQ-TREE multicore version 2.1.0 for Linux 64-bit built Jul 18 2020
Developed by Bui Quang Minh, James Barbetti, Nguyen Lam Tung,
Olga Chernomor, Heiko Schmidt, Dominik Schrempf, Michael Woodhams.

Host:    node-hp0506.linux.crg.es (AVX, 125 GB RAM)
Command: /users/asebe/xgraubove/Programes/iqtree-2.1.0-Linux/bin/iqtree2 -s results_broccoli_meto/alignments/OG_9540.lt.fasta -m TEST -mset LG,WAG,JTT -nt AUTO -ntmax 2 -bb 1000 -pre results_broccoli_meto/alignments/OG_9540.iqtree -nm 10000 -nstop 200 -cptime 1800
Seed:    95720 (Using SPRNG - Scalable Parallel Random Number Generator)
Time:    Fri Dec 16 21:33:06 2022
Kernel:  AVX - auto-detect threads (2 CPU cores detected)

Reading alignment file results_broccoli_meto/alignments/OG_9540.lt.fasta ... Fasta format detected
Alignment most likely contains protein sequences
Alignment has 57 sequences with 530 columns, 524 distinct patterns
498 parsimony-informative, 0 singleton sites, 32 constant sites
                                                      Gap/Ambiguity  Composition  p-value
   1  Hsap_ENST00000565975                                   10.00%    failed      0.24%
   2  Bralan_BLAG01001806_2                                  10.00%    passed     90.83%
   3  Cgig_XM_034443091.1                                     8.68%    passed     91.14%
   4  Acagra_model.g14125.t1.1.5d3b8787                       7.55%    passed     78.90%
   5  Skow_XM_006818987.1                                    12.64%    passed     41.21%
   6  Tcas_TC015223_001                                      11.32%    passed     50.84%
   7  Exapal_XM_021038931.2                                   5.28%    passed     73.42%
   8  Nvec_v1g243901                                          5.85%    passed     85.06%
   9  Adig_XM_015905693.1                                    42.26%    passed     59.99%
  10  Amil_Amillepora22214-RA                                15.85%    passed     10.66%
  11  Fspp_ffun1.m4.16199.m1                                  9.06%    passed     33.51%
  12  Gasp_gasp1.m3.112.m1                                    5.85%    passed     84.77%
  13  Spis_XP_022807905_1                                     6.04%    passed     68.74%
  14  Dgig_XM_028544577.1                                     6.04%    passed     92.50%
  15  Xesp_004638-T1                                         58.68%    failed      2.92%
  16  Chem_TCONS_00023419                                     4.34%    passed     11.58%
  17  Hvul_g2498_1                                           33.96%    passed     38.29%
  18  Nemnom_g5232.t1                                         3.58%    passed     44.96%
  19  Rhoesc_Res_006319-T1                                    4.53%    passed      7.99%
  20  Morvir_scaffold62.g66.t1                                5.09%    passed     95.32%
  21  Sanmal_Sma_018683-T1                                    5.28%    passed     75.83%
  22  Gfas_gfas1.m1.18178.m1                                 53.96%    passed     58.32%
  23  Ctel_gnl_WGS_AMQN_CAPTEDRAFT_mRNA179917                 6.79%    passed     98.17%
  24  Cscu_XM_023359823.1                                     9.25%    passed     35.98%
  25  Spur_XM_030991418.1                                     8.87%    passed     52.95%
  26  Aque_Aqu2.1.39785_001                                   8.11%    passed     90.01%
  27  Halamb_c46883_g1_i1m.21370                              8.11%    passed     99.51%
  28  Xestes_maker-XT_scaffold772-augustus-gene-0.4-mRNA-1   57.74%    passed     55.11%
  29  Emue_Em0015g87a.t1                                     50.19%    passed     93.45%
  30  Spolac_c103760_g1_i3_m.36031c103760-g1                 11.51%    passed     94.89%
  31  Tetwil_g9040.t2                                         4.53%    passed     32.03%
  32  Stycar_maker-SC_scaffold2008-snap-gene-0.31-mRNA-1     38.49%    passed     69.02%
  33  Ocar_g1548                                             34.72%    passed     80.50%
  34  Opea_EP00118_Oscarella_pearsei_P017294                 14.15%    passed     96.61%
  35  Lcom_lcpid47366                                        12.64%    passed     23.91%
  36  Leuniv_Lniv_scaffold23340_01                           37.92%    failed      2.96%
  37  Gracom_Gcom_C557792_01                                 13.21%    passed     11.59%
  38  Clacor_Ccor_C532395_01                                 35.85%    passed     67.31%
  39  Dpul_mRNA9079                                          15.66%    passed     95.96%
  40  Plajan_Pjan_scaffold21542_01                           66.23%    passed      6.66%
  41  Tadh_TriadT18944                                       15.28%    passed     86.32%
  42  TrH2_TrispH2_004056-RA                                 16.23%    passed     91.48%
  43  HoiH06_mRNA5365                                        16.42%    passed     43.05%
  44  HoiH23_PlH23_007913-RA                                 16.60%    passed     52.92%
  45  HoiH11_mRNA3565                                        38.68%    passed     28.21%
  46  HoiH04_mRNA1016                                        13.77%    failed      1.77%
  47  Hhon_g03960.t1                                         14.91%    failed      2.34%
  48  Mlei_ML2732.g18.i1                                     10.94%    passed     80.73%
  49  Drygla_Dgla_sb295819                                    9.81%    passed     45.18%
  50  Pbac_sb2653994                                         11.51%    passed     72.35%
  51  Horcal_Hcv1.av93.c3.g721.i1                             9.43%    passed     42.74%
  52  Vmul_sbMO425581                                         9.25%    passed     92.01%
  53  Coeast_Cast_sb798698                                    8.49%    passed     34.73%
  54  Coemet_Cmet_scaffold19476_01                            8.68%    passed     18.18%
  55  Lampan_Lpan_13218_01                                   10.19%    passed     52.52%
  56  Eupdun_Edun_sb10626813                                 73.21%    passed     41.31%
  57  Plespi_Pspi_C595956_01                                 52.26%    passed     71.40%
WARNING: 7 sequences contain more than 50% gaps/ambiguity
****  TOTAL                                                  19.22%  5 sequences failed composition chi2 test (p-value<5%; df=19)


Create initial parsimony tree by phylogenetic likelihood library (PLL)... 0.017 seconds
Measuring multi-threading efficiency up to 2 CPU cores
Increase to 10 rounds for branch lengths
3 trees examined
Threads: 1 / Time: 2.314 sec / Speedup: 1.000 / Efficiency: 100% / LogL: -43400
Threads: 2 / Time: 1.187 sec / Speedup: 1.950 / Efficiency: 98% / LogL: -43400
BEST NUMBER OF THREADS: 2

Perform fast likelihood tree search using LG+I+G model...
Estimate model parameters (epsilon = 5.000)
Perform nearest neighbor interchange...
Estimate model parameters (epsilon = 1.000)
1. Initial log-likelihood: -32878.189
Optimal log-likelihood: -32877.987
Proportion of invariable sites: 0.049
Gamma shape alpha: 1.264
Parameters optimization took 1 rounds (0.160 sec)
Time for fast ML tree search: 1.496 seconds

NOTE: ModelFinder requires 21 MB RAM!
ModelFinder will test up to 24 protein models (sample size: 530) ...
 No. Model         -LnL         df  AIC          AICc         BIC
  1  LG            34437.419    111 69096.838    69156.321    69571.127
  2  LG+I          34139.026    112 68502.053    68562.753    68980.615
  3  LG+G4         32899.542    112 66023.084    66083.784    66501.646
  4  LG+I+G4       32877.940    113 65981.880    66043.813    66464.715
  8  LG+F+I+G4     32880.413    132 66024.826    66113.269    66588.846
 12  WAG+I+G4      33026.813    113 66279.627    66341.560    66762.462
 16  WAG+F+I+G4    32922.264    132 66108.529    66196.972    66672.549
 20  JTT+I+G4      33194.468    113 66614.937    66676.869    67097.772
 24  JTT+F+I+G4    33175.522    132 66615.044    66703.488    67179.064
Akaike Information Criterion:           LG+I+G4
Corrected Akaike Information Criterion: LG+I+G4
Bayesian Information Criterion:         LG+I+G4
Best-fit model: LG+I+G4 chosen according to BIC

All model information printed to results_broccoli_meto/alignments/OG_9540.iqtree.model.gz
CPU time for ModelFinder: 16.675 seconds (0h:0m:16s)
Wall-clock time for ModelFinder: 9.516 seconds (0h:0m:9s)
Generating 1000 samples for ultrafast bootstrap (seed: 95720)...

NOTE: 21 MB RAM (0 GB) is required!
Estimate model parameters (epsilon = 0.100)
Thoroughly optimizing +I+G parameters from 10 start values...
Init pinv, alpha: 0.000, 1.272 / Estimate: 0.000, 0.943 / LogL: -32899.457
Init pinv, alpha: 0.007, 1.272 / Estimate: 0.049, 1.269 / LogL: -32877.960
Init pinv, alpha: 0.013, 1.272 / Estimate: 0.049, 1.271 / LogL: -32877.949
Init pinv, alpha: 0.020, 1.272 / Estimate: 0.049, 1.269 / LogL: -32877.974
Init pinv, alpha: 0.027, 1.272 / Estimate: 0.049, 1.267 / LogL: -32877.976
Init pinv, alpha: 0.034, 1.272 / Estimate: 0.049, 1.271 / LogL: -32877.941
Init pinv, alpha: 0.040, 1.272 / Estimate: 0.049, 1.269 / LogL: -32877.935
Init pinv, alpha: 0.047, 1.272 / Estimate: 0.049, 1.269 / LogL: -32877.923
Init pinv, alpha: 0.054, 1.272 / Estimate: 0.051, 1.282 / LogL: -32877.901
Init pinv, alpha: 0.060, 1.272 / Estimate: 0.050, 1.281 / LogL: -32877.891
Optimal pinv,alpha: 0.050, 1.281 / LogL: -32877.891

Parameters optimization took 5.711 sec
Computing ML distances based on estimated model parameters...
Computing ML distances took 0.224025 sec (of wall-clock time) 0.446447 sec(of CPU time)
Computing RapidNJ tree took 0.000690 sec (of wall-clock time) 0.001376 sec (of CPU time)
Log-likelihood of RapidNJ tree: -32960.542
--------------------------------------------------------------------
|             INITIALIZING CANDIDATE TREE SET                      |
--------------------------------------------------------------------
Generating 98 parsimony trees... 1.936 second
Computing log-likelihood of 98 initial trees ... 4.682 seconds
Current best score: -32877.891

Do NNI search on 20 best initial trees
Estimate model parameters (epsilon = 0.100)
BETTER TREE FOUND at iteration 1: -32876.347
Estimate model parameters (epsilon = 0.100)
BETTER TREE FOUND at iteration 3: -32868.144
Estimate model parameters (epsilon = 0.100)
BETTER TREE FOUND at iteration 4: -32865.576
Iteration 10 / LogL: -32869.977 / Time: 0h:0m:21s
Iteration 20 / LogL: -32865.823 / Time: 0h:0m:30s
Finish initializing candidate tree set (12)
Current best tree score: -32865.576 / CPU time: 23.542
Number of iterations: 20
--------------------------------------------------------------------
|               OPTIMIZING CANDIDATE TREE SET                      |
--------------------------------------------------------------------
Estimate model parameters (epsilon = 0.100)
BETTER TREE FOUND at iteration 25: -32864.770
Estimate model parameters (epsilon = 0.100)
UPDATE BEST LOG-LIKELIHOOD: -32864.585
Iteration 30 / LogL: -32869.515 / Time: 0h:0m:40s (0h:4m:30s left)
Iteration 40 / LogL: -32916.101 / Time: 0h:0m:49s (0h:3m:57s left)
Iteration 50 / LogL: -32869.064 / Time: 0h:1m:0s (0h:3m:34s left)
Log-likelihood cutoff on original alignment: -32921.049
Iteration 60 / LogL: -32864.705 / Time: 0h:1m:9s (0h:3m:15s left)
Iteration 70 / LogL: -32865.032 / Time: 0h:1m:19s (0h:2m:59s left)
Iteration 80 / LogL: -32868.937 / Time: 0h:1m:29s (0h:2m:44s left)
Iteration 90 / LogL: -32864.655 / Time: 0h:1m:39s (0h:2m:31s left)
Iteration 100 / LogL: -32868.063 / Time: 0h:1m:49s (0h:2m:18s left)
Log-likelihood cutoff on original alignment: -32921.049
NOTE: Bootstrap correlation coefficient of split occurrence frequencies: 0.998
Iteration 110 / LogL: -32870.885 / Time: 0h:1m:59s (0h:2m:5s left)
Iteration 120 / LogL: -32864.948 / Time: 0h:2m:8s (0h:1m:53s left)
Iteration 130 / LogL: -32865.096 / Time: 0h:2m:17s (0h:1m:41s left)
Iteration 140 / LogL: -32864.858 / Time: 0h:2m:26s (0h:1m:29s left)
Iteration 150 / LogL: -32869.470 / Time: 0h:2m:36s (0h:1m:18s left)
Log-likelihood cutoff on original alignment: -32921.049
Iteration 160 / LogL: -32864.892 / Time: 0h:2m:46s (0h:1m:8s left)
UPDATE BEST LOG-LIKELIHOOD: -32864.581
Iteration 170 / LogL: -32864.995 / Time: 0h:2m:56s (0h:0m:57s left)
Iteration 180 / LogL: -32865.172 / Time: 0h:3m:6s (0h:0m:46s left)
Iteration 190 / LogL: -32866.159 / Time: 0h:3m:16s (0h:0m:36s left)
Iteration 200 / LogL: -32864.714 / Time: 0h:3m:26s (0h:0m:25s left)
Log-likelihood cutoff on original alignment: -32921.049
NOTE: Bootstrap correlation coefficient of split occurrence frequencies: 1.000
Iteration 210 / LogL: -32865.349 / Time: 0h:3m:36s (0h:1m:33s left)
Iteration 220 / LogL: -32868.913 / Time: 0h:3m:46s (0h:1m:22s left)
TREE SEARCH COMPLETED AFTER 226 ITERATIONS / Time: 0h:3m:52s

--------------------------------------------------------------------
|                    FINALIZING TREE SEARCH                        |
--------------------------------------------------------------------
Performs final model parameters optimization
Estimate model parameters (epsilon = 0.010)
1. Initial log-likelihood: -32864.581
2. Current log-likelihood: -32864.562
Optimal log-likelihood: -32864.561
Proportion of invariable sites: 0.051
Gamma shape alpha: 1.299
Parameters optimization took 2 rounds (0.298 sec)
BEST SCORE FOUND : -32864.561
Creating bootstrap support values...
Split supports printed to NEXUS file results_broccoli_meto/alignments/OG_9540.iqtree.splits.nex
Total tree length: 30.030

Total number of iterations: 226
CPU time used for tree search: 447.712 sec (0h:7m:27s)
Wall-clock time used for tree search: 225.587 sec (0h:3m:45s)
Total CPU time used: 461.782 sec (0h:7m:41s)
Total wall-clock time used: 232.969 sec (0h:3m:52s)

Computing bootstrap consensus tree...
Reading input file results_broccoli_meto/alignments/OG_9540.iqtree.splits.nex...
57 taxa and 252 splits.
Consensus tree written to results_broccoli_meto/alignments/OG_9540.iqtree.contree
Reading input trees file results_broccoli_meto/alignments/OG_9540.iqtree.contree
Log-likelihood of consensus tree: -32864.850

Analysis results written to: 
  IQ-TREE report:                results_broccoli_meto/alignments/OG_9540.iqtree.iqtree
  Maximum-likelihood tree:       results_broccoli_meto/alignments/OG_9540.iqtree.treefile
  Likelihood distances:          results_broccoli_meto/alignments/OG_9540.iqtree.mldist

Ultrafast bootstrap approximation results written to:
  Split support values:          results_broccoli_meto/alignments/OG_9540.iqtree.splits.nex
  Consensus tree:                results_broccoli_meto/alignments/OG_9540.iqtree.contree
  Screen log file:               results_broccoli_meto/alignments/OG_9540.iqtree.log

Date and Time: Fri Dec 16 21:37:09 2022
