IQ-TREE multicore version 2.1.0 for Linux 64-bit built Jul 18 2020
Developed by Bui Quang Minh, James Barbetti, Nguyen Lam Tung,
Olga Chernomor, Heiko Schmidt, Dominik Schrempf, Michael Woodhams.

Host:    node-hp0406.linux.crg.es (AVX, 125 GB RAM)
Command: /users/asebe/xgraubove/Programes/iqtree-2.1.0-Linux/bin/iqtree2 -s results_broccoli_meto/alignments/OG_9399.lt.fasta -m TEST -mset LG,WAG,JTT -nt AUTO -ntmax 2 -bb 1000 -pre results_broccoli_meto/alignments/OG_9399.iqtree -nm 10000 -nstop 200 -cptime 1800
Seed:    731047 (Using SPRNG - Scalable Parallel Random Number Generator)
Time:    Fri Dec 16 21:20:32 2022
Kernel:  AVX - auto-detect threads (2 CPU cores detected)

Reading alignment file results_broccoli_meto/alignments/OG_9399.lt.fasta ... Fasta format detected
Alignment most likely contains protein sequences
Alignment has 31 sequences with 672 columns, 670 distinct patterns
655 parsimony-informative, 0 singleton sites, 17 constant sites
                             Gap/Ambiguity  Composition  p-value
   1  Hsap_ENST00000356539           4.91%    passed     33.55%
   2  Bralan_BLAG11000925_1          4.32%    failed      0.80%
   3  Skow_XM_006824590.1            3.12%    passed     68.95%
   4  Cgig_XM_011429618.3            3.12%    passed     82.37%
   5  Acagra_model.g29769.t1         5.06%    passed     85.10%
   6  Exapal_XM_021060978.2         24.11%    passed     73.86%
   7  Nvec_v1g239089                 2.38%    passed     37.65%
   8  Adig_XM_015892324.1           12.95%    passed     86.64%
   9  Amil_Amillepora32166-RA       11.90%    passed     70.85%
  10  Gfas_gfas1.m1.10319.m1         9.52%    passed      9.74%
  11  Fspp_ffun1.m4.19014.m1        14.88%    passed     48.46%
  12  Gasp_gasp1.m3.14639.m1         6.99%    passed     45.10%
  13  Spis_XP_022784738_1            4.91%    passed     17.63%
  14  Pocdam_XM_027185004.1          5.21%    passed     33.20%
  15  Aaur_scaffold328.g10.t1       83.48%    passed     50.89%
  16  Sanmal_Sma_020453-T1           4.91%    passed      9.36%
  17  Nemnom_g6193.t1               48.51%    failed      0.48%
  18  Rhoesc_Res_010255-T1           6.70%    passed     16.80%
  19  Morvir_scaffold30.g100.t2      5.36%    passed     25.08%
  20  Spur_XM_030987321.1            4.46%    failed      2.52%
  21  Plespi_Pspi_scaffold5973_01   72.77%    failed      0.64%
  22  Lcom_lcpid40125               10.71%    failed      0.00%
  23  Dgig_XM_028537932.1            7.59%    passed     75.44%
  24  Xesp_012563-T1                24.40%    passed      6.23%
  25  Tadh_wf_g6407.t1               1.93%    passed     26.47%
  26  TrH2_TrispH2_004547-RA         1.93%    passed     38.24%
  27  HoiH06_mRNA1518               40.18%    failed      0.61%
  28  HoiH23_PlH23_005780-RA         0.74%    failed      4.20%
  29  Hhon_g06931.t1                 0.74%    passed      6.41%
  30  HoiH04_mRNA16018               0.74%    passed      6.79%
  31  HoiH11_mRNA5594                0.74%    passed     21.34%
WARNING: 2 sequences contain more than 50% gaps/ambiguity
****  TOTAL                         13.85%  7 sequences failed composition chi2 test (p-value<5%; df=19)


Create initial parsimony tree by phylogenetic likelihood library (PLL)... 0.011 seconds
Measuring multi-threading efficiency up to 2 CPU cores
Increase to 10 rounds for branch lengths
4 trees examined
Threads: 1 / Time: 2.044 sec / Speedup: 1.000 / Efficiency: 100% / LogL: -36172
Threads: 2 / Time: 2.089 sec / Speedup: 0.978 / Efficiency: 49% / LogL: -36172
BEST NUMBER OF THREADS: 1

Perform fast likelihood tree search using LG+I+G model...
Estimate model parameters (epsilon = 5.000)
Perform nearest neighbor interchange...
Estimate model parameters (epsilon = 1.000)
1. Initial log-likelihood: -28987.590
Optimal log-likelihood: -28987.419
Proportion of invariable sites: 0.024
Gamma shape alpha: 3.471
Parameters optimization took 1 rounds (0.184 sec)
Time for fast ML tree search: 1.656 seconds

NOTE: ModelFinder requires 15 MB RAM!
ModelFinder will test up to 24 protein models (sample size: 672) ...
 No. Model         -LnL         df  AIC          AICc         BIC
  1  LG            29393.815    59  58905.630    58917.199    59171.736
  2  LG+I          29224.444    60  58568.888    58580.869    58839.504
  3  LG+G4         29046.494    60  58212.988    58224.968    58483.603
  4  LG+I+G4       28987.418    61  58096.835    58109.235    58371.961
  8  LG+F+I+G4     28751.768    80  57663.537    57685.466    58024.358
 12  WAG+I+G4      29155.911    61  58433.823    58446.223    58708.948
 16  WAG+F+I+G4    28866.434    80  57892.869    57914.798    58253.689
 20  JTT+I+G4      29141.512    61  58405.025    58417.425    58680.150
 24  JTT+F+I+G4    28602.985    80  57365.970    57387.899    57726.790
Akaike Information Criterion:           JTT+F+I+G4
Corrected Akaike Information Criterion: JTT+F+I+G4
Bayesian Information Criterion:         JTT+F+I+G4
Best-fit model: JTT+F+I+G4 chosen according to BIC

All model information printed to results_broccoli_meto/alignments/OG_9399.iqtree.model.gz
CPU time for ModelFinder: 14.293 seconds (0h:0m:14s)
Wall-clock time for ModelFinder: 12.200 seconds (0h:0m:12s)
Generating 1000 samples for ultrafast bootstrap (seed: 731047)...

NOTE: 15 MB RAM (0 GB) is required!
Estimate model parameters (epsilon = 0.100)
Thoroughly optimizing +I+G parameters from 10 start values...
Init pinv, alpha: 0.000, 2.624 / Estimate: 0.023, 2.615 / LogL: -28602.989
Init pinv, alpha: 0.003, 2.624 / Estimate: 0.023, 2.618 / LogL: -28602.986
Init pinv, alpha: 0.006, 2.624 / Estimate: 0.023, 2.621 / LogL: -28602.985
Init pinv, alpha: 0.008, 2.624 / Estimate: 0.023, 2.625 / LogL: -28602.985
Init pinv, alpha: 0.011, 2.624 / Estimate: 0.023, 2.623 / LogL: -28602.986
Init pinv, alpha: 0.014, 2.624 / Estimate: 0.023, 2.624 / LogL: -28602.985
Init pinv, alpha: 0.017, 2.624 / Estimate: 0.023, 2.625 / LogL: -28602.984
Init pinv, alpha: 0.020, 2.624 / Estimate: 0.023, 2.625 / LogL: -28602.984
Init pinv, alpha: 0.022, 2.624 / Estimate: 0.023, 2.627 / LogL: -28602.984
Init pinv, alpha: 0.025, 2.624 / Estimate: 0.023, 2.629 / LogL: -28602.985
Optimal pinv,alpha: 0.023, 2.625 / LogL: -28602.984

Parameters optimization took 5.435 sec
Computing ML distances based on estimated model parameters...
Computing ML distances took 0.136938 sec (of wall-clock time) 0.135839 sec(of CPU time)
Computing RapidNJ tree took 0.000147 sec (of wall-clock time) 0.000145 sec (of CPU time)
Log-likelihood of RapidNJ tree: -28725.968
--------------------------------------------------------------------
|             INITIALIZING CANDIDATE TREE SET                      |
--------------------------------------------------------------------
Generating 98 parsimony trees... 0.975 second
Computing log-likelihood of 98 initial trees ... 5.814 seconds
Current best score: -28602.984

Do NNI search on 20 best initial trees
Estimate model parameters (epsilon = 0.100)
BETTER TREE FOUND at iteration 1: -28602.197
Estimate model parameters (epsilon = 0.100)
BETTER TREE FOUND at iteration 3: -28601.336
Iteration 10 / LogL: -28601.423 / Time: 0h:0m:24s
Iteration 20 / LogL: -28602.432 / Time: 0h:0m:35s
Finish initializing candidate tree set (11)
Current best tree score: -28601.336 / CPU time: 29.358
Number of iterations: 20
--------------------------------------------------------------------
|               OPTIMIZING CANDIDATE TREE SET                      |
--------------------------------------------------------------------
Iteration 30 / LogL: -28602.066 / Time: 0h:0m:48s (0h:4m:51s left)
Iteration 40 / LogL: -28612.108 / Time: 0h:1m:2s (0h:4m:20s left)
Iteration 50 / LogL: -28601.468 / Time: 0h:1m:15s (0h:3m:56s left)
Log-likelihood cutoff on original alignment: -28641.634
Iteration 60 / LogL: -28722.964 / Time: 0h:1m:27s (0h:3m:32s left)
Iteration 70 / LogL: -28601.683 / Time: 0h:1m:40s (0h:3m:12s left)
Iteration 80 / LogL: -28602.404 / Time: 0h:1m:52s (0h:2m:55s left)
Iteration 90 / LogL: -28601.480 / Time: 0h:2m:5s (0h:2m:39s left)
Iteration 100 / LogL: -28608.990 / Time: 0h:2m:17s (0h:2m:22s left)
Log-likelihood cutoff on original alignment: -28634.901
NOTE: Bootstrap correlation coefficient of split occurrence frequencies: 0.997
Iteration 110 / LogL: -28603.918 / Time: 0h:2m:29s (0h:2m:7s left)
Iteration 120 / LogL: -28619.522 / Time: 0h:2m:41s (0h:1m:52s left)
Iteration 130 / LogL: -28608.105 / Time: 0h:2m:52s (0h:1m:37s left)
Iteration 140 / LogL: -28602.441 / Time: 0h:3m:6s (0h:1m:24s left)
Iteration 150 / LogL: -28602.748 / Time: 0h:3m:19s (0h:1m:10s left)
Log-likelihood cutoff on original alignment: -28634.901
Iteration 160 / LogL: -28601.353 / Time: 0h:3m:31s (0h:0m:57s left)
Iteration 170 / LogL: -28601.596 / Time: 0h:3m:44s (0h:0m:43s left)
Iteration 180 / LogL: -28602.703 / Time: 0h:3m:55s (0h:0m:30s left)
Iteration 190 / LogL: -28601.653 / Time: 0h:4m:6s (0h:0m:16s left)
Iteration 200 / LogL: -28609.562 / Time: 0h:4m:18s (0h:0m:3s left)
Log-likelihood cutoff on original alignment: -28634.726
NOTE: Bootstrap correlation coefficient of split occurrence frequencies: 0.999
TREE SEARCH COMPLETED AFTER 204 ITERATIONS / Time: 0h:4m:23s

--------------------------------------------------------------------
|                    FINALIZING TREE SEARCH                        |
--------------------------------------------------------------------
Performs final model parameters optimization
Estimate model parameters (epsilon = 0.010)
1. Initial log-likelihood: -28601.336
Optimal log-likelihood: -28601.331
Proportion of invariable sites: 0.023
Gamma shape alpha: 2.627
Parameters optimization took 1 rounds (0.189 sec)
BEST SCORE FOUND : -28601.331
Creating bootstrap support values...
Split supports printed to NEXUS file results_broccoli_meto/alignments/OG_9399.iqtree.splits.nex
Total tree length: 25.419

Total number of iterations: 204
CPU time used for tree search: 256.262 sec (0h:4m:16s)
Wall-clock time used for tree search: 257.022 sec (0h:4m:17s)
Total CPU time used: 262.916 sec (0h:4m:22s)
Total wall-clock time used: 263.645 sec (0h:4m:23s)

Computing bootstrap consensus tree...
Reading input file results_broccoli_meto/alignments/OG_9399.iqtree.splits.nex...
31 taxa and 177 splits.
Consensus tree written to results_broccoli_meto/alignments/OG_9399.iqtree.contree
Reading input trees file results_broccoli_meto/alignments/OG_9399.iqtree.contree
Log-likelihood of consensus tree: -28602.444

Analysis results written to: 
  IQ-TREE report:                results_broccoli_meto/alignments/OG_9399.iqtree.iqtree
  Maximum-likelihood tree:       results_broccoli_meto/alignments/OG_9399.iqtree.treefile
  Likelihood distances:          results_broccoli_meto/alignments/OG_9399.iqtree.mldist

Ultrafast bootstrap approximation results written to:
  Split support values:          results_broccoli_meto/alignments/OG_9399.iqtree.splits.nex
  Consensus tree:                results_broccoli_meto/alignments/OG_9399.iqtree.contree
  Screen log file:               results_broccoli_meto/alignments/OG_9399.iqtree.log

Date and Time: Fri Dec 16 21:25:09 2022
