IQ-TREE multicore version 2.1.0 for Linux 64-bit built Jul 18 2020
Developed by Bui Quang Minh, James Barbetti, Nguyen Lam Tung,
Olga Chernomor, Heiko Schmidt, Dominik Schrempf, Michael Woodhams.

Host:    node-hp0101.linux.crg.es (AVX, 125 GB RAM)
Command: /users/asebe/xgraubove/Programes/iqtree-2.1.0-Linux/bin/iqtree2 -s results_broccoli_meto/alignments/OG_977.lt.fasta -m TEST -mset LG,WAG,JTT -nt AUTO -ntmax 2 -bb 1000 -pre results_broccoli_meto/alignments/OG_977.iqtree -nm 10000 -nstop 200 -cptime 1800
Seed:    655635 (Using SPRNG - Scalable Parallel Random Number Generator)
Time:    Fri Dec 16 21:44:45 2022
Kernel:  AVX - auto-detect threads (2 CPU cores detected)

Reading alignment file results_broccoli_meto/alignments/OG_977.lt.fasta ... Fasta format detected
Alignment most likely contains protein sequences
Alignment has 43 sequences with 637 columns, 630 distinct patterns
617 parsimony-informative, 0 singleton sites, 20 constant sites
                                         Gap/Ambiguity  Composition  p-value
   1  Hsap_ENST00000238647                       9.42%    failed      0.89%
   2  Bralan_BLAG04000277_1                     10.20%    passed     75.33%
   3  Skow_XM_002735847.2                       11.46%    passed     74.18%
   4  Ctel_gnl_WGS_AMQN_CAPTEDRAFT_mRNA173317   21.19%    failed      3.59%
   5  Acagra_model.g2763.t1                     13.03%    failed      3.72%
   6  Spur_XM_779395.5                          10.20%    passed     34.87%
   7  Cgig_XM_011417529.3                       16.95%    passed     32.36%
   8  Exapal_XM_021036280.2                     14.60%    passed     29.17%
   9  Nvec_v1g183914                            54.47%    passed     13.69%
  10  Adig_XM_015902883.1                       13.19%    passed     41.11%
  11  Gfas_gfas1.m1.8284.m1                     13.19%    passed     57.09%
  12  Gasp_gasp1.m3.21021.m1                    13.50%    passed     45.19%
  13  Spis_XP_022791037_1                       13.19%    passed     50.48%
  14  Pocdam_XM_027183065.1                     13.19%    passed     62.93%
  15  Hvul_g20042_1                             13.66%    failed      0.22%
  16  Chem_TCONS_00025524                       13.97%    passed     26.97%
  17  Aaur_scaffold2299.g2.t1                   11.93%    passed     20.16%
  18  Nemnom_g2391.t1                           11.46%    passed     66.99%
  19  Sanmal_Sma_027212-T1                      10.05%    passed     59.42%
  20  Morvir_scaffold104.g7.t1                  10.83%    passed     33.47%
  21  Dgig_XM_028542752.1                       22.76%    passed     64.98%
  22  Xesp_012420-T1                            22.61%    passed     86.72%
  23  Tcas_TC007295_001                         33.28%    failed      0.04%
  24  Cscu_XM_023386384.1                       32.97%    passed      7.93%
  25  Dpul_mRNA22598                            15.70%    failed      0.00%
  26  Mlei_ML0405.g24.i1                        19.00%    passed      8.05%
  27  Vmul_sbMO397470                           56.67%    passed     80.01%
  28  Bolinf_Binf_sb1213014                     69.23%    passed      8.16%
  29  Beraby_Baby_sb330981                      29.36%    failed      2.28%
  30  Mertsp_Mesp_sb536056                      68.13%    passed     19.61%
  31  Drygla_Dgla_sb303542                      10.99%    passed      8.10%
  32  Lampan_Lpan_11668_01                      18.84%    failed      0.25%
  33  Coeast_Cast_sb780542                      38.93%    passed      5.92%
  34  Coemet_Cmet_C604758_01                    19.00%    failed      2.64%
  35  Eupdun_Edun_sb10686116                    70.33%    failed      0.03%
  36  Ocar_g7193                                22.29%    failed      0.25%
  37  Opea_EP00118_Oscarella_pearsei_P013601    35.16%    failed      0.79%
  38  Plajan_Pjan_C568812_01                    31.24%    passed     24.61%
  39  Scil_scict009778.2                        47.41%    failed      0.00%
  40  Lcom_lcpid90534                           31.55%    failed      0.01%
  41  Leuniv_Lniv_C813632_01                    28.89%    failed      0.02%
  42  Gracom_Gcom_scaffold15179_01              30.30%    failed      0.00%
  43  Clacor_Ccor_C541655_01                    39.40%    failed      1.13%
WARNING: 5 sequences contain more than 50% gaps/ambiguity
****  TOTAL                                     25.44%  17 sequences failed composition chi2 test (p-value<5%; df=19)


Create initial parsimony tree by phylogenetic likelihood library (PLL)... 0.030 seconds
Measuring multi-threading efficiency up to 2 CPU cores
Increase to 10 rounds for branch lengths
3 trees examined
Threads: 1 / Time: 2.175 sec / Speedup: 1.000 / Efficiency: 100% / LogL: -39655
Threads: 2 / Time: 2.814 sec / Speedup: 0.773 / Efficiency: 39% / LogL: -39655
BEST NUMBER OF THREADS: 1

Perform fast likelihood tree search using LG+I+G model...
Estimate model parameters (epsilon = 5.000)
Perform nearest neighbor interchange...
Estimate model parameters (epsilon = 1.000)
1. Initial log-likelihood: -29634.148
Optimal log-likelihood: -29633.906
Proportion of invariable sites: 0.027
Gamma shape alpha: 1.527
Parameters optimization took 1 rounds (0.261 sec)
Time for fast ML tree search: 2.410 seconds

NOTE: ModelFinder requires 19 MB RAM!
ModelFinder will test up to 24 protein models (sample size: 637) ...
 No. Model         -LnL         df  AIC          AICc         BIC
  1  LG            30555.235    83  61276.470    61301.685    61646.381
  2  LG+I          30364.680    84  60897.360    60923.229    61271.728
  3  LG+G4         29660.073    84  59488.145    59514.015    59862.514
  4  LG+I+G4       29633.899    85  59437.799    59464.332    59816.624
  8  LG+F+I+G4     29153.861    104 58515.723    58556.776    58979.227
 12  WAG+I+G4      29540.895    85  59251.791    59278.324    59630.616
 16  WAG+F+I+G4    29258.350    104 58724.701    58765.754    59188.205
 20  JTT+I+G4      29301.113    85  58772.226    58798.760    59151.052
 24  JTT+F+I+G4    29080.070    104 58368.141    58409.193    58831.645
Akaike Information Criterion:           JTT+F+I+G4
Corrected Akaike Information Criterion: JTT+F+I+G4
Bayesian Information Criterion:         JTT+F+I+G4
Best-fit model: JTT+F+I+G4 chosen according to BIC

All model information printed to results_broccoli_meto/alignments/OG_977.iqtree.model.gz
CPU time for ModelFinder: 15.007 seconds (0h:0m:15s)
Wall-clock time for ModelFinder: 15.281 seconds (0h:0m:15s)
Generating 1000 samples for ultrafast bootstrap (seed: 655635)...

NOTE: 19 MB RAM (0 GB) is required!
Estimate model parameters (epsilon = 0.100)
Thoroughly optimizing +I+G parameters from 10 start values...
Init pinv, alpha: 0.000, 1.571 / Estimate: 0.027, 1.570 / LogL: -29080.069
Init pinv, alpha: 0.003, 1.571 / Estimate: 0.027, 1.572 / LogL: -29080.067
Init pinv, alpha: 0.007, 1.571 / Estimate: 0.027, 1.572 / LogL: -29080.067
Init pinv, alpha: 0.010, 1.571 / Estimate: 0.027, 1.575 / LogL: -29080.068
Init pinv, alpha: 0.014, 1.571 / Estimate: 0.027, 1.575 / LogL: -29080.067
Init pinv, alpha: 0.017, 1.571 / Estimate: 0.027, 1.574 / LogL: -29080.069
Init pinv, alpha: 0.021, 1.571 / Estimate: 0.027, 1.574 / LogL: -29080.067
Init pinv, alpha: 0.024, 1.571 / Estimate: 0.027, 1.573 / LogL: -29080.069
Init pinv, alpha: 0.028, 1.571 / Estimate: 0.027, 1.573 / LogL: -29080.067
Init pinv, alpha: 0.031, 1.571 / Estimate: 0.027, 1.573 / LogL: -29080.067
Optimal pinv,alpha: 0.027, 1.573 / LogL: -29080.067

Parameters optimization took 8.647 sec
Computing ML distances based on estimated model parameters...
Computing ML distances took 0.265149 sec (of wall-clock time) 0.263396 sec(of CPU time)
WARNING: Some pairwise ML distances are too long (saturated)
Computing RapidNJ tree took 0.000265 sec (of wall-clock time) 0.000298 sec (of CPU time)
Log-likelihood of RapidNJ tree: -29699.079
--------------------------------------------------------------------
|             INITIALIZING CANDIDATE TREE SET                      |
--------------------------------------------------------------------
Generating 98 parsimony trees... 1.381 second
Computing log-likelihood of 98 initial trees ... 8.007 seconds
Current best score: -29080.067

Do NNI search on 20 best initial trees
Estimate model parameters (epsilon = 0.100)
BETTER TREE FOUND at iteration 1: -29079.292
Estimate model parameters (epsilon = 0.100)
UPDATE BEST LOG-LIKELIHOOD: -29078.775
Iteration 10 / LogL: -29078.924 / Time: 0h:0m:30s
Iteration 20 / LogL: -29091.835 / Time: 0h:0m:43s
Finish initializing candidate tree set (5)
Current best tree score: -29078.775 / CPU time: 34.215
Number of iterations: 20
--------------------------------------------------------------------
|               OPTIMIZING CANDIDATE TREE SET                      |
--------------------------------------------------------------------
Iteration 30 / LogL: -29133.440 / Time: 0h:1m:1s (0h:6m:1s left)
Iteration 40 / LogL: -29079.647 / Time: 0h:1m:17s (0h:5m:21s left)
Iteration 50 / LogL: -29078.817 / Time: 0h:1m:36s (0h:4m:58s left)
Log-likelihood cutoff on original alignment: -29125.401
Iteration 60 / LogL: -29078.862 / Time: 0h:1m:55s (0h:4m:36s left)
Iteration 70 / LogL: -29080.694 / Time: 0h:2m:15s (0h:4m:18s left)
Iteration 80 / LogL: -29079.212 / Time: 0h:2m:32s (0h:3m:54s left)
Iteration 90 / LogL: -29080.903 / Time: 0h:2m:50s (0h:3m:32s left)
Iteration 100 / LogL: -29079.667 / Time: 0h:3m:10s (0h:3m:14s left)
Log-likelihood cutoff on original alignment: -29125.401
NOTE: Bootstrap correlation coefficient of split occurrence frequencies: 1.000
Iteration 110 / LogL: -29080.697 / Time: 0h:3m:30s (0h:2m:56s left)
Iteration 120 / LogL: -29079.422 / Time: 0h:3m:50s (0h:2m:36s left)
Iteration 130 / LogL: -29078.876 / Time: 0h:4m:9s (0h:2m:17s left)
Iteration 140 / LogL: -29080.796 / Time: 0h:4m:26s (0h:1m:57s left)
Iteration 150 / LogL: -29085.293 / Time: 0h:4m:46s (0h:1m:37s left)
Log-likelihood cutoff on original alignment: -29125.401
Iteration 160 / LogL: -29080.809 / Time: 0h:5m:5s (0h:1m:18s left)
Iteration 170 / LogL: -29081.247 / Time: 0h:5m:24s (0h:0m:59s left)
Iteration 180 / LogL: -29079.992 / Time: 0h:5m:42s (0h:0m:40s left)
Iteration 190 / LogL: -29080.711 / Time: 0h:5m:59s (0h:0m:20s left)
Iteration 200 / LogL: -29079.155 / Time: 0h:6m:19s (0h:0m:1s left)
Log-likelihood cutoff on original alignment: -29125.401
NOTE: Bootstrap correlation coefficient of split occurrence frequencies: 1.000
TREE SEARCH COMPLETED AFTER 202 ITERATIONS / Time: 0h:6m:23s

--------------------------------------------------------------------
|                    FINALIZING TREE SEARCH                        |
--------------------------------------------------------------------
Performs final model parameters optimization
Estimate model parameters (epsilon = 0.010)
1. Initial log-likelihood: -29078.775
Optimal log-likelihood: -29078.773
Proportion of invariable sites: 0.027
Gamma shape alpha: 1.576
Parameters optimization took 1 rounds (0.259 sec)
BEST SCORE FOUND : -29078.773
Creating bootstrap support values...
Split supports printed to NEXUS file results_broccoli_meto/alignments/OG_977.iqtree.splits.nex
Total tree length: 25.185

Total number of iterations: 202
CPU time used for tree search: 372.980 sec (0h:6m:12s)
Wall-clock time used for tree search: 373.632 sec (0h:6m:13s)
Total CPU time used: 383.064 sec (0h:6m:23s)
Total wall-clock time used: 383.803 sec (0h:6m:23s)

Computing bootstrap consensus tree...
Reading input file results_broccoli_meto/alignments/OG_977.iqtree.splits.nex...
43 taxa and 231 splits.
Consensus tree written to results_broccoli_meto/alignments/OG_977.iqtree.contree
Reading input trees file results_broccoli_meto/alignments/OG_977.iqtree.contree
Log-likelihood of consensus tree: -29078.774

Analysis results written to: 
  IQ-TREE report:                results_broccoli_meto/alignments/OG_977.iqtree.iqtree
  Maximum-likelihood tree:       results_broccoli_meto/alignments/OG_977.iqtree.treefile
  Likelihood distances:          results_broccoli_meto/alignments/OG_977.iqtree.mldist

Ultrafast bootstrap approximation results written to:
  Split support values:          results_broccoli_meto/alignments/OG_977.iqtree.splits.nex
  Consensus tree:                results_broccoli_meto/alignments/OG_977.iqtree.contree
  Screen log file:               results_broccoli_meto/alignments/OG_977.iqtree.log

Date and Time: Fri Dec 16 21:51:26 2022
