IQ-TREE multicore version 2.1.0 for Linux 64-bit built Jul 18 2020
Developed by Bui Quang Minh, James Barbetti, Nguyen Lam Tung,
Olga Chernomor, Heiko Schmidt, Dominik Schrempf, Michael Woodhams.

Host:    node-hp0108.linux.crg.es (AVX, 125 GB RAM)
Command: /users/asebe/xgraubove/Programes/iqtree-2.1.0-Linux/bin/iqtree2 -s results_broccoli_meto/alignments/OG_9099.lt.fasta -m TEST -mset LG,WAG,JTT -nt AUTO -ntmax 2 -bb 1000 -pre results_broccoli_meto/alignments/OG_9099.iqtree -nm 10000 -nstop 200 -cptime 1800
Seed:    650496 (Using SPRNG - Scalable Parallel Random Number Generator)
Time:    Fri Dec 16 21:07:30 2022
Kernel:  AVX - auto-detect threads (2 CPU cores detected)

Reading alignment file results_broccoli_meto/alignments/OG_9099.lt.fasta ... Fasta format detected
Alignment most likely contains protein sequences
Alignment has 56 sequences with 626 columns, 624 distinct patterns
603 parsimony-informative, 0 singleton sites, 23 constant sites
                                                       Gap/Ambiguity  Composition  p-value
   1  Hsap_ENST00000380774                                     1.92%    passed     27.85%
   2  Spur_XM_030996028.1                                      5.43%    passed     30.49%
   3  Skow_XM_006822313.1                                     67.57%    passed     61.76%
   4  Exapal_XM_021060110.2                                    5.91%    passed     85.66%
   5  Nvec_v1g125757                                           3.19%    passed     89.16%
   6  Adig_XM_015917100.1                                     24.60%    passed     55.25%
   7  Amil_Amillepora25848-RA                                  8.63%    passed     20.69%
   8  Fspp_ffun1.m4.19038.m1                                   6.87%    passed     89.38%
   9  Gasp_gasp1.m3.13915.m1                                  55.43%    passed     71.52%
  10  Spis_XP_022793320_1                                      4.95%    passed     90.75%
  11  Pocdam_XM_027193352.1                                    9.90%    passed     64.63%
  12  Gfas_gfas1.m1.4447.m1                                   42.49%    passed      7.48%
  13  Cscu_XM_023369501.1                                     76.52%    passed     41.47%
  14  Cgig_XM_034456191.1                                      5.11%    passed     81.60%
  15  Acagra_model.g11877.t1                                   4.47%    passed     17.45%
  16  Aque_Aqu2.1.30065_001                                    8.15%    passed     37.85%
  17  Xestes_maker-XT_scaffold192268-snap-gene-0.40-mRNA-1     4.63%    passed     89.13%
  18  Halamb_c53955_g4_i3m.36956                              41.21%    failed      3.59%
  19  Tetwil_g15875.t1                                        67.57%    passed     52.87%
  20  Emue_Em0011g324a.t1                                      9.42%    failed      0.06%
  21  Spolac_c40413_g1_i1_m.1075c40413-g1                     71.57%    passed     13.55%
  22  Plespi_Pspi_scaffold20239_01                             9.27%    passed     63.40%
  23  Tadh_TriadT18196                                        31.63%    failed      0.24%
  24  TrH2_TrispH2_007160-RA                                   3.99%    failed      3.07%
  25  HoiH06_mRNA2425                                         37.54%    failed      1.68%
  26  HoiH23_PlH23_003978-RA                                   3.35%    passed      6.70%
  27  Hhon_g06809.t1                                           3.99%    passed     23.19%
  28  HoiH04_mRNA11266                                         3.99%    passed     25.58%
  29  Aaur_scaffold153.g6.t3                                   7.83%    passed     79.04%
  30  Nemnom_g12743.t1                                         6.55%    passed     98.72%
  31  Rhoesc_Res_016731-T1                                     4.15%    passed     90.81%
  32  Sanmal_Sma_012107-T1                                    11.82%    passed     74.25%
  33  Morvir_scaffold126.g35.t1                               49.04%    passed     98.00%
  34  Chem_TCONS_00027029                                     42.97%    passed     77.15%
  35  Hvul_g7965_1                                            28.91%    passed     10.27%
  36  Dgig_XM_028547869.1                                      7.51%    passed     46.39%
  37  Xesp_001074-T1                                          12.94%    passed      8.15%
  38  Ctel_gnl_WGS_AMQN_CAPTEDRAFT_mRNA93455                  10.86%    passed     82.45%
  39  Scil_scict025033.1                                       4.95%    failed      0.00%
  40  Leuniv_Lniv_C803210_01                                  58.15%    failed      0.15%
  41  Lcom_lcpid56189                                          5.43%    failed      0.02%
  42  Gracom_Gcom_scaffold11770_01                             4.63%    failed      0.00%
  43  Plajan_Pjan_C571702_01                                  35.94%    passed     54.70%
  44  Ocar_g8533                                              84.66%    passed     21.52%
  45  Opea_EP00118_Oscarella_pearsei_P013265                  11.34%    failed      3.24%
  46  Bralan_BLAG08000052_1                                   12.30%    failed      0.20%
  47  Stycar_maker-SC_scaffold4982-augustus-gene-0.5-mRNA-1   68.85%    passed     68.26%
  48  Pbac_sb2663511                                          68.21%    passed      5.17%
  49  Horcal_Hcv1.av93.c10.g457.i1                            19.01%    passed     26.50%
  50  Bolinf_Binf_sb1221094                                   28.12%    passed     30.35%
  51  Mertsp_Mesp_sb554372                                    33.23%    passed     23.42%
  52  Lampan_Lpan_16130_01                                    22.36%    passed     99.94%
  53  Vmul_SimC400304                                         19.65%    passed     94.30%
  54  Coeast_Cast_sb756779                                    72.20%    passed     42.60%
  55  Coemet_Cmet_scaffold20760_01                            18.37%    passed     34.74%
  56  Drygla_Dgla_sb282055                                    77.48%    passed     35.90%
WARNING: 11 sequences contain more than 50% gaps/ambiguity
****  TOTAL                                                   25.84%  11 sequences failed composition chi2 test (p-value<5%; df=19)


Create initial parsimony tree by phylogenetic likelihood library (PLL)... 0.024 seconds
Measuring multi-threading efficiency up to 2 CPU cores
Increase to 10 rounds for branch lengths
3 trees examined
Threads: 1 / Time: 2.725 sec / Speedup: 1.000 / Efficiency: 100% / LogL: -51819
Threads: 2 / Time: 1.408 sec / Speedup: 1.935 / Efficiency: 97% / LogL: -51819
BEST NUMBER OF THREADS: 2

Perform fast likelihood tree search using LG+I+G model...
Estimate model parameters (epsilon = 5.000)
Perform nearest neighbor interchange...
Estimate model parameters (epsilon = 1.000)
1. Initial log-likelihood: -40562.298
Optimal log-likelihood: -40562.167
Proportion of invariable sites: 0.031
Gamma shape alpha: 1.444
Parameters optimization took 1 rounds (0.179 sec)
Time for fast ML tree search: 1.538 seconds

NOTE: ModelFinder requires 24 MB RAM!
ModelFinder will test up to 24 protein models (sample size: 626) ...
 No. Model         -LnL         df  AIC          AICc         BIC
  1  LG            42013.747    109 84245.494    84291.967    84729.383
  2  LG+I          41738.830    110 83697.659    83745.077    84185.988
  3  LG+G4         40596.217    110 81412.435    81459.852    81900.763
  4  LG+I+G4       40562.168    111 81346.336    81394.710    81839.104
  8  LG+F+I+G4     40309.634    130 80879.268    80948.076    81456.383
 12  WAG+I+G4      40612.660    111 81447.320    81495.694    81940.088
 16  WAG+F+I+G4    40467.319    130 81194.637    81263.445    81771.753
 20  JTT+I+G4      40540.250    111 81302.501    81350.874    81795.269
 24  JTT+F+I+G4    40284.941    130 80829.883    80898.691    81406.999
Akaike Information Criterion:           JTT+F+I+G4
Corrected Akaike Information Criterion: JTT+F+I+G4
Bayesian Information Criterion:         JTT+F+I+G4
Best-fit model: JTT+F+I+G4 chosen according to BIC

All model information printed to results_broccoli_meto/alignments/OG_9099.iqtree.model.gz
CPU time for ModelFinder: 21.418 seconds (0h:0m:21s)
Wall-clock time for ModelFinder: 13.054 seconds (0h:0m:13s)
Generating 1000 samples for ultrafast bootstrap (seed: 650496)...

NOTE: 24 MB RAM (0 GB) is required!
Estimate model parameters (epsilon = 0.100)
Thoroughly optimizing +I+G parameters from 10 start values...
Init pinv, alpha: 0.000, 1.468 / Estimate: 0.033, 1.475 / LogL: -40284.926
Init pinv, alpha: 0.004, 1.468 / Estimate: 0.032, 1.473 / LogL: -40284.925
Init pinv, alpha: 0.008, 1.468 / Estimate: 0.033, 1.476 / LogL: -40284.928
Init pinv, alpha: 0.012, 1.468 / Estimate: 0.033, 1.477 / LogL: -40284.932
Init pinv, alpha: 0.016, 1.468 / Estimate: 0.032, 1.475 / LogL: -40284.934
Init pinv, alpha: 0.020, 1.468 / Estimate: 0.032, 1.474 / LogL: -40284.928
Init pinv, alpha: 0.024, 1.468 / Estimate: 0.032, 1.473 / LogL: -40284.925
Init pinv, alpha: 0.029, 1.468 / Estimate: 0.033, 1.474 / LogL: -40284.924
Init pinv, alpha: 0.033, 1.468 / Estimate: 0.033, 1.471 / LogL: -40284.927
Init pinv, alpha: 0.037, 1.468 / Estimate: 0.033, 1.471 / LogL: -40284.929
Optimal pinv,alpha: 0.033, 1.474 / LogL: -40284.924

Parameters optimization took 5.225 sec
Computing ML distances based on estimated model parameters...
Computing ML distances took 0.238141 sec (of wall-clock time) 0.468993 sec(of CPU time)
WARNING: Some pairwise ML distances are too long (saturated)
Computing RapidNJ tree took 0.001241 sec (of wall-clock time) 0.000707 sec (of CPU time)
Log-likelihood of RapidNJ tree: -40853.082
--------------------------------------------------------------------
|             INITIALIZING CANDIDATE TREE SET                      |
--------------------------------------------------------------------
Generating 98 parsimony trees... 2.477 second
Computing log-likelihood of 98 initial trees ... 5.449 seconds
Current best score: -40284.924

Do NNI search on 20 best initial trees
Estimate model parameters (epsilon = 0.100)
BETTER TREE FOUND at iteration 1: -40277.582
Estimate model parameters (epsilon = 0.100)
BETTER TREE FOUND at iteration 2: -40262.396
Estimate model parameters (epsilon = 0.100)
BETTER TREE FOUND at iteration 3: -40260.116
Estimate model parameters (epsilon = 0.100)
BETTER TREE FOUND at iteration 10: -40251.299
Iteration 10 / LogL: -40251.299 / Time: 0h:0m:26s
Iteration 20 / LogL: -40266.330 / Time: 0h:0m:37s
Finish initializing candidate tree set (17)
Current best tree score: -40251.299 / CPU time: 30.125
Number of iterations: 20
--------------------------------------------------------------------
|               OPTIMIZING CANDIDATE TREE SET                      |
--------------------------------------------------------------------
Iteration 30 / LogL: -40251.497 / Time: 0h:0m:49s (0h:5m:6s left)
Iteration 40 / LogL: -40252.678 / Time: 0h:1m:3s (0h:4m:35s left)
Estimate model parameters (epsilon = 0.100)
UPDATE BEST LOG-LIKELIHOOD: -40251.255
Iteration 50 / LogL: -40252.058 / Time: 0h:1m:16s (0h:4m:11s left)
Log-likelihood cutoff on original alignment: -40294.473
Iteration 60 / LogL: -40251.319 / Time: 0h:1m:29s (0h:3m:46s left)
Iteration 70 / LogL: -40252.224 / Time: 0h:1m:42s (0h:3m:27s left)
Iteration 80 / LogL: -40251.831 / Time: 0h:1m:55s (0h:3m:10s left)
Estimate model parameters (epsilon = 0.100)
BETTER TREE FOUND at iteration 90: -40250.353
Iteration 90 / LogL: -40250.353 / Time: 0h:2m:8s (0h:4m:49s left)
UPDATE BEST LOG-LIKELIHOOD: -40250.352
Iteration 100 / LogL: -40250.407 / Time: 0h:2m:25s (0h:4m:38s left)
Log-likelihood cutoff on original alignment: -40294.473
NOTE: Bootstrap correlation coefficient of split occurrence frequencies: 0.990
NOTE: UFBoot does not converge, continue at least 100 more iterations
UPDATE BEST LOG-LIKELIHOOD: -40250.352
Iteration 110 / LogL: -40251.912 / Time: 0h:2m:39s (0h:4m:23s left)
UPDATE BEST LOG-LIKELIHOOD: -40250.352
Iteration 120 / LogL: -40251.606 / Time: 0h:2m:53s (0h:4m:7s left)
Iteration 130 / LogL: -40251.406 / Time: 0h:3m:5s (0h:3m:49s left)
Iteration 140 / LogL: -40250.411 / Time: 0h:3m:19s (0h:3m:35s left)
Iteration 150 / LogL: -40251.166 / Time: 0h:3m:34s (0h:3m:21s left)
Log-likelihood cutoff on original alignment: -40294.473
Iteration 160 / LogL: -40250.683 / Time: 0h:3m:47s (0h:3m:6s left)
Iteration 170 / LogL: -40250.365 / Time: 0h:4m:1s (0h:2m:51s left)
UPDATE BEST LOG-LIKELIHOOD: -40250.352
Iteration 180 / LogL: -40250.685 / Time: 0h:4m:16s (0h:2m:37s left)
Iteration 190 / LogL: -40250.406 / Time: 0h:4m:30s (0h:2m:23s left)
Iteration 200 / LogL: -40256.598 / Time: 0h:4m:44s (0h:2m:8s left)
Log-likelihood cutoff on original alignment: -40294.473
NOTE: Bootstrap correlation coefficient of split occurrence frequencies: 0.999
Iteration 210 / LogL: -40250.684 / Time: 0h:5m:0s (0h:2m:9s left)
UPDATE BEST LOG-LIKELIHOOD: -40250.352
UPDATE BEST LOG-LIKELIHOOD: -40250.351
Iteration 220 / LogL: -40256.138 / Time: 0h:5m:15s (0h:1m:55s left)
Iteration 230 / LogL: -40250.352 / Time: 0h:5m:29s (0h:1m:40s left)
Iteration 240 / LogL: -40250.352 / Time: 0h:5m:42s (0h:1m:25s left)
Iteration 250 / LogL: -40255.726 / Time: 0h:5m:56s (0h:1m:11s left)
Log-likelihood cutoff on original alignment: -40294.473
Iteration 260 / LogL: -40250.683 / Time: 0h:6m:9s (0h:0m:57s left)
Iteration 270 / LogL: -40251.051 / Time: 0h:6m:24s (0h:0m:42s left)
Iteration 280 / LogL: -40253.100 / Time: 0h:6m:38s (0h:0m:28s left)
Iteration 290 / LogL: -40250.352 / Time: 0h:6m:53s (0h:0m:14s left)
TREE SEARCH COMPLETED AFTER 291 ITERATIONS / Time: 0h:6m:55s

--------------------------------------------------------------------
|                    FINALIZING TREE SEARCH                        |
--------------------------------------------------------------------
Performs final model parameters optimization
Estimate model parameters (epsilon = 0.010)
1. Initial log-likelihood: -40250.351
Optimal log-likelihood: -40250.351
Proportion of invariable sites: 0.032
Gamma shape alpha: 1.456
Parameters optimization took 1 rounds (0.174 sec)
BEST SCORE FOUND : -40250.351
Creating bootstrap support values...
Split supports printed to NEXUS file results_broccoli_meto/alignments/OG_9099.iqtree.splits.nex
Total tree length: 35.393

Total number of iterations: 291
CPU time used for tree search: 801.596 sec (0h:13m:21s)
Wall-clock time used for tree search: 407.611 sec (0h:6m:47s)
Total CPU time used: 814.566 sec (0h:13m:34s)
Total wall-clock time used: 415.963 sec (0h:6m:55s)

Computing bootstrap consensus tree...
Reading input file results_broccoli_meto/alignments/OG_9099.iqtree.splits.nex...
56 taxa and 345 splits.
Consensus tree written to results_broccoli_meto/alignments/OG_9099.iqtree.contree
Reading input trees file results_broccoli_meto/alignments/OG_9099.iqtree.contree
Log-likelihood of consensus tree: -40251.232

Analysis results written to: 
  IQ-TREE report:                results_broccoli_meto/alignments/OG_9099.iqtree.iqtree
  Maximum-likelihood tree:       results_broccoli_meto/alignments/OG_9099.iqtree.treefile
  Likelihood distances:          results_broccoli_meto/alignments/OG_9099.iqtree.mldist

Ultrafast bootstrap approximation results written to:
  Split support values:          results_broccoli_meto/alignments/OG_9099.iqtree.splits.nex
  Consensus tree:                results_broccoli_meto/alignments/OG_9099.iqtree.contree
  Screen log file:               results_broccoli_meto/alignments/OG_9099.iqtree.log

Date and Time: Fri Dec 16 21:14:43 2022
