IQ-TREE multicore version 2.1.0 for Linux 64-bit built Jul 18 2020
Developed by Bui Quang Minh, James Barbetti, Nguyen Lam Tung,
Olga Chernomor, Heiko Schmidt, Dominik Schrempf, Michael Woodhams.

Host:    node-hp0203.linux.crg.es (AVX, 125 GB RAM)
Command: /users/asebe/xgraubove/Programes/iqtree-2.1.0-Linux/bin/iqtree2 -s results_broccoli_meto/alignments/OG_9253.lt.fasta -m TEST -mset LG,WAG,JTT -nt AUTO -ntmax 2 -bb 1000 -pre results_broccoli_meto/alignments/OG_9253.iqtree -nm 10000 -nstop 200 -cptime 1800
Seed:    879638 (Using SPRNG - Scalable Parallel Random Number Generator)
Time:    Fri Dec 16 21:10:58 2022
Kernel:  AVX - auto-detect threads (2 CPU cores detected)

Reading alignment file results_broccoli_meto/alignments/OG_9253.lt.fasta ... Fasta format detected
Alignment most likely contains protein sequences
Alignment has 47 sequences with 367 columns, 359 distinct patterns
338 parsimony-informative, 0 singleton sites, 29 constant sites
                                                               Gap/Ambiguity  Composition  p-value
   1  Hsap_ENST00000244745                                            10.90%    failed      0.00%
   2  Bralan_BLAG02000921_1                                           15.80%    failed      3.62%
   3  Tcas_TC008936_001                                               20.98%    passed     56.22%
   4  Cscu_XM_023360136.1                                             18.26%    passed     90.77%
   5  Ctel_gnl_WGS_AMQN_CAPTEDRAFT_mRNA128551                         71.12%    passed     61.83%
   6  Cgig_XM_011446901.3                                             22.07%    passed     94.28%
   7  Acagra_model.g24461.t1                                          15.80%    passed     99.80%
   8  Dpul_mRNA22988                                                  55.86%    passed     49.11%
   9  Exapal_XM_021059208.2                                           22.89%    passed     84.54%
  10  Nvec_v1g131609                                                  20.71%    passed     76.34%
  11  Adig_XM_015915154.1                                             23.43%    passed     41.61%
  12  Gfas_gfas1.m1.691.m1                                            23.43%    passed     24.16%
  13  Fspp_ffun1.m4.5992.m1                                           23.43%    passed     14.66%
  14  Gasp_gasp1.m3.12381.m1                                          23.43%    passed     28.71%
  15  Spis_XP_022799847_1                                             23.98%    passed     38.15%
  16  Pocdam_XM_027198655.1                                           23.98%    passed     18.41%
  17  Nemnom_g1904.t1                                                 26.16%    passed     30.21%
  18  Sanmal_Sma_007715-T1                                            14.44%    passed     66.54%
  19  Dgig_XM_028543714.1                                             22.89%    passed     65.19%
  20  Xesp_020583-T1                                                  22.34%    passed     73.01%
  21  Spur_XM_792991.5                                                16.35%    passed     96.29%
  22  Morvir_scaffold4.g95.t1                                         19.89%    passed     80.61%
  23  Tadh_TriadT57974                                                 7.90%    failed      1.12%
  24  TrH2_TrispH2_006489-RA                                           7.90%    failed      1.12%
  25  HoiH06_mRNA12621                                                 7.90%    failed      2.72%
  26  HoiH23_PlH23_006133-RA                                           7.63%    failed      1.59%
  27  Hhon_g00241.t1                                                   7.63%    failed      2.93%
  28  HoiH04_mRNA17231                                                 7.63%    failed      2.93%
  29  HoiH11_mRNA6372                                                  7.90%    failed      4.58%
  30  Skow_XM_006816198.1                                             37.33%    failed      4.34%
  31  Aque_Aqu2.1.30282_001                                           11.44%    passed      6.24%
  32  Halamb_c50325_g2_i1m.28082                                      12.81%    passed     58.20%
  33  Emue_Em0023g195a.t1                                             14.44%    failed      0.57%
  34  Spolac_c102752_g3_i1_m.30799c102752-g3                          16.89%    failed      1.38%
  35  Tetwil_g11097.t1                                                 6.81%    failed      3.81%
  36  Stycar_snap_masked-SC_scaffold22285-processed-gene-0.1-mRNA-1   11.44%    failed      4.38%
  37  Hvul_g11299_1                                                   26.43%    passed     13.90%
  38  Chem_TCONS_00058973                                              8.99%    passed     94.15%
  39  Plajan_Pjan_scaffold22914_01                                    14.99%    failed      2.29%
  40  Opea_EP00118_Oscarella_pearsei_P006858                          21.25%    failed      0.63%
  41  Mlei_ML2340.g28.i1                                              21.25%    failed      0.37%
  42  Lampan_Lpan_4486_01                                             17.44%    failed      1.77%
  43  Coemet_Cmet_C597009_01                                          20.98%    passed     15.48%
  44  Pbac_sb2660903                                                  18.26%    failed      4.79%
  45  Horcal_Hcv1.av93.c11.g317.i1                                    19.35%    failed      1.33%
  46  Eupdun_Edun_sb10661951                                          24.80%    failed      4.19%
  47  Plespi_Pspi_scaffold19406_01                                    26.98%    passed     46.66%
WARNING: 2 sequences contain more than 50% gaps/ambiguity
****  TOTAL                                                           19.67%  21 sequences failed composition chi2 test (p-value<5%; df=19)
NOTE: TrH2_TrispH2_006489-RA is identical to Tadh_TriadT57974 but kept for subsequent analysis
NOTE: HoiH04_mRNA17231 is identical to Hhon_g00241.t1 but kept for subsequent analysis


Create initial parsimony tree by phylogenetic likelihood library (PLL)... 0.019 seconds
Measuring multi-threading efficiency up to 2 CPU cores
Increase to 10 rounds for branch lengths
5 trees examined
Threads: 1 / Time: 2.196 sec / Speedup: 1.000 / Efficiency: 100% / LogL: -25211
Threads: 2 / Time: 2.230 sec / Speedup: 0.984 / Efficiency: 49% / LogL: -25211
BEST NUMBER OF THREADS: 1

Perform fast likelihood tree search using LG+I+G model...
Estimate model parameters (epsilon = 5.000)
Perform nearest neighbor interchange...
Estimate model parameters (epsilon = 1.000)
1. Initial log-likelihood: -19532.172
Optimal log-likelihood: -19532.118
Proportion of invariable sites: 0.076
Gamma shape alpha: 1.839
Parameters optimization took 1 rounds (0.166 sec)
Time for fast ML tree search: 1.413 seconds

NOTE: ModelFinder requires 12 MB RAM!
ModelFinder will test up to 24 protein models (sample size: 367) ...
 No. Model         -LnL         df  AIC          AICc         BIC
  1  LG            20344.564    91  40871.128    40932.015    41226.516
  2  LG+I          19910.826    92  40005.653    40068.105    40364.946
  3  LG+G4         19589.883    92  39363.765    39426.218    39723.059
  4  LG+I+G4       19532.117    93  39250.234    39314.278    39613.433
  8  LG+F+I+G4     19320.416    112 38864.831    38964.485    39302.232
 12  WAG+I+G4      19469.070    93  39124.140    39188.184    39487.339
 16  WAG+F+I+G4    19392.467    112 39008.934    39108.588    39446.335
 20  JTT+I+G4      19387.039    93  38960.078    39024.122    39323.277
 24  JTT+F+I+G4    19271.652    112 38767.304    38866.958    39204.705
Akaike Information Criterion:           JTT+F+I+G4
Corrected Akaike Information Criterion: JTT+F+I+G4
Bayesian Information Criterion:         JTT+F+I+G4
Best-fit model: JTT+F+I+G4 chosen according to BIC

All model information printed to results_broccoli_meto/alignments/OG_9253.iqtree.model.gz
CPU time for ModelFinder: 12.737 seconds (0h:0m:12s)
Wall-clock time for ModelFinder: 10.279 seconds (0h:0m:10s)
Generating 1000 samples for ultrafast bootstrap (seed: 879638)...

NOTE: 12 MB RAM (0 GB) is required!
Estimate model parameters (epsilon = 0.100)
Thoroughly optimizing +I+G parameters from 10 start values...
Init pinv, alpha: 0.000, 1.802 / Estimate: 0.076, 1.802 / LogL: -19271.652
Init pinv, alpha: 0.009, 1.802 / Estimate: 0.076, 1.800 / LogL: -19271.652
Init pinv, alpha: 0.018, 1.802 / Estimate: 0.076, 1.801 / LogL: -19271.652
Init pinv, alpha: 0.026, 1.802 / Estimate: 0.076, 1.803 / LogL: -19271.653
Init pinv, alpha: 0.035, 1.802 / Estimate: 0.076, 1.800 / LogL: -19271.657
Init pinv, alpha: 0.044, 1.802 / Estimate: 0.076, 1.800 / LogL: -19271.654
Init pinv, alpha: 0.053, 1.802 / Estimate: 0.076, 1.801 / LogL: -19271.653
Init pinv, alpha: 0.061, 1.802 / Estimate: 0.076, 1.801 / LogL: -19271.653
Init pinv, alpha: 0.070, 1.802 / Estimate: 0.076, 1.800 / LogL: -19271.653
Init pinv, alpha: 0.079, 1.802 / Estimate: 0.076, 1.802 / LogL: -19271.652
Optimal pinv,alpha: 0.076, 1.802 / LogL: -19271.652

Parameters optimization took 5.966 sec
Computing ML distances based on estimated model parameters...
Computing ML distances took 0.315568 sec (of wall-clock time) 0.314785 sec(of CPU time)
Computing RapidNJ tree took 0.000264 sec (of wall-clock time) 0.000146 sec (of CPU time)
Log-likelihood of RapidNJ tree: -19330.151
--------------------------------------------------------------------
|             INITIALIZING CANDIDATE TREE SET                      |
--------------------------------------------------------------------
Generating 98 parsimony trees... 1.176 second
Computing log-likelihood of 98 initial trees ... 4.987 seconds
Current best score: -19271.652

Do NNI search on 20 best initial trees
Estimate model parameters (epsilon = 0.100)
BETTER TREE FOUND at iteration 1: -19271.089
Estimate model parameters (epsilon = 0.100)
BETTER TREE FOUND at iteration 2: -19269.212
Iteration 10 / LogL: -19269.310 / Time: 0h:0m:21s
Iteration 20 / LogL: -19269.542 / Time: 0h:0m:30s
Finish initializing candidate tree set (3)
Current best tree score: -19269.212 / CPU time: 23.374
Number of iterations: 20
--------------------------------------------------------------------
|               OPTIMIZING CANDIDATE TREE SET                      |
--------------------------------------------------------------------
Estimate model parameters (epsilon = 0.100)
UPDATE BEST LOG-LIKELIHOOD: -19269.075
Iteration 30 / LogL: -19269.242 / Time: 0h:0m:41s (0h:4m:4s left)
Iteration 40 / LogL: -19270.740 / Time: 0h:0m:52s (0h:3m:39s left)
Iteration 50 / LogL: -19269.746 / Time: 0h:1m:3s (0h:3m:17s left)
Log-likelihood cutoff on original alignment: -19299.135
Iteration 60 / LogL: -19269.305 / Time: 0h:1m:13s (0h:2m:57s left)
Iteration 70 / LogL: -19269.788 / Time: 0h:1m:24s (0h:2m:42s left)
Iteration 80 / LogL: -19269.716 / Time: 0h:1m:36s (0h:2m:28s left)
Iteration 90 / LogL: -19269.253 / Time: 0h:1m:47s (0h:2m:14s left)
Iteration 100 / LogL: -19269.784 / Time: 0h:1m:59s (0h:2m:2s left)
Log-likelihood cutoff on original alignment: -19299.135
NOTE: Bootstrap correlation coefficient of split occurrence frequencies: 0.999
Iteration 110 / LogL: -19269.487 / Time: 0h:2m:8s (0h:1m:48s left)
Iteration 120 / LogL: -19270.617 / Time: 0h:2m:19s (0h:1m:36s left)
Iteration 130 / LogL: -19269.478 / Time: 0h:2m:30s (0h:1m:24s left)
Iteration 140 / LogL: -19269.091 / Time: 0h:2m:42s (0h:1m:12s left)
Iteration 150 / LogL: -19269.334 / Time: 0h:2m:52s (0h:1m:0s left)
Log-likelihood cutoff on original alignment: -19299.135
Iteration 160 / LogL: -19269.274 / Time: 0h:3m:5s (0h:0m:48s left)
Iteration 170 / LogL: -19269.115 / Time: 0h:3m:17s (0h:0m:37s left)
Iteration 180 / LogL: -19269.324 / Time: 0h:3m:27s (0h:0m:25s left)
Iteration 190 / LogL: -19269.493 / Time: 0h:3m:37s (0h:0m:13s left)
Iteration 200 / LogL: -19270.006 / Time: 0h:3m:47s (0h:0m:2s left)
Log-likelihood cutoff on original alignment: -19299.135
NOTE: Bootstrap correlation coefficient of split occurrence frequencies: 1.000
TREE SEARCH COMPLETED AFTER 203 ITERATIONS / Time: 0h:3m:51s

--------------------------------------------------------------------
|                    FINALIZING TREE SEARCH                        |
--------------------------------------------------------------------
Performs final model parameters optimization
Estimate model parameters (epsilon = 0.010)
1. Initial log-likelihood: -19269.075
Optimal log-likelihood: -19269.069
Proportion of invariable sites: 0.076
Gamma shape alpha: 1.821
Parameters optimization took 1 rounds (0.170 sec)
BEST SCORE FOUND : -19269.069
Creating bootstrap support values...
Split supports printed to NEXUS file results_broccoli_meto/alignments/OG_9253.iqtree.splits.nex
Total tree length: 25.747

Total number of iterations: 203
CPU time used for tree search: 224.093 sec (0h:3m:44s)
Wall-clock time used for tree search: 224.521 sec (0h:3m:44s)
Total CPU time used: 231.302 sec (0h:3m:51s)
Total wall-clock time used: 231.703 sec (0h:3m:51s)

Computing bootstrap consensus tree...
Reading input file results_broccoli_meto/alignments/OG_9253.iqtree.splits.nex...
47 taxa and 231 splits.
Consensus tree written to results_broccoli_meto/alignments/OG_9253.iqtree.contree
Reading input trees file results_broccoli_meto/alignments/OG_9253.iqtree.contree
Log-likelihood of consensus tree: -19269.214

Analysis results written to: 
  IQ-TREE report:                results_broccoli_meto/alignments/OG_9253.iqtree.iqtree
  Maximum-likelihood tree:       results_broccoli_meto/alignments/OG_9253.iqtree.treefile
  Likelihood distances:          results_broccoli_meto/alignments/OG_9253.iqtree.mldist

Ultrafast bootstrap approximation results written to:
  Split support values:          results_broccoli_meto/alignments/OG_9253.iqtree.splits.nex
  Consensus tree:                results_broccoli_meto/alignments/OG_9253.iqtree.contree
  Screen log file:               results_broccoli_meto/alignments/OG_9253.iqtree.log

Date and Time: Fri Dec 16 21:15:01 2022
