IQ-TREE multicore version 2.1.0 for Linux 64-bit built Jul 18 2020
Developed by Bui Quang Minh, James Barbetti, Nguyen Lam Tung,
Olga Chernomor, Heiko Schmidt, Dominik Schrempf, Michael Woodhams.

Host:    node-hp0206.linux.crg.es (AVX, 125 GB RAM)
Command: /users/asebe/xgraubove/Programes/iqtree-2.1.0-Linux/bin/iqtree2 -s results_broccoli_meto/alignments/OG_936.lt.fasta -m TEST -mset LG,WAG,JTT -nt AUTO -ntmax 2 -bb 1000 -pre results_broccoli_meto/alignments/OG_936.iqtree -nm 10000 -nstop 200 -cptime 1800
Seed:    187640 (Using SPRNG - Scalable Parallel Random Number Generator)
Time:    Fri Dec 16 21:22:33 2022
Kernel:  AVX - auto-detect threads (2 CPU cores detected)

Reading alignment file results_broccoli_meto/alignments/OG_936.lt.fasta ... Fasta format detected
Alignment most likely contains protein sequences
Alignment has 53 sequences with 309 columns, 309 distinct patterns
295 parsimony-informative, 0 singleton sites, 14 constant sites
                                                        Gap/Ambiguity  Composition  p-value
   1  Hsap_ENST00000378509                                      1.29%    passed     99.83%
   2  Bralan_BLAG05001273_1                                     2.59%    passed     99.28%
   3  Ctel_gnl_WGS_AMQN_CAPTEDRAFT_mRNA175809                   0.65%    passed     77.00%
   4  Acagra_model.g8501.t1                                     1.94%    passed     96.66%
   5  Exapal_XM_021042461.1                                     1.29%    passed     98.17%
   6  Nvec_v1g234429                                            2.27%    passed     72.30%
   7  Adig_XM_015900214.1                                       2.27%    passed     99.90%
   8  Gfas_gfas1.m1.534.m1                                      2.27%    passed     98.74%
   9  Pocdam_XM_027196653.1                                     2.27%    passed     99.66%
  10  Fspp_ffun1.m4.10316.m1                                    6.47%    passed     96.60%
  11  Gasp_gasp1.m3.24674.m1                                   18.77%    passed     90.59%
  12  Spis_XP_022806161_1                                      28.80%    passed     94.94%
  13  Amil_Amillepora00055-RA                                  50.16%    failed      0.70%
  14  Spur_XM_030997163.1                                       0.32%    passed     86.26%
  15  Dpul_mRNA10779                                            1.62%    passed     98.34%
  16  Skow_XM_006820742.1                                       1.29%    passed     61.75%
  17  Aaur_scaffold23.g50.t1                                   42.07%    passed     83.76%
  18  Nemnom_g17095.t1                                          1.29%    passed     97.36%
  19  Rhoesc_Res_013607-T1                                      1.29%    passed     98.08%
  20  Sanmal_Sma_009462-T1                                     14.89%    passed     96.31%
  21  Morvir_scaffold161.g38.t1                                14.89%    passed     99.55%
  22  Tetwil_g12009.t1                                          1.29%    passed     99.96%
  23  Plespi_Pspi_scaffold9754_01                              24.60%    passed     89.86%
  24  Spolac_c89487_g1_i1_m.5669c89487-g1                      68.28%    passed     52.54%
  25  Opea_EP00118_Oscarella_pearsei_P011944                    1.94%    passed     94.55%
  26  Scil_scict013046.2                                        4.85%    passed     99.97%
  27  Lcom_lcpid43834                                           4.21%    passed     90.08%
  28  Gracom_Gcom_scaffold18900_01                              2.59%    passed     84.47%
  29  Clacor_Ccor_C529037_01                                   25.89%    passed     90.22%
  30  Aque_Aqu2.1.42698_001                                     1.94%    passed     96.11%
  31  Halamb_c49820_g2_i1m.27003                                1.29%    passed     99.70%
  32  Xestes_maker-XT_scaffold1709-augustus-gene-0.14-mRNA-1    3.56%    passed     98.66%
  33  Dgig_XM_028542589.1                                       0.00%    passed     73.34%
  34  Cgig_XM_034450529.1                                       1.29%    passed     96.39%
  35  Plajan_Pjan_scaffold22381_01                             30.42%    passed     80.56%
  36  Tadh_TriadT55388                                         46.60%    passed     88.13%
  37  Hhon_g08695.t1                                           21.36%    passed     80.82%
  38  HoiH04_mRNA7679                                          21.36%    passed     69.16%
  39  HoiH11_mRNA6884                                          21.04%    passed     93.26%
  40  HoiH06_mRNA11329                                         11.97%    passed     31.61%
  41  HoiH23_PlH23_007025-RA                                   11.97%    passed     53.66%
  42  Hvul_g7724_1                                              2.91%    passed     30.89%
  43  Chem_TCONS_00005368                                       2.27%    passed     80.97%
  44  Mlei_ML0380.g34.i1                                        5.83%    passed     98.97%
  45  Bolinf_Binf_sb1208000                                    30.10%    passed     64.67%
  46  Eupdun_Edun_sb10611166                                   56.31%    passed     86.38%
  47  Pbac_sb2662542                                            1.94%    passed     83.78%
  48  Horcal_Hcv1.av93.c9.g228.i1                               3.56%    passed     97.07%
  49  Lampan_Lpan_C401867_01                                   12.30%    passed     91.54%
  50  Vmul_Simscaffold15080_01                                  5.50%    passed     86.75%
  51  Coemet_Cmet_scaffold16068_01                              5.50%    passed     93.84%
  52  Beraby_Baby_sb339199                                      4.53%    passed     89.28%
  53  Xesp_003465-T1                                           34.30%    passed     94.94%
WARNING: 3 sequences contain more than 50% gaps/ambiguity
****  TOTAL                                                    12.65%  1 sequences failed composition chi2 test (p-value<5%; df=19)


Create initial parsimony tree by phylogenetic likelihood library (PLL)... 0.011 seconds
Measuring multi-threading efficiency up to 2 CPU cores
Increase to 10 rounds for branch lengths
5 trees examined
Threads: 1 / Time: 2.096 sec / Speedup: 1.000 / Efficiency: 100% / LogL: -22921
Threads: 2 / Time: 1.129 sec / Speedup: 1.856 / Efficiency: 93% / LogL: -22921
BEST NUMBER OF THREADS: 2

Perform fast likelihood tree search using LG+I+G model...
Estimate model parameters (epsilon = 5.000)
Perform nearest neighbor interchange...
Estimate model parameters (epsilon = 1.000)
1. Initial log-likelihood: -17984.831
Optimal log-likelihood: -17984.776
Proportion of invariable sites: 0.031
Gamma shape alpha: 1.169
Parameters optimization took 1 rounds (0.090 sec)
Time for fast ML tree search: 1.243 seconds

NOTE: ModelFinder requires 12 MB RAM!
ModelFinder will test up to 24 protein models (sample size: 309) ...
 No. Model         -LnL         df  AIC          AICc         BIC
  1  LG            18969.041    103 38144.081    38248.589    38528.616
  2  LG+I          18849.028    104 37906.057    38013.115    38294.324
  3  LG+G4         17993.232    104 36194.465    36301.524    36582.732
  4  LG+I+G4       17984.782    105 36179.565    36289.220    36571.565
  8  LG+F+I+G4     17895.976    124 36039.951    36208.430    36502.886
 12  WAG+I+G4      18118.667    105 36447.333    36556.988    36839.334
 16  WAG+F+I+G4    17963.726    124 36175.453    36343.931    36638.387
 20  JTT+I+G4      18186.754    105 36583.508    36693.164    36975.509
 24  JTT+F+I+G4    18051.158    124 36350.317    36518.795    36813.251
Akaike Information Criterion:           LG+F+I+G4
Corrected Akaike Information Criterion: LG+F+I+G4
Bayesian Information Criterion:         LG+F+I+G4
Best-fit model: LG+F+I+G4 chosen according to BIC

All model information printed to results_broccoli_meto/alignments/OG_936.iqtree.model.gz
CPU time for ModelFinder: 12.455 seconds (0h:0m:12s)
Wall-clock time for ModelFinder: 7.471 seconds (0h:0m:7s)
Generating 1000 samples for ultrafast bootstrap (seed: 187640)...

NOTE: 12 MB RAM (0 GB) is required!
Estimate model parameters (epsilon = 0.100)
Thoroughly optimizing +I+G parameters from 10 start values...
Init pinv, alpha: 0.000, 1.048 / Estimate: 0.000, 0.940 / LogL: -17900.264
Init pinv, alpha: 0.005, 1.048 / Estimate: 0.025, 1.045 / LogL: -17895.984
Init pinv, alpha: 0.010, 1.048 / Estimate: 0.025, 1.045 / LogL: -17895.982
Init pinv, alpha: 0.015, 1.048 / Estimate: 0.025, 1.044 / LogL: -17895.982
Init pinv, alpha: 0.020, 1.048 / Estimate: 0.025, 1.045 / LogL: -17895.981
Init pinv, alpha: 0.025, 1.048 / Estimate: 0.026, 1.047 / LogL: -17895.974
Init pinv, alpha: 0.030, 1.048 / Estimate: 0.027, 1.052 / LogL: -17895.983
Init pinv, alpha: 0.035, 1.048 / Estimate: 0.027, 1.051 / LogL: -17895.981
Init pinv, alpha: 0.040, 1.048 / Estimate: 0.028, 1.052 / LogL: -17895.989
Init pinv, alpha: 0.045, 1.048 / Estimate: 0.027, 1.050 / LogL: -17895.980
Optimal pinv,alpha: 0.026, 1.047 / LogL: -17895.974

Parameters optimization took 2.089 sec
Computing ML distances based on estimated model parameters...
Computing ML distances took 0.200264 sec (of wall-clock time) 0.398924 sec(of CPU time)
WARNING: Some pairwise ML distances are too long (saturated)
Computing RapidNJ tree took 0.000809 sec (of wall-clock time) 0.001603 sec (of CPU time)
Log-likelihood of RapidNJ tree: -17882.758
--------------------------------------------------------------------
|             INITIALIZING CANDIDATE TREE SET                      |
--------------------------------------------------------------------
Generating 98 parsimony trees... 1.427 second
Computing log-likelihood of 98 initial trees ... 2.668 seconds
Current best score: -17882.758

Do NNI search on 20 best initial trees
Estimate model parameters (epsilon = 0.100)
BETTER TREE FOUND at iteration 1: -17811.763
Iteration 10 / LogL: -17819.636 / Time: 0h:0m:12s
Iteration 20 / LogL: -17833.175 / Time: 0h:0m:17s
Finish initializing candidate tree set (18)
Current best tree score: -17811.763 / CPU time: 14.843
Number of iterations: 20
--------------------------------------------------------------------
|               OPTIMIZING CANDIDATE TREE SET                      |
--------------------------------------------------------------------
Estimate model parameters (epsilon = 0.100)
BETTER TREE FOUND at iteration 23: -17811.263
Estimate model parameters (epsilon = 0.100)
BETTER TREE FOUND at iteration 25: -17810.866
Iteration 30 / LogL: -17811.347 / Time: 0h:0m:23s (0h:2m:40s left)
Iteration 40 / LogL: -17818.255 / Time: 0h:0m:29s (0h:2m:20s left)
Iteration 50 / LogL: -17812.465 / Time: 0h:0m:35s (0h:2m:6s left)
Log-likelihood cutoff on original alignment: -17857.069
UPDATE BEST LOG-LIKELIHOOD: -17810.864
Iteration 60 / LogL: -17810.864 / Time: 0h:0m:41s (0h:1m:55s left)
Iteration 70 / LogL: -17810.867 / Time: 0h:0m:47s (0h:1m:46s left)
Iteration 80 / LogL: -17947.789 / Time: 0h:0m:52s (0h:1m:37s left)
Iteration 90 / LogL: -17811.097 / Time: 0h:0m:58s (0h:1m:29s left)
Iteration 100 / LogL: -17819.643 / Time: 0h:1m:4s (0h:1m:21s left)
Log-likelihood cutoff on original alignment: -17857.069
NOTE: Bootstrap correlation coefficient of split occurrence frequencies: 0.999
Iteration 110 / LogL: -17811.350 / Time: 0h:1m:11s (0h:1m:14s left)
Iteration 120 / LogL: -17817.120 / Time: 0h:1m:16s (0h:1m:7s left)
Iteration 130 / LogL: -17811.142 / Time: 0h:1m:22s (0h:1m:0s left)
Iteration 140 / LogL: -17810.889 / Time: 0h:1m:28s (0h:0m:53s left)
Iteration 150 / LogL: -17857.267 / Time: 0h:1m:34s (0h:0m:47s left)
Log-likelihood cutoff on original alignment: -17857.069
Iteration 160 / LogL: -17867.537 / Time: 0h:1m:40s (0h:0m:40s left)
Iteration 170 / LogL: -17810.882 / Time: 0h:1m:46s (0h:0m:34s left)
Iteration 180 / LogL: -17810.868 / Time: 0h:1m:52s (0h:0m:28s left)
Iteration 190 / LogL: -17810.975 / Time: 0h:1m:57s (0h:0m:21s left)
Iteration 200 / LogL: -17811.070 / Time: 0h:2m:3s (0h:0m:15s left)
Log-likelihood cutoff on original alignment: -17857.069
NOTE: Bootstrap correlation coefficient of split occurrence frequencies: 0.999
Iteration 210 / LogL: -17810.993 / Time: 0h:2m:9s (0h:0m:55s left)
Iteration 220 / LogL: -17811.342 / Time: 0h:2m:15s (0h:0m:49s left)
TREE SEARCH COMPLETED AFTER 226 ITERATIONS / Time: 0h:2m:19s

--------------------------------------------------------------------
|                    FINALIZING TREE SEARCH                        |
--------------------------------------------------------------------
Performs final model parameters optimization
Estimate model parameters (epsilon = 0.010)
1. Initial log-likelihood: -17810.864
Optimal log-likelihood: -17810.863
Proportion of invariable sites: 0.027
Gamma shape alpha: 1.054
Parameters optimization took 1 rounds (0.085 sec)
BEST SCORE FOUND : -17810.863
Creating bootstrap support values...
Split supports printed to NEXUS file results_broccoli_meto/alignments/OG_936.iqtree.splits.nex
Total tree length: 31.052

Total number of iterations: 226
CPU time used for tree search: 269.834 sec (0h:4m:29s)
Wall-clock time used for tree search: 136.297 sec (0h:2m:16s)
Total CPU time used: 275.743 sec (0h:4m:35s)
Total wall-clock time used: 139.693 sec (0h:2m:19s)

Computing bootstrap consensus tree...
Reading input file results_broccoli_meto/alignments/OG_936.iqtree.splits.nex...
53 taxa and 379 splits.
Consensus tree written to results_broccoli_meto/alignments/OG_936.iqtree.contree
Reading input trees file results_broccoli_meto/alignments/OG_936.iqtree.contree
Log-likelihood of consensus tree: -17811.736

Analysis results written to: 
  IQ-TREE report:                results_broccoli_meto/alignments/OG_936.iqtree.iqtree
  Maximum-likelihood tree:       results_broccoli_meto/alignments/OG_936.iqtree.treefile
  Likelihood distances:          results_broccoli_meto/alignments/OG_936.iqtree.mldist

Ultrafast bootstrap approximation results written to:
  Split support values:          results_broccoli_meto/alignments/OG_936.iqtree.splits.nex
  Consensus tree:                results_broccoli_meto/alignments/OG_936.iqtree.contree
  Screen log file:               results_broccoli_meto/alignments/OG_936.iqtree.log

Date and Time: Fri Dec 16 21:25:00 2022
